
Analysis Description
--------------------
MEME (Mixed Effects Model of Evolution) estimates a site-wise synonymous
(&alpha;) and a two-category mixture of non-synonymous (&beta;-, with
proportion p-, and &beta;+ with proportion [1-p-]) rates, and uses a
likelihood ratio test to determine if &beta;+ > &alpha; at a site. The
estimates aggregate information over a proportion of branches at a site,
so the signal is derived from episodic diversification, which is a
combination of strength of selection [effect size] and the proportion of
the tree affected. A subset of branches can be selected for testing as
well, in which case an additional (nuisance) parameter will be inferred
-- the non-synonymous rate on branches NOT selected for testing.
Multiple partitions within a NEXUS file are also supported for
recombination - aware analysis. 

- __Requirements__: in-frame codon alignment and a phylogenetic tree

- __Citation__: Detecting Individual Sites Subject to Episodic Diversifying Selection.
_PLoS Genet_ 8(7): e1002764.

- __Written by__: Sergei L. Kosakovsky Pond, Steven Weaver

- __Contact Information__: spond@temple.edu

- __Analysis Version__: 2.0.1


>Loaded a multiple sequence alignment with **36** sequences, **1004** codons, and **1** partitions from `/home/lpicard/2019_validation/20191211/21genes_RB1_CCDS_results_201912111823/RB1_sequences_filtered_longestORFs_prank.best.fas`

>Select the p-value threshold to use when testing for selection (permissible range = [0,1], default value = 0.1): 0.1


### Branches to include in the MEME analysis
Selected 69 branches to include in the MEME analysis: `homSap_RB1_AK299179, homSap_RB1_M15400, Node13, homSap_RB1_AK300284, homSap_RB1_AK307730, Node18, homSap_RB1_AK291258, Node17, homSap_RB1_CCDS31973, Node16, Node12, homSap_RB1_AB208788, Node11, homSap_RB1_XM_011535171, Node10, panPan_RB1_XM_003811422, Node9, gorGorGor_RB1_XM_031001306, Node8, panTro_RB1_XM_016925689, panTro_RB1_XM_509777, Node27, Node7, nomLeu_RB1_XM_003270074, Node6, ponAbe_RB1_XM_002824264, Node5, macFas_RB1_XM_015439274, manLeu_RB1_XM_011998626, papAnu_RB1_XM_031655844, Node39, theGel_RB1_XM_025364229, Node38, macMul_RB1_NM_001261047, macFas_RB1_XM_005585835, Node43, Node37, Node35, macNem_RB1_XM_011756560, macNem_RB1_XM_011756559, Node46, Node34, chlSab_RB1_XM_007960381, Node33, colAngPal_RB1_XM_011939655, rhiBie_RB1_XM_017873723, rhiRox_RB1_XM_010363858, Node53, pilTep_RB1_XM_023187397, Node52, Node50, Node32, Node4, calJac_RB1_XM_008992037, saiBolBol_RB1_XM_003942219, cebCapImi_RB1_XM_017535957, cebCapImi_RB1_XM_017535956, Node62, Node60, aotNan_RB1_XM_012465151, Node59, Node57, Node3, carSyr_RB1_XM_008056952, Node2, otoGar_RB1_XM_003796681, Node1, micMur_RB1_XM_020290392, micMur_RB1_XM_020290393`


### Obtaining branch lengths and nucleotide substitution biases under the nucleotide GTR model
* Log(L) = -7572.40, AIC-c = 15298.91 (77 estimated parameters)

### Obtaining the global omega estimate based on relative GTR branch lengths and nucleotide substitution biases
* Log(L) = -7215.84, AIC-c = 14600.07 (84 estimated parameters)
* non-synonymous/synonymous rate ratio for *test* =   0.1238

### Improving branch lengths, nucleotide substitution biases, and global dN/dS ratios under a full codon model
* Log(L) = -7215.84
* non-synonymous/synonymous rate ratio for *test* =   0.1237

### For partition 1 these sites are significant at p <=0.1

|   Codon    | Partition  |   alpha    |   beta+    |     p+     |    LRT     |Episodic selection detected?| # branches |
|:----------:|:----------:|:----------:|:----------:|:----------:|:----------:|:--------------------------:|:----------:|
|     90     |     1      |    0.000   |  446.476   |    0.026   |    4.093   |      Yes, p =  0.0603      |     1      |
|     92     |     1      |    0.000   |  394.170   |    0.088   |   10.822   |      Yes, p =  0.0019      |     3      |
|    199     |     1      |    0.000   |   76.379   |    0.078   |    3.718   |      Yes, p =  0.0733      |     2      |
|    361     |     1      |    0.000   |  336.434   |    0.026   |   12.547   |      Yes, p =  0.0008      |     1      |
|    610     |     1      |    0.000   |   15.133   |    0.102   |    3.768   |      Yes, p =  0.0714      |     1      |
|    704     |     1      |    0.000   |  190.952   |    0.030   |    3.355   |      Yes, p =  0.0886      |     1      |
|    756     |     1      |    0.000   |  378.135   |    0.027   |    3.233   |      Yes, p =  0.0945      |     1      |

### ** Found _7_ sites under episodic diversifying positive selection at p <= 0.1**
