Sites	Ll_YN98.omega=0.154716	Ll_YN98.omega=1	Ll_YN98.omega=11.0636	Pr_YN98.omega=0.154716	Pr_YN98.omega=1	Pr_YN98.omega=11.0636	mean
193	-4.00877	-4.69103	-10.9659	0.772035	0.227964	9.8423e-07	0.347422
194	-3.75178	-4.22262	-8.91372	0.732705	0.267289	5.6239e-06	0.380713
195	-5.07794	-5.43344	-8.97477	0.709511	0.29047	1.92972e-05	0.400456
196	-4.66666	-5.13773	-9.73742	0.73275	0.267243	6.16117e-06	0.38068
197	-9.37823	-7.88751	-9.39246	0.278152	0.721481	0.00036729	0.768579
198	-24.4707	-21.0261	-19.3089	0.0511879	0.936851	0.0119615	1.07711
199	-9.05539	-9.51919	-13.8651	0.731323	0.268669	7.98312e-06	0.381905
200	-8.42278	-7.03114	-9.55292	0.298542	0.701329	0.000129152	0.748947
201	-10.3672	-8.82845	-9.799	0.268548	0.730818	0.000634863	0.77939
202	-13.4988	-11.9869	-13.1095	0.273873	0.725585	0.000541406	0.773948
203	-31.7649	-25.818	-19.9118	0.00242302	0.541519	0.456058	5.58755
204	-38.6685	-29.712	-21.9377	3.41892e-05	0.154947	0.845019	9.50393
205	-22.8444	-19.3375	-17.5238	0.0481864	0.938614	0.0131991	1.0921
206	-5.30161	-5.66134	-9.35058	0.710384	0.2896	1.65943e-05	0.399691
207	-14.9953	-15.3842	-18.292	0.716336	0.283628	3.55036e-05	0.39485
208	-26.4543	-22.9656	-21.0345	0.0489468	0.936248	0.0148051	1.10762
209	-18.5318	-15.1559	-14.0412	0.0549284	0.938511	0.00656032	1.01959
210	-15.2149	-15.6054	-18.3948	0.716655	0.283305	3.99245e-05	0.394625
211	-56.1826	-43.3605	-29.3101	1.59364e-09	0.000344739	0.999655	11.0602
212	-12.2258	-10.7649	-12.2529	0.284187	0.715443	0.000370443	0.76351
213	-10.7397	-9.21311	-10.3444	0.270953	0.728508	0.000538884	0.776391
214	-14.2119	-12.6723	-12.8559	0.268167	0.73044	0.00139379	0.78735
215	-20.5363	-19.0642	-20.6039	0.281912	0.717735	0.000352905	0.765256
216	-13.5886	-11.428	-10.9901	0.164289	0.832753	0.00295827	0.8909
222	-16.1106	-14.6191	-16.097	0.277989	0.721634	0.000377433	0.768819
223	-4.6662	-5.095	-9.24615	0.724389	0.275601	9.95022e-06	0.387786
224	-13.6413	-12.1838	-14.0054	0.284914	0.71482	0.000265136	0.761835
225	-13.0309	-11.5831	-12.9816	0.286839	0.712757	0.000403617	0.761601
226	-21.7358	-20.2662	-21.4182	0.282363	0.717117	0.00051959	0.766552
227	-18.2532	-14.8509	-13.5678	0.0535041	0.938731	0.00776509	1.03292
228	-20.7794	-19.3414	-21.0821	0.288894	0.71082	0.000285883	0.75868
229	-12.3191	-10.7923	-11.9978	0.270926	0.728574	0.000500405	0.776027
230	-4.84492	-5.22788	-9.09904	0.715142	0.284844	1.36069e-05	0.395639
231	-4.50519	-4.82852	-8.27719	0.702836	0.297143	2.16573e-05	0.406122
232	-8.49639	-8.8508	-12.186	0.709283	0.290693	2.37338e-05	0.400693
233	-15.8077	-16.2953	-21.0767	0.73598	0.264015	5.07561e-06	0.377939
234	-5.31782	-5.69485	-9.41144	0.71393	0.286054	1.59489e-05	0.396687
235	-9.46977	-8.04683	-10.2704	0.292016	0.707808	0.000175628	0.754931
236	-18.9929	-15.6389	-14.5416	0.056077	0.937483	0.00643998	1.01741
237	-44.8258	-39.6486	-36.5007	0.00908908	0.940683	0.0502278	1.49779
238	-7.44939	-7.84357	-11.6687	0.717421	0.282564	1.41333e-05	0.393718
239	-29.2399	-25.8529	-24.2249	0.0541122	0.934969	0.0109192	1.06415
240	-27.9606	-22.7729	-19.5327	0.00895121	0.936227	0.0548213	1.54414
241	-10.9843	-9.42836	-10.3503	0.265174	0.734157	0.000669532	0.782591
242	-32.0119	-28.7073	-28.035	0.0588867	0.936905	0.00420775	0.992569
243	-18.4362	-16.8444	-17.3024	0.258148	0.740778	0.0010744	0.792604
244	-12.9222	-13.3002	-17.1124	0.714124	0.285861	1.4485e-05	0.396508
245	-22.9999	-19.5126	-17.2176	0.0486969	0.930137	0.0211657	1.17184
246	-18.3948	-16.9997	-19.1445	0.297792	0.70202	0.000188459	0.750178
247	-32.8832	-29.5073	-28.2592	0.0548734	0.937637	0.00748939	1.02899
248	-18.7074	-15.3749	-14.8916	0.0573987	0.93911	0.00349151	0.986619
249	-11.5434	-9.95354	-10.923	0.258627	0.740729	0.00064418	0.78787
250	-4.71964	-5.15649	-9.36695	0.725994	0.273997	9.32277e-06	0.386423
251	-9.89933	-10.267	-14.0382	0.712022	0.287963	1.52024e-05	0.398292
252	-9.12626	-9.46598	-12.924	0.706245	0.293734	2.12093e-05	0.403236
253	-17.5898	-16.1915	-18.2209	0.297128	0.702661	0.00021173	0.750974
254	-5.01456	-5.4287	-9.54105	0.721452	0.278537	1.04542e-05	0.390273
255	-11.9107	-12.327	-16.4596	0.721891	0.278099	1.02289e-05	0.3899
256	-14.1615	-12.6205	-12.9571	0.267947	0.730856	0.00119684	0.785554
257	-21.5584	-18.0912	-16.2923	0.0500522	0.936965	0.0129824	1.08834
258	-13.4554	-11.9926	-13.6022	0.283796	0.715876	0.000328208	0.763415
259	-5.30161	-5.66134	-9.35058	0.710384	0.2896	1.65943e-05	0.399691
260	-19.0771	-19.3773	-22.557	0.697991	0.30198	2.88033e-05	0.410289
261	-16.9657	-17.3948	-21.5493	0.724455	0.275535	9.91454e-06	0.38773
262	-22.2667	-20.8099	-21.4179	0.284876	0.714232	0.000891603	0.768171
263	-14.1079	-14.4288	-17.485	0.702323	0.297645	3.21219e-05	0.406661
264	-9.48257	-9.95332	-14.613	0.732687	0.267307	5.80358e-06	0.38073
265	-17.725	-16.2436	-17.8223	0.280038	0.719621	0.000340308	0.766713
266	-4.91989	-5.3026	-9.20619	0.715091	0.284895	1.31751e-05	0.395677
267	-4.65902	-5.0713	-9.19867	0.721079	0.278911	1.0312e-05	0.390587
268	-15.8694	-16.2934	-20.0209	0.723423	0.276561	1.5251e-05	0.388655
269	-15.9176	-14.4425	-15.8276	0.281286	0.718302	0.000412252	0.766383
270	-4.46892	-4.88357	-9.00844	0.721556	0.278434	1.03202e-05	0.390184
271	-4.17101	-4.51095	-8.127	0.706295	0.293687	1.81063e-05	0.403163
272	-6.67282	-7.125	-11.5464	0.729035	0.270958	7.46574e-06	0.383834
273	-9.01088	-9.48602	-14.0763	0.733547	0.266447	6.20086e-06	0.380007
274	-10.0495	-8.48495	-9.35085	0.263486	0.735804	0.000709715	0.784422
275	-24.372	-19.0107	-14.566	0.00667892	0.831024	0.162297	2.62765
276	-11.9773	-10.4952	-11.9757	0.279871	0.719754	0.000375485	0.767208
277	-28.1195	-24.7844	-23.6661	0.0570795	0.936352	0.00656858	1.01786
278	-4.65902	-5.0713	-9.19867	0.721079	0.278911	1.0312e-05	0.390587
279	-10.4249	-10.8946	-15.4883	0.732487	0.267507	6.20435e-06	0.380903
280	-11.3328	-9.84089	-11.2849	0.277898	0.721712	0.000390475	0.769027
281	-4.91507	-5.2915	-9.12077	0.713809	0.286177	1.42554e-05	0.396773
282	-18.8851	-15.4884	-13.9367	0.0536591	0.93621	0.0101306	1.05659
283	-23.4008	-21.8724	-22.8402	0.270573	0.728792	0.000634876	0.777678
284	-9.78893	-8.30996	-9.9623	0.28053	0.719154	0.000315936	0.766052
285	-16.3976	-16.7962	-20.3767	0.718311	0.281671	1.79936e-05	0.393005
286	-23.775	-20.8096	-19.2372	0.0802623	0.909688	0.0100494	1.03329
287	-9.76099	-8.38796	-11.2544	0.302467	0.697442	9.09885e-05	0.745246
314	-18.5016	-17.2092	-20.412	0.319766	0.680171	6.33905e-05	0.730345
315	-15.3209	-15.9307	-21.8933	0.759031	0.240968	1.42175e-06	0.358418
316	-4.14927	-4.53581	-8.594	0.715872	0.284117	1.12571e-05	0.394998
317	-20.5464	-17.2915	-17.5235	0.0618545	0.936443	0.00170257	0.964849
318	-3.73158	-4.34825	-10.498	0.760285	0.239714	1.1729e-06	0.357355
319	-10.4183	-9.15634	-12.8883	0.326413	0.67355	3.69801e-05	0.724461
320	-4.04198	-4.90742	-13.1435	0.802662	0.197338	1.19867e-07	0.321524
321	-8.84798	-9.45665	-15.4897	0.758822	0.241176	1.32616e-06	0.358593
322	-8.28028	-8.98831	-14.8239	0.776537	0.223461	1.49695e-06	0.343621
323	-4.25885	-4.91354	-11.5723	0.767145	0.232854	6.84872e-07	0.351552
324	-15.277	-15.7707	-20.9376	0.737163	0.262833	3.43621e-06	0.376923
325	-18.8561	-15.8699	-17.4477	0.079507	0.920058	0.000435458	0.937176
326	-4.25501	-4.87245	-11.304	0.760425	0.239574	8.84363e-07	0.357234
327	-16.1575	-14.7021	-16.5851	0.285337	0.714414	0.0002492	0.761317
328	-11.7576	-12.2456	-17.297	0.736057	0.263939	3.8736e-06	0.377862
329	-15.3167	-12.0524	-12.2289	0.0612999	0.936899	0.00180062	0.966305
330	-19.0189	-15.8736	-17.1126	0.0686001	0.930782	0.000618203	0.948235
331	-4.638	-5.22964	-11.392	0.755692	0.244307	1.18036e-06	0.361238
332	-15.0034	-12.0078	-14.8058	0.0788444	0.921027	0.000128674	0.934649
333	-16.5229	-14.8822	-14.6594	0.248608	0.749245	0.00214661	0.811458
334	-15.7743	-14.445	-17.5315	0.311781	0.688147	7.20478e-05	0.737182
335	-28.5786	-28.8792	-30.5898	0.697993	0.301882	0.000125106	0.411257
336	-11.9462	-12.4239	-16.2088	0.734043	0.265943	1.38482e-05	0.379665
337	-8.82546	-9.27045	-13.0611	0.727607	0.272379	1.4102e-05	0.385108
338	-22.9953	-19.9195	-21.8052	0.0731985	0.926479	0.000322319	0.94137
339	-4.46111	-4.94842	-9.99138	0.735921	0.264075	3.90819e-06	0.377977
340	-3.73158	-4.34825	-10.498	0.760285	0.239714	1.1729e-06	0.357355
341	-4.99591	-5.51955	-10.8225	0.742922	0.257075	2.93354e-06	0.37205
342	-7.53787	-8.20201	-14.4659	0.76883	0.231169	1.00907e-06	0.35013
343	-3.81979	-4.41557	-10.4817	0.756455	0.243543	1.29559e-06	0.360594
344	-13.1106	-13.6085	-18.7715	0.737964	0.262032	3.43943e-06	0.376246
345	-10.1249	-10.3793	-13.2998	0.688219	0.311743	3.85297e-05	0.418648
346	-9.43404	-8.1174	-11.3527	0.314501	0.685437	6.18432e-05	0.734779
347	-9.21601	-9.73799	-15.0203	0.742602	0.257395	2.99851e-06	0.372321
348	-18.5316	-15.3516	-16.3127	0.0664033	0.932779	0.000817967	0.952102
349	-8.69427	-7.65859	-13.6408	0.377984	0.622013	3.59845e-06	0.680533
350	-9.06633	-7.73491	-11.087	0.311328	0.688617	5.52789e-05	0.737396
351	-10.4977	-9.25272	-13.2756	0.330172	0.669801	2.74911e-05	0.721188
352	-18.9454	-15.5554	-14.0331	0.0540193	0.936144	0.00983665	1.05333
353	-7.88977	-8.47949	-14.1093	0.755337	0.244661	2.01351e-06	0.361546
354	-13.0132	-11.8113	-16.1065	0.339764	0.660215	2.06376e-05	0.71301
355	-10.7948	-9.39405	-12.0526	0.296636	0.703251	0.000112947	0.750395
356	-19.1743	-16.0251	-17.3165	0.0683501	0.931063	0.000586784	0.94813
357	-12.4324	-11.2183	-15.1601	0.337034	0.662937	2.95077e-05	0.715408
358	-15.569	-14.0924	-15.4465	0.280975	0.7186	0.000425411	0.766778
359	-4.08502	-4.5193	-9.17853	0.725486	0.274508	5.96285e-06	0.386818
360	-11.6108	-10.3441	-14.0267	0.325355	0.674606	3.89113e-05	0.725374
361	-6.39974	-7.00996	-12.6439	0.759107	0.240891	1.97437e-06	0.35836
362	-23.6318	-18.4271	-16.065	0.00909283	0.967365	0.023542	1.22923
363	-4.02791	-4.77575	-12.0253	0.783371	0.216629	3.52904e-07	0.337833
364	-8.49873	-9.14315	-15.3381	0.765305	0.234693	1.09765e-06	0.353111
365	-7.41749	-7.84409	-12.1831	0.723951	0.276041	8.25917e-06	0.388139
366	-4.56782	-5.15855	-11.0625	0.755526	0.244473	1.52949e-06	0.361382
367	-16.8404	-17.394	-22.9836	0.748605	0.251393	2.1539e-06	0.367238
368	-4.66446	-5.25115	-11.223	0.754778	0.245221	1.4334e-06	0.362013
369	-4.46111	-4.94842	-9.99138	0.735921	0.264075	3.90819e-06	0.377977
370	-7.09318	-7.76107	-14.1515	0.769494	0.230505	8.86576e-07	0.349568
371	-11.1913	-11.7171	-17.0445	0.743345	0.256652	2.85824e-06	0.371691
372	-4.25885	-4.91354	-11.5723	0.767145	0.232854	6.84872e-07	0.351552
373	-4.87162	-5.42601	-11.1108	0.748749	0.251249	1.95707e-06	0.367114
374	-4.54824	-5.09089	-10.6602	0.746536	0.253462	2.21591e-06	0.368988
375	-4.62132	-5.1627	-10.6807	0.746295	0.253703	2.33488e-06	0.369193
376	-11.5899	-12.0751	-17.1508	0.73551	0.264487	3.78814e-06	0.378324
377	-4.65988	-5.09633	-9.40387	0.725916	0.274075	8.46266e-06	0.38648
378	-3.73158	-4.34825	-10.498	0.760285	0.239714	1.1729e-06	0.357355
379	-18.4469	-18.9895	-24.6505	0.746535	0.253463	2.02185e-06	0.368987
380	-4.61934	-5.16286	-10.8341	0.7467	0.253298	1.99997e-06	0.368847
381	-6.89381	-7.48621	-13.1563	0.755834	0.244164	1.92997e-06	0.361125
382	-4.54824	-5.09089	-10.6602	0.746536	0.253462	2.21591e-06	0.368988
383	-4.29071	-4.96596	-11.8005	0.770799	0.229201	5.6542e-07	0.348462
384	-5.02897	-5.54736	-10.8251	0.741918	0.258079	3.02019e-06	0.372899
385	-4.52076	-4.92953	-9.40184	0.720376	0.279617	7.3222e-06	0.391152
386	-8.58595	-9.08092	-13.2537	0.737404	0.262587	9.27756e-06	0.376778
387	-4.22773	-4.65725	-9.3224	0.724536	0.275458	5.94819e-06	0.387621
388	-4.30714	-4.94476	-11.4978	0.764082	0.235917	7.71197e-07	0.354142
389	-18.2184	-16.665	-17.5579	0.265663	0.733649	0.000688817	0.782372
390	-4.25885	-4.91354	-11.5723	0.767145	0.232854	6.84872e-07	0.351552
391	-10.0309	-10.5338	-15.2233	0.738955	0.26104	5.50134e-06	0.375429
392	-4.22773	-4.65725	-9.3224	0.724536	0.275458	5.94819e-06	0.387621
393	-16.9064	-17.4281	-22.7975	0.742555	0.257442	2.74879e-06	0.372358
394	-4.46111	-4.94842	-9.99138	0.735921	0.264075	3.90819e-06	0.377977
395	-21.262	-16.1996	-14.6589	0.0106085	0.978914	0.0104772	1.09647
396	-4.46111	-4.94842	-9.99138	0.735921	0.264075	3.90819e-06	0.377977
397	-10.5111	-9.21989	-12.6192	0.320021	0.679927	5.20662e-05	0.730015
398	-19.5036	-15.7906	-15.1422	0.0399321	0.955876	0.00419152	1.00843
399	-12.8123	-11.6169	-15.995	0.341225	0.658756	1.8955e-05	0.711759
400	-5.39831	-5.87685	-10.8507	0.734213	0.265783	4.21474e-06	0.379424
401	-10.199	-10.6358	-14.9478	0.72599	0.274002	8.42263e-06	0.386418
402	-16.3684	-16.8975	-22.2004	0.743951	0.256047	2.92196e-06	0.37118
403	-26.6636	-21.4954	-18.1515	0.00907065	0.93049	0.0604394	1.60057
404	-11.7574	-10.444	-13.6265	0.315205	0.68473	6.51226e-05	0.734218
405	-15.0975	-15.6198	-20.9046	0.742655	0.257342	2.99029e-06	0.372276
406	-4.22773	-4.65725	-9.3224	0.724536	0.275458	5.94819e-06	0.387621
407	-15.933	-12.8535	-14.2054	0.0729321	0.926518	0.000549667	0.943883
408	-4.28451	-4.83614	-10.5283	0.748232	0.251766	1.94672e-06	0.367551
409	-23.2363	-21.9568	-25.1155	0.322553	0.677381	6.59748e-05	0.728015
410	-21.112	-16.0214	-14.2135	0.0102835	0.97607	0.0136465	1.12864
411	-9.33632	-9.80661	-14.5988	0.7326	0.267395	5.08544e-06	0.380796
412	-13.0625	-11.7331	-14.792	0.311737	0.688189	7.40617e-05	0.737239
413	-4.46111	-4.94842	-9.99138	0.735921	0.264075	3.90819e-06	0.377977
414	-17.0171	-15.7095	-17.7282	0.316421	0.683371	0.000208132	0.734629
415	-5.39831	-5.87685	-10.8507	0.734213	0.265783	4.21474e-06	0.379424
416	-4.46667	-4.88905	-9.39966	0.723109	0.276884	6.9782e-06	0.388838
417	-13.6599	-12.3148	-14.6935	0.308368	0.691486	0.000146926	0.740821
418	-4.22773	-4.65725	-9.3224	0.724536	0.275458	5.94819e-06	0.387621
419	-4.18257	-4.83628	-11.2017	0.76697	0.233029	9.18967e-07	0.351702
420	-11.05	-9.69341	-12.4095	0.305949	0.693945	0.000105222	0.742445
421	-41.9368	-42.4693	-47.6239	0.744618	0.255378	3.38014e-06	0.37062
422	-4.46111	-4.94842	-9.99138	0.735921	0.264075	3.90819e-06	0.377977
423	-3.67225	-4.27279	-10.3729	0.757331	0.242668	1.24783e-06	0.359853
424	-11.7025	-12.2212	-17.5017	0.741971	0.258026	3.01102e-06	0.372854
425	-4.638	-5.22964	-11.392	0.755692	0.244307	1.18036e-06	0.361238
426	-4.95901	-5.55474	-11.7391	0.756446	0.243552	1.15117e-06	0.3606
427	-13.6512	-12.6501	-18.4783	0.386154	0.613842	4.14252e-06	0.673632
428	-5.02897	-5.54736	-10.8251	0.741918	0.258079	3.02019e-06	0.372899
429	-4.14927	-4.53581	-8.594	0.715872	0.284117	1.12571e-05	0.394998
430	-17.9246	-16.5581	-19.3297	0.303862	0.696038	9.98516e-05	0.744155
431	-4.04198	-4.90742	-13.1435	0.802662	0.197338	1.19867e-07	0.321524
432	-19.2329	-16.0009	-16.327	0.0632019	0.93525	0.00154758	0.962151
433	-9.54089	-10.0269	-14.4364	0.735674	0.264318	7.37092e-06	0.378221
434	-4.30714	-4.94476	-11.4978	0.764082	0.235917	7.71197e-07	0.354142
435	-12.1903	-10.9769	-14.9271	0.33718	0.662791	2.92543e-05	0.715282
436	-7.66515	-8.16377	-13.335	0.738113	0.261883	3.40907e-06	0.376119
437	-11.1447	-11.5824	-15.9055	0.726174	0.273818	8.32418e-06	0.386261
438	-4.52076	-4.92953	-9.40184	0.720376	0.279617	7.3222e-06	0.391152
439	-7.80964	-8.30083	-13.3325	0.736674	0.263322	3.94118e-06	0.377341
440	-9.88047	-8.62626	-12.4076	0.328122	0.671843	3.51086e-05	0.722997
441	-3.9234	-4.62325	-11.6482	0.775116	0.224883	4.58608e-07	0.344812
442	-3.67225	-4.27279	-10.3729	0.757331	0.242668	1.24783e-06	0.359853
443	-14.2976	-13.1047	-17.5124	0.341797	0.658185	1.83874e-05	0.71127
444	-4.46111	-4.94842	-9.99138	0.735921	0.264075	3.90819e-06	0.377977
445	-4.08502	-4.5193	-9.17853	0.725486	0.274508	5.96285e-06	0.386818
446	-4.72059	-5.0624	-8.76875	0.706684	0.2933	1.65211e-05	0.402818
447	-4.99832	-5.48357	-10.6365	0.735521	0.264475	3.50665e-06	0.378311
448	-4.83227	-5.17864	-8.92879	0.707629	0.292355	1.57622e-05	0.402011
449	-11.3497	-9.97538	-12.7602	0.302198	0.697703	9.8766e-05	0.745551
450	-4.638	-5.22964	-11.392	0.755692	0.244307	1.18036e-06	0.361238
451	-7.5337	-8.11551	-13.8204	0.753873	0.246125	1.87909e-06	0.362782
452	-17.1757	-13.9662	-14.2929	0.0645531	0.933902	0.00154449	0.960977
453	-14.3289	-11.1701	-12.5904	0.0677528	0.931731	0.000516203	0.947925
454	-8.40227	-7.12883	-10.8836	0.323898	0.676065	3.62809e-05	0.726579
455	-9.76129	-8.51046	-12.4136	0.328871	0.671098	3.10487e-05	0.722323
456	-38.1655	-33.1129	-31.4505	0.0106967	0.977488	0.0118152	1.10986
457	-12.3262	-12.8605	-18.2999	0.744946	0.255052	2.53906e-06	0.370335
458	-16.1702	-14.7942	-17.5138	0.301837	0.698058	0.00010548	0.745924
459	-4.54824	-5.09089	-10.6602	0.746536	0.253462	2.21591e-06	0.368988
460	-4.18257	-4.83628	-11.2017	0.76697	0.233029	9.18967e-07	0.351702
461	-3.67225	-4.27279	-10.3729	0.757331	0.242668	1.24783e-06	0.359853
462	-24.6181	-19.4862	-17.0708	0.00976023	0.965459	0.0247805	1.24113
463	-8.54426	-8.88843	-12.5853	0.707172	0.292811	1.66513e-05	0.402407
464	-4.25501	-4.87245	-11.304	0.760425	0.239574	8.84363e-07	0.357234
465	-11.5474	-10.3399	-14.3022	0.338496	0.661476	2.88475e-05	0.714165
466	-4.22773	-4.65725	-9.3224	0.724536	0.275458	5.94819e-06	0.387621
467	-20.6607	-15.6215	-14.3961	0.0108858	0.981451	0.00766358	1.06792
468	-8.1572	-8.73925	-13.9171	0.753917	0.24608	3.18229e-06	0.362758
469	-3.67225	-4.27279	-10.3729	0.757331	0.242668	1.24783e-06	0.359853
470	-4.29071	-4.96596	-11.8005	0.770799	0.229201	5.6542e-07	0.348462
471	-33.9333	-32.5591	-35.2607	0.302197	0.697696	0.000107329	0.745638
472	-13.7258	-12.4156	-15.6863	0.315885	0.684055	5.95682e-05	0.733587
473	-7.74671	-8.32227	-13.9726	0.752711	0.247287	1.99368e-06	0.363766
474	-4.61934	-5.16286	-10.8341	0.7467	0.253298	1.99997e-06	0.368847
475	-4.99832	-5.48357	-10.6365	0.735521	0.264475	3.50665e-06	0.378311
476	-4.87162	-5.42601	-11.1108	0.748749	0.251249	1.95707e-06	0.367114
477	-4.638	-5.22964	-11.392	0.755692	0.244307	1.18036e-06	0.361238
478	-12.7986	-11.514	-14.5325	0.321452	0.678472	7.603e-05	0.729047
479	-5.02897	-5.54736	-10.8251	0.741918	0.258079	3.02019e-06	0.372899
480	-17.4781	-17.8249	-21.5152	0.707716	0.292267	1.67293e-05	0.401947
481	-4.92978	-5.41479	-10.4883	0.735474	0.264523	3.79696e-06	0.378354
482	-4.68269	-5.23611	-10.8298	0.748568	0.25143	2.14523e-06	0.367269
483	-10.0782	-8.6304	-10.7775	0.286906	0.712903	0.000190957	0.759404
484	-3.87343	-4.55235	-11.4751	0.771445	0.228554	5.1624e-07	0.347915
485	-11.663	-12.1859	-17.6644	0.742789	0.257208	2.46268e-06	0.372157
486	-4.83227	-5.17864	-8.92879	0.707629	0.292355	1.57622e-05	0.402011
487	-24.0936	-22.6494	-24.2633	0.287595	0.71208	0.000325083	0.760172
488	-4.29071	-4.96596	-11.8005	0.770799	0.229201	5.6542e-07	0.348462
489	-4.70735	-5.29792	-11.0647	0.755494	0.244504	1.75466e-06	0.361411
490	-10.1785	-10.8511	-17.6196	0.770321	0.229679	6.05301e-07	0.348867
491	-4.61934	-5.16286	-10.8341	0.7467	0.253298	1.99997e-06	0.368847
492	-4.64736	-5.22729	-10.9948	0.753523	0.246475	1.76737e-06	0.363077
493	-4.46111	-4.94842	-9.99138	0.735921	0.264075	3.90819e-06	0.377977
494	-6.68671	-7.29837	-12.9923	0.759369	0.240629	1.85725e-06	0.358137
495	-9.42594	-8.06716	-11.3547	0.30549	0.694451	5.94635e-05	0.742373
496	-4.73828	-5.26142	-10.7422	0.742826	0.257171	2.45664e-06	0.372126
497	-10.6083	-11.0424	-15.6862	0.725458	0.274536	6.05631e-06	0.386843
498	-12.2443	-12.7858	-18.3419	0.746325	0.253673	2.24735e-06	0.369166
499	-4.61934	-5.16286	-10.8341	0.7467	0.253298	1.99997e-06	0.368847
500	-9.70606	-10.3112	-16.5129	0.75818	0.241819	1.12331e-06	0.359134
501	-16.6849	-13.6312	-15.8393	0.0747181	0.925049	0.000233104	0.939188
502	-17.3713	-13.9676	-12.5828	0.0533915	0.938018	0.00859044	1.04132
503	-12.7349	-11.418	-14.5599	0.314436	0.685496	6.78945e-05	0.734896
504	-4.22773	-4.65725	-9.3224	0.724536	0.275458	5.94819e-06	0.387621
505	-7.04259	-7.73085	-14.1708	0.773089	0.22691	8.30645e-07	0.346529
506	-3.81979	-4.41557	-10.4817	0.756455	0.243543	1.29559e-06	0.360594
507	-4.72059	-5.0624	-8.76875	0.706684	0.2933	1.65211e-05	0.402818
508	-15.2924	-13.4056	-14.2897	0.205841	0.793407	0.000751418	0.833568
509	-5.39831	-5.87685	-10.8507	0.734213	0.265783	4.21474e-06	0.379424
510	-10.6126	-9.21693	-12.0795	0.297704	0.702204	9.19702e-05	0.749281
511	-4.46667	-4.88905	-9.39966	0.723109	0.276884	6.9782e-06	0.388838
512	-10.4037	-10.9553	-16.646	0.748229	0.251769	1.94947e-06	0.367554
513	-19.0715	-15.8933	-16.7589	0.0665089	0.932591	0.000899768	0.952836
514	-3.81979	-4.41557	-10.4817	0.756455	0.243543	1.29559e-06	0.360594
515	-12.5203	-11.1683	-14.2048	0.306925	0.692999	7.62759e-05	0.741329
516	-19.3977	-14.3466	-12.9775	0.0107452	0.980416	0.00883853	1.07987
517	-24.1	-22.7528	-25.7148	0.307941	0.691977	8.20476e-05	0.740528
518	-18.2732	-15.2128	-17.2022	0.0742502	0.92546	0.000290228	0.940158
519	-29.5585	-24.5169	-22.4881	0.0107584	0.972287	0.0169544	1.16153
520	-4.28451	-4.83614	-10.5283	0.748232	0.251766	1.94672e-06	0.367551
521	-14.8531	-13.5019	-16.1587	0.307085	0.692804	0.000111467	0.741548
522	-4.22773	-4.65725	-9.3224	0.724536	0.275458	5.94819e-06	0.387621
523	-4.0281	-4.77646	-12.0322	0.783458	0.216542	3.50574e-07	0.337759
524	-4.62132	-5.1627	-10.6807	0.746295	0.253703	2.33488e-06	0.369193
525	-8.03802	-8.61614	-14.3047	0.753186	0.246812	1.91519e-06	0.363363
526	-4.46111	-4.94842	-9.99138	0.735921	0.264075	3.90819e-06	0.377977
527	-4.74104	-5.33935	-11.485	0.756923	0.243076	1.19429e-06	0.360197
528	-14.6165	-13.1242	-14.6238	0.277834	0.721796	0.000369411	0.768869
529	-4.638	-5.22964	-11.392	0.755692	0.244307	1.18036e-06	0.361238
530	-16.2843	-16.8379	-22.4268	0.748606	0.251392	2.15519e-06	0.367238
531	-4.54824	-5.09089	-10.6602	0.746536	0.253462	2.21591e-06	0.368988
532	-5.02897	-5.54736	-10.8251	0.741918	0.258079	3.02019e-06	0.372899
533	-3.82797	-4.35512	-9.6976	0.743591	0.256406	2.81252e-06	0.371483
534	-4.17946	-4.76656	-10.64	0.754855	0.245144	1.58124e-06	0.36195
535	-4.87162	-5.42601	-11.1108	0.748749	0.251249	1.95707e-06	0.367114
536	-3.87343	-4.55235	-11.4751	0.771445	0.228554	5.1624e-07	0.347915
537	-14.4219	-12.9788	-15.0935	0.287854	0.711949	0.000196972	0.758664
538	-4.46111	-4.94842	-9.99138	0.735921	0.264075	3.90819e-06	0.377977
539	-14.901	-15.5095	-21.5199	0.758795	0.241204	1.35667e-06	0.358617
540	-4.56242	-5.08727	-10.4551	0.743154	0.256844	2.74693e-06	0.371852
541	-4.29071	-4.96596	-11.8005	0.770799	0.229201	5.6542e-07	0.348462
542	-5.25149	-5.74522	-10.9124	0.737167	0.26283	3.43538e-06	0.37692
543	-4.29071	-4.96596	-11.8005	0.770799	0.229201	5.6542e-07	0.348462
544	-4.61934	-5.16286	-10.8341	0.7467	0.253298	1.99997e-06	0.368847
545	-4.87162	-5.42601	-11.1108	0.748749	0.251249	1.95707e-06	0.367114
546	-4.46111	-4.94842	-9.99138	0.735921	0.264075	3.90819e-06	0.377977
547	-3.73158	-4.34825	-10.498	0.760285	0.239714	1.1729e-06	0.357355
548	-32.1296	-30.8379	-33.6745	0.319902	0.680007	9.14041e-05	0.730512
549	-4.46111	-4.94842	-9.99138	0.735921	0.264075	3.90819e-06	0.377977
550	-4.08502	-4.5193	-9.17853	0.725486	0.274508	5.96285e-06	0.386818
551	-4.83227	-5.17864	-8.92879	0.707629	0.292355	1.57622e-05	0.402011
552	-4.46111	-4.94842	-9.99138	0.735921	0.264075	3.90819e-06	0.377977
553	-16.1299	-16.7796	-23.2386	0.766245	0.233754	8.3953e-07	0.352314
554	-9.36031	-8.03818	-11.4009	0.313321	0.686624	5.45333e-05	0.735704
555	-7.80964	-8.30083	-13.3325	0.736674	0.263322	3.94118e-06	0.377341
556	-4.68269	-5.23611	-10.8298	0.748568	0.25143	2.14523e-06	0.367269
557	-28.1669	-22.4073	-18.3598	0.0047474	0.879771	0.115482	2.15815
558	-13.1141	-11.8003	-14.8865	0.315112	0.684816	7.17157e-05	0.734362
559	-4.22773	-4.65725	-9.3224	0.724536	0.275458	5.94819e-06	0.387621
560	-13.8705	-12.3495	-13.6809	0.272078	0.727481	0.000440518	0.77445
561	-28.8713	-22.1233	-20.033	0.00196778	0.979864	0.0181685	1.18118
562	-23.9015	-24.4188	-29.6287	0.741706	0.258291	3.23465e-06	0.37308
563	-4.54824	-5.09089	-10.6602	0.746536	0.253462	2.21591e-06	0.368988
564	-17.014	-17.5034	-22.602	0.736322	0.263674	3.69077e-06	0.377636
565	-24.5134	-21.5274	-23.1019	0.0795188	0.920044	0.000436888	0.937181
566	-8.47568	-7.20404	-10.9473	0.32429	0.675673	3.66796e-05	0.726252
567	-10.8746	-9.42501	-11.5362	0.286521	0.713281	0.000198037	0.759801
568	-21.4565	-20.0256	-21.6153	0.290331	0.709337	0.000331792	0.757927
569	-4.65988	-5.09633	-9.40387	0.725916	0.274075	8.46266e-06	0.38648
570	-10.8452	-9.61901	-13.479	0.334334	0.665634	3.21529e-05	0.717716
571	-6.45189	-7.04669	-12.706	0.756277	0.243721	1.94744e-06	0.360751
572	-11.2059	-9.93853	-13.6218	0.325232	0.674729	3.88924e-05	0.725478
573	-4.92978	-5.41479	-10.4883	0.735474	0.264523	3.79696e-06	0.378354
574	-22.1248	-17.0695	-15.5425	0.0106842	0.97898	0.0103358	1.09498
575	-16.973	-13.7982	-14.6591	0.0667212	0.932375	0.0009038	0.952697
576	-3.67225	-4.27279	-10.3729	0.757331	0.242668	1.24783e-06	0.359853
577	-13.3936	-12.1183	-15.8429	0.323503	0.67646	3.74164e-05	0.726925
578	-7.28993	-7.93058	-14.0366	0.764627	0.235372	1.20313e-06	0.353685
579	-18.7907	-15.5459	-15.8109	0.0624495	0.935904	0.00164647	0.963782
580	-4.65988	-5.09633	-9.40387	0.725916	0.274075	8.46266e-06	0.38648
581	-3.67225	-4.27279	-10.3729	0.757331	0.242668	1.24783e-06	0.359853
582	-3.87796	-4.48709	-10.5883	0.758908	0.241091	1.23827e-06	0.35852
583	-3.81979	-4.41557	-10.4817	0.756455	0.243543	1.29559e-06	0.360594
584	-8.67937	-9.05857	-12.8551	0.714375	0.28561	1.47007e-05	0.396299
585	-4.0281	-4.77646	-12.0322	0.783458	0.216542	3.50574e-07	0.337759
586	-4.04217	-4.90866	-13.1572	0.802828	0.197172	1.1828e-07	0.321384
587	-4.18306	-4.83757	-11.2125	0.767112	0.232887	9.09776e-07	0.351582
588	-4.64786	-5.22848	-11.0044	0.753654	0.246344	1.75172e-06	0.362966
589	-4.46154	-4.94944	-9.99942	0.736036	0.26396	3.87917e-06	0.37788
590	-18.3551	-15.1472	-15.765	0.0646695	0.934176	0.00115477	0.956957
591	-3.9238	-4.6245	-11.6595	0.775264	0.224736	4.53707e-07	0.344687
592	-4.08535	-4.52016	-9.18562	0.725591	0.274403	5.92355e-06	0.38673
593	-4.95938	-5.55583	-11.7487	0.756579	0.24342	1.14073e-06	0.360488
594	-4.18306	-4.83757	-11.2125	0.767112	0.232887	9.09776e-07	0.351582
595	-17.3738	-17.7242	-19.6763	0.708406	0.291499	9.48896e-05	0.402151
596	-18.469	-18.9515	-23.9952	0.734991	0.265005	3.91928e-06	0.378763
597	-4.52085	-4.93012	-9.40829	0.720475	0.279518	7.27683e-06	0.391068
598	-23.3832	-18.4741	-18.1784	0.0124362	0.98453	0.00303386	1.02002
599	-20.4103	-17.2066	-18.1678	0.0649474	0.934233	0.00081919	0.953345
600	-3.73201	-4.34943	-10.5081	0.760421	0.239578	1.16184e-06	0.35724
601	-3.82018	-4.41668	-10.4914	0.756588	0.24341	1.28381e-06	0.360481
602	-3.9238	-4.6245	-11.6595	0.775264	0.224736	4.53707e-07	0.344687
603	-16.6238	-17.1242	-22.3616	0.738449	0.261548	3.1868e-06	0.375833
604	-15.7277	-16.2547	-21.5957	0.743559	0.256438	2.81713e-06	0.37151
605	-4.17998	-4.7678	-10.6497	0.754986	0.245012	1.56705e-06	0.361838
606	-3.9238	-4.6245	-11.6595	0.775264	0.224736	4.53707e-07	0.344687
607	-4.83296	-5.17975	-8.93487	0.707716	0.292269	1.56794e-05	0.401937
608	-11.4709	-10.1634	-13.2472	0.316466	0.683462	7.17454e-05	0.733218
609	-4.74146	-5.3405	-11.4947	0.757056	0.242943	1.1834e-06	0.360085
610	-10.4916	-9.17379	-12.0076	0.314233	0.685675	9.24225e-05	0.735314
611	-4.18306	-4.83757	-11.2125	0.767112	0.232887	9.09776e-07	0.351582
612	-22.3648	-20.0076	-18.388	0.138105	0.852026	0.00986817	0.982571
613	-24.478	-23.1709	-26.1039	0.31656	0.683357	8.34099e-05	0.733257
614	-7.91622	-8.26737	-11.4142	0.708606	0.291365	2.87196e-05	0.401316
615	-3.9238	-4.6245	-11.6595	0.775264	0.224736	4.53707e-07	0.344687
616	-3.67265	-4.27391	-10.3827	0.757464	0.242534	1.23639e-06	0.35974
617	-20.6216	-17.3896	-17.8686	0.0632185	0.935453	0.00132853	0.959932
618	-10.2536	-10.8443	-16.6126	0.755516	0.244483	1.75168e-06	0.361393
619	-11.0658	-9.75201	-13.0432	0.315128	0.684813	5.84284e-05	0.734215
620	-17.5714	-16.3142	-19.9924	0.327469	0.672492	3.89624e-05	0.723588
621	-19.4678	-20.026	-25.1626	0.749461	0.250535	3.37637e-06	0.366526
622	-4.52085	-4.93012	-9.40829	0.720475	0.279518	7.27683e-06	0.391068
623	-4.18306	-4.83757	-11.2125	0.767112	0.232887	9.09776e-07	0.351582
624	-10.813	-9.48213	-12.3454	0.311437	0.688473	9.01097e-05	0.737654
625	-9.11434	-9.79265	-16.6483	0.771337	0.228662	5.52324e-07	0.348007
626	-8.29023	-8.83895	-13.8702	0.747681	0.252315	3.77807e-06	0.368035
627	-3.82018	-4.41668	-10.4914	0.756588	0.24341	1.28381e-06	0.360481
628	-24.4147	-23.1148	-26.457	0.31812	0.681825	5.52767e-05	0.731655
629	-6.68714	-7.29954	-13.0024	0.759505	0.240493	1.83975e-06	0.358021
630	-5.16046	-5.61238	-10.3386	0.728984	0.27101	5.50524e-06	0.383857
631	-4.52085	-4.93012	-9.40829	0.720475	0.279518	7.27683e-06	0.391068
632	-15.9702	-14.5501	-16.7099	0.292599	0.707214	0.000187036	0.754553
633	-12.9338	-11.6685	-15.1263	0.325682	0.674269	4.86987e-05	0.725196
634	-10.2506	-10.8013	-16.3503	0.74806	0.251938	2.24804e-06	0.3677
635	-3.732	-4.34942	-10.5081	0.760421	0.239578	1.16186e-06	0.35724
636	-4.74146	-5.3405	-11.4947	0.757056	0.242943	1.18342e-06	0.360085
637	-3.67265	-4.27391	-10.3826	0.757464	0.242534	1.23641e-06	0.35974
638	-4.56833	-5.15977	-11.0722	0.755658	0.244341	1.51572e-06	0.36127
639	-14.2179	-12.0477	-12.0405	0.163148	0.834923	0.00192816	0.881498
640	-3.82018	-4.41668	-10.4914	0.756588	0.243411	1.28383e-06	0.360481
641	-4.02844	-4.7777	-12.0443	0.783612	0.216388	3.46563e-07	0.337629
642	-14.0021	-12.8118	-17.2506	0.342381	0.657601	1.7808e-05	0.71077
643	-10.2572	-10.6945	-15.0125	0.72609	0.273901	8.36892e-06	0.386332
644	-4.8721	-5.42716	-11.1199	0.748875	0.251123	1.94056e-06	0.367007
645	-5.01842	-5.55452	-11.0153	0.745294	0.254704	2.48213e-06	0.37004
646	-4.64785	-5.22848	-11.0044	0.753654	0.246345	1.75174e-06	0.362966
647	-4.66478	-5.25218	-11.2325	0.754909	0.24509	1.42061e-06	0.361902
648	-8.54498	-8.88956	-12.5913	0.707257	0.292726	1.65651e-05	0.402334
649	-16.4755	-15.1774	-17.5696	0.318474	0.681383	0.000142838	0.732236
650	-4.46154	-4.94944	-9.99941	0.736036	0.26396	3.87921e-06	0.37788
651	-13.0486	-11.837	-16.0748	0.337589	0.662389	2.19297e-05	0.714862
652	-4.29108	-4.96715	-11.8114	0.770943	0.229057	5.59608e-07	0.34834
653	-20.8866	-19.3988	-20.9493	0.278736	0.720914	0.000350642	0.767918
654	-4.74146	-5.3405	-11.4947	0.757056	0.242943	1.18342e-06	0.360085
655	-3.73201	-4.34943	-10.5081	0.760421	0.239578	1.16184e-06	0.35724
656	-4.46606	-5.02293	-10.6592	0.749216	0.250782	2.05053e-06	0.366721
657	-10.4642	-9.15758	-12.533	0.31667	0.683277	5.35852e-05	0.732864
658	-18.3356	-15.151	-15.883	0.0661039	0.932867	0.0010287	0.954476
659	-17.6648	-14.4629	-15.1755	0.0650443	0.933906	0.00105002	0.955586
660	-9.92513	-8.65591	-12.4124	0.324822	0.675142	3.61685e-05	0.725797
661	-32.4014	-25.2951	-21.5222	0.00127464	0.908133	0.0905928	1.91062
662	-20.705	-17.8284	-21.1429	0.0879352	0.911989	7.60128e-05	0.926435
663	-10.4704	-9.08214	-11.751	0.299266	0.700622	0.000111371	0.748156
664	-18.7221	-15.5534	-16.5597	0.0671064	0.932112	0.000781272	0.951139
665	-14.8817	-11.6192	-11.8477	0.0614122	0.936879	0.00170922	0.96529
666	-11.5264	-10.0833	-12.1989	0.287863	0.711941	0.000196784	0.758655
667	-7.06153	-7.68287	-13.6228	0.761135	0.238864	1.4416e-06	0.35664
668	-4.14983	-4.53684	-8.60059	0.715967	0.284022	1.11908e-05	0.394917
669	-10.2207	-9.03427	-13.36	0.343233	0.656747	1.99133e-05	0.710071
670	-3.73201	-4.34943	-10.5081	0.760421	0.239578	1.16184e-06	0.35724
671	-4.62182	-5.16386	-10.6897	0.746419	0.253579	2.31562e-06	0.369088
672	-8.97948	-9.54086	-15.1081	0.750063	0.249934	2.18971e-06	0.366006
673	-35.6524	-28.7598	-25.2317	0.00160952	0.926071	0.0723199	1.72644
674	-4.56833	-5.15978	-11.0723	0.755658	0.244341	1.5157e-06	0.36127
675	-8.01773	-8.66097	-14.6531	0.765094	0.234905	1.34564e-06	0.353292
676	-20.1983	-17.0705	-18.3941	0.06973	0.929703	0.000567423	0.946769
677	-8.3727	-7.08996	-10.8187	0.321863	0.6781	3.73505e-05	0.72831
678	-9.50988	-9.89689	-13.9185	0.715968	0.284021	1.1673e-05	0.394922
679	-12.0063	-10.6692	-13.5698	0.31011	0.689803	8.69743e-05	0.738745
680	-4.08535	-4.52016	-9.18562	0.725591	0.274403	5.92355e-06	0.38673
681	-3.87838	-4.48825	-10.5983	0.759043	0.240956	1.22675e-06	0.358406
682	-4.2554	-4.87359	-11.314	0.760561	0.239438	8.7605e-07	0.357119
683	-12.8025	-11.3454	-13.418	0.285009	0.714785	0.000206273	0.761163
684	-4.18306	-4.83757	-11.2125	0.767112	0.232887	9.09776e-07	0.351582
685	-10.6175	-9.28832	-12.2621	0.311806	0.688114	8.06362e-05	0.737247
686	-17.4695	-16.2201	-19.7594	0.329178	0.670777	4.4653e-05	0.7222
687	-14.9554	-11.9493	-14.2466	0.0780712	0.921716	0.000212436	0.936146
688	-17.764	-14.7217	-16.84	0.0755043	0.924241	0.000254803	0.938742
689	-14.4242	-14.9603	-20.2877	0.745288	0.254709	2.83643e-06	0.370049
690	-18.3367	-18.8659	-24.1648	0.743981	0.256016	2.93337e-06	0.371155
691	-8.52335	-9.07987	-14.5243	0.749151	0.250846	2.48475e-06	0.36678
692	-4.93027	-5.41587	-10.4964	0.735588	0.264409	3.76893e-06	0.378258
693	-13.6253	-12.2261	-14.8462	0.296976	0.702907	0.000117327	0.750152
694	-9.98303	-8.7777	-13.162	0.338995	0.660987	1.89017e-05	0.713644
695	-8.97145	-7.77875	-12.2712	0.341829	0.658154	1.68904e-05	0.711228
696	-9.12161	-9.4889	-13.275	0.711939	0.288046	1.49815e-05	0.398361
697	-4.93027	-5.41587	-10.4964	0.735588	0.264409	3.76893e-06	0.378258
698	-8.77771	-7.50074	-11.1167	0.323123	0.676835	4.17323e-05	0.72729
699	-16.55	-13.3247	-13.8709	0.0636243	0.935134	0.00124177	0.958716
700	-13.8618	-14.3984	-19.908	0.745383	0.254615	2.36305e-06	0.369964
701	-14.9618	-13.5693	-15.7409	0.298343	0.701474	0.000183343	0.749661
702	-4.29108	-4.96715	-11.8114	0.770943	0.229057	5.59599e-07	0.34834
703	-28.7668	-21.871	-18.2379	0.0015915	0.91872	0.0796889	1.80061
704	-4.8721	-5.42716	-11.1199	0.748876	0.251122	1.94053e-06	0.367007
705	-12.1411	-10.796	-13.6652	0.308381	0.691529	8.99727e-05	0.740236
706	-27.8321	-22.7821	-21.0683	0.0107183	0.976851	0.0124312	1.11604
707	-4.08535	-4.52016	-9.18562	0.725591	0.274403	5.92355e-06	0.38673
708	-3.67265	-4.27391	-10.3827	0.757464	0.242534	1.23639e-06	0.35974
709	-7.57389	-8.14579	-13.8588	0.75203	0.247968	1.87776e-06	0.36434
710	-15.9637	-16.3518	-20.3724	0.716193	0.283795	1.16747e-05	0.394731
711	-8.5329	-7.23964	-10.8178	0.319569	0.680387	4.35658e-05	0.730312
712	-21.0811	-17.8632	-18.3413	0.0640566	0.934615	0.00132851	0.959224
713	-4.67212	-5.28682	-11.6509	0.759926	0.240073	9.48075e-07	0.357657
714	-4.67212	-5.28682	-11.6509	0.759926	0.240073	9.48075e-07	0.357657
715	-7.51163	-8.04677	-13.5446	0.745113	0.254885	2.39355e-06	0.370192
716	-9.36256	-9.83288	-14.665	0.732604	0.267391	4.88614e-06	0.380791
717	-4.99636	-5.52064	-10.8311	0.743043	0.256954	2.91015e-06	0.371947
718	-3.67265	-4.27391	-10.3827	0.757464	0.242534	1.23639e-06	0.35974
719	-9.51119	-8.17804	-11.3686	0.310953	0.688982	6.50024e-05	0.737811
720	-10.5957	-11.1312	-16.5845	0.745172	0.254826	2.50185e-06	0.370144
721	-14.8427	-13.5294	-16.8316	0.31521	0.684733	5.77756e-05	0.73414
722	-4.04238	-4.91001	-13.1722	0.803009	0.196991	1.16576e-07	0.321231
784	-4.25958	-4.91592	-11.5943	0.76744	0.232559	6.70684e-07	0.351302
785	-36.3566	-27.5967	-21.4572	0.00013015	0.48455	0.51532	6.18588
786	-20.0074	-18.6368	-21.3168	0.302978	0.696912	0.000109558	0.745
787	-14.9774	-13.7317	-17.8348	0.329997	0.669978	2.53793e-05	0.721314
788	-4.30802	-4.94725	-11.5195	0.764372	0.235627	7.55631e-07	0.353896
789	-14.0261	-12.5332	-14.0274	0.277722	0.721906	0.0003715	0.768984
790	-3.82061	-4.41789	-10.5019	0.756733	0.243266	1.27112e-06	0.360359
791	-18.1295	-14.9546	-16.0312	0.0667283	0.932543	0.000728564	0.950928
792	-22.2036	-20.7756	-22.7976	0.290962	0.708823	0.00021518	0.75622
793	-13.4356	-13.985	-19.0162	0.747811	0.252185	3.77647e-06	0.367925
794	-4.18054	-4.76914	-10.6603	0.75513	0.244869	1.55176e-06	0.361717
795	-35.4443	-28.4052	-22.7981	0.000923193	0.61502	0.384056	4.86422
796	-7.24882	-7.91143	-14.16	0.768557	0.231442	1.02586e-06	0.350362
797	-23.3522	-20.1453	-20.7047	0.0647325	0.934043	0.00122409	0.957601
798	-15.4096	-12.1616	-12.6406	0.062278	0.936392	0.00132982	0.96074
799	-19.2861	-16.052	-16.0957	0.0630496	0.934899	0.00205175	0.967353
800	-4.18054	-4.76914	-10.6603	0.75513	0.244869	1.55176e-06	0.361717
801	-4.66513	-5.2533	-11.2428	0.755052	0.244947	1.40678e-06	0.361781
802	-8.47658	-7.20649	-10.9684	0.324633	0.675331	3.59861e-05	0.725955
803	-10.0704	-8.97083	-13.9945	0.363082	0.636908	9.60905e-06	0.693189
804	-9.17528	-7.94308	-12.1746	0.332998	0.66698	2.22215e-05	0.718746
805	-15.9615	-14.6682	-18.0837	0.319564	0.680384	5.12615e-05	0.730393
806	-12.8784	-11.4465	-13.7564	0.29016	0.709679	0.000161527	0.756358
807	-4.87262	-5.42841	-11.1299	0.749013	0.250985	1.9227e-06	0.366891
808	-22.4567	-17.2087	-13.8826	0.00839007	0.932132	0.0594783	1.59148
809	-15.8118	-13.7996	-12.7899	0.185298	0.809607	0.00509515	0.894646
810	-21.289	-18.0878	-18.7495	0.0650798	0.933815	0.00110476	0.956107
811	-13.3519	-13.6986	-17.4143	0.707701	0.292282	1.63118e-05	0.401956
812	-6.74133	-7.33898	-13.0678	0.756801	0.243197	1.81284e-06	0.360307
813	-6.6118	-7.20471	-12.8433	0.755929	0.244069	1.99107e-06	0.361046
814	-13.9657	-12.6211	-15.5386	0.30849	0.691425	8.57176e-05	0.740101
815	-4.52095	-4.93075	-9.4153	0.720583	0.27941	7.22776e-06	0.390976
816	-4.62236	-5.16511	-10.6994	0.746554	0.253444	2.29484e-06	0.368973
817	-4.70847	-5.30053	-11.0851	0.755771	0.244227	1.72174e-06	0.361177
818	-8.80655	-9.18073	-12.9262	0.713347	0.286638	1.55262e-05	0.397176
819	-7.26752	-7.69895	-12.0626	0.724916	0.275076	8.03037e-06	0.387321
820	-3.67308	-4.27513	-10.3933	0.75761	0.242389	1.22407e-06	0.359617
821	-13.7584	-12.392	-15.1596	0.303862	0.696038	0.000100241	0.744159
822	-14.9993	-11.7234	-12.0217	0.0606513	0.937753	0.00159559	0.96479
823	-4.67253	-5.28804	-11.6617	0.760073	0.239926	9.3844e-07	0.357532
824	-4.95979	-5.55701	-11.7592	0.756723	0.243276	1.12948e-06	0.360366
825	-3.73247	-4.35071	-10.5191	0.76057	0.239429	1.14993e-06	0.357114
826	-17.798	-18.1505	-20.9806	0.708878	0.291083	3.93841e-05	0.401194
827	-4.56353	-5.08972	-10.4733	0.743407	0.25659	2.70121e-06	0.371637
828	-16.3639	-16.7916	-21.1421	0.724165	0.275827	8.15866e-06	0.387957
829	-4.04238	-4.91001	-13.1722	0.803009	0.196991	1.16576e-07	0.321231
830	-4.29148	-4.96844	-11.8233	0.7711	0.2289	5.53334e-07	0.348207
831	-3.73247	-4.35071	-10.5191	0.76057	0.239429	1.14993e-06	0.357114
832	-17.2205	-14.0071	-14.297	0.0643121	0.934085	0.00160267	0.961767
833	-24.3736	-24.8999	-30.2694	0.743422	0.256575	2.73926e-06	0.371625
834	-31.0614	-25.8594	-23.1044	0.00901477	0.956509	0.0344758	1.33933
835	-17.9105	-16.6809	-19.6677	0.333562	0.666361	7.70819e-05	0.718821
836	-21.1365	-19.7522	-21.8591	0.300081	0.699724	0.000195121	0.74831
837	-19.4171	-17.9703	-19.7683	0.28708	0.712649	0.00027064	0.760059
838	-12.9726	-13.3826	-17.0582	0.720614	0.27937	1.62273e-05	0.39104
839	-27.9816	-22.9081	-20.6599	0.0103806	0.968587	0.0210326	1.20289
840	-17.3423	-14.1006	-14.5665	0.0626435	0.93601	0.00134686	0.960603
841	-4.52095	-4.93075	-9.4153	0.720583	0.27941	7.22776e-06	0.390976
842	-18.1224	-14.8896	-14.7758	0.0631076	0.934491	0.0024009	0.970818
843	-15.1648	-13.88	-17.0621	0.321417	0.678518	6.45659e-05	0.728961
844	-16.9236	-13.7135	-14.4435	0.0645462	0.934421	0.00103249	0.955831
845	-4.64839	-5.22979	-11.0148	0.753796	0.246202	1.73485e-06	0.362846
846	-8.37313	-7.09117	-10.8293	0.322035	0.677928	3.69938e-05	0.728162
847	-15.9911	-12.7795	-13.585	0.0644641	0.934578	0.000957609	0.955147
848	-17.6021	-16.4122	-20.791	0.342474	0.657508	1.89063e-05	0.710703
849	-10.9276	-9.57162	-12.4146	0.30608	0.693827	9.26719e-05	0.742208
850	-10.8825	-9.63641	-13.2375	0.329903	0.670055	4.19305e-05	0.72156
851	-8.46859	-9.05332	-14.3596	0.754415	0.245582	2.79298e-06	0.362334
852	-15.6676	-14.2929	-16.4694	0.302088	0.69773	0.000181473	0.746476
853	-4.64839	-5.22979	-11.0148	0.753796	0.246202	1.73485e-06	0.362846
854	-4.9308	-5.41703	-10.5051	0.735712	0.264284	3.73866e-06	0.378152
855	-10.5926	-9.06665	-10.3718	0.271118	0.728429	0.000452829	0.775386
856	-10.7957	-9.39639	-12.0731	0.296954	0.702935	0.000110874	0.750105
857	-4.04238	-4.91001	-13.1722	0.803009	0.196991	1.16576e-07	0.321231
858	-4.46791	-4.89136	-9.41465	0.723322	0.276671	6.88496e-06	0.388657
859	-6.5573	-7.16368	-12.7628	0.758403	0.241595	2.05022e-06	0.358955
860	-3.87884	-4.48951	-10.6091	0.75919	0.240809	1.21433e-06	0.358281
861	-8.07676	-8.42356	-12.1406	0.707715	0.292269	1.62876e-05	0.401944
862	-9.62411	-8.30756	-11.6727	0.314524	0.685422	5.43104e-05	0.734685
863	-7.89066	-8.48189	-14.1297	0.755617	0.244381	1.97539e-06	0.36131
864	-4.15537	-4.70606	-10.3812	0.748055	0.251943	1.9816e-06	0.367701
865	-4.30802	-4.94724	-11.5195	0.764372	0.235628	7.55652e-07	0.353897
866	-4.22841	-4.65901	-9.33701	0.724752	0.275242	5.86764e-06	0.387438
867	-21.6208	-18.432	-18.9532	0.0658319	0.932898	0.00127015	0.957136
868	-26.4753	-21.438	-20.1144	0.010897	0.980656	0.00844746	1.0758
869	-17.6535	-14.4626	-15.1498	0.0657149	0.933209	0.00107624	0.955283
870	-30.2698	-25.0397	-21.702	0.00853419	0.931348	0.0601176	1.59779
871	-11.974	-12.3186	-16.0035	0.707246	0.292737	1.68469e-05	0.402346
872	-10.1029	-8.7418	-11.6243	0.304992	0.694918	8.92214e-05	0.743093
873	-3.67308	-4.27513	-10.3933	0.75761	0.242389	1.2241e-06	0.359617
874	-15.473	-12.3493	-13.8409	0.0700029	0.929518	0.000479549	0.945654
875	-11.4596	-10.2469	-14.1989	0.33735	0.662621	2.91962e-05	0.715137
876	-4.67253	-5.28804	-11.6617	0.760072	0.239927	9.38466e-07	0.357533
877	-20.6146	-15.473	-13.0008	0.00965224	0.964157	0.0261911	1.25542
878	-13.2019	-11.8611	-14.3478	0.309304	0.690565	0.000131714	0.739876
879	-16.4698	-17.1096	-23.0354	0.764467	0.235531	1.44174e-06	0.353823
880	-3.67308	-4.27513	-10.3933	0.75761	0.242389	1.2241e-06	0.359617
881	-13.1693	-13.6643	-18.781	0.737421	0.262576	3.61006e-06	0.376707
882	-22.2353	-20.6441	-20.2157	0.257846	0.739552	0.00260251	0.808238
883	-31.7828	-24.7885	-20.112	0.00125813	0.801397	0.197345	2.98494
884	-10.4614	-9.08372	-11.7587	0.30149	0.6984	0.000110344	0.746266
885	-7.7698	-8.26419	-13.3733	0.737295	0.262702	3.63894e-06	0.376814
886	-17.607	-14.5307	-16.0977	0.0731555	0.926401	0.000443205	0.942623
887	-4.29148	-4.96844	-11.8233	0.771099	0.2289	5.53351e-07	0.348208
888	-24.6253	-21.4059	-21.6494	0.0639485	0.934372	0.00167941	0.962846
889	-15.043	-11.8347	-12.2884	0.0646362	0.934003	0.00136048	0.959055
890	-3.67308	-4.27513	-10.3933	0.75761	0.242389	1.2241e-06	0.359617
891	-15.4313	-14.0938	-17.2174	0.310026	0.689904	6.96001e-05	0.73864
892	-13.2216	-11.829	-14.4358	0.29834	0.701541	0.000118664	0.749012
893	-14.0816	-12.7316	-15.0958	0.307327	0.692523	0.000149291	0.741724
894	-17.2058	-15.9339	-19.6944	0.324248	0.675716	3.60562e-05	0.726282
895	-26.9565	-21.8503	-19.3119	0.00997951	0.962093	0.0279272	1.27261
896	-19.9166	-18.3242	-19.7145	0.258184	0.741393	0.000423274	0.786021
897	-15.2835	-13.3193	-13.3779	0.193282	0.804978	0.00174053	0.854138
898	-8.40316	-7.13129	-10.9046	0.32424	0.675724	3.55959e-05	0.726283
899	-17.2198	-13.9645	-15.9908	0.0619179	0.937799	0.000283457	0.950514
900	-18.175	-14.8902	-15.0992	0.0601403	0.938114	0.00174527	0.966728
901	-13.5831	-11.8903	-12.9481	0.239399	0.759996	0.000605043	0.803729
902	-14.9125	-15.3685	-19.9863	0.729783	0.270211	6.11794e-06	0.383188
903	-28.1194	-22.8832	-19.4597	0.00843767	0.926402	0.0651607	1.64862
904	-10.7087	-9.10695	-9.43843	0.256201	0.742577	0.00122225	0.795738
905	-3.58184	-4.01633	-8.53776	0.725526	0.274467	6.84283e-06	0.386793
906	-13.7283	-12.3589	-15.222	0.30323	0.696679	9.11997e-05	0.744602
907	-15.9132	-12.5995	-12.154	0.0584313	0.93821	0.00335866	0.984409
908	-31.7778	-25.5032	-20.1934	0.0021977	0.681616	0.316187	4.18013
909	-11.7499	-10.2577	-11.8199	0.277864	0.721789	0.000347025	0.768618
910	-24.3818	-21.0402	-20.4293	0.0568784	0.939155	0.00396658	0.99184
911	-4.43909	-4.81867	-8.76804	0.714453	0.285534	1.26138e-05	0.396211
912	-14.8268	-13.5174	-16.7241	0.316054	0.683882	6.34881e-05	0.733484
913	-11.663	-12.1081	-16.7546	0.727634	0.27236	5.99204e-06	0.385003
914	-4.49623	-4.9687	-9.7649	0.733026	0.266969	5.05676e-06	0.380436
915	-10.1819	-8.71597	-10.7216	0.283202	0.716577	0.000221101	0.762839
916	-4.29148	-4.96843	-11.8232	0.771099	0.2289	5.53368e-07	0.348208
917	-4.89062	-5.26829	-9.08102	0.71406	0.285925	1.44804e-05	0.396562
918	-4.20605	-4.69427	-9.71503	0.736096	0.2639	3.99325e-06	0.37783
919	-8.98773	-7.53373	-9.5651	0.285627	0.714158	0.000214764	0.760726
920	-8.84443	-7.43974	-10.0089	0.29582	0.704057	0.000123655	0.751193
921	-3.83088	-4.33675	-9.51305	0.739513	0.260483	3.37379e-06	0.374936
922	-18.0273	-14.7359	-14.5419	0.0597118	0.937678	0.00261012	0.975794
923	-16.7078	-16.9585	-19.6692	0.687427	0.312526	4.76467e-05	0.419409
924	-15.5774	-15.9006	-19.1216	0.702799	0.297173	2.71968e-05	0.406209
925	-3.63349	-4.07935	-8.63715	0.727784	0.272209	6.54414e-06	0.384882
926	-4.07002	-4.54241	-9.2599	0.733009	0.266986	5.47122e-06	0.380455
927	-3.63349	-4.07935	-8.63715	0.727784	0.272209	6.54414e-06	0.384882
928	-4.55574	-4.80292	-7.49588	0.68667	0.313281	4.86152e-05	0.420058
929	-4.55574	-4.80292	-7.49588	0.68667	0.313281	4.86152e-05	0.420058
930	-11.8509	-10.2719	-11.4699	0.260747	0.738742	0.000511186	0.784739
931	-9.14854	-7.67519	-9.40823	0.281674	0.718035	0.000290987	0.764834
932	-4.16521	-4.6117	-9.32663	0.727912	0.272083	5.59e-06	0.384764
933	-7.26375	-7.66288	-11.1482	0.71842	0.28156	1.97838e-05	0.392931
934	-11.5357	-11.1512	-11.1689	0.537641	0.46132	0.00103918	0.555999
935	-22.4307	-20.848	-21.4434	0.259912	0.739154	0.000934373	0.789704
936	-3.63349	-4.07935	-8.63715	0.727784	0.272209	6.54414e-06	0.384882
937	-3.95016	-4.49099	-9.86984	0.746191	0.253806	2.68457e-06	0.369284
938	-11.232	-9.75928	-11.3455	0.281786	0.717877	0.000336928	0.765202
939	-30.2707	-24.3193	-19.4288	0.00340174	0.76368	0.232918	3.34113
940	-9.06723	-7.73737	-11.108	0.311663	0.688283	5.42347e-05	0.737102
941	-14.513	-11.3783	-12.8217	0.0692876	0.930209	0.000503601	0.9465
942	-21.4478	-16.3757	-14.4791	0.0104601	0.974649	0.0148906	1.14101
943	-8.77817	-7.50202	-11.1276	0.323301	0.676658	4.13193e-05	0.727135
944	-21.1559	-17.9956	-18.8651	0.0676308	0.931474	0.000895264	0.951842
945	-20.7982	-15.7091	-13.9352	0.0103029	0.976501	0.0131965	1.1241
946	-24.1641	-19.1198	-16.7869	0.0106645	0.966493	0.0228421	1.22086
947	-23.106	-19.9651	-21.3786	0.0688864	0.930594	0.000519139	0.946996
948	-27.0998	-21.8909	-18.9968	0.00890743	0.95167	0.0394221	1.3892
949	-15.5164	-12.2184	-12.116	0.0593636	0.938253	0.00238325	0.973805
950	-10.5288	-9.20192	-11.9959	0.312284	0.68762	9.64499e-05	0.737002
951	-18.3746	-15.2711	-16.4145	0.0713118	0.92801	0.000678168	0.946546
952	-17.7825	-14.5825	-15.1313	0.0651459	0.933618	0.00123655	0.957377
953	-15.746	-12.5147	-12.9325	0.0632571	0.935331	0.0014122	0.960742
954	-9.63794	-8.31937	-11.6163	0.314088	0.685854	5.81793e-05	0.735092
955	-24.0083	-18.915	-17.168	0.0102644	0.976884	0.0128511	1.12065
956	-21.7432	-18.5727	-19.4455	0.0669899	0.932117	0.000892899	0.95236
957	-13.8566	-14.4051	-20.0228	0.747634	0.252364	2.10206e-06	0.368059
958	-3.67308	-4.27513	-10.3933	0.75761	0.242389	1.22407e-06	0.359617
959	-32.412	-29.1234	-29.0458	0.0598886	0.937787	0.00232387	0.972764
960	-19.1347	-15.8994	-16.3478	0.0630222	0.935608	0.00137006	0.960516
963	-12.1683	-11.9327	-12.577	0.574636	0.424853	0.000511423	0.519417
964	-32.3457	-25.446	-21.0748	0.00145851	0.845173	0.153368	2.54221
965	-5.39927	-5.87902	-10.8673	0.734448	0.265548	4.15093e-06	0.379225
966	-16.7595	-15.4394	-17.9663	0.313737	0.686137	0.000125711	0.736068
967	-10.1378	-8.90868	-13.1827	0.333693	0.666286	2.12738e-05	0.718149
968	-26.9958	-22.0696	-21.7039	0.0122252	0.984521	0.00325388	1.02241
969	-7.94458	-8.28781	-11.9695	0.706977	0.293006	1.6917e-05	0.402574
970	-22.1561	-20.8342	-23.3894	0.313347	0.686531	0.000122276	0.736363
971	-4.56353	-5.08972	-10.4733	0.743407	0.25659	2.70121e-06	0.371637
972	-12.372	-11.0389	-13.9403	0.31095	0.688963	8.67974e-05	0.738032
973	-10.1993	-10.7983	-16.9118	0.757052	0.242947	1.23274e-06	0.360089
974	-8.61146	-7.42036	-12.0288	0.342189	0.657796	1.50328e-05	0.710905
975	-10.6285	-9.30401	-12.5661	0.31282	0.68712	6.03511e-05	0.736186
976	-4.46791	-4.89136	-9.41465	0.723322	0.276671	6.88496e-06	0.388657
977	-8.81411	-7.56955	-11.4905	0.330257	0.669713	3.04388e-05	0.721146
978	-3.82061	-4.41789	-10.5019	0.756733	0.243266	1.27112e-06	0.360359
979	-3.87422	-4.55485	-11.498	0.771748	0.228252	5.0514e-07	0.347659
980	-4.18054	-4.76914	-10.6603	0.75513	0.244869	1.55176e-06	0.361717
981	-7.46211	-7.8776	-11.9824	0.721724	0.278265	1.05232e-05	0.390044
982	-3.92424	-4.62586	-11.6719	0.775424	0.224575	4.48434e-07	0.344551
983	-14.7871	-11.46	-11.1843	0.0577291	0.939433	0.00283777	0.979761
984	-10.989	-11.3318	-15.0316	0.706882	0.293101	1.66193e-05	0.402651
985	-4.57911	-5.23606	-11.9065	0.767549	0.23245	6.75711e-07	0.35121
986	-15.7543	-14.3137	-16.456	0.288359	0.711449	0.000191473	0.758181
987	-15.2047	-12.0538	-13.349	0.0682466	0.931169	0.00058467	0.948196
988	-3.82061	-4.41789	-10.5019	0.756733	0.243266	1.27112e-06	0.360359
989	-11.6893	-12.3908	-19.4304	0.775405	0.224594	4.51318e-07	0.344567
990	-3.67308	-4.27513	-10.3933	0.75761	0.242389	1.22407e-06	0.359617
991	-8.96649	-7.70636	-11.7493	0.326822	0.673151	2.70801e-05	0.724015
992	-7.62856	-7.98121	-11.0308	0.708915	0.291053	3.16187e-05	0.401084
993	-7.60383	-8.19252	-13.7618	0.755148	0.244849	2.14073e-06	0.361707
994	-7.28027	-7.89132	-13.5977	0.75926	0.240738	1.83512e-06	0.358228
995	-3.82061	-4.41789	-10.5019	0.756733	0.243266	1.27112e-06	0.360359
996	-7.89881	-8.3019	-12.2626	0.719225	0.280762	1.22627e-05	0.392174
997	-14.601	-12.6535	-12.3413	0.195747	0.801741	0.00251171	0.859815
998	-8.46859	-9.05332	-14.3596	0.754415	0.245582	2.79298e-06	0.362334
999	-7.82853	-8.27034	-12.6181	0.726982	0.27301	8.09763e-06	0.385576
1000	-4.29148	-4.96844	-11.8233	0.7711	0.2289	5.53334e-07	0.348207
1001	-4.57911	-5.23606	-11.9065	0.767549	0.23245	6.75711e-07	0.35121
1002	-4.46201	-4.95056	-10.0082	0.736161	0.263836	3.84784e-06	0.377774
1003	-3.67308	-4.27513	-10.3933	0.75761	0.242389	1.22407e-06	0.359617
1004	-4.1836	-4.83897	-11.2241	0.767267	0.232733	8.99881e-07	0.351451
1005	-20.7102	-19.2933	-20.6964	0.293198	0.706404	0.000398146	0.756172
1006	-3.82874	-4.35723	-9.7156	0.743845	0.256152	2.76542e-06	0.371267
1007	-16.2491	-14.9929	-18.9763	0.327687	0.672284	2.87059e-05	0.7233
1008	-35.7222	-32.4055	-31.3463	0.0581011	0.935711	0.00618741	1.01316
1009	-12.9716	-11.5949	-14.2527	0.301695	0.698193	0.000112228	0.746111
1010	-4.46201	-4.95056	-10.0082	0.736161	0.263836	3.84784e-06	0.377774
1011	-11.5523	-12.0798	-17.4793	0.743664	0.256334	2.65607e-06	0.37142
1012	-10.0948	-8.71014	-11.8075	0.300018	0.69991	7.24827e-05	0.747129
1013	-24.8003	-19.6307	-17.0849	0.00936973	0.962487	0.0281435	1.27531
1014	-3.82061	-4.41789	-10.5019	0.756733	0.243266	1.27112e-06	0.360359
1015	-4.67253	-5.28804	-11.6617	0.760073	0.239926	9.3844e-07	0.357532
1016	-4.67253	-5.28804	-11.6617	0.760073	0.239926	9.3844e-07	0.357532
1017	-11.9578	-10.5685	-13.1447	0.299028	0.70085	0.000122231	0.748467
1018	-4.66513	-5.2533	-11.2428	0.755052	0.244947	1.40678e-06	0.361781
1019	-4.83371	-5.18095	-8.94149	0.70781	0.292175	1.55897e-05	0.401857
1020	-4.29148	-4.96844	-11.8233	0.7711	0.2289	5.53334e-07	0.348207
1021	-12.5901	-11.321	-14.9759	0.324842	0.675118	4.00371e-05	0.72582
1022	-12.7215	-11.4391	-15.0426	0.321924	0.678033	4.23303e-05	0.728309
1023	-4.04238	-4.91001	-13.1722	0.803009	0.196991	1.16576e-07	0.321231
1024	-17.2777	-15.907	-18.3075	0.302956	0.6969	0.000144887	0.745375
1025	-19.4685	-16.1517	-15.9291	0.058304	0.939006	0.0026898	0.977786
1026	-11.0856	-11.6096	-16.9172	0.742997	0.257	2.91914e-06	0.371986
1027	-3.67308	-4.27513	-10.3933	0.75761	0.242389	1.22407e-06	0.359617
1028	-3.82874	-4.35723	-9.7156	0.743845	0.256152	2.76542e-06	0.371267
1029	-14.9482	-13.5702	-16.46	0.301424	0.698487	8.90285e-05	0.746107
1030	-16.8901	-15.8217	-20.657	0.370325	0.629664	1.14697e-05	0.687086
1031	-4.67253	-5.28804	-11.6617	0.760073	0.239926	9.3844e-07	0.357532
1032	-17.5102	-14.2296	-16.1305	0.0604643	0.939214	0.000321814	0.952129
1033	-3.82874	-4.35723	-9.7156	0.743845	0.256152	2.76542e-06	0.371267
1034	-5.01891	-5.55571	-11.0249	0.745428	0.25457	2.46007e-06	0.369927
1035	-3.67308	-4.27513	-10.3933	0.75761	0.242389	1.22407e-06	0.359617
1036	-18.0302	-16.6753	-19.2301	0.306306	0.69357	0.000123577	0.742328
1037	-14.3057	-13.019	-16.3781	0.321012	0.678934	5.41217e-05	0.729198
1038	-5.25251	-5.74749	-10.9295	0.737408	0.262589	3.38171e-06	0.376715
1039	-10.0509	-8.62976	-11.1025	0.292408	0.707455	0.000136835	0.754209
1040	-4.04238	-4.91001	-13.1722	0.803009	0.196991	1.16576e-07	0.321231
1041	-4.52095	-4.93075	-9.4153	0.720583	0.27941	7.22776e-06	0.390976
1042	-4.29148	-4.96844	-11.8233	0.7711	0.2289	5.53334e-07	0.348207
1043	-8.04637	-8.57514	-13.9831	0.743899	0.256098	2.63117e-06	0.371221
1044	-15.2219	-15.7531	-20.9845	0.744359	0.255638	3.13363e-06	0.370837
1045	-17.1855	-13.9617	-14.731	0.0637274	0.935279	0.000993556	0.956131
1046	-5.01891	-5.55571	-11.0249	0.745428	0.25457	2.46007e-06	0.369927
1047	-3.73247	-4.35071	-10.5191	0.76057	0.239429	1.14993e-06	0.357114
1048	-12.9637	-11.6963	-15.2735	0.325228	0.674729	4.32473e-05	0.725525
1049	-3.82061	-4.41789	-10.5019	0.756733	0.243266	1.27112e-06	0.360359
1050	-8.53252	-7.25321	-10.9843	0.322614	0.677348	3.72226e-05	0.727674
1051	-7.28027	-7.89132	-13.5977	0.75926	0.240738	1.83512e-06	0.358228
1052	-15.6253	-16.1863	-21.7921	0.749997	0.250001	2.10739e-06	0.366061
1053	-17.4211	-17.9295	-23.083	0.739997	0.26	3.44504e-06	0.374527
1054	-4.67253	-5.28804	-11.6617	0.760073	0.239926	9.3844e-07	0.357532
1055	-10.6003	-11.2216	-17.6289	0.761126	0.238873	9.03416e-07	0.356642
1056	-4.29148	-4.96844	-11.8233	0.7711	0.2289	5.53334e-07	0.348207
1057	-7.99597	-8.51626	-13.8982	0.742281	0.257716	2.7175e-06	0.372589
1058	-24.3007	-23.0084	-26.2204	0.319788	0.680149	6.28133e-05	0.73032
1059	-32.8378	-33.1829	-36.8913	0.707382	0.292602	1.64488e-05	0.402227
1060	-4.66513	-5.2533	-11.2428	0.755052	0.244947	1.40678e-06	0.361781
1061	-10.177	-10.6659	-15.7276	0.736229	0.263767	3.83093e-06	0.377716
1062	-7.51214	-8.048	-13.5543	0.745249	0.254749	2.37201e-06	0.370077
1063	-5.25251	-5.74749	-10.9295	0.737408	0.262589	3.38171e-06	0.376715
1064	-4.83371	-5.18095	-8.94149	0.70781	0.292175	1.55897e-05	0.401857
1065	-4.67253	-5.28804	-11.6617	0.760073	0.239926	9.3844e-07	0.357532
1066	-12.2036	-11.0329	-15.6036	0.346794	0.65319	1.55018e-05	0.707017
1067	-11.6222	-10.2902	-13.0166	0.311177	0.688719	0.000103359	0.738007
1068	-10.2212	-9.03564	-13.3723	0.343441	0.656539	1.96897e-05	0.709893
1069	-9.00818	-7.70791	-11.1456	0.318045	0.681904	5.02491e-05	0.731667
1070	-5.03003	-5.54973	-10.8431	0.742169	0.257828	2.97058e-06	0.372687
1071	-7.01361	-7.6556	-13.6643	0.764869	0.23513	1.32471e-06	0.353482
1072	-24.1329	-20.8825	-21.0956	0.0621129	0.936153	0.0017345	0.964952
1073	-5.01891	-5.55571	-11.0249	0.745428	0.25457	2.46007e-06	0.369927
1074	-4.67253	-5.28804	-11.6617	0.760073	0.239926	9.3844e-07	0.357532
1075	-4.99686	-5.52183	-10.8405	0.743174	0.256823	2.88492e-06	0.371836
1076	-4.83371	-5.18095	-8.94149	0.70781	0.292175	1.55897e-05	0.401857
1077	-4.62236	-5.16511	-10.6994	0.746554	0.253444	2.29484e-06	0.368973
1078	-11.2608	-11.6101	-15.3923	0.70823	0.291755	1.52339e-05	0.401498
1079	-4.29148	-4.96844	-11.8233	0.7711	0.2289	5.53334e-07	0.348207
1080	-3.87884	-4.48951	-10.6091	0.75919	0.240809	1.21433e-06	0.358281
1081	-7.28027	-7.89132	-13.5977	0.75926	0.240738	1.83512e-06	0.358228
1082	-4.54922	-5.09325	-10.6789	0.746796	0.253202	2.17779e-06	0.368768
1083	-7.70175	-8.11252	-11.8399	0.720772	0.279212	1.5401e-05	0.390898
1084	-9.22599	-7.94834	-11.8008	0.322976	0.676991	3.29511e-05	0.727326
1085	-15.5435	-15.9749	-20.3358	0.724911	0.275081	8.05213e-06	0.387326
1086	-22.0781	-17.2516	-17.8653	0.0135177	0.985259	0.00122291	1.00088
1087	-10.713	-11.2379	-16.5554	0.743157	0.25684	2.88842e-06	0.371851
1088	-4.66085	-5.09841	-9.41911	0.726136	0.273855	8.34527e-06	0.386293
1089	-12.706	-13.1157	-16.7763	0.720566	0.279418	1.6476e-05	0.391084
1090	-3.67308	-4.27513	-10.3933	0.75761	0.242389	1.22407e-06	0.359617
1091	-9.6585	-10.2777	-16.6843	0.760754	0.239245	9.05456e-07	0.356956
1092	-9.10984	-9.5046	-13.5653	0.717542	0.282447	1.11626e-05	0.393586
1093	-3.73247	-4.35071	-10.5191	0.76057	0.239429	1.14993e-06	0.357114
1094	-9.81264	-8.54882	-12.3534	0.32601	0.673956	3.44096e-05	0.724776
1095	-4.9308	-5.41703	-10.5051	0.735712	0.264284	3.73866e-06	0.378152
1096	-4.57911	-5.23606	-11.9065	0.767549	0.23245	6.75711e-07	0.35121
1097	-5.01891	-5.55571	-11.0249	0.745428	0.25457	2.46007e-06	0.369927
1098	-29.681	-26.5126	-27.233	0.0671138	0.931847	0.0010396	0.953732
1099	-10.2929	-8.88024	-11.3545	0.29416	0.705704	0.00013628	0.752723
1100	-4.46201	-4.95056	-10.0082	0.736161	0.263836	3.84784e-06	0.377774
1101	-3.87884	-4.48951	-10.6091	0.75919	0.240809	1.21433e-06	0.358281
1102	-15.4471	-14.2614	-18.8806	0.343388	0.656597	1.4844e-05	0.709889
1103	-12.4663	-12.8808	-16.9188	0.721518	0.278471	1.12578e-05	0.390226
1104	-6.97748	-7.40773	-11.734	0.724681	0.275311	8.34282e-06	0.387523
1105	-18.7945	-16.9325	-18.729	0.210009	0.789691	0.000300345	0.825506
1106	-11.8213	-10.4995	-13.6189	0.313404	0.686527	6.95555e-05	0.735785
1107	-4.83371	-5.18095	-8.94149	0.70781	0.292175	1.55897e-05	0.401857
1108	-3.87422	-4.55485	-11.498	0.771748	0.228252	5.0514e-07	0.347659
1109	-23.1981	-20.032	-20.9752	0.0672659	0.931902	0.000831969	0.951514
1110	-3.67308	-4.27513	-10.3933	0.75761	0.242389	1.22407e-06	0.359617
1111	-19.0454	-15.8021	-16.0489	0.0625335	0.93579	0.00167636	0.964012
1112	-3.87422	-4.55485	-11.498	0.771748	0.228252	5.0514e-07	0.347659
1113	-9.79222	-8.48728	-12.1808	0.317037	0.682924	3.89641e-05	0.732406
1114	-7.53864	-8.20449	-14.4887	0.769133	0.230866	9.87509e-07	0.349874
1115	-25.0594	-19.9645	-18.2629	0.0102532	0.97746	0.0122871	1.11499
1116	-3.67308	-4.27513	-10.3933	0.75761	0.242389	1.22407e-06	0.359617
1117	-4.15537	-4.70607	-10.3812	0.748055	0.251943	1.98155e-06	0.367701
1118	-4.29148	-4.96844	-11.8233	0.7711	0.2289	5.53334e-07	0.348207
1119	-4.29752	-4.76863	-9.65064	0.732759	0.267237	4.6456e-06	0.380658
1120	-4.56888	-5.16111	-11.0829	0.755802	0.244197	1.50083e-06	0.361148
1121	-11.0768	-9.86465	-14.1117	0.337461	0.662517	2.1733e-05	0.714969
1122	-4.29148	-4.96844	-11.8233	0.7711	0.2289	5.53334e-07	0.348207
1123	-3.92424	-4.62586	-11.6719	0.775424	0.224575	4.48434e-07	0.344551
1124	-21.5987	-20.2687	-22.6915	0.311599	0.688261	0.000139936	0.738019
1125	-7.54706	-8.14396	-13.8502	0.756662	0.243336	1.85519e-06	0.360424
1126	-4.52095	-4.93075	-9.4153	0.720583	0.27941	7.22776e-06	0.390976
1127	-4.25583	-4.87482	-11.3249	0.760709	0.239291	8.67092e-07	0.356994
1128	-4.4665	-5.0241	-10.6691	0.749354	0.250644	2.03161e-06	0.366604
1129	-18.6352	-15.5401	-17.2937	0.0718982	0.927733	0.000368335	0.942932
1130	-15.3632	-14.1444	-17.8823	0.33598	0.663984	3.62402e-05	0.716366
1131	-34.9203	-29.7506	-27.3852	0.00941272	0.96698	0.0236076	1.22962
1132	-11.1502	-9.86669	-13.4174	0.321702	0.678254	4.46391e-05	0.72852
1133	-7.25117	-7.63899	-11.4118	0.71613	0.283855	1.49614e-05	0.394818
1134	-12.6665	-11.3343	-14.662	0.31116	0.688784	5.66626e-05	0.737552
1135	-9.80386	-8.45638	-11.4906	0.307886	0.692038	7.63419e-05	0.740518
1136	-8.61146	-7.42036	-12.0288	0.342189	0.657796	1.50328e-05	0.710905
1137	-4.46201	-4.95056	-10.0082	0.736161	0.263836	3.84784e-06	0.377774
1138	-12.78	-11.5693	-15.8197	0.3378	0.662178	2.16488e-05	0.714681
1139	-26.4145	-19.4598	-15.481	0.00145288	0.889532	0.109015	2.09586
1140	-8.28098	-8.99091	-14.8491	0.776866	0.223132	1.46139e-06	0.343342
1141	-22.2225	-18.4752	-18.0632	0.0386738	0.958009	0.00331669	1.00069
1142	-7.58431	-8.1176	-13.5316	0.744759	0.255238	2.60636e-06	0.370493
1143	-9.4097	-8.1452	-12.0831	0.32586	0.67411	3.01225e-05	0.724859
1144	-9.42039	-9.85059	-14.4735	0.724671	0.275322	6.20184e-06	0.387509
1145	-7.82416	-8.40932	-14.1424	0.754495	0.245503	1.82219e-06	0.362256
1146	-9.30623	-9.94574	-16.4521	0.764424	0.235575	8.06928e-07	0.353853
1162	-3.87884	-4.48951	-10.6091	0.75919	0.240809	1.21434e-06	0.358282
1163	-4.4665	-5.0241	-10.6691	0.749353	0.250645	2.03163e-06	0.366604
1164	-4.25583	-4.87482	-11.3249	0.760708	0.239291	8.67104e-07	0.356994
1165	-3.82874	-4.35723	-9.71559	0.743845	0.256152	2.76546e-06	0.371268
1166	-9.00818	-7.70791	-11.1456	0.318045	0.681905	5.02497e-05	0.731667
1167	-8.18091	-8.73	-14.355	0.747752	0.252246	2.08584e-06	0.367958
1168	-3.87884	-4.48951	-10.6091	0.75919	0.240809	1.21434e-06	0.358282
1169	-8.65498	-7.31254	-10.4141	0.308964	0.690965	7.12597e-05	0.739555
1170	-15.5017	-14.1358	-16.6947	0.303968	0.695909	0.000123489	0.744304
1171	-11.3905	-10.2049	-14.7409	0.343418	0.656566	1.61312e-05	0.709877
1172	-4.29752	-4.76863	-9.65063	0.732759	0.267237	4.64565e-06	0.380658
1173	-15.4992	-14.227	-16.6387	0.324129	0.675733	0.000138925	0.727418
1174	-7.79099	-8.40901	-14.2799	0.76053	0.239468	1.54854e-06	0.357152
1175	-17.3184	-17.9696	-24.4764	0.766526	0.233473	7.99388e-07	0.352076
1176	-16.8742	-13.5887	-13.5233	0.0600666	0.937638	0.00229534	0.972326
1177	-4.87262	-5.42841	-11.1299	0.749013	0.250985	1.92272e-06	0.366891
1178	-16.3188	-16.8697	-22.5407	0.748079	0.251919	1.98955e-06	0.367681
1179	-10.3751	-10.9857	-17.09	0.759171	0.240828	1.23321e-06	0.358298
1180	-28.3311	-24.8528	-23.9474	0.0499102	0.944733	0.00535667	1.01172
1181	-12.9628	-11.664	-14.8297	0.318354	0.68158	6.59244e-05	0.731564
1182	-3.82874	-4.35723	-9.71559	0.743845	0.256152	2.76546e-06	0.371268
1183	-3.67308	-4.27513	-10.3933	0.75761	0.242389	1.22408e-06	0.359617
1184	-3.67308	-4.27513	-10.3933	0.75761	0.242389	1.22408e-06	0.359617
1185	-4.29148	-4.96844	-11.8233	0.7711	0.2289	5.53343e-07	0.348208
1186	-10.1409	-8.66985	-10.6993	0.282165	0.717619	0.000216216	0.763667
1187	-4.4665	-5.0241	-10.6691	0.749353	0.250645	2.03163e-06	0.366604
1188	-4.46201	-4.95055	-10.0082	0.73616	0.263836	3.84788e-06	0.377774
1189	-4.29148	-4.96844	-11.8233	0.7711	0.2289	5.53343e-07	0.348208
1190	-12.6577	-13.1675	-18.3317	0.74028	0.259716	3.40494e-06	0.374287
1191	-3.73247	-4.3507	-10.519	0.760569	0.239429	1.14995e-06	0.357115
1192	-28.8396	-23.8346	-22.4544	0.0112457	0.979823	0.00893146	1.08038
1193	-32.2799	-29.0768	-29.9157	0.0649792	0.934095	0.000925583	0.954389
1194	-22.7418	-19.5997	-20.9989	0.0688155	0.930658	0.000526632	0.947131
1195	-24.5844	-21.348	-21.9371	0.0629643	0.935845	0.0011905	0.958758
1196	-12.5915	-11.2645	-14.4722	0.312278	0.687658	6.3777e-05	0.736678
1197	-4.1836	-4.83897	-11.2241	0.767266	0.232733	8.99894e-07	0.351451
1198	-7.48891	-8.08619	-13.8657	0.756733	0.243266	1.72356e-06	0.360364
1199	-19.2448	-14.2243	-13.2425	0.0111068	0.982878	0.00601531	1.05115
1200	-14.3133	-12.308	-12.2714	0.186915	0.811156	0.00192904	0.861417
1201	-9.06455	-9.68716	-15.9817	0.761366	0.238633	1.01023e-06	0.35644
1202	-15.5241	-14.2524	-17.632	0.324278	0.67567	5.27686e-05	0.726424
1203	-10.2015	-10.7253	-16.0439	0.742953	0.257044	2.88773e-06	0.372023
1204	-9.60913	-8.34449	-12.1875	0.325829	0.674138	3.31214e-05	0.724916
1205	-9.63794	-8.31937	-11.6163	0.314088	0.685854	5.81801e-05	0.735092
1206	-4.8337	-5.18095	-8.94148	0.70781	0.292175	1.55898e-05	0.401857
1207	-8.71644	-7.44564	-11.2385	0.324476	0.675489	3.48954e-05	0.726077
1208	-7.79466	-8.44078	-14.7137	0.765612	0.234387	1.01394e-06	0.352851
1209	-17.3961	-17.9499	-23.6553	0.74864	0.251358	1.91792e-06	0.367206
1210	-10.6718	-9.54167	-14.1532	0.356048	0.643937	1.46708e-05	0.699186
1211	-10.0843	-8.74404	-11.7562	0.309431	0.690491	7.7869e-05	0.739226
1212	-10.2346	-10.7235	-15.785	0.736225	0.263771	3.83193e-06	0.37772
1213	-12.4739	-11.2997	-15.8128	0.346023	0.65396	1.64411e-05	0.707678
1214	-4.68381	-5.23863	-10.849	0.748832	0.251166	2.1076e-06	0.367046
1215	-18.7733	-15.7135	-17.7508	0.0742917	0.925432	0.000276657	0.939987
1216	-11.7243	-12.2442	-17.5475	0.742203	0.257794	2.94066e-06	0.372657
1217	-7.79466	-8.44078	-14.7137	0.765612	0.234387	1.01394e-06	0.352851
1218	-4.52095	-4.93075	-9.41529	0.720583	0.27941	7.22783e-06	0.390976
1219	-11.8448	-10.5047	-13.397	0.309455	0.690458	8.77863e-05	0.739307
1220	-8.85103	-9.40964	-14.741	0.749543	0.250455	2.77809e-06	0.366452
1221	-4.29148	-4.96844	-11.8233	0.7711	0.2289	5.53343e-07	0.348208
1222	-3.67308	-4.27513	-10.3933	0.75761	0.242389	1.22408e-06	0.359617
1223	-18.5592	-15.3852	-16.1644	0.0667663	0.932253	0.000980722	0.953433
1229	-9.60338	-8.4203	-12.9505	0.343997	0.655986	1.62113e-05	0.709388
1230	-4.62236	-5.16511	-10.6994	0.746553	0.253444	2.29489e-06	0.368974
1231	-37.1822	-29.9931	-24.657	0.000874444	0.676823	0.322303	4.24279
1232	-3.82874	-4.35723	-9.71558	0.743845	0.256152	2.76549e-06	0.371268
1233	-14.954	-11.7812	-12.6712	0.0668453	0.932277	0.000877811	0.952331
1234	-11.0513	-9.6306	-11.8279	0.29247	0.70735	0.000180199	0.754593
1235	-16.6513	-13.4503	-14.0178	0.0650855	0.933701	0.0012137	0.957198
1236	-6.63654	-7.15727	-12.4698	0.742365	0.257632	2.91186e-06	0.372521
1237	-26.3904	-21.1824	-18.4351	0.00896406	0.956813	0.034223	1.33683
1238	-4.57911	-5.23606	-11.9065	0.767549	0.23245	6.75731e-07	0.35121
1239	-8.71305	-9.16722	-12.9804	0.729423	0.270563	1.36965e-05	0.383569
1240	-4.25958	-4.91592	-11.5943	0.76744	0.232559	6.70704e-07	0.351302
1241	-5.39927	-5.87902	-10.8673	0.734448	0.265548	4.15101e-06	0.379225
1242	-5.09223	-5.62157	-10.9284	0.744007	0.25599	2.90983e-06	0.371132
1243	-4.0288	-4.77906	-12.0574	0.783779	0.216221	3.42252e-07	0.337488
1244	-10.1419	-8.77995	-11.7089	0.304802	0.695113	8.51921e-05	0.743213
1245	-4.04238	-4.91001	-13.1721	0.803008	0.196992	1.16581e-07	0.321231
1246	-4.29148	-4.96844	-11.8233	0.771099	0.2289	5.53351e-07	0.348208
1247	-4.52086	-4.93017	-9.40884	0.720483	0.279509	7.27297e-06	0.39106
1248	-14.3293	-11.1769	-12.4515	0.0681553	0.931248	0.000596916	0.948397
1249	-17.7799	-18.3596	-24.1243	0.753489	0.24651	1.77269e-06	0.363106
1250	-4.67215	-5.28691	-11.6517	0.759937	0.240062	9.47317e-07	0.357647
1251	-22.9968	-19.8104	-20.5825	0.0659913	0.93302	0.000988391	0.954165
1252	-9.11876	-9.7358	-15.8486	0.760352	0.239647	1.21667e-06	0.357299
1253	-11.3489	-11.7689	-16.2378	0.722629	0.277364	7.28775e-06	0.389247
1254	-21.5051	-19.5811	-20.6058	0.199842	0.7995	0.000657925	0.837698
1255	-8.80586	-9.17962	-12.9201	0.713261	0.286723	1.56085e-05	0.397249
1256	-16.821	-15.5055	-18.2149	0.314739	0.685157	0.000104597	0.735009
1257	-3.67268	-4.274	-10.3835	0.757476	0.242523	1.23542e-06	0.35973
1258	-3.87842	-4.48835	-10.5991	0.759054	0.240944	1.22577e-06	0.358396
1259	-3.73204	-4.34953	-10.5089	0.760433	0.239566	1.16091e-06	0.35723
1260	-12.2435	-10.9907	-14.6987	0.328428	0.671534	3.77643e-05	0.722765
1261	-4.67215	-5.28691	-11.6517	0.759937	0.240062	9.47317e-07	0.357647
1262	-4.54875	-5.09212	-10.6699	0.746671	0.253327	2.19602e-06	0.368873
1263	-7.87785	-8.42898	-13.7365	0.748134	0.251863	2.86085e-06	0.367643
1264	-4.29111	-4.96725	-11.8124	0.770955	0.229044	5.59107e-07	0.34833
1265	-4.54875	-5.09212	-10.6699	0.746671	0.253327	2.19602e-06	0.368873
1266	-4.68327	-5.23742	-10.8398	0.748705	0.251293	2.12558e-06	0.367153
1267	-10.4547	-9.03132	-11.2396	0.29192	0.707902	0.00017836	0.75504
1268	-4.70793	-5.29928	-11.0753	0.755638	0.24436	1.73748e-06	0.361289
1269	-9.65811	-10.2766	-16.6743	0.760618	0.239381	9.14074e-07	0.357071
1270	-4.4661	-5.02302	-10.66	0.749227	0.250771	2.04904e-06	0.366712
1271	-22.9777	-17.8934	-15.3143	0.0101867	0.960766	0.0290476	1.28371
1272	-13.4834	-12.0521	-14.3145	0.290292	0.709539	0.000169366	0.756325
1273	-29.622	-24.1504	-23.0877	0.00709896	0.986356	0.0065453	1.05987
1274	-3.73204	-4.34953	-10.5089	0.760433	0.239566	1.16091e-06	0.35723
1275	-9.99992	-8.79344	-13.1654	0.338735	0.661246	1.91443e-05	0.713865
1276	-4.14988	-4.53693	-8.60115	0.715975	0.284013	1.11852e-05	0.39491
1277	-12.742	-11.4909	-15.252	0.328791	0.671173	3.57898e-05	0.722438
1278	-11.8049	-10.5998	-14.495	0.339042	0.660927	3.08243e-05	0.713723
1279	-4.04219	-4.90877	-13.1584	0.802842	0.197158	1.18146e-07	0.321372
1280	-3.73204	-4.34953	-10.5089	0.760433	0.239566	1.16091e-06	0.35723
1281	-4.02847	-4.77781	-12.0453	0.783625	0.216375	3.46219e-07	0.337618
1282	-24.3195	-22.9819	-25.3454	0.309977	0.689874	0.000148834	0.739479
1283	-4.29111	-4.96725	-11.8124	0.770955	0.229044	5.59107e-07	0.34833
1284	-10.145	-8.78114	-11.7215	0.304414	0.695502	8.42703e-05	0.743532
1285	-12.5852	-11.2593	-14.3969	0.312495	0.687437	6.83863e-05	0.736541
1286	-15.3949	-12.1352	-12.34	0.0615696	0.93668	0.00174993	0.965567
1287	-9.97225	-8.66327	-11.8602	0.316154	0.683782	6.41063e-05	0.733406
1288	-22.2921	-19.1347	-19.8284	0.0677996	0.931134	0.00106689	0.953427
1289	-15.2388	-11.9142	-11.5464	0.0578469	0.939043	0.00311012	0.982402
1290	-9.71387	-8.47866	-12.5141	0.332328	0.667645	2.70602e-05	0.719361
1291	-3.67268	-4.274	-10.3835	0.757476	0.242523	1.23542e-06	0.35973
1292	-10.4642	-9.15767	-12.5338	0.316682	0.683264	5.35478e-05	0.732853
1293	-15.19	-13.945	-17.4795	0.330156	0.669799	4.48023e-05	0.721375
1294	-9.04639	-9.55348	-14.8237	0.739746	0.26025	3.06863e-06	0.374735
1295	-20.1353	-17.2579	-20.5574	0.0878673	0.912055	7.71681e-05	0.926504
1296	-4.4661	-5.02302	-10.66	0.749227	0.250771	2.04904e-06	0.366712
1297	-4.62186	-5.16396	-10.6904	0.746429	0.253568	2.31399e-06	0.369079
1298	-17.2299	-13.8827	-13.1431	0.0565503	0.938939	0.00451028	0.997589
1299	-12.5937	-13.1482	-18.2175	0.74876	0.251236	3.62149e-06	0.367122
1300	-4.66481	-5.25227	-11.2333	0.75492	0.245078	1.41951e-06	0.361892
1301	-13.0596	-11.797	-15.2528	0.326265	0.673687	4.87522e-05	0.724704
1302	-11.7104	-10.5003	-14.7557	0.337924	0.662054	2.15372e-05	0.714575
1303	-23.704	-22.3713	-25.43	0.311054	0.688872	7.4157e-05	0.737817
1304	-4.93031	-5.41596	-10.4971	0.735597	0.264399	3.76655e-06	0.378249
1305	-13.6509	-12.3365	-15.2723	0.314984	0.684933	8.33773e-05	0.734589
1306	-8.28379	-8.79924	-14.0646	0.741353	0.258644	3.06454e-06	0.373377
1307	-8.04592	-8.57404	-13.9742	0.743776	0.256222	2.65288e-06	0.371325
1308	-7.95124	-8.56648	-14.5552	0.760023	0.239976	1.37936e-06	0.357579
1309	-6.92404	-7.44573	-12.7592	0.742548	0.257449	2.90706e-06	0.372366
1310	-9.1248	-9.66728	-14.6393	0.746503	0.253493	4.02723e-06	0.369034
1311	-19.0229	-19.5774	-24.6488	0.748761	0.251236	3.61396e-06	0.367121
1312	-4.04219	-4.90877	-13.1584	0.802842	0.197158	1.18146e-07	0.321372
1313	-3.67268	-4.274	-10.3835	0.757476	0.242523	1.23542e-06	0.35973
1314	-25.1326	-21.9404	-22.1177	0.065589	0.93262	0.00179088	0.962581
1315	-26.2211	-24.958	-28.1175	0.326151	0.673783	6.55699e-05	0.724969
1316	-3.67268	-4.274	-10.3835	0.757476	0.242523	1.23542e-06	0.35973
1317	-3.67268	-4.274	-10.3835	0.757476	0.242523	1.23542e-06	0.35973
1318	-15.8074	-16.3508	-21.8374	0.746673	0.253324	2.40578e-06	0.368873
1319	-4.54875	-5.09212	-10.6699	0.746671	0.253327	2.19602e-06	0.368873
1320	-12.5269	-11.0951	-13.3513	0.290184	0.709646	0.000170435	0.756428
1321	-19.1203	-15.8782	-16.1411	0.062601	0.935749	0.00164958	0.963685
1322	-5.02952	-5.5486	-10.8344	0.742048	0.257949	2.9943e-06	0.372789
1323	-4.56837	-5.15988	-11.0731	0.755669	0.244329	1.51453e-06	0.36126
1324	-12.7649	-11.5324	-15.6313	0.33292	0.667054	2.53754e-05	0.718843
1325	-4.3076	-4.94605	-11.5091	0.764233	0.235766	7.63068e-07	0.354014
1326	-24.966	-19.9853	-19.2792	0.011569	0.98386	0.00457077	1.03622
1327	-4.4661	-5.02302	-10.66	0.749227	0.250771	2.04904e-06	0.366712
1328	-9.01024	-9.49807	-13.8172	0.736018	0.263974	8.05687e-06	0.377937
1329	-4.29111	-4.96725	-11.8124	0.770955	0.229044	5.59107e-07	0.34833
1330	-4.99881	-5.4847	-10.6451	0.735645	0.264352	3.47858e-06	0.378206
