Sites	Ll_YN98.omega=0.153981	Ll_YN98.omega=1	Pr_YN98.omega=0.153981	Pr_YN98.omega=1	mean
193	-4.00983	-4.70158	0.775316	0.224684	0.344068
194	-3.75417	-4.23175	0.735829	0.264171	0.377475
195	-5.08186	-5.44206	0.712392	0.287608	0.397303
196	-4.66962	-5.14744	0.735875	0.264125	0.377436
197	-9.37672	-7.88623	0.280161	0.719839	0.762979
198	-24.4374	-20.9874	0.0519955	0.948005	0.956011
199	-9.04792	-9.5183	0.734426	0.265574	0.378661
200	-8.42024	-7.03064	0.300949	0.699051	0.745391
201	-10.3574	-8.81853	0.270506	0.729494	0.771147
202	-13.4891	-11.9772	0.275853	0.724147	0.766624
203	-31.7265	-25.7688	0.00444781	0.995552	0.996237
204	-38.6365	-29.662	0.000218681	0.999781	0.999815
205	-22.8189	-19.3064	0.0490023	0.950998	0.958543
206	-5.30481	-5.66958	0.713327	0.286673	0.396512
207	-14.9618	-15.356	0.719303	0.280697	0.391456
208	-26.4276	-22.9332	0.0498529	0.950147	0.957824
209	-18.5168	-15.1365	0.0555444	0.944456	0.953008
210	-15.1811	-15.577	0.719646	0.280354	0.391166
211	-56.1152	-43.2639	4.53125e-06	0.999995	0.999996
212	-12.2245	-10.7644	0.28633	0.71367	0.757759
213	-10.73	-9.20345	0.272947	0.727053	0.769082
214	-14.183	-12.6435	0.270371	0.729629	0.771261
215	-20.5167	-19.0454	0.284049	0.715951	0.759689
216	-13.5678	-11.4069	0.16603	0.83397	0.859535
222	-16.099	-14.6079	0.280033	0.719967	0.763087
223	-4.67005	-5.10472	0.727404	0.272596	0.384602
224	-13.6198	-12.1638	0.287183	0.712817	0.757037
225	-13.0105	-11.5637	0.289057	0.710943	0.755453
226	-21.7052	-20.2363	0.28454	0.71546	0.759274
227	-18.2378	-14.8307	0.0541556	0.945844	0.954183
228	-20.7675	-19.3307	0.291108	0.708892	0.753717
229	-12.3078	-10.7819	0.273072	0.726928	0.768976
230	-4.8487	-5.23702	0.718119	0.281881	0.392458
231	-4.50584	-4.83455	0.705894	0.294106	0.4028
232	-8.4815	-8.84099	0.712246	0.287754	0.397426
233	-15.7902	-16.2852	0.739196	0.260804	0.374626
234	-5.3214	-5.70368	0.716894	0.283106	0.393494
235	-9.46717	-8.04588	0.294326	0.705674	0.750995
236	-18.9864	-15.6281	0.0567042	0.943296	0.952027
237	-44.7691	-39.5834	0.00957675	0.990423	0.991898
238	-7.44273	-7.84236	0.720401	0.279599	0.390527
239	-29.2045	-25.813	0.0549582	0.945042	0.953504
240	-27.9391	-22.7432	0.00948041	0.99052	0.991979
241	-10.974	-9.41783	0.267111	0.732889	0.774019
242	-31.9767	-28.6685	0.0594467	0.940553	0.949707
243	-18.4178	-16.8256	0.260108	0.739892	0.779944
244	-12.9078	-13.2911	0.717098	0.282902	0.393321
245	-22.958	-19.4649	0.0499127	0.950087	0.957773
246	-18.3742	-16.981	0.3002	0.6998	0.746025
247	-32.8484	-29.4679	0.0555342	0.944466	0.953017
248	-18.6827	-15.3468	0.0579164	0.942084	0.951002
249	-11.5419	-9.95167	0.260491	0.739509	0.77962
250	-4.72383	-5.1667	0.729026	0.270974	0.383231
251	-9.89215	-10.265	0.714978	0.285022	0.395115
252	-9.11703	-9.46238	0.709339	0.290661	0.399886
253	-17.5693	-16.173	0.299524	0.700476	0.746597
254	-5.01665	-5.43672	0.724501	0.275499	0.387058
255	-11.9027	-12.325	0.724943	0.275057	0.386685
256	-14.1327	-12.5915	0.27005	0.72995	0.771532
257	-21.5328	-18.0601	0.0508864	0.949114	0.956949
258	-13.4454	-11.9834	0.285928	0.714072	0.7581
259	-5.30481	-5.66958	0.713327	0.286673	0.396512
260	-19.0444	-19.3493	0.700915	0.299085	0.407013
261	-16.9412	-17.3762	0.727471	0.272529	0.384546
262	-22.2195	-20.7637	0.287206	0.712794	0.757018
263	-14.0916	-14.4176	0.705324	0.294676	0.403283
264	-9.47499	-9.95247	0.73581	0.26419	0.377491
265	-17.7044	-16.2237	0.28214	0.71786	0.761304
266	-4.92338	-5.31139	0.718055	0.281945	0.392512
267	-4.66253	-5.08048	0.724076	0.275924	0.387418
268	-15.8359	-16.2657	0.726435	0.273565	0.385423
269	-15.8975	-14.423	0.283407	0.716593	0.760232
270	-4.47304	-4.89335	0.724549	0.275451	0.387018
271	-4.17317	-4.51879	0.709395	0.290605	0.399838
272	-6.66672	-7.12507	0.732075	0.267925	0.380651
273	-9.00274	-9.48493	0.736725	0.263275	0.376717
274	-10.0384	-8.47422	0.265542	0.734458	0.775346
275	-24.3356	-18.9639	0.00796361	0.992036	0.993263
276	-11.9759	-10.4944	0.28197	0.71803	0.761448
277	-28.0779	-24.7387	0.0577357	0.942264	0.951155
278	-4.66253	-5.08048	0.724076	0.275924	0.387418
279	-10.4172	-10.8939	0.735652	0.264348	0.377625
280	-11.3303	-9.83939	0.280078	0.719922	0.763049
281	-4.9185	-5.30014	0.716763	0.283237	0.393605
282	-18.8702	-15.4686	0.0544344	0.945566	0.953947
283	-23.3708	-21.8422	0.272545	0.727455	0.769422
284	-9.77909	-8.30102	0.28267	0.71733	0.760856
285	-16.3639	-16.768	0.721305	0.278695	0.389762
286	-23.7272	-20.7632	0.0818716	0.918128	0.930735
287	-9.75846	-8.38778	0.304947	0.695053	0.742009
314	-18.4722	-17.1834	0.32257	0.67743	0.7271
315	-15.3036	-15.9222	0.762325	0.237675	0.355059
316	-4.15379	-4.54624	0.718953	0.281047	0.391752
317	-20.5297	-17.2717	0.0623193	0.937681	0.947277
318	-3.73495	-4.36053	0.76358	0.23642	0.353997
319	-10.4078	-9.14987	0.329356	0.670644	0.721359
320	-4.04333	-4.92085	0.806019	0.193981	0.318093
321	-8.84135	-9.45886	0.762119	0.237881	0.355233
322	-8.26539	-8.98289	0.779769	0.220231	0.340301
323	-4.26163	-4.92602	0.770513	0.229487	0.348131
324	-15.2637	-15.7644	0.740299	0.259701	0.373693
325	-18.8478	-15.8626	0.0802924	0.919708	0.932071
326	-4.25814	-4.88484	0.763781	0.236219	0.353827
327	-16.1371	-14.6838	0.287716	0.712284	0.756587
328	-11.7518	-12.2463	0.739099	0.260901	0.374708
329	-15.3027	-12.0355	0.0617781	0.938222	0.947735
330	-18.9947	-15.8483	0.0691676	0.930832	0.941483
331	-4.64089	-5.24136	0.759016	0.240984	0.357858
332	-14.9863	-11.9916	0.0795952	0.920405	0.932661
333	-16.4948	-14.8537	0.25081	0.74919	0.78781
334	-15.7555	-14.4292	0.314435	0.685565	0.733982
335	-28.5079	-28.8136	0.701089	0.298911	0.406865
336	-11.9197	-12.4037	0.73709	0.26291	0.376408
337	-8.81118	-9.26193	0.730581	0.269419	0.381915
338	-22.9692	-19.8936	0.0738628	0.926137	0.937511
339	-4.46532	-4.95907	0.738961	0.261039	0.374825
340	-3.73495	-4.36053	0.76358	0.23642	0.353997
341	-5.00044	-5.53135	0.746065	0.253935	0.368815
342	-7.53063	-8.20473	0.772225	0.227775	0.346683
343	-3.82285	-4.42717	0.759721	0.240279	0.357262
344	-13.0925	-13.5974	0.741114	0.258886	0.373004
345	-10.1162	-10.3743	0.691037	0.308963	0.41537
346	-9.43181	-8.11873	0.317289	0.682711	0.731567
347	-9.20891	-9.73829	0.745773	0.254227	0.369062
348	-18.5242	-15.343	0.0669535	0.933046	0.943356
349	-8.69055	-7.6617	0.381772	0.618228	0.677014
350	-9.06427	-7.73606	0.314021	0.685979	0.734332
351	-10.4865	-9.24605	0.333219	0.666781	0.718091
352	-18.9224	-15.5281	0.0548096	0.94519	0.95363
353	-7.8832	-8.48132	0.758585	0.241415	0.358223
354	-13.011	-11.8143	0.343031	0.656969	0.709789
355	-10.7842	-9.38571	0.299091	0.700909	0.746964
356	-19.1581	-16.0079	0.0689195	0.931081	0.941693
357	-12.4316	-11.222	0.340129	0.659871	0.712244
358	-15.5499	-14.0745	0.283205	0.716795	0.760403
359	-4.0878	-4.5293	0.728756	0.271244	0.383458
360	-11.6087	-10.3457	0.328236	0.671764	0.722306
361	-6.39299	-7.01197	0.762385	0.237615	0.355008
362	-23.5924	-18.3802	0.00932812	0.990672	0.992108
363	-4.03158	-4.78929	0.786597	0.213403	0.334524
364	-8.49301	-9.1466	0.768599	0.231401	0.349751
365	-7.40992	-7.84362	0.727212	0.272788	0.384765
366	-4.57242	-5.17161	0.758783	0.241217	0.358055
367	-16.8258	-17.3871	0.751788	0.248212	0.363973
368	-4.66698	-5.26207	0.75803	0.24197	0.358693
369	-4.46532	-4.95907	0.738961	0.261039	0.374825
370	-7.08598	-7.76376	0.772874	0.227126	0.346134
371	-11.1841	-11.7174	0.746521	0.253479	0.368429
372	-4.26163	-4.92602	0.770513	0.229487	0.348131
373	-4.87648	-5.43871	0.751954	0.248046	0.363833
374	-4.55291	-5.10319	0.749717	0.250283	0.365726
375	-4.62627	-5.17516	0.749456	0.250544	0.365946
376	-11.5847	-12.0767	0.738627	0.261373	0.375108
377	-4.66441	-5.10641	0.728855	0.271145	0.383375
378	-3.73495	-4.36053	0.76358	0.23642	0.353997
379	-18.4313	-18.9814	0.749698	0.250302	0.365741
380	-4.62368	-5.17474	0.749865	0.250135	0.3656
381	-6.8865	-7.48735	0.759086	0.240914	0.357799
382	-4.55291	-5.10319	0.749717	0.250283	0.365726
383	-4.29368	-4.9791	0.774212	0.225788	0.345002
384	-5.03393	-5.55941	0.745033	0.254967	0.369688
385	-4.52159	-4.93717	0.723602	0.276398	0.387819
386	-8.57139	-9.07296	0.740465	0.259535	0.373552
387	-4.23048	-4.6672	0.72781	0.27219	0.384259
388	-4.31053	-4.95781	0.767474	0.232526	0.350702
389	-18.1909	-16.6378	0.267703	0.732297	0.773518
390	-4.26163	-4.92602	0.770513	0.229487	0.348131
391	-10.0162	-10.5261	0.742076	0.257924	0.37219
392	-4.23048	-4.6672	0.72781	0.27219	0.384259
393	-16.8808	-17.4099	0.745713	0.254287	0.369112
394	-4.46532	-4.95907	0.738961	0.261039	0.374825
395	-21.2424	-16.1733	0.0107474	0.989253	0.990907
396	-4.46532	-4.95907	0.738961	0.261039	0.374825
397	-10.5009	-9.21337	0.322843	0.677157	0.726869
398	-19.478	-15.7625	0.0403632	0.959637	0.965852
399	-12.8018	-11.6117	0.34452	0.65548	0.70853
400	-5.40285	-5.88809	0.737316	0.262684	0.376217
401	-10.1935	-10.6359	0.72893	0.27107	0.383312
402	-16.3539	-16.8902	0.747085	0.252915	0.367952
403	-26.6151	-21.4386	0.00966325	0.990337	0.991825
404	-11.7575	-10.4471	0.317864	0.682136	0.731081
405	-15.082	-15.6115	0.745797	0.254203	0.369041
406	-4.23048	-4.6672	0.72781	0.27219	0.384259
407	-15.9086	-12.8291	0.0735959	0.926404	0.937736
408	-4.28968	-4.84894	0.751398	0.248602	0.364303
409	-23.2056	-21.9296	0.325382	0.674618	0.724721
410	-21.0815	-15.9843	0.0104532	0.989547	0.991156
411	-9.32241	-9.79937	0.735709	0.264291	0.377576
412	-13.054	-11.7272	0.314327	0.685673	0.734074
413	-4.46532	-4.95907	0.738961	0.261039	0.374825
414	-16.9874	-15.6828	0.319128	0.680872	0.730011
415	-5.40285	-5.88809	0.737316	0.262684	0.376217
416	-4.47154	-4.90064	0.726299	0.273701	0.385537
417	-13.6407	-12.2981	0.310923	0.689077	0.736953
418	-4.23048	-4.6672	0.72781	0.27219	0.384259
419	-4.187	-4.85003	0.770272	0.229728	0.348335
420	-11.0412	-9.68718	0.308478	0.691522	0.739022
421	-41.8531	-42.393	0.747756	0.252244	0.367385
422	-4.46532	-4.95907	0.738961	0.261039	0.374825
423	-3.67534	-4.28445	0.760592	0.239408	0.356525
424	-11.6891	-12.2149	0.745087	0.254913	0.369642
425	-4.64089	-5.24136	0.759016	0.240984	0.357858
426	-4.96198	-5.56654	0.759765	0.240235	0.357225
427	-13.6473	-12.6535	0.39009	0.60991	0.669977
428	-5.03393	-5.55941	0.745033	0.254967	0.369688
429	-4.15379	-4.54624	0.718953	0.281047	0.391752
430	-17.9056	-16.5415	0.306342	0.693658	0.740829
431	-4.04333	-4.92085	0.806019	0.193981	0.318093
432	-19.2107	-15.9763	0.0637108	0.936289	0.946099
433	-9.52634	-10.019	0.738744	0.261256	0.375008
434	-4.31053	-4.95781	0.767474	0.232526	0.350702
435	-12.1895	-10.9807	0.340277	0.659723	0.712119
436	-7.65697	-8.16269	0.741264	0.258736	0.372877
437	-11.1392	-11.5825	0.729117	0.270883	0.383153
438	-4.52159	-4.93717	0.723602	0.276398	0.387819
439	-7.80359	-8.3013	0.739725	0.260275	0.374179
440	-9.86982	-8.6197	0.331081	0.668919	0.719899
441	-3.92664	-4.63703	0.778547	0.221453	0.341335
442	-3.67534	-4.28445	0.760592	0.239408	0.356525
443	-14.287	-13.0996	0.345101	0.654899	0.708038
444	-4.46532	-4.95907	0.738961	0.261039	0.374825
445	-4.0878	-4.5293	0.728756	0.271244	0.383458
446	-4.72745	-5.07463	0.709715	0.290285	0.399568
447	-5.00276	-5.49475	0.738622	0.261378	0.375112
448	-4.8389	-5.19069	0.710665	0.289335	0.398764
449	-11.3487	-9.9766	0.304641	0.695359	0.742268
450	-4.64089	-5.24136	0.759016	0.240984	0.357858
451	-7.52872	-8.11851	0.757057	0.242943	0.359516
452	-17.15	-13.9387	0.0650987	0.934901	0.944925
453	-14.3215	-11.1618	0.0683153	0.931685	0.942204
454	-8.40037	-7.13078	0.326784	0.673216	0.723535
455	-9.75099	-8.50466	0.331921	0.668079	0.719189
456	-38.1196	-33.0605	0.0108534	0.989147	0.990818
457	-12.3123	-12.854	0.74811	0.25189	0.367085
458	-16.1617	-14.7878	0.304277	0.695723	0.742576
459	-4.55291	-5.10319	0.749717	0.250283	0.365726
460	-4.187	-4.85003	0.770272	0.229728	0.348335
461	-3.67534	-4.28445	0.760592	0.239408	0.356525
462	-24.5905	-19.4509	0.0100231	0.989977	0.99152
463	-8.54	-8.88956	0.710206	0.289794	0.399152
464	-4.25814	-4.88484	0.763781	0.236219	0.353827
465	-11.5353	-10.3329	0.341727	0.658273	0.710893
466	-4.23048	-4.6672	0.72781	0.27219	0.384259
467	-20.6484	-15.603	0.0110032	0.988997	0.990691
468	-8.14338	-8.73341	0.7571	0.2429	0.359479
469	-3.67534	-4.28445	0.760592	0.239408	0.356525
470	-4.29368	-4.9791	0.774212	0.225788	0.345002
471	-33.8843	-32.5121	0.30464	0.69536	0.742269
472	-13.7153	-12.4079	0.318515	0.681485	0.73053
473	-7.73918	-8.32294	0.755947	0.244053	0.360455
474	-4.62368	-5.17474	0.749865	0.250135	0.3656
475	-5.00276	-5.49475	0.738622	0.261378	0.375112
476	-4.87648	-5.43871	0.751954	0.248046	0.363833
477	-4.64089	-5.24136	0.759016	0.240984	0.357858
478	-12.7897	-11.5084	0.324211	0.675789	0.725712
479	-5.03393	-5.55941	0.745033	0.254967	0.369688
480	-17.4647	-17.8169	0.710753	0.289247	0.398689
481	-4.93459	-5.42642	0.738591	0.261409	0.375138
482	-4.68808	-5.24923	0.751752	0.248248	0.364004
483	-10.0674	-8.62186	0.28931	0.71069	0.755238
484	-3.87644	-4.56547	0.774843	0.225157	0.344469
485	-11.6575	-12.1876	0.745924	0.254076	0.368934
486	-4.8389	-5.19069	0.710665	0.289335	0.398764
487	-24.0654	-22.6224	0.289839	0.710161	0.754791
488	-4.29368	-4.9791	0.774212	0.225788	0.345002
489	-4.71261	-5.31127	0.758685	0.241315	0.358138
490	-10.1715	-10.8542	0.773731	0.226269	0.345409
491	-4.62368	-5.17474	0.749865	0.250135	0.3656
492	-4.65219	-5.24002	0.756697	0.243303	0.35982
493	-4.46532	-4.95907	0.738961	0.261039	0.374825
494	-6.67981	-7.30025	0.762651	0.237349	0.354783
495	-9.42349	-8.06762	0.308094	0.691906	0.739347
496	-4.74274	-5.2731	0.745962	0.254038	0.368902
497	-10.6011	-11.0424	0.728728	0.271272	0.383483
498	-12.2307	-12.7798	0.749505	0.250495	0.365904
499	-4.62368	-5.17474	0.749865	0.250135	0.3656
500	-9.69848	-10.3127	0.761513	0.238487	0.355745
501	-16.6776	-13.6246	0.0754226	0.924577	0.936191
502	-17.3487	-13.9399	0.0540641	0.945936	0.954261
503	-12.7268	-11.4127	0.317088	0.682912	0.731738
504	-4.23048	-4.6672	0.72781	0.27219	0.384259
505	-7.0356	-7.73417	0.776501	0.223499	0.343065
506	-3.82285	-4.42717	0.759721	0.240279	0.357262
507	-4.72745	-5.07463	0.709715	0.290285	0.399568
508	-15.2645	-13.3792	0.207763	0.792237	0.824229
509	-5.40285	-5.88809	0.737316	0.262684	0.376217
510	-10.6106	-9.2171	0.30012	0.69988	0.746093
511	-4.47154	-4.90064	0.726299	0.273701	0.385537
512	-10.3989	-10.9581	0.751395	0.248605	0.364305
513	-19.0557	-15.8756	0.0670223	0.932978	0.943298
514	-3.82285	-4.42717	0.759721	0.240279	0.357262
515	-12.5093	-11.1599	0.309471	0.690529	0.738181
516	-19.3871	-14.3292	0.0108672	0.989133	0.990806
517	-24.0789	-22.734	0.310447	0.689553	0.737356
518	-18.2488	-15.1889	0.0749446	0.925055	0.936595
519	-29.5363	-24.4882	0.0109729	0.989027	0.990717
520	-4.28968	-4.84894	0.751398	0.248602	0.364303
521	-14.8335	-13.4847	0.309604	0.690396	0.738069
522	-4.23048	-4.6672	0.72781	0.27219	0.384259
523	-4.03178	-4.79001	0.786684	0.213316	0.33445
524	-4.62627	-5.17516	0.749456	0.250544	0.365946
525	-8.03038	-8.61674	0.756426	0.243574	0.36005
526	-4.46532	-4.95907	0.738961	0.261039	0.374825
527	-4.7448	-5.35172	0.760194	0.239806	0.356862
528	-14.5943	-13.1033	0.280066	0.719934	0.763059
529	-4.64089	-5.24136	0.759016	0.240984	0.357858
530	-16.2697	-16.831	0.751788	0.248212	0.363973
531	-4.55291	-5.10319	0.749717	0.250283	0.365726
532	-5.03393	-5.55941	0.745033	0.254967	0.369688
533	-3.83087	-4.3655	0.746768	0.253232	0.36822
534	-4.18456	-4.7797	0.758039	0.241961	0.358684
535	-4.87648	-5.43871	0.751954	0.248046	0.363833
536	-3.87644	-4.56547	0.774843	0.225157	0.344469
537	-14.4133	-12.9721	0.290214	0.709786	0.754473
538	-4.46532	-4.95907	0.738961	0.261039	0.374825
539	-14.8844	-15.5018	0.762091	0.237909	0.355256
540	-4.56767	-5.09972	0.74628	0.25372	0.368633
541	-4.29368	-4.9791	0.774212	0.225788	0.345002
542	-5.25645	-5.75717	0.740303	0.259697	0.37369
543	-4.29368	-4.9791	0.774212	0.225788	0.345002
544	-4.62368	-5.17474	0.749865	0.250135	0.3656
545	-4.87648	-5.43871	0.751954	0.248046	0.363833
546	-4.46532	-4.95907	0.738961	0.261039	0.374825
547	-3.73495	-4.36053	0.76358	0.23642	0.353997
548	-32.0789	-30.7906	0.322667	0.677333	0.727018
549	-4.46532	-4.95907	0.738961	0.261039	0.374825
550	-4.0878	-4.5293	0.728756	0.271244	0.383458
551	-4.8389	-5.19069	0.710665	0.289335	0.398764
552	-4.46532	-4.95907	0.738961	0.261039	0.374825
553	-16.1116	-16.7711	0.769644	0.230356	0.348867
554	-9.3592	-8.03993	0.315948	0.684052	0.732702
555	-7.80359	-8.3013	0.739725	0.260275	0.374179
556	-4.68808	-5.24923	0.751752	0.248248	0.364004
557	-28.1287	-22.3606	0.0053715	0.994628	0.995456
558	-13.1012	-11.7913	0.317979	0.682021	0.730984
559	-4.23048	-4.6672	0.72781	0.27219	0.384259
560	-13.8636	-12.3432	0.274163	0.725837	0.768053
561	-28.8537	-22.0962	0.0020038	0.997996	0.998305
562	-23.8668	-24.3913	0.744845	0.255155	0.369847
563	-4.55291	-5.10319	0.749717	0.250283	0.365726
564	-16.988	-17.4842	0.739438	0.260562	0.374422
565	-24.4951	-21.5101	0.0803045	0.919695	0.932061
566	-8.47385	-7.20597	0.327161	0.672839	0.723216
567	-10.8657	-9.41729	0.288718	0.711282	0.755739
568	-21.4187	-19.9888	0.292535	0.707465	0.75251
569	-4.66441	-5.10641	0.728855	0.271145	0.383375
570	-10.8431	-9.62191	0.337522	0.662478	0.71445
571	-6.44486	-7.0481	0.759523	0.240477	0.35743
572	-11.1953	-9.93181	0.32812	0.67188	0.722404
573	-4.93459	-5.42642	0.738591	0.261409	0.375138
574	-22.1041	-17.0425	0.0108276	0.989172	0.99084
575	-16.9572	-13.7813	0.0672905	0.93271	0.943071
576	-3.67534	-4.28445	0.760592	0.239408	0.356525
577	-13.3831	-12.1118	0.326425	0.673575	0.723839
578	-7.28264	-7.93273	0.767974	0.232026	0.35028
579	-18.7658	-15.5183	0.0629335	0.937067	0.946757
580	-4.66441	-5.10641	0.728855	0.271145	0.383375
581	-3.67534	-4.28445	0.760592	0.239408	0.356525
582	-3.88129	-4.49928	0.762206	0.237794	0.355159
583	-3.82285	-4.42717	0.759721	0.240279	0.357262
584	-8.67406	-9.05906	0.717445	0.282555	0.393028
585	-4.03178	-4.79001	0.786684	0.213316	0.33445
586	-4.04352	-4.92211	0.806186	0.193814	0.317952
587	-4.1875	-4.85133	0.770415	0.229585	0.348215
588	-4.65269	-5.24123	0.756828	0.243172	0.359709
589	-4.46576	-4.96011	0.739076	0.260924	0.374728
590	-18.3381	-15.1279	0.065173	0.934827	0.944862
591	-3.92705	-4.6383	0.778695	0.221305	0.341209
592	-4.08813	-4.53017	0.728862	0.271138	0.383369
593	-4.96235	-5.56765	0.759898	0.240102	0.357112
594	-4.1875	-4.85133	0.770415	0.229585	0.348215
595	-17.34	-17.6961	0.711544	0.288456	0.39802
596	-18.4371	-18.9265	0.738107	0.261893	0.375547
597	-4.52168	-4.93776	0.723702	0.276298	0.387734
598	-23.3611	-18.4472	0.0125305	0.98747	0.989399
599	-20.3841	-17.1788	0.0654689	0.934531	0.944612
600	-3.73538	-4.36173	0.763717	0.236283	0.353881
601	-3.82324	-4.4283	0.759854	0.240146	0.357149
602	-3.92705	-4.6383	0.778695	0.221305	0.341209
603	-16.6003	-17.1077	0.741589	0.258411	0.372601
604	-15.7107	-16.2451	0.746736	0.253264	0.368247
605	-4.18509	-4.78094	0.758172	0.241828	0.358572
606	-3.92705	-4.6383	0.778695	0.221305	0.341209
607	-4.8396	-5.19182	0.710753	0.289247	0.39869
608	-11.4694	-10.1652	0.319229	0.680771	0.729926
609	-4.74523	-5.35288	0.760328	0.239672	0.356749
610	-10.4824	-9.16754	0.31691	0.68309	0.731889
611	-4.1875	-4.85133	0.770415	0.229585	0.348215
612	-22.3365	-19.9808	0.140769	0.859231	0.880906
613	-24.441	-23.1369	0.319247	0.680753	0.729911
614	-7.91234	-8.26895	0.711654	0.288346	0.397927
615	-3.92705	-4.6383	0.778695	0.221305	0.341209
616	-3.67574	-4.28559	0.760727	0.239273	0.356411
617	-20.6049	-17.3703	0.0636983	0.936302	0.94611
618	-10.2489	-10.8476	0.758706	0.241294	0.35812
619	-11.0658	-9.75494	0.317778	0.682222	0.731153
620	-17.5595	-16.3064	0.330426	0.669574	0.720454
621	-19.4413	-20.0072	0.752638	0.247362	0.363254
622	-4.52168	-4.93776	0.723702	0.276298	0.387734
623	-4.1875	-4.85133	0.770415	0.229585	0.348215
624	-10.804	-9.4758	0.314012	0.685988	0.73434
625	-9.10738	-9.79579	0.774733	0.225267	0.344561
626	-8.27648	-8.83277	0.750844	0.249156	0.364772
627	-3.82324	-4.4283	0.759854	0.240146	0.357149
628	-24.3781	-23.0812	0.320799	0.679201	0.728598
629	-6.68024	-7.30144	0.762788	0.237212	0.354667
630	-5.16544	-5.62337	0.731993	0.268007	0.38072
631	-4.52168	-4.93776	0.723702	0.276298	0.387734
632	-15.9491	-14.5315	0.295103	0.704897	0.750338
633	-12.9208	-11.6597	0.328646	0.671354	0.721959
634	-10.2375	-10.7959	0.751237	0.248763	0.364439
635	-3.73538	-4.36172	0.763717	0.236283	0.353881
636	-4.74523	-5.35288	0.760327	0.239673	0.356749
637	-3.67574	-4.28558	0.760726	0.239274	0.356411
638	-4.57293	-5.17285	0.758915	0.241085	0.357943
639	-14.1983	-12.0289	0.164855	0.835145	0.86053
640	-3.82324	-4.42829	0.759854	0.240146	0.357149
641	-4.03212	-4.79127	0.786838	0.213162	0.33432
642	-13.9999	-12.815	0.345696	0.654304	0.707534
643	-10.2517	-10.6946	0.729031	0.270969	0.383226
644	-4.87696	-5.43988	0.75208	0.24792	0.363726
645	-5.02285	-5.56645	0.748461	0.251539	0.366788
646	-4.65269	-5.24123	0.756828	0.243172	0.35971
647	-4.66731	-5.26311	0.758161	0.241839	0.358581
648	-8.54073	-8.89071	0.710292	0.289708	0.39908
649	-16.4483	-15.1532	0.321197	0.678803	0.728262
650	-4.46576	-4.96011	0.739076	0.260924	0.374728
651	-13.0463	-11.8396	0.340766	0.659234	0.711705
652	-4.29405	-4.9803	0.774356	0.225644	0.34488
653	-20.8572	-19.3704	0.280901	0.719099	0.762352
654	-4.74523	-5.35288	0.760327	0.239673	0.356749
655	-3.73538	-4.36173	0.763717	0.236283	0.353881
656	-4.4696	-5.0342	0.752395	0.247605	0.36346
657	-10.4536	-9.15008	0.319359	0.680641	0.729816
658	-18.322	-15.1355	0.0666246	0.933375	0.943634
659	-17.6597	-14.4557	0.0655475	0.934452	0.944546
660	-9.91426	-8.64881	0.327696	0.672304	0.722763
661	-32.3728	-25.2572	0.00140153	0.998598	0.998814
662	-20.6877	-17.8135	0.0888841	0.911116	0.924802
663	-10.4697	-9.08367	0.301694	0.698306	0.744761
664	-18.7084	-15.5379	0.067631	0.932369	0.942783
665	-14.8741	-11.6092	0.0619123	0.938088	0.947621
666	-11.526	-10.0849	0.29022	0.70978	0.754468
667	-7.05448	-7.68506	0.764481	0.235519	0.353235
668	-4.15435	-4.54727	0.719049	0.280951	0.391671
669	-10.2187	-9.03772	0.346566	0.653434	0.706798
670	-3.73538	-4.36173	0.763717	0.236283	0.353881
671	-4.62678	-5.17633	0.749581	0.250419	0.36584
672	-8.97293	-9.54214	0.753252	0.246748	0.362735
673	-35.6266	-28.7235	0.0017329	0.998267	0.998534
674	-4.57293	-5.17285	0.758916	0.241084	0.357943
675	-8.01008	-8.66297	0.768474	0.231526	0.349856
676	-20.1824	-17.0539	0.0703242	0.929676	0.940504
677	-8.37057	-7.09149	0.324699	0.675301	0.725298
678	-9.50443	-9.89735	0.719049	0.280951	0.391671
679	-12.0065	-10.6719	0.312655	0.687345	0.735488
680	-4.08813	-4.53017	0.728862	0.271138	0.383369
681	-3.88172	-4.50046	0.762342	0.237658	0.355044
682	-4.25854	-4.88599	0.763917	0.236083	0.353712
683	-12.7981	-11.3431	0.287373	0.712627	0.756877
684	-4.1875	-4.85133	0.770415	0.229585	0.348215
685	-10.6088	-9.2825	0.314425	0.685575	0.73399
686	-17.4473	-16.2024	0.332242	0.667758	0.718917
687	-14.9478	-11.9422	0.078801	0.921199	0.933333
688	-17.7575	-14.7148	0.076146	0.923854	0.935579
689	-14.4091	-14.9526	0.748431	0.251569	0.366813
690	-18.3055	-18.842	0.747116	0.252884	0.367926
691	-8.51533	-9.07981	0.752371	0.247629	0.36348
692	-4.93508	-5.42751	0.738705	0.261295	0.375041
693	-13.6126	-12.2159	0.299454	0.700546	0.746656
694	-9.97209	-8.77176	0.3422	0.6578	0.710492
695	-8.96942	-7.7821	0.345134	0.654866	0.70801
696	-9.10919	-9.48215	0.714998	0.285002	0.395099
697	-4.93508	-5.42751	0.738705	0.261295	0.375041
698	-8.77587	-7.50264	0.325983	0.674017	0.724212
699	-16.5342	-13.3067	0.0641227	0.935877	0.945751
700	-13.8462	-14.3903	0.748556	0.251444	0.366707
701	-14.934	-13.5434	0.300738	0.699262	0.74557
702	-4.29405	-4.9803	0.774357	0.225643	0.34488
703	-28.7489	-21.8423	0.00172684	0.998273	0.998539
704	-4.87696	-5.43988	0.752081	0.247919	0.363726
705	-12.1405	-10.7978	0.310913	0.689087	0.736962
706	-27.8112	-22.7551	0.0108862	0.989114	0.99079
707	-4.08813	-4.53017	0.728862	0.271138	0.383369
708	-3.67574	-4.28559	0.760727	0.239273	0.356411
709	-7.56852	-8.14821	0.755196	0.244804	0.36109
710	-15.9482	-16.3423	0.719278	0.280722	0.391477
711	-8.53092	-7.24099	0.322324	0.677676	0.727308
712	-21.0655	-17.8453	0.0645625	0.935438	0.945379
713	-4.67521	-5.29922	0.763296	0.236704	0.354237
714	-4.67521	-5.29922	0.763296	0.236704	0.354237
715	-7.50611	-8.04877	0.748285	0.251715	0.366937
716	-9.34865	-9.82563	0.735713	0.264287	0.377573
717	-5.0009	-5.53245	0.746186	0.253814	0.368712
718	-3.67574	-4.28559	0.760727	0.239273	0.356411
719	-9.50849	-8.17832	0.313597	0.686403	0.734691
720	-10.5901	-11.1331	0.748339	0.251661	0.366891
721	-14.8427	-13.5322	0.317851	0.682149	0.731092
722	-4.04373	-4.92348	0.806367	0.193633	0.317799
784	-4.26237	-4.92843	0.77081	0.22919	0.347881
785	-36.2997	-27.5244	0.000266871	0.999733	0.999774
786	-19.9784	-18.6102	0.305465	0.694535	0.741571
787	-14.9656	-13.7244	0.333073	0.666927	0.718214
788	-4.31142	-4.96033	0.767766	0.232234	0.350456
789	-14.004	-12.5125	0.27995	0.72005	0.763157
790	-3.82367	-4.42952	0.76	0.24	0.357026
791	-18.1139	-14.9378	0.0672749	0.932725	0.943084
792	-22.1667	-20.7405	0.2933	0.7067	0.751862
793	-13.4119	-13.9689	0.750975	0.249025	0.364661
794	-4.18566	-4.7823	0.758316	0.241684	0.358451
795	-35.3845	-28.3325	0.00149331	0.998507	0.998737
796	-7.24172	-7.91425	0.771949	0.228051	0.346916
797	-23.3279	-20.1188	0.065237	0.934763	0.944808
798	-15.3942	-12.144	0.0627756	0.937224	0.946891
799	-19.2703	-16.0336	0.0635728	0.936427	0.946216
800	-4.18566	-4.7823	0.758316	0.241684	0.358451
801	-4.66767	-5.26425	0.758305	0.241695	0.35846
802	-8.47475	-7.20846	0.32751	0.67249	0.72292
803	-10.0587	-8.96517	0.366637	0.633363	0.689818
804	-9.17294	-7.9454	0.336103	0.663897	0.715651
805	-15.9413	-14.6519	0.322437	0.677563	0.727212
806	-12.8679	-11.4383	0.292611	0.707389	0.752445
807	-4.87749	-5.44115	0.752219	0.247781	0.363609
808	-22.4373	-17.1798	0.0089187	0.991081	0.992455
809	-15.7922	-13.7797	0.18761	0.81239	0.841278
810	-21.2652	-18.0618	0.0655847	0.934415	0.944514
811	-13.3382	-13.6903	0.710739	0.289261	0.398701
812	-6.73418	-7.34032	0.760052	0.239948	0.356982
813	-6.60469	-7.20605	0.759179	0.240821	0.35772
814	-13.9534	-12.6114	0.311057	0.688943	0.73684
815	-4.52178	-4.9384	0.723811	0.276189	0.387642
816	-4.62732	-5.1776	0.749717	0.250283	0.365725
817	-4.71374	-5.31392	0.758963	0.241037	0.357903
818	-8.79407	-9.17398	0.716411	0.283589	0.393902
819	-7.26009	-7.69865	0.728176	0.271824	0.383949
820	-3.67618	-4.28682	0.760873	0.239127	0.356287
821	-13.7474	-12.3833	0.306342	0.693658	0.740829
822	-14.9938	-11.715	0.0611087	0.938891	0.948301
823	-4.67563	-5.30046	0.763444	0.236556	0.354112
824	-4.96276	-5.56885	0.760043	0.239957	0.356989
825	-3.73585	-4.36302	0.763866	0.236134	0.353755
826	-17.7743	-18.1323	0.711931	0.288069	0.397693
827	-4.5688	-5.10219	0.746535	0.253465	0.368417
828	-16.3463	-16.7811	0.727428	0.272572	0.384582
829	-4.04373	-4.92348	0.806367	0.193633	0.317799
830	-4.29446	-4.98161	0.774514	0.225486	0.344746
831	-3.73585	-4.36302	0.763866	0.236134	0.353755
832	-17.197	-13.9813	0.0648374	0.935163	0.945146
833	-24.3486	-24.882	0.746545	0.253455	0.368408
834	-31.0235	-25.8134	0.00934766	0.990652	0.992092
835	-17.8901	-16.6646	0.336553	0.663447	0.71527
836	-21.1061	-19.7238	0.302494	0.697506	0.744084
837	-19.3856	-17.9409	0.289494	0.710506	0.755083
838	-12.9575	-13.3739	0.723775	0.276225	0.387673
839	-27.934	-22.854	0.0106321	0.989368	0.991005
840	-17.3243	-14.08	0.0631247	0.936875	0.946595
841	-4.52178	-4.9384	0.723811	0.276189	0.387642
842	-18.1077	-14.8725	0.0636616	0.936338	0.946141
843	-15.1425	-13.8613	0.324233	0.675767	0.725693
844	-16.9081	-13.6967	0.0650973	0.934903	0.944926
845	-4.65323	-5.24255	0.756971	0.243029	0.359589
846	-8.371	-7.09271	0.324874	0.675126	0.725151
847	-15.9751	-12.7618	0.0649852	0.935015	0.945021
848	-17.5794	-16.3948	0.345767	0.654233	0.707474
849	-10.9182	-9.56463	0.308587	0.691413	0.738929
850	-10.872	-9.63025	0.332949	0.667051	0.718319
851	-8.4548	-9.04754	0.757599	0.242401	0.359057
852	-15.6472	-14.2751	0.304651	0.695349	0.742259
853	-4.65323	-5.24255	0.756971	0.243029	0.359589
854	-4.93562	-5.42869	0.73883	0.26117	0.374936
855	-10.5853	-9.05998	0.273181	0.726819	0.768883
856	-10.785	-9.38808	0.299414	0.700586	0.74669
857	-4.04373	-4.92348	0.806367	0.193633	0.317799
858	-4.47279	-4.90298	0.726514	0.273486	0.385355
859	-6.55045	-7.16558	0.761686	0.238314	0.355599
860	-3.88218	-4.50174	0.76249	0.23751	0.354919
861	-8.07303	-8.42524	0.710753	0.289247	0.39869
862	-9.62179	-8.30871	0.317289	0.682711	0.731567
863	-7.8841	-8.48375	0.758865	0.241135	0.357986
864	-4.16061	-4.71898	0.751232	0.248768	0.364443
865	-4.31142	-4.96033	0.767765	0.232235	0.350456
866	-4.23117	-4.66898	0.728028	0.271972	0.384075
867	-21.595	-18.4048	0.0663986	0.933601	0.943826
868	-26.4356	-21.3923	0.0110246	0.988975	0.990673
869	-17.6374	-14.4449	0.0662593	0.933741	0.943943
870	-30.2147	-24.9764	0.0090892	0.990911	0.99231
871	-11.9605	-12.3104	0.710282	0.289718	0.399088
872	-10.1021	-8.7434	0.307487	0.692513	0.73986
873	-3.67617	-4.28682	0.760872	0.239128	0.356288
874	-15.4568	-12.3328	0.0706167	0.929383	0.940257
875	-11.4588	-10.2507	0.34045	0.65955	0.711973
876	-4.67563	-5.30046	0.763443	0.236557	0.354112
877	-20.5841	-15.4352	0.00993176	0.990068	0.991598
878	-13.183	-11.8449	0.311887	0.688113	0.736137
879	-16.4427	-17.092	0.767825	0.232175	0.350405
880	-3.67617	-4.28682	0.760872	0.239128	0.356288
881	-13.1538	-13.6558	0.74055	0.25945	0.373481
882	-22.1957	-20.6046	0.260311	0.739689	0.779772
883	-31.7547	-24.7481	0.00156273	0.998437	0.998678
884	-10.4593	-9.08401	0.303975	0.696025	0.742831
885	-7.76431	-8.26565	0.740423	0.259577	0.373588
886	-17.5895	-14.5135	0.0738371	0.926163	0.937532
887	-4.29446	-4.98161	0.774514	0.225486	0.344747
888	-24.5811	-21.3598	0.0645012	0.935499	0.945431
889	-15.0283	-11.8179	0.0651557	0.934844	0.944877
890	-3.67617	-4.28682	0.760872	0.239128	0.356288
891	-15.4213	-14.0864	0.31259	0.68741	0.735543
892	-13.2083	-11.8179	0.300766	0.699234	0.745547
893	-14.0608	-12.7134	0.309888	0.690112	0.737829
894	-17.1854	-15.9173	0.327123	0.672877	0.723248
895	-26.9355	-21.8223	0.0102881	0.989712	0.991296
896	-19.8866	-18.2952	0.26027	0.73973	0.779807
897	-15.2534	-13.2902	0.195223	0.804777	0.834837
898	-8.40127	-7.13327	0.327132	0.672868	0.72324
899	-17.1926	-13.9382	0.0625266	0.937473	0.947101
900	-18.1593	-14.8715	0.060599	0.939401	0.948732
901	-13.5647	-11.8715	0.241148	0.758852	0.795984
902	-14.8943	-15.3571	0.732942	0.267058	0.379917
903	-28.0909	-22.8456	0.009027	0.990973	0.992363
904	-10.7067	-9.1038	0.258055	0.741945	0.781681
905	-3.58407	-4.02477	0.728598	0.271402	0.383592
906	-13.7154	-12.3487	0.305776	0.694224	0.741308
907	-15.9063	-12.5888	0.0589269	0.941073	0.950147
908	-31.7393	-25.454	0.00320909	0.996791	0.997285
909	-11.7367	-10.2451	0.279929	0.720071	0.763175
910	-24.3548	-21.0093	0.0573924	0.942608	0.951445
911	-4.44287	-4.82765	0.7174	0.2826	0.393066
912	-14.8055	-13.4987	0.318665	0.681335	0.730403
913	-11.6552	-12.107	0.730794	0.269206	0.381734
914	-4.49828	-4.97772	0.73619	0.26381	0.377169
915	-10.1698	-8.70522	0.285422	0.714578	0.758528
916	-4.29445	-4.98161	0.774513	0.225487	0.344747
917	-4.8939	-5.27679	0.717017	0.282983	0.39339
918	-4.2082	-4.70376	0.73931	0.26069	0.37453
919	-8.98593	-7.53297	0.287792	0.712208	0.756523
920	-8.8416	-7.43895	0.298211	0.701789	0.747708
921	-3.83322	-4.34671	0.742751	0.257249	0.371619
922	-18.0028	-14.7086	0.0602342	0.939766	0.949041
923	-16.6926	-16.9473	0.690281	0.309719	0.416009
924	-15.5597	-15.8871	0.705617	0.294383	0.403035
925	-3.63593	-4.08823	0.730887	0.269113	0.381656
926	-4.07323	-4.55234	0.736128	0.263872	0.377222
927	-3.63593	-4.08823	0.730887	0.269113	0.381656
928	-4.5607	-4.81175	0.68952	0.31048	0.416653
929	-4.5607	-4.81175	0.68952	0.31048	0.416653
930	-11.8482	-10.269	0.262635	0.737365	0.777806
931	-9.14714	-7.67445	0.283764	0.716236	0.75993
932	-4.16746	-4.62065	0.731061	0.268939	0.381508
933	-7.25753	-7.66221	0.721418	0.278582	0.389667
934	-11.5107	-11.131	0.541664	0.458336	0.541742
935	-22.4006	-20.8173	0.261832	0.738168	0.778486
936	-3.63593	-4.08823	0.730887	0.269113	0.381656
937	-3.95282	-4.50079	0.749282	0.250718	0.366093
938	-11.2206	-9.7489	0.283958	0.716042	0.759766
939	-30.2318	-24.2707	0.00443259	0.995567	0.99625
940	-9.06518	-7.73855	0.314362	0.685638	0.734044
941	-14.4972	-11.3615	0.06986	0.93014	0.940897
942	-21.4177	-16.3387	0.0106428	0.989357	0.990996
943	-8.77634	-7.50393	0.326165	0.673835	0.724058
944	-21.1337	-17.9717	0.06817	0.93183	0.942327
945	-20.7674	-15.6716	0.0104673	0.989533	0.991144
946	-24.1335	-19.0833	0.0109507	0.989049	0.990735
947	-23.0808	-19.9389	0.0694529	0.930547	0.941242
948	-27.0708	-21.8537	0.00928273	0.990717	0.992147
949	-15.5025	-12.2012	0.0598364	0.940164	0.949377
950	-10.5192	-9.19513	0.31491	0.68509	0.733581
951	-18.3687	-15.2646	0.0719356	0.928064	0.939141
952	-17.7546	-14.5526	0.0656693	0.934331	0.944443
953	-15.7222	-12.4888	0.0637714	0.936229	0.946048
954	-9.62746	-8.31217	0.316812	0.683188	0.731971
955	-23.9873	-18.887	0.0104206	0.989579	0.991184
956	-21.7152	-18.5432	0.0675338	0.932466	0.942865
957	-13.8412	-14.3974	0.750831	0.249169	0.364783
958	-3.67618	-4.28682	0.760873	0.239127	0.356287
959	-32.3581	-29.067	0.0604066	0.939593	0.948895
960	-19.1091	-15.8712	0.0635025	0.936497	0.946276
963	-12.1445	-11.9152	0.578725	0.421275	0.510387
964	-32.2946	-25.3842	0.00172018	0.99828	0.998545
965	-5.40383	-5.89029	0.737553	0.262447	0.376016
966	-16.7402	-15.4229	0.316371	0.683629	0.732344
967	-10.1269	-8.90269	0.336843	0.663157	0.715024
968	-26.9749	-22.0444	0.0123256	0.987674	0.989572
969	-7.94112	-8.28973	0.710011	0.289989	0.399318
970	-22.136	-20.817	0.315997	0.684003	0.73266
971	-4.5688	-5.10219	0.746535	0.253465	0.368417
972	-12.3603	-11.0298	0.31353	0.68647	0.734747
973	-10.1931	-10.8008	0.760322	0.239678	0.356753
974	-8.60944	-7.42375	0.345502	0.654498	0.707699
975	-10.6178	-9.29689	0.315587	0.684413	0.733007
976	-4.47279	-4.90298	0.726514	0.273486	0.385355
977	-8.8134	-7.57292	0.333219	0.666781	0.718091
978	-3.82367	-4.42952	0.76	0.24	0.357026
979	-3.87723	-4.56801	0.775146	0.224854	0.344212
980	-4.18566	-4.7823	0.758316	0.241684	0.358451
981	-7.45658	-7.8786	0.72489	0.27511	0.38673
982	-3.92749	-4.63968	0.778856	0.221144	0.341073
983	-14.7794	-11.4494	0.0582414	0.941759	0.950727
984	-10.9859	-11.3341	0.709914	0.290086	0.399399
985	-4.58196	-5.2486	0.770912	0.229088	0.347794
986	-15.7337	-14.2953	0.290779	0.709221	0.753995
987	-15.1891	-12.0375	0.0688342	0.931166	0.941765
988	-3.82367	-4.42952	0.76	0.24	0.357026
989	-11.6825	-12.3946	0.778837	0.221163	0.341089
990	-3.67618	-4.28682	0.760873	0.239127	0.356287
991	-8.96442	-7.70864	0.329828	0.670172	0.72096
992	-7.62481	-7.98293	0.711965	0.288035	0.397664
993	-7.59742	-8.19448	0.758391	0.241609	0.358386
994	-7.27244	-7.89231	0.762547	0.237453	0.354871
995	-3.82367	-4.42952	0.76	0.24	0.357026
996	-7.89243	-8.30176	0.722351	0.277649	0.388877
997	-14.5794	-12.6327	0.197822	0.802178	0.832639
998	-8.4548	-9.04754	0.757599	0.242401	0.359057
999	-7.82275	-8.27022	0.729935	0.270065	0.382461
1000	-4.29446	-4.98161	0.774514	0.225486	0.344746
1001	-4.58196	-5.2486	0.770912	0.229088	0.347794
1002	-4.46623	-4.96123	0.739202	0.260798	0.374621
1003	-3.67618	-4.28682	0.760873	0.239127	0.356287
1004	-4.18804	-4.85275	0.77057	0.22943	0.348083
1005	-20.6804	-19.265	0.29556	0.70444	0.749951
1006	-3.83166	-4.36764	0.747024	0.252976	0.368003
1007	-16.2281	-14.9762	0.330688	0.669312	0.720232
1008	-35.6581	-32.338	0.0587861	0.941214	0.950266
1009	-12.9624	-11.5875	0.304049	0.695951	0.742769
1010	-4.46623	-4.96123	0.739202	0.260798	0.374621
1011	-11.5475	-12.0823	0.746794	0.253206	0.368199
1012	-10.0931	-8.71106	0.30255	0.69745	0.744037
1013	-24.772	-19.5945	0.00965365	0.990346	0.991833
1014	-3.82367	-4.42952	0.76	0.24	0.357026
1015	-4.67563	-5.30046	0.763444	0.236556	0.354112
1016	-4.67563	-5.30046	0.763444	0.236556	0.354112
1017	-11.9454	-10.5581	0.301427	0.698573	0.744987
1018	-4.66767	-5.26425	0.758305	0.241695	0.35846
1019	-4.84036	-5.19304	0.710848	0.289152	0.39861
1020	-4.29446	-4.98161	0.774514	0.225486	0.344746
1021	-12.5798	-11.3144	0.327714	0.672286	0.722748
1022	-12.7093	-11.4305	0.324759	0.675241	0.725248
1023	-4.04373	-4.92348	0.806367	0.193633	0.317799
1024	-17.2677	-15.8992	0.305421	0.694579	0.741608
1025	-19.4527	-16.1333	0.0588247	0.941175	0.950233
1026	-11.0801	-11.6114	0.746141	0.253859	0.368751
1027	-3.67618	-4.28682	0.760873	0.239127	0.356287
1028	-3.83166	-4.36764	0.747024	0.252976	0.368003
1029	-14.9372	-13.5614	0.303843	0.696157	0.742943
1030	-16.8684	-15.8064	0.373999	0.626001	0.68359
1031	-4.67563	-5.30046	0.763444	0.236556	0.354112
1032	-17.4829	-14.2031	0.0610567	0.938943	0.948345
1033	-3.83166	-4.36764	0.747024	0.252976	0.368003
1034	-5.02334	-5.56766	0.748596	0.251404	0.366674
1035	-3.67618	-4.28682	0.760873	0.239127	0.356287
1036	-18.0085	-16.6561	0.308846	0.691154	0.73871
1037	-14.297	-13.0135	0.323735	0.676265	0.726114
1038	-5.25749	-5.75948	0.740546	0.259454	0.373484
1039	-10.0485	-8.62916	0.294731	0.705269	0.750652
1040	-4.04373	-4.92348	0.806367	0.193633	0.317799
1041	-4.52178	-4.9384	0.723811	0.276189	0.387642
1042	-4.29446	-4.98161	0.774514	0.225486	0.344746
1043	-8.04062	-8.57679	0.747059	0.252941	0.367974
1044	-15.1981	-15.7366	0.747496	0.252504	0.367604
1045	-17.1786	-13.9529	0.0642341	0.935766	0.945657
1046	-5.02334	-5.56766	0.748596	0.251404	0.366674
1047	-3.73585	-4.36302	0.763866	0.236134	0.353755
1048	-12.943	-11.68	0.328224	0.671776	0.722316
1049	-3.82367	-4.42952	0.76	0.24	0.357026
1050	-8.53059	-7.2551	0.325488	0.674512	0.724631
1051	-7.27244	-7.89231	0.762547	0.237453	0.354871
1052	-15.6088	-16.1777	0.753184	0.246816	0.362792
1053	-17.3935	-17.9091	0.743152	0.256848	0.37128
1054	-4.67563	-5.30046	0.763444	0.236556	0.354112
1055	-10.5933	-11.224	0.764501	0.235499	0.353218
1056	-4.29446	-4.98161	0.774514	0.225486	0.344746
1057	-7.99004	-8.51748	0.745407	0.254593	0.369372
1058	-24.2638	-22.9747	0.322504	0.677496	0.727156
1059	-32.7936	-33.1442	0.710418	0.289582	0.398973
1060	-4.66767	-5.26425	0.758305	0.241695	0.35846
1061	-10.1712	-10.6666	0.739271	0.260729	0.374563
1062	-7.50663	-8.05002	0.748422	0.251578	0.366821
1063	-5.25749	-5.75948	0.740546	0.259454	0.373484
1064	-4.84036	-5.19304	0.710848	0.289152	0.39861
1065	-4.67563	-5.30046	0.763444	0.236556	0.354112
1066	-12.1934	-11.0284	0.3502	0.6498	0.703724
1067	-11.6116	-10.2826	0.313864	0.686136	0.734465
1068	-10.2192	-9.0391	0.346778	0.653222	0.706619
1069	-9.00798	-7.71077	0.320736	0.679264	0.728651
1070	-5.03501	-5.56181	0.745285	0.254715	0.369475
1071	-7.0068	-7.65844	0.76825	0.23175	0.350046
1072	-24.1075	-20.8542	0.0625971	0.937403	0.947042
1073	-5.02334	-5.56766	0.748596	0.251404	0.366674
1074	-4.67563	-5.30046	0.763444	0.236556	0.354112
1075	-5.00141	-5.53366	0.746319	0.253681	0.3686
1076	-4.84036	-5.19304	0.710848	0.289152	0.39861
1077	-4.62732	-5.1776	0.749717	0.250283	0.365725
1078	-11.2491	-11.6038	0.711269	0.288731	0.398253
1079	-4.29446	-4.98161	0.774514	0.225486	0.344746
1080	-3.88218	-4.50174	0.76249	0.23751	0.354919
1081	-7.27244	-7.89231	0.762547	0.237453	0.354871
1082	-4.55391	-5.10558	0.749978	0.250022	0.365505
1083	-7.69658	-8.11383	0.723935	0.276065	0.387537
1084	-9.22409	-7.9504	0.325883	0.674117	0.724297
1085	-15.5261	-15.9646	0.728171	0.271829	0.383953
1086	-22.0556	-17.2256	0.0136116	0.986388	0.988484
1087	-10.7076	-11.2398	0.746301	0.253699	0.368615
1088	-4.66539	-5.10851	0.729077	0.270923	0.383187
1089	-12.6908	-13.107	0.723726	0.276274	0.387714
1090	-3.67618	-4.28682	0.760873	0.239127	0.356287
1091	-9.65166	-10.2802	0.764111	0.235889	0.353548
1092	-9.10386	-9.50471	0.720647	0.279353	0.390319
1093	-3.73585	-4.36302	0.763866	0.236134	0.353755
1094	-9.80177	-8.5418	0.328904	0.671096	0.721741
1095	-4.93562	-5.42869	0.73883	0.26117	0.374936
1096	-4.58196	-5.2486	0.770912	0.229088	0.347794
1097	-5.02334	-5.56766	0.748596	0.251404	0.366674
1098	-29.6377	-26.4678	0.0676646	0.932335	0.942754
1099	-10.2834	-8.87312	0.296615	0.703385	0.749058
1100	-4.46623	-4.96123	0.739202	0.260798	0.374621
1101	-3.88218	-4.50174	0.76249	0.23751	0.354919
1102	-15.4351	-14.2548	0.346712	0.653288	0.706676
1103	-12.4508	-12.8718	0.72468	0.27532	0.386907
1104	-6.97017	-7.40753	0.727938	0.272062	0.384151
1105	-18.7746	-16.915	0.212025	0.787975	0.820623
1106	-11.8124	-10.4936	0.316049	0.683951	0.732617
1107	-4.84036	-5.19304	0.710848	0.289152	0.39861
1108	-3.87723	-4.56801	0.775146	0.224854	0.344212
1109	-23.1642	-19.9972	0.0678515	0.932148	0.942596
1110	-3.67618	-4.28682	0.760873	0.239127	0.356287
1111	-19.0204	-15.7745	0.0630318	0.936968	0.946674
1112	-3.87723	-4.56801	0.775146	0.224854	0.344212
1113	-9.7902	-8.48924	0.319919	0.680081	0.729342
1114	-7.53141	-8.20724	0.77253	0.22747	0.346425
1115	-25.0284	-19.9265	0.0104041	0.989596	0.991198
1116	-3.67618	-4.28682	0.760873	0.239127	0.356287
1117	-4.16061	-4.71899	0.751232	0.248768	0.364443
1118	-4.29446	-4.98161	0.774514	0.225486	0.344746
1119	-4.30066	-4.77846	0.735873	0.264127	0.377438
1120	-4.57349	-5.1742	0.75906	0.24094	0.357821
1121	-11.0744	-9.86714	0.340642	0.659358	0.711811
1122	-4.29446	-4.98161	0.774514	0.225486	0.344746
1123	-3.92749	-4.63968	0.778856	0.221144	0.341073
1124	-21.559	-20.2316	0.314205	0.685795	0.734177
1125	-7.53979	-8.14553	0.759979	0.240021	0.357044
1126	-4.52178	-4.9384	0.723811	0.276189	0.387642
1127	-4.25897	-4.88724	0.764066	0.235934	0.353586
1128	-4.47004	-5.03539	0.752533	0.247467	0.363343
1129	-18.6174	-15.5224	0.0725487	0.927451	0.938622
1130	-15.3504	-14.1365	0.339144	0.660856	0.713078
1131	-34.8729	-29.6952	0.00965201	0.990348	0.991834
1132	-11.1481	-9.86878	0.324644	0.675356	0.725345
1133	-7.24547	-7.63921	0.719213	0.280787	0.391532
1134	-12.6557	-11.3265	0.313796	0.686204	0.734522
1135	-9.80312	-8.45813	0.310418	0.689582	0.737381
1136	-8.60944	-7.42375	0.345502	0.654498	0.707699
1137	-4.46623	-4.96123	0.739202	0.260798	0.374621
1138	-12.7693	-11.5635	0.34098	0.65902	0.711524
1139	-26.3881	-19.4221	0.00162728	0.998373	0.998623
1140	-8.26611	-8.98553	0.780099	0.219901	0.340022
1141	-22.1901	-18.4409	0.0390748	0.960925	0.966942
1142	-7.57907	-8.11967	0.747896	0.252104	0.367266
1143	-9.40783	-8.14777	0.328885	0.671115	0.721757
1144	-9.41319	-9.85059	0.727946	0.272054	0.384144
1145	-7.81908	-8.41227	0.757681	0.242319	0.358988
1146	-9.29966	-9.94886	0.767816	0.232184	0.350413
1162	-3.88218	-4.50174	0.76249	0.23751	0.354919
1163	-4.47004	-5.03538	0.752533	0.247467	0.363343
1164	-4.25897	-4.88724	0.764066	0.235934	0.353586
1165	-3.83166	-4.36764	0.747024	0.252976	0.368003
1166	-9.00798	-7.71077	0.320736	0.679264	0.728651
1167	-8.17547	-8.73234	0.75095	0.24905	0.364682
1168	-3.88218	-4.50174	0.76249	0.23751	0.354919
1169	-8.65261	-7.31283	0.311534	0.688466	0.736436
1170	-15.4828	-14.1194	0.306474	0.693526	0.740717
1171	-11.3883	-10.2081	0.346731	0.653269	0.706659
1172	-4.30065	-4.77846	0.735872	0.264128	0.377438
1173	-15.4688	-14.2002	0.327008	0.672992	0.723345
1174	-7.78374	-8.41106	0.763894	0.236106	0.353732
1175	-17.2986	-17.9597	0.769928	0.230072	0.348626
1176	-16.8592	-13.571	0.060573	0.939427	0.948754
1177	-4.87749	-5.44115	0.752218	0.247782	0.363609
1178	-16.304	-16.8625	0.751255	0.248745	0.364424
1179	-10.3685	-10.9879	0.762471	0.237529	0.354935
1180	-28.305	-24.822	0.0503914	0.949609	0.957368
1181	-12.9438	-11.6479	0.321037	0.678963	0.728397
1182	-3.83166	-4.36764	0.747024	0.252976	0.368003
1183	-3.67617	-4.28682	0.760873	0.239127	0.356287
1184	-3.67617	-4.28682	0.760873	0.239127	0.356287
1185	-4.29446	-4.98161	0.774514	0.225486	0.344747
1186	-10.1394	-8.66977	0.284388	0.715612	0.759403
1187	-4.47004	-5.03538	0.752533	0.247467	0.363343
1188	-4.46623	-4.96123	0.739201	0.260799	0.374622
1189	-4.29446	-4.98161	0.774514	0.225486	0.344747
1190	-12.6402	-13.1573	0.743437	0.256563	0.371038
1191	-3.73585	-4.36302	0.763866	0.236134	0.353755
1192	-28.8089	-23.7982	0.0113868	0.988613	0.990367
1193	-32.2416	-29.0366	0.0654873	0.934513	0.944597
1194	-22.7161	-19.5734	0.0694028	0.930597	0.941284
1195	-24.5665	-21.3281	0.0634714	0.936529	0.946302
1196	-12.5705	-11.2472	0.31508	0.68492	0.733437
1197	-4.18804	-4.85275	0.77057	0.22943	0.348084
1198	-7.48303	-8.08883	0.759991	0.240009	0.357034
1199	-19.2235	-14.1971	0.0112115	0.988789	0.990515
1200	-14.286	-12.2811	0.188765	0.811235	0.840301
1201	-9.05752	-9.68954	0.76474	0.23526	0.353015
1202	-15.503	-14.2354	0.327239	0.672761	0.72315
1203	-10.1955	-10.7266	0.746107	0.253893	0.36878
1204	-9.59813	-8.33737	0.328729	0.671271	0.721889
1205	-9.62746	-8.31217	0.316812	0.683188	0.731971
1206	-4.84036	-5.19304	0.710847	0.289153	0.39861
1207	-8.71461	-7.44768	0.32737	0.67263	0.723039
1208	-7.78671	-8.44247	0.768983	0.231017	0.349426
1209	-17.3646	-17.926	0.751808	0.248192	0.363956
1210	-10.6607	-9.536	0.359417	0.640583	0.695927
1211	-10.0758	-8.73813	0.311992	0.688008	0.736049
1212	-10.2289	-10.7242	0.739267	0.260733	0.374566
1213	-12.4636	-11.2951	0.349408	0.650592	0.704394
1214	-4.68922	-5.25179	0.752016	0.247984	0.36378
1215	-18.7576	-15.6983	0.0749864	0.925014	0.93656
1216	-11.7072	-12.2344	0.745373	0.254627	0.3694
1217	-7.78671	-8.44247	0.768983	0.231017	0.349426
1218	-4.52178	-4.9384	0.723811	0.276189	0.387642
1219	-11.8327	-10.4956	0.312114	0.687886	0.735945
1220	-8.83754	-9.40393	0.752729	0.247271	0.363177
1221	-4.29446	-4.98161	0.774514	0.225486	0.344747
1222	-3.67617	-4.28682	0.760873	0.239127	0.356287
1223	-18.5438	-15.3685	0.0673302	0.93267	0.943037
1229	-9.59252	-8.41489	0.347328	0.652672	0.706154
1230	-4.62732	-5.1776	0.749716	0.250284	0.365726
1231	-37.1456	-29.9432	0.00128519	0.998715	0.998913
1232	-3.83165	-4.36763	0.747024	0.252976	0.368004
1233	-14.9468	-11.7725	0.0673872	0.932613	0.942989
1234	-11.0414	-9.62269	0.294864	0.705136	0.750539
1235	-16.6353	-13.4324	0.0656146	0.934385	0.944489
1236	-6.62938	-7.1575	0.745536	0.254464	0.369263
1237	-26.3589	-21.1433	0.00929649	0.990704	0.992135
1238	-4.58195	-5.2486	0.770912	0.229088	0.347794
1239	-8.69877	-9.15883	0.732409	0.267591	0.380368
1240	-4.26237	-4.92843	0.770809	0.229191	0.347881
1241	-5.40382	-5.89029	0.737553	0.262447	0.376016
1242	-5.09766	-5.63426	0.747142	0.252858	0.367904
1243	-4.03249	-4.79264	0.787006	0.212994	0.334178
1244	-10.1333	-8.77369	0.307298	0.692702	0.74002
1245	-4.04373	-4.92348	0.806366	0.193634	0.317799
1246	-4.29446	-4.98161	0.774514	0.225486	0.344747
1247	-4.52169	-4.93781	0.723711	0.276289	0.387727
1248	-14.322	-11.1687	0.0687176	0.931282	0.941864
1249	-17.7481	-18.3357	0.756662	0.243338	0.35985
1250	-4.67524	-5.29932	0.763307	0.236693	0.354227
1251	-22.9712	-19.7834	0.0665456	0.933454	0.943701
1252	-9.11217	-9.73812	0.763646	0.236354	0.353941
1253	-11.3438	-11.7705	0.725814	0.274186	0.385948
1254	-21.4599	-19.5379	0.201785	0.798215	0.829286
1255	-8.79337	-9.17285	0.716325	0.283675	0.393976
1256	-16.7906	-15.4782	0.317443	0.682557	0.731437
1257	-3.67578	-4.28568	0.760738	0.239262	0.356401
1258	-3.88175	-4.50056	0.762354	0.237646	0.355034
1259	-3.73542	-4.36183	0.763729	0.236271	0.353871
1260	-12.2334	-10.9847	0.331395	0.668605	0.719633
1261	-4.67524	-5.29932	0.763307	0.236693	0.354227
1262	-4.55343	-5.10443	0.749852	0.250148	0.365611
1263	-7.87195	-8.43072	0.751306	0.248694	0.364381
1264	-4.29408	-4.98041	0.774369	0.225631	0.344869
1265	-4.55343	-5.10443	0.749852	0.250148	0.365611
1266	-4.68867	-5.25056	0.75189	0.24811	0.363887
1267	-10.4455	-9.02331	0.294143	0.705857	0.75115
1268	-4.7132	-5.31265	0.75883	0.24117	0.358016
1269	-9.65127	-10.279	0.763974	0.236026	0.353664
1270	-4.46963	-5.03429	0.752406	0.247594	0.363451
1271	-22.9486	-17.8569	0.01051	0.98949	0.991108
1272	-13.4727	-12.0439	0.292758	0.707242	0.752321
1273	-29.5817	-24.1059	0.00718173	0.992818	0.993924
1274	-3.73542	-4.36183	0.763729	0.236271	0.353871
1275	-9.98898	-8.78747	0.341933	0.658067	0.710718
1276	-4.1544	-4.54736	0.719057	0.280943	0.391664
1277	-12.7318	-11.4849	0.331778	0.668222	0.71931
1278	-11.7928	-10.5928	0.34228	0.65772	0.710424
1279	-4.04354	-4.92222	0.8062	0.1938	0.31794
1280	-3.73542	-4.36183	0.763729	0.236271	0.353871
1281	-4.03215	-4.79138	0.786852	0.213148	0.334308
1282	-24.2807	-22.9458	0.31258	0.68742	0.735551
1283	-4.29408	-4.98041	0.774369	0.225631	0.344869
1284	-10.1426	-8.7812	0.30692	0.69308	0.74034
1285	-12.5724	-11.2494	0.315149	0.684851	0.733378
1286	-15.3806	-12.1181	0.0620534	0.937947	0.947502
1287	-9.962	-8.65627	0.318884	0.681116	0.730218
1288	-22.2664	-19.1083	0.0684135	0.931587	0.942121
1289	-15.2209	-11.8932	0.0583629	0.941637	0.950624
1290	-9.70384	-8.47347	0.335471	0.664529	0.716185
1291	-3.67578	-4.28568	0.760738	0.239262	0.356401
1292	-10.4537	-9.15017	0.319372	0.680628	0.729806
1293	-15.1693	-13.9288	0.333211	0.666789	0.718097
1294	-9.03987	-9.55407	0.742886	0.257114	0.371504
1295	-20.1181	-17.243	0.0888124	0.911188	0.924863
1296	-4.46963	-5.03429	0.752406	0.247594	0.363451
1297	-4.62682	-5.17643	0.749592	0.250408	0.365831
1298	-17.2066	-13.8561	0.0571237	0.942876	0.951672
1299	-12.5789	-13.1411	0.751944	0.248056	0.363842
1300	-4.66734	-5.2632	0.758173	0.241827	0.358571
1301	-13.0469	-11.7886	0.329262	0.670738	0.721438
1302	-11.7081	-10.5029	0.341107	0.658893	0.711417
1303	-23.6754	-22.3452	0.313611	0.686389	0.734679
1304	-4.93512	-5.4276	0.738715	0.261285	0.375033
1305	-13.6301	-12.3193	0.317793	0.682207	0.731141
1306	-8.27778	-8.80046	0.744502	0.255498	0.370137
1307	-8.04017	-8.57567	0.746934	0.253066	0.368079
1308	-7.94446	-8.56858	0.763315	0.236685	0.354221
1309	-6.91673	-7.44582	0.745719	0.254281	0.369108
1310	-9.11076	-9.66086	0.749681	0.250319	0.365755
1311	-18.9981	-19.5603	0.751944	0.248056	0.363841
1312	-4.04354	-4.92222	0.8062	0.1938	0.31794
1313	-3.67578	-4.28568	0.760738	0.239262	0.356401
1314	-25.1077	-21.9135	0.0661494	0.933851	0.944036
1315	-26.1803	-24.9211	0.329062	0.670938	0.721608
1316	-3.67578	-4.28568	0.760738	0.239262	0.356401
1317	-3.67578	-4.28568	0.760738	0.239262	0.356401
1318	-15.7911	-16.342	0.749833	0.250167	0.365627
1319	-4.55343	-5.10443	0.749852	0.250148	0.365611
1320	-12.5162	-11.0868	0.292648	0.707352	0.752414
1321	-19.0982	-15.8534	0.0630952	0.936905	0.94662
1322	-5.03449	-5.56065	0.745164	0.254836	0.369577
1323	-4.57298	-5.17296	0.758927	0.241073	0.357933
1324	-12.7631	-11.5354	0.336066	0.663934	0.715682
1325	-4.31099	-4.95912	0.767626	0.232374	0.350574
1326	-24.9537	-19.968	0.0116713	0.988329	0.990126
1327	-4.46963	-5.03429	0.752406	0.247594	0.363451
1328	-8.99574	-9.49005	0.739068	0.260932	0.374734
1329	-4.29408	-4.98041	0.774369	0.225631	0.344869
1330	-5.00325	-5.49589	0.738747	0.261253	0.375006
