Sites	Ll_YN98.omega=0.0154026	Ll_YN98.omega=0.183467	Ll_YN98.omega=0.658397	Ll_YN98.omega=0.97361	Pr_YN98.omega=0.0154026	Pr_YN98.omega=0.183467	Pr_YN98.omega=0.658397	Pr_YN98.omega=0.97361	mean
193	-3.89451	-4.03547	-4.42909	-4.68631	0.343942	0.298721	0.201522	0.155815	0.344488
194	-3.67582	-3.77284	-4.0443	-4.22226	0.31463	0.28554	0.217656	0.182173	0.377904
195	-5.02393	-5.0971	-5.30179	-5.43591	0.29858	0.277512	0.226147	0.197761	0.39695
196	-4.59142	-4.68862	-4.96035	-5.13826	0.314701	0.285551	0.217607	0.182141	0.377843
197	-11.6119	-9.21126	-8.14931	-7.90013	0.0117852	0.129988	0.375925	0.482302	0.741112
198	-28.9696	-24.0737	-21.6839	-21.0104	0.000224413	0.0300134	0.327508	0.642254	0.846445
199	-8.9644	-9.06034	-9.32806	-9.50294	0.313751	0.285049	0.218097	0.183104	0.378996
200	-10.6379	-8.25787	-7.25339	-7.04185	0.0128594	0.138951	0.379404	0.468785	0.731904
201	-12.5966	-10.1864	-9.0973	-8.8299	0.011304	0.125877	0.374071	0.488748	0.745406
202	-15.7238	-13.3192	-12.2454	-11.9879	0.0115733	0.128159	0.375049	0.485219	0.743036
203	-38.7109	-31.1508	-27.0884	-25.827	1.97071e-06	0.00378405	0.219904	0.77631	0.901302
204	-50.0524	-37.7413	-31.5678	-29.7544	1.31496e-09	0.000292128	0.140183	0.859525	0.929192
205	-27.3665	-22.4562	-20.0296	-19.3345	0.000210503	0.0285603	0.323332	0.647897	0.848923
206	-5.24583	-5.31979	-5.52698	-5.66302	0.299176	0.277846	0.225852	0.197126	0.396208
207	-14.8776	-14.958	-15.1824	-15.3288	0.303312	0.279894	0.223624	0.19317	0.391329
208	-30.9697	-26.0638	-23.6479	-22.9589	0.00021449	0.0289751	0.3245	0.64631	0.848224
209	-23.0473	-18.1655	-15.8154	-15.1679	0.0002405	0.0317122	0.33258	0.635467	0.843489
210	-15.0966	-15.1772	-15.4025	-15.5496	0.303516	0.280024	0.22352	0.192941	0.391064
211	-72.1342	-54.841	-46.0355	-43.3891	3.0648e-13	9.92598e-06	0.0662131	0.933777	0.952731
212	-14.4542	-12.0604	-11.0163	-10.7779	0.0121096	0.132665	0.376883	0.478343	0.738384
213	-12.9672	-10.5595	-9.47721	-9.21456	0.0114244	0.126918	0.374573	0.487085	0.74431
214	-16.4089	-14.0021	-12.9157	-12.645	0.0113496	0.125961	0.373306	0.489383	0.745536
215	-22.7385	-20.3421	-19.2915	-19.0492	0.0119895	0.131682	0.376551	0.479778	0.739381
216	-15.9594	-13.3589	-11.8804	-11.4254	0.00599906	0.0808153	0.354491	0.558695	0.792266
222	-18.328	-15.9274	-14.8653	-14.6158	0.0117815	0.129946	0.375877	0.482395	0.741164
223	-4.59952	-4.68798	-4.93517	-5.09691	0.308801	0.282657	0.220755	0.187788	0.384791
224	-15.8382	-13.4447	-12.4026	-12.1664	0.012148	0.133037	0.377162	0.477653	0.737965
225	-15.2279	-12.8363	-11.7995	-11.5664	0.012243	0.133824	0.377438	0.476495	0.737165
226	-23.9198	-21.524	-20.4749	-20.2333	0.0120164	0.131896	0.3766	0.479487	0.73917
227	-22.7726	-17.8853	-15.5197	-14.8624	0.000234154	0.0310494	0.330675	0.638042	0.844619
228	-22.9869	-20.5977	-19.5668	-19.3371	0.0123547	0.134719	0.377703	0.475223	0.736268
229	-14.5441	-12.1364	-11.0546	-10.7924	0.0114326	0.126998	0.37464	0.486929	0.744217
230	-4.78607	-4.86488	-5.08552	-5.23027	0.302409	0.279491	0.224153	0.193947	0.392346
231	-4.45153	-4.51802	-4.70473	-4.82767	0.294249	0.27532	0.228429	0.202003	0.402113
232	-8.41352	-8.4865	-8.69081	-8.82481	0.298485	0.277478	0.226202	0.197835	0.39705
233	-15.6969	-15.7973	-16.0786	-16.2633	0.316992	0.2867	0.216395	0.179914	0.375122
234	-5.25957	-5.33726	-5.55456	-5.69694	0.301612	0.279067	0.224562	0.19476	0.393316
235	-11.6901	-9.30361	-8.28116	-8.0578	0.012515	0.136097	0.378348	0.47304	0.734822
236	-23.517	-18.64	-16.3025	-15.6628	0.000245853	0.0322637	0.334093	0.633398	0.842571
237	-51.5647	-44.2192	-40.6288	-39.6141	4.70324e-06	0.00728658	0.264125	0.728584	0.884593
238	-7.37175	-7.45302	-7.68021	-7.829	0.303993	0.280265	0.223307	0.192435	0.390483
239	-33.7242	-28.8404	-26.4841	-25.8322	0.00023792	0.0314367	0.33172	0.636606	0.84398
240	-34.7556	-27.4079	-23.8117	-22.7934	4.65412e-06	0.00722587	0.263438	0.729332	0.884857
241	-13.216	-10.802	-9.70282	-9.42931	0.0111307	0.12442	0.373482	0.490967	0.746909
242	-36.4827	-31.6159	-29.307	-28.6859	0.000258343	0.033558	0.337722	0.628461	0.840393
243	-20.6607	-18.2397	-17.1203	-16.8332	0.010789	0.121451	0.372009	0.49575	0.750046
244	-12.8361	-12.9139	-13.1317	-13.2745	0.301726	0.279141	0.22451	0.194623	0.393164
245	-27.4933	-22.5888	-20.1747	-19.485	0.000215071	0.0290114	0.324347	0.646427	0.848243
246	-20.5822	-18.202	-17.196	-16.9826	0.0128293	0.138651	0.379166	0.469354	0.732245
247	-37.3666	-32.4851	-30.135	-29.4872	0.000240528	0.0317084	0.332504	0.635547	0.843516
248	-23.2015	-18.3284	-16.0032	-15.3727	0.000251196	0.032837	0.335895	0.631017	0.841545
249	-13.7952	-11.3726	-10.2527	-9.96801	0.0107801	0.121548	0.372504	0.495168	0.749822
250	-4.65193	-4.74229	-4.99433	-5.15893	0.309984	0.283202	0.22011	0.186704	0.38343
251	-9.82551	-9.90111	-10.1129	-10.2519	0.300278	0.278414	0.225277	0.196031	0.394885
252	-9.0537	-9.12382	-9.32022	-9.44915	0.296585	0.276503	0.227198	0.199714	0.399328
253	-19.7779	-17.3971	-16.3894	-16.1747	0.0127956	0.138364	0.379035	0.469806	0.732546
254	-4.94777	-5.03304	-5.27176	-5.42836	0.306754	0.281682	0.221861	0.189703	0.387174
255	-11.8274	-11.9131	-12.1531	-12.3105	0.307057	0.281833	0.221701	0.18941	0.386815
256	-16.3618	-13.9512	-12.8609	-12.5925	0.011282	0.125688	0.373961	0.489069	0.745611
257	-26.0727	-21.1718	-18.7687	-18.0871	0.000219315	0.0294773	0.325931	0.644372	0.847371
258	-15.6715	-13.2771	-12.2317	-11.9928	0.0120861	0.132485	0.376857	0.478572	0.738557
259	-5.24583	-5.31979	-5.52698	-5.66302	0.299176	0.277846	0.225852	0.197126	0.396208
260	-18.9762	-19.0379	-19.211	-19.3249	0.290994	0.273582	0.230095	0.205329	0.40608
261	-16.8546	-16.9432	-17.1905	-17.3524	0.308847	0.28268	0.22073	0.187743	0.384736
262	-24.4232	-22.0315	-20.9911	-20.7531	0.0121754	0.133109	0.376725	0.47799	0.738019
263	-14.027	-14.0935	-14.279	-14.4004	0.293994	0.275101	0.228513	0.202392	0.402504
264	-9.39053	-9.48758	-9.75903	-9.9369	0.31463	0.285532	0.217653	0.182186	0.377912
265	-19.9274	-17.5289	-16.4727	-16.2272	0.0118883	0.130853	0.376271	0.480988	0.740221
266	-4.86065	-4.93939	-5.15983	-5.30445	0.302362	0.279466	0.224179	0.193994	0.392403
267	-4.59474	-4.67964	-4.91716	-5.07285	0.30647	0.281525	0.222006	0.189999	0.387524
268	-15.7458	-15.8333	-16.0778	-16.2377	0.308139	0.282326	0.221103	0.188432	0.385576
269	-18.1194	-15.7225	-14.6702	-14.4266	0.0119585	0.131408	0.376406	0.480228	0.739673
270	-4.40522	-4.49059	-4.72945	-4.88601	0.306792	0.281686	0.221835	0.189687	0.387143
271	-4.11696	-4.18687	-4.38321	-4.51249	0.296557	0.27653	0.227236	0.199678	0.399322
272	-6.58627	-6.67944	-6.93998	-7.11063	0.312008	0.284251	0.219054	0.184687	0.380994
273	-8.91719	-9.01515	-9.2893	-9.46903	0.315273	0.285854	0.21731	0.181563	0.377149
274	-12.2812	-9.86573	-8.76217	-8.48578	0.0110562	0.123778	0.373179	0.491986	0.747582
275	-31.1754	-23.7912	-20.0944	-19.0114	3.87135e-06	0.00623421	0.251357	0.742405	0.889449
276	-14.2093	-11.8108	-10.7543	-10.5082	0.0118828	0.130786	0.376192	0.481139	0.740303
277	-32.5872	-27.7145	-25.3882	-24.7553	0.000250653	0.0327545	0.335403	0.631592	0.841766
278	-4.59474	-4.67964	-4.91716	-5.07285	0.30647	0.281525	0.222006	0.189999	0.387524
279	-10.3329	-10.4298	-10.7008	-10.8784	0.314533	0.285485	0.217704	0.182278	0.378025
280	-13.5646	-11.1643	-10.1026	-9.85313	0.011789	0.129997	0.375867	0.482347	0.741119
281	-4.85679	-4.93425	-5.15109	-5.29331	0.301497	0.279022	0.224631	0.19485	0.39344
282	-23.4039	-18.5184	-16.1565	-15.5005	0.000235605	0.0311861	0.330917	0.637661	0.844433
283	-25.5956	-23.1878	-22.1047	-21.8409	0.0114097	0.126754	0.374399	0.487437	0.744508
284	-12.0083	-9.61022	-8.55541	-8.31099	0.0119141	0.131082	0.376395	0.480609	0.739976
285	-16.2781	-16.3602	-16.59	-16.7405	0.304608	0.280579	0.222979	0.191834	0.389749
286	-26.1209	-23.4844	-21.5237	-20.788	0.00311331	0.043472	0.308846	0.644569	0.838926
287	-11.9733	-9.59673	-8.6027	-8.39856	0.0130637	0.140666	0.380094	0.466176	0.730136
314	-20.6575	-18.2984	-17.3517	-17.1772	0.0140215	0.148365	0.382373	0.45524	0.722416
315	-15.1897	-15.3153	-15.6669	-15.8975	0.333854	0.294464	0.207179	0.164503	0.355734
316	-4.09121	-4.17063	-4.3935	-4.54012	0.30293	0.2798	0.223902	0.193368	0.391681
317	-25.038	-20.1805	-17.8993	-17.2978	0.00027112	0.0348921	0.341553	0.623283	0.838119
318	-3.63272	-3.7595	-4.11484	-4.34825	0.334746	0.294888	0.206697	0.163669	0.354697
319	-12.5999	-10.2465	-9.31686	-9.15449	0.0143815	0.151308	0.383363	0.450948	0.719434
320	-3.89788	-4.07569	-4.57408	-4.90137	0.368698	0.308637	0.1875	0.135164	0.31735
321	-8.73427	-8.85952	-9.21038	-9.44069	0.333681	0.294399	0.20728	0.164641	0.35592
322	-8.13435	-8.28384	-8.69508	-8.95869	0.348374	0.300003	0.198851	0.152772	0.34007
323	-4.15287	-4.28715	-4.66425	-4.91253	0.339924	0.29721	0.203842	0.159025	0.348801
324	-15.1735	-15.2746	-15.5587	-15.7458	0.317626	0.287074	0.216086	0.179214	0.374315
325	-23.3141	-18.5139	-16.3895	-15.8879	0.000354735	0.0431136	0.360767	0.595764	0.825486
326	-4.1559	-4.28252	-4.63819	-4.87247	0.3348	0.294982	0.206694	0.163524	0.354572
327	-18.3559	-15.9628	-14.9222	-14.6872	0.0121748	0.133279	0.377304	0.477243	0.737704
328	-11.666	-11.7659	-12.0465	-12.231	0.316785	0.286649	0.216529	0.180037	0.375318
329	-19.8152	-14.9561	-12.6698	-12.0647	0.000268755	0.0346455	0.340853	0.624233	0.838537
330	-23.482	-18.6475	-16.43	-15.87	0.000302629	0.0380638	0.349588	0.612045	0.83305
331	-4.54294	-4.66417	-5.00487	-5.22942	0.331209	0.293395	0.208684	0.166712	0.358639
332	-19.4516	-14.6477	-12.5163	-12.0129	0.000350702	0.0427778	0.360485	0.596386	0.825844
333	-18.7398	-16.3089	-15.1623	-14.8569	0.0103394	0.117546	0.370003	0.502112	0.754195
334	-17.9541	-15.5866	-14.6179	-14.4302	0.0135688	0.144786	0.381449	0.460196	0.725969
335	-28.4014	-28.4825	-28.6724	-28.77	0.296164	0.273103	0.225867	0.204865	0.402836
336	-11.8244	-11.9224	-12.1972	-12.3777	0.315405	0.285968	0.217258	0.181369	0.376948
337	-8.72851	-8.8198	-9.07572	-9.24372	0.31087	0.283748	0.219677	0.185705	0.382286
338	-27.4424	-22.6223	-20.445	-19.9114	0.000324274	0.0402049	0.354689	0.604782	0.829729
339	-4.38569	-4.48551	-4.76563	-4.94993	0.316687	0.286602	0.216582	0.180129	0.375432
340	-3.63272	-3.7595	-4.11484	-4.34825	0.334746	0.294888	0.206697	0.163669	0.354697
341	-4.91488	-5.02213	-5.32333	-5.52165	0.321742	0.289021	0.213854	0.175383	0.369537
342	-7.41348	-7.55051	-7.93389	-8.18507	0.341473	0.297743	0.202929	0.157855	0.347182
343	-3.72408	-3.84641	-4.18954	-4.41513	0.331812	0.293606	0.208328	0.166254	0.358007
344	-12.9974	-13.0996	-13.3862	-13.5748	0.318256	0.287345	0.215733	0.178665	0.373609
345	-10.0682	-10.12	-10.2662	-10.363	0.284541	0.270165	0.233415	0.21188	0.413917
346	-11.637	-9.27237	-8.31139	-8.12856	0.0137268	0.14605	0.381815	0.458408	0.724703
347	-9.11631	-9.22363	-9.52433	-9.72177	0.321644	0.288912	0.213882	0.175561	0.369707
348	-23.0253	-18.1837	-15.9463	-15.3734	0.000292481	0.0370502	0.347091	0.615567	0.834647
349	-10.8476	-8.5404	-7.74056	-7.66373	0.0173793	0.174594	0.388503	0.419525	0.696542
350	-11.2725	-8.90432	-7.93423	-7.74622	0.0135415	0.144599	0.381477	0.460383	0.726134
351	-12.6755	-10.3255	-9.40559	-9.24994	0.0145911	0.152999	0.383879	0.448531	0.717734
352	-23.4495	-18.566	-16.2088	-15.5552	0.000237504	0.0313742	0.33136	0.637029	0.844144
353	-7.77916	-7.9007	-8.24074	-8.46354	0.331099	0.293206	0.208688	0.167007	0.358893
354	-15.1969	-12.8557	-11.9608	-11.8215	0.0151376	0.157324	0.385005	0.442533	0.713438
355	-13	-10.6177	-9.60785	-9.39353	0.0127564	0.138145	0.379227	0.469872	0.732695
356	-23.65	-18.8144	-16.5946	-16.0333	0.000301415	0.0379495	0.349366	0.612383	0.833211
357	-14.6201	-12.2767	-11.3747	-11.2301	0.0149806	0.156042	0.384579	0.444398	0.714736
358	-17.7724	-15.3758	-14.3233	-14.0791	0.0119565	0.131358	0.376299	0.480386	0.739747
359	-4.01619	-4.1053	-4.3559	-4.52122	0.309578	0.283184	0.220411	0.186826	0.383737
360	-13.8056	-11.4512	-10.5186	-10.3543	0.0143186	0.150808	0.383228	0.451645	0.719932
361	-6.2849	-6.41127	-6.76371	-6.99376	0.33411	0.294449	0.206989	0.164451	0.355561
362	-30.4046	-23.0505	-19.4426	-18.4213	4.56099e-06	0.00712693	0.262885	0.729983	0.88511
363	-3.90734	-4.06092	-4.49119	-4.77361	0.352622	0.302419	0.196674	0.148284	0.334776
364	-8.38032	-8.51298	-8.88442	-9.12803	0.338609	0.29654	0.204537	0.160314	0.350371
365	-7.33278	-7.42091	-7.66763	-7.82948	0.308678	0.282639	0.220842	0.187842	0.384895
366	-4.47535	-4.59668	-4.93693	-5.16056	0.331125	0.293291	0.208703	0.166881	0.358796
367	-16.7232	-16.8369	-17.1555	-17.365	0.325951	0.290941	0.211546	0.171562	0.364714
368	-4.5696	-4.68987	-5.02757	-5.24989	0.3305	0.293048	0.209063	0.167389	0.359473
369	-4.38569	-4.48551	-4.76563	-4.94993	0.316687	0.286602	0.216582	0.180129	0.375432
370	-6.96821	-7.10602	-7.49148	-7.744	0.341977	0.297951	0.202647	0.157425	0.346624
371	-11.0908	-11.1989	-11.5018	-11.7008	0.322181	0.289165	0.213591	0.175063	0.369086
372	-4.15287	-4.28715	-4.66425	-4.91253	0.339924	0.29721	0.203842	0.159025	0.348801
373	-4.78579	-4.89948	-5.21858	-5.42855	0.326044	0.291005	0.211504	0.171447	0.364588
374	-4.46406	-4.5754	-4.88776	-5.09319	0.324431	0.290248	0.212381	0.172941	0.366456
375	-4.53787	-4.64886	-4.96035	-5.1653	0.324219	0.29016	0.2125	0.173121	0.36669
376	-11.4996	-11.5991	-11.8782	-12.062	0.316455	0.286504	0.216713	0.180328	0.375691
377	-4.59338	-4.68296	-4.9339	-5.0986	0.309686	0.283149	0.220309	0.186855	0.383694
378	-3.63272	-3.7595	-4.11484	-4.34825	0.334746	0.294888	0.206697	0.163669	0.354697
379	-18.3302	-18.4414	-18.7535	-18.959	0.324379	0.290243	0.212417	0.17296	0.366497
380	-4.5346	-4.64598	-4.95865	-5.16447	0.3245	0.290299	0.212351	0.17285	0.366358
381	-6.78142	-6.90373	-7.2455	-7.46914	0.33153	0.293364	0.208438	0.166667	0.358433
382	-4.46406	-4.5754	-4.88776	-5.09319	0.324431	0.290248	0.212381	0.172941	0.366456
383	-4.18148	-4.32007	-4.7092	-4.96533	0.342798	0.298433	0.202233	0.156537	0.345588
384	-4.94944	-5.0557	-5.3539	-5.55006	0.321027	0.288664	0.214234	0.176075	0.370384
385	-4.45312	-4.53695	-4.77279	-4.92845	0.306031	0.281422	0.222296	0.190252	0.387935
386	-8.48019	-8.58166	-8.86641	-9.05347	0.317782	0.28712	0.215972	0.179126	0.374166
387	-4.15964	-4.24779	-4.49568	-4.65923	0.308927	0.282863	0.220758	0.187451	0.384506
388	-4.20493	-4.33582	-4.7033	-4.94519	0.33763	0.296207	0.205117	0.161046	0.351389
389	-20.4217	-18.0085	-16.9113	-16.6389	0.0111644	0.124696	0.373573	0.490567	0.74663
390	-4.15287	-4.28715	-4.66425	-4.91253	0.339924	0.29721	0.203842	0.159025	0.348801
391	-9.92369	-10.0266	-10.3159	-10.5065	0.318871	0.287675	0.215413	0.178041	0.37286
392	-4.15964	-4.24779	-4.49568	-4.65923	0.308927	0.282863	0.220758	0.187451	0.384506
393	-16.7771	-16.8841	-17.1844	-17.3819	0.321524	0.2889	0.213966	0.17561	0.369806
394	-4.38569	-4.48551	-4.76563	-4.94993	0.316687	0.286602	0.216582	0.180129	0.375432
395	-28.0395	-20.7168	-17.1918	-16.2214	5.30171e-06	0.00802874	0.272593	0.719373	0.881336
396	-4.38569	-4.48551	-4.76563	-4.94993	0.316687	0.286602	0.216582	0.180129	0.375432
397	-12.698	-10.3388	-9.39245	-9.21888	0.0140292	0.148468	0.382501	0.455002	0.722287
398	-24.0938	-19.1025	-16.5366	-15.7952	0.000164448	0.0241958	0.314842	0.660797	0.855092
399	-14.9827	-12.6429	-11.7517	-11.6149	0.0152208	0.157981	0.385172	0.441627	0.712787
400	-5.3249	-5.42291	-5.69819	-5.87949	0.315516	0.286059	0.217221	0.181203	0.376781
401	-10.1163	-10.206	-10.4572	-10.622	0.309737	0.283175	0.220282	0.186806	0.383633
402	-16.2556	-16.3641	-16.6686	-16.8687	0.322538	0.289354	0.213405	0.174704	0.368653
403	-33.4147	-26.0709	-22.4856	-21.4744	4.74736e-06	0.00734231	0.264782	0.727871	0.884341
404	-13.9636	-11.5995	-10.64	-10.4579	0.0137556	0.146276	0.381866	0.458103	0.724481
405	-14.9844	-15.0913	-15.3917	-15.5895	0.321551	0.28893	0.213957	0.175561	0.369759
406	-4.15964	-4.24779	-4.49568	-4.65923	0.308927	0.282863	0.220758	0.187451	0.384506
407	-19.9688	-15.5716	-13.3999	-12.8505	0.00049279	0.0400275	0.351172	0.608308	0.830816
408	-4.1996	-4.31278	-4.63024	-4.83896	0.325658	0.290808	0.211708	0.171826	0.36505
409	-25.3878	-23.0314	-22.0921	-21.9223	0.014177	0.149596	0.382693	0.453533	0.721193
410	-27.878	-20.5497	-17.0091	-16.0282	5.15188e-06	0.00784524	0.270582	0.721567	0.882115
411	-9.23577	-9.33217	-9.60283	-9.781	0.314409	0.285514	0.217811	0.182266	0.378087
412	-15.2587	-12.8913	-11.9223	-11.7343	0.0135639	0.144731	0.3814	0.460304	0.726032
413	-4.38569	-4.48551	-4.76563	-4.94993	0.316687	0.286602	0.216582	0.180129	0.375432
414	-19.1752	-16.8128	-15.8572	-15.6767	0.0138338	0.146858	0.381886	0.457423	0.723941
415	-5.3249	-5.42291	-5.69819	-5.87949	0.315516	0.286059	0.217221	0.181203	0.376781
416	-4.40317	-4.4899	-4.73352	-4.89401	0.307909	0.28233	0.221286	0.188475	0.385736
417	-15.8416	-13.471	-12.4931	-12.2991	0.0133838	0.143262	0.38089	0.462464	0.727526
418	-4.15964	-4.24779	-4.49568	-4.65923	0.308927	0.282863	0.220758	0.187451	0.384506
419	-4.07903	-4.21348	-4.59016	-4.83741	0.339855	0.297099	0.20385	0.159196	0.348952
420	-13.2502	-10.8775	-9.89334	-9.69491	0.0132581	0.142213	0.380507	0.464022	0.728597
421	-41.7149	-41.8241	-42.1305	-42.332	0.322999	0.289583	0.21316	0.174258	0.368107
422	-4.38569	-4.48551	-4.76563	-4.94993	0.316687	0.286602	0.216582	0.180129	0.375432
423	-3.57582	-3.69911	-4.04493	-4.2723	0.332457	0.293896	0.207972	0.165675	0.357272
424	-11.5947	-11.701	-11.9993	-12.1956	0.321066	0.288682	0.214213	0.176039	0.370339
425	-4.54294	-4.66417	-5.00487	-5.22942	0.331209	0.293395	0.208684	0.166712	0.358639
426	-4.86335	-4.98545	-5.32851	-5.55453	0.331777	0.293642	0.208367	0.166214	0.358
427	-15.7981	-13.4984	-12.7188	-12.6547	0.0178896	0.178391	0.388995	0.414724	0.692898
428	-4.94944	-5.0557	-5.3539	-5.55006	0.321027	0.288664	0.214234	0.176075	0.370384
429	-4.09121	-4.17063	-4.3935	-4.54012	0.30293	0.2798	0.223902	0.193368	0.391681
430	-20.1103	-17.7352	-16.745	-16.5432	0.013139	0.141271	0.380268	0.465322	0.729531
431	-3.89788	-4.07569	-4.57408	-4.90137	0.368698	0.308637	0.1875	0.135164	0.31735
432	-23.7138	-18.8615	-16.594	-16.0011	0.000277639	0.035548	0.34321	0.620964	0.837072
433	-9.4367	-9.5363	-9.81585	-9.99973	0.316544	0.286535	0.216656	0.180265	0.375598
434	-4.20493	-4.33582	-4.7033	-4.94519	0.33763	0.296207	0.205117	0.161046	0.351389
435	-14.3779	-12.0347	-11.1331	-10.9887	0.0149888	0.156107	0.384597	0.444308	0.714671
436	-7.56781	-7.67014	-7.95722	-8.14604	0.318362	0.287396	0.215676	0.178565	0.373485
437	-11.0619	-11.1517	-11.4034	-11.5686	0.309866	0.283239	0.220214	0.186681	0.38348
438	-4.45312	-4.53695	-4.77279	-4.92845	0.306031	0.281422	0.222296	0.190252	0.387935
439	-7.71704	-7.81766	-8.10005	-8.28583	0.31723	0.286862	0.216289	0.179619	0.374799
440	-12.0605	-9.70876	-8.78353	-8.62404	0.0144763	0.152062	0.383568	0.449893	0.718682
441	-3.81029	-3.95413	-4.3576	-4.62288	0.346232	0.299847	0.200296	0.153626	0.34179
442	-3.57582	-3.69911	-4.04493	-4.2723	0.332457	0.293896	0.207972	0.165675	0.357272
443	-16.4676	-14.1283	-13.2385	-13.1027	0.0152533	0.158237	0.385236	0.441274	0.712533
444	-4.38569	-4.48551	-4.76563	-4.94993	0.316687	0.286602	0.216582	0.180129	0.375432
445	-4.01619	-4.1053	-4.3559	-4.52122	0.309578	0.283184	0.220411	0.186826	0.383737
446	-4.67387	-4.74396	-4.94098	-5.07088	0.296717	0.276631	0.227162	0.19949	0.399111
447	-4.92366	-5.02299	-5.30204	-5.4859	0.316421	0.286503	0.216739	0.180338	0.375716
448	-4.78439	-4.85543	-5.05508	-5.18669	0.297349	0.276958	0.226833	0.19886	0.398351
449	-13.5644	-11.1878	-10.1932	-9.98822	0.0130509	0.140537	0.379993	0.466419	0.730282
450	-4.54294	-4.66417	-5.00487	-5.22942	0.331209	0.293395	0.208684	0.166712	0.358639
451	-7.42727	-7.54678	-7.8817	-8.10165	0.329855	0.292699	0.209395	0.168052	0.360263
452	-21.6452	-16.7986	-14.5451	-13.9599	0.000284364	0.0362033	0.34468	0.618832	0.836084
453	-18.8192	-13.9815	-11.7561	-11.1916	0.000298571	0.037672	0.348743	0.613287	0.83363
454	-10.5986	-8.24269	-7.30625	-7.13966	0.0142378	0.150173	0.383076	0.452513	0.720559
455	-11.9413	-9.59024	-8.66715	-8.50924	0.0145223	0.15244	0.383701	0.449337	0.718298
456	-44.9013	-37.5808	-34.0617	-33.0948	5.35794e-06	0.00809579	0.273265	0.718633	0.881071
457	-12.2148	-12.3244	-12.6318	-12.8341	0.323248	0.289708	0.213028	0.174016	0.367811
458	-18.3744	-15.9973	-15.0015	-14.7961	0.0130297	0.140375	0.379963	0.466632	0.730439
459	-4.46406	-4.5754	-4.88776	-5.09319	0.324431	0.290248	0.212381	0.172941	0.366456
460	-4.07903	-4.21348	-4.59016	-4.83741	0.339855	0.297099	0.20385	0.159196	0.348952
461	-3.57582	-3.69911	-4.04493	-4.2723	0.332457	0.293896	0.207972	0.165675	0.357272
462	-31.3953	-24.0588	-20.4942	-19.497	4.93153e-06	0.00757163	0.267451	0.724973	0.883319
463	-8.47923	-8.54982	-8.7482	-8.87898	0.297045	0.2768	0.22699	0.199164	0.398717
464	-4.1559	-4.28252	-4.63819	-4.87247	0.3348	0.294982	0.206694	0.163524	0.354572
465	-13.7153	-11.374	-10.4766	-10.3343	0.0150834	0.156796	0.384644	0.443477	0.714021
466	-4.15964	-4.24779	-4.49568	-4.65923	0.308927	0.282863	0.220758	0.187451	0.384506
467	-27.4448	-20.1269	-16.6155	-15.654	5.43447e-06	0.00818982	0.27431	0.717494	0.880668
468	-8.03775	-8.15728	-8.4924	-8.71238	0.329886	0.29272	0.209369	0.168025	0.360224
469	-3.57582	-3.69911	-4.04493	-4.2723	0.332457	0.293896	0.207972	0.165675	0.357272
470	-4.18148	-4.32007	-4.7092	-4.96533	0.342798	0.298433	0.202233	0.156537	0.345588
471	-36.0719	-33.6953	-32.7005	-32.4956	0.01305	0.140535	0.380002	0.466414	0.730282
472	-15.9145	-13.5509	-12.5929	-12.4121	0.0137881	0.146547	0.38197	0.457694	0.724203
473	-7.63722	-7.75559	-8.08723	-8.30493	0.329069	0.292335	0.209823	0.168773	0.361169
474	-4.5346	-4.64598	-4.95865	-5.16447	0.3245	0.290299	0.212351	0.17285	0.366358
475	-4.92366	-5.02299	-5.30204	-5.4859	0.316421	0.286503	0.216739	0.180338	0.375716
476	-4.78579	-4.89948	-5.21858	-5.42855	0.326044	0.291005	0.211504	0.171447	0.364588
477	-4.54294	-4.66417	-5.00487	-5.22942	0.331209	0.293395	0.208684	0.166712	0.358639
478	-14.9863	-12.6286	-11.6861	-11.5144	0.0141081	0.149066	0.382581	0.454245	0.721714
479	-4.94944	-5.0557	-5.3539	-5.55006	0.321027	0.288664	0.214234	0.176075	0.370384
480	-17.3978	-17.4691	-17.669	-17.8007	0.297432	0.276986	0.226781	0.198801	0.398265
481	-4.85565	-4.95504	-5.23411	-5.41784	0.31643	0.286491	0.216727	0.180352	0.375721
482	-4.5978	-4.71138	-5.02996	-5.23938	0.325925	0.290929	0.21156	0.171586	0.364744
483	-12.2909	-9.8992	-8.86285	-8.63096	0.012254	0.133958	0.377618	0.476169	0.736992
484	-3.76361	-3.90299	-4.29419	-4.5516	0.343297	0.298634	0.201951	0.156118	0.345039
485	-11.5659	-11.673	-11.9737	-12.1718	0.32163	0.288972	0.213919	0.175479	0.369663
486	-4.78439	-4.85543	-5.05508	-5.18669	0.297349	0.276958	0.226833	0.19886	0.398351
487	-26.2766	-23.8867	-22.8527	-22.6204	0.0122977	0.134199	0.377398	0.476106	0.736829
488	-4.18148	-4.32007	-4.7092	-4.96533	0.342798	0.298433	0.202233	0.156537	0.345588
489	-4.61584	-4.73721	-5.07724	-5.30043	0.331083	0.29324	0.208714	0.166963	0.358873
490	-10.0536	-10.1917	-10.5794	-10.8344	0.342442	0.298272	0.202429	0.156858	0.345994
491	-4.5346	-4.64598	-4.95865	-5.16447	0.3245	0.290299	0.212351	0.17285	0.366358
492	-4.55711	-4.67614	-5.00986	-5.22915	0.329563	0.29258	0.20956	0.168296	0.360584
493	-4.38569	-4.48551	-4.76563	-4.94993	0.316687	0.286602	0.216582	0.180129	0.375432
494	-6.57155	-6.69801	-7.0511	-7.28189	0.334252	0.294547	0.206924	0.164278	0.355368
495	-11.6366	-9.26221	-8.27597	-8.07815	0.0132176	0.142008	0.380744	0.46403	0.728723
496	-4.65725	-4.76436	-5.06521	-5.26336	0.321656	0.288985	0.213904	0.175454	0.369632
497	-10.5234	-10.6125	-10.863	-11.0283	0.309564	0.283174	0.220417	0.186845	0.383757
498	-12.1321	-12.2432	-12.5549	-12.76	0.324278	0.290177	0.212464	0.173082	0.366632
499	-4.5346	-4.64598	-4.95865	-5.16447	0.3245	0.290299	0.212351	0.17285	0.366358
500	-9.59178	-9.71588	-10.0645	-10.294	0.3331	0.294224	0.207633	0.165043	0.356503
501	-21.1574	-16.3417	-14.1771	-13.6521	0.000331421	0.0409102	0.356356	0.602403	0.82864
502	-21.8805	-16.9931	-14.6266	-13.9683	0.000233789	0.0310036	0.330466	0.638296	0.844722
503	-14.9295	-12.5648	-11.6032	-11.4198	0.0137142	0.14594	0.381759	0.458587	0.724821
504	-4.15964	-4.24779	-4.49568	-4.65923	0.308927	0.282863	0.220758	0.187451	0.384506
505	-6.91432	-7.05655	-7.45403	-7.71413	0.344857	0.299137	0.201023	0.154983	0.34344
506	-3.72408	-3.84641	-4.18954	-4.41513	0.331812	0.293606	0.208328	0.166254	0.358007
507	-4.67387	-4.74396	-4.94098	-5.07088	0.296717	0.276631	0.227162	0.19949	0.399111
508	-17.5824	-15.0663	-13.7584	-13.3892	0.00797405	0.0987255	0.365117	0.528183	0.772872
509	-5.3249	-5.42291	-5.69819	-5.87949	0.315516	0.286059	0.217221	0.181203	0.376781
510	-12.8302	-10.4483	-9.44058	-9.22863	0.0127978	0.138551	0.379525	0.469125	0.73224
511	-4.40317	-4.4899	-4.73352	-4.89401	0.307909	0.28233	0.221286	0.188475	0.385736
512	-10.3027	-10.4159	-10.7333	-10.942	0.325656	0.290807	0.211709	0.171828	0.365052
513	-23.5514	-18.71	-16.4731	-15.9004	0.000292711	0.0370727	0.34714	0.615495	0.834614
514	-3.72408	-3.84641	-4.18954	-4.41513	0.331812	0.293606	0.208328	0.166254	0.358007
515	-14.7155	-12.3431	-11.361	-11.1649	0.0132999	0.142616	0.380794	0.46329	0.728148
516	-26.1865	-18.866	-15.3473	-14.3811	5.36291e-06	0.00810319	0.273393	0.718498	0.881025
517	-26.2779	-23.9066	-22.9273	-22.7326	0.0133551	0.143039	0.38087	0.462736	0.727737
518	-22.7216	-17.9047	-15.7364	-15.2087	0.000329298	0.0406964	0.355814	0.60316	0.828982
519	-36.3263	-29.0089	-25.4968	-24.5332	5.42508e-06	0.00817189	0.273894	0.717929	0.880813
520	-4.1996	-4.31278	-4.63024	-4.83896	0.325658	0.290808	0.211708	0.171826	0.36505
521	-17.0346	-14.6633	-13.6824	-13.4856	0.0133232	0.14271	0.380592	0.463375	0.728115
522	-4.15964	-4.24779	-4.49568	-4.65923	0.308927	0.282863	0.220758	0.187451	0.384506
523	-3.90745	-4.06114	-4.4917	-4.77431	0.352692	0.302447	0.196635	0.148225	0.334699
524	-4.53787	-4.64886	-4.96035	-5.1653	0.324219	0.29016	0.2125	0.173121	0.36669
525	-7.92799	-8.0468	-8.37983	-8.59859	0.329398	0.292499	0.209648	0.168455	0.360779
526	-4.38569	-4.48551	-4.76563	-4.94993	0.316687	0.286602	0.216582	0.180129	0.375432
527	-4.64616	-4.76881	-5.11322	-5.33998	0.332108	0.293773	0.208178	0.165941	0.357639
528	-16.8181	-14.4175	-13.3555	-13.1064	0.0117849	0.129991	0.375939	0.482285	0.741105
529	-4.54294	-4.66417	-5.00487	-5.22942	0.331209	0.293395	0.208684	0.166712	0.358639
530	-16.1671	-16.2808	-16.5995	-16.809	0.325951	0.290942	0.211545	0.171562	0.364714
531	-4.46406	-4.5754	-4.88776	-5.09319	0.324431	0.290248	0.212381	0.172941	0.366456
532	-4.94944	-5.0557	-5.3539	-5.55006	0.321027	0.288664	0.214234	0.176075	0.370384
533	-3.7435	-3.85187	-4.15554	-4.35495	0.322358	0.289248	0.213495	0.174898	0.36888
534	-4.08835	-4.20894	-4.54688	-4.76883	0.33058	0.293026	0.208996	0.167397	0.359434
535	-4.78579	-4.89948	-5.21858	-5.42855	0.326044	0.291005	0.211504	0.171447	0.364588
536	-3.76361	-3.90299	-4.29419	-4.5516	0.343297	0.298634	0.201951	0.156118	0.345039
537	-16.6372	-14.2465	-13.2127	-12.9823	0.0123018	0.134342	0.377727	0.475629	0.736609
538	-4.38569	-4.48551	-4.76563	-4.94993	0.316687	0.286602	0.216582	0.180129	0.375432
539	-14.7713	-14.8965	-15.2473	-15.4775	0.333669	0.294388	0.207285	0.164659	0.355939
540	-4.48219	-4.58985	-4.89183	-5.0904	0.321942	0.289083	0.213734	0.175241	0.369334
541	-4.18148	-4.32007	-4.7092	-4.96533	0.342798	0.298433	0.202233	0.156537	0.345588
542	-5.17616	-5.2773	-5.56138	-5.74848	0.317629	0.287076	0.216084	0.179211	0.374312
543	-4.18148	-4.32007	-4.7092	-4.96533	0.342798	0.298433	0.202233	0.156537	0.345588
544	-4.5346	-4.64598	-4.95865	-5.16447	0.3245	0.290299	0.212351	0.17285	0.366358
545	-4.78579	-4.89948	-5.21858	-5.42855	0.326044	0.291005	0.211504	0.171447	0.364588
546	-4.38569	-4.48551	-4.76563	-4.94993	0.316687	0.286602	0.216582	0.180129	0.375432
547	-3.63272	-3.7595	-4.11484	-4.34825	0.334746	0.294888	0.206697	0.163669	0.354697
548	-34.2501	-31.8924	-30.947	-30.7715	0.0140492	0.148458	0.382099	0.455394	0.722403
549	-4.38569	-4.48551	-4.76563	-4.94993	0.316687	0.286602	0.216582	0.180129	0.375432
550	-4.01619	-4.1053	-4.3559	-4.52122	0.309578	0.283184	0.220411	0.186826	0.383737
551	-4.78439	-4.85543	-5.05508	-5.18669	0.297349	0.276958	0.226833	0.19886	0.398351
552	-4.38569	-4.48551	-4.76563	-4.94993	0.316687	0.286602	0.216582	0.180129	0.375432
553	-15.9905	-16.1242	-16.4989	-16.745	0.339368	0.296912	0.204131	0.159588	0.349477
554	-11.5663	-9.20009	-8.23517	-8.05018	0.0136466	0.145427	0.381684	0.459243	0.725314
555	-7.71704	-7.81766	-8.10005	-8.28583	0.31723	0.286862	0.216289	0.179619	0.374799
556	-4.5978	-4.71138	-5.02996	-5.23938	0.325925	0.290929	0.21156	0.171586	0.364744
557	-35.0779	-27.5605	-23.6077	-22.4147	2.41815e-06	0.00444867	0.231685	0.763864	0.897063
558	-15.2994	-12.9354	-11.9762	-11.7947	0.0137636	0.146361	0.381931	0.457944	0.724386
559	-4.15964	-4.24779	-4.49568	-4.65923	0.308927	0.282863	0.220758	0.187451	0.384506
560	-16.1017	-13.695	-12.6162	-12.3561	0.0114844	0.127448	0.374862	0.486206	0.743743
561	-37.9199	-28.1564	-23.4571	-22.1636	1.12465e-07	0.00195538	0.214844	0.783201	0.904343
562	-23.7596	-23.8656	-24.1632	-24.3591	0.320873	0.288608	0.214324	0.176194	0.370548
563	-4.46406	-4.5754	-4.88776	-5.09319	0.324431	0.290248	0.212381	0.172941	0.366456
564	-16.8912	-16.9914	-17.2729	-17.4583	0.317009	0.28678	0.216419	0.179792	0.375034
565	-28.9554	-24.1552	-22.0309	-21.5293	0.000354793	0.0431191	0.360778	0.595748	0.825478
566	-10.6718	-8.31627	-7.3808	-7.21481	0.0142584	0.150335	0.383114	0.452292	0.720399
567	-13.0907	-10.6985	-9.66036	-9.42711	0.012221	0.133669	0.377473	0.476638	0.737298
568	-23.6241	-21.2357	-20.2082	-19.9816	0.0124173	0.1353	0.378064	0.474219	0.735635
569	-4.59338	-4.68296	-4.9339	-5.0986	0.309686	0.283149	0.220309	0.186855	0.383694
570	-13.0325	-10.6871	-9.77887	-9.62983	0.0148441	0.154936	0.384233	0.445987	0.71585
571	-6.33941	-6.46238	-6.80566	-7.03002	0.331905	0.2935	0.208221	0.166374	0.358036
572	-13.3884	-11.0338	-10.1009	-9.93647	0.0143125	0.150759	0.383214	0.451715	0.71998
573	-4.85565	-4.95504	-5.23411	-5.41784	0.31643	0.286491	0.216727	0.180352	0.375721
574	-28.8991	-21.5781	-18.0577	-17.09	5.34536e-06	0.00808056	0.273107	0.718807	0.881133
575	-21.4532	-16.6129	-14.379	-13.8078	0.000294149	0.0372098	0.347421	0.615075	0.834416
576	-3.57582	-3.69911	-4.04493	-4.2723	0.332457	0.293896	0.207972	0.165675	0.357272
577	-15.5776	-13.2213	-12.2838	-12.1168	0.0142162	0.150017	0.38307	0.452697	0.720704
578	-7.16941	-7.30164	-7.6714	-7.91352	0.338225	0.296331	0.204735	0.160709	0.350842
579	-23.2685	-18.4134	-16.1383	-15.5406	0.000274014	0.0351822	0.342277	0.622267	0.837658
580	-4.59338	-4.68296	-4.9339	-5.0986	0.309686	0.283149	0.220309	0.186855	0.383694
581	-3.57582	-3.69911	-4.04493	-4.2723	0.332457	0.293896	0.207972	0.165675	0.357272
582	-3.78029	-3.90554	-4.25659	-4.48717	0.333718	0.294432	0.207266	0.164584	0.355862
583	-3.72408	-3.84641	-4.18954	-4.41513	0.331812	0.293606	0.208328	0.166254	0.358007
584	-8.60653	-8.68466	-8.9035	-9.04713	0.301972	0.279277	0.224387	0.194365	0.39286
585	-3.90745	-4.06114	-4.4917	-4.77431	0.352692	0.302447	0.196635	0.148225	0.334699
586	-3.8979	-4.07593	-4.57492	-4.9026	0.36884	0.30869	0.187419	0.135052	0.317199
587	-4.0794	-4.21401	-4.59115	-4.8387	0.339964	0.297146	0.20379	0.159101	0.348829
588	-4.55749	-4.67667	-5.0108	-5.23035	0.32966	0.292624	0.209507	0.168209	0.360473
589	-4.38603	-4.48597	-4.76643	-4.95095	0.316768	0.286641	0.216538	0.180053	0.375337
590	-22.838	-17.9905	-15.7367	-15.1529	0.000284284	0.0362225	0.344972	0.618521	0.835977
591	-3.81056	-3.95457	-4.35853	-4.62413	0.346348	0.299895	0.200231	0.153526	0.341661
592	-4.01643	-4.10565	-4.35656	-4.52207	0.30965	0.28322	0.220373	0.186756	0.383652
593	-4.8636	-4.98585	-5.32933	-5.55562	0.331876	0.293686	0.208312	0.166125	0.357887
594	-4.0794	-4.21401	-4.59115	-4.8387	0.339964	0.297146	0.20379	0.159101	0.348829
595	-17.2531	-17.3349	-17.5457	-17.67	0.300585	0.276976	0.224333	0.198106	0.396024
596	-18.3387	-18.4376	-18.7152	-18.898	0.31609	0.286327	0.216909	0.180673	0.376118
597	-4.45313	-4.53706	-4.77319	-4.92904	0.306099	0.281456	0.22226	0.190185	0.387854
598	-30.1303	-22.8395	-19.4033	-18.4903	6.22689e-06	0.0091329	0.283772	0.707089	0.876939
599	-24.8794	-20.0324	-17.781	-17.1995	0.000285495	0.0363605	0.345464	0.61789	0.835712
600	-3.63303	-3.75996	-4.11573	-4.34943	0.334849	0.294934	0.20664	0.163578	0.35458
601	-3.72436	-3.84684	-4.19038	-4.41624	0.331912	0.29365	0.208273	0.166165	0.357894
602	-3.81056	-3.95457	-4.35853	-4.62413	0.346348	0.299895	0.200231	0.153526	0.341661
603	-16.5028	-16.6053	-16.8932	-17.0828	0.31854	0.287511	0.215593	0.178356	0.37325
604	-15.6112	-15.7195	-16.0231	-16.2224	0.322335	0.289238	0.213508	0.17492	0.368907
605	-4.08876	-4.20949	-4.54785	-4.77007	0.330678	0.293071	0.208943	0.167308	0.359323
606	-3.81056	-3.95457	-4.35853	-4.62413	0.346348	0.299895	0.200231	0.153526	0.341661
607	-4.78502	-4.85615	-5.05604	-5.18781	0.297406	0.276988	0.226803	0.198802	0.398281
608	-13.6727	-11.3107	-10.3555	-10.1752	0.0138445	0.146919	0.381892	0.457344	0.72388
609	-4.64647	-4.76927	-5.1141	-5.34113	0.332207	0.293818	0.208123	0.165852	0.357526
610	-12.684	-10.3199	-9.35857	-9.17417	0.0137196	0.145904	0.381556	0.458821	0.724908
611	-4.0794	-4.21401	-4.59115	-4.8387	0.339964	0.297146	0.20379	0.159101	0.348829
612	-24.6892	-22.1253	-20.5609	-20.0044	0.00542457	0.0704408	0.336709	0.587425	0.806619
613	-26.6257	-24.263	-23.3071	-23.1274	0.0138306	0.146879	0.382044	0.457247	0.723877
614	-7.84999	-7.92277	-8.12589	-8.25855	0.298213	0.277281	0.226311	0.198195	0.397433
615	-3.81056	-3.95457	-4.35853	-4.62413	0.346348	0.299895	0.200231	0.153526	0.341661
616	-3.5761	-3.69953	-4.04577	-4.27343	0.332557	0.293941	0.207917	0.165585	0.357158
617	-25.1094	-20.2567	-17.9887	-17.396	0.000277426	0.0355353	0.343258	0.620929	0.837067
618	-10.146	-10.2674	-10.6075	-10.8307	0.331098	0.293248	0.208705	0.166949	0.358855
619	-13.2718	-10.9076	-9.94776	-9.76565	0.0137497	0.146234	0.38187	0.458147	0.724519
620	-19.7487	-17.3964	-16.4696	-16.3089	0.0144428	0.151783	0.383462	0.450313	0.718969
621	-19.3302	-19.4456	-19.7677	-19.978	0.326818	0.291191	0.21101	0.170981	0.363855
622	-4.45313	-4.53706	-4.77319	-4.92904	0.306099	0.281456	0.22226	0.190185	0.387854
623	-4.0794	-4.21401	-4.59115	-4.8387	0.339964	0.297146	0.20379	0.159101	0.348829
624	-13.0084	-10.6412	-9.67188	-9.48275	0.0135571	0.144618	0.381226	0.460599	0.726183
625	-8.98851	-9.12785	-9.51878	-9.77586	0.343239	0.298594	0.201978	0.15619	0.345118
626	-8.17658	-8.28918	-8.60505	-8.81258	0.325265	0.290627	0.211911	0.172197	0.365505
627	-3.72436	-3.84684	-4.19038	-4.41624	0.331912	0.29365	0.208273	0.166165	0.357894
628	-26.562	-24.2006	-23.2487	-23.0717	0.0139129	0.147547	0.382261	0.456278	0.723201
629	-6.57186	-6.69847	-7.05199	-7.28307	0.334355	0.294592	0.206867	0.164186	0.355252
630	-5.09229	-5.18473	-5.44441	-5.61549	0.311766	0.28424	0.219233	0.184761	0.381178
631	-4.45313	-4.53706	-4.77319	-4.92904	0.306099	0.281456	0.22226	0.190185	0.387854
632	-18.1611	-15.7756	-14.7557	-14.5337	0.0125625	0.136476	0.378448	0.472514	0.734446
633	-15.1106	-12.7567	-11.8254	-11.6617	0.0143454	0.15101	0.38325	0.451394	0.719739
634	-10.1377	-10.2507	-10.5677	-10.7761	0.32555	0.290756	0.211764	0.17193	0.365176
635	-3.63303	-3.75996	-4.11573	-4.34942	0.334849	0.294933	0.20664	0.163578	0.35458
636	-4.64647	-4.76927	-5.1141	-5.34113	0.332207	0.293818	0.208123	0.165852	0.357526
637	-3.5761	-3.69953	-4.04577	-4.27342	0.332557	0.29394	0.207917	0.165585	0.357158
638	-4.47575	-4.59722	-4.93788	-5.16179	0.331223	0.293335	0.208649	0.166793	0.358684
639	-16.6031	-13.9882	-12.4994	-12.0483	0.00587104	0.0802328	0.355584	0.558312	0.792504
640	-3.72436	-3.84684	-4.19037	-4.41624	0.331911	0.29365	0.208273	0.166165	0.357894
641	-3.90764	-4.06152	-4.49259	-4.77555	0.352816	0.302497	0.196565	0.148122	0.334563
642	-16.1838	-13.845	-12.9567	-12.8219	0.0152867	0.1585	0.385301	0.440913	0.712273
643	-10.1745	-10.2642	-10.5157	-10.6807	0.309807	0.283209	0.220245	0.186738	0.383551
644	-4.78617	-4.89999	-5.21948	-5.4297	0.326136	0.291048	0.211454	0.171363	0.364482
645	-4.93502	-5.04495	-5.35345	-5.55643	0.323502	0.289827	0.21289	0.173781	0.367518
646	-4.55749	-4.67667	-5.01079	-5.23035	0.32966	0.292624	0.209507	0.168209	0.360474
647	-4.56981	-4.69023	-5.02834	-5.25092	0.330597	0.293092	0.209009	0.167301	0.359362
648	-8.47989	-8.55056	-8.74919	-8.88012	0.297102	0.27683	0.226961	0.199107	0.398649
649	-18.6373	-16.2767	-15.3261	-15.1494	0.0139408	0.147742	0.382228	0.456089	0.723031
650	-4.38603	-4.48597	-4.76643	-4.95095	0.316768	0.286641	0.216538	0.180053	0.375337
651	-15.2337	-12.8905	-11.9898	-11.8468	0.0150095	0.156316	0.384753	0.443922	0.714437
652	-4.18171	-4.32048	-4.71007	-4.96651	0.342909	0.29848	0.20217	0.15644	0.345463
653	-23.076	-20.6762	-19.6165	-19.3688	0.0118256	0.130334	0.376081	0.48176	0.740751
654	-4.64647	-4.76927	-5.1141	-5.34113	0.332207	0.293818	0.208123	0.165852	0.357526
655	-3.63303	-3.75996	-4.11573	-4.34943	0.334849	0.294934	0.20664	0.163578	0.35458
656	-4.37774	-4.49198	-4.81246	-5.0232	0.32638	0.291146	0.211314	0.17116	0.364215
657	-12.6535	-10.2906	-9.33476	-9.1555	0.0138326	0.146918	0.382114	0.457135	0.723822
658	-22.8211	-17.9786	-15.7384	-15.1631	0.000290981	0.0368934	0.346639	0.616176	0.834915
659	-22.1658	-17.3195	-15.0691	-14.4876	0.000285971	0.0363947	0.345428	0.617891	0.835696
660	-12.1075	-9.75248	-8.81838	-8.6533	0.0142873	0.150568	0.383184	0.451962	0.720166
661	-41.5032	-31.6541	-26.743	-25.3277	7.5862e-08	0.00143685	0.195115	0.803448	0.910972
662	-25.1325	-20.3534	-18.2906	-17.8318	0.000394081	0.0468971	0.368956	0.583753	0.819877
663	-12.6882	-10.3085	-9.30574	-9.09584	0.0128931	0.139261	0.379595	0.468251	0.731567
664	-23.2049	-18.3655	-16.1342	-15.5651	0.000295522	0.0373541	0.34784	0.61451	0.834168
665	-19.3889	-14.5304	-12.2456	-11.6414	0.000269459	0.0347145	0.341015	0.624001	0.83843
666	-13.7538	-11.3631	-10.3293	-10.0989	0.012302	0.134344	0.377728	0.475626	0.736607
667	-6.94451	-7.07295	-7.43177	-7.66651	0.335619	0.295168	0.206174	0.163039	0.353804
668	-4.0917	-4.17122	-4.39435	-4.54115	0.302994	0.279833	0.223869	0.193304	0.391604
669	-12.4018	-10.0642	-9.17844	-9.04468	0.0153437	0.158905	0.385304	0.440447	0.711897
670	-3.63303	-3.75996	-4.11573	-4.34943	0.334849	0.294934	0.20664	0.163578	0.35458
671	-4.53827	-4.64939	-4.96126	-5.16646	0.324309	0.290202	0.212451	0.173038	0.366586
672	-8.87401	-8.98935	-9.31261	-9.52492	0.327056	0.291428	0.210932	0.170584	0.363464
673	-44.7132	-34.9204	-30.1388	-28.7912	9.64035e-08	0.00172591	0.205892	0.792382	0.907347
674	-4.47575	-4.59722	-4.93788	-5.16179	0.331223	0.293335	0.208649	0.166793	0.358684
675	-7.89632	-8.02891	-8.40012	-8.64352	0.338552	0.296512	0.204565	0.16037	0.350438
676	-24.6706	-19.8398	-17.6325	-17.079	0.000307995	0.038595	0.350855	0.610242	0.832225
677	-10.5703	-8.21239	-7.27045	-7.10041	0.0141222	0.149255	0.382831	0.453791	0.721472
678	-9.43565	-9.51523	-9.73843	-9.88516	0.303013	0.279831	0.223853	0.193303	0.391593
679	-14.2166	-11.8476	-10.8744	-10.6833	0.0134766	0.144008	0.381133	0.461382	0.726771
680	-4.01643	-4.10565	-4.35656	-4.52207	0.30965	0.28322	0.220373	0.186756	0.383652
681	-3.7806	-3.906	-4.25747	-4.48833	0.33382	0.294477	0.20721	0.164493	0.355747
682	-4.15617	-4.28294	-4.63904	-4.87361	0.334902	0.295027	0.206638	0.163433	0.354456
683	-15.0258	-12.6322	-11.5905	-11.3551	0.0121542	0.133123	0.377289	0.477433	0.737851
684	-4.0794	-4.21401	-4.59115	-4.8387	0.339964	0.297146	0.20379	0.159101	0.348829
685	-12.8132	-10.4462	-9.47781	-9.28963	0.0135763	0.144796	0.381336	0.460292	0.72599
686	-19.6283	-17.2782	-16.3565	-16.1985	0.0145531	0.152616	0.383586	0.449245	0.718165
687	-19.4188	-14.6134	-12.4764	-11.9682	0.000347318	0.0424298	0.359553	0.59767	0.826416
688	-22.2356	-17.4223	-15.2637	-14.742	0.00033478	0.0412249	0.356963	0.601477	0.828196
689	-14.3093	-14.4193	-14.7279	-14.9306	0.323522	0.289806	0.212866	0.173805	0.367522
690	-18.1995	-18.3081	-18.6126	-18.8128	0.32256	0.289364	0.213393	0.174683	0.368627
691	-8.4164	-8.53073	-8.8513	-9.06193	0.326406	0.291141	0.211291	0.171162	0.364201
692	-4.85605	-4.95556	-5.23496	-5.41891	0.31651	0.28653	0.216684	0.180276	0.375626
693	-15.8266	-13.4436	-12.4339	-12.2212	0.0127581	0.138266	0.379499	0.469477	0.732513
694	-12.1545	-9.81261	-8.91555	-8.77484	0.0150908	0.15695	0.384901	0.443058	0.713811
695	-11.1538	-8.81462	-7.92505	-7.78918	0.0152578	0.158258	0.385211	0.441273	0.71252
696	-9.04071	-9.11613	-9.32788	-9.46728	0.300257	0.278445	0.225308	0.19599	0.39487
697	-4.85605	-4.95556	-5.23496	-5.41891	0.31651	0.28653	0.216684	0.180276	0.375626
698	-10.9745	-8.61812	-7.67979	-7.51163	0.0141979	0.149832	0.382925	0.453046	0.720914
699	-21.0391	-16.188	-13.9243	-13.3341	0.000279458	0.0357371	0.343746	0.620238	0.836752
700	-13.7461	-13.8561	-14.165	-14.3681	0.323581	0.289858	0.212845	0.173715	0.367431
701	-17.1389	-14.7586	-13.7535	-13.5416	0.0128473	0.138855	0.379374	0.468924	0.732001
702	-4.18171	-4.32048	-4.71007	-4.96651	0.34291	0.29848	0.20217	0.15644	0.345463
703	-37.8395	-28.0462	-23.2628	-21.9136	9.60613e-08	0.00172063	0.205638	0.792641	0.907431
704	-4.78617	-4.89999	-5.21948	-5.4297	0.326136	0.291048	0.211453	0.171363	0.364482
705	-14.3516	-11.9808	-11.0027	-10.8089	0.0133802	0.143245	0.380937	0.462437	0.727529
706	-34.6053	-27.2854	-23.7682	-22.8024	5.37599e-06	0.00811756	0.273491	0.718386	0.880983
707	-4.01643	-4.10565	-4.35656	-4.52207	0.30965	0.28322	0.220373	0.186756	0.383652
708	-3.5761	-3.69953	-4.04577	-4.27343	0.332557	0.293941	0.207917	0.165585	0.357158
709	-7.46862	-7.58596	-7.91503	-8.13132	0.328444	0.292079	0.210178	0.169299	0.361858
710	-15.8731	-15.953	-16.1768	-16.324	0.303173	0.27991	0.223768	0.19315	0.391404
711	-10.7325	-8.37245	-7.42439	-7.25017	0.0139941	0.148215	0.382498	0.455293	0.722521
712	-25.5678	-20.7183	-18.4588	-17.8712	0.000281493	0.0359407	0.344248	0.61953	0.836431
713	-4.57342	-4.69946	-5.05359	-5.28692	0.334427	0.294825	0.206903	0.163844	0.354987
714	-4.57342	-4.69946	-5.05359	-5.28692	0.334427	0.294825	0.206903	0.163844	0.354987
715	-7.41237	-7.52212	-7.8301	-8.03274	0.323378	0.289768	0.212958	0.173896	0.367662
716	-9.262	-9.35841	-9.62908	-9.80725	0.314412	0.285515	0.21781	0.182263	0.378084
717	-4.91524	-5.02262	-5.32418	-5.52275	0.321829	0.289062	0.213807	0.175302	0.369436
718	-3.5761	-3.69953	-4.04577	-4.27343	0.332557	0.293941	0.207917	0.165585	0.357158
719	-11.7163	-9.34815	-8.37726	-8.1881	0.0135254	0.144425	0.381321	0.460728	0.726336
720	-10.4963	-10.6061	-10.9143	-11.117	0.323413	0.289785	0.212938	0.173863	0.36762
721	-17.0486	-14.6846	-13.7249	-13.5429	0.0137542	0.146265	0.381869	0.458112	0.724491
722	-3.89792	-4.07618	-4.57582	-4.90395	0.368993	0.308746	0.187331	0.134929	0.317035
784	-4.15333	-4.28795	-4.666	-4.91491	0.34015	0.297308	0.203715	0.158826	0.348546
785	-47.6705	-35.4002	-29.3403	-27.6006	1.63443e-09	0.000348554	0.149303	0.850349	0.926273
786	-22.1776	-19.8018	-18.8094	-18.6059	0.0130952	0.1409	0.380113	0.465891	0.729914
787	-17.1531	-14.8028	-13.8824	-13.7267	0.0145814	0.152935	0.383893	0.44859	0.71779
788	-4.20555	-4.33677	-4.70518	-4.94768	0.337851	0.296304	0.204994	0.160851	0.351139
789	-16.2281	-13.8273	-12.765	-12.5157	0.0117785	0.12994	0.375923	0.482358	0.741157
790	-3.72466	-3.84729	-4.19128	-4.41745	0.33202	0.293699	0.208214	0.166068	0.357771
791	-22.6105	-17.7697	-15.5352	-14.9643	0.000293889	0.0371955	0.34749	0.615021	0.834406
792	-24.3718	-21.9845	-20.9594	-20.7341	0.0124649	0.135669	0.378153	0.473713	0.735269
793	-13.3058	-13.4185	-13.7348	-13.9426	0.32536	0.290671	0.211859	0.172109	0.365395
794	-4.08921	-4.2101	-4.5489	-4.77141	0.330785	0.293119	0.208884	0.167212	0.359201
795	-44.4781	-34.6561	-29.7906	-28.3863	8.2299e-08	0.00151728	0.196848	0.801635	0.910362
796	-7.12474	-7.26166	-7.64433	-7.89473	0.341319	0.297642	0.203003	0.158036	0.347387
797	-27.8245	-22.9771	-20.7238	-20.1405	0.00028452	0.0362498	0.34507	0.618395	0.835924
798	-19.9034	-15.0473	-12.7705	-12.1723	0.000273209	0.0351121	0.3422	0.622415	0.837739
799	-23.7743	-18.9227	-16.6549	-16.06	0.000277384	0.0354922	0.342798	0.621432	0.837246
800	-4.08921	-4.2101	-4.5489	-4.77141	0.330785	0.293119	0.208884	0.167212	0.359201
801	-4.57004	-4.69061	-5.02917	-5.25204	0.330703	0.293141	0.208951	0.167205	0.359241
802	-10.6724	-8.31723	-7.38266	-7.21726	0.0142774	0.150488	0.383159	0.452076	0.720246
803	-12.2223	-9.90258	-9.06657	-8.96516	0.0164963	0.167818	0.387181	0.428505	0.703159
804	-11.3641	-9.01645	-8.1037	-7.95311	0.0147461	0.154255	0.384273	0.446726	0.716469
805	-18.1327	-15.773	-14.8255	-14.6514	0.0140056	0.148295	0.382488	0.455212	0.722451
806	-15.0887	-12.7003	-11.673	-11.4471	0.0124241	0.135378	0.378168	0.47403	0.735534
807	-4.78658	-4.90055	-5.22045	-5.43096	0.326236	0.291094	0.211399	0.171271	0.364366
808	-29.2659	-21.905	-18.2731	-17.2323	4.36055e-06	0.00686027	0.259223	0.733913	0.886475
809	-18.1202	-15.5955	-14.2251	-13.7976	0.00724453	0.0904638	0.35616	0.546131	0.782923
810	-25.7609	-20.9149	-18.6651	-18.0836	0.000286224	0.0364138	0.34542	0.61788	0.835683
811	-13.2712	-13.3423	-13.5422	-13.6739	0.297397	0.276984	0.226808	0.198811	0.398292
812	-6.62834	-6.75169	-7.09643	-7.32206	0.332242	0.293686	0.208048	0.166024	0.35762
813	-6.49949	-6.62209	-6.96432	-7.18797	0.331653	0.293386	0.208359	0.166602	0.358323
814	-16.1571	-13.7867	-12.8093	-12.6155	0.0133928	0.143325	0.380909	0.462373	0.727463
815	-4.45314	-4.53718	-4.77361	-4.92967	0.306173	0.281493	0.222221	0.190113	0.387766
816	-4.53871	-4.64997	-4.96225	-5.16772	0.324407	0.290248	0.212397	0.172948	0.366473
817	-4.61673	-4.73841	-5.07929	-5.30305	0.331288	0.293333	0.208601	0.166778	0.358638
818	-8.72431	-8.80122	-9.01699	-9.1589	0.301227	0.278928	0.224792	0.195053	0.393722
819	-7.18224	-7.27134	-7.52081	-7.68447	0.309338	0.282967	0.220492	0.187204	0.384114
820	-3.5764	-3.7	-4.04669	-4.27465	0.332666	0.293989	0.207857	0.165487	0.357034
821	-15.9556	-13.5806	-12.5904	-12.3885	0.0131403	0.141273	0.380251	0.465335	0.729533
822	-19.5127	-14.6507	-12.3574	-11.7485	0.000265535	0.0343288	0.340124	0.625282	0.83902
823	-4.57371	-4.69991	-5.05451	-5.28815	0.334538	0.294875	0.206842	0.163745	0.354861
824	-4.86388	-4.98629	-5.33021	-5.55681	0.331984	0.293735	0.208253	0.166029	0.357764
825	-3.63337	-3.76047	-4.11671	-4.35071	0.334961	0.294983	0.206578	0.163478	0.354453
826	-17.6993	-17.7728	-17.977	-18.1098	0.298506	0.277367	0.226119	0.198008	0.397144
827	-4.48311	-4.59103	-4.89378	-5.09285	0.322125	0.289169	0.213635	0.175072	0.369122
828	-16.2629	-16.3513	-16.5986	-16.7609	0.308827	0.282712	0.220763	0.187698	0.384719
829	-3.89792	-4.07618	-4.57582	-4.90395	0.368993	0.308746	0.187331	0.134929	0.317035
830	-4.18197	-4.32092	-4.71102	-4.9678	0.343031	0.298532	0.202102	0.156334	0.345326
831	-3.63337	-3.76047	-4.11671	-4.35071	0.334961	0.294983	0.206578	0.163478	0.354453
832	-21.6955	-16.8478	-14.5918	-14.005	0.000283088	0.0360769	0.344377	0.619263	0.836281
833	-24.2445	-24.3524	-24.6551	-24.8542	0.32211	0.289175	0.213647	0.175068	0.369128
834	-37.8347	-30.4828	-26.8773	-25.8551	4.57856e-06	0.00713909	0.262701	0.730156	0.885158
835	-20.0684	-17.7243	-16.8156	-16.6625	0.0148315	0.154594	0.383569	0.447005	0.716341
836	-23.3057	-20.9283	-19.929	-19.7191	0.0129597	0.139662	0.379374	0.468004	0.731255
837	-21.5959	-19.2049	-18.1695	-17.9374	0.0122716	0.134057	0.377528	0.476143	0.736925
838	-12.8783	-12.9633	-13.2005	-13.3554	0.306398	0.281442	0.222015	0.190144	0.387655
839	-34.717	-27.3937	-23.8641	-22.8882	5.25376e-06	0.00796036	0.271518	0.720516	0.881729
840	-21.8295	-16.9749	-14.7015	-14.1052	0.000274833	0.0352713	0.342566	0.621888	0.837496
841	-4.45314	-4.53718	-4.77361	-4.92967	0.306173	0.281493	0.222221	0.190113	0.387766
842	-22.6126	-17.7623	-15.4962	-14.901	0.000278155	0.0355444	0.342711	0.621467	0.837232
843	-17.3295	-14.9721	-14.0298	-13.858	0.0141135	0.149093	0.382561	0.454232	0.721693
844	-21.4106	-16.5626	-14.308	-13.7242	0.000283924	0.0361961	0.344991	0.618529	0.835992
845	-4.55791	-4.67724	-5.01181	-5.23165	0.329765	0.292672	0.20945	0.168113	0.360353
846	-10.5706	-8.21285	-7.27136	-7.10162	0.0141316	0.149332	0.382854	0.453683	0.721395
847	-20.4777	-15.6292	-13.3734	-12.7889	0.000283344	0.0361386	0.344854	0.618724	0.836082
848	-19.7517	-17.4133	-16.5254	-16.3904	0.0152953	0.158539	0.385248	0.440917	0.71225
849	-13.1268	-10.7541	-9.77003	-9.57191	0.0132611	0.14225	0.380553	0.463936	0.728551
850	-13.0606	-10.7113	-9.79165	-9.63462	0.014595	0.152929	0.383625	0.448851	0.717866
851	-8.34873	-8.46882	-8.80544	-9.02647	0.330255	0.292884	0.20917	0.167691	0.359804
852	-17.8511	-15.4759	-14.4827	-14.2765	0.0130776	0.140623	0.37969	0.466609	0.730283
853	-4.55791	-4.67724	-5.01181	-5.23165	0.329765	0.292672	0.20945	0.168113	0.360353
854	-4.85648	-4.95612	-5.23589	-5.42009	0.316598	0.286573	0.216636	0.180193	0.375523
855	-12.8242	-10.4163	-9.33451	-9.07272	0.0114328	0.127021	0.374706	0.48684	0.744178
856	-13.0005	-10.6186	-9.60962	-9.39587	0.0127732	0.138284	0.379278	0.469664	0.732553
857	-3.89792	-4.07618	-4.57582	-4.90395	0.368993	0.308746	0.187331	0.134929	0.317035
858	-4.40425	-4.4912	-4.73543	-4.89633	0.308056	0.282403	0.221208	0.188332	0.385562
859	-6.44294	-6.56854	-6.91881	-7.14742	0.333591	0.294217	0.207276	0.164916	0.356151
860	-3.78093	-3.90649	-4.25843	-4.48959	0.33393	0.294527	0.207149	0.164394	0.355621
861	-8.01213	-8.08325	-8.28315	-8.41492	0.297406	0.276989	0.226803	0.198802	0.398281
862	-11.827	-9.46227	-8.50116	-8.31842	0.0137244	0.146041	0.381838	0.458396	0.724706
863	-7.77981	-7.90166	-8.24256	-8.46594	0.331307	0.293299	0.208574	0.16682	0.358656
864	-4.07076	-4.18372	-4.50065	-4.70909	0.325528	0.290756	0.211782	0.171934	0.365192
865	-4.20555	-4.33677	-4.70517	-4.94767	0.337851	0.296304	0.204994	0.160851	0.35114
866	-4.16015	-4.24851	-4.49703	-4.66099	0.309076	0.282937	0.220679	0.187307	0.384329
867	-26.0778	-21.2457	-19.012	-18.4266	0.000294052	0.0368938	0.344379	0.618433	0.835624
868	-33.2173	-25.9	-22.39	-21.429	5.44698e-06	0.00820386	0.274421	0.71737	0.880622
869	-22.1359	-17.2923	-15.0488	-14.4714	0.000289365	0.036731	0.346232	0.616748	0.835173
870	-37.0219	-29.6651	-26.0445	-25.0109	4.45137e-06	0.00697396	0.260553	0.732468	0.885966
871	-11.8941	-11.9647	-12.1633	-12.2942	0.297093	0.276827	0.226966	0.199114	0.398658
872	-12.3158	-9.94179	-8.95461	-8.7548	0.0131987	0.141764	0.380447	0.464591	0.729028
873	-3.5764	-3.7	-4.04669	-4.27464	0.332666	0.293989	0.207857	0.165488	0.357034
874	-19.9441	-15.1142	-12.9095	-12.3578	0.000309363	0.0387319	0.351199	0.60976	0.832007
875	-13.6471	-11.304	-10.4028	-10.2588	0.0149985	0.156183	0.384615	0.444203	0.714596
876	-4.57371	-4.69991	-5.0545	-5.28814	0.334538	0.294875	0.206842	0.163746	0.354861
877	-27.389	-20.0505	-16.4807	-15.4804	4.88482e-06	0.00751507	0.266853	0.725627	0.883552
878	-15.3825	-13.0138	-12.0395	-11.8462	0.0134539	0.14373	0.380806	0.46201	0.727117
879	-16.3173	-16.4497	-16.8192	-17.0608	0.338192	0.296271	0.204738	0.160799	0.35092
880	-3.5764	-3.7	-4.04669	-4.27464	0.332666	0.293989	0.207857	0.165488	0.357034
881	-13.0608	-13.1623	-13.4472	-13.6347	0.31783	0.287154	0.215969	0.179048	0.374095
882	-24.4152	-22.0066	-20.8983	-20.601	0.0109717	0.12199	0.369552	0.497486	0.75022
883	-40.8559	-31.0423	-26.2019	-24.8154	8.63238e-08	0.00157807	0.19965	0.798772	0.909431
884	-12.6749	-10.2976	-9.30124	-9.09518	0.013017	0.14026	0.379896	0.466827	0.730564
885	-7.67748	-7.77885	-8.06336	-8.25059	0.31774	0.287111	0.216017	0.179132	0.374199
886	-22.0662	-17.2466	-15.0697	-14.5354	0.000324423	0.0402027	0.354541	0.604932	0.829777
887	-4.18197	-4.32092	-4.71102	-4.9678	0.343031	0.298532	0.202102	0.156334	0.345327
888	-29.0682	-24.2191	-21.9597	-21.3713	0.000281498	0.0359247	0.344058	0.619736	0.836503
889	-19.5305	-14.6834	-12.4299	-11.8455	0.00028438	0.0362202	0.344855	0.61864	0.836016
890	-3.5764	-3.7	-4.04669	-4.27464	0.332666	0.293989	0.207857	0.165488	0.357034
891	-17.6253	-15.2562	-14.2826	-14.0916	0.0134712	0.143977	0.381159	0.461392	0.726793
892	-15.4198	-13.0394	-12.0342	-11.8226	0.0128462	0.138866	0.379432	0.468856	0.731975
893	-16.2607	-13.8902	-12.9106	-12.7138	0.0133485	0.142864	0.380512	0.463275	0.727994
894	-19.3733	-17.0176	-16.0819	-15.916	0.0142533	0.150312	0.383148	0.452287	0.720412
895	-33.7384	-26.4077	-22.8587	-21.8709	5.07168e-06	0.00774164	0.269254	0.723	0.882616
896	-22.1252	-19.701	-18.5798	-18.2964	0.0107582	0.121484	0.37281	0.494949	0.749798
897	-17.5775	-15.0519	-13.7033	-13.3013	0.00748465	0.0935404	0.360336	0.538639	0.778945
898	-10.5992	-8.24365	-7.30811	-7.14212	0.0142567	0.150325	0.383121	0.452297	0.720406
899	-21.7049	-16.8369	-14.55	-13.96	0.00026874	0.0349529	0.344081	0.620698	0.837276
900	-22.6736	-17.8095	-15.511	-14.899	0.000263151	0.0340892	0.339516	0.626132	0.839403
901	-15.8316	-13.3817	-12.1987	-11.8814	0.00976966	0.113202	0.369539	0.507489	0.758319
902	-14.8061	-14.8999	-15.1628	-15.3355	0.312559	0.284575	0.218785	0.18408	0.380294
903	-34.9128	-27.5547	-23.9301	-22.8936	4.41844e-06	0.00693166	0.260017	0.733046	0.886168
904	-12.96	-10.537	-9.41161	-9.12015	0.0106889	0.120564	0.371517	0.49723	0.750998
905	-3.51208	-3.60126	-3.85143	-4.01598	0.309493	0.283089	0.220431	0.186987	0.383888
906	-15.9232	-13.5476	-12.5559	-12.3532	0.01311	0.141038	0.380204	0.465648	0.729762
907	-20.4302	-15.561	-13.2463	-12.6222	0.000255792	0.0333075	0.337156	0.629281	0.840771
908	-38.9214	-31.1331	-26.8294	-25.5149	1.18328e-06	0.0028542	0.211139	0.786006	0.9048
909	-13.965	-11.5642	-10.5016	-10.2521	0.0117742	0.1299	0.375902	0.482424	0.741199
910	-28.8726	-23.9976	-21.6669	-21.0326	0.000248801	0.0325859	0.335164	0.632001	0.841976
911	-4.38104	-4.4589	-4.6773	-4.8209	0.301859	0.279246	0.22446	0.194435	0.392969
912	-16.999	-14.6358	-13.6783	-13.4975	0.0137992	0.146617	0.381946	0.457638	0.724145
913	-11.5753	-11.6666	-11.9231	-12.092	0.310994	0.283855	0.219643	0.185508	0.382093
914	-4.41958	-4.51677	-4.78915	-4.96803	0.314836	0.285676	0.217562	0.181925	0.377628
915	-12.3957	-10	-8.95272	-8.71367	0.0120513	0.132262	0.376948	0.478739	0.738738
916	-4.18197	-4.32092	-4.71102	-4.96779	0.343031	0.298532	0.202103	0.156335	0.345327
917	-4.83204	-4.90958	-5.12697	-5.26982	0.301618	0.279116	0.224581	0.194685	0.393265
918	-4.12705	-4.22729	-4.50865	-4.69381	0.316982	0.286749	0.216425	0.179844	0.375083
919	-11.2148	-8.82163	-7.7809	-7.54596	0.0121727	0.133267	0.377316	0.477245	0.737712
920	-11.0616	-8.67853	-7.66636	-7.45031	0.0127113	0.137761	0.379057	0.47047	0.733095
921	-3.74908	-3.8531	-4.14478	-4.33649	0.319471	0.287909	0.21507	0.177551	0.372209
922	-22.5145	-17.6501	-15.3488	-14.7336	0.00026183	0.033931	0.338881	0.626926	0.839729
923	-16.641	-16.6924	-16.837	-16.9322	0.284152	0.269902	0.233581	0.212365	0.414445
924	-15.4941	-15.5606	-15.7467	-15.8685	0.294105	0.275175	0.228464	0.202256	0.402354
925	-3.562	-3.65368	-3.91061	-4.07935	0.311124	0.283867	0.219549	0.18546	0.381988
926	-3.99514	-4.09237	-4.36462	-4.54323	0.314812	0.285644	0.217565	0.181979	0.377676
927	-3.562	-3.65368	-3.91061	-4.07935	0.311124	0.283867	0.219549	0.18546	0.381988
928	-4.52193	-4.57263	-4.71511	-4.80903	0.28366	0.269638	0.233833	0.212869	0.415045
929	-4.52193	-4.57263	-4.71511	-4.80903	0.28366	0.269638	0.233833	0.212869	0.415045
930	-14.099	-11.6785	-10.5647	-10.2844	0.0108829	0.122456	0.372998	0.493663	0.748851
931	-11.3793	-8.98238	-7.9306	-7.68807	0.0119696	0.131541	0.376567	0.479922	0.739506
932	-4.0935	-4.18508	-4.44229	-4.6117	0.311175	0.283944	0.219547	0.185334	0.38188
933	-7.18602	-7.26823	-7.49836	-7.649	0.304672	0.280627	0.222939	0.191762	0.389662
934	-11.4645	-11.498	-11.3315	-11.1362	0.222328	0.214998	0.253952	0.308722	0.510645
935	-24.6349	-22.2156	-21.1012	-20.8174	0.010872	0.122176	0.372379	0.494573	0.749277
936	-3.562	-3.65368	-3.91061	-4.07935	0.311124	0.283867	0.219549	0.18546	0.381988
937	-3.86291	-3.97405	-4.28527	-4.48945	0.324176	0.290076	0.212497	0.173252	0.366799
938	-13.4477	-11.0512	-10.0003	-9.75794	0.0119854	0.13165	0.376545	0.47982	0.739412
939	-37.2461	-29.6514	-25.5725	-24.3274	1.89647e-06	0.00376944	0.222711	0.773517	0.900428
940	-11.2732	-8.90528	-7.93609	-7.74868	0.0135597	0.144747	0.381526	0.460167	0.725984
941	-18.9868	-14.1543	-11.9427	-11.3868	0.000305744	0.0383783	0.350393	0.610923	0.832545
942	-28.2108	-20.8869	-17.3572	-16.3822	5.25361e-06	0.00796449	0.271713	0.720318	0.881665
943	-10.9749	-8.61862	-7.68076	-7.51291	0.0142078	0.149911	0.382948	0.452933	0.720835
944	-25.6247	-20.7871	-18.5608	-17.9947	0.000298054	0.0376029	0.348414	0.613685	0.833788
945	-27.5635	-20.2355	-16.6955	-15.7152	5.15864e-06	0.0078538	0.270686	0.721455	0.882076
946	-30.1531	-23.6208	-20.125	-19.1289	1.18086e-05	0.00811253	0.267522	0.724354	0.882862
947	-27.5658	-22.7319	-20.5167	-19.9585	0.000303838	0.0381914	0.349962	0.611542	0.83283
948	-33.8883	-26.5355	-22.9266	-21.9012	4.54845e-06	0.00709792	0.2621	0.730798	0.88538
949	-20.0208	-15.1547	-12.849	-12.2313	0.000259881	0.0337359	0.338402	0.627602	0.840036
950	-12.7224	-10.3562	-9.38936	-9.20171	0.0136076	0.14502	0.381331	0.460042	0.725784
951	-22.8571	-18.0319	-15.839	-15.294	0.000315634	0.0393341	0.352471	0.607879	0.831125
952	-22.2481	-17.4024	-15.1533	-14.5724	0.000286596	0.0364539	0.345541	0.617718	0.835613
953	-20.2243	-15.3722	-13.1054	-12.5129	0.000277956	0.0355792	0.343285	0.620858	0.837023
954	-11.8292	-9.46414	-8.50181	-8.31815	0.0136993	0.14583	0.381753	0.458717	0.724923
955	-30.789	-23.4597	-19.9168	-18.935	5.13183e-06	0.00782281	0.270406	0.721766	0.882188
956	-26.2018	-21.3624	-19.1306	-18.5607	0.000295223	0.037316	0.347673	0.614716	0.834251
957	-13.7392	-13.8516	-14.1673	-14.375	0.325219	0.290628	0.211956	0.172197	0.365533
958	-3.5764	-3.7	-4.04669	-4.27465	0.332666	0.293989	0.207857	0.165487	0.357034
959	-36.8517	-31.9877	-29.6879	-29.0742	0.000262564	0.034013	0.339165	0.626559	0.839574
960	-23.6098	-18.7565	-16.4868	-15.8928	0.000276568	0.0354458	0.343004	0.621274	0.837219
963	-12.0827	-12.1368	-12.0585	-11.9179	0.240911	0.228214	0.246812	0.284064	0.484648
964	-41.3693	-31.5766	-26.7923	-25.4403	9.58227e-08	0.00171533	0.20519	0.793095	0.907576
965	-5.32568	-5.42393	-5.69991	-5.88167	0.315683	0.28614	0.217132	0.181045	0.376586
966	-18.9368	-16.5714	-15.6079	-15.4232	0.0136753	0.145625	0.381653	0.459047	0.72514
967	-12.3134	-9.96659	-9.05585	-8.90643	0.0147899	0.154591	0.38434	0.446279	0.71614
968	-33.7481	-26.4536	-23.0076	-22.0889	6.11969e-06	0.00900911	0.282645	0.70834	0.877392
969	-7.88101	-7.95139	-8.14923	-8.27967	0.296913	0.276734	0.22706	0.199293	0.398875
970	-24.3311	-21.9654	-21.001	-20.8157	0.0136567	0.145472	0.381586	0.459285	0.7253
971	-4.48311	-4.59103	-4.89378	-5.09285	0.322125	0.289169	0.213635	0.175072	0.369122
972	-14.5623	-12.1944	-11.2236	-11.0339	0.0135263	0.144399	0.381227	0.460848	0.726386
973	-10.0882	-10.2111	-10.556	-10.7829	0.33222	0.293813	0.208112	0.165855	0.35752
974	-10.7936	-8.45468	-7.56588	-7.43077	0.0152752	0.158412	0.385289	0.441024	0.712357
975	-12.8205	-10.4542	-9.48861	-9.30301	0.013633	0.145305	0.381617	0.459444	0.725444
976	-4.40425	-4.4912	-4.73543	-4.89633	0.308056	0.282403	0.221208	0.188332	0.385562
977	-11.0073	-8.65744	-7.73764	-7.58171	0.0145931	0.152992	0.383825	0.44859	0.717755
978	-3.72466	-3.84729	-4.19128	-4.41745	0.33202	0.293699	0.208214	0.166068	0.357771
979	-3.76413	-3.90385	-4.29603	-4.5541	0.343532	0.298734	0.201819	0.155915	0.344776
980	-4.08921	-4.2101	-4.5489	-4.77141	0.330785	0.293119	0.208884	0.167212	0.359201
981	-7.38248	-7.46845	-7.70865	-7.86584	0.307123	0.281825	0.221646	0.189405	0.386775
982	-3.81085	-3.95505	-4.35954	-4.62549	0.346474	0.299948	0.20016	0.153418	0.341521
983	-19.3052	-14.4331	-12.1112	-11.4831	0.000252657	0.0329939	0.336388	0.630365	0.841264
984	-10.9261	-10.9964	-11.194	-11.3242	0.296855	0.276699	0.227088	0.199357	0.398948
985	-4.47282	-4.60761	-4.98603	-5.23509	0.340244	0.297338	0.20366	0.158758	0.34845
986	-17.9499	-15.5597	-14.5274	-14.2981	0.0123306	0.134591	0.377846	0.475232	0.736347
987	-19.6813	-14.8457	-12.6252	-12.0635	0.000301103	0.0379158	0.349262	0.612521	0.833271
988	-3.72466	-3.84729	-4.19128	-4.41745	0.33202	0.293699	0.208214	0.166068	0.357771
989	-11.5598	-11.704	-12.1084	-12.3744	0.346461	0.299941	0.200167	0.153431	0.341537
990	-3.5764	-3.7	-4.04669	-4.27465	0.332666	0.293989	0.207857	0.165487	0.357034
991	-11.1604	-8.80709	-7.8783	-7.71719	0.0144004	0.151504	0.383526	0.450569	0.719209
992	-7.56208	-7.6354	-7.83961	-7.9726	0.298485	0.277382	0.226147	0.197986	0.397144
993	-7.49348	-7.61502	-7.95464	-8.17685	0.331014	0.293132	0.208722	0.167133	0.359023
994	-7.16385	-7.29005	-7.64269	-7.8734	0.334135	0.294519	0.206997	0.164349	0.355479
995	-3.72466	-3.84729	-4.19128	-4.41745	0.33202	0.293699	0.208214	0.166068	0.357771
996	-7.82004	-7.90331	-8.13618	-8.28871	0.305354	0.280957	0.222589	0.1911	0.388858
997	-16.8974	-14.3837	-13.0493	-12.6477	0.00767265	0.0947639	0.359856	0.537707	0.77795
998	-8.34873	-8.46882	-8.80544	-9.02647	0.330255	0.292884	0.20917	0.167691	0.359804
999	-7.74456	-7.83522	-8.08925	-8.25603	0.310427	0.28352	0.219917	0.186136	0.382815
1000	-4.18197	-4.32092	-4.71102	-4.9678	0.343031	0.298532	0.202102	0.156334	0.345326
1001	-4.47282	-4.60761	-4.98603	-5.23509	0.340244	0.297338	0.20366	0.158758	0.34845
1002	-4.3864	-4.48647	-4.7673	-4.95206	0.316857	0.286683	0.216491	0.179969	0.375234
1003	-3.5764	-3.7	-4.04669	-4.27465	0.332666	0.293989	0.207857	0.165487	0.357034
1004	-4.0798	-4.21459	-4.59222	-4.8401	0.340082	0.297197	0.203724	0.158997	0.348696
1005	-22.8832	-20.5023	-19.487	-19.2619	0.0126498	0.136805	0.37761	0.472936	0.734366
1006	-3.74406	-3.85271	-4.15715	-4.35707	0.322542	0.289335	0.213395	0.174728	0.368667
1007	-18.4131	-16.0607	-15.1342	-14.9744	0.01445	0.151884	0.383595	0.45007	0.718839
1008	-40.1493	-35.2807	-32.9656	-32.3397	0.000255547	0.0332575	0.336775	0.629712	0.840931
1009	-15.1748	-12.7976	-11.8012	-11.5952	0.0130178	0.140265	0.379894	0.466823	0.730559
1010	-4.3864	-4.48647	-4.7673	-4.95206	0.316857	0.286683	0.216491	0.179969	0.375234
1011	-11.4555	-11.5637	-11.8672	-12.0668	0.32231	0.289256	0.213534	0.1749	0.368908
1012	-12.3114	-9.93117	-8.92966	-8.72259	0.0129171	0.139594	0.380029	0.46746	0.731144
1013	-31.5833	-24.2384	-20.6517	-19.6412	4.73773e-06	0.00733549	0.264906	0.727754	0.884308
1014	-3.72466	-3.84729	-4.19128	-4.41745	0.33202	0.293699	0.208214	0.166068	0.357771
1015	-4.57371	-4.69991	-5.05451	-5.28815	0.334538	0.294875	0.206842	0.163745	0.354861
1016	-4.57371	-4.69991	-5.05451	-5.28815	0.334538	0.294875	0.206842	0.163745	0.354861
1017	-14.1568	-11.7771	-10.7737	-10.5632	0.0128815	0.139148	0.379511	0.46846	0.731694
1018	-4.57004	-4.69061	-5.02917	-5.25204	0.330703	0.293141	0.208951	0.167205	0.359241
1019	-4.78571	-4.85693	-5.05708	-5.18903	0.297469	0.277021	0.226771	0.198739	0.398206
1020	-4.18197	-4.32092	-4.71102	-4.9678	0.343031	0.298532	0.202102	0.156334	0.345326
1021	-14.7733	-12.4184	-11.4844	-11.3192	0.0142902	0.15058	0.383162	0.451968	0.72016
1022	-14.9026	-12.545	-11.6033	-11.4332	0.0141289	0.14929	0.382795	0.453786	0.721449
1023	-3.89792	-4.07618	-4.57582	-4.90395	0.368993	0.308746	0.187331	0.134929	0.317035
1024	-19.4763	-17.1016	-16.11	-15.9054	0.0131107	0.140922	0.379867	0.4661	0.72996
1025	-23.973	-19.1032	-16.7874	-16.1632	0.000255342	0.0332704	0.337146	0.629329	0.840804
1026	-10.9883	-11.0956	-11.397	-11.5955	0.321797	0.289046	0.213824	0.175332	0.369474
1027	-3.5764	-3.7	-4.04669	-4.27465	0.332666	0.293989	0.207857	0.165487	0.357034
1028	-3.74406	-3.85271	-4.15715	-4.35707	0.322542	0.289335	0.213395	0.174728	0.368667
1029	-17.1479	-14.7701	-13.7729	-13.5669	0.0130009	0.140171	0.379971	0.466857	0.730626
1030	-19.0206	-16.7074	-15.8894	-15.7996	0.0169312	0.171128	0.387762	0.424179	0.699943
1031	-4.57371	-4.69991	-5.05451	-5.28815	0.334538	0.294875	0.206842	0.163745	0.354861
1032	-22.0003	-17.1261	-14.8241	-14.2255	0.000261802	0.0342642	0.342433	0.623041	0.838346
1033	-3.74406	-3.85271	-4.15715	-4.35707	0.322542	0.289335	0.213395	0.174728	0.368667
1034	-4.9354	-5.04547	-5.35438	-5.55763	0.323599	0.289872	0.212837	0.173691	0.367405
1035	-3.5764	-3.7	-4.04669	-4.27465	0.332666	0.293989	0.207857	0.165487	0.357034
1036	-20.2074	-17.8359	-16.8534	-16.6549	0.0132921	0.142409	0.380381	0.463918	0.728449
1037	-16.4944	-14.1358	-13.1916	-13.0195	0.014073	0.14883	0.382629	0.454468	0.721919
1038	-5.177	-5.27839	-5.56318	-5.75076	0.317801	0.287158	0.215992	0.179049	0.374112
1039	-12.2716	-9.88511	-8.86336	-8.64118	0.0125285	0.136254	0.378522	0.472695	0.73463
1040	-3.89792	-4.07618	-4.57582	-4.90395	0.368993	0.308746	0.187331	0.134929	0.317035
1041	-4.45314	-4.53718	-4.77361	-4.92967	0.306173	0.281493	0.222221	0.190113	0.387766
1042	-4.18197	-4.32092	-4.71102	-4.9678	0.343031	0.298532	0.202102	0.156334	0.345326
1043	-7.94787	-8.05625	-8.3605	-8.56074	0.322478	0.289355	0.21345	0.174716	0.368695
1044	-15.0951	-15.2041	-15.5097	-15.7107	0.322819	0.289494	0.213256	0.17443	0.368319
1045	-21.688	-16.8366	-14.5734	-13.9846	0.000279759	0.0357865	0.344039	0.619895	0.83662
1046	-4.9354	-5.04547	-5.35438	-5.55763	0.323599	0.289872	0.212837	0.173691	0.367405
1047	-3.63337	-3.76047	-4.11671	-4.35071	0.334961	0.294983	0.206578	0.163478	0.354453
1048	-15.1296	-12.7754	-11.8431	-11.6787	0.0143248	0.150837	0.383186	0.451652	0.719916
1049	-3.72466	-3.84729	-4.19128	-4.41745	0.33202	0.293699	0.208214	0.166068	0.357771
1050	-10.7298	-8.37267	-7.43288	-7.26412	0.0141672	0.149609	0.382916	0.453308	0.721123
1051	-7.16385	-7.29005	-7.64269	-7.8734	0.334135	0.294519	0.206997	0.164349	0.355479
1052	-15.504	-15.6192	-15.9422	-16.1544	0.32699	0.291407	0.210972	0.170631	0.363531
1053	-17.2907	-17.3952	-17.688	-17.8804	0.31976	0.288027	0.214906	0.177308	0.371891
1054	-4.57371	-4.69991	-5.05451	-5.28815	0.334538	0.294875	0.206842	0.163745	0.354861
1055	-10.4843	-10.6117	-10.9696	-11.2054	0.335345	0.295225	0.206392	0.163038	0.353953
1056	-4.18197	-4.32092	-4.71102	-4.9678	0.343031	0.298532	0.202102	0.156334	0.345326
1057	-7.89869	-8.00523	-8.30445	-8.50146	0.321265	0.288795	0.214114	0.175825	0.37009
1058	-26.446	-24.0865	-23.1391	-22.9649	0.0140084	0.1483	0.382446	0.455246	0.722457
1059	-32.7083	-32.7791	-32.9781	-33.1093	0.297185	0.276873	0.226918	0.199024	0.398548
1060	-4.57004	-4.69061	-5.02917	-5.25204	0.330703	0.293141	0.208951	0.167205	0.359241
1061	-10.0852	-10.1854	-10.4664	-10.6513	0.316906	0.286707	0.216464	0.179923	0.375177
1062	-7.41278	-7.52267	-7.83106	-8.03397	0.323477	0.289814	0.212904	0.173805	0.367548
1063	-5.177	-5.27839	-5.56318	-5.75076	0.317801	0.287158	0.215992	0.179049	0.374112
1064	-4.78571	-4.85693	-5.05708	-5.18903	0.297469	0.277021	0.226771	0.198739	0.398206
1065	-4.57371	-4.69991	-5.05451	-5.28815	0.334538	0.294875	0.206842	0.163745	0.354861
1066	-14.3702	-12.0356	-11.1588	-11.0312	0.0155454	0.160504	0.385729	0.438222	0.710307
1067	-13.815	-11.4477	-10.4782	-10.2889	0.0135518	0.144577	0.381212	0.460659	0.726225
1068	-12.4021	-10.0647	-9.17945	-9.04605	0.0153556	0.158998	0.385327	0.440319	0.711805
1069	-11.2117	-8.85022	-7.89802	-7.72102	0.0139079	0.147517	0.382277	0.456297	0.723225
1070	-4.9503	-5.05683	-5.35577	-5.55243	0.321208	0.288749	0.214137	0.175907	0.370175
1071	-6.8933	-7.0262	-7.39719	-7.63962	0.338542	0.296412	0.204539	0.160507	0.350535
1072	-28.6108	-23.7546	-21.4764	-20.8764	0.000272526	0.0350272	0.341838	0.622862	0.837921
1073	-4.9354	-5.04547	-5.35438	-5.55763	0.323599	0.289872	0.212837	0.173691	0.367405
1074	-4.57371	-4.69991	-5.05451	-5.28815	0.334538	0.294875	0.206842	0.163745	0.354861
1075	-4.91563	-5.02315	-5.32511	-5.52394	0.321924	0.289106	0.213756	0.175214	0.369326
1076	-4.78571	-4.85693	-5.05708	-5.18903	0.297469	0.277021	0.226771	0.198739	0.398206
1077	-4.53871	-4.64997	-4.96225	-5.16772	0.324407	0.290248	0.212397	0.172948	0.366473
1078	-11.1842	-11.2558	-11.4571	-11.5898	0.297747	0.277166	0.226626	0.198461	0.39787
1079	-4.18197	-4.32092	-4.71102	-4.9678	0.343031	0.298532	0.202102	0.156334	0.345326
1080	-3.78093	-3.90649	-4.25843	-4.48959	0.33393	0.294527	0.207149	0.164394	0.355621
1081	-7.16385	-7.29005	-7.64269	-7.8734	0.334135	0.294519	0.206997	0.164349	0.355479
1082	-4.46484	-4.57646	-4.8896	-5.09555	0.324619	0.290336	0.212278	0.172767	0.366238
1083	-7.62345	-7.7085	-7.94608	-8.1014	0.30649	0.281499	0.221973	0.190038	0.387536
1084	-11.4231	-9.0662	-8.12729	-7.95941	0.0141859	0.149778	0.38301	0.453026	0.720941
1085	-15.4421	-15.5312	-15.7807	-15.9444	0.309335	0.282965	0.220493	0.187207	0.384118
1086	-28.811	-21.5369	-18.1479	-17.2665	6.78478e-06	0.00978652	0.290017	0.700189	0.874454
1087	-10.6157	-10.7232	-11.0252	-11.224	0.321912	0.289101	0.213762	0.175226	0.369341
1088	-4.59419	-4.684	-4.93557	-5.10069	0.309838	0.283225	0.220229	0.186708	0.383514
1089	-12.6117	-12.6966	-12.9337	-13.0885	0.306371	0.281424	0.222028	0.190177	0.387692
1090	-3.5764	-3.7	-4.04669	-4.27465	0.332666	0.293989	0.207857	0.165487	0.357034
1091	-9.54298	-9.67004	-10.0268	-10.2617	0.335068	0.295088	0.206541	0.163302	0.354279
1092	-9.03339	-9.11463	-9.34239	-9.49205	0.304109	0.28038	0.223273	0.192238	0.390291
1093	-3.63337	-3.76047	-4.11671	-4.35071	0.334961	0.294983	0.206578	0.163478	0.354453
1094	-11.9941	-9.6402	-8.7092	-8.54617	0.0143531	0.151095	0.383337	0.451215	0.719638
1095	-4.85648	-4.95612	-5.23589	-5.42009	0.316598	0.286573	0.216636	0.180193	0.375523
1096	-4.47282	-4.60761	-4.98603	-5.23509	0.340244	0.297338	0.20366	0.158758	0.34845
1097	-4.9354	-5.04547	-5.35438	-5.55763	0.323599	0.289872	0.212837	0.173691	0.367405
1098	-34.1169	-29.2782	-27.0479	-26.4784	0.000295954	0.0373789	0.347739	0.614586	0.83418
1099	-12.5018	-10.1173	-9.10087	-8.88204	0.0126304	0.13709	0.378809	0.471471	0.733781
1100	-4.3864	-4.48647	-4.7673	-4.95206	0.316857	0.286683	0.216491	0.179969	0.375234
1101	-3.78093	-3.90649	-4.25843	-4.48959	0.33393	0.294527	0.207149	0.164394	0.355621
1102	-17.6123	-15.2745	-14.3887	-14.2556	0.0153435	0.158945	0.385411	0.4403	0.711832
1103	-12.3707	-12.4566	-12.6963	-12.853	0.307004	0.28175	0.221702	0.189544	0.38693
1104	-6.89245	-6.98148	-7.23042	-7.39347	0.30922	0.282879	0.220541	0.18736	0.384281
1105	-21.0958	-18.5788	-17.2819	-16.9265	0.0081046	0.10043	0.367354	0.524111	0.770695
1106	-14.0156	-11.6499	-10.6855	-10.5004	0.0136588	0.14549	0.381616	0.459235	0.725274
1107	-4.78571	-4.85693	-5.05708	-5.18903	0.297469	0.277021	0.226771	0.198739	0.398206
1108	-3.76413	-3.90385	-4.29603	-4.5541	0.343532	0.298734	0.201819	0.155915	0.344776
1109	-27.6488	-22.8103	-20.5815	-20.0136	0.000296735	0.0374695	0.348074	0.61416	0.834002
1110	-3.5764	-3.7	-4.04669	-4.27465	0.332666	0.293989	0.207857	0.165487	0.357034
1111	-23.5225	-18.6678	-16.3938	-15.7966	0.00027451	0.0352309	0.342388	0.622106	0.837584
1112	-3.76413	-3.90385	-4.29603	-4.5541	0.343532	0.298734	0.201819	0.155915	0.344776
1113	-11.994	-9.63123	-8.67661	-8.49895	0.0138581	0.147176	0.382317	0.456649	0.72353
1114	-7.41398	-7.55136	-7.93572	-8.18755	0.341707	0.297844	0.202798	0.157651	0.34692
1115	-31.8243	-24.4948	-20.9511	-19.9687	5.12458e-06	0.00781296	0.270269	0.721913	0.882239
1116	-3.5764	-3.7	-4.04669	-4.27465	0.332666	0.293989	0.207857	0.165487	0.357034
1117	-4.07076	-4.18372	-4.50065	-4.7091	0.325528	0.290756	0.211782	0.171934	0.365192
1118	-4.18197	-4.32092	-4.71102	-4.9678	0.343031	0.298532	0.202102	0.156334	0.345326
1119	-4.22303	-4.31973	-4.59098	-4.76935	0.314558	0.285565	0.217723	0.182154	0.377932
1120	-4.47618	-4.59782	-4.93892	-5.16312	0.33133	0.293383	0.20859	0.166696	0.358562
1121	-13.262	-10.9186	-10.0175	-9.87434	0.0150015	0.156259	0.384754	0.443986	0.714489
1122	-4.18197	-4.32092	-4.71102	-4.9678	0.343031	0.298532	0.202102	0.156334	0.345326
1123	-3.81085	-3.95505	-4.35954	-4.62549	0.346474	0.299948	0.20016	0.153418	0.341521
1124	-23.7448	-21.3774	-20.4083	-20.2199	0.013561	0.14469	0.381331	0.460418	0.726089
1125	-7.43396	-7.55721	-7.90178	-8.12737	0.332195	0.293676	0.208075	0.166054	0.357664
1126	-4.45314	-4.53718	-4.77361	-4.92967	0.306173	0.281493	0.222221	0.190113	0.387766
1127	-4.15647	-4.2834	-4.63997	-4.87484	0.335014	0.295077	0.206576	0.163334	0.354329
1128	-4.37807	-4.49245	-4.81335	-5.02437	0.32648	0.291193	0.211259	0.171068	0.364099
1129	-23.0976	-18.2735	-16.0853	-15.5445	0.000318226	0.039611	0.353312	0.606759	0.830638
1130	-17.5322	-15.1881	-14.2839	-14.1376	0.0149315	0.155636	0.384429	0.445003	0.715151
1131	-41.6728	-34.3275	-30.7405	-29.7301	4.73522e-06	0.00733375	0.264939	0.727723	0.884299
1132	-13.3476	-10.99	-10.0484	-9.87802	0.0141291	0.149271	0.382743	0.453856	0.72148
1133	-7.17593	-7.25624	-7.48041	-7.62692	0.303276	0.279871	0.223667	0.193186	0.391367
1134	-14.8589	-12.4903	-11.5194	-11.3311	0.0135252	0.144484	0.381477	0.460515	0.726241
1135	-12.0146	-9.6433	-8.66386	-8.46919	0.0133531	0.14303	0.380882	0.462735	0.727742
1136	-10.7936	-8.45468	-7.56588	-7.43077	0.0152752	0.158412	0.385289	0.441024	0.712357
1137	-4.3864	-4.48647	-4.7673	-4.95206	0.316857	0.286683	0.216491	0.179969	0.375234
1138	-14.9527	-12.6097	-11.7095	-11.5668	0.0150213	0.156409	0.384778	0.443791	0.714344
1139	-35.4851	-25.6794	-20.8618	-19.4908	9.01199e-08	0.00163451	0.202132	0.796233	0.908604
1140	-8.13476	-8.28463	-8.69695	-8.96128	0.348633	0.300111	0.198706	0.15255	0.339782
1141	-26.8225	-21.8083	-19.2155	-18.4708	0.000156231	0.0235167	0.314365	0.661962	0.855787
1142	-7.48575	-7.59518	-7.90205	-8.10378	0.323118	0.289627	0.213091	0.174164	0.36798
1143	-11.6045	-9.25048	-8.31944	-8.15663	0.0143527	0.151106	0.383376	0.451165	0.719617
1144	-9.33609	-9.42445	-9.67281	-9.83654	0.309042	0.282907	0.220691	0.18736	0.384382
1145	-7.71698	-7.8372	-8.17408	-8.39526	0.330325	0.292906	0.209134	0.167635	0.359731
1146	-9.18757	-9.31896	-9.68762	-9.93013	0.33792	0.296316	0.204949	0.160815	0.351078
1162	-3.78093	-3.90649	-4.25842	-4.48959	0.33393	0.294527	0.207149	0.164394	0.355622
1163	-4.37807	-4.49245	-4.81335	-5.02437	0.32648	0.291193	0.211259	0.171068	0.364099
1164	-4.15647	-4.2834	-4.63997	-4.87484	0.335013	0.295077	0.206576	0.163334	0.354329
1165	-3.74406	-3.85271	-4.15715	-4.35707	0.322542	0.289335	0.213396	0.174728	0.368667
1166	-11.2117	-8.85022	-7.89802	-7.72102	0.0139079	0.147517	0.382277	0.456298	0.723225
1167	-8.07944	-8.19202	-8.50805	-8.71603	0.325306	0.290668	0.211908	0.172117	0.365434
1168	-3.78093	-3.90649	-4.25842	-4.48959	0.33393	0.294527	0.207149	0.164394	0.355622
1169	-10.8623	-8.49212	-7.51574	-7.32295	0.0134145	0.143522	0.381025	0.462039	0.72725
1170	-17.6871	-15.3126	-14.3233	-14.1212	0.0131552	0.141355	0.380175	0.465315	0.729478
1171	-13.5715	-11.2337	-10.348	-10.2148	0.0153455	0.158955	0.385398	0.440302	0.711826
1172	-4.22303	-4.31973	-4.59097	-4.76935	0.314558	0.285565	0.217723	0.182154	0.377932
1173	-17.6465	-15.2958	-14.3647	-14.1936	0.0143459	0.150521	0.381932	0.453201	0.720541
1174	-7.67441	-7.80192	-8.15868	-8.39246	0.335105	0.294989	0.206474	0.163431	0.354343
1175	-17.1764	-17.3103	-17.6858	-17.9326	0.339568	0.29701	0.204024	0.159399	0.349243
1176	-21.3744	-16.5114	-14.2136	-13.6005	0.000263427	0.0340903	0.339276	0.62637	0.839477
1177	-4.78658	-4.90055	-5.22045	-5.43095	0.326236	0.291094	0.211399	0.171271	0.364366
1178	-16.202	-16.3149	-16.6319	-16.8404	0.325544	0.290764	0.211773	0.171919	0.365173
1179	-10.2612	-10.3867	-10.7386	-10.9697	0.333922	0.294519	0.207152	0.164407	0.355634
1180	-32.8519	-27.9408	-25.5259	-24.8473	0.000215016	0.0291953	0.326679	0.643911	0.847362
1181	-15.1368	-12.7758	-11.8245	-11.6479	0.0139272	0.147654	0.382272	0.456147	0.7231
1182	-3.74406	-3.85271	-4.15715	-4.35707	0.322542	0.289335	0.213396	0.174728	0.368667
1183	-3.5764	-3.7	-4.04669	-4.27464	0.332666	0.293989	0.207857	0.165487	0.357034
1184	-3.5764	-3.7	-4.04669	-4.27464	0.332666	0.293989	0.207857	0.165487	0.357034
1185	-4.18197	-4.32092	-4.71102	-4.9678	0.343031	0.298532	0.202102	0.156334	0.345327
1186	-12.3714	-9.97464	-8.92435	-8.68355	0.0119971	0.131818	0.376798	0.479388	0.739188
1187	-4.37807	-4.49245	-4.81335	-5.02437	0.32648	0.291193	0.211259	0.171068	0.364099
1188	-4.3864	-4.48647	-4.7673	-4.95206	0.316857	0.286683	0.216491	0.179969	0.375234
1189	-4.18197	-4.32092	-4.71102	-4.9678	0.343031	0.298532	0.202102	0.156334	0.345327
1190	-12.5433	-12.6481	-12.9418	-13.1347	0.319966	0.288123	0.214793	0.177118	0.371653
1191	-3.63337	-3.76047	-4.1167	-4.3507	0.334961	0.294983	0.206578	0.163478	0.354453
1192	-35.5842	-28.2796	-24.7929	-23.8391	5.67489e-06	0.0084393	0.275765	0.71579	0.880012
1193	-36.7279	-31.8813	-29.6302	-29.0486	0.000285666	0.0363681	0.3454	0.617946	0.835726
1194	-27.2009	-22.3669	-20.1514	-19.593	0.000303667	0.0381734	0.349911	0.611612	0.83286
1195	-29.0712	-24.2173	-21.947	-21.3534	0.00027632	0.0354345	0.343096	0.621193	0.837199
1196	-14.7671	-12.4004	-11.4337	-11.2472	0.01361	0.145109	0.381531	0.459751	0.725649
1197	-4.0798	-4.21459	-4.59222	-4.8401	0.340082	0.297197	0.203724	0.158997	0.348696
1198	-7.37811	-7.50121	-7.8456	-8.07129	0.332145	0.293675	0.208113	0.166067	0.357701
1199	-26.0125	-18.6984	-15.1977	-14.2434	5.54137e-06	0.00831976	0.275702	0.715973	0.880126
1200	-16.6249	-14.0837	-12.7074	-12.2944	0.00714546	0.0907091	0.359227	0.542918	0.781857
1201	-8.94805	-9.07591	-9.43478	-9.67091	0.335573	0.295297	0.206255	0.162875	0.35372
1202	-17.6898	-15.3349	-14.4002	-14.2339	0.0142738	0.150411	0.383019	0.452296	0.720354
1203	-10.1034	-10.2108	-10.5122	-10.7105	0.321808	0.289032	0.21381	0.17535	0.369479
1204	-11.7906	-9.43644	-8.50494	-8.34168	0.0143425	0.151017	0.383331	0.451309	0.719711
1205	-11.8292	-9.46414	-8.5018	-8.31814	0.0136993	0.14583	0.381753	0.458718	0.724923
1206	-4.78571	-4.85693	-5.05708	-5.18902	0.297469	0.277021	0.226771	0.198739	0.398206
1207	-10.9124	-8.55706	-7.62209	-7.45653	0.0142691	0.150428	0.383157	0.452146	0.720302
1208	-7.6724	-7.80546	-8.17816	-8.42274	0.338907	0.296683	0.204376	0.160034	0.350023
1209	-17.2542	-17.3678	-17.6865	-17.8961	0.325956	0.290945	0.211545	0.171553	0.364706
1210	-12.8298	-10.504	-9.65043	-9.53703	0.0160821	0.164595	0.386459	0.432864	0.70633
1211	-12.2823	-9.91274	-8.9377	-8.74554	0.0134413	0.143724	0.381052	0.461783	0.727056
1212	-10.1429	-10.243	-10.5241	-10.709	0.316903	0.286706	0.216466	0.179926	0.37518
1213	-14.6409	-12.3056	-11.4269	-11.2979	0.0155007	0.160153	0.385643	0.438703	0.710654
1214	-4.59871	-4.71258	-5.03196	-5.24192	0.326117	0.291018	0.211455	0.171409	0.364522
1215	-23.2345	-18.4176	-16.2495	-15.7221	0.000329442	0.0407139	0.355883	0.603074	0.828946
1216	-11.6089	-11.7157	-12.0151	-12.2119	0.321322	0.288782	0.214066	0.17583	0.370061
1217	-7.6724	-7.80546	-8.17816	-8.42274	0.338907	0.296683	0.204376	0.160034	0.350023
1218	-4.45314	-4.53718	-4.77361	-4.92967	0.306173	0.281493	0.222221	0.190113	0.387766
1219	-14.0356	-11.6663	-10.6919	-10.4999	0.0134539	0.143807	0.381027	0.461712	0.726986
1220	-8.73608	-8.85076	-9.17235	-9.38368	0.326648	0.291257	0.211161	0.170934	0.363918
1221	-4.18197	-4.32092	-4.71102	-4.9678	0.343031	0.298532	0.202102	0.156334	0.345327
1222	-3.5764	-3.7	-4.04669	-4.27464	0.332666	0.293989	0.207857	0.165487	0.357034
1223	-23.0396	-18.1998	-15.9664	-15.3951	0.000294419	0.0372289	0.347398	0.615078	0.834407
1229	-11.7711	-9.43392	-8.54986	-8.41756	0.0153816	0.159226	0.385436	0.439956	0.711566
1230	-4.5387	-4.64997	-4.96224	-5.16771	0.324407	0.290248	0.212397	0.172948	0.366473
1231	-46.2813	-36.4211	-31.4645	-30.0113	6.95312e-08	0.00133176	0.189256	0.809412	0.912902
1232	-3.74406	-3.85271	-4.15715	-4.35706	0.322542	0.289335	0.213396	0.174728	0.368667
1233	-19.4465	-14.6067	-12.3735	-11.8027	0.000294564	0.0372492	0.347501	0.614955	0.834359
1234	-13.2606	-10.8746	-9.85367	-9.6314	0.0125433	0.136341	0.378458	0.472658	0.734568
1235	-21.1357	-16.2899	-14.0405	-13.4591	0.000286403	0.0364315	0.34546	0.617822	0.835656
1236	-6.53705	-6.644	-6.94387	-7.14096	0.321439	0.288837	0.214003	0.175721	0.369926
1237	-33.1742	-25.8206	-22.2117	-21.188	4.55019e-06	0.00710679	0.26242	0.730468	0.885272
1238	-4.47282	-4.60761	-4.98603	-5.23509	0.340243	0.297338	0.20366	0.158759	0.34845
1239	-8.61451	-8.70774	-8.969	-9.14042	0.312155	0.28437	0.218986	0.184489	0.380781
1240	-4.15333	-4.28795	-4.66599	-4.91491	0.34015	0.297308	0.203716	0.158826	0.348546
1241	-5.32568	-5.42393	-5.69991	-5.88166	0.315682	0.28614	0.217132	0.181045	0.376586
1242	-5.01148	-5.12011	-5.42474	-5.62496	0.322579	0.289373	0.213382	0.174665	0.368605
1243	-3.90785	-4.06193	-4.49357	-4.7769	0.35295	0.302552	0.196489	0.148009	0.334416
1244	-12.3436	-9.96937	-8.98169	-8.78155	0.0131891	0.141683	0.380417	0.464711	0.72911
1245	-3.89792	-4.07618	-4.57582	-4.90394	0.368993	0.308746	0.187331	0.13493	0.317035
1246	-4.18197	-4.32092	-4.71102	-4.9678	0.343031	0.298532	0.202102	0.156334	0.345327
1247	-4.45313	-4.53707	-4.77322	-4.92909	0.306105	0.281459	0.222257	0.19018	0.387847
1248	-18.8186	-13.9825	-11.761	-11.1984	0.000300533	0.0378577	0.349109	0.612732	0.833365
1249	-17.6331	-17.7521	-18.0858	-18.305	0.329538	0.292569	0.209574	0.168319	0.360613
1250	-4.57344	-4.69949	-5.05366	-5.28702	0.334436	0.294829	0.206898	0.163837	0.354977
1251	-27.4634	-22.6205	-20.3795	-19.8041	0.000290626	0.0368631	0.346611	0.616236	0.834948
1252	-9.00375	-9.13067	-9.48627	-9.71976	0.334814	0.294907	0.206655	0.163624	0.35463
1253	-11.2697	-11.356	-11.5982	-11.7578	0.307582	0.282163	0.221457	0.188798	0.386127
1254	-23.7857	-21.2492	-19.914	-19.5389	0.0076021	0.0960575	0.365107	0.531233	0.77534
1255	-8.72367	-8.8005	-9.01603	-9.15778	0.301169	0.278898	0.224823	0.19511	0.393791
1256	-18.9788	-16.6154	-15.6557	-15.472	0.0137527	0.14615	0.381581	0.458516	0.724674
1257	-3.57612	-3.69957	-4.04584	-4.27352	0.332566	0.293944	0.207913	0.165577	0.357148
1258	-3.78062	-3.90604	-4.25754	-4.48843	0.333828	0.294481	0.207205	0.164485	0.355737
1259	-3.63306	-3.76	-4.11581	-4.34953	0.334858	0.294937	0.206635	0.16357	0.35457
1260	-14.4241	-12.0727	-11.1484	-10.9893	0.0144954	0.152205	0.383585	0.449715	0.718546
1261	-4.57344	-4.69949	-5.05366	-5.28702	0.334436	0.294829	0.206898	0.163837	0.354977
1262	-4.46447	-4.57595	-4.88871	-5.09441	0.324529	0.290294	0.212327	0.172851	0.366343
1263	-7.7752	-7.88829	-8.2055	-8.41402	0.325595	0.290779	0.211739	0.171887	0.365122
1264	-4.18173	-4.32051	-4.71015	-4.96661	0.342919	0.298485	0.202165	0.156431	0.345452
1265	-4.46447	-4.57595	-4.88871	-5.09441	0.324529	0.290294	0.212327	0.172851	0.366343
1266	-4.59827	-4.71201	-5.031	-5.2407	0.326025	0.290976	0.211505	0.171494	0.364629
1267	-12.6657	-10.279	-9.25592	-9.03216	0.0125033	0.136	0.378314	0.473183	0.73492
1268	-4.6163	-4.73783	-5.07831	-5.3018	0.331189	0.293289	0.208655	0.166867	0.358751
1269	-9.54271	-9.66961	-10.026	-10.2606	0.334965	0.295043	0.206598	0.163394	0.354396
1270	-4.37777	-4.49202	-4.81253	-5.0233	0.326388	0.29115	0.21131	0.171153	0.364206
1271	-29.7435	-22.4178	-18.8815	-17.901	5.18901e-06	0.00788109	0.27064	0.721474	0.882069
1272	-15.6934	-13.3051	-12.2783	-12.0526	0.0124321	0.135443	0.378191	0.473934	0.735467
1273	-36.4904	-29.0215	-25.2299	-24.1516	3.2486e-06	0.00569324	0.252383	0.741921	0.889554
1274	-3.63306	-3.76	-4.11581	-4.34953	0.334858	0.294937	0.206635	0.16357	0.35457
1275	-12.1715	-9.82946	-8.93173	-8.79056	0.0150759	0.156832	0.38487	0.443222	0.713928
1276	-4.09174	-4.17127	-4.39443	-4.54124	0.303	0.279836	0.223866	0.193298	0.391597
1277	-14.9222	-12.5712	-11.6478	-11.4894	0.0145166	0.152375	0.383634	0.449475	0.718376
1278	-13.9723	-11.6316	-10.7357	-10.5942	0.015117	0.157046	0.384674	0.443163	0.713782
1279	-3.8979	-4.07595	-4.57499	-4.90271	0.368852	0.308694	0.187412	0.135042	0.317186
1280	-3.63306	-3.76	-4.11581	-4.34953	0.334858	0.294937	0.206635	0.16357	0.35457
1281	-3.90766	-4.06155	-4.49267	-4.77566	0.352826	0.302502	0.196559	0.148113	0.334552
1282	-26.4671	-24.0996	-23.1277	-22.935	0.0135015	0.144059	0.380771	0.461669	0.726822
1283	-4.18173	-4.32051	-4.71015	-4.96661	0.342919	0.298485	0.202165	0.156431	0.345452
1284	-12.356	-9.98126	-8.99248	-8.79182	0.0131672	0.141517	0.380393	0.464922	0.729269
1285	-14.7726	-12.4061	-11.4395	-11.2528	0.0136118	0.145105	0.381487	0.459796	0.725664
1286	-19.8921	-15.034	-12.7504	-12.1471	0.000270023	0.0347747	0.341195	0.62376	0.838325
1287	-12.1621	-9.79918	-8.84247	-8.6621	0.0138146	0.146737	0.381974	0.457474	0.724026
1288	-26.7527	-21.9169	-19.6938	-19.1285	0.000299647	0.0377372	0.348532	0.613431	0.833644
1289	-19.7415	-14.8701	-12.5495	-11.9221	0.000253243	0.0330498	0.336498	0.630199	0.841185
1290	-11.8917	-9.54382	-8.62984	-8.4779	0.014719	0.154004	0.384124	0.447153	0.71674
1291	-3.57612	-3.69957	-4.04584	-4.27352	0.332566	0.293944	0.207913	0.165577	0.357148
1292	-12.6535	-10.2906	-9.33483	-9.15559	0.0138333	0.146924	0.382116	0.457127	0.723816
1293	-17.3518	-15.0027	-14.0836	-13.9271	0.0146087	0.153044	0.383667	0.44868	0.717749
1294	-8.95037	-9.05422	-9.34593	-9.53807	0.319462	0.287949	0.215094	0.177495	0.372178
1295	-24.563	-19.7837	-17.7205	-17.2613	0.000393744	0.0468652	0.368891	0.58385	0.819923
1296	-4.37777	-4.49202	-4.81253	-5.0233	0.326388	0.29115	0.21131	0.171153	0.364206
1297	-4.53831	-4.64944	-4.96134	-5.16656	0.324317	0.290206	0.212446	0.173031	0.366577
1298	-21.7286	-16.8527	-14.5194	-13.8833	0.000247685	0.0324675	0.334804	0.632481	0.842184
1299	-12.4761	-12.5899	-12.9092	-13.1189	0.326079	0.290998	0.211464	0.171459	0.364572
1300	-4.56983	-4.69026	-5.0284	-5.25101	0.330605	0.293096	0.209005	0.167294	0.359352
1301	-15.2361	-12.8832	-11.9537	-11.7908	0.0143864	0.151301	0.38325	0.451062	0.71947
1302	-13.8953	-11.5524	-10.6525	-10.5101	0.0150285	0.156466	0.384792	0.443714	0.714288
1303	-25.8684	-23.5004	-22.5295	-22.3402	0.0135264	0.144419	0.381284	0.46077	0.726352
1304	-4.85608	-4.9556	-5.23504	-5.41901	0.316517	0.286534	0.21668	0.180269	0.375618
1305	-15.8241	-13.4607	-12.5016	-12.319	0.0137659	0.146303	0.381737	0.458195	0.724491
1306	-8.187	-8.29277	-8.58948	-8.78458	0.320674	0.288487	0.214422	0.176416	0.370803
1307	-7.94752	-8.05577	-8.35965	-8.55964	0.322389	0.289313	0.213499	0.174799	0.368798
1308	-7.83611	-7.9628	-8.31751	-8.55017	0.334608	0.29479	0.20676	0.163842	0.354887
1309	-6.82411	-6.9313	-7.23176	-7.42917	0.321585	0.288897	0.21392	0.175599	0.369765
1310	-9.0118	-9.12307	-9.43533	-9.64067	0.324399	0.29024	0.212394	0.172967	0.366488
1311	-18.8892	-19.0031	-19.3223	-19.532	0.32608	0.290998	0.211464	0.171458	0.364572
1312	-3.8979	-4.07595	-4.57499	-4.90271	0.368852	0.308694	0.187412	0.135042	0.317186
1313	-3.57612	-3.69957	-4.04584	-4.27352	0.332566	0.293944	0.207913	0.165577	0.357148
1314	-29.6009	-24.7572	-22.5129	-21.9345	0.000288937	0.0366786	0.346005	0.617027	0.835287
1315	-28.3523	-26.0008	-25.0723	-24.9074	0.0144058	0.151275	0.382847	0.451472	0.719599
1316	-3.57612	-3.69957	-4.04584	-4.27352	0.332566	0.293944	0.207913	0.165577	0.357148
1317	-3.57612	-3.69957	-4.04584	-4.27352	0.332566	0.293944	0.207913	0.165577	0.357148
1318	-15.6894	-15.8008	-16.1134	-16.3191	0.324493	0.290286	0.212349	0.172872	0.366376
1319	-4.46447	-4.57595	-4.88871	-5.09441	0.324529	0.290294	0.212327	0.172851	0.366343
1320	-14.737	-12.3486	-11.3215	-11.0956	0.0124264	0.135396	0.378172	0.474006	0.735516
1321	-23.603	-18.7486	-16.4753	-15.8784	0.000274829	0.0352606	0.342443	0.622022	0.837543
1322	-4.94989	-5.05629	-5.35487	-5.55129	0.321121	0.288708	0.214183	0.175987	0.370275
1323	-4.47578	-4.59727	-4.93797	-5.16189	0.331232	0.293339	0.208645	0.166785	0.358674
1324	-14.9544	-12.6069	-11.6944	-11.5435	0.0147495	0.154258	0.384219	0.446773	0.71648
1325	-4.20525	-4.33631	-4.70428	-4.94648	0.337745	0.296258	0.205053	0.160945	0.351259
1326	-31.7402	-24.4344	-20.9569	-20.0178	5.77998e-06	0.00860636	0.278657	0.712731	0.878968
1327	-4.37777	-4.49202	-4.81253	-5.0233	0.326388	0.29115	0.21131	0.171153	0.364206
1328	-8.90583	-9.00577	-9.28629	-9.47074	0.316772	0.286644	0.216528	0.180056	0.375335
1329	-4.18173	-4.32051	-4.71015	-4.96661	0.342919	0.298485	0.202165	0.156431	0.345452
1330	-4.92405	-5.02351	-5.30293	-5.48703	0.316509	0.286545	0.216692	0.180255	0.375614
