Sites	Ll_YN98.omega=0.00396012	Ll_YN98.omega=0.0392189	Ll_YN98.omega=0.302394	Ll_YN98.omega=0.883316	Pr_YN98.omega=0.00396012	Pr_YN98.omega=0.0392189	Pr_YN98.omega=0.302394	Pr_YN98.omega=0.883316	mean
7	-3.79302	-3.82894	-4.09637	-4.68267	0.321144	0.309815	0.237114	0.131927	0.201657
8	-9.29763	-9.31668	-9.45856	-9.77006	0.289354	0.283896	0.246342	0.180408	0.24613
9	-15.0639	-12.8026	-10.9948	-10.4363	0.00583544	0.0559955	0.341391	0.596778	0.632597
10	-12.2525	-12.276	-12.4514	-12.8356	0.298116	0.291172	0.244324	0.166388	0.233455
11	-8.00516	-8.01974	-8.12808	-8.36432	0.280259	0.276203	0.247843	0.195695	0.259749
12	-8.44626	-8.47366	-8.6776	-9.12435	0.305433	0.297179	0.242353	0.155034	0.223095
13	-3.98325	-4.01334	-4.23716	-4.72601	0.310375	0.301173	0.240775	0.147676	0.216294
14	-14.6442	-12.3836	-10.5818	-10.0361	0.00591764	0.0567388	0.343874	0.59347	0.630455
15	-4.39505	-4.42326	-4.63328	-5.09344	0.306975	0.298436	0.241903	0.152685	0.220939
16	-4.31039	-4.33898	-4.55171	-5.01705	0.307627	0.298956	0.241669	0.151748	0.220064
17	-9.61514	-9.64441	-9.86228	-10.339	0.308925	0.300011	0.241279	0.149785	0.218259
18	-4.2123	-4.2408	-4.45308	-4.91874	0.307567	0.298925	0.241754	0.151753	0.220092
19	-4.38467	-4.40314	-4.54083	-4.84356	0.288259	0.282983	0.246582	0.182175	0.247723
26	-4.05333	-4.08597	-4.32867	-4.85829	0.31503	0.304912	0.239205	0.140852	0.209957
27	-9.52402	-9.54366	-9.68993	-10.0109	0.290508	0.284859	0.246098	0.178534	0.244443
28	-4.30958	-4.33742	-4.54471	-4.99904	0.306292	0.297882	0.242114	0.153712	0.221885
29	-8.86271	-8.89014	-9.09421	-9.54074	0.305445	0.297182	0.242323	0.15505	0.223099
30	-13.5334	-13.5614	-13.7701	-14.2268	0.306618	0.298138	0.24198	0.153263	0.22146
31	-16.8821	-14.6184	-12.7931	-12.1967	0.00559728	0.0538378	0.334057	0.606508	0.638889
32	-7.68371	-7.71168	-7.91991	-8.376	0.306517	0.298062	0.242032	0.153389	0.221584
33	-16.5298	-16.553	-16.7263	-17.1069	0.297612	0.290769	0.244503	0.167117	0.234135
34	-4.78888	-4.8054	-4.9285	-5.19849	0.284317	0.279656	0.247266	0.188761	0.253601
35	-9.79685	-9.82697	-10.0512	-10.5421	0.310523	0.30131	0.240793	0.147374	0.216039
36	-7.59261	-7.61169	-7.75361	-8.06358	0.289286	0.283818	0.246267	0.180629	0.246299
37	-4.85999	-4.87413	-4.97946	-5.21069	0.279521	0.275597	0.248044	0.196838	0.260793
38	-12.8887	-12.9186	-13.1413	-13.6282	0.310107	0.300966	0.240897	0.14803	0.216635
39	-4.29129	-4.32197	-4.55043	-5.05134	0.31161	0.302195	0.240473	0.145722	0.214522
40	-7.41713	-7.44517	-7.6538	-8.11038	0.306602	0.298126	0.241986	0.153285	0.221481
41	-4.39388	-4.42402	-4.64841	-5.13987	0.310574	0.301352	0.240781	0.147294	0.215966
42	-10.7904	-10.8195	-11.0363	-11.511	0.308663	0.299804	0.241379	0.150153	0.218605
43	-4.09475	-4.12309	-4.3342	-4.79753	0.307283	0.298697	0.24185	0.152169	0.220479
44	-24.4443	-19.8862	-16.0069	-14.314	3.35516e-05	0.00320092	0.154886	0.841879	0.790608
45	-13.4004	-11.1296	-9.25146	-8.54069	0.00492495	0.0477096	0.312089	0.635277	0.657414
46	-9.99888	-10.0294	-10.2562	-10.7539	0.311225	0.301887	0.240605	0.146282	0.215043
47	-4.39565	-4.42391	-4.63427	-5.0952	0.307063	0.298508	0.241877	0.152552	0.220817
48	-30.8696	-28.6006	-26.7359	-26.0538	0.00508841	0.0492035	0.317562	0.628146	0.65283
49	-36.9029	-30.0444	-24.0665	-21.1791	1.40488e-07	0.00013374	0.0527752	0.947091	0.852544
50	-9.39897	-9.42921	-9.65433	-10.147	0.310741	0.301482	0.240711	0.147066	0.21575
51	-4.76398	-4.78905	-4.97577	-5.38529	0.301058	0.293604	0.243597	0.161741	0.229237
52	-4.31257	-4.34131	-4.55514	-5.0229	0.307903	0.299181	0.241586	0.15133	0.219679
53	-3.8616	-3.89631	-4.15453	-4.71888	0.31885	0.307972	0.237886	0.135293	0.204782
54	-7.19395	-7.22081	-7.42069	-7.85841	0.304397	0.296332	0.242643	0.156628	0.224553
55	-11.8455	-11.8754	-12.0976	-12.584	0.310016	0.300898	0.240947	0.148139	0.216743
56	-3.91645	-3.95066	-4.2053	-4.76275	0.318017	0.307321	0.238234	0.136428	0.205862
57	-3.8616	-3.89631	-4.15453	-4.71888	0.31885	0.307972	0.237886	0.135293	0.204782
58	-14.0476	-14.0767	-14.293	-14.7662	0.308528	0.299688	0.241394	0.15039	0.218813
59	-23.6366	-21.3715	-19.5354	-18.915	0.00545255	0.0525209	0.329403	0.612623	0.642831
60	-15.0722	-15.0866	-15.1932	-15.4269	0.279859	0.275878	0.247968	0.196295	0.260303
61	-37.9272	-31.074	-25.1359	-22.3361	1.59661e-07	0.000151183	0.0573297	0.942519	0.849884
62	-31.5308	-26.9753	-23.1158	-21.4658	3.55684e-05	0.00338431	0.160556	0.836024	0.787157
63	-57.1139	-47.9679	-39.9878	-36.1165	7.44669e-10	6.98255e-06	0.0204049	0.979588	0.871456
64	-7.49478	-7.51521	-7.66735	-8.00086	0.292045	0.286139	0.245756	0.17606	0.24221
65	-11.6254	-11.6537	-11.8642	-12.3253	0.307088	0.298528	0.24187	0.152515	0.220782
66	-23.6896	-19.1308	-15.2462	-13.5415	3.302e-05	0.00315244	0.153354	0.843461	0.791539
67	-21.4583	-19.1976	-17.3945	-16.8464	0.0059012	0.0565911	0.343411	0.594096	0.630863
68	-15.877	-13.62	-11.8442	-11.3572	0.00629757	0.0601725	0.3553	0.578229	0.620585
69	-19.0464	-16.7685	-14.8375	-14.0091	0.00430873	0.0420361	0.289907	0.663748	0.675631
70	-39.0846	-34.4292	-29.9215	-27.2013	6.47377e-06	0.000680773	0.061749	0.937564	0.846864
71	-27.5088	-22.9426	-19.003	-17.1774	2.79944e-05	0.00269244	0.138382	0.858897	0.800629
72	-25.8988	-21.3358	-17.4203	-15.6486	3.01239e-05	0.002888	0.144909	0.852172	0.79667
73	-12.6195	-10.3617	-8.58033	-8.08147	0.0062173	0.0594505	0.352999	0.581333	0.622602
74	-7.90602	-7.92703	-8.08328	-8.42487	0.293084	0.286992	0.245477	0.174446	0.240738
75	-34.0096	-29.45	-25.5592	-23.8393	3.2373e-05	0.00309314	0.151404	0.845471	0.792723
76	-52.4134	-43.2652	-35.2683	-31.3609	7.05272e-10	6.62815e-06	0.0196967	0.980297	0.871868
77	-11.6409	-11.6555	-11.764	-12.0022	0.280383	0.276329	0.247916	0.195372	0.259491
78	-4.28978	-4.31219	-4.47915	-4.84595	0.29597	0.289412	0.244909	0.169709	0.236488
79	-4.28978	-4.31219	-4.47915	-4.84595	0.29597	0.289412	0.244909	0.169709	0.236488
80	-3.85865	-3.89307	-4.14912	-4.7087	0.318323	0.307552	0.238076	0.136048	0.205489
81	-4.74276	-4.77233	-4.99244	-5.47439	0.309498	0.30048	0.241114	0.148908	0.217454
82	-4.87919	-4.89523	-5.01469	-5.27696	0.283351	0.278843	0.247445	0.190361	0.255033
83	-7.45058	-7.48551	-7.74538	-8.31339	0.319252	0.308292	0.237741	0.134715	0.204243
84	-4.39268	-4.42268	-4.64596	-5.13499	0.310298	0.301128	0.240868	0.147706	0.216347
85	-14.6779	-12.4062	-10.5221	-9.7982	0.00485234	0.0470443	0.309593	0.63851	0.659489
86	-22.6371	-18.0717	-14.1379	-12.3263	2.85197e-05	0.00274092	0.140063	0.857168	0.799611
87	-4.87919	-4.89523	-5.01469	-5.27696	0.283351	0.278843	0.247445	0.190361	0.255033
88	-3.98641	-4.02283	-4.2938	-4.88652	0.321945	0.310431	0.236746	0.130878	0.200647
89	-15.1019	-12.8278	-10.9253	-10.1613	0.00463564	0.0450544	0.301992	0.648318	0.665775
90	-3.78637	-3.81833	-4.0561	-4.57614	0.313865	0.303993	0.239664	0.142478	0.211491
91	-45.9037	-36.8231	-28.8328	-24.9272	7.60972e-10	6.68431e-06	0.0197331	0.98026	0.871847
92	-38.5621	-31.7052	-25.7398	-22.8821	1.46553e-07	0.000139286	0.0542767	0.945584	0.851667
93	-33.7537	-26.9043	-20.9941	-18.2539	1.74292e-07	0.000164414	0.0606323	0.939203	0.847954
94	-7.80918	-7.84043	-8.07302	-8.58213	0.312599	0.302981	0.240108	0.144311	0.2132
95	-41.0632	-34.2089	-28.2617	-25.4413	1.54986e-07	0.000146933	0.0562257	0.943627	0.850529
128	-24.9738	-20.4134	-16.5176	-14.7894	3.19632e-05	0.00305623	0.150352	0.84656	0.793365
129	-35.8061	-31.2389	-27.2916	-25.4504	2.73821e-05	0.00263632	0.136539	0.860797	0.801748
130	-7.54283	-7.57434	-7.8088	-8.32171	0.313052	0.303341	0.239942	0.143666	0.212595
131	-14.9556	-12.6797	-10.7635	-9.97111	0.00448362	0.0436581	0.296643	0.655215	0.670195
132	-12.2549	-12.286	-12.5181	-13.0257	0.312457	0.302861	0.240136	0.144546	0.213411
133	-4.39473	-4.42497	-4.65015	-5.14333	0.310769	0.30151	0.240719	0.147002	0.215696
134	-4.2827	-4.3144	-4.55046	-5.06796	0.313491	0.303708	0.239849	0.142952	0.211954
135	-8.40633	-8.43044	-8.6099	-9.00267	0.299149	0.292022	0.244051	0.164778	0.231988
136	-4.86209	-4.87628	-4.98198	-5.21401	0.279621	0.275682	0.24803	0.196667	0.260641
137	-6.77421	-6.80672	-7.04843	-7.57615	0.314798	0.30473	0.239299	0.141173	0.210261
138	-7.52571	-7.55375	-7.76248	-8.21972	0.306646	0.298167	0.241996	0.153191	0.221402
139	-4.18487	-4.21193	-4.41339	-4.85441	0.30479	0.296651	0.242523	0.156036	0.224008
140	-4.51828	-4.53812	-4.68605	-5.01128	0.290978	0.28526	0.246036	0.177726	0.243728
141	-4.40429	-4.43613	-4.67301	-5.191	0.31364	0.303812	0.239734	0.142814	0.211801
142	-8.27602	-8.29752	-8.4576	-8.80871	0.294142	0.287887	0.245301	0.172669	0.239155
143	-4.18487	-4.21193	-4.41339	-4.85441	0.30479	0.296651	0.242523	0.156036	0.224008
144	-5.1384	-5.15679	-5.29386	-5.59481	0.288073	0.282822	0.246597	0.182509	0.248015
145	-3.78953	-3.82175	-4.06153	-4.58601	0.314361	0.304392	0.239497	0.14175	0.210815
146	-35.6825	-28.831	-22.9053	-20.1325	1.66081e-07	0.000157	0.0588024	0.94104	0.849023
147	-3.98889	-4.02561	-4.29887	-4.89664	0.322494	0.310866	0.236536	0.130103	0.199918
148	-12.9606	-12.9898	-13.207	-13.6822	0.308757	0.299875	0.24133	0.150037	0.218491
149	-14.8398	-12.5724	-10.7197	-10.0648	0.0052432	0.0506194	0.322801	0.621337	0.648455
150	-10.3288	-10.3582	-10.5772	-11.0563	0.309193	0.300229	0.241196	0.149382	0.217887
151	-12.8742	-10.6123	-8.80038	-8.23187	0.005775	0.0554454	0.339444	0.599336	0.634246
152	-3.98889	-4.02561	-4.29887	-4.89664	0.322494	0.310866	0.236536	0.130103	0.199918
153	-8.94042	-8.97466	-9.22946	-9.78708	0.318049	0.307344	0.238213	0.136394	0.205827
154	-14.5616	-12.3053	-10.5352	-10.0592	0.00637601	0.0608744	0.357429	0.57532	0.618687
155	-15.1437	-12.8809	-11.0622	-10.4791	0.00568294	0.054612	0.336631	0.603074	0.636664
156	-7.45305	-7.48829	-7.75045	-8.32351	0.319807	0.308734	0.237537	0.133922	0.2035
157	-13.7667	-11.5004	-9.65655	-9.0245	0.00536804	0.0517676	0.327217	0.615648	0.644811
158	-4.86209	-4.87628	-4.98198	-5.21401	0.279621	0.275682	0.24803	0.196667	0.260641
159	-24.1302	-24.1588	-24.3722	-24.8389	0.307787	0.299087	0.241621	0.151505	0.21984
160	-3.79304	-3.82914	-4.09795	-4.68728	0.321476	0.310078	0.236988	0.131457	0.201216
161	-48.2657	-41.347	-34.9774	-31.4477	4.82504e-08	4.87813e-05	0.0284797	0.971471	0.86673
162	-4.51828	-4.53812	-4.68605	-5.01128	0.290978	0.28526	0.246036	0.177726	0.243728
163	-9.35253	-9.37266	-9.52261	-9.85145	0.291474	0.285663	0.245885	0.176978	0.243039
164	-4.51828	-4.53812	-4.68605	-5.01128	0.290978	0.28526	0.246036	0.177726	0.243728
165	-4.74095	-4.75983	-4.90054	-5.20963	0.28905	0.283643	0.246412	0.180895	0.24657
166	-7.59044	-7.62104	-7.84876	-8.34707	0.311385	0.302001	0.240497	0.146116	0.214869
167	-4.51828	-4.53812	-4.68605	-5.01128	0.290978	0.28526	0.246036	0.177726	0.243728
168	-4.2827	-4.3144	-4.55046	-5.06796	0.313491	0.303708	0.239849	0.142952	0.211954
169	-25.8816	-23.617	-21.7848	-21.1736	0.00550645	0.0530133	0.331204	0.610277	0.641322
170	-17.3384	-17.3538	-17.4672	-17.7126	0.281545	0.277268	0.247523	0.193664	0.257905
171	-11.7734	-11.793	-11.9389	-12.2591	0.290411	0.28478	0.246128	0.17868	0.244577
172	-4.86221	-4.8816	-5.02608	-5.34328	0.290043	0.284472	0.246203	0.179282	0.245118
173	-7.49478	-7.51521	-7.66735	-8.00086	0.292045	0.286139	0.245756	0.17606	0.24221
174	-10.1545	-10.1831	-10.3962	-10.8638	0.307782	0.299101	0.241696	0.15142	0.219789
175	-4.17532	-4.2059	-4.43372	-4.93346	0.311459	0.302077	0.240535	0.145929	0.214718
176	-4.74496	-4.76557	-4.91911	-5.25615	0.292436	0.286471	0.245695	0.175398	0.241621
177	-3.98889	-4.02561	-4.29887	-4.89664	0.322494	0.310866	0.236536	0.130103	0.199918
178	-4.38468	-4.40325	-4.54165	-4.84593	0.288448	0.283142	0.246546	0.181864	0.247444
179	-3.91645	-3.95066	-4.2053	-4.76275	0.318017	0.307321	0.238234	0.136428	0.205862
180	-6.83921	-6.87363	-7.12959	-7.68831	0.318274	0.307505	0.238063	0.136158	0.20558
181	-4.51828	-4.53812	-4.68605	-5.01128	0.290978	0.28526	0.246036	0.177726	0.243728
182	-3.8616	-3.89631	-4.15453	-4.71888	0.31885	0.307972	0.237886	0.135293	0.204782
183	-4.40429	-4.43613	-4.67301	-5.191	0.31364	0.303812	0.239734	0.142814	0.211801
184	-14.2459	-14.2761	-14.5009	-14.9926	0.310647	0.301403	0.240726	0.147225	0.215891
185	-4.38533	-4.41645	-4.64794	-5.15397	0.312301	0.302732	0.240171	0.144796	0.213636
186	-20.5853	-16.0325	-12.1929	-10.586	3.77054e-05	0.00357809	0.166418	0.829966	0.783586
187	-4.88195	-4.89812	-5.01859	-5.28308	0.283623	0.279074	0.2474	0.189904	0.254625
188	-13.3602	-13.3926	-13.6335	-14.1583	0.314554	0.304519	0.239327	0.1416	0.210637
189	-3.79316	-3.83026	-4.1066	-4.71249	0.323281	0.311505	0.236295	0.128919	0.198828
190	-4.06787	-4.10154	-4.35191	-4.89841	0.316914	0.30642	0.238551	0.138115	0.207408
191	-26.2461	-26.266	-26.4148	-26.7411	0.291168	0.285408	0.245948	0.177475	0.243487
192	-15.4197	-13.1567	-11.3357	-10.7463	0.00564768	0.0542877	0.335382	0.604683	0.637695
193	-3.92538	-3.96055	-4.22231	-4.79546	0.319749	0.3087	0.237603	0.133948	0.203541
194	-4.10127	-4.12688	-4.31759	-4.73546	0.302065	0.294425	0.243305	0.160204	0.227828
195	-7.78397	-7.81791	-8.07034	-8.62193	0.31744	0.306847	0.238392	0.137322	0.206678
196	-7.82706	-7.85749	-8.08397	-8.58	0.311095	0.301772	0.240613	0.146519	0.21525
197	-8.78065	-8.80147	-8.95659	-9.29712	0.292853	0.286818	0.245606	0.174723	0.241014
198	-23.6839	-19.1248	-15.2388	-13.5314	3.28919e-05	0.00314088	0.153019	0.843807	0.791744
199	-24.8029	-20.2431	-16.3509	-14.6261	3.21894e-05	0.00307605	0.15078	0.846111	0.793099
200	-7.92666	-7.96265	-8.23034	-8.81533	0.321136	0.309784	0.237029	0.132051	0.20174
201	-14.9393	-12.6748	-10.8432	-10.2327	0.00551246	0.0530661	0.331333	0.610088	0.641197
202	-15.7284	-13.4532	-11.5425	-10.7597	0.00453905	0.0441634	0.298453	0.652845	0.668668
203	-24.3921	-22.1283	-20.302	-19.703	0.0055832	0.0537079	0.333542	0.607167	0.63931
204	-4.38474	-4.40382	-4.54609	-4.85891	0.289479	0.284006	0.246344	0.180172	0.245926
205	-3.99715	-4.03489	-4.3158	-4.93041	0.324323	0.312308	0.235823	0.127546	0.197507
206	-39.007	-32.146	-26.1529	-23.249	1.35886e-07	0.000129678	0.0519553	0.947915	0.853024
207	-40.9871	-34.1407	-28.2531	-25.5608	1.87029e-07	0.000175891	0.0634189	0.936405	0.846326
208	-4.43339	-4.46019	-4.65974	-5.0971	0.304328	0.29628	0.242682	0.15671	0.224635
209	-3.79316	-3.83026	-4.10659	-4.71249	0.323281	0.311505	0.236295	0.12892	0.198828
210	-79.4784	-63.4469	-49.2878	-42.0894	5.77859e-17	5.29947e-10	0.000747205	0.999253	0.882882
211	-4.75372	-4.77491	-4.93274	-5.27924	0.293568	0.287413	0.245448	0.173571	0.239975
212	-4.34096	-4.37118	-4.5961	-5.08838	0.310691	0.301442	0.240726	0.14714	0.215818
213	-31.2118	-26.6551	-22.7863	-21.1157	3.45929e-05	0.00329564	0.157822	0.838848	0.788821
214	-45.8605	-36.7172	-28.7567	-24.9272	7.93358e-10	7.41927e-06	0.0212586	0.978734	0.87096
215	-3.92537	-3.96054	-4.22231	-4.79545	0.319749	0.308699	0.237603	0.133949	0.203542
216	-3.80005	-3.83318	-4.07966	-4.61891	0.316013	0.305717	0.23893	0.139341	0.208574
217	-14.7751	-14.805	-15.0277	-15.5147	0.31011	0.30097	0.240905	0.148015	0.216624
218	-7.32015	-7.35437	-7.6089	-8.16537	0.317962	0.307267	0.238218	0.136553	0.205965
219	-14.2817	-14.2991	-14.4292	-14.7136	0.286146	0.281188	0.246897	0.185769	0.250914
220	-8.28788	-8.30567	-8.43806	-8.72764	0.28677	0.281713	0.246782	0.184735	0.249989
221	-17.2912	-14.9998	-12.9832	-12.0362	0.00361396	0.0357387	0.268504	0.692143	0.693991
222	-16.9149	-16.9293	-17.0363	-17.2712	0.279973	0.275981	0.247979	0.196067	0.260109
223	-22.845	-22.8638	-23.0033	-23.306	0.288553	0.283178	0.246299	0.18197	0.247465
224	-7.50725	-7.52824	-7.68456	-8.02729	0.293148	0.287059	0.245517	0.174276	0.240602
225	-11.0206	-11.051	-11.278	-11.7759	0.311248	0.301906	0.240604	0.146243	0.215009
226	-32.2192	-25.3727	-19.4841	-16.7915	1.86763e-07	0.000175669	0.0633978	0.936426	0.846338
227	-4.41478	-4.44751	-4.69102	-5.2236	0.315277	0.305125	0.239179	0.140419	0.209576
228	-8.51446	-8.54483	-8.77102	-9.267	0.311047	0.301741	0.240658	0.146554	0.215293
229	-4.48358	-4.51521	-4.75067	-5.26633	0.313321	0.303565	0.23988	0.143233	0.212205
230	-14.5739	-12.2997	-10.396	-9.62927	0.00462158	0.0449247	0.301478	0.648976	0.666196
231	-4.18109	-4.21253	-4.44672	-4.9605	0.313043	0.303354	0.240017	0.143586	0.212548
232	-4.6361	-4.65744	-4.81649	-5.16605	0.293904	0.287699	0.245395	0.173002	0.239469
233	-24.6471	-20.0746	-16.0887	-14.1647	2.43967e-05	0.00236122	0.12711	0.870505	0.80746
234	-4.3847	-4.40342	-4.54301	-4.84992	0.288765	0.283408	0.246484	0.181343	0.246977
235	-17.4464	-15.1738	-13.2822	-12.5412	0.00476074	0.046202	0.306336	0.642701	0.662173
236	-4.17708	-4.20793	-4.43771	-4.94176	0.311947	0.30247	0.240377	0.145207	0.21405
237	-10.0767	-10.0875	-10.1662	-10.3312	0.271813	0.268908	0.248539	0.210741	0.27293
238	-3.79318	-3.83048	-4.10828	-4.71742	0.323633	0.311782	0.236158	0.128427	0.198364
239	-4.63716	-4.65861	-4.8185	-5.16993	0.294126	0.287884	0.245346	0.172644	0.239146
240	-4.63716	-4.65861	-4.8185	-5.16993	0.294126	0.287884	0.245346	0.172644	0.239146
248	-4.88658	-4.90297	-5.02514	-5.29336	0.28408	0.27946	0.247323	0.189137	0.253942
249	-4.09866	-4.1275	-4.34233	-4.81384	0.308221	0.299459	0.241568	0.150752	0.219176
250	-5.20916	-5.22826	-5.3706	-5.68331	0.289485	0.284008	0.246328	0.180179	0.245928
251	-8.6835	-8.70644	-8.87721	-9.25148	0.296922	0.290189	0.244634	0.168256	0.235155
252	-12.8315	-12.851	-12.9959	-13.3116	0.29004	0.284438	0.246069	0.179454	0.245228
253	-4.38471	-4.40354	-4.54388	-4.85246	0.288967	0.283577	0.246445	0.181011	0.24668
254	-16.0939	-13.8288	-11.9931	-11.3741	0.00545958	0.0525866	0.329692	0.612262	0.642601
255	-54.0524	-49.4984	-45.6495	-44.0224	3.66921e-05	0.00348622	0.163644	0.832833	0.785276
256	-26.1105	-21.5567	-17.7092	-16.0843	3.68172e-05	0.00349739	0.163941	0.832525	0.785095
257	-7.71921	-7.73558	-7.85737	-8.12333	0.283907	0.279296	0.247272	0.189526	0.254262
258	-4.88225	-4.89691	-5.00615	-5.24597	0.280583	0.2765	0.247888	0.195029	0.259187
259	-7.5424	-7.57396	-7.80887	-8.32339	0.313188	0.303459	0.239928	0.143425	0.212384
260	-26.2522	-21.6979	-17.8466	-16.2116	3.63568e-05	0.00345528	0.162579	0.83393	0.785922
261	-11.2077	-11.2273	-11.3728	-11.6925	0.290329	0.284714	0.246156	0.178801	0.24469
262	-23.2068	-20.9433	-19.1195	-18.5277	0.00562206	0.054066	0.334944	0.605368	0.638159
263	-40.8704	-32.7949	-25.0372	-21.2224	2.86736e-09	9.21849e-06	0.0215655	0.978425	0.87078
264	-3.99877	-4.03672	-4.31913	-4.93705	0.32468	0.31259	0.235682	0.127048	0.197038
265	-14.3341	-14.3619	-14.5685	-15.021	0.306105	0.297726	0.242153	0.154016	0.222159
266	-14.3275	-12.0678	-10.2726	-9.74166	0.0060116	0.0575896	0.346753	0.589646	0.627982
267	-7.86656	-7.88176	-7.99471	-8.24081	0.281497	0.277251	0.247639	0.193614	0.257895
268	-11.3942	-11.4114	-11.54	-11.822	0.285789	0.280898	0.247009	0.186304	0.251408
269	-15.7555	-13.4954	-11.6968	-11.1579	0.00596196	0.0571389	0.345195	0.591704	0.629311
270	-16.6098	-14.3502	-12.5551	-12.0245	0.00601365	0.057608	0.346815	0.589564	0.627929
271	-40.3725	-33.5188	-27.5766	-24.7671	1.57465e-07	0.000149184	0.056805	0.943046	0.85019
272	-24.6535	-24.6863	-24.9307	-25.4641	0.315449	0.305249	0.239066	0.140236	0.209385
273	-10.4131	-10.4344	-10.5927	-10.9403	0.2937	0.287523	0.245419	0.173358	0.239782
274	-10.384	-10.4006	-10.5238	-10.7944	0.284368	0.279704	0.247275	0.188653	0.25351
275	-4.32684	-4.35653	-4.57751	-5.06104	0.309703	0.300641	0.241033	0.148622	0.217185
276	-12.5369	-12.5646	-12.7706	-13.2217	0.305951	0.2976	0.242196	0.154253	0.222376
277	-22.9209	-20.6477	-18.7523	-18.0034	0.0047171	0.0458018	0.304827	0.644654	0.663426
278	-14.4463	-14.4723	-14.6663	-15.0912	0.302891	0.295103	0.24308	0.158925	0.22666
279	-4.10278	-4.12854	-4.32026	-4.74037	0.302326	0.29464	0.243235	0.159799	0.227459
280	-4.21725	-4.2469	-4.4676	-4.9511	0.309658	0.300612	0.241076	0.148653	0.217224
281	-4.52399	-4.5445	-4.69737	-5.03351	0.292286	0.286353	0.24576	0.175602	0.241816
282	-26.4138	-24.141	-22.2484	-21.5057	0.00475064	0.0461101	0.306013	0.643126	0.662447
283	-14.2649	-12.0029	-10.1905	-9.62321	0.00577576	0.0554596	0.339715	0.59905	0.634076
284	-4.43539	-4.46234	-4.66296	-5.10266	0.304599	0.296502	0.242605	0.156293	0.224254
285	-4.31941	-4.34828	-4.56325	-5.03451	0.308233	0.299462	0.241535	0.15077	0.219182
286	-11.2077	-11.2273	-11.3728	-11.6925	0.290329	0.284714	0.246156	0.178801	0.24469
287	-8.07338	-8.09504	-8.25624	-8.60902	0.2944	0.288091	0.2452	0.17231	0.238815
288	-8.51741	-8.5475	-8.77156	-9.26272	0.310509	0.301305	0.240823	0.147363	0.216038
289	-4.29459	-4.31774	-4.49029	-4.86939	0.297426	0.290618	0.244561	0.167395	0.234392
290	-3.92713	-3.96249	-4.22565	-4.80187	0.320087	0.308968	0.237478	0.133466	0.20309
291	-3.92713	-3.96249	-4.22565	-4.80187	0.320087	0.308968	0.237478	0.133466	0.20309
292	-3.80212	-3.83542	-4.08322	-4.62538	0.316336	0.305975	0.238818	0.138871	0.208137
293	-4.29947	-4.33128	-4.56821	-5.08778	0.313712	0.303888	0.239783	0.142617	0.211645
294	-6.70516	-6.74078	-7.00566	-7.58399	0.320438	0.309225	0.237269	0.133069	0.202687
295	-8.19001	-8.22067	-8.44893	-8.94912	0.311548	0.302142	0.240479	0.145831	0.214617
296	-8.81225	-8.82674	-8.93464	-9.17156	0.280223	0.276193	0.247943	0.195641	0.259731
297	-3.80212	-3.83542	-4.08322	-4.62538	0.316336	0.305975	0.238818	0.138871	0.208137
298	-12.6928	-10.4321	-8.62953	-8.08259	0.00590822	0.0566551	0.343642	0.593795	0.630669
299	-21.975	-22.0045	-22.2243	-22.7046	0.309381	0.300372	0.2411	0.149147	0.217656
300	-26.7966	-22.2433	-18.3994	-16.7812	3.71755e-05	0.00352965	0.164864	0.831569	0.78453
301	-8.41989	-8.44479	-8.6301	-9.03579	0.300663	0.29327	0.243662	0.162405	0.229829
302	-14.4377	-12.1764	-10.3684	-9.80745	0.00582576	0.0559019	0.340892	0.59738	0.632975
303	-7.54239	-7.57395	-7.80886	-8.32337	0.313187	0.303459	0.239927	0.143427	0.212385
304	-44.6454	-35.5084	-27.5946	-23.8679	9.24943e-10	8.59585e-06	0.0235066	0.976485	0.869653
305	-10.6886	-10.7175	-10.9322	-11.4023	0.308147	0.299384	0.241528	0.150941	0.219327
306	-10.0002	-10.0184	-10.1533	-10.4495	0.287506	0.282343	0.246694	0.183456	0.248861
307	-12.2338	-9.97355	-8.17375	-7.63282	0.00594725	0.0570076	0.344806	0.592239	0.629661
308	-4.56956	-4.5991	-4.81915	-5.3022	0.309536	0.300526	0.241164	0.148774	0.217353
309	-9.70327	-9.72347	-9.87397	-10.2044	0.291635	0.285803	0.24587	0.176692	0.242789
310	-4.52399	-4.5445	-4.69736	-5.0335	0.292285	0.286352	0.24576	0.175602	0.241817
311	-3.87337	-3.90924	-4.1761	-4.75947	0.320943	0.309634	0.237112	0.132311	0.201988
312	-4.79904	-4.81681	-4.94929	-5.24074	0.286877	0.281824	0.246854	0.184445	0.249759
313	-8.07337	-8.09504	-8.25624	-8.60901	0.294399	0.288091	0.2452	0.17231	0.238816
314	-4.56956	-4.5991	-4.81915	-5.3022	0.309536	0.300526	0.241164	0.148774	0.217353
315	-8.40804	-8.42564	-8.55655	-8.84308	0.286385	0.281391	0.246863	0.18536	0.250552
316	-4.75642	-4.78724	-5.01663	-5.51903	0.311819	0.302356	0.240378	0.145448	0.214258
317	-13.5417	-11.2748	-9.42592	-8.77895	0.00529062	0.0510505	0.32431	0.619349	0.647173
318	-8.76927	-8.79889	-9.01939	-9.50261	0.309613	0.300579	0.2411	0.148708	0.217278
319	-4.43539	-4.46233	-4.66295	-5.10264	0.304599	0.296501	0.242605	0.156295	0.224255
320	-4.32683	-4.35652	-4.5775	-5.06102	0.309702	0.30064	0.241033	0.148624	0.217186
321	-8.6044	-8.62146	-8.74841	-9.02642	0.285332	0.280507	0.247063	0.187098	0.252108
322	-11.3653	-11.383	-11.5154	-11.8066	0.286851	0.281801	0.246855	0.184493	0.249801
323	-4.40908	-4.43838	-4.65654	-5.13463	0.309028	0.300104	0.241282	0.149586	0.218088
324	-19.8747	-19.9056	-20.1352	-20.6381	0.311884	0.302408	0.240354	0.145355	0.214171
325	-49.6009	-40.4591	-32.509	-28.698	8.17527e-10	7.63393e-06	0.0216476	0.978345	0.870734
326	-3.80211	-3.83541	-4.08321	-4.62535	0.316335	0.305974	0.238818	0.138873	0.208139
327	-4.21724	-4.24689	-4.46759	-4.95108	0.309657	0.300612	0.241076	0.148655	0.217225
328	-4.32683	-4.35652	-4.5775	-5.06102	0.309702	0.30064	0.241033	0.148624	0.217186
329	-12.247	-12.273	-12.4663	-12.8897	0.302719	0.294961	0.243125	0.159194	0.226906
330	-10.26	-10.2913	-10.5245	-11.0352	0.312769	0.303119	0.240058	0.144054	0.212964
331	-12.6196	-10.363	-8.59066	-8.11161	0.00634957	0.0606421	0.356853	0.576156	0.619241
332	-7.17154	-7.19747	-7.39056	-7.8136	0.302672	0.294923	0.243138	0.159267	0.226972
333	-7.10275	-7.13268	-7.35539	-7.84263	0.310133	0.300988	0.240894	0.147985	0.216595
334	-9.03135	-9.06103	-9.28202	-9.76611	0.309726	0.300667	0.241055	0.148552	0.21713
335	-4.38475	-4.40394	-4.54696	-4.86144	0.28968	0.284175	0.246303	0.179842	0.24563
336	-4.80133	-4.81847	-4.94612	-5.22616	0.285544	0.280692	0.247052	0.186712	0.251772
337	-4.34313	-4.37352	-4.59963	-5.09455	0.310991	0.301684	0.240631	0.146694	0.215406
338	-3.79318	-3.83048	-4.10828	-4.71742	0.323632	0.311782	0.236158	0.128428	0.198365
339	-4.40908	-4.43838	-4.65654	-5.13463	0.309028	0.300104	0.241282	0.149586	0.218088
340	-12.2064	-12.238	-12.4734	-12.9897	0.313335	0.303589	0.23992	0.143156	0.21215
341	-4.63716	-4.65861	-4.8185	-5.16993	0.294126	0.287884	0.245346	0.172645	0.239146
342	-7.98819	-8.01881	-8.24675	-8.74598	0.311457	0.302065	0.240496	0.145982	0.214752
343	-32.3957	-27.829	-23.8897	-22.0854	2.85037e-05	0.00274278	0.14093	0.856299	0.799106
344	-15.1274	-12.8579	-10.9901	-10.3009	0.00504872	0.04884	0.316209	0.629902	0.653958
345	-4.34533	-4.36966	-4.55074	-4.94729	0.299579	0.292379	0.243952	0.16409	0.231366
346	-4.27281	-4.29678	-4.47521	-4.86611	0.298901	0.291822	0.244133	0.165143	0.232327
347	-16.6416	-16.666	-16.8483	-17.2481	0.299917	0.292666	0.2439	0.163517	0.230857
348	-24.2734	-22.0043	-20.1392	-19.4556	0.00508145	0.0491384	0.317278	0.628502	0.653056
349	-16.6158	-14.3469	-12.4832	-11.8031	0.00510014	0.0493105	0.31795	0.62764	0.652504
350	-10.3519	-10.364	-10.4546	-10.6532	0.275465	0.272138	0.248589	0.203808	0.266963
351	-15.2413	-12.9686	-11.0768	-10.3377	0.00476583	0.0462542	0.306712	0.642268	0.661906
352	-4.1796	-4.20418	-4.38721	-4.78857	0.300105	0.29282	0.243844	0.163231	0.230594
353	-16.9136	-14.6489	-12.8152	-12.1986	0.00547996	0.052766	0.330134	0.61162	0.642175
354	-13.4173	-11.1513	-9.30827	-8.67199	0.00535974	0.0516743	0.326349	0.616617	0.645401
355	-20.9288	-18.6523	-16.7316	-15.9274	0.00442748	0.0431358	0.294421	0.658016	0.671976
356	-24.1262	-19.5585	-15.6081	-13.7599	2.71206e-05	0.00261225	0.135718	0.861643	0.802246
357	-4.1323	-4.15621	-4.33425	-4.72457	0.298812	0.291752	0.24417	0.165265	0.232443
358	-12.6296	-10.3626	-8.51264	-7.8623	0.00527348	0.0508915	0.323652	0.620183	0.647705
359	-4.81088	-4.82751	-4.95145	-5.22343	0.28455	0.279855	0.247234	0.18836	0.253246
360	-9.47767	-9.4947	-9.62154	-9.8997	0.285321	0.280503	0.247088	0.187089	0.252107
361	-22.5874	-22.611	-22.7871	-23.1722	0.29826	0.291286	0.244264	0.16619	0.233268
362	-16.4066	-16.4211	-16.5288	-16.7639	0.280105	0.276076	0.247879	0.19594	0.25997
363	-4.35106	-4.37838	-4.58155	-5.02547	0.305189	0.296965	0.242365	0.155481	0.223483
364	-4.69912	-4.72471	-4.91509	-5.33169	0.301957	0.29433	0.243305	0.160408	0.228004
365	-11.3974	-11.4113	-11.5154	-11.7439	0.279184	0.275309	0.248089	0.197417	0.261305
366	-4.14602	-4.17226	-4.36769	-4.79624	0.303287	0.295431	0.242987	0.158295	0.226089
367	-19.2772	-19.2935	-19.4149	-19.6805	0.283833	0.27924	0.247311	0.189616	0.254352
368	-9.12869	-9.15531	-9.35337	-9.78661	0.303911	0.295928	0.242757	0.157404	0.225255
369	-14.3723	-12.1067	-10.2672	-9.6391	0.00540728	0.0521082	0.327923	0.614561	0.644079
370	-23.6555	-19.0872	-15.1321	-13.2729	2.67238e-05	0.00257562	0.134446	0.862952	0.803016
371	-32.5055	-27.9405	-24.0107	-22.2091	2.8893e-05	0.0027754	0.14126	0.855936	0.798886
372	-22.8849	-20.6175	-18.7644	-18.1071	0.00523316	0.0505232	0.322309	0.621935	0.648831
373	-16.5332	-14.2648	-12.4042	-11.7308	0.00513906	0.0496648	0.319208	0.625989	0.65144
374	-31.9521	-27.3884	-23.4674	-21.6842	2.96456e-05	0.00284427	0.143499	0.853627	0.797527
375	-62.3854	-50.9363	-40.8413	-35.7504	2.69076e-12	2.52457e-07	0.00611501	0.993885	0.879763
376	-5.16002	-5.17618	-5.29659	-5.561	0.283609	0.279063	0.247406	0.189922	0.254643
377	-47.69	-40.8269	-34.815	-31.8534	1.25971e-07	0.000120471	0.0491845	0.950695	0.854642
378	-4.74214	-4.75637	-4.86233	-5.09463	0.279677	0.275725	0.248004	0.196594	0.260571
379	-4.26939	-4.28861	-4.43184	-4.74643	0.289718	0.284202	0.246276	0.179804	0.24559
380	-16.4349	-14.1683	-12.3217	-11.679	0.00531734	0.0512927	0.325134	0.618256	0.646467
381	-4.70048	-4.71817	-4.84988	-5.13886	0.286632	0.281609	0.246857	0.184902	0.250154
382	-32.2159	-25.3591	-19.3945	-16.5355	1.46503e-07	0.000139216	0.0542125	0.945648	0.851705
383	-29.2235	-24.6584	-20.7266	-18.9167	2.86272e-05	0.00275034	0.140258	0.856963	0.79949
384	-4.7765	-4.78867	-4.87934	-5.07833	0.27551	0.272177	0.248583	0.203729	0.266893
385	-12.9146	-10.6479	-8.80079	-8.15734	0.0053121	0.0512456	0.324985	0.618457	0.646597
386	-14.9569	-12.6773	-10.7336	-9.87816	0.00417347	0.0407867	0.284889	0.670151	0.67972
387	-17.8586	-15.5776	-13.6282	-12.7856	0.00418094	0.0409173	0.287409	0.667493	0.678139
388	-4.14602	-4.17226	-4.36769	-4.79624	0.303287	0.295431	0.242987	0.158295	0.226089
389	-25.899	-21.3413	-17.4645	-15.7743	3.3723e-05	0.00321603	0.155235	0.841516	0.790392
390	-31.6765	-24.8257	-18.9051	-16.1422	1.68611e-07	0.000159278	0.0593512	0.940489	0.848703
391	-14.3957	-14.4114	-14.5285	-14.7852	0.282691	0.278282	0.247538	0.191489	0.256033
392	-20.9361	-20.9483	-21.0392	-21.2387	0.275579	0.272235	0.248575	0.203611	0.266788
393	-17.1096	-14.8447	-13.0104	-12.3927	0.00547236	0.0526975	0.329917	0.611913	0.642366
394	-8.72214	-8.74813	-8.9413	-9.36294	0.302625	0.294864	0.243066	0.159445	0.227104
395	-3.94701	-3.97852	-4.21292	-4.72542	0.313025	0.303317	0.239937	0.143721	0.212642
396	-3.98937	-4.01748	-4.22637	-4.68185	0.306596	0.2981	0.241903	0.153401	0.221557
397	-42.2477	-33.0994	-25.1023	-21.1931	7.03835e-10	6.61462e-06	0.0196603	0.980333	0.871889
398	-4.27281	-4.29678	-4.47521	-4.86611	0.298901	0.291822	0.244133	0.165143	0.232327
399	-10.7999	-10.8265	-11.0246	-11.4573	0.303893	0.295905	0.242729	0.157473	0.225307
400	-23.9701	-21.6935	-19.772	-18.9628	0.00440921	0.0429599	0.293471	0.65916	0.672692
401	-4.14922	-4.17244	-4.34525	-4.72338	0.297424	0.290596	0.244478	0.167502	0.234461
402	-24.5748	-24.6011	-24.7969	-25.2254	0.303346	0.295469	0.242925	0.158259	0.226041
403	-4.1796	-4.20418	-4.38721	-4.78857	0.300105	0.29282	0.243844	0.163231	0.230594
404	-3.73623	-3.76388	-3.96956	-4.41923	0.305836	0.297496	0.24219	0.154478	0.222568
405	-4.72	-4.74158	-4.9023	-5.25462	0.2943	0.288016	0.245255	0.172428	0.238934
406	-14.804	-12.5358	-10.6768	-10.0053	0.00515413	0.0497984	0.319568	0.62548	0.651105
407	-25.9938	-21.4321	-17.5261	-15.7747	3.09835e-05	0.00296652	0.147424	0.849578	0.795142
408	-19.7698	-17.5019	-15.6452	-14.9796	0.00518598	0.050092	0.320722	0.624	0.650159
409	-10.5217	-10.5479	-10.7433	-11.1716	0.303265	0.295413	0.242991	0.158331	0.226122
410	-9.08759	-9.1122	-9.29544	-9.69709	0.300152	0.292856	0.243822	0.16317	0.230535
411	-8.41557	-8.42899	-8.52879	-8.74687	0.277963	0.274258	0.248206	0.199573	0.263199
412	-4.44764	-4.46487	-4.59315	-4.87435	0.285702	0.280822	0.247012	0.186464	0.251546
413	-12.9137	-10.6452	-8.78453	-8.11165	0.00514021	0.0496777	0.319331	0.625851	0.651356
414	-12.6603	-12.6795	-12.8227	-13.1373	0.289713	0.284197	0.246276	0.179814	0.245598
415	-4.7765	-4.78867	-4.87934	-5.07833	0.27551	0.272177	0.248583	0.203729	0.266893
416	-10.9099	-10.9345	-11.1171	-11.5169	0.299974	0.292702	0.243841	0.163483	0.23081
417	-19.8068	-19.8194	-19.9136	-20.1183	0.276366	0.272885	0.248369	0.202381	0.265668
418	-4.74214	-4.75637	-4.86233	-5.09463	0.279677	0.275725	0.248004	0.196594	0.260571
419	-4.70048	-4.71817	-4.84988	-5.13886	0.286632	0.281609	0.246857	0.184902	0.250154
420	-11.5222	-11.5487	-11.7453	-12.1762	0.303582	0.29567	0.242891	0.157858	0.225685
421	-9.03961	-9.06494	-9.25361	-9.66707	0.301544	0.293999	0.24345	0.161008	0.228563
422	-12.5393	-12.5642	-12.7487	-13.152	0.300437	0.293073	0.243681	0.162809	0.230183
423	-10.2242	-10.2459	-10.4076	-10.7617	0.294537	0.288208	0.24518	0.172075	0.238607
424	-6.46908	-6.49698	-6.7044	-7.15686	0.306232	0.297806	0.242022	0.15394	0.222056
425	-15.7384	-13.4719	-11.6255	-10.9821	0.00531676	0.0512834	0.324974	0.618426	0.646568
426	-20.3403	-18.0696	-16.1921	-15.4813	0.0049286	0.0477392	0.312077	0.635255	0.657393
427	-4.25006	-4.27725	-4.47975	-4.92345	0.305071	0.296885	0.242465	0.155579	0.223597
428	-21.3529	-19.0763	-17.1545	-16.3479	0.00441542	0.0430244	0.293976	0.658584	0.672339
429	-27.6607	-23.0992	-19.1944	-17.4445	3.10617e-05	0.00297353	0.147615	0.84938	0.795026
430	-27.6023	-23.0406	-19.134	-17.3812	3.0924e-05	0.00296106	0.147244	0.849764	0.795252
431	-73.9978	-60.266	-48.2004	-42.1846	1.5228e-14	1.40054e-08	0.00243415	0.997566	0.881902
432	-9.07614	-9.09918	-9.27072	-9.64635	0.297105	0.290338	0.244572	0.167985	0.234904
433	-14.225	-11.9549	-10.082	-9.38058	0.0049825	0.0482313	0.313864	0.632923	0.655892
434	-38.9068	-32.0527	-26.1081	-23.2933	1.56238e-07	0.000148071	0.056521	0.943331	0.850356
435	-4.25006	-4.27725	-4.47975	-4.92345	0.305071	0.296885	0.242465	0.155579	0.223597
436	-7.87016	-7.88822	-8.02252	-8.31575	0.287255	0.282113	0.24666	0.183971	0.249295
437	-16.2816	-14.0067	-12.0981	-11.3204	0.0045643	0.0443972	0.299409	0.651629	0.667893
438	-38.0288	-31.1758	-25.2391	-22.4419	1.60284e-07	0.000151744	0.0574662	0.942382	0.849804
439	-8.17109	-8.18539	-8.29187	-8.52551	0.279828	0.275857	0.247992	0.196323	0.260333
440	-10.6491	-10.6638	-10.7736	-11.015	0.280754	0.276648	0.247876	0.194722	0.258919
441	-4.69912	-4.72471	-4.91509	-5.33169	0.301957	0.29433	0.243305	0.160408	0.228004
442	-11.564	-11.5788	-11.6889	-11.9305	0.280808	0.276688	0.247844	0.19466	0.258856
443	-5.0933	-5.10908	-5.22665	-5.4847	0.282837	0.278408	0.247526	0.191229	0.255805
480	-4.3449	-4.3717	-4.57097	-5.00632	0.304197	0.296155	0.242646	0.157002	0.224876
481	-4.21281	-4.23262	-4.38007	-4.70276	0.29078	0.285076	0.245995	0.178148	0.244081
482	-4.16556	-4.19038	-4.37522	-4.78045	0.300568	0.293199	0.243717	0.162516	0.229941
483	-8.57365	-8.59786	-8.77814	-9.17336	0.299391	0.29223	0.244022	0.164357	0.231617
484	-7.92019	-7.93954	-8.08345	-8.39774	0.289813	0.284258	0.246158	0.179771	0.245527
485	-4.49121	-4.50791	-4.63238	-4.90598	0.284717	0.280001	0.24723	0.188052	0.252979
486	-4.37369	-4.39329	-4.53927	-4.85967	0.290436	0.2848	0.246117	0.178646	0.244545
487	-20.0145	-20.0286	-20.1339	-20.3648	0.279493	0.275571	0.24804	0.196896	0.260842
488	-4.21281	-4.23262	-4.38007	-4.70276	0.29078	0.285076	0.245995	0.178148	0.244081
489	-13.9816	-11.7027	-9.76425	-8.9214	0.00423286	0.0413386	0.28722	0.667208	0.677847
490	-7.02362	-7.04619	-7.21414	-7.5817	0.296163	0.289554	0.244788	0.169495	0.236269
491	-4.17567	-4.19978	-4.3793	-4.77294	0.299199	0.292073	0.244076	0.164652	0.231886
492	-4.04993	-4.0709	-4.227	-4.56879	0.293069	0.286987	0.245511	0.174434	0.240737
493	-34.2431	-27.3889	-21.4439	-18.6282	1.56045e-07	0.000147895	0.0564746	0.943377	0.850383
494	-15.7855	-13.5172	-11.6571	-10.9835	0.00514151	0.049684	0.319171	0.626004	0.651443
495	-6.61493	-6.64398	-6.85983	-7.33011	0.308331	0.299504	0.241358	0.150806	0.219162
496	-10.3017	-10.3258	-10.5051	-10.8982	0.299139	0.292024	0.244096	0.164741	0.231969
497	-40.2397	-35.5671	-29.943	-26.2192	7.95407e-07	8.50931e-05	0.0235714	0.976343	0.86955
498	-3.7924	-3.82278	-4.04896	-4.54458	0.31103	0.301723	0.240646	0.146601	0.21533
499	-4.24518	-4.26936	-4.44925	-4.84245	0.299238	0.292089	0.243999	0.164674	0.231883
500	-14.2216	-11.9505	-10.0703	-9.35359	0.00489539	0.0474355	0.310954	0.636715	0.658331
501	-4.21935	-4.23586	-4.35881	-4.62856	0.284282	0.279628	0.247277	0.188813	0.253649
502	-4.3449	-4.3717	-4.57097	-5.00632	0.304197	0.296155	0.242646	0.157002	0.224876
516	-4.36018	-4.38512	-4.57074	-4.97677	0.300727	0.293318	0.243628	0.162327	0.229752
517	-13.6374	-11.3638	-9.46488	-8.70763	0.004674	0.0454045	0.303257	0.646665	0.664711
518	-16.2865	-14.0154	-12.1348	-11.4158	0.00488658	0.0473506	0.310499	0.637264	0.658675
519	-16.0118	-13.745	-11.8964	-11.2473	0.00528545	0.0509961	0.323884	0.619834	0.647471
520	-3.79175	-3.8163	-3.99897	-4.39833	0.299959	0.292683	0.243817	0.163541	0.230853
521	-3.79175	-3.8163	-3.99897	-4.39833	0.299959	0.292683	0.243817	0.163541	0.230853
522	-4.09231	-4.11124	-4.25202	-4.55963	0.288991	0.283572	0.246333	0.181105	0.246728
523	-8.31126	-8.32255	-8.40639	-8.58883	0.273549	0.270478	0.248725	0.207248	0.269969
524	-8.41675	-8.436	-8.57916	-8.89197	0.289622	0.284101	0.246206	0.180071	0.2458
525	-14.1097	-11.8344	-9.92295	-9.13751	0.00452729	0.0440526	0.297936	0.653484	0.669072
526	-18.1696	-15.889	-13.9376	-13.0658	0.00409342	0.0400457	0.281856	0.674005	0.682177
527	-4.00801	-4.02498	-4.15119	-4.42678	0.285092	0.280295	0.247062	0.187551	0.252498
528	-4.18965	-4.21507	-4.4043	-4.81883	0.301682	0.29411	0.243404	0.160805	0.228375
529	-4.70198	-4.72751	-4.91743	-5.33256	0.301818	0.29421	0.243319	0.160653	0.22822
530	-4.2512	-4.27926	-4.48811	-4.94515	0.306655	0.298169	0.241972	0.153204	0.221407
531	-8.99568	-9.01386	-9.14916	-9.44543	0.287563	0.282383	0.246648	0.183405	0.248803
532	-15.3538	-13.0814	-11.1915	-10.4547	0.00478278	0.0464049	0.30713	0.641682	0.661521
533	-7.34211	-7.37461	-7.61616	-8.14274	0.314726	0.304662	0.239285	0.141327	0.210389
534	-4.78083	-4.79623	-4.911	-5.16322	0.282095	0.277785	0.247666	0.192454	0.256902
535	-13.5769	-11.3068	-9.43383	-8.73485	0.00498974	0.048304	0.314343	0.632364	0.655546
536	-3.7927	-3.8257	-4.07138	-4.60919	0.315827	0.305573	0.239011	0.139588	0.208811
537	-4.17514	-4.20099	-4.39334	-4.81397	0.302448	0.294729	0.243158	0.159665	0.227321
538	-9.41531	-9.44122	-9.63411	-10.0566	0.302615	0.294874	0.243145	0.159365	0.227059
539	-4.27581	-4.29632	-4.44912	-4.78447	0.292238	0.286305	0.245735	0.175722	0.241913
540	-4.38447	-4.4012	-4.52584	-4.79962	0.284753	0.280029	0.247213	0.188005	0.252934
541	-9.89962	-9.91646	-10.0419	-10.3172	0.284955	0.280197	0.247169	0.187679	0.25264
542	-4.36047	-4.38864	-4.59809	-5.05519	0.306754	0.298233	0.241876	0.153136	0.221321
543	-11.4109	-11.4309	-11.5798	-11.9057	0.291169	0.2854	0.245905	0.177526	0.243518
544	-4.38447	-4.4012	-4.52584	-4.79962	0.284753	0.280029	0.247213	0.188005	0.252934
545	-8.03656	-8.06316	-8.26097	-8.69247	0.303794	0.295819	0.242728	0.157659	0.225467
546	-4.27581	-4.29632	-4.44912	-4.78447	0.292238	0.286305	0.245735	0.175722	0.241913
547	-3.75784	-3.78753	-4.00823	-4.49001	0.309586	0.300532	0.241013	0.148869	0.217392
548	-4.19358	-4.21947	-4.4122	-4.83446	0.302581	0.294848	0.243162	0.159409	0.227101
549	-29.3006	-24.7401	-20.8425	-19.1086	3.17477e-05	0.00303622	0.149628	0.847304	0.793803
550	-4.19358	-4.21947	-4.4122	-4.83446	0.302581	0.294848	0.243162	0.159409	0.227101
551	-4.38447	-4.4012	-4.52584	-4.79962	0.284753	0.280029	0.247213	0.188005	0.252934
552	-3.94402	-3.97137	-4.17466	-4.61768	0.305169	0.296934	0.24231	0.155587	0.22356
553	-9.49563	-9.52071	-9.70735	-10.1158	0.300997	0.293542	0.243563	0.161898	0.229363
554	-4.27623	-4.30175	-4.49157	-4.90612	0.301776	0.294171	0.243313	0.16074	0.228293
555	-9.52541	-9.54446	-9.68602	-9.99434	0.28915	0.283693	0.246246	0.180912	0.246537
556	-7.00295	-7.03031	-7.23372	-7.67774	0.305231	0.296994	0.242331	0.155444	0.223442
557	-6.88532	-6.90835	-7.07972	-7.45445	0.297038	0.290274	0.24456	0.168128	0.235024
597	-3.93597	-3.96283	-4.16243	-4.59729	0.304226	0.296164	0.242577	0.157033	0.224883
598	-4.38444	-4.40086	-4.52324	-4.79201	0.284141	0.279513	0.247317	0.189029	0.253847
599	-4.16929	-4.19467	-4.38351	-4.79641	0.301547	0.293989	0.243399	0.161064	0.228597
600	-10.9676	-10.9923	-11.1761	-11.5773	0.300216	0.292887	0.243721	0.163176	0.230512
601	-17.0546	-14.7825	-12.895	-12.162	0.0048067	0.0466211	0.30784	0.640732	0.660905
602	-4.35431	-4.38196	-4.58751	-5.03604	0.305767	0.297429	0.242165	0.154639	0.2227
603	-5.16733	-5.18347	-5.30373	-5.56769	0.283563	0.279022	0.247407	0.190009	0.254718
604	-12.2964	-12.3233	-12.5229	-12.9586	0.304267	0.296206	0.242601	0.156925	0.224797
605	-12.1058	-9.83898	-7.9901	-7.34151	0.00528554	0.0509997	0.323985	0.61973	0.647409
606	-7.85775	-7.88379	-8.07737	-8.49961	0.302716	0.294935	0.243027	0.159322	0.226988
607	-4.16929	-4.19467	-4.38351	-4.79641	0.301547	0.293989	0.243399	0.161064	0.228597
608	-28.8478	-24.288	-20.3957	-18.6714	3.21984e-05	0.00307703	0.150849	0.846042	0.793059
609	-9.50847	-9.52494	-9.64422	-9.88432	0.282214	0.277602	0.246388	0.193796	0.257694
610	-16.7847	-14.518	-12.6701	-12.0245	0.00530081	0.0511412	0.324565	0.618992	0.646939
611	-15.3281	-15.3597	-15.5941	-16.1033	0.312885	0.303163	0.239826	0.144125	0.212959
612	-9.09229	-9.11774	-9.30719	-9.722	0.301728	0.294146	0.243381	0.160744	0.228316
