Sites	Ll_YN98.omega=0.0647883	Ll_YN98.omega=1	Pr_YN98.omega=0.0647883	Pr_YN98.omega=1	mean
7	-3.85413	-4.78697	0.873775	0.126225	0.182835
8	-9.33578	-9.83138	0.817204	0.182796	0.235742
9	-12.3275	-10.4087	0.285595	0.714405	0.732908
10	-12.3061	-12.9176	0.833894	0.166106	0.220133
11	-8.03233	-8.40787	0.798581	0.201419	0.253157
12	-8.49906	-9.20991	0.847194	0.152806	0.207694
13	-4.02901	-4.80761	0.85576	0.14424	0.199683
14	-11.9205	-10.0209	0.289528	0.710472	0.72923
15	-4.4389	-5.17142	0.849979	0.150021	0.20509
16	-4.35428	-5.09518	0.851044	0.148956	0.204094
17	-9.66952	-10.4288	0.853363	0.146637	0.201925
18	-4.25871	-4.99911	0.850981	0.149019	0.204153
19	-4.416	-4.89602	0.814864	0.185136	0.23793
26	-4.10366	-4.94731	0.863605	0.136395	0.192347
27	-9.57265	-10.0836	0.819482	0.180518	0.233611
28	-4.35464	-5.07734	0.848722	0.151278	0.206266
29	-8.9237	-9.63454	0.847194	0.152806	0.207694
30	-13.5968	-14.3235	0.849229	0.150771	0.205791
31	-14.153	-12.1728	0.27323	0.72677	0.744472
32	-7.73645	-8.46217	0.849109	0.150891	0.205903
33	-16.6029	-17.2086	0.833079	0.166921	0.220895
34	-4.81278	-5.24314	0.807257	0.192743	0.245044
35	-9.85509	-10.6362	0.856071	0.143929	0.199393
36	-7.62987	-8.12215	0.816706	0.183294	0.236207
37	-4.87712	-5.24434	0.797239	0.202761	0.254413
38	-12.9555	-13.7304	0.8553	0.1447	0.200113
39	-4.34155	-5.13809	0.85796	0.14204	0.197625
40	-7.47158	-8.19805	0.849205	0.150795	0.205814
41	-4.44306	-5.22494	0.856165	0.143835	0.199305
42	-10.8544	-11.6103	0.852933	0.147067	0.202327
43	-4.14102	-4.87766	0.850504	0.149496	0.204599
44	-18.9372	-14.181	0.0228812	0.977119	0.978601
45	-10.6508	-8.48835	0.238577	0.761423	0.77688
46	-10.0579	-10.8492	0.857318	0.142682	0.198226
47	-4.43957	-5.17331	0.850134	0.149866	0.204945
48	-28.158	-26.0421	0.247119	0.752881	0.768891
49	-28.6045	-20.917	0.00124728	0.998753	0.998834
50	-9.46582	-10.2506	0.856521	0.143479	0.198971
51	-4.80305	-5.45462	0.839361	0.160639	0.21502
52	-4.35669	-5.10143	0.851531	0.148469	0.203639
53	-3.91712	-4.81562	0.869938	0.130062	0.186424
54	-7.24648	-7.94312	0.845346	0.154654	0.209423
55	-11.921	-12.6957	0.855275	0.144725	0.200136
56	-3.97186	-4.85839	0.868578	0.131422	0.187696
57	-3.91712	-4.81562	0.869938	0.130062	0.186424
58	-14.111	-14.8644	0.852622	0.147378	0.202618
59	-20.922	-18.9042	0.265826	0.734174	0.751397
60	-15.1078	-15.479	0.797886	0.202114	0.253808
61	-29.6288	-22.0805	0.00143328	0.998567	0.99866
62	-26.0159	-21.3293	0.0244892	0.975511	0.977097
63	-46.0466	-35.7628	9.3089e-05	0.999907	0.999913
64	-7.53297	-8.06374	0.822398	0.177602	0.230884
65	-11.6882	-12.4223	0.850179	0.149821	0.204903
66	-18.1718	-13.3972	0.0224725	0.977528	0.978984
67	-18.7324	-16.8296	0.288879	0.711121	0.729837
68	-13.162	-11.356	0.309162	0.690838	0.710868
69	-16.3006	-13.9509	0.206231	0.793769	0.80713
70	-33.449	-26.9387	0.00403624	0.995964	0.996225
71	-21.9777	-17.0108	0.0186146	0.981385	0.982591
72	-20.3843	-15.5027	0.02024	0.97976	0.981071
73	-9.89308	-8.06829	0.305152	0.694848	0.714618
74	-7.94908	-8.49241	0.824225	0.175775	0.229175
75	-28.5173	-23.7198	0.0219761	0.978024	0.979448
76	-41.3368	-30.995	8.78478e-05	0.999912	0.999918
77	-11.668	-12.0462	0.799015	0.200985	0.252752
78	-4.32664	-4.90979	0.829919	0.170081	0.22385
79	-4.32664	-4.90979	0.829919	0.170081	0.22385
80	-3.91371	-4.80462	0.869078	0.130922	0.187228
81	-4.78942	-5.55684	0.854375	0.145625	0.200979
82	-4.90227	-5.31974	0.805242	0.194758	0.246929
83	-7.51671	-8.42028	0.87051	0.12949	0.185889
84	-4.44162	-5.21964	0.855688	0.144312	0.19975
85	-11.9366	-9.75318	0.234777	0.765223	0.780434
86	-17.0963	-12.1517	0.0190266	0.980973	0.982206
87	-4.90227	-5.31974	0.805242	0.194758	0.246929
88	-4.04582	-4.98859	0.874866	0.125134	0.181815
89	-12.3564	-10.1091	0.223506	0.776494	0.790974
90	-3.83701	-4.66486	0.861733	0.138267	0.194098
91	-34.8991	-24.563	8.83402e-05	0.999912	0.999917
92	-30.2591	-22.618	0.0013063	0.998694	0.998778
93	-25.4527	-18.0005	0.00157746	0.998423	0.998525
94	-7.86952	-8.67919	0.859553	0.140447	0.196136
95	-32.7736	-25.1937	0.00138879	0.998611	0.998701
128	-19.4638	-14.6514	0.0216589	0.978341	0.979744
129	-30.2796	-25.288	0.0181693	0.981831	0.983008
130	-7.60345	-8.41923	0.860289	0.139711	0.195447
131	-12.197	-9.90384	0.215647	0.784353	0.798324
132	-12.3245	-13.1318	0.859275	0.140725	0.196396
133	-4.44408	-5.2287	0.856503	0.143497	0.198989
134	-4.33462	-5.15741	0.86113	0.13887	0.194661
135	-8.46127	-9.08656	0.835787	0.164213	0.218362
136	-4.87928	-5.24778	0.797447	0.202553	0.254218
137	-6.8334	-7.67398	0.863243	0.136757	0.192685
138	-7.57852	-8.30606	0.849342	0.150658	0.205686
139	-4.22876	-4.93069	0.846035	0.153965	0.208778
140	-4.55054	-5.06748	0.82037	0.17963	0.23278
141	-4.45424	-5.27932	0.861403	0.138597	0.194405
142	-8.31632	-8.87508	0.826449	0.173551	0.227095
143	-4.22876	-4.93069	0.846035	0.153965	0.208778
144	-5.16529	-5.64438	0.814725	0.185275	0.23806
145	-3.84059	-4.67548	0.86257	0.13743	0.193315
146	-27.369	-19.8635	0.00149579	0.998504	0.998601
147	-4.04879	-4.99959	0.875742	0.124258	0.180996
148	-13.0247	-13.7817	0.853071	0.146929	0.202198
149	-12.1048	-10.0309	0.255026	0.744974	0.761497
150	-10.3839	-11.147	0.853831	0.146169	0.201487
151	-10.1371	-8.20214	0.282298	0.717702	0.735992
152	-4.04879	-4.99959	0.875742	0.124258	0.180996
153	-9.00486	-9.8917	0.868613	0.131387	0.187663
154	-11.8354	-10.0467	0.312861	0.687139	0.707409
155	-12.4128	-10.4549	0.277674	0.722326	0.740316
156	-7.51969	-8.43128	0.871412	0.128588	0.185046
157	-11.0225	-8.98415	0.261837	0.738163	0.755127
158	-4.87928	-5.24778	0.797447	0.202553	0.254218
159	-24.2126	-24.9557	0.851325	0.148675	0.203831
160	-3.85447	-4.79214	0.874306	0.125694	0.182339
161	-39.8953	-31.1125	0.000417472	0.999583	0.99961
162	-4.55054	-5.06748	0.82037	0.17963	0.23278
163	-9.39002	-9.91334	0.821307	0.178693	0.231904
164	-4.55054	-5.06748	0.82037	0.17963	0.23278
165	-4.7689	-5.26085	0.816658	0.183342	0.236252
166	-7.64959	-8.44224	0.857485	0.142515	0.19807
167	-4.55054	-5.06748	0.82037	0.17963	0.23278
168	-4.33462	-5.15741	0.86113	0.13887	0.194661
169	-23.1591	-21.1561	0.268733	0.731267	0.748677
170	-17.3992	-17.7901	0.801049	0.198951	0.250849
171	-11.8111	-12.3208	0.819303	0.180697	0.233779
172	-4.89054	-5.39539	0.818581	0.181419	0.234453
173	-7.53297	-8.06374	0.822398	0.177602	0.230884
174	-10.2103	-10.9539	0.851388	0.148612	0.203772
175	-4.22555	-5.02019	0.857728	0.142272	0.197843
176	-4.77591	-5.31207	0.823184	0.176816	0.230149
177	-4.04879	-4.99959	0.875742	0.124258	0.180996
178	-4.41617	-4.89867	0.815237	0.184763	0.237581
179	-3.97186	-4.85839	0.868578	0.131422	0.187696
180	-6.90406	-7.79301	0.868854	0.131146	0.187438
181	-4.55054	-5.06748	0.82037	0.17963	0.23278
182	-3.91712	-4.81562	0.869938	0.130062	0.186423
183	-4.45424	-5.27932	0.861403	0.138597	0.194405
184	-14.3122	-15.0954	0.856324	0.143676	0.199156
185	-4.43371	-5.23948	0.859081	0.140919	0.196578
186	-15.0656	-10.4473	0.0261762	0.973824	0.97552
187	-4.90521	-5.32622	0.805796	0.194204	0.24641
188	-13.4396	-14.2755	0.862697	0.137303	0.193196
189	-3.85629	-4.82031	0.877173	0.122827	0.179658
190	-4.11979	-4.99029	0.866738	0.133262	0.189417
191	-26.3433	-26.8624	0.8207	0.1793	0.232472
192	-12.6903	-10.7228	0.275769	0.724231	0.742098
193	-3.98234	-4.89381	0.871398	0.128602	0.185058
194	-4.1424	-4.80739	0.841162	0.158838	0.213336
195	-7.84831	-8.72651	0.867624	0.132376	0.188588
196	-7.8841	-8.67393	0.85714	0.14286	0.198393
197	-8.82102	-9.36275	0.823993	0.176007	0.229392
198	-18.1536	-13.3748	0.0223822	0.977618	0.979068
199	-19.2824	-14.4772	0.0218116	0.978188	0.979602
200	-7.99544	-8.92604	0.873527	0.126473	0.183067
201	-12.2083	-10.2063	0.26893	0.73107	0.748494
202	-12.9782	-10.7022	0.218567	0.781433	0.795594
203	-21.669	-19.6855	0.272585	0.727415	0.745075
204	-4.41711	-4.91312	0.817264	0.182736	0.235685
205	-4.05872	-5.03627	0.878624	0.121376	0.178301
206	-30.6937	-22.9749	0.00120887	0.998791	0.998869
207	-32.6981	-25.3223	0.00170259	0.998297	0.998408
208	-4.47472	-5.17056	0.845241	0.154759	0.209521
209	-3.85629	-4.8203	0.877172	0.122828	0.179659
210	-60.0253	-41.355	2.12188e-08	1	1
211	-4.78553	-5.33673	0.825362	0.174638	0.228112
212	-4.38783	-5.17185	0.856428	0.143572	0.199059
213	-25.7143	-20.9948	0.0237143	0.976286	0.977822
214	-34.7812	-24.5635	9.94471e-05	0.999901	0.999907
215	-3.98234	-4.89379	0.871397	0.128603	0.185059
216	-3.85254	-4.71092	0.865331	0.134669	0.190733
217	-14.8393	-15.6148	0.855376	0.144624	0.200042
218	-7.38401	-8.26991	0.868507	0.131493	0.187762
219	-14.328	-14.7796	0.810531	0.189469	0.241982
220	-8.32205	-8.78196	0.811811	0.188189	0.240785
221	-14.5217	-11.9596	0.173633	0.826367	0.837616
222	-16.9602	-17.3332	0.798177	0.201823	0.253535
223	-22.9085	-23.3898	0.815054	0.184946	0.237752
224	-7.54623	-8.09165	0.824528	0.175472	0.228892
225	-11.0792	-11.8707	0.857346	0.142654	0.1982
226	-23.933	-16.5551	0.00169908	0.998301	0.998411
227	-4.46612	-5.31442	0.864153	0.135847	0.191834
228	-8.57349	-9.36232	0.857018	0.142982	0.198507
229	-4.53329	-5.35423	0.860907	0.139093	0.19487
230	-11.8292	-9.57658	0.222576	0.777424	0.791845
231	-4.23272	-5.04966	0.860428	0.139572	0.195317
232	-4.67066	-5.22619	0.825985	0.174015	0.227529
233	-19.1037	-13.9798	0.0159525	0.984047	0.985081
234	-4.41646	-4.9031	0.815861	0.184139	0.236997
235	-14.6892	-12.4793	0.230049	0.769951	0.784855
236	-4.22775	-5.02923	0.858561	0.141439	0.197064
237	-10.1095	-10.3734	0.780027	0.219973	0.27051
238	-3.85665	-4.82582	0.877727	0.122273	0.17914
239	-4.6719	-5.23039	0.826411	0.173589	0.227131
240	-4.6719	-5.23039	0.826411	0.173589	0.227131
248	-4.91017	-5.33711	0.806723	0.193277	0.245543
249	-4.14574	-4.8954	0.85215	0.14785	0.203059
250	-5.23754	-5.73528	0.817522	0.182478	0.235444
251	-8.72941	-9.32459	0.831612	0.168388	0.222267
252	-12.8788	-13.3804	0.818096	0.181904	0.234908
253	-4.41664	-4.90593	0.816258	0.183742	0.236626
254	-13.3629	-11.3472	0.266229	0.733771	0.751019
255	-48.5955	-43.9453	0.0253756	0.974624	0.976268
256	-20.5887	-15.9421	0.025466	0.974534	0.976184
257	-7.75175	-8.17427	0.806032	0.193968	0.246189
258	-4.90001	-5.28088	0.799437	0.200563	0.252357
259	-7.60105	-8.42015	0.860688	0.139312	0.195075
260	-20.7493	-16.0867	0.0250686	0.974931	0.976556
261	-11.2456	-11.7545	0.819171	0.180829	0.233902
262	-20.4876	-18.5142	0.274596	0.725404	0.743195
263	-30.9485	-20.8598	0.000113143	0.999887	0.999894
264	-4.06067	-5.04348	0.879183	0.120817	0.177777
265	-14.3971	-15.1172	0.848397	0.151603	0.20657
266	-11.5942	-9.71885	0.29453	0.70547	0.724552
267	-7.89453	-8.28579	0.801099	0.198901	0.250803
268	-11.438	-11.8876	0.810225	0.189775	0.242268
269	-13.0307	-11.1428	0.291937	0.708063	0.726977
270	-13.8766	-12.0017	0.294633	0.705367	0.724455
271	-32.1023	-24.5384	0.00141106	0.998589	0.99868
272	-24.7404	-25.59	0.864314	0.135686	0.191683
273	-10.454	-11.007	0.825616	0.174384	0.227874
274	-10.4243	-10.8542	0.807185	0.192815	0.245111
275	-4.37242	-5.14224	0.854673	0.145327	0.2007
276	-12.5999	-13.318	0.848121	0.151879	0.206827
277	-20.1827	-17.9602	0.227828	0.772172	0.786933
278	-14.5064	-15.1826	0.842663	0.157337	0.211932
279	-4.14413	-4.81268	0.841637	0.158363	0.212891
280	-4.26359	-5.03359	0.854696	0.145304	0.200678
281	-4.55733	-5.09159	0.822909	0.177091	0.230406
282	-23.6862	-21.4737	0.229598	0.770402	0.785278
283	-11.5394	-9.605	0.282425	0.717575	0.735873
284	-4.47695	-5.17652	0.845729	0.154271	0.209064
285	-4.36613	-5.11574	0.852144	0.147856	0.203065
286	-11.2456	-11.7545	0.819171	0.180829	0.233902
287	-8.11751	-8.67854	0.826776	0.173224	0.22679
288	-8.57661	-9.35767	0.856063	0.143937	0.1994
289	-4.33268	-4.93538	0.832662	0.167338	0.221285
290	-3.9844	-4.90075	0.871945	0.128055	0.184547
291	-3.9844	-4.90075	0.871945	0.128055	0.184547
292	-3.85489	-4.71789	0.865868	0.134132	0.19023
293	-4.35159	-5.17778	0.861535	0.138465	0.194282
294	-6.77116	-7.69206	0.872453	0.127547	0.184072
295	-8.24951	-9.04498	0.85783	0.14217	0.197747
296	-8.83893	-9.21518	0.798695	0.201305	0.253051
297	-3.85489	-4.71789	0.865868	0.134132	0.19023
298	-9.95724	-8.05645	0.289282	0.710718	0.72946
299	-22.0589	-22.8233	0.853995	0.146005	0.201334
300	-21.2839	-16.6482	0.0257355	0.974265	0.975932
301	-8.47598	-9.12181	0.838586	0.161414	0.215745
302	-11.7004	-9.77779	0.284823	0.715177	0.73363
303	-7.60104	-8.42013	0.860686	0.139314	0.195077
304	-33.5673	-23.5141	0.000117218	0.999883	0.99989
305	-10.7533	-11.5025	0.852085	0.147915	0.20312
306	-10.036	-10.5079	0.813648	0.186352	0.239067
307	-9.4994	-7.60813	0.291241	0.708759	0.727628
308	-4.61786	-5.38596	0.85446	0.14554	0.200899
309	-9.75266	-10.2786	0.82169	0.17831	0.231546
310	-4.55733	-5.09159	0.822908	0.177092	0.230407
311	-3.93074	-4.8595	0.873323	0.126677	0.183258
312	-4.82794	-5.29014	0.812161	0.187839	0.240458
313	-8.11751	-8.67853	0.826775	0.173225	0.226791
314	-4.61786	-5.38596	0.85446	0.14554	0.200899
315	-8.44562	-8.9004	0.811027	0.188973	0.241518
316	-4.80504	-5.605	0.858376	0.141624	0.197236
317	-10.7965	-8.73599	0.25758	0.74242	0.759108
318	-8.82447	-9.59368	0.854598	0.145402	0.20077
319	-4.47694	-5.1765	0.845727	0.154273	0.209066
320	-4.37241	-5.14221	0.85467	0.14533	0.200702
321	-8.63682	-9.07831	0.808981	0.191019	0.243431
322	-11.4031	-11.8649	0.812101	0.187899	0.240513
323	-4.45462	-5.21568	0.853581	0.146419	0.201721
324	-19.9503	-20.751	0.858464	0.141536	0.197154
325	-38.543	-28.3569	0.000102646	0.999897	0.999904
326	-3.85488	-4.71786	0.865866	0.134134	0.190232
327	-4.26358	-5.03357	0.854694	0.145306	0.20068
328	-4.37241	-5.14221	0.85467	0.14533	0.200702
329	-12.3068	-12.9807	0.842346	0.157654	0.212228
330	-10.3275	-11.1409	0.860001	0.139999	0.195717
331	-9.89527	-8.10196	0.311868	0.688132	0.708337
332	-7.22226	-7.8955	0.842261	0.157739	0.212308
333	-7.15786	-7.93361	0.855408	0.144592	0.200012
334	-9.08674	-9.85769	0.854813	0.145187	0.200569
335	-4.41729	-4.91595	0.817659	0.182341	0.235316
336	-4.82611	-5.27248	0.809734	0.190266	0.242727
337	-4.39025	-5.17847	0.856943	0.143057	0.198577
338	-3.85665	-4.82581	0.877726	0.122274	0.179141
339	-4.45462	-5.21568	0.853581	0.146419	0.201721
340	-12.2673	-13.0883	0.860922	0.139078	0.194856
341	-4.6719	-5.23038	0.826411	0.173589	0.227131
342	-8.04557	-8.84048	0.857761	0.142239	0.197812
343	-26.8727	-21.9312	0.0190843	0.980916	0.982152
344	-12.3785	-10.251	0.24498	0.75502	0.770892
345	-4.38315	-5.01447	0.836612	0.163388	0.21759
346	-4.31161	-4.93345	0.835312	0.164688	0.218806
347	-16.6995	-17.3352	0.837218	0.162782	0.217024
348	-21.5429	-19.4248	0.246711	0.753289	0.769273
349	-13.869	-11.7555	0.247572	0.752428	0.768468
350	-10.3756	-10.691	0.788743	0.211257	0.262359
351	-12.4969	-10.2892	0.230449	0.769551	0.784482
352	-4.21962	-4.85781	0.83755	0.16245	0.216714
353	-14.193	-12.181	0.266945	0.733055	0.75035
354	-10.6838	-8.64079	0.260931	0.739069	0.755974
355	-18.1762	-15.8657	0.212729	0.787271	0.801054
356	-18.5926	-13.5892	0.017959	0.982041	0.983205
357	-4.17031	-4.79218	0.835317	0.164683	0.218802
358	-9.88448	-7.81936	0.256697	0.743303	0.759934
359	-4.83519	-5.26809	0.807651	0.192349	0.244675
360	-9.52248	-9.96532	0.809191	0.190809	0.243236
361	-22.6712	-23.2846	0.834154	0.165846	0.219889
362	-16.4551	-16.8287	0.798274	0.201726	0.253445
363	-4.39392	-5.10111	0.84672	0.15328	0.208137
364	-4.73949	-5.40292	0.840954	0.159046	0.21353
365	-11.4364	-11.8001	0.796669	0.203331	0.254946
366	-4.18912	-4.87058	0.843351	0.156649	0.211288
367	-19.3493	-19.7727	0.806159	0.193841	0.246071
368	-9.17972	-9.86985	0.844492	0.155508	0.210221
369	-11.6292	-9.59961	0.263533	0.736467	0.753541
370	-18.1188	-13.0987	0.0176679	0.982332	0.983477
371	-26.9833	-22.0541	0.0193166	0.980683	0.981935
372	-20.1581	-18.0817	0.254563	0.745437	0.76193
373	-13.7954	-11.6934	0.249725	0.750275	0.766455
374	-26.4334	-21.5339	0.019887	0.980113	0.981401
375	-48.5181	-35.2578	4.74543e-06	0.999995	0.999996
376	-5.18404	-5.60493	0.805777	0.194223	0.246428
377	-39.3641	-31.5589	0.00110884	0.998891	0.998963
378	-4.76272	-5.13304	0.797741	0.202259	0.253943
379	-4.30102	-4.80117	0.817882	0.182118	0.235107
380	-13.6921	-11.6382	0.258834	0.741166	0.757936
381	-4.72704	-5.18678	0.811785	0.188215	0.240809
382	-23.9128	-16.2709	0.0013054	0.998695	0.998779
383	-23.7033	-18.7616	0.0190816	0.980918	0.982155
384	-4.79125	-5.10728	0.788839	0.211161	0.262268
385	-10.1716	-8.11627	0.258563	0.741437	0.758189
386	-12.1999	-9.8084	0.199479	0.800521	0.813444
387	-15.1104	-12.7308	0.201372	0.798628	0.811674
388	-4.18912	-4.87058	0.843351	0.156649	0.211288
389	-20.3913	-15.6403	0.0229977	0.977002	0.978492
390	-23.3627	-15.8739	0.001521	0.998479	0.998578
391	-14.4375	-14.8461	0.803847	0.196153	0.248233
392	-20.9787	-21.2956	0.788985	0.211015	0.262132
393	-14.388	-12.3742	0.266594	0.733406	0.750678
394	-8.77066	-9.44229	0.842046	0.157954	0.212508
395	-3.99841	-4.81364	0.860223	0.139777	0.19551
396	-4.03272	-4.75836	0.849099	0.150901	0.205913
397	-31.1625	-20.8186	8.76628e-05	0.999912	0.999918
398	-4.31161	-4.93345	0.835312	0.164688	0.218806
399	-10.8502	-11.5393	0.844352	0.155648	0.210352
400	-21.2361	-18.9174	0.211355	0.788645	0.802338
401	-4.18688	-4.78876	0.832547	0.167453	0.221392
402	-24.653	-25.3352	0.843458	0.156542	0.211188
403	-4.21962	-4.85781	0.83755	0.16245	0.216714
404	-3.78005	-4.49591	0.847841	0.152159	0.207089
405	-4.75363	-5.31423	0.826713	0.173287	0.226848
406	-12.0676	-9.96871	0.250309	0.749691	0.765908
407	-20.4693	-15.6208	0.0209071	0.979093	0.980447
408	-17.0439	-14.954	0.252001	0.747999	0.764326
409	-10.5737	-11.2549	0.843307	0.156693	0.211329
410	-9.13664	-9.77533	0.837617	0.162383	0.216651
411	-8.44618	-8.79241	0.793827	0.206173	0.257604
412	-4.47201	-4.91954	0.809913	0.190087	0.24256
413	-10.1675	-8.06524	0.249679	0.750321	0.766497
414	-12.7009	-13.201	0.81787	0.18213	0.235118
415	-4.79125	-5.10728	0.788839	0.211161	0.262268
416	-10.9672	-11.604	0.837359	0.162641	0.216892
417	-19.8498	-20.1754	0.790431	0.209569	0.26078
418	-4.76272	-5.13304	0.797741	0.202259	0.253943
419	-4.72704	-5.18678	0.811785	0.188215	0.240809
420	-11.5745	-12.2598	0.843855	0.156145	0.210817
421	-9.08982	-9.74721	0.840144	0.159856	0.214288
422	-12.5978	-13.2395	0.838015	0.161985	0.216279
423	-10.2757	-10.8393	0.827151	0.172849	0.226439
424	-6.52254	-7.2431	0.848448	0.151552	0.206522
425	-13.0034	-10.9491	0.258778	0.741222	0.757987
426	-17.6076	-15.4456	0.238657	0.761343	0.776805
427	-4.2946	-5.00011	0.846502	0.153498	0.208341
428	-18.6	-16.2858	0.212095	0.787905	0.801646
429	-22.146	-17.3003	0.0209638	0.979036	0.980394
430	-22.0772	-17.2267	0.0208657	0.979134	0.980486
431	-57.3243	-41.566	3.9028e-07	1	1
432	-9.13126	-9.72897	0.831967	0.168033	0.221935
433	-11.484	-9.33757	0.24149	0.75851	0.774156
434	-30.599	-23.0269	0.00139958	0.9986	0.998691
435	-4.2946	-5.00011	0.846502	0.153498	0.208341
436	-7.90852	-8.37503	0.812816	0.187184	0.239845
437	-13.5348	-11.2658	0.219768	0.780232	0.79447
438	-29.7431	-22.1989	0.00143903	0.998561	0.998654
439	-8.20099	-8.57289	0.797995	0.202005	0.253706
440	-10.682	-11.0648	0.799749	0.200251	0.252065
441	-4.73949	-5.40292	0.840954	0.159046	0.21353
442	-11.5944	-11.9789	0.80002	0.19998	0.251812
443	-5.11637	-5.52718	0.804195	0.195805	0.247907
480	-4.38694	-5.08049	0.844941	0.155059	0.209801
481	-4.24198	-4.75573	0.819898	0.180102	0.233222
482	-4.20595	-4.85022	0.838375	0.161625	0.215942
483	-8.62228	-9.25075	0.836223	0.163777	0.217955
484	-7.961	-8.46102	0.817863	0.182137	0.235125
485	-4.51835	-4.95325	0.80796	0.19204	0.244386
486	-4.40584	-4.91517	0.819245	0.180755	0.233833
487	-20.0621	-20.4297	0.797294	0.202706	0.254361
488	-4.24198	-4.75573	0.819898	0.180102	0.233222
489	-11.2181	-8.84491	0.202408	0.797592	0.810706
490	-7.06936	-7.65441	0.830188	0.169812	0.223599
491	-4.21492	-4.84085	0.835874	0.164126	0.218281
492	-4.08361	-4.62759	0.824319	0.175681	0.229087
493	-25.934	-18.3608	0.0013981	0.998602	0.998692
494	-13.0488	-10.9459	0.24955	0.75045	0.766617
495	-6.67117	-7.41964	0.852001	0.147999	0.203199
496	-10.35	-10.9753	0.835787	0.164213	0.218362
497	-34.5108	-25.8596	0.000476149	0.999524	0.999555
498	-3.84409	-4.63271	0.856993	0.143007	0.19853
499	-4.2823	-4.90841	0.835898	0.164102	0.218258
500	-11.4808	-9.30923	0.23692	0.76308	0.77843
501	-4.24407	-4.67215	0.8069	0.1931	0.245377
502	-4.38694	-5.08049	0.844941	0.155059	0.209801
516	-4.39888	-5.04541	0.83868	0.16132	0.215657
517	-10.8914	-8.65451	0.225314	0.774686	0.789284
518	-13.5545	-11.3798	0.23636	0.76364	0.778953
519	-13.2859	-11.2226	0.257038	0.742962	0.759615
520	-3.83352	-4.46921	0.837208	0.162792	0.217033
521	-3.83352	-4.46921	0.837208	0.162792	0.217033
522	-4.12182	-4.61187	0.816372	0.183628	0.236519
523	-8.34567	-8.63602	0.784531	0.215469	0.266298
524	-8.45611	-8.95445	0.817612	0.182388	0.23536
525	-11.3521	-9.0712	0.217723	0.782277	0.796383
526	-15.4045	-12.9853	0.195091	0.804909	0.817548
527	-4.03526	-4.47411	0.808574	0.191426	0.243812
528	-4.23101	-4.89024	0.840392	0.159608	0.214056
529	-4.74222	-5.40341	0.840654	0.159346	0.213811
530	-4.29721	-5.02408	0.849256	0.150744	0.205765
531	-9.04183	-9.51353	0.813606	0.186394	0.239106
532	-12.6017	-10.3979	0.231151	0.768849	0.783825
533	-7.40499	-8.24302	0.862942	0.137058	0.192967
534	-4.80587	-5.20596	0.802501	0.197499	0.249491
535	-10.8279	-8.68372	0.241908	0.758092	0.773765
536	-3.84886	-4.70475	0.865041	0.134959	0.191003
537	-4.2155	-4.88554	0.841835	0.158165	0.212706
538	-9.46646	-10.1383	0.842079	0.157921	0.212478
539	-4.30957	-4.84282	0.822759	0.177241	0.230546
540	-4.41285	-4.84706	0.807854	0.192146	0.244485
541	-9.93373	-10.372	0.808486	0.191514	0.243894
542	-4.40466	-5.13292	0.849435	0.150565	0.205599
543	-11.4582	-11.9769	0.820629	0.179371	0.232538
544	-4.41285	-4.84706	0.807854	0.192146	0.244485
545	-8.09638	-8.78369	0.844123	0.155877	0.210567
546	-4.30957	-4.84282	0.822759	0.177241	0.230546
547	-3.80491	-4.57207	0.854342	0.145658	0.201009
548	-4.23571	-4.90721	0.84203	0.15797	0.212524
549	-23.7871	-18.9668	0.0214909	0.978509	0.979901
550	-4.23571	-4.90721	0.84203	0.15797	0.212524
551	-4.41285	-4.84706	0.807854	0.192146	0.244485
552	-3.98557	-4.69139	0.846541	0.153459	0.208305
553	-9.54515	-10.195	0.839127	0.160873	0.215239
554	-4.3153	-4.97551	0.840522	0.159478	0.213934
555	-9.57236	-10.0633	0.81651	0.18349	0.23639
556	-7.05467	-7.76186	0.84672	0.15328	0.208138
557	-6.93146	-7.52802	0.831805	0.168195	0.222086
597	-3.97678	-4.66963	0.84485	0.15515	0.209886
598	-4.4123	-4.83858	0.806619	0.193381	0.24564
599	-4.20892	-4.86665	0.840191	0.159809	0.214244
600	-11.0344	-11.6734	0.837652	0.162348	0.216618
601	-14.3093	-12.1123	0.232354	0.767646	0.7827
602	-4.39768	-5.1123	0.847681	0.152319	0.207239
603	-5.19123	-5.61142	0.805669	0.194331	0.246529
604	-12.3565	-13.0504	0.844987	0.155013	0.209758
605	-9.35954	-7.29709	0.257205	0.742795	0.759459
606	-7.90839	-8.581	0.842177	0.157823	0.212387
607	-4.20892	-4.86665	0.840191	0.159809	0.214244
608	-23.3277	-18.5224	0.0218087	0.978191	0.979604
609	-9.55176	-9.93879	0.800424	0.199576	0.251435
610	-14.0414	-11.9827	0.257925	0.742075	0.758785
611	-15.4066	-16.2174	0.859696	0.140304	0.196002
612	-9.14267	-9.80241	0.840458	0.159542	0.213993
