Sites	Ll_YN98.omega=0.0749219	Ll_YN98.omega=1	Ll_YN98.omega=2.89546	Pr_YN98.omega=0.0749219	Pr_YN98.omega=1	Pr_YN98.omega=2.89546	mean
7	-3.86099	-4.74322	-6.50814	0.881974	0.116409	0.00161655	0.187169
8	-9.36566	-9.83454	-10.7782	0.829292	0.165483	0.00522414	0.242742
9	-12.2099	-10.3934	-10.8672	0.326741	0.640894	0.0323651	0.759086
10	-12.3516	-12.9304	-14.086	0.84507	0.151072	0.00385863	0.225558
11	-8.04822	-8.40201	-9.09641	0.811059	0.181585	0.0073553	0.263648
12	-8.53157	-9.20373	-10.5464	0.85742	0.139623	0.00295764	0.212426
13	-4.01534	-4.75254	-6.20923	0.865448	0.132056	0.00249586	0.204123
14	-11.8293	-10.0284	-10.5294	0.330463	0.638174	0.031363	0.753743
15	-4.42961	-5.12304	-6.50899	0.860106	0.137112	0.0027814	0.209607
16	-4.34278	-5.04404	-6.43775	0.861064	0.136194	0.0027414	0.208644
17	-9.696	-10.4153	-11.8464	0.863296	0.134104	0.00260042	0.206313
18	-4.25584	-4.9551	-6.35827	0.860848	0.136432	0.00272036	0.208805
19	-4.41927	-4.87014	-5.78199	0.826585	0.167941	0.00547319	0.245718
26	-4.09144	-4.89025	-6.46352	0.87269	0.125204	0.00210597	0.196685
27	-9.62309	-10.107	-11.0788	0.83153	0.163453	0.00501681	0.240279
28	-4.35076	-5.0338	-6.4	0.858803	0.138334	0.00286215	0.210965
29	-8.97181	-9.64449	-10.9822	0.857471	0.139558	0.00297087	0.212404
30	-13.6665	-14.3534	-15.7197	0.859262	0.137886	0.00285241	0.210522
31	-14.0793	-12.2026	-12.5629	0.312396	0.650786	0.0368172	0.780794
32	-7.76487	-8.4511	-9.82102	0.859198	0.137958	0.00284375	0.210565
33	-16.7108	-17.2843	-18.4392	0.844378	0.151743	0.0038785	0.226236
34	-4.80149	-5.21025	-6.03028	0.82002	0.173772	0.00620784	0.253184
35	-9.88958	-10.6279	-12.1002	0.865618	0.131928	0.00245485	0.203889
36	-7.65385	-8.1169	-9.03125	0.828336	0.166259	0.00540486	0.243969
37	-4.85526	-5.20123	-5.89757	0.809869	0.182743	0.00738785	0.264811
38	-13.0263	-13.7588	-15.2136	0.864895	0.132594	0.00251071	0.204663
39	-4.33973	-5.0921	-6.59891	0.86731	0.130347	0.00234314	0.202112
40	-7.50471	-8.19135	-9.55765	0.859239	0.137908	0.00285306	0.210544
41	-4.44041	-5.17949	-6.65397	0.865705	0.131847	0.00244798	0.203795
42	-10.9206	-11.6364	-13.0648	0.86288	0.134505	0.00261527	0.206726
43	-4.13867	-4.8344	-6.23281	0.860413	0.136846	0.00274161	0.209247
44	-18.7614	-14.2557	-13.4799	0.0286058	0.825865	0.145529	1.24938
45	-10.541	-8.49214	-8.52294	0.272542	0.674413	0.0530451	0.848422
46	-10.0931	-10.8406	-12.3393	0.866722	0.130905	0.00237225	0.202711
47	-4.43026	-5.12485	-6.51315	0.86025	0.136978	0.00277211	0.209456
48	-28.1755	-26.172	-26.2788	0.282726	0.668535	0.0487389	0.830839
49	-28.3333	-21.0529	-18.8533	0.00124592	0.576725	0.422029	1.79879
50	-9.51827	-10.2619	-11.7403	0.866238	0.131333	0.00242883	0.203266
51	-4.79505	-5.41131	-6.64745	0.850151	0.146399	0.00344972	0.220083
52	-4.34513	-5.05003	-6.45118	0.861516	0.135771	0.00271262	0.208172
53	-3.91057	-4.76072	-6.44396	0.878469	0.119727	0.00180411	0.190767
54	-7.2797	-7.93872	-9.25342	0.855733	0.141191	0.00307564	0.21421
55	-12.0107	-12.7446	-14.2065	0.865072	0.132438	0.0024902	0.204461
56	-3.9673	-4.80444	-6.47114	0.877047	0.121097	0.00185521	0.192179
57	-3.91057	-4.76072	-6.44396	0.878469	0.119727	0.00180411	0.190767
58	-14.1754	-14.8885	-16.306	0.862527	0.134823	0.00265017	0.207118
59	-20.8828	-18.9717	-19.2579	0.30419	0.65585	0.0399594	0.794342
60	-15.1598	-15.5096	-16.2089	0.810466	0.18219	0.00734342	0.264175
61	-29.3555	-22.2065	-20.2725	0.00157554	0.639572	0.358852	1.67873
62	-25.8278	-21.3904	-20.748	0.0311303	0.83943	0.12944	1.21655
63	-45.7346	-35.9962	-32.9959	7.03161e-05	0.38024	0.61969	2.17453
64	-7.55466	-8.0569	-9.05904	0.834204	0.161002	0.00479403	0.237383
65	-11.7379	-12.4328	-13.8218	0.860293	0.136938	0.00276945	0.209411
66	-17.9749	-13.4525	-12.6426	0.0280026	0.822112	0.149885	1.2582
67	-18.6523	-16.8499	-17.3533	0.330169	0.638522	0.0313089	0.753913
68	-13.0823	-11.3711	-12.0686	0.35253	0.62234	0.0251305	0.721516
69	-16.2385	-14.0112	-13.6665	0.232747	0.688433	0.0788203	0.934091
70	-33.3805	-27.1605	-24.3657	0.00267333	0.428612	0.568715	2.0755
71	-21.7945	-17.0901	-15.9138	0.0219875	0.774366	0.203646	1.36566
72	-20.2106	-15.5866	-14.5832	0.0245779	0.79871	0.176712	1.31221
73	-9.7905	-8.0617	-8.7282	0.34824	0.625698	0.0260617	0.72725
74	-7.98316	-8.49611	-9.51509	0.835747	0.159581	0.00467241	0.235725
75	-28.3952	-23.8532	-22.9873	0.0272395	0.815515	0.157245	1.27285
76	-40.9817	-31.1876	-28.0818	6.22147e-05	0.355725	0.644213	2.22102
77	-11.6835	-12.0398	-12.7569	0.811575	0.181248	0.00717728	0.262834
78	-4.32591	-4.87676	-5.98788	0.84122	0.154651	0.0041295	0.229633
79	-4.32591	-4.87676	-5.98788	0.84122	0.154651	0.0041295	0.229633
80	-3.90722	-4.75019	-6.41877	0.877677	0.12048	0.00184228	0.191572
81	-4.78206	-5.50884	-6.95793	0.864214	0.133249	0.00253763	0.205345
82	-4.89105	-5.28642	-6.08222	0.81791	0.175661	0.00642923	0.255556
83	-7.551	-8.40431	-10.0937	0.878816	0.119396	0.00178802	0.190416
84	-4.43899	-5.17442	-6.64144	0.865265	0.132261	0.00247406	0.204252
85	-11.8487	-9.77954	-9.77047	0.267967	0.676647	0.0553857	0.857091
86	-16.8704	-12.1876	-11.0684	0.0227134	0.782831	0.194456	1.34757
87	-4.89105	-5.28642	-6.08222	0.81791	0.175661	0.00642923	0.255556
88	-4.04263	-4.93301	-6.70027	0.882824	0.115575	0.00160122	0.186354
89	-12.2676	-10.1382	-10.0098	0.254492	0.682561	0.0629469	0.883889
90	-3.82917	-4.61238	-6.16735	0.870912	0.126914	0.00217415	0.198459
91	-34.5324	-24.7423	-21.6518	6.30809e-05	0.359231	0.640706	2.21437
92	-29.9745	-22.7372	-20.636	0.00135415	0.600443	0.398203	1.75352
93	-25.1424	-18.0861	-16.3214	0.00183067	0.677316	0.320853	1.60647
94	-7.90496	-8.66951	-10.192	0.868736	0.128982	0.00228259	0.200678
95	-32.5098	-25.3332	-23.3358	0.0014976	0.624929	0.373573	1.70671
128	-19.2908	-14.7325	-13.8626	0.0267909	0.815361	0.157848	1.27441
129	-30.1248	-25.3981	-24.1879	0.0213619	0.76933	0.209309	1.37697
130	-7.63831	-8.40863	-9.93949	0.86941	0.128338	0.00225219	0.199997
131	-12.0852	-9.9118	-9.70732	0.245008	0.686658	0.0683343	0.902874
132	-12.3982	-13.1606	-14.6749	0.868477	0.129217	0.00230555	0.200961
133	-4.44142	-5.1831	-6.66289	0.866018	0.131552	0.00242957	0.203471
134	-4.33265	-5.10955	-6.66455	0.870201	0.127613	0.00218606	0.199139
135	-8.50838	-9.10024	-10.2744	0.846825	0.149429	0.00374631	0.223722
136	-4.85734	-5.20452	-5.90334	0.810071	0.182567	0.00736245	0.264577
137	-6.85813	-7.65403	-9.22443	0.872361	0.125522	0.00211739	0.197012
138	-7.6068	-8.29474	-9.6685	0.859415	0.137756	0.00282873	0.210336
139	-4.22529	-4.88931	-6.21262	0.856372	0.140591	0.00303633	0.213544
140	-4.54832	-5.03652	-6.02397	0.832193	0.162885	0.00492192	0.239485
141	-4.44529	-5.22694	-6.77803	0.870729	0.127086	0.00218555	0.198651
142	-8.3395	-8.86825	-9.92793	0.838057	0.157515	0.00442792	0.233124
143	-4.22529	-4.88931	-6.21262	0.856372	0.140591	0.00303633	0.213544
144	-5.15424	-5.60808	-6.52186	0.82702	0.167531	0.00544931	0.245271
145	-3.83269	-4.62256	-6.19114	0.871685	0.126183	0.0021324	0.197665
146	-27.04	-19.9311	-18.0746	0.00168502	0.657124	0.341191	1.64516
147	-4.04558	-4.94353	-6.72627	0.883626	0.114808	0.00156615	0.185545
148	-13.0734	-13.7905	-15.2171	0.863024	0.134359	0.00261715	0.206596
149	-12.0143	-10.0481	-10.246	0.29158	0.664215	0.0442044	0.814053
150	-10.4122	-11.1351	-12.5733	0.863729	0.133697	0.00257392	0.205862
151	-10.0198	-8.18688	-8.61971	0.322695	0.643449	0.0338558	0.765654
152	-4.04558	-4.94353	-6.72627	0.883626	0.114808	0.00156615	0.185545
153	-9.03694	-9.87438	-11.5398	0.877078	0.121065	0.00185705	0.192154
154	-11.7234	-10.0274	-10.7414	0.35614	0.619263	0.0245971	0.717165
155	-12.328	-10.474	-10.8688	0.317687	0.646954	0.0353591	0.773137
156	-7.55395	-8.41483	-10.1197	0.879644	0.118607	0.00174892	0.189576
157	-10.906	-8.97374	-9.26177	0.299759	0.660097	0.0401433	0.798789
158	-4.85734	-5.20452	-5.90334	0.810071	0.182567	0.00736245	0.264577
159	-24.3396	-25.0429	-26.4409	0.861321	0.135954	0.00272503	0.208376
160	-3.86136	-4.74815	-6.52242	0.882462	0.115943	0.0015951	0.186677
161	-39.7101	-31.3558	-27.9633	0.000216252	0.293009	0.706774	2.33946
162	-4.54832	-5.03652	-6.02397	0.832193	0.162885	0.00492192	0.239485
163	-9.41107	-9.90625	-10.8991	0.833188	0.161945	0.00486712	0.238461
164	-4.54832	-5.03652	-6.02397	0.832193	0.162885	0.00492192	0.239485
165	-4.75834	-5.22423	-6.16382	0.828852	0.16589	0.00525842	0.243215
166	-7.68458	-8.43332	-9.92291	0.866856	0.130753	0.00239126	0.202623
167	-4.54832	-5.03652	-6.02397	0.832193	0.162885	0.00492192	0.239485
168	-4.33265	-5.10955	-6.66455	0.870201	0.127613	0.00218606	0.199139
169	-23.1199	-21.2234	-21.5467	0.307726	0.65389	0.0383843	0.788086
170	-17.5094	-17.8785	-18.5791	0.813443	0.179337	0.00721995	0.261187
171	-11.8358	-12.3184	-13.2898	0.831347	0.163629	0.00502427	0.240463
172	-4.87843	-5.35644	-6.31845	0.83066	0.164249	0.00509103	0.241225
173	-7.55466	-8.0569	-9.05905	0.834204	0.161002	0.00479402	0.237383
174	-10.2448	-10.9474	-12.3585	0.861263	0.136046	0.00269105	0.208366
175	-4.22421	-4.97479	-6.48083	0.867102	0.130549	0.00234857	0.202314
176	-4.76599	-5.27302	-6.29294	0.834937	0.160372	0.00469113	0.23651
177	-4.04558	-4.94353	-6.72627	0.883626	0.114808	0.00156615	0.185545
178	-4.41946	-4.87265	-5.78926	0.82694	0.167623	0.00543688	0.245322
179	-3.9673	-4.80445	-6.47114	0.877048	0.121097	0.0018552	0.192179
180	-6.93659	-7.7761	-9.43069	0.877283	0.120843	0.00187386	0.191997
181	-4.54832	-5.03652	-6.02397	0.832193	0.162885	0.00492192	0.239485
182	-3.91057	-4.76072	-6.44397	0.878469	0.119727	0.0018041	0.190767
183	-4.44529	-5.22694	-6.77803	0.870729	0.127086	0.00218555	0.198651
184	-14.381	-15.1229	-16.5968	0.866036	0.131521	0.00244344	0.203481
185	-4.42347	-5.18614	-6.69797	0.868501	0.129188	0.00231067	0.200948
186	-14.8397	-10.4662	-9.94879	0.0336258	0.85062	0.115754	1.1883
187	-4.89391	-5.29263	-6.09528	0.818444	0.175188	0.00636814	0.254946
188	-13.5278	-14.3187	-15.8681	0.871766	0.126062	0.00217156	0.197664
189	-3.86338	-4.77508	-6.60006	0.885089	0.113428	0.00148333	0.184035
190	-4.10716	-4.9314	-6.55628	0.875579	0.122465	0.00195628	0.193729
191	-26.5512	-27.0424	-28.022	0.832571	0.162481	0.00494808	0.239186
192	-12.5948	-10.7324	-11.0975	0.315537	0.647978	0.0364843	0.777258
193	-3.97765	-4.83833	-6.55291	0.879639	0.118629	0.00173243	0.189549
194	-4.13749	-4.76653	-6.02417	0.851835	0.144825	0.00334005	0.218317
195	-7.88291	-8.71382	-10.3577	0.876337	0.121755	0.00190837	0.192937
196	-7.91335	-8.66134	-10.1541	0.866776	0.130839	0.00238518	0.202685
197	-8.84812	-9.36049	-10.3915	0.835713	0.159668	0.00461916	0.235656
198	-17.9268	-13.4008	-12.5906	0.027905	0.822159	0.149936	1.25838
199	-19.0816	-14.5317	-13.6371	0.0269052	0.81197	0.161124	1.28052
200	-8.03334	-8.9122	-10.6499	0.881584	0.11675	0.001666	0.187623
201	-12.1152	-10.219	-10.5368	0.307746	0.653667	0.0385868	0.788451
202	-12.8804	-10.7259	-10.5393	0.248814	0.684292	0.0668936	0.896622
203	-21.6224	-19.7443	-20.0936	0.311967	0.650808	0.037225	0.781964
204	-4.42049	-4.88637	-5.82889	0.828863	0.165894	0.00524317	0.243175
205	-4.05541	-4.97862	-6.81266	0.886267	0.112278	0.00145505	0.182892
206	-30.4133	-23.1015	-20.9555	0.00123455	0.589746	0.409019	1.77414
207	-32.4188	-25.4347	-23.7971	0.00204564	0.704199	0.293755	1.55491
208	-4.46467	-5.12263	-6.43903	0.855607	0.14132	0.00307324	0.214322
209	-3.86338	-4.77508	-6.60001	0.885088	0.113428	0.0014834	0.184036
210	-59.3	-41.6219	-35.1094	1.18446e-09	0.0179771	0.982023	2.86138
211	-4.77533	-5.29659	-6.34549	0.836999	0.158497	0.00450387	0.234248
212	-4.37733	-5.12005	-6.59868	0.866137	0.131433	0.00243018	0.203362
213	-25.5878	-21.1187	-20.4129	0.0299338	0.833179	0.136888	1.23177
214	-34.383	-24.7054	-21.8123	7.9741e-05	0.405796	0.594124	2.12606
215	-3.97764	-4.83832	-6.55285	0.879638	0.11863	0.00173252	0.18955
216	-3.84441	-4.6565	-6.27021	0.87423	0.12377	0.00199935	0.195058
217	-14.9016	-15.6356	-17.0957	0.865082	0.132424	0.00249418	0.204459
218	-7.41482	-8.25299	-9.91477	0.87715	0.120987	0.00186266	0.192098
219	-14.3994	-14.8238	-15.669	0.822444	0.171579	0.00597744	0.250505
220	-8.34325	-8.7761	-9.63582	0.823743	0.170406	0.00585067	0.249063
221	-14.4542	-12.0093	-11.6067	0.195194	0.717731	0.0870755	0.984478
222	-17.0336	-17.385	-18.0926	0.81078	0.181947	0.00727337	0.263752
223	-23.042	-23.4949	-24.3649	0.826679	0.167625	0.00569621	0.246054
224	-7.56748	-8.08358	-9.11395	0.836222	0.15917	0.00460757	0.235162
225	-11.113	-11.8602	-13.3594	0.866707	0.130922	0.00237145	0.202724
226	-23.6461	-16.6576	-15.0298	0.00204258	0.706232	0.291725	1.55106
227	-4.45692	-5.26056	-6.8563	0.873266	0.124683	0.0020506	0.196047
228	-8.60949	-9.35484	-10.848	0.866472	0.131138	0.00238988	0.202976
229	-4.52489	-5.302	-6.85279	0.870217	0.127588	0.00219486	0.199142
230	-11.7448	-9.60803	-9.46367	0.252838	0.683144	0.0640179	0.887448
231	-4.23134	-5.00299	-6.55193	0.869595	0.128195	0.00220939	0.199744
232	-4.66778	-5.19216	-6.25144	0.837462	0.158092	0.00444594	0.233709
233	-18.8969	-14.0445	-12.5996	0.017894	0.730716	0.25139	1.45995
234	-4.41978	-4.87686	-5.8014	0.827532	0.167091	0.00537683	0.244659
235	-14.5647	-12.4717	-12.408	0.262496	0.678819	0.0586853	0.868406
236	-4.22639	-4.98344	-6.50257	0.867872	0.129823	0.00230515	0.20152
237	-10.156	-10.4047	-10.8275	0.792443	0.197083	0.0104742	0.286782
238	-3.86378	-4.78035	-6.61529	0.885597	0.112941	0.00146233	0.183526
239	-4.669	-5.19618	-6.2612	0.837864	0.157726	0.00441028	0.23327
240	-4.669	-5.19618	-6.2612	0.837864	0.157726	0.00441028	0.23327
248	-4.8987	-5.30304	-6.11714	0.819337	0.174396	0.00626719	0.253929
249	-4.14335	-4.85137	-6.27481	0.86194	0.135415	0.00264587	0.207654
250	-5.22724	-5.69867	-6.64938	0.829683	0.16514	0.00517679	0.242291
251	-8.76294	-9.32505	-10.4501	0.842765	0.153201	0.00403399	0.228023
252	-12.9406	-13.4124	-14.3401	0.829638	0.165067	0.00529495	0.242556
253	-4.41998	-4.87955	-5.80918	0.827909	0.166752	0.00533867	0.244238
254	-13.2729	-11.3635	-11.66	0.304672	0.655787	0.0395409	0.793102
255	-48.5985	-44.1956	-43.6177	0.0324483	0.845348	0.122204	1.20162
256	-20.3615	-15.962	-15.3834	0.0325523	0.845185	0.122263	1.20163
257	-7.77479	-8.17248	-8.95732	0.818196	0.175316	0.00648736	0.255401
258	-4.87733	-5.23616	-5.95875	0.811995	0.180882	0.00712317	0.262343
259	-7.62951	-8.40489	-9.95273	0.870016	0.127779	0.00220464	0.199346
260	-20.5836	-16.1676	-15.5395	0.0318392	0.840406	0.127755	1.2127
261	-11.2713	-11.7532	-12.7254	0.831244	0.163732	0.00502353	0.240556
262	-20.4347	-18.5642	-18.9482	0.314015	0.650067	0.0359185	0.777594
263	-30.5751	-21.0057	-18.1046	8.84338e-05	0.40387	0.596041	2.12969
264	-4.05734	-4.98552	-6.82976	0.886779	0.111787	0.00143398	0.182378
265	-14.4668	-15.148	-16.508	0.858573	0.138542	0.00288427	0.21122
266	-11.4773	-9.70077	-10.2568	0.336452	0.634054	0.0294936	0.744659
267	-7.90959	-8.2782	-8.99932	0.813475	0.179448	0.00707709	0.260886
268	-11.4854	-11.9124	-12.7694	0.822874	0.171231	0.00589465	0.24995
269	-12.9512	-11.1629	-11.6898	0.33354	0.636	0.0304598	0.749185
270	-13.7597	-11.9837	-12.5407	0.336562	0.633977	0.0294604	0.744494
271	-31.9112	-24.7468	-22.7705	0.00152784	0.629825	0.368648	1.69734
272	-24.8758	-25.6803	-27.2664	0.873348	0.124583	0.00206885	0.196006
273	-10.4804	-11.0033	-12.0557	0.83724	0.158278	0.00448213	0.233983
274	-10.4624	-10.8679	-11.6847	0.819513	0.174242	0.0062445	0.253723
275	-4.36047	-5.08909	-6.53853	0.864431	0.133036	0.00253268	0.205134
276	-12.6706	-13.3498	-14.7055	0.858318	0.138781	0.00290165	0.211489
277	-20.1383	-18.0338	-17.9489	0.259937	0.680014	0.060049	0.873359
278	-14.5758	-15.2155	-16.4947	0.853235	0.143525	0.00323953	0.216831
279	-4.13919	-4.7716	-6.03615	0.852279	0.144413	0.00330763	0.217844
280	-4.25458	-4.98415	-6.44153	0.864558	0.132931	0.00251067	0.204975
281	-4.55504	-5.05959	-6.08045	0.834598	0.160705	0.0046965	0.236834
282	-23.6641	-21.5693	-21.5037	0.262107	0.679075	0.0588176	0.869017
283	-11.4506	-9.61644	-10.0711	0.322667	0.64417	0.033163	0.764367
284	-4.46684	-5.12833	-6.45198	0.856061	0.140897	0.00304189	0.213842
285	-4.3621	-5.07057	-6.48861	0.86198	0.13536	0.00265914	0.207641
286	-11.2713	-11.7532	-12.7254	0.831244	0.163732	0.00502353	0.240556
287	-8.15155	-8.6812	-9.73672	0.838165	0.157392	0.00444296	0.233054
288	-8.61516	-9.35291	-10.8292	0.865554	0.132	0.00244628	0.203932
289	-4.33192	-4.90124	-6.05006	0.843798	0.152286	0.00391589	0.226843
290	-3.97967	-4.84498	-6.56901	0.880141	0.11815	0.0017092	0.189041
291	-3.97967	-4.84498	-6.56901	0.880141	0.11815	0.0017092	0.189041
292	-3.84671	-4.66317	-6.28586	0.874725	0.123301	0.00197396	0.194552
293	-4.3497	-5.13007	-6.69397	0.870609	0.127231	0.00216019	0.198713
294	-6.80121	-7.67258	-9.39266	0.880774	0.117519	0.00170682	0.188451
295	-8.28548	-9.03687	-10.539	0.867187	0.130457	0.00235617	0.202251
296	-8.85376	-9.20824	-9.92214	0.811279	0.18151	0.0072103	0.26317
297	-3.84671	-4.66317	-6.28586	0.874725	0.123301	0.00197396	0.194552
298	-9.83853	-8.03826	-8.54872	0.330707	0.63822	0.0310725	0.752967
299	-22.202	-22.9245	-24.3543	0.863671	0.133733	0.00259648	0.205959
300	-21.091	-16.7013	-16.1329	0.0329033	0.845961	0.121136	1.19917
301	-8.52264	-9.13393	-10.3476	0.84945	0.147007	0.00354278	0.220907
302	-11.5793	-9.75859	-10.2019	0.325493	0.641126	0.033381	0.762166
303	-7.6295	-8.40487	-9.9526	0.870014	0.127781	0.00220491	0.199348
304	-33.1501	-23.63	-21.057	0.00011149	0.484668	0.515221	1.97648
305	-10.808	-11.5186	-12.9346	0.862229	0.135111	0.00265985	0.207412
306	-10.0623	-10.5104	-11.4105	0.826129	0.168321	0.00555	0.246286
307	-9.38193	-7.59047	-8.11609	0.332816	0.636654	0.0305298	0.749987
308	-4.6157	-5.34141	-6.80069	0.86411	0.133375	0.00251427	0.205396
309	-9.80252	-10.3006	-11.3027	0.833633	0.161556	0.00481113	0.237944
310	-4.55504	-5.05959	-6.08041	0.834597	0.160706	0.00469669	0.236835
311	-3.92397	-4.80273	-6.54407	0.881579	0.116761	0.00166012	0.187617
312	-4.82613	-5.26049	-6.14072	0.82406	0.170214	0.00572549	0.248532
313	-8.15155	-8.68119	-9.73667	0.838164	0.157393	0.00444316	0.233055
314	-4.6157	-5.34141	-6.80069	0.86411	0.133375	0.00251427	0.205396
315	-8.48042	-8.90786	-9.76075	0.822924	0.171159	0.00591688	0.249947
316	-4.79737	-5.55495	-7.06675	0.867919	0.12976	0.00232098	0.201507
317	-10.68	-8.72817	-8.94963	0.294844	0.662118	0.043038	0.808823
318	-8.85204	-9.58019	-11.0367	0.864391	0.133093	0.00251598	0.20514
319	-4.46683	-5.12831	-6.45188	0.85606	0.140898	0.00304218	0.213844
320	-4.36046	-5.08907	-6.53839	0.864429	0.133038	0.002533	0.205137
321	-8.65632	-9.07187	-9.90048	0.821063	0.172816	0.00612096	0.252054
322	-11.4379	-11.8719	-12.7506	0.824	0.170264	0.0057359	0.248608
323	-4.44497	-5.1654	-6.60633	0.863449	0.133978	0.00257241	0.206118
324	-20.0528	-20.8108	-22.3228	0.867963	0.129718	0.00231959	0.201463
325	-38.2035	-28.5583	-25.6882	8.34973e-05	0.411361	0.588556	2.11551
326	-3.8467	-4.66314	-6.2857	0.874723	0.123303	0.00197424	0.194555
327	-4.25458	-4.98413	-6.44141	0.864557	0.132932	0.00251095	0.204977
328	-4.36046	-5.08907	-6.53839	0.864429	0.133038	0.002533	0.205137
329	-12.3756	-13.013	-14.2872	0.85294	0.143798	0.00326181	0.217147
330	-10.3934	-11.1641	-12.7008	0.869462	0.128299	0.00223846	0.199922
331	-9.79291	-8.09388	-8.82099	0.355567	0.620123	0.0243105	0.717153
332	-7.25435	-7.8912	-9.1642	0.85286	0.143872	0.00326751	0.217231
333	-7.18308	-7.91733	-9.37714	0.865111	0.132394	0.00249446	0.204433
334	-9.11442	-9.84488	-11.304	0.864667	0.132828	0.00250444	0.204862
335	-4.42069	-4.88906	-5.83665	0.829237	0.165557	0.00520606	0.242759
336	-4.8144	-5.23836	-6.08936	0.822406	0.171649	0.00594501	0.250479
337	-4.37969	-5.12638	-6.61311	0.866614	0.130984	0.00240234	0.202868
338	-3.86378	-4.78034	-6.61521	0.885596	0.112942	0.00146244	0.183527
339	-4.44497	-5.1654	-6.60633	0.863449	0.133978	0.00257241	0.206118
340	-12.3025	-13.0781	-14.6348	0.870051	0.127765	0.00218477	0.199276
341	-4.669	-5.19617	-6.26117	0.837863	0.157726	0.0044104	0.233271
342	-8.07489	-8.8277	-10.3301	0.867351	0.130297	0.00235255	0.202092
343	-26.7076	-22.0173	-21.0116	0.0230261	0.799664	0.17731	1.31478
344	-12.2638	-10.2487	-10.3367	0.280102	0.67012	0.0497784	0.835237
345	-4.37515	-4.97279	-6.165	0.847631	0.148707	0.0036615	0.222815
346	-4.30828	-4.89601	-6.06925	0.846287	0.14995	0.00376277	0.224251
347	-16.7707	-17.3712	-18.5759	0.848034	0.148358	0.0036075	0.22234
348	-21.5011	-19.4955	-19.5987	0.282244	0.668823	0.0489326	0.831652
349	-13.7577	-11.7548	-11.8675	0.282912	0.668634	0.0484538	0.830126
350	-10.3934	-10.6907	-11.2882	0.801607	0.189918	0.00847554	0.274516
351	-12.4046	-10.3133	-10.2703	0.263124	0.67935	0.0575265	0.865629
352	-4.21715	-4.8199	-6.02752	0.848337	0.148073	0.00359012	0.222027
353	-14.1432	-12.236	-12.5134	0.304894	0.654856	0.0402502	0.794242
354	-10.5909	-8.6555	-8.88669	0.298394	0.659174	0.0424318	0.80439
355	-18.0952	-15.9075	-15.6575	0.241596	0.686863	0.0715406	0.912107
356	-18.392	-13.6525	-12.416	0.0209794	0.76526	0.21376	1.38577
357	-4.1668	-4.75673	-5.93763	0.846597	0.149675	0.00372722	0.223896
358	-9.769	-7.81395	-8.01824	0.293952	0.662256	0.043792	0.811077
359	-4.82481	-5.2347	-6.05828	0.820206	0.173614	0.00618027	0.25296
360	-9.5745	-9.99393	-10.8344	0.821691	0.172279	0.00603017	0.251301
361	-22.8191	-23.4003	-24.555	0.845379	0.150767	0.00385412	0.225264
362	-16.5391	-16.891	-17.5828	0.810745	0.181869	0.00738572	0.263996
363	-4.38627	-5.05625	-6.38142	0.857108	0.139876	0.00301525	0.212823
364	-4.73314	-5.36144	-6.61096	0.851719	0.144912	0.00336932	0.21848
365	-11.4858	-11.8302	-12.5225	0.809608	0.182965	0.007427	0.265127
366	-4.18797	-4.83167	-6.12141	0.853764	0.143042	0.00319472	0.216257
367	-19.4983	-19.8999	-20.6917	0.81881	0.174769	0.00642165	0.254709
368	-9.20993	-9.86384	-11.163	0.85506	0.141802	0.00313724	0.214949
369	-11.5128	-9.5913	-9.85316	0.301703	0.657266	0.041031	0.798674
370	-17.912	-13.1581	-11.8875	0.0205334	0.759855	0.219611	1.39727
371	-26.8296	-22.1612	-21.0766	0.0231876	0.787787	0.189026	1.33684
372	-20.1019	-18.1359	-18.3161	0.29138	0.663665	0.0449557	0.815663
373	-13.7015	-11.7115	-11.8459	0.285835	0.666877	0.0472878	0.825212
374	-26.2674	-21.6274	-20.5955	0.0240735	0.794961	0.180965	1.32074
375	-48.07	-35.5055	-31.0505	1.3728e-06	0.125305	0.874693	2.65794
376	-5.17533	-5.57398	-6.37655	0.818432	0.175199	0.00636904	0.254959
377	-39.065	-31.6742	-29.2557	0.0010113	0.522802	0.476186	1.90166
378	-4.75301	-5.10475	-5.8092	0.810804	0.181902	0.00729443	0.263769
379	-4.30039	-4.77285	-5.72493	0.829836	0.164999	0.0051653	0.242128
380	-13.5819	-11.6354	-11.8611	0.296008	0.6612	0.0427928	0.807282
381	-4.71853	-5.15331	-6.02643	0.824087	0.170149	0.0057641	0.248581
382	-23.6254	-16.3888	-14.2702	0.00134568	0.596284	0.40237	1.76143
383	-23.5392	-18.8587	-17.7153	0.0226552	0.779091	0.198253	1.35482
384	-4.77246	-5.07021	-5.66883	0.801701	0.189836	0.00846248	0.274404
385	-10.0611	-8.11305	-8.33851	0.295673	0.6615	0.0428263	0.807655
386	-12.1036	-9.83993	-9.43216	0.225157	0.690621	0.0842225	0.951353
387	-15.0569	-12.7967	-12.5563	0.22873	0.699147	0.0721225	0.925112
388	-4.18797	-4.83167	-6.12141	0.853764	0.143042	0.00319472	0.216257
389	-20.2285	-15.7284	-14.9375	0.0286973	0.823915	0.147388	1.25282
390	-23.0289	-15.9374	-14.1019	0.00172674	0.661777	0.336496	1.63622
391	-14.5045	-14.8912	-15.6665	0.816511	0.176881	0.00660798	0.257189
392	-21.0555	-21.3541	-21.9544	0.801846	0.189711	0.00844243	0.274232
393	-14.3352	-12.4263	-12.7052	0.304581	0.655205	0.0402134	0.794461
394	-8.79565	-9.43157	-10.6844	0.852688	0.143976	0.00333643	0.217521
395	-3.99567	-4.76561	-6.29044	0.869354	0.12838	0.00226655	0.200076
396	-4.02222	-4.70932	-6.05794	0.859251	0.137847	0.00290262	0.210628
397	-30.7692	-20.9742	-17.8513	6.14805e-05	0.351803	0.648136	2.22846
398	-4.30828	-4.89601	-6.06925	0.846287	0.14995	0.00376277	0.224251
399	-10.8781	-11.5303	-12.8191	0.854824	0.142002	0.00317436	0.215238
400	-21.2123	-19.0146	-18.711	0.238836	0.685799	0.0753652	0.92191
401	-4.18392	-4.75331	-5.88585	0.843751	0.152269	0.00397968	0.227007
402	-24.7782	-25.4241	-26.7093	0.854023	0.142773	0.00320336	0.216034
403	-4.21715	-4.8199	-6.02752	0.848337	0.148073	0.00359012	0.222027
404	-3.77328	-4.45055	-5.79246	0.858042	0.139012	0.00294689	0.21183
405	-4.74676	-5.27698	-6.33842	0.838264	0.157321	0.00441473	0.232908
406	-11.9769	-9.9892	-10.1152	0.286188	0.666175	0.0476373	0.825549
407	-20.266	-15.6748	-14.7282	0.0256263	0.805918	0.168456	1.2956
408	-16.9936	-15.0138	-15.1626	0.288114	0.665376	0.0465097	0.821629
409	-10.6092	-11.2526	-12.5412	0.853722	0.143079	0.00319913	0.216304
410	-9.17082	-9.77405	-10.9808	0.848396	0.148013	0.00359186	0.221976
411	-8.48069	-8.80613	-9.45188	0.806374	0.185728	0.00789815	0.269012
412	-4.45857	-4.88204	-5.72976	0.822319	0.171714	0.00596677	0.2506
413	-10.0561	-8.06365	-8.20262	0.285408	0.667475	0.0471168	0.825283
414	-12.7369	-13.2093	-14.1611	0.829824	0.165009	0.00516704	0.242142
415	-4.77246	-5.07021	-5.66883	0.801701	0.189836	0.00846248	0.274404
416	-11.0188	-11.6222	-12.8239	0.848398	0.147993	0.00360937	0.222007
417	-19.9425	-20.2492	-20.8453	0.803109	0.188468	0.00842302	0.273026
418	-4.75301	-5.10475	-5.8092	0.810804	0.181902	0.00729443	0.263769
419	-4.71853	-5.15331	-6.02643	0.824087	0.170149	0.0057641	0.248581
420	-11.6095	-12.2568	-13.5507	0.854224	0.142604	0.00317181	0.215788
421	-9.12385	-9.74452	-10.9851	0.850726	0.145853	0.00342154	0.219498
422	-12.6693	-13.2753	-14.4746	0.848736	0.147654	0.00360979	0.221695
423	-10.3239	-10.8574	-11.9216	0.838722	0.156887	0.00439053	0.232438
424	-6.55335	-7.23513	-8.57615	0.858587	0.138475	0.00293811	0.211309
425	-12.9081	-10.9627	-11.1755	0.296056	0.660631	0.0433125	0.808222
426	-17.5501	-15.502	-15.5195	0.272487	0.673809	0.0537032	0.84972
427	-4.29293	-4.9591	-6.28984	0.856655	0.140336	0.00300838	0.213229
428	-18.5189	-16.3276	-16.0702	0.240807	0.687095	0.0720973	0.913892
429	-21.9812	-17.3929	-16.4443	0.0256909	0.805575	0.168734	1.29606
430	-21.8896	-17.297	-16.3468	0.025576	0.805455	0.168968	1.29661
431	-56.6707	-41.7475	-36.6185	7.04795e-08	0.0680449	0.931955	2.76648
432	-9.18434	-9.74961	-10.8695	0.843166	0.15279	0.00404422	0.227671
433	-11.3884	-9.35592	-9.39887	0.275975	0.671821	0.0522033	0.84365
434	-30.3105	-23.1389	-21.153	0.00151158	0.627583	0.370905	1.70164
435	-4.29293	-4.9591	-6.28984	0.856655	0.140336	0.00300838	0.213229
436	-7.94331	-8.38375	-9.25494	0.824897	0.169355	0.00574828	0.247802
437	-13.4462	-11.2963	-11.1239	0.249924	0.684138	0.0659379	0.893783
438	-29.4834	-22.338	-20.4068	0.00158288	0.640225	0.358192	1.67747
439	-8.22885	-8.58097	-9.28823	0.81088	0.181848	0.00727184	0.263656
440	-10.7171	-11.0769	-11.8037	0.812163	0.180749	0.00708823	0.262122
441	-4.73314	-5.36144	-6.61096	0.851719	0.144912	0.00336932	0.21848
442	-11.6214	-11.9855	-12.7166	0.812851	0.180116	0.00703277	0.261379
443	-5.1069	-5.49606	-6.27831	0.81691	0.17654	0.00654955	0.256708
480	-4.37944	-5.03649	-6.33532	0.855448	0.141422	0.00312996	0.214576
481	-4.2306	-4.71686	-5.68513	0.831843	0.163132	0.00502482	0.240004
482	-4.20339	-4.81166	-6.02902	0.849076	0.147385	0.00353883	0.221246
483	-8.65743	-9.25103	-10.4394	0.847097	0.149215	0.00368809	0.22336
484	-7.99703	-8.4692	-9.40343	0.829717	0.165024	0.00525911	0.242415
485	-4.5165	-4.92721	-5.75711	0.820358	0.173504	0.00613744	0.252738
486	-4.40482	-4.88571	-5.85227	0.831083	0.163861	0.00505594	0.240767
487	-20.1634	-20.5114	-21.2102	0.810197	0.182445	0.00735825	0.264452
488	-4.2306	-4.71686	-5.68513	0.831843	0.163132	0.00502482	0.240004
489	-11.107	-8.85739	-8.48722	0.228318	0.690573	0.0811088	0.942526
490	-7.10378	-7.65725	-8.75888	0.841535	0.154305	0.00415956	0.229398
491	-4.2125	-4.80367	-5.98763	0.846767	0.149521	0.00371202	0.223711
492	-4.0796	-4.59419	-5.62034	0.835999	0.159368	0.00463281	0.235417
493	-25.6236	-18.4517	-16.4647	0.00151055	0.627349	0.371141	1.70208
494	-12.9571	-10.9642	-11.0779	0.284955	0.666773	0.0482727	0.827894
495	-6.70481	-7.41169	-8.79452	0.86171	0.135532	0.00275792	0.208079
496	-10.3849	-10.9757	-12.1599	0.846721	0.149567	0.00371227	0.223754
497	-34.3944	-26.0375	-22.9129	0.000258652	0.351339	0.648402	2.22878
498	-3.84989	-4.59574	-6.08462	0.86652	0.131081	0.00239895	0.202949
499	-4.2726	-4.86522	-6.03928	0.846925	0.14933	0.00374417	0.223625
500	-11.3908	-9.33323	-9.33327	0.270372	0.674888	0.0547406	0.853644
501	-4.23387	-4.63644	-5.44497	0.819045	0.174644	0.00631115	0.254282
502	-4.37944	-5.03649	-6.33532	0.855448	0.141422	0.00312996	0.214576
516	-4.39042	-5.00248	-6.21862	0.849558	0.146911	0.00353175	0.220787
517	-10.7973	-8.67651	-8.55432	0.256233	0.68132	0.0624474	0.881331
518	-13.5007	-11.4406	-11.4207	0.269592	0.674586	0.0558225	0.856416
519	-13.2291	-11.2744	-11.4624	0.293819	0.661706	0.0444751	0.812496
520	-3.83822	-4.43949	-5.63062	0.848096	0.14825	0.00365415	0.222371
521	-3.83822	-4.43949	-5.63062	0.848096	0.14825	0.00365415	0.222371
522	-4.1158	-4.58007	-5.4999	0.828534	0.166096	0.00537003	0.24372
523	-8.39405	-8.66818	-9.20262	0.797463	0.193347	0.00919027	0.279704
524	-8.48807	-8.96019	-9.89564	0.829714	0.165033	0.00525297	0.242407
525	-11.2402	-9.07917	-8.86991	0.247218	0.68435	0.0684313	0.901012
526	-15.298	-13.005	-12.5415	0.219009	0.691793	0.089198	0.96647
527	-4.03197	-4.44727	-5.26875	0.82099	0.172844	0.00616576	0.252207
528	-4.22836	-4.85099	-6.09377	0.85098	0.145612	0.00340845	0.219238
529	-4.73573	-5.36192	-6.60218	0.851424	0.145169	0.00340669	0.218823
530	-4.29567	-4.98202	-6.34698	0.859201	0.137942	0.00285757	0.210589
531	-9.09204	-9.53863	-10.4289	0.825874	0.168514	0.00561181	0.246639
532	-12.4923	-10.4045	-10.3532	0.263671	0.678407	0.0579228	0.865874
533	-7.44238	-8.23395	-9.78429	0.87184	0.125992	0.00216835	0.19759
534	-4.80429	-5.18036	-5.93997	0.814821	0.178408	0.0067704	0.25906
535	-10.7161	-8.68359	-8.75015	0.276316	0.672637	0.0510467	0.841143
536	-3.85516	-4.66467	-6.27485	0.87394	0.124049	0.00201094	0.195349
537	-4.20748	-4.84231	-6.10229	0.85257	0.144114	0.00331587	0.217591
538	-9.50044	-10.135	-11.4008	0.852553	0.14415	0.00329746	0.217572
539	-4.30898	-4.81275	-5.82533	0.834457	0.160804	0.0047384	0.237043
540	-4.41581	-4.82375	-5.64611	0.81991	0.173893	0.00619768	0.253267
541	-9.9617	-10.3768	-11.2114	0.82103	0.172883	0.00608704	0.252021
542	-4.39678	-5.08665	-6.445	0.85961	0.137523	0.00286778	0.21023
543	-11.5197	-12.0106	-12.9816	0.832499	0.162509	0.00499217	0.239336
544	-4.41581	-4.82375	-5.64611	0.81991	0.173893	0.00619768	0.253267
545	-8.14534	-8.79607	-10.0652	0.854584	0.142174	0.00324146	0.215587
546	-4.30898	-4.81275	-5.82533	0.834457	0.160804	0.0047384	0.237043
547	-3.79775	-4.52359	-5.95411	0.864063	0.13335	0.00258716	0.205578
548	-4.23301	-4.86722	-6.13366	0.85251	0.144193	0.00329634	0.217609
549	-23.6209	-19.0565	-18.154	0.0264954	0.811249	0.162255	1.28304
550	-4.23301	-4.86722	-6.13366	0.85251	0.144193	0.00329634	0.217609
551	-4.41581	-4.82375	-5.64611	0.81991	0.173893	0.00619768	0.253267
552	-3.973	-4.64128	-5.95053	0.856859	0.140073	0.00306799	0.213154
553	-9.57812	-10.1924	-11.4133	0.84985	0.146642	0.00350824	0.220472
554	-4.30463	-4.92958	-6.16388	0.851251	0.145319	0.00343059	0.219029
555	-9.61929	-10.0836	-10.9916	0.828482	0.166084	0.00543317	0.243887
556	-7.08304	-7.7525	-9.07205	0.85703	0.139937	0.00303358	0.212931
557	-6.96441	-7.52884	-8.64941	0.843056	0.1529	0.00404431	0.227773
597	-3.96444	-4.62045	-5.9047	0.85528	0.141541	0.00317861	0.214824
598	-4.41521	-4.81569	-5.62282	0.818728	0.174941	0.00633078	0.254612
599	-4.20104	-4.82422	-6.06043	0.851031	0.14554	0.00342925	0.21923
600	-11.123	-11.7278	-12.9205	0.848557	0.147806	0.00363757	0.221914
601	-14.211	-12.1304	-12.0802	0.265108	0.677142	0.0577503	0.864218
602	-4.38995	-5.06689	-6.39889	0.857976	0.139047	0.00297699	0.211948
603	-5.1822	-5.58019	-6.37993	0.81832	0.17529	0.00639044	0.255103
604	-12.4221	-13.079	-14.3725	0.855413	0.14144	0.00314711	0.214641
605	-9.23897	-7.28585	-7.48686	0.294314	0.661781	0.043905	0.810957
606	-7.94121	-8.57799	-9.82993	0.852793	0.14387	0.00333698	0.217425
607	-4.20104	-4.82422	-6.06043	0.851031	0.14554	0.00342925	0.21923
608	-23.1462	-18.5944	-17.7001	0.0268591	0.812052	0.161089	1.28049
609	-9.60202	-9.96779	-10.5044	0.811878	0.179604	0.00851816	0.265095
610	-13.9298	-11.9786	-12.1917	0.294856	0.661767	0.0433778	0.809456
611	-15.5138	-16.2798	-17.7633	0.868822	0.128807	0.00237001	0.200764
612	-9.17664	-9.79974	-11.0416	0.851038	0.145552	0.00341011	0.219187
