Sites	Ll_YN98.omega=0.00340527	Ll_YN98.omega=0.0266188	Ll_YN98.omega=0.183234	Ll_YN98.omega=0.738114	Ll_YN98.omega=2.0642	Pr_YN98.omega=0.00340527	Pr_YN98.omega=0.0266188	Pr_YN98.omega=0.183234	Pr_YN98.omega=0.738114	Pr_YN98.omega=2.0642	mean
7	-3.79223	-3.81437	-3.96349	-4.48895	-5.7256	0.297752	0.291235	0.250888	0.148346	0.0117795	0.188549
8	-9.33388	-9.34563	-9.42478	-9.70399	-10.3635	0.27102	0.267855	0.247471	0.187183	0.0264713	0.246202
9	-15.2443	-13.2075	-11.4097	-10.4782	-10.5307	0.00492906	0.0377859	0.228089	0.57896	0.150236	0.780271
10	-12.3144	-12.3289	-12.4269	-12.7717	-13.582	0.278622	0.274599	0.248977	0.176353	0.0214492	0.228323
11	-8.02289	-8.03181	-8.09187	-8.30263	-8.79265	0.262668	0.260335	0.245158	0.198571	0.033268	0.267985
12	-8.48404	-8.50092	-8.61461	-9.01499	-9.95609	0.284766	0.28	0.249909	0.167456	0.0178692	0.214702
13	-3.95416	-3.97274	-4.09783	-4.5373	-5.56325	0.288966	0.283646	0.250294	0.161284	0.0158106	0.206078
14	-14.8679	-12.8315	-11.0363	-10.1138	-10.186	0.00499035	0.038241	0.23024	0.579176	0.147353	0.774886
15	-4.37289	-4.3903	-4.5076	-4.92073	-5.89218	0.286142	0.281203	0.25008	0.165447	0.0171272	0.211756
16	-4.28495	-4.30259	-4.42139	-4.8393	-5.81843	0.286662	0.28165	0.250099	0.164672	0.0169165	0.210766
17	-9.64358	-9.66167	-9.78352	-10.2122	-11.2174	0.287815	0.282655	0.25023	0.162986	0.0163131	0.208331
18	-4.19993	-4.21745	-4.33554	-4.75185	-5.73338	0.286479	0.281502	0.250148	0.164966	0.0169061	0.210965
19	-4.38424	-4.3955	-4.47139	-4.7394	-5.37447	0.269687	0.266668	0.24718	0.189067	0.0273987	0.249418
26	-4.02554	-4.04569	-4.18136	-4.65764	-5.76723	0.292812	0.28697	0.250564	0.155622	0.0140315	0.198378
27	-9.59438	-9.60652	-9.68826	-9.97652	-10.6565	0.272088	0.268807	0.247707	0.185673	0.0257252	0.24362
28	-4.29589	-4.31303	-4.42849	-4.83528	-5.79237	0.285456	0.280606	0.250006	0.166451	0.0174803	0.213194
29	-8.92757	-8.94449	-9.05842	-9.45926	-10.3988	0.28482	0.280042	0.249887	0.167365	0.0178868	0.214668
30	-13.6245	-13.6418	-13.7581	-14.1672	-15.1265	0.285719	0.280828	0.25	0.166053	0.0173996	0.212739
31	-17.1266	-15.0882	-13.28	-12.3123	-12.2826	0.00468406	0.0359634	0.219361	0.577346	0.162645	0.803046
32	-7.7155	-7.73273	-7.84882	-8.25759	-9.21806	0.285674	0.280793	0.250017	0.166129	0.0173874	0.212771
33	-16.6859	-16.7003	-16.7971	-17.1387	-17.9459	0.278249	0.27428	0.248967	0.17692	0.0215854	0.229011
34	-4.76703	-4.77728	-4.84641	-5.09006	-5.66434	0.266743	0.264021	0.246388	0.19311	0.0297382	0.257005
35	-9.83717	-9.85571	-9.98064	-10.4205	-11.4532	0.288987	0.283677	0.250362	0.161272	0.015702	0.205859
36	-7.62136	-7.63302	-7.71148	-7.98715	-8.63054	0.270593	0.267458	0.247276	0.187698	0.0269747	0.247574
37	-4.82396	-4.83262	-4.89098	-5.09682	-5.58301	0.26207	0.25981	0.245083	0.199487	0.0335497	0.269213
38	-12.9808	-12.9993	-13.1233	-13.5597	-14.5819	0.288633	0.283364	0.2503	0.161783	0.0159197	0.206665
39	-4.27976	-4.29863	-4.42575	-4.87374	-5.92863	0.28984	0.284423	0.250469	0.160028	0.0152399	0.20403
40	-7.45613	-7.47339	-7.58963	-7.99867	-8.95786	0.285706	0.280818	0.25	0.166072	0.0174039	0.212761
41	-4.38127	-4.39983	-4.52486	-4.96509	-5.99917	0.289029	0.283714	0.25037	0.161211	0.0156753	0.205761
42	-10.8756	-10.8936	-11.0148	-11.4413	-12.4433	0.287582	0.282455	0.250226	0.163336	0.0164004	0.208762
43	-4.08316	-4.10058	-4.21802	-4.63221	-5.60972	0.286248	0.281303	0.250132	0.165308	0.0170093	0.211422
44	-24.9117	-20.8161	-17.0723	-14.6888	-13.5789	1.88798e-05	0.0011342	0.0479293	0.519709	0.431208	1.28252
45	-13.5956	-11.5529	-9.71524	-8.64479	-8.38002	0.0040193	0.030995	0.194705	0.567897	0.202384	0.873448
46	-10.0403	-10.059	-10.1852	-10.6303	-11.6789	0.289527	0.284152	0.25045	0.160492	0.0153794	0.204648
47	-4.37345	-4.39089	-4.50839	-4.9222	-5.89528	0.286216	0.281268	0.250088	0.16534	0.0170881	0.211599
48	-31.2498	-29.2083	-27.3785	-26.3355	-26.1295	0.00418924	0.0322674	0.201096	0.570673	0.191774	0.854801
49	-37.5989	-31.4424	-25.7383	-21.8522	-19.4595	3.61274e-08	1.70439e-05	0.00511442	0.249174	0.745694	1.72412
50	-9.46918	-9.48788	-9.61382	-10.057	-11.0961	0.289344	0.283984	0.25038	0.16074	0.0155521	0.205169
51	-4.74476	-4.76022	-4.86434	-5.23135	-6.09636	0.281099	0.276788	0.249419	0.172797	0.0198971	0.222642
52	-4.287	-4.30473	-4.42415	-4.84421	-5.82851	0.286894	0.281851	0.250126	0.164334	0.0167947	0.210276
53	-3.84174	-3.86315	-4.00729	-4.51396	-5.69842	0.295898	0.289632	0.250753	0.151078	0.0126391	0.192266
54	-7.23336	-7.24991	-7.36143	-7.75404	-8.67612	0.283922	0.27926	0.24979	0.168681	0.0183457	0.216546
55	-11.9692	-11.9876	-12.1119	-12.5492	-13.5755	0.288729	0.283451	0.25033	0.161649	0.0158404	0.20641
56	-3.90002	-3.92105	-4.0627	-4.56127	-5.73101	0.295065	0.288925	0.250765	0.152314	0.0129314	0.193762
57	-3.84174	-3.86315	-4.00729	-4.51396	-5.69842	0.295898	0.289632	0.250753	0.151078	0.0126391	0.192266
58	-14.1303	-14.1483	-14.2691	-14.694	-15.6897	0.287415	0.282305	0.250182	0.163571	0.0165267	0.209184
59	-23.9401	-21.9009	-20.0871	-19.0991	-19.0193	0.00454734	0.0349428	0.214341	0.575667	0.170502	0.817078
60	-15.1415	-15.1503	-15.2094	-15.4175	-15.9071	0.262356	0.260064	0.245139	0.199073	0.033367	0.268548
61	-38.6093	-32.456	-26.7741	-22.9661	-20.7587	4.58253e-08	2.15484e-05	0.0063248	0.284991	0.708663	1.67433
62	-31.9692	-27.8754	-24.1433	-21.8008	-20.7859	2.07034e-05	0.00124158	0.0518553	0.539676	0.407207	1.24843
63	-58.0983	-49.8889	-42.2784	-37.0785	-33.8425	9.33775e-11	3.43201e-07	0.000693028	0.125617	0.87369	1.89631
64	-7.51871	-7.53131	-7.61622	-7.91541	-8.61871	0.273363	0.269939	0.247966	0.183847	0.0248849	0.240619
65	-11.6922	-11.7097	-11.8272	-12.2413	-13.2148	0.286238	0.281287	0.250091	0.165308	0.0170766	0.211553
66	-24.1222	-20.0262	-16.2796	-13.8862	-12.7526	1.84532e-05	0.00110902	0.0469954	0.51464	0.437237	1.29105
67	-21.6924	-19.656	-17.8605	-16.9373	-17.0099	0.00498644	0.0382126	0.230131	0.579327	0.147342	0.774955
68	-16.1159	-14.0817	-12.3014	-11.4322	-11.6375	0.00536861	0.0410496	0.24351	0.580728	0.129344	0.741365
69	-19.3162	-17.269	-15.4016	-14.225	-13.7023	0.00337331	0.0261284	0.169098	0.548446	0.252954	0.958654
70	-39.7478	-35.5881	-31.4507	-28.0117	-25.2619	1.50655e-06	9.64971e-05	0.00604484	0.188334	0.805523	1.80288
71	-27.958	-23.8575	-20.0802	-17.5784	-16.1887	1.42377e-05	0.000859579	0.0375605	0.458401	0.503165	1.38389
72	-26.3708	-22.2722	-18.5083	-16.0541	-14.7822	1.60275e-05	0.00096574	0.0416432	0.484572	0.472803	1.34128
73	-12.8209	-10.7862	-9.00281	-8.12315	-8.30547	0.00529462	0.0405024	0.241001	0.580832	0.132369	0.747213
74	-7.9485	-7.96141	-8.04832	-8.35387	-9.06926	0.274117	0.270602	0.248077	0.182764	0.024441	0.238944
75	-34.5584	-30.462	-26.7126	-24.308	-23.1406	1.79291e-05	0.00107797	0.0458092	0.507276	0.445819	1.30311
76	-53.3428	-45.1319	-37.5118	-32.2784	-28.9666	8.35678e-11	3.07587e-07	0.00062712	0.117535	0.881837	1.90716
77	-11.6581	-11.6671	-11.7272	-11.9391	-12.4398	0.262838	0.260504	0.24531	0.198452	0.0328966	0.267163
78	-4.2822	-4.29598	-4.38888	-4.71677	-5.49235	0.276686	0.272899	0.248688	0.179166	0.0225604	0.232588
79	-4.2822	-4.29598	-4.38888	-4.71677	-5.49235	0.276686	0.272899	0.248688	0.179166	0.0225604	0.232588
80	-3.83896	-3.86019	-4.00312	-4.50553	-5.6798	0.295468	0.289262	0.250735	0.151713	0.0128222	0.193098
81	-4.723	-4.74126	-4.86429	-5.29738	-6.3142	0.288276	0.283059	0.250291	0.162316	0.0160576	0.207331
82	-4.85771	-4.86761	-4.93437	-5.16986	-5.72609	0.265747	0.263128	0.246136	0.194493	0.0304969	0.259519
83	-7.4893	-7.51077	-7.65538	-8.16373	-9.35223	0.296065	0.289775	0.250762	0.15083	0.0125675	0.191941
84	-4.38014	-4.39861	-4.52303	-4.96108	-5.98999	0.2888	0.283515	0.250348	0.161547	0.0157896	0.206235
85	-14.9094	-12.8661	-11.025	-9.94247	-9.64953	0.00394378	0.0304283	0.191806	0.566257	0.207566	0.882387
86	-23.0247	-18.9246	-15.1507	-12.6616	-11.3082	1.47316e-05	0.000888973	0.0387162	0.466537	0.493843	1.37086
87	-4.85771	-4.86761	-4.93437	-5.16986	-5.72609	0.265747	0.263128	0.246136	0.194493	0.0304969	0.259519
88	-3.97129	-3.99368	-4.14447	-4.67484	-5.91681	0.298261	0.291658	0.250836	0.147588	0.0116571	0.18774
89	-15.333	-13.2882	-11.4369	-10.3184	-9.94152	0.00372352	0.0287725	0.183233	0.560736	0.223536	0.909661
90	-3.76549	-3.7852	-3.91789	-4.3846	-5.47751	0.291807	0.286114	0.250559	0.157116	0.0144044	0.200224
91	-46.8167	-38.6744	-31.0628	-25.8306	-22.5261	9.09589e-11	3.12592e-07	0.000631896	0.118297	0.88107	1.90614
92	-39.234	-33.0785	-27.3812	-23.5203	-21.1941	3.92111e-08	1.84806e-05	0.00550849	0.261683	0.73279	1.70678
93	-34.3819	-28.2311	-22.5653	-18.813	-16.7293	5.37747e-08	2.52256e-05	0.00728557	0.310488	0.682201	1.63871
94	-7.85062	-7.86983	-7.9992	-8.45454	-9.52285	0.290619	0.28509	0.250492	0.15887	0.0149281	0.202556
95	-41.7684	-35.6145	-29.9282	-26.1042	-23.8554	4.35716e-08	2.05019e-05	0.00604417	0.276745	0.71719	1.6858
128	-25.446	-21.3491	-17.5961	-15.181	-14.0019	1.75857e-05	0.0010579	0.0451159	0.504877	0.448931	1.30763
129	-36.2953	-32.1942	-28.4129	-25.8977	-24.4816	1.38051e-05	0.000833966	0.0365884	0.452544	0.51002	1.39354
130	-7.58336	-7.60273	-7.73316	-8.192	-9.26705	0.290988	0.285406	0.250505	0.158324	0.0147767	0.201852
131	-15.1495	-13.1036	-11.2445	-10.0995	-9.66615	0.00356851	0.027607	0.177188	0.556777	0.23486	0.928975
132	-12.3509	-12.37	-12.4991	-12.9533	-14.017	0.290499	0.284982	0.250464	0.159043	0.0150131	0.20285
133	-4.38208	-4.4007	-4.52617	-4.96794	-6.00571	0.289192	0.283856	0.250386	0.160972	0.0155945	0.205426
134	-4.2707	-4.29019	-4.42146	-4.88403	-5.97288	0.291363	0.28574	0.250587	0.157785	0.0145247	0.20096
135	-8.47039	-8.48526	-8.58548	-8.93817	-9.76428	0.279494	0.275367	0.249109	0.175072	0.0209586	0.226412
136	-4.82593	-4.83462	-4.89318	-5.09975	-5.58765	0.26216	0.259892	0.24511	0.199366	0.0334716	0.26897
137	-6.79915	-6.81922	-6.95432	-7.42882	-8.53555	0.292625	0.286811	0.250566	0.155901	0.0140969	0.198715
138	-7.55727	-7.57454	-7.69091	-8.10069	-9.06374	0.285783	0.280889	0.250032	0.16597	0.0173262	0.212534
139	-4.17193	-4.18861	-4.30102	-4.69663	-5.62513	0.284251	0.279547	0.249826	0.1682	0.0181763	0.215856
140	-4.50935	-4.52155	-4.60382	-4.89435	-5.5828	0.272356	0.269053	0.247806	0.185325	0.0254602	0.242842
141	-4.38149	-4.40117	-4.53366	-4.99958	-6.09023	0.291727	0.286044	0.250548	0.157233	0.0144479	0.200396
142	-8.30173	-8.31499	-8.40433	-8.71927	-9.46128	0.275198	0.271573	0.248362	0.181264	0.0236036	0.23619
143	-4.17193	-4.18861	-4.30102	-4.69663	-5.62513	0.284251	0.279547	0.249826	0.1682	0.0181763	0.215856
144	-5.11629	-5.12766	-5.20428	-5.4746	-6.11327	0.269961	0.266909	0.247223	0.188665	0.027242	0.248813
145	-3.76847	-3.78834	-3.92215	-4.39282	-5.49519	0.292217	0.286468	0.250589	0.156513	0.0142141	0.199402
146	-36.2799	-30.1277	-24.4526	-20.6685	-18.5161	4.91606e-08	2.30933e-05	0.00673213	0.296184	0.697061	1.65872
147	-3.97364	-3.99622	-4.14827	-4.68315	-5.93586	0.298707	0.292039	0.250844	0.146929	0.0114811	0.186904
148	-13.0258	-13.0438	-13.1653	-13.5927	-14.5947	0.287675	0.282533	0.250215	0.163192	0.016385	0.208624
149	-15.0664	-13.0257	-11.202	-10.1807	-10.0323	0.00433373	0.0333508	0.206608	0.573712	0.181996	0.8379
150	-10.3599	-10.378	-10.5005	-10.9313	-11.9415	0.288039	0.28285	0.250254	0.162659	0.0161989	0.207864
151	-13.0556	-11.0184	-9.218	-8.27671	-8.30228	0.00485998	0.0372704	0.225563	0.578179	0.154128	0.787251
152	-3.97364	-3.99622	-4.14827	-4.68315	-5.93586	0.298707	0.292039	0.250844	0.146929	0.0114811	0.186904
153	-8.9762	-8.99724	-9.13899	-9.63777	-10.8072	0.295089	0.288944	0.250757	0.152277	0.0129329	0.193737
154	-14.7493	-12.7156	-10.938	-10.078	-10.2985	0.00543086	0.0415077	0.245529	0.580247	0.127286	0.737144
155	-15.3713	-13.3336	-11.5295	-10.5757	-10.5737	0.00477542	0.0366419	0.222569	0.577705	0.158309	0.794967
156	-7.49165	-7.51331	-7.65918	-8.17204	-9.37128	0.296517	0.290163	0.250779	0.150162	0.0123781	0.191072
157	-13.9506	-11.9106	-10.0918	-9.09022	-9.00045	0.00446848	0.0343641	0.211853	0.576766	0.172548	0.821641
158	-4.82593	-4.83462	-4.89318	-5.09975	-5.58765	0.26216	0.259892	0.24511	0.199366	0.0334716	0.26897
159	-24.3071	-24.3248	-24.4439	-24.8631	-25.8451	0.286793	0.281764	0.250115	0.164481	0.0168474	0.210488
160	-3.79225	-3.8145	-3.96439	-4.49256	-5.73569	0.298022	0.291465	0.250894	0.147947	0.0116719	0.18804
161	-49.1139	-42.9178	-36.9688	-32.4195	-29.0257	6.13855e-09	3.01307e-06	0.00115515	0.109229	0.889613	1.91717
162	-4.50935	-4.52155	-4.60382	-4.89435	-5.5828	0.272356	0.269053	0.247806	0.185325	0.0254602	0.242842
163	-9.37557	-9.38799	-9.47167	-9.76661	-10.4616	0.272874	0.269506	0.247871	0.184559	0.0251908	0.241746
164	-4.50935	-4.52155	-4.60382	-4.89435	-5.5828	0.272356	0.269053	0.247806	0.185325	0.0254602	0.242842
165	-4.71955	-4.73121	-4.80983	-5.08729	-5.74351	0.270812	0.267672	0.247434	0.187482	0.0266005	0.246677
166	-7.63139	-7.65021	-7.77696	-8.22295	-9.26861	0.289642	0.284241	0.250403	0.160306	0.015408	0.204564
167	-4.50935	-4.52155	-4.60382	-4.89435	-5.5828	0.272356	0.269053	0.247806	0.185325	0.0254602	0.242842
168	-4.2707	-4.29019	-4.42146	-4.88403	-5.97288	0.291363	0.28574	0.250587	0.157785	0.0145247	0.20096
169	-26.1749	-24.1361	-22.3245	-21.3452	-21.2893	0.00460668	0.035387	0.21657	0.576672	0.166764	0.810525
170	-17.5006	-17.51	-17.5733	-17.7937	-18.2951	0.263853	0.261379	0.245351	0.196817	0.0326002	0.265379
171	-11.802	-11.814	-11.8955	-12.183	-12.862	0.271992	0.268723	0.247697	0.185818	0.0257707	0.243816
172	-4.83839	-4.85036	-4.93106	-5.21576	-5.8882	0.271668	0.268434	0.247622	0.186272	0.0260034	0.244609
173	-7.51871	-7.53131	-7.61622	-7.91541	-8.61871	0.273363	0.26994	0.247966	0.183847	0.0248849	0.240619
174	-10.1953	-10.2129	-10.3316	-10.7499	-11.7367	0.28669	0.281687	0.250179	0.164659	0.0167853	0.210501
175	-4.16449	-4.18331	-4.31007	-4.75695	-5.81047	0.289722	0.284322	0.250472	0.160207	0.0152779	0.204237
176	-4.72403	-4.73673	-4.82232	-5.12424	-5.83712	0.273689	0.270235	0.248066	0.18342	0.0245906	0.239724
177	-3.97364	-3.99622	-4.14827	-4.68315	-5.93586	0.298707	0.292039	0.250844	0.146929	0.0114811	0.186904
178	-4.38425	-4.39557	-4.47184	-4.74124	-5.3796	0.269852	0.266816	0.24722	0.188837	0.0272753	0.249005
179	-3.90002	-3.92105	-4.0627	-4.56127	-5.73102	0.295065	0.288925	0.250765	0.152313	0.0129314	0.193762
180	-6.87557	-6.89673	-7.03918	-7.53944	-8.70554	0.295259	0.289077	0.250696	0.152016	0.0129533	0.193579
181	-4.50935	-4.52155	-4.60382	-4.89435	-5.5828	0.272356	0.269053	0.247806	0.185325	0.0254602	0.242842
182	-3.84174	-3.86315	-4.00729	-4.51396	-5.69842	0.295898	0.289632	0.250753	0.151078	0.0126391	0.192266
183	-4.38149	-4.40117	-4.53366	-4.99958	-6.09023	0.291727	0.286044	0.250548	0.157233	0.0144479	0.200396
184	-14.3343	-14.353	-14.4787	-14.9209	-15.9568	0.289248	0.283898	0.250358	0.160881	0.0156152	0.205397
185	-4.36093	-4.38013	-4.50943	-4.96399	-6.02726	0.290547	0.285021	0.250451	0.158968	0.0150127	0.202793
186	-20.9692	-16.877	-13.1558	-10.8513	-9.9245	2.25008e-05	0.0013472	0.0556599	0.557676	0.385294	1.21719
187	-4.86028	-4.87027	-4.93759	-5.17507	-5.73606	0.265991	0.263348	0.246203	0.194158	0.0303	0.258884
188	-13.481	-13.501	-13.6356	-14.1072	-15.202	0.292348	0.286561	0.250489	0.156299	0.0143029	0.199412
189	-3.79234	-3.81521	-3.96929	-4.51229	-5.79069	0.299485	0.292714	0.250916	0.145783	0.0111026	0.18531
190	-4.03918	-4.05997	-4.19992	-4.69134	-5.83687	0.294362	0.288306	0.250655	0.15334	0.0133376	0.195319
191	-26.5515	-26.5638	-26.6468	-26.9394	-27.6272	0.272582	0.269245	0.247801	0.184948	0.0254247	0.242495
192	-15.6372	-13.5994	-11.7943	-10.8358	-10.8165	0.00474051	0.0363792	0.2212	0.576847	0.160833	0.799286
193	-3.90848	-3.9301	-4.07571	-4.58829	-5.79134	0.296477	0.290137	0.250821	0.150229	0.0123366	0.191043
194	-4.0867	-4.10249	-4.20888	-4.58358	-5.46483	0.281954	0.277537	0.249527	0.171548	0.0194349	0.220809
195	-7.82298	-7.84391	-7.98481	-8.48004	-9.63718	0.294741	0.288637	0.250701	0.152785	0.013136	0.194512
196	-7.85921	-7.878	-8.00458	-8.45029	-9.49738	0.289607	0.284216	0.250422	0.160364	0.0153915	0.204575
197	-8.81241	-8.82524	-8.91173	-9.21682	-9.93734	0.274058	0.270564	0.248146	0.182898	0.0243338	0.238833
198	-24.0684	-19.9723	-16.225	-13.8294	-12.6938	1.83826e-05	0.00110491	0.0468562	0.514235	0.437786	1.29185
199	-25.2299	-21.1334	-17.383	-14.9739	-13.7889	1.76924e-05	0.00106386	0.0452519	0.503415	0.450252	1.30931
200	-7.97023	-7.99235	-8.14131	-8.66492	-9.88823	0.297595	0.291084	0.250798	0.148567	0.0119555	0.189055
201	-15.161	-13.1222	-11.3108	-10.3318	-10.2736	0.00460694	0.0353878	0.21653	0.576407	0.167067	0.810948
202	-15.946	-13.9007	-12.0453	-10.9123	-10.4975	0.00363334	0.0280921	0.179612	0.557725	0.230938	0.922036
203	-24.6746	-22.6362	-20.828	-19.8598	-19.8253	0.00467863	0.0359216	0.219106	0.576969	0.163326	0.804124
204	-4.3843	-4.39593	-4.47434	-4.75128	-5.40762	0.27075	0.267619	0.247437	0.187582	0.0266113	0.246773
205	-3.98146	-4.00467	-4.16098	-4.71089	-5.99931	0.300185	0.293299	0.250858	0.144745	0.0109137	0.184161
206	-39.681	-33.5229	-27.8092	-23.9019	-21.5199	3.52579e-08	1.666e-05	0.00504767	0.251194	0.743741	1.72156
207	-41.658	-35.509	-29.8558	-26.1467	-24.1571	6.06606e-08	2.84025e-05	0.00810079	0.330643	0.661228	1.61044
208	-4.41066	-4.42717	-4.53842	-4.9303	-5.85239	0.28384	0.279192	0.249799	0.16881	0.0183594	0.216668
209	-3.79234	-3.81521	-3.96929	-4.51228	-5.79067	0.299484	0.292714	0.250916	0.145783	0.0111028	0.185311
210	-80.9551	-66.5726	-53.1464	-43.6676	-37.1184	3.3327e-19	5.87538e-13	3.98075e-07	0.00520618	0.994793	2.05729
211	-4.7322	-4.74525	-4.83324	-5.14362	-5.87665	0.274672	0.27111	0.248274	0.182027	0.023917	0.23737
212	-4.31641	-4.33508	-4.46087	-4.90351	-5.9418	0.289289	0.283936	0.250377	0.160826	0.0155723	0.205273
213	-31.7434	-27.6487	-23.9113	-21.5498	-20.4903	1.98408e-05	0.0011908	0.050003	0.530359	0.418427	1.26438
214	-46.7269	-38.5191	-30.9191	-25.7553	-22.5981	1.04942e-10	3.85101e-07	0.0007695	0.134523	0.864707	1.88436
215	-3.90848	-3.9301	-4.07571	-4.58828	-5.79131	0.296476	0.290136	0.250821	0.150229	0.0123369	0.191044
216	-3.77839	-3.79882	-3.93637	-4.42027	-5.55406	0.293576	0.287641	0.250675	0.15451	0.0135982	0.196704
217	-14.8544	-14.8729	-14.9972	-15.4346	-16.46	0.288735	0.283455	0.250319	0.161637	0.0158539	0.206427
218	-7.35369	-7.37478	-7.51684	-8.01634	-9.18499	0.295171	0.289009	0.250734	0.152154	0.0129321	0.193643
219	-14.3786	-14.3892	-14.461	-14.7136	-15.3057	0.267826	0.264985	0.246625	0.191583	0.0289805	0.254387
220	-8.3127	-8.32358	-8.39682	-8.65447	-9.25801	0.268436	0.265533	0.246779	0.190727	0.0285245	0.252859
221	-17.5595	-15.5031	-13.5787	-12.2627	-11.6258	0.00273728	0.0214002	0.146613	0.546616	0.282634	1.01432
222	-17.0196	-17.0284	-17.0876	-17.2967	-17.7907	0.262479	0.26018	0.245206	0.198937	0.0331971	0.268113
223	-23.0297	-23.0412	-23.1185	-23.3885	-24.008	0.269901	0.266819	0.246984	0.188545	0.0277511	0.249729
224	-7.53036	-7.5433	-7.63054	-7.93798	-8.66092	0.274324	0.270795	0.248172	0.182488	0.0242207	0.238309
225	-11.0598	-11.0786	-11.2047	-11.6496	-12.6983	0.28951	0.284138	0.250453	0.160518	0.015381	0.20467
226	-32.8851	-26.7359	-21.0815	-17.3692	-15.3804	6.04131e-08	2.82922e-05	0.00807942	0.330822	0.66107	1.61024
227	-4.39134	-4.41156	-4.54776	-5.02678	-6.14852	0.293078	0.28721	0.250639	0.155244	0.0138282	0.197701
228	-8.55688	-8.57557	-8.7015	-9.14534	-10.1907	0.289403	0.284044	0.250434	0.160671	0.0154484	0.204916
229	-4.46165	-4.48118	-4.61269	-5.0757	-6.16339	0.291416	0.285782	0.250566	0.157702	0.0145339	0.200914
230	-14.8116	-12.7666	-10.914	-9.79085	-9.40245	0.00369502	0.0285577	0.1821	0.559868	0.225779	0.913438
231	-4.16996	-4.1893	-4.3196	-4.77901	-5.86236	0.29103	0.285457	0.250582	0.158281	0.0146507	0.201576
232	-4.62582	-4.63893	-4.72731	-5.03936	-5.77822	0.274864	0.271284	0.248338	0.18177	0.0237441	0.23684
233	-25.0689	-20.9645	-17.1614	-14.5711	-12.9861	1.14467e-05	0.000693741	0.0311054	0.414767	0.553423	1.45424
234	-4.38427	-4.39568	-4.47261	-4.74432	-5.3882	0.270128	0.267063	0.247288	0.188451	0.0270701	0.248317
235	-17.62	-15.5762	-13.7313	-12.6348	-12.3059	0.00385548	0.0297637	0.188334	0.563808	0.21424	0.893701
236	-4.16617	-4.18514	-4.31299	-4.76372	-5.82636	0.290125	0.284672	0.250507	0.159614	0.0150832	0.203415
237	-10.1442	-10.1508	-10.1948	-10.3441	-10.6593	0.2547	0.253024	0.242121	0.208544	0.0416116	0.291791
238	-3.79236	-3.81535	-3.97025	-4.51614	-5.80146	0.299769	0.292956	0.250918	0.145362	0.0109942	0.184784
239	-4.62682	-4.64	-4.72884	-5.04256	-5.7854	0.275057	0.271455	0.248378	0.181496	0.0236143	0.236383
240	-4.62682	-4.64	-4.72884	-5.04256	-5.7854	0.275057	0.271455	0.248378	0.181496	0.0236143	0.236383
248	-4.8646	-4.87473	-4.943	-5.18382	-5.75278	0.266401	0.263716	0.246314	0.193597	0.0299727	0.257826
249	-4.08686	-4.1046	-4.2241	-4.64559	-5.6405	0.28703	0.281985	0.250222	0.164163	0.0166001	0.209769
250	-5.18807	-5.19987	-5.27941	-5.56017	-6.22424	0.271202	0.26802	0.247527	0.186935	0.0263153	0.245713
251	-8.72438	-8.73848	-8.83349	-9.1682	-9.95593	0.277468	0.273582	0.248786	0.178018	0.0221452	0.230923
252	-12.9141	-12.926	-13.0062	-13.2872	-13.9405	0.271235	0.268024	0.247382	0.186782	0.0265776	0.246114
253	-4.38428	-4.39575	-4.4731	-4.74629	-5.39369	0.270304	0.26722	0.24733	0.188206	0.0269396	0.247879
254	-16.3204	-14.2812	-12.4675	-11.4804	-11.4058	0.00455482	0.0349999	0.214666	0.576044	0.169735	0.815834
255	-54.7727	-50.6797	-46.9536	-44.6316	-43.6633	2.16544e-05	0.00129747	0.05387	0.549226	0.395585	1.23186
256	-26.4927	-22.3999	-18.6745	-16.3547	-15.3877	2.17301e-05	0.00130184	0.0540089	0.549463	0.395205	1.23128
257	-7.74733	-7.75734	-7.82475	-8.06154	-8.61401	0.265896	0.263248	0.246089	0.194201	0.030566	0.259442
258	-4.84488	-4.85385	-4.91437	-5.12786	-5.63227	0.263027	0.260675	0.245368	0.198199	0.032731	0.266651
259	-7.57305	-7.59252	-7.72373	-8.18571	-9.2712	0.291308	0.285689	0.250561	0.157862	0.0145806	0.201125
260	-26.7276	-22.6344	-18.9067	-16.5772	-15.5796	2.12125e-05	0.00127127	0.052867	0.543085	0.402756	1.24195
261	-11.2378	-11.2499	-11.3312	-11.6181	-12.297	0.271937	0.268677	0.247696	0.185905	0.0257857	0.24391
262	-23.4859	-21.4477	-19.6403	-18.6761	-18.6598	0.00471053	0.0361627	0.220403	0.578039	0.160685	0.799708
263	-41.662	-34.5156	-27.1845	-22.0554	-18.8954	4.09903e-10	5.20384e-07	0.000794644	0.134196	0.865009	1.88475
264	-3.983	-4.00633	-4.16347	-4.71633	-6.01182	0.300473	0.293544	0.250859	0.144319	0.0108049	0.18363
265	-14.4252	-14.4423	-14.5576	-14.9634	-15.917	0.28536	0.280518	0.249978	0.166588	0.0175559	0.213443
266	-14.5087	-12.4729	-10.6818	-9.77397	-9.8832	0.00509359	0.0390086	0.233905	0.57983	0.142162	0.765347
267	-7.88291	-7.89221	-7.95484	-8.17446	-8.68405	0.26377	0.261327	0.245463	0.197064	0.0323752	0.265116
268	-11.4606	-11.4713	-11.5435	-11.798	-12.3981	0.268059	0.265203	0.246734	0.191296	0.0287088	0.253641
269	-15.9902	-13.9541	-12.1612	-11.2465	-11.3367	0.00504433	0.0386416	0.232129	0.57941	0.144775	0.770095
270	-16.7912	-14.7554	-12.9643	-12.0567	-12.1666	0.00509545	0.0390225	0.233971	0.579841	0.142071	0.765177
271	-41.182	-35.0284	-29.344	-25.5269	-23.2935	4.44561e-08	2.09121e-05	0.00615308	0.279785	0.714041	1.68156
272	-24.836	-24.8563	-24.9929	-25.4726	-26.5907	0.29316	0.287271	0.250591	0.155111	0.0138661	0.197674
273	-10.4437	-10.4568	-10.5451	-10.8565	-11.5919	0.274788	0.271212	0.248298	0.181863	0.0238384	0.237095
274	-10.4378	-10.448	-10.5163	-10.7576	-11.3278	0.266454	0.263765	0.246331	0.193526	0.0299238	0.257678
275	-4.3004	-4.31872	-4.44213	-4.87631	-5.89421	0.288397	0.283161	0.250286	0.162134	0.0160224	0.207127
276	-12.6294	-12.6464	-12.7614	-13.166	-14.1167	0.285231	0.280406	0.249961	0.166775	0.0176275	0.213722
277	-23.209	-21.1649	-19.318	-18.2146	-17.8705	0.00381379	0.0294507	0.186727	0.562857	0.217152	0.898707
278	-14.5376	-14.5536	-14.6618	-15.0429	-15.9392	0.282654	0.278151	0.24963	0.170533	0.0190319	0.219266
279	-4.08814	-4.10401	-4.21096	-4.58767	-5.47371	0.282175	0.277731	0.249561	0.171227	0.0193059	0.220318
280	-4.19503	-4.21336	-4.33681	-4.77156	-5.79349	0.28845	0.283212	0.250321	0.162065	0.0159511	0.206937
281	-4.51477	-4.52738	-4.61239	-4.91265	-5.6243	0.273495	0.270068	0.248058	0.183718	0.0246606	0.240082
282	-26.7386	-24.6948	-22.8495	-21.7519	-21.4215	0.00384941	0.0297185	0.188119	0.563775	0.214539	0.894254
283	-14.4925	-12.4552	-10.6539	-9.7113	-9.74493	0.00485648	0.0372491	0.225632	0.579124	0.153138	0.785918
284	-4.41255	-4.42915	-4.54098	-4.93496	-5.86208	0.284069	0.279392	0.249831	0.168477	0.0182313	0.21617
285	-4.30521	-4.32298	-4.44272	-4.86463	-5.85775	0.28708	0.282023	0.250197	0.164078	0.0166212	0.209747
286	-11.2378	-11.2499	-11.3312	-11.6181	-12.297	0.271937	0.268677	0.247696	0.185905	0.0257857	0.24391
287	-8.1156	-8.12891	-8.21856	-8.53399	-9.27414	0.275262	0.271622	0.248332	0.181151	0.0236331	0.236164
288	-8.56359	-8.5821	-8.70677	-9.14606	-10.18	0.288926	0.283629	0.250383	0.16137	0.0156931	0.205915
289	-4.28675	-4.30099	-4.39699	-4.73587	-5.53764	0.277937	0.274006	0.248924	0.177376	0.0217576	0.229687
290	-3.91014	-3.93187	-4.07826	-4.59359	-5.80319	0.296751	0.290372	0.250831	0.149823	0.0122228	0.190517
291	-3.91014	-3.93187	-4.07826	-4.59359	-5.80319	0.296751	0.290372	0.250831	0.149823	0.0122228	0.190517
292	-3.78035	-3.80088	-3.93917	-4.42566	-5.56567	0.293841	0.287869	0.250691	0.154119	0.0134796	0.19618
293	-4.28751	-4.30708	-4.43891	-4.90355	-5.99812	0.291575	0.285926	0.250611	0.157474	0.0144133	0.20051
294	-6.73719	-6.75916	-6.90704	-7.42646	-8.63823	0.297188	0.290731	0.250765	0.149172	0.0121434	0.189872
295	-8.23235	-8.2512	-8.37823	-8.82568	-9.87804	0.289787	0.284374	0.250451	0.160103	0.0152856	0.204174
296	-8.82839	-8.83726	-8.89704	-9.10794	-9.60627	0.262703	0.260383	0.245274	0.198637	0.0330033	0.26751
297	-3.78035	-3.80088	-3.93917	-4.42566	-5.56567	0.293841	0.287869	0.250691	0.154119	0.0134796	0.19618
298	-12.8716	-10.8352	-9.03999	-8.11802	-8.19465	0.0049957	0.0382819	0.230474	0.579467	0.146781	0.773964
299	-22.1703	-22.1884	-22.311	-22.7415	-23.7476	0.288017	0.282824	0.250214	0.162678	0.0162675	0.208011
300	-27.2275	-23.1349	-19.4115	-17.0976	-16.1401	2.19825e-05	0.00131658	0.0545166	0.551339	0.392805	1.2278
301	-8.48303	-8.49839	-8.60187	-8.96613	-9.81975	0.280788	0.276507	0.249324	0.173208	0.0201729	0.223489
302	-14.6132	-12.5764	-10.7784	-9.84463	-9.88199	0.00490857	0.0376296	0.2272	0.577991	0.152271	0.783589
303	-7.57304	-7.59252	-7.72372	-8.18569	-9.27113	0.291307	0.285688	0.25056	0.157863	0.0145815	0.201128
304	-45.4775	-37.2736	-29.7002	-24.6304	-21.6966	1.43733e-10	5.25374e-07	0.00102225	0.162675	0.836302	1.84655
305	-10.7619	-10.7798	-10.9002	-11.3238	-12.3178	0.28727	0.282182	0.250182	0.16379	0.0165767	0.209444
306	-10.0315	-10.0427	-10.1185	-10.3855	-11.0155	0.269567	0.266554	0.247115	0.189205	0.0275587	0.249835
307	-12.4145	-10.3783	-8.58466	-7.66795	-7.75594	0.00503161	0.0385482	0.231724	0.579552	0.145145	0.770885
308	-4.55785	-4.57603	-4.69851	-5.13056	-6.15057	0.288152	0.282962	0.250342	0.162517	0.0160263	0.207422
309	-9.7726	-9.78508	-9.86919	-10.1659	-10.8665	0.273078	0.269691	0.247936	0.184284	0.025011	0.241189
310	-4.51476	-4.52737	-4.61238	-4.91264	-5.62428	0.273495	0.270068	0.248058	0.183719	0.0246611	0.240083
311	-3.85284	-3.87496	-4.02392	-4.54762	-5.77254	0.297605	0.291094	0.250808	0.148558	0.0119355	0.189009
312	-4.79153	-4.80237	-4.87544	-5.13365	-5.74627	0.26851	0.265615	0.246898	0.190713	0.0282647	0.252336
313	-8.1156	-8.12891	-8.21856	-8.53399	-9.27411	0.275261	0.271622	0.248332	0.181152	0.0236336	0.236165
314	-4.55785	-4.57603	-4.69851	-5.13056	-6.15057	0.288152	0.282962	0.250342	0.162517	0.0160263	0.207422
315	-8.45275	-8.46348	-8.53576	-8.79008	-9.38719	0.268041	0.26518	0.246691	0.191294	0.028794	0.253807
316	-4.73581	-4.75485	-4.88306	-5.33448	-6.39494	0.290207	0.284736	0.250472	0.159481	0.0151035	0.203355
317	-13.7256	-11.6854	-9.86422	-8.8517	-8.72169	0.00438973	0.0337686	0.208653	0.574319	0.17887	0.832281
318	-8.79921	-8.81749	-8.94063	-9.37443	-10.395	0.288347	0.283125	0.250321	0.162219	0.0159881	0.207124
319	-4.41254	-4.42914	-4.54097	-4.93495	-5.86203	0.284068	0.279392	0.24983	0.168478	0.0182322	0.216172
320	-4.30039	-4.31871	-4.44212	-4.8763	-5.89413	0.288396	0.28316	0.250286	0.162135	0.0160234	0.20713
321	-8.62688	-8.63731	-8.70756	-8.95486	-9.5356	0.267186	0.264414	0.246477	0.192474	0.0294496	0.255968
322	-11.4099	-11.4207	-11.4938	-11.7518	-12.3635	0.268485	0.265592	0.246886	0.190743	0.0282931	0.252414
323	-4.38605	-4.40414	-4.52598	-4.95518	-5.96487	0.28786	0.2827	0.250271	0.162935	0.0162341	0.208138
324	-20.011	-20.0301	-20.1583	-20.61	-21.6706	0.290229	0.284754	0.250471	0.159449	0.0150971	0.203318
325	-50.5553	-42.3485	-34.7552	-29.6118	-26.4823	1.10542e-10	4.05231e-07	0.000804318	0.137782	0.861413	1.87997
326	-3.78034	-3.80087	-3.93916	-4.42564	-5.56559	0.293841	0.287869	0.25069	0.15412	0.0134806	0.196183
327	-4.19503	-4.21335	-4.3368	-4.77154	-5.79343	0.28845	0.283212	0.250321	0.162066	0.015952	0.206939
328	-4.30039	-4.31871	-4.44212	-4.8763	-5.89413	0.288396	0.28316	0.250286	0.162135	0.0160234	0.20713
329	-12.3374	-12.3534	-12.4612	-12.8409	-13.7338	0.282507	0.278022	0.249607	0.170745	0.0191192	0.219594
330	-10.344	-10.3634	-10.4939	-10.9532	-12.0315	0.291031	0.285448	0.250531	0.158268	0.0147226	0.201705
331	-12.821	-10.7871	-9.00867	-8.14672	-8.37121	0.00542089	0.0414375	0.245333	0.58089	0.126918	0.736821
332	-7.2096	-7.22559	-7.3333	-7.71266	-8.60474	0.282468	0.277987	0.249601	0.170802	0.019142	0.219681
333	-7.12925	-7.14771	-7.27209	-7.70964	-8.73506	0.288754	0.28347	0.250317	0.161609	0.0158508	0.2064
334	-9.0614	-9.07975	-9.20335	-9.63864	-10.6618	0.288507	0.283262	0.250326	0.161982	0.0159234	0.206821
335	-4.38431	-4.396	-4.47482	-4.75324	-5.4131	0.270925	0.267776	0.247479	0.187337	0.0264832	0.24634
336	-4.77866	-4.7893	-4.86098	-5.11368	-5.70952	0.267843	0.265009	0.246678	0.191595	0.0288758	0.25419
337	-4.31845	-4.33722	-4.46367	-4.90868	-5.9526	0.289538	0.284153	0.2504	0.16046	0.0154497	0.204761
338	-3.79236	-3.81535	-3.97025	-4.51614	-5.80143	0.299769	0.292956	0.250918	0.145363	0.0109946	0.184785
339	-4.38605	-4.40414	-4.52598	-4.95518	-5.96487	0.28786	0.2827	0.250271	0.162935	0.0162341	0.208138
340	-12.2474	-12.2669	-12.3978	-12.8596	-13.9484	0.291271	0.285665	0.2506	0.157926	0.0145381	0.201091
341	-4.62682	-4.64	-4.72884	-5.04255	-5.78539	0.275056	0.271455	0.248377	0.181497	0.0236146	0.236384
342	-8.02038	-8.03929	-8.16669	-8.61526	-9.66909	0.289908	0.284477	0.250448	0.159921	0.0152459	0.203961
343	-32.8772	-28.7759	-24.995	-22.4975	-21.1945	1.48549e-05	0.000897523	0.039363	0.478304	0.481421	1.35403
344	-15.3147	-13.2729	-11.4412	-10.3911	-10.1696	0.00414518	0.0319372	0.19943	0.569965	0.194522	0.859638
345	-4.32624	-4.34126	-4.4424	-4.79849	-5.63484	0.279883	0.275712	0.24919	0.174535	0.0206814	0.225469
346	-4.26105	-4.2758	-4.3752	-4.72525	-5.54789	0.279203	0.275113	0.249083	0.175516	0.0210848	0.226988
347	-16.736	-16.751	-16.8525	-17.21	-18.0527	0.280036	0.275854	0.249252	0.174333	0.0205251	0.225013
348	-24.5643	-22.5227	-20.6927	-19.6485	-19.439	0.00418143	0.0322082	0.200775	0.570468	0.192368	0.855816
349	-16.8083	-14.7668	-12.9371	-11.8941	-11.6897	0.00419087	0.0322797	0.201165	0.57084	0.191524	0.854422
350	-10.3731	-10.3806	-10.4307	-10.6076	-11.0249	0.258387	0.256472	0.243928	0.20439	0.0368227	0.279275
351	-15.4665	-13.4227	-11.5775	-10.4816	-10.1625	0.00386419	0.0298325	0.188817	0.564921	0.212565	0.891157
352	-4.16894	-4.18405	-4.28588	-4.64475	-5.49007	0.280191	0.275988	0.24927	0.174105	0.0204462	0.224689
353	-17.1975	-15.1585	-13.3456	-12.36	-12.2785	0.00455874	0.0350251	0.214641	0.575133	0.170642	0.817029
354	-13.6398	-11.6	-9.78219	-8.7798	-8.6632	0.00445025	0.0342167	0.210722	0.57417	0.176441	0.82755
355	-21.1659	-19.1197	-17.2587	-16.1057	-15.6455	0.00351609	0.0272086	0.174958	0.554182	0.240135	0.937529
356	-24.556	-20.4545	-16.671	-14.1481	-12.7133	1.35374e-05	0.000818065	0.0359694	0.448362	0.514837	1.40028
357	-4.11931	-4.13412	-4.2339	-4.58548	-5.41313	0.279374	0.275267	0.249128	0.175279	0.0209512	0.226551
358	-12.8149	-10.7746	-8.95323	-7.93908	-7.80048	0.00437632	0.0336666	0.208077	0.57367	0.18021	0.83446
359	-4.79045	-4.80072	-4.86996	-5.1141	-5.69019	0.266804	0.264077	0.246413	0.193033	0.0296731	0.256821
360	-9.55117	-9.56169	-9.63258	-9.88245	-10.4711	0.267498	0.264699	0.246583	0.192063	0.0291564	0.255088
361	-22.8007	-22.8153	-22.9138	-23.2602	-24.0718	0.2788	0.274752	0.248981	0.176079	0.0213879	0.228
362	-16.5268	-16.5357	-16.5954	-16.8049	-17.2929	0.262516	0.260199	0.245127	0.198786	0.0333711	0.268347
363	-4.33154	-4.34842	-4.46207	-4.86149	-5.79462	0.28467	0.279905	0.249835	0.167566	0.0180241	0.215086
364	-4.68205	-4.69785	-4.80427	-5.17872	-6.0565	0.281928	0.277508	0.249492	0.171567	0.0195048	0.22096
365	-11.4679	-11.4766	-11.5347	-11.7399	-12.2241	0.261983	0.259731	0.245052	0.199599	0.0336362	0.269466
366	-4.13675	-4.15289	-4.26163	-4.6449	-5.54768	0.282894	0.278365	0.249681	0.17019	0.0188705	0.218695
367	-19.4944	-19.5045	-19.5725	-19.812	-20.3713	0.266209	0.263533	0.246196	0.193772	0.0302901	0.258583
368	-9.16335	-9.1798	-9.29061	-9.68039	-10.5935	0.283615	0.278987	0.249724	0.169116	0.0185587	0.217285
369	-14.5557	-12.5163	-10.7008	-9.70682	-9.6114	0.00450641	0.0346368	0.212818	0.575036	0.173003	0.821488
370	-24.0758	-19.974	-16.1883	-13.657	-12.2	1.3242e-05	0.000800469	0.0352742	0.44337	0.520543	1.40824
371	-32.996	-28.8962	-25.1244	-22.6436	-21.3136	1.50582e-05	0.000908409	0.0394796	0.47177	0.487827	1.36245
372	-23.1599	-21.1194	-19.2961	-18.2755	-18.1206	0.00433332	0.0333446	0.206461	0.57293	0.182931	0.839226
373	-16.7546	-14.7135	-12.8862	-11.8512	-11.6636	0.00424118	0.0326556	0.203027	0.571529	0.188547	0.849137
374	-32.4297	-28.3307	-24.5639	-22.1002	-20.8079	1.56781e-05	0.00094509	0.0408678	0.480092	0.47808	1.34873
375	-63.5444	-53.276	-43.6933	-36.9577	-32.4004	1.04971e-13	3.02387e-09	4.38825e-05	0.0369408	0.963015	2.01513
376	-5.14219	-5.15217	-5.21947	-5.4569	-6.01791	0.265984	0.263342	0.246204	0.194169	0.030301	0.258894
377	-48.3326	-42.1733	-36.4506	-32.4987	-29.9525	2.94722e-08	1.39429e-05	0.00426298	0.221802	0.773921	1.76202
378	-4.72334	-4.73217	-4.79168	-5.00135	-5.49505	0.262546	0.260238	0.245205	0.198823	0.0331877	0.268011
379	-4.26289	-4.27472	-4.35441	-4.63565	-5.3005	0.271259	0.268071	0.247535	0.186851	0.0262833	0.245588
380	-16.6281	-14.588	-12.7679	-11.7585	-11.6332	0.00440876	0.0339099	0.209318	0.574334	0.17803	0.830684
381	-4.68254	-4.69343	-4.76686	-5.02578	-5.63648	0.268593	0.265682	0.246872	0.190558	0.0282959	0.252284
382	-32.884	-26.7286	-21.0322	-17.1723	-14.8382	3.90635e-08	1.84083e-05	0.00548219	0.260189	0.734311	1.70882
383	-29.7047	-25.6048	-21.8319	-19.3445	-17.9822	1.47082e-05	0.000887401	0.0386074	0.464438	0.496052	1.37386
384	-4.74552	-4.75297	-4.80321	-4.98038	-5.39853	0.258429	0.25651	0.243942	0.204335	0.0367843	0.279159
385	-13.1075	-11.0674	-9.24688	-8.23651	-8.11006	0.00440284	0.033866	0.209117	0.574366	0.178248	0.83112
386	-15.178	-13.13	-11.2563	-10.0583	-9.48937	0.00325367	0.0252252	0.164272	0.544311	0.262938	0.975302
387	-18.1425	-16.0933	-14.2134	-13.0135	-12.5257	0.00329296	0.0255595	0.16748	0.556016	0.247652	0.952985
388	-4.13675	-4.15289	-4.26163	-4.6449	-5.54768	0.282894	0.278365	0.249681	0.17019	0.0188705	0.218695
389	-26.3798	-22.2845	-18.5423	-16.1625	-15.0496	1.89584e-05	0.00113862	0.0480383	0.518911	0.431893	1.28336
390	-32.2664	-26.1147	-20.4429	-16.6696	-14.5363	5.05455e-08	2.37319e-05	0.00689535	0.300117	0.692964	1.6532
391	-14.4858	-14.4955	-14.5609	-14.7912	-15.334	0.265115	0.262556	0.245944	0.19534	0.0310456	0.261224
392	-21.0463	-21.0537	-21.1041	-21.2818	-21.7011	0.258493	0.256568	0.243963	0.204251	0.0367253	0.278981
393	-17.3891	-15.35	-13.5368	-12.5502	-12.4682	0.00455343	0.0349861	0.214472	0.575236	0.170753	0.817302
394	-8.74945	-8.76549	-8.87346	-9.25262	-10.1362	0.282453	0.277959	0.24951	0.170775	0.0193031	0.219976
395	-3.93396	-3.95333	-4.08377	-4.54245	-5.61516	0.290971	0.285389	0.250489	0.158339	0.0148127	0.201934
396	-3.9655	-3.98285	-4.09963	-4.50937	-5.46197	0.285795	0.280879	0.249921	0.165904	0.0175012	0.212825
397	-43.1234	-34.9126	-27.2927	-22.0593	-18.7403	8.30614e-11	3.05708e-07	0.000623122	0.116795	0.882581	1.90814
398	-4.26105	-4.2758	-4.3752	-4.72525	-5.54789	0.279203	0.275113	0.249083	0.175516	0.0210848	0.226988
399	-10.8311	-10.8476	-10.9582	-11.347	-12.2547	0.283512	0.27889	0.249675	0.169248	0.0186742	0.21761
400	-24.2943	-22.248	-20.386	-19.2273	-18.7388	0.00347242	0.0268741	0.172981	0.551039	0.245634	0.94619
401	-4.13814	-4.15246	-4.24889	-4.58815	-5.38346	0.277986	0.274035	0.248845	0.177251	0.0218831	0.22984
402	-24.75	-24.7662	-24.8756	-25.2605	-26.163	0.283077	0.278517	0.24966	0.169902	0.0188435	0.218427
403	-4.16894	-4.18405	-4.28588	-4.64475	-5.49007	0.280191	0.275988	0.24927	0.174105	0.0204462	0.224689
404	-3.71819	-3.73524	-3.85003	-4.25365	-5.19769	0.285122	0.280303	0.249905	0.166911	0.0177587	0.21408
405	-4.70346	-4.71677	-4.8064	-5.1222	-5.8656	0.2753	0.271662	0.248373	0.181113	0.0235515	0.235976
406	-15.0303	-12.9893	-11.1627	-10.1292	-9.93894	0.00424733	0.0326991	0.20315	0.571019	0.188884	0.84948
407	-26.4176	-22.3198	-18.5616	-16.1274	-14.8982	1.67755e-05	0.00100994	0.0432972	0.49392	0.461756	1.32569
408	-20.0538	-18.0129	-16.1873	-15.1584	-14.9824	0.00427836	0.032933	0.204385	0.571911	0.186492	0.845433
409	-10.5646	-10.5807	-10.6894	-11.0725	-11.9746	0.282875	0.278347	0.249676	0.170217	0.0188856	0.218744
410	-9.12914	-9.14427	-9.24622	-9.60541	-10.4506	0.280227	0.276019	0.249265	0.174047	0.0204416	0.224637
411	-8.46102	-8.46921	-8.52433	-8.71802	-9.17111	0.260531	0.258407	0.244549	0.201487	0.035026	0.273596
412	-4.42254	-4.43317	-4.50476	-4.75701	-5.35077	0.267787	0.264957	0.246651	0.19166	0.0289457	0.254376
413	-13.1058	-11.0645	-9.23652	-8.19972	-8.01204	0.00423187	0.0325875	0.202746	0.571784	0.18865	0.849485
414	-12.706	-12.7178	-12.7975	-13.0787	-13.7434	0.271254	0.268066	0.247533	0.186858	0.0262883	0.245602
415	-4.74552	-4.75297	-4.80321	-4.98038	-5.39853	0.258429	0.25651	0.243942	0.204335	0.0367843	0.279159
416	-10.9807	-10.9959	-11.0981	-11.4577	-12.3014	0.280276	0.276056	0.249244	0.173962	0.0204617	0.224614
417	-19.9346	-19.9424	-19.9946	-20.1774	-20.5999	0.259125	0.257123	0.244046	0.203271	0.036435	0.27769
418	-4.72334	-4.73217	-4.79168	-5.00135	-5.49505	0.262546	0.260238	0.245205	0.198823	0.0331877	0.268011
419	-4.68254	-4.69343	-4.76686	-5.02578	-5.63648	0.268593	0.265682	0.246872	0.190558	0.0282959	0.252284
420	-11.5645	-11.5807	-11.6901	-12.0756	-12.9822	0.283135	0.278574	0.249701	0.169832	0.0187591	0.21821
421	-9.08076	-9.09633	-9.20124	-9.57081	-10.44	0.281383	0.277035	0.249443	0.172374	0.0197653	0.22207
422	-12.6339	-12.6492	-12.7519	-13.113	-13.9567	0.280446	0.276199	0.249231	0.173694	0.0204297	0.224352
423	-10.2907	-10.3041	-10.3944	-10.7123	-11.4588	0.275542	0.271873	0.248399	0.180756	0.0234315	0.235476
424	-6.50452	-6.52173	-6.63753	-7.044	-7.99018	0.28544	0.280572	0.249891	0.166427	0.0176695	0.213545
425	-15.9574	-13.9174	-12.0978	-11.0895	-10.9597	0.00441146	0.0339274	0.209305	0.573725	0.178632	0.831475
426	-20.6145	-18.5718	-16.7347	-15.6649	-15.3951	0.00401946	0.0309937	0.194602	0.567216	0.203169	0.874546
427	-4.23978	-4.2565	-4.36912	-4.7658	-5.69843	0.284361	0.279647	0.249863	0.168045	0.0180845	0.215562
428	-21.5899	-19.5436	-17.682	-16.5269	-16.0615	0.00350337	0.0271126	0.174447	0.553751	0.241186	0.939285
429	-28.1393	-24.0417	-20.2842	-17.8519	-16.6235	1.68267e-05	0.00101291	0.0433936	0.494068	0.461509	1.3253
430	-28.0434	-23.9457	-20.1873	-17.7523	-16.5209	1.67431e-05	0.00100802	0.0432232	0.493445	0.462307	1.32646
431	-75.2071	-62.885	-51.4157	-43.4277	-38.1326	2.84405e-16	6.38778e-11	6.11511e-06	0.0180125	0.981981	2.0403
432	-9.14957	-9.16377	-9.25942	-9.59621	-10.385	0.277689	0.273774	0.248801	0.177659	0.0220778	0.230527
433	-14.4446	-12.4024	-10.568	-9.50779	-9.2577	0.00407806	0.0314322	0.196798	0.568163	0.199528	0.868146
434	-39.5626	-33.4088	-27.7232	-23.9019	-21.6601	4.39462e-08	2.06759e-05	0.00609095	0.278131	0.715757	1.68387
435	-4.23978	-4.2565	-4.36912	-4.7658	-5.69843	0.284361	0.279647	0.249863	0.168045	0.0180845	0.215562
436	-7.91449	-7.92559	-8.0003	-8.26271	-8.87543	0.269013	0.266044	0.246892	0.189908	0.0281426	0.251502
437	-16.5132	-14.4679	-12.6132	-11.4826	-11.0758	0.00364959	0.0282153	0.180292	0.558454	0.229389	0.919506
438	-38.7404	-32.5872	-26.906	-23.1002	-20.896	4.60694e-08	2.16608e-05	0.00635333	0.285646	0.707979	1.67341
439	-8.20594	-8.21477	-8.27425	-8.484	-8.97876	0.262557	0.260249	0.24522	0.198822	0.0331521	0.26794
440	-10.695	-10.704	-10.7646	-10.9785	-11.4849	0.263079	0.260725	0.245399	0.198142	0.0326547	0.266459
441	-4.68205	-4.69785	-4.80427	-5.17872	-6.0565	0.281928	0.277508	0.249492	0.171567	0.0195048	0.22096
442	-11.5974	-11.6065	-11.668	-11.8849	-12.3965	0.263449	0.261055	0.24548	0.197614	0.0324018	0.265572
443	-5.07434	-5.0841	-5.14982	-5.38164	-5.92877	0.265294	0.262719	0.246007	0.195107	0.0308728	0.260712
480	-4.32575	-4.34231	-4.45379	-4.84552	-5.76033	0.283832	0.279172	0.249722	0.168783	0.0184908	0.216905
481	-4.18989	-4.20211	-4.28445	-4.5742	-5.25387	0.272264	0.268956	0.247697	0.185389	0.0256937	0.243348
482	-4.15471	-4.16996	-4.27274	-4.6349	-5.48739	0.280558	0.276311	0.249323	0.173571	0.020238	0.223885
483	-8.61669	-8.63157	-8.73188	-9.08534	-9.91742	0.279585	0.275453	0.249163	0.174977	0.0208225	0.226074
484	-7.96592	-7.97781	-8.05789	-8.33921	-8.99627	0.27127	0.268062	0.247433	0.186759	0.0264756	0.245898
485	-4.4837	-4.49397	-4.5632	-4.80763	-5.38649	0.266841	0.264115	0.24645	0.193007	0.0295869	0.256631
486	-4.36657	-4.37861	-4.45977	-4.74603	-5.42165	0.271852	0.268597	0.247658	0.186009	0.0258842	0.24418
487	-20.1541	-20.1628	-20.2216	-20.4289	-20.9177	0.262249	0.259971	0.245127	0.199235	0.0334175	0.268767
488	-4.18989	-4.20211	-4.28445	-4.5742	-5.25387	0.272264	0.268956	0.247697	0.185389	0.0256937	0.243348
489	-14.1773	-12.1295	-10.2579	-9.06767	-8.52149	0.00330108	0.0255852	0.166281	0.546687	0.258145	0.96754
490	-7.066	-7.07991	-7.17363	-7.5034	-8.27679	0.276905	0.273079	0.24865	0.178802	0.0225639	0.232325
491	-4.16521	-4.18004	-4.27991	-4.6319	-5.46079	0.279419	0.275307	0.249139	0.175217	0.0209177	0.226439
492	-4.03803	-4.05096	-4.13804	-4.44461	-5.16445	0.274231	0.270708	0.248131	0.182617	0.0243131	0.238584
493	-34.8723	-28.7185	-23.0329	-19.2116	-16.9693	4.39272e-08	2.0667e-05	0.0060884	0.278041	0.71585	1.684
494	-16.0108	-13.9696	-12.142	-11.1053	-10.9072	0.00422575	0.0325378	0.20235	0.570642	0.190245	0.85186
495	-6.65444	-6.67229	-6.79245	-7.21383	-8.19159	0.287048	0.281968	0.250043	0.164064	0.0168771	0.210235
496	-10.3444	-10.3592	-10.459	-10.8108	-11.6396	0.279396	0.275288	0.249141	0.175253	0.0209225	0.226475
497	-40.9031	-36.7444	-31.9207	-27.1102	-23.8151	1.21962e-07	7.80453e-06	0.000970996	0.119234	0.879787	1.90424
498	-3.79173	-3.81045	-3.93658	-4.38086	-5.42512	0.289451	0.284082	0.250419	0.160591	0.015457	0.204874
499	-4.22369	-4.23861	-4.33909	-4.6923	-5.51826	0.279564	0.275423	0.249094	0.17497	0.0209495	0.226317
500	-14.4501	-12.4072	-10.5684	-9.49294	-9.21047	0.00398432	0.0307303	0.193267	0.56652	0.205499	0.878591
501	-4.20021	-4.21029	-4.2782	-4.51765	-5.08247	0.266231	0.263561	0.246257	0.193819	0.0301313	0.258302
502	-4.32575	-4.34231	-4.45379	-4.84552	-5.76033	0.283832	0.279172	0.249722	0.168783	0.0184908	0.216905
516	-4.34022	-4.35562	-4.45932	-4.82408	-5.67862	0.280854	0.276563	0.249321	0.173118	0.0201438	0.223364
517	-13.8609	-11.8164	-9.96677	-8.85345	-8.48372	0.00375165	0.0289824	0.184259	0.560968	0.222039	0.906938
518	-16.5664	-14.5235	-12.6847	-11.6081	-11.3159	0.00397282	0.0306412	0.192706	0.565524	0.207157	0.881172
519	-16.2859	-14.2457	-12.4247	-11.4109	-11.2654	0.00437401	0.0336463	0.207864	0.572894	0.181222	0.835937
520	-3.79121	-3.80634	-3.90825	-4.26656	-5.10454	0.280133	0.275925	0.249191	0.174148	0.0206021	0.225027
521	-3.79121	-3.80634	-3.90825	-4.26656	-5.10454	0.280133	0.275925	0.249191	0.174148	0.0206021	0.225027
522	-4.07775	-4.08945	-4.16821	-4.44498	-5.09202	0.27073	0.267581	0.247316	0.187522	0.0268513	0.2472
523	-8.38142	-8.38836	-8.43502	-8.59845	-8.97671	0.256634	0.25486	0.243241	0.206566	0.0386995	0.28458
524	-8.45623	-8.46812	-8.54821	-8.82965	-9.48766	0.271285	0.268077	0.247445	0.186745	0.0264484	0.245833
525	-14.3031	-12.2576	-10.4014	-9.2644	-8.8358	0.00360679	0.0278904	0.178486	0.556423	0.233594	0.926346
526	-18.3724	-16.3236	-14.4448	-13.2288	-12.6191	0.00315372	0.024469	0.160171	0.540324	0.271883	0.990051
527	-3.99831	-4.00878	-4.07925	-4.3268	-4.90485	0.267215	0.264432	0.246438	0.192398	0.0295171	0.256045
528	-4.17849	-4.19412	-4.29941	-4.67019	-5.54147	0.281518	0.277153	0.249455	0.172172	0.0197012	0.221795
529	-4.68472	-4.70049	-4.80667	-5.17994	-6.0527	0.281799	0.277391	0.249447	0.17174	0.0196226	0.221319
530	-4.24088	-4.25813	-4.37429	-4.78308	-5.74147	0.285677	0.280792	0.249997	0.166112	0.0174219	0.212826
531	-9.06616	-9.07738	-9.15297	-9.41909	-10.0438	0.269455	0.266448	0.247049	0.189327	0.0277207	0.250244
532	-15.55	-13.5064	-11.6622	-10.5686	-10.2475	0.00387396	0.0299029	0.189069	0.564379	0.212775	0.891239
533	-7.38595	-7.40593	-7.54042	-8.01224	-9.1082	0.292353	0.286569	0.25051	0.156284	0.0142846	0.199367
534	-4.77429	-4.78369	-4.84702	-5.07062	-5.60001	0.264284	0.261813	0.245746	0.196506	0.031651	0.263276
535	-13.7691	-11.7268	-9.89172	-8.83086	-8.59033	0.00408062	0.0314557	0.197081	0.569341	0.198041	0.865998
536	-3.79197	-3.81231	-3.94934	-4.43162	-5.56268	0.293403	0.287495	0.250681	0.154763	0.0136576	0.19701
537	-4.15553	-4.17151	-4.27912	-4.65753	-5.54342	0.282368	0.277892	0.249542	0.170923	0.0192745	0.220031
538	-9.45619	-9.47213	-9.57945	-9.95736	-10.845	0.282307	0.277844	0.249568	0.171028	0.0192526	0.220066
539	-4.26897	-4.28159	-4.36664	-4.66656	-5.37439	0.273456	0.270027	0.248012	0.183746	0.0247589	0.240296
540	-4.38409	-4.39429	-4.46301	-4.70556	-5.27907	0.26661	0.263906	0.246377	0.193314	0.0297928	0.257263
541	-9.93384	-9.94424	-10.0143	-10.2616	-10.8453	0.267182	0.264418	0.246518	0.192514	0.0293679	0.255837
542	-4.34036	-4.35776	-4.47492	-4.88628	-5.84457	0.285966	0.281032	0.249963	0.165662	0.0173765	0.212402
543	-11.4917	-11.5041	-11.5872	-11.8798	-12.5639	0.272581	0.269236	0.247754	0.184914	0.0255148	0.242647
544	-4.38409	-4.39429	-4.46301	-4.70556	-5.27907	0.26661	0.263906	0.246377	0.193314	0.0297928	0.257263
545	-8.10282	-8.11924	-8.22979	-8.61787	-9.5181	0.283418	0.278802	0.249623	0.169334	0.0188233	0.217969
546	-4.26897	-4.28159	-4.36664	-4.66656	-5.37439	0.273456	0.270027	0.248012	0.183746	0.0247589	0.240296
547	-3.73862	-3.75692	-3.88013	-4.31282	-5.32143	0.288248	0.28302	0.250213	0.162328	0.0161914	0.207601
548	-4.18221	-4.19813	-4.30537	-4.68304	-5.57075	0.28228	0.277822	0.249572	0.17107	0.019256	0.220104
549	-29.7769	-25.6799	-21.9264	-19.5082	-18.3127	1.73946e-05	0.00104647	0.0446511	0.501231	0.453054	1.31337
550	-4.18221	-4.19813	-4.30537	-4.68304	-5.57075	0.28228	0.277822	0.249572	0.17107	0.019256	0.220104
551	-4.38409	-4.39429	-4.46301	-4.70556	-5.27907	0.26661	0.263906	0.246377	0.193314	0.0297928	0.257263
552	-3.91738	-3.93426	-4.04791	-4.44646	-5.37192	0.284585	0.27982	0.249761	0.167662	0.0181733	0.215449
553	-9.53525	-9.5507	-9.6547	-10.0206	-10.8783	0.280981	0.276676	0.249347	0.172936	0.0200602	0.223065
554	-4.25293	-4.26868	-4.37472	-4.74727	-5.61674	0.281722	0.277319	0.249417	0.171842	0.019699	0.221545
555	-9.59123	-9.60297	-9.68194	-9.95878	-10.6009	0.270732	0.267574	0.247255	0.187463	0.0269756	0.247402
556	-7.03478	-7.05167	-7.16532	-7.56444	-8.49478	0.284641	0.279875	0.249808	0.167599	0.018078	0.215216
557	-6.92546	-6.93966	-7.03531	-7.37166	-8.15916	0.277657	0.273741	0.248773	0.177716	0.0221125	0.230635
597	-3.90982	-3.9264	-4.03798	-4.42924	-5.33731	0.283788	0.279122	0.249653	0.168817	0.0186194	0.217182
598	-4.38406	-4.39407	-4.46155	-4.69967	-5.26261	0.266069	0.263419	0.24623	0.194056	0.0302249	0.258661
599	-4.15004	-4.16573	-4.27137	-4.64285	-5.51221	0.281601	0.277218	0.249425	0.172032	0.0197229	0.221733
600	-11.0913	-11.1066	-11.2093	-11.5698	-12.4106	0.280389	0.276145	0.249202	0.173764	0.0204997	0.224541
601	-17.2704	-15.227	-13.3844	-12.2955	-11.9793	0.00389899	0.0300887	0.189941	0.564337	0.211734	0.889224
602	-4.33457	-4.35166	-4.46664	-4.87031	-5.81028	0.285135	0.280306	0.249859	0.166872	0.0178271	0.214185
603	-5.14904	-5.15901	-5.22622	-5.46329	-6.02278	0.265938	0.263299	0.246184	0.194224	0.0303556	0.259043
604	-12.3815	-12.3981	-12.5096	-12.9013	-13.8136	0.283827	0.279162	0.249695	0.16878	0.0185362	0.216991
605	-12.2837	-10.2435	-8.42259	-7.40964	-7.27068	0.00438228	0.0337099	0.208248	0.573454	0.180206	0.834325
606	-7.89629	-7.91237	-8.02055	-8.40025	-9.28383	0.282516	0.278011	0.249504	0.170678	0.0192913	0.219881
607	-4.15004	-4.16573	-4.27137	-4.64285	-5.51221	0.281601	0.277218	0.249425	0.172032	0.0197229	0.221733
608	-29.2976	-25.201	-21.4501	-19.0395	-17.8539	1.76516e-05	0.00106151	0.0451779	0.503291	0.450452	1.30961
609	-9.57958	-9.58977	-9.65723	-9.87861	-10.3018	0.263886	0.261212	0.244172	0.195682	0.035048	0.269374
610	-16.9762	-14.936	-13.1151	-12.103	-11.9696	0.00438949	0.0337653	0.20858	0.573925	0.179341	0.832949
611	-15.4718	-15.4912	-15.6217	-16.0786	-17.1321	0.290818	0.285228	0.250318	0.158518	0.0151174	0.202659
612	-9.13329	-9.14894	-9.25435	-9.62545	-10.4966	0.281555	0.277183	0.249451	0.172115	0.0196966	0.221743
