
Analysis Description
--------------------
MEME (Mixed Effects Model of Evolution) estimates a site-wise synonymous
(&alpha;) and a two-category mixture of non-synonymous (&beta;-, with
proportion p-, and &beta;+ with proportion [1-p-]) rates, and uses a
likelihood ratio test to determine if &beta;+ > &alpha; at a site. The
estimates aggregate information over a proportion of branches at a site,
so the signal is derived from episodic diversification, which is a
combination of strength of selection [effect size] and the proportion of
the tree affected. A subset of branches can be selected for testing as
well, in which case an additional (nuisance) parameter will be inferred
-- the non-synonymous rate on branches NOT selected for testing.
Multiple partitions within a NEXUS file are also supported for
recombination - aware analysis. 

- __Requirements__: in-frame codon alignment and a phylogenetic tree

- __Citation__: Detecting Individual Sites Subject to Episodic Diversifying Selection.
_PLoS Genet_ 8(7): e1002764.

- __Written by__: Sergei L. Kosakovsky Pond, Steven Weaver

- __Contact Information__: spond@temple.edu

- __Analysis Version__: 2.0.1


>Loaded a multiple sequence alignment with **74** sequences, **738** codons, and **1** partitions from `/home/lpicard/2019_validation/20191211/21genes_NT5C3A_CCDS_results_201912111839/NT5C3A_sequences_filtered_longestORFs_prank_mincov_prank.best.fas`

>Select the p-value threshold to use when testing for selection (permissible range = [0,1], default value = 0.1): 0.1


### Branches to include in the MEME analysis
Selected 145 branches to include in the MEME analysis: `macFas_NT5C3A_XM_005549838, macNem_NT5C3A_XM_011731397, Node13, macMul_NT5C3A_XM_015133736, Node12, macFas_NT5C3A_XM_005549836, Node11, macNem_NT5C3A_XM_011731394, Node10, macFas_NT5C3A_XM_005549835, Node9, macMul_NT5C3A_NM_001261493, Node8, chlSab_NT5C3A_XM_007981652, chlSab_NT5C3A_XM_007981650, Node21, Node7, papAnu_NT5C3A_XM_003896121, manLeu_NT5C3A_XM_011966344, manLeu_NT5C3A_XM_011966341, Node29, manLeu_NT5C3A_XM_011966345, Node28, Node26, theGel_NT5C3A_XM_025379107, theGel_NT5C3A_XM_025379104, Node34, theGel_NT5C3A_XM_025379110, Node33, Node25, papAnu_NT5C3A_XM_003896120, Node24, Node6, rhiRox_NT5C3A_XM_030922430, rhiBie_NT5C3A_XM_017864660, rhiRox_NT5C3A_XM_010383454, rhiBie_NT5C3A_XM_017864659, rhiRox_NT5C3A_XM_010383456, rhiBie_NT5C3A_XM_017864657, Node48, Node46, Node44, Node42, Node40, colAngPal_NT5C3A_XM_011953921, pilTep_NT5C3A_XM_023188405, pilTep_NT5C3A_XM_023188401, pilTep_NT5C3A_XM_023188402, pilTep_NT5C3A_XM_023188407, Node59, Node57, pilTep_NT5C3A_XM_023188403, Node56, Node54, Node52, colAngPal_NT5C3A_XM_011953920, Node51, Node39, Node5, panTro_LOC739661_XR_002943471, nomLeu_NT5C3A_XM_003279184, nomLeu_NT5C3A_XM_004090973, Node68, ponAbe_NT5C3A_XM_003777057, ponAbe_NT5C3A_XM_002818071, Node71, Node67, gorGorGor_NT5C3A_XM_019030895, gorGorGor_NT5C3A_XM_019030892, Node75, panPan_NT5C3A_XM_003811965, panTro_NT5C3A_XM_001167622, panTro_NT5C3A_XM_527718, panTro_NT5C3A_XM_016957251, panPan_NT5C3A_XM_008964338, Node86, panTro_NT5C3A_XM_001167593, Node85, Node83, Node81, Node79, homSap_NT5C3_CR533518, homSap_NT5C3A_NM_001002010, homSap_NT5C3_BC015856, homSap_NT5C3A_AF151067, Node97, homSap_NT5C3A_AK314109, Node96, homSap_NT5C3A_NM_001374338, homSap_NT5C3A_NM_001002009, homSap_NT5C3A_NM_001374335, homSap_NT5C3A_NM_001374339, Node106, Node104, Node102, homSap_NT5C3A_NM_001356996, Node101, Node95, Node93, Node91, homSap_NT5C3A_CCDS34616, Node90, Node78, Node74, Node66, Node64, Node4, aotNan_NT5C3A_XM_021669366, aotNan_NT5C3A_XM_012461316, Node113, aotNan_NT5C3A_XM_012461321, Node112, cebCapImi_NT5C3A_XM_017527146, cebCapImi_NT5C3A_XM_017527144, cebCapImi_NT5C3A_XM_017527147, cebCapImi_NT5C3A_XM_017527140, Node123, Node121, Node119, calJac_NT5C3A_XM_002751314, calJac_NT5C3A_XM_009002014, calJac_NT5C3A_XM_009002013, Node129, calJac_NT5C3A_XM_017975109, Node128, Node126, Node118, saiBolBol_NT5C3A_XM_003930726, Node117, Node111, Node3, carSyr_NT5C3A_XM_008051196, carSyr_NT5C3A_XM_021709182, carSyr_NT5C3A_XM_021709181, Node136, Node134, Node2, micMur_NT5C3A_XM_012741277, micMur_NT5C3A_XM_012741273, Node140, micMur_NT5C3A_XM_012741272, Node139, Node1, otoGar_NT5C3A_XM_023512474, otoGar_NT5C3A_XM_003788566`


### Obtaining branch lengths and nucleotide substitution biases under the nucleotide GTR model
* Log(L) = -4575.27, AIC-c =  9456.82 (153 estimated parameters)

### Obtaining the global omega estimate based on relative GTR branch lengths and nucleotide substitution biases
* Log(L) = -4407.66, AIC-c =  9136.27 (160 estimated parameters)
* non-synonymous/synonymous rate ratio for *test* =   0.1452

### Improving branch lengths, nucleotide substitution biases, and global dN/dS ratios under a full codon model
* Log(L) = -4407.66
* non-synonymous/synonymous rate ratio for *test* =   0.1453

### For partition 1 these sites are significant at p <=0.1

|   Codon    | Partition  |   alpha    |   beta+    |     p+     |    LRT     |Episodic selection detected?| # branches |
|:----------:|:----------:|:----------:|:----------:|:----------:|:----------:|:--------------------------:|:----------:|
|    499     |     1      |    0.000   |    3.069   |    1.000   |    3.929   |      Yes, p =  0.0657      |     2      |
|    529     |     1      |    0.000   |   19.441   |    0.088   |    5.459   |      Yes, p =  0.0298      |     1      |
|    545     |     1      |    0.000   |  182.846   |    0.035   |   14.228   |      Yes, p =  0.0003      |     1      |
|    570     |     1      |    0.000   |   10.022   |    0.105   |    4.100   |      Yes, p =  0.0601      |     1      |
|    589     |     1      |    0.000   |   12.419   |    0.101   |    3.860   |      Yes, p =  0.0681      |     1      |

### ** Found _5_ sites under episodic diversifying positive selection at p <= 0.1**
