
Analysis Description
--------------------
BUSTED (branch-site unrestricted statistical test of episodic
diversification) uses a random effects branch-site model fitted jointly
to all or a subset of tree branches in order to test for alignment-wide
evidence of episodic diversifying selection. Assuming there is evidence
of positive selection (i.e. there is an omega > 1), BUSTED will also
perform a quick evidence-ratio style analysis to explore which
individual sites may have been subject to selection.

- __Requirements__: in-frame codon alignment and a phylogenetic tree (optionally annotated
with {})

- __Citation__: *Gene-wide identification of episodic selection*, Mol Biol Evol.
32(5):1365-71

- __Written by__: Sergei L Kosakovsky Pond

- __Contact Information__: spond@temple.edu

- __Analysis Version__: 1.2


>Loaded a multiple sequence alignment with **35** sequences, **622** codons, and **1** partitions from `/home/lpicard/2019_validation/20191211/21genes_SERINC3_CCDS_results_201912111835/SERINC3_sequences_filtered_longestORFs_prank_mincov_prank.best.fas`


### Branches to test for selection in the BUSTED analysis
* Selected 67 branches to test in the BUSTED analysis: `manLeu_SERINC3_XM_011997639, chlSab_LOC103221298_XM_007972183, macNem_SERINC3_XM_011766801, Node12, Node10, macMul_SERINC3_XR_001447470, macMul_SERINC3_NM_001260972, Node15, Node9, theGel_SERINC3_XM_025399647, papAnu_SERINC3_XR_652310, Node18, Node8, macFas_SERINC3_XR_281514, macFas_SERINC3_AB170249, Node21, Node7, chlSab_SERINC3_XM_008016556, chlSab_SERINC3_XM_008016564, Node24, Node6, pilTep_SERINC3_XR_002734884, rhiRox_SERINC3_XM_010384274, rhiBie_SERINC3_XM_017878010, Node30, colAngPal_SERINC3_XM_011928996, Node29, Node27, Node5, nomLeu_SERINC3_XM_030826652, ponAbe_DKFZp459N1015_CR861044, gorGorGor_SERINC3_XM_004062199, panPan_SERINC3_XM_003825928, panTro_SERINC3_AK305000, panTro_SERINC3_XM_009437223, Node43, Node41, Node39, homSap_Diff33_AK300618, homSap_LOC111529521_AK295120, homSap_SERINC3_AF153979, homSap_SERINC3_AK222923, Node52, Node50, Node48, homSap_Diff33_AK309993, Node47, homSap_SERINC3_CCDS13333, Node46, Node38, Node36, Node34, Node4, calJac_SERINC3_XM_002747577, aotNan_SERINC3_XM_012467237, Node58, cebCapImi_SERINC3_XM_017541180, saiBolBol_SERINC3_XM_003936404, Node61, Node57, Node3, carSyr_SERINC3_XM_008059822, Node2, otoGar_SERINC3_XM_012803803, Node1, micMur_LOC105881582_XR_002223657, micMur_SERINC3_XM_012780823`


### Obtaining branch lengths and nucleotide substitution biases under the nucleotide GTR model
* Log(L) = -5565.60, AIC-c = 11281.38 (75 estimated parameters)

### Obtaining the global omega estimate based on relative GTR branch lengths and nucleotide substitution biases
* Log(L) = -5427.83, AIC-c = 11020.29 (82 estimated parameters)
* non-synonymous/synonymous rate ratio for *test* =   0.3309

### Improving branch lengths, nucleotide substitution biases, and global dN/dS ratios under a full codon model
* Log(L) = -5427.83, AIC-c = 11020.29 (82 estimated parameters)
* non-synonymous/synonymous rate ratio for *test* =   0.3310

### Performing the full (dN/dS > 1 allowed) branch-site model fit
* Log(L) = -5397.63, AIC-c = 10967.96 (86 estimated parameters)
* For *test* branches, the following rate distribution for branch-site combinations was inferred

|          Selection mode           |     dN/dS     |Proportion, %|               Notes               |
|-----------------------------------|---------------|-------------|-----------------------------------|
|        Negative selection         |     0.082     |   12.928    |                                   |
|        Negative selection         |     0.246     |   86.167    |                                   |
|      Diversifying selection       |    24.967     |    0.905    |                                   |


### Performing the constrained (dN/dS > 1 not allowed) model fit
* Log(L) = -5413.80, AIC-c = 10998.27 (85 estimated parameters)
* For *test* branches under the null (no dN/dS > 1 model), the following rate distribution for branch-site combinations was inferred

|          Selection mode           |     dN/dS     |Proportion, %|               Notes               |
|-----------------------------------|---------------|-------------|-----------------------------------|
|        Negative selection         |     0.000     |   68.475    |                                   |
|         Neutral evolution         |     1.000     |   27.494    |                                   |
|         Neutral evolution         |     1.000     |    4.031    |       Collapsed rate class        |

----
## Branch-site unrestricted statistical test of episodic diversification [BUSTED]
Likelihood ratio test for episodic diversifying positive selection, **p =   0.0000**.
