Sites	Ll_YN98.omega=0.114018	Ll_YN98.omega=1	Pr_YN98.omega=0.114018	Pr_YN98.omega=1	mean
326	-4.12672	-5.04596	0.868423	0.131577	0.230593
327	-4.08692	-4.6457	0.821512	0.178488	0.272155
328	-14.328	-14.8388	0.814363	0.185637	0.278489
329	-9.45777	-9.805	0.788362	0.211638	0.301526
330	-3.65265	-4.24925	0.826991	0.173009	0.267301
331	-14.5073	-12.8192	0.327356	0.672644	0.709969
332	-8.98309	-7.29794	0.327989	0.672011	0.709408
333	-20.7733	-19.165	0.345146	0.654854	0.694207
334	-21.6754	-17.9286	0.0584703	0.94153	0.948196
335	-3.47219	-3.96047	0.810941	0.189059	0.281521
336	-4.12771	-5.05462	0.869297	0.130703	0.229819
337	-4.00666	-4.35613	0.788734	0.211266	0.301196
338	-4.01497	-4.61622	0.827655	0.172345	0.266713
339	-9.42124	-7.73001	0.326649	0.673351	0.710595
340	-4.18978	-4.81074	0.830447	0.169553	0.264239
341	-12.7859	-13.3385	0.820608	0.179392	0.272957
342	-12.8485	-11.1378	0.32238	0.67762	0.714377
343	-4.03276	-4.69193	0.83576	0.16424	0.259532
344	-11.6668	-10.0986	0.354254	0.645746	0.686138
345	-4.21916	-4.86692	0.834188	0.165812	0.260924
346	-9.81697	-10.4197	0.827871	0.172129	0.266522
347	-5.03691	-5.64308	0.828356	0.171644	0.266092
348	-8.06304	-8.62731	0.822317	0.177683	0.271442
349	-7.94087	-8.2895	0.788596	0.211404	0.301318
350	-7.54695	-8.04004	0.811676	0.188324	0.28087
351	-4.58306	-5.13543	0.82057	0.17943	0.27299
352	-14.7287	-13.0257	0.324056	0.675944	0.712892
405	-4.00666	-4.35613	0.788735	0.211265	0.301196
406	-8.32514	-8.83444	0.81414	0.18586	0.278687
407	-4.60788	-5.25311	0.833838	0.166162	0.261235
408	-3.86115	-4.4545	0.826525	0.173475	0.267714
409	-17.4347	-18.0654	0.831816	0.168184	0.263026
410	-6.90651	-7.56833	0.836125	0.163875	0.259208
411	-4.09984	-4.42103	0.783984	0.216016	0.305405
412	-4.74069	-5.26105	0.815809	0.184191	0.277208
413	-7.46667	-7.79338	0.784918	0.215082	0.304577
414	-7.53865	-7.86332	0.784573	0.215427	0.304882
415	-12.2882	-12.9	0.829149	0.170851	0.265389
416	-14.445	-10.6942	0.0582491	0.941751	0.948392
417	-3.89149	-4.44788	0.821162	0.178838	0.272466
418	-5.43163	-6.20646	0.851027	0.148973	0.246006
419	-9.74364	-10.2678	0.816384	0.183616	0.276699
420	-3.65668	-4.25828	0.827704	0.172296	0.266669
421	-4.09984	-4.42103	0.783984	0.216016	0.305405
422	-4.21916	-4.86693	0.834189	0.165811	0.260924
423	-15.8038	-12.0958	0.0606446	0.939355	0.94627
424	-11.9396	-10.2602	0.329265	0.670735	0.708277
425	-10.7458	-11.2393	0.811737	0.188263	0.280816
426	-17.4323	-15.8654	0.354549	0.645451	0.685876
427	-12.4162	-10.7167	0.324834	0.675166	0.712203
428	-7.19642	-7.55197	0.789746	0.210254	0.300299
429	-21.1034	-21.7281	0.830969	0.169031	0.263777
430	-4.54226	-5.23024	0.839676	0.160324	0.256062
431	-13.4418	-11.7597	0.328673	0.671327	0.708802
432	-11.1937	-9.292	0.282134	0.717866	0.750034
433	-27.2375	-20.8987	0.00462814	0.995372	0.9959
434	-10.4491	-11.0508	0.827724	0.172276	0.266652
435	-7.2314	-7.72577	0.81187	0.18813	0.280698
436	-20.9543	-19.4405	0.366805	0.633195	0.675018
437	-4.54226	-5.23024	0.839676	0.160324	0.256062
438	-23.8516	-24.4026	0.820373	0.179627	0.273165
439	-4.95026	-5.42246	0.808462	0.191538	0.283717
440	-4.08949	-4.7008	0.829085	0.170915	0.265446
441	-21.1675	-19.6379	0.36314	0.63686	0.678265
442	-4.03276	-4.69193	0.835761	0.164239	0.259531
443	-4.60788	-5.25311	0.833838	0.166162	0.261235
444	-7.98791	-8.46519	0.809246	0.190754	0.283023
445	-7.60524	-8.1059	0.812829	0.187171	0.279848
446	-4.09984	-4.42103	0.783984	0.216016	0.305405
447	-20.5091	-21.0325	0.816266	0.183734	0.276803
448	-4.08949	-4.7008	0.829085	0.170915	0.265446
449	-10.4408	-11.0473	0.828401	0.171599	0.266052
450	-21.2188	-21.7749	0.821123	0.178877	0.2725
451	-22.2559	-20.732	0.364479	0.635521	0.677078
452	-9.11004	-9.77224	0.836175	0.163825	0.259164
453	-15.8818	-12.1332	0.05837	0.94163	0.948285
454	-18.3023	-18.8229	0.815854	0.184146	0.277168
455	-4.37299	-5.01099	0.832834	0.167166	0.262125
456	-13.6072	-11.9303	0.329804	0.670196	0.7078
457	-4.71717	-5.4845	0.850074	0.149926	0.24685
458	-3.65668	-4.25828	0.827704	0.172296	0.266669
459	-22.5772	-21.0234	0.357545	0.642455	0.683222
460	-32.8698	-24.8243	0.000843054	0.999157	0.999253
461	-7.33933	-7.96013	0.830426	0.169574	0.264258
462	-5.07575	-5.84168	0.849895	0.150105	0.247009
463	-13.294	-13.8856	0.826273	0.173727	0.267937
464	-9.5127	-9.83439	0.784069	0.215931	0.305329
465	-4.37299	-5.01099	0.832834	0.167166	0.262125
466	-11.7794	-10.3717	0.39179	0.60821	0.652881
467	-4.67851	-5.28503	0.828405	0.171595	0.266048
468	-7.14211	-7.76415	0.8306	0.1694	0.264104
469	-4.09984	-4.42103	0.783984	0.216016	0.305405
470	-4.71717	-5.4845	0.850074	0.149926	0.24685
471	-24.5436	-25.2601	0.843481	0.156519	0.252691
472	-4.91422	-5.47496	0.821799	0.178201	0.271902
473	-4.36144	-4.97	0.828696	0.171304	0.265791
474	-4.95026	-5.42246	0.808462	0.191538	0.283717
475	-16.7782	-17.198	0.800222	0.199778	0.291018
476	-14.3387	-12.672	0.332049	0.667951	0.70581
477	-15.2966	-15.8493	0.820617	0.179383	0.272949
478	-14.1537	-12.6398	0.366798	0.633202	0.675024
479	-4.03276	-4.69193	0.835761	0.164239	0.259531
480	-13.4822	-11.943	0.360916	0.639084	0.680235
481	-20.8812	-19.0393	0.294427	0.705573	0.739143
482	-10.4018	-8.65783	0.315166	0.684834	0.720769
483	-4.39626	-5.04895	0.834869	0.165131	0.260322
484	-10.3517	-10.6736	0.784102	0.215898	0.3053
485	-8.96021	-9.43684	0.809148	0.190852	0.28311
486	-5.01323	-5.40759	0.796119	0.203881	0.294654
487	-3.65668	-4.25828	0.827704	0.172296	0.266669
488	-4.58306	-5.13543	0.82057	0.17943	0.27299
489	-12.2295	-12.5557	0.784827	0.215173	0.304658
490	-22.3792	-18.2802	0.0418405	0.958159	0.96293
491	-3.9275	-4.39572	0.807845	0.192155	0.284264
492	-4.00666	-4.35613	0.788735	0.211265	0.301196
493	-9.6027	-10.2733	0.837322	0.162678	0.258149
494	-4.00666	-4.35613	0.788735	0.211265	0.301196
495	-3.4752	-3.96757	0.811564	0.188436	0.280969
496	-4.66289	-5.01084	0.788482	0.211518	0.301419
497	-8.18906	-8.70933	0.815796	0.184204	0.27722
498	-9.656	-10.057	0.797188	0.202812	0.293706
499	-4.08949	-4.7008	0.829085	0.170915	0.265446
500	-8.18714	-8.94581	0.848966	0.151034	0.247832
501	-3.89149	-4.44788	0.821162	0.178838	0.272466
502	-15.8352	-16.4889	0.835001	0.164999	0.260204
503	-11.9325	-12.5012	0.822958	0.177042	0.270875
504	-4.03276	-4.69193	0.835761	0.164239	0.259531
505	-3.9275	-4.39572	0.807845	0.192155	0.284264
506	-12.9281	-13.4006	0.808513	0.191487	0.283672
507	-4.03276	-4.69193	0.835761	0.164239	0.259531
508	-4.58306	-5.13543	0.82057	0.17943	0.27299
509	-3.4752	-3.96757	0.811564	0.188436	0.280969
510	-12.5943	-12.92	0.78475	0.21525	0.304726
511	-7.78244	-8.25918	0.809165	0.190835	0.283095
512	-7.58488	-7.97721	0.795788	0.204212	0.294946
513	-14.1762	-14.9343	0.848889	0.151111	0.2479
514	-4.21916	-4.86693	0.834189	0.165811	0.260924
515	-7.46667	-7.79338	0.784918	0.215082	0.304577
516	-12.188	-12.8081	0.830326	0.169674	0.264346
517	-19.1488	-15.6931	0.0767163	0.923284	0.932031
518	-10.0226	-10.3443	0.784059	0.215941	0.305338
519	-4.09033	-4.65378	0.822195	0.177805	0.27155
520	-8.70559	-9.18414	0.809444	0.190556	0.282847
521	-25.9048	-22.1305	0.0569769	0.943023	0.949519
522	-18.7344	-15.0154	0.0600259	0.939974	0.946818
523	-11.8343	-10.2253	0.344994	0.655006	0.694341
524	-4.09984	-4.42103	0.783984	0.216016	0.305404
525	-5.05496	-5.71884	0.836405	0.163595	0.25896
526	-8.21933	-8.78701	0.822814	0.177186	0.271002
527	-3.65668	-4.25828	0.827705	0.172295	0.266669
528	-4.58306	-5.13543	0.82057	0.17943	0.27299
529	-9.36456	-9.88788	0.816253	0.183747	0.276815
530	-19.2479	-17.658	0.349303	0.650697	0.690524
531	-5.05496	-5.71884	0.836405	0.163595	0.25896
532	-4.37299	-5.01099	0.832834	0.167166	0.262125
533	-7.49256	-8.1134	0.830431	0.169569	0.264254
534	-14.9546	-11.2074	0.0584498	0.94155	0.948215
535	-32.7254	-33.3996	0.837814	0.162186	0.257713
536	-7.46667	-7.79339	0.784918	0.215082	0.304577
537	-4.60788	-5.25311	0.833838	0.166162	0.261235
538	-3.65668	-4.25828	0.827705	0.172295	0.266669
539	-16.8983	-15.0772	0.298743	0.701257	0.735319
540	-13.071	-13.8061	0.845921	0.154079	0.25053
541	-15.558	-13.7471	0.300879	0.699121	0.733427
542	-18.36	-19.0272	0.836852	0.163148	0.258564
543	-39.0861	-32.9709	0.0057808	0.994219	0.994878
544	-9.80309	-8.26482	0.361139	0.638861	0.680037
545	-7.34039	-7.83295	0.811595	0.188405	0.280942
546	-18.5306	-16.8952	0.339037	0.660963	0.69962
547	-19.0656	-17.606	0.379464	0.620536	0.663802
548	-20.5128	-21.0697	0.821231	0.178769	0.272404
549	-4.09033	-4.65378	0.822195	0.177805	0.27155
550	-4.54226	-5.23024	0.839677	0.160323	0.256062
551	-9.60438	-10.2477	0.833572	0.166428	0.26147
552	-4.60788	-5.25311	0.833838	0.166162	0.261235
553	-4.37299	-5.01099	0.832834	0.167166	0.262125
554	-24.0987	-24.5705	0.808412	0.191588	0.283762
555	-4.37299	-5.01099	0.832834	0.167166	0.262125
556	-12.686	-13.0606	0.792901	0.207099	0.297505
557	-4.09033	-4.65378	0.822195	0.177805	0.27155
558	-12.7509	-11.2167	0.362069	0.637931	0.679213
559	-4.18979	-4.81074	0.830448	0.169552	0.264239
560	-9.48827	-9.9601	0.808405	0.191595	0.283768
561	-23.81	-22.1399	0.331324	0.668676	0.706453
562	-3.9275	-4.39572	0.807845	0.192155	0.284264
563	-9.36357	-9.69845	0.786294	0.213706	0.303358
564	-20.4331	-20.9069	0.808705	0.191295	0.283503
565	-12.5746	-13.1962	0.830537	0.169463	0.26416
566	-11.9228	-10.1439	0.30766	0.69234	0.727419
567	-28.4522	-22.3623	0.00592884	0.994071	0.994747
568	-9.31413	-9.82753	0.81476	0.18524	0.278137
569	-22.6176	-23.1905	0.823576	0.176424	0.270327
570	-4.03276	-4.69193	0.835761	0.164239	0.259531
571	-16.9839	-17.5406	0.821207	0.178793	0.272426
572	-3.89149	-4.44788	0.821162	0.178838	0.272466
573	-8.56063	-9.25406	0.840409	0.159591	0.255413
574	-7.82758	-8.43277	0.828216	0.171784	0.266216
575	-4.21917	-4.86693	0.834189	0.165811	0.260924
576	-14.0353	-14.6064	0.8233	0.1767	0.270572
577	-25.2285	-25.8886	0.835889	0.164111	0.259418
578	-3.86115	-4.4545	0.826525	0.173475	0.267714
579	-11.9229	-12.2851	0.790844	0.209156	0.299327
580	-3.65668	-4.25828	0.827705	0.172295	0.266669
581	-22.6213	-22.9565	0.786341	0.213659	0.303316
582	-3.69939	-4.17597	0.80914	0.19086	0.283117
583	-8.38764	-9.02598	0.832881	0.167119	0.262083
584	-4.18979	-4.81074	0.830448	0.169552	0.264239
585	-5.81396	-6.33864	0.816457	0.183543	0.276634
586	-4.00666	-4.35613	0.788735	0.211265	0.301195
587	-4.66289	-5.01084	0.788483	0.211517	0.301419
588	-13.9888	-12.5477	0.383865	0.616135	0.659903
589	-10.1015	-8.60654	0.371188	0.628812	0.671134
590	-4.00666	-4.35613	0.788735	0.211265	0.301195
591	-9.70049	-10.3055	0.828192	0.171808	0.266237
592	-20.7341	-21.0632	0.785305	0.214695	0.304234
593	-4.09984	-4.42103	0.783984	0.216016	0.305404
594	-10.1956	-8.42157	0.308705	0.691295	0.726493
595	-4.66289	-5.01084	0.788483	0.211517	0.301419
596	-13.0199	-13.6438	0.830857	0.169143	0.263876
597	-11.2133	-11.877	0.836394	0.163606	0.25897
598	-4.67851	-5.28503	0.828405	0.171595	0.266048
599	-20.0664	-20.6226	0.821131	0.178869	0.272493
600	-3.65668	-4.25828	0.827705	0.172295	0.266669
601	-16.9384	-13.2306	0.0606545	0.939345	0.946261
602	-20.6969	-19.004	0.32629	0.67371	0.710913
603	-9.6026	-10.1548	0.820552	0.179448	0.273006
604	-13.2144	-11.6577	0.356906	0.643094	0.683788
605	-4.01497	-4.61623	0.827656	0.172344	0.266712
606	-17.6843	-13.9464	0.0589644	0.941036	0.947759
607	-25.074	-21.3519	0.0598445	0.940155	0.946979
608	-8.3028	-8.79524	0.811576	0.188424	0.280959
609	-4.12771	-5.05463	0.869298	0.130702	0.229818
610	-5.82492	-6.30067	0.809011	0.190989	0.283231
611	-17.3254	-15.738	0.349879	0.650121	0.690014
612	-12.0425	-10.4635	0.351794	0.648206	0.688317
613	-12.0778	-12.842	0.849677	0.150323	0.247202
614	-3.65668	-4.25828	0.827705	0.172295	0.266669
615	-26.4228	-22.5619	0.0524986	0.947501	0.953487
616	-13.0946	-11.5229	0.353454	0.646546	0.686847
617	-25.8052	-19.9169	0.00724336	0.992757	0.993583
618	-4.01497	-4.61623	0.827656	0.172344	0.266712
619	-12.0119	-10.4874	0.364319	0.635681	0.67722
620	-16.5155	-14.9601	0.357208	0.642792	0.68352
621	-9.15686	-9.92331	0.849962	0.150038	0.24695
622	-11.9225	-10.0725	0.29275	0.70725	0.740629
623	-14.5847	-12.914	0.331189	0.668811	0.706572
624	-15.1423	-15.7625	0.830333	0.169667	0.26434
625	-10.0796	-10.673	0.826529	0.173471	0.26771
626	-17.9147	-14.3255	0.0677734	0.932227	0.939954
627	-33.9386	-25.81	0.000775888	0.999224	0.999313
628	-32.0811	-25.6523	0.00423139	0.995769	0.996251
629	-21.2652	-17.6291	0.0648736	0.935126	0.942523
630	-22.1917	-18.3042	0.0511922	0.948808	0.954645
631	-9.45643	-7.62	0.295549	0.704451	0.738149
632	-14.7615	-13.1848	0.352331	0.647669	0.687841
633	-11.8679	-10.4164	0.381407	0.618593	0.66208
634	-22.2821	-16.307	0.00664444	0.993356	0.994113
635	-15.6689	-14.1477	0.365093	0.634907	0.676534
636	-12.0656	-12.7172	0.83472	0.16528	0.260454
637	-24.1092	-20.4098	0.0611325	0.938868	0.945838
638	-10.8172	-9.2835	0.362194	0.637806	0.679103
639	-29.8466	-23.8174	0.00629697	0.993703	0.994421
640	-11.8857	-10.3135	0.353343	0.646657	0.686945
641	-17.3798	-13.4896	0.051059	0.948941	0.954763
642	-33.2904	-27.437	0.00749834	0.992502	0.993357
643	-36.6864	-28.6144	0.000820987	0.999179	0.999273
644	-13.0033	-11.4837	0.365457	0.634543	0.676212
645	-4.67733	-5.31929	0.833384	0.166616	0.261637
646	-37.1648	-33.5675	0.0672675	0.932733	0.940402
647	-24.2989	-20.444	0.052799	0.947201	0.953221
648	-10.3618	-8.80664	0.357242	0.642758	0.68349
649	-17.7205	-13.9485	0.0570993	0.942901	0.949411
650	-15.0396	-13.3478	0.326512	0.673488	0.710717
651	-12.2076	-10.3083	0.282634	0.717366	0.749592
652	-24.0734	-22.583	0.372261	0.627739	0.670184
653	-51.49	-38.7392	7.63302e-06	0.999992	0.999993
654	-21.1255	-15.247	0.00731355	0.992686	0.99352
655	-9.8636	-8.28393	0.351644	0.648356	0.68845
656	-24.0763	-18.0535	0.00633687	0.993663	0.994386
657	-21.4727	-15.6978	0.00810501	0.991895	0.992819
658	-18.3321	-14.5624	0.0572229	0.942777	0.949302
659	-17.4798	-13.5136	0.0475041	0.952496	0.957912
660	-34.5656	-28.5267	0.00623665	0.993763	0.994474
661	-21.683	-17.9716	0.0604538	0.939546	0.946439
662	-4.21917	-4.86693	0.834189	0.165811	0.260924
663	-15.3005	-13.733	0.354419	0.645581	0.685991
664	-14.034	-14.3611	0.784994	0.215006	0.30451
665	-9.51317	-9.84647	0.786028	0.213972	0.303594
666	-18.3425	-16.7638	0.351859	0.648141	0.688259
667	-4.54226	-5.23024	0.839677	0.160323	0.256062
668	-4.09984	-4.42103	0.783984	0.216016	0.305404
669	-8.21933	-8.78701	0.822814	0.177186	0.271002
670	-28.9603	-27.131	0.297036	0.702964	0.736832
671	-4.09984	-4.42103	0.783984	0.216016	0.305404
672	-16.9772	-17.58	0.827876	0.172124	0.266517
673	-38.7479	-30.6077	0.000766917	0.999233	0.999321
674	-8.93952	-9.26201	0.784205	0.215795	0.305209
675	-7.61182	-8.21333	0.827691	0.172309	0.266681
676	-4.96214	-5.34067	0.793537	0.206463	0.296941
677	-4.71717	-5.48451	0.850074	0.149926	0.24685
678	-15.5682	-14.1294	0.384395	0.615605	0.659433
679	-3.65668	-4.25828	0.827705	0.172295	0.266669
680	-27.9728	-24.1464	0.0542395	0.945761	0.951945
681	-13.6437	-13.9755	0.785769	0.214231	0.303823
682	-5.82492	-6.30067	0.809011	0.190989	0.283231
683	-11.0339	-11.7818	0.847582	0.152418	0.249058
684	-9.03969	-9.43011	0.795479	0.204521	0.29522
685	-10.8521	-9.1891	0.332898	0.667102	0.705059
686	-4.09984	-4.42103	0.783984	0.216016	0.305404
687	-21.2976	-19.727	0.35371	0.64629	0.686619
688	-24.6156	-18.757	0.00745957	0.99254	0.993391
689	-7.70406	-8.20015	0.812134	0.187866	0.280465
690	-13.138	-13.7463	0.828656	0.171344	0.265826
691	-28.9909	-25.186	0.0553565	0.944644	0.950955
