Sites	Ll_YN98.omega=0.0063994	Ll_YN98.omega=0.0690403	Ll_YN98.omega=0.378264	Ll_YN98.omega=0.886495	Ll_YN98.omega=2.23735	Pr_YN98.omega=0.0063994	Pr_YN98.omega=0.0690403	Pr_YN98.omega=0.378264	Pr_YN98.omega=0.886495	Pr_YN98.omega=2.23735	mean
326	-4.01411	-4.0802	-4.40536	-4.9358	-6.32063	0.33182	0.310599	0.224381	0.132014	0.00118629	0.228126
327	-4.02094	-4.06112	-4.25879	-4.58123	-5.42335	0.300407	0.288576	0.236818	0.171547	0.0026525	0.269436
328	-14.2465	-14.2833	-14.4643	-14.7589	-15.5246	0.296101	0.285399	0.238157	0.177382	0.00296041	0.275557
329	-9.41003	-9.43491	-9.55747	-9.75799	-10.2855	0.280944	0.274041	0.242432	0.198382	0.00420153	0.297686
330	-3.58237	-3.62537	-3.83674	-4.18087	-5.07533	0.303858	0.291069	0.235612	0.16701	0.00245066	0.2647
331	-17.3159	-14.9724	-13.4434	-12.8703	-12.6609	0.00673388	0.0701484	0.323651	0.574062	0.0254049	0.693054
332	-11.7988	-9.45517	-7.9261	-7.35508	-7.1646	0.00674449	0.0702672	0.324205	0.573864	0.0249194	0.69201
333	-23.5632	-21.2252	-19.7235	-19.1968	-19.1188	0.00715889	0.0741685	0.332954	0.56384	0.0218791	0.679903
334	-27.3429	-22.6288	-19.438	-18.0785	-17.1173	6.9593e-05	0.00776015	0.188637	0.734594	0.0689397	0.877346
335	-3.41464	-3.44971	-3.6223	-3.90413	-4.64187	0.293989	0.283859	0.238861	0.180198	0.00309282	0.278496
336	-4.01416	-4.0808	-4.40866	-4.94353	-6.34014	0.332461	0.31103	0.224086	0.131257	0.00116569	0.227332
337	-3.96591	-3.99094	-4.11427	-4.3161	-4.84723	0.28115	0.274199	0.242385	0.198086	0.00418008	0.29737
338	-3.94406	-3.98738	-4.20032	-4.54717	-5.44952	0.304263	0.291366	0.235481	0.166466	0.00242346	0.264131
339	-12.2373	-9.8932	-8.36183	-7.78736	-7.58968	0.00671183	0.0699608	0.323534	0.574659	0.0251341	0.69292
340	-4.1158	-4.16042	-4.37999	-4.73835	-5.67519	0.305969	0.292616	0.23493	0.164175	0.0023091	0.261733
341	-12.7051	-12.7448	-12.9401	-13.2591	-14.0946	0.299823	0.288161	0.237037	0.172297	0.00268169	0.270217
342	-15.6667	-13.3212	-11.7829	-11.1972	-10.9715	0.00660993	0.068997	0.321309	0.577126	0.0259581	0.696042
343	-3.95392	-4.00129	-4.23437	-4.61481	-5.60956	0.309365	0.295054	0.233708	0.159753	0.0021205	0.257119
344	-14.4672	-12.1319	-10.6438	-10.1404	-10.1316	0.007378	0.0762338	0.337623	0.558541	0.0202244	0.673414
345	-4.14235	-4.189	-4.41837	-4.79208	-5.76507	0.308404	0.294349	0.234017	0.161045	0.00218466	0.258469
346	-9.73143	-9.77487	-9.98839	-10.3361	-11.2403	0.304405	0.291466	0.235428	0.166285	0.00241639	0.263942
347	-4.96537	-5.00904	-5.22375	-5.57342	-6.48298	0.304706	0.291685	0.235326	0.165885	0.00239768	0.263524
348	-7.98917	-8.02974	-8.22934	-8.55496	-9.40549	0.300901	0.288937	0.236656	0.170886	0.00262013	0.268744
349	-7.89435	-7.91937	-8.04255	-8.24382	-8.77101	0.281092	0.274147	0.242375	0.198188	0.00419876	0.297494
350	-7.48159	-7.517	-7.69129	-7.97589	-8.721	0.294426	0.284183	0.23873	0.1796	0.00305992	0.277868
351	-4.51694	-4.55653	-4.75153	-5.07045	-5.90843	0.299766	0.288131	0.237084	0.172343	0.00267587	0.27026
352	-17.5389	-15.194	-13.6587	-13.0773	-12.8589	0.00665088	0.0693802	0.322129	0.576115	0.0257253	0.694962
405	-3.96591	-3.99094	-4.11427	-4.3161	-4.84724	0.28115	0.274199	0.242385	0.198086	0.00418007	0.29737
406	-8.25679	-8.29339	-8.47351	-8.76742	-9.53547	0.295918	0.285281	0.238259	0.177585	0.00295697	0.275758
407	-4.53129	-4.57774	-4.80615	-5.17842	-6.14839	0.30817	0.294184	0.23411	0.161341	0.00219529	0.258778
408	-3.79088	-3.83354	-4.04345	-4.38582	-5.27972	0.303516	0.290838	0.235771	0.167417	0.00245801	0.265119
409	-17.3388	-17.3842	-17.6076	-17.9714	-18.9171	0.3069	0.293265	0.234548	0.163014	0.00227269	0.260528
410	-6.82047	-6.86824	-7.10295	-7.48464	-8.47404	0.30971	0.295262	0.233493	0.159408	0.00212725	0.256763
411	-4.06415	-4.08717	-4.20053	-4.386	-4.87376	0.278509	0.272173	0.243002	0.201867	0.00444869	0.3014
412	-4.67855	-4.71588	-4.8997	-5.20008	-5.98776	0.29689	0.286011	0.237986	0.176236	0.00287747	0.274338
413	-7.42307	-7.44649	-7.56184	-7.75048	-8.24618	0.279031	0.272572	0.242877	0.201123	0.00439726	0.300609
414	-7.49518	-7.51851	-7.63332	-7.82072	-8.30962	0.278867	0.272437	0.242885	0.201379	0.00443291	0.300908
415	-12.2004	-12.2445	-12.4612	-12.8141	-13.7314	0.305214	0.292049	0.235142	0.165225	0.00236975	0.262835
416	-20.1208	-15.4063	-12.2137	-10.852	-9.89488	6.93393e-05	0.00773476	0.188353	0.73513	0.0687128	0.877205
417	-3.8249	-3.86478	-4.06123	-4.38247	-5.22618	0.300133	0.288398	0.23696	0.171855	0.00265306	0.26975
418	-5.33837	-5.39429	-5.66905	-6.11588	-7.27405	0.319614	0.302231	0.229622	0.146877	0.00165566	0.243679
419	-9.6734	-9.71103	-9.89626	-10.1988	-10.9914	0.297247	0.28627	0.237865	0.175762	0.00285561	0.273843
420	-3.58582	-3.62918	-3.84231	-4.18932	-5.09145	0.304303	0.291392	0.23546	0.166421	0.00242338	0.264085
421	-4.06415	-4.08717	-4.20053	-4.386	-4.87376	0.278509	0.272173	0.243002	0.201867	0.00444869	0.3014
422	-4.14235	-4.189	-4.41837	-4.79208	-5.76508	0.308405	0.294349	0.234017	0.161045	0.00218465	0.258469
423	-21.4737	-16.7623	-13.5849	-12.2479	-11.3561	7.23329e-05	0.00804397	0.192942	0.734616	0.0643254	0.86869
424	-14.7545	-12.4114	-10.8844	-10.3167	-10.1344	0.00677517	0.0705567	0.324864	0.573121	0.0246838	0.691094
425	-10.6732	-10.7086	-10.883	-11.1678	-11.9136	0.294462	0.28421	0.23872	0.179551	0.00305704	0.277816
426	-20.2259	-17.891	-16.4042	-15.9012	-15.8823	0.00738963	0.0763266	0.337595	0.558269	0.0204196	0.673605
427	-15.2332	-12.8886	-11.3545	-10.7752	-10.5619	0.00666948	0.0695561	0.322536	0.575666	0.0255724	0.694388
428	-7.14758	-7.1731	-7.29874	-7.50401	-8.04221	0.281742	0.274643	0.242216	0.197266	0.00413348	0.29651
429	-21.0075	-21.0524	-21.2734	-21.6338	-22.5749	0.306316	0.29286	0.234794	0.163737	0.00229323	0.261276
430	-4.46006	-4.50958	-4.7531	-5.15004	-6.18436	0.311946	0.296877	0.232711	0.156469	0.00199631	0.253695
431	-16.2497	-13.9064	-12.3784	-11.8092	-11.6227	0.00676107	0.0704231	0.324552	0.573462	0.0248022	0.691534
432	-14.0395	-11.6782	-10.0662	-9.37287	-8.91905	0.00564618	0.0598762	0.300156	0.600396	0.0339258	0.72586
433	-35.805	-28.6935	-23.6765	-21.2125	-18.7728	3.0707e-07	0.000376478	0.0568319	0.66785	0.274941	1.22871
434	-10.3696	-10.4129	-10.6258	-10.973	-11.8791	0.30427	0.291383	0.235509	0.166424	0.00241388	0.264084
435	-7.16577	-7.20127	-7.376	-7.66134	-8.40839	0.294542	0.284269	0.238696	0.179442	0.00305128	0.277703
436	-23.7329	-21.4017	-19.9335	-19.4613	-19.525	0.00769139	0.0791449	0.343602	0.551006	0.018555	0.665464
437	-4.46006	-4.50958	-4.7531	-5.15004	-6.18436	0.311946	0.296877	0.232711	0.156469	0.00199631	0.253695
438	-23.7553	-23.7948	-23.9896	-24.3077	-25.14	0.299686	0.288057	0.237074	0.172489	0.0026932	0.270418
439	-4.89439	-4.92825	-5.095	-5.3676	-6.08331	0.292494	0.282756	0.239329	0.182224	0.00319724	0.280617
440	-4.01734	-4.0613	-4.27757	-4.63031	-5.55138	0.305125	0.292002	0.235213	0.165299	0.00236186	0.262906
441	-23.9498	-21.6175	-20.1435	-19.6622	-19.7044	0.00759978	0.0782943	0.341861	0.55321	0.0190351	0.667773
442	-3.95393	-4.00129	-4.23438	-4.61482	-5.60957	0.309365	0.295054	0.233708	0.159753	0.00212049	0.257118
443	-4.53129	-4.57774	-4.80615	-5.17842	-6.14839	0.30817	0.294184	0.23411	0.161341	0.00219529	0.258778
444	-7.92415	-7.95838	-8.12691	-8.40244	-9.12578	0.292957	0.283101	0.239192	0.181588	0.00316186	0.279949
445	-7.53912	-7.57507	-7.75204	-8.04101	-8.79732	0.295117	0.284695	0.238519	0.17866	0.00301	0.276882
446	-4.06415	-4.08717	-4.20053	-4.386	-4.87376	0.278509	0.272173	0.243002	0.201867	0.00444869	0.3014
447	-20.4246	-20.4622	-20.6472	-20.9493	-21.74	0.297185	0.286222	0.237877	0.175854	0.00286259	0.273941
448	-4.01734	-4.0613	-4.27757	-4.63031	-5.55138	0.305125	0.292002	0.235213	0.165299	0.00236186	0.262906
449	-10.3621	-10.4058	-10.6207	-10.9705	-11.8798	0.304744	0.29171	0.235305	0.165844	0.00239776	0.263481
450	-21.1232	-21.1632	-21.3601	-21.6809	-22.5178	0.300181	0.288407	0.236882	0.171859	0.00267124	0.269765
451	-25.0304	-22.6986	-21.2271	-20.7489	-20.7943	0.00763527	0.0786172	0.342431	0.552371	0.0189457	0.667068
452	-9.02407	-9.07174	-9.30617	-9.68822	-10.6836	0.309675	0.29526	0.233557	0.159393	0.00211438	0.256745
453	-21.5577	-16.8436	-13.6523	-12.2916	-11.3312	6.94927e-05	0.00774945	0.188472	0.734801	0.0689084	0.877397
454	-18.2182	-18.2556	-18.4397	-18.7402	-19.5262	0.296943	0.286041	0.237947	0.176187	0.00288159	0.274292
455	-4.29663	-4.34245	-4.56797	-4.93621	-5.90011	0.307473	0.293704	0.234406	0.162196	0.00222038	0.259666
456	-16.4218	-14.0789	-12.5528	-11.9865	-11.8076	0.00678813	0.0706789	0.325141	0.572807	0.0245849	0.690708
457	-4.62565	-4.68109	-4.95337	-5.39583	-6.5403	0.318995	0.301791	0.229855	0.147672	0.00168756	0.244509
458	-3.58582	-3.62918	-3.84231	-4.18932	-5.09145	0.304303	0.291392	0.23546	0.166421	0.00242338	0.264085
459	-25.3594	-23.0253	-21.5428	-21.0475	-21.0523	0.00746209	0.0770089	0.339129	0.556521	0.019879	0.671474
460	-44.2849	-34.817	-28.2399	-25.2025	-22.4625	3.2171e-09	4.16211e-05	0.0299016	0.623475	0.346582	1.33944
461	-7.25803	-7.30268	-7.52232	-7.88054	-8.8155	0.305976	0.292614	0.234912	0.164185	0.00231357	0.261744
462	-4.98433	-5.03964	-5.31134	-5.75302	-6.89677	0.318858	0.301701	0.229921	0.147829	0.00169057	0.244673
463	-13.2084	-13.251	-13.4605	-13.8018	-14.6895	0.303386	0.290735	0.235791	0.167611	0.00247611	0.265332
464	-9.4697	-9.49276	-9.60632	-9.79206	-10.2802	0.27856	0.27221	0.242987	0.201798	0.00444536	0.301328
465	-4.29663	-4.34245	-4.56797	-4.93621	-5.90011	0.307473	0.293704	0.234406	0.162196	0.00222038	0.259666
466	-14.5611	-12.2378	-10.8078	-10.3966	-10.6112	0.00832642	0.0850096	0.355219	0.535925	0.0155197	0.650107
467	-4.60702	-4.65074	-4.86562	-5.21547	-6.12479	0.304746	0.291711	0.235304	0.165841	0.00239763	0.263478
468	-7.06132	-7.10609	-7.32626	-7.68515	-8.61949	0.306098	0.292699	0.234856	0.164035	0.00231292	0.261595
469	-4.06415	-4.08717	-4.20053	-4.386	-4.87376	0.278509	0.272173	0.243002	0.201867	0.00444869	0.3014
470	-4.62565	-4.68109	-4.95337	-5.39583	-6.5403	0.318995	0.301791	0.229855	0.147672	0.00168756	0.244509
471	-24.4284	-24.4802	-24.7345	-25.1477	-26.2157	0.314563	0.298689	0.231621	0.153236	0.00189016	0.25032
472	-4.84709	-4.88729	-5.08528	-5.40902	-6.25921	0.300526	0.288684	0.23683	0.171332	0.00262789	0.269203
473	-4.28997	-4.33374	-4.54905	-4.9002	-5.81687	0.304881	0.291825	0.235297	0.16562	0.00237688	0.263242
474	-4.89439	-4.92825	-5.095	-5.3676	-6.08331	0.292494	0.282756	0.239329	0.182224	0.00319724	0.280617
475	-16.7138	-16.744	-16.8924	-17.1347	-17.7693	0.28771	0.279166	0.240664	0.188866	0.00359388	0.287619
476	-17.144	-14.8018	-13.2794	-12.7189	-12.5539	0.00684254	0.0711909	0.326285	0.571489	0.0241929	0.689131
477	-15.2159	-15.2556	-15.4508	-15.7698	-16.607	0.299811	0.288158	0.237056	0.172298	0.00267742	0.270215
478	-16.9402	-14.609	-13.1408	-12.6686	-12.7329	0.00769153	0.0791467	0.343613	0.551005	0.018544	0.665442
479	-3.95393	-4.00129	-4.23438	-4.61482	-5.60957	0.309365	0.295054	0.233708	0.159753	0.00212049	0.257118
480	-16.272	-13.9391	-12.4623	-11.9753	-11.9958	0.00754823	0.0778032	0.34068	0.554471	0.0194973	0.669445
481	-23.7018	-21.347	-19.7626	-19.1012	-18.673	0.00595419	0.0627347	0.30592	0.592746	0.0326454	0.718593
482	-13.227	-10.8781	-9.325	-8.72144	-8.4762	0.00642467	0.0672921	0.318038	0.58157	0.0266753	0.70023
483	-4.31817	-4.36505	-4.5958	-4.97252	-5.9581	0.308784	0.29464	0.233926	0.1605	0.00215002	0.257896
484	-10.3087	-10.3318	-10.4454	-10.6313	-11.1201	0.278574	0.272223	0.242987	0.201773	0.00444187	0.3013
485	-8.89652	-8.9307	-9.09901	-9.37417	-10.0966	0.292899	0.283057	0.23921	0.181668	0.00316622	0.280033
486	-4.96879	-4.99709	-5.13639	-5.36406	-5.96153	0.285339	0.277379	0.24131	0.192176	0.0037951	0.29111
487	-3.58582	-3.62918	-3.84231	-4.18932	-5.09145	0.304303	0.291392	0.23546	0.166421	0.00242338	0.264085
488	-4.51694	-4.55653	-4.75153	-5.07046	-5.90844	0.299766	0.288131	0.237084	0.172343	0.00267585	0.270259
489	-12.1786	-12.202	-12.3174	-12.5056	-12.9968	0.279007	0.272544	0.242852	0.201178	0.00441846	0.300693
490	-28.0799	-23.3464	-20.0491	-18.4792	-16.8283	4.82452e-05	0.00548499	0.148315	0.712817	0.133335	0.986705
491	-3.87213	-3.9057	-4.07103	-4.34134	-5.0511	0.292129	0.282484	0.239437	0.182725	0.00322516	0.281143
492	-3.96591	-3.99094	-4.11427	-4.3161	-4.84724	0.28115	0.274199	0.242385	0.198086	0.00418006	0.29737
493	-9.51448	-9.56271	-9.8	-10.1869	-11.1963	0.310399	0.295782	0.233303	0.158444	0.00207265	0.255754
494	-3.96591	-3.99094	-4.11427	-4.3161	-4.84724	0.28115	0.274199	0.242385	0.198086	0.00418006	0.29737
495	-3.41718	-3.45254	-3.62657	-3.91074	-4.65473	0.29436	0.284134	0.23875	0.179691	0.00306491	0.277964
496	-4.62041	-4.64534	-4.76816	-4.9691	-5.49755	0.281012	0.274093	0.242414	0.198285	0.00419551	0.297584
497	-8.11964	-8.15699	-8.34087	-8.64117	-9.42751	0.296896	0.28601	0.237972	0.17624	0.00288138	0.274345
498	-9.60154	-9.63031	-9.77197	-10.0034	-10.6102	0.285953	0.277842	0.241143	0.191318	0.00374317	0.290205
499	-4.01734	-4.0613	-4.27757	-4.63031	-5.55138	0.305125	0.292002	0.235213	0.165299	0.00236186	0.262906
500	-8.08882	-8.14362	-8.4128	-8.85026	-9.98225	0.318235	0.301264	0.230168	0.148614	0.00171965	0.245493
501	-3.8249	-3.86478	-4.06123	-4.38247	-5.22618	0.300133	0.288398	0.23696	0.171855	0.00265306	0.26975
502	-15.735	-15.7821	-16.0136	-16.3907	-17.3716	0.308945	0.29473	0.233809	0.160358	0.00215825	0.257752
503	-11.8574	-11.8982	-12.0994	-12.4276	-13.2845	0.301298	0.289226	0.236522	0.170358	0.00259545	0.268192
504	-3.95393	-4.00129	-4.23438	-4.61482	-5.60957	0.309365	0.295054	0.233708	0.159753	0.00212049	0.257118
505	-3.87213	-3.9057	-4.07103	-4.34134	-5.0511	0.292129	0.282484	0.239437	0.182725	0.00322516	0.281143
506	-12.8575	-12.8914	-13.0585	-13.3312	-14.0447	0.292554	0.28279	0.239284	0.182169	0.00320339	0.280567
507	-3.95393	-4.00129	-4.23438	-4.61482	-5.60957	0.309365	0.295054	0.233708	0.159753	0.00212049	0.257118
508	-4.51694	-4.55653	-4.75153	-5.07046	-5.90844	0.299766	0.288131	0.237084	0.172343	0.00267585	0.270259
509	-3.41718	-3.45254	-3.62657	-3.91074	-4.65473	0.29436	0.284134	0.23875	0.179691	0.00306491	0.277964
510	-12.5434	-12.5668	-12.682	-12.87	-13.3605	0.278965	0.272512	0.242862	0.201239	0.0044228	0.300758
511	-7.71871	-7.75289	-7.92124	-8.19646	-8.91898	0.292909	0.283065	0.239206	0.181654	0.00316562	0.280019
512	-7.53132	-7.55945	-7.698	-7.92454	-8.51951	0.285147	0.277237	0.241367	0.192439	0.00380978	0.291386
513	-14.0707	-14.1255	-14.3945	-14.8316	-15.9626	0.318183	0.301228	0.230189	0.148679	0.00172198	0.245561
514	-4.14235	-4.189	-4.41837	-4.79208	-5.76508	0.308405	0.294349	0.234017	0.161045	0.00218465	0.258469
515	-7.42307	-7.44649	-7.56184	-7.75048	-8.24618	0.279031	0.272572	0.242877	0.201123	0.00439726	0.300609
516	-12.0987	-12.1434	-12.3632	-12.7209	-13.6496	0.305971	0.292591	0.234865	0.164244	0.00232894	0.261812
517	-24.7856	-20.0924	-17.0044	-15.8129	-15.2978	9.20511e-05	0.0100521	0.220476	0.725777	0.0436028	0.825045
518	-9.97967	-10.0027	-10.1162	-10.302	-10.7904	0.27855	0.272204	0.242993	0.201808	0.00444438	0.301336
519	-4.02381	-4.06432	-4.26363	-4.58876	-5.43805	0.300826	0.288883	0.236681	0.170986	0.00262495	0.268848
520	-8.64153	-8.67585	-8.84485	-9.12111	-9.84628	0.293076	0.283189	0.239156	0.181427	0.0031533	0.27978
521	-31.575	-26.8591	-23.659	-22.2835	-21.2811	6.77479e-05	0.00756814	0.185688	0.734815	0.0718605	0.882949
522	-24.4054	-19.6933	-16.5124	-15.169	-14.2561	7.15657e-05	0.00796398	0.191694	0.734578	0.0656924	0.871238
523	-14.6405	-12.3025	-10.8007	-10.2735	-10.1927	0.0071559	0.0741379	0.33285	0.563912	0.0219444	0.680072
524	-4.06416	-4.08717	-4.20054	-4.386	-4.87376	0.278509	0.272173	0.243002	0.201867	0.00444868	0.3014
525	-4.97553	-5.02323	-5.258	-5.64115	-6.64282	0.309783	0.295351	0.233552	0.159215	0.00209875	0.256557
526	-8.14497	-8.18579	-8.38661	-8.71418	-9.56972	0.301209	0.289161	0.236553	0.170476	0.00260081	0.268316
527	-3.58582	-3.62918	-3.84231	-4.18933	-5.09145	0.304304	0.291392	0.23546	0.166421	0.00242337	0.264085
528	-4.51694	-4.55653	-4.75153	-5.07046	-5.90844	0.299766	0.288131	0.237084	0.172343	0.00267585	0.270259
529	-9.29408	-9.33164	-9.51654	-9.81862	-10.6102	0.297165	0.286211	0.237894	0.17587	0.00286036	0.273956
530	-22.0361	-19.6995	-18.2046	-17.6884	-17.6318	0.00726167	0.0751288	0.334984	0.561306	0.02132	0.677241
531	-4.97553	-5.02323	-5.258	-5.64115	-6.64282	0.309783	0.295351	0.233552	0.159215	0.00209875	0.256557
532	-4.29663	-4.34245	-4.56797	-4.93622	-5.90011	0.307474	0.293704	0.234406	0.162196	0.00222038	0.259666
533	-7.41129	-7.45594	-7.67558	-8.03382	-8.96909	0.305975	0.292615	0.234914	0.164182	0.00231282	0.261741
534	-20.6304	-15.9163	-12.7251	-11.3654	-10.4115	6.95915e-05	0.00776041	0.1887	0.734986	0.068484	0.876698
535	-32.6012	-32.6498	-32.8887	-33.2776	-34.2876	0.310778	0.296031	0.233115	0.158011	0.00206563	0.255303
536	-7.42307	-7.44649	-7.56184	-7.75048	-8.24618	0.279031	0.272572	0.242877	0.201123	0.00439725	0.300608
537	-4.53129	-4.57774	-4.80615	-5.17842	-6.1484	0.30817	0.294184	0.23411	0.161341	0.00219528	0.258778
538	-3.58582	-3.62918	-3.84231	-4.18933	-5.09145	0.304304	0.291392	0.23546	0.166421	0.00242337	0.264085
539	-19.724	-17.3706	-15.7933	-15.1439	-14.7502	0.00605405	0.0636961	0.308406	0.590429	0.0314148	0.714793
540	-12.968	-13.0211	-13.2822	-13.706	-14.7995	0.31622	0.299843	0.230949	0.15117	0.00181786	0.248163
541	-18.3808	-16.0282	-14.4547	-13.8111	-13.4271	0.00610422	0.064173	0.309529	0.58915	0.0310444	0.713288
542	-18.2571	-18.3052	-18.5415	-18.9264	-19.9274	0.310133	0.295579	0.233371	0.158822	0.00209495	0.256149
543	-47.6464	-40.5377	-35.5705	-33.2481	-31.1284	3.99459e-07	0.000488361	0.0701448	0.715481	0.213885	1.13937
544	-12.6002	-10.2672	-8.79016	-8.3039	-8.33431	0.00754999	0.077832	0.340914	0.554402	0.0193028	0.669038
545	-7.27506	-7.31044	-7.48453	-7.76883	-8.51314	0.294378	0.284147	0.238745	0.179666	0.00306348	0.277938
546	-21.3251	-18.9852	-17.4742	-16.9317	-16.8087	0.00701218	0.072784	0.329798	0.567377	0.0230283	0.68432
547	-21.8316	-19.5045	-18.0562	-17.6149	-17.7507	0.00801341	0.0821186	0.349487	0.543355	0.017026	0.657694
548	-20.4229	-20.4629	-20.6597	-20.9811	-21.8233	0.300201	0.288439	0.236917	0.171788	0.00265592	0.269683
549	-4.02381	-4.06432	-4.26363	-4.58876	-5.43805	0.300826	0.288883	0.236681	0.170986	0.00262495	0.268848
550	-4.46006	-4.50958	-4.7531	-5.15004	-6.18437	0.311947	0.296877	0.232711	0.156469	0.0019963	0.253694
551	-9.52097	-9.56721	-9.79472	-10.166	-11.1362	0.307963	0.294048	0.234214	0.161577	0.00219792	0.259021
552	-4.53129	-4.57774	-4.80615	-5.17842	-6.1484	0.30817	0.294184	0.23411	0.161341	0.00219528	0.258778
553	-4.29663	-4.34245	-4.56797	-4.93622	-5.90011	0.307474	0.293704	0.234406	0.162196	0.00222038	0.259666
554	-24.0209	-24.0548	-24.2217	-24.494	-25.2063	0.292496	0.282746	0.239299	0.18225	0.00320854	0.280653
555	-4.29663	-4.34245	-4.56797	-4.93622	-5.90011	0.307474	0.293704	0.234406	0.162196	0.00222038	0.259666
556	-12.6294	-12.6562	-12.7886	-13.0049	-13.5724	0.28351	0.275992	0.241781	0.194755	0.00396273	0.293841
557	-4.02381	-4.06432	-4.26363	-4.58876	-5.43805	0.300826	0.288883	0.236681	0.170986	0.00262495	0.268848
558	-15.5476	-13.2149	-11.7392	-11.2552	-11.2921	0.00757278	0.0780453	0.341371	0.55385	0.0191603	0.668419
559	-4.1158	-4.16042	-4.38	-4.73835	-5.6752	0.305969	0.292617	0.23493	0.164175	0.00230908	0.261733
560	-9.42495	-9.45885	-9.62567	-9.89798	-10.6103	0.292492	0.282744	0.2393	0.182255	0.00320883	0.280659
561	-26.6058	-24.261	-22.7307	-22.1723	-22.0678	0.0067932	0.0708632	0.327349	0.572195	0.0227992	0.687018
562	-3.87213	-3.9057	-4.07104	-4.34134	-5.05111	0.292129	0.282484	0.239437	0.182725	0.00322516	0.281143
563	-9.31785	-9.34187	-9.46015	-9.65348	-10.1609	0.279802	0.273161	0.242689	0.200026	0.0043225	0.299443
564	-20.3478	-20.3818	-20.5493	-20.8227	-21.5382	0.292666	0.282874	0.239252	0.182014	0.00319434	0.280404
565	-12.4868	-12.5316	-12.7517	-13.1103	-14.0443	0.306071	0.292674	0.234856	0.164084	0.00231446	0.26164
566	-14.7492	-12.3988	-10.8364	-10.2114	-9.88205	0.00626262	0.0656917	0.313367	0.585468	0.0292101	0.707479
567	-37.0205	-29.9154	-24.9624	-22.6525	-20.5183	4.10099e-07	0.000499563	0.0707386	0.712635	0.216126	1.14209
568	-9.24554	-9.28242	-9.46393	-9.76023	-10.5353	0.296281	0.285553	0.238155	0.177083	0.00292798	0.275231
569	-22.5207	-22.5619	-22.7646	-23.0952	-23.9577	0.30169	0.289509	0.236384	0.169843	0.00257322	0.267656
570	-3.95393	-4.00129	-4.23438	-4.61482	-5.60957	0.309365	0.295054	0.233708	0.159753	0.00212048	0.257118
571	-16.8959	-16.9362	-17.1338	-17.4547	-18.284	0.300322	0.288478	0.236756	0.171754	0.00269009	0.269672
572	-3.8249	-3.86478	-4.06123	-4.38247	-5.22618	0.300134	0.288398	0.23696	0.171855	0.00265305	0.26975
573	-8.47077	-8.52087	-8.76692	-9.16675	-10.2004	0.312522	0.297253	0.232417	0.155819	0.00198933	0.253021
574	-7.748	-7.79162	-8.00602	-8.35511	-9.26263	0.304625	0.291624	0.235348	0.165998	0.0024042	0.263643
575	-4.14235	-4.189	-4.41837	-4.79208	-5.76508	0.308405	0.294349	0.234017	0.161045	0.00218464	0.258469
576	-13.9524	-13.9934	-14.1955	-14.525	-15.3804	0.301519	0.289386	0.236435	0.170065	0.00259504	0.267911
577	-25.1191	-25.1666	-25.4003	-25.7812	-26.7733	0.309498	0.295132	0.23362	0.159626	0.00212444	0.256987
578	-3.79088	-3.83354	-4.04345	-4.38583	-5.27973	0.303516	0.290838	0.235771	0.167417	0.002458	0.265119
579	-11.8674	-11.8935	-12.0218	-12.2308	-12.7713	0.282407	0.275132	0.241994	0.196362	0.00410502	0.295598
580	-3.58582	-3.62918	-3.84231	-4.18933	-5.09145	0.304304	0.291392	0.23546	0.166421	0.00242337	0.264085
581	-22.5605	-22.5845	-22.7028	-22.8963	-23.4045	0.279825	0.27318	0.242687	0.19999	0.00431842	0.299403
582	-3.64295	-3.67712	-3.84541	-4.12054	-4.84287	0.292894	0.283054	0.239211	0.181675	0.00316659	0.28004
583	-8.30395	-8.34983	-8.57557	-8.94397	-9.90699	0.30752	0.293732	0.234376	0.16215	0.00222168	0.259619
584	-4.1158	-4.16042	-4.38	-4.73835	-5.6752	0.305969	0.292617	0.23493	0.164175	0.00230908	0.261733
585	-5.75127	-5.78892	-5.97427	-6.27715	-7.07124	0.297283	0.2863	0.237861	0.175706	0.00285046	0.273783
586	-3.96591	-3.99094	-4.11427	-4.3161	-4.84724	0.28115	0.274199	0.242385	0.198086	0.00418006	0.29737
587	-4.62041	-4.64534	-4.76816	-4.9691	-5.49756	0.281012	0.274093	0.242414	0.198285	0.0041955	0.297584
588	-16.7658	-14.44	-12.998	-12.5676	-12.7344	0.00812309	0.0831375	0.351584	0.540729	0.0164263	0.654888
589	-12.8936	-10.5638	-9.1025	-8.64104	-8.73036	0.00780203	0.0801695	0.345666	0.548362	0.0180002	0.662731
590	-3.96591	-3.99094	-4.11427	-4.3161	-4.84724	0.28115	0.274199	0.242385	0.198086	0.00418006	0.29737
591	-9.62121	-9.66482	-9.87916	-10.2281	-11.1354	0.30461	0.291613	0.235354	0.166018	0.00240506	0.263663
592	-20.6751	-20.6986	-20.8148	-21.0048	-21.5034	0.279252	0.272739	0.242819	0.200812	0.00437781	0.30028
593	-4.06416	-4.08717	-4.20054	-4.386	-4.87376	0.278509	0.272173	0.243002	0.201867	0.00444868	0.3014
594	-13.0222	-10.6722	-9.11159	-8.48933	-8.16636	0.00628744	0.0659269	0.313918	0.584873	0.0289951	0.706695
595	-4.62041	-4.64534	-4.76816	-4.9691	-5.49756	0.281012	0.274093	0.242414	0.198285	0.0041955	0.297584
596	-12.9317	-12.9766	-13.1974	-13.5573	-14.4945	0.306261	0.292816	0.234799	0.163821	0.00230345	0.261372
597	-11.1266	-11.1743	-11.409	-11.7921	-12.7935	0.309778	0.295347	0.233552	0.159223	0.00209948	0.256565
598	-4.60702	-4.65074	-4.86562	-5.21548	-6.12479	0.304746	0.291711	0.235304	0.16584	0.00239762	0.263478
599	-19.9781	-20.018	-20.2144	-20.5355	-21.3777	0.300129	0.288389	0.23695	0.171875	0.00265729	0.269772
600	-3.58582	-3.62918	-3.84231	-4.18933	-5.09145	0.304304	0.291392	0.23546	0.166421	0.00242337	0.264085
601	-22.6091	-17.8978	-14.7205	-13.3836	-12.4895	7.23451e-05	0.00804477	0.192916	0.734506	0.0644615	0.868887
602	-23.4981	-21.1539	-19.6222	-19.0467	-18.8442	0.00670403	0.0698839	0.323311	0.574839	0.0252619	0.693276
603	-9.52922	-9.56882	-9.76381	-10.0827	-10.9199	0.299762	0.288125	0.23708	0.172355	0.00267803	0.270273
604	-16.0136	-13.6794	-12.1964	-11.6993	-11.6937	0.0074488	0.0768763	0.338724	0.55685	0.0201002	0.672099
605	-3.94406	-3.98738	-4.20033	-4.54717	-5.44953	0.304263	0.291366	0.235481	0.166465	0.00242344	0.26413
606	-23.351	-18.6374	-15.4495	-14.0952	-13.1572	7.02348e-05	0.00782727	0.189727	0.734978	0.0673972	0.874653
607	-30.7317	-26.0195	-22.8378	-21.4924	-20.569	7.13422e-05	0.00793987	0.191249	0.734373	0.0663659	0.872393
608	-8.23752	-8.27288	-8.44693	-8.73116	-9.47526	0.294366	0.284139	0.238748	0.179682	0.00306439	0.277954
609	-4.01416	-4.0808	-4.40866	-4.94354	-6.34016	0.332462	0.31103	0.224086	0.131257	0.00116567	0.227331
610	-5.76836	-5.80254	-5.97075	-6.24532	-6.96334	0.292852	0.283011	0.239193	0.181763	0.00318181	0.280142
611	-20.1226	-17.7861	-16.292	-15.7772	-15.7291	0.007275	0.0752549	0.335299	0.561043	0.0211289	0.676708
612	-14.8453	-12.5094	-11.018	-10.5082	-10.4748	0.00732085	0.0756875	0.336282	0.559931	0.0207789	0.675341
613	-11.9786	-12.0338	-12.3049	-12.7456	-13.8867	0.31871	0.301598	0.229981	0.148014	0.00169708	0.244866
614	-3.58582	-3.62918	-3.84231	-4.18933	-5.09145	0.304304	0.291392	0.23546	0.166421	0.00242337	0.264085
615	-32.103	-27.3807	-24.1493	-22.7241	-21.599	6.20934e-05	0.00698117	0.176722	0.734977	0.0812573	0.900684
616	-15.8886	-13.5533	-12.0649	-11.5591	-11.5329	0.00736305	0.0760772	0.337047	0.558918	0.0205942	0.674347
617	-34.3491	-27.2587	-22.3775	-20.1836	-18.3486	5.26985e-07	0.000632603	0.0833705	0.747826	0.16817	1.07078
618	-3.94406	-3.98738	-4.20033	-4.54717	-5.44953	0.304263	0.291366	0.235481	0.166465	0.00242344	0.26413
619	-14.8069	-12.4749	-11.0027	-10.5244	-10.5744	0.00762904	0.0785675	0.34244	0.552501	0.0188627	0.666997
620	-19.3072	-16.973	-15.49	-14.9938	-14.9957	0.00745394	0.0769319	0.338951	0.556718	0.0199455	0.671725
621	-9.05674	-9.11208	-9.38395	-9.82592	-10.9704	0.3189	0.30173	0.229905	0.147776	0.00168874	0.244618
622	-14.7672	-12.4063	-10.8033	-10.1441	-9.84022	0.00584715	0.0619848	0.307918	0.595296	0.0289535	0.713297
623	-17.398	-15.0555	-13.5316	-12.969	-12.7993	0.00682138	0.070993	0.325859	0.572001	0.0243257	0.689707
624	-15.0533	-15.0981	-15.3179	-15.6755	-16.604	0.305978	0.292595	0.23486	0.164237	0.0023293	0.261805
625	-10.0021	-10.0447	-10.2547	-10.597	-11.491	0.303519	0.29084	0.23577	0.167413	0.00245784	0.265115
626	-23.5706	-18.8681	-15.7338	-14.4649	-13.7366	8.11708e-05	0.00894681	0.205535	0.73108	0.0543565	0.848078
627	-45.3643	-35.8909	-29.2856	-26.1997	-23.3192	2.81964e-09	3.66841e-05	0.0271096	0.593303	0.379551	1.3854
628	-40.7048	-33.5624	-28.4553	-25.9671	-23.5866	2.70236e-07	0.000341701	0.0564424	0.679541	0.263674	1.21371
629	-26.9263	-22.2204	-19.0696	-17.7737	-16.973	7.75923e-05	0.008581	0.200406	0.732392	0.0585429	0.856642
630	-27.8747	-23.1504	-19.9094	-18.4689	-17.3074	6.04383e-05	0.0068086	0.174023	0.734848	0.0842602	0.906255
631	-12.2919	-9.93741	-8.35473	-7.69646	-7.27951	0.00597976	0.0629832	0.306602	0.592184	0.0322507	0.717487
632	-17.5572	-15.2215	-13.7312	-13.2226	-13.1903	0.00733503	0.0758167	0.336511	0.559592	0.020745	0.675061
633	-14.6543	-12.3278	-10.8822	-10.4457	-10.5966	0.00806087	0.0825625	0.350439	0.542203	0.0167351	0.656412
634	-30.8369	-23.7403	-18.8285	-16.5844	-14.6159	4.73684e-07	0.000572144	0.0777399	0.733254	0.188434	1.10106
635	-18.4564	-16.1247	-14.654	-14.1775	-14.2288	0.00764979	0.0787554	0.34276	0.552013	0.0188214	0.666607
636	-11.9729	-12.0198	-12.2505	-12.6265	-13.606	0.308743	0.294593	0.233898	0.160601	0.00216453	0.258005
637	-29.7704	-25.0599	-21.8861	-20.5538	-19.6649	7.29425e-05	0.008105	0.193686	0.734051	0.0640848	0.867937
638	-13.6138	-11.2811	-9.80565	-9.32202	-9.35918	0.00757613	0.0780756	0.341425	0.553773	0.0191512	0.668352
639	-38.4003	-31.2997	-26.3683	-24.0932	-22.0498	4.43053e-07	0.000537317	0.0744554	0.724373	0.200634	1.11924
640	-14.6863	-12.3509	-10.8618	-10.356	-10.3349	0.00735817	0.0760399	0.337086	0.559024	0.0204912	0.674223
641	-23.0715	-18.347	-15.105	-13.6629	-12.4974	6.02664e-05	0.00679061	0.173736	0.73482	0.0845929	0.906865
642	-41.8218	-34.7339	-29.865	-27.6912	-25.9074	5.49371e-07	0.000657839	0.0856383	0.75286	0.160843	1.05971
643	-48.1039	-38.6343	-32.0485	-28.9955	-26.207	3.08284e-09	3.99518e-05	0.028954	0.613199	0.357807	1.35509
644	-15.7975	-13.4658	-11.9953	-11.5198	-11.579	0.00765658	0.0788264	0.343015	0.551833	0.0186691	0.666208
645	-4.60135	-4.64748	-4.87449	-5.24497	-6.21349	0.307839	0.293961	0.234262	0.161735	0.00220385	0.259186
646	-42.8048	-38.1018	-34.965	-33.6913	-32.9458	8.05525e-05	0.00888286	0.204578	0.731151	0.0553074	0.849902
647	-29.9777	-25.2558	-22.0263	-20.6046	-19.4915	6.24763e-05	0.00702161	0.177403	0.735195	0.0803183	0.899037
648	-13.1614	-10.8275	-9.34535	-8.84893	-8.84199	0.007459	0.0769649	0.338826	0.556632	0.0201179	0.671989
649	-23.3981	-18.6822	-15.4824	-14.1084	-13.1157	6.7902e-05	0.00758522	0.186042	0.735107	0.0711978	0.88186
650	-17.8551	-15.511	-13.9794	-13.4045	-13.2055	0.00670868	0.0699304	0.323455	0.574734	0.0251718	0.693039
651	-15.0531	-12.6919	-11.0807	-10.3889	-9.93955	0.00565722	0.0599846	0.300464	0.600135	0.0337591	0.725379
652	-26.8505	-24.521	-23.0612	-22.6024	-22.7003	0.00782812	0.0804142	0.346201	0.54773	0.0178267	0.662002
653	-68.6993	-54.441	-44.3134	-39.3738	-34.4137	2.99866e-14	4.66922e-08	0.00116836	0.163247	0.835584	2.01465
654	-29.669	-22.5792	-17.7013	-15.5131	-13.695	5.33313e-07	0.000639786	0.084042	0.749583	0.165734	1.06714
655	-12.6662	-10.3303	-8.83878	-8.32852	-8.29386	0.00731782	0.0756577	0.3362	0.560015	0.0208092	0.67545
656	-32.6373	-25.5371	-20.608	-18.3365	-16.303	4.46632e-07	0.000541414	0.0748565	0.7256	0.199001	1.11683
657	-30.0026	-22.9207	-18.0807	-15.9517	-14.2722	6.02174e-07	0.000716729	0.0906411	0.761978	0.146663	1.03796
658	-24.0098	-19.2942	-16.0955	-14.7227	-13.7285	6.80531e-05	0.00760013	0.1862	0.734852	0.07128	0.881878
659	-23.1841	-18.4532	-15.1818	-13.697	-12.4438	5.57198e-05	0.00631807	0.16647	0.734803	0.0923537	0.921432
660	-43.1199	-36.0185	-31.0838	-28.8031	-26.7436	4.37576e-07	0.000531028	0.073829	0.722332	0.203307	1.12318
661	-27.3463	-22.635	-19.4575	-18.1181	-17.207	7.21048e-05	0.00801779	0.192335	0.734047	0.0655282	0.870645
662	-4.14235	-4.189	-4.41837	-4.79208	-5.76508	0.308405	0.294349	0.234017	0.161045	0.00218464	0.258469
663	-18.0944	-15.7593	-14.272	-13.7688	-13.7511	0.00738486	0.0762872	0.337575	0.558354	0.0203989	0.673624
664	-13.9829	-14.0064	-14.1221	-14.311	-14.8037	0.279099	0.272615	0.242831	0.201045	0.00440869	0.300551
665	-9.46771	-9.49161	-9.60931	-9.80174	-10.307	0.279651	0.273046	0.242728	0.200239	0.00433614	0.299669
666	-21.1375	-18.8018	-17.3111	-16.8012	-16.7617	0.00732511	0.0757181	0.336217	0.559836	0.0209039	0.675514
667	-4.46006	-4.50958	-4.7531	-5.15004	-6.18437	0.311947	0.296877	0.232711	0.156469	0.0019963	0.253694
668	-4.06416	-4.08717	-4.20054	-4.386	-4.87376	0.278509	0.272173	0.243002	0.201867	0.00444868	0.3014
669	-8.14497	-8.18579	-8.38661	-8.71418	-9.56972	0.301209	0.289161	0.236553	0.170476	0.00260081	0.268316
670	-31.7716	-29.4176	-27.8375	-27.1834	-26.7759	0.00601465	0.0633165	0.307421	0.591346	0.0319021	0.716297
671	-4.06416	-4.08717	-4.20054	-4.386	-4.87376	0.278509	0.272173	0.243002	0.201867	0.00444868	0.3014
672	-16.8845	-16.9279	-17.1414	-17.4892	-18.3932	0.30441	0.291469	0.235424	0.16628	0.0024166	0.263937
673	-50.1734	-40.6986	-34.0877	-30.9958	-28.1172	2.78563e-09	3.6289e-05	0.0269681	0.593824	0.379172	1.38496
674	-8.89643	-8.91954	-9.03337	-9.21958	-9.70932	0.278631	0.272267	0.242974	0.201692	0.00443607	0.301213
675	-7.53358	-7.57691	-7.78995	-8.13694	-9.03972	0.304285	0.291382	0.235474	0.166436	0.002422	0.264099
676	-4.91923	-4.94637	-5.08003	-5.29859	-5.87263	0.283863	0.276263	0.241698	0.194248	0.00392693	0.293302
677	-4.62565	-4.68109	-4.95338	-5.39583	-6.54031	0.318995	0.301791	0.229855	0.147672	0.00168755	0.244509
678	-18.3461	-16.0205	-14.5794	-14.1502	-14.3204	0.0081371	0.0832654	0.351824	0.540413	0.016361	0.654561
679	-3.58582	-3.62918	-3.84231	-4.18933	-5.09145	0.304304	0.291392	0.23546	0.166421	0.00242337	0.264085
680	-33.6299	-28.9134	-25.7035	-24.295	-23.1737	6.46965e-05	0.00723198	0.179178	0.732807	0.080718	0.8985
681	-13.5922	-13.616	-13.7332	-13.9247	-14.4271	0.279512	0.272938	0.242756	0.200441	0.00435339	0.299888
682	-5.76836	-5.80254	-5.97075	-6.24532	-6.96334	0.292852	0.283011	0.239193	0.181763	0.00318181	0.280142
683	-10.937	-10.991	-11.2564	-11.6876	-12.8033	0.317301	0.300611	0.230542	0.149785	0.00176161	0.246715
684	-8.9881	-9.01611	-9.15402	-9.37942	-9.9709	0.284974	0.277103	0.241405	0.19269	0.0038281	0.291653
685	-13.665	-11.323	-9.8018	-9.2436	-9.08636	0.00686213	0.0713787	0.326756	0.571018	0.0239849	0.688439
686	-4.06416	-4.08717	-4.20054	-4.386	-4.87376	0.278509	0.272173	0.243002	0.201867	0.00444868	0.3014
687	-24.0853	-21.7501	-20.262	-19.7569	-19.732	0.00736941	0.0761363	0.33717	0.558763	0.020561	0.674186
688	-33.1571	-26.0685	-21.197	-19.0206	-17.2378	5.46344e-07	0.000654624	0.0854417	0.753153	0.160751	1.05969
689	-7.63829	-7.67391	-7.84925	-8.13558	-8.88522	0.294699	0.284386	0.238648	0.179228	0.00303979	0.277478
690	-13.0586	-13.1024	-13.3176	-13.6686	-14.5848	0.304856	0.291807	0.235306	0.165653	0.00237837	0.263277
691	-34.6644	-29.9463	-26.7353	-25.3422	-24.2937	6.57098e-05	0.00735656	0.182454	0.734863	0.0752602	0.88936
