Sites	Ll_YN98.omega=0.00546967	Ll_YN98.omega=0.0634087	Ll_YN98.omega=0.405848	Ll_YN98.omega=0.922294	Pr_YN98.omega=0.00546967	Pr_YN98.omega=0.0634087	Pr_YN98.omega=0.405848	Pr_YN98.omega=0.922294	mean
326	-4.01315	-4.07448	-4.43571	-4.97621	0.335842	0.315861	0.220099	0.128198	0.229428
327	-4.02158	-4.05887	-4.27847	-4.60705	0.303612	0.292498	0.234827	0.169064	0.271438
328	-14.2391	-14.2733	-14.4743	-14.7745	0.299197	0.289147	0.23649	0.175166	0.277504
329	-9.40766	-9.43078	-9.56709	-9.77169	0.283715	0.277233	0.241906	0.197146	0.299135
330	-3.58318	-3.62309	-3.85791	-4.20853	0.307151	0.295133	0.233367	0.164349	0.266684
331	-17.4681	-15.0502	-13.3848	-12.8477	0.0057772	0.0648312	0.342827	0.586564	0.684263
332	-11.9536	-9.53561	-7.87017	-7.33536	0.00578417	0.0649167	0.34328	0.586019	0.68395
333	-23.7118	-21.299	-19.664	-19.1743	0.0061388	0.06854	0.351575	0.573746	0.676228
334	-27.646	-22.7851	-19.3067	-18.0153	5.11745e-05	0.00660914	0.214178	0.779161	0.805959
335	-3.41519	-3.44775	-3.63953	-3.92678	0.297039	0.287526	0.237348	0.178087	0.280432
336	-4.01319	-4.07504	-4.43927	-4.98429	0.3365	0.31632	0.219758	0.127422	0.228607
337	-3.96627	-3.98952	-4.12669	-4.33262	0.283925	0.277398	0.241843	0.196834	0.298832
338	-3.94483	-3.98503	-4.22159	-4.57498	0.307565	0.295446	0.233206	0.163782	0.266118
339	-12.3919	-9.97344	-8.30545	-7.76712	0.00575598	0.0646294	0.342636	0.586979	0.684555
340	-4.11606	-4.15748	-4.40143	-4.76664	0.30932	0.29677	0.232525	0.161385	0.263724
341	-12.6995	-12.7364	-12.9534	-13.2787	0.303033	0.292073	0.235081	0.169814	0.272203
342	-15.8181	-13.3983	-11.7226	-11.173	0.00566978	0.0637453	0.340553	0.590032	0.686469
343	-3.95394	-3.99792	-4.25698	-4.64482	0.312824	0.299365	0.231044	0.156767	0.259047
344	-14.6183	-12.208	-10.5881	-10.1222	0.00632606	0.0704551	0.355994	0.567225	0.67213
345	-4.14268	-4.18598	-4.44084	-4.82168	0.311825	0.29861	0.231431	0.158134	0.260411
346	-9.72677	-9.76709	-10.0043	-10.3585	0.307711	0.295553	0.233142	0.163594	0.265925
347	-4.96612	-5.00666	-5.24517	-5.60144	0.30802	0.295784	0.233018	0.163179	0.265508
348	-7.98708	-8.02474	-8.24649	-8.57831	0.304118	0.292879	0.234628	0.168374	0.270748
349	-7.89262	-7.91585	-8.05278	-8.25801	0.283852	0.277333	0.241844	0.196972	0.298955
350	-7.47943	-7.5123	-7.70596	-7.99604	0.297487	0.287867	0.237185	0.177462	0.279813
351	-4.51687	-4.55363	-4.77037	-5.09557	0.302974	0.292039	0.235132	0.169855	0.272259
352	-17.6879	-15.2687	-13.5963	-13.051	0.00570477	0.064101	0.341334	0.588861	0.685728
405	-3.96627	-3.98952	-4.12669	-4.33262	0.283926	0.277398	0.241843	0.196834	0.298832
406	-8.25124	-8.28522	-8.48536	-8.78491	0.299016	0.289025	0.236601	0.175357	0.277718
407	-4.53158	-4.57469	-4.82849	-5.20786	0.311583	0.298434	0.231541	0.158441	0.260728
408	-3.79143	-3.83103	-4.06421	-4.41308	0.306796	0.294885	0.233551	0.164768	0.267127
409	-17.3314	-17.3736	-17.6218	-17.9925	0.310273	0.297458	0.232077	0.160192	0.262491
410	-6.81803	-6.86238	-7.12315	-7.51206	0.313164	0.299579	0.230813	0.156444	0.258671
411	-4.06532	-4.08669	-4.21271	-4.40184	0.28121	0.275264	0.242672	0.200854	0.302727
412	-4.67856	-4.71322	-4.91749	-5.22371	0.300016	0.289796	0.236253	0.173935	0.276319
413	-7.42151	-7.44326	-7.57148	-7.76384	0.281743	0.275682	0.242506	0.200069	0.301965
414	-7.4936	-7.51526	-7.64289	-7.83395	0.281578	0.275544	0.242529	0.200348	0.302222
415	-12.1923	-12.2332	-12.474	-12.8335	0.308542	0.29617	0.232796	0.162492	0.264812
416	-20.4298	-15.5685	-12.0882	-10.7946	5.09684e-05	0.00658483	0.213812	0.779552	0.80617
417	-3.82484	-3.86187	-4.08022	-4.40776	0.30335	0.292321	0.234981	0.169349	0.271751
418	-5.33843	-5.39033	-5.69553	-6.15072	0.323315	0.306962	0.226223	0.1435	0.245394
419	-9.67055	-9.70549	-9.91133	-10.2198	0.300383	0.290071	0.236105	0.173442	0.275823
420	-3.58664	-3.62689	-3.86365	-4.21721	0.307607	0.295475	0.233182	0.163736	0.266067
421	-4.06532	-4.08669	-4.21271	-4.40184	0.28121	0.275264	0.242672	0.200854	0.302727
422	-4.14268	-4.18598	-4.44085	-4.82169	0.311826	0.298611	0.231431	0.158133	0.260411
423	-21.7823	-16.9238	-13.4604	-12.1921	5.30156e-05	0.00682973	0.218048	0.775069	0.803769
424	-14.9094	-12.4918	-10.8286	-10.2972	0.00581041	0.0651853	0.343903	0.585101	0.683373
425	-10.6682	-10.7011	-10.895	-11.1853	0.297523	0.287895	0.237172	0.17741	0.279762
426	-20.3749	-17.965	-16.3464	-15.8808	0.006337	0.0705538	0.356	0.567109	0.672032
427	-15.3849	-12.966	-11.295	-10.7517	0.00572062	0.0642637	0.341718	0.588298	0.685375
428	-7.14519	-7.1689	-7.30864	-7.51805	0.284532	0.277865	0.241629	0.195975	0.297986
429	-20.9967	-21.0384	-21.2839	-21.6512	0.30967	0.297025	0.232366	0.160939	0.263266
430	-4.46037	-4.50633	-4.77689	-5.18139	0.315456	0.301286	0.229866	0.153392	0.255593
431	-16.4018	-13.984	-12.3198	-11.7868	0.00579838	0.0650618	0.343609	0.585531	0.683642
432	-14.1946	-11.7602	-10.0029	-9.34459	0.0048476	0.0553078	0.320594	0.619251	0.704777
433	-36.263	-28.9343	-23.4597	-21.0901	2.35232e-07	0.00035836	0.0854827	0.914159	0.877839
434	-10.364	-10.4042	-10.6407	-10.9945	0.30757	0.295462	0.233233	0.163735	0.266086
435	-7.16356	-7.19651	-7.39067	-7.6815	0.297605	0.287958	0.237141	0.177296	0.279649
436	-23.8785	-21.472	-19.8741	-19.4399	0.00659716	0.0731938	0.361748	0.558461	0.666557
437	-4.46037	-4.50633	-4.77689	-5.18139	0.315456	0.301286	0.229866	0.153392	0.255593
438	-23.738	-23.7748	-23.9912	-24.3154	0.302879	0.291953	0.235134	0.170034	0.272419
439	-4.89479	-4.92622	-5.11151	-5.38938	0.295505	0.286361	0.237928	0.180206	0.282539
440	-4.01797	-4.05877	-4.29903	-4.65847	0.308449	0.296116	0.232873	0.162562	0.264905
441	-24.0991	-21.6915	-20.0873	-19.6438	0.00651748	0.0723891	0.360063	0.561031	0.668192
442	-3.95394	-3.99792	-4.25698	-4.64482	0.312825	0.299365	0.231043	0.156767	0.259047
443	-4.53158	-4.57469	-4.82849	-5.20786	0.311583	0.298434	0.231541	0.158441	0.260728
444	-7.9218	-7.95356	-8.14083	-8.42167	0.295977	0.286723	0.237757	0.179543	0.281884
445	-7.53705	-7.57043	-7.76709	-8.06163	0.298197	0.288408	0.23692	0.176475	0.278834
446	-4.06532	-4.08669	-4.21271	-4.40184	0.28121	0.275264	0.242672	0.200854	0.302727
447	-20.4164	-20.4513	-20.6569	-20.9649	0.300319	0.290019	0.236122	0.17354	0.275917
448	-4.01797	-4.05877	-4.29903	-4.65847	0.308449	0.296116	0.232873	0.162562	0.264905
449	-10.3602	-10.4007	-10.6395	-10.9959	0.308059	0.295811	0.232994	0.163136	0.265461
450	-21.1096	-21.1467	-21.3654	-21.6924	0.303386	0.292324	0.234906	0.169384	0.271753
451	-25.1771	-22.77	-21.1685	-20.7282	0.00654859	0.072698	0.360624	0.56013	0.667608
452	-9.0216	-9.06585	-9.32632	-9.71566	0.313128	0.299574	0.230878	0.156421	0.258676
453	-21.8671	-17.0061	-13.5271	-12.2345	5.10948e-05	0.00659923	0.213981	0.779369	0.80607
454	-18.2101	-18.2448	-18.4493	-18.7557	0.300071	0.289829	0.236211	0.173889	0.276262
455	-4.29661	-4.33915	-4.58978	-4.96518	0.310878	0.297931	0.231883	0.159307	0.261629
456	-16.5767	-14.1592	-12.4971	-11.9671	0.00582149	0.0652987	0.344166	0.584714	0.683129
457	-4.62622	-4.67769	-4.98018	-5.43094	0.322689	0.306503	0.226497	0.144312	0.246221
458	-3.58664	-3.62689	-3.86365	-4.21721	0.307607	0.295475	0.233182	0.163736	0.266067
459	-25.5043	-23.0951	-21.4815	-21.0239	0.00639988	0.0711963	0.357472	0.564931	0.670662
460	-44.899	-35.1402	-27.9664	-25.0593	2.2941e-09	3.97003e-05	0.0517993	0.948161	0.895509
461	-7.25555	-7.29699	-7.54103	-7.90607	0.309327	0.296769	0.232506	0.161398	0.263728
462	-4.98485	-5.03619	-5.33803	-5.78801	0.322547	0.306405	0.226574	0.144473	0.246394
463	-13.1998	-13.2394	-13.4721	-13.8198	0.306667	0.29478	0.233581	0.164972	0.26732
464	-9.46814	-9.48955	-9.61579	-9.8052	0.281262	0.275304	0.242653	0.200782	0.302655
465	-4.29661	-4.33915	-4.58978	-4.96518	0.310878	0.297931	0.231883	0.159307	0.261629
466	-14.7159	-12.3167	-10.7614	-10.3892	0.00714861	0.0787363	0.372969	0.541146	0.655496
467	-4.60783	-4.64841	-4.88712	-5.24357	0.308062	0.295812	0.232993	0.163133	0.265458
468	-7.0592	-7.10075	-7.34534	-7.71103	0.309448	0.296855	0.232445	0.161252	0.263575
469	-4.06532	-4.08669	-4.21271	-4.40184	0.28121	0.275264	0.242672	0.200854	0.302727
470	-4.62622	-4.67769	-4.98018	-5.43094	0.322689	0.306503	0.226497	0.144312	0.246221
471	-24.4178	-24.4659	-24.7484	-25.1693	0.318139	0.303209	0.228588	0.150063	0.252141
472	-4.84702	-4.88435	-5.10441	-5.4345	0.303752	0.292623	0.234821	0.168803	0.271204
473	-4.29074	-4.33136	-4.57056	-4.92838	0.3082	0.295931	0.232975	0.162895	0.26524
474	-4.89479	-4.92622	-5.11151	-5.38938	0.295505	0.286361	0.237928	0.180206	0.282539
475	-16.7085	-16.7365	-16.9015	-17.1488	0.290639	0.282611	0.239617	0.187133	0.289349
476	-17.2956	-14.8789	-13.2208	-12.6968	0.00586831	0.0657769	0.345257	0.583098	0.682112
477	-15.2104	-15.2472	-15.4642	-15.7895	0.30302	0.292069	0.235101	0.169811	0.272208
478	-17.0916	-14.6851	-13.0873	-12.6533	0.00659823	0.0732049	0.361778	0.558419	0.666531
479	-3.95394	-3.99792	-4.25698	-4.64482	0.312825	0.299365	0.231043	0.156767	0.259047
480	-16.4235	-14.0155	-12.4082	-11.9589	0.00647507	0.071951	0.358982	0.562592	0.669165
481	-23.8484	-21.42	-19.6931	-19.0662	0.0051156	0.0580151	0.326226	0.610643	0.699297
482	-13.3823	-10.9593	-9.26731	-8.69987	0.005508	0.0621234	0.337356	0.595013	0.689661
483	-4.31816	-4.3617	-4.61815	-5.0022	0.312226	0.298926	0.231305	0.157542	0.259838
484	-10.3072	-10.3286	-10.4549	-10.6444	0.281276	0.275316	0.242652	0.200755	0.302631
485	-8.89417	-8.9259	-9.11291	-9.39337	0.295917	0.286677	0.237779	0.179626	0.281967
486	-4.96998	-4.99625	-5.1511	-5.38326	0.288195	0.280722	0.24045	0.190633	0.292783
487	-3.58664	-3.62689	-3.86365	-4.21721	0.307607	0.295475	0.233182	0.163736	0.266067
488	-4.51687	-4.55363	-4.77037	-5.09557	0.302974	0.292039	0.235131	0.169855	0.272259
489	-12.1743	-12.1961	-12.3243	-12.5162	0.281722	0.275657	0.242485	0.200136	0.302016
490	-28.3831	-23.5042	-19.9069	-18.3986	3.75685e-05	0.00493975	0.180297	0.814726	0.824904
491	-3.87254	-3.9037	-4.08742	-4.36295	0.295131	0.286075	0.238064	0.18073	0.283058
492	-3.96627	-3.98952	-4.12669	-4.33262	0.283926	0.277398	0.241843	0.196833	0.298832
493	-9.50872	-9.5535	-9.81714	-10.2115	0.313868	0.300124	0.230571	0.155437	0.257682
494	-3.96627	-3.98952	-4.12669	-4.33262	0.283926	0.277398	0.241843	0.196833	0.298832
495	-3.41774	-3.45056	-3.64394	-3.93359	0.297418	0.287815	0.237209	0.177557	0.279907
496	-4.62005	-4.64321	-4.77981	-4.98483	0.283785	0.277287	0.241883	0.197045	0.299036
497	-8.11693	-8.15161	-8.35594	-8.66206	0.300023	0.289797	0.236238	0.173942	0.276319
498	-9.59626	-9.62297	-9.7804	-10.0163	0.288813	0.2812	0.24024	0.189747	0.291914
499	-4.01797	-4.05877	-4.29903	-4.65847	0.308449	0.296116	0.232873	0.162562	0.264905
500	-8.08643	-8.1373	-8.43634	-8.88201	0.321908	0.305942	0.226866	0.145284	0.247228
501	-3.82484	-3.86187	-4.08022	-4.40776	0.30335	0.292321	0.234981	0.169349	0.271751
502	-15.7268	-15.7705	-16.0278	-16.4122	0.312391	0.299023	0.231178	0.157408	0.259669
503	-11.852	-11.8899	-12.1134	-12.4478	0.304526	0.293185	0.234465	0.167824	0.270197
504	-3.95394	-3.99792	-4.25698	-4.64482	0.312825	0.299365	0.231043	0.156767	0.259047
505	-3.87254	-3.9037	-4.08742	-4.36295	0.295131	0.286075	0.238064	0.18073	0.283058
506	-12.8522	-12.8837	-13.0693	-13.3473	0.295568	0.2864	0.237879	0.180152	0.282473
507	-3.95394	-3.99792	-4.25698	-4.64482	0.312825	0.299365	0.231043	0.156767	0.259047
508	-4.51687	-4.55363	-4.77037	-5.09557	0.302974	0.292039	0.235131	0.169855	0.272259
509	-3.41774	-3.45056	-3.64394	-3.93359	0.297418	0.287815	0.237209	0.177557	0.279907
510	-12.5391	-12.5609	-12.6889	-12.8806	0.281678	0.275623	0.242499	0.2002	0.302078
511	-7.71634	-7.74807	-7.93513	-8.21566	0.295928	0.286685	0.237775	0.179612	0.281952
512	-7.5288	-7.55493	-7.70902	-7.94013	0.288014	0.280584	0.240516	0.190886	0.293033
513	-14.0656	-14.1165	-14.4153	-14.8606	0.321855	0.305903	0.226891	0.145351	0.247297
514	-4.14268	-4.18598	-4.44085	-4.82169	0.311826	0.298611	0.231431	0.158133	0.260411
515	-7.42151	-7.44326	-7.57148	-7.76384	0.281743	0.275682	0.242506	0.200069	0.301965
516	-12.0905	-12.132	-12.3761	-12.7405	0.309319	0.296744	0.232463	0.161474	0.26378
517	-25.0901	-20.2485	-16.8843	-15.7642	6.66037e-05	0.00843658	0.243891	0.747606	0.78903
518	-9.97812	-9.99952	-10.1257	-10.3151	0.281252	0.275297	0.242659	0.200792	0.302666
519	-4.02445	-4.06205	-4.28348	-4.61481	0.304042	0.292821	0.234659	0.168478	0.270853
520	-8.63913	-8.67098	-8.85876	-9.14035	0.296099	0.286815	0.237712	0.179374	0.281716
521	-31.8752	-27.0125	-23.5238	-22.216	4.99221e-05	0.00645827	0.211467	0.782025	0.80749
522	-24.7139	-19.8549	-16.3875	-15.1127	5.25073e-05	0.00676845	0.216937	0.776242	0.804396
523	-14.7924	-12.3796	-10.7444	-10.2542	0.00613626	0.0685121	0.351479	0.573873	0.676304
524	-4.06532	-4.08669	-4.21271	-4.40184	0.28121	0.275264	0.242672	0.200854	0.302727
525	-4.97553	-5.01983	-5.28075	-5.67135	0.313254	0.299681	0.230857	0.156209	0.258479
526	-8.14285	-8.18074	-8.40384	-8.73765	0.304434	0.293116	0.234502	0.167948	0.270321
527	-3.58664	-3.62689	-3.86365	-4.21721	0.307608	0.295475	0.233182	0.163736	0.266067
528	-4.51687	-4.55363	-4.77038	-5.09558	0.302974	0.292039	0.235131	0.169855	0.272259
529	-9.2911	-9.32597	-9.53145	-9.83938	0.300298	0.290008	0.23614	0.173554	0.275936
530	-22.1849	-19.7734	-18.146	-17.6669	0.00622783	0.0694441	0.353539	0.570789	0.674356
531	-4.97553	-5.01983	-5.28075	-5.67135	0.313254	0.299681	0.230857	0.156209	0.258479
532	-4.29661	-4.33915	-4.58978	-4.96518	0.310879	0.297931	0.231883	0.159307	0.261629
533	-7.40882	-7.45026	-7.69429	-8.05937	0.309326	0.29677	0.232509	0.161395	0.263727
534	-20.9397	-16.0787	-12.6	-11.3084	5.11479e-05	0.00660605	0.214152	0.779191	0.805976
535	-32.5817	-32.6268	-32.8922	-33.2884	0.314253	0.300388	0.230358	0.155001	0.257213
536	-7.42151	-7.44326	-7.57148	-7.76385	0.281743	0.275682	0.242506	0.200069	0.301965
537	-4.53158	-4.57469	-4.82849	-5.20786	0.311583	0.298434	0.231541	0.158441	0.260727
538	-3.58664	-3.62689	-3.86365	-4.21721	0.307608	0.295475	0.233182	0.163736	0.266067
539	-19.8734	-17.4463	-15.7273	-15.1127	0.00519911	0.0588842	0.328506	0.607411	0.697297
540	-12.9625	-13.0119	-13.3019	-13.7336	0.319842	0.304437	0.227793	0.147927	0.249935
541	-18.5297	-16.1034	-14.3886	-13.7798	0.00524221	0.0593287	0.329584	0.605845	0.696319
542	-18.2458	-18.2904	-18.553	-18.9451	0.313591	0.299908	0.230661	0.15584	0.258075
543	-48.1042	-40.7779	-35.3596	-33.135	2.84588e-07	0.000432504	0.0975267	0.902041	0.871555
544	-12.7545	-10.3463	-8.73872	-8.29035	0.00647552	0.0719655	0.359176	0.562383	0.669052
545	-7.27288	-7.30572	-7.49917	-7.78894	0.297437	0.287829	0.237203	0.177531	0.279882
546	-21.4712	-19.0567	-17.4113	-16.9053	0.00601318	0.067254	0.348586	0.578147	0.678992
547	-21.9778	-19.5752	-17.9995	-17.5967	0.00687688	0.076005	0.367435	0.549683	0.660949
548	-20.4141	-20.4512	-20.6699	-20.9977	0.303419	0.292365	0.234933	0.169283	0.271674
549	-4.02445	-4.06205	-4.28348	-4.61481	0.304042	0.292821	0.234659	0.168478	0.270853
550	-4.46037	-4.50633	-4.77689	-5.18139	0.315456	0.301286	0.229866	0.153392	0.255593
551	-9.51865	-9.56157	-9.81436	-10.1927	0.311371	0.298289	0.231659	0.158681	0.260986
552	-4.53158	-4.57469	-4.82849	-5.20786	0.311583	0.298434	0.231541	0.158441	0.260727
553	-4.29661	-4.33915	-4.58978	-4.96518	0.310879	0.297931	0.231883	0.159307	0.261629
554	-24.0129	-24.0444	-24.2298	-24.5073	0.295509	0.286354	0.237899	0.180238	0.282557
555	-4.29661	-4.33915	-4.58978	-4.96518	0.310879	0.297931	0.231883	0.159307	0.261629
556	-12.6251	-12.65	-12.7971	-13.0177	0.286323	0.279265	0.241062	0.193349	0.295434
557	-4.02445	-4.06205	-4.28348	-4.61481	0.304042	0.292821	0.234659	0.168478	0.270853
558	-15.7018	-13.2939	-11.6879	-11.2419	0.00649514	0.0721649	0.359614	0.561726	0.668637
559	-4.11606	-4.15748	-4.40144	-4.76665	0.30932	0.29677	0.232525	0.161385	0.263724
560	-9.42238	-9.45384	-9.63921	-9.91676	0.295505	0.286351	0.237901	0.180243	0.282562
561	-26.7494	-24.3303	-22.6641	-22.1435	0.00582172	0.0654116	0.346157	0.58261	0.682004
562	-3.87254	-3.9037	-4.08742	-4.36295	0.295131	0.286075	0.238064	0.18073	0.283058
563	-9.31287	-9.33518	-9.46665	-9.66378	0.28253	0.276298	0.242259	0.198914	0.300842
564	-20.337	-20.3686	-20.5547	-20.8334	0.295683	0.286488	0.237839	0.17999	0.282313
565	-12.4821	-12.5237	-12.7682	-13.1335	0.30942	0.296829	0.232447	0.161304	0.263621
566	-14.9006	-12.4763	-10.7739	-10.1842	0.00537577	0.0607139	0.333133	0.600777	0.693174
567	-37.4777	-30.1548	-24.752	-22.5392	2.93092e-07	0.00044394	0.0985629	0.900993	0.87101
568	-9.24007	-9.2743	-9.47598	-9.77798	0.299387	0.289311	0.23647	0.174832	0.2772
569	-22.5102	-22.5485	-22.7737	-23.1106	0.304933	0.293488	0.234296	0.167283	0.26965
570	-3.95394	-3.99792	-4.25698	-4.64483	0.312825	0.299365	0.231043	0.156767	0.259047
571	-16.8883	-16.9256	-17.1451	-17.472	0.30352	0.292395	0.234777	0.169308	0.271636
572	-3.82484	-3.86188	-4.08022	-4.40777	0.30335	0.292321	0.234981	0.169349	0.271751
573	-8.46862	-8.51512	-8.78845	-9.19577	0.316044	0.301685	0.229533	0.152738	0.254883
574	-7.7457	-7.78619	-8.02437	-8.38004	0.307937	0.29572	0.233046	0.163296	0.265624
575	-4.14268	-4.18599	-4.44085	-4.82169	0.311826	0.298611	0.231431	0.158133	0.260411
576	-13.9442	-13.9823	-14.2068	-14.5425	0.304756	0.293357	0.234363	0.167525	0.269891
577	-25.1077	-25.1518	-25.4116	-25.7998	0.312961	0.299449	0.230947	0.156643	0.2589
578	-3.79143	-3.83103	-4.06422	-4.41308	0.306796	0.294885	0.233551	0.164768	0.267127
579	-11.863	-11.8872	-12.0299	-12.2429	0.2852	0.278371	0.241365	0.195064	0.297075
580	-3.58664	-3.62689	-3.86365	-4.21721	0.307608	0.295475	0.233182	0.163736	0.266067
581	-22.5468	-22.5691	-22.7007	-22.898	0.282553	0.276317	0.242255	0.198875	0.300806
582	-3.64332	-3.67504	-3.86203	-4.14246	0.295912	0.286673	0.237781	0.179633	0.281974
583	-8.30121	-8.3438	-8.59468	-8.97021	0.310926	0.297961	0.23185	0.159262	0.261576
584	-4.11606	-4.15748	-4.40144	-4.76665	0.30932	0.29677	0.232525	0.161385	0.263724
585	-5.75128	-5.78623	-5.99221	-6.30096	0.300419	0.290101	0.236099	0.173381	0.275767
586	-3.96627	-3.98953	-4.12669	-4.33262	0.283926	0.277398	0.241843	0.196833	0.298832
587	-4.62005	-4.64321	-4.77981	-4.98483	0.283785	0.277287	0.241883	0.197045	0.299036
588	-16.9171	-14.5156	-12.9469	-12.5551	0.00697131	0.0769589	0.369441	0.546628	0.659007
589	-13.0482	-10.643	-9.05282	-8.62956	0.0066931	0.0741604	0.363739	0.555407	0.664611
590	-3.96627	-3.98953	-4.12669	-4.33262	0.283926	0.277398	0.241843	0.196833	0.298832
591	-9.61603	-9.6565	-9.89461	-10.2502	0.307922	0.295709	0.233053	0.163316	0.265644
592	-20.6648	-20.6867	-20.8159	-21.0096	0.281969	0.275858	0.242431	0.199742	0.301645
593	-4.06532	-4.08669	-4.21271	-4.40184	0.28121	0.275264	0.242672	0.200854	0.302727
594	-13.177	-10.7531	-9.05265	-8.46569	0.00539628	0.0609245	0.333634	0.600045	0.692715
595	-4.62005	-4.64321	-4.77981	-4.98483	0.283785	0.277287	0.241883	0.197045	0.299036
596	-12.9268	-12.9685	-13.2138	-13.5806	0.309615	0.29698	0.232375	0.16103	0.26335
597	-11.1239	-11.1682	-11.4291	-11.8196	0.313248	0.299676	0.230858	0.156218	0.258487
598	-4.60783	-4.64841	-4.88712	-5.24357	0.308062	0.295813	0.232993	0.163133	0.265458
599	-19.9698	-20.0069	-20.2252	-20.5526	0.303345	0.292313	0.234971	0.169372	0.271767
600	-3.58664	-3.62689	-3.86365	-4.21721	0.307608	0.295475	0.233182	0.163736	0.266067
601	-22.918	-18.0596	-14.5964	-13.3281	5.30259e-05	0.00683067	0.218033	0.775083	0.803777
602	-23.6441	-21.2256	-19.5572	-19.0178	0.00574976	0.0645633	0.342439	0.587248	0.684719
603	-9.52643	-9.56319	-9.77993	-10.105	0.30297	0.292034	0.235128	0.169869	0.27227
604	-16.1679	-13.7587	-12.1445	-11.6849	0.00638916	0.0710807	0.357108	0.565422	0.670959
605	-3.94483	-3.98503	-4.2216	-4.57498	0.307566	0.295446	0.233206	0.163782	0.266117
606	-23.6571	-18.7967	-15.3215	-14.0355	5.15806e-05	0.00665807	0.215079	0.778211	0.805451
607	-31.0351	-26.176	-22.7078	-21.4307	5.23676e-05	0.00675108	0.216564	0.776632	0.804604
608	-8.23535	-8.26818	-8.46158	-8.75128	0.297425	0.287821	0.237207	0.177547	0.279898
609	-4.01319	-4.07504	-4.43927	-4.98429	0.3365	0.31632	0.219758	0.127422	0.228607
610	-5.7685	-5.80023	-5.98714	-6.26699	0.295874	0.286633	0.237766	0.179727	0.282052
611	-20.2749	-17.8635	-16.2368	-15.7593	0.00623843	0.0695525	0.353807	0.570402	0.674115
612	-15.0001	-12.5892	-10.9657	-10.4931	0.00627732	0.0699507	0.354731	0.569041	0.67326
613	-11.9731	-12.0244	-12.3255	-12.7745	0.322396	0.306296	0.226644	0.144664	0.246591
614	-3.58664	-3.62689	-3.86365	-4.21721	0.307608	0.295475	0.233182	0.163736	0.266067
615	-32.4028	-27.5342	-24.0109	-22.6526	4.60799e-05	0.00599682	0.203279	0.790678	0.812119
616	-16.0406	-13.6303	-12.0099	-11.5415	0.00631417	0.070321	0.355477	0.567888	0.672522
617	-34.8091	-27.4998	-22.1768	-20.0822	3.57689e-07	0.00053446	0.109565	0.8899	0.86525
618	-3.94483	-3.98503	-4.2216	-4.57498	0.307566	0.295446	0.233206	0.163782	0.266117
619	-14.9579	-12.5507	-10.9485	-10.5082	0.00654363	0.0726544	0.360638	0.560164	0.667643
620	-19.4558	-17.0466	-15.4324	-14.9738	0.0063925	0.0711207	0.357295	0.565191	0.670825
621	-9.05386	-9.10522	-9.40722	-9.85743	0.322582	0.306431	0.226558	0.144429	0.246349
622	-14.9223	-12.4882	-10.7414	-10.1191	0.00500689	0.0571071	0.327558	0.610328	0.699489
623	-17.5497	-15.1327	-13.4731	-12.9468	0.00585	0.0655908	0.344848	0.583712	0.6825
624	-15.0452	-15.0867	-15.3309	-15.6953	0.309326	0.296748	0.232458	0.161467	0.263771
625	-9.9999	-10.0395	-10.2727	-10.6216	0.306799	0.294887	0.23355	0.164764	0.267123
626	-23.8797	-19.0295	-15.6139	-14.4147	5.91106e-05	0.00755233	0.229857	0.762531	0.797044
627	-45.9823	-36.2183	-29.013	-26.0563	2.1098e-09	3.67015e-05	0.0494171	0.950546	0.896741
628	-41.1597	-33.8021	-28.2305	-25.8414	2.0376e-07	0.000319494	0.0839805	0.9157	0.878648
629	-27.2322	-22.3789	-18.945	-17.7182	5.66563e-05	0.00726125	0.225084	0.767598	0.799762
630	-28.1741	-23.3037	-19.7697	-18.396	4.49602e-05	0.00586185	0.20083	0.793263	0.8135
631	-12.4473	-10.0192	-8.29423	-7.67057	0.00513661	0.0582354	0.326837	0.609791	0.698774
632	-17.7096	-15.2989	-13.6765	-13.2052	0.00628993	0.0700761	0.354961	0.568673	0.673022
633	-14.8059	-12.4037	-10.8309	-10.4331	0.00691781	0.0764209	0.368347	0.548314	0.660083
634	-31.2971	-23.982	-18.625	-16.4792	3.28406e-07	0.000493529	0.104667	0.894839	0.867815
635	-18.6049	-16.198	-14.5974	-14.1588	0.00656159	0.0728321	0.360949	0.559658	0.667313
636	-11.9675	-12.011	-12.2674	-12.6506	0.312184	0.298877	0.231282	0.157657	0.25993
637	-30.0734	-25.2157	-21.7563	-20.4925	5.34523e-05	0.00688074	0.218797	0.774269	0.803338
638	-13.768	-11.3602	-9.75435	-9.30866	0.00649808	0.072194	0.359666	0.561642	0.668582
639	-38.8577	-31.5389	-26.1601	-23.9828	3.11229e-07	0.000469476	0.101758	0.897772	0.869338
640	-14.8374	-12.427	-10.806	-10.3377	0.0063104	0.0702895	0.35552	0.56788	0.672531
641	-23.3772	-18.5066	-14.9714	-13.5959	4.48361e-05	0.00584685	0.200553	0.793555	0.813656
642	-42.2758	-34.9687	-29.6593	-27.5852	3.70087e-07	0.000551715	0.111575	0.887873	0.864198
643	-48.7149	-38.9545	-31.771	-28.8479	2.23414e-09	3.87237e-05	0.0510191	0.948942	0.895912
644	-15.9485	-13.5416	-11.9412	-11.5038	0.00656731	0.0728961	0.361186	0.559351	0.667131
645	-4.60176	-4.64458	-4.89682	-5.27441	0.311243	0.298196	0.231716	0.158844	0.261153
646	-43.1015	-38.2509	-34.8324	-33.6283	5.86961e-05	0.0075027	0.228994	0.763445	0.797533
647	-30.2802	-25.412	-21.8908	-20.5361	4.63265e-05	0.00602685	0.20386	0.790067	0.811793
648	-13.316	-10.907	-9.29366	-8.83473	0.00639789	0.0711639	0.357205	0.565234	0.67083
649	-23.7038	-18.8412	-15.3529	-14.0468	5.00119e-05	0.00646973	0.211746	0.781734	0.807336
650	-18.0064	-15.588	-13.9198	-13.381	0.0057533	0.0646015	0.342562	0.587083	0.684619
651	-15.2082	-12.7739	-11.0175	-10.3607	0.00485676	0.0554048	0.320875	0.618863	0.70454
652	-26.9996	-24.5948	-23.0062	-22.5857	0.00671555	0.074389	0.36425	0.554645	0.66413
653	-69.6165	-54.9259	-43.8756	-39.1274	5.6883e-14	1.36467e-07	0.00859278	0.991407	0.917856
654	-30.1321	-22.8234	-17.504	-15.4152	3.61076e-07	0.000539197	0.110134	0.889326	0.864952
655	-12.8208	-10.4099	-8.78627	-8.31338	0.00627559	0.0699319	0.354672	0.56912	0.673308
656	-33.1007	-25.7823	-20.406	-18.2324	3.13184e-07	0.000472228	0.102102	0.897426	0.869158
657	-30.4656	-23.1642	-17.8869	-15.8581	4.00057e-07	0.000593062	0.116146	0.88326	0.861801
658	-24.3159	-19.4535	-15.9664	-14.6614	5.01247e-05	0.00648281	0.211924	0.781543	0.807233
659	-23.4936	-18.6171	-15.0494	-13.631	4.17034e-05	0.00547025	0.193831	0.800657	0.817454
660	-43.574	-36.2545	-30.8721	-28.689	3.08296e-07	0.000465338	0.101235	0.8983	0.869612
661	-27.6525	-22.7941	-19.3305	-18.0596	5.28998e-05	0.0068142	0.217597	0.775535	0.804016
662	-4.14268	-4.18599	-4.44085	-4.82169	0.311826	0.298611	0.231431	0.158133	0.260411
663	-18.2433	-15.8332	-14.2142	-13.7484	0.00633278	0.0705152	0.35598	0.567172	0.672079
664	-13.9786	-14.0005	-14.1291	-14.3216	0.281816	0.275731	0.242457	0.199995	0.30188
665	-9.46277	-9.48496	-9.61579	-9.812	0.282375	0.276177	0.242309	0.199138	0.301061
666	-21.2866	-18.8759	-17.253	-16.7804	0.00628196	0.0699906	0.354697	0.56903	0.673239
667	-4.46037	-4.50633	-4.77689	-5.18139	0.315456	0.301286	0.229866	0.153392	0.255593
668	-4.06532	-4.08669	-4.21271	-4.40184	0.28121	0.275264	0.242672	0.200854	0.302727
669	-8.14285	-8.18074	-8.40384	-8.73765	0.304434	0.293116	0.234502	0.167948	0.270321
670	-31.9122	-29.4846	-27.7625	-27.143	0.0051662	0.0585414	0.327603	0.608689	0.698088
671	-4.06532	-4.08669	-4.21271	-4.40184	0.28121	0.275264	0.242672	0.200854	0.302727
672	-16.8771	-16.9174	-17.1546	-17.5089	0.307716	0.295556	0.233138	0.163589	0.26592
673	-50.7843	-41.0191	-33.8077	-30.8451	2.08265e-09	3.62731e-05	0.0491399	0.950824	0.896885
674	-8.89487	-8.91633	-9.04286	-9.23276	0.281334	0.275362	0.242634	0.200669	0.302548
675	-7.5316	-7.57181	-7.80848	-8.16201	0.307588	0.295463	0.233197	0.163751	0.266087
676	-4.9201	-4.9453	-5.09389	-5.31677	0.286686	0.27955	0.240951	0.192813	0.294914
677	-4.62622	-4.67769	-4.98018	-5.43094	0.322689	0.306503	0.226497	0.144311	0.246221
678	-18.498	-16.0967	-14.5289	-14.1384	0.00698357	0.0770809	0.369673	0.546262	0.658771
679	-3.58664	-3.62689	-3.86365	-4.21721	0.307608	0.295475	0.233182	0.163736	0.266067
680	-33.9275	-29.0643	-25.5646	-24.2226	4.80471e-05	0.00621911	0.205882	0.787851	0.810582
681	-13.5879	-13.61	-13.7402	-13.9356	0.282236	0.276066	0.242347	0.19935	0.301265
682	-5.7685	-5.80023	-5.98714	-6.26699	0.295874	0.286633	0.237766	0.179727	0.282052
683	-10.9346	-10.9847	-11.2795	-11.7187	0.320934	0.305238	0.227315	0.146513	0.248494
684	-8.98642	-9.01243	-9.16573	-9.39557	0.287821	0.280431	0.240573	0.191175	0.293311
685	-13.8198	-11.4033	-9.74663	-9.2249	0.00588477	0.0659477	0.345694	0.582473	0.681725
686	-4.06532	-4.08669	-4.21271	-4.40184	0.28121	0.275264	0.242672	0.200854	0.302727
687	-24.2349	-21.8247	-20.2048	-19.737	0.00631968	0.0703769	0.355596	0.567707	0.672408
688	-33.6205	-26.3129	-21.0007	-18.924	3.68009e-07	0.000548932	0.111324	0.888127	0.86433
689	-7.63609	-7.66916	-7.864	-8.15585	0.297766	0.28808	0.237081	0.177072	0.279427
690	-13.0534	-13.094	-13.3331	-13.6908	0.308174	0.295912	0.232985	0.162929	0.265274
691	-34.964	-30.0994	-26.5987	-25.273	4.85474e-05	0.00629316	0.208536	0.785122	0.809147
