Sites	Ll_YN98.omega=0.113934	Ll_YN98.omega=1	Ll_YN98.omega=1.001	Pr_YN98.omega=0.113934	Pr_YN98.omega=1	Pr_YN98.omega=1.001	mean
326	-4.1266	-5.04568	-inf	0.868222	0.131778	0	0.230698
327	-4.08675	-4.64544	-inf	0.821263	0.178737	0	0.272306
328	-14.3286	-14.8393	-inf	0.814108	0.185892	0	0.278646
329	-9.45792	-9.80509	-inf	0.788085	0.211915	0	0.301705
330	-3.65246	-4.24896	-inf	0.826748	0.173252	0	0.267447
331	-14.5084	-12.8195	-inf	0.326822	0.673178	0	0.710414
332	-8.98395	-7.29798	-inf	0.327455	0.672545	0	0.709853
333	-20.7747	-19.1656	-inf	0.344596	0.655404	0	0.694666
334	-21.6775	-17.9291	-inf	0.0582953	0.941705	0	0.948347
335	-3.47204	-3.96024	-inf	0.810683	0.189317	0	0.281682
336	-4.12759	-5.05434	-inf	0.869097	0.130903	0	0.229922
337	-4.00654	-4.35595	-inf	0.788458	0.211542	0	0.301374
338	-4.01478	-4.61593	-inf	0.827412	0.172588	0	0.266858
339	-9.42212	-7.73007	-inf	0.326116	0.673884	0	0.711039
340	-4.18963	-4.81047	-inf	0.830207	0.169793	0	0.264382
341	-12.7863	-13.3389	-inf	0.820358	0.179642	0	0.273109
342	-12.8494	-11.1378	-inf	0.321852	0.678148	0	0.714818
343	-4.03261	-4.69166	-inf	0.835525	0.164475	0	0.25967
344	-11.6677	-10.0986	-inf	0.353695	0.646305	0	0.686603
345	-4.21898	-4.86663	-inf	0.833952	0.166048	0	0.261064
346	-9.81733	-10.42	-inf	0.827628	0.172372	0	0.266667
347	-5.03672	-5.64279	-inf	0.828114	0.171886	0	0.266237
348	-8.06314	-8.62732	-inf	0.822069	0.177931	0	0.271593
349	-7.94097	-8.28954	-inf	0.788319	0.211681	0	0.301497
350	-7.54707	-8.04008	-inf	0.811419	0.188581	0	0.28103
351	-4.58294	-5.13521	-inf	0.82032	0.17968	0	0.273142
352	-14.7298	-13.026	-inf	0.323526	0.676474	0	0.713335
405	-4.00655	-4.35595	-inf	0.788458	0.211542	0	0.301374
406	-8.32528	-8.83449	-inf	0.813885	0.186115	0	0.278844
407	-4.6077	-5.25282	-inf	0.833601	0.166399	0	0.261375
408	-3.86098	-4.45423	-inf	0.826281	0.173719	0	0.267861
409	-17.4354	-18.0659	-inf	0.831577	0.168423	0	0.263168
410	-6.90659	-7.56831	-inf	0.83589	0.16411	0	0.259346
411	-4.09967	-4.4208	-inf	0.783704	0.216296	0	0.305587
412	-4.74057	-5.26083	-inf	0.815555	0.184445	0	0.277365
413	-7.46677	-7.79342	-inf	0.784638	0.215362	0	0.304759
414	-7.53875	-7.86336	-inf	0.784293	0.215707	0	0.305064
415	-12.2886	-12.9003	-inf	0.828907	0.171093	0	0.265533
416	-14.4469	-10.6944	-inf	0.0580748	0.941925	0	0.948542
417	-3.89136	-4.44765	-inf	0.820913	0.179087	0	0.272617
418	-5.43146	-6.20615	-inf	0.850807	0.149193	0	0.246129
419	-9.7438	-10.2679	-inf	0.81613	0.18387	0	0.276855
420	-3.65649	-4.25799	-inf	0.827461	0.172539	0	0.266815
421	-4.09967	-4.4208	-inf	0.783704	0.216296	0	0.305587
422	-4.21898	-4.86663	-inf	0.833952	0.166048	0	0.261064
423	-15.8057	-12.0961	-inf	0.0604631	0.939537	0	0.946426
424	-11.9404	-10.2603	-inf	0.32873	0.67127	0	0.708724
425	-10.7462	-11.2396	-inf	0.81148	0.18852	0	0.280976
426	-17.4334	-15.8656	-inf	0.35399	0.64601	0	0.686342
427	-12.4171	-10.7168	-inf	0.324304	0.675696	0	0.712646
428	-7.19658	-7.55207	-inf	0.78947	0.21053	0	0.300477
429	-21.104	-21.7286	-inf	0.830729	0.169271	0	0.263919
430	-4.54209	-5.22995	-inf	0.839445	0.160555	0	0.256196
431	-13.4429	-11.76	-inf	0.328138	0.671862	0	0.709248
432	-11.1946	-9.2921	-inf	0.281649	0.718351	0	0.75044
433	-27.2409	-20.8997	-inf	0.00460973	0.99539	0	0.995915
434	-10.4492	-11.0508	-inf	0.827481	0.172519	0	0.266797
435	-7.23153	-7.72581	-inf	0.811613	0.188387	0	0.280857
436	-20.9558	-19.4411	-inf	0.366235	0.633765	0	0.675491
437	-4.54209	-5.22995	-inf	0.839445	0.160555	0	0.256196
438	-23.8526	-24.4035	-inf	0.820123	0.179877	0	0.273317
439	-4.95013	-5.42225	-inf	0.808202	0.191798	0	0.28388
440	-4.0893	-4.70051	-inf	0.828844	0.171156	0	0.26559
441	-21.1689	-19.6384	-inf	0.362573	0.637427	0	0.678736
442	-4.03261	-4.69166	-inf	0.835525	0.164475	0	0.259669
443	-4.6077	-5.25282	-inf	0.833601	0.166399	0	0.261375
444	-7.98806	-8.46524	-inf	0.808986	0.191014	0	0.283185
445	-7.60536	-8.10593	-inf	0.812573	0.187427	0	0.280007
446	-4.09967	-4.4208	-inf	0.783704	0.216296	0	0.305587
447	-20.5097	-21.0331	-inf	0.816013	0.183987	0	0.276959
448	-4.0893	-4.70051	-inf	0.828844	0.171156	0	0.26559
449	-10.4409	-11.0473	-inf	0.828159	0.171841	0	0.266196
450	-21.2198	-21.7758	-inf	0.820874	0.179126	0	0.272651
451	-22.2575	-20.7328	-inf	0.363911	0.636089	0	0.67755
452	-9.11013	-9.77221	-inf	0.83594	0.16406	0	0.259302
453	-15.8837	-12.1334	-inf	0.0581953	0.941805	0	0.948435
454	-18.303	-18.8235	-inf	0.815601	0.184399	0	0.277324
455	-4.37285	-5.01073	-inf	0.832596	0.167404	0	0.262265
456	-13.6081	-11.9303	-inf	0.329268	0.670732	0	0.708247
457	-4.71696	-5.48416	-inf	0.849853	0.150147	0	0.246974
458	-3.65649	-4.25799	-inf	0.827461	0.172539	0	0.266815
459	-22.5787	-21.024	-inf	0.356983	0.643017	0	0.68369
460	-32.8736	-24.8251	-inf	0.000839128	0.999161	0	0.999256
461	-7.33945	-7.96014	-inf	0.830185	0.169815	0	0.264401
462	-5.07555	-5.84134	-inf	0.849674	0.150326	0	0.247133
463	-13.2943	-13.8858	-inf	0.826029	0.173971	0	0.268084
464	-9.5128	-9.83443	-inf	0.783788	0.216212	0	0.305512
465	-4.37285	-5.01073	-inf	0.832596	0.167404	0	0.262265
466	-11.7802	-10.3717	-inf	0.391201	0.608799	0	0.65337
467	-4.67832	-5.28474	-inf	0.828163	0.171837	0	0.266193
468	-7.1422	-7.76413	-inf	0.83036	0.16964	0	0.264247
469	-4.09967	-4.4208	-inf	0.783704	0.216296	0	0.305587
470	-4.71696	-5.48416	-inf	0.849853	0.150147	0	0.246974
471	-24.5446	-25.2609	-inf	0.843254	0.156746	0	0.252822
472	-4.9141	-5.47474	-inf	0.82155	0.17845	0	0.272052
473	-4.36124	-4.9697	-inf	0.828454	0.171546	0	0.265935
474	-4.95013	-5.42225	-inf	0.808202	0.191798	0	0.28388
475	-16.7786	-17.1984	-inf	0.799954	0.200046	0	0.291188
476	-14.3399	-12.6723	-inf	0.331511	0.668489	0	0.706259
477	-15.297	-15.8496	-inf	0.820367	0.179633	0	0.273101
478	-14.1548	-12.6401	-inf	0.366228	0.633772	0	0.675498
479	-4.03261	-4.69166	-inf	0.835525	0.164475	0	0.259669
480	-13.4834	-11.9433	-inf	0.360351	0.639649	0	0.680705
481	-20.8826	-19.0399	-inf	0.293929	0.706071	0	0.739559
482	-10.4026	-8.65786	-inf	0.314644	0.685356	0	0.721205
483	-4.39611	-5.04868	-inf	0.834633	0.165367	0	0.26046
484	-10.3518	-10.6737	-inf	0.783822	0.216178	0	0.305482
485	-8.96035	-9.4369	-inf	0.808888	0.191112	0	0.283272
486	-5.01304	-5.40733	-inf	0.795848	0.204152	0	0.294826
487	-3.65649	-4.25799	-inf	0.827461	0.172539	0	0.266815
488	-4.58294	-5.13521	-inf	0.820321	0.179679	0	0.273142
489	-12.2298	-12.556	-inf	0.784547	0.215453	0	0.304839
490	-22.3814	-18.2809	-inf	0.0417156	0.958284	0	0.963037
491	-3.92737	-4.39551	-inf	0.807584	0.192416	0	0.284427
492	-4.00655	-4.35595	-inf	0.788458	0.211542	0	0.301374
493	-9.60282	-10.2733	-inf	0.837088	0.162912	0	0.258285
494	-4.00655	-4.35595	-inf	0.788458	0.211542	0	0.301374
495	-3.47506	-3.96733	-inf	0.811307	0.188693	0	0.281129
496	-4.66284	-5.01073	-inf	0.788205	0.211795	0	0.301598
497	-8.1892	-8.70939	-inf	0.815542	0.184458	0	0.277376
498	-9.65613	-10.057	-inf	0.796918	0.203082	0	0.293878
499	-4.0893	-4.70051	-inf	0.828844	0.171156	0	0.26559
500	-8.18723	-8.94577	-inf	0.848744	0.151256	0	0.247957
501	-3.89136	-4.44765	-inf	0.820913	0.179087	0	0.272617
502	-15.8359	-16.4894	-inf	0.834765	0.165235	0	0.260343
503	-11.9326	-12.5012	-inf	0.82271	0.17729	0	0.271024
504	-4.03261	-4.69166	-inf	0.835525	0.164475	0	0.259669
505	-3.92737	-4.39551	-inf	0.807584	0.192416	0	0.284427
506	-12.9285	-13.401	-inf	0.808253	0.191747	0	0.283835
507	-4.03261	-4.69166	-inf	0.835525	0.164475	0	0.259669
508	-4.58294	-5.13521	-inf	0.820321	0.179679	0	0.273142
509	-3.47506	-3.96733	-inf	0.811307	0.188693	0	0.281129
510	-12.5946	-12.9203	-inf	0.78447	0.21553	0	0.304908
511	-7.78258	-8.25924	-inf	0.808905	0.191095	0	0.283257
512	-7.58504	-7.9773	-inf	0.795517	0.204483	0	0.295119
513	-14.1766	-14.9345	-inf	0.848667	0.151333	0	0.248025
514	-4.21898	-4.86663	-inf	0.833952	0.166048	0	0.261064
515	-7.46677	-7.79342	-inf	0.784638	0.215362	0	0.304759
516	-12.1884	-12.8084	-inf	0.830086	0.169914	0	0.264489
517	-19.1507	-15.6934	-inf	0.0764876	0.923512	0	0.932227
518	-10.0227	-10.3443	-inf	0.783778	0.216222	0	0.305521
519	-4.09017	-4.65352	-inf	0.821947	0.178053	0	0.2717
520	-8.70574	-9.18421	-inf	0.809185	0.190815	0	0.283009
521	-25.9069	-22.1311	-inf	0.0568064	0.943194	0	0.949666
522	-18.7362	-15.0157	-inf	0.0598462	0.940154	0	0.946972
523	-11.8351	-10.2253	-inf	0.344444	0.655556	0	0.6948
524	-4.09967	-4.4208	-inf	0.783704	0.216296	0	0.305587
525	-5.05481	-5.71856	-inf	0.836171	0.163829	0	0.259098
526	-8.21944	-8.78702	-inf	0.822566	0.177434	0	0.271152
527	-3.65649	-4.25799	-inf	0.827462	0.172538	0	0.266814
528	-4.58294	-5.13521	-inf	0.820321	0.179679	0	0.273142
529	-9.36474	-9.88796	-inf	0.815999	0.184001	0	0.276971
530	-19.2494	-17.6586	-inf	0.348748	0.651252	0	0.690986
531	-5.05481	-5.71856	-inf	0.836171	0.163829	0	0.259098
532	-4.37285	-5.01073	-inf	0.832596	0.167404	0	0.262265
533	-7.49268	-8.11341	-inf	0.83019	0.16981	0	0.264397
534	-14.9565	-11.2077	-inf	0.0582748	0.941725	0	0.948365
535	-32.7269	-33.401	-inf	0.837581	0.162419	0	0.257848
536	-7.46677	-7.79343	-inf	0.784638	0.215362	0	0.304759
537	-4.6077	-5.25282	-inf	0.833601	0.166399	0	0.261375
538	-3.65649	-4.25799	-inf	0.827462	0.172538	0	0.266814
539	-16.8995	-15.0775	-inf	0.298241	0.701759	0	0.735739
540	-13.0714	-13.8063	-inf	0.845696	0.154304	0	0.250658
541	-15.5592	-13.7474	-inf	0.300374	0.699626	0	0.733849
542	-18.3607	-19.0277	-inf	0.836618	0.163382	0	0.258701
543	-39.0896	-32.972	-inf	0.00575843	0.994242	0	0.994898
544	-9.80396	-8.26484	-inf	0.360574	0.639426	0	0.680507
545	-7.34052	-7.83299	-inf	0.811337	0.188663	0	0.281101
546	-18.532	-16.8958	-inf	0.338492	0.661508	0	0.700074
547	-19.0673	-17.6068	-inf	0.378885	0.621115	0	0.664283
548	-20.5136	-21.0703	-inf	0.820982	0.179018	0	0.272556
549	-4.09017	-4.65352	-inf	0.821947	0.178053	0	0.2717
550	-4.54209	-5.22995	-inf	0.839445	0.160555	0	0.256196
551	-9.60447	-10.2477	-inf	0.833335	0.166665	0	0.26161
552	-4.6077	-5.25282	-inf	0.833601	0.166399	0	0.261375
553	-4.37285	-5.01073	-inf	0.832596	0.167404	0	0.262265
554	-24.0994	-24.5712	-inf	0.808151	0.191849	0	0.283925
555	-4.37285	-5.01073	-inf	0.832596	0.167404	0	0.262265
556	-12.6863	-13.0609	-inf	0.792627	0.207373	0	0.29768
557	-4.09017	-4.65352	-inf	0.821947	0.178053	0	0.2717
558	-12.7518	-11.2167	-inf	0.361504	0.638496	0	0.679684
559	-4.18963	-4.81048	-inf	0.830207	0.169793	0	0.264381
560	-9.48841	-9.96017	-inf	0.808145	0.191855	0	0.28393
561	-23.8116	-22.1407	-inf	0.330773	0.669227	0	0.706913
562	-3.92737	-4.39551	-inf	0.807584	0.192416	0	0.284427
563	-9.36368	-9.69851	-inf	0.786015	0.213985	0	0.303539
564	-20.4341	-20.9078	-inf	0.808444	0.191556	0	0.283665
565	-12.5749	-13.1964	-inf	0.830296	0.169704	0	0.264303
566	-11.9237	-10.144	-inf	0.307147	0.692853	0	0.727847
567	-28.455	-22.3629	-inf	0.00590593	0.994094	0	0.994767
568	-9.31426	-9.82757	-inf	0.814505	0.185495	0	0.278294
569	-22.6185	-23.1913	-inf	0.823329	0.176671	0	0.270476
570	-4.03261	-4.69166	-inf	0.835525	0.164475	0	0.259669
571	-16.9845	-17.5411	-inf	0.820958	0.179042	0	0.272577
572	-3.89136	-4.44766	-inf	0.820913	0.179087	0	0.272617
573	-8.56071	-9.25402	-inf	0.840178	0.159822	0	0.255546
574	-7.8277	-8.43279	-inf	0.827973	0.172027	0	0.266361
575	-4.21898	-4.86663	-inf	0.833952	0.166048	0	0.261063
576	-14.0357	-14.6066	-inf	0.823053	0.176947	0	0.270721
577	-25.2295	-25.8895	-inf	0.835654	0.164346	0	0.259555
578	-3.86098	-4.45423	-inf	0.826281	0.173719	0	0.26786
579	-11.9233	-12.2854	-inf	0.790569	0.209431	0	0.299504
580	-3.65649	-4.25799	-inf	0.827462	0.172538	0	0.266814
581	-22.622	-22.9571	-inf	0.786063	0.213937	0	0.303496
582	-3.69926	-4.17576	-inf	0.80888	0.19112	0	0.283279
583	-8.38777	-9.02599	-inf	0.832642	0.167358	0	0.262224
584	-4.18963	-4.81048	-inf	0.830207	0.169793	0	0.264381
585	-5.81384	-6.33842	-inf	0.816204	0.183796	0	0.27679
586	-4.00655	-4.35595	-inf	0.788458	0.211542	0	0.301374
587	-4.66284	-5.01073	-inf	0.788206	0.211794	0	0.301598
588	-13.9899	-12.548	-inf	0.383282	0.616718	0	0.660387
589	-10.1024	-8.60652	-inf	0.370615	0.629385	0	0.67161
590	-4.00655	-4.35595	-inf	0.788458	0.211542	0	0.301374
591	-9.70059	-10.3055	-inf	0.82795	0.17205	0	0.266382
592	-20.7348	-21.0637	-inf	0.785026	0.214974	0	0.304415
593	-4.09967	-4.4208	-inf	0.783704	0.216296	0	0.305587
594	-10.1965	-8.42163	-inf	0.308192	0.691808	0	0.726922
595	-4.66284	-5.01073	-inf	0.788206	0.211794	0	0.301598
596	-13.0203	-13.644	-inf	0.830617	0.169383	0	0.264018
597	-11.2134	-11.877	-inf	0.836159	0.163841	0	0.259108
598	-4.67832	-5.28474	-inf	0.828163	0.171837	0	0.266193
599	-20.0671	-20.6232	-inf	0.820882	0.179118	0	0.272645
600	-3.65649	-4.25799	-inf	0.827462	0.172538	0	0.266814
601	-16.9402	-13.2308	-inf	0.060473	0.939527	0	0.946417
602	-20.6983	-19.0046	-inf	0.325758	0.674242	0	0.711357
603	-9.60275	-10.1549	-inf	0.820302	0.179698	0	0.273158
604	-13.2153	-11.6578	-inf	0.356345	0.643655	0	0.684255
605	-4.01479	-4.61594	-inf	0.827413	0.172587	0	0.266858
606	-17.6864	-13.9469	-inf	0.0587879	0.941212	0	0.94791
607	-25.0764	-21.3527	-inf	0.0596655	0.940335	0	0.947132
608	-8.30293	-8.79528	-inf	0.811318	0.188682	0	0.281119
609	-4.12759	-5.05435	-inf	0.869098	0.130902	0	0.229922
610	-5.82479	-6.30046	-inf	0.808751	0.191249	0	0.283393
611	-17.3265	-15.7383	-inf	0.349324	0.650676	0	0.690476
612	-12.0433	-10.4635	-inf	0.351237	0.648763	0	0.688781
613	-12.0778	-12.8419	-inf	0.849456	0.150544	0	0.247326
614	-3.65649	-4.25799	-inf	0.827462	0.172538	0	0.266814
615	-26.425	-22.5625	-inf	0.0523414	0.947659	0	0.953622
616	-13.0957	-11.5231	-inf	0.352896	0.647104	0	0.687311
617	-25.808	-19.9175	-inf	0.00721516	0.992785	0	0.993607
618	-4.01479	-4.61594	-inf	0.827413	0.172587	0	0.266858
619	-12.0127	-10.4874	-inf	0.363751	0.636249	0	0.677692
620	-16.5166	-14.9604	-inf	0.356646	0.643354	0	0.683988
621	-9.15698	-9.9233	-inf	0.849741	0.150259	0	0.247073
622	-11.9234	-10.0726	-inf	0.292249	0.707751	0	0.741048
623	-14.5855	-12.9141	-inf	0.330652	0.669348	0	0.70702
624	-15.1427	-15.7627	-inf	0.830093	0.169907	0	0.264483
625	-10.0797	-10.673	-inf	0.826285	0.173715	0	0.267857
626	-17.9166	-14.3257	-inf	0.0675709	0.932429	0	0.940128
627	-33.9425	-25.8108	-inf	0.000772286	0.999228	0	0.999316
628	-32.0843	-25.6531	-inf	0.00421464	0.995785	0	0.996266
629	-21.2671	-17.6294	-inf	0.0646796	0.93532	0	0.94269
630	-22.1938	-18.3048	-inf	0.0510389	0.948961	0	0.954776
631	-9.45727	-7.62004	-inf	0.29505	0.70495	0	0.738566
632	-14.7626	-13.1851	-inf	0.351774	0.648226	0	0.688305
633	-11.8687	-10.4164	-inf	0.380826	0.619174	0	0.662563
634	-22.285	-16.3075	-inf	0.00661866	0.993381	0	0.994135
635	-15.67	-14.148	-inf	0.364525	0.635475	0	0.677007
636	-12.0659	-12.7174	-inf	0.834483	0.165517	0	0.260593
637	-24.1114	-20.4103	-inf	0.0609496	0.93905	0	0.945995
638	-10.8181	-9.28352	-inf	0.361628	0.638372	0	0.679573
639	-29.8498	-23.8183	-inf	0.00627258	0.993727	0	0.994442
640	-11.8866	-10.3135	-inf	0.352784	0.647216	0	0.68741
641	-17.3817	-13.4899	-inf	0.0509062	0.949094	0	0.954894
642	-33.2936	-27.4378	-inf	0.00746911	0.992531	0	0.993382
643	-36.6903	-28.6152	-inf	0.000817167	0.999183	0	0.999276
644	-13.0042	-11.4837	-inf	0.364888	0.635112	0	0.676685
645	-4.67715	-5.319	-inf	0.833147	0.166853	0	0.261777
646	-37.1672	-33.5683	-inf	0.0670665	0.932934	0	0.940575
647	-24.3011	-20.4447	-inf	0.0526409	0.947359	0	0.953357
648	-10.3627	-8.80663	-inf	0.35668	0.64332	0	0.683958
649	-17.7224	-13.9488	-inf	0.0569284	0.943072	0	0.949558
650	-15.0405	-13.3478	-inf	0.325979	0.674021	0	0.711161
651	-12.2085	-10.3084	-inf	0.282148	0.717852	0	0.749998
652	-24.0748	-22.5836	-inf	0.371687	0.628313	0	0.670661
653	-51.4963	-38.7408	-inf	7.58594e-06	0.999992	0	0.999993
654	-21.1283	-15.2475	-inf	0.00728507	0.992715	0	0.993545
655	-9.86445	-8.28394	-inf	0.351087	0.648913	0	0.688914
656	-24.0792	-18.0541	-inf	0.00631232	0.993688	0	0.994407
657	-21.4756	-15.6983	-inf	0.00807334	0.991927	0	0.992846
658	-18.3339	-14.5626	-inf	0.0570517	0.942948	0	0.949448
659	-17.4816	-13.514	-inf	0.0473617	0.952638	0	0.958034
660	-34.5688	-28.5276	-inf	0.0062125	0.993788	0	0.994495
661	-21.6851	-17.9721	-inf	0.060273	0.939727	0	0.946594
662	-4.21898	-4.86663	-inf	0.833952	0.166048	0	0.261063
663	-15.3016	-13.7333	-inf	0.35386	0.64614	0	0.686456
664	-14.0343	-14.3614	-inf	0.784715	0.215285	0	0.304691
665	-9.51329	-9.84653	-inf	0.785749	0.214251	0	0.303775
666	-18.3436	-16.764	-inf	0.351303	0.648697	0	0.688723
667	-4.54209	-5.22995	-inf	0.839445	0.160555	0	0.256196
668	-4.09967	-4.4208	-inf	0.783704	0.216296	0	0.305587
669	-8.21944	-8.78702	-inf	0.822566	0.177434	0	0.271152
670	-28.962	-27.1319	-inf	0.296535	0.703465	0	0.73725
671	-4.09967	-4.4208	-inf	0.783704	0.216296	0	0.305587
672	-16.9779	-17.5806	-inf	0.827633	0.172367	0	0.266662
673	-38.7519	-30.6086	-inf	0.000763357	0.999237	0	0.999324
674	-8.93962	-9.26205	-inf	0.783924	0.216076	0	0.305391
675	-7.61191	-8.21331	-inf	0.827449	0.172551	0	0.266826
676	-4.96196	-5.34043	-inf	0.793264	0.206736	0	0.297116
677	-4.71696	-5.48417	-inf	0.849853	0.150147	0	0.246974
678	-15.5693	-14.1296	-inf	0.383812	0.616188	0	0.659918
679	-3.65649	-4.25799	-inf	0.827462	0.172538	0	0.266814
680	-27.9755	-24.1474	-inf	0.0540747	0.945925	0	0.952086
681	-13.6441	-13.9758	-inf	0.78549	0.21451	0	0.304004
682	-5.82479	-6.30046	-inf	0.808751	0.191249	0	0.283393
683	-11.034	-11.7817	-inf	0.847358	0.152642	0	0.249184
684	-9.03978	-9.43014	-inf	0.795208	0.204792	0	0.295394
685	-10.8529	-9.18913	-inf	0.332359	0.667641	0	0.705508
686	-4.09967	-4.4208	-inf	0.783704	0.216296	0	0.305587
687	-21.299	-19.7275	-inf	0.353152	0.646848	0	0.687084
688	-24.6185	-18.7575	-inf	0.00743049	0.99257	0	0.993416
689	-7.70419	-8.20019	-inf	0.811876	0.188124	0	0.280624
690	-13.1381	-13.7462	-inf	0.828414	0.171586	0	0.26597
691	-28.993	-25.1866	-inf	0.0551908	0.944809	0	0.951097
