
Analysis Description
--------------------
BUSTED (branch-site unrestricted statistical test of episodic
diversification) uses a random effects branch-site model fitted jointly
to all or a subset of tree branches in order to test for alignment-wide
evidence of episodic diversifying selection. Assuming there is evidence
of positive selection (i.e. there is an omega > 1), BUSTED will also
perform a quick evidence-ratio style analysis to explore which
individual sites may have been subject to selection.

- __Requirements__: in-frame codon alignment and a phylogenetic tree (optionally annotated
with {})

- __Citation__: *Gene-wide identification of episodic selection*, Mol Biol Evol.
32(5):1365-71

- __Written by__: Sergei L Kosakovsky Pond

- __Contact Information__: spond@temple.edu

- __Analysis Version__: 1.2


>Loaded a multiple sequence alignment with **41** sequences, **451** codons, and **1** partitions from `/home/lpicard/2019_validation/20191211/21genes_ISG20_CCDS_results_201912111837/ISG20_sequences_filtered_longestORFs_prank_mincov_prank.best.fas`


### Branches to test for selection in the BUSTED analysis
* Selected 79 branches to test in the BUSTED analysis: `macNem_ISG20_XM_011752295, macNem_ISG20_XM_011752298, macMul_ISG20_XM_015142943, Node12, Node10, macMul_ISG20_NM_001258053, Node9, macFas_ISG20_XM_005560454, Node8, macFas_ISG20_XM_005560455, Node7, manLeu_ISG20_XM_011986299, chlSab_ISG20_XM_007990328, chlAet_ISG20_AY968222, chlSab_ISG20_XM_007990329, Node23, Node21, Node19, theGel_ISG20_XM_025391985, papAnu_ISG20_XM_003901350, Node26, Node18, Node6, colAngPal_ISG20_XM_011948330, pilTep_ISG20_XM_023187233, rhiBie_ISG20_XM_017882054, rhiBie_ISG20_XM_017882052, Node34, rhiRox_ISG20_XM_010362302, rhiRox_ISG20_XM_010362303, Node37, Node33, Node31, Node29, Node5, nomLeu_ISG20_XM_030814973, nomLeu_ISG20_XM_030814977, Node41, ponAbe_ISG20_XM_024232592, homSap_ISG20_CR456942, panTro_ISG20_XM_016927379, homSap_isg20_X89773, gorGorGor_ISG20_XM_004056726, gorGorGor_ISG20_XM_019011143, Node54, panPan_ISG20_XM_014341574, homSap_ISG20_AK307769, homSap_ISG20_AK122793, Node60, Node58, homSap_ISG20_BC016341, Node57, Node53, Node51, Node49, homSap_HEM45_U88964, homSap_ISG20_CCDS10345, homSap_ISG20_XM_011521521, Node66, Node64, Node48, Node46, Node44, Node40, Node4, saiBolBol_ISG20_XM_003921639, calJac_ISG20_XM_002749142, cebCapImi_ISG20_XM_017506122, cebCapImi_ISG20_XM_017506123, Node73, Node71, Node69, Node3, otoGar_ISG20_XM_003788659, Node2, micMur_ISG20_XM_012788871, Node1, carSyr_ISG20_XM_021718841, carSyr_ISG20_XM_008070608`


### Obtaining branch lengths and nucleotide substitution biases under the nucleotide GTR model
* Log(L) = -3130.75, AIC-c =  6435.78 (87 estimated parameters)

### Obtaining the global omega estimate based on relative GTR branch lengths and nucleotide substitution biases
* Log(L) = -3031.70, AIC-c =  6252.37 (94 estimated parameters)
* non-synonymous/synonymous rate ratio for *test* =   0.2124

### Improving branch lengths, nucleotide substitution biases, and global dN/dS ratios under a full codon model
* Log(L) = -3031.70, AIC-c =  6252.37 (94 estimated parameters)
* non-synonymous/synonymous rate ratio for *test* =   0.2125

### Performing the full (dN/dS > 1 allowed) branch-site model fit
* Log(L) = -3020.69, AIC-c =  6238.44 (98 estimated parameters)
* For *test* branches, the following rate distribution for branch-site combinations was inferred

|          Selection mode           |     dN/dS     |Proportion, %|               Notes               |
|-----------------------------------|---------------|-------------|-----------------------------------|
|        Negative selection         |     0.115     |   76.929    |                                   |
|        Negative selection         |     0.142     |   20.715    |                                   |
|      Diversifying selection       |     6.187     |    2.356    |                                   |


### Performing the constrained (dN/dS > 1 not allowed) model fit
* Log(L) = -3023.28, AIC-c =  6241.59 (97 estimated parameters)
* For *test* branches under the null (no dN/dS > 1 model), the following rate distribution for branch-site combinations was inferred

|          Selection mode           |     dN/dS     |Proportion, %|               Notes               |
|-----------------------------------|---------------|-------------|-----------------------------------|
|        Negative selection         |     0.000     |   78.271    |                                   |
|        Negative selection         |     0.172     |    0.000    |       Not supported by data       |
|         Neutral evolution         |     1.000     |   21.729    |                                   |

----
## Branch-site unrestricted statistical test of episodic diversification [BUSTED]
Likelihood ratio test for episodic diversifying positive selection, **p =   0.0753**.
