Sites	Ll_YN98.omega=0.0613681	Ll_YN98.omega=1	Pr_YN98.omega=0.0613681	Pr_YN98.omega=1	mean
1	-4.21	-6.91571	0.926449	0.0735508	0.130405
2	-5.38302	-7.34938	0.857421	0.142579	0.195197
3	-13.6854	-15.9709	0.892179	0.107821	0.162573
4	-7.8018	-9.63842	0.840814	0.159186	0.210785
5	-10.4559	-9.89801	0.325143	0.674857	0.69481
6	-5.1016	-6.9719	0.84527	0.15473	0.206603
7	-4.79933	-6.61057	0.837387	0.162613	0.214002
8	-7.59738	-9.40641	0.837086	0.162914	0.214284
9	-4.73435	-6.57145	0.840878	0.159122	0.210725
10	-4.71371	-6.66419	0.855468	0.144532	0.197031
11	-5.19366	-7.0338	0.841284	0.158716	0.210344
12	-4.69678	-6.82531	0.876122	0.123878	0.177644
13	-4.71371	-6.66419	0.855468	0.144532	0.197031
14	-5.66404	-7.00663	0.763193	0.236807	0.283642
15	-4.79933	-6.61057	0.837387	0.162613	0.214002
16	-21.1752	-20.2115	0.243052	0.756948	0.771864
17	-11.2342	-13.4231	0.88253	0.11747	0.171629
18	-22.3813	-18.7169	0.0211083	0.978892	0.980187
19	-5.1602	-6.93179	0.831916	0.168084	0.219138
20	-11.6224	-13.2917	0.817129	0.182871	0.233016
21	-4.21	-6.91571	0.926449	0.0735508	0.130405
22	-25.5764	-18.7872	0.000946716	0.999053	0.999111
23	-12.9341	-11.7236	0.200552	0.799448	0.811756
24	-4.42758	-6.71465	0.892327	0.107673	0.162433
25	-30.8489	-27.0572	0.0186329	0.981367	0.982511
26	-16.1424	-17.4778	0.761883	0.238117	0.284872
27	-5.1198	-6.74225	0.810017	0.189983	0.239692
28	-37.9461	-26.2968	7.34376e-06	0.999993	0.999993
29	-27.9311	-21.704	0.00165986	0.99834	0.998442
30	-4.71371	-6.66419	0.855468	0.144532	0.197031
31	-30.9947	-21.5752	6.8281e-05	0.999932	0.999936
32	-8.99656	-10.4449	0.781767	0.218233	0.266209
33	-24.6431	-20.6366	0.0150847	0.984915	0.985841
34	-4.4617	-6.72539	0.890061	0.109939	0.16456
35	-37.1739	-27.8203	7.29327e-05	0.999927	0.999932
36	-4.59298	-6.28997	0.821224	0.178776	0.229173
37	-5.1198	-6.74225	0.810017	0.189983	0.239692
38	-41.5291	-29.517	5.10953e-06	0.999995	0.999995
39	-14.4396	-13.8654	0.321587	0.678413	0.698149
40	-14.3398	-13.0996	0.195826	0.804174	0.816192
41	-5.66404	-7.00663	0.763193	0.236807	0.283642
42	-10.5637	-9.56178	0.236097	0.763903	0.778392
43	-21.8048	-17.7709	0.0146828	0.985317	0.986218
44	-5.27349	-7.10197	0.839722	0.160278	0.21181
45	-8.55648	-10.4994	0.854533	0.145467	0.197908
46	-5.40336	-7.08716	0.81928	0.18072	0.230998
47	-6.69042	-8.96511	0.891132	0.108868	0.163555
48	-5.29863	-6.9712	0.817611	0.182389	0.232564
49	-9.04331	-10.8805	0.840888	0.159112	0.210716
50	-7.6444	-9.49524	0.842708	0.157292	0.209007
51	-15.7135	-14.7913	0.250767	0.749233	0.764622
52	-5.31088	-6.5948	0.752426	0.247574	0.293749
53	-8.41849	-10.652	0.887077	0.112923	0.167361
54	-14.2405	-16.0975	0.843524	0.156476	0.208241
55	-35.9492	-26.4962	6.60292e-05	0.999934	0.999938
56	-22.3991	-18.6314	0.0190773	0.980923	0.982093
57	-28.5294	-19.2804	8.09676e-05	0.999919	0.999924
58	-12.1839	-11.2158	0.242243	0.757757	0.772623
59	-7.72994	-9.66093	0.853042	0.146958	0.199308
60	-15.9467	-14.8327	0.216479	0.783521	0.796806
61	-5.19366	-7.0338	0.841284	0.158716	0.210344
62	-12.1351	-13.4551	0.759088	0.240912	0.287496
63	-14.8532	-13.5766	0.190166	0.809834	0.821505
64	-5.1016	-6.9719	0.84527	0.15473	0.206603
65	-5.1016	-6.9719	0.84527	0.15473	0.206603
66	-5.27349	-7.10197	0.839722	0.160278	0.21181
67	-11.332	-10.2905	0.229021	0.770979	0.785034
68	-5.36397	-7.21204	0.842341	0.157659	0.209352
69	-5.777	-6.8638	0.713915	0.286085	0.329896
70	-5.27349	-7.10197	0.839722	0.160278	0.21181
71	-5.63592	-7.33694	0.821816	0.178184	0.228618
72	-9.92805	-11.6716	0.827959	0.172041	0.222852
73	-4.79933	-6.61057	0.837387	0.162613	0.214002
74	-5.46987	-7.14991	0.818722	0.181278	0.231522
75	-5.29863	-6.9712	0.817611	0.182389	0.232564
76	-4.33326	-6.62645	0.892915	0.107085	0.161882
77	-8.98512	-10.6633	0.818446	0.181554	0.23178
78	-4.79933	-6.61057	0.837387	0.162613	0.214002
79	-17.553	-13.5946	0.0158174	0.984183	0.985153
80	-12.6166	-11.7442	0.260239	0.739761	0.755731
81	-32.6997	-25.993	0.00102811	0.998972	0.999035
82	-9.46821	-11.279	0.837328	0.162672	0.214057
83	-20.6814	-20.1703	0.335512	0.664488	0.685078
84	-4.31565	-6.65719	0.897451	0.102549	0.157624
85	-5.66404	-7.00663	0.763193	0.236807	0.283642
86	-4.74491	-6.95538	0.884744	0.115256	0.169551
87	-5.1198	-6.74225	0.810017	0.189983	0.239692
88	-4.79933	-6.61057	0.837387	0.162613	0.214002
89	-9.34353	-11.6275	0.892032	0.107968	0.16271
90	-5.1198	-6.74225	0.810017	0.189983	0.239692
91	-6.41328	-8.74246	0.896307	0.103693	0.158698
92	-11.6235	-12.8966	0.75041	0.24959	0.295641
93	-9.28147	-10.6455	0.767052	0.232948	0.28002
94	-10.8013	-12.5748	0.832188	0.167812	0.218881
95	-5.63592	-7.33694	0.821816	0.178184	0.228618
96	-4.79933	-6.61057	0.837387	0.162613	0.214002
97	-4.31565	-6.65719	0.897451	0.102549	0.157624
98	-4.46307	-6.14862	0.819538	0.180462	0.230755
99	-10.7226	-12.3679	0.813516	0.186484	0.236408
100	-13.0766	-11.9853	0.220356	0.779644	0.793167
101	-14.2086	-15.8161	0.807703	0.192297	0.241865
102	-18.976	-15.4894	0.0251141	0.974886	0.976427
103	-11.9077	-13.6245	0.824117	0.175883	0.226458
104	-10.3225	-12.6433	0.895525	0.104475	0.159432
105	-13.0978	-11.37	0.130089	0.869911	0.877894
106	-4.79247	-6.58214	0.834429	0.165571	0.216779
107	-4.68486	-6.7878	0.873317	0.126683	0.180277
108	-4.45427	-6.11963	0.816533	0.183467	0.233576
109	-5.41441	-7.10247	0.819909	0.180091	0.230407
110	-4.7356	-6.91962	0.882019	0.117981	0.172109
111	-4.45172	-6.68814	0.887365	0.112635	0.167091
112	-14.7991	-16.5286	0.825945	0.174055	0.224742
113	-5.10908	-6.71218	0.807022	0.192978	0.242504
114	-14.7328	-16.1002	0.767654	0.232346	0.279455
115	-18.9449	-15.2866	0.0212367	0.978763	0.980067
116	-18.9367	-15.5576	0.0278814	0.972119	0.97383
117	-4.30532	-6.61878	0.894838	0.105162	0.160076
118	-16.8043	-12.8417	0.0157513	0.984249	0.985215
119	-31.8133	-22.4571	7.27401e-05	0.999927	0.999932
120	-21.6825	-17.805	0.017127	0.982873	0.983924
121	-8.2222	-9.53458	0.75769	0.24231	0.288808
122	-6.34882	-8.45648	0.873839	0.126161	0.179787
123	-80.309	-57.2248	7.94057e-11	1	1
124	-13.5744	-15.7509	0.881235	0.118765	0.172845
125	-11.394	-13.5079	0.87452	0.12548	0.179148
126	-8.74769	-10.3521	0.807232	0.192768	0.242306
127	-5.41441	-7.10247	0.819909	0.180091	0.230407
128	-8.56456	-10.2185	0.81482	0.18518	0.235184
129	-11.0435	-12.6214	0.803061	0.196939	0.246221
130	-6.40295	-8.70405	0.893668	0.106332	0.161174
131	-12.7163	-11.5922	0.214755	0.785245	0.798424
132	-4.45172	-6.68814	0.887365	0.112635	0.167091
133	-4.80185	-6.86642	0.869011	0.130989	0.184319
134	-5.4226	-6.48288	0.708468	0.291532	0.33501
135	-45.0896	-32.8265	3.97527e-06	0.999996	0.999996
136	-5.09083	-6.93879	0.842325	0.157675	0.209367
137	-15.4504	-17.0508	0.806596	0.193404	0.242903
138	-9.27506	-10.8783	0.807036	0.192964	0.24249
139	-24.0827	-20.0299	0.0144129	0.985587	0.986472
140	-4.9327	-6.49804	0.801073	0.198927	0.248088
141	-4.88057	-7.01846	0.877133	0.122867	0.176695
142	-4.58864	-6.85639	0.890458	0.109542	0.164188
143	-5.56014	-7.23098	0.817353	0.182647	0.232807
144	-7.34284	-9.15581	0.837622	0.162378	0.213781
145	-4.89994	-6.72227	0.838892	0.161108	0.212589
146	-4.20813	-6.88517	0.924472	0.0755279	0.132261
147	-9.8531	-11.5254	0.817574	0.182426	0.232599
148	-4.45286	-6.69242	0.887677	0.112323	0.166798
149	-12.3755	-11.8304	0.327962	0.672038	0.692164
150	-21.7527	-17.9664	0.0187318	0.981268	0.982418
151	-4.69814	-6.82961	0.87644	0.12356	0.177346
152	-53.9166	-44.2292	5.22308e-05	0.999948	0.999951
153	-6.38297	-8.07061	0.819848	0.180152	0.230465
154	-23.3831	-20.0859	0.0301922	0.969808	0.971661
155	-5.47309	-7.13893	0.816606	0.183394	0.233508
156	-12.7534	-12.2173	0.329947	0.670053	0.690301
157	-5.33273	-7.11453	0.833338	0.166662	0.217802
158	-12.7172	-14.2805	0.800746	0.199254	0.248394
159	-17.6096	-13.7684	0.0177485	0.982252	0.983341
160	-4.59404	-6.29336	0.821565	0.178435	0.228853
161	-4.88596	-6.84687	0.856753	0.143247	0.195824
173	-7.26076	-9.04422	0.833569	0.166431	0.217586
174	-17.8034	-14.3412	0.0257191	0.974281	0.975859
175	-4.58056	-6.2503	0.81719	0.18281	0.23296
176	-12.6824	-11.556	0.214383	0.785617	0.798773
177	-15.8066	-17.5005	0.820762	0.179238	0.229607
178	-25.98	-19.198	0.000953563	0.999046	0.999105
179	-4.97884	-6.76868	0.834452	0.165548	0.216757
180	-32.0353	-24.5846	0.000488811	0.999511	0.999541
181	-5.16594	-7.01766	0.842824	0.157176	0.208898
182	-5.10539	-6.70183	0.805982	0.194018	0.243479
183	-4.56162	-6.72847	0.880222	0.119778	0.173796
184	-4.71485	-6.668	0.855798	0.144202	0.196721
185	-4.98882	-6.81026	0.838772	0.161228	0.212702
186	-18.7366	-18.2301	0.336506	0.663494	0.684145
187	-4.57523	-6.78051	0.884214	0.115786	0.170048
194	-4.72604	-6.5338	0.836913	0.163087	0.214446
195	-15.4338	-17.266	0.840218	0.159782	0.211344
196	-5.75916	-6.82854	0.710344	0.289656	0.333248
197	-18.7379	-20.6218	0.847042	0.152958	0.20494
198	-6.47913	-8.76987	0.89268	0.10732	0.162102
199	-4.97884	-6.76868	0.834452	0.165548	0.216757
200	-15.9793	-12.0563	0.0163782	0.983622	0.984627
201	-13.3425	-12.2239	0.21569	0.78431	0.797547
202	-15.4408	-14.2218	0.199186	0.800814	0.813038
203	-6.41447	-8.74686	0.896606	0.103394	0.158417
204	-11.8233	-13.6341	0.837329	0.162671	0.214056
205	-16.9902	-15.8238	0.207723	0.792277	0.805024
206	-26.5796	-22.6549	0.0163511	0.983649	0.984652
207	-5.25665	-6.95981	0.822128	0.177872	0.228325
208	-15.3799	-14.7841	0.316901	0.683099	0.702547
209	-12.7966	-12.3342	0.346436	0.653564	0.674824
210	-5.66581	-7.01023	0.763524	0.236476	0.283332
211	-4.21025	-6.91966	0.926702	0.0732984	0.130168
212	-4.42869	-6.71889	0.892628	0.107372	0.162151
213	-12.6742	-14.5554	0.846688	0.153312	0.205272
214	-4.33449	-6.63086	0.893218	0.106782	0.161597
215	-5.08712	-6.92739	0.841301	0.158699	0.210328
216	-5.66581	-7.01023	0.763524	0.236476	0.283332
217	-15.0559	-13.9764	0.222376	0.777624	0.79127
218	-14.7541	-13.8387	0.252056	0.747944	0.763412
219	-4.21025	-6.91966	0.926702	0.0732984	0.130168
220	-12.1205	-14.2711	0.878494	0.121506	0.175417
221	-15.4425	-11.926	0.0243925	0.975607	0.977104
222	-9.85243	-12.0069	0.878905	0.121095	0.175032
223	-15.0336	-16.9584	0.852262	0.147738	0.20004
224	-5.64325	-6.96435	0.759286	0.240714	0.28731
225	-24.9636	-18.6968	0.00159517	0.998405	0.998503
226	-27.285	-26.051	0.196816	0.803184	0.815262
227	-15.9324	-18.1813	0.888606	0.111394	0.165927
228	-5.08712	-6.92739	0.841301	0.158699	0.210328
229	-10.3445	-12.0775	0.826451	0.173549	0.224267
230	-4.58056	-6.2503	0.81719	0.18281	0.23296
231	-13.4082	-12.7869	0.311401	0.688599	0.707709
232	-4.70033	-6.61949	0.851553	0.148447	0.200705
233	-6.74892	-8.39755	0.814013	0.185987	0.235941
234	-4.41464	-6.66491	0.888741	0.111259	0.165799
235	-4.70033	-6.61949	0.851553	0.148447	0.200705
236	-4.7901	-6.57235	0.8334	0.1666	0.217744
237	-4.30177	-6.6056	0.893927	0.106073	0.160931
238	-4.71907	-6.87786	0.879368	0.120632	0.174597
239	-11.6781	-11.1815	0.338755	0.661245	0.682034
256	-8.59841	-10.8031	0.88415	0.11585	0.170108
257	-18.0439	-14.5582	0.0251349	0.974865	0.976408
258	-10.3732	-9.17587	0.202681	0.797319	0.809758
259	-13.4535	-12.8405	0.313165	0.686835	0.706054
260	-12.0364	-14.3779	0.897449	0.102551	0.157625
261	-49.9022	-37.3884	3.09388e-06	0.999997	0.999997
262	-59.3927	-47.1187	3.93198e-06	0.999996	0.999996
263	-38.9161	-35.2488	0.02105	0.97895	0.980242
264	-23.2922	-17.8213	0.00352904	0.996471	0.996688
265	-20.4972	-18.9496	0.151882	0.848118	0.857439
266	-5.44569	-7.28461	0.841122	0.158878	0.210496
267	-5.57555	-7.26898	0.820701	0.179299	0.229664
268	-29.7537	-22.4832	0.000585292	0.999415	0.999451
269	-41.534	-31.5989	4.07742e-05	0.999959	0.999962
270	-4.74598	-6.95948	0.885052	0.114948	0.169262
271	-13.3378	-12.23	0.217543	0.782457	0.795807
272	-11.5813	-10.577	0.235653	0.764347	0.778809
273	-20.5472	-14.1496	0.00140002	0.9986	0.998686
274	-32.1408	-23.0874	9.84675e-05	0.999902	0.999908
275	-30.7548	-29.6198	0.212948	0.787052	0.80012
276	-27.5233	-20.8579	0.00107136	0.998929	0.998994
277	-12.4142	-11.6073	0.273042	0.726958	0.743714
278	-36.997	-27.4455	5.98399e-05	0.99994	0.999944
279	-5.18211	-7.06818	0.847322	0.152678	0.204677
280	-4.71964	-6.88013	0.879549	0.120451	0.174427
281	-10.0279	-12.1747	0.878093	0.121907	0.175794
282	-15.1576	-17.3239	0.88017	0.11983	0.173845
283	-12.2694	-14.1515	0.846813	0.153187	0.205154
284	-10.6216	-10.0634	0.325085	0.674915	0.694865
285	-12.3162	-13.7855	0.785316	0.214684	0.262877
286	-4.73546	-6.5765	0.841404	0.158596	0.210231
287	-24.4198	-20.597	0.0180723	0.981928	0.983037
288	-18.6344	-14.7612	0.0172007	0.982799	0.983855
289	-19.2873	-17.522	0.125916	0.874084	0.881811
290	-4.71964	-6.88013	0.879549	0.120451	0.174427
291	-6.83033	-8.44799	0.80928	0.19072	0.240384
292	-4.81485	-6.90903	0.872346	0.127654	0.181188
293	-14.3104	-13.3626	0.245982	0.754018	0.769113
294	-8.92518	-10.5338	0.807887	0.192113	0.241691
295	-35.5478	-28.8481	0.0010353	0.998965	0.999028
296	-9.51099	-11.223	0.823418	0.176582	0.227114
297	-11.0562	-12.5983	0.797342	0.202658	0.251589
298	-5.3116	-6.37625	0.709371	0.290629	0.334162
299	-8.95353	-10.4371	0.787713	0.212287	0.260628
300	-13.7641	-15.3847	0.809729	0.190271	0.239963
301	-18.7076	-14.7694	0.016135	0.983865	0.984855
302	-14.6736	-13.6419	0.230756	0.769244	0.783405
303	-5.05698	-7.25289	0.883251	0.116749	0.170952
304	-12.5778	-11.4728	0.218007	0.781993	0.795372
305	-11.6408	-10.5088	0.21343	0.78657	0.799668
306	-14.7584	-16.7252	0.857468	0.142532	0.195153
307	-17.0411	-18.7336	0.820565	0.179435	0.229791
308	-4.89065	-7.05905	0.880385	0.119615	0.173642
309	-13.754	-15.4514	0.821289	0.178711	0.229112
310	-18.8632	-18.3445	0.333799	0.666201	0.686686
311	-42.6748	-30.3179	3.61927e-06	0.999996	0.999997
312	-21.654	-17.4004	0.0118212	0.988179	0.988904
313	-21.9023	-18.1118	0.0186543	0.981346	0.982491
314	-15.3461	-11.5116	0.017866	0.982134	0.98323
315	-11.2959	-10.5719	0.289812	0.710188	0.727973
316	-5.39767	-7.16264	0.830988	0.169012	0.220008
317	-12.8672	-11.5953	0.190892	0.809108	0.820823
318	-37.7279	-25.2051	3.06597e-06	0.999997	0.999997
319	-26.2527	-20.1132	0.00181138	0.998189	0.9983
320	-14.8488	-17.125	0.891279	0.108721	0.163417
321	-41.4674	-31.9373	6.11293e-05	0.999939	0.999943
322	-16.258	-15.0765	0.205254	0.794746	0.807343
323	-10.9382	-12.7283	0.834489	0.165511	0.216722
324	-10.6089	-12.8928	0.892025	0.107975	0.162717
325	-18.77	-15.3362	0.0264384	0.973562	0.975184
326	-17.0753	-18.6945	0.809506	0.190494	0.240172
327	-5.19646	-7.04061	0.84182	0.15818	0.209841
328	-32.2564	-23.0044	8.07295e-05	0.999919	0.999924
329	-16.7769	-13.3803	0.0274116	0.972588	0.974271
330	-4.73546	-6.5765	0.841404	0.158596	0.210231
331	-59.8504	-47.6759	4.34354e-06	0.999996	0.999996
332	-22.4009	-18.5306	0.0172477	0.982752	0.983811
333	-5.66683	-7.01231	0.763715	0.236285	0.283153
334	-17.1548	-13.4728	0.0207476	0.979252	0.980526
335	-16.4332	-12.6757	0.019269	0.980731	0.981914
336	-4.59466	-6.29532	0.821762	0.178238	0.228668
337	-18.9243	-15.5025	0.0267494	0.973251	0.974892
338	-30.9562	-24.1359	0.000917815	0.999082	0.999139
339	-21.3768	-17.5407	0.0178392	0.982161	0.983256
340	-14.4928	-13.2801	0.200212	0.799788	0.812075
341	-14.1868	-13.0133	0.20656	0.79344	0.806116
342	-10.4619	-9.27249	0.203962	0.796038	0.808555
343	-25.3469	-21.1699	0.0127513	0.987249	0.988031
344	-38.1578	-28.5289	5.53779e-05	0.999945	0.999948
345	-5.33897	-6.97767	0.812505	0.187495	0.237357
346	-14.1107	-12.9243	0.204437	0.795563	0.808109
347	-6.36768	-8.6387	0.890775	0.109225	0.16389
348	-30.441	-23.8647	0.00117111	0.998829	0.998901
349	-14.8455	-16.6905	0.841941	0.158059	0.209727
350	-21.4884	-18.0151	0.0254415	0.974558	0.97612
351	-14.9123	-16.5443	0.811475	0.188525	0.238324
352	-13.8354	-12.7119	0.214868	0.785132	0.798318
353	-13.844	-12.7097	0.213055	0.786945	0.80002
354	-25.6578	-18.9464	0.00102334	0.998977	0.999039
355	-10.4043	-9.5384	0.261488	0.738512	0.754559
356	-9.79382	-8.38884	0.171177	0.828823	0.839328
357	-13.6004	-12.2562	0.179973	0.820027	0.831072
358	-9.33128	-10.8493	0.79343	0.20657	0.255261
359	-30.3235	-26.1462	0.0127469	0.987253	0.988035
360	-4.60727	-6.36955	0.830609	0.169391	0.220364
361	-28.8106	-22.0169	0.000942499	0.999058	0.999115
362	-33.5444	-24.3881	8.88288e-05	0.999911	0.999917
363	-4.90722	-6.7554	0.842355	0.157645	0.209338
364	-31.5589	-24.2822	0.000581646	0.999418	0.999454
365	-4.46352	-6.73215	0.890544	0.109456	0.164107
366	-16.1699	-18.5046	0.896821	0.103179	0.158215
367	-11.3747	-10.2252	0.21052	0.78948	0.802399
368	-9.43838	-8.76099	0.299493	0.700507	0.718886
369	-18.494	-14.3227	0.0128228	0.987177	0.987964
370	-30.8113	-24.2621	0.0012033	0.998797	0.998871
371	-19.443	-15.6537	0.0186766	0.981323	0.98247
372	-25.6951	-18.8924	0.000934032	0.999066	0.999123
373	-11.8164	-10.5068	0.185141	0.814859	0.826221
374	-39.5752	-30.2891	7.80199e-05	0.999922	0.999927
375	-9.27506	-11.1442	0.845117	0.154883	0.206746
376	-17.9464	-14.6698	0.030802	0.969198	0.971088
377	-38.8623	-29.2811	5.80896e-05	0.999942	0.999945
378	-14.5679	-13.5979	0.241889	0.758111	0.772955
379	-19.1013	-15.6976	0.0272247	0.972775	0.974446
380	-5.36676	-7.21887	0.842876	0.157124	0.20885
381	-4.25567	-5.93743	0.818978	0.181022	0.231281
382	-18.3511	-14.3444	0.0150827	0.984917	0.985843
383	-16.9494	-12.9613	0.0153618	0.984638	0.985581
384	-24.0222	-25.7082	0.819607	0.180393	0.230691
385	-18.4876	-15.0381	0.0260361	0.973964	0.975562
386	-5.51764	-6.85102	0.761524	0.238476	0.285209
387	-5.63361	-7.4163	0.833462	0.166538	0.217686
388	-14.9407	-13.8127	0.21412	0.78588	0.79902
389	-5.27609	-7.10855	0.840256	0.159744	0.211308
390	-18.3189	-14.3167	0.0151486	0.984851	0.985781
391	-42.1548	-30.3905	6.54594e-06	0.999993	0.999994
392	-17.9069	-13.5939	0.011148	0.988852	0.989536
393	-4.33522	-6.63343	0.893394	0.106606	0.161432
394	-16.6112	-12.8395	0.0190032	0.980997	0.982163
395	-12.7744	-11.6297	0.211304	0.788696	0.801663
396	-7.6461	-9.44894	0.836241	0.163759	0.215077
397	-17.4143	-16.2413	0.206637	0.793363	0.806044
398	-4.41804	-5.84322	0.777793	0.222207	0.269939
399	-33.5889	-26.895	0.00104137	0.998959	0.999023
400	-21.8881	-18.515	0.0280462	0.971954	0.973675
401	-4.42933	-6.72135	0.892802	0.107198	0.161987
402	-15.2495	-14.1495	0.218855	0.781145	0.794576
403	-10.7945	-12.5701	0.832476	0.167524	0.218611
404	-16.5566	-15.4159	0.211988	0.788012	0.801021
405	-16.1389	-12.5691	0.0231529	0.976847	0.978268
406	-11.749	-10.8173	0.248984	0.751016	0.766295
407	-10.9102	-10.1985	0.292339	0.707661	0.725602
408	-26.8167	-22.9882	0.0179718	0.982028	0.983131
409	-47.2755	-37.9807	7.73475e-05	0.999923	0.999927
410	-13.4401	-12.4918	0.245899	0.754101	0.769192
411	-14.6762	-13.5786	0.219268	0.780732	0.794188
412	-17.7935	-16.6884	0.217998	0.782002	0.79538
413	-30.5348	-26.1493	0.0103759	0.989624	0.990261
414	-14.7252	-15.9798	0.746927	0.253073	0.298911
415	-13.3648	-12.1898	0.206319	0.793681	0.806342
416	-20.7271	-19.636	0.220378	0.779622	0.793147
417	-35.0655	-25.3369	5.01246e-05	0.99995	0.999953
418	-45.353	-33.0199	3.70619e-06	0.999996	0.999997
419	-19.3028	-15.3408	0.0157612	0.984239	0.985206
420	-10.8092	-9.60254	0.201172	0.798828	0.811173
421	-15.108	-16.6847	0.802869	0.197131	0.246402
422	-7.76937	-9.54703	0.832763	0.167237	0.218342
423	-13.0756	-11.9759	0.218911	0.781089	0.794523
424	-19.7781	-15.5195	0.011764	0.988236	0.988958
425	-11.9058	-10.6272	0.189859	0.810141	0.821793
426	-15.9077	-17.6925	0.833756	0.166244	0.21741
427	-11.6397	-13.3347	0.82094	0.17906	0.229439
428	-11.4948	-10.6528	0.266126	0.733874	0.750205
429	-12.0159	-11.0614	0.244754	0.755246	0.770266
430	-5.10354	-6.97788	0.845798	0.154202	0.206107
431	-5.19646	-7.04061	0.84182	0.15818	0.209841
432	-25.1282	-21.2568	0.0172298	0.98277	0.983828
433	-10.4494	-9.43858	0.234492	0.765508	0.779898
434	-22.9162	-16.7116	0.00169743	0.998303	0.998407
435	-38.9736	-32.4274	0.00120689	0.998793	0.998867
436	-17.4921	-13.5763	0.0164935	0.983506	0.984519
437	-10.1378	-9.0877	0.22751	0.77249	0.786452
438	-14.2692	-12.7501	0.155596	0.844404	0.853952
439	-21.3403	-17.3893	0.0159334	0.984067	0.985044
440	-19.4235	-15.4232	0.0151779	0.984822	0.985754
441	-10.5196	-11.9873	0.785054	0.214946	0.263123
442	-4.42933	-6.72135	0.892802	0.107198	0.161987
443	-20.3392	-16.2057	0.0133107	0.986689	0.987506
444	-20.0522	-19.4173	0.308486	0.691514	0.710445
445	-30.7677	-24.5788	0.0017242	0.998276	0.998382
446	-32.9923	-23.546	6.64708e-05	0.999934	0.999938
447	-65.4941	-45.1455	1.22418e-09	1	1
448	-14.6526	-13.6026	0.227523	0.772477	0.786439
449	-15.6823	-12.0375	0.0215183	0.978482	0.979802
450	-4.89065	-7.05905	0.880385	0.119615	0.173642
451	-14.8872	-13.724	0.208256	0.791744	0.804525
452	-24.5778	-20.7573	0.0181117	0.981888	0.983
453	-6.95249	-8.6032	0.814329	0.185671	0.235645
454	-17.3689	-19.6481	0.891575	0.108425	0.16314
455	-33.2364	-23.9687	7.94758e-05	0.999921	0.999925
456	-4.59466	-6.29532	0.821762	0.178238	0.228668
457	-19.0706	-15.2504	0.0181191	0.981881	0.982993
458	-29.6689	-22.8935	0.000959889	0.99904	0.999099
459	-15.7639	-11.7136	0.0144489	0.985551	0.986438
460	-17.9357	-13.9344	0.0151624	0.984838	0.985768
461	-19.7442	-15.8014	0.016062	0.983938	0.984924
462	-10.7578	-10.1674	0.318058	0.681942	0.701461
463	-4.48794	-6.8428	0.89867	0.10133	0.15648
464	-17.1706	-19.5209	0.898252	0.101748	0.156872
465	-8.75807	-10.5969	0.841106	0.158894	0.210511
466	-4.59999	-6.9002	0.893584	0.106416	0.161254
467	-5.47387	-7.14103	0.816804	0.183196	0.233322
468	-17.6691	-13.8972	0.0189995	0.981001	0.982166
469	-7.50076	-9.33447	0.840424	0.159576	0.211152
470	-26.2453	-19.5145	0.00100364	0.998996	0.999058
471	-12.7271	-11.9346	0.275913	0.724087	0.741019
472	-42.4066	-30.3406	4.84122e-06	0.999995	0.999995
473	-18.7006	-14.8797	0.0181066	0.981893	0.983005
474	-14.4341	-13.2785	0.209501	0.790499	0.803356
475	-21.2728	-17.3578	0.0165065	0.983493	0.984506
476	-5.18211	-7.06818	0.847322	0.152678	0.204677
477	-14.1326	-12.9482	0.204787	0.795213	0.80778
478	-20.9218	-16.7021	0.0122241	0.987776	0.988526
479	-4.48794	-6.8428	0.89867	0.10133	0.15648
480	-16.1417	-15.0314	0.217087	0.782913	0.796235
481	-17.9097	-14.4306	0.0252967	0.974703	0.976256
482	-9.99829	-9.25952	0.286776	0.713224	0.730823
483	-10.9927	-12.7839	0.834638	0.165362	0.216582
484	-25.3101	-18.9229	0.00141456	0.998585	0.998672
485	-9.72495	-9.0215	0.294055	0.705945	0.72399
486	-41.4481	-29.2388	4.19478e-06	0.999996	0.999996
487	-14.2726	-13.1871	0.221358	0.778642	0.792227
488	-5.18211	-7.06818	0.847322	0.152678	0.204677
489	-12.6246	-11.9303	0.295939	0.704061	0.722222
490	-10.4851	-9.63542	0.264635	0.735365	0.751605
491	-5.50336	-6.81815	0.758131	0.241869	0.288394
492	-30.4046	-25.0052	0.00378964	0.99621	0.996443
493	-5.57647	-7.27124	0.820899	0.179101	0.229478
494	-5.05698	-7.25289	0.883251	0.116749	0.170952
495	-25.5556	-19.1781	0.00142832	0.998572	0.998659
496	-12.1647	-10.9303	0.196743	0.803257	0.815331
497	-13.8293	-16.1087	0.89159	0.10841	0.163125
498	-12.6784	-11.7213	0.244267	0.755733	0.770723
499	-10.3056	-11.9751	0.817148	0.182852	0.232999
500	-22.9941	-19.088	0.0166523	0.983348	0.98437
501	-19.6341	-15.8045	0.0179525	0.982048	0.983149
502	-10.4472	-9.29027	0.209274	0.790726	0.803569
503	-26.5306	-22.0731	0.00966223	0.990338	0.990931
504	-19.3466	-16.031	0.0296557	0.970344	0.972164
505	-31.1281	-27.155	0.0155901	0.98441	0.985367
506	-6.7982	-8.4768	0.818508	0.181492	0.231722
507	-29.5733	-22.8985	0.0010614	0.998939	0.999004
508	-9.41195	-11.264	0.842865	0.157135	0.20886
509	-19.4792	-15.6506	0.017969	0.982031	0.983134
510	-16.011	-12.2142	0.0185389	0.981461	0.982599
511	-7.28911	-9.24124	0.855673	0.144327	0.196838
512	-23.8521	-20.0532	0.0185017	0.981498	0.982634
513	-18.4839	-15.0869	0.0274027	0.972597	0.974279
514	-26.4866	-22.6501	0.0178313	0.982169	0.983263
515	-20.0071	-16.3017	0.0202779	0.979722	0.980966
516	-30.2936	-20.9824	7.60915e-05	0.999924	0.999929
517	-20.8917	-19.6934	0.202512	0.797488	0.809915
518	-25.7808	-18.9975	0.000952343	0.999048	0.999106
519	-9.7424	-11.5931	0.842689	0.157311	0.209025
520	-5.70942	-7.47398	0.83093	0.16907	0.220062
521	-24.6612	-17.9316	0.00100491	0.998995	0.999057
522	-5.15406	-6.90895	0.829568	0.170432	0.221341
523	-21.9447	-24.287	0.897526	0.102474	0.157553
524	-139.028	-101.872	6.14242e-17	1	1
1267	-28.9646	-21.4544	0.000460625	0.999539	0.999568
1268	-39.7347	-29.8356	4.22677e-05	0.999958	0.99996
1269	-34.5603	-24.6325	4.10722e-05	0.999959	0.999961
1270	-14.4744	-12.93	0.152287	0.847713	0.857059
1271	-20.5112	-15.4749	0.00543947	0.994561	0.994894
1272	-27.2001	-26.1813	0.233055	0.766945	0.781247
1377	-23.5578	-20.0098	0.023652	0.976348	0.9778
1409	-5.19241	-7.03076	0.841045	0.158955	0.210568
1410	-26.6658	-19.5537	0.000685692	0.999314	0.999356
1411	-24.4081	-20.468	0.0161045	0.983896	0.984884
1412	-5.42548	-7.13228	0.822659	0.177341	0.227826
1413	-11.4392	-10.6902	0.284693	0.715307	0.732778
1414	-18.7846	-17.8061	0.240346	0.759654	0.774403
1415	-16.7201	-13.2458	0.0254152	0.974585	0.976144
1416	-4.59747	-6.89048	0.892897	0.107103	0.161898
1417	-18.9705	-15.2675	0.0203259	0.979674	0.980921
1418	-22.0379	-15.3437	0.00104104	0.998959	0.999023
1419	-18.4996	-16.9271	0.148695	0.851305	0.86043
1420	-26.002	-19.775	0.00165982	0.99834	0.998442
1421	-9.75113	-8.95062	0.274314	0.725686	0.74252
1422	-4.88402	-6.84034	0.85619	0.14381	0.196353
1423	-4.98748	-6.80468	0.838197	0.161803	0.213242
1424	-5.29025	-6.91821	0.810863	0.189137	0.238898
1425	-4.4268	-6.71164	0.892114	0.107886	0.162634
1426	-4.74416	-6.95248	0.884525	0.115475	0.169757
1427	-15.3924	-16.7071	0.758101	0.241899	0.288422
1428	-17.0182	-13.0528	0.0157074	0.984293	0.985257
1429	-18.7154	-18.0828	0.308978	0.691022	0.709984
1430	-21.3542	-20.3517	0.235987	0.764013	0.778495
1431	-4.98748	-6.80468	0.838197	0.161803	0.213242
1432	-26.1162	-24.9374	0.20568	0.79432	0.806943
1433	-14.8758	-13.7276	0.210734	0.789266	0.802199
1434	-14.6834	-14.2011	0.341939	0.658061	0.679045
1454	-32.033	-24.6267	0.000510995	0.999489	0.99952
1455	-24.2816	-20.7811	0.0247758	0.975224	0.976745
1456	-9.9914	-11.7894	0.835572	0.164428	0.215705
1457	-21.5941	-15.1314	0.00131184	0.998688	0.998769
1458	-12.428	-11.7127	0.291589	0.708411	0.726306
1459	-11.04	-10.0534	0.23886	0.76114	0.775799
1460	-8.74619	-10.9306	0.882064	0.117936	0.172066
1461	-4.73052	-6.55413	0.839064	0.160936	0.212428
1462	-6.80699	-8.98628	0.881527	0.118473	0.172571
1463	-9.90735	-11.2377	0.76097	0.23903	0.285729
1464	-7.59569	-9.27259	0.818257	0.181743	0.231958
1465	-12.8811	-14.547	0.816612	0.183388	0.233502
1466	-12.8175	-11.7094	0.217472	0.782528	0.795874
1467	-4.41716	-5.82883	0.77545	0.22455	0.272137
1468	-9.26399	-10.9468	0.81913	0.18087	0.231139
1469	-10.2415	-9.96998	0.390824	0.609176	0.633161
1470	-26.2521	-22.2515	0.0151729	0.984827	0.985758
1471	-38.1549	-28.7282	6.77922e-05	0.999932	0.999936
1472	-30.8354	-23.9152	0.000830558	0.999169	0.99922
1473	-40.2146	-28.1242	4.72459e-06	0.999995	0.999996
1474	-26.1244	-18.2351	0.000315311	0.999685	0.999704
1475	-4.41716	-5.82883	0.77545	0.22455	0.272137
1476	-39.3932	-30.0124	7.09788e-05	0.999929	0.999933
1477	-4.42162	-6.69175	0.890689	0.109311	0.163971
1478	-16.3721	-15.3331	0.229479	0.770521	0.784604
1479	-44.0324	-30.8633	1.60657e-06	0.999998	0.999998
1480	-57.5548	-39.3881	1.08514e-08	1	1
1481	-4.20869	-6.89438	0.925073	0.0749268	0.131697
1482	-6.58644	-8.80551	0.885619	0.114381	0.16873
1483	-38.8514	-26.5591	3.86092e-06	0.999996	0.999996
1484	-11.3179	-13.2507	0.853262	0.146738	0.199101
1485	-8.74544	-10.9892	0.888098	0.111902	0.166403
1486	-29.3691	-25.9077	0.0257381	0.974262	0.975841
1487	-28.6738	-22.0809	0.00115185	0.998848	0.998919
1488	-6.47963	-8.14647	0.816755	0.183245	0.233368
1489	-15.8304	-14.8065	0.232148	0.767852	0.782098
1490	-22.5019	-16.1067	0.00140333	0.998597	0.998683
1491	-5.39479	-7.06612	0.817425	0.182575	0.232739
1492	-24.4526	-19.0835	0.00390534	0.996095	0.996334
1493	-17.9614	-14.3084	0.0213472	0.978653	0.979963
1494	-40.8486	-28.7074	4.49088e-06	0.999996	0.999996
1495	-35.6512	-26.0629	5.76743e-05	0.999942	0.999946
1496	-19.9126	-16.0223	0.0169113	0.983089	0.984126
1497	-14.9975	-13.3288	0.136928	0.863072	0.871475
1498	-41.1438	-28.7987	3.66229e-06	0.999996	0.999997
1499	-10.5537	-12.2156	0.816013	0.183987	0.234064
1500	-56.7575	-39.1593	1.91576e-08	1	1
1501	-18.2246	-14.1332	0.0138744	0.986126	0.986977
1502	-11.9376	-10.7835	0.209758	0.790242	0.803114
1503	-4.70756	-6.64362	0.853677	0.146323	0.198712
1504	-9.54429	-8.96767	0.32105	0.67895	0.698652
1505	-7.63084	-9.45296	0.838864	0.161136	0.212615
1506	-16.1861	-12.1373	0.0144688	0.985531	0.986419
1507	-32.2609	-22.9837	7.87228e-05	0.999921	0.999926
1508	-4.20869	-6.89438	0.925073	0.0749268	0.131697
1509	-23.5803	-19.6196	0.0157818	0.984218	0.985187
1510	-15.706	-14.7074	0.236677	0.763323	0.777848
1512	-16.0649	-12.454	0.0222441	0.977756	0.979121
1513	-19.7819	-15.8526	0.0162767	0.983723	0.984722
1514	-40.486	-28.4143	4.81356e-06	0.999995	0.999995
1515	-24.7507	-20.7442	0.0150861	0.984914	0.98584
1516	-18.0943	-14.3364	0.01926	0.98074	0.981922
1517	-14.0464	-12.4392	0.14436	0.85564	0.864499
1518	-5.29159	-6.95181	0.815762	0.184238	0.2343
1519	-29.809	-25.9193	0.0169233	0.983077	0.984115
1520	-16.3859	-15.1822	0.201642	0.798358	0.810732
1521	-5.35444	-7.18877	0.840507	0.159493	0.211074
1522	-7.75019	-9.42902	0.818542	0.181458	0.23169
1523	-15.3205	-13.9755	0.179853	0.820147	0.831184
1524	-7.55429	-9.2489	0.820875	0.179125	0.229501
1525	-26.8954	-20.1135	0.000953717	0.999046	0.999105
1526	-21.6601	-17.7297	0.0162584	0.983742	0.984739
1527	-28.4836	-22.3529	0.00182746	0.998173	0.998285
1528	-24.8651	-18.061	0.00093269	0.999067	0.999125
1529	-35.7508	-29.1563	0.00115008	0.99885	0.99892
1530	-15.2696	-14.6415	0.30993	0.69007	0.70909
1531	-20.9829	-17.0221	0.0157805	0.984219	0.985188
1532	-17.4791	-16.3181	0.208607	0.791393	0.804194
1533	-7.45466	-9.27098	0.838077	0.161923	0.213354
1534	-13.5116	-12.5446	0.242443	0.757557	0.772435
1535	-5.18412	-7.01057	0.839448	0.160552	0.212068
1536	-28.3936	-20.5236	0.000321457	0.999679	0.999698
1537	-4.41716	-5.82883	0.77545	0.22455	0.272137
1538	-16.5897	-18.5347	0.854786	0.145214	0.197671
1539	-4.41716	-5.82883	0.77545	0.22455	0.272137
1540	-8.6529	-10.3259	0.817672	0.182328	0.232507
1541	-4.41716	-5.82883	0.77545	0.22455	0.272137
1542	-9.48275	-8.82796	0.304256	0.695744	0.714415
1543	-9.88246	-9.31249	0.322503	0.677497	0.697288
1544	-4.80605	-6.88018	0.870096	0.129904	0.1833
1545	-11.688	-10.4938	0.203188	0.796812	0.809282
1546	-5.15291	-6.91141	0.830077	0.169923	0.220863
1547	-31.8658	-25.2901	0.00117171	0.998828	0.9989
1548	-4.41716	-5.82883	0.77545	0.22455	0.272137
1549	-4.87868	-6.82243	0.854635	0.145365	0.197812
1550	-18.142	-16.8836	0.192986	0.807014	0.818857
1551	-6.37651	-8.04935	0.817652	0.182348	0.232526
1552	-7.71615	-9.47619	0.830294	0.169706	0.22066
1553	-11.1753	-10.3903	0.277413	0.722587	0.739612
1554	-10.4497	-9.87498	0.321455	0.678545	0.698272
1659	-12.6903	-11.8706	0.270512	0.729488	0.746088
1660	-11.3887	-10.7682	0.31156	0.68844	0.70756
1661	-14.5653	-14.0416	0.332693	0.667307	0.687724
1662	-18.5934	-14.6594	0.0162009	0.983799	0.984793
1663	-21.9267	-18.3613	0.0232561	0.976744	0.978171
1664	-38.7301	-26.6894	4.9656e-06	0.999995	0.999995
1665	-7.75711	-9.10251	0.7637	0.2363	0.283167
1666	-17.1316	-13.5161	0.0221432	0.977857	0.979216
1667	-25.0484	-21.3614	0.0206467	0.979353	0.98062
1668	-4.41891	-6.68135	0.889938	0.110062	0.164676
1669	-5.41562	-7.10572	0.820211	0.179789	0.230123
1670	-17.9944	-16.4708	0.154994	0.845006	0.854518
1671	-4.24612	-5.90616	0.815736	0.184264	0.234324
1672	-10.4886	-11.8154	0.760318	0.239682	0.286341
1673	-4.45272	-6.69189	0.887638	0.112362	0.166834
1674	-25.5623	-21.4466	0.0135466	0.986453	0.987285
1675	-32.325	-22.7997	6.14275e-05	0.999939	0.999942
1676	-4.45516	-6.12254	0.816837	0.183163	0.233291
1677	-11.1248	-12.6929	0.801522	0.198478	0.247666
1678	-25.619	-21.5532	0.0142286	0.985771	0.986645
1679	-30.4036	-26.6026	0.0184644	0.981536	0.982669
1680	-18.5561	-17.5379	0.233164	0.766836	0.781145
1681	-16.4713	-14.7323	0.12883	0.87117	0.879076
1682	-5.46106	-7.10672	0.813563	0.186437	0.236364
1683	-10.173	-9.0671	0.217853	0.782147	0.795517
1684	-14.0011	-12.3464	0.138591	0.861409	0.869914
1685	-40.5439	-30.875	5.32054e-05	0.999947	0.99995
1686	-4.90056	-6.72509	0.839189	0.160811	0.212311
1687	-6.78819	-8.44489	0.815232	0.184768	0.234798
1688	-19.7757	-18.822	0.244901	0.755099	0.770128
1689	-10.5936	-12.3349	0.82764	0.17236	0.223151
1690	-13.9149	-12.4124	0.157783	0.842217	0.8519
1691	-24.9176	-18.1217	0.000940406	0.99906	0.999117
1692	-17.6905	-14.3795	0.0297926	0.970207	0.972036
1693	-4.45516	-6.12254	0.816837	0.183163	0.233291
1694	-6.58363	-8.79504	0.88484	0.11516	0.169461
1695	-5.65013	-6.97833	0.760583	0.239417	0.286092
1696	-4.88143	-7.02191	0.877413	0.122587	0.176432
1697	-4.72879	-6.54626	0.838235	0.161765	0.213206
1698	-4.93374	-6.50097	0.801375	0.198625	0.247804
1699	-5.32026	-7.28035	0.856653	0.143347	0.195918
1724	-4.20983	-6.91291	0.92627	0.07373	0.130573
1725	-19.7491	-15.9726	0.0189138	0.981086	0.982247
1726	-4.59163	-6.28566	0.820789	0.179211	0.229582
1727	-5.62841	-7.40412	0.83249	0.16751	0.218598
1728	-4.31414	-6.65158	0.897073	0.102927	0.157979
1729	-21.678	-18.1667	0.0245172	0.975483	0.976987
1730	-35.1279	-24.86	2.92342e-05	0.999971	0.999973
1731	-5.2535	-6.95136	0.821352	0.178648	0.229053
1732	-6.43418	-8.60367	0.880499	0.119501	0.173536
1733	-8.41196	-10.2693	0.843573	0.156427	0.208195
1734	-4.94149	-6.52295	0.80363	0.19637	0.245688
1735	-4.33169	-6.62084	0.892528	0.107472	0.162245
1736	-6.78621	-9.06425	0.891457	0.108543	0.16325
1737	-10.6409	-12.3804	0.827384	0.172616	0.223391
1738	-13.5132	-12.6594	0.263841	0.736159	0.75235
1739	-9.20754	-10.7406	0.795873	0.204127	0.252968
1740	-7.36297	-9.34424	0.859235	0.140765	0.193495
1741	-5.83863	-7.52897	0.820247	0.179753	0.23009
1742	-21.5041	-17.8214	0.0207343	0.979266	0.980538
1743	-4.9052	-6.74622	0.841402	0.158598	0.210233
1744	-5.10002	-6.96705	0.844842	0.155158	0.207004
1745	-13.9199	-12.7733	0.211004	0.788996	0.801945
1746	-49.1182	-35.5995	1.13252e-06	0.999999	0.999999
1747	-14.5624	-13.1938	0.176397	0.823603	0.834428
1748	-29.5642	-23.362	0.00170156	0.998298	0.998403
1749	-16.8242	-13.1219	0.020339	0.979661	0.980909
1750	-35.5032	-25.9261	5.83263e-05	0.999942	0.999945
1751	-10.0968	-8.91304	0.204878	0.795122	0.807695
1752	-24.4342	-18.5192	0.00226641	0.997734	0.997873
1753	-22.8969	-19.28	0.022115	0.977885	0.979242
1754	-11.3293	-13.3137	0.859613	0.140387	0.19314
1755	-23.0123	-19.151	0.017402	0.982598	0.983666
1756	-16.6962	-15.5754	0.215322	0.784678	0.797892
1770	-49.5698	-40.6894	0.000117056	0.999883	0.99989
1771	-16.6895	-12.9028	0.0187237	0.981276	0.982425
1772	-17.2962	-16.1442	0.210099	0.789901	0.802794
1773	-7.75099	-9.45125	0.821703	0.178297	0.228723
1774	-15.6316	-14.4851	0.21101	0.78899	0.80194
1775	-14.8237	-13.7471	0.222886	0.777114	0.790792
1776	-16.8462	-12.998	0.0176271	0.982373	0.983455
1777	-21.6731	-20.3763	0.187087	0.812913	0.824394
1778	-10.685	-9.15963	0.154764	0.845236	0.854733
1779	-34.5925	-24.8744	5.06528e-05	0.999949	0.999952
1780	-16.3146	-12.3341	0.0154755	0.984524	0.985474
1781	-20.4649	-15.9506	0.00913375	0.990866	0.991427
1782	-13.7304	-12.6252	0.217974	0.782026	0.795402
1783	-21.6266	-17.727	0.0167594	0.983241	0.984269
1784	-23.3378	-19.4814	0.0174862	0.982514	0.983587
1785	-4.90334	-6.73777	0.84052	0.15948	0.211061
1786	-23.7608	-19.7812	0.0154896	0.98451	0.985461
1787	-5.56778	-7.24982	0.819019	0.180981	0.231243
1788	-18.014	-13.9538	0.014308	0.985692	0.98657
1789	-12.309	-11.3075	0.236167	0.763833	0.778326
1790	-4.42327	-6.69808	0.891144	0.108856	0.163543
1791	-18.8108	-14.7807	0.0147391	0.985261	0.986165
1792	-20.4101	-16.3804	0.014744	0.985256	0.986161
1793	-35.0284	-25.5016	6.133e-05	0.999939	0.999942
1794	-19.3526	-17.7889	0.149823	0.850177	0.859371
1795	-10.6351	-9.40868	0.198011	0.801989	0.814141
1796	-11.7081	-13.0655	0.765861	0.234139	0.281139
1797	-34.6545	-25.5685	9.53076e-05	0.999905	0.999911
1798	-17.0532	-13.4023	0.0213896	0.97861	0.979923
1799	-17.4425	-16.2308	0.200358	0.799642	0.811938
1800	-10.8036	-10.2888	0.334673	0.665327	0.685865
1825	-33.1702	-26.1424	0.000745953	0.999254	0.9993
1826	-10.67	-9.03763	0.14128	0.85872	0.86739
1827	-4.45724	-6.70873	0.888862	0.111138	0.165686
1828	-25.3921	-18.7958	0.001148	0.998852	0.998922
1829	-25.7225	-22.3283	0.0274776	0.972522	0.974209
1830	-14.5984	-13.9029	0.295704	0.704296	0.722442
1831	-41.3214	-31.3901	4.09282e-05	0.999959	0.999962
1832	-9.47672	-8.74734	0.288702	0.711298	0.729016
1833	-42.896	-38.7572	0.0132402	0.98676	0.987572
1834	-4.80793	-6.88635	0.87058	0.12942	0.182846
1835	-15.4265	-14.2388	0.204234	0.795766	0.8083
1836	-20.5618	-16.6132	0.0159694	0.984031	0.985011
1837	-18.6527	-14.9701	0.0207358	0.979264	0.980537
1838	-10.6994	-9.53582	0.20819	0.79181	0.804586
1839	-13.0482	-12.4057	0.306863	0.693137	0.711969
1840	-13.7575	-13.1055	0.304847	0.695153	0.713861
1841	-17.9621	-14.3946	0.0232057	0.976794	0.978218
1842	-4.90334	-6.73777	0.84052	0.15948	0.211061
1843	-15.043	-11.3122	0.0197786	0.980221	0.981435
1844	-7.58904	-9.41522	0.839411	0.160589	0.212102
1845	-5.24986	-6.9416	0.820452	0.179548	0.229897
1846	-4.20905	-6.90027	0.925456	0.0745442	0.131338
1847	-8.39978	-10.5417	0.877568	0.122432	0.176287
1848	-14.3567	-13.8438	0.335094	0.664906	0.68547
1849	-4.73158	-6.55892	0.839567	0.160433	0.211956
1850	-12.1509	-11.6053	0.327851	0.672149	0.692269
1851	-4.88038	-6.82813	0.855131	0.144869	0.197346
1852	-6.57209	-8.65614	0.871213	0.128787	0.182251
1853	-4.32843	-6.60924	0.891725	0.108275	0.162999
1854	-4.7673	-7.00374	0.887366	0.112634	0.16709
1855	-4.32843	-6.60924	0.891725	0.108275	0.162999
1856	-20.6482	-16.7238	0.0163565	0.983643	0.984647
1857	-4.70926	-6.6493	0.854174	0.145826	0.198245
1858	-19.9825	-16.1858	0.0185419	0.981458	0.982596
1859	-4.31103	-6.64	0.896289	0.103711	0.158715
1860	-34.5967	-24.3822	3.08342e-05	0.999969	0.999971
1861	-15.4452	-11.9539	0.0249981	0.975002	0.976536
1862	-14.2343	-13.057	0.205923	0.794077	0.806714
1863	-10.593	-11.8724	0.751584	0.248416	0.294539
1864	-13.9222	-13.336	0.318963	0.681037	0.700611
1865	-26.1909	-19.8442	0.00147299	0.998527	0.998617
1866	-7.34625	-9.17131	0.839261	0.160739	0.212243
1867	-33.3815	-23.9957	7.06248e-05	0.999929	0.999934
1868	-23.0484	-19.1718	0.0171423	0.982858	0.98391
1905	-4.329	-6.61127	0.891866	0.108134	0.162867
1906	-7.73319	-9.88252	0.878361	0.121639	0.175542
1907	-48.2533	-35.6034	2.70016e-06	0.999997	0.999997
1908	-4.58933	-6.27831	0.820046	0.179954	0.230279
1909	-14.4138	-14.2872	0.425819	0.574181	0.600313
1910	-22.1474	-18.0323	0.0135538	0.986446	0.987278
1912	-25.8184	-19.3094	0.00125254	0.998747	0.998824
1913	-24.673	-20.2588	0.0100855	0.989915	0.990533
1914	-27.8986	-21.2979	0.00114291	0.998857	0.998927
1915	-25.4514	-19.2027	0.00162423	0.998376	0.998475
1916	-13.7211	-15.3354	0.80876	0.19124	0.240872
1917	-8.27231	-9.51431	0.744534	0.255466	0.301157
1918	-4.90367	-6.73925	0.840674	0.159326	0.210916
1919	-10.5964	-12.274	0.818354	0.181646	0.231867
1920	-11.9927	-13.8749	0.846816	0.153184	0.205151
1921	-7.50561	-9.34764	0.841537	0.158463	0.210107
1922	-47.596	-35.2639	3.71032e-06	0.999996	0.999997
1923	-20.3242	-16.3661	0.0158217	0.984178	0.985149
1924	-12.3514	-11.2763	0.223151	0.776849	0.790543
1925	-56.6514	-41.5131	2.24226e-07	1	1
1926	-20.6851	-16.9705	0.0200961	0.979904	0.981137
1927	-29.8504	-23.4299	0.00136823	0.998632	0.998716
1928	-5.4217	-7.1221	0.821724	0.178276	0.228704
1929	-4.70978	-6.65105	0.854326	0.145674	0.198102
1930	-4.98534	-6.79574	0.837273	0.162727	0.214109
1931	-22.3704	-18.7338	0.0216906	0.978309	0.97964
1932	-10.3513	-9.85253	0.33825	0.66175	0.682507
1933	-4.48201	-6.82063	0.897182	0.102818	0.157876
1934	-7.34657	-9.17279	0.839416	0.160584	0.212097
1935	-9.38317	-8.76251	0.311529	0.688471	0.707589
1936	-45.0834	-32.4998	2.88517e-06	0.999997	0.999997
1937	-56.8225	-38.8226	1.28202e-08	1	1
1938	-59.4787	-48.7229	1.79463e-05	0.999982	0.999983
1939	-9.46455	-11.6636	0.883571	0.116429	0.170652
1940	-4.80851	-6.88825	0.870728	0.129272	0.182707
1941	-12.2706	-14.1099	0.841171	0.158829	0.21045
1942	-9.31487	-11.5137	0.883555	0.116445	0.170668
1943	-23.1686	-19.5539	0.0221612	0.977839	0.979199
1944	-47.3697	-32.234	2.24808e-07	1	1
1945	-26.0695	-19.6826	0.00141497	0.998585	0.998672
1946	-10.181	-11.8585	0.818347	0.181653	0.231873
1947	-5.46704	-7.12275	0.815082	0.184918	0.234938
1948	-10.9462	-10.1179	0.268822	0.731178	0.747675
1949	-26.3038	-27.9608	0.815274	0.184726	0.234758
1950	-70.0738	-49.5997	1.07984e-09	1	1
1951	-4.25058	-5.92077	0.817256	0.182744	0.232898
1952	-7.48152	-9.30671	0.839278	0.160722	0.212227
1953	-5.70092	-7.45334	0.829217	0.170783	0.221671
1954	-9.6877	-8.92283	0.281467	0.718533	0.735806
1955	-4.59446	-6.87884	0.89207	0.10793	0.162675
1956	-5.26782	-7.08764	0.838552	0.161448	0.212909
1957	-4.70978	-6.65105	0.854326	0.145674	0.198102
1958	-4.4596	-6.13717	0.818356	0.181644	0.231865
1959	-9.09304	-10.6435	0.798691	0.201309	0.250323
1960	-8.46012	-10.65	0.882623	0.117377	0.171542
1961	-4.69208	-6.8105	0.875021	0.124979	0.178678
1962	-4.48201	-6.82063	0.897182	0.102818	0.157876
1963	-4.79662	-6.59934	0.836223	0.163777	0.215094
1964	-18.8696	-20.6837	0.837776	0.162224	0.213637
1965	-12.7905	-11.6744	0.216116	0.783884	0.797147
1966	-12.5245	-12.0158	0.336034	0.663966	0.684588
1967	-12.9983	-14.8185	0.838597	0.161403	0.212866
1968	-9.85744	-9.04167	0.271289	0.728711	0.74536
1969	-4.31157	-6.64203	0.896426	0.103574	0.158586
1970	-13.4574	-12.5349	0.250711	0.749289	0.764675
1971	-17.578	-13.6611	0.0164761	0.983524	0.984535
1972	-4.20916	-6.90209	0.925573	0.0744267	0.131227
1973	-4.90367	-6.73925	0.840674	0.159326	0.210916
1974	-26.9393	-20.2201	0.00101539	0.998985	0.999047
1975	-7.4925	-9.31356	0.83872	0.16128	0.212751
1976	-24.222	-22.7299	0.159168	0.840832	0.8506
1977	-9.00845	-10.746	0.827109	0.172891	0.223649
1978	-5.65793	-6.9942	0.76205	0.23795	0.284716
1979	-15.732	-14.6897	0.228883	0.771117	0.785163
1980	-5.46704	-7.12275	0.815082	0.184918	0.234938
1981	-17.8918	-14.522	0.0281361	0.971864	0.973591
1982	-4.90367	-6.73925	0.840674	0.159326	0.210916
1983	-36.1897	-29.6849	0.00125785	0.998742	0.998819
1984	-4.80851	-6.88825	0.870728	0.129272	0.182707
1985	-5.46704	-7.12275	0.815082	0.184918	0.234938
1986	-22.3233	-16.1273	0.00171195	0.998288	0.998393
1987	-40.3203	-28.6706	7.3406e-06	0.999993	0.999993
1988	-33.1526	-32.1806	0.241534	0.758466	0.773288
1989	-11.7477	-10.6242	0.214871	0.785129	0.798315
1990	-21.8564	-21.0227	0.267744	0.732256	0.748687
1991	-4.71471	-6.86038	0.877969	0.122031	0.17591
1992	-9.85699	-11.54	0.819164	0.180836	0.231106
1993	-8.97888	-10.6635	0.819405	0.180595	0.230881
1994	-27.3315	-26.284	0.227963	0.772037	0.786027
1995	-57.4032	-41.5701	1.11931e-07	1	1
1996	-34.3605	-27.5895	0.000964136	0.999036	0.999095
1997	-28.7103	-22.5303	0.00173957	0.99826	0.998367
1998	-4.71471	-6.86038	0.877969	0.122031	0.17591
1999	-15.1388	-14.1556	0.23948	0.76052	0.775216
2000	-5.09734	-6.95882	0.844112	0.155888	0.207689
2001	-6.62906	-8.89835	0.890607	0.109393	0.164048
2002	-17.791	-16.8263	0.24287	0.75713	0.772034
2003	-35.8714	-29.4233	0.00133107	0.998669	0.998751
2004	-32.1332	-24.9072	0.000611871	0.999388	0.999426
2005	-30.1889	-24.0297	0.00177605	0.998224	0.998333
2006	-5.39789	-7.07372	0.818097	0.181903	0.232108
2007	-10.8221	-12.5143	0.820521	0.179479	0.229833
2008	-5.14767	-6.89053	0.827859	0.172141	0.222945
2009	-4.90367	-6.73925	0.840674	0.159326	0.210916
2010	-13.6442	-12.5827	0.225516	0.774484	0.788323
2011	-8.58577	-10.5909	0.86209	0.13791	0.190814
2012	-4.90367	-6.73925	0.840674	0.159326	0.210916
2013	-34.4305	-25.0809	7.32272e-05	0.999927	0.999931
2014	-4.69208	-6.8105	0.875021	0.124979	0.178678
2015	-11.7694	-14.0537	0.89206	0.10794	0.162684
2016	-4.58933	-6.27831	0.820046	0.179954	0.230279
2017	-13.0866	-12.2273	0.262764	0.737236	0.753361
2018	-4.25058	-5.92077	0.817256	0.182744	0.232898
2019	-5.83507	-7.52038	0.819502	0.180498	0.230789
2020	-13.034	-11.9076	0.214381	0.785619	0.798775
2021	-4.4596	-6.13717	0.818356	0.181644	0.231865
2022	-5.09734	-6.95882	0.844112	0.155888	0.207689
2023	-8.51985	-10.4435	0.852124	0.147876	0.200169
2024	-6.57266	-8.65804	0.871361	0.128639	0.182112
2025	-4.4596	-6.13717	0.818356	0.181644	0.231865
2026	-19.0646	-18.1067	0.244111	0.755889	0.770869
2027	-12.7502	-12.0643	0.297715	0.702285	0.720556
2028	-16.7885	-12.7222	0.0142221	0.985778	0.986651
2029	-4.42378	-6.70003	0.891284	0.108716	0.163413
2033	-4.69208	-6.8105	0.875021	0.124979	0.178678
2034	-45.0218	-35.6483	7.14877e-05	0.999929	0.999933
2035	-7.46418	-9.262	0.835551	0.164449	0.215725
2036	-5.09734	-6.95882	0.844112	0.155888	0.207689
2037	-7.25882	-9.20164	0.85452	0.14548	0.197921
2038	-24.8225	-21.3992	0.0267124	0.973288	0.974927
