Sites	Ll_YN98.omega=0.127233	Ll_YN98.omega=1	Pr_YN98.omega=0.127233	Pr_YN98.omega=1	mean
833	-14.3815	-14.2798	0.535101	0.464899	0.532982
965	-23.189	-20.1103	0.0553881	0.944612	0.951659
966	-15.874	-17.0339	0.802534	0.197466	0.299575
967	-13.0141	-9.57616	0.039331	0.960669	0.965673
968	-33.1357	-25.565	0.000656121	0.999344	0.999427
969	-11.3997	-9.70114	0.18904	0.81096	0.835012
970	-18.9817	-15.0666	0.024775	0.975225	0.978377
971	-11.3154	-9.70042	0.202187	0.797813	0.823538
972	-18.213	-15.1455	0.0559791	0.944021	0.951143
973	-14.624	-13.736	0.34397	0.65603	0.699795
974	-8.75029	-7.78573	0.326891	0.673109	0.7147
975	-20.7333	-19.5539	0.281486	0.718514	0.754328
976	-23.7594	-18.8262	0.009094	0.990906	0.992063
977	-12.5474	-9.56276	0.0605195	0.939481	0.947181
978	-29.0248	-22.495	0.00185593	0.998144	0.99838
979	-14.4095	-15.385	0.771682	0.228318	0.326501
980	-23.8778	-17.648	0.00250363	0.997496	0.997815
981	-20.1217	-17.1266	0.0599259	0.940074	0.947699
982	-4.93889	-6.06185	0.79661	0.20339	0.304745
983	-27.9096	-20.6343	0.000881453	0.999119	0.999231
984	-18.3964	-16.9234	0.226054	0.773946	0.802707
985	-20.3926	-17.2788	0.0535768	0.946423	0.95324
986	-36.5628	-34.6238	0.154904	0.845096	0.864805
987	-19.0473	-17.6515	0.239858	0.760142	0.79066
988	-20.2886	-16.7733	0.0365078	0.963492	0.968137
989	-31.7252	-24.8	0.0012505	0.99875	0.998909
990	-4.79591	-5.78675	0.774364	0.225636	0.324161
991	-7.82385	-7.00342	0.359359	0.640641	0.686363
992	-16.2643	-12.894	0.0419685	0.958032	0.963371
993	-7.96983	-9.15454	0.806432	0.193568	0.296173
994	-10.8345	-9.72664	0.296183	0.703817	0.741501
995	-23.6378	-20.381	0.0467726	0.953227	0.959178
998	-18.8985	-15.5332	0.0421672	0.957833	0.963198
999	-23.5425	-18.3516	0.00704305	0.992957	0.993853
1000	-21.3105	-15.5241	0.00389517	0.996105	0.9966
1001	-9.6466	-8.80789	0.355161	0.644839	0.690027
1002	-23.0578	-17.0483	0.00311876	0.996881	0.997278
1016	-25.9284	-21.7521	0.0191909	0.980809	0.983251
1017	-13.2439	-12.0254	0.273643	0.726357	0.761174
1018	-26.3287	-19.8762	0.00200467	0.997995	0.99825
1019	-20.0905	-14.7256	0.00592489	0.994075	0.994829
1020	-26.5093	-20.9077	0.00468173	0.995318	0.995914
1021	-16.7888	-13.7734	0.0587923	0.941208	0.948688
1022	-19.9591	-18.535	0.234728	0.765272	0.795137
1023	-10.0757	-8.88704	0.279621	0.720379	0.755956
1024	-19.6326	-15.9513	0.0310985	0.968902	0.972858
1025	-11.3999	-10.4728	0.335196	0.664804	0.707452
1026	-28.3036	-21.2557	0.00110627	0.998894	0.999034
1027	-4.09365	-5.47541	0.835351	0.164649	0.270933
1028	-11.2397	-12.3486	0.79431	0.20569	0.306752
1029	-9.01407	-9.85213	0.746558	0.253442	0.348429
1030	-9.5798	-8.52073	0.306447	0.693553	0.732544
1031	-25.6961	-24.4727	0.272658	0.727342	0.762033
1032	-4.78804	-5.8678	0.789521	0.210479	0.310932
1033	-4.79591	-5.78675	0.774364	0.225636	0.324161
1034	-14.2234	-13.2093	0.316092	0.683908	0.724126
1035	-13.4239	-14.381	0.76842	0.23158	0.329348
1036	-6.33152	-7.55313	0.812127	0.187873	0.291202
1037	-7.20424	-8.11186	0.759492	0.240508	0.33714
1038	-7.49435	-8.34472	0.748882	0.251118	0.346401
1039	-4.79873	-5.80685	0.777368	0.222632	0.321539
1040	-16.4599	-16.6074	0.596212	0.403788	0.479646
1041	-4.7834	-5.54587	0.731991	0.268009	0.361142
1042	-3.98148	-5.25335	0.819676	0.180324	0.284614
1043	-22.4052	-21.4414	0.327079	0.672921	0.714536
1044	-10.7198	-9.67188	0.308823	0.691177	0.73047
1045	-13.3402	-12.2376	0.297284	0.702716	0.74054
1046	-11.9562	-10.6654	0.259518	0.740482	0.773502
1047	-4.32665	-5.52264	0.808186	0.191814	0.294642
1048	-12.6883	-11.3332	0.247345	0.752655	0.784125
1049	-4.80486	-5.51474	0.721551	0.278449	0.370254
1050	-9.22761	-10.2189	0.774441	0.225559	0.324094
1051	-10.0112	-8.7794	0.271013	0.728987	0.763469
1052	-4.68057	-5.90783	0.812986	0.187014	0.290453
1053	-32.1664	-26.0054	0.00268137	0.997319	0.99766
1054	-4.3227	-5.61058	0.822031	0.177969	0.282559
1055	-13.1872	-14.0931	0.759174	0.240826	0.337419
1056	-4.58052	-5.40626	0.74422	0.25578	0.35047
1057	-20.6529	-21.4649	0.7416	0.2584	0.352756
1058	-7.4857	-8.47661	0.774376	0.225624	0.32415
1059	-27.4292	-21.7924	0.00452069	0.995479	0.996054
1060	-6.8051	-7.78123	0.771784	0.228216	0.326413
1061	-19.1413	-14.0503	0.00777748	0.992223	0.993212
1062	-28.1037	-21.3864	0.00153912	0.998461	0.998657
1063	-19.1785	-16.1244	0.0566884	0.943312	0.950524
1064	-11.839	-10.5155	0.253264	0.746736	0.778959
1065	-14.0844	-14.8613	0.734823	0.265177	0.358671
1066	-29.1754	-25.1068	0.0213248	0.978675	0.981388
1067	-34.5646	-27.088	0.000720836	0.999279	0.999371
1068	-22.3891	-17.1946	0.00701868	0.992981	0.993874
1069	-16.007	-16.9535	0.766525	0.233475	0.331002
1070	-4.58052	-5.40626	0.74422	0.25578	0.35047
1071	-22.0323	-17.9683	0.0214228	0.978577	0.981303
1072	-4.72444	-5.65754	0.764117	0.235883	0.333104
1073	-31.9675	-26.9001	0.00796174	0.992038	0.993051
1074	-30.3675	-22.3652	0.000426279	0.999574	0.999628
1075	-12.3485	-13.0795	0.725769	0.274231	0.366573
1076	-19.6912	-16.4595	0.0479026	0.952097	0.958192
1077	-6.8051	-7.78123	0.771784	0.228216	0.326413
1078	-23.6905	-20.4847	0.0491009	0.950899	0.957146
1079	-8.27787	-9.07006	0.73778	0.26222	0.35609
1080	-6.75523	-7.40328	0.708957	0.291043	0.381246
1081	-18.4925	-15.353	0.0522904	0.94771	0.954363
1082	-4.58052	-5.40626	0.74422	0.25578	0.35047
1083	-11.0048	-9.54394	0.228185	0.771815	0.800847
1084	-16.3111	-12.9878	0.0438972	0.956103	0.961688
1085	-47.0982	-48.0196	0.761997	0.238003	0.334955
1086	-4.79591	-5.78675	0.774364	0.225636	0.324161
1087	-9.93441	-9.02456	0.339041	0.660959	0.704096
1088	-13.7379	-14.6211	0.755012	0.244988	0.34105
1089	-4.93889	-6.06185	0.79661	0.20339	0.304745
1090	-5.25236	-6.34211	0.791176	0.208824	0.309488
1091	-24.1146	-19.1457	0.0087781	0.991222	0.992339
1092	-5.34472	-6.189	0.747733	0.252267	0.347403
1093	-8.10808	-8.74201	0.706034	0.293966	0.383797
1094	-21.486	-20.2182	0.263963	0.736037	0.769622
1095	-12.6928	-11.0815	0.202781	0.797219	0.82302
1096	-25.2793	-19.8327	0.00546281	0.994537	0.995232
1097	-12.1824	-13.1273	0.766237	0.233763	0.331254
1098	-10.7534	-9.70259	0.308211	0.691789	0.731003
1099	-24.9644	-19.1246	0.00369303	0.996307	0.996777
1100	-13.9784	-12.8021	0.282103	0.717897	0.75379
1101	-25.1761	-21.4795	0.030641	0.969359	0.973258
1102	-4.80486	-5.51474	0.721551	0.278449	0.370254
1103	-10.3906	-11.3621	0.770968	0.229032	0.327124
1104	-19.0799	-14.1333	0.00897473	0.991025	0.992167
1105	-5.83454	-7.15591	0.826877	0.173123	0.278329
1106	-15.4244	-10.9614	0.0144763	0.985524	0.987366
1107	-26.7831	-21.1766	0.0046592	0.995341	0.995934
1108	-6.8051	-7.78123	0.771784	0.228216	0.326413
1109	-5.94234	-6.81644	0.753316	0.246684	0.34253
1110	-6.84393	-7.49318	0.709206	0.290794	0.381029
1111	-10.4027	-9.03071	0.244213	0.755787	0.786859
1112	-7.98118	-8.63387	0.709915	0.290085	0.38041
1113	-16.0108	-12.8135	0.0495006	0.950499	0.956798
1114	-16.3047	-12.8033	0.0369999	0.963	0.967708
1115	-15.465	-13.5094	0.152734	0.847266	0.866699
1116	-23.0411	-17.9763	0.00798191	0.992018	0.993034
1117	-19.5933	-15.6874	0.0249984	0.975002	0.978182
1118	-18.7839	-13.511	0.00649201	0.993508	0.994334
1119	-13.1478	-11.6893	0.228602	0.771398	0.800484
1120	-43.5705	-36.1419	0.000756296	0.999244	0.99934
1124	-12.4669	-13.377	0.759934	0.240066	0.336755
1125	-21.9202	-18.6766	0.0473676	0.952632	0.958659
1126	-13.985	-11.6024	0.105235	0.894765	0.908155
1127	-4.22573	-5.37187	0.80034	0.19966	0.30149
1128	-11.324	-9.70568	0.201646	0.798354	0.82401
1129	-25.5469	-20.3458	0.00697239	0.993028	0.993915
1130	-9.25617	-9.86899	0.701634	0.298366	0.387637
1131	-12.2544	-9.32318	0.0636261	0.936374	0.944469
1132	-17.3255	-14.2787	0.0570811	0.942919	0.950182
1133	-10.9159	-9.53144	0.241922	0.758078	0.788858
1134	-29.3794	-20.3469	0.000152192	0.999848	0.999867
1135	-10.6204	-11.5998	0.772349	0.227651	0.32592
1136	-15.0797	-11.3706	0.0302726	0.969727	0.973579
1137	-8.45106	-7.50739	0.331505	0.668495	0.710673
1138	-40.3772	-36.9792	0.0408671	0.959133	0.964333
1139	-23.9943	-19.7922	0.0187108	0.981289	0.98367
1140	-8.33457	-9.40189	0.787447	0.212553	0.312742
1141	-4.85662	-5.86638	0.777652	0.222348	0.321291
1142	-16.3511	-12.3923	0.023742	0.976258	0.979279
1143	-17.9086	-13.4611	0.0146986	0.985301	0.987172
1144	-4.93889	-6.06185	0.79661	0.20339	0.304745
1145	-13.1751	-12.1365	0.310812	0.689188	0.728734
1146	-7.70495	-8.59315	0.755927	0.244073	0.340252
1147	-22.834	-21.3844	0.230166	0.769834	0.799119
1148	-6.4499	-7.29171	0.747266	0.252734	0.347811
1149	-7.72204	-8.72279	0.776092	0.223908	0.322653
1150	-10.7956	-9.54759	0.267826	0.732174	0.766251
1151	-4.08788	-5.43245	0.830172	0.169828	0.275453
1152	-12.3545	-13.2964	0.765701	0.234299	0.331721
1153	-9.77778	-8.2772	0.221266	0.778734	0.806886
1154	-28.8866	-27.674	0.27482	0.72518	0.760146
1155	-6.44412	-7.57916	0.79856	0.20144	0.303043
1156	-7.28915	-8.31018	0.779596	0.220404	0.319595
1157	-10.5632	-11.7562	0.807709	0.192291	0.295059
1158	-7.5029	-8.49863	0.775217	0.224783	0.323417
1159	-11.1117	-9.94934	0.284931	0.715069	0.751321
1160	-14.8389	-10.6752	0.0194286	0.980571	0.983043
1161	-10.9266	-10.0951	0.356795	0.643205	0.688601
1162	-14.7737	-11.6135	0.0512732	0.948727	0.95525
1163	-6.73457	-7.68262	0.766799	0.233201	0.330763
1164	-12.6101	-13.4839	0.753262	0.246738	0.342578
1165	-15.2943	-16.144	0.748746	0.251254	0.346519
1166	-7.5029	-8.49863	0.775217	0.224783	0.323417
1167	-13.6897	-12.6851	0.318143	0.681857	0.722335
1168	-22.0962	-18.2464	0.0264013	0.973599	0.976958
1169	-27.4914	-21.7526	0.00408409	0.995916	0.996436
1170	-15.3371	-14.3041	0.31201	0.68799	0.727688
1183	-24.684	-19.1456	0.00498607	0.995014	0.995648
1184	-25.3583	-24.2412	0.294263	0.705737	0.743177
1185	-22.0957	-18.077	0.022393	0.977607	0.980456
1186	-30.6958	-25.6296	0.00797094	0.992029	0.993043
1198	-6.99556	-7.95261	0.768405	0.231595	0.329361
1199	-23.5776	-20.2015	0.0417344	0.958266	0.963576
1200	-5.85431	-6.68671	0.745486	0.254514	0.349365
1201	-6.9628	-8.1596	0.808312	0.191688	0.294532
1202	-12.2977	-10.3958	0.159821	0.840179	0.860514
1203	-8.5574	-9.62772	0.787948	0.212052	0.312306
1204	-7.92739	-8.88584	0.768656	0.231344	0.329143
1205	-6.48866	-7.568	0.78945	0.21055	0.310994
1206	-25.1043	-19.6602	0.00547626	0.994524	0.995221
1207	-4.93889	-6.06185	0.79661	0.20339	0.304745
1208	-20.0147	-21.0108	0.775274	0.224726	0.323366
1209	-4.55831	-5.5002	0.765697	0.234303	0.331725
1210	-7.94205	-8.80266	0.750801	0.249199	0.344726
1211	-5.87767	-6.83643	0.768708	0.231292	0.329097
1212	-7.09087	-8.09267	0.776273	0.223727	0.322495
1213	-15.1339	-11.8538	0.0457436	0.954256	0.960076
1214	-14.7173	-11.6599	0.0565106	0.943489	0.950679
1215	-27.3576	-21.2697	0.00288402	0.997116	0.997483
1216	-12.5888	-11.3875	0.277074	0.722926	0.758179
1217	-19.9597	-18.8756	0.301156	0.698844	0.737161
1218	-7.34574	-8.24103	0.757232	0.242768	0.339113
1219	-11.0539	-9.99955	0.307454	0.692546	0.731664
1220	-5.53237	-6.3323	0.739277	0.260723	0.354784
1221	-4.32665	-5.52264	0.808186	0.191814	0.294642
1222	-4.85662	-5.86638	0.777652	0.222348	0.321291
1223	-9.82955	-8.54349	0.26042	0.73958	0.772714
1224	-6.8051	-7.78123	0.771784	0.228216	0.326413
1225	-17.1311	-13.1392	0.0229871	0.977013	0.979938
1232	-12.1824	-10.3336	0.167079	0.832921	0.854179
1233	-11.6126	-12.5677	0.768069	0.231931	0.329655
1234	-4.78016	-5.82442	0.78356	0.21644	0.316135
1235	-36.5079	-28.4215	0.000391926	0.999608	0.999658
1236	-15.4085	-14.57	0.355211	0.644789	0.689983
1240	-29.8842	-30.8122	0.763182	0.236818	0.33392
1241	-13.1761	-9.84306	0.0434881	0.956512	0.962045
1242	-19.2519	-20.0779	0.744278	0.255722	0.350419
1243	-30.8934	-25.8154	0.00787862	0.992121	0.993124
1261	-4.36748	-5.49505	0.797356	0.202644	0.304094
1262	-20.9105	-17.2331	0.0312139	0.968786	0.972758
1263	-13.2674	-10.1866	0.0552785	0.944721	0.951755
1264	-4.14354	-5.66854	0.854119	0.145881	0.254553
1265	-3.9154	-4.48664	0.692859	0.307141	0.395296
1266	-4.43366	-4.84893	0.658709	0.341291	0.425101
1267	-4.47693	-4.85798	0.650975	0.349025	0.43185
1268	-20.6517	-17.2501	0.0407242	0.959276	0.964457
1269	-5.83488	-7.15707	0.826993	0.173007	0.278228
1270	-16.904	-12.7187	0.0190219	0.980978	0.983398
1271	-12.2939	-9.26847	0.0582412	0.941759	0.949169
1272	-4.22611	-5.37292	0.800447	0.199553	0.301397
1273	-26.3883	-24.521	0.164514	0.835486	0.856417
1274	-23.1445	-19.7126	0.0395614	0.960439	0.965472
1275	-11.8891	-10.0011	0.161701	0.838299	0.858873
1276	-28.9413	-22.2263	0.00154272	0.998457	0.998654
1280	-24.1083	-20.547	0.0349248	0.965075	0.969519
1281	-16.9408	-13.2153	0.0297948	0.970205	0.973996
1282	-13.0474	-9.87822	0.0508371	0.949163	0.955631
1283	-4.05274	-5.44136	0.836292	0.163708	0.270112
1284	-23.8657	-22.5256	0.250148	0.749852	0.781679
1285	-25.1475	-22.0315	0.0534655	0.946535	0.953337
1286	-4.3477	-5.37296	0.780322	0.219678	0.318961
1308	-7.96469	-7.25394	0.384978	0.615022	0.664004
1309	-16.2255	-12.6907	0.035829	0.964171	0.96873
1310	-25.548	-19.5537	0.00316641	0.996834	0.997236
1311	-5.13196	-6.23226	0.792913	0.207087	0.307972
1312	-11.1439	-10.2725	0.347726	0.652274	0.696516
1313	-3.9154	-4.48664	0.692859	0.307141	0.395296
1314	-23.2028	-20.48	0.0772362	0.922764	0.932591
1315	-28.4279	-27.3663	0.305912	0.694088	0.73301
1316	-8.70152	-9.30072	0.698777	0.301223	0.39013
1317	-17.2727	-13.2679	0.022698	0.977302	0.98019
1318	-4.02039	-5.27088	0.816493	0.183507	0.287392
1319	-31.5045	-23.8409	0.000597998	0.999402	0.999478
1326	-10.672	-11.69	0.779076	0.220924	0.320049
1327	-11.7291	-10.7186	0.316881	0.683119	0.723437
1328	-26.0027	-21.0431	0.00886012	0.99114	0.992267
1329	-28.2414	-25.2842	0.0620993	0.937901	0.945802
1330	-4.80491	-5.5152	0.721631	0.278369	0.370184
1331	-6.62847	-7.74863	0.796156	0.203844	0.305141
1332	-13.8805	-12.7975	0.30138	0.69862	0.736965
1333	-9.17563	-9.84906	0.714168	0.285832	0.376698
1334	-8.58825	-9.05295	0.669733	0.330267	0.41548
1335	-4.00513	-4.57291	0.692122	0.307878	0.395939
1336	-34.0199	-29.9024	0.0203295	0.97967	0.982257
1337	-7.08276	-8.34396	0.818093	0.181907	0.285996
1338	-9.63855	-10.3744	0.726743	0.273257	0.365723
1339	-4.73825	-5.00507	0.624595	0.375405	0.454874
1340	-16.2826	-14.6238	0.195208	0.804792	0.829629
1341	-13.7782	-12.9069	0.34773	0.65227	0.696513
1347	-13.1811	-14.2022	0.779612	0.220388	0.31958
1348	-3.98186	-5.25449	0.819787	0.180213	0.284517
1349	-9.5103	-8.58478	0.335538	0.664462	0.707154
1350	-4.02039	-5.27088	0.816493	0.183507	0.287392
1351	-5.90023	-6.92969	0.781041	0.218959	0.318334
1352	-19.1608	-15.0558	0.0205794	0.979421	0.982039
1353	-12.5282	-9.48541	0.0572968	0.942703	0.949993
1377	-9.2053	-8.78309	0.455138	0.544862	0.602771
1378	-14.7391	-14.1139	0.405419	0.594581	0.646164
1379	-10.9708	-11.8954	0.762588	0.237412	0.334438
1380	-5.03388	-6.17115	0.798919	0.201081	0.30273
1381	-5.05608	-6.1496	0.791798	0.208202	0.308945
1382	-4.84863	-6.04369	0.808042	0.191958	0.294768
1383	-4.86664	-6.1717	0.824529	0.175471	0.280379
1384	-9.45072	-10.18	0.725437	0.274563	0.366862
1385	-17.4996	-16.653	0.353368	0.646632	0.691593
1386	-14.5815	-13.5846	0.319812	0.680188	0.720878
1387	-13.6626	-13.1041	0.421594	0.578406	0.632046
1388	-4.41511	-5.85179	0.842765	0.157235	0.264462
1389	-18.5339	-17.2865	0.267927	0.732073	0.766162
1390	-8.57433	-7.86131	0.384442	0.615558	0.664472
1391	-4.11951	-5.67179	0.857485	0.142515	0.251615
1392	-11.0533	-10.3596	0.389009	0.610991	0.660486
1393	-22.7744	-17.3489	0.00557882	0.994421	0.995131
1394	-25.9943	-20.9816	0.00840596	0.991594	0.992664
1395	-26.2831	-20.4207	0.00361099	0.996389	0.996848
1396	-10.6978	-10.1467	0.423395	0.576605	0.630475
1397	-40.5133	-31.1174	0.000105822	0.999894	0.999908
1398	-47.633	-36.5795	2.01724e-05	0.99998	0.999982
1399	-14.0538	-13.0254	0.313009	0.686991	0.726816
1400	-23.5564	-18.6755	0.00957904	0.990421	0.99164
1401	-20.6654	-15.7558	0.00931016	0.99069	0.991874
1402	-17.675	-14.456	0.0484868	0.951513	0.957682
1403	-12.9916	-12.3264	0.395817	0.604183	0.654544
1404	-4.55039	-5.36913	0.742885	0.257115	0.351635
1405	-31.0722	-23.9859	0.0010647	0.998935	0.999071
1406	-11.3463	-10.3138	0.31211	0.68789	0.727601
1407	-5.02097	-6.40883	0.836189	0.163811	0.270202
1408	-14.2796	-13.7852	0.4373	0.5627	0.618339
1409	-65.0758	-51.4497	1.5399e-06	0.999998	0.999999
1410	-9.5544	-8.7628	0.366022	0.633978	0.680548
1411	-16.5269	-17.9903	0.846277	0.153723	0.261397
1412	-26.5303	-21.9307	0.0126506	0.987349	0.988959
1413	-11.7573	-10.3545	0.238571	0.761429	0.791784
1414	-10.3877	-11.3221	0.764362	0.235638	0.33289
1415	-15.5508	-14.8165	0.379425	0.620575	0.66885
1416	-26.1425	-21.3715	0.0106788	0.989321	0.99068
1417	-26.4681	-21.7876	0.0116797	0.98832	0.989806
1418	-9.17622	-8.7984	0.466168	0.533832	0.593144
1419	-24.7781	-19.5551	0.00682189	0.993178	0.994046
1420	-4.47092	-6.05781	0.861662	0.138338	0.24797
1421	-25.4755	-20.4654	0.00842766	0.991572	0.992645
1422	-29.6503	-24.617	0.00823556	0.991764	0.992812
1423	-31.9399	-25.5528	0.00213998	0.99786	0.998132
1424	-24.0791	-19.6927	0.0156085	0.984392	0.986377
1425	-17.0399	-18.3631	0.82714	0.17286	0.2781
1426	-51.4438	-46.4591	0.00864221	0.991358	0.992457
1427	-18.0674	-17.4574	0.409093	0.590907	0.642957
1428	-5.42045	-6.52002	0.792794	0.207206	0.308076
1429	-38.8801	-29.8506	0.000152636	0.999847	0.999867
1430	-22.7577	-20.4647	0.113983	0.886017	0.90052
1431	-48.6748	-35.1983	1.78836e-06	0.999998	0.999998
1432	-10.0854	-10.9167	0.745269	0.254731	0.349554
1433	-10.4221	-11.5232	0.793035	0.206965	0.307865
1434	-16.9886	-14.4973	0.0954344	0.904566	0.916708
1435	-47.9757	-34.7897	2.39106e-06	0.999998	0.999998
1436	-14.802	-16.0906	0.822133	0.177867	0.282469
1437	-26.7702	-25.9766	0.36555	0.63445	0.68096
1438	-12.8621	-12.1101	0.375266	0.624734	0.67248
1439	-51.1662	-38.1625	2.86924e-06	0.999997	0.999997
1440	-10.3487	-11.645	0.823253	0.176747	0.281492
1441	-18.9808	-18.2269	0.374815	0.625185	0.672874
1442	-29.6282	-24.9383	0.0115706	0.988429	0.989902
1443	-9.85701	-8.99088	0.348904	0.651096	0.695488
1444	-7.22637	-8.94592	0.876732	0.123268	0.234818
1445	-13.8888	-15.2429	0.831514	0.168486	0.274282
1446	-26.2262	-27.1438	0.761308	0.238692	0.335556
1447	-42.9515	-35.7372	0.000936901	0.999063	0.999182
1448	-34.4315	-27.5345	0.00128631	0.998714	0.998877
1449	-5.12185	-6.55133	0.84181	0.15819	0.265296
1450	-19.6075	-18.7792	0.357543	0.642457	0.687948
1451	-11.6181	-12.6474	0.781025	0.218975	0.318348
1452	-18.0984	-17.1266	0.325298	0.674702	0.71609
1453	-5.22372	-6.53628	0.825612	0.174388	0.279433
1454	-7.22637	-8.94592	0.876732	0.123268	0.234818
1455	-10.1321	-9.55022	0.415911	0.584089	0.637006
1456	-14.5446	-15.782	0.814517	0.185483	0.289117
1457	-21.3025	-18.4518	0.0685976	0.931402	0.94013
1458	-4.2241	-6.33201	0.912949	0.0870507	0.203208
1459	-36.3358	-31.8858	0.0146627	0.985337	0.987203
1460	-69.1613	-53.9741	3.23229e-07	1	1
1461	-30.373	-27.5019	0.0673042	0.932696	0.941259
1462	-35.9458	-28.5756	0.000801706	0.999198	0.9993
1463	-4.93013	-6.62326	0.873847	0.126153	0.237335
1464	-15.5051	-14.3781	0.292196	0.707804	0.744981
1465	-18.41	-13.7578	0.0120099	0.98799	0.989518
1466	-31.6492	-24.5497	0.00105074	0.998949	0.999083
1467	-23.8737	-22.7018	0.282988	0.717012	0.753017
1468	-19.6831	-20.9633	0.820902	0.179098	0.283544
1469	-16.3254	-13.5892	0.0762851	0.923715	0.933421
1470	-41.3116	-34.2849	0.00113003	0.99887	0.999014
1471	-7.91569	-9.54159	0.866247	0.133753	0.243969
1472	-25.2151	-22.459	0.0748964	0.925104	0.934633
1473	-29.7946	-22.4211	0.000799117	0.999201	0.999303
1474	-21.2298	-18.4316	0.072031	0.927969	0.937134
1475	-10.1357	-11.5272	0.836677	0.163323	0.269776
1476	-4.93549	-6.42549	0.849704	0.150296	0.258407
1477	-15.672	-12.6685	0.0594511	0.940549	0.948113
1478	-10.7883	-10.7581	0.552804	0.447196	0.517531
1479	-9.79747	-9.44586	0.472693	0.527307	0.587449
1480	-34.2331	-27.5906	0.00165841	0.998342	0.998553
1481	-30.5081	-25.4591	0.00810811	0.991892	0.992924
1482	-5.13005	-6.42808	0.823509	0.176491	0.281268
1483	-59.3284	-47.1984	6.87406e-06	0.999993	0.999994
1484	-27.7899	-21.6154	0.00264578	0.997354	0.997691
1485	-25.4604	-22.5969	0.0677852	0.932215	0.940839
1486	-18.8557	-19.6909	0.746023	0.253977	0.348896
1487	-32.7862	-28.2305	0.0132113	0.986789	0.98847
1488	-11.3011	-10.8192	0.440376	0.559624	0.615655
1489	-28.4372	-25.7152	0.0772902	0.92271	0.932544
1490	-4.84122	-5.80697	0.769951	0.230049	0.328013
1491	-5.02097	-6.40883	0.836189	0.163811	0.270202
1492	-16.7321	-13.8526	0.0667754	0.933225	0.941721
1493	-11.7003	-12.5888	0.75597	0.24403	0.340214
1494	-13.8688	-13.0341	0.356089	0.643911	0.689218
1495	-4.24268	-5.97692	0.878309	0.121691	0.233441
1496	-15.2211	-14.4175	0.363246	0.636754	0.682971
1497	-21.8126	-16.7811	0.00825016	0.99175	0.9928
1498	-12.5031	-11.5273	0.324442	0.675558	0.716838
1499	-43.3745	-34.5628	0.000189794	0.99981	0.999834
1500	-47.1916	-42.3973	0.0104359	0.989564	0.990892
1501	-19.5899	-20.4063	0.742442	0.257558	0.352022
1502	-15.6183	-14.769	0.352747	0.647253	0.692134
1503	-16.997	-18.1252	0.797456	0.202544	0.304007
1504	-4.2241	-6.33201	0.912949	0.0870507	0.203208
1505	-8.71454	-8.10055	0.408129	0.591871	0.643798
1506	-6.89513	-8.65556	0.881081	0.118919	0.231022
1507	-37.6773	-29.2867	0.000289132	0.999711	0.999748
1508	-31.8032	-33.0166	0.810863	0.189137	0.292306
1509	-69.4544	-56.1176	2.05636e-06	0.999998	0.999998
1510	-29.1533	-26.4236	0.076739	0.923261	0.933025
1511	-22.8066	-22.0149	0.365999	0.634001	0.680568
1512	-29.3762	-28.461	0.337835	0.662165	0.705149
1513	-25.1259	-25.984	0.750336	0.249664	0.345132
1514	-70.5401	-54.7855	1.83262e-07	1	1
1515	-48.6148	-37.4641	1.83047e-05	0.999982	0.999984
1516	-22.9054	-19.7465	0.0513373	0.948663	0.955194
1517	-26.6579	-21.8959	0.0107746	0.989225	0.990596
1518	-40.1256	-33.5302	0.00173827	0.998262	0.998483
1519	-60.8966	-49.3702	1.25708e-05	0.999987	0.999989
1520	-48.7353	-37.1772	1.21782e-05	0.999988	0.999989
1523	-32.3419	-25.2938	0.00110603	0.998894	0.999035
1524	-55.281	-40.4701	4.70891e-07	1	1
1525	-35.4227	-30.8272	0.0127022	0.987298	0.988914
1526	-31.262	-23.9918	0.000885944	0.999114	0.999227
1527	-30.0081	-23.3902	0.00169956	0.9983	0.998517
1528	-23.3626	-20.6717	0.0795352	0.920465	0.930584
1529	-16.5483	-16.1589	0.463291	0.536709	0.595655
1530	-9.23909	-10.5967	0.832003	0.167997	0.273855
1531	-6.93387	-8.13641	0.8092	0.1908	0.293757
1532	-27.0253	-25.8559	0.283528	0.716472	0.752547
1533	-20.251	-15.4211	0.0100748	0.989925	0.991207
1534	-14.0796	-13.4305	0.399687	0.600313	0.651166
1535	-25.5906	-22.9321	0.0819374	0.918063	0.928488
1536	-8.22989	-9.9248	0.874043	0.125957	0.237164
1537	-16.063	-13.5951	0.0974702	0.90253	0.914931
1538	-29.3007	-25.288	0.0225232	0.977477	0.980343
1539	-16.7086	-14.1805	0.092309	0.907691	0.919436
1540	-12.0321	-11.5178	0.432426	0.567574	0.622593
1541	-9.86064	-9.234	0.405075	0.594925	0.646464
1542	-4.93013	-6.62326	0.873847	0.126153	0.237335
1543	-10.8725	-10.1949	0.392864	0.607136	0.657122
1544	-46.7126	-37.514	0.000128905	0.999871	0.999887
1545	-38.0106	-33.0226	0.00861437	0.991386	0.992482
1546	-18.7637	-16.0942	0.0811235	0.918876	0.929198
1547	-36.3979	-29.1089	0.000869481	0.999131	0.999241
1548	-16.7513	-17.6412	0.756238	0.243762	0.33998
1549	-21.1963	-18.3445	0.0685259	0.931474	0.940193
1550	-4.24268	-5.97692	0.878309	0.121691	0.233441
1551	-26.2776	-21.9234	0.0161133	0.983887	0.985937
1552	-16.555	-13.9144	0.0833	0.9167	0.927299
1553	-5.12185	-6.55133	0.84181	0.15819	0.265296
1554	-34.0532	-25.1394	0.000171368	0.999829	0.99985
1555	-17.9029	-15.4708	0.100669	0.899331	0.912139
1556	-21.7324	-21.5005	0.502597	0.497403	0.56135
1557	-4.24268	-5.97692	0.878309	0.121691	0.233441
1558	-17.3376	-18.4571	0.796055	0.203945	0.30523
1559	-40.5595	-39.4641	0.298764	0.701236	0.739249
1560	-54.442	-41.3473	2.61966e-06	0.999997	0.999998
1561	-29.4581	-23.5802	0.00355583	0.996444	0.996897
1562	-18.1386	-18.4842	0.642865	0.357135	0.438929
1563	-21.3369	-18.8785	0.0983069	0.901693	0.914201
1564	-4.49227	-6.13246	0.867894	0.132106	0.242531
1565	-71.1283	-58.0154	2.57228e-06	0.999997	0.999998
1566	-72.2784	-52.4009	2.96832e-09	1	1
1567	-19.1724	-18.7545	0.456195	0.543805	0.601849
1568	-26.0399	-21.2093	0.0100678	0.989932	0.991213
1569	-58.8433	-46.2683	4.40496e-06	0.999996	0.999996
1570	-23.1586	-20.5604	0.0865954	0.913405	0.924422
1571	-41.3951	-33.9463	0.000741144	0.999259	0.999353
1573	-57.4174	-43.8857	1.69233e-06	0.999998	0.999999
1574	-58.7108	-47.6624	2.02741e-05	0.99998	0.999982
1575	-30.1813	-24.4539	0.00413118	0.995869	0.996394
1576	-20.1837	-16.2018	0.0232118	0.976788	0.979742
1577	-36.0187	-28.5417	0.000720597	0.999279	0.999371
1578	-44.0381	-32.9851	2.01825e-05	0.99998	0.999982
1579	-39.1655	-31.7699	0.00078164	0.999218	0.999318
1580	-59.6775	-47.9114	9.89156e-06	0.99999	0.999991
1581	-47.2854	-38.0933	0.000129743	0.99987	0.999887
1582	-22.6763	-17.4864	0.00705026	0.99295	0.993847
1583	-17.4262	-14.8278	0.0865798	0.91342	0.924436
1584	-39.5407	-32.6991	0.00135945	0.998641	0.998814
1585	-37.2674	-27.953	0.000114816	0.999885	0.9999
1586	-39.9728	-32.4951	0.00072008	0.99928	0.999372
1588	-35.586	-28.4041	0.000967747	0.999032	0.999155
1589	-11.5804	-10.7038	0.346527	0.653473	0.697563
1590	-28.3288	-25.3065	0.0584112	0.941589	0.949021
1591	-12.4411	-13.7527	0.825464	0.174536	0.279563
1592	-22.6945	-20.1164	0.0882008	0.911799	0.923021
1593	-17.6034	-14.7053	0.0656267	0.934373	0.942723
1594	-4.49227	-6.13246	0.867894	0.132106	0.242531
1595	-5.15994	-6.36265	0.809225	0.190775	0.293735
1596	-7.63878	-9.12442	0.849146	0.150854	0.258893
1597	-20.522	-17.5765	0.0627834	0.937217	0.945205
1598	-9.96594	-9.32103	0.400681	0.599319	0.650299
1599	-4.20583	-5.96791	0.881254	0.118746	0.230871
1600	-53.1365	-40.0399	2.61478e-06	0.999997	0.999998
1601	-25.3104	-24.0346	0.262406	0.737594	0.77098
1602	-23.7202	-24.721	0.776085	0.223915	0.322659
1603	-4.15663	-5.78197	0.866183	0.133817	0.244025
1604	-11.2131	-12.6741	0.845952	0.154048	0.261681
1605	-9.10637	-8.65057	0.446821	0.553179	0.610029
1606	-6.70292	-7.53403	0.74524	0.25476	0.349579
1607	-20.8757	-19.5882	0.260148	0.739852	0.772952
1608	-27.1524	-21.2735	0.00355206	0.996448	0.9969
1609	-19.6728	-18.6876	0.322369	0.677631	0.718647
1610	-6.15693	-7.74775	0.86213	0.13787	0.247561
1611	-25.3699	-22.3078	0.0562628	0.943737	0.950896
1612	-76.7551	-62.7767	1.08255e-06	0.999999	0.999999
1613	-51.3927	-43.669	0.000563107	0.999437	0.999509
1614	-8.45574	-9.97589	0.853514	0.146486	0.255082
1615	-14.612	-12.2758	0.10969	0.89031	0.904266
1616	-53.1999	-40.5577	4.11859e-06	0.999996	0.999996
1617	-51.5512	-40.0924	1.34493e-05	0.999987	0.999988
1618	-36.4962	-27.162	0.000112563	0.999887	0.999902
1619	-27.8652	-20.6561	0.000941686	0.999058	0.999178
1620	-88.9787	-65.6166	9.10372e-11	1	1
1621	-25.5255	-20.8285	0.0114898	0.98851	0.989972
1622	-32.8275	-28.0061	0.0101598	0.98984	0.991133
1623	-39.2233	-29.9953	0.000125166	0.999875	0.999891
1624	-35.5485	-28.0792	0.00072616	0.999274	0.999366
1625	-62.5006	-48.7407	1.34703e-06	0.999999	0.999999
1626	-61.9976	-48.6369	2.00795e-06	0.999998	0.999998
1627	-52.7754	-40.5401	6.18733e-06	0.999994	0.999995
1628	-37.3408	-28.473	0.000179427	0.999821	0.999843
1629	-42.2665	-34.2724	0.000429811	0.99957	0.999625
1630	-37.5035	-30.1009	0.00077615	0.999224	0.999323
1631	-29.8696	-24.339	0.00502514	0.994975	0.995614
1632	-23.8429	-20.6768	0.0509849	0.949015	0.955502
1633	-44.005	-33.2798	2.80097e-05	0.999972	0.999976
1634	-43.3884	-35.8969	0.000710239	0.99929	0.99938
1635	-37.9129	-30.9583	0.00121436	0.998786	0.99894
1636	-4.24268	-5.97692	0.878309	0.121691	0.233441
1637	-38.9161	-34.5995	0.0167198	0.98328	0.985408
1638	-29.9178	-26.8289	0.0548547	0.945145	0.952125
1641	-23.7952	-22.3402	0.229219	0.770781	0.799945
1642	-44.1472	-33.9408	4.70597e-05	0.999953	0.999959
1643	-11.1946	-12.2639	0.787777	0.212223	0.312455
1644	-41.5723	-34.3947	0.000971863	0.999028	0.999152
1645	-14.3027	-13.8307	0.442814	0.557186	0.613526
1646	-48.9152	-37.548	1.47404e-05	0.999985	0.999987
1647	-17.7275	-16.7368	0.321167	0.678833	0.719696
1648	-48.4469	-39.4713	0.000161105	0.999839	0.999859
1649	-5.23953	-6.43984	0.808854	0.191146	0.294059
1650	-20.5282	-17.9428	0.0876171	0.912383	0.923531
1651	-23.4797	-22.522	0.328391	0.671609	0.713391
1652	-17.0402	-14.6835	0.107702	0.892298	0.906001
1653	-46.6079	-37.5736	0.000151911	0.999848	0.999867
1654	-17.7703	-18.6364	0.751817	0.248183	0.343839
1655	-11.7795	-10.3736	0.238017	0.761983	0.792267
1656	-12.9324	-12.4915	0.450513	0.549487	0.606807
1657	-4.288	-6.14377	0.890714	0.109286	0.222615
1658	-8.9388	-8.25404	0.39115	0.60885	0.658617
1659	-13.9627	-14.8282	0.751706	0.248294	0.343936
1660	-14.0424	-11.393	0.0826336	0.917366	0.92788
1661	-20.7589	-17.7392	0.058554	0.941446	0.948896
1662	-13.3285	-14.2361	0.759485	0.240515	0.337147
1663	-10.8312	-12.4912	0.870144	0.129856	0.240568
1664	-16.3394	-15.528	0.361442	0.638558	0.684546
1665	-32.2229	-25.2425	0.00118341	0.998817	0.998967
1666	-12.2697	-11.7644	0.43462	0.56538	0.620678
1667	-36.6613	-31.7997	0.00976303	0.990237	0.991479
1668	-34.2121	-26.6211	0.000643025	0.999357	0.999439
1669	-14.8843	-14.4333	0.447994	0.552006	0.609006
1670	-22.357	-20.7883	0.209763	0.790237	0.816925
1671	-57.3288	-46.0581	1.62333e-05	0.999984	0.999986
1672	-9.05411	-10.7708	0.876425	0.123575	0.235085
1673	-38.381	-29.3736	0.000156059	0.999844	0.999864
1674	-20.4823	-21.112	0.705145	0.294855	0.384573
1675	-25.8574	-20.2372	0.00459608	0.995404	0.995989
1676	-9.16213	-10.5711	0.839062	0.160938	0.267695
1677	-24.0766	-18.9664	0.00763052	0.992369	0.99334
1678	-4.49227	-6.13247	0.867895	0.132105	0.24253
1679	-21.4272	-16.738	0.011579	0.988421	0.989894
1680	-29.0643	-22.3993	0.00162164	0.998378	0.998585
1681	-4.24268	-5.97692	0.878309	0.121691	0.233441
1682	-9.40529	-10.9901	0.861419	0.138581	0.248182
1683	-92.7652	-75.1994	2.99569e-08	1	1
1684	-17.3505	-14.4341	0.0645167	0.935483	0.943692
1685	-24.8446	-23.8879	0.328624	0.671376	0.713188
1686	-69.7583	-56.7596	2.88375e-06	0.999997	0.999997
1687	-13.8312	-13.1409	0.389832	0.610168	0.659768
1688	-7.44273	-8.77322	0.828178	0.171822	0.277194
1689	-17.6792	-18.8984	0.811756	0.188244	0.291526
1690	-45.6158	-35.4327	4.8165e-05	0.999952	0.999958
1691	-31.5734	-24.4145	0.000990142	0.99901	0.999136
1692	-4.60578	-6.16309	0.858099	0.141901	0.25108
1693	-5.12185	-6.55133	0.841811	0.158189	0.265296
1694	-8.33379	-9.76828	0.842476	0.157524	0.264715
1695	-27.0299	-22.1292	0.00939243	0.990608	0.991803
1696	-4.93549	-6.42549	0.849704	0.150296	0.258407
1697	-29.3209	-22.4294	0.00129336	0.998707	0.998871
1698	-4.49227	-6.13247	0.867895	0.132105	0.24253
1699	-16.3858	-16.0357	0.47306	0.52694	0.587129
1700	-13.9311	-13.4173	0.432516	0.567484	0.622515
1701	-9.56475	-9.53813	0.553707	0.446293	0.516743
1702	-27.6829	-26.8103	0.347433	0.652567	0.696772
1703	-30.7689	-25.881	0.00951206	0.990488	0.991698
1704	-16.8994	-18.2049	0.824598	0.175402	0.280318
1705	-20.2646	-17.7938	0.0972233	0.902777	0.915147
1706	-11.523	-12.889	0.833184	0.166816	0.272824
1707	-25.4379	-22.6525	0.0728906	0.927109	0.936384
1708	-17.7999	-17.7867	0.557016	0.442984	0.513855
1709	-5.12185	-6.55133	0.841811	0.158189	0.265296
1710	-25.1262	-20.1457	0.00867827	0.991322	0.992426
1711	-7.08816	-8.4472	0.832202	0.167798	0.273682
1712	-9.65434	-10.9051	0.816532	0.183468	0.287358
1713	-8.85565	-8.52489	0.477894	0.522106	0.58291
1714	-36.5948	-29.8884	0.00155583	0.998444	0.998642
1715	-31.8708	-24.9002	0.00119516	0.998805	0.998957
1716	-16.7392	-15.7354	0.318317	0.681683	0.722184
1717	-23.5633	-19.9401	0.0328985	0.967101	0.971287
1718	-4.2241	-6.33201	0.912949	0.0870507	0.203208
1719	-4.84122	-5.80697	0.769951	0.230049	0.328013
1720	-4.49227	-6.13247	0.867895	0.132105	0.24253
1721	-8.74286	-9.98259	0.814875	0.185125	0.288804
1722	-23.0382	-22.1403	0.341723	0.658277	0.701755
1723	-32.7843	-24.0976	0.000215036	0.999785	0.999812
1724	-10.2318	-9.41367	0.359893	0.640107	0.685897
1725	-4.23342	-6.01028	0.882792	0.117208	0.229529
1726	-41.5183	-34.3221	0.000954002	0.999046	0.999167
1727	-13.3853	-12.8762	0.433693	0.566307	0.621487
1728	-17.7132	-17.2287	0.439737	0.560263	0.616212
1729	-11.9359	-13.5887	0.869333	0.130667	0.241275
1730	-31.5899	-30.2564	0.25139	0.74861	0.780595
1731	-23.571	-24.8631	0.822651	0.177349	0.282017
1732	-8.33379	-9.76828	0.842476	0.157524	0.264715
1733	-15.7209	-14.9115	0.361899	0.638101	0.684147
1734	-4.49227	-6.13247	0.867895	0.132105	0.24253
1735	-17.3661	-18.6774	0.825428	0.174572	0.279594
1736	-51.9572	-43.1895	0.000198325	0.999802	0.999827
1737	-39.4653	-40.3094	0.74771	0.25229	0.347424
1738	-4.93549	-6.42549	0.849704	0.150296	0.258407
1739	-11.1045	-12.4776	0.834164	0.165836	0.27197
1740	-10.1155	-11.2815	0.803493	0.196507	0.298738
1741	-5.74906	-6.84253	0.791791	0.208209	0.308951
1742	-8.91402	-9.7734	0.75057	0.24943	0.344928
1743	-5.12185	-6.55133	0.841811	0.158189	0.265296
1744	-12.6986	-12.5559	0.524853	0.475147	0.541926
1745	-25.4774	-20.4084	0.00794848	0.992052	0.993063
1746	-10.9972	-10.8378	0.520705	0.479295	0.545546
1747	-26.8984	-24.1454	0.0751109	0.924889	0.934446
1748	-10.017	-11.2101	0.807737	0.192263	0.295034
1749	-7.82973	-9.5269	0.874292	0.125708	0.236947
1750	-29.0271	-25.9324	0.0545578	0.945442	0.952384
1751	-5.14769	-6.39586	0.816145	0.183855	0.287696
1752	-5.12185	-6.55133	0.841811	0.158189	0.265296
1753	-5.22372	-6.53629	0.825612	0.174388	0.279433
1754	-5.56286	-6.37783	0.742165	0.257835	0.352263
1755	-8.03571	-9.40837	0.834096	0.165904	0.272028
1756	-18.6504	-19.4667	0.742431	0.257569	0.352031
1757	-9.28526	-8.62515	0.397036	0.602964	0.65348
1758	-14.2317	-15.8542	0.86585	0.13415	0.244315
1759	-9.05411	-10.7708	0.876425	0.123575	0.235085
1760	-4.78733	-6.08323	0.8232	0.1768	0.281538
1761	-10.9204	-11.7738	0.749457	0.250543	0.345899
1762	-22.7848	-18.0442	0.0110051	0.988995	0.990395
1763	-28.1827	-25.3024	0.0667274	0.933273	0.941763
1764	-35.127	-28.93	0.00258704	0.997413	0.997742
1765	-11.3797	-12.6918	0.825534	0.174466	0.279501
1766	-4.98362	-6.0402	0.785643	0.214357	0.314317
1767	-22.3498	-23.2643	0.760754	0.239246	0.336039
1768	-4.24268	-5.97692	0.878309	0.121691	0.233441
1769	-14.008	-15.706	0.874384	0.125616	0.236867
1770	-10.0183	-10.9533	0.764451	0.235549	0.332813
1771	-4.23342	-6.01028	0.882792	0.117208	0.229529
1772	-10.6321	-10.3068	0.479263	0.520737	0.581715
1773	-5.42045	-6.52002	0.792794	0.207206	0.308075
1774	-4.81018	-6.52845	0.876593	0.123407	0.234939
1775	-5.14769	-6.39586	0.816145	0.183855	0.287696
1776	-74.0653	-62.5587	1.28224e-05	0.999987	0.999989
1777	-28.9561	-23.738	0.00685546	0.993145	0.994017
1778	-7.44273	-8.77322	0.828178	0.171822	0.277194
1779	-17.5511	-15.0348	0.0932965	0.906703	0.918574
1780	-22.9888	-20.2319	0.0748365	0.925163	0.934685
1781	-16.5645	-17.5058	0.765585	0.234415	0.331823
1782	-7.57299	-8.81513	0.815238	0.184762	0.288487
1783	-34.6931	-27.1826	0.000696856	0.999303	0.999392
1784	-20.3645	-17.4658	0.0655948	0.934405	0.942751
1785	-7.39458	-8.26043	0.751782	0.248218	0.34387
1786	-19.2747	-17.0124	0.117123	0.882877	0.897779
1787	-30.4678	-25.9573	0.0138129	0.986187	0.987945
1788	-29.6377	-24.8484	0.010488	0.989512	0.990846
1789	-40.6869	-35.6275	0.00802496	0.991975	0.992996
1790	-14.2869	-11.9941	0.113999	0.886001	0.900505
1791	-10.8604	-10.4146	0.449298	0.550702	0.607868
1792	-13.1043	-12.5246	0.41642	0.58358	0.636563
1793	-33.6137	-26.7417	0.00131878	0.998681	0.998849
1794	-19.1583	-18.5909	0.419421	0.580579	0.633944
1795	-40.7485	-35.7413	0.00845084	0.991549	0.992624
1796	-24.9592	-20.1887	0.0106849	0.989315	0.990675
1797	-24.4511	-18.9751	0.00530546	0.994695	0.99537
1798	-20.7574	-18.1576	0.086474	0.913526	0.924528
1799	-73.6544	-56.3144	3.7547e-08	1	1
1800	-4.49227	-6.13247	0.867895	0.132105	0.24253
1801	-14.8377	-12.0722	0.0742478	0.925752	0.935199
1802	-27.9252	-25.397	0.0922997	0.9077	0.919444
1803	-34.8545	-34.411	0.449873	0.550127	0.607366
1804	-4.84122	-5.80697	0.769951	0.230049	0.328013
1805	-15.5792	-15.1481	0.452951	0.547049	0.604679
1806	-23.1738	-17.4801	0.00427196	0.995728	0.996272
1807	-32.0052	-25.5297	0.00195926	0.998041	0.99829
1808	-21.1221	-18.809	0.111961	0.888039	0.902284
1809	-47.6811	-40.7922	0.00129674	0.998703	0.998868
1810	-19.6315	-19.1733	0.446217	0.553783	0.610557
1811	-13.2093	-14.1403	0.763752	0.236248	0.333422
1812	-22.3549	-17.6725	0.0116571	0.988343	0.989826
1813	-13.888	-13.0919	0.364983	0.635017	0.681455
1814	-25.0804	-20.7519	0.0165248	0.983475	0.985578
1815	-7.44273	-8.77322	0.828178	0.171822	0.277194
1816	-32.381	-25.5376	0.00135688	0.998643	0.998816
1817	-68.3294	-52.935	2.62735e-07	1	1
1818	-13.9769	-13.7357	0.500266	0.499734	0.563384
1819	-30.2218	-24.8926	0.00613886	0.993861	0.994642
1820	-11.3241	-12.5775	0.816931	0.183069	0.28701
1821	-16.981	-13.9567	0.0583073	0.941693	0.949111
1822	-11.5849	-12.7646	0.805639	0.194361	0.296865
1823	-27.4659	-24.6232	0.0691094	0.930891	0.939684
1824	-10.0535	-11.747	0.873894	0.126106	0.237294
1825	-4.60977	-6.20234	0.862338	0.137662	0.24738
1826	-21.0961	-16.5671	0.0135643	0.986436	0.988162
1827	-4.93094	-6.55536	0.866075	0.133925	0.244118
1828	-18.4276	-17.6845	0.377343	0.622657	0.670668
1829	-16.5678	-13.8563	0.078044	0.921956	0.931886
1830	-8.95767	-10.2486	0.822472	0.177528	0.282174
1831	-19.8098	-17.2783	0.0920221	0.907978	0.919686
1832	-9.63168	-8.92121	0.385046	0.614954	0.663945
1833	-24.4595	-21.6357	0.0703361	0.929664	0.938613
1834	-15.0563	-14.8311	0.504278	0.495722	0.559883
1835	-4.99536	-6.15614	0.80267	0.19733	0.299456
1836	-17.2483	-16.7233	0.429785	0.570215	0.624898
1837	-8.59599	-10.029	0.842283	0.157717	0.264883
1838	-24.5236	-26.2498	0.877442	0.122558	0.234198
1839	-24.8239	-19.9068	0.00924155	0.990758	0.991934
1840	-5.13005	-6.42807	0.823509	0.176491	0.281268
1841	-17.4712	-18.9142	0.843611	0.156389	0.263724
1842	-23.1927	-24.8091	0.865136	0.134864	0.244938
1843	-54.1164	-42.9839	1.86387e-05	0.999981	0.999984
1844	-18.3423	-17.6752	0.395352	0.604648	0.65495
1845	-4.20174	-5.57164	0.833713	0.166287	0.272363
1846	-6.24415	-7.86973	0.86621	0.13379	0.244
1847	-4.24268	-5.97692	0.878309	0.121691	0.233441
1848	-4.49227	-6.13246	0.867895	0.132105	0.24253
1849	-11.2374	-10.2782	0.32806	0.67194	0.71368
1850	-4.87412	-6.44333	0.859541	0.140459	0.249821
1851	-5.01333	-6.38675	0.834201	0.165799	0.271937
1852	-4.49227	-6.13246	0.867895	0.132105	0.24253
1853	-13.4268	-14.7739	0.830527	0.169473	0.275144
1854	-23.9354	-19.3372	0.0126684	0.987332	0.988943
1855	-34.175	-29.3298	0.00992333	0.990077	0.991339
1856	-34.4464	-31.771	0.0806792	0.919321	0.929586
1857	-34.131	-29.4478	0.0116477	0.988352	0.989834
1858	-33.8836	-29.2118	0.0117797	0.98822	0.989719
1859	-23.524	-20.1115	0.040301	0.959699	0.964827
1860	-7.14923	-8.83922	0.8735	0.1265	0.237638
1861	-17.4478	-16.5437	0.340333	0.659667	0.702968
1862	-23.4069	-17.9934	0.00564571	0.994354	0.995073
1863	-38.4062	-29.1429	0.000120827	0.999879	0.999895
1864	-9.81574	-11.2537	0.842941	0.157059	0.264309
1865	-41.3603	-32.4032	0.000164115	0.999836	0.999857
1866	-22.8472	-24.0697	0.812258	0.187742	0.291088
1867	-30.1278	-25.6587	0.014388	0.985612	0.987443
1868	-10.4484	-10.0664	0.465124	0.534876	0.594055
1869	-7.39458	-8.26043	0.751781	0.248219	0.34387
1870	-14.6028	-12.211	0.104375	0.895625	0.908905
1871	-24.2213	-20.2385	0.0231913	0.976809	0.979759
1872	-25.2133	-24.4775	0.379053	0.620947	0.669175
1873	-28.2844	-23.9113	0.0158155	0.984185	0.986197
1874	-14.7648	-12.0888	0.0806361	0.919364	0.929623
1875	-19.3825	-20.7556	0.834159	0.165841	0.271974
1876	-18.1376	-15.8794	0.117544	0.882456	0.897411
1877	-7.89516	-9.31979	0.841163	0.158837	0.265861
1878	-19.6604	-17.3843	0.115698	0.884302	0.899023
1879	-12.6317	-13.9912	0.832254	0.167746	0.273636
1880	-8.7245	-10.3833	0.870017	0.129983	0.240678
1881	-4.84122	-5.80697	0.769951	0.230049	0.328013
1882	-19.0202	-16.6265	0.1042	0.8958	0.909058
1883	-34.7197	-29.7259	0.00856417	0.991436	0.992525
1884	-4.49227	-6.13246	0.867895	0.132105	0.24253
1885	-4.24268	-5.97692	0.878309	0.121691	0.233441
1886	-35.9427	-28.9298	0.00114565	0.998854	0.999
1892	-10.2893	-10.1315	0.521111	0.478889	0.545191
1893	-10.2535	-9.30322	0.330033	0.669967	0.711958
1894	-68.2155	-51.8269	9.72227e-08	1	1
1895	-4.20174	-5.57164	0.833713	0.166287	0.272363
1896	-34.208	-27.5144	0.00157602	0.998424	0.998625
1897	-33.1056	-26.0737	0.00112407	0.998876	0.999019
1898	-35.1781	-26.2657	0.00017161	0.999828	0.99985
1899	-9.16435	-10.4	0.814257	0.185743	0.289344
1900	-57.8013	-42.5724	3.10052e-07	1	1
1901	-25.3652	-19.0266	0.00224593	0.997754	0.99804
1902	-19.1006	-18.0879	0.316388	0.683612	0.723867
1903	-9.57942	-11.3547	0.88263	0.11737	0.22967
1904	-7.47536	-8.63284	0.802145	0.197855	0.299914
1905	-7.05091	-8.36055	0.825191	0.174809	0.279801
1906	-8.49779	-10.3673	0.892044	0.107956	0.221454
1907	-31.996	-25.7007	0.00234515	0.997655	0.997953
1908	-11.9674	-11.8047	0.519872	0.480128	0.546273
1909	-7.69092	-9.31409	0.865931	0.134069	0.244245
1910	-4.84116	-5.80651	0.76988	0.23012	0.328075
1911	-21.1736	-16.4245	0.0109132	0.989087	0.990475
1912	-18.7767	-20.1405	0.832867	0.167133	0.273101
1913	-10.3719	-11.8124	0.843278	0.156722	0.264015
1914	-33.2116	-28.5298	0.0116635	0.988337	0.989821
1915	-14.8773	-14.5289	0.473495	0.526505	0.586749
1916	-22.2776	-23.1795	0.758442	0.241558	0.338057
1917	-38.4137	-34.895	0.0363912	0.963609	0.968239
1918	-14.7886	-15.6629	0.753347	0.246653	0.342504
1919	-22.8614	-20.4543	0.102954	0.897046	0.910145
1920	-4.24234	-5.97584	0.878231	0.121769	0.233509
1921	-4.60937	-6.20126	0.862258	0.137742	0.24745
1922	-4.23304	-6.00914	0.882714	0.117286	0.229597
1923	-18.0243	-15.611	0.102383	0.897617	0.910644
1924	-8.33351	-9.76741	0.842397	0.157603	0.264784
1925	-13.3359	-14.5264	0.807336	0.192664	0.295384
1926	-48.6564	-39.4076	0.000122599	0.999877	0.999893
1927	-12.0174	-13.6544	0.867535	0.132465	0.242845
1928	-4.78697	-6.08233	0.823121	0.176879	0.281607
1929	-5.0297	-6.47417	0.843796	0.156204	0.263563
1930	-11.5377	-10.8039	0.379551	0.620449	0.668741
1931	-31.6234	-24.4981	0.00102406	0.998976	0.999106
1932	-11.7783	-13.5049	0.877487	0.122513	0.234158
1933	-7.17631	-8.70249	0.854265	0.145735	0.254426
1934	-29.94	-24.2128	0.00413197	0.995868	0.996394
1935	-27.4106	-24.8125	0.0866101	0.91339	0.92441
1936	-55.8435	-44.6007	1.66916e-05	0.999983	0.999985
1937	-8.4949	-8.09382	0.460384	0.539616	0.598192
1938	-17.7495	-15.0944	0.0822018	0.917798	0.928257
1939	-12.1573	-11.0963	0.306033	0.693967	0.732904
1940	-24.305	-19.3883	0.0092441	0.990756	0.991932
1941	-27.9643	-21.4658	0.00191484	0.998085	0.998329
1942	-22.6665	-18.4597	0.0186241	0.981376	0.983746
1943	-24.7932	-18.1966	0.00173626	0.998264	0.998485
1944	-14.9312	-14.7444	0.513882	0.486118	0.551501
1945	-39.5205	-33.8633	0.00442967	0.99557	0.996134
1946	-4.49201	-6.13152	0.867816	0.132184	0.242599
1947	-28.7076	-25.1185	0.0339967	0.966003	0.970329
1948	-19.6687	-19.0661	0.410874	0.589126	0.641403
1949	-16.6212	-13.7085	0.0647415	0.935259	0.943496
1950	-19.6493	-17.2135	0.100336	0.899664	0.91243
1951	-28.8952	-24.12	0.0106354	0.989365	0.990718
1952	-35.393	-26.1795	0.000126994	0.999873	0.999889
1953	-23.8082	-19.8304	0.0233042	0.976696	0.979661
1954	-4.24234	-5.97584	0.878231	0.121769	0.233509
1955	-19.7025	-17.1381	0.0893078	0.910692	0.922055
1956	-20.041	-19.7151	0.4791	0.5209	0.581858
1957	-25.3724	-20.3985	0.00873472	0.991265	0.992377
1958	-48.6253	-37.2799	1.50654e-05	0.999985	0.999987
1959	-22.162	-19.5845	0.0882499	0.91175	0.922978
1960	-13.691	-12.7384	0.329533	0.670467	0.712395
1961	-48.1845	-36.8298	1.49263e-05	0.999985	0.999987
1962	-32.1331	-33.5445	0.839394	0.160606	0.267405
1963	-4.93525	-6.42463	0.849624	0.150376	0.258476
1964	-30.5925	-25.3474	0.0066745	0.993325	0.994175
1965	-59.0382	-46.371	4.0174e-06	0.999996	0.999996
1966	-36.2361	-33.513	0.0772132	0.922787	0.932611
1967	-17.9582	-18.9432	0.773341	0.226659	0.325054
1968	-40.5378	-33.1928	0.000822175	0.999178	0.999282
1969	-11.1023	-12.2466	0.800045	0.199955	0.301748
1970	-8.74255	-9.98176	0.814797	0.185203	0.288872
1971	-18.5227	-18.1339	0.463426	0.536574	0.595537
1972	-7.52925	-8.89116	0.832604	0.167396	0.273331
1973	-9.70276	-10.9921	0.822246	0.177754	0.282371
1974	-20.6886	-22.1247	0.842694	0.157306	0.264525
1975	-4.22397	-6.331	0.912879	0.0871213	0.20327
1976	-10.3289	-9.99419	0.476918	0.523082	0.583762
1977	-26.7155	-24.1295	0.0875636	0.912436	0.923577
1978	-31.1526	-28.9029	0.11843	0.88157	0.896638
1979	-10.9293	-12.5547	0.866187	0.133813	0.24402
1980	-8.8553	-8.52381	0.477711	0.522289	0.58307
1981	-20.3587	-21.7247	0.833166	0.166834	0.272841
1982	-4.78697	-6.08233	0.823121	0.176879	0.281607
1983	-12.9943	-12.1837	0.361613	0.638387	0.684397
1984	-25.0047	-20.2411	0.0107578	0.989242	0.990611
1985	-5.57525	-6.73255	0.802117	0.197883	0.299938
1986	-7.88866	-9.26808	0.83503	0.16497	0.271214
1987	-16.7161	-16.3461	0.468112	0.531888	0.591447
1988	-10.354	-9.93621	0.456229	0.543771	0.601818
1989	-38.5571	-31.9013	0.00163667	0.998363	0.998572
1990	-4.8738	-6.44234	0.859461	0.140539	0.249891
1991	-13.0912	-14.4529	0.83257	0.16743	0.273361
1992	-4.49201	-6.13152	0.867816	0.132184	0.242599
1995	-26.339	-21.0429	0.00634396	0.993656	0.994463
