Sites	Ll_YN98.omega=0.0242979	Ll_YN98.omega=0.195845	Ll_YN98.omega=0.569147	Ll_YN98.omega=0.923364	Ll_YN98.omega=2.01244	Pr_YN98.omega=0.0242979	Pr_YN98.omega=0.195845	Pr_YN98.omega=0.569147	Pr_YN98.omega=0.923364	Pr_YN98.omega=2.01244	mean
833	-15.828	-14.1208	-13.8693	-14.1444	-15.5994	0.0515722	0.284359	0.365664	0.277719	0.0206854	0.563124
965	-26.4952	-22.5263	-20.8296	-20.2645	-19.8717	0.000916609	0.0485118	0.264692	0.465734	0.220146	1.03324
966	-15.7757	-16.0078	-16.4966	-16.9398	-18.1806	0.381643	0.302599	0.185605	0.119159	0.0109954	0.306326
967	-16.3065	-12.2634	-10.4127	-9.71092	-8.95298	0.000605718	0.0345259	0.219734	0.443281	0.301853	1.14861
968	-39.8805	-31.6662	-27.6814	-26.005	-23.6473	2.06424e-07	0.000762338	0.0409982	0.219174	0.739065	1.71318
969	-13.0995	-11.042	-10.0917	-9.76405	-9.6134	0.0147975	0.115809	0.299519	0.415662	0.154212	0.88766
970	-22.481	-18.2356	-16.125	-15.2877	-14.36	0.000327777	0.0228742	0.188774	0.436123	0.351901	1.22281
971	-13.0592	-10.9533	-10.0101	-9.74769	-9.88145	0.0152924	0.12562	0.322596	0.419407	0.117084	0.831468
972	-21.5179	-17.5493	-15.8547	-15.2936	-14.9263	0.000926405	0.0490155	0.266874	0.467693	0.21549	1.02702
973	-16.2483	-14.3998	-13.8311	-13.7936	-14.2334	0.0306746	0.194785	0.343992	0.357132	0.0734163	0.712183
974	-10.3125	-8.43849	-7.82743	-7.76591	-8.22058	0.0286835	0.186847	0.344241	0.366085	0.0741432	0.720452
975	-22.3755	-20.4618	-19.764	-19.6201	-19.8223	0.0242571	0.164419	0.330361	0.381507	0.0994555	0.773232
976	-28.6537	-22.6392	-19.963	-18.9935	-18.0442	2.85969e-05	0.0117053	0.170083	0.448428	0.369755	1.25727
977	-15.7688	-11.8153	-10.1549	-9.62774	-9.37258	0.00101713	0.0530053	0.278896	0.472479	0.194603	0.997034
978	-34.4245	-27.7956	-24.3309	-22.866	-20.9281	2.76594e-06	0.00209288	0.0669039	0.289491	0.641509	1.59679
979	-14.3317	-14.5256	-14.9361	-15.3116	-16.3812	0.358854	0.295624	0.196078	0.134694	0.0147499	0.332268
980	-29.0764	-22.6818	-19.3986	-17.9912	-16.0551	4.4252e-06	0.00264878	0.0706207	0.288522	0.638204	1.59147
981	-23.3807	-19.4311	-17.7717	-17.2364	-16.9018	0.00100031	0.0519321	0.272958	0.466207	0.207903	1.01442
982	-4.78981	-5.00981	-5.4787	-5.91041	-7.14991	0.375818	0.301601	0.18871	0.122548	0.0113226	0.311545
983	-33.6026	-26.5715	-22.7274	-21.0564	-18.776	8.25006e-07	0.000933287	0.0436013	0.231832	0.723633	1.69533
984	-20.0649	-18.096	-17.2769	-17.0166	-16.8589	0.0187381	0.134214	0.304467	0.395001	0.14758	0.861752
985	-23.6699	-19.6963	-17.9869	-17.4071	-16.9575	0.000880954	0.0468443	0.258846	0.462201	0.231228	1.04863
986	-38.427	-36.4358	-35.4532	-34.9539	-34.0569	0.0117166	0.0858122	0.229233	0.377674	0.295564	1.09109
987	-20.7451	-18.7857	-17.9943	-17.7688	-17.7614	0.0201311	0.142839	0.315173	0.394907	0.126949	0.827963
988	-23.6566	-19.6	-17.7188	-16.9874	-16.1339	0.000550682	0.0318193	0.208761	0.433843	0.325025	1.17975
989	-38.3723	-30.2822	-26.5659	-25.1403	-23.5116	6.23882e-07	0.00203505	0.0836695	0.348069	0.566226	1.50891
990	-4.65555	-4.85279	-5.27017	-5.65152	-6.73837	0.360886	0.296285	0.195184	0.133299	0.0143471	0.329839
991	-9.34213	-7.50057	-6.95454	-6.94812	-7.53688	0.0321628	0.202832	0.350164	0.352421	0.0624192	0.690828
992	-19.6014	-15.5739	-13.7536	-13.0766	-12.3715	0.000655347	0.0367802	0.227064	0.446862	0.288638	1.12993
993	-7.84534	-8.0777	-8.57249	-9.02737	-10.3278	0.38325	0.303788	0.185219	0.117527	0.0102168	0.303305
994	-12.4367	-10.5392	-9.87276	-9.75423	-10.0157	0.0257279	0.171579	0.334114	0.37616	0.0924195	0.757708
995	-26.9827	-22.9771	-21.2041	-20.5713	-20	0.000750857	0.0412228	0.242743	0.457043	0.25824	1.08796
998	-22.2363	-18.208	-16.3876	-15.7127	-15.0292	0.000659855	0.0370623	0.228832	0.449379	0.284067	1.12412
999	-28.465	-22.3982	-19.6123	-18.5446	-17.3323	2.01673e-05	0.00869847	0.141038	0.410223	0.44002	1.34627
1000	-26.4445	-20.1682	-17.0761	-15.8221	-14.3228	8.93309e-06	0.00475064	0.10462	0.366641	0.523979	1.45349
1001	-11.1642	-9.3255	-8.77748	-8.75878	-9.25297	0.0318403	0.200222	0.346349	0.352887	0.0687014	0.70121
1002	-28.2425	-21.913	-18.7222	-17.385	-15.6626	6.29432e-06	0.0035304	0.085821	0.326814	0.583829	1.52622
1016	-29.4441	-25.1828	-22.9811	-22.0319	-20.7314	0.000232072	0.0164536	0.148753	0.384321	0.45024	1.34884
1017	-14.8639	-12.9365	-12.2171	-12.0616	-12.2698	0.0234008	0.160798	0.330145	0.385708	0.0999476	0.777248
1018	-31.6637	-25.1105	-21.6899	-20.2341	-18.2959	3.14357e-06	0.00220513	0.06745	0.289218	0.641124	1.59609
1019	-25.0978	-18.9934	-16.1309	-14.9963	-13.6079	1.56605e-05	0.00701325	0.122772	0.381812	0.488387	1.40665
1020	-31.5418	-25.3855	-22.4205	-21.1999	-19.5978	1.11435e-05	0.0052563	0.101949	0.345518	0.547265	1.47943
1021	-20.0064	-16.0496	-14.3791	-13.8387	-13.5202	0.000982662	0.0513824	0.2731	0.468807	0.205728	1.01241
1022	-21.6421	-19.6846	-18.8879	-18.6451	-18.5114	0.0195614	0.138537	0.307293	0.391721	0.142887	0.851754
1023	-11.69	-9.77573	-9.07395	-8.92299	-9.08921	0.0239961	0.162738	0.328297	0.381792	0.103178	0.779475
1024	-23.0451	-18.8714	-16.8696	-16.1118	-15.3798	0.000443771	0.0288279	0.21338	0.455256	0.302092	1.15541
1025	-12.98	-11.1196	-10.5303	-10.4804	-10.9258	0.0296936	0.190822	0.343987	0.361583	0.0739146	0.716493
1026	-34.9307	-26.8558	-23.0959	-21.615	-19.7529	5.01504e-07	0.00161114	0.0691947	0.304223	0.624971	1.57832
1027	-3.90659	-4.18328	-4.76697	-5.29652	-6.7718	0.408402	0.309688	0.172755	0.10173	0.00742497	0.277773
1028	-11.1574	-11.393	-11.8713	-12.2839	-13.3504	0.378851	0.299323	0.185529	0.122807	0.0134901	0.313963
1029	-8.95737	-9.12328	-9.47363	-9.79279	-10.697	0.340878	0.288767	0.203419	0.147836	0.0190994	0.355554
1030	-11.1535	-9.26297	-8.61505	-8.51794	-8.86297	0.0267465	0.177145	0.338622	0.373155	0.0843323	0.742339
1031	-27.395	-25.4721	-24.7555	-24.5944	-24.7371	0.0233343	0.159634	0.326835	0.383964	0.106232	0.786172
1032	-4.64681	-4.85971	-5.3123	-5.72772	-6.91548	0.371119	0.299951	0.190762	0.125916	0.0122516	0.317255
1033	-4.65555	-4.85279	-5.27017	-5.65152	-6.73837	0.360886	0.296285	0.195184	0.133299	0.0143471	0.329839
1034	-15.8477	-13.9682	-13.34	-13.2564	-13.6158	0.0276626	0.181213	0.339636	0.369235	0.0822538	0.735933
1035	-13.3531	-13.5427	-13.9443	-14.3119	-15.3623	0.356238	0.294719	0.197229	0.13657	0.0152448	0.33541
1036	-6.19714	-6.44191	-6.95716	-7.42297	-8.71133	0.389124	0.304637	0.181976	0.114213	0.0100494	0.298372
1037	-7.10679	-7.28433	-7.66324	-8.01326	-9.03033	0.349512	0.292656	0.200355	0.141183	0.016294	0.342993
1038	-7.42263	-7.58957	-7.94503	-8.27212	-9.2126	0.342434	0.289787	0.203097	0.146436	0.0182456	0.352598
1039	-4.65673	-4.85518	-5.27742	-5.66568	-6.78198	0.362282	0.297072	0.194753	0.132088	0.0138043	0.327572
1040	-16.4745	-16.5882	-16.6846	-16.6759	-16.6443	0.263852	0.235491	0.213866	0.215738	0.0710541	0.516448
1041	-4.6723	-4.82426	-5.14577	-5.43929	-6.2739	0.33216	0.285334	0.206881	0.154258	0.0213666	0.367133
1042	-3.80691	-4.0636	-4.60185	-5.08649	-6.42239	0.395771	0.306171	0.178735	0.110086	0.00923655	0.291543
1043	-24.0007	-22.1295	-21.5222	-21.4618	-21.9094	0.0288431	0.187379	0.343934	0.365329	0.0745149	0.720435
1044	-12.2943	-10.4084	-9.76747	-9.67349	-10.0089	0.0270338	0.178225	0.338301	0.371635	0.0848045	0.741922
1045	-14.9742	-13.0764	-12.4108	-12.2945	-12.5666	0.0257893	0.172045	0.334733	0.376024	0.091408	0.755993
1046	-13.5969	-11.6692	-10.9301	-10.7361	-10.7478	0.0220959	0.151891	0.318047	0.386173	0.121792	0.812977
1047	-4.17085	-4.40478	-4.90367	-5.36335	-6.68415	0.384425	0.304242	0.184736	0.116659	0.00993696	0.301783
1048	-14.3442	-12.3953	-11.6237	-11.4122	-11.4143	0.020855	0.146421	0.31676	0.39134	0.124624	0.821613
1049	-4.71815	-4.85478	-5.14813	-5.42153	-6.2324	0.323842	0.282487	0.210666	0.160273	0.0227328	0.37683
1050	-9.13871	-9.33605	-9.75367	-10.1351	-11.2188	0.360925	0.296289	0.19514	0.133259	0.0143879	0.329861
1051	-11.6301	-9.70757	-8.98788	-8.82024	-8.9375	0.0231452	0.15828	0.325074	0.384403	0.109098	0.791071
1052	-4.51502	-4.75734	-5.27126	-5.74143	-7.07646	0.388769	0.30511	0.1825	0.114044	0.00957692	0.297647
1053	-37.3886	-31.1085	-27.8944	-26.4588	-24.2879	4.42942e-06	0.00236458	0.0588299	0.247227	0.691574	1.65398
1054	-4.15322	-4.40766	-4.94763	-5.44145	-6.83654	0.396076	0.307099	0.178966	0.109222	0.00863733	0.289859
1055	-13.1618	-13.3409	-13.722	-14.0703	-15.0333	0.349721	0.292392	0.199727	0.140984	0.0171754	0.344179
1056	-4.46797	-4.62785	-4.96986	-5.28686	-6.21559	0.338509	0.288492	0.204928	0.149255	0.0188165	0.357042
1057	-20.6772	-20.8365	-21.1758	-21.4882	-22.3876	0.337581	0.287872	0.205043	0.150028	0.0194766	0.359006
1058	-7.39831	-7.59619	-8.0157	-8.3955	-9.41473	0.360853	0.296067	0.194626	0.133124	0.0153307	0.331295
1059	-32.4761	-26.3316	-23.3657	-22.1188	-20.3489	1.00012e-05	0.00466213	0.0905034	0.314901	0.589924	1.53038
1060	-6.69705	-6.89099	-7.30181	-7.67755	-8.74783	0.358926	0.29565	0.196048	0.134642	0.0147338	0.332177
1061	-24.1003	-18.0547	-15.3123	-14.2822	-13.1652	2.31229e-05	0.00976318	0.151573	0.424603	0.414037	1.31347
1062	-33.4136	-26.8563	-23.3293	-21.764	-19.5567	2.11896e-06	0.00149254	0.0507775	0.242933	0.704794	1.67186
1063	-22.4584	-18.4927	-16.8043	-16.2489	-15.8956	0.000941023	0.0496472	0.268633	0.468095	0.212683	1.02287
1064	-13.4707	-11.5275	-10.7683	-10.5696	-10.6248	0.0214657	0.149857	0.320184	0.390556	0.117937	0.810067
1065	-14.0562	-14.2098	-14.5367	-14.8359	-15.6726	0.333567	0.286061	0.206289	0.152943	0.0211403	0.365303
1066	-32.7216	-28.4882	-26.3297	-25.4144	-24.2269	0.000268968	0.018544	0.160571	0.401005	0.419611	1.30974
1067	-41.338	-33.142	-29.1973	-27.5581	-25.2925	2.42484e-07	0.000879354	0.0454287	0.234014	0.719678	1.69041
1068	-27.3594	-21.2935	-18.5077	-17.4381	-16.2076	1.99931e-05	0.00861598	0.139677	0.407057	0.444631	1.35184
1069	-15.9351	-16.1209	-16.517	-16.8817	-17.9288	0.354525	0.294395	0.198106	0.137567	0.0154078	0.337053
1070	-4.46797	-4.62785	-4.96986	-5.28686	-6.21559	0.338509	0.288492	0.204928	0.149255	0.0188165	0.357042
1071	-25.2936	-21.2637	-19.1286	-18.2056	-16.9628	0.000327364	0.0184152	0.155757	0.392009	0.433491	1.3266
1072	-4.58774	-4.77138	-5.16196	-5.5214	-6.56131	0.353004	0.293782	0.198791	0.13877	0.0156538	0.338891
1073	-36.9561	-30.9128	-28.1781	-27.159	-26.0937	2.40711e-05	0.010141	0.156215	0.432831	0.400789	1.29712
1074	-37.1445	-28.819	-24.636	-22.8124	-20.1487	1.03871e-07	0.000428771	0.02811	0.17412	0.797341	1.78146
1075	-12.342	-12.4849	-12.7899	-13.0712	-13.8848	0.327184	0.283612	0.209077	0.157806	0.0223212	0.373122
1076	-23.0056	-19.0086	-17.2492	-16.6233	-16.0403	0.000768698	0.0418403	0.243054	0.454522	0.259815	1.0891
1077	-6.69705	-6.89099	-7.30181	-7.67755	-8.74783	0.358926	0.29565	0.196048	0.134642	0.0147338	0.332177
1078	-27.0346	-23.0399	-21.2892	-20.6755	-20.1461	0.000794417	0.0431436	0.248454	0.45893	0.248678	1.07408
1079	-8.21855	-8.37368	-8.70474	-9.01015	-9.89062	0.335083	0.286933	0.206065	0.151832	0.0200879	0.362239
1080	-6.68123	-6.81028	-7.08227	-7.32892	-8.01657	0.316881	0.278517	0.212191	0.165809	0.0266023	0.389651
1081	-21.7761	-17.7954	-16.0737	-15.4858	-15.0266	0.000857747	0.0459331	0.256956	0.462602	0.233651	1.05262
1082	-4.46797	-4.62785	-4.96986	-5.28686	-6.21559	0.338509	0.288492	0.204928	0.149255	0.0188165	0.357042
1083	-12.6812	-10.668	-9.81967	-9.58702	-9.68744	0.0183772	0.137599	0.321389	0.405575	0.11706	0.820381
1084	-19.6076	-15.5902	-13.7903	-13.1306	-12.4678	0.00069201	0.0384456	0.232556	0.449797	0.27851	1.11571
1085	-47.2716	-47.4537	-47.8405	-48.1949	-49.2053	0.351738	0.293173	0.199147	0.13971	0.0162316	0.340975
1086	-4.65555	-4.85279	-5.27017	-5.65152	-6.73837	0.360886	0.296285	0.195184	0.133299	0.0143471	0.329839
1087	-11.4933	-9.63439	-9.05115	-9.01043	-9.50151	0.0300936	0.193109	0.346018	0.360397	0.070382	0.709903
1088	-13.6916	-13.866	-14.2365	-14.5766	-15.551	0.346944	0.291419	0.201192	0.143199	0.0172462	0.346943
1089	-4.78981	-5.00981	-5.4787	-5.91041	-7.14991	0.375818	0.301601	0.18871	0.122548	0.0113226	0.311545
1090	-5.10806	-5.32173	-5.77694	-6.19626	-7.40588	0.371916	0.300364	0.190525	0.12527	0.0119252	0.315967
1091	-29.0659	-23.0407	-20.3455	-19.3638	-18.4136	2.74814e-05	0.0113696	0.168366	0.449367	0.37087	1.25933
1092	-5.22264	-5.38815	-5.74121	-6.0671	-7.01273	0.341776	0.28964	0.203483	0.146892	0.0182082	0.353119
1093	-8.06467	-8.19388	-8.46312	-8.70236	-9.33525	0.315633	0.277376	0.211903	0.166817	0.0282703	0.393521
1094	-23.1615	-21.2311	-20.4977	-20.3191	-20.3947	0.022484	0.154962	0.322668	0.385746	0.114139	0.800423
1095	-14.4384	-12.3631	-11.4346	-11.1594	-11.2092	0.0156896	0.12499	0.316332	0.416524	0.126464	0.844003
1096	-30.2937	-24.1744	-21.2793	-20.1136	-18.6259	1.38299e-05	0.00628648	0.113689	0.364736	0.515275	1.43968
1097	-12.1294	-12.3173	-12.7151	-13.0785	-14.1104	0.355056	0.294226	0.197659	0.137431	0.0156278	0.337095
1098	-12.3483	-10.461	-9.81703	-9.7201	-10.0483	0.0268806	0.177452	0.337862	0.372248	0.0855561	0.743596
1099	-30.077	-23.8223	-20.7229	-19.4318	-17.7624	7.98738e-06	0.00415687	0.0922252	0.335374	0.568236	1.50652
1100	-15.6235	-13.7106	-13.0138	-12.8699	-13.0697	0.0242911	0.164508	0.330219	0.381328	0.0996532	0.773402
1101	-28.5996	-24.5157	-22.5642	-21.7549	-20.6258	0.000426617	0.0253328	0.17831	0.400565	0.395366	1.27197
1102	-4.71815	-4.85478	-5.14813	-5.42153	-6.2324	0.323842	0.282487	0.210666	0.160273	0.0227328	0.37683
1103	-10.3134	-10.5062	-10.9149	-11.2889	-12.3562	0.35829	0.295461	0.196348	0.135076	0.0148249	0.332879
1104	-24.0197	-18.001	-15.3174	-14.3435	-13.3971	2.81963e-05	0.0115905	0.169661	0.449315	0.369406	1.25712
1105	-5.68366	-5.95036	-6.50904	-7.01119	-8.38691	0.401529	0.307532	0.175897	0.106458	0.00858344	0.28567
1106	-19.3204	-14.4834	-12.0451	-11.1397	-10.3055	0.000128744	0.0162343	0.18593	0.459798	0.337909	1.21358
1107	-31.8595	-25.6958	-22.7205	-21.4963	-19.9107	1.10134e-05	0.00523317	0.102541	0.348796	0.543419	1.47505
1108	-6.69705	-6.89099	-7.30181	-7.67755	-8.74783	0.358926	0.29565	0.196048	0.134642	0.0147338	0.332177
1109	-5.85175	-6.02422	-6.38915	-6.72254	-7.67357	0.345295	0.290593	0.201743	0.144547	0.0178211	0.349456
1110	-6.76611	-6.89213	-7.16167	-7.41136	-8.14127	0.316445	0.278977	0.213064	0.165986	0.0255285	0.38823
1111	-12.0079	-10.0526	-9.27072	-9.05506	-9.08215	0.0205663	0.145335	0.317627	0.394076	0.122396	0.819928
1112	-7.92971	-8.05761	-8.32991	-8.58039	-9.29942	0.317165	0.279087	0.21256	0.165461	0.0257265	0.387896
1113	-19.2531	-15.2604	-13.5135	-12.9035	-12.3901	0.000804128	0.043586	0.250034	0.460191	0.245385	1.06961
1114	-18.2792	-15.8121	-13.9222	-13.0226	-11.9471	0.00216421	0.0255114	0.16885	0.415131	0.388344	1.26598
1115	-17.2868	-15.1256	-14.0444	-13.6433	-13.3484	0.0111252	0.096581	0.284765	0.425277	0.182252	0.940714
1116	-28.022	-21.9842	-19.2549	-18.2319	-17.1028	2.36306e-05	0.00989958	0.151698	0.421951	0.416428	1.31593
1117	-23.0277	-18.7919	-16.693	-15.8625	-14.9468	0.000337961	0.02336	0.190539	0.43719	0.348573	1.21819
1118	-23.7571	-17.6728	-14.8506	-13.7506	-12.454	1.79028e-05	0.00785758	0.132115	0.396868	0.463141	1.37523
1119	-14.7768	-12.7923	-11.9674	-11.7275	-11.7257	0.0189671	0.137989	0.314862	0.400239	0.127943	0.833731
1120	-50.31	-42.1207	-38.1934	-36.5739	-34.39	2.68262e-07	0.000966274	0.0490608	0.247766	0.702207	1.67004
1124	-12.3896	-12.5682	-12.9487	-13.2994	-14.3141	0.349966	0.29274	0.200094	0.1409	0.0163002	0.342623
1125	-25.2183	-21.2172	-19.4516	-18.8228	-18.2431	0.000760092	0.0415452	0.242829	0.45538	0.259486	1.08904
1126	-15.8432	-13.582	-12.3044	-11.7465	-11.1038	0.0070589	0.0677323	0.243024	0.424545	0.257639	1.06225
1127	-4.06538	-4.29335	-4.77531	-5.21427	-6.45006	0.37962	0.302234	0.186651	0.120336	0.0111596	0.308218
1128	-13.0507	-10.964	-10.0296	-9.75619	-9.80466	0.0154486	0.12448	0.316893	0.416542	0.126636	0.844579
1129	-30.5052	-24.4387	-21.651	-20.5778	-19.3217	1.96567e-05	0.00847489	0.137665	0.402629	0.451211	1.35982
1130	-9.18384	-9.3025	-9.55656	-9.79248	-10.488	0.311753	0.27687	0.214754	0.169621	0.0270016	0.394986
1131	-15.4958	-11.5532	-9.91525	-9.40788	-9.20305	0.00107438	0.0553844	0.284935	0.473253	0.185353	0.983039
1132	-20.6006	-16.6391	-14.9557	-14.4002	-14.0226	0.000944476	0.0496179	0.267138	0.465565	0.216734	1.02783
1133	-12.5526	-10.5965	-9.80967	-9.5855	-9.57143	0.020272	0.14335	0.314871	0.393995	0.127512	0.828185
1134	-37.6639	-27.4792	-22.6782	-20.7508	-18.2819	9.18708e-09	0.000243416	0.0296052	0.203439	0.766712	1.74771
1135	-10.555	-10.7481	-11.1587	-11.5353	-12.6074	0.358751	0.295769	0.196176	0.134602	0.0147026	0.332169
1136	-18.5055	-14.3386	-12.3292	-11.5555	-10.7844	0.000432968	0.0279326	0.208356	0.451648	0.311631	1.16824
1137	-9.9896	-8.11984	-7.51815	-7.46585	-7.95075	0.0291944	0.189378	0.34565	0.364211	0.071567	0.714847
1138	-43.803	-39.7694	-37.9368	-37.2492	-36.5191	0.000634082	0.0358013	0.223762	0.445044	0.294759	1.1385
1139	-27.5066	-23.221	-20.9979	-20.0501	-18.8238	0.000229426	0.016667	0.153929	0.397153	0.432021	1.32701
1140	-8.22523	-8.43606	-8.8838	-9.29416	-10.4636	0.369699	0.299423	0.191353	0.126945	0.0125802	0.319064
1141	-4.71435	-4.91359	-5.33696	-5.72601	-6.84793	0.362674	0.297157	0.194591	0.131874	0.0137046	0.327106
1142	-19.7946	-15.5971	-13.4913	-12.6121	-11.5102	0.000313076	0.0208253	0.171044	0.412053	0.395764	1.27836
1143	-21.514	-17.104	-14.7454	-13.7277	-12.3862	0.000158755	0.0130604	0.138127	0.382176	0.466478	1.37282
1144	-4.78981	-5.00981	-5.4787	-5.91041	-7.14991	0.375818	0.301601	0.18871	0.122548	0.0113226	0.311545
1145	-14.735	-12.8514	-12.2148	-12.1237	-12.4587	0.027223	0.179055	0.338407	0.37069	0.0846252	0.740916
1146	-7.63129	-7.80662	-8.17923	-8.52107	-9.49541	0.347519	0.291632	0.200914	0.142741	0.0171931	0.346311
1147	-24.5033	-22.5329	-21.7183	-21.4716	-21.4014	0.0191553	0.137424	0.31032	0.397148	0.135953	0.844305
1148	-6.35726	-6.52263	-6.87467	-7.19882	-8.13512	0.341458	0.289415	0.20353	0.147182	0.0184152	0.353777
1149	-7.63288	-7.83084	-8.25106	-8.63555	-9.71999	0.361558	0.296621	0.194853	0.132655	0.0143122	0.329068
1150	-12.3902	-10.461	-9.73137	-9.55985	-9.69483	0.0228091	0.157022	0.325709	0.386652	0.107807	0.790658
1151	-3.91027	-4.17625	-4.7401	-5.25542	-6.7134	0.402831	0.308753	0.175685	0.104938	0.00779274	0.282824
1152	-12.25	-12.4352	-12.8296	-13.1931	-14.2455	0.354135	0.29426	0.198344	0.137899	0.0153633	0.337369
1153	-11.3922	-9.41242	-8.57653	-8.30886	-8.17755	0.0182753	0.132328	0.305265	0.398954	0.145178	0.860641
1154	-30.555	-28.636	-27.9254	-27.7676	-27.9211	0.0236048	0.160837	0.327359	0.383289	0.104911	0.783429
1155	-6.3229	-6.54825	-7.02481	-7.45854	-8.67379	0.378	0.301735	0.187351	0.12142	0.0114938	0.310154
1156	-7.19622	-7.39923	-7.82908	-8.22081	-9.31388	0.364342	0.297399	0.193492	0.130778	0.0139885	0.326129
1157	-10.4379	-10.6713	-11.169	-11.6274	-12.944	0.384075	0.304129	0.184894	0.116902	0.00999953	0.302193
1158	-7.4148	-7.61343	-8.0346	-8.41601	-9.44055	0.361347	0.29625	0.194423	0.132771	0.0152091	0.330658
1159	-12.7197	-10.8114	-10.1221	-9.9828	-10.1857	0.0246095	0.16591	0.330539	0.379957	0.0989851	0.771255
1160	-18.4169	-13.9967	-11.7411	-10.8586	-9.94869	0.000231858	0.0192704	0.183855	0.444382	0.35226	1.22765
1161	-12.4764	-10.6334	-10.0833	-10.0721	-10.64	0.0319121	0.20155	0.34935	0.353296	0.0638913	0.693877
1162	-18.0346	-14.0525	-12.3231	-11.7233	-11.2101	0.000832349	0.0446423	0.251648	0.458457	0.24442	1.06719
1163	-6.62903	-6.81743	-7.21631	-7.5809	-8.61804	0.355391	0.294365	0.197538	0.137188	0.0155181	0.336617
1164	-12.5497	-12.7221	-13.0869	-13.4202	-14.3706	0.345264	0.290577	0.201753	0.144572	0.0178347	0.349508
1165	-15.2729	-15.4397	-15.7949	-16.1217	-17.0613	0.342344	0.28975	0.203133	0.146503	0.0182698	0.352719
1166	-7.4148	-7.61343	-8.0346	-8.41601	-9.44055	0.361347	0.29625	0.194423	0.132771	0.0152091	0.330658
1167	-15.2673	-13.3852	-12.7578	-12.6826	-13.1078	0.0278625	0.182975	0.342665	0.369436	0.0770612	0.727743
1168	-25.5539	-21.2912	-19.2023	-18.4069	-17.6126	0.000355519	0.0252432	0.203869	0.45162	0.318912	1.17978
1169	-32.5713	-26.4268	-23.4248	-22.1309	-20.1625	8.18116e-06	0.00381339	0.0767545	0.279909	0.639514	1.58987
1170	-16.949	-15.0665	-14.4325	-14.3433	-14.6662	0.0273031	0.179386	0.338156	0.369733	0.0854217	0.741559
1183	-29.6786	-23.5383	-20.6029	-19.4039	-17.8334	1.20944e-05	0.00561409	0.10571	0.350597	0.538066	1.46782
1184	-26.9698	-25.0687	-24.3975	-24.2782	-24.5542	0.0255641	0.171112	0.334776	0.37721	0.0913374	0.756782
1185	-25.6855	-21.2906	-19.1018	-18.2778	-17.4883	0.000276809	0.0224324	0.200191	0.45638	0.32072	1.18517
1186	-35.6293	-29.5932	-26.8656	-25.8423	-24.7005	2.3577e-05	0.00986148	0.150843	0.419723	0.419549	1.31966
1198	-6.91007	-7.09958	-7.5022	-7.86957	-8.88903	0.356165	0.294676	0.19701	0.13644	0.015709	0.33609
1199	-26.9666	-22.9391	-21.1181	-20.4378	-19.6884	0.00064491	0.0361927	0.223585	0.441491	0.298086	1.14189
1200	-5.76817	-5.9326	-6.28023	-6.59749	-7.50076	0.340088	0.288524	0.203802	0.148396	0.0191905	0.356406
1201	-6.84225	-7.09484	-7.60968	-8.05713	-9.23754	0.389586	0.302626	0.180848	0.115608	0.0113316	0.301215
1202	-14.0893	-11.9292	-10.868	-10.4927	-10.2738	0.01167	0.1012	0.292437	0.425631	0.169062	0.919781
1203	-8.44745	-8.65879	-9.10769	-9.51926	-10.6931	0.370041	0.29955	0.191211	0.126698	0.0125005	0.318628
1204	-7.84527	-8.03588	-8.44068	-8.80873	-9.81102	0.356626	0.294736	0.196621	0.136078	0.0159385	0.336018
1205	-6.36616	-6.58458	-7.04204	-7.45335	-8.58223	0.372516	0.299423	0.189501	0.125598	0.0129619	0.317603
1206	-30.1422	-24.0254	-21.133	-19.9671	-18.4688	1.38232e-05	0.00626794	0.11305	0.362755	0.517913	1.44279
1207	-4.78981	-5.00981	-5.4787	-5.91041	-7.14991	0.375818	0.301601	0.18871	0.122548	0.0113226	0.311545
1208	-19.9865	-20.1836	-20.6019	-20.9846	-22.0634	0.360988	0.296417	0.195095	0.133063	0.0144373	0.32978
1209	-4.42329	-4.60868	-5.0029	-5.3653	-6.40938	0.354041	0.29413	0.198304	0.13802	0.0155045	0.337715
1210	-7.87257	-8.04194	-8.4025	-8.73408	-9.68426	0.343937	0.29035	0.202459	0.145322	0.0179318	0.350721
1211	-5.77627	-5.96615	-6.36847	-6.73663	-7.78898	0.356436	0.294792	0.197146	0.136427	0.0151992	0.335158
1212	-7.00065	-7.19883	-7.62007	-8.00487	-9.07703	0.361687	0.296663	0.194681	0.132497	0.0144718	0.329157
1213	-18.4382	-14.4275	-12.6442	-12.0026	-11.4098	0.000730893	0.0403326	0.239971	0.455826	0.26314	1.09494
1214	-17.9952	-14.0294	-12.3397	-11.7825	-11.4272	0.0009382	0.0495041	0.268203	0.468196	0.213158	1.02365
1215	-32.5211	-26.2172	-23.0136	-21.6263	-19.6719	5.28205e-06	0.00288764	0.0710964	0.284674	0.641336	1.59454
1216	-14.2208	-12.3106	-11.6115	-11.4529	-11.5211	0.0238004	0.160759	0.323444	0.379014	0.112983	0.793488
1217	-21.5927	-19.6956	-19.0348	-18.9277	-19.2539	0.026141	0.174285	0.337446	0.375627	0.086501	0.747742
1218	-7.26903	-7.4457	-7.82168	-8.16582	-9.12881	0.348305	0.291901	0.200422	0.142066	0.0173069	0.345707
1219	-12.6565	-10.7664	-10.1195	-10.0231	-10.365	0.0267816	0.177297	0.338566	0.372832	0.0845234	0.742425
1220	-5.41677	-5.57255	-5.90584	-6.21483	-7.12051	0.335884	0.287431	0.205963	0.151215	0.0195082	0.360561
1221	-4.17085	-4.40478	-4.90367	-5.36335	-6.68415	0.384425	0.304242	0.184736	0.116659	0.00993696	0.301783
1222	-4.71435	-4.91359	-5.33696	-5.72601	-6.84793	0.362674	0.297157	0.194591	0.131874	0.0137046	0.327106
1223	-11.428	-9.48935	-8.74298	-8.55975	-8.6779	0.0221203	0.153726	0.324256	0.389463	0.110434	0.797051
1224	-6.69705	-6.89099	-7.30181	-7.67755	-8.74783	0.358926	0.29565	0.196048	0.134642	0.0147338	0.332177
1225	-20.635	-16.3802	-14.2373	-13.3677	-12.3653	0.000298459	0.0210249	0.17923	0.427637	0.37181	1.24924
1232	-13.9003	-11.7539	-10.7202	-10.3695	-10.2228	0.012442	0.106427	0.299217	0.424898	0.157016	0.899764
1233	-11.5618	-11.7517	-12.1551	-12.5219	-13.5206	0.356206	0.294587	0.1968	0.136377	0.0160309	0.336543
1234	-4.63053	-4.83736	-5.27573	-5.67686	-6.8207	0.36702	0.298445	0.192523	0.128906	0.0131058	0.322342
1235	-43.3707	-35.0046	-30.7685	-28.914	-26.1693	8.59994e-08	0.000369694	0.0255585	0.163284	0.810788	1.79705
1236	-16.9838	-15.1476	-14.6014	-14.5795	-15.0316	0.031825	0.199625	0.344687	0.352325	0.0715383	0.705337
1240	-29.9157	-30.0981	-30.4865	-30.844	-31.8688	0.352248	0.293536	0.199046	0.139226	0.0159438	0.339975
1241	-16.4549	-12.4319	-10.6248	-9.96423	-9.33273	0.000688889	0.0384863	0.234493	0.453934	0.272398	1.10834
1242	-19.2506	-19.4126	-19.7579	-20.0763	-20.998	0.339436	0.288668	0.204377	0.148647	0.0188723	0.356337
1243	-35.8558	-29.8139	-27.0773	-26.0502	-24.9284	2.33548e-05	0.00982526	0.151647	0.423514	0.41499	1.31443
1261	-4.21405	-4.43795	-4.91175	-5.34415	-6.56927	0.377301	0.301614	0.187793	0.121869	0.0114231	0.310637
1262	-24.3166	-20.224	-18.2688	-17.4721	-16.4479	0.000443075	0.026536	0.187494	0.415915	0.369612	1.23978
1263	-16.5392	-12.568	-10.8679	-10.3027	-9.93189	0.000915863	0.0485886	0.265982	0.468083	0.21643	1.02868
1264	-3.95245	-4.25532	-4.8969	-5.48183	-7.12094	0.424144	0.313314	0.164947	0.0918998	0.00569388	0.261862
1265	-3.83673	-3.94737	-4.1846	-4.40562	-5.06385	0.30664	0.274523	0.216547	0.173606	0.0286846	0.402489
1266	-4.37627	-4.45358	-4.62357	-4.78666	-5.2945	0.285935	0.264663	0.223287	0.189686	0.0364281	0.434323
1267	-4.4258	-4.49422	-4.64844	-4.80013	-5.28713	0.281144	0.262553	0.225031	0.193357	0.037915	0.441167
1268	-23.9538	-19.9178	-18.0819	-17.3935	-16.6689	0.000631184	0.0357262	0.224014	0.445937	0.293691	1.13731
1269	-5.6839	-5.95076	-6.50977	-7.01223	-8.38893	0.401623	0.307556	0.175853	0.106398	0.00857023	0.285569
1270	-20.428	-16.1139	-13.8814	-12.9467	-11.788	0.000229836	0.017178	0.160158	0.407822	0.414612	1.30547
1271	-15.5213	-11.5599	-9.88252	-9.3399	-9.04102	0.000974254	0.0511781	0.27388	0.471213	0.202755	1.00906
1272	-4.06567	-4.29377	-4.77601	-5.21522	-6.45181	0.379699	0.302259	0.186615	0.120281	0.0111456	0.308126
1273	-28.222	-26.1474	-25.1404	-24.7405	-24.2913	0.0125751	0.100119	0.274067	0.408799	0.20444	0.96479
1274	-26.4871	-22.4456	-20.5978	-19.8983	-19.1469	0.000610571	0.0347495	0.220523	0.443834	0.300283	1.14645
1275	-13.6022	-11.5329	-10.5208	-10.1062	-9.61651	0.0123659	0.0979255	0.269435	0.40788	0.212394	0.976877
1276	-34.944	-27.5504	-23.9392	-22.5383	-20.9143	1.42589e-06	0.00231791	0.0857858	0.348175	0.563719	1.50522
1280	-27.4735	-23.3783	-21.4613	-20.7312	-19.9612	0.000526012	0.0315893	0.214814	0.445799	0.307271	1.15846
1281	-20.3673	-16.23	-14.23	-13.4327	-12.5279	0.00042304	0.0264968	0.195791	0.434559	0.34273	1.20761
1282	-16.3093	-12.3191	-10.5809	-9.98291	-9.52805	0.00083135	0.0449483	0.255624	0.464827	0.233769	1.05396
1283	-3.86715	-4.14362	-4.72745	-5.25798	-6.74137	0.408434	0.309778	0.172782	0.101646	0.00735896	0.277597
1284	-25.5774	-23.6311	-22.8649	-22.6592	-22.6918	0.0211439	0.148066	0.31858	0.391329	0.120882	0.815436
1285	-28.4701	-24.4922	-22.7782	-22.1999	-21.7855	0.000881294	0.0470654	0.261263	0.46582	0.22497	1.0408
1286	-4.19985	-4.40301	-4.83367	-5.22772	-6.35088	0.364749	0.29769	0.193522	0.130495	0.0135446	0.325058
1308	-9.47292	-7.65102	-7.1487	-7.18448	-7.90176	0.0347252	0.214728	0.354846	0.342375	0.0533263	0.668309
1309	-19.5734	-15.5172	-13.6305	-12.8867	-11.9671	0.000531027	0.0306679	0.202338	0.425717	0.340746	1.2
1310	-30.6762	-24.427	-21.2807	-19.9107	-17.9483	5.97123e-06	0.00309093	0.0718597	0.282814	0.642229	1.59509
1311	-4.98068	-5.19778	-5.65898	-6.08216	-7.29371	0.373653	0.300734	0.189619	0.124193	0.0117999	0.31432
1312	-12.6831	-10.8384	-10.2773	-10.2457	-10.6886	0.0310531	0.196459	0.344297	0.355371	0.072821	0.709869
1313	-3.83673	-3.94737	-4.1846	-4.40562	-5.06385	0.30664	0.274523	0.216547	0.173606	0.0286846	0.402489
1314	-25.0185	-22.8259	-21.4636	-20.703	-19.3243	0.00465928	0.0417419	0.162999	0.348776	0.441824	1.31225
1315	-30.1266	-28.2376	-27.5908	-27.4912	-27.7958	0.0266858	0.176477	0.336974	0.372267	0.0875957	0.747017
1316	-8.63041	-8.74706	-8.99605	-9.22628	-9.89869	0.310126	0.275979	0.21515	0.170905	0.0278407	0.397871
1317	-20.7989	-16.5124	-14.3526	-13.4904	-12.5486	0.000292498	0.0212672	0.184384	0.436686	0.35737	1.23152
1318	-3.85163	-4.10174	-4.62907	-5.10758	-6.44591	0.392628	0.305745	0.180445	0.111823	0.00935951	0.294207
1319	-38.2527	-29.9987	-25.9576	-24.2563	-21.9207	1.86119e-07	0.000715265	0.040688	0.223015	0.735582	1.70953
1326	-10.5558	-10.758	-11.1862	-11.577	-12.6861	0.363995	0.297335	0.193783	0.131088	0.0137991	0.326178
1327	-13.2638	-11.3846	-10.7586	-10.679	-11.0573	0.0278136	0.182135	0.340595	0.368834	0.0806228	0.73301
1328	-30.9524	-24.9305	-22.2409	-21.2622	-20.3051	2.77216e-05	0.0114311	0.168338	0.447952	0.372252	1.2608
1329	-31.5735	-27.6283	-25.9823	-25.4644	-25.2108	0.00104639	0.0540818	0.280477	0.470787	0.193609	0.994582
1330	-4.71816	-4.85486	-5.14838	-5.42194	-6.23328	0.323892	0.282509	0.210648	0.160234	0.0227165	0.376758
1331	-6.51436	-6.75204	-7.23494	-7.65202	-8.73306	0.3802	0.29977	0.184955	0.12188	0.0131945	0.312306
1332	-15.5016	-13.6083	-12.9525	-12.8448	-13.1307	0.0262446	0.174294	0.335808	0.373987	0.0896663	0.75167
1333	-9.11785	-9.24803	-9.52747	-9.78797	-10.5631	0.319622	0.280607	0.212198	0.163534	0.0240396	0.382873
1334	-8.57444	-8.66454	-8.85777	-9.03776	-9.57258	0.292917	0.267681	0.220648	0.184302	0.034452	0.424632
1335	-3.93075	-4.0406	-4.27645	-4.49634	-5.15081	0.306193	0.274337	0.2167	0.173925	0.0288455	0.403147
1336	-37.5837	-33.3277	-31.1433	-30.2216	-29.0663	0.00025846	0.0182272	0.161963	0.407108	0.412444	1.30168
1337	-6.93973	-7.19503	-7.72946	-8.20949	-9.52515	0.394695	0.305764	0.179179	0.11087	0.00949246	0.292927
1338	-9.59284	-9.76079	-10.0898	-10.3542	-10.9126	0.332654	0.281226	0.20239	0.155364	0.0283657	0.378891
1339	-4.70596	-4.75693	-4.86668	-4.9699	-5.28603	0.266772	0.253516	0.227164	0.204886	0.0476619	0.470522
1340	-17.9663	-15.9565	-15.0559	-14.7276	-14.4143	0.0157588	0.117585	0.289387	0.401844	0.175425	0.912195
1341	-15.3374	-13.4866	-12.9196	-12.8919	-13.402	0.0309287	0.196857	0.347045	0.356801	0.0683682	0.703868
1347	-13.1386	-13.3415	-13.7713	-14.163	-15.2561	0.364318	0.297394	0.193504	0.130793	0.01399	0.326152
1348	-3.8072	-4.06403	-4.60258	-5.08752	-6.42432	0.395859	0.306196	0.178694	0.110029	0.00922337	0.291446
1349	-11.0667	-9.20404	-8.61348	-8.56636	-9.03791	0.029692	0.191235	0.345182	0.361835	0.0720562	0.713747
1350	-3.85163	-4.10174	-4.62907	-5.10758	-6.4459	0.392628	0.305744	0.180445	0.111823	0.00935953	0.294207
1351	-5.78263	-5.98835	-6.42193	-6.81546	-7.91934	0.365578	0.297603	0.192902	0.130145	0.0137712	0.324842
1352	-22.6517	-18.3818	-16.1929	-15.2751	-14.119	0.000254477	0.0181991	0.162434	0.406693	0.41242	1.30151
1353	-15.7755	-11.8127	-10.1296	-9.57874	-9.24017	0.000954377	0.050208	0.270215	0.468757	0.209866	1.01882
1377	-10.6734	-8.90724	-8.52593	-8.67585	-9.73813	0.0423826	0.247857	0.362914	0.312388	0.0344588	0.613916
1378	-16.2406	-14.4301	-13.9581	-14.0296	-14.8994	0.0366831	0.224268	0.35956	0.334725	0.0447641	0.648613
1379	-10.8691	-11.049	-11.4349	-11.7941	-12.8553	0.351672	0.293771	0.19971	0.13945	0.0153976	0.339492
1380	-4.87629	-5.09521	-5.5667	-6.00782	-7.32511	0.376667	0.302609	0.188849	0.12149	0.0103848	0.308978
1381	-4.90512	-5.11581	-5.56946	-5.99371	-7.25944	0.371522	0.300942	0.19119	0.125088	0.0112582	0.314938
1382	-4.68303	-4.91419	-5.41108	-5.87467	-7.2507	0.383927	0.304688	0.185379	0.116607	0.00939879	0.301093
1383	-4.69949	-4.9514	-5.49332	-5.99941	-7.5033	0.39662	0.308298	0.179315	0.1081	0.00766734	0.287318
1384	-9.35856	-9.49805	-9.79886	-10.0808	-10.9273	0.326184	0.283714	0.210011	0.158408	0.0216826	0.37292
1385	-19.0855	-17.2343	-16.6733	-16.6601	-17.2691	0.0314527	0.200263	0.350937	0.355622	0.0617251	0.692306
1386	-16.1905	-14.3079	-13.6823	-13.6126	-14.0771	0.0280393	0.184242	0.344405	0.369255	0.0740586	0.722776
1387	-15.1553	-13.3587	-12.9159	-13.0138	-13.9588	0.0384838	0.23202	0.36129	0.327573	0.0406333	0.636243
1388	-4.23082	-4.50726	-5.10209	-5.65761	-7.30658	0.411234	0.311913	0.172068	0.0987285	0.00605698	0.272362
1389	-20.1498	-18.2199	-17.4904	-17.3209	-17.4754	0.0228656	0.157516	0.32672	0.387067	0.105832	0.78774
1390	-10.0784	-8.25185	-7.74499	-7.78384	-8.55844	0.0345973	0.214928	0.356795	0.343202	0.0504772	0.664485
1391	-3.91181	-4.21614	-4.86481	-5.46274	-7.1918	0.426028	0.314246	0.16427	0.0903396	0.00511572	0.2591
1392	-12.5775	-10.7566	-10.26	-10.3059	-11.0866	0.0351616	0.217205	0.35691	0.340889	0.0498343	0.66158
1393	-27.7631	-21.6206	-18.7155	-17.575	-16.2816	1.50429e-05	0.00699842	0.127841	0.399925	0.465221	1.37963
1394	-30.9253	-24.8932	-22.1819	-21.1836	-20.1721	2.58886e-05	0.0107848	0.162292	0.440446	0.386452	1.27888
1395	-31.3535	-25.0772	-21.9627	-20.6785	-19.0911	8.11111e-06	0.00431353	0.0971532	0.350863	0.547662	1.48225
1396	-12.2052	-10.4132	-9.97675	-10.0761	-10.9965	0.0388162	0.232944	0.360416	0.326341	0.0414836	0.636508
1397	-48.8709	-38.5901	-33.617	-31.5572	-28.7804	4.83587e-09	0.000141044	0.0203772	0.159852	0.81963	1.80868
1398	-57.6826	-45.4191	-39.5674	-37.1699	-33.9618	1.37411e-10	2.91076e-05	0.0101234	0.111313	0.878534	1.87654
1399	-15.6245	-13.7373	-13.0997	-13.0161	-13.4241	0.0273612	0.180605	0.341699	0.371505	0.0788298	0.732186
1400	-28.4529	-22.4444	-19.7861	-18.8399	-18.0007	3.10348e-05	0.012627	0.18022	0.464228	0.342894	1.22375
1401	-25.575	-19.5608	-16.8893	-15.93	-15.0453	2.96637e-05	0.012139	0.175537	0.458165	0.35413	1.238
1402	-20.9346	-16.933	-15.1723	-14.5556	-14.0563	0.000785562	0.0429572	0.249863	0.462977	0.243418	1.068
1403	-14.5231	-12.7068	-12.2201	-12.2751	-13.0809	0.0357523	0.219831	0.357657	0.338502	0.0482567	0.657155
1404	-4.42857	-4.5865	-4.92562	-5.24169	-6.17987	0.337714	0.288376	0.20544	0.149766	0.0187034	0.357536
1405	-37.7624	-29.6328	-25.8412	-24.3565	-22.6094	4.91774e-07	0.0016688	0.0739775	0.326509	0.597844	1.54704
1406	-12.9705	-11.0424	-10.3722	-10.3039	-10.9016	0.0261559	0.179848	0.351541	0.376382	0.0660745	0.716444
1407	-4.82922	-5.09655	-5.67237	-6.21117	-7.8201	0.406025	0.310782	0.174735	0.101949	0.00651	0.277417
1408	-15.7861	-14.0034	-13.5894	-13.713	-14.7283	0.040308	0.239651	0.362569	0.320427	0.0370452	0.62469
1409	-76.9671	-62.4227	-55.2374	-52.2082	-48.0413	8.16926e-13	1.69327e-06	0.00223485	0.046219	0.951544	1.95887
1410	-11.0595	-9.21639	-8.67572	-8.68533	-9.38762	0.0326779	0.206394	0.35441	0.351019	0.0554987	0.678733
1411	-16.426	-16.7088	-17.3157	-17.8805	-19.5461	0.414586	0.312464	0.1703	0.0968089	0.00584123	0.269339
1412	-31.3944	-25.4417	-22.9011	-22.0618	-21.5231	4.396e-05	0.0169144	0.214602	0.496768	0.271671	1.13087
1413	-13.4274	-11.3464	-10.4875	-10.32	-10.7789	0.0182482	0.146212	0.345158	0.40808	0.0823019	0.767958
1414	-10.2789	-10.4587	-10.8453	-11.2064	-12.2827	0.351916	0.294008	0.199735	0.139199	0.0151421	0.338813
1415	-17.1015	-15.2708	-14.7553	-14.7863	-15.5342	0.0340811	0.212611	0.356012	0.345156	0.0521397	0.668723
1416	-31.0622	-25.0734	-22.4582	-21.5531	-20.8418	3.55917e-05	0.0141977	0.194087	0.479829	0.311851	1.18388
1417	-31.3924	-25.4246	-22.8509	-21.9798	-21.3455	3.98056e-05	0.0155487	0.203929	0.487253	0.293229	1.15913
1418	-10.6656	-8.9036	-8.53549	-8.70369	-9.86127	0.0433553	0.252494	0.364855	0.308371	0.0309239	0.605131
1419	-29.718	-23.6404	-20.8358	-19.7564	-18.5428	1.93802e-05	0.00844937	0.139578	0.410783	0.44117	1.34822
1420	-4.25403	-4.56139	-5.22094	-5.83469	-7.64534	0.428776	0.315315	0.163044	0.0882585	0.00460633	0.255732
1421	-30.4382	-24.4034	-21.6898	-20.6937	-19.7186	2.61683e-05	0.0109303	0.164871	0.446433	0.37774	1.26837
1422	-34.6486	-28.6075	-25.8821	-24.877	-23.8874	2.53724e-05	0.010665	0.162786	0.444741	0.381782	1.27371
1423	-38.4492	-30.4659	-26.9759	-25.7568	-24.7136	1.39099e-06	0.00407744	0.133694	0.45243	0.409797	1.31934
1424	-28.8965	-22.9875	-20.5387	-19.7823	-19.4724	5.66019e-05	0.0208481	0.241303	0.514119	0.223673	1.06627
1425	-16.9433	-17.1989	-17.7487	-18.262	-19.7885	0.398828	0.308861	0.178237	0.106676	0.0073975	0.285011
1426	-56.5839	-50.5561	-47.8557	-46.8686	-45.8869	2.683e-05	0.011129	0.165661	0.444565	0.378618	1.26891
1427	-19.6178	-17.8107	-17.3462	-17.4256	-18.3254	0.0371672	0.226469	0.360337	0.332832	0.0431941	0.644591
1428	-5.26014	-5.47142	-5.92689	-6.35364	-7.63241	0.37206	0.301203	0.191007	0.124656	0.011074	0.314129
1429	-47.2095	-37.0161	-32.2077	-30.2866	-27.9126	9.77409e-09	0.000261209	0.0320103	0.218574	0.749154	1.72772
1430	-25.9457	-22.1257	-20.7519	-20.4918	-21.0237	0.00198313	0.0904401	0.357273	0.463421	0.0868831	0.823854
1431	-60.4666	-45.9596	-38.8349	-35.8549	-31.8407	1.09371e-12	2.18381e-06	0.00271301	0.0534099	0.943875	1.95035
1432	-9.99713	-10.1559	-10.4986	-10.8203	-11.7881	0.338857	0.289108	0.205223	0.148776	0.0180368	0.355328
1433	-10.2919	-10.5034	-10.9595	-11.3868	-12.6674	0.372235	0.30126	0.190928	0.124533	0.0110438	0.313925
1434	-20.174	-16.3165	-14.862	-14.5268	-14.8403	0.00166465	0.0788179	0.337522	0.471926	0.110069	0.864843
1435	-59.7151	-45.3481	-38.3981	-35.4927	-31.4681	1.59801e-12	2.77395e-06	0.00289369	0.0528776	0.944226	1.95067
1436	-14.6811	-14.9295	-15.464	-15.9636	-17.4529	0.394553	0.307784	0.180352	0.109435	0.00787566	0.289409
1437	-28.413	-26.5701	-26.0292	-26.0375	-26.727	0.0326366	0.206095	0.353989	0.351058	0.0562209	0.679923
1438	-14.4274	-12.5923	-12.0675	-12.0905	-12.8241	0.0335675	0.210328	0.355465	0.347405	0.0532341	0.672231
1439	-62.7757	-48.4423	-41.567	-38.734	-34.9356	2.36641e-12	3.97205e-06	0.00384516	0.0653543	0.930797	1.9357
1440	-10.1996	-10.4486	-10.9854	-11.4886	-12.997	0.395205	0.308105	0.180108	0.108893	0.00768926	0.288473
1441	-20.5373	-18.7018	-18.1772	-18.2012	-18.9406	0.033583	0.210504	0.355718	0.347285	0.0529099	0.671646
1442	-34.5092	-28.5358	-25.9543	-25.0816	-24.4698	3.94863e-05	0.0155131	0.205037	0.490703	0.288708	1.15384
1443	-11.3823	-9.52484	-8.95143	-8.9281	-9.51788	0.0307952	0.19732	0.350107	0.358369	0.0634083	0.697165
1444	-7.03068	-7.36589	-8.08294	-8.74728	-10.6896	0.444005	0.317546	0.155023	0.0797764	0.00364992	0.242217
1445	-13.7624	-14.0236	-14.586	-15.1118	-16.6797	0.402319	0.309826	0.176555	0.104357	0.00694291	0.281271
1446	-26.239	-26.4177	-26.7992	-27.152	-28.1803	0.350312	0.292998	0.200061	0.140584	0.0160448	0.341858
1447	-49.726	-41.5738	-37.7317	-36.1989	-34.3113	4.00972e-07	0.00139178	0.0648863	0.300509	0.633213	1.58898
1448	-41.0134	-32.9275	-29.2218	-27.809	-26.2381	6.61621e-07	0.00214932	0.0874259	0.359093	0.551331	1.49127
1449	-4.9359	-5.20937	-5.79964	-6.35334	-8.01375	0.409947	0.311859	0.172825	0.0993433	0.00602535	0.273255
1450	-21.2057	-19.3546	-18.7973	-18.7922	-19.455	0.0317519	0.202162	0.352961	0.354776	0.0583495	0.686262
1451	-11.5447	-11.7427	-12.1689	-12.5674	-13.7542	0.36353	0.298243	0.194749	0.130745	0.0127336	0.324434
1452	-19.6958	-17.8183	-17.2029	-17.1419	-17.6298	0.028564	0.186729	0.345516	0.367238	0.0719528	0.717808
1453	-5.04359	-5.29594	-5.84006	-6.34979	-7.87389	0.397209	0.308622	0.179108	0.107583	0.00747801	0.28642
1454	-7.03068	-7.36589	-8.08294	-8.74728	-10.6896	0.444005	0.317546	0.155023	0.0797764	0.00364992	0.242217
1455	-11.6283	-9.82665	-9.37405	-9.46431	-10.3952	0.0378956	0.229628	0.361069	0.329906	0.0415026	0.639537
1456	-14.4345	-14.6723	-15.1851	-15.6656	-17.1047	0.388433	0.306211	0.183364	0.11341	0.0085824	0.295759
1457	-24.4903	-20.562	-18.9568	-18.4829	-18.3976	0.00117302	0.0596109	0.296795	0.476745	0.165676	0.954244
1458	-3.96718	-4.37503	-5.25137	-6.06797	-8.47867	0.4836	0.321635	0.133897	0.0591734	0.00169483	0.208997
1459	-41.2513	-35.3252	-32.8443	-32.0639	-31.7141	5.24843e-05	0.0196664	0.235054	0.512988	0.232239	1.07867
1460	-82.6606	-66.2107	-58.2124	-54.8497	-50.1566	2.32824e-14	3.24428e-07	0.000965515	0.0278703	0.971164	1.98069
1461	-33.6712	-29.7381	-28.1234	-27.6416	-27.5375	0.00114747	0.0585961	0.294536	0.476858	0.168863	0.959276
1462	-42.7067	-34.4663	-30.5226	-28.9578	-27.135	3.35261e-07	0.00127094	0.0655958	0.313663	0.61947	1.57385
1463	-4.70577	-5.03198	-5.73335	-6.38779	-8.32921	0.439746	0.317343	0.157373	0.0817921	0.00374553	0.245465
1464	-17.1272	-15.2182	-14.5359	-14.4135	-14.7249	0.0251863	0.169914	0.336158	0.379938	0.0888035	0.754744
1465	-23.2626	-17.2964	-14.731	-13.8745	-13.3212	4.15991e-05	0.0162255	0.211021	0.496942	0.27577	1.13711
1466	-38.2908	-30.1465	-26.3406	-24.8589	-23.182	4.99305e-07	0.00171947	0.0773172	0.34023	0.580732	1.52719
1467	-25.516	-23.5993	-22.8996	-22.7601	-23.0161	0.0243261	0.165389	0.332943	0.382782	0.0945604	0.766219
1468	-19.6103	-19.8573	-20.3887	-20.8854	-22.3658	0.393702	0.307545	0.180761	0.110003	0.00798801	0.290325
1469	-19.5005	-15.5953	-14.0385	-13.6084	-13.6439	0.00131583	0.0653478	0.309976	0.476581	0.146779	0.924693
1470	-48.0265	-39.9143	-36.1536	-34.6911	-32.9791	5.37859e-07	0.00179377	0.0770889	0.332774	0.588343	1.5355
1471	-7.73753	-8.05034	-8.72347	-9.35218	-11.2194	0.432292	0.316174	0.161283	0.0860086	0.0042422	0.252173
1472	-28.4481	-24.5379	-22.9718	-22.5347	-22.559	0.00129022	0.0643956	0.308313	0.47733	0.148671	0.928059
1473	-36.482	-28.2575	-24.3222	-22.7496	-20.8702	3.29137e-07	0.00122802	0.0628479	0.302878	0.633046	1.58964
1474	-24.4475	-20.5297	-18.9468	-18.4933	-18.4629	0.00123723	0.0622172	0.302923	0.476782	0.15684	0.940497
1475	-9.98983	-10.2593	-10.8379	-11.3772	-12.9745	0.406851	0.310759	0.174225	0.101601	0.00656383	0.27693
1476	-4.7451	-5.03197	-5.65001	-6.22835	-7.95469	0.417543	0.31341	0.168928	0.0947397	0.00537953	0.265975
1477	-18.9179	-14.9186	-13.2218	-12.711	-12.6579	0.000983914	0.0536797	0.292899	0.488167	0.16427	0.958578
1478	-12.2451	-10.5518	-10.33	-10.6326	-12.168	0.0538046	0.29257	0.365213	0.269864	0.0185477	0.552975
1479	-11.2639	-9.50651	-9.14879	-9.32733	-10.5191	0.0440641	0.255446	0.365304	0.305573	0.0296129	0.600759
1480	-40.8352	-32.7954	-29.192	-27.8781	-26.6202	9.83657e-07	0.0030512	0.11205	0.416878	0.468019	1.39116
1481	-35.4934	-29.4508	-26.7193	-25.7055	-24.6706	2.45639e-05	0.0103418	0.1588	0.437681	0.393153	1.28774
1482	-4.95054	-5.19983	-5.73745	-6.24132	-7.75178	0.395408	0.30816	0.180009	0.108759	0.00766361	0.288257
1483	-69.5825	-57.0444	-50.702	-47.9229	-43.8105	1.90707e-11	5.31636e-06	0.0030204	0.0486423	0.948332	1.95509
1484	-33.0299	-26.5906	-23.3012	-21.9299	-20.1942	4.91712e-06	0.0030779	0.0825644	0.325361	0.588992	1.53333
1485	-28.7312	-24.8011	-23.1912	-22.7118	-22.6024	0.00115689	0.058901	0.294645	0.475873	0.169424	0.959619
1486	-18.8084	-18.9678	-19.312	-19.6351	-20.608	0.339307	0.289301	0.205054	0.148433	0.0179051	0.354699
1487	-37.7449	-31.8025	-29.282	-28.4592	-27.9558	4.63107e-05	0.0176382	0.219324	0.499365	0.263626	1.11991
1488	-12.8062	-11.0245	-10.6137	-10.7416	-11.7769	0.040532	0.240743	0.363051	0.319471	0.0362035	0.622607
1489	-31.7184	-27.8145	-26.2623	-25.8385	-25.9052	0.00133448	0.0661842	0.312512	0.477436	0.142533	0.918545
1490	-4.72478	-4.90841	-5.30547	-5.679	-6.80791	0.355038	0.295476	0.198647	0.136729	0.0141102	0.3342
1491	-4.82922	-5.09655	-5.67237	-6.21117	-7.82011	0.406025	0.310782	0.174734	0.101948	0.00650998	0.277417
1492	-19.9485	-16.0167	-14.4006	-13.9129	-13.7721	0.00113586	0.0579297	0.291596	0.474891	0.174447	0.966895
1493	-11.6397	-11.8123	-12.1812	-12.5227	-13.519	0.346548	0.291608	0.201641	0.143316	0.0168872	0.346611
1494	-15.4414	-13.5899	-13.0295	-13.0185	-13.646	0.0315202	0.200771	0.351632	0.3555	0.0605773	0.690379
1495	-4.01442	-4.35164	-5.07402	-5.74464	-7.71365	0.445339	0.317859	0.154352	0.0789342	0.00351629	0.240882
1496	-16.7625	-14.9176	-14.3723	-14.3766	-15.057	0.0323953	0.204978	0.353618	0.352107	0.0569011	0.681825
1497	-26.7274	-20.6876	-17.9643	-16.9606	-15.9695	2.54726e-05	0.0106937	0.162864	0.444361	0.382055	1.27396
1498	-14.0841	-12.2058	-11.588	-11.524	-11.9953	0.0284161	0.185916	0.344817	0.367626	0.0732252	0.720166
1499	-51.6986	-41.5517	-36.8374	-34.9978	-32.8331	1.41705e-08	0.000361517	0.0403199	0.253774	0.705545	1.67721
1500	-52.2774	-46.2911	-43.6734	-42.7564	-41.9574	3.42751e-05	0.0136393	0.18692	0.467627	0.33178	1.20853
1501	-19.5427	-19.6994	-20.0366	-20.3519	-21.2918	0.337172	0.288263	0.205739	0.150111	0.0187144	0.358012
1502	-17.1587	-15.3057	-14.7423	-14.7288	-15.3505	0.0313592	0.200038	0.351395	0.356169	0.0610388	0.691644
1503	-16.9047	-17.1204	-17.5851	-18.0201	-19.3215	0.374716	0.302021	0.189769	0.122827	0.0106678	0.311142
1504	-3.96718	-4.37503	-5.25137	-6.06797	-8.47867	0.4836	0.321635	0.133897	0.0591734	0.00169483	0.208997
1505	-10.207	-8.39753	-7.92952	-8.00731	-8.9137	0.0369768	0.22582	0.360591	0.333605	0.0430074	0.644942
1506	-6.68984	-7.03434	-7.76937	-8.44793	-10.4173	0.448758	0.317977	0.152467	0.0773541	0.00344452	0.238312
1507	-44.8309	-36.0955	-31.6338	-29.781	-27.4015	6.31978e-08	0.00039303	0.0340495	0.217165	0.748392	1.72607
1508	-31.7836	-32.0174	-32.5211	-32.9924	-34.4008	0.385847	0.305403	0.184562	0.115199	0.0089896	0.298691
1509	-81.2266	-66.8301	-59.817	-56.853	-52.6536	1.16408e-12	2.08115e-06	0.00231232	0.0448048	0.952881	1.9603
1510	-32.4105	-28.5075	-26.9539	-26.5244	-26.5478	0.00132085	0.0654504	0.309491	0.475499	0.148238	0.926375
1511	-24.3987	-22.556	-22.0155	-22.0244	-22.7184	0.0326702	0.206264	0.354122	0.350991	0.0559536	0.679432
1512	-31.0764	-29.2113	-28.6192	-28.5756	-29.0892	0.02972	0.191878	0.346872	0.362347	0.0691825	0.709525
1513	-25.1367	-25.304	-25.661	-25.9902	-26.9428	0.342905	0.290066	0.202999	0.146051	0.017978	0.351715
1514	-84.123	-67.5344	-59.2831	-55.72	-50.5353	7.96746e-15	1.27542e-07	0.000488831	0.0172428	0.982268	1.99295
1515	-58.6807	-46.3893	-40.4894	-38.0601	-34.8235	1.20329e-10	2.62097e-05	0.00956693	0.108589	0.881818	1.88032
1516	-26.1607	-22.1702	-20.4331	-19.8384	-19.4077	0.000838617	0.0453518	0.257628	0.466951	0.22923	1.04801
1517	-31.5577	-25.5721	-22.963	-22.0626	-21.3582	3.61291e-05	0.0143675	0.19522	0.480343	0.310033	1.18138
1518	-46.7552	-38.7303	-35.1524	-33.8544	-32.5968	1.0387e-06	0.00317445	0.113636	0.416151	0.467038	1.38944
1519	-71.0964	-58.7259	-52.663	-50.0885	-46.4457	5.67062e-11	1.33693e-05	0.00574338	0.0753833	0.91886	1.92202
1520	-58.8627	-46.4634	-40.3708	-37.7945	-34.2228	5.69846e-11	1.38265e-05	0.0061192	0.080455	0.913412	1.91596
1523	-38.9939	-30.8751	-27.1023	-25.631	-23.9106	5.21051e-07	0.00174907	0.0760887	0.331368	0.590793	1.53856
1524	-68.6299	-52.2599	-44.4243	-41.2042	-36.8952	4.95683e-14	6.3767e-07	0.00161276	0.0403704	0.958016	1.96614
1525	-40.4268	-34.4755	-31.9368	-31.098	-30.5528	4.40437e-05	0.0169228	0.214293	0.495813	0.272927	1.13234
1526	-37.9293	-29.7684	-25.9058	-24.3514	-22.3862	3.63069e-07	0.00127122	0.0604928	0.286274	0.651961	1.61104
1527	-36.6281	-28.5959	-25.0047	-23.6972	-22.4294	1.00422e-06	0.00309154	0.112157	0.414645	0.470106	1.39336
1528	-26.6167	-22.7196	-21.181	-20.7685	-20.8588	0.00137477	0.067722	0.315454	0.476507	0.138942	0.912437
1529	-18.0602	-16.3007	-15.9322	-16.0923	-17.1743	0.0432207	0.251087	0.362962	0.309283	0.0334482	0.609695
1530	-9.10266	-9.36456	-9.92837	-10.4555	-12.0273	0.402714	0.309926	0.176359	0.104101	0.00689943	0.280865
1531	-6.79281	-7.02425	-7.52274	-7.9892	-9.38298	0.384385	0.304969	0.185252	0.116193	0.00920073	0.300306
1532	-28.6965	-26.785	-26.0904	-25.948	-26.1487	0.0243866	0.164939	0.330334	0.380895	0.0994453	0.772735
1533	-25.1655	-19.1654	-16.5267	-15.6014	-14.8428	3.33308e-05	0.0134481	0.1882	0.474795	0.323523	1.19923
1534	-15.675	-13.8074	-13.2892	-13.3765	-14.4593	0.0340402	0.220341	0.369967	0.339015	0.0366367	0.641309
1535	-28.8417	-24.9505	-23.4242	-23.023	-23.148	0.00141522	0.0693056	0.318877	0.476269	0.134133	0.904799
1536	-8.05179	-8.38449	-9.09308	-9.74564	-11.6299	0.441948	0.316872	0.156007	0.0812345	0.00393869	0.244522
1537	-19.2431	-15.3912	-13.9471	-13.6191	-13.9404	0.00169864	0.0799708	0.33894	0.470498	0.108892	0.862189
1538	-32.8096	-28.6045	-26.4767	-25.5709	-24.3774	0.000286625	0.0192115	0.161322	0.39909	0.42009	1.30949
1539	-19.9	-16.0371	-14.568	-14.2152	-14.4481	0.00160192	0.0762623	0.33136	0.471564	0.119212	0.878898
1540	-13.5399	-11.7514	-11.3268	-11.4428	-12.4501	0.0396581	0.237165	0.362639	0.322904	0.0376332	0.627699
1541	-11.3439	-9.53436	-9.06376	-9.13613	-10.0089	0.0367736	0.224597	0.359568	0.334467	0.0445936	0.648104
1542	-4.70577	-5.03198	-5.73335	-6.38778	-8.3292	0.439746	0.317343	0.157373	0.0817923	0.00374555	0.245465
1543	-12.4212	-10.6024	-10.11	-10.1596	-10.9523	0.0354144	0.218319	0.357239	0.339925	0.0491022	0.659628
1544	-55.0923	-44.8738	-40.0024	-38.0095	-35.3357	6.61314e-09	0.000181242	0.0236526	0.173527	0.802639	1.78899
1545	-43.0521	-37.0008	-34.2833	-33.3099	-32.477	2.74965e-05	0.0116763	0.176809	0.467986	0.343502	1.22631
1546	-21.9691	-18.0753	-16.5448	-16.1411	-16.2638	0.00140352	0.0689065	0.318375	0.476747	0.134568	0.905751
1547	-43.1143	-34.9499	-31.0782	-29.5138	-27.5129	3.46954e-07	0.00121908	0.0585443	0.279835	0.660402	1.62096
1548	-16.6973	-16.8674	-17.2344	-17.5786	-18.6117	0.346114	0.291957	0.202268	0.143377	0.0162843	0.345868
1549	-24.4454	-20.5165	-18.9105	-18.4362	-18.3475	0.00117051	0.0595195	0.296565	0.476555	0.16619	0.954954
1550	-4.01442	-4.35164	-5.07402	-5.74463	-7.71364	0.445339	0.317859	0.154352	0.0789344	0.00351631	0.240882
1551	-31.1462	-25.2439	-22.8076	-22.06	-21.756	5.81333e-05	0.0212694	0.243131	0.513455	0.222086	1.06358
1552	-19.722	-15.8337	-14.3152	-13.923	-14.0842	0.00144439	0.0705275	0.321986	0.476589	0.129454	0.897686
1553	-4.9359	-5.20937	-5.79964	-6.35334	-8.01375	0.409947	0.311859	0.172825	0.0993433	0.00602537	0.273256
1554	-42.3791	-32.2136	-27.4576	-25.5768	-23.2787	1.16495e-08	0.000302764	0.0352071	0.230909	0.733581	1.7096
1555	-21.0967	-17.2514	-15.8223	-15.5098	-15.8851	0.00175911	0.0822814	0.343511	0.4695	0.102949	0.852362
1556	-23.2778	-21.545	-21.2381	-21.4614	-22.7684	0.0475595	0.269027	0.365668	0.292487	0.0252582	0.582864
1557	-4.01442	-4.35164	-5.07402	-5.74463	-7.71364	0.445339	0.317859	0.154352	0.0789344	0.00351631	0.240882
1558	-17.2667	-17.4819	-17.9456	-18.3801	-19.6815	0.374454	0.301968	0.189909	0.122988	0.0106807	0.31138
1559	-42.3238	-40.4222	-39.7555	-39.6445	-39.937	0.0257822	0.172656	0.336298	0.37576	0.089503	0.752926
1560	-66.1142	-51.7622	-44.8473	-41.9779	-38.0737	1.95051e-12	3.33537e-06	0.00335906	0.0592104	0.937427	1.9431
1561	-34.5083	-28.4129	-25.3682	-23.959	-21.8663	6.82071e-06	0.00302697	0.0635806	0.26022	0.673166	1.63176
1562	-18.1553	-18.3119	-18.4888	-18.5527	-18.7683	0.2927	0.250285	0.20969	0.196722	0.0506023	0.458954
1563	-24.5458	-20.6972	-19.2573	-18.9296	-19.2311	0.00170743	0.080121	0.338153	0.469252	0.110766	0.864391
1564	-4.28235	-4.59715	-5.2755	-5.91028	-7.80327	0.43363	0.316521	0.16062	0.0851365	0.00409216	0.250789
1565	-82.9056	-68.5535	-61.6347	-58.7568	-54.8013	1.83581e-12	3.13945e-06	0.00317446	0.056432	0.94039	1.94639
1566	-89.1225	-68.3687	-57.9868	-53.4493	-46.6781	1.15106e-18	1.18667e-09	3.82944e-05	0.00357887	0.996383	2.00848
1567	-20.7192	-18.9538	-18.5733	-18.7234	-19.7895	0.0424436	0.24803	0.362893	0.312316	0.034317	0.613588
1568	-30.9619	-24.9605	-22.3206	-21.3959	-20.6479	3.33786e-05	0.0134848	0.188944	0.476363	0.321176	1.19638
1569	-69.5576	-56.4709	-49.8279	-47.0236	-43.1707	1.01573e-11	4.9007e-06	0.00376057	0.0621119	0.934123	1.93936
1570	-26.3777	-22.5004	-21.0025	-20.6254	-20.8055	0.00150583	0.0727156	0.325211	0.474192	0.126376	0.891545
1571	-48.1836	-39.9668	-36.013	-34.3969	-32.3103	2.72728e-07	0.00100985	0.0526469	0.264983	0.68136	1.64603
1573	-69.136	-54.6939	-47.5925	-44.5566	-40.1924	8.09495e-13	1.51473e-06	0.00183837	0.0382735	0.959887	1.9681
1574	-68.7507	-56.4899	-50.6419	-48.2442	-45.0064	1.34686e-10	2.84546e-05	0.00986042	0.108439	0.881672	1.88006
1575	-35.2621	-29.0479	-26.0043	-24.7478	-23.1575	9.47937e-06	0.00473784	0.0993987	0.349206	0.546648	1.48004
1576	-23.7041	-19.3652	-17.1796	-16.3653	-15.784	0.000314827	0.0241238	0.214599	0.484474	0.276489	1.13063
1577	-42.8065	-34.5743	-30.5891	-28.9622	-26.9782	2.75976e-07	0.00103772	0.0558255	0.284023	0.659114	1.62066
1578	-54.0927	-41.8272	-35.9742	-33.5794	-30.4017	1.41017e-10	2.99327e-05	0.0104244	0.114312	0.875234	1.87284
1579	-45.883	-37.7041	-33.7923	-32.1819	-30.0153	2.81055e-07	0.00100193	0.0500852	0.250679	0.698233	1.66532
1580	-69.9001	-57.4628	-51.2895	-48.6389	-44.8511	3.85136e-11	9.70638e-06	0.00465678	0.0659527	0.929381	1.93387
1581	-55.6568	-45.4369	-40.5658	-38.58	-35.9827	7.06901e-09	0.000193999	0.0253105	0.184383	0.790112	1.77475
1582	-27.6322	-21.5635	-18.7762	-17.7106	-16.5229	2.03545e-05	0.00879576	0.142809	0.414542	0.433832	1.33884
1583	-20.6163	-16.7395	-15.2415	-14.8627	-15.0259	0.00150163	0.0724822	0.324193	0.473478	0.128345	0.894224
1584	-46.1718	-38.101	-34.4216	-33.0249	-31.4475	6.97228e-07	0.00223096	0.0883945	0.357279	0.552095	1.4917
1585	-45.5098	-35.4179	-30.5003	-28.4547	-25.6492	6.11525e-09	0.000147665	0.020182	0.156081	0.823589	1.81306
1586	-46.6828	-38.5231	-34.5957	-32.9241	-30.5461	2.28466e-07	0.000799015	0.04057	0.215856	0.742774	1.71735
1588	-42.2568	-34.1119	-30.2841	-28.7631	-26.9055	4.22136e-07	0.00145463	0.0668564	0.305974	0.625714	1.58007
1589	-13.1267	-11.2693	-10.6954	-10.6707	-11.2513	0.0307494	0.19701	0.349743	0.358488	0.0640097	0.698216
1590	-31.6602	-27.6825	-25.9904	-25.4538	-25.2487	0.000966579	0.0516133	0.280304	0.47933	0.187786	0.990169
1591	-12.3007	-12.5519	-13.0937	-13.6015	-15.1206	0.39657	0.308474	0.179428	0.107984	0.00754398	0.28706
1592	-25.897	-22.0222	-20.5305	-20.1605	-20.3682	0.00152989	0.0737028	0.327577	0.474234	0.122956	0.886243
1593	-20.8847	-16.9452	-15.3166	-14.8219	-14.6852	0.00110978	0.0570327	0.290701	0.47674	0.174417	0.967855
1594	-4.28235	-4.59715	-5.27549	-5.91028	-7.80327	0.43363	0.316521	0.16062	0.0851366	0.00409218	0.250789
1595	-4.99471	-5.22623	-5.72511	-6.19195	-7.58414	0.384465	0.305005	0.185202	0.116118	0.00920939	0.300235
1596	-7.47776	-7.7642	-8.37986	-8.95387	-10.6514	0.416923	0.31308	0.169152	0.095277	0.00556809	0.266899
1597	-23.7564	-19.8109	-18.1667	-17.6541	-17.4393	0.00105924	0.0547684	0.283521	0.473389	0.187262	0.98608
1598	-11.4685	-9.65463	-9.17464	-9.23797	-10.0804	0.0361917	0.222004	0.358771	0.336754	0.0462796	0.652632
1599	-3.97591	-4.31777	-5.05012	-5.72978	-7.72101	0.447896	0.318207	0.152987	0.0775319	0.00337794	0.238662
1600	-64.1142	-50.5759	-43.6844	-40.736	-36.5182	3.09485e-12	2.34561e-06	0.00230778	0.0440235	0.953666	1.96116
1601	-26.9563	-25.0196	-24.2769	-24.097	-24.2301	0.022305	0.1547	0.325099	0.389172	0.108724	0.794015
1602	-23.7248	-23.918	-24.334	-24.7224	-25.8684	0.360448	0.297128	0.196011	0.132928	0.0134848	0.328387
1603	-3.93952	-4.25755	-4.93619	-5.56271	-7.38033	0.433994	0.315766	0.16019	0.0856128	0.00443723	0.251539
1604	-11.0637	-11.3474	-11.9554	-12.5199	-14.1767	0.414901	0.312402	0.170089	0.0967207	0.00588763	0.269226
1605	-10.5774	-8.80483	-8.40879	-8.54397	-9.55999	0.0414009	0.243675	0.362083	0.316298	0.0365424	0.620405
1606	-6.60079	-6.76305	-7.10912	-7.42822	-8.35008	0.33963	0.288759	0.204287	0.148476	0.0188474	0.3561
1607	-22.548	-20.6117	-19.8665	-19.6794	-19.7567	0.0220478	0.15286	0.322051	0.388336	0.114705	0.803179
1608	-32.3204	-25.9795	-22.8283	-21.5573	-20.0798	7.86565e-06	0.00446232	0.10426	0.371615	0.519654	1.44912
1609	-21.2913	-19.4091	-18.7866	-18.7219	-19.2068	0.0282229	0.185367	0.34545	0.368543	0.072417	0.719634
1610	-5.97744	-6.28773	-6.95049	-7.56325	-9.34736	0.429754	0.315109	0.162416	0.0880051	0.00471661	0.255345
1611	-28.6835	-24.7154	-23.0237	-22.4679	-22.1309	0.000938829	0.0496476	0.269515	0.469873	0.210025	1.01967
1612	-88.6488	-74.1896	-66.9512	-63.6871	-58.3637	2.17061e-13	4.13168e-07	0.000575048	0.0150408	0.984384	1.99523
1613	-58.312	-50.0343	-45.9589	-44.2357	-41.8454	1.65147e-07	0.000649877	0.03826	0.214349	0.746741	1.72259
1614	-8.30835	-8.60848	-9.24551	-9.82932	-11.4985	0.422994	0.313321	0.165704	0.0924244	0.00555693	0.262474
1615	-17.7805	-13.9515	-12.5603	-12.2862	-12.7894	0.00191492	0.0881168	0.354206	0.465878	0.0898848	0.829961
1616	-63.5514	-50.8079	-44.2012	-41.2647	-36.8699	7.78161e-12	2.66391e-06	0.00197146	0.0371603	0.960866	1.96912
1617	-61.631	-49.2886	-43.2673	-40.7123	-37.0476	6.07535e-11	1.39255e-05	0.00573879	0.0738649	0.920382	1.92368
1618	-44.8789	-34.6331	-29.7034	-27.6588	-24.8639	5.2305e-09	0.000147306	0.0203786	0.157448	0.822026	1.81128
1619	-34.5366	-26.3442	-22.4777	-20.9695	-19.2825	4.3453e-07	0.0015702	0.0750132	0.338973	0.584444	1.53215
1620	-108.728	-84.493	-72.2754	-66.9564	-59.0101	8.00798e-22	2.68202e-11	5.42626e-06	0.00110791	0.998887	2.01122
1621	-30.4527	-24.4826	-21.9019	-21.0213	-20.3323	3.85115e-05	0.0150795	0.199143	0.480417	0.305322	1.17434
1622	-37.8096	-31.8119	-29.1778	-28.2554	-27.4928	3.35988e-05	0.0135234	0.188393	0.473859	0.324191	1.19983
1623	-47.5986	-37.3685	-32.4795	-30.4809	-27.8616	6.67131e-09	0.000184947	0.024566	0.18126	0.793989	1.77924
1624	-41.8865	-34.0869	-30.0984	-28.4724	-26.4949	4.2614e-07	0.00103957	0.0561128	0.285235	0.657612	1.61892
1625	-74.4152	-59.8426	-52.5995	-49.5209	-45.2373	6.38338e-13	1.36107e-06	0.0019033	0.0413518	0.956744	1.96465
1626	-73.7707	-59.3682	-52.3436	-49.3707	-45.1549	1.11615e-12	2.00758e-06	0.00225628	0.0441073	0.953634	1.96114
1627	-63.1372	-50.5068	-44.0831	-41.2933	-37.2995	1.77436e-11	5.42456e-06	0.0033432	0.054417	0.942234	1.94834
1628	-45.6564	-35.502	-30.7677	-28.9044	-26.6398	1.25464e-08	0.00032247	0.0366919	0.236477	0.726508	1.70135
1629	-49.1828	-40.743	-36.504	-34.7285	-32.3951	1.18295e-07	0.000547452	0.0379584	0.224067	0.737427	1.71263
1630	-44.276	-36.0576	-32.1138	-30.5195	-28.5496	3.03505e-07	0.00112556	0.0580954	0.286134	0.654644	1.61492
1631	-34.9434	-28.7974	-25.86	-24.6697	-23.1726	1.25724e-05	0.00586961	0.110738	0.364117	0.519263	1.44537
1632	-27.166	-23.1605	-21.4115	-20.8246	-20.4813	0.000837197	0.0459655	0.264236	0.475196	0.213764	1.02838
1633	-53.9519	-41.7496	-36.0336	-33.7674	-30.9739	2.71263e-10	5.40481e-05	0.0164146	0.158282	0.82525	1.81627
1634	-50.1732	-41.8805	-37.8752	-36.2792	-34.4024	2.80904e-07	0.00112215	0.0615913	0.303851	0.633435	1.59059
1635	-44.6034	-36.5018	-32.7673	-31.3336	-29.7364	6.1192e-07	0.00201915	0.084536	0.354574	0.55887	1.5006
1636	-4.01442	-4.35164	-5.07402	-5.74464	-7.71365	0.445339	0.317859	0.154352	0.0789342	0.00351629	0.240882
1637	-42.8757	-38.1252	-35.7491	-34.8854	-34.1783	0.000160674	0.0185802	0.199971	0.474306	0.306982	1.17319
1638	-33.2629	-29.2887	-27.5844	-27.018	-26.6596	0.000911205	0.048485	0.266532	0.469606	0.214466	1.02643
1641	-25.483	-23.5578	-22.7807	-22.4867	-22.0151	0.0188618	0.129323	0.28132	0.377469	0.193027	0.922892
1642	-52.7326	-42.2358	-36.8834	-34.5461	-31.221	1.26778e-09	4.58958e-05	0.00968944	0.100312	0.889952	1.88912
1643	-11.0734	-11.2784	-11.7211	-12.1367	-13.3871	0.368346	0.300074	0.192749	0.127204	0.0116255	0.318272
1644	-48.3085	-40.1645	-36.3402	-34.8209	-32.9358	4.1735e-07	0.0014368	0.0658079	0.300693	0.632062	1.58737
1645	-15.8356	-14.0548	-13.6464	-13.777	-14.8198	0.0406864	0.241456	0.363242	0.31876	0.0358561	0.621504
1646	-59.0497	-46.6481	-40.6135	-38.1327	-34.9485	9.37286e-11	2.27949e-05	0.00951934	0.113763	0.876694	1.87476
1647	-19.3548	-17.4744	-16.8516	-16.7818	-17.2297	0.0281264	0.184388	0.343733	0.368594	0.0751587	0.724027
1648	-56.7745	-46.5943	-41.8111	-39.9104	-37.5798	1.06993e-08	0.000282211	0.0337188	0.225595	0.740404	1.71757
1649	-5.06384	-5.29536	-5.7937	-6.25959	-7.64887	0.384343	0.30491	0.185244	0.116255	0.00924716	0.30044
1650	-23.724	-19.8491	-18.3565	-17.9846	-18.1832	0.00152502	0.0734703	0.326861	0.474099	0.124045	0.887856
1651	-25.1082	-23.2477	-22.651	-22.5837	-22.9201	0.0290453	0.186665	0.339023	0.362604	0.0826624	0.731385
1652	-20.2144	-16.3816	-14.981	-14.6969	-15.1657	0.00187496	0.0866049	0.351409	0.466883	0.0932283	0.835729
1653	-54.9154	-44.7275	-39.922	-37.9938	-35.5497	9.28367e-09	0.000246771	0.030151	0.207341	0.762261	1.74266
1654	-17.7206	-17.8884	-18.2475	-18.5807	-19.5559	0.34364	0.290566	0.202888	0.145408	0.0174984	0.350208
1655	-13.4225	-11.3703	-10.5224	-10.3416	-10.7227	0.0186964	0.145555	0.339811	0.407179	0.0887584	0.776958
1656	-14.4308	-12.6612	-12.2713	-12.4124	-13.4479	0.0418164	0.245398	0.362394	0.314731	0.0356602	0.617707
1657	-4.04827	-4.40667	-5.17662	-5.89417	-8.01628	0.457398	0.319627	0.147999	0.0722159	0.00276034	0.230181
1658	-10.4326	-8.61083	-8.1155	-8.16676	-8.98896	0.0353115	0.218319	0.358269	0.340368	0.0477335	0.657866
1659	-13.9142	-14.0824	-14.4419	-14.7744	-15.7418	0.343702	0.290482	0.202767	0.145414	0.017636	0.350406
1660	-17.2384	-13.3467	-11.8223	-11.4265	-11.5897	0.00142893	0.070007	0.321498	0.477609	0.129457	0.898256
1661	-24.0141	-20.0518	-18.3732	-17.8308	-17.5407	0.000974108	0.0512189	0.274413	0.472063	0.201331	1.00729
1662	-13.2438	-13.4204	-13.7978	-14.1466	-15.1608	0.349029	0.292518	0.200572	0.141502	0.0163789	0.343543
1663	-10.6772	-10.9988	-11.6887	-12.3305	-14.223	0.436818	0.316683	0.158859	0.0836183	0.00402116	0.248351
1664	-17.9093	-16.0617	-15.5104	-15.5087	-16.1688	0.0320473	0.203328	0.352883	0.353449	0.0582933	0.685115
1665	-38.8862	-30.7802	-27.0358	-25.5924	-23.9644	5.87641e-07	0.00194768	0.0823547	0.34877	0.566927	1.5102
1666	-13.798	-12.0151	-11.5973	-11.7136	-12.6897	0.0400233	0.238018	0.361471	0.321798	0.0386898	0.628314
1667	-41.6465	-35.6404	-32.9881	-32.0489	-31.2429	3.18267e-05	0.0129185	0.183281	0.468822	0.334947	1.2138
1668	-41.02	-32.731	-28.6887	-27.0383	-24.9947	2.31495e-07	0.000921263	0.0524738	0.273344	0.673261	1.63734
1669	-16.3883	-14.6115	-14.2119	-14.3512	-15.4248	0.0412719	0.24395	0.363778	0.316485	0.0345159	0.617513
1670	-24.1126	-22.0591	-21.1559	-20.8937	-20.9663	0.0165423	0.128955	0.318179	0.413587	0.122737	0.835639
1671	-67.3918	-55.0783	-49.1304	-46.6565	-43.2902	9.56558e-11	2.1301e-05	0.00815661	0.0968157	0.895006	1.89519
1672	-8.88284	-9.21974	-9.93732	-10.5982	-12.5081	0.444297	0.317218	0.154782	0.079926	0.00377747	0.242417
1673	-46.7178	-36.5376	-31.7462	-29.8282	-27.3977	9.68266e-09	0.000255389	0.0307642	0.209423	0.759557	1.73949
1674	-20.5172	-20.6836	-20.9736	-21.1763	-21.6014	0.32201	0.272647	0.204013	0.166581	0.0347495	0.40108
1675	-30.9275	-24.7572	-21.7726	-20.5442	-18.964	1.083e-05	0.00518053	0.102464	0.349997	0.542348	1.47395
1676	-9.01408	-9.28683	-9.87277	-10.4189	-12.0366	0.408843	0.311242	0.173233	0.100331	0.00635071	0.274906
1677	-29.0567	-22.9998	-20.2422	-19.2097	-18.1505	2.30099e-05	0.00982692	0.154883	0.434953	0.400314	1.2973
1678	-4.28235	-4.59715	-5.2755	-5.91029	-7.80328	0.433631	0.316521	0.16062	0.0851363	0.00409214	0.250789
1679	-26.3058	-20.332	-17.7505	-16.8788	-16.2777	3.96251e-05	0.0155728	0.205826	0.492102	0.28646	1.15107
1680	-35.6162	-27.5732	-23.9625	-22.6418	-21.3651	9.58901e-07	0.0029842	0.11039	0.41354	0.473085	1.39731
1681	-4.01442	-4.35164	-5.07402	-5.74464	-7.71365	0.445339	0.317859	0.154352	0.0789342	0.00351629	0.240882
1682	-9.21878	-9.52582	-10.1846	-10.7975	-12.605	0.42857	0.315267	0.163147	0.0883885	0.00462776	0.255939
1683	-108.088	-89.4978	-80.3092	-76.3362	-70.4155	1.35368e-16	1.60322e-08	0.000156874	0.0083371	0.991506	2.00313
1684	-20.609	-16.6663	-15.0318	-14.5331	-14.3887	0.00109574	0.0564973	0.289634	0.476931	0.175842	0.970187
1685	-26.4777	-24.5802	-23.9563	-23.9178	-24.573	0.0284154	0.189503	0.353633	0.367537	0.0609111	0.701023
1686	-80.7316	-67.4182	-60.5847	-57.6448	-53.4199	4.11385e-12	2.49009e-06	0.00231172	0.0437228	0.953963	1.96148
1687	-15.3474	-13.5262	-13.0305	-13.0796	-13.886	0.0352621	0.217906	0.357731	0.340575	0.0485263	0.659264
1688	-7.28784	-7.54507	-8.09847	-8.61552	-10.1557	0.399842	0.309153	0.17776	0.105995	0.00725018	0.283895
1689	-17.5624	-17.7975	-18.3036	-18.7768	-20.1887	0.386552	0.305567	0.184204	0.114754	0.00892373	0.297993
1690	-54.2659	-43.739	-38.3788	-36.059	-32.8002	1.31713e-09	4.91365e-05	0.0104551	0.10636	0.883136	1.88142
1691	-38.2231	-30.0855	-26.2703	-24.7571	-22.9	4.33873e-07	0.00148415	0.0673604	0.305895	0.62526	1.57938
1692	-4.39788	-4.69946	-5.34678	-5.94951	-7.73105	0.425514	0.314731	0.164744	0.0901669	0.00484494	0.258748
1693	-4.9359	-5.20937	-5.79964	-6.35335	-8.01376	0.409947	0.311859	0.172825	0.0993432	0.00602534	0.273255
1694	-8.17778	-8.45306	-9.04618	-9.6012	-11.2567	0.410754	0.311909	0.172361	0.0989457	0.00603052	0.272664
1695	-31.9466	-25.9323	-23.2635	-22.3099	-21.464	3.02873e-05	0.0123939	0.17876	0.463883	0.344933	1.22666
1696	-4.7451	-5.03197	-5.65001	-6.22835	-7.95469	0.417543	0.31341	0.168928	0.0947397	0.00537953	0.265975
1697	-35.9018	-27.8151	-24.1094	-22.6987	-21.1482	6.69796e-07	0.00217752	0.088578	0.36307	0.546174	1.48523
1698	-4.28235	-4.59715	-5.2755	-5.91029	-7.80328	0.433631	0.316521	0.16062	0.0851363	0.00409214	0.250789
1699	-17.8957	-16.1425	-15.7895	-15.9668	-17.12	0.0443162	0.255833	0.364146	0.304988	0.0307176	0.601864
1700	-15.4403	-13.6536	-13.2306	-13.3454	-14.3321	0.0397226	0.237135	0.362005	0.322744	0.0383941	0.628716
1701	-11.0003	-9.30846	-9.08892	-9.3923	-10.9238	0.0539698	0.293022	0.36496	0.269457	0.018591	0.552634
1702	-29.3086	-27.4508	-26.8775	-26.8551	-27.4515	0.0308115	0.19749	0.350391	0.358327	0.0629803	0.69646
1703	-35.7205	-29.7086	-27.0442	-26.0943	-25.2557	3.06592e-05	0.0125172	0.179728	0.464708	0.343016	1.22414
1704	-16.7806	-17.0316	-17.5728	-18.0798	-19.5955	0.3964	0.308404	0.179501	0.108116	0.00757862	0.287275
1705	-23.4669	-19.6162	-18.1724	-17.8423	-18.1403	0.00169456	0.0796951	0.337639	0.469706	0.111265	0.865438
1706	-11.3723	-11.6377	-12.2064	-12.7346	-14.2912	0.404128	0.309918	0.175506	0.103484	0.00696356	0.279971
1707	-28.684	-24.7693	-23.1926	-22.7446	-22.7306	0.00125576	0.0629573	0.304637	0.476843	0.154307	0.936576
1708	-19.285	-17.5947	-17.3797	-17.6891	-19.2483	0.054331	0.294533	0.36516	0.26799	0.0179857	0.55048
1709	-4.9359	-5.20937	-5.79964	-6.35335	-8.01376	0.409947	0.311859	0.172825	0.0993432	0.00602534	0.273255
1710	-30.1361	-24.0266	-21.275	-20.3282	-19.7092	2.74315e-05	0.0123478	0.193457	0.498653	0.295514	1.16767
1711	-6.93714	-7.20109	-7.7667	-8.29231	-9.84206	0.403286	0.309728	0.17593	0.104009	0.00704652	0.280807
1712	-9.53366	-9.77409	-10.2925	-10.7781	-12.2324	0.390004	0.306654	0.182609	0.112358	0.00837475	0.294065
1713	-10.3133	-8.56313	-8.21744	-8.40282	-9.58811	0.0448341	0.258059	0.36463	0.302929	0.0295479	0.598334
1714	-43.2121	-35.1638	-31.5381	-30.1981	-28.8306	8.83976e-07	0.00276527	0.103843	0.396597	0.496794	1.42561
1715	-38.4784	-30.3749	-26.6357	-25.1965	-23.5764	5.97118e-07	0.00197407	0.0830425	0.350192	0.564791	1.50761
1716	-18.3456	-16.4614	-15.8322	-15.7593	-16.2159	0.0278588	0.183358	0.343987	0.370008	0.0747886	0.724525
1717	-26.9345	-22.7905	-20.8226	-20.0855	-19.4351	0.000491416	0.0309858	0.221743	0.463398	0.283383	1.13046
1718	-3.96718	-4.37503	-5.25137	-6.06797	-8.47867	0.4836	0.321635	0.133897	0.0591734	0.00169483	0.208997
1719	-4.72478	-4.90841	-5.30547	-5.679	-6.80791	0.355038	0.295476	0.198647	0.136729	0.0141102	0.3342
1720	-4.28235	-4.59715	-5.2755	-5.91029	-7.80328	0.433631	0.316521	0.16062	0.0851363	0.00409214	0.250789
1721	-8.60261	-8.84092	-9.35471	-9.8361	-11.2779	0.388714	0.30629	0.183229	0.113222	0.00854471	0.295455
1722	-24.6335	-22.7735	-22.192	-22.158	-22.6984	0.030292	0.194595	0.348066	0.360105	0.0669423	0.704172
1723	-41.0417	-30.9195	-26.2578	-24.467	-22.4455	1.77052e-08	0.000440697	0.0466303	0.279526	0.673403	1.63991
1724	-11.7458	-9.8981	-9.34683	-9.34579	-10.0118	0.032063	0.203454	0.353084	0.353452	0.0579468	0.68456
1725	-3.99661	-4.34335	-5.08434	-5.76996	-7.76944	0.450233	0.318311	0.15172	0.0764329	0.00330272	0.236852
1726	-48.2468	-40.0911	-36.2498	-34.7255	-32.8899	4.16396e-07	0.00145045	0.0675695	0.310268	0.620711	1.57437
1727	-14.9159	-13.1317	-12.7121	-12.8277	-13.8047	0.0399138	0.237682	0.361601	0.322106	0.0386964	0.628618
1728	-19.2452	-17.4662	-17.0569	-17.1811	-18.1756	0.0405654	0.240309	0.361827	0.319574	0.0377244	0.624983
1729	-11.7806	-12.1024	-12.7908	-13.4287	-15.2953	0.43652	0.316394	0.158949	0.0839915	0.00414511	0.248933
1730	-33.3442	-31.2961	-30.4708	-30.316	-30.7722	0.019498	0.151161	0.345056	0.402831	0.0814545	0.762347
1731	-23.5492	-23.7998	-24.3373	-24.8373	-26.3151	0.395421	0.307765	0.179811	0.109063	0.00793952	0.288904
1732	-8.17778	-8.45306	-9.04618	-9.6012	-11.2567	0.410754	0.311909	0.172361	0.0989457	0.00603052	0.272664
1733	-17.2657	-15.4182	-14.8688	-14.8711	-15.5566	0.0321955	0.204243	0.353808	0.353002	0.0567518	0.682309
1734	-4.28235	-4.59715	-5.2755	-5.91029	-7.80328	0.433631	0.316521	0.16062	0.0851363	0.00409214	0.250789
1735	-17.2787	-17.5314	-18.076	-18.5858	-20.1111	0.397367	0.308619	0.179027	0.107522	0.00746488	0.286294
1736	-60.299	-50.1614	-45.4669	-43.6456	-41.5354	1.54237e-08	0.00038985	0.042628	0.263428	0.693554	1.66331
1737	-39.5274	-39.6887	-40.0367	-40.3634	-41.346	0.340453	0.289754	0.204588	0.147576	0.0176283	0.353202
1738	-4.7451	-5.03197	-5.65001	-6.22835	-7.95469	0.417543	0.31341	0.168928	0.0947397	0.00537953	0.265975
1739	-10.945	-11.211	-11.7828	-12.3166	-13.9043	0.404974	0.310381	0.175204	0.10274	0.00670151	0.278696
1740	-9.99567	-10.2198	-10.7029	-11.1552	-12.509	0.379982	0.303679	0.187341	0.119176	0.00982161	0.30514
1741	-5.59286	-5.80236	-6.25479	-6.67967	-7.95872	0.371183	0.301025	0.191477	0.125197	0.0111188	0.31493
1742	-8.83512	-9.00376	-9.36254	-9.69171	-10.6291	0.343333	0.290054	0.202611	0.145782	0.0182196	0.351739
1743	-4.9359	-5.20937	-5.79964	-6.35335	-8.01376	0.409947	0.311859	0.172825	0.0993432	0.00602534	0.273255
1744	-14.1546	-12.4391	-12.1691	-12.4259	-13.8263	0.0502057	0.279098	0.365634	0.282815	0.0222477	0.569892
1745	-30.4284	-24.3824	-21.6444	-20.6249	-19.5747	2.40645e-05	0.0101646	0.157108	0.435488	0.397215	1.29289
1746	-12.4351	-10.7167	-10.4399	-10.6902	-12.069	0.0497114	0.277196	0.365589	0.284625	0.0228777	0.572422
1747	-30.1448	-26.2384	-24.6765	-24.2383	-24.2287	0.00129278	0.0642764	0.306437	0.47496	0.153033	0.933558
1748	-9.88073	-10.1101	-10.6049	-11.0687	-12.4594	0.383315	0.304742	0.185808	0.116854	0.0092812	0.301324
1749	-7.63502	-7.9631	-8.66714	-9.32235	-11.2554	0.440506	0.3173	0.156931	0.0814991	0.0037635	0.244989
1750	-32.3491	-28.3727	-26.6646	-26.0955	-25.7326	0.000903347	0.0481712	0.265833	0.469659	0.215434	1.02797
1751	-4.97572	-5.21565	-5.73293	-6.21759	-7.66925	0.389699	0.30657	0.182758	0.112562	0.00841192	0.294389
1752	-4.9359	-5.20937	-5.79964	-6.35335	-8.01376	0.409947	0.311859	0.172825	0.0993432	0.00602534	0.273255
1753	-5.04359	-5.29594	-5.84007	-6.34979	-7.8739	0.397209	0.308622	0.179108	0.107583	0.007478	0.28642
1754	-5.42489	-5.5805	-5.9164	-6.2317	-7.18084	0.336814	0.288276	0.20603	0.150312	0.018567	0.358061
1755	-7.89895	-8.16378	-8.73385	-9.26664	-10.852	0.404432	0.310336	0.175491	0.103006	0.00673466	0.27915
1756	-18.5929	-18.7488	-19.0853	-19.4011	-20.3515	0.336995	0.288346	0.205955	0.150178	0.0185263	0.35783
1757	-10.8079	-8.99055	-8.50395	-8.56257	-9.40237	0.0358232	0.220518	0.358733	0.338308	0.0466173	0.654425
1758	-14.0775	-14.3931	-15.0685	-15.6949	-17.5316	0.433068	0.315871	0.160762	0.0859288	0.00436935	0.252018
1759	-8.88284	-9.21974	-9.93732	-10.5982	-12.5081	0.444297	0.317218	0.154782	0.079926	0.00377747	0.242417
1760	-4.60492	-4.85469	-5.3922	-5.89461	-7.3924	0.395402	0.308012	0.179939	0.108877	0.00776968	0.288511
1761	-10.841	-11.0066	-11.3608	-11.6889	-12.6465	0.342146	0.28992	0.203441	0.146544	0.0179489	0.352315
1762	-27.6508	-21.6664	-19.0626	-18.1703	-17.5086	3.70769e-05	0.0147261	0.199039	0.485762	0.300436	1.16931
1763	-31.4912	-27.5557	-25.9349	-25.4463	-25.3145	0.00112787	0.0577349	0.291964	0.475901	0.173273	0.965634
1764	-40.8056	-33.8699	-30.4938	-29.2442	-28.0543	4.06226e-06	0.00417731	0.122207	0.426403	0.447209	1.36408
1765	-11.2298	-11.4821	-12.026	-12.5355	-14.059	0.397147	0.308605	0.179138	0.107624	0.00748569	0.286485
1766	-4.83334	-5.03826	-5.47868	-5.88957	-7.11015	0.367687	0.299558	0.192846	0.127869	0.01204	0.319658
1767	-22.332	-22.5084	-22.887	-23.2393	-24.2803	0.34948	0.292952	0.200626	0.141047	0.0158946	0.342275
1768	-4.01442	-4.35164	-5.07402	-5.74464	-7.71365	0.445339	0.317859	0.154352	0.0789342	0.00351629	0.240882
1769	-13.8577	-14.1863	-14.8912	-15.5471	-17.4806	0.440751	0.317317	0.156797	0.0813784	0.00375629	0.244796
1770	-9.91062	-10.0905	-10.4773	-10.8385	-11.9148	0.351971	0.294022	0.199707	0.139162	0.015138	0.338759
1771	-3.99661	-4.34335	-5.08434	-5.76996	-7.76944	0.450233	0.318311	0.15172	0.0764329	0.00330272	0.236852
1772	-12.1106	-10.3613	-10.0178	-10.2053	-11.3975	0.044985	0.258677	0.364707	0.302341	0.0292892	0.597439
1773	-5.26014	-5.47142	-5.92689	-6.35364	-7.63241	0.37206	0.301203	0.191007	0.124656	0.011074	0.314129
1774	-4.59012	-4.92107	-5.63342	-6.2992	-8.2816	0.442573	0.317872	0.155913	0.0801201	0.00352164	0.242812
1775	-4.97572	-5.21565	-5.73293	-6.21759	-7.66925	0.389699	0.30657	0.182758	0.112562	0.00841192	0.294389
1776	-84.2684	-71.9233	-65.8894	-63.3168	-59.5876	5.53945e-11	1.27315e-05	0.00531308	0.0696044	0.92507	1.92894
1777	-33.9611	-27.8867	-25.0863	-24.0073	-22.7761	1.93771e-05	0.00842095	0.138536	0.407534	0.44549	1.35332
1778	-7.28784	-7.54507	-8.09847	-8.61552	-10.1557	0.399842	0.309153	0.17776	0.105995	0.00725018	0.283895
1779	-20.7276	-16.8657	-15.4005	-15.0536	-15.3216	0.00162165	0.0771161	0.333786	0.472217	0.11526	0.873096
1780	-26.2239	-22.2934	-20.7106	-20.2827	-20.424	0.00127284	0.0648245	0.315603	0.484158	0.134141	0.909356
1781	-16.5132	-16.6944	-17.0836	-17.4465	-18.5245	0.352662	0.294223	0.199368	0.138687	0.0150594	0.338025
1782	-7.43826	-7.67654	-8.18911	-8.66779	-10.091	0.388371	0.306029	0.183297	0.113571	0.00873207	0.296134
1783	-41.4849	-33.192	-29.1734	-27.5632	-25.6751	2.71514e-07	0.00108489	0.0603441	0.301957	0.636614	1.59452
1784	-23.6328	-19.6933	-18.0661	-17.5742	-17.4488	0.00111543	0.0573266	0.291776	0.477176	0.172607	0.965284
1785	-7.28037	-7.44583	-7.80286	-8.13771	-9.14263	0.343125	0.290798	0.203487	0.145583	0.0170071	0.349754
1786	-22.4361	-18.6216	-17.2601	-17.0121	-17.5844	0.00203688	0.0923806	0.360473	0.461933	0.0831764	0.817223
1787	-35.3973	-29.4604	-26.9551	-26.1501	-25.7164	4.87735e-05	0.0184729	0.226249	0.50605	0.249179	1.10111
1788	-34.5905	-28.5901	-25.9624	-25.0573	-24.3872	3.51945e-05	0.0142033	0.196607	0.486016	0.303138	1.1735
1789	-45.7141	-39.6744	-36.945	-35.9288	-34.8733	2.44394e-05	0.0102581	0.157192	0.434284	0.398242	1.29391
1790	-17.4215	-13.6015	-12.2278	-11.9678	-12.5002	0.00198362	0.0904591	0.35731	0.463409	0.0868386	0.823778
1791	-12.3325	-10.5578	-10.1612	-10.3017	-11.3692	0.0414514	0.244511	0.363502	0.315872	0.0346625	0.617201
1792	-14.6429	-12.8412	-12.388	-12.4773	-13.4035	0.0378553	0.229396	0.360918	0.330109	0.0417217	0.640034
1793	-40.2155	-32.1433	-28.4552	-27.0453	-25.4227	6.64986e-07	0.00213083	0.0851635	0.348815	0.56389	1.50576
1794	-20.7048	-18.9013	-18.4518	-18.5517	-19.5367	0.0381324	0.231486	0.362882	0.328367	0.0391327	0.634749
1795	-45.699	-39.663	-36.9495	-35.9553	-34.9821	2.61988e-05	0.0109569	0.165254	0.446595	0.377168	1.2676
1796	-29.8787	-23.8891	-21.2738	-20.3708	-19.6791	3.58333e-05	0.0143068	0.195602	0.482534	0.307521	1.17855
1797	-29.4583	-23.3141	-20.3918	-19.2261	-17.8427	1.38366e-05	0.00644813	0.119832	0.384417	0.489289	1.40908
1798	-23.9859	-20.1195	-18.6292	-18.2413	-18.3148	0.00150168	0.0717362	0.318377	0.469247	0.139138	0.908582
1799	-88.742	-70.1918	-61.0919	-57.2074	-51.6062	2.30726e-16	2.62616e-08	0.000235149	0.0114387	0.988326	1.99964
1800	-4.28235	-4.59715	-5.2755	-5.91029	-7.80328	0.433631	0.316521	0.16062	0.0851363	0.00409214	0.250789
1801	-18.067	-14.1517	-12.5776	-12.1368	-12.1731	0.00127347	0.0638817	0.308303	0.479101	0.14744	0.92711
1802	-31.1949	-27.3296	-25.8594	-25.5107	-25.7904	0.00160905	0.0767805	0.334019	0.473385	0.114206	0.872121
1803	-36.4881	-34.7155	-34.3218	-34.4621	-35.5075	0.0415846	0.244777	0.362882	0.315374	0.0353814	0.61789
1804	-4.72478	-4.90841	-5.30547	-5.679	-6.80791	0.355038	0.295476	0.198647	0.136729	0.0141102	0.3342
1805	-17.1009	-15.3287	-14.9382	-15.0847	-16.1724	0.0418481	0.246219	0.363866	0.31427	0.0337957	0.614529
1806	-28.2803	-22.0235	-18.9676	-17.7473	-16.3676	1.03376e-05	0.00539155	0.114522	0.388026	0.49205	1.41474
1807	-38.5876	-30.5856	-27.0564	-25.8028	-24.6683	1.22604e-06	0.00366223	0.124867	0.437406	0.434063	1.34919
1808	-24.2897	-20.4662	-19.0844	-18.8161	-19.3196	0.00194818	0.0891572	0.355043	0.464297	0.0895548	0.828518
1809	-54.4341	-46.3504	-42.649	-41.2391	-39.6658	6.6682e-07	0.00216131	0.0875393	0.358514	0.551784	1.49172
1810	-21.166	-19.3888	-18.9871	-19.1227	-20.1743	0.0411064	0.24308	0.363262	0.317188	0.0353633	0.619401
1811	-13.1308	-13.3105	-13.6962	-14.0555	-15.1214	0.351624	0.293799	0.199778	0.139469	0.0153301	0.339417
1812	-27.2356	-21.2648	-18.6881	-17.8191	-17.2158	3.99921e-05	0.0156701	0.206107	0.491461	0.286722	1.15118
1813	-15.452	-13.6088	-13.0671	-13.0743	-13.7591	0.0325843	0.205825	0.353821	0.351251	0.0565183	0.68055
1814	-29.9475	-24.0489	-21.622	-20.8852	-20.626	5.99428e-05	0.0218494	0.247413	0.516899	0.213779	1.0526
1815	-7.28784	-7.54507	-8.09847	-8.61552	-10.1557	0.399842	0.309153	0.17776	0.105995	0.00725018	0.283895
1816	-39.0353	-30.96	-27.2762	-25.8828	-24.3653	7.1612e-07	0.00230179	0.091601	0.369021	0.537076	1.47416
1817	-81.8127	-65.3264	-57.245	-53.801	-48.8643	1.50242e-14	2.17109e-07	0.000702107	0.0219833	0.977314	1.98748
1818	-15.47	-13.741	-13.4366	-13.6547	-14.9013	0.0476636	0.268573	0.364134	0.292769	0.0268592	0.585388
1819	-35.2058	-29.1363	-26.3075	-25.17	-23.7227	1.62455e-05	0.00702528	0.118903	0.370854	0.503202	1.42414
1820	-11.2274	-11.4694	-11.9903	-12.4763	-13.9093	0.390614	0.306659	0.182155	0.112041	0.00853106	0.293845
1821	-20.2241	-16.2274	-14.5239	-14.0003	-13.9072	0.000965491	0.0525416	0.28862	0.487221	0.170652	0.967889
1822	-11.4854	-11.7129	-12.2005	-12.6541	-13.9953	0.381334	0.303753	0.186521	0.118502	0.00989056	0.304236
1823	-30.7357	-26.8091	-25.2074	-24.7366	-24.6581	0.00118255	0.0599958	0.297657	0.476636	0.164529	0.952401
1824	-9.85916	-10.1856	-10.8872	-11.5417	-13.4824	0.439824	0.31734	0.157328	0.0817613	0.00374703	0.245415
1825	-4.39413	-4.70337	-5.36584	-5.98102	-7.78986	0.429609	0.315335	0.162579	0.0878814	0.00459495	0.25512
1826	-25.9335	-19.9933	-17.4815	-16.672	-16.2395	4.81541e-05	0.0182999	0.225575	0.506822	0.249254	1.10156
1827	-4.71762	-5.03002	-5.7026	-6.3314	-8.20442	0.432145	0.316197	0.161383	0.0860551	0.00421971	0.252229
1828	-20.0222	-18.1913	-17.673	-17.699	-18.424	0.0338949	0.211501	0.355122	0.346004	0.0534783	0.67147
1829	-19.7396	-15.8396	-14.2936	-13.8728	-13.9315	0.00134833	0.0666128	0.312603	0.476151	0.143285	0.919007
1830	-8.80948	-9.05742	-9.59209	-10.0932	-11.5953	0.394586	0.307937	0.180408	0.109302	0.0077667	0.289129
1831	-22.9863	-19.1216	-17.6502	-17.2973	-17.5474	0.00159889	0.0762521	0.332103	0.472601	0.117445	0.876721
1832	-11.1372	-9.31323	-8.80919	-8.84756	-9.60521	0.034719	0.215138	0.356138	0.342735	0.0512701	0.665318
1833	-27.7227	-23.8068	-22.2188	-21.7496	-21.6221	0.00120198	0.0603317	0.295284	0.472065	0.171118	0.960156
1834	-16.5341	-14.8029	-14.499	-14.7244	-16.0331	0.0477666	0.269758	0.365553	0.291766	0.0251566	0.582076
1835	-4.83573	-5.06011	-5.54221	-5.99188	-7.32774	0.379724	0.303405	0.187347	0.119497	0.0100266	0.305792
1836	-18.8054	-17.0197	-16.5948	-16.7025	-17.6338	0.039519	0.235673	0.360446	0.323662	0.0407004	0.633026
1837	-8.4396	-8.71435	-9.30664	-9.86129	-11.5186	0.410519	0.311896	0.172497	0.099061	0.00602711	0.272833
1838	-24.4173	-24.7505	-25.466	-26.1329	-28.1054	0.443483	0.317825	0.155385	0.079766	0.00354098	0.242236
1839	-29.7166	-23.7085	-21.0412	-20.0744	-19.1068	2.89012e-05	0.0117553	0.169283	0.445131	0.373802	1.26192
1840	-4.95053	-5.19983	-5.73744	-6.24132	-7.75177	0.395408	0.30816	0.180009	0.108759	0.00766362	0.288257
1841	-17.328	-17.6068	-18.2062	-18.7656	-20.427	0.412533	0.312143	0.17141	0.0979782	0.0059363	0.271128
1842	-23.1017	-23.4175	-24.0916	-24.7145	-26.5278	0.432799	0.315608	0.160837	0.0862651	0.00449042	0.252557
1843	-64.1542	-51.8715	-45.9844	-43.5612	-40.3172	1.22884e-10	2.65354e-05	0.0095618	0.107877	0.882535	1.8811
1844	-19.9336	-18.1172	-17.6308	-17.6871	-18.5037	0.0357901	0.220104	0.357991	0.33839	0.0477246	0.656225
1845	-4.0193	-4.28545	-4.85566	-5.3854	-6.94648	0.404563	0.310027	0.175292	0.103204	0.00691325	0.279522
1846	-6.05651	-6.37445	-7.05307	-7.68015	-9.5066	0.434008	0.315805	0.160213	0.0855776	0.00439636	0.251446
1847	-4.01442	-4.35164	-5.07402	-5.74464	-7.71365	0.445339	0.317859	0.154352	0.0789343	0.0035163	0.240882
1848	-4.28235	-4.59715	-5.2755	-5.91028	-7.80327	0.43363	0.316521	0.16062	0.0851364	0.00409215	0.250789
1849	-12.7707	-10.8959	-10.2848	-10.2257	-10.7066	0.0287449	0.187399	0.345285	0.366307	0.0722646	0.71758
1850	-4.66449	-4.96878	-5.62204	-6.23055	-8.03147	0.427103	0.315053	0.163936	0.0892076	0.00470135	0.257215
1851	-4.8236	-5.08967	-5.66164	-6.1955	-7.7835	0.405006	0.310389	0.175188	0.102719	0.00669797	0.278663
1852	-4.28235	-4.59715	-5.2755	-5.91028	-7.80327	0.43363	0.316521	0.16062	0.0851364	0.00409215	0.250789
1853	-13.308	-13.5698	-14.1306	-14.6515	-16.1856	0.401955	0.309369	0.176573	0.104885	0.00721738	0.282222
1854	-28.8212	-22.8669	-20.3257	-19.4895	-18.982	4.43362e-05	0.0170872	0.216932	0.500585	0.265352	1.12304
1855	-39.1481	-33.1476	-30.5061	-29.5724	-28.716	3.19407e-05	0.012893	0.180941	0.460274	0.345859	1.22653
1856	-37.7234	-33.829	-32.2966	-31.8903	-32.0024	0.00139591	0.0685785	0.317481	0.476583	0.135962	0.907831
1857	-39.0888	-33.1307	-30.5643	-29.6846	-28.9517	3.90243e-05	0.0150974	0.196538	0.473729	0.314597	1.18535
1858	-38.7964	-32.8339	-30.2668	-29.3964	-28.7356	3.99818e-05	0.0155361	0.20242	0.48334	0.298664	1.16559
1859	-26.9423	-22.809	-20.9164	-20.2746	-19.9326	0.000618269	0.038572	0.255987	0.486348	0.218475	1.04201
1860	-6.96722	-7.30611	-8.01842	-8.66362	-10.4873	0.443484	0.316011	0.155007	0.0813098	0.0041889	0.244395
1861	-19.0447	-17.1878	-16.6073	-16.5681	-17.0741	0.0302692	0.193824	0.346379	0.360225	0.0693036	0.707923
1862	-28.4461	-22.2299	-19.2921	-18.1941	-17.1777	1.58024e-05	0.00791386	0.149366	0.447809	0.394896	1.29475
1863	-45.3529	-36.8529	-31.9985	-29.7105	-26.3807	1.60657e-08	7.89541e-05	0.01013	0.0998395	0.889952	1.88894
1864	-9.65915	-9.93441	-10.5283	-11.0852	-12.7537	0.410954	0.312067	0.172309	0.0987305	0.00594001	0.272289
1865	-49.7368	-39.5631	-34.7893	-32.892	-30.5432	1.07599e-08	0.00028197	0.0333752	0.222548	0.743795	1.72138
1866	-22.7699	-23.0049	-23.5116	-23.9863	-25.4072	0.38671	0.305702	0.184178	0.11458	0.00883033	0.29766
1867	-35.0108	-29.0838	-26.5982	-25.81	-25.4207	5.14141e-05	0.0192823	0.231549	0.509247	0.239871	1.08851
1868	-11.9325	-10.1725	-9.80557	-9.97073	-11.093	0.0433811	0.252141	0.363915	0.308513	0.0320508	0.606925
1869	-7.28037	-7.44583	-7.80286	-8.13771	-9.14263	0.343125	0.290798	0.203487	0.145583	0.0170072	0.349755
1870	-17.7737	-13.9346	-12.5199	-12.2224	-12.6521	0.00181868	0.0845411	0.347897	0.468467	0.0972769	0.842934
1871	-27.7435	-23.4679	-21.3079	-20.4565	-19.6487	0.000312141	0.0224513	0.194681	0.456097	0.326459	1.19333
1872	-26.824	-24.9922	-24.4755	-24.5067	-25.2639	0.0340333	0.212549	0.356338	0.34539	0.0516893	0.668205
1873	-33.1801	-27.2724	-24.8275	-24.0763	-23.7887	5.73911e-05	0.0211131	0.243419	0.515907	0.219504	1.06078
1874	-17.9563	-14.0613	-12.5282	-12.1219	-12.2381	0.00139492	0.068568	0.317667	0.476889	0.135481	0.90725
1875	-19.2531	-19.5192	-20.091	-20.6247	-22.2124	0.40497	0.31038	0.175206	0.102742	0.00670194	0.278699
1876	-21.2855	-17.4734	-16.1148	-15.8665	-16.4217	0.00204379	0.0924712	0.359805	0.461207	0.0844736	0.818801
1877	-7.74882	-8.02419	-8.61629	-9.1686	-10.8019	0.410488	0.311678	0.172409	0.0992417	0.00618443	0.273222
1878	-22.8133	-18.9963	-17.6292	-17.3756	-17.9294	0.00201214	0.091492	0.359025	0.46262	0.0848513	0.820229
1879	-12.5115	-12.7755	-13.3413	-13.8671	-15.417	0.403339	0.309737	0.175902	0.103978	0.00704307	0.280758
1880	-8.53818	-8.85755	-9.54473	-10.1866	-12.0952	0.436009	0.316805	0.159351	0.0838663	0.00396872	0.248759
1881	-4.72478	-4.90841	-5.30547	-5.679	-6.8079	0.355037	0.295476	0.198647	0.136729	0.0141103	0.3342
1882	-22.2239	-18.387	-16.9743	-16.6747	-17.072	0.00181797	0.0843229	0.346328	0.4673	0.100232	0.846867
1883	-39.7562	-33.7223	-31.0125	-30.0223	-29.078	2.6725e-05	0.0111529	0.167589	0.451119	0.370113	1.25894
1884	-4.28235	-4.59715	-5.2755	-5.91028	-7.80327	0.43363	0.316521	0.16062	0.0851364	0.00409215	0.250789
1885	-4.01442	-4.35164	-5.07402	-5.74464	-7.71365	0.445339	0.317859	0.154352	0.0789343	0.0035163	0.240882
1886	-42.6087	-34.4979	-30.7403	-29.2812	-27.5856	5.4717e-07	0.00182237	0.0780777	0.335908	0.584192	1.53061
1892	-11.7483	-10.0301	-9.75409	-10.0051	-11.3871	0.0497673	0.277409	0.365601	0.284434	0.0227893	0.572117
1893	-11.8026	-9.92919	-9.3232	-9.27162	-9.79109	0.029074	0.189281	0.346967	0.36533	0.0693479	0.712142
1894	-81.9015	-65.0674	-56.4886	-52.7262	-47.175	2.56546e-15	5.24947e-08	0.000279156	0.0120186	0.987702	1.99894
1895	-4.0193	-4.28545	-4.85566	-5.3854	-6.94647	0.404563	0.310027	0.175292	0.103204	0.00691327	0.279522
1896	-40.8229	-32.7806	-29.1632	-27.8257	-26.4397	8.90337e-07	0.0027688	0.103116	0.392828	0.501286	1.43076
1897	-39.7497	-31.6326	-27.8653	-26.401	-24.7064	5.36262e-07	0.00179731	0.077758	0.336237	0.584207	1.53076
1898	-43.459	-33.2943	-28.5408	-26.6633	-24.3795	1.18486e-08	0.000307689	0.03569	0.233315	0.730687	1.70627
1899	-9.04599	-9.28492	-9.79814	-10.2766	-11.6967	0.388584	0.305996	0.183159	0.113507	0.00875457	0.29604
1900	-71.2099	-54.757	-46.7451	-43.3633	-38.5961	2.09048e-14	2.9218e-07	0.000881426	0.0259334	0.973185	1.98292
1901	-31.2123	-24.0268	-20.574	-19.3049	-18.112	2.87799e-06	0.0037996	0.120025	0.426978	0.449194	1.36729
1902	-20.7395	-18.8558	-18.2259	-18.1498	-18.5814	0.0277656	0.182636	0.342885	0.370026	0.0766879	0.727593
1903	-9.3812	-9.72362	-10.4599	-11.1466	-13.1801	0.448762	0.318643	0.152601	0.0767874	0.0032073	0.237518
1904	-7.3444	-7.56676	-8.04633	-8.49587	-9.84372	0.378983	0.303424	0.187835	0.119824	0.00993415	0.306171
1905	-6.89529	-7.14823	-7.69229	-8.2004	-9.71209	0.397232	0.308457	0.179024	0.107706	0.00758009	0.286659
1906	-8.30026	-8.66778	-9.45078	-10.1718	-12.2493	0.46105	0.319253	0.145909	0.070952	0.00283579	0.227992
1907	-37.2296	-30.7674	-27.4326	-26.0217	-24.1775	4.14834e-06	0.00265686	0.0745821	0.305775	0.616982	1.56695
1908	-13.4363	-11.7185	-11.4428	-11.693	-13.0538	0.0497578	0.277262	0.365275	0.284429	0.0232756	0.572877
1909	-7.51255	-7.82498	-8.4971	-9.12464	-10.987	0.432034	0.316106	0.161411	0.0861778	0.00427094	0.25244
1910	-4.72477	-4.90833	-5.30522	-5.67859	-6.80702	0.354989	0.295458	0.198668	0.136765	0.0141207	0.334261
1911	-26.0353	-20.0527	-17.4486	-16.5518	-15.8573	3.66326e-05	0.0145246	0.19636	0.481417	0.307661	1.17827
1912	-18.6889	-18.952	-19.5183	-20.0479	-21.6271	0.403429	0.310104	0.176006	0.103643	0.00681824	0.280129
1913	-10.2152	-10.4909	-11.0858	-11.6437	-13.3161	0.41122	0.31214	0.17218	0.0985538	0.00590646	0.272006
1914	-38.1218	-32.1498	-29.5716	-28.702	-28.0992	3.98696e-05	0.0156401	0.206043	0.491611	0.286666	1.15117
1915	-16.3637	-14.6119	-14.2602	-14.4368	-15.5807	0.0443939	0.255924	0.363792	0.304894	0.030997	0.602158
1916	-22.2722	-22.4486	-22.8244	-23.17	-24.1597	0.348465	0.292108	0.200597	0.141988	0.0168415	0.344843
1917	-41.9327	-37.8063	-35.877	-35.1747	-34.6109	0.000545517	0.0337964	0.232673	0.469616	0.263369	1.1027
1918	-14.7586	-14.9292	-15.2929	-15.6284	-16.5997	0.344955	0.290857	0.202171	0.144553	0.0174631	0.349028
1919	-26.1133	-22.2717	-20.8511	-20.547	-20.9482	0.00179269	0.0835378	0.345808	0.468718	0.100144	0.847549
1920	-4.01417	-4.35126	-5.07333	-5.74366	-7.71179	0.445261	0.317848	0.154393	0.0789779	0.00352134	0.240952
1921	-4.39382	-4.70293	-5.36512	-5.98004	-7.78807	0.429536	0.315321	0.162617	0.087925	0.00460094	0.25519
1922	-3.99632	-4.34292	-5.0836	-5.76893	-7.76749	0.450153	0.318301	0.151762	0.0764767	0.00330762	0.236922
1923	-21.1869	-17.3475	-15.9276	-15.6191	-15.9808	0.00178609	0.0830473	0.343541	0.467679	0.103947	0.852857
1924	-8.17758	-8.45274	-9.04562	-9.60041	-11.2552	0.410687	0.311894	0.172394	0.0989879	0.0060374	0.272731
1925	-13.2466	-13.4757	-13.9692	-14.431	-15.8112	0.382953	0.304549	0.18593	0.117163	0.00940411	0.30188
1926	-57.0869	-46.8746	-41.9881	-39.9685	-37.2109	5.96649e-09	0.000162501	0.0215308	0.162236	0.816071	1.80438
1927	-11.8383	-12.1525	-12.8296	-13.4631	-15.3522	0.433295	0.316459	0.160794	0.0853337	0.00411767	0.251101
1928	-4.60464	-4.8543	-5.39159	-5.89379	-7.39093	0.395339	0.307995	0.17997	0.108918	0.0077777	0.288578
1929	-4.8274	-5.10621	-5.70591	-6.266	-7.93286	0.412601	0.31221	0.171396	0.0978937	0.0058993	0.270983
1930	-13.0592	-11.2297	-10.716	-10.748	-11.5015	0.0341922	0.213045	0.356096	0.344863	0.0518039	0.667911
1931	-38.265	-30.1358	-26.3309	-24.8315	-23.0416	4.66712e-07	0.00158324	0.0711211	0.318539	0.608756	1.56
1932	-11.6114	-11.9473	-12.6658	-13.3315	-15.2789	0.444385	0.317598	0.154826	0.0795691	0.00362189	0.241877
1933	-6.99964	-7.29699	-7.93339	-8.52361	-10.2545	0.422651	0.313938	0.166134	0.0920726	0.00520412	0.261797
1934	-34.9994	-28.8382	-25.8231	-24.5387	-22.7853	9.14102e-06	0.00433295	0.0883478	0.319171	0.588139	1.52944
1935	-30.6584	-26.7767	-25.2732	-24.8958	-25.1043	0.00149645	0.0725828	0.326442	0.476133	0.123346	0.887914
1936	-65.9065	-53.5959	-47.653	-45.1869	-41.8812	1.02552e-10	2.27709e-05	0.00867644	0.102185	0.889116	1.88859
1937	-9.9603	-8.19449	-7.81793	-7.97809	-9.11175	0.0427895	0.250161	0.36455	0.310599	0.0319014	0.60851
1938	-20.974	-17.0839	-15.5602	-15.1615	-15.2941	0.00142381	0.0696446	0.319619	0.476214	0.133098	0.903155
1939	-13.7253	-11.8231	-11.1656	-11.0758	-11.5177	0.0265379	0.177818	0.343199	0.375432	0.0770126	0.732443
1940	-29.2308	-23.2131	-20.5364	-19.5752	-18.7068	2.95324e-05	0.0121279	0.176303	0.460964	0.350576	1.23387
1941	-34.5331	-26.5232	-22.9818	-21.7228	-20.6095	1.20708e-06	0.00363394	0.12543	0.441751	0.429183	1.3437
1942	-27.4992	-21.6233	-19.2473	-18.5604	-18.458	6.89243e-05	0.0245599	0.264302	0.525351	0.185718	1.01407
1943	-31.3174	-23.2883	-19.7064	-18.4112	-17.2024	1.05629e-06	0.00324179	0.116511	0.425476	0.454771	1.37501
1944	-16.4182	-14.7001	-14.4187	-14.6576	-15.9627	0.0493133	0.274857	0.364207	0.286806	0.0248164	0.577082
1945	-44.6619	-38.4262	-35.3964	-34.1893	-32.8219	1.10289e-05	0.00563198	0.116545	0.389677	0.488135	1.40959
1946	-4.28217	-4.59685	-5.27491	-5.90943	-7.8016	0.433556	0.316508	0.160659	0.0851795	0.00409758	0.250857
1947	-32.0576	-27.938	-25.9933	-25.2607	-24.5905	0.000513869	0.0316202	0.221065	0.459916	0.286885	1.13403
1948	-21.2277	-19.4223	-18.9612	-19.0432	-19.9475	0.037368	0.227286	0.360412	0.332035	0.042898	0.643467
1949	-19.845	-15.9041	-14.2725	-13.7745	-13.6205	0.00109945	0.0565798	0.289249	0.475913	0.177159	0.971694
1950	-22.8381	-18.9926	-17.5622	-17.2467	-17.5997	0.00174964	0.081847	0.342163	0.469064	0.105176	0.85559
1951	-33.8304	-27.8416	-25.2258	-24.3194	-23.5993	3.5436e-05	0.014136	0.193361	0.478649	0.313819	1.18633
1952	-43.7192	-33.4936	-28.6112	-26.6163	-24.0008	6.79021e-09	0.000187412	0.0247278	0.181797	0.793288	1.77842
1953	-27.5642	-22.9561	-20.7386	-19.9963	-19.6153	0.000258975	0.0259741	0.238549	0.501132	0.234086	1.07467
1954	-4.01417	-4.35126	-5.07333	-5.74366	-7.71179	0.445261	0.317848	0.154393	0.0789779	0.00352134	0.240952
1955	-22.9075	-19.0359	-17.5513	-17.188	-17.4194	0.00155564	0.0746978	0.329666	0.474045	0.120035	0.881574
1956	-21.5985	-19.8501	-19.5065	-19.6915	-20.8592	0.0449482	0.258252	0.364129	0.302628	0.0300431	0.598808
1957	-30.3159	-24.2873	-21.5878	-20.6058	-19.6773	2.74844e-05	0.011409	0.169679	0.453018	0.365867	1.25339
1958	-58.6973	-46.3326	-40.3255	-37.8383	-34.5679	9.20632e-11	2.15778e-05	0.00876745	0.105453	0.885758	1.8849
1959	-25.3663	-21.4923	-20.0023	-19.6339	-19.8478	0.00153629	0.0739456	0.328086	0.474236	0.122196	0.885053
1960	-15.2715	-13.3976	-12.7906	-12.7381	-13.2552	0.0290214	0.189031	0.346856	0.365539	0.0695535	0.712635
1961	-57.1929	-46.1096	-40.169	-37.5045	-33.5583	1.60109e-10	1.04183e-05	0.00396099	0.0568781	0.93915	1.94476
1962	-32.1311	-32.4039	-32.9906	-33.5378	-35.1535	0.408992	0.311327	0.173147	0.100181	0.00635383	0.274745
1963	-4.74494	-5.0317	-5.64949	-6.22758	-7.95317	0.417474	0.313395	0.168963	0.0947825	0.005386	0.266043
1964	-35.6278	-29.5113	-26.6737	-25.6058	-24.5621	1.95643e-05	0.00886754	0.151413	0.4405	0.3992	1.29802
1965	-70.6518	-56.3831	-49.6468	-46.9431	-43.5243	4.6731e-12	7.35233e-06	0.00619383	0.0924995	0.901299	1.90275
1966	-39.5531	-35.6492	-34.0966	-33.6721	-33.7345	0.00133253	0.0660913	0.312194	0.477284	0.143098	0.919343
1967	-17.9436	-18.1326	-18.5401	-18.9217	-20.0615	0.358062	0.296377	0.197181	0.134637	0.0137431	0.330945
1968	-47.2738	-39.0897	-35.1882	-33.609	-31.618	3.27765e-07	0.00117457	0.0581097	0.281911	0.658805	1.61941
1969	-10.998	-11.2182	-11.6925	-12.1364	-13.4633	0.377478	0.302877	0.188487	0.120922	0.0102368	0.308021
1970	-8.60237	-8.84058	-9.35416	-9.83535	-11.2766	0.388653	0.306273	0.183258	0.113263	0.00855315	0.295522
1971	-20.0678	-18.3079	-17.9392	-18.1001	-19.1928	0.0432255	0.251211	0.363219	0.309255	0.03309	0.60912
1972	-7.37823	-7.64281	-8.20967	-8.73636	-10.2887	0.403638	0.309804	0.175752	0.103792	0.00701387	0.280463
1973	-9.5753	-9.823	-10.3571	-10.8577	-12.3569	0.394432	0.307889	0.180477	0.109407	0.0077959	0.289311
1974	-20.5785	-20.8557	-21.452	-22.0089	-23.6645	0.411665	0.311994	0.17186	0.0984785	0.00600186	0.271929
1975	-3.96716	-4.37484	-5.25082	-6.06707	-8.4767	0.483513	0.32163	0.133944	0.0592147	0.00169782	0.209065
1976	-11.8092	-10.0579	-9.71022	-9.89423	-11.078	0.0447042	0.25759	0.364681	0.303387	0.029639	0.598873
1977	-29.9309	-26.0556	-24.5623	-24.1904	-24.3913	0.00152382	0.0734481	0.326961	0.474266	0.123801	0.887571
1978	-34.3721	-30.5657	-29.2157	-28.9698	-29.4879	0.00206773	0.0930227	0.35883	0.458857	0.087222	0.821716
1979	-10.7718	-11.0898	-11.7685	-12.3954	-14.2201	0.434025	0.315789	0.160198	0.0855843	0.00440444	0.251457
1980	-10.3131	-8.56274	-8.21675	-8.40184	-9.58625	0.0448133	0.257975	0.364622	0.303009	0.0295817	0.598454
1981	-20.2608	-20.524	-21.0908	-21.621	-23.2038	0.403541	0.310163	0.175963	0.103545	0.00678725	0.279967
1982	-4.60464	-4.8543	-5.39159	-5.89379	-7.39093	0.395339	0.307995	0.17997	0.108918	0.0077777	0.288578
1983	-14.5342	-12.6866	-12.1354	-12.1342	-12.7963	0.0320601	0.203408	0.352962	0.353408	0.0581625	0.684875
1984	-29.9021	-23.9165	-21.307	-20.4061	-19.7017	3.61016e-05	0.0143571	0.195147	0.480381	0.310079	1.18146
1985	-5.41019	-5.63277	-6.11277	-6.56264	-7.91098	0.379106	0.303454	0.187773	0.119745	0.0099227	0.306049
1986	-7.72547	-7.99201	-8.56464	-9.09849	-10.6802	0.405176	0.310376	0.175064	0.102648	0.00673555	0.278604
1987	-18.2085	-16.4487	-16.0838	-16.2529	-17.3986	0.0435426	0.253028	0.36445	0.307748	0.0312317	0.605053
1988	-11.8213	-10.0516	-9.66616	-9.81727	-10.9187	0.0421875	0.2476	0.364035	0.312978	0.0331998	0.61251
1989	-45.1383	-37.0978	-33.4902	-32.1691	-30.8691	9.53388e-07	0.00295952	0.109137	0.408991	0.478911	1.40412
1990	-4.66425	-4.96841	-5.62141	-6.22966	-8.02979	0.42703	0.315038	0.163973	0.0892509	0.00470737	0.257284
1991	-12.9844	-13.2481	-13.8152	-14.3444	-15.9171	0.403634	0.310051	0.175862	0.103594	0.00685893	0.280079
1992	-4.28217	-4.59685	-5.27491	-5.90943	-7.8016	0.433556	0.316508	0.160659	0.0851795	0.00409758	0.250857
1995	-31.358	-25.2658	-22.4314	-21.3259	-20.0455	1.75953e-05	0.00778416	0.132489	0.400191	0.459518	1.3712
