Sites	Ll_YN98.omega=0.0161697	Ll_YN98.omega=0.2071	Ll_YN98.omega=0.717919	Ll_YN98.omega=0.985056	Pr_YN98.omega=0.0161697	Pr_YN98.omega=0.2071	Pr_YN98.omega=0.717919	Pr_YN98.omega=0.985056	mean
833	-16.1633	-14.0676	-14.0177	-14.3117	0.041582	0.338132	0.355404	0.264882	0.586774
965	-27.0673	-22.2125	-20.3637	-20.0535	0.000486232	0.0624138	0.396444	0.540656	0.830124
966	-15.6755	-15.9537	-16.6652	-17.0182	0.418412	0.316797	0.155524	0.109267	0.291662
967	-16.995	-12.0523	-9.98336	-9.56653	0.000340843	0.0477701	0.378162	0.573727	0.846541
968	-41.1135	-31.0735	-26.5144	-25.4581	1.17532e-07	0.00269458	0.257313	0.739992	0.914221
969	-13.3826	-10.8833	-9.85947	-9.69019	0.0114677	0.139595	0.388629	0.460309	0.761529
970	-23.0335	-17.8691	-15.4982	-15.001	0.000194992	0.034111	0.365211	0.600483	0.860768
971	-13.3291	-10.7769	-9.79267	-9.68415	0.0115663	0.148458	0.39722	0.442756	0.752244
972	-22.0892	-17.2362	-15.3954	-15.0911	0.000492352	0.0630813	0.397525	0.538901	0.829311
973	-16.4197	-14.1542	-13.6319	-13.6694	0.0235144	0.226586	0.381969	0.367931	0.683961
974	-10.6321	-8.33886	-7.76689	-7.79191	0.0219399	0.217359	0.385108	0.375592	0.691826
975	-22.5949	-20.2522	-19.5477	-19.5035	0.0183575	0.191087	0.386536	0.404019	0.715354
976	-29.7105	-22.3549	-19.3897	-18.8262	1.17292e-05	0.0183556	0.356077	0.625556	0.875643
977	-16.4822	-11.6465	-9.85402	-9.57622	0.000531536	0.0669364	0.401917	0.530616	0.8251
978	-35.3301	-27.2817	-23.32	-22.4095	1.73555e-06	0.00543004	0.285333	0.709235	0.904607
979	-14.2415	-14.4722	-15.0673	-15.3657	0.391128	0.310529	0.171263	0.127081	0.318769
980	-30.0436	-22.2434	-18.4661	-17.581	2.72019e-06	0.00664079	0.290169	0.703187	0.902372
981	-24.0154	-19.1839	-17.3884	-17.1008	0.000529507	0.066403	0.399898	0.53317	0.826057
982	-4.79991	-5.06431	-5.75142	-6.09822	0.41206	0.316328	0.159121	0.11249	0.29722
983	-34.5304	-26.0148	-21.5884	-20.5404	6.19934e-07	0.0030947	0.258801	0.738104	0.913512
984	-20.3018	-17.8942	-17.0138	-16.8767	0.0143631	0.159528	0.384776	0.441333	0.744246
985	-24.3023	-19.4413	-17.5717	-17.2483	0.000470536	0.0607714	0.394148	0.54461	0.832031
986	-38.306	-35.8739	-34.7442	-34.4223	0.0103934	0.118305	0.366142	0.505159	0.785139
987	-20.9141	-18.5172	-17.6795	-17.5722	0.01523	0.167366	0.386801	0.430602	0.736767
988	-24.2179	-19.2578	-17.1409	-16.6982	0.000315258	0.0449589	0.373401	0.581325	0.850025
989	-39.6364	-29.745	-25.5788	-24.7233	2.33069e-07	0.00460529	0.296897	0.698497	0.902161
990	-4.67886	-4.91349	-5.51776	-5.82045	0.393337	0.311073	0.169994	0.125596	0.316545
991	-9.70708	-7.45031	-6.96531	-7.03003	0.0246253	0.235225	0.382047	0.358103	0.676143
992	-20.1856	-15.261	-13.2342	-12.8358	0.00036507	0.0502481	0.381373	0.568014	0.843732
993	-7.79387	-8.0734	-8.79899	-9.16456	0.420864	0.318229	0.154036	0.10687	0.288569
994	-12.7105	-10.3876	-9.72868	-9.70464	0.019558	0.199579	0.385739	0.395124	0.707797
995	-27.5264	-22.628	-20.6698	-20.3066	0.000407928	0.0546946	0.387595	0.557302	0.838569
998	-22.8193	-17.8948	-15.8714	-15.4767	0.000367065	0.0505136	0.382099	0.56702	0.84333
999	-29.5331	-22.1151	-18.9917	-18.351	8.98055e-06	0.0149592	0.339922	0.64511	0.882604
1000	-27.3731	-19.7229	-16.2237	-15.4621	4.53467e-06	0.00952759	0.315258	0.67521	0.893422
1001	-11.5261	-9.27295	-8.7814	-8.83338	0.0244806	0.232994	0.38091	0.361616	0.678323
1002	-29.1396	-21.4287	-17.794	-16.9692	3.57382e-06	0.00797861	0.302319	0.689699	0.898085
1016	-29.9875	-24.7916	-22.2593	-21.664	0.000152145	0.027466	0.345611	0.626771	0.871215
1017	-15.142	-12.7836	-12.0531	-12.003	0.0176652	0.18679	0.387822	0.407723	0.719024
1018	-32.579	-24.6171	-20.7051	-19.8004	1.99632e-06	0.00572885	0.286432	0.707837	0.90408
1019	-26.0471	-18.5862	-15.3579	-14.6673	7.50975e-06	0.013057	0.329533	0.657403	0.88686
1020	-32.5097	-24.9851	-21.6076	-20.8492	5.81244e-06	0.0107702	0.315551	0.673673	0.892376
1021	-20.7318	-15.8913	-14.0808	-13.7905	0.000516747	0.0653848	0.399714	0.534384	0.82691
1022	-21.8373	-19.4432	-18.594	-18.4694	0.0150163	0.164556	0.384702	0.435725	0.739721
1023	-11.9606	-9.6194	-8.91329	-8.86535	0.0183339	0.190553	0.386077	0.405036	0.715915
1024	-23.672	-18.59	-16.3633	-15.9248	0.000251863	0.0405753	0.376093	0.58308	0.852777
1025	-13.2499	-10.9712	-10.4234	-10.4533	0.0227081	0.22171	0.383429	0.372153	0.688145
1026	-36.1754	-26.3156	-22.0791	-21.1751	2.16763e-07	0.00414994	0.287017	0.708833	0.905154
1027	-3.92006	-4.25	-5.09548	-5.51508	0.448317	0.322327	0.138391	0.0909655	0.262963
1028	-11.0207	-11.3026	-11.991	-12.3154	0.415396	0.313359	0.157427	0.113818	0.296751
1029	-8.85933	-9.0603	-9.57626	-9.83376	0.372635	0.304792	0.181938	0.140635	0.338298
1030	-11.4748	-9.15972	-8.52812	-8.52169	0.0202696	0.20525	0.385994	0.388487	0.702628
1031	-27.5178	-25.1643	-24.4335	-24.3761	0.0176938	0.18618	0.386639	0.409487	0.719787
1032	-4.65139	-4.90603	-5.56568	-5.89762	0.405913	0.314662	0.16269	0.116735	0.303519
1033	-4.67886	-4.91349	-5.51776	-5.82045	0.393337	0.311073	0.169994	0.125596	0.316545
1034	-16.0571	-13.7571	-13.1572	-13.1626	0.0211761	0.211221	0.384821	0.382781	0.697418
1035	-13.2538	-13.4807	-14.0659	-14.3596	0.388816	0.30989	0.172605	0.128689	0.321148
1036	-6.14891	-6.44277	-7.1934	-7.56433	0.427337	0.318528	0.150368	0.103767	0.283046
1037	-7.07305	-7.28564	-7.83943	-8.12024	0.381084	0.3081	0.177086	0.133731	0.328835
1038	-7.35191	-7.55214	-8.07199	-8.33436	0.373184	0.305467	0.181632	0.139717	0.337323
1039	-4.68125	-4.91849	-5.53389	-5.84425	0.395627	0.31207	0.168652	0.123652	0.313909
1040	-16.2925	-16.431	-16.5544	-16.5538	0.293235	0.255295	0.225678	0.225792	0.44205
1041	-4.69609	-4.87663	-5.34148	-5.57413	0.360377	0.30085	0.189002	0.149772	0.351355
1042	-3.81978	-4.12711	-4.90822	-5.29265	0.434515	0.319546	0.146318	0.0996201	0.27638
1043	-24.2574	-21.9651	-21.3915	-21.4137	0.0219089	0.216861	0.384847	0.376383	0.692314
1044	-12.6085	-10.2983	-9.67419	-9.66851	0.020492	0.206476	0.385419	0.387612	0.701612
1045	-15.1883	-12.8658	-12.2105	-12.1893	0.0196424	0.200372	0.385866	0.39412	0.707065
1046	-13.8337	-11.4746	-10.7078	-10.6227	0.0169017	0.17884	0.38503	0.419229	0.726695
1047	-4.17631	-4.45775	-5.18983	-5.55964	0.422229	0.318656	0.153244	0.105871	0.287126
1048	-14.5796	-12.1948	-11.3831	-11.2853	0.0158075	0.171617	0.386422	0.426153	0.733002
1049	-4.71279	-4.87815	-5.31254	-5.53507	0.352615	0.29887	0.193568	0.154948	0.359196
1050	-9.06363	-9.29842	-9.90312	-10.2059	0.393427	0.311095	0.169933	0.125545	0.316456
1051	-11.9022	-9.55103	-8.8186	-8.75721	0.0176819	0.185625	0.386122	0.410571	0.720368
1052	-4.52834	-4.81982	-5.57222	-5.94921	0.427214	0.319195	0.150416	0.103174	0.282632
1053	-38.1451	-30.4829	-26.7695	-25.851	3.24994e-06	0.00691073	0.283296	0.70979	0.903998
1054	-4.15932	-4.46478	-5.25387	-5.64898	0.435364	0.32077	0.145712	0.0981535	0.274768
1055	-12.9882	-13.2019	-13.7559	-14.0329	0.381171	0.307836	0.176893	0.134099	0.329006
1056	-4.48247	-4.6763	-5.18265	-5.44033	0.369822	0.304658	0.183615	0.141905	0.34068
1057	-20.4354	-20.6265	-21.1229	-21.3736	0.367614	0.303668	0.184852	0.143866	0.343259
1058	-7.31984	-7.55547	-8.1626	-8.46266	0.393778	0.311111	0.169529	0.125582	0.316212
1059	-33.401	-25.8898	-22.499	-21.713	5.70646e-06	0.010433	0.309775	0.679786	0.894181
1060	-6.66357	-6.89446	-7.48988	-7.78843	0.391207	0.310552	0.171217	0.127024	0.318687
1061	-25.0721	-17.6793	-14.6175	-14.0056	9.96856e-06	0.0161911	0.34594	0.637859	0.880037
1062	-34.3773	-26.3925	-22.3093	-21.3187	1.5474e-06	0.00454301	0.269562	0.725894	0.90951
1063	-23.0753	-18.225	-16.3916	-16.0909	0.000498086	0.0636402	0.398106	0.537756	0.828715
1064	-13.7462	-11.3682	-10.575	-10.4877	0.0162266	0.174973	0.386767	0.422033	0.729893
1065	-13.9206	-14.1035	-14.5779	-14.8156	0.362371	0.301777	0.187791	0.148061	0.349025
1066	-33.1647	-28.0101	-25.5492	-24.9848	0.000173246	0.0300104	0.351575	0.618241	0.867622
1067	-42.4921	-32.4735	-27.9715	-26.9433	1.2977e-07	0.0029121	0.262658	0.73443	0.912624
1068	-28.3356	-20.918	-17.7926	-17.1491	8.95074e-06	0.0149032	0.339316	0.645772	0.882809
1069	-15.8434	-16.0657	-16.6436	-16.9353	0.386773	0.309677	0.173759	0.129792	0.322985
1070	-4.48247	-4.6763	-5.18265	-5.44033	0.369822	0.304658	0.183615	0.141905	0.34068
1071	-25.8208	-20.9721	-18.4953	-17.9108	0.000228761	0.0291824	0.347363	0.623225	0.869338
1072	-4.62053	-4.84012	-5.40953	-5.69709	0.384926	0.309036	0.17487	0.131169	0.324977
1073	-37.8698	-30.4796	-27.4307	-26.8287	1.01859e-05	0.0165008	0.34805	0.635439	0.879232
1074	-38.4571	-28.281	-23.4454	-22.2795	7.17004e-08	0.00188353	0.237151	0.760966	0.920239
1075	-12.1767	-12.3483	-12.7952	-13.0214	0.355786	0.299665	0.191678	0.152872	0.35601
1076	-23.5947	-18.7066	-16.7661	-16.4068	0.000420018	0.0557335	0.388039	0.555807	0.837631
1077	-6.66357	-6.89446	-7.48988	-7.78843	0.391207	0.310552	0.171217	0.127024	0.318687
1078	-27.5658	-22.6802	-20.7537	-20.4051	0.000429186	0.0568114	0.390059	0.552701	0.836244
1079	-8.13912	-8.3248	-8.80832	-9.05302	0.364481	0.302718	0.186659	0.146142	0.34655
1080	-6.66176	-6.81762	-7.21658	-7.41461	0.344722	0.294974	0.197932	0.162373	0.368708
1081	-22.4055	-17.5359	-15.6493	-15.32	0.000457636	0.0596127	0.393283	0.546647	0.833176
1082	-4.48247	-4.6763	-5.18265	-5.44033	0.369822	0.304658	0.183615	0.141905	0.34068
1083	-12.9576	-10.5074	-9.62583	-9.52916	0.0140048	0.162316	0.39195	0.43173	0.740508
1084	-20.2556	-15.3432	-13.3458	-12.9609	0.000382935	0.0520619	0.3837	0.563855	0.841682
1085	-46.719	-46.9365	-47.4993	-47.782	0.383408	0.308448	0.17571	0.132434	0.32668
1086	-4.67886	-4.91349	-5.51776	-5.82045	0.393337	0.311073	0.169994	0.125596	0.316545
1087	-11.8034	-9.52561	-8.98564	-9.0227	0.0229217	0.223615	0.383712	0.369751	0.686381
1088	-13.5642	-13.7725	-14.3116	-14.583	0.377841	0.306802	0.178941	0.136416	0.332491
1089	-4.79991	-5.06431	-5.75142	-6.09822	0.41206	0.316328	0.159121	0.11249	0.29722
1090	-5.11716	-5.3735	-6.03956	-6.37613	0.407268	0.315175	0.161915	0.115642	0.302014
1091	-30.025	-22.6577	-19.6699	-19.0999	1.12926e-05	0.0178806	0.354782	0.627326	0.876359
1092	-5.25024	-5.44793	-5.96256	-6.2233	0.371878	0.305171	0.182409	0.140543	0.338611
1093	-7.98752	-8.1432	-8.53527	-8.72518	0.34337	0.293867	0.198554	0.16421	0.370713
1094	-23.3374	-20.9745	-20.2168	-20.144	0.0170489	0.181101	0.386333	0.415517	0.724445
1095	-14.6619	-12.1424	-11.1645	-11.0416	0.0119334	0.148231	0.394132	0.445704	0.752889
1096	-31.2486	-23.7688	-20.4897	-19.7725	6.88661e-06	0.0122028	0.323988	0.663803	0.889007
1097	-11.9982	-12.2221	-12.7988	-13.0876	0.386854	0.309266	0.173728	0.130152	0.323234
1098	-12.6229	-10.3133	-9.69006	-9.68476	0.0205208	0.206656	0.385388	0.387436	0.701453
1099	-31.0151	-23.3878	-19.8618	-19.0654	4.41257e-06	0.00906121	0.30796	0.682975	0.895735
1100	-15.8354	-13.4946	-12.7933	-12.75	0.0184443	0.191641	0.386415	0.403499	0.714871
1101	-29.0881	-24.0961	-21.875	-21.3695	0.000266305	0.0392081	0.361394	0.599132	0.857754
1102	-4.71279	-4.87815	-5.31254	-5.53507	0.352615	0.29887	0.193568	0.154948	0.359196
1103	-10.2233	-10.4529	-11.0455	-11.3429	0.390508	0.310396	0.171622	0.127473	0.319377
1104	-24.9927	-17.6325	-14.6587	-14.0932	1.15631e-05	0.0181794	0.355671	0.626138	0.875889
1105	-5.63909	-5.95962	-6.77301	-7.17234	0.441819	0.320657	0.142165	0.0953596	0.269549
1106	-20.0047	-14.1752	-11.4627	-10.9397	7.08512e-05	0.024104	0.363167	0.612658	0.86922
1107	-32.7496	-25.2232	-21.8476	-21.0936	5.83027e-06	0.0108231	0.316491	0.67268	0.892084
1108	-6.66357	-6.89446	-7.48988	-7.78843	0.391207	0.310552	0.171217	0.127024	0.318687
1109	-5.80932	-6.01819	-6.55585	-6.82508	0.377696	0.306501	0.17903	0.136773	0.332842
1110	-6.75824	-6.91042	-7.30788	-7.50999	0.343934	0.295382	0.198504	0.16218	0.369001
1111	-12.3482	-9.9559	-9.13192	-9.0326	0.0155242	0.169821	0.387116	0.427539	0.734488
1112	-7.86861	-8.02265	-8.42251	-8.62422	0.34463	0.295429	0.19806	0.16188	0.368408
1113	-19.9761	-15.0924	-13.1705	-12.8244	0.00043249	0.0571361	0.390483	0.551948	0.835875
1114	-18.4624	-15.508	-13.305	-12.7562	0.00202175	0.0387979	0.351197	0.607983	0.859096
1115	-17.4735	-14.8564	-13.6685	-13.4483	0.00864938	0.118468	0.388583	0.484299	0.780707
1116	-28.9407	-21.558	-18.5152	-17.9085	1.02935e-05	0.0165516	0.34697	0.636469	0.879481
1117	-23.7028	-18.536	-16.1629	-15.6653	0.00019406	0.0340304	0.36517	0.600606	0.860843
1118	-24.7474	-17.31	-14.1379	-13.4736	8.26796e-06	0.0140419	0.335017	0.650933	0.884628
1119	-15.1114	-12.6813	-11.798	-11.6824	0.0141471	0.160717	0.388745	0.43639	0.74247
1120	-51.5194	-41.5095	-37.0361	-36.0258	1.36469e-07	0.00303585	0.266118	0.730846	0.911604
1124	-12.3153	-12.5289	-13.0843	-13.3653	0.381521	0.308135	0.176826	0.133518	0.328453
1125	-25.845	-20.9517	-19.0025	-18.6411	0.000413943	0.0552182	0.387784	0.556584	0.838106
1126	-16.0832	-13.3524	-11.9006	-11.5663	0.00576623	0.0884758	0.377879	0.527879	0.809693
1127	-4.08746	-4.36062	-5.06282	-5.41296	0.416026	0.316583	0.156865	0.110526	0.293782
1128	-13.3268	-10.7952	-9.81239	-9.69064	0.0117481	0.147729	0.39471	0.445814	0.753305
1129	-31.5027	-24.085	-20.9568	-20.31	8.90576e-06	0.0148309	0.33862	0.64654	0.883051
1130	-9.1748	-9.31808	-9.69292	-9.88416	0.338512	0.293324	0.20163	0.166534	0.37502
1131	-16.1566	-11.3341	-9.5751	-9.31346	0.000560464	0.0696465	0.404423	0.525371	0.822295
1132	-21.2206	-16.3763	-14.5502	-14.2489	0.000504344	0.0640598	0.397799	0.537637	0.828465
1133	-12.8327	-10.4418	-9.61435	-9.50985	0.0154683	0.168966	0.386494	0.429071	0.735373
1134	-39.3805	-26.9295	-21.4925	-20.3052	3.97758e-09	0.00101636	0.233498	0.765486	0.921889
1135	-10.4393	-10.6703	-11.2688	-11.5697	0.391712	0.310922	0.170886	0.126481	0.317998
1136	-19.0959	-14.0201	-11.7768	-11.3253	0.000247536	0.0396291	0.373493	0.58663	0.854212
1137	-10.3508	-8.06146	-7.5006	-7.53185	0.0222626	0.219695	0.384943	0.3731	0.689741
1138	-44.228	-39.2966	-37.253	-36.8467	0.00035526	0.0492299	0.379983	0.570432	0.844905
1139	-28.0913	-22.8661	-20.3118	-19.7222	0.000145151	0.0269829	0.347042	0.62583	0.871216
1140	-8.17241	-8.42456	-9.07684	-9.40452	0.404272	0.314172	0.163638	0.117918	0.305237
1141	-4.73856	-4.97636	-5.59224	-5.90279	0.395825	0.312052	0.16856	0.123562	0.313755
1142	-20.3867	-15.2727	-12.8799	-12.3414	0.000195817	0.032572	0.356458	0.610774	0.864303
1143	-22.077	-16.7254	-14.0242	-13.393	0.000107964	0.0227742	0.339291	0.637827	0.876597
1144	-4.79991	-5.06431	-5.75142	-6.09822	0.41206	0.316328	0.159121	0.11249	0.29722
1145	-15.0722	-12.7651	-12.1475	-12.1441	0.0206746	0.207688	0.385155	0.386482	0.700563
1146	-7.55422	-7.76367	-8.30608	-8.57885	0.378581	0.307039	0.178496	0.135884	0.331709
1147	-24.7414	-22.3319	-21.462	-21.3386	0.0145476	0.161902	0.386393	0.437157	0.741788
1148	-6.32942	-6.52743	-7.04147	-7.30115	0.371827	0.305032	0.182432	0.14071	0.338763
1149	-7.55711	-7.79388	-8.40589	-8.7126	0.394944	0.311677	0.16901	0.124369	0.314781
1150	-12.7162	-10.3573	-9.61319	-9.55063	0.0173767	0.183837	0.386903	0.411883	0.721846
1151	-3.91743	-4.23677	-5.06065	-5.47299	0.443167	0.322017	0.141277	0.0935396	0.267423
1152	-12.2206	-12.4416	-13.0156	-13.3059	0.385934	0.309417	0.17428	0.13037	0.323861
1153	-11.744	-9.32425	-8.42465	-8.28513	0.0139533	0.15688	0.385709	0.443457	0.746454
1154	-30.7318	-28.3829	-27.6589	-27.6032	0.0178828	0.187309	0.386343	0.408466	0.718805
1155	-6.27368	-6.54477	-7.24173	-7.5888	0.414798	0.316303	0.15755	0.111349	0.295007
1156	-7.12138	-7.36399	-7.98882	-8.30045	0.398061	0.312312	0.167197	0.12243	0.311751
1157	-10.3868	-10.6676	-11.3978	-11.7666	0.421824	0.318557	0.153478	0.106141	0.287534
1158	-7.33659	-7.57345	-8.18391	-8.48575	0.394545	0.311335	0.169087	0.125033	0.315412
1159	-12.9963	-10.6604	-9.96792	-9.92703	0.0186824	0.193143	0.386033	0.402142	0.713574
1160	-19.0629	-13.7045	-11.1714	-10.6501	0.00013527	0.0287304	0.361795	0.60934	0.865925
1161	-12.7839	-10.5254	-10.034	-10.0945	0.0244292	0.233769	0.382111	0.359691	0.677449
1162	-18.7065	-13.8369	-11.9417	-11.6039	0.000451811	0.0588592	0.391654	0.549036	0.834203
1163	-6.59748	-6.82204	-7.40076	-7.69074	0.387319	0.309418	0.173464	0.129799	0.322736
1164	-12.4506	-12.6594	-13.1969	-13.466	0.37766	0.306485	0.179051	0.136805	0.332884
1165	-15.1063	-15.3063	-15.8257	-16.0879	0.373082	0.305433	0.181691	0.139794	0.337432
1166	-7.33659	-7.57345	-8.18391	-8.48575	0.394545	0.311335	0.169087	0.125033	0.315412
1167	-15.5702	-13.2659	-12.6672	-12.6801	0.0211667	0.212037	0.385873	0.380923	0.696511
1168	-26.2245	-21.0307	-18.6923	-18.228	0.000199245	0.0358934	0.372036	0.591872	0.857555
1169	-33.4161	-25.9108	-22.4635	-21.6376	5.28161e-06	0.00959963	0.301572	0.688823	0.897021
1170	-17.1857	-14.88	-14.2666	-14.2644	0.0207807	0.208448	0.38497	0.385802	0.699919
1183	-30.7016	-23.1967	-19.8602	-19.1169	6.23674e-06	0.0113313	0.318639	0.670023	0.891114
1184	-27.2335	-24.9051	-24.2376	-24.2124	0.019313	0.198184	0.386312	0.396191	0.708967
1185	-26.2919	-20.9454	-18.4991	-18.022	0.000152944	0.0320986	0.370584	0.597164	0.860939
1186	-36.639	-29.2569	-26.2124	-25.6029	1.02641e-05	0.0164946	0.346371	0.637125	0.879685
1198	-6.83796	-7.06454	-7.65044	-7.9429	0.388765	0.309947	0.172517	0.128771	0.321176
1199	-27.4519	-22.5273	-20.4984	-20.096	0.000363547	0.0500358	0.380541	0.56906	0.844121
1200	-5.72726	-5.92646	-6.43871	-6.69492	0.371708	0.304571	0.182483	0.141239	0.339223
1201	-6.757	-7.05858	-7.79926	-8.15142	0.427298	0.316052	0.150689	0.10596	0.284923
1202	-14.3341	-11.7177	-10.5608	-10.361	0.00897953	0.122905	0.390849	0.477267	0.776331
1203	-8.39518	-8.64794	-9.302	-9.6307	0.40467	0.31429	0.163409	0.117631	0.304821
1204	-7.76579	-7.99279	-8.57927	-8.87067	0.388879	0.309908	0.172396	0.128817	0.321128
1205	-6.32877	-6.5898	-7.25233	-7.57794	0.40748	0.313866	0.161812	0.116842	0.302854
1206	-31.0508	-23.5737	-20.2968	-19.5783	6.91462e-06	0.0122192	0.32373	0.664044	0.889063
1207	-4.79991	-5.06431	-5.75142	-6.09822	0.41206	0.316328	0.159121	0.11249	0.29722
1208	-19.7973	-20.033	-20.6422	-20.9474	0.394285	0.311489	0.169391	0.124835	0.315463
1209	-4.45053	-4.67252	-5.24791	-5.53808	0.386329	0.309419	0.174043	0.130209	0.323539
1210	-7.79495	-7.99732	-8.52256	-8.78746	0.374461	0.305858	0.180888	0.138793	0.33598
1211	-5.73417	-5.96142	-6.54762	-6.84174	0.389044	0.309958	0.172474	0.128525	0.320909
1212	-6.92684	-7.1637	-7.7767	-8.08312	0.395066	0.311745	0.168881	0.124308	0.314644
1213	-19.0649	-14.1606	-12.1882	-11.8184	0.000398636	0.053765	0.386475	0.559361	0.839601
1214	-18.6158	-13.7657	-11.9305	-11.6285	0.000496996	0.063496	0.397881	0.538126	0.828888
1215	-33.4218	-25.7365	-22.0604	-21.1874	3.40311e-06	0.0074055	0.292452	0.700139	0.901167
1216	-14.4534	-12.1141	-11.4016	-11.3415	0.0181849	0.188654	0.384684	0.408477	0.717909
1217	-21.808	-19.4865	-18.8408	-18.8288	0.0198817	0.202613	0.386421	0.391084	0.704942
1218	-7.19619	-7.40743	-7.95506	-8.22943	0.379704	0.307402	0.177776	0.135118	0.33053
1219	-12.9204	-10.6071	-9.98009	-9.97572	0.0203936	0.206144	0.385886	0.387576	0.701841
1220	-5.44394	-5.63051	-6.11815	-6.36647	0.36538	0.303194	0.186183	0.145243	0.345436
1221	-4.17631	-4.45775	-5.18983	-5.55964	0.422229	0.318656	0.153244	0.105871	0.287126
1222	-4.73856	-4.97636	-5.59224	-5.90279	0.395825	0.312052	0.16856	0.123562	0.313755
1223	-11.76	-9.38833	-8.61781	-8.54521	0.0167317	0.179281	0.387409	0.416578	0.72588
1224	-6.66357	-6.89446	-7.48988	-7.78843	0.391207	0.310552	0.171217	0.127024	0.318687
1225	-21.1876	-16.0131	-13.5958	-13.0742	0.000181864	0.0321363	0.36044	0.607242	0.863592
1232	-14.2765	-11.6654	-10.5341	-10.3498	0.00929781	0.126576	0.392349	0.471777	0.772766
1233	-11.4242	-11.6504	-12.2349	-12.5254	0.388414	0.309777	0.172665	0.129144	0.321609
1234	-4.65899	-4.9064	-5.54477	-5.86494	0.401183	0.313253	0.165446	0.120117	0.308461
1235	-44.5643	-34.3584	-29.4828	-28.303	6.61632e-08	0.0017905	0.234668	0.763541	0.920974
1236	-17.2333	-14.9846	-14.4968	-14.5459	0.0246294	0.233386	0.380092	0.361893	0.678092
1240	-29.6309	-29.849	-30.4156	-30.7014	0.384151	0.308878	0.175274	0.131697	0.325742
1241	-17.1452	-12.226	-10.22	-9.83609	0.000377471	0.0516708	0.384085	0.563867	0.841889
1242	-19.0533	-19.2472	-19.7513	-20.0063	0.36942	0.304319	0.183824	0.142437	0.341277
1243	-36.816	-29.4285	-26.3769	-25.7682	1.01425e-05	0.0163863	0.346565	0.637039	0.879718
1261	-4.22783	-4.4959	-5.18603	-5.53105	0.413207	0.316043	0.1585	0.11225	0.296497
1262	-24.8484	-19.8507	-17.6397	-17.1518	0.000270198	0.0400076	0.365062	0.59466	0.856148
1263	-17.177	-12.32	-10.4697	-10.1614	0.000485019	0.0623898	0.39692	0.540205	0.830017
1264	-3.94015	-4.30241	-5.23597	-5.70178	0.466952	0.325048	0.127793	0.0802066	0.245621
1265	-3.84927	-3.98192	-4.32977	-4.50801	0.332032	0.290786	0.205354	0.171827	0.382278
1266	-4.39021	-4.48273	-4.73366	-4.86637	0.308441	0.281183	0.218783	0.191592	0.409018
1267	-4.43927	-4.52092	-4.74956	-4.87364	0.302802	0.27906	0.222023	0.196115	0.415269
1268	-24.6163	-19.683	-17.6374	-17.2314	0.000353996	0.0491447	0.380078	0.570423	0.844947
1269	-5.63934	-5.96005	-6.77393	-7.17352	0.441927	0.320676	0.142103	0.0952939	0.269446
1270	-21.0202	-15.7775	-13.2397	-12.6691	0.000146659	0.0277441	0.351018	0.621091	0.86956
1271	-16.2333	-11.3878	-9.57008	-9.27965	0.000510652	0.0649389	0.399892	0.534658	0.827215
1272	-4.08776	-4.36108	-5.06368	-5.41403	0.416118	0.316605	0.156812	0.110465	0.293691
1273	-28.2744	-25.7479	-24.6232	-24.3886	0.00992701	0.124187	0.382387	0.483499	0.776676
1274	-27.078	-22.137	-20.0716	-19.6563	0.000342871	0.0479745	0.37843	0.573252	0.846309
1275	-13.8739	-11.3555	-10.2222	-9.97569	0.00987487	0.122535	0.380604	0.486986	0.778488
1276	-35.9816	-27.0674	-23.0139	-22.1715	6.99068e-07	0.00519918	0.299462	0.695338	0.901013
1280	-28.0963	-23.0866	-20.9307	-20.4966	0.000290475	0.0435312	0.37592	0.580258	0.850487
1281	-20.9146	-15.8705	-13.6236	-13.1478	0.000251013	0.0389314	0.368229	0.592589	0.856158
1282	-16.9905	-12.1107	-10.2053	-9.8713	0.000443907	0.0584187	0.392705	0.548432	0.834272
1283	-3.87607	-4.20835	-5.06086	-5.48463	0.449787	0.322627	0.137549	0.0900364	0.261529
1284	-25.7044	-23.3232	-22.5207	-22.4282	0.0160174	0.173284	0.386627	0.424071	0.731447
1285	-29.022	-24.1565	-22.2839	-21.9641	0.000468003	0.0607209	0.394981	0.54383	0.83185
1286	-4.22968	-4.47241	-5.09884	-5.41302	0.398401	0.312538	0.16705	0.122011	0.311285
1308	-9.83202	-7.60007	-7.18291	-7.28347	0.0268471	0.250163	0.379656	0.343334	0.663008
1309	-20.172	-15.2136	-13.0892	-12.6369	0.000311772	0.0443857	0.371444	0.583858	0.850997
1310	-31.5724	-23.9479	-20.3352	-19.47	3.87205e-06	0.00792968	0.293916	0.698151	0.900367
1311	-4.99926	-5.25902	-5.93129	-6.26948	0.40887	0.315338	0.160994	0.114798	0.300581
1312	-13.0103	-10.7501	-10.2394	-10.2803	0.0238719	0.228804	0.381306	0.366019	0.682066
1313	-3.84927	-3.98192	-4.32977	-4.50801	0.332032	0.290786	0.205354	0.171827	0.382278
1314	-25.2364	-22.5737	-20.9375	-20.4275	0.00472684	0.0677566	0.347991	0.579526	0.834803
1315	-30.2067	-27.8932	-27.2617	-27.2518	0.0202768	0.204978	0.385465	0.38928	0.702974
1316	-8.62149	-8.76233	-9.12923	-9.3155	0.336695	0.292463	0.20264	0.168202	0.377181
1317	-21.3535	-16.1443	-13.7164	-13.2051	0.000174971	0.0320107	0.36284	0.604975	0.863055
1318	-3.86206	-4.16119	-4.92729	-5.30776	0.430721	0.319363	0.148446	0.10147	0.279631
1319	-39.5293	-29.4467	-24.8266	-23.76	1.05183e-07	0.00251619	0.255398	0.742085	0.914872
1326	-10.5272	-10.7689	-11.3912	-11.7025	0.397531	0.312192	0.167551	0.122726	0.312263
1327	-13.6446	-11.343	-10.7422	-10.7487	0.0211387	0.211179	0.385102	0.382581	0.697412
1328	-31.9123	-24.5485	-21.5668	-20.9979	1.14086e-05	0.018	0.354968	0.627021	0.876216
1329	-32.0676	-27.2409	-25.4659	-25.1933	0.000546689	0.0682238	0.402544	0.528686	0.823917
1330	-4.71279	-4.87825	-5.31288	-5.53554	0.352672	0.298891	0.193534	0.154902	0.359132
1331	-6.43489	-6.71924	-7.41445	-7.7425	0.416938	0.313745	0.156549	0.112767	0.295191
1332	-15.7342	-13.4156	-12.7707	-12.7543	0.0199146	0.202365	0.385679	0.392042	0.705301
1333	-9.06693	-9.22316	-9.63346	-9.84381	0.346899	0.296723	0.196862	0.159517	0.365524
1334	-8.489	-8.59676	-8.87945	-9.02427	0.316444	0.284119	0.214155	0.185282	0.400217
1335	-3.93607	-4.06763	-4.41317	-4.59034	0.33144	0.290584	0.205686	0.17229	0.38292
1336	-38.0297	-32.8391	-30.3382	-29.77	0.00016038	0.0288017	0.35119	0.619848	0.868678
1337	-6.895	-7.20065	-7.97567	-8.35598	0.433272	0.319168	0.147038	0.100522	0.277687
1338	-9.47067	-9.67089	-10.1361	-10.3377	0.363264	0.297351	0.186737	0.152649	0.351885
1339	-4.70394	-4.76548	-4.9281	-5.01251	0.287851	0.270673	0.230049	0.211427	0.434135
1340	-18.2245	-15.7677	-14.7707	-14.5811	0.0121197	0.141406	0.383241	0.463233	0.760927
1341	-15.6361	-13.3692	-12.8553	-12.9034	0.0237206	0.228895	0.382689	0.364696	0.681773
1347	-12.9674	-13.2101	-13.8351	-14.1469	0.398104	0.312328	0.167172	0.122396	0.311704
1348	-3.82007	-4.12757	-4.90915	-5.29381	0.434616	0.319566	0.146261	0.099557	0.276282
1349	-11.3842	-9.10259	-8.55386	-8.58675	0.0226522	0.221817	0.383976	0.371554	0.68797
1350	-3.86206	-4.16119	-4.92729	-5.30775	0.43072	0.319363	0.148446	0.10147	0.279631
1351	-5.75156	-5.99814	-6.62936	-6.94297	0.399847	0.312469	0.166215	0.12147	0.310161
1352	-23.2455	-18.055	-15.5715	-15.0118	0.000163984	0.029445	0.352837	0.617554	0.867734
1353	-16.4502	-11.603	-9.77596	-9.47822	0.000503402	0.0641271	0.39857	0.536799	0.828207
1377	-11.0418	-8.87447	-8.62972	-8.82006	0.0332046	0.290049	0.370479	0.306267	0.62827
1378	-16.5984	-14.381	-14.0141	-14.1476	0.0285413	0.262113	0.378309	0.331036	0.65243
1379	-10.8416	-11.0554	-11.6165	-11.9035	0.382544	0.308902	0.176264	0.132289	0.327015
1380	-4.90536	-5.16761	-5.85936	-6.21532	0.412482	0.317331	0.158887	0.1113	0.296094
1381	-4.93184	-5.184	-5.84892	-6.19093	0.406387	0.31581	0.162425	0.115378	0.302237
1382	-4.71251	-4.98864	-5.71507	-6.0877	0.420443	0.318996	0.154276	0.106284	0.288316
1383	-4.70544	-5.00684	-5.80059	-6.20815	0.435388	0.322094	0.145633	0.0968854	0.273736
1384	-9.36161	-9.53007	-9.97516	-10.2047	0.355017	0.299978	0.192216	0.152789	0.356367
1385	-19.3334	-17.0651	-16.5615	-16.6232	0.0239906	0.231801	0.383586	0.360622	0.67901
1386	-16.4336	-14.1276	-13.5308	-13.5483	0.0212018	0.212734	0.386384	0.37968	0.695798
1387	-15.513	-13.3112	-12.9837	-13.1367	0.0299822	0.271097	0.376146	0.322775	0.644623
1388	-4.23798	-4.57065	-5.44696	-5.89684	0.453338	0.325045	0.135321	0.0862955	0.256803
1389	-20.4378	-18.077	-17.3309	-17.2693	0.017324	0.183635	0.387226	0.411815	0.721969
1390	-10.4521	-8.21387	-7.79135	-7.8962	0.0266188	0.249603	0.380842	0.342936	0.663348
1391	-3.92923	-4.29379	-5.24167	-5.72108	0.469414	0.326009	0.126349	0.0782281	0.242874
1392	-12.9054	-10.673	-10.262	-10.3706	0.0270284	0.251974	0.380046	0.340951	0.661319
1393	-28.8008	-21.2947	-18.0187	-17.3306	6.8592e-06	0.0124774	0.330288	0.657228	0.88711
1394	-31.9327	-24.5558	-21.5406	-20.955	1.07818e-05	0.0172351	0.351482	0.631272	0.877743
1395	-32.4087	-24.7463	-21.1942	-20.4034	4.16765e-06	0.00886378	0.309227	0.681905	0.89555
1396	-12.5284	-10.3313	-10.0092	-10.1607	0.0302212	0.271953	0.375295	0.32253	0.643952
1397	-50.5667	-38.011	-32.3539	-31.0735	2.67535e-09	0.000759053	0.217332	0.781909	0.926408
1398	-59.5861	-44.5962	-37.9432	-36.4523	7.32519e-11	0.000237046	0.183748	0.816015	0.935785
1399	-15.9477	-13.6369	-13.0227	-13.0289	0.0207309	0.20903	0.386304	0.383935	0.699158
1400	-29.4976	-22.1493	-19.2134	-18.6711	1.23224e-05	0.0191436	0.360612	0.620233	0.873818
1401	-26.6003	-19.247	-16.2965	-15.7457	1.20226e-05	0.0187711	0.358815	0.622402	0.874588
1402	-21.6342	-16.7414	-14.8057	-14.4582	0.000422669	0.0563516	0.390481	0.552744	0.836495
1403	-14.8317	-12.6071	-12.2164	-12.3352	0.0277299	0.256508	0.379106	0.336656	0.657364
1404	-4.4639	-4.65418	-5.15402	-5.41015	0.368129	0.304342	0.184623	0.142906	0.342297
1405	-38.9918	-29.0557	-24.7904	-23.8939	1.96197e-07	0.00405419	0.288583	0.707363	0.90481
1406	-13.2393	-10.8917	-10.2714	-10.3078	0.0201335	0.210607	0.39164	0.37762	0.697085
1407	-4.86365	-5.18335	-6.02682	-6.46092	0.446168	0.324082	0.139424	0.0903258	0.263403
1408	-16.1022	-13.9154	-13.6253	-13.7964	0.0314036	0.279703	0.373841	0.315053	0.637166
1409	-79.1778	-61.4135	-53.1863	-51.2853	6.69777e-13	3.47434e-05	0.129985	0.86998	0.950305
1410	-11.4525	-9.19427	-8.72277	-8.80465	0.0249876	0.239043	0.383042	0.352927	0.672556
1411	-16.2687	-16.6091	-17.5027	-17.9596	0.457256	0.325323	0.133123	0.0842983	0.253378
1412	-32.4303	-25.1497	-22.3873	-21.9313	1.64663e-05	0.0239069	0.378643	0.597434	0.865292
1413	-13.8179	-11.285	-10.4205	-10.3891	0.0134556	0.169414	0.402145	0.414986	0.732795
1414	-10.263	-10.4796	-11.0498	-11.3427	0.384582	0.30968	0.175096	0.130642	0.324748
1415	-17.3922	-15.1486	-14.7128	-14.8109	0.0261662	0.246672	0.381407	0.345755	0.665916
1416	-32.0375	-24.715	-21.8484	-21.3425	1.38393e-05	0.0209513	0.368252	0.610783	0.870369
1417	-32.3322	-25.0335	-22.2221	-21.7403	1.51797e-05	0.0224405	0.373255	0.60429	0.867873
1418	-10.9858	-8.8254	-8.60764	-8.81747	0.0342421	0.297042	0.369307	0.299408	0.622138
1419	-30.7653	-23.3367	-20.1944	-19.5493	8.69689e-06	0.0146412	0.33904	0.64631	0.883087
1420	-4.28584	-4.65431	-5.62129	-6.11575	0.472754	0.327049	0.124354	0.0758433	0.239362
1421	-31.389	-24.01	-20.9957	-20.4148	1.07995e-05	0.0173017	0.352515	0.630173	0.877416
1422	-35.5395	-28.154	-25.1261	-24.5401	1.05538e-05	0.0170176	0.351472	0.6315	0.877915
1423	-39.8444	-30.0807	-26.2437	-25.5528	4.10885e-07	0.00714548	0.331446	0.661408	0.890955
1424	-29.9702	-22.7399	-20.1058	-19.7131	2.0367e-05	0.0281197	0.39172	0.58014	0.858517
1425	-16.8135	-17.119	-17.9235	-18.3364	0.437763	0.322504	0.144272	0.0954605	0.271479
1426	-57.191	-49.8195	-46.8213	-46.2453	1.1089e-05	0.0176322	0.35351	0.628847	0.876892
1427	-19.8791	-17.6638	-17.3033	-17.4409	0.02877	0.263659	0.378084	0.329487	0.651065
1428	-5.304	-5.55712	-6.22571	-6.57035	0.407154	0.316105	0.161981	0.11476	0.301383
1429	-48.8514	-36.3914	-30.9527	-29.7765	3.96907e-09	0.0010232	0.235493	0.763484	0.921351
1430	-26.5565	-21.8814	-20.5112	-20.4498	0.00102115	0.10952	0.431064	0.458395	0.783712
1431	-62.812	-45.1029	-36.9735	-35.1152	8.09955e-13	3.97601e-05	0.134888	0.865072	0.948991
1432	-9.96797	-10.1596	-10.6667	-10.9285	0.369618	0.305153	0.183786	0.141443	0.340447
1433	-10.279	-10.5324	-11.2019	-11.547	0.407356	0.316157	0.161864	0.114623	0.301178
1434	-20.8386	-16.1165	-14.6229	-14.4984	0.000846839	0.0951885	0.423885	0.48008	0.796947
1435	-61.9828	-44.422	-36.4793	-34.6533	1.16439e-12	4.92737e-05	0.13871	0.86124	0.947963
1436	-14.6053	-14.9028	-15.6868	-16.0898	0.433206	0.321726	0.146895	0.0981725	0.275799
1437	-28.5438	-26.2858	-25.8137	-25.8941	0.024969	0.238803	0.382922	0.353306	0.672793
1438	-14.6941	-12.4469	-12.0021	-12.0963	0.0258695	0.244747	0.38185	0.347533	0.667582
1439	-65.253	-47.7319	-39.8984	-38.1309	1.4208e-12	5.77881e-05	0.145841	0.854101	0.946051
1440	-10.1762	-10.4744	-11.2625	-11.6689	0.433967	0.322054	0.14644	0.097538	0.274927
1441	-20.8227	-18.5735	-18.1252	-18.2184	0.0257438	0.244054	0.382104	0.348099	0.668176
1442	-35.5388	-28.2339	-25.4156	-24.9352	1.49956e-05	0.0223065	0.373632	0.604046	0.867877
1443	-11.7521	-9.48012	-8.96869	-9.02782	0.0237423	0.230271	0.384017	0.361969	0.680326
1444	-6.98813	-7.38921	-8.43723	-8.97046	0.489686	0.327891	0.114969	0.0674534	0.224808
1445	-13.6817	-13.9938	-14.8165	-15.2395	0.441684	0.323287	0.142007	0.0930228	0.267677
1446	-25.9959	-26.2113	-26.7728	-27.0579	0.382871	0.308688	0.176057	0.132384	0.326921
1447	-50.825	-40.8592	-36.5131	-35.5745	1.70533e-07	0.00362995	0.280157	0.716213	0.907391
1448	-42.3997	-32.5125	-28.3615	-27.5164	2.39357e-07	0.00470969	0.299059	0.696231	0.901502
1449	-4.94992	-5.27922	-6.15035	-6.5999	0.451969	0.325157	0.136071	0.0868023	0.257842
1450	-21.4311	-19.1643	-18.6714	-18.7431	0.0243035	0.234501	0.383864	0.357331	0.676532
1451	-11.4396	-11.6775	-12.3048	-12.6273	0.397749	0.313531	0.167438	0.121282	0.31104
1452	-19.9543	-17.6552	-17.0749	-17.1002	0.0216791	0.216035	0.385962	0.376324	0.692881
1453	-5.07438	-5.37631	-6.17402	-6.58506	0.436085	0.322434	0.145212	0.0962698	0.272909
1454	-6.98813	-7.38921	-8.43723	-8.97046	0.489686	0.327891	0.114969	0.0674534	0.224808
1455	-11.9862	-9.7775	-9.43417	-9.58039	0.02939	0.267569	0.377174	0.325867	0.647666
1456	-14.3514	-14.6361	-15.3881	-15.7758	0.425977	0.320444	0.151061	0.102519	0.282688
1457	-25.2378	-20.4314	-18.7188	-18.4838	0.000602863	0.0737257	0.408695	0.516976	0.817939
1458	-3.95069	-4.43868	-5.72164	-6.37859	0.534116	0.327871	0.0908919	0.047121	0.188209
1459	-42.1579	-34.9098	-32.2381	-31.8315	1.91333e-05	0.0268925	0.388954	0.584134	0.860212
1460	-85.1308	-65.0269	-55.8771	-53.761	2.12249e-14	1.14253e-05	0.107538	0.892451	0.956319
1461	-34.2137	-29.402	-27.6773	-27.4369	0.000591363	0.0727022	0.407936	0.518771	0.818949
1462	-43.9467	-33.8833	-29.4324	-28.4871	1.38681e-07	0.00325456	0.278919	0.717826	0.908014
1463	-4.72726	-5.1198	-6.15267	-6.68244	0.486078	0.328266	0.116857	0.068799	0.227508
1464	-17.3771	-15.0424	-14.3699	-14.3488	0.0191498	0.197751	0.387418	0.395681	0.709166
1465	-24.3391	-17.0417	-14.2441	-13.7755	1.55287e-05	0.0229277	0.376113	0.600944	0.86673
1466	-39.6326	-29.6792	-25.4007	-24.5107	1.91184e-07	0.00401942	0.289937	0.706043	0.904476
1467	-25.7378	-23.3929	-22.6923	-22.656	0.0184329	0.192291	0.387473	0.401803	0.714094
1468	-19.4447	-19.7402	-20.5185	-20.9185	0.431962	0.321477	0.147615	0.098946	0.277006
1469	-20.2436	-15.4646	-13.8222	-13.6218	0.000672883	0.0800613	0.413747	0.505519	0.811593
1470	-49.1886	-39.2703	-35.0402	-34.1559	2.0863e-07	0.00423496	0.291059	0.704706	0.904008
1471	-7.68857	-8.06502	-9.0567	-9.56589	0.477582	0.327763	0.121584	0.0730703	0.234868
1472	-29.0867	-24.3019	-22.6468	-22.4415	0.000659536	0.0789361	0.413134	0.50727	0.812644
1473	-37.8397	-27.7921	-23.3403	-22.3835	1.39589e-07	0.00322472	0.27663	0.720145	0.908649
1474	-25.1259	-20.3317	-18.651	-18.4318	0.000633725	0.0765527	0.411045	0.511768	0.815082
1475	-9.93411	-10.2562	-11.1025	-11.5361	0.447025	0.323936	0.138964	0.090075	0.26281
1476	-4.75202	-5.09526	-6.00103	-6.4672	0.45952	0.326013	0.131785	0.0826819	0.251005
1477	-19.6458	-14.7591	-12.9437	-12.6937	0.000501756	0.0664929	0.408476	0.52453	0.823722
1478	-12.5426	-10.4636	-10.4575	-10.7736	0.0436529	0.349075	0.351234	0.256038	0.577369
1479	-11.6231	-9.46833	-9.26643	-9.48495	0.0348851	0.300918	0.36824	0.295957	0.618785
1480	-42.1224	-32.2922	-28.2967	-27.5346	3.13115e-07	0.00581976	0.316326	0.677854	0.896026
1481	-36.4091	-29.0231	-25.9888	-25.3965	1.04401e-05	0.0168424	0.350105	0.633042	0.878417
1482	-4.9838	-5.28245	-6.07163	-6.47856	0.434203	0.3221	0.146304	0.097393	0.2747
1483	-71.4445	-56.1353	-48.8118	-47.0348	2.14331e-11	9.54552e-05	0.144664	0.85524	0.946336
1484	-33.9699	-26.1432	-22.4052	-21.5639	2.84027e-06	0.0071192	0.299105	0.693773	0.899612
1485	-29.3234	-24.5147	-22.7948	-22.555	0.000595996	0.0730492	0.407913	0.518441	0.81868
1486	-18.7028	-18.8954	-19.405	-19.6682	0.370206	0.305361	0.183447	0.140987	0.339806
1487	-38.5925	-31.3234	-28.5878	-28.1433	1.72168e-05	0.0247099	0.381029	0.594244	0.864029
1488	-13.1227	-10.9385	-10.6572	-10.834	0.0317305	0.281882	0.373441	0.312946	0.635261
1489	-32.2595	-27.4823	-25.8478	-25.6535	0.000681096	0.0808942	0.414731	0.503694	0.810674
1490	-4.71758	-4.9399	-5.52949	-5.8348	0.388824	0.311316	0.172642	0.127218	0.320021
1491	-4.86365	-5.18335	-6.02682	-6.46092	0.446168	0.324082	0.139424	0.0903257	0.263403
1492	-20.644	-15.8342	-14.1066	-13.8608	0.000589232	0.0723028	0.406881	0.520227	0.819543
1493	-11.5407	-11.7491	-12.2932	-12.5697	0.378721	0.307474	0.17846	0.135346	0.331244
1494	-15.7135	-13.4485	-12.956	-13.0251	0.0243323	0.234341	0.383465	0.357862	0.676736
1495	-4.03068	-4.43419	-5.49065	-6.02942	0.491228	0.328124	0.114084	0.0665641	0.22337
1496	-17.0892	-14.829	-14.351	-14.4286	0.0247837	0.237545	0.383143	0.354529	0.673892
1497	-27.7762	-20.3911	-17.3631	-16.7765	1.05523e-05	0.017009	0.351312	0.631669	0.877965
1498	-14.3747	-12.076	-11.4955	-11.5197	0.021675	0.215913	0.385836	0.376576	0.693013
1499	-53.2914	-40.8868	-35.5829	-34.4703	5.03643e-09	0.00122848	0.247078	0.751693	0.918096
1500	-52.9347	-45.6129	-42.7333	-42.2123	1.35474e-05	0.0204956	0.364981	0.61451	0.871598
1501	-19.4403	-19.6295	-20.1281	-20.3844	0.367753	0.304345	0.184847	0.143055	0.342598
1502	-17.4976	-15.2273	-14.7213	-14.7838	0.0239075	0.231474	0.38393	0.360688	0.679253
1503	-16.8127	-17.0742	-17.7644	-18.1197	0.412098	0.317267	0.159111	0.111523	0.296455
1504	-3.95069	-4.43868	-5.72164	-6.37859	0.534116	0.327871	0.0908919	0.047121	0.188209
1505	-10.5816	-8.36463	-8.00234	-8.14056	0.0286922	0.263385	0.378384	0.329539	0.651274
1506	-6.65361	-7.06632	-8.1409	-8.68536	0.495309	0.327821	0.111932	0.0649379	0.220226
1507	-45.9937	-35.38	-30.2958	-29.1504	3.66813e-08	0.00149246	0.24097	0.757537	0.919522
1508	-31.5359	-31.8152	-32.5522	-32.9316	0.422676	0.319668	0.152976	0.10468	0.285978
1509	-83.472	-65.8764	-57.8423	-55.9696	9.85717e-13	4.31954e-05	0.133226	0.866731	0.949432
1510	-32.9943	-28.2188	-26.5822	-26.383	0.000679232	0.0805392	0.413774	0.505008	0.811207
1511	-24.6259	-22.3685	-21.8977	-21.9791	0.0250166	0.239129	0.382895	0.352959	0.6725
1512	-31.1253	-28.8441	-28.3038	-28.3455	0.0228803	0.223957	0.384435	0.368728	0.685962
1513	-24.9116	-25.1138	-25.6398	-25.9061	0.374572	0.306022	0.180845	0.138562	0.335757
1514	-86.6125	-66.3404	-56.8334	-54.5629	1.09242e-14	6.9571e-06	0.0936021	0.906391	0.960046
1515	-60.5876	-45.5652	-38.849	-37.3375	6.54535e-11	0.000218824	0.180679	0.819102	0.936619
1516	-26.8548	-21.9768	-20.0793	-19.7516	0.000449547	0.0590605	0.393866	0.546624	0.833457
1517	-32.5668	-25.246	-22.3828	-21.8778	1.39166e-05	0.0210321	0.368429	0.610525	0.870259
1518	-47.9728	-38.1587	-34.1931	-33.439	3.29599e-07	0.00602798	0.317999	0.675972	0.895416
1519	-72.8474	-57.7346	-50.7919	-49.1689	4.34798e-11	0.000159111	0.164766	0.835075	0.940917
1520	-60.7852	-45.6463	-38.6817	-37.0646	4.16473e-11	0.000156426	0.165573	0.83427	0.940703
1523	-40.2839	-30.3597	-26.1179	-25.2301	2.04508e-07	0.00417552	0.290334	0.70549	0.904248
1524	-71.288	-51.2781	-42.3586	-40.3527	3.23708e-14	1.58617e-05	0.118587	0.881397	0.953364
1525	-41.1949	-33.9167	-31.1581	-30.7027	1.65727e-05	0.0240058	0.378759	0.597219	0.865184
1526	-39.243	-29.2649	-24.8836	-23.9252	1.60355e-07	0.0034556	0.276233	0.720311	0.908575
1527	-37.87	-28.0498	-24.0724	-23.315	3.23051e-07	0.00594483	0.317307	0.676748	0.895666
1528	-27.1996	-22.4306	-20.8158	-20.6302	0.000702292	0.0827276	0.41588	0.50069	0.80892
1529	-18.3347	-16.1774	-15.956	-16.1566	0.0341666	0.295467	0.368681	0.301685	0.623603
1530	-9.03842	-9.35128	-10.1761	-10.6002	0.44215	0.323368	0.141738	0.0927444	0.267234
1531	-6.77571	-7.05296	-7.78438	-8.16084	0.421432	0.319389	0.153698	0.105481	0.287207
1532	-28.8568	-26.5183	-25.8228	-25.7822	0.018592	0.192715	0.386351	0.402342	0.71391
1533	-26.1644	-18.8262	-15.9203	-15.3958	1.29599e-05	0.0199327	0.364388	0.615666	0.872195
1534	-15.9249	-13.6516	-13.2623	-13.4267	0.0268765	0.26102	0.385268	0.326835	0.653034
1535	-29.4199	-24.6593	-23.0659	-22.8912	0.000726136	0.0848256	0.417388	0.497061	0.806862
1536	-7.97876	-8.37734	-9.41258	-9.93561	0.487574	0.327295	0.116236	0.0688956	0.226981
1537	-19.91	-15.1955	-13.7181	-13.5997	0.000868429	0.0968748	0.424456	0.4778	0.795462
1538	-33.2844	-28.1652	-25.7454	-25.1879	0.000187586	0.0313623	0.352638	0.615812	0.866273
1539	-20.5585	-15.8316	-14.3198	-14.182	0.000823714	0.09303	0.421915	0.484232	0.799175
1540	-13.8601	-11.6674	-11.3657	-11.533	0.0309411	0.277191	0.374803	0.317065	0.639312
1541	-11.7369	-9.51874	-9.1486	-9.28005	0.0284367	0.261346	0.378415	0.331803	0.6531
1542	-4.72725	-5.1198	-6.15267	-6.68243	0.486078	0.328266	0.116857	0.0687992	0.227509
1543	-12.6987	-10.4716	-10.0742	-10.1895	0.027498	0.254991	0.379424	0.338087	0.658684
1544	-56.6701	-44.1798	-38.6438	-37.406	3.33231e-09	0.000885573	0.224624	0.774491	0.924361
1545	-43.8787	-36.4777	-33.4677	-32.9113	1.07741e-05	0.0176444	0.357944	0.624401	0.875699
1546	-22.6384	-17.8736	-16.2716	-16.0937	0.000716315	0.0840281	0.417023	0.498232	0.807589
1547	-44.337	-34.3574	-29.9684	-29.0042	1.58235e-07	0.00341484	0.275107	0.721478	0.908908
1548	-16.5911	-16.7966	-17.3397	-17.6198	0.378099	0.307871	0.178865	0.135165	0.33143
1549	-25.0765	-20.2695	-18.5563	-18.3213	0.000602198	0.0736875	0.4087	0.517011	0.817968
1550	-4.03068	-4.43419	-5.49065	-6.02942	0.491228	0.328124	0.114084	0.0665642	0.22337
1551	-32.1111	-24.8917	-22.2823	-21.8994	2.1209e-05	0.0289639	0.393677	0.577338	0.857337
1552	-20.4594	-15.7009	-14.1159	-13.9471	0.000735424	0.0857314	0.418309	0.495224	0.805902
1553	-4.94992	-5.27922	-6.15035	-6.5999	0.451969	0.325157	0.136072	0.0868024	0.257842
1554	-43.9893	-31.5631	-26.1987	-25.0531	4.5256e-09	0.00112799	0.241018	0.757854	0.919793
1555	-21.73	-17.0221	-15.5645	-15.4576	0.000894757	0.0991587	0.425965	0.473981	0.793257
1556	-23.458	-21.3332	-21.206	-21.4602	0.0380924	0.318882	0.362155	0.280871	0.603328
1557	-4.03068	-4.43419	-5.49065	-6.02942	0.491228	0.328124	0.114084	0.0665642	0.22337
1558	-17.1378	-17.3955	-18.0763	-18.4272	0.409934	0.316787	0.160366	0.112912	0.29859
1559	-42.2977	-39.9712	-39.319	-39.3048	0.0196669	0.201419	0.386685	0.392229	0.706008
1560	-68.4937	-50.952	-43.065	-41.2705	1.28918e-12	5.35284e-05	0.142512	0.857435	0.946944
1561	-35.3453	-27.8977	-24.3879	-23.4917	5.00791e-06	0.00859225	0.287345	0.704058	0.901606
1562	-17.9152	-18.1061	-18.3518	-18.4138	0.324705	0.268258	0.209824	0.197213	0.405709
1563	-25.1534	-20.4448	-18.9771	-18.8603	0.000881943	0.0978026	0.424378	0.476938	0.794748
1564	-4.29067	-4.66953	-5.66946	-6.18401	0.479136	0.328035	0.120686	0.0721424	0.233391
1565	-85.0849	-67.542	-59.6445	-57.8404	1.26376e-12	5.2531e-05	0.141337	0.85861	0.947258
1566	-92.5094	-67.151	-55.1627	-52.2543	3.12147e-18	3.21631e-07	0.0517408	0.948259	0.971233
1567	-20.9358	-18.7707	-18.5304	-18.7226	0.0333965	0.291065	0.370141	0.305398	0.627384
1568	-31.9503	-24.6105	-21.7034	-21.1799	1.29316e-05	0.0199211	0.36461	0.615456	0.872145
1569	-71.345	-55.4319	-47.8278	-46.0681	8.98215e-12	7.31734e-05	0.146822	0.853104	0.945777
1570	-27.0018	-22.2559	-20.6976	-20.5386	0.000766824	0.0882697	0.419357	0.491607	0.803617
1571	-49.3351	-39.2967	-34.8069	-33.8101	1.31777e-07	0.00301617	0.268758	0.728225	0.910914
1573	-71.5369	-53.8888	-45.7346	-43.8091	7.92281e-13	3.65887e-05	0.127251	0.872712	0.951034
1574	-70.6713	-55.6852	-49.0378	-47.5463	7.39092e-11	0.00023826	0.183651	0.81611	0.93581
1575	-36.2087	-28.6269	-25.1718	-24.4001	5.03815e-06	0.00988491	0.312967	0.677143	0.893756
1576	-24.351	-19.0707	-16.6323	-16.1755	0.000166653	0.0327357	0.374984	0.592114	0.859255
1577	-43.971	-33.9257	-29.4211	-28.4323	1.29706e-07	0.00298947	0.270353	0.726657	0.910509
1578	-55.9913	-40.9983	-34.3432	-32.8549	7.30228e-11	0.000237047	0.184134	0.815629	0.935682
1579	-47.1206	-37.124	-32.6734	-31.6706	1.4226e-07	0.00312284	0.26756	0.729317	0.911151
1580	-71.6953	-56.4984	-49.3975	-47.716	3.24926e-11	0.000129326	0.156877	0.842994	0.943047
1581	-57.2511	-44.7577	-39.2205	-37.9883	3.3323e-09	0.000888291	0.225612	0.7735	0.924095
1582	-28.6375	-21.2171	-18.093	-17.4549	8.96773e-06	0.0149733	0.340508	0.64451	0.882436
1583	-21.2934	-16.549	-14.9926	-14.833	0.000769088	0.0883963	0.419168	0.491667	0.803567
1584	-47.4434	-37.5762	-33.4647	-32.6318	2.5613e-07	0.00493999	0.301538	0.693522	0.90066
1585	-47.0259	-34.7435	-29.1313	-27.8499	3.67456e-09	0.000793262	0.217146	0.782061	0.926431
1586	-47.9076	-37.935	-33.4517	-32.4002	1.36078e-07	0.00291628	0.258184	0.7389	0.913816
1588	-43.5446	-33.5875	-29.2615	-28.3321	1.76664e-07	0.00372803	0.281976	0.714296	0.906829
1589	-13.4598	-11.1842	-10.662	-10.7149	0.0234174	0.227936	0.384223	0.364423	0.682403
1590	-32.1921	-27.3344	-25.5192	-25.2453	0.000510134	0.0656744	0.403366	0.53045	0.825716
1591	-12.2565	-12.559	-13.3585	-13.7706	0.436449	0.322525	0.144998	0.0960283	0.272542
1592	-26.5497	-21.8082	-20.2635	-20.1128	0.000782952	0.089735	0.420524	0.488958	0.80215
1593	-21.4642	-16.6478	-14.9099	-14.6629	0.000579409	0.0715717	0.406921	0.520928	0.820111
1594	-4.29067	-4.66953	-5.66946	-6.18401	0.479136	0.328035	0.120686	0.0721425	0.233391
1595	-5.02287	-5.29989	-6.03104	-6.4073	0.421338	0.319391	0.153741	0.105531	0.287286
1596	-7.42889	-7.7736	-8.68017	-9.14469	0.459901	0.325805	0.131595	0.0826995	0.250849
1597	-24.4363	-19.6103	-17.8423	-17.5766	0.000552612	0.0689219	0.403823	0.526703	0.823026
1598	-11.8282	-9.60709	-9.22879	-9.35568	0.0281477	0.259463	0.378763	0.333626	0.654751
1599	-3.9885	-4.39956	-5.47566	-6.02408	0.495156	0.328262	0.111912	0.0646696	0.220037
1600	-66.1085	-49.6953	-41.7881	-39.922	3.6718e-12	4.932e-05	0.13399	0.865961	0.949224
1601	-27.1986	-24.83	-24.0664	-23.9975	0.0169006	0.180549	0.387445	0.415106	0.724721
1602	-23.4795	-23.7102	-24.3186	-24.6308	0.393353	0.312296	0.169962	0.124388	0.315586
1603	-3.95791	-4.33889	-5.33102	-5.83368	0.478527	0.326925	0.12122	0.0733278	0.234702
1604	-10.9961	-11.3362	-12.2269	-12.6811	0.456785	0.325097	0.133413	0.084705	0.253933
1605	-10.9466	-8.77298	-8.51001	-8.6901	0.0324969	0.285634	0.371552	0.310317	0.632104
1606	-6.59404	-6.78969	-7.2988	-7.55642	0.370575	0.304724	0.183148	0.141553	0.340024
1607	-22.7378	-20.3701	-19.6021	-19.5263	0.0168087	0.179397	0.386669	0.417125	0.725914
1608	-33.2706	-25.5504	-21.9919	-21.2259	3.97485e-06	0.00895695	0.314506	0.676533	0.894067
1609	-21.5174	-19.2128	-18.6235	-18.6464	0.0213955	0.214385	0.386495	0.377724	0.694296
1610	-5.9341	-6.30684	-7.27879	-7.7721	0.474249	0.326683	0.123599	0.0754698	0.2384
1611	-29.2408	-24.386	-22.5444	-22.2421	0.00049164	0.0631034	0.397968	0.538437	0.829176
1612	-90.7308	-73.0606	-64.6716	-62.5483	5.14518e-13	2.42933e-05	0.106856	0.89312	0.956492
1613	-59.2867	-49.1826	-44.5301	-43.4527	9.88745e-08	0.00241671	0.253391	0.744192	0.915485
1614	-8.21745	-8.57712	-9.50691	-9.97408	0.465994	0.32522	0.128344	0.0804425	0.246269
1615	-18.4403	-13.7524	-12.3524	-12.2778	0.00097582	0.106003	0.429853	0.463169	0.786815
1616	-65.4861	-49.9579	-42.3184	-40.4378	1.14811e-11	6.3655e-05	0.132314	0.867622	0.94966
1617	-63.5748	-48.4914	-41.592	-39.9757	4.70223e-11	0.000167085	0.165686	0.834147	0.940665
1618	-46.4825	-33.96	-28.3405	-27.0628	2.87746e-09	0.000789739	0.217763	0.781448	0.926269
1619	-35.8858	-25.8754	-21.5225	-20.6167	1.65845e-07	0.0036911	0.286815	0.709494	0.905565
1620	-112.327	-82.834	-68.746	-65.3406	3.80001e-21	2.4465e-08	0.0321283	0.967872	0.976473
1621	-31.3884	-24.0892	-21.2718	-20.7834	1.50219e-05	0.022219	0.3718	0.605966	0.868434
1622	-38.676	-31.3404	-28.4399	-27.9169	1.30746e-05	0.0200569	0.364681	0.615249	0.87202
1623	-49.1978	-36.6932	-31.1339	-29.8939	3.20361e-09	0.000863619	0.224239	0.774897	0.924481
1624	-42.9123	-33.5141	-28.9857	-27.9927	2.412e-07	0.00291048	0.269543	0.727546	0.910786
1625	-76.6168	-58.8182	-50.5069	-48.5671	5.75247e-13	3.08802e-05	0.125662	0.874307	0.951463
1626	-76.0145	-58.4122	-50.3636	-48.4852	9.60271e-13	4.2364e-05	0.132569	0.867389	0.949609
1627	-64.9113	-49.5072	-42.1138	-40.3457	1.83167e-11	8.96934e-05	0.145768	0.854142	0.946046
1628	-47.2732	-34.8591	-29.5223	-28.3883	4.75062e-09	0.00116982	0.243137	0.755693	0.919195
1629	-50.3841	-40.0969	-35.2632	-34.1641	6.76079e-08	0.00198472	0.249409	0.748606	0.916885
1630	-45.4609	-35.4263	-30.9643	-29.9901	1.38254e-07	0.00315241	0.273169	0.723678	0.909629
1631	-35.8224	-28.309	-24.9726	-24.2394	6.22645e-06	0.0114088	0.320795	0.66779	0.890478
1632	-27.7515	-22.8533	-20.9434	-20.6256	0.000437824	0.0586934	0.396296	0.544572	0.833105
1633	-55.9792	-41.0606	-34.6028	-33.2165	1.04052e-10	0.000313571	0.199944	0.799742	0.931399
1634	-51.4424	-41.316	-36.7855	-35.8176	1.18332e-07	0.00295782	0.274493	0.722549	0.909427
1635	-45.7992	-35.895	-31.7087	-30.851	2.25194e-07	0.00450694	0.296477	0.699016	0.902349
1636	-4.03068	-4.43419	-5.49065	-6.02942	0.491228	0.328124	0.114084	0.0665641	0.22337
1637	-43.2965	-37.5791	-34.9579	-34.4718	8.85955e-05	0.0269414	0.370504	0.602466	0.865035
1638	-33.7685	-28.907	-27.0496	-26.7404	0.000479383	0.0619409	0.396883	0.540697	0.830382
1641	-25.6261	-23.2718	-22.4354	-22.2635	0.015455	0.162762	0.375653	0.44613	0.743109
1642	-54.2658	-41.4547	-35.2827	-33.8006	1.05446e-09	0.00038621	0.185042	0.814572	0.935324
1643	-11.0515	-11.2969	-11.9464	-12.282	0.402709	0.315085	0.164562	0.117644	0.305794
1644	-49.4702	-39.5137	-35.1911	-34.261	1.77275e-07	0.00373861	0.281853	0.714409	0.906854
1645	-16.0964	-13.9148	-13.6414	-13.8226	0.0320266	0.283784	0.372995	0.311195	0.633613
1646	-60.9651	-45.8259	-38.9679	-37.4368	4.9737e-11	0.000186876	0.177811	0.822002	0.93741
1647	-19.5602	-17.2585	-16.6685	-16.687	0.0214096	0.213907	0.38588	0.378804	0.694819
1648	-58.4062	-45.9606	-40.5544	-39.3922	4.20373e-09	0.00106829	0.238007	0.760925	0.920644
1649	-5.11222	-5.38899	-6.11848	-6.49354	0.421041	0.319247	0.153926	0.105785	0.287635
1650	-24.3906	-19.6474	-18.0965	-17.9417	0.000775707	0.0890555	0.419937	0.490232	0.802842
1651	-25.2878	-23.0088	-22.4469	-22.4611	0.0223274	0.218082	0.382498	0.377092	0.691585
1652	-20.8685	-16.1778	-14.768	-14.6872	0.00096185	0.104777	0.429065	0.465196	0.787993
1653	-56.5923	-44.1393	-38.7022	-37.5181	3.97904e-09	0.00101865	0.234072	0.764909	0.921734
1654	-17.6088	-17.8114	-18.3416	-18.6117	0.375383	0.306524	0.180394	0.137698	0.3347
1655	-13.8246	-11.3231	-10.4587	-10.4113	0.0137886	0.16823	0.39929	0.418691	0.734155
1656	-14.745	-12.5749	-12.3208	-12.5056	0.0328512	0.287759	0.370998	0.308392	0.630256
1657	-4.05938	-4.48988	-5.62137	-6.20089	0.505719	0.328812	0.106059	0.0594109	0.210939
1658	-10.8211	-8.58771	-8.18065	-8.295	0.0271333	0.253189	0.38039	0.339288	0.660181
1659	-13.7994	-14.0026	-14.5328	-14.802	0.375463	0.306424	0.180338	0.137776	0.334716
1660	-17.9228	-13.1616	-11.5722	-11.4028	0.000730291	0.0853607	0.418348	0.495561	0.806185
1661	-24.6736	-19.8299	-18.019	-17.7334	0.000516184	0.0655231	0.400736	0.533224	0.82653
1662	-13.1868	-13.3998	-13.9554	-14.2374	0.381457	0.308276	0.176865	0.133403	0.328396
1663	-10.5726	-10.9583	-11.9701	-12.4872	0.482025	0.327762	0.119166	0.0710469	0.231211
1664	-18.1818	-15.9216	-15.443	-15.5201	0.0247692	0.237411	0.383111	0.354709	0.674019
1665	-40.1389	-30.2288	-26.026	-25.1595	2.18868e-07	0.0044066	0.294678	0.700915	0.902908
1666	-14.0705	-11.8848	-11.5913	-11.7573	0.0313142	0.278589	0.373626	0.316471	0.638177
1667	-42.521	-35.1768	-32.2537	-31.7192	1.25892e-05	0.0194774	0.362286	0.618224	0.873111
1668	-42.2255	-32.1119	-27.5297	-26.5199	1.1042e-07	0.00272471	0.266298	0.730977	0.911798
1669	-16.7004	-14.5232	-14.2618	-14.4496	0.0324949	0.28667	0.37229	0.308545	0.631103
1670	-24.2948	-21.7943	-20.8403	-20.7245	0.0124436	0.151679	0.393759	0.442119	0.749813
1671	-69.3343	-54.2828	-47.4905	-45.9404	5.70812e-11	0.000196453	0.175041	0.824762	0.938143
1672	-8.79192	-9.1956	-10.2442	-10.7741	0.490276	0.327436	0.114744	0.0675444	0.224651
1673	-48.3282	-35.8828	-30.4614	-29.2828	4.09009e-09	0.00103916	0.235074	0.763887	0.92145
1674	-20.2407	-20.4422	-20.8556	-21.0164	0.354792	0.290038	0.191834	0.163336	0.36442
1675	-31.8376	-24.305	-20.9214	-20.1667	5.74575e-06	0.0107325	0.316372	0.67289	0.892186
1676	-8.95841	-9.28444	-10.1414	-10.5805	0.449313	0.324305	0.137651	0.0887318	0.260657
1677	-30.002	-22.5962	-19.5189	-18.9097	9.70697e-06	0.0159734	0.346612	0.637405	0.880027
1678	-4.29067	-4.66953	-5.66946	-6.18402	0.479136	0.328035	0.120686	0.0721422	0.233391
1679	-27.3409	-20.0353	-17.2166	-16.7369	1.49867e-05	0.0223087	0.373808	0.603868	0.867828
1680	-37.0047	-27.1684	-23.1563	-22.3857	3.04368e-07	0.00569215	0.314544	0.679763	0.896601
1681	-4.03068	-4.43419	-5.49065	-6.02942	0.491228	0.328124	0.114084	0.0665641	0.22337
1682	-9.19393	-9.56201	-10.5278	-11.0215	0.472518	0.327013	0.124489	0.0759804	0.239583
1683	-110.715	-87.9955	-77.4115	-74.8713	2.51254e-16	1.85044e-06	0.0730907	0.926907	0.965529
1684	-21.239	-16.4158	-14.663	-14.4095	0.000565717	0.0703522	0.405993	0.523089	0.821321
1685	-26.6994	-24.3733	-23.7905	-23.8407	0.021271	0.217773	0.390032	0.370924	0.690837
1686	-82.374	-66.1945	-58.3367	-56.4722	4.8796e-12	5.18848e-05	0.134173	0.865776	0.949173
1687	-15.6919	-13.4581	-13.0471	-13.1578	0.0270108	0.252155	0.380353	0.340481	0.661114
1688	-7.26581	-7.5724	-8.37994	-8.79489	0.438425	0.322662	0.143891	0.0950224	0.270817
1689	-17.4958	-17.7768	-18.5178	-18.8988	0.423598	0.319813	0.152445	0.104143	0.285113
1690	-55.7098	-42.8771	-36.7257	-35.2668	1.07337e-09	0.000401721	0.188556	0.811042	0.934373
1691	-39.5406	-29.5913	-25.2797	-24.354	1.81111e-07	0.00379194	0.282723	0.713484	0.90658
1692	-4.41949	-4.78071	-5.72908	-6.21441	0.468845	0.326705	0.126556	0.0778948	0.242829
1693	-4.94992	-5.27922	-6.15035	-6.5999	0.451969	0.325157	0.136071	0.0868022	0.257842
1694	-8.13327	-8.46473	-9.33946	-9.78959	0.45289	0.325116	0.135565	0.0864295	0.257117
1695	-32.9609	-25.6067	-22.659	-22.1129	1.2079e-05	0.0188772	0.359837	0.621273	0.874232
1696	-4.75202	-5.09526	-6.00103	-6.4672	0.45952	0.326013	0.131785	0.0826819	0.251005
1697	-37.2883	-27.4015	-23.2545	-22.4134	2.41068e-07	0.00474169	0.299888	0.69537	0.901255
1698	-4.29067	-4.66953	-5.66946	-6.18402	0.479136	0.328035	0.120686	0.0721422	0.233391
1699	-18.1669	-16.0162	-15.8163	-16.0307	0.0350255	0.3009	0.367484	0.29659	0.618864
1700	-15.7553	-13.5649	-13.2647	-13.4302	0.0310213	0.277305	0.374397	0.317277	0.639254
1701	-11.3374	-9.26014	-9.25667	-9.57305	0.0438024	0.349643	0.350857	0.255698	0.576883
1702	-29.4916	-27.2156	-26.6953	-26.7508	0.023463	0.228471	0.384402	0.363665	0.681895
1703	-36.6627	-29.3125	-26.3744	-25.8327	1.22759e-05	0.0191081	0.360753	0.620126	0.873808
1704	-16.6978	-16.9981	-17.7916	-18.2004	0.435151	0.322256	0.14575	0.0968419	0.273807
1705	-24.089	-19.3756	-17.8974	-17.7763	0.000867637	0.0966791	0.423933	0.47852	0.795755
1706	-11.3305	-11.6483	-12.4805	-12.9053	0.444147	0.323243	0.140645	0.0919648	0.265687
1707	-29.3056	-24.5143	-22.8404	-22.6245	0.000640588	0.0771641	0.411524	0.510672	0.814472
1708	-19.5257	-17.4503	-17.4543	-17.7761	0.0441379	0.351678	0.350281	0.253903	0.575128
1709	-4.94992	-5.27922	-6.15035	-6.5999	0.451969	0.325157	0.136071	0.0868022	0.257842
1710	-31.0937	-23.6417	-20.6346	-20.1176	1.05209e-05	0.0181305	0.366774	0.615085	0.872962
1711	-6.89794	-7.21393	-8.04173	-8.46449	0.443176	0.323105	0.1412	0.0925195	0.266588
1712	-9.46568	-9.75345	-10.5136	-10.9054	0.427794	0.320817	0.150008	0.101381	0.280918
1713	-10.6805	-8.53334	-8.34472	-8.566	0.0354816	0.303743	0.366795	0.293981	0.616396
1714	-44.4832	-34.6416	-30.6076	-29.8209	2.93001e-07	0.00550868	0.311145	0.683346	0.897651
1715	-39.8347	-29.9268	-25.7293	-24.865	2.20857e-07	0.00443664	0.295122	0.700441	0.902766
1716	-18.5954	-16.2882	-15.6881	-15.704	0.0211089	0.212069	0.386465	0.380357	0.696384
1717	-27.608	-22.5489	-20.3501	-19.924	0.000266588	0.0419765	0.37836	0.579396	0.851067
1718	-3.95069	-4.43868	-5.72164	-6.37859	0.534116	0.327871	0.0908919	0.047121	0.188209
1719	-4.71758	-4.9399	-5.52949	-5.8348	0.388824	0.311316	0.172642	0.127218	0.320021
1720	-4.29067	-4.66953	-5.66946	-6.18402	0.479136	0.328035	0.120686	0.0721422	0.233391
1721	-8.57557	-8.8608	-9.61426	-10.0026	0.426298	0.32051	0.150874	0.102317	0.282375
1722	-24.8762	-22.5974	-22.0632	-22.1079	0.0230633	0.225216	0.384252	0.367469	0.684854
1723	-42.7317	-30.356	-25.1273	-24.0531	5.75141e-09	0.00136299	0.254245	0.744392	0.916077
1724	-12.1275	-9.86369	-9.3764	-9.4495	0.0244884	0.235572	0.383486	0.356454	0.675622
1725	-4.01692	-4.43232	-5.5163	-6.06697	0.496998	0.328059	0.110965	0.0639781	0.218663
1726	-49.4366	-39.47	-35.1362	-34.2097	1.74001e-07	0.00370674	0.282594	0.713699	0.906681
1727	-15.186	-12.9984	-12.7018	-12.8671	0.0311836	0.277958	0.373915	0.316943	0.638717
1728	-19.5076	-17.3268	-17.0464	-17.2189	0.031813	0.281648	0.3728	0.313738	0.635534
1729	-11.6779	-12.0639	-13.0723	-13.5853	0.481638	0.327409	0.119445	0.0715076	0.231786
1730	-33.5225	-31.0405	-30.2277	-30.2052	0.0148102	0.177203	0.399458	0.408529	0.72614
1731	-23.2836	-23.5836	-24.3705	-24.7728	0.434104	0.321578	0.146408	0.0979094	0.275174
1732	-8.13327	-8.46473	-9.33946	-9.78959	0.45289	0.325116	0.135565	0.0864295	0.257117
1733	-17.5887	-15.3262	-14.8447	-14.9223	0.0246644	0.236964	0.383496	0.354876	0.674366
1734	-4.29067	-4.66953	-5.66946	-6.18402	0.479136	0.328035	0.120686	0.0721422	0.233391
1735	-17.1352	-17.4368	-18.2326	-18.6424	0.435735	0.322308	0.145429	0.0965281	0.273288
1736	-61.8489	-49.4538	-44.1746	-43.0746	5.26131e-09	0.00127119	0.249421	0.749308	0.917437
1737	-39.2126	-39.4072	-39.9221	-40.188	0.371465	0.305769	0.182715	0.14005	0.338464
1738	-4.75202	-5.09526	-6.00103	-6.4672	0.45952	0.326013	0.131785	0.0826819	0.251005
1739	-10.9212	-11.2378	-12.0708	-12.4984	0.444071	0.323556	0.140655	0.0917183	0.265516
1740	-9.94734	-10.216	-10.9252	-11.2905	0.416397	0.3183	0.156616	0.108687	0.292154
1741	-5.63115	-5.88211	-6.54655	-6.88994	0.406106	0.315973	0.162588	0.115333	0.302339
1742	-8.77697	-8.98032	-9.50758	-9.77277	0.374949	0.305954	0.18058	0.138516	0.335515
1743	-4.94992	-5.27922	-6.15035	-6.5999	0.451969	0.325157	0.136071	0.0868022	0.257842
1744	-14.4798	-12.3765	-12.3047	-12.5866	0.0405896	0.332566	0.357309	0.269535	0.591557
1745	-31.4137	-24.0216	-20.9721	-20.3724	1.01755e-05	0.0165164	0.348573	0.634901	0.87908
1746	-12.7995	-10.6925	-10.6106	-10.8871	0.0401316	0.330035	0.358178	0.271656	0.593738
1747	-30.752	-25.9716	-24.3203	-24.1124	0.000663888	0.0791058	0.412454	0.507777	0.81269
1748	-9.85753	-10.1316	-10.856	-11.2297	0.41977	0.319137	0.154655	0.106439	0.288759
1749	-7.59842	-7.99319	-9.0292	-9.55897	0.486916	0.328102	0.116433	0.0685488	0.226937
1750	-32.8995	-28.0366	-26.1768	-25.867	0.000477487	0.0617839	0.396823	0.540916	0.830522
1751	-5.00631	-5.29348	-6.05208	-6.4431	0.427443	0.320747	0.150212	0.101598	0.281259
1752	-4.94992	-5.27922	-6.15035	-6.5999	0.451969	0.325157	0.136071	0.0868022	0.257842
1753	-5.07438	-5.37631	-6.17402	-6.58506	0.436085	0.322434	0.145212	0.0962697	0.272909
1754	-5.49445	-5.68236	-6.17954	-6.43636	0.367294	0.304373	0.185133	0.1432	0.342945
1755	-7.83163	-8.14813	-8.9824	-9.41115	0.444216	0.323696	0.140547	0.0915409	0.265294
1756	-18.5094	-18.6977	-19.1957	-19.4529	0.3675	0.304436	0.185013	0.143051	0.342729
1757	-11.1331	-8.90707	-8.51806	-8.64095	0.0277643	0.257177	0.379469	0.335589	0.656713
1758	-13.9806	-14.359	-15.3487	-15.8528	0.477719	0.327197	0.12162	0.073464	0.235167
1759	-8.79192	-9.1956	-10.2442	-10.7741	0.490276	0.327436	0.114744	0.0675444	0.224651
1760	-4.64306	-4.94226	-5.7307	-6.13599	0.434191	0.321913	0.146327	0.097569	0.274851
1761	-10.7876	-10.9877	-11.5103	-11.7761	0.373652	0.305902	0.181392	0.139055	0.336596
1762	-28.7233	-21.4061	-18.5572	-18.0623	1.42499e-05	0.0214607	0.370604	0.607921	0.869344
1763	-32.0148	-27.2033	-25.4774	-25.2354	0.000590381	0.0725641	0.407614	0.519231	0.819143
1764	-41.7061	-33.3169	-29.5647	-28.8408	1.72858e-06	0.00760473	0.324046	0.668347	0.892573
1765	-11.204	-11.5058	-12.3032	-12.714	0.436013	0.32242	0.145253	0.0963136	0.272978
1766	-4.8668	-5.11037	-5.75106	-6.07973	0.400935	0.314262	0.165594	0.119208	0.307877
1767	-22.1492	-22.3623	-22.9216	-23.2077	0.382136	0.308777	0.1765	0.132587	0.327445
1768	-4.03068	-4.43419	-5.49065	-6.02942	0.491228	0.328124	0.114084	0.0665641	0.22337
1769	-13.7371	-14.132	-15.168	-15.6975	0.486948	0.32807	0.116422	0.0685603	0.226935
1770	-9.89254	-10.1093	-10.6799	-10.9729	0.384677	0.309701	0.17504	0.130582	0.324654
1771	-4.01692	-4.43232	-5.5163	-6.06697	0.496998	0.328059	0.110965	0.0639781	0.218663
1772	-12.436	-10.29	-10.1047	-10.3278	0.0356203	0.304563	0.366557	0.29326	0.615686
1773	-5.304	-5.55712	-6.22571	-6.57035	0.407154	0.316105	0.161981	0.11476	0.301383
1774	-4.59834	-4.99525	-6.04129	-6.57889	0.488611	0.32854	0.115424	0.0674249	0.225224
1775	-5.00631	-5.29348	-6.05208	-6.4431	0.427443	0.320747	0.150212	0.101598	0.281259
1776	-85.9836	-70.8919	-63.9594	-62.3223	4.43363e-11	0.000158861	0.162833	0.837008	0.941433
1777	-34.878	-27.4529	-24.3147	-23.6687	8.75807e-06	0.0146917	0.338826	0.646473	0.883105
1778	-7.26581	-7.5724	-8.37994	-8.79489	0.438425	0.322662	0.143891	0.0950224	0.270817
1779	-21.4116	-16.6858	-15.1795	-15.0469	0.000830801	0.0937391	0.422743	0.482687	0.798395
1780	-26.8844	-22.0795	-20.4204	-20.233	0.000649948	0.0793613	0.417031	0.502958	0.811282
1781	-16.3874	-16.6063	-17.1817	-17.4767	0.385836	0.309981	0.174363	0.129819	0.323494
1782	-7.39822	-7.68686	-8.44686	-8.83705	0.427916	0.320631	0.149949	0.101504	0.280961
1783	-42.7285	-32.6142	-28.0786	-27.1046	1.18641e-07	0.00292989	0.273292	0.723778	0.90977
1784	-24.2395	-19.4202	-17.6783	-17.4306	0.000575458	0.0712807	0.406883	0.521261	0.820351
1785	-7.29309	-7.49293	-8.02134	-8.29398	0.374648	0.306786	0.180863	0.137703	0.335084
1786	-23.0917	-18.4233	-17.0717	-17.0203	0.00104993	0.11185	0.432149	0.45495	0.781581
1787	-36.2875	-29.0268	-26.3195	-25.8928	1.80365e-05	0.0256701	0.384778	0.589534	0.86228
1788	-35.5179	-28.1798	-25.2962	-24.7915	1.3409e-05	0.0206203	0.368669	0.610698	0.870516
1789	-46.5505	-39.1634	-36.1183	-35.5173	1.02623e-05	0.0165732	0.348231	0.635185	0.879127
1790	-18.1342	-13.459	-12.0889	-12.0275	0.00102115	0.109523	0.431072	0.458384	0.783707
1791	-12.7018	-10.527	-10.2697	-10.458	0.0326674	0.287473	0.371848	0.308012	0.630429
1792	-14.9191	-12.7123	-12.3728	-12.5205	0.0295379	0.268417	0.376904	0.325141	0.646936
1793	-41.5441	-31.6737	-27.5434	-26.697	2.48253e-07	0.00480319	0.298736	0.696461	0.901515
1794	-20.9704	-18.758	-18.42	-18.5752	0.0294814	0.269377	0.377735	0.323406	0.646021
1795	-46.6778	-39.2975	-36.2848	-35.7059	1.08168e-05	0.0173508	0.352938	0.629701	0.877264
1796	-30.8563	-23.5318	-20.6633	-20.1585	1.37946e-05	0.0209274	0.368519	0.610539	0.870317
1797	-30.4599	-22.9522	-19.6486	-18.9398	6.57384e-06	0.011977	0.325915	0.662101	0.888668
1798	-24.5763	-19.8439	-18.293	-18.1232	0.000778372	0.0883924	0.416853	0.493976	0.804179
1799	-91.7681	-69.098	-58.6512	-56.1865	3.24824e-16	2.27599e-06	0.0783723	0.921625	0.964118
1800	-4.29067	-4.66953	-5.66946	-6.18402	0.479136	0.328035	0.120686	0.0721422	0.233391
1801	-18.716	-13.9273	-12.2677	-12.0635	0.000654652	0.0786566	0.413516	0.507172	0.812765
1802	-31.7098	-26.9782	-25.4614	-25.3261	0.000817071	0.0927264	0.422615	0.483841	0.799231
1803	-36.5497	-34.3773	-34.1224	-34.3092	0.0327809	0.287781	0.371355	0.308083	0.630211
1804	-4.71758	-4.9399	-5.52949	-5.8348	0.388824	0.311316	0.172642	0.127218	0.320021
1805	-17.3724	-15.2006	-14.9519	-15.1451	0.0330026	0.289561	0.371335	0.306102	0.628617
1806	-29.2346	-21.6104	-18.1693	-17.4379	5.0311e-06	0.0102984	0.321538	0.668159	0.891145
1807	-39.8649	-30.0802	-26.1904	-25.4741	3.75406e-07	0.00666731	0.32602	0.667312	0.892776
1808	-24.9447	-20.2654	-18.8832	-18.815	0.00100302	0.108023	0.430295	0.460679	0.785099
1809	-55.4905	-45.6057	-41.4597	-40.6162	2.41398e-07	0.00473848	0.299374	0.695888	0.901395
1810	-21.4212	-19.2435	-18.9786	-19.1631	0.03237	0.285687	0.372328	0.309615	0.631979
1811	-13.058	-13.2745	-13.843	-14.1342	0.384269	0.309467	0.175272	0.130992	0.32517
1812	-28.2655	-20.9625	-18.1472	-17.6677	1.50765e-05	0.022386	0.373799	0.6038	0.86777
1813	-15.7326	-13.4742	-13.0005	-13.0801	0.024924	0.238469	0.382942	0.353665	0.673091
1814	-30.9108	-23.696	-21.1014	-20.7279	2.17343e-05	0.0295453	0.395652	0.574781	0.856356
1815	-7.26581	-7.5724	-8.37994	-8.79489	0.438425	0.322662	0.143891	0.0950224	0.270817
1816	-40.2659	-30.3924	-26.2756	-25.4472	2.53969e-07	0.00492923	0.302484	0.692587	0.900416
1817	-84.3616	-64.2127	-54.9362	-52.7525	1.68267e-14	9.47437e-06	0.101226	0.898764	0.958007
1818	-15.7443	-13.6214	-13.4884	-13.7331	0.0379204	0.316824	0.36191	0.283345	0.60516
1819	-36.1566	-28.7338	-25.5336	-24.8333	7.9703e-06	0.0133396	0.327314	0.659338	0.887233
1820	-11.1129	-11.4023	-12.1649	-12.5559	0.428421	0.320758	0.14962	0.101201	0.28046
1821	-20.9521	-16.0693	-14.2441	-13.9847	0.000496688	0.0655596	0.406749	0.527195	0.824914
1822	-11.3924	-11.6681	-12.3906	-12.76	0.419751	0.318632	0.154698	0.106919	0.289158
1823	-31.3255	-26.521	-24.8131	-24.5804	0.000607387	0.0741414	0.409029	0.516222	0.817522
1824	-9.82396	-10.2167	-11.2499	-11.7797	0.486164	0.32825	0.116813	0.0687725	0.227449
1825	-4.42058	-4.79148	-5.76263	-6.25807	0.473791	0.326969	0.123806	0.0754349	0.238566
1826	-27.007	-19.7399	-17.0176	-16.5849	1.75999e-05	0.0252086	0.383541	0.591233	0.86297
1827	-4.73558	-5.11108	-6.10099	-6.60987	0.477169	0.327792	0.121811	0.0732284	0.235186
1828	-20.2294	-17.9859	-17.5461	-17.6401	0.0260558	0.245603	0.381278	0.347063	0.666889
1829	-20.4826	-15.7097	-14.0825	-13.8893	0.000689033	0.0814799	0.414729	0.503102	0.810211
1830	-8.78556	-9.08258	-9.86742	-10.2721	0.433248	0.321916	0.146856	0.0979799	0.275621
1831	-23.6739	-18.9446	-17.4291	-17.2917	0.0008191	0.0927411	0.42213	0.48431	0.799347
1832	-11.5047	-9.26939	-8.84959	-8.95309	0.0267356	0.249958	0.380352	0.342955	0.66309
1833	-28.3107	-23.5192	-21.8276	-21.5936	0.000624255	0.0752111	0.408261	0.515904	0.816878
1834	-16.8395	-14.7167	-14.594	-14.85	0.0382979	0.319952	0.361721	0.280029	0.602412
1835	-4.86129	-5.12996	-5.8364	-6.19871	0.415962	0.317959	0.15688	0.109199	0.29277
1836	-19.0276	-16.8385	-16.5341	-16.6927	0.0309052	0.275879	0.374036	0.31918	0.640572
1837	-8.39649	-8.72731	-9.60098	-10.0509	0.452618	0.325129	0.135715	0.0865382	0.25733
1838	-24.2086	-24.6094	-25.6628	-26.2022	0.490308	0.328379	0.114531	0.0667823	0.223944
1839	-30.7668	-23.4196	-20.4678	-19.9063	1.20001e-05	0.0186216	0.356423	0.624944	0.875344
1840	-4.9838	-5.28245	-6.07162	-6.47856	0.434203	0.3221	0.146304	0.0973931	0.2747
1841	-17.2571	-17.5908	-18.4688	-18.9192	0.453781	0.325022	0.135093	0.0861043	0.256453
1842	-22.8858	-23.2645	-24.2514	-24.752	0.477403	0.326889	0.121848	0.0738597	0.235651
1843	-66.1096	-51.095	-44.3889	-42.8776	6.66494e-11	0.00022108	0.180714	0.819065	0.936608
1844	-20.1291	-17.9023	-17.5077	-17.6254	0.0275853	0.255702	0.37942	0.337293	0.658047
1845	-4.0364	-4.35502	-5.1895	-5.61553	0.444649	0.323328	0.140357	0.0916663	0.265213
1846	-6.01987	-6.40044	-7.392	-7.89506	0.478385	0.326963	0.121302	0.073349	0.234788
1847	-4.03068	-4.43419	-5.49065	-6.02942	0.491228	0.328124	0.114084	0.0665641	0.22337
1848	-4.29067	-4.66953	-5.66946	-6.18401	0.479136	0.328035	0.120686	0.0721423	0.233391
1849	-13.1473	-10.8538	-10.285	-10.3143	0.0220238	0.218237	0.385425	0.374314	0.690977
1850	-4.68707	-5.05026	-6.00415	-6.49256	0.469978	0.326846	0.125915	0.077261	0.241792
1851	-4.85646	-5.17313	-6.00635	-6.43402	0.444106	0.323562	0.140635	0.0916977	0.265483
1852	-4.29067	-4.66953	-5.66946	-6.18401	0.479136	0.328035	0.120686	0.0721423	0.233391
1853	-13.2108	-13.5242	-14.3449	-14.7637	0.441631	0.322813	0.142089	0.0934675	0.268075
1854	-29.8178	-22.5342	-19.7699	-19.3163	1.64111e-05	0.0238972	0.379214	0.596873	0.865147
1855	-40.0379	-32.699	-29.7869	-29.2533	1.27999e-05	0.0196995	0.362392	0.617895	0.87291
1856	-38.2607	-33.4949	-31.8893	-31.709	0.000712378	0.0836487	0.416647	0.498992	0.807989
1857	-39.9525	-32.6656	-29.8586	-29.3651	1.53158e-05	0.0223781	0.370571	0.607036	0.868638
1858	-39.7541	-32.4617	-29.6578	-29.1749	1.53772e-05	0.0225904	0.372949	0.604445	0.867838
1859	-27.5195	-22.4732	-20.3992	-20.0543	0.000318535	0.0495145	0.393973	0.556194	0.840982
1860	-6.89293	-7.29806	-8.33391	-8.849	0.488997	0.326108	0.115744	0.0691506	0.226656
1861	-19.2799	-17.0046	-16.4682	-16.5069	0.0230552	0.224345	0.383579	0.369021	0.68572
1862	-29.4914	-21.9022	-18.6206	-17.9823	6.4849e-06	0.0128188	0.341205	0.64597	0.883928
1863	-46.4642	-36.1282	-30.4891	-29.0336	2.18087e-08	0.000672231	0.189028	0.8103	0.934036
1864	-9.61584	-9.94728	-10.8237	-11.2757	0.453127	0.325294	0.135413	0.0861665	0.25679
1865	-51.2618	-38.8255	-33.4345	-32.2751	4.31763e-09	0.00108704	0.238518	0.760395	0.920493
1866	-22.6287	-22.91	-23.6531	-24.036	0.423979	0.320007	0.152218	0.103796	0.284654
1867	-35.9804	-28.7296	-26.0456	-25.6296	1.87519e-05	0.0264256	0.386969	0.586586	0.861106
1868	-12.2603	-10.1017	-9.88236	-10.0875	0.0342168	0.296289	0.368959	0.300536	0.622842
1869	-7.29309	-7.49293	-8.02134	-8.29398	0.374648	0.306786	0.180863	0.137703	0.335084
1870	-18.4405	-13.7417	-12.3101	-12.2179	0.000930738	0.102208	0.427777	0.469084	0.790366
1871	-28.2894	-23.093	-20.6717	-20.1767	0.00018011	0.0325327	0.366323	0.600964	0.861714
1872	-27.0035	-24.7584	-24.3207	-24.4192	0.0260945	0.246382	0.381656	0.345867	0.666144
1873	-34.101	-26.8727	-24.2471	-23.8604	2.06489e-05	0.0284501	0.392998	0.578532	0.857919
1874	-18.654	-13.8878	-12.2817	-12.1017	0.000711877	0.0836305	0.416732	0.498926	0.807981
1875	-19.1727	-19.4893	-20.3224	-20.75	0.444067	0.323555	0.140658	0.0917208	0.26552
1876	-21.9615	-17.2964	-15.9492	-15.8974	0.00105741	0.112264	0.431855	0.454824	0.781331
1877	-7.68661	-8.01593	-8.88254	-9.32685	0.451311	0.324679	0.136486	0.087524	0.258741
1878	-23.4865	-18.815	-17.4551	-17.3992	0.00103695	0.110809	0.431684	0.45647	0.782528
1879	-12.4144	-12.7305	-13.5585	-13.9813	0.443231	0.323109	0.141169	0.0924916	0.26654
1880	-8.49682	-8.88067	-9.89173	-10.411	0.481567	0.328059	0.119359	0.0710155	0.231372
1881	-4.71758	-4.9399	-5.52949	-5.8348	0.388824	0.311316	0.172642	0.127218	0.320021
1882	-22.828	-18.1313	-16.6995	-16.6036	0.000930891	0.102008	0.427027	0.470034	0.790721
1883	-40.5632	-33.1869	-30.1838	-29.6108	1.10039e-05	0.0175793	0.354188	0.628222	0.876752
1884	-4.29067	-4.66953	-5.66946	-6.18401	0.479136	0.328035	0.120686	0.0721423	0.233391
1885	-4.03068	-4.43419	-5.49065	-6.02942	0.491228	0.328124	0.114084	0.0665641	0.22337
1886	-43.8605	-33.9464	-29.7276	-28.8497	2.12831e-07	0.00430228	0.292349	0.703348	0.903611
1892	-12.0711	-9.9644	-9.88343	-10.1604	0.0401721	0.330251	0.358104	0.271472	0.59355
1893	-12.1487	-9.85368	-9.28504	-9.31691	0.022013	0.21848	0.385804	0.373703	0.690697
1894	-84.5066	-63.9741	-54.0786	-51.6779	5.06972e-15	4.18936e-06	0.0831178	0.916878	0.962849
1895	-4.0364	-4.35502	-5.1895	-5.61553	0.444648	0.323328	0.140357	0.0916664	0.265213
1896	-42.0908	-32.2561	-28.232	-27.4457	2.9804e-07	0.0055643	0.311215	0.68322	0.897589
1897	-41.0511	-31.1289	-26.8966	-26.0153	2.07813e-07	0.00423451	0.291661	0.704105	0.903848
1898	-45.1579	-32.73	-27.3626	-26.2164	4.50246e-09	0.00112414	0.2409	0.757976	0.919828
1899	-8.97599	-9.26218	-10.0144	-10.3999	0.426275	0.320181	0.150913	0.102631	0.282642
1900	-73.8585	-53.7504	-44.5768	-42.4434	2.03236e-14	1.09854e-05	0.105892	0.894097	0.95676
1901	-32.2088	-23.5357	-19.7036	-18.9693	1.1937e-06	0.00697576	0.321986	0.671037	0.893613
1902	-20.928	-18.6199	-18.0133	-18.0235	0.0209393	0.210564	0.386221	0.382276	0.697785
1903	-9.33402	-9.74528	-10.8274	-11.3822	0.495936	0.328713	0.111391	0.0639597	0.21907
1904	-7.31941	-7.58555	-8.28896	-8.65173	0.415034	0.318051	0.157402	0.109512	0.293457
1905	-6.87957	-7.18191	-7.97803	-8.38688	0.435923	0.322186	0.145331	0.09656	0.273226
1906	-8.22138	-8.65988	-9.79985	-10.376	0.508325	0.327872	0.104863	0.0589389	0.209463
1907	-38.2218	-30.3489	-26.5273	-25.6501	2.43412e-06	0.00638961	0.29188	0.701728	0.90211
1908	-13.741	-11.6328	-11.5472	-11.8205	0.0399593	0.328973	0.358376	0.272691	0.594678
1909	-7.46446	-7.84044	-8.83057	-9.33875	0.477288	0.327711	0.121755	0.0732465	0.235149
1910	-4.71758	-4.9398	-5.52914	-5.83433	0.388767	0.311299	0.172675	0.127259	0.32008
1911	-27.1139	-19.7978	-16.944	-16.4429	1.41441e-05	0.0212786	0.369236	0.609471	0.869851
1912	-18.5304	-18.8447	-19.6732	-20.0993	0.44297	0.323505	0.141267	0.0922577	0.266458
1913	-10.1716	-10.5035	-11.3814	-11.8344	0.453435	0.325354	0.135234	0.0859768	0.256492
1914	-39.0947	-31.7918	-28.9784	-28.5006	1.51226e-05	0.0224524	0.374177	0.603356	0.867618
1915	-16.6785	-14.53	-14.3325	-14.5464	0.0351514	0.301319	0.367106	0.296424	0.618518
1916	-22.065	-22.278	-22.8314	-23.1104	0.381045	0.307937	0.177066	0.133952	0.329005
1917	-42.2944	-37.2684	-35.1423	-34.748	0.000300865	0.0458243	0.384107	0.569768	0.846506
1918	-14.6046	-14.8105	-15.3463	-15.6176	0.37689	0.306744	0.179508	0.136858	0.333306
1919	-26.6294	-21.9278	-20.4876	-20.3901	0.000918718	0.101166	0.427069	0.470846	0.791377
1920	-4.03042	-4.43377	-5.48979	-6.02832	0.491139	0.32812	0.114133	0.0666083	0.223446
1921	-4.42025	-4.791	-5.76174	-6.25697	0.473707	0.326961	0.123853	0.0754799	0.238642
1922	-4.01663	-4.43185	-5.51537	-6.0658	0.496908	0.328056	0.111014	0.0640222	0.21874
1923	-21.8696	-17.1702	-15.7276	-15.6242	0.000916236	0.100672	0.426002	0.472409	0.792048
1924	-8.13306	-8.46439	-9.33876	-9.78869	0.452812	0.325104	0.135609	0.0864741	0.257189
1925	-13.1337	-13.4081	-14.1322	-14.505	0.419782	0.319032	0.154654	0.106532	0.288829
1926	-58.5485	-46.0683	-40.5051	-39.245	3.21929e-09	0.000846967	0.220762	0.778391	0.925423
1927	-11.7895	-12.1676	-13.1656	-13.6792	0.478752	0.328001	0.120902	0.0723445	0.233732
1928	-4.64276	-4.94184	-5.72995	-6.13506	0.434119	0.321899	0.146369	0.0976137	0.274921
1929	-4.86757	-5.20123	-6.0798	-6.53101	0.453861	0.3251	0.135039	0.086001	0.25633
1930	-13.4037	-11.1602	-10.723	-10.82	0.0261312	0.246332	0.381404	0.346133	0.666215
1931	-39.5795	-29.6454	-25.354	-24.4426	1.89537e-07	0.00390858	0.285589	0.710503	0.905723
1932	-11.5131	-11.9166	-12.971	-13.5074	0.490967	0.327944	0.114264	0.0668244	0.223714
1933	-6.96841	-7.32379	-8.25316	-8.72663	0.465122	0.326006	0.128708	0.0801643	0.246405
1934	-35.9183	-28.3909	-24.9441	-24.1412	5.25105e-06	0.00975705	0.30637	0.683867	0.895617
1935	-31.2305	-26.4825	-24.9263	-24.773	0.000768861	0.0886912	0.420433	0.490107	0.803
1936	-67.8442	-52.8016	-46.0301	-44.4935	5.94606e-11	0.000202844	0.177003	0.822794	0.937614
1937	-10.3327	-8.16649	-7.93305	-8.13465	0.0336106	0.293263	0.370375	0.302752	0.625405
1938	-21.6033	-16.8429	-15.25	-15.0756	0.000726733	0.084878	0.417427	0.496968	0.80681
1939	-14.0717	-11.7421	-11.1031	-11.1075	0.0199525	0.204995	0.388385	0.386668	0.702495
1940	-30.2286	-22.8716	-19.916	-19.3656	1.19206e-05	0.0186823	0.358944	0.622362	0.874623
1941	-35.8477	-26.0527	-22.1454	-21.4258	3.64329e-07	0.00653729	0.325339	0.668123	0.893059
1942	-28.5003	-21.3108	-18.7872	-18.4522	2.44063e-05	0.0323491	0.403537	0.56409	0.852066
1943	-32.7419	-22.9227	-18.9533	-18.2033	3.27592e-07	0.00602259	0.318889	0.675088	0.895183
1944	-16.6905	-14.5806	-14.481	-14.7424	0.0394097	0.325024	0.359088	0.276478	0.598092
1945	-45.5324	-37.921	-34.4965	-33.7691	5.19352e-06	0.0104971	0.322329	0.667169	0.890778
1946	-4.29049	-4.6692	-5.66871	-6.18305	0.479051	0.328028	0.120734	0.0721865	0.233466
1947	-32.7393	-27.7078	-25.5323	-25.1057	0.000280155	0.0429091	0.377887	0.578924	0.850455
1948	-21.4723	-19.2591	-18.9033	-19.0428	0.0289423	0.26468	0.377778	0.3286	0.650187
1949	-20.5381	-15.717	-13.9669	-13.7132	0.00056822	0.0705197	0.405858	0.523054	0.821224
1950	-23.4778	-18.7707	-17.3129	-17.2042	0.000894581	0.0990519	0.425593	0.47446	0.793439
1951	-34.7758	-27.4526	-24.5829	-24.0746	1.37661e-05	0.0208572	0.36776	0.61137	0.870574
1952	-45.4059	-32.9075	-27.3589	-26.1221	3.26639e-09	0.000875129	0.224809	0.774316	0.92432
1953	-28.1989	-22.604	-20.1786	-19.7829	0.000127699	0.0343594	0.38846	0.577053	0.85443
1954	-4.03042	-4.43377	-5.48979	-6.02832	0.491139	0.32812	0.114133	0.0666083	0.223446
1955	-23.5498	-18.8105	-17.272	-17.1246	0.000790423	0.0903841	0.420986	0.487839	0.801514
1956	-21.7735	-19.6299	-19.447	-19.6689	0.0357459	0.304909	0.366097	0.293248	0.615418
1957	-31.2962	-23.9249	-20.9328	-20.364	1.12089e-05	0.0178173	0.355077	0.627094	0.876329
1958	-60.686	-45.5841	-38.7427	-37.1984	5.19261e-11	0.00018795	0.175877	0.823935	0.937926
1959	-26.0128	-21.2707	-19.7244	-19.5728	0.00078099	0.0895591	0.420414	0.489246	0.802318
1960	-15.5591	-13.2635	-12.6935	-12.7248	0.0219737	0.218207	0.38584	0.373979	0.690938
1961	-58.7249	-45.2664	-38.392	-36.6904	2.27871e-10	0.000159457	0.154225	0.845616	0.943732
1962	-31.7993	-32.1255	-32.9842	-33.4243	0.44959	0.324421	0.137465	0.0885234	0.260347
1963	-4.75186	-5.09497	-6.00035	-6.46633	0.45944	0.326002	0.13183	0.0827268	0.251078
1964	-36.5454	-29.0733	-25.9074	-25.2836	8.24862e-06	0.0145024	0.343847	0.641643	0.881911
1965	-73.0378	-55.5954	-47.9683	-46.3063	2.06599e-12	7.76786e-05	0.159475	0.840447	0.942393
1966	-40.0261	-35.249	-33.6142	-33.4194	0.000680779	0.0808491	0.414636	0.503834	0.810735
1967	-17.7374	-17.9646	-18.5646	-18.8736	0.391394	0.31183	0.171133	0.125644	0.317535
1968	-48.4851	-38.4805	-34.0518	-33.0792	1.47444e-07	0.00326265	0.27347	0.723267	0.909463
1969	-10.9256	-11.1894	-11.8854	-12.2437	0.413431	0.317573	0.158338	0.110658	0.295133
1970	-8.57532	-8.86043	-9.61358	-10.0018	0.426228	0.320496	0.150915	0.102361	0.282443
1971	-20.2805	-18.1225	-17.9008	-18.1022	0.034146	0.295477	0.368824	0.301554	0.623578
1972	-7.33824	-7.65496	-8.48456	-8.90813	0.443577	0.323158	0.140971	0.0922937	0.266219
1973	-9.51122	-9.80789	-10.5918	-10.9959	0.433036	0.321869	0.146977	0.0981184	0.275831
1974	-20.4474	-20.7791	-21.6526	-22.1012	0.452777	0.324943	0.135655	0.0866254	0.257337
1975	-3.95068	-4.43847	-5.72088	-6.37755	0.534019	0.327878	0.0909426	0.0471605	0.188284
1976	-12.1336	-9.98522	-9.79414	-10.0146	0.035374	0.303188	0.367024	0.294414	0.61687
1977	-30.5598	-25.8161	-24.2647	-24.1101	0.000774973	0.0890188	0.419995	0.490212	0.802856
1978	-34.9074	-30.2471	-28.905	-28.8505	0.00106597	0.112641	0.43107	0.455223	0.781239
1979	-10.6784	-11.0591	-12.0506	-12.5535	0.4784	0.326939	0.121299	0.0733625	0.234794
1980	-10.6803	-8.53292	-8.34385	-8.5649	0.035463	0.303634	0.366827	0.294076	0.616489
1981	-20.1241	-20.4388	-21.269	-21.6961	0.443286	0.323597	0.141081	0.0920363	0.26613
1982	-4.64276	-4.94184	-5.72995	-6.13506	0.434119	0.321899	0.146369	0.0976137	0.274921
1983	-14.863	-12.6029	-12.1248	-12.2022	0.0247815	0.237518	0.383121	0.354579	0.673921
1984	-30.916	-23.595	-20.7305	-20.2247	1.3888e-05	0.0209955	0.368268	0.610722	0.870331
1985	-5.44943	-5.71535	-6.41804	-6.78037	0.414878	0.318005	0.157493	0.109623	0.29362
1986	-7.70645	-8.02612	-8.86643	-9.29705	0.445695	0.323748	0.139722	0.0908347	0.264042
1987	-18.5211	-16.3648	-16.1544	-16.3659	0.0345642	0.298626	0.368538	0.298272	0.620799
1988	-12.1933	-10.0251	-9.78513	-9.98263	0.0333562	0.291636	0.370723	0.304284	0.626824
1989	-46.4666	-36.6361	-32.6348	-31.8666	3.09936e-07	0.00576229	0.315038	0.6792	0.896414
1990	-4.68682	-5.04987	-6.00335	-6.49156	0.469895	0.326837	0.125962	0.077306	0.241867
1991	-12.8628	-13.1768	-14.003	-14.427	0.442574	0.323309	0.141511	0.0926062	0.266929
1992	-4.29049	-4.6692	-5.66871	-6.18305	0.479051	0.328028	0.120734	0.0721865	0.233466
1995	-32.2721	-24.8243	-21.6346	-20.9668	8.02354e-06	0.0137693	0.334325	0.651898	0.885026
