Sites	Ll_YN98.omega=0.130915	Ll_YN98.omega=1	Ll_YN98.omega=2.6963	Pr_YN98.omega=0.130915	Pr_YN98.omega=1	Pr_YN98.omega=2.6963	mean
833	-14.3946	-14.1909	-16.5065	0.512221	0.484604	0.00317443	0.560221
965	-23.3414	-20.2509	-19.9816	0.0514306	0.872749	0.0758199	1.08392
966	-15.9516	-17.0345	-18.8336	0.791007	0.206723	0.00226977	0.316398
967	-13.0629	-9.63316	-8.84599	0.035339	0.841901	0.12276	1.17753
968	-33.3749	-25.8707	-23.0292	0.000333729	0.467676	0.53199	1.90213
969	-11.4747	-9.73888	-9.74423	0.176431	0.772571	0.0509976	0.933174
970	-19.1562	-15.2346	-14.2535	0.021341	0.831475	0.147184	1.23112
971	-11.4047	-9.74154	-10.1856	0.19065	0.776304	0.033046	0.890365
972	-18.3617	-15.2763	-15.0514	0.051847	0.875409	0.072744	1.07834
973	-14.7944	-13.8594	-14.6086	0.33031	0.649318	0.0203721	0.74749
974	-8.78551	-7.7703	-8.59678	0.313287	0.667333	0.0193795	0.7606
975	-20.8656	-19.6565	-20.1065	0.270598	0.69979	0.0296119	0.815058
976	-23.8111	-18.8815	-17.9422	0.00794411	0.848084	0.143971	1.23731
977	-12.5695	-9.56449	-9.51756	0.0566138	0.882038	0.0613486	1.05486
978	-29.2392	-22.7444	-20.4885	0.00119744	0.611513	0.387289	1.65592
979	-14.482	-15.3974	-16.9601	0.761442	0.235286	0.00327221	0.343793
980	-24.0322	-17.8601	-15.5633	0.00162638	0.601492	0.396882	1.67182
981	-20.2112	-17.1985	-16.9959	0.0556309	0.873388	0.0709808	1.07206
982	-4.9148	-5.96003	-7.77048	0.784735	0.212953	0.00231179	0.32192
983	-28.136	-20.9103	-18.2293	0.000478621	0.507668	0.491853	1.83392
984	-18.516	-17.029	-16.9315	0.214398	0.732043	0.053559	0.904522
985	-20.49	-17.3684	-17.0091	0.0495785	0.86792	0.082502	1.09686
986	-37.0017	-35.0392	-33.9032	0.131098	0.720079	0.148823	1.13851
987	-19.2259	-17.8122	-17.9698	0.229728	0.728951	0.0413207	0.870439
988	-20.4525	-16.9545	-16.0231	0.0324633	0.828053	0.139484	1.20839
989	-31.9265	-25.0261	-23.253	0.000937553	0.718334	0.280728	1.47538
990	-4.76325	-5.69365	-7.28548	0.764232	0.232626	0.00314247	0.341148
991	-7.81895	-6.94663	-7.96007	0.345908	0.638707	0.0153852	0.725475
992	-16.4065	-13.0415	-12.3192	0.0379021	0.84643	0.115668	1.16327
993	-8.00172	-9.10347	-10.9966	0.794268	0.203696	0.00203583	0.313167
994	-10.9147	-9.77097	-10.2991	0.28433	0.688717	0.026953	0.798613
995	-23.8176	-20.5593	-20.0402	0.0429025	0.861066	0.0960311	1.12561
998	-19.0407	-15.6767	-14.9967	0.038123	0.850472	0.111405	1.15584
999	-23.5872	-18.4157	-17.1059	0.00586797	0.797927	0.196205	1.32772
1000	-21.4848	-15.713	-14.0689	0.0029941	0.742084	0.254921	1.42982
1001	-9.64399	-8.75496	-9.59187	0.341116	0.640477	0.0184066	0.734764
1002	-23.2609	-17.2735	-15.304	0.00219933	0.676189	0.321611	1.54364
1016	-26.1218	-21.9788	-20.4349	0.0154494	0.751132	0.233418	1.38252
1017	-13.3226	-12.0734	-12.5531	0.263008	0.707912	0.0290794	0.820751
1018	-26.5258	-20.103	-17.8433	0.00128476	0.610528	0.388188	1.65737
1019	-20.2385	-14.8971	-13.3346	0.00469093	0.755964	0.239345	1.40192
1020	-26.6458	-21.0866	-19.2279	0.00348804	0.698942	0.29757	1.50174
1021	-16.8013	-13.7701	-13.612	0.054836	0.876993	0.068171	1.06798
1022	-20.1159	-18.6754	-18.5925	0.222525	0.725188	0.0522865	0.8953
1023	-10.1589	-8.93409	-9.31728	0.26697	0.701304	0.0317266	0.821798
1024	-19.7397	-16.0437	-15.3425	0.0275841	0.857658	0.114758	1.17069
1025	-11.4814	-10.5075	-11.2981	0.322011	0.658176	0.0198123	0.753753
1026	-28.5031	-21.4897	-19.3292	0.000739255	0.634148	0.365113	1.6187
1027	-4.06488	-5.36052	-7.49301	0.824458	0.174172	0.00137019	0.2858
1028	-11.349	-12.384	-13.8877	0.782352	0.214484	0.00316445	0.325438
1029	-9.09318	-9.86825	-11.1815	0.734275	0.261066	0.00465956	0.369757
1030	-9.61915	-8.52249	-9.18843	0.295014	0.681741	0.0232454	0.783039
1031	-25.916	-24.6643	-25.0102	0.26143	0.705442	0.0331277	0.82899
1032	-4.77002	-5.77907	-7.51424	0.778415	0.219021	0.00256357	0.32784
1033	-4.76325	-5.69365	-7.28548	0.764232	0.232626	0.00314247	0.341148
1034	-14.3611	-13.3007	-13.9693	0.302616	0.674449	0.0229349	0.775906
1035	-13.5037	-14.3978	-15.9354	0.757498	0.239092	0.00340999	0.347454
1036	-6.35985	-7.49902	-9.35282	0.800251	0.197694	0.00205509	0.308
1037	-7.22495	-8.072	-9.5697	0.748639	0.247685	0.00367613	0.355605
1038	-7.54737	-8.34007	-9.71549	0.737905	0.257771	0.00432345	0.366031
1039	-4.76441	-5.70679	-7.343	0.766488	0.230533	0.00297902	0.33891
1040	-16.6168	-16.7165	-16.7387	0.57343	0.40057	0.0260001	0.545745
1041	-4.75318	-5.46985	-6.69194	0.722391	0.272285	0.00532368	0.381211
1042	-3.9528	-5.14189	-7.06609	0.80822	0.18994	0.00184026	0.30071
1043	-22.5031	-21.4969	-22.3126	0.315164	0.665306	0.0195297	0.759224
1044	-10.7655	-9.68152	-10.3217	0.297471	0.67878	0.0237496	0.781759
1045	-13.4752	-12.334	-12.8783	0.284966	0.68852	0.0265134	0.797315
1046	-12.0707	-10.7539	-10.9006	0.247236	0.711961	0.0408034	0.854346
1047	-4.30571	-5.41776	-7.34576	0.796	0.20205	0.00195016	0.311516
1048	-12.8057	-11.4318	-11.5761	0.236731	0.721804	0.0414645	0.864597
1049	-4.79994	-5.45605	-6.65918	0.710008	0.284326	0.00566551	0.392553
1050	-9.28324	-10.2139	-11.7961	0.764256	0.232572	0.00317204	0.341177
1051	-10.0937	-8.82869	-9.1396	0.258566	0.70705	0.034384	0.833609
1052	-4.65187	-5.79383	-7.73544	0.800834	0.197287	0.00187846	0.307193
1053	-32.4979	-26.386	-23.7031	0.00145501	0.506677	0.491868	1.83309
1054	-4.30004	-5.50031	-7.52243	0.810085	0.188261	0.00165386	0.298773
1055	-13.3323	-14.1804	-15.5481	0.748451	0.247368	0.00418087	0.356624
1056	-4.55574	-5.31835	-6.68742	0.732023	0.263529	0.00444818	0.371355
1057	-20.8648	-21.6216	-22.9379	0.730706	0.264586	0.00470809	0.37294
1058	-7.54441	-8.47422	-9.89934	0.763691	0.232597	0.00371208	0.342585
1059	-27.6054	-22.0166	-19.8693	0.00308016	0.635705	0.361215	1.61005
1060	-6.82504	-7.74097	-9.30479	0.761546	0.235187	0.00326729	0.343694
1061	-19.271	-14.194	-13.0171	0.00660745	0.817397	0.175996	1.2928
1062	-28.2682	-21.6095	-18.981	0.000865244	0.520572	0.478562	1.81103
1063	-19.2881	-16.2174	-16.0117	0.052649	0.875942	0.0714089	1.07537
1064	-11.9216	-10.5772	-10.8176	0.243019	0.719438	0.0375434	0.852481
1065	-14.1987	-14.9273	-16.1279	0.724696	0.269912	0.00539207	0.379324
1066	-29.452	-25.3934	-24.034	0.0174738	0.780769	0.201757	1.32706
1067	-34.8704	-27.4568	-24.7347	0.000388618	0.497415	0.502197	1.85154
1068	-22.5171	-17.3441	-15.9992	0.00581894	0.792372	0.20181	1.33727
1069	-16.081	-16.9653	-18.4964	0.755681	0.240862	0.00345748	0.349114
1070	-4.55574	-5.31835	-6.68742	0.732023	0.263529	0.00444818	0.371355
1071	-22.1344	-18.1267	-16.6887	0.0180726	0.767399	0.214529	1.3482
1072	-4.68368	-5.55578	-7.08735	0.753412	0.2431	0.00348793	0.351138
1073	-32.1508	-27.0957	-26.0071	0.00685427	0.829619	0.163526	1.27143
1074	-30.5397	-22.6328	-19.3917	0.000176885	0.370805	0.629019	2.06685
1075	-12.488	-13.1685	-14.3614	0.71496	0.279415	0.00562498	0.388181
1076	-19.8267	-16.5922	-16.0346	0.0437247	0.856951	0.0993247	1.13048
1077	-6.82504	-7.74097	-9.30479	0.761546	0.235187	0.00326729	0.343694
1078	-23.8801	-20.6701	-20.1983	0.0451286	0.863067	0.091804	1.11651
1079	-8.33964	-9.07928	-10.3673	0.727217	0.26788	0.00490345	0.376305
1080	-6.7651	-7.36603	-8.35462	0.697533	0.295177	0.00728917	0.406149
1081	-18.5931	-15.4478	-15.0811	0.0484427	0.868402	0.0831552	1.09896
1082	-4.55574	-5.31835	-6.68742	0.732023	0.263529	0.00444818	0.371355
1083	-11.0858	-9.5819	-9.93717	0.215801	0.749339	0.0348594	0.871582
1084	-16.3936	-13.0724	-12.4077	0.0397922	0.850483	0.109725	1.15154
1085	-47.5912	-48.4532	-49.9257	0.751376	0.244897	0.00372741	0.353313
1086	-4.76325	-5.69365	-7.28548	0.764232	0.232626	0.00314247	0.341148
1087	-9.98168	-9.02659	-9.89737	0.326633	0.655166	0.0182016	0.747004
1088	-13.8431	-14.6695	-16.0964	0.744537	0.251457	0.00400609	0.359729
1089	-4.9148	-5.96003	-7.77048	0.784735	0.212953	0.00231179	0.32192
1090	-5.22983	-6.24541	-8.01877	0.779615	0.21793	0.00245522	0.326613
1091	-24.2508	-19.2834	-18.366	0.00767506	0.850983	0.141341	1.23309
1092	-5.30983	-6.09946	-7.49271	0.737367	0.258376	0.004257	0.366386
1093	-8.17145	-8.76098	-9.64765	0.694574	0.297297	0.00812918	0.410146
1094	-21.6572	-20.3663	-20.5997	0.252924	0.709777	0.0372993	0.843458
1095	-12.8216	-11.167	-11.4739	0.19104	0.771301	0.0376595	0.897852
1096	-25.424	-20.01	-18.2949	0.00419842	0.7275	0.268302	1.45147
1097	-12.2903	-13.1765	-14.6806	0.755962	0.240491	0.00354658	0.349021
1098	-10.8317	-9.73791	-10.3655	0.295334	0.680552	0.0241133	0.784233
1099	-25.1298	-19.3123	-17.395	0.00264873	0.687129	0.310222	1.52393
1100	-14.1165	-12.9075	-13.3512	0.270571	0.699638	0.0297913	0.815386
1101	-25.4077	-21.7357	-20.3711	0.0254833	0.773574	0.200943	1.31871
1102	-4.79994	-5.45605	-6.65918	0.710008	0.284326	0.00566551	0.392553
1103	-10.463	-11.3743	-12.9352	0.760705	0.236006	0.00328848	0.344461
1104	-19.2033	-14.2593	-13.3352	0.00784805	0.850028	0.142124	1.23426
1105	-5.85787	-7.08943	-9.06022	0.814783	0.18352	0.00169712	0.294763
1106	-15.5225	-11.0512	-10.2896	0.0128035	0.864351	0.122845	1.19725
1107	-26.9871	-21.403	-19.5771	0.00343584	0.705769	0.290795	1.49029
1108	-6.82504	-7.74097	-9.30479	0.761546	0.235187	0.00326729	0.343694
1109	-5.96947	-6.77797	-8.16446	0.740983	0.254791	0.00422641	0.363192
1110	-6.84397	-7.44562	-8.52164	0.698111	0.29521	0.00667972	0.404613
1111	-10.4262	-9.03529	-9.2483	0.234322	0.726703	0.0389748	0.862467
1112	-8.0278	-8.63407	-9.68262	0.698952	0.294205	0.00684231	0.404158
1113	-16.0278	-12.8271	-12.3891	0.0456713	0.86534	0.0889885	1.11126
1114	-16.4701	-12.944	-11.7912	0.0305352	0.80109	0.168375	1.25908
1115	-15.6319	-13.6471	-13.4469	0.14139	0.794223	0.064387	0.98634
1116	-23.216	-18.1615	-16.9397	0.00670251	0.810737	0.182561	1.30385
1117	-19.67	-15.7811	-14.819	0.0220968	0.833187	0.144716	1.22628
1118	-18.8955	-13.6422	-12.2129	0.00527858	0.778874	0.215847	1.36155
1119	-13.1799	-11.7107	-11.8917	0.220293	0.738793	0.0409143	0.87795
1120	-43.8244	-36.453	-33.8682	0.000433318	0.531678	0.467888	1.7933
1124	-12.5225	-13.3725	-14.8644	0.749169	0.247142	0.0036892	0.355166
1125	-22.024	-18.7794	-18.2331	0.0433523	0.858291	0.0983562	1.12916
1126	-14.1092	-11.7059	-11.0409	0.0940098	0.802447	0.103543	1.09394
1127	-4.19113	-5.26117	-7.05437	0.788865	0.208828	0.00230647	0.318321
1128	-11.4072	-9.74555	-10.0384	0.189854	0.771923	0.0382224	0.899837
1129	-25.6521	-20.4723	-19.0757	0.00571835	0.784012	0.210269	1.35171
1130	-9.25792	-9.82572	-10.8563	0.690708	0.302138	0.00715393	0.411851
1131	-12.3215	-9.36508	-9.3849	0.0594999	0.883047	0.057453	1.04575
1132	-17.4316	-14.3657	-14.1089	0.0526882	0.872459	0.0748533	1.08118
1133	-10.9934	-9.58404	-9.72339	0.230336	0.727655	0.042009	0.871078
1134	-29.5137	-20.539	-17.6798	7.59937e-05	0.463373	0.536551	1.91009
1135	-10.7113	-11.6263	-13.1862	0.761368	0.23535	0.00328248	0.343875
1136	-15.2183	-11.498	-10.7541	0.026805	0.853958	0.119237	1.17897
1137	-8.45105	-7.45889	-8.33409	0.318559	0.6631	0.0183408	0.754257
1138	-40.6672	-37.2752	-36.5201	0.0367891	0.844035	0.119176	1.17019
1139	-24.1544	-19.9859	-18.5908	0.0155688	0.776482	0.207949	1.33921
1140	-8.36982	-9.3674	-11.0728	0.776369	0.220967	0.00266449	0.329789
1141	-4.82274	-5.76796	-7.41814	0.767028	0.230041	0.00293141	0.33836
1142	-16.4907	-12.5392	-11.3053	0.0198828	0.798187	0.181931	1.29133
1143	-18.0812	-13.6472	-12.1019	0.0115903	0.753808	0.234602	1.38788
1144	-4.9148	-5.96003	-7.77048	0.784735	0.212953	0.00231179	0.32192
1145	-13.1968	-12.1208	-12.7532	0.299094	0.677032	0.0238743	0.78056
1146	-7.76349	-8.59436	-10.0126	0.74535	0.250622	0.00402753	0.359059
1147	-22.953	-21.4869	-21.5483	0.219669	0.734493	0.0458381	0.886844
1148	-6.46611	-7.25193	-8.62759	0.736574	0.259082	0.0043444	0.367224
1149	-7.77791	-8.71331	-10.2793	0.765068	0.23172	0.00321219	0.340539
1150	-10.8284	-9.54689	-9.90189	0.255801	0.711109	0.0330901	0.833818
1151	-4.06346	-5.31647	-7.43283	0.818184	0.180374	0.00144208	0.291375
1152	-12.3712	-13.2531	-14.8033	0.755278	0.241323	0.00339856	0.349364
1153	-9.79132	-8.27512	-8.24866	0.210307	0.739313	0.0503799	0.902684
1154	-29.0593	-27.8192	-28.1915	0.26389	0.703916	0.032194	0.825268
1155	-6.47443	-7.53057	-9.28642	0.786471	0.211108	0.00242038	0.320595
1156	-7.34393	-8.29924	-9.86822	0.768636	0.22821	0.00315406	0.33734
1157	-10.5948	-11.7039	-13.6253	0.795527	0.202506	0.00196759	0.311957
1158	-7.56119	-8.49434	-9.92712	0.764314	0.232011	0.00367448	0.341979
1159	-11.1906	-9.99629	-10.4408	0.2735	0.696851	0.0296493	0.812599
1160	-14.9401	-10.7721	-9.87122	0.0169526	0.844995	0.138052	1.21945
1161	-10.975	-10.0925	-11.0701	0.343409	0.640598	0.015993	0.728677
1162	-14.8331	-11.6629	-11.2058	0.0469394	0.86264	0.0904207	1.11259
1163	-6.75299	-7.64167	-9.15546	0.756433	0.240061	0.00350608	0.348543
1164	-12.6897	-13.4979	-14.8834	0.740928	0.25484	0.00423158	0.363248
1165	-15.4335	-16.2255	-17.5996	0.737769	0.257899	0.00433134	0.366163
1166	-7.56119	-8.49434	-9.92712	0.764314	0.232011	0.00367448	0.341979
1167	-13.7443	-12.6959	-13.4895	0.306001	0.673777	0.0202221	0.768362
1168	-22.1772	-18.33	-17.5388	0.0235508	0.851747	0.124702	1.19106
1169	-27.7306	-22.0446	-19.5741	0.00245695	0.558853	0.438691	1.74202
1170	-15.4492	-14.3779	-14.9683	0.299781	0.675385	0.0248344	0.781592
1183	-24.7754	-19.2758	-17.4453	0.0037324	0.704621	0.291647	1.49148
1184	-25.4521	-24.3035	-24.8657	0.283595	0.690295	0.0261099	0.797822
1185	-22.2404	-18.2223	-17.4592	0.0199935	0.857889	0.122118	1.18977
1186	-30.793	-25.742	-24.4974	0.00669809	0.807304	0.185998	1.30969
1198	-7.04877	-7.94364	-9.40036	0.757416	0.23889	0.00369391	0.348007
1199	-23.8087	-20.4388	-19.616	0.0372703	0.836354	0.126376	1.18198
1200	-5.88061	-6.6503	-7.96593	0.733231	0.262102	0.00466693	0.370676
1201	-7.02374	-8.14257	-9.82598	0.796672	0.200852	0.00247579	0.311823
1202	-12.4114	-10.4792	-10.3856	0.148866	0.79332	0.0578145	0.968694
1203	-8.59213	-9.59245	-11.305	0.776859	0.220501	0.00263997	0.329321
1204	-7.98745	-8.88656	-10.3002	0.758071	0.238085	0.00384363	0.347691
1205	-6.50983	-7.5203	-9.14066	0.778418	0.218711	0.00287138	0.328359
1206	-25.2934	-19.8828	-18.1486	0.00419083	0.723739	0.272071	1.45787
1207	-4.9148	-5.96003	-7.77048	0.784735	0.212953	0.00231179	0.32192
1208	-20.1757	-21.1067	-22.6642	0.764262	0.232487	0.00325043	0.341305
1209	-4.52227	-5.40157	-6.93459	0.754753	0.241783	0.00346402	0.349932
1210	-8.00147	-8.80632	-10.1925	0.740282	0.255479	0.00423929	0.363823
1211	-5.90452	-6.80015	-8.34064	0.757783	0.238821	0.00339612	0.347183
1212	-7.14509	-8.08198	-9.61813	0.765261	0.231433	0.00330536	0.34053
1213	-15.2381	-11.9573	-11.4089	0.0418651	0.859434	0.0987004	1.13104
1214	-14.8235	-11.749	-11.5464	0.0524738	0.876307	0.0712197	1.07521
1215	-27.5575	-21.5059	-19.1625	0.00180017	0.590205	0.407995	1.69052
1216	-12.7064	-11.4787	-11.6656	0.264584	0.697042	0.0383741	0.835148
1217	-20.0935	-18.9682	-19.6104	0.288924	0.687086	0.0239899	0.789594
1218	-7.40045	-8.23734	-9.6194	0.746382	0.249462	0.0041564	0.358381
1219	-11.1424	-10.046	-10.6978	0.294966	0.681467	0.0235669	0.783626
1220	-5.49832	-6.24462	-7.58479	0.728716	0.266651	0.00463286	0.374542
1221	-4.30571	-5.41776	-7.34576	0.796	0.20205	0.00195016	0.311516
1222	-4.82274	-5.76796	-7.41814	0.767028	0.230041	0.00293141	0.33836
1223	-9.85895	-8.54608	-8.88881	0.249765	0.716483	0.0337516	0.840186
1224	-6.82504	-7.74097	-9.30479	0.761546	0.235187	0.00326729	0.343694
1225	-17.3051	-13.3085	-12.2338	0.0195464	0.820886	0.159568	1.25369
1232	-12.1852	-10.3223	-10.3422	0.158848	0.789772	0.0513797	0.949103
1233	-11.7264	-12.6223	-14.0306	0.757471	0.238655	0.00387337	0.348263
1234	-4.74173	-5.71777	-7.38907	0.772535	0.224662	0.00280303	0.333356
1235	-36.783	-28.7588	-25.373	0.000143291	0.337746	0.662111	2.12302
1236	-15.5091	-14.6168	-15.3659	0.339806	0.640108	0.0200858	0.738751
1240	-30.1318	-30.9988	-32.4963	0.75238	0.243998	0.00362209	0.352262
1241	-13.2228	-9.89225	-9.29726	0.0397296	0.85714	0.103131	1.14041
1242	-19.4215	-20.193	-21.5484	0.733707	0.261813	0.00447976	0.369945
1243	-31.033	-25.9651	-24.7685	0.00664425	0.814498	0.178858	1.29762
1261	-4.3402	-5.39344	-7.17806	0.786037	0.211605	0.00235727	0.320865
1262	-21.1028	-17.4353	-16.2541	0.026487	0.800426	0.173087	1.27059
1263	-13.3561	-10.2606	-10.0408	0.0513721	0.876185	0.0724429	1.07824
1264	-4.13493	-5.56064	-7.92882	0.842714	0.156315	0.000971507	0.269258
1265	-3.89696	-4.42929	-5.4127	0.68284	0.309478	0.00768206	0.419585
1266	-4.41643	-4.80332	-5.5748	0.649245	0.340314	0.0104416	0.453463
1267	-4.46086	-4.8163	-5.56345	0.641878	0.347207	0.0109153	0.460669
1268	-20.726	-17.3282	-16.5858	0.0366384	0.845478	0.117884	1.16812
1269	-5.8582	-7.09051	-9.06277	0.814899	0.183407	0.00169359	0.294656
1270	-17.0471	-12.8662	-11.5708	0.0156897	0.792274	0.192036	1.31212
1271	-12.318	-9.27559	-9.16581	0.054435	0.880361	0.0652038	1.0633
1272	-4.19149	-5.26215	-7.05656	0.788971	0.208726	0.00230255	0.318223
1273	-26.6774	-24.7982	-24.3066	0.151458	0.765487	0.0830556	1.00926
1274	-23.2812	-19.8578	-19.0814	0.0356024	0.842822	0.121576	1.17529
1275	-11.9774	-10.0749	-9.54802	0.148047	0.765873	0.08608	1.01735
1276	-29.1082	-22.4081	-20.6158	0.00113917	0.714287	0.284574	1.48173
1280	-24.224	-20.6832	-19.8901	0.0317168	0.84442	0.123863	1.18254
1281	-17.1158	-13.3853	-12.4246	0.0257961	0.830215	0.143989	1.22183
1282	-13.0994	-9.92162	-9.58409	0.0470789	0.871834	0.0810874	1.09663
1283	-4.02582	-5.31938	-7.46188	0.824167	0.174474	0.0013589	0.286034
1284	-24.083	-22.7218	-22.9271	0.239615	0.721397	0.0389875	0.857888
1285	-25.3182	-22.1921	-21.903	0.0496471	0.872995	0.0773584	1.08808
1286	-4.30845	-5.26764	-6.90922	0.769495	0.22758	0.00292509	0.336205
1308	-7.96314	-7.18888	-8.38999	0.369356	0.618299	0.0123452	0.69994
1309	-16.3563	-12.8357	-11.7862	0.0312151	0.814411	0.154374	1.23474
1310	-25.7501	-19.7928	-17.4305	0.00196266	0.585541	0.412497	1.69801
1311	-5.10124	-6.1293	-7.90169	0.78175	0.215817	0.00243379	0.324722
1312	-11.1713	-10.2519	-11.0009	0.333755	0.645975	0.0202703	0.744323
1313	-3.89696	-4.42929	-5.4127	0.68284	0.309478	0.00768206	0.419585
1314	-23.3463	-20.6329	-18.8652	0.0582652	0.67813	0.263605	1.39652
1315	-28.6826	-27.5844	-28.1575	0.294017	0.680522	0.0254617	0.787665
1316	-8.70329	-9.25865	-10.2503	0.687848	0.304651	0.00750016	0.414924
1317	-17.4463	-13.4322	-12.4571	0.0195089	0.833783	0.146708	1.23191
1318	-3.99457	-5.1641	-7.10217	0.805191	0.192965	0.00184381	0.303348
1319	-31.7065	-24.1007	-21.3297	0.000312821	0.485275	0.514412	1.87233
1326	-10.6868	-11.6394	-13.257	0.768266	0.228723	0.00301109	0.337419
1327	-11.713	-10.6623	-11.3651	0.304919	0.672964	0.0221171	0.772516
1328	-26.1412	-21.1843	-20.2455	0.00773206	0.848313	0.143955	1.23747
1329	-28.4638	-25.4874	-25.4255	0.0581082	0.879782	0.06211	1.05486
1330	-4.79999	-5.45647	-6.66032	0.710087	0.284253	0.00565998	0.392475
1331	-6.68464	-7.7302	-9.2565	0.784195	0.212737	0.00306842	0.323673
1332	-13.9968	-12.8789	-13.4303	0.289801	0.684044	0.0261548	0.792504
1333	-9.21422	-9.84115	-10.9976	0.703769	0.290172	0.00605861	0.398642
1334	-8.65945	-9.09332	-9.89103	0.660037	0.330097	0.00986583	0.443107
1335	-3.99313	-4.52268	-5.5	0.682207	0.31005	0.00774324	0.420239
1336	-34.3013	-30.2092	-28.9179	0.0171359	0.791726	0.191138	1.30934
1337	-7.10748	-8.28683	-10.1762	0.806653	0.191426	0.00192049	0.302207
1338	-9.73957	-10.4287	-11.1394	0.714252	0.276725	0.00902302	0.39456
1339	-4.7365	-4.98325	-5.46117	0.614308	0.370448	0.0152442	0.491973
1340	-16.384	-14.7235	-14.4258	0.184355	0.748729	0.0669169	0.953291
1341	-13.8345	-12.9118	-13.791	0.333844	0.648297	0.0178593	0.740156
1347	-13.3222	-14.2772	-15.8461	0.768579	0.228265	0.00315527	0.337391
1348	-3.95316	-5.14295	-7.06852	0.808331	0.189833	0.00183671	0.300607
1349	-9.54783	-8.57583	-9.41395	0.322729	0.658373	0.018898	0.751578
1350	-3.99457	-5.1641	-7.10217	0.805191	0.192965	0.00184382	0.303348
1351	-5.91628	-6.87733	-8.47811	0.769732	0.227226	0.00304218	0.336198
1352	-19.2988	-15.1921	-13.878	0.0168172	0.788457	0.194725	1.3157
1353	-12.5843	-9.5257	-9.34725	0.05336	0.877063	0.0695772	1.07165
1377	-9.19396	-8.69571	-10.4178	0.437579	0.555829	0.00659168	0.630888
1378	-14.7377	-14.0386	-15.4949	0.388077	0.602601	0.00932242	0.678542
1379	-10.9866	-11.8545	-13.4354	0.752768	0.243901	0.00333103	0.351431
1380	-4.99416	-6.05436	-8.02101	0.787512	0.210533	0.001955	0.318902
1381	-5.01902	-6.0392	-7.92842	0.780612	0.217209	0.00217937	0.325279
1382	-4.80805	-5.92496	-7.97481	0.796966	0.201314	0.00172015	0.310286
1383	-4.84488	-6.06287	-8.30245	0.813056	0.185631	0.00131205	0.29561
1384	-9.44033	-10.1155	-11.3798	0.714154	0.280586	0.00525922	0.38826
1385	-17.5997	-16.7017	-17.7702	0.340412	0.644885	0.0147031	0.729093
1386	-14.6879	-13.6493	-14.5191	0.308528	0.672763	0.0187085	0.763598
1387	-13.6608	-13.0279	-14.5978	0.404302	0.587585	0.00811376	0.662391
1388	-4.38977	-5.72403	-8.17241	0.830275	0.168757	0.000968	0.280063
1389	-18.603	-17.3254	-17.7223	0.256882	0.711372	0.0317459	0.830598
1390	-8.56047	-7.78528	-9.10813	0.369659	0.619392	0.0109495	0.697309
1391	-4.08365	-5.53207	-8.07318	0.845828	0.15337	0.000801835	0.266264
1392	-11.0794	-10.3256	-11.6488	0.374668	0.614474	0.0108584	0.692801
1393	-22.8493	-17.4488	-16.079	0.00461664	0.789283	0.206101	1.3456
1394	-26.0888	-21.085	-20.0703	0.00729758	0.839088	0.153614	1.25423
1395	-26.3509	-20.5296	-18.769	0.00276297	0.719517	0.27772	1.4687
1396	-10.7254	-10.1026	-11.6182	0.406569	0.584904	0.00852738	0.661122
1397	-40.671	-31.3284	-28.0363	4.07584e-05	0.359031	0.640928	2.08717
1398	-47.9347	-36.9592	-33.1677	5.62689e-06	0.253716	0.746279	2.26591
1399	-14.0915	-13.022	-13.7966	0.301408	0.677859	0.020733	0.77322
1400	-23.6172	-18.7351	-17.9884	0.00854259	0.869673	0.121785	1.19916
1401	-20.7424	-15.8272	-15.0041	0.00818753	0.861579	0.130233	1.2138
1402	-17.7112	-14.4844	-14.0856	0.0446992	0.869334	0.0859672	1.10698
1403	-13.0364	-12.3016	-13.6548	0.379261	0.610273	0.0104656	0.688142
1404	-4.5075	-5.26722	-6.6623	0.731539	0.264117	0.00434364	0.371598
1405	-31.3045	-24.2439	-22.3246	0.000765076	0.688015	0.311219	1.52726
1406	-11.4275	-10.3216	-11.4278	0.295547	0.689321	0.0151325	0.768814
1407	-4.97358	-6.26917	-8.67224	0.824719	0.174235	0.00104576	0.285023
1408	-14.317	-13.7497	-15.4263	0.420517	0.57238	0.00710321	0.646584
1409	-65.4526	-51.9421	-46.979	1.67536e-07	0.0953067	0.904693	2.53463
1410	-9.52506	-8.67679	-9.90296	0.352396	0.635234	0.0123693	0.71472
1411	-16.6535	-18.0124	-20.4785	0.833741	0.165327	0.000931674	0.276988
1412	-26.594	-21.9718	-21.6605	0.011545	0.906339	0.0821164	1.12926
1413	-11.7435	-10.2929	-11.2445	0.228492	0.752233	0.0192752	0.834117
1414	-10.3909	-11.2578	-12.8614	0.752636	0.244105	0.00325919	0.351424
1415	-15.6129	-14.8189	-16.0958	0.365086	0.623376	0.0115378	0.702281
1416	-26.2642	-21.4769	-20.9202	0.00958594	0.887632	0.102782	1.16602
1417	-26.6192	-21.9217	-21.4687	0.0105845	0.895891	0.0935245	1.14945
1418	-9.20423	-8.73977	-10.6302	0.44636	0.548147	0.00549306	0.621393
1419	-24.841	-19.6308	-18.3369	0.0056639	0.800572	0.193764	1.32376
1420	-4.42254	-5.90144	-8.5874	0.849851	0.149473	0.00067608	0.262554
1421	-25.6222	-20.6168	-19.6762	0.00736732	0.848411	0.144222	1.23824
1422	-29.8518	-24.8207	-23.864	0.00716483	0.846587	0.146248	1.24185
1423	-32.0184	-25.6209	-24.7046	0.00184782	0.856107	0.142045	1.23935
1424	-24.1102	-19.6937	-19.7157	0.0144815	0.925436	0.0600827	1.08933
1425	-17.1456	-18.3816	-20.6575	0.81581	0.182944	0.00124687	0.293107
1426	-51.9045	-46.9258	-45.9447	0.00752011	0.843219	0.149261	1.24666
1427	-18.1533	-17.4748	-18.9868	0.393169	0.598081	0.00875029	0.673146
1428	-5.36804	-6.39288	-8.30561	0.781449	0.21643	0.0021211	0.324452
1429	-39.0815	-30.1031	-27.4333	8.34398e-05	0.510674	0.489243	1.82983
1430	-22.863	-20.4999	-21.6159	0.106641	0.874349	0.0190095	0.939566
1431	-48.9231	-35.5345	-30.8074	2.33688e-07	0.11769	0.88231	2.49666
1432	-10.1012	-10.871	-12.3183	0.733671	0.262235	0.00409328	0.369321
1433	-10.4223	-11.4485	-13.3639	0.781687	0.2162	0.00211327	0.324233
1434	-17.0508	-14.5096	-15.3104	0.0901744	0.883501	0.0263246	0.966285
1435	-48.2903	-35.2185	-30.4055	2.97263e-07	0.109053	0.890947	2.51131
1436	-14.8578	-16.0591	-18.2813	0.810487	0.18816	0.00135316	0.297913
1437	-26.9779	-26.1278	-27.3265	0.351846	0.635436	0.0127181	0.715789
1438	-12.9442	-12.1278	-13.3919	0.359868	0.628352	0.01178	0.707226
1439	-51.2956	-38.3954	-33.925	4.7594e-07	0.147064	0.852935	2.44683
1440	-10.3559	-11.5641	-13.8203	0.811586	0.187113	0.00130076	0.296869
1441	-19.0477	-18.2348	-19.5107	0.360721	0.62765	0.0116291	0.706229
1442	-29.6989	-24.9893	-24.5822	0.0105027	0.899781	0.0897162	1.14306
1443	-9.84707	-8.91777	-9.95772	0.333266	0.651452	0.0152818	0.736286
1444	-7.24421	-8.84979	-11.7206	0.865398	0.134097	0.00050418	0.24875
1445	-13.9485	-15.2139	-17.5551	0.820253	0.178606	0.00114041	0.289065
1446	-26.4398	-27.2912	-28.8045	0.749487	0.246905	0.00360773	0.354752
1447	-43.3054	-36.1339	-34.0172	0.000641261	0.644288	0.355071	1.60175
1448	-34.5273	-27.6549	-25.9853	0.000991587	0.738691	0.260318	1.44072
1449	-5.09043	-6.41697	-8.89525	0.829209	0.169846	0.00094556	0.280951
1450	-19.73	-18.8439	-20.0116	0.343539	0.643183	0.0132779	0.723959
1451	-11.7015	-12.6584	-14.4249	0.769353	0.22806	0.00258708	0.335756
1452	-18.1905	-17.1729	-18.0754	0.313213	0.668787	0.0179994	0.758324
1453	-5.18043	-6.40514	-8.68148	0.814113	0.184629	0.00125786	0.294601
1454	-7.24421	-8.84979	-11.7206	0.865398	0.134097	0.00050418	0.24875
1455	-10.1309	-9.47875	-11.0364	0.399644	0.592079	0.00827613	0.666714
1456	-14.6076	-15.7618	-17.9141	0.803065	0.195428	0.00150724	0.304625
1457	-21.2938	-18.4157	-18.6322	0.0646991	0.887847	0.0474541	1.02427
1458	-4.21251	-6.17996	-9.75566	0.90244	0.0973788	0.000180921	0.21601
1459	-36.517	-32.0315	-32.0055	0.0134878	0.923603	0.0629095	1.09499
1460	-69.6295	-54.5738	-48.9389	1.91408e-08	0.0510594	0.948941	2.60969
1461	-30.5484	-27.6493	-27.8385	0.0633559	0.887878	0.0487656	1.02766
1462	-36.1772	-28.8336	-26.8566	0.000566148	0.675637	0.323796	1.54876
1463	-4.88841	-6.46108	-9.34501	0.861524	0.137965	0.000511948	0.252131
1464	-15.6068	-14.4372	-15.0761	0.279879	0.695749	0.0243715	0.798103
1465	-18.4403	-13.7699	-13.4637	0.0110128	0.907208	0.0817792	1.12915
1466	-31.7815	-24.7064	-22.9224	0.000784997	0.716241	0.282974	1.47933
1467	-24.0022	-22.7937	-23.3495	0.27155	0.701737	0.0267131	0.809314
1468	-19.8198	-21.0148	-23.2242	0.809504	0.189118	0.00137771	0.298809
1469	-16.3193	-13.5485	-13.9379	0.0720431	0.888032	0.039925	1.00511
1470	-41.6051	-34.6106	-32.7324	0.000827686	0.696709	0.302464	1.51235
1471	-7.93986	-9.44982	-12.2232	0.853819	0.145578	0.000603348	0.258982
1472	-25.3029	-22.5131	-22.8913	0.0707479	0.888842	0.0404099	1.00706
1473	-29.9177	-22.5814	-20.5128	0.000553127	0.655299	0.344147	1.5833
1474	-21.2841	-18.456	-18.7489	0.0680258	0.888007	0.0439676	1.01546
1475	-10.1692	-11.469	-13.8458	0.825296	0.173634	0.00106991	0.284562
1476	-4.91059	-6.30098	-8.87786	0.838132	0.161056	0.000812425	0.27297
1477	-15.6832	-12.6459	-12.9578	0.0559481	0.900312	0.0437399	1.02557
1478	-10.8328	-10.6955	-13.1304	0.528949	0.468328	0.00272274	0.544917
1479	-9.79174	-9.35117	-11.2944	0.452397	0.542447	0.00515659	0.615576
1480	-34.4098	-27.7688	-26.5737	0.00138571	0.819028	0.179586	1.30343
1481	-30.6852	-25.6351	-24.5941	0.00694156	0.835954	0.157105	1.26046
1482	-5.08468	-6.29456	-8.55391	0.811841	0.186865	0.0012949	0.296638
1483	-59.6862	-47.6812	-42.6325	6.9845e-07	0.0881759	0.911823	2.54673
1484	-27.9598	-21.7979	-19.8296	0.00184838	0.676676	0.321476	1.54371
1485	-25.5929	-22.703	-22.8764	0.0638551	0.886671	0.0494737	1.02843
1486	-18.9446	-19.7177	-21.1727	0.734337	0.26161	0.00405234	0.368672
1487	-33.0269	-28.4482	-28.1804	0.0120954	0.909048	0.0788569	1.12325
1488	-11.3369	-10.7764	-12.4842	0.422275	0.570858	0.00686661	0.644655
1489	-28.6161	-25.8577	-26.3015	0.0730322	0.88911	0.0378582	1.00075
1490	-4.83461	-5.72651	-7.41626	0.757453	0.239613	0.00293489	0.346688
1491	-4.97358	-6.26918	-8.67224	0.82472	0.174235	0.00104576	0.285022
1492	-16.7682	-13.8602	-13.9857	0.0626313	0.885533	0.0518357	1.0335
1493	-11.7788	-12.6018	-14.0678	0.74399	0.252147	0.00386289	0.359962
1494	-13.9462	-13.0465	-14.1422	0.340147	0.645532	0.0143211	0.728677
1495	-4.20597	-5.82497	-8.74124	0.866972	0.132552	0.000476209	0.247335
1496	-15.2531	-14.3929	-15.5814	0.349514	0.637595	0.0128911	0.71811
1497	-21.8717	-16.8464	-15.8858	0.00720139	0.846073	0.146726	1.24263
1498	-12.5668	-11.541	-12.4087	0.31125	0.670077	0.0186728	0.761172
1499	-43.6153	-34.8415	-32.4631	0.000116828	0.582703	0.41718	1.70756
1500	-47.6022	-42.8013	-42.0836	0.00929003	0.872092	0.118618	1.19314
1501	-19.6762	-20.4322	-21.8307	0.730807	0.264852	0.00434084	0.372229
1502	-15.64	-14.7387	-15.8363	0.339804	0.645893	0.0143024	0.728942
1503	-17.067	-18.1079	-20.0449	0.784212	0.213744	0.00204445	0.321921
1504	-4.21251	-6.17996	-9.75566	0.90244	0.0973788	0.000180921	0.21601
1505	-8.6988	-8.01279	-9.54132	0.391441	0.599925	0.00863375	0.67445
1506	-6.90638	-8.54875	-11.449	0.869639	0.129887	0.000474185	0.245014
1507	-37.9941	-29.6474	-26.9261	0.000152973	0.497749	0.502098	1.85158
1508	-32.0194	-33.1531	-35.2585	0.79974	0.198654	0.0016058	0.307682
1509	-69.7974	-56.5837	-51.5075	2.03395e-07	0.0859935	0.914006	2.55043
1510	-29.2909	-26.5234	-26.8811	0.0721695	0.88668	0.0411506	1.00708
1511	-22.9276	-22.0783	-23.2866	0.352075	0.63533	0.0125947	0.715381
1512	-29.6612	-28.6868	-29.6029	0.322659	0.659822	0.0175184	0.749298
1513	-25.3244	-26.1193	-27.5134	0.73838	0.257383	0.00423702	0.365472
1514	-71.0026	-55.4176	-49.0916	5.797e-09	0.0262528	0.973747	2.65177
1515	-48.914	-37.8443	-34.0466	5.09706e-06	0.25254	0.747455	2.2679
1516	-22.9466	-19.771	-19.4748	0.0473323	0.874615	0.0780527	1.09127
1517	-26.7477	-21.9757	-21.4276	0.00974063	0.888284	0.101976	1.16452
1518	-40.3663	-33.7758	-32.5539	0.00145027	0.815003	0.183546	1.31009
1519	-61.344	-49.91	-45.5143	2.19687e-06	0.156686	0.843312	2.43051
1520	-49.0256	-37.5469	-33.2867	2.35206e-06	0.175434	0.824564	2.39871
1523	-32.5211	-25.4994	-23.6184	0.000804858	0.696139	0.303056	1.51337
1524	-55.576	-40.8776	-35.7986	4.59652e-08	0.0857701	0.91423	2.55081
1525	-35.7292	-31.1091	-30.7809	0.0115525	0.905055	0.0833926	1.13142
1526	-31.4217	-24.2035	-21.9655	0.000585215	0.616125	0.38329	1.64967
1527	-30.223	-23.6024	-22.3716	0.00140501	0.813692	0.184903	1.31243
1528	-23.5011	-20.7716	-21.2418	0.0750809	0.888091	0.036828	0.99722
1529	-16.6186	-16.1443	-17.8851	0.443522	0.550076	0.00640191	0.625401
1530	-9.28081	-10.5494	-12.896	0.82073	0.178139	0.00113134	0.288635
1531	-6.93641	-8.0574	-10.139	0.79767	0.200669	0.00166103	0.309575
1532	-27.2099	-26.0036	-26.4413	0.271087	0.698968	0.0299447	0.815197
1533	-20.3505	-15.5153	-14.9044	0.00909021	0.882963	0.107947	1.17521
1534	-14.1733	-13.4216	-15.2505	0.376782	0.616646	0.00657225	0.683693
1535	-25.7283	-23.0244	-23.5455	0.0770224	0.887981	0.0349965	0.992426
1536	-8.27583	-9.85734	-12.6256	0.862523	0.136907	0.000570348	0.251362
1537	-16.122	-13.6001	-14.4017	0.0917744	0.881967	0.0262588	0.964783
1538	-29.5457	-25.5335	-24.1571	0.0182266	0.777429	0.204344	1.33079
1539	-16.7755	-14.1944	-14.8508	0.0865989	0.883004	0.0303966	0.9763
1540	-12.0654	-11.4754	-13.1472	0.414983	0.577812	0.00720507	0.651567
1541	-9.82941	-9.13566	-10.6047	0.389392	0.601422	0.00918538	0.677166
1542	-4.88841	-6.46108	-9.345	0.861523	0.137965	0.000511951	0.252131
1543	-10.9434	-10.195	-11.531	0.375961	0.613339	0.0107002	0.691409
1544	-46.9751	-37.8396	-34.6617	5.38587e-05	0.385702	0.614244	2.0419
1545	-38.2737	-33.2887	-32.58	0.0077489	0.874374	0.117877	1.19322
1546	-18.8203	-16.11	-16.6327	0.0765753	0.888463	0.0349619	0.992755
1547	-36.6382	-29.3945	-27.0958	0.000557174	0.601678	0.397765	1.67424
1548	-16.8401	-17.6639	-19.2069	0.744375	0.25205	0.00357535	0.35914
1549	-21.292	-18.4123	-18.6177	0.0645679	0.887473	0.0479591	1.02524
1550	-4.20597	-5.82496	-8.74123	0.866972	0.132552	0.000476212	0.247335
1551	-26.4031	-22.0075	-22.0152	0.0147692	0.924353	0.0608775	1.09043
1552	-16.5526	-13.8701	-14.4545	0.078728	0.888406	0.0328664	0.98733
1553	-5.09043	-6.41697	-8.89524	0.829209	0.169846	0.000945563	0.280951
1554	-34.2762	-25.4052	-22.8201	9.67488e-05	0.531782	0.468121	1.79399
1555	-17.9919	-15.5071	-16.3957	0.0951194	0.880841	0.0240392	0.958111
1556	-21.8904	-21.5603	-23.6613	0.480213	0.515602	0.00418588	0.589755
1557	-4.20597	-5.82496	-8.74123	0.866972	0.132552	0.000476212	0.247335
1558	-17.4448	-18.4883	-20.4346	0.784662	0.213317	0.00202156	0.321491
1559	-40.916	-39.7778	-40.3257	0.285596	0.688006	0.0263978	0.796571
1560	-54.659	-41.6683	-37.0372	3.78444e-07	0.128021	0.871979	2.47914
1561	-29.7059	-23.835	-21.3411	0.00202199	0.553327	0.444651	1.75251
1562	-18.3457	-18.6219	-19.0293	0.620573	0.363381	0.0160455	0.487887
1563	-21.4497	-18.9305	-19.6846	0.0918812	0.880627	0.0274918	0.966782
1564	-4.46327	-5.98628	-8.80391	0.855462	0.143968	0.000570843	0.257499
1565	-71.5256	-58.522	-53.8002	3.45018e-07	0.118234	0.881765	2.49574
1566	-72.61	-52.9535	-44.6072	1.3414e-11	0.00356269	0.996437	2.69026
1567	-19.2971	-18.7981	-20.5293	0.437426	0.55604	0.00653402	0.630923
1568	-26.1525	-21.3167	-20.7266	0.00910465	0.884942	0.105953	1.17182
1569	-59.2948	-46.8161	-42.2333	6.58543e-07	0.13352	0.866479	2.46981
1570	-23.2571	-20.617	-21.2129	0.0818876	0.885723	0.0323899	0.983776
1571	-41.7022	-34.2955	-31.8823	0.000451623	0.574029	0.425519	1.72142
1573	-57.6175	-44.2147	-38.916	1.37121e-07	0.0700391	0.929961	2.57749
1574	-59.0007	-48.0285	-44.1686	5.36189e-06	0.240983	0.759012	2.28751
1575	-30.3376	-24.6296	-22.8329	0.00306242	0.712015	0.284922	1.48065
1576	-20.2874	-16.295	-15.9448	0.0213875	0.894364	0.0842486	1.12432
1577	-36.3093	-28.8413	-26.6513	0.000464287	0.627473	0.372063	1.63073
1578	-44.3473	-33.3747	-29.6436	5.9011e-06	0.265335	0.73466	2.2462
1579	-39.3931	-32.0493	-29.4914	0.00045099	0.538353	0.461196	1.78194
1580	-60.0905	-48.4423	-43.8654	1.51885e-06	0.1342	0.865798	2.46865
1581	-47.5306	-38.4066	-35.3884	5.99161e-05	0.424167	0.575773	1.97663
1582	-22.7748	-17.604	-16.3435	0.00592823	0.805524	0.188548	1.31468
1583	-17.4745	-14.8311	-15.3898	0.0815344	0.884878	0.0335875	0.986114
1584	-39.7367	-32.9113	-31.1897	0.00102498	0.72854	0.270435	1.45785
1585	-37.5084	-28.2688	-24.9237	4.3655e-05	0.346928	0.653028	2.10769
1586	-40.2136	-32.7781	-29.9463	0.000359307	0.470062	0.529579	1.89801
1588	-35.77	-28.629	-26.5553	0.000671148	0.654059	0.34527	1.5851
1589	-11.6076	-10.6811	-11.7126	0.333857	0.650748	0.015395	0.735965
1590	-28.5128	-25.45	-25.5048	0.0539269	0.890149	0.0559238	1.048
1591	-12.4651	-13.6822	-15.9464	0.81296	0.185759	0.00128103	0.295642
1592	-22.7677	-20.141	-20.7772	0.0830076	0.885874	0.0311185	0.980646
1593	-17.742	-14.8077	-14.948	0.0611463	0.88766	0.0511934	1.0337
1594	-4.46327	-5.98628	-8.8039	0.855461	0.143968	0.000570847	0.2575
1595	-5.1203	-6.2426	-8.31885	0.797873	0.200459	0.00166823	0.30941
1596	-7.66466	-9.04453	-11.5602	0.836657	0.162472	0.000871324	0.274352
1597	-20.5758	-17.6061	-17.6168	0.0587312	0.883273	0.0579962	1.04734
1598	-9.96287	-9.24468	-10.6602	0.383402	0.60682	0.009778	0.683377
1599	-4.17121	-5.80958	-8.74944	0.869201	0.130342	0.000457353	0.245367
1600	-53.4257	-40.4358	-35.3168	2.44606e-07	0.0826859	0.917314	2.55604
1601	-25.4263	-24.1209	-24.4906	0.251395	0.715786	0.0328196	0.837188
1602	-23.9337	-24.8689	-26.5646	0.765326	0.231851	0.00282298	0.339655
1603	-4.11899	-5.63541	-8.31154	0.85457	0.144769	0.000661275	0.258428
1604	-11.2555	-12.6174	-15.0685	0.834134	0.164923	0.000943449	0.276667
1605	-9.09283	-8.55844	-10.2098	0.428494	0.564323	0.00718263	0.639786
1606	-6.69938	-7.47038	-8.8199	0.733601	0.261891	0.00450782	0.370085
1607	-21.0366	-19.7189	-19.9781	0.248128	0.715244	0.036628	0.846488
1608	-27.3091	-21.4363	-19.8437	0.00274252	0.751908	0.245349	1.4138
1609	-19.7975	-18.767	-19.6647	0.31042	0.671423	0.0181564	0.761017
1610	-6.17644	-7.65695	-10.2859	0.850023	0.149262	0.000714728	0.26247
1611	-25.5353	-22.4625	-22.2985	0.052699	0.878601	0.0687	1.07074
1612	-77.2447	-63.4169	-56.6125	2.10337e-08	0.0164336	0.983566	2.66842
1613	-51.8596	-44.1792	-41.3128	0.000276127	0.461487	0.538237	1.91277
1614	-8.52054	-9.93888	-12.3793	0.841791	0.157299	0.000909514	0.269955
1615	-14.6736	-12.2769	-13.3625	0.103417	0.87693	0.0196528	0.943458
1616	-53.4888	-40.9609	-35.5492	2.95952e-07	0.0630244	0.936975	2.58939
1617	-51.822	-40.4652	-36.0023	2.24187e-06	0.14802	0.851978	2.44521
1618	-36.7338	-27.4704	-24.1393	4.30189e-05	0.350096	0.649861	2.10232
1619	-27.9945	-20.8141	-19.0352	0.000707598	0.717326	0.281966	1.47768
1620	-89.5714	-66.4538	-56.6266	9.6043e-14	0.000812423	0.999188	2.69492
1621	-25.6792	-20.9592	-20.4017	0.0102454	0.886966	0.102789	1.16546
1622	-33.0448	-28.2188	-27.5891	0.00915435	0.881088	0.109758	1.17823
1623	-39.4641	-30.3029	-27.2568	5.6801e-05	0.41737	0.582573	1.98817
1624	-35.7716	-28.3333	-26.1378	0.000477281	0.626167	0.373356	1.63291
1625	-62.8874	-49.2531	-44.1374	1.28808e-07	0.0829351	0.917065	2.55562
1626	-62.3299	-49.0917	-43.9955	1.94875e-07	0.0844307	0.915569	2.55308
1627	-53.2082	-41.0749	-36.2536	7.54197e-07	0.108256	0.891743	2.51266
1628	-37.5578	-28.7342	-26.1877	0.000103258	0.541373	0.458524	1.77771
1629	-42.5427	-34.5882	-31.8769	0.000227532	0.500221	0.499552	1.84719
1630	-37.7832	-30.408	-28.1987	0.000505738	0.622914	0.37658	1.63835
1631	-30.0885	-24.5968	-22.9025	0.00390699	0.731777	0.264316	1.44496
1632	-23.9822	-20.802	-20.6621	0.0476671	0.884797	0.0675357	1.07313
1633	-44.1967	-33.5343	-30.3787	1.18601e-05	0.39101	0.608978	2.033
1634	-43.6035	-36.1493	-34.0986	0.000494624	0.659367	0.340139	1.57655
1635	-38.1762	-31.2435	-29.5561	0.000929217	0.735305	0.263766	1.44662
1636	-4.20597	-5.82497	-8.74124	0.866972	0.132552	0.000476209	0.247335
1637	-39.2367	-34.8899	-34.3222	0.0147964	0.881946	0.103257	1.1623
1638	-30.1314	-27.0307	-26.8413	0.0512304	0.878326	0.0704431	1.07497
1641	-23.9975	-22.5124	-21.9363	0.207901	0.70845	0.0836496	0.961212
1642	-44.4598	-34.3436	-30.3607	1.14792e-05	0.219206	0.780783	2.32443
1643	-11.2033	-12.2006	-14.0748	0.776634	0.221113	0.00225211	0.328859
1644	-41.8687	-34.7337	-32.5901	0.000658752	0.638111	0.361231	1.61218
1645	-14.3863	-13.8296	-15.5414	0.423212	0.569959	0.00682857	0.643776
1646	-49.208	-37.9007	-34.2553	4.49366e-06	0.282364	0.717632	2.21732
1647	-17.8686	-16.831	-17.6607	0.308509	0.672038	0.0194532	0.764878
1648	-48.661	-39.7376	-37.123	9.05294e-05	0.524445	0.475465	1.80645
1649	-5.18209	-6.30305	-8.37752	0.797655	0.200672	0.00167299	0.309608
1650	-20.5901	-17.9624	-18.5888	0.0829073	0.885676	0.0314167	0.981239
1651	-23.6462	-22.6425	-23.2368	0.314167	0.661599	0.0242337	0.768069
1652	-17.109	-14.6874	-15.7175	0.101013	0.878182	0.0208046	0.947502
1653	-46.7789	-37.7954	-34.9913	7.75592e-05	0.47711	0.522813	1.88678
1654	-17.8639	-18.6658	-20.1024	0.739872	0.256088	0.00404055	0.363843
1655	-11.7549	-10.3091	-11.1383	0.228748	0.749545	0.0217076	0.838021
1656	-12.9697	-12.4493	-14.1312	0.432028	0.561046	0.0069262	0.63628
1657	-4.25384	-5.98032	-9.12904	0.878967	0.12069	0.000343666	0.236686
1658	-8.91265	-8.16637	-9.5703	0.37674	0.613263	0.00999682	0.689539
1659	-14.0589	-14.8605	-16.2811	0.739761	0.256133	0.00410616	0.36405
1660	-14.0851	-11.3897	-11.9847	0.0778233	0.889613	0.0325638	0.987603
1661	-20.8304	-17.7826	-17.6844	0.0541972	0.881285	0.0645173	1.06234
1662	-13.3707	-14.2124	-15.702	0.747607	0.248672	0.00372104	0.356578
1663	-10.907	-12.4534	-15.2596	0.858328	0.141106	0.000565907	0.255
1664	-16.4161	-15.5377	-16.6852	0.345188	0.641303	0.0135091	0.722918
1665	-32.4342	-25.4797	-23.7467	0.000898162	0.726375	0.272727	1.46185
1666	-12.3436	-11.7613	-13.3669	0.416666	0.575664	0.00766976	0.650892
1667	-36.8788	-32.01	-31.3214	0.00871608	0.875592	0.115692	1.18867
1668	-34.4722	-26.9087	-24.6226	0.000406767	0.604787	0.394806	1.66936
1669	-14.9233	-14.3874	-16.1518	0.428455	0.565121	0.00642389	0.638533
1670	-22.5303	-20.9271	-21.2653	0.199344	0.764481	0.0361753	0.888117
1671	-57.6005	-46.4264	-42.4431	3.98421e-06	0.219144	0.780852	2.32456
1672	-9.11653	-10.7181	-13.5248	0.864896	0.134565	0.000539373	0.249247
1673	-38.6089	-29.6557	-26.8637	8.04458e-05	0.480112	0.519807	1.88168
1674	-20.7244	-21.2897	-21.8721	0.687393	0.301433	0.0111732	0.42155
1675	-26.0433	-20.4411	-18.6313	0.00339005	0.709108	0.287502	1.48474
1676	-9.19547	-10.5117	-12.9185	0.827679	0.171296	0.00102424	0.282414
1677	-24.2294	-19.1308	-18.0811	0.00660599	0.835073	0.158321	1.26282
1678	-4.46327	-5.98628	-8.80392	0.855462	0.143967	0.00057084	0.257499
1679	-21.4935	-16.7854	-16.402	0.010541	0.90166	0.0877988	1.13977
1680	-29.1518	-22.4974	-21.2824	0.00136243	0.816103	0.182534	1.30845
1681	-4.20597	-5.82497	-8.74124	0.866972	0.132552	0.000476209	0.247335
1682	-9.40941	-10.8864	-13.5672	0.849607	0.149712	0.000680701	0.262774
1683	-93.4397	-76.0634	-68.7071	3.50881e-10	0.00952972	0.99047	2.68014
1684	-17.4475	-14.5057	-14.6428	0.0607108	0.887912	0.0513774	1.03439
1685	-24.9753	-23.9732	-25.1656	0.317983	0.668552	0.0134652	0.746487
1686	-70.3626	-57.4826	-52.3466	2.68807e-07	0.0814082	0.918592	2.55821
1687	-13.8433	-13.0956	-14.472	0.3763	0.613422	0.0102781	0.690398
1688	-7.44863	-8.69436	-10.9948	0.817297	0.181496	0.00120707	0.291747
1689	-17.7279	-18.8665	-20.9752	0.800527	0.197879	0.00159424	0.306978
1690	-46.0007	-35.879	-31.9742	1.21291e-05	0.232874	0.767114	2.30125
1691	-31.7277	-24.6117	-22.5257	0.000685217	0.651258	0.348057	1.58981
1692	-4.5664	-6.01875	-8.66544	0.846407	0.152874	0.000719155	0.26562
1693	-5.09043	-6.41698	-8.89525	0.829209	0.169846	0.000945558	0.280951
1694	-8.35642	-9.68783	-12.1521	0.829887	0.169158	0.000954975	0.280378
1695	-27.1203	-22.2161	-21.4682	0.00835569	0.869716	0.121928	1.19956
1696	-4.91059	-6.30098	-8.87786	0.838132	0.161056	0.000812425	0.27297
1697	-29.4124	-22.5406	-20.9094	0.00100204	0.746003	0.252995	1.42828
1698	-4.46327	-5.98628	-8.80392	0.855462	0.143967	0.00057084	0.257499
1699	-16.4591	-16.024	-17.8876	0.453549	0.540884	0.00556783	0.615272
1700	-13.9687	-13.379	-15.0084	0.414939	0.577547	0.00751427	0.652129
1701	-9.57524	-9.44151	-11.8682	0.529833	0.467427	0.00273991	0.544177
1702	-27.8465	-26.9232	-27.9827	0.334698	0.650341	0.0149614	0.734498
1703	-30.9201	-26.0236	-25.2813	0.00842582	0.870243	0.121331	1.19849
1704	-16.9614	-18.1795	-20.4431	0.813105	0.185614	0.00128082	0.295515
1705	-20.3622	-17.8385	-18.593	0.0915069	0.881	0.0274932	0.96711
1706	-11.5446	-12.8192	-15.1302	0.821589	0.177245	0.00116643	0.287948
1707	-25.5449	-22.7315	-23.0515	0.0690485	0.888152	0.0427996	1.01259
1708	-17.8968	-17.7753	-20.2486	0.532962	0.46444	0.00259867	0.541219
1709	-5.09043	-6.41698	-8.89525	0.829209	0.169846	0.000945558	0.280951
1710	-25.2656	-20.2489	-19.8977	0.00778515	0.906719	0.0854956	1.13826
1711	-7.10756	-8.37563	-10.6773	0.82061	0.178206	0.00118371	0.288828
1712	-9.70042	-10.8671	-13.0417	0.805063	0.193478	0.00145936	0.302807
1713	-8.84265	-8.42542	-10.3429	0.458125	0.536641	0.00523438	0.61073
1714	-36.7904	-30.095	-28.7188	0.00126719	0.790882	0.207851	1.35148
1715	-31.9895	-25.047	-23.3233	0.00091128	0.728205	0.270883	1.45871
1716	-16.8395	-15.792	-16.65	0.306557	0.674465	0.0189779	0.765768
1717	-23.6347	-20.015	-19.4692	0.0302039	0.870124	0.0996723	1.14282
1718	-4.21251	-6.17996	-9.75566	0.90244	0.0973788	0.000180921	0.21601
1719	-4.83461	-5.72651	-7.41626	0.757453	0.239613	0.00293489	0.346688
1720	-4.46327	-5.98628	-8.80392	0.855462	0.143967	0.00057084	0.257499
1721	-8.75395	-9.91039	-12.0668	0.803424	0.195078	0.00149839	0.304298
1722	-23.1468	-22.2009	-23.1649	0.329191	0.65425	0.0165591	0.741995
1723	-32.9367	-24.2817	-22.1174	0.000143056	0.63365	0.366207	1.62107
1724	-10.213	-9.34004	-10.5088	0.346523	0.640273	0.0132041	0.72124
1725	-4.19216	-5.84963	-8.80111	0.871361	0.128194	0.000444622	0.243467
1726	-41.7892	-34.6239	-32.5895	0.000663896	0.662901	0.336435	1.57012
1727	-13.4615	-12.8771	-14.4844	0.416141	0.576195	0.00766418	0.651339
1728	-17.7988	-17.2356	-18.8623	0.421362	0.571187	0.00745116	0.64644
1729	-12.0096	-13.55	-16.3092	0.857567	0.141837	0.000596255	0.255713
1730	-31.7602	-30.3596	-31.2903	0.237312	0.743242	0.0194459	0.826742
1731	-23.801	-25.0065	-27.2041	0.811104	0.187514	0.0013822	0.297426
1732	-8.35642	-9.68783	-12.1521	0.829887	0.169158	0.000954975	0.280378
1733	-15.7556	-14.8873	-16.0898	0.34772	0.639528	0.0127514	0.719432
1734	-4.46327	-5.98628	-8.80392	0.855462	0.143967	0.00057084	0.257499
1735	-17.4845	-18.7111	-20.9939	0.814414	0.184338	0.00124775	0.294321
1736	-52.2391	-43.5119	-41.219	0.000126726	0.603346	0.396528	1.67252
1737	-39.7453	-40.5271	-41.9963	0.736069	0.259961	0.00397002	0.367027
1738	-4.91059	-6.30098	-8.87786	0.838132	0.161056	0.000812425	0.27297
1739	-11.1117	-12.399	-14.771	0.823488	0.175425	0.00108621	0.286161
1740	-10.1471	-11.2335	-13.2571	0.791954	0.206237	0.00180918	0.314793
1741	-5.70178	-6.72093	-8.63833	0.780483	0.217396	0.00212066	0.325291
1742	-8.95784	-9.75511	-11.1167	0.738745	0.256886	0.00436861	0.365378
1743	-5.09043	-6.41698	-8.89525	0.829209	0.169846	0.000945558	0.280951
1744	-12.7184	-12.4691	-14.7021	0.500651	0.495822	0.00352747	0.570875
1745	-25.5909	-20.5296	-19.4715	0.006846	0.83375	0.159404	1.26445
1746	-10.9837	-10.719	-12.918	0.496766	0.499557	0.00367731	0.574506
1747	-27.0126	-24.2266	-24.5326	0.0707888	0.885917	0.0432942	1.01192
1748	-10.0255	-11.14	-13.2224	0.796621	0.201711	0.00166841	0.310499
1749	-7.84165	-9.41838	-12.2821	0.861999	0.13748	0.000520587	0.251732
1750	-29.1979	-26.0879	-25.8912	0.0507554	0.878287	0.0709571	1.07625
1751	-5.10535	-6.26964	-8.44071	0.804678	0.193855	0.00146733	0.303155
1752	-5.09043	-6.41698	-8.89525	0.829209	0.169846	0.000945558	0.280951
1753	-5.18044	-6.40514	-8.68148	0.814113	0.184629	0.00125786	0.2946
1754	-5.49015	-6.24458	-7.66414	0.730577	0.265167	0.00425548	0.372285
1755	-8.07998	-9.36218	-11.7245	0.822738	0.17616	0.00110132	0.286838
1756	-18.7166	-19.4724	-20.8937	0.730843	0.264913	0.0042439	0.372034
1757	-9.3121	-8.5816	-10.0037	0.380522	0.609718	0.00975984	0.68585
1758	-14.3007	-15.8126	-18.5302	0.854033	0.145331	0.000636858	0.258853
1759	-9.11653	-10.7181	-13.5248	0.864896	0.134565	0.000539373	0.249247
1760	-4.73756	-5.94566	-8.18046	0.811543	0.187128	0.00132896	0.296955
1761	-10.9601	-11.7505	-13.1588	0.737556	0.258252	0.0041913	0.36611
1762	-22.819	-18.0598	-17.5836	0.00993505	0.894502	0.0955628	1.15347
1763	-28.3729	-25.4546	-25.5886	0.0620553	0.886494	0.0514508	1.03334
1764	-35.3751	-29.1701	-28.0437	0.00216717	0.828279	0.169554	1.28573
1765	-11.3889	-12.6131	-14.8885	0.814035	0.184705	0.00125961	0.294671
1766	-4.94171	-5.93334	-7.75635	0.775565	0.222054	0.00238049	0.330006
1767	-22.5079	-23.3546	-24.8958	0.748688	0.247791	0.00352116	0.355299
1768	-4.20597	-5.82497	-8.74124	0.866972	0.132552	0.000476209	0.247335
1769	-14.0975	-15.6767	-18.5412	0.862289	0.137192	0.000519048	0.251478
1770	-10.0234	-10.8907	-12.4938	0.752691	0.244049	0.00325978	0.351377
1771	-4.19216	-5.84963	-8.80111	0.871361	0.128194	0.000444622	0.243467
1772	-10.6549	-10.2427	-12.1703	0.459386	0.535444	0.00516967	0.609523
1773	-5.36804	-6.39288	-8.30562	0.781449	0.21643	0.0021211	0.324452
1774	-4.7808	-6.38116	-9.33447	0.864823	0.134711	0.000466368	0.249186
1775	-5.10535	-6.26964	-8.44071	0.804678	0.193855	0.00146733	0.303155
1776	-74.5461	-63.1616	-58.6113	2.02327e-06	0.137332	0.862666	2.46334
1777	-29.1325	-23.9279	-22.5948	0.00565216	0.794407	0.199941	1.33425
1778	-7.44863	-8.69436	-10.9948	0.817297	0.181496	0.00120707	0.291747
1779	-17.5918	-15.0226	-15.7452	0.0877142	0.88381	0.0284763	0.972073
1780	-23.0574	-20.2519	-20.8386	0.0702589	0.896645	0.0330961	0.99508
1781	-16.6692	-17.5404	-19.142	0.753426	0.243319	0.00325503	0.35073
1782	-7.59328	-8.74044	-10.8525	0.801899	0.196523	0.00157802	0.305758
1783	-34.9192	-27.425	-25.3826	0.00047663	0.66122	0.338303	1.57345
1784	-20.4811	-17.5554	-17.7183	0.0617193	0.888194	0.0500869	1.03132
1785	-7.37367	-8.17518	-9.67522	0.739978	0.256228	0.00379403	0.363332
1786	-19.3408	-17.006	-18.1852	0.109491	0.872698	0.0178106	0.935055
1787	-30.6594	-26.1166	-25.9568	0.0126324	0.91604	0.0713276	1.11001
1788	-29.8021	-25.0013	-24.5245	0.00953371	0.894806	0.0956602	1.15398
1789	-40.9407	-35.8968	-34.8314	0.00695718	0.83267	0.160373	1.26599
1790	-14.3006	-11.9379	-13.0548	0.106676	0.874332	0.0189918	0.939505
1791	-10.8463	-10.3152	-12.0638	0.429601	0.563887	0.00651218	0.637687
1792	-13.1759	-12.5193	-14.0654	0.398535	0.593079	0.00838642	0.667865
1793	-33.7576	-26.9092	-25.1361	0.000987551	0.718296	0.280717	1.47532
1794	-19.2408	-18.6042	-20.2532	0.40366	0.588827	0.00751228	0.661928
1795	-40.8751	-35.8715	-34.9236	0.0073728	0.847501	0.145126	1.23977
1796	-25.0798	-20.2962	-19.7802	0.00966056	0.891251	0.0990883	1.15969
1797	-24.556	-19.1066	-17.6004	0.00426873	0.766364	0.229367	1.38537
1798	-20.8838	-18.2385	-18.6398	0.0809335	0.879971	0.0390956	0.99598
1799	-73.9682	-56.7954	-49.9741	7.294e-10	0.0161633	0.983837	2.66888
1800	-4.46327	-5.98628	-8.80392	0.855462	0.143967	0.00057084	0.257499
1801	-14.9119	-12.1053	-12.5132	0.0697412	0.890935	0.0393241	1.00609
1802	-28.1248	-25.5499	-26.3045	0.0873359	0.885047	0.0276169	0.970944
1803	-35.1222	-34.5945	-36.293	0.430296	0.56287	0.00683427	0.637629
1804	-4.83461	-5.72651	-7.41626	0.757453	0.239613	0.00293489	0.346688
1805	-15.6528	-15.1359	-16.9155	0.433156	0.560568	0.00627579	0.634196
1806	-23.3222	-17.6293	-16.1761	0.00338931	0.776289	0.220321	1.37079
1807	-32.1883	-25.7034	-24.6538	0.00165971	0.839243	0.159097	1.26843
1808	-21.1895	-18.8076	-19.8779	0.104768	0.875312	0.019919	0.942736
1809	-48.0718	-41.2081	-39.523	0.000996181	0.735687	0.263316	1.4458
1810	-19.7232	-19.1805	-20.9027	0.426654	0.566627	0.00671875	0.640599
1811	-13.2651	-14.129	-15.7131	0.752015	0.244655	0.00333046	0.352085
1812	-22.4297	-17.732	-17.3415	0.0106425	0.901005	0.0883525	1.14062
1813	-13.9597	-13.1075	-14.2973	0.351331	0.635831	0.0128386	0.716442
1814	-25.2071	-20.8348	-20.9177	0.0151798	0.928125	0.0566948	1.08298
1815	-7.44863	-8.69436	-10.9948	0.817297	0.181496	0.00120707	0.291747
1816	-32.6089	-25.7832	-24.1893	0.00105899	0.752962	0.245979	1.41633
1817	-68.7343	-53.4897	-47.5023	1.13111e-08	0.0364449	0.963555	2.63448
1818	-14.0477	-13.7179	-15.7018	0.480037	0.515261	0.0047027	0.590784
1819	-30.3712	-25.0715	-23.4391	0.00480673	0.74294	0.252253	1.42372
1820	-11.4139	-12.584	-14.7039	0.805533	0.19293	0.00153701	0.302531
1821	-16.9913	-13.9309	-14.1866	0.0546063	0.899182	0.0462117	1.03093
1822	-11.655	-12.7443	-14.7312	0.792364	0.205763	0.00187236	0.314544
1823	-27.6002	-24.73	-24.9538	0.065201	0.887699	0.0470998	1.02323
1824	-10.0642	-11.6373	-14.5193	0.861574	0.137913	0.000512745	0.252089
1825	-4.56525	-6.04902	-8.72908	0.850467	0.148855	0.000677271	0.26202
1826	-21.1279	-16.5756	-16.4375	0.012534	0.917556	0.0699103	1.1077
1827	-4.89358	-6.40366	-9.19238	0.85384	0.145566	0.00059411	0.258948
1828	-18.5651	-17.7617	-19.0037	0.362776	0.62524	0.0119843	0.705046
1829	-16.5615	-13.8142	-14.2349	0.0737183	0.887605	0.0386769	1.00154
1830	-8.96532	-10.1686	-12.4153	0.810814	0.187868	0.00131835	0.29757
1831	-19.8475	-17.2643	-17.9597	0.0865344	0.884194	0.0292718	0.974448
1832	-9.62314	-8.85084	-10.1401	0.370196	0.618497	0.0113071	0.697448
1833	-24.5944	-21.7418	-21.8617	0.0659389	0.882134	0.0519274	1.03078
1834	-15.0984	-14.7741	-16.8725	0.481655	0.51416	0.00418498	0.5885
1835	-4.95752	-6.04018	-8.03098	0.791283	0.206842	0.00187491	0.315488
1836	-17.3697	-16.7691	-18.2888	0.411937	0.579647	0.00841588	0.656268
1837	-8.61739	-9.94741	-12.4166	0.829693	0.169356	0.000951477	0.28054
1838	-24.6946	-26.2982	-29.2242	0.86519	0.134332	0.000477949	0.248887
1839	-24.8791	-19.9618	-18.9837	0.00799605	0.843194	0.14881	1.24548
1840	-5.08468	-6.29456	-8.55391	0.81184	0.186865	0.0012949	0.296638
1841	-17.5208	-18.8674	-21.3428	0.832029	0.167039	0.000932598	0.278478
1842	-23.372	-24.8784	-27.5519	0.853322	0.146009	0.000668667	0.259525
1843	-54.3806	-43.3365	-39.5196	5.15474e-06	0.248948	0.751047	2.274
1844	-18.4891	-17.7587	-19.1382	0.380393	0.609427	0.0101797	0.686674
1845	-4.16884	-5.44706	-7.76491	0.822116	0.176729	0.00115508	0.287471
1846	-6.25771	-7.77514	-10.4717	0.854707	0.144645	0.000647323	0.258285
1847	-4.20597	-5.82497	-8.74124	0.866972	0.132552	0.000476211	0.247335
1848	-4.46327	-5.98628	-8.80391	0.855462	0.143967	0.000570842	0.257499
1849	-11.223	-10.2093	-11.0876	0.313914	0.667677	0.0184095	0.75841
1850	-4.83484	-6.30253	-8.98305	0.848412	0.150902	0.00068627	0.263822
1851	-4.9681	-6.25566	-8.62809	0.823527	0.175388	0.00108542	0.286126
1852	-4.46327	-5.98628	-8.80391	0.855462	0.143967	0.000570842	0.257499
1853	-13.4999	-14.7569	-17.0344	0.818953	0.179824	0.0012238	0.290336
1854	-24.0338	-19.4158	-19.1676	0.0116512	0.910874	0.0774752	1.1213
1855	-34.3762	-29.5277	-28.6924	0.00873303	0.859725	0.131542	1.21555
1856	-34.6282	-31.913	-32.4184	0.0761848	0.888253	0.035562	0.994113
1857	-34.3513	-29.6526	-29.0192	0.0103799	0.879638	0.109982	1.17754
1858	-34.0231	-29.3342	-28.8254	0.0106173	0.891031	0.0983518	1.15761
1859	-23.682	-20.2534	-20.1586	0.0376895	0.896868	0.0654427	1.07826
1860	-7.19486	-8.77237	-11.4392	0.861994	0.137372	0.00063338	0.251928
1861	-17.5627	-16.6126	-17.5213	0.327955	0.654538	0.0175071	0.744677
1862	-23.4795	-18.0744	-17.1589	0.00496969	0.853525	0.141506	1.23572
1863	-38.7406	-29.4854	-25.4762	2.66011e-05	0.214729	0.785244	2.33199
1864	-9.8373	-11.1718	-13.661	0.830342	0.168728	0.000929098	0.279938
1865	-41.6622	-32.7517	-30.0903	8.96666e-05	0.512733	0.487178	1.82632
1866	-22.9643	-24.1046	-26.2291	0.800832	0.197601	0.00156698	0.306667
1867	-30.2516	-25.754	-25.6634	0.0132718	0.919895	0.0668334	1.10184
1868	-10.4696	-10.0039	-11.8246	0.445877	0.548232	0.00589061	0.622487
1869	-7.37367	-8.17517	-9.67522	0.739977	0.256229	0.00379404	0.363332
1870	-14.6579	-12.2049	-13.1797	0.0980854	0.879886	0.0220285	0.952122
1871	-24.4051	-20.405	-19.6849	0.0204547	0.862001	0.117544	1.18161
1872	-25.3784	-24.5835	-25.8827	0.364978	0.623731	0.0112905	0.701955
1873	-28.4497	-24.0427	-24.0938	0.0146421	0.926908	0.0584501	1.08642
1874	-14.7966	-12.0804	-12.5952	0.0761303	0.888628	0.0352416	0.993617
1875	-19.4422	-20.7295	-23.1013	0.823484	0.17543	0.00108631	0.286165
1876	-18.1818	-15.8493	-16.9922	0.109644	0.871903	0.0184532	0.936012
1877	-7.93417	-9.26437	-11.6873	0.829683	0.169321	0.000996262	0.280625
1878	-19.7078	-17.36	-18.5096	0.108172	0.873465	0.0183629	0.937138
1879	-12.7048	-13.9732	-16.2751	0.820668	0.178148	0.00118312	0.288776
1880	-8.74154	-10.2838	-13.123	0.857836	0.141615	0.00054953	0.2554
1881	-4.83461	-5.72651	-7.41626	0.757452	0.239613	0.0029349	0.346688
1882	-19.1362	-16.6839	-17.5912	0.0979962	0.878473	0.0235308	0.954748
1883	-34.9926	-29.9961	-29.106	0.00748521	0.854424	0.138091	1.22774
1884	-4.46327	-5.98628	-8.80391	0.855462	0.143967	0.000570842	0.257499
1885	-4.20597	-5.82497	-8.74124	0.866972	0.132552	0.000476211	0.247335
1886	-36.1536	-29.1631	-27.31	0.000837285	0.701966	0.297196	1.50341
1892	-10.3115	-10.0486	-12.2542	0.497229	0.499121	0.00364978	0.574057
1893	-10.267	-9.27239	-10.227	0.318481	0.664542	0.0169777	0.752013
1894	-68.5795	-52.3402	-45.5363	1.88737e-09	0.0164435	0.983557	2.66841
1895	-4.16884	-5.44706	-7.76491	0.822115	0.176729	0.00115508	0.287471
1896	-34.4061	-27.7235	-26.3052	0.00127213	0.783864	0.214864	1.36337
1897	-33.2714	-26.2639	-24.4196	0.000825392	0.703804	0.295371	1.50032
1898	-35.3264	-26.4658	-23.9114	9.91557e-05	0.539396	0.460504	1.78107
1899	-9.21369	-10.3659	-12.4808	0.802696	0.195737	0.00156711	0.305047
1900	-58.1129	-43.0203	-37.2733	1.65827e-08	0.0458963	0.954104	2.61845
1901	-25.5461	-19.1991	-18.0871	0.00188546	0.830532	0.167583	1.28263
1902	-19.2581	-18.2083	-19.0225	0.30581	0.674365	0.0198248	0.767854
1903	-9.60034	-11.252	-14.2697	0.870736	0.128846	0.000418257	0.243966
1904	-7.48557	-8.56521	-10.582	0.790822	0.207346	0.00183121	0.315814
1905	-7.05112	-8.27438	-10.5288	0.813871	0.184841	0.00128728	0.29486
1906	-8.54643	-10.2958	-13.3442	0.881347	0.118281	0.000372325	0.234666
1907	-32.129	-25.8781	-23.7564	0.00160567	0.642532	0.355862	1.60225
1908	-12.0069	-11.7458	-13.9017	0.497582	0.498586	0.00383154	0.574058
1909	-7.71433	-9.22176	-11.9871	0.853498	0.145893	0.000609522	0.259272
1910	-4.83456	-5.72608	-7.41512	0.757383	0.239679	0.00293783	0.346753
1911	-21.2025	-16.4392	-15.9075	0.00984228	0.889671	0.100487	1.1619
1912	-18.9029	-20.1773	-22.5353	0.821594	0.177293	0.00111316	0.287853
1913	-10.3937	-11.7305	-14.2261	0.830678	0.168401	0.000921426	0.279633
1914	-33.3347	-28.6323	-28.238	0.0105896	0.900746	0.0886639	1.1412
1915	-14.9128	-14.4778	-16.3252	0.453557	0.540785	0.00565808	0.615418
1916	-22.4562	-23.2919	-24.7334	0.746322	0.249757	0.00392123	0.358035
1917	-38.7562	-35.2118	-34.7759	0.0328293	0.877161	0.0900093	1.12415
1918	-14.9183	-15.7284	-17.1516	0.7414	0.25453	0.00406988	0.362564
1919	-23.0535	-20.5857	-21.5088	0.0966715	0.880123	0.0232052	0.955347
1920	-4.20565	-5.82396	-8.73889	0.866893	0.13263	0.000477129	0.247406
1921	-4.56487	-6.04801	-8.72685	0.850387	0.148935	0.00067846	0.262092
1922	-4.19179	-5.84856	-8.79866	0.871282	0.128273	0.000445507	0.243538
1923	-18.0649	-15.5938	-16.4449	0.0962084	0.878891	0.0249004	0.958625
1924	-8.35615	-9.68701	-12.1502	0.829808	0.169235	0.000956443	0.280449
1925	-13.4247	-14.5344	-16.596	0.795816	0.202474	0.00170981	0.311269
1926	-49.0149	-39.8321	-36.551	4.81549e-05	0.361562	0.63839	2.08286
1927	-12.0413	-13.5614	-16.3731	0.855099	0.144326	0.0005757	0.257823
1928	-4.73722	-5.94481	-8.17863	0.811464	0.187205	0.00133082	0.297026
1929	-4.97639	-6.32423	-8.80976	0.83221	0.166868	0.000922262	0.278303
1930	-11.5501	-10.7615	-12.0573	0.366422	0.622276	0.0113017	0.700719
1931	-31.7755	-24.6859	-22.7149	0.0007312	0.676857	0.322411	1.54627
1932	-11.847	-13.4536	-16.3301	0.865514	0.133985	0.000500896	0.248645
1933	-7.1871	-8.6133	-11.1774	0.842924	0.156277	0.000798479	0.268781
1934	-30.1229	-24.4278	-22.3775	0.0028662	0.657883	0.339251	1.57298
1935	-27.5526	-24.9011	-25.5518	0.0811764	0.888078	0.0307457	0.981605
1936	-56.1203	-44.9541	-41.079	4.36531e-06	0.238209	0.761787	2.29222
1937	-8.47866	-7.99677	-9.85558	0.441978	0.552309	0.00571276	0.625574
1938	-17.8438	-15.1474	-15.6833	0.0775967	0.887924	0.0344795	0.991049
1939	-12.172	-11.072	-11.9241	0.295493	0.685114	0.0193925	0.776087
1940	-24.4051	-19.4811	-18.6969	0.00815652	0.865955	0.125888	1.20646
1941	-28.1163	-21.6119	-20.6199	0.0016423	0.846809	0.151549	1.25565
1942	-22.7573	-18.5044	-18.8284	0.0172808	0.93771	0.0450088	1.06133
1943	-24.8486	-18.2569	-17.1372	0.00147483	0.829797	0.168728	1.28493
1944	-15.0031	-14.724	-16.7925	0.492895	0.502888	0.00421747	0.578786
1945	-39.7554	-34.1197	-32.6778	0.00359721	0.778041	0.218362	1.36728
1946	-4.46302	-5.9854	-8.80179	0.855383	0.144046	0.00057186	0.25757
1947	-28.771	-25.1878	-24.6062	0.0311788	0.866013	0.102808	1.1473
1948	-19.7727	-19.1011	-20.6178	0.39486	0.596453	0.00868648	0.671568
1949	-16.6602	-13.7229	-13.8368	0.0608971	0.886599	0.0525038	1.03614
1950	-19.7276	-17.2365	-18.0791	0.0944684	0.880375	0.0251568	0.960572
1951	-29.043	-24.2545	-23.6828	0.0095602	0.886258	0.104182	1.16841
1952	-35.5547	-26.4045	-23.3623	5.75631e-05	0.418316	0.581626	1.98656
1953	-23.9527	-19.9568	-19.8651	0.0217296	0.91194	0.06633	1.09363
1954	-4.20565	-5.82396	-8.73889	0.866893	0.13263	0.000477129	0.247406
1955	-19.7811	-17.1728	-17.8528	0.0845271	0.885696	0.0297774	0.97705
1956	-20.2022	-19.7852	-21.66	0.458061	0.536478	0.00546081	0.611169
1957	-25.4932	-20.52	-19.6508	0.00768305	0.856719	0.135597	1.22334
1958	-48.8558	-37.5824	-33.7923	4.18114e-06	0.253959	0.746036	2.2655
1959	-22.237	-19.6164	-20.2684	0.0835117	0.885861	0.0306275	0.979375
1960	-13.7586	-12.7617	-13.7128	0.317971	0.66498	0.0170489	0.752576
1961	-48.5201	-37.2523	-32.4405	1.80745e-06	0.10917	0.890828	2.51111
1962	-32.4191	-33.737	-36.1307	0.827916	0.171048	0.00103636	0.282229
1963	-4.91037	-6.30017	-8.87592	0.838052	0.161134	0.000813742	0.273042
1964	-30.7752	-25.5329	-24.5454	0.00578209	0.843872	0.150346	1.25001
1965	-59.2408	-46.651	-42.738	1.02131e-06	0.231396	0.768603	2.30378
1966	-36.4767	-33.7169	-34.1523	0.0729104	0.888923	0.0381663	1.00138
1967	-18.1327	-19.0483	-20.7474	0.761794	0.23535	0.00285584	0.342781
1968	-40.7898	-33.4944	-31.2361	0.000537538	0.611316	0.388147	1.65795
1969	-11.1568	-12.2235	-14.2059	0.788614	0.209472	0.00191463	0.317875
1970	-8.75366	-9.90961	-12.0651	0.803346	0.195153	0.0015004	0.304369
1971	-18.6502	-18.1768	-19.9409	0.443814	0.549932	0.00625356	0.624896
1972	-7.54931	-8.8201	-11.1252	0.821014	0.177809	0.00117708	0.288465
1973	-9.74492	-10.947	-13.1884	0.810621	0.188053	0.00132668	0.297752
1974	-20.794	-22.1341	-24.6007	0.831114	0.16794	0.000945968	0.279295
1975	-4.21238	-6.17901	-9.7531	0.902367	0.0974515	0.000181349	0.216074
1976	-10.3527	-9.93146	-11.8479	0.45713	0.537621	0.00524943	0.61162
1977	-26.8097	-24.1812	-24.812	0.0828544	0.885859	0.0312867	0.981064
1978	-31.3273	-29.0104	-30.0676	0.110984	0.868982	0.0200346	0.937531
1979	-10.9954	-12.5127	-15.2057	0.854688	0.144662	0.000649695	0.258306
1980	-8.84233	-8.42441	-10.3406	0.457951	0.536806	0.00524299	0.610895
1981	-20.47	-21.7453	-24.1088	0.821725	0.177169	0.00110625	0.287728
1982	-4.73722	-5.94481	-8.17863	0.811464	0.187205	0.00133082	0.297026
1983	-13.0188	-12.1409	-13.2923	0.345325	0.641219	0.0134558	0.722708
1984	-25.0904	-20.3179	-19.7729	0.0097388	0.888568	0.101693	1.16404
1985	-5.52653	-6.60774	-8.62624	0.791084	0.20709	0.00182587	0.315578
1986	-7.8901	-9.17503	-11.5263	0.823126	0.175763	0.00111105	0.286518
1987	-16.7532	-16.2917	-18.1498	0.447007	0.547327	0.00566535	0.621123
1988	-10.3369	-9.83057	-11.631	0.435819	0.558062	0.00611906	0.631616
1989	-38.6982	-32.0432	-30.7693	0.00134657	0.807156	0.191497	1.32367
1990	-4.83453	-6.30161	-8.98092	0.848332	0.150981	0.000687456	0.263893
1991	-13.1863	-14.4626	-16.8099	0.821861	0.177016	0.00112343	0.287639
1992	-4.46302	-5.9854	-8.80179	0.855383	0.144046	0.00057186	0.25757
1995	-26.5207	-21.2478	-19.8653	0.00522782	0.786722	0.20805	1.34837
