
Analysis Description
--------------------
MEME (Mixed Effects Model of Evolution) estimates a site-wise synonymous
(&alpha;) and a two-category mixture of non-synonymous (&beta;-, with
proportion p-, and &beta;+ with proportion [1-p-]) rates, and uses a
likelihood ratio test to determine if &beta;+ > &alpha; at a site. The
estimates aggregate information over a proportion of branches at a site,
so the signal is derived from episodic diversification, which is a
combination of strength of selection [effect size] and the proportion of
the tree affected. A subset of branches can be selected for testing as
well, in which case an additional (nuisance) parameter will be inferred
-- the non-synonymous rate on branches NOT selected for testing.
Multiple partitions within a NEXUS file are also supported for
recombination - aware analysis. 

- __Requirements__: in-frame codon alignment and a phylogenetic tree

- __Citation__: Detecting Individual Sites Subject to Episodic Diversifying Selection.
_PLoS Genet_ 8(7): e1002764.

- __Written by__: Sergei L. Kosakovsky Pond, Steven Weaver

- __Contact Information__: spond@temple.edu

- __Analysis Version__: 2.0.1


>Loaded a multiple sequence alignment with **35** sequences, **691** codons, and **1** partitions from `/home/lpicard/2019_validation/20191211/21genes_TREX1_CCDS_results_201912111829/TREX1_sequences_filtered_longestORFs_prank_mincov_prank_part1_prank.best.fas`

>Select the p-value threshold to use when testing for selection (permissible range = [0,1], default value = 0.1): 0.1


### Branches to include in the MEME analysis
Selected 67 branches to include in the MEME analysis: `homSap_TREX1_AK315196, homSap_TREX1_NM_007248, Node10, homSap_TREX1_CCDS2769, Node9, homSap_drn3_AJ243797, homSap_TREX1_CR457119, Node14, Node8, homSap_TREX1_AF319569, homSap_TREX1_AL137745, homSap_TREX1_BC019863, Node19, Node17, Node7, panPan_TREX1_XM_008971723, panTro_TREX1_XM_024355458, panTro_TREX1_XM_024355459, Node24, Node22, Node6, gorGorGor_TREX1_XM_031009822, Node5, ponAbe_TREX1_XM_002813784, Node4, nomLeu_TREX1_XM_012497073, Node3, aotNan_TREX1_XM_012467648, calJac_TREX1_XM_008981595, cebCapImi_TREX1_XM_017515007, saiBolBol_TREX1_XM_010337062, Node35, Node33, Node31, rhiBie_TREX1_XM_017868164, rhiRox_TREX1_XM_010370420, Node40, colAngPal_TREX1_XM_011939166, colAngPal_TREX1_XM_011939167, colAngPal_TREX1_XM_011939165, Node46, Node44, pilTep_TREX1_XM_023231427, Node43, Node39, chlSab_TREX1_XM_007984121, macFas_TREX1_XM_005547019, macMul_TREX1_XM_002802809, Node55, macNem_TREX1_XM_011739222, Node54, manLeu_TREX1_XM_011980990, manLeu_TREX1_XM_011980989, Node59, Node53, theGel_TREX1_XM_025377286, theGel_TREX1_XM_025377287, Node62, Node52, Node50, Node38, Node30, Node2, carSyr_TREX1_XM_008058257, Node1, micMur_TREX1_XM_012771177, otoGar_TREX1_XM_003800560`


### Obtaining branch lengths and nucleotide substitution biases under the nucleotide GTR model
* Log(L) = -5162.50, AIC-c = 10475.16 (75 estimated parameters)

### Obtaining the global omega estimate based on relative GTR branch lengths and nucleotide substitution biases
* Log(L) = -5062.76, AIC-c = 10290.09 (82 estimated parameters)
* non-synonymous/synonymous rate ratio for *test* =   0.3148

### Improving branch lengths, nucleotide substitution biases, and global dN/dS ratios under a full codon model
* Log(L) = -5062.76
* non-synonymous/synonymous rate ratio for *test* =   0.3149
Error:
Internal error in  _LikelihoodFunction::GradientLocateTheBump: in the Brent loop iteration 20. -2.22044604925e-16 /               0.


Function call stack
1 : Optimize storing into, results, the following likelihood function:^lf_bsrel ; 
	Standard input redirect:
		Empty Associative List-------
2 : Call(result_callback,0,Eval(job+'('+Join(",",utility.Map(arguments,"_value_","utility.convertToArgumentString (_value_)"))+')'),arguments)
	Standard input redirect:
		Empty Associative List-------
3 : mpi.QueueJob(meme.queue,"meme.handle_a_site",{"0":"meme.site_likelihood","1":"meme.site_likelihood_bsrel","2":alignments.serialize_site_filter((meme.filter_specification[meme.partition_index])[utility.getGlobalValue("terms.data.name")],(_pattern_info_[utility.getGlobalValue("terms.data.sites")])[0]),"3":meme.partition_index,"4":_pattern_info_,"5":meme.site_model_mapping},"meme.store_results")
	Standard input redirect:
		Empty Associative List-------
4 : ExecuteCommands in string transform using basepath .
	Standard input redirect:
		Empty Associative List-------
5 : utility.ForEachPair(meme.site_patterns,"_pattern_","_pattern_info_",'
            if (_pattern_info_[utility.getGlobalValue("terms.data.is_constant")]) {
                meme.store_results (-1,None,{"0" : "meme.site_likelihood",
                                             "1" : "meme.site_likelihood_bsrel",
                                             "2" : None,
                                             "3" : meme.partition_index,
                                             "4" : _pattern_info_,
                                             "5" : meme.site_model_mapping
                                     });
            } else {
                mpi.QueueJob (meme.queue, "meme.handle_a_site", {"0" : "meme.site_likelihood",
                                                                 "1" : "meme.site_likelihood_bsrel",
                                                                 "2" : alignments.serialize_site_filter
                                                                   ((meme.filter_specification[meme.partition_index])[utility.getGlobalValue("terms.data.name")],
                                                                   (_pattern_info_[utility.getGlobalValue("terms.data.sites")])[0]),
                                                                 "3" : meme.partition_index,
                                                                 "4" : _pattern_info_,
                                                                 "5" : meme.site_model_mapping
                                                                    },
                                                                    "meme.store_results");
            }
        ')
	Standard input redirect:
		Empty Associative List-------
6 : ExecuteAFile from file HYPHY_LIB_DIRECTORY+"TemplateBatchFiles"+DIRECTORY_SEPARATOR+"SelectionAnalyses"+DIRECTORY_SEPARATOR+"MEME.bf" using basepath /home/lpicard/2019_validation/20191211/21genes_TREX1_CCDS_results_201912111829/TREX1_sequences_filtered_longestORFs_prank_mincov_prank_part1_prank_results_202001231850/positive_selection_results_202001231850/meme/. reading input from inputRedirect
{
 "01":"Universal",
 "02":"/home/lpicard/2019_validation/20191211/21genes_TREX1_CCDS_results_201912111829/TREX1_sequences_filtered_longestORFs_prank_mincov_prank_part1_prank.best.fas",
 "03":"/home/lpicard/2019_validation/20191211/21genes_TREX1_CCDS_results_201912111829/TREX1_sequences_filtered_longestORFs_prank_mincov_prank_part1_prank_results_202001231850/positive_selection_results_202001231850/TREX1_sequences_filtered_longestORFs_prank_mincov_prank_part1_prank_clado.tree",
 "04":"All",
 "05":"0.1"
}
-------
