Sites	Ll_YN98.omega=0.103131	Ll_YN98.omega=1	Ll_YN98.omega=3.66653	Pr_YN98.omega=0.103131	Pr_YN98.omega=1	Pr_YN98.omega=3.66653	mean
472	-3.96462	-4.48913	-5.98039	0.677004	0.314004	0.00899229	0.416794
473	-14.8503	-12.9698	-12.7902	0.144502	0.742454	0.113044	1.17184
474	-4.61458	-5.01763	-6.17604	0.647402	0.339053	0.0135443	0.455482
475	-38.3499	-29.5801	-25.2646	1.88379e-05	0.0950296	0.904952	3.41306
476	-4.60653	-4.89732	-5.73325	0.617952	0.36208	0.0199682	0.499024
477	-31.8519	-26.9941	-24.5174	0.00392674	0.39615	0.599923	2.59619
478	-21.0114	-16.7989	-15.1424	0.0112107	0.593231	0.395559	2.04471
479	-22.6739	-20.653	-19.7179	0.113259	0.669701	0.21704	1.47716
480	-5.07909	-5.42136	-6.39758	0.631627	0.351524	0.0168487	0.478441
481	-51.3068	-42.6037	-37.8888	1.39429e-05	0.0657962	0.93419	3.49103
482	-12.189	-10.1991	-9.75148	0.12701	0.728066	0.144924	1.27253
483	-9.69492	-7.67847	-7.12064	0.122026	0.718326	0.159648	1.31626
484	-4.16476	-4.48577	-5.40526	0.626043	0.355903	0.0180543	0.486664
485	-5.06543	-5.42688	-6.45451	0.636612	0.347564	0.015824	0.471238
486	-35.5496	-29.0689	-26.1367	0.000576941	0.294998	0.704425	2.87785
487	-10.8504	-8.90736	-8.5745	0.134397	0.735134	0.130468	1.22736
488	-16.5525	-14.6216	-14.3032	0.136068	0.735307	0.128625	1.22095
489	-28.6364	-22.162	-19.2406	0.000585071	0.297248	0.702167	2.87182
490	-14.2451	-12.3243	-12.0272	0.137637	0.736276	0.126087	1.21277
491	-20.8833	-15.9933	-13.4954	0.00375442	0.391193	0.605053	2.61002
492	-25.7224	-21.4367	-19.588	0.00962032	0.547737	0.442642	2.17169
493	-31.8885	-27.704	-26.0725	0.0116385	0.598882	0.389479	2.02812
494	-20.242	-15.5677	-13.0474	0.00459105	0.385547	0.609862	2.6221
495	-3.87483	-4.2935	-5.47979	0.6512	0.335757	0.0130437	0.450741
496	-7.29266	-7.53079	-8.21653	0.60343	0.372686	0.0238841	0.52249
497	-4.51207	-4.74795	-5.42946	0.602828	0.373156	0.0240156	0.523381
498	-9.3261	-9.64692	-10.5619	0.625948	0.355916	0.0181361	0.486967
499	-8.59555	-8.93175	-9.88703	0.629989	0.352746	0.017265	0.48102
500	-4.73711	-5.07195	-6.02706	0.62967	0.353047	0.0172827	0.481353
501	-4.72603	-5.16138	-6.39646	0.655382	0.332322	0.0122956	0.444995
502	-4.60351	-4.96834	-6.00949	0.637528	0.346891	0.0155814	0.46977
503	-3.87483	-4.2935	-5.47979	0.6512	0.335757	0.0130437	0.450741
504	-23.0346	-21.0901	-20.7256	0.133661	0.732216	0.134123	1.23777
505	-4.47922	-4.95628	-6.30619	0.665603	0.323719	0.010678	0.431515
506	-17.6136	-15.6576	-15.2388	0.131348	0.727879	0.140773	1.25757
507	-7.37696	-7.61358	-8.29487	0.603003	0.372987	0.0240101	0.523209
508	-4.51207	-4.74795	-5.42946	0.602828	0.373156	0.0240156	0.523381
509	-10.2652	-10.5012	-11.1804	0.602808	0.373123	0.0240689	0.523541
510	-17.4683	-15.3985	-14.6954	0.113575	0.705189	0.181236	1.38141
511	-9.88018	-7.94724	-7.62151	0.135699	0.734817	0.129484	1.22357
512	-9.17139	-7.36248	-7.395	0.156925	0.75063	0.0924453	1.10577
513	-20.3109	-16.1553	-14.6314	0.0124715	0.623445	0.364084	1.95965
514	-45.1529	-38.6341	-35.3575	0.000430654	0.22874	0.77083	3.05505
515	-4.33689	-4.66886	-5.62245	0.628985	0.353676	0.0173398	0.48212
516	-18.3546	-14.1862	-12.6388	0.0122096	0.618187	0.369604	1.97461
517	-11.1665	-9.15659	-8.61343	0.123009	0.719428	0.157563	1.30982
518	-5.01529	-5.42729	-6.59267	0.649503	0.337123	0.0133737	0.453142
519	-4.31361	-4.66209	-5.6501	0.633196	0.350215	0.0165891	0.476341
520	-12.6036	-10.7622	-10.6875	0.151084	0.746564	0.102352	1.13742
521	-10.3653	-10.8365	-12.1681	0.66418	0.324905	0.0109151	0.433423
522	-4.72603	-5.16138	-6.39646	0.655382	0.332322	0.0122956	0.444995
523	-18.6232	-16.7114	-16.3501	0.137554	0.729278	0.133169	1.23173
524	-11.4589	-11.8128	-12.8234	0.634672	0.349159	0.0161686	0.473897
525	-4.16476	-4.48577	-5.40526	0.626043	0.355903	0.0180543	0.486664
526	-4.51207	-4.74795	-5.42946	0.602828	0.373156	0.0240156	0.523381
527	-4.79318	-5.14664	-6.15625	0.634577	0.349234	0.0161893	0.474037
528	-9.07284	-9.43028	-10.3819	0.634886	0.348019	0.0170956	0.476177
529	-12.3936	-10.52	-10.3381	0.1453	0.741539	0.113162	1.17143
530	-34.297	-27.2234	-23.4913	0.000171177	0.158361	0.841467	3.24364
531	-26.0033	-21.789	-20.1251	0.0111574	0.591489	0.397354	2.04955
532	-33.3145	-29.1029	-27.4405	0.0111944	0.591835	0.396971	2.04849
533	-19.2068	-14.992	-13.333	0.0111744	0.592648	0.396178	2.0464
534	-13.0271	-11.112	-10.83	0.13857	0.7371	0.12433	1.20725
535	-12.3685	-10.5118	-10.3903	0.148397	0.744627	0.106976	1.15216
536	-30.6938	-25.1071	-21.4833	0.000828273	0.17322	0.825951	3.20168
537	-7.5347	-7.88861	-8.89218	0.634619	0.3491	0.0162809	0.474244
652	-10.2262	-8.32079	-8.0732	0.140317	0.739215	0.120468	1.19539
653	-4.6563	-5.01717	-6.04082	0.636437	0.347671	0.0158922	0.471577
654	-19.6014	-15.3415	-13.5761	0.0102312	0.567695	0.422074	2.11629
655	-10.0879	-8.13266	-7.74519	0.13201	0.730978	0.137011	1.24695
656	-4.38344	-4.72814	-5.71362	0.632291	0.351039	0.0166704	0.47737
657	-9.96051	-10.2206	-10.9689	0.609547	0.368282	0.0221711	0.512437
658	-20.6467	-15.1069	-12.4117	0.0017346	0.346136	0.65213	2.73737
659	-12.499	-12.847	-13.8323	0.633069	0.350293	0.0166378	0.476585
660	-4.37118	-4.61227	-5.30918	0.604296	0.372121	0.023583	0.52091
661	-46.3471	-35.3607	-29.9293	7.1853e-07	0.0332585	0.966741	3.57784
662	-12.6292	-10.6976	-10.3717	0.135852	0.734674	0.129474	1.2234
663	-11.2631	-9.44954	-9.45777	0.155959	0.74947	0.0945709	1.1123
664	-15.419	-13.4974	-13.2104	0.137716	0.737298	0.124986	1.20977
665	-9.74185	-10.078	-11.0459	0.630112	0.352835	0.0170531	0.480345
666	-4.72775	-5.16727	-6.41472	0.656422	0.331465	0.0121132	0.443576
667	-7.69629	-8.11002	-9.25119	0.649683	0.336635	0.0136816	0.453802
668	-9.61914	-9.98702	-11.0371	0.63832	0.346265	0.0154143	0.468613
669	-3.87299	-4.3066	-5.52354	0.654841	0.332627	0.0125321	0.446111
670	-3.8767	-4.29939	-5.49757	0.65221	0.334932	0.0128579	0.449339
671	-10.6499	-11.1314	-12.4925	0.666661	0.32281	0.010529	0.430169
672	-5.08126	-5.42679	-6.41273	0.632491	0.350855	0.0166541	0.477147
673	-4.51514	-4.75327	-5.44145	0.603462	0.372711	0.0238274	0.52231
674	-4.33042	-4.67097	-5.64243	0.631177	0.351877	0.016946	0.479104
675	-8.33373	-8.66944	-9.61125	0.629728	0.352771	0.0175004	0.481881
676	-10.1907	-10.6064	-11.7806	0.650436	0.336338	0.0132258	0.451911
677	-4.48113	-4.96275	-6.32621	0.666714	0.322782	0.0105038	0.430054
678	-3.70037	-4.14925	-5.40687	0.65861	0.329472	0.0119184	0.441094
679	-4.31563	-4.66745	-5.66537	0.634075	0.349532	0.0163935	0.475032
680	-7.19334	-7.60535	-8.71965	0.649049	0.336886	0.0140645	0.455392
681	-4.33885	-4.67398	-5.63698	0.629825	0.353029	0.0171461	0.48085
682	-7.4526	-7.85501	-8.95987	0.646772	0.338944	0.0142847	0.458021
683	-4.38344	-4.72814	-5.71362	0.632291	0.351039	0.0166704	0.47737
684	-4.60685	-4.90041	-5.74458	0.618708	0.361519	0.0197738	0.497828
685	-4.31563	-4.66745	-5.66537	0.634075	0.349532	0.0163935	0.475032
686	-9.43256	-7.49692	-7.16877	0.13534	0.734854	0.129806	1.22475
687	-7.37736	-7.73604	-8.75756	0.635907	0.348145	0.0159477	0.4722
688	-4.67254	-5.02074	-6.01386	0.633185	0.350306	0.016509	0.476138
689	-18.0984	-18.5325	-19.7606	0.655039	0.332571	0.0123904	0.445556
690	-4.60566	-4.97398	-6.02548	0.638435	0.346176	0.0153891	0.468443
691	-4.16666	-4.49073	-5.41932	0.626863	0.355278	0.0178593	0.485409
692	-4.51514	-4.75327	-5.44145	0.603462	0.372711	0.0238274	0.52231
693	-13.5121	-13.8757	-14.9074	0.63716	0.347102	0.0157383	0.470518
694	-11.297	-9.4038	-9.18508	0.142281	0.740478	0.117241	1.18502
695	-4.31563	-4.66745	-5.66537	0.634075	0.349532	0.0163935	0.475032
696	-8.71728	-9.15092	-10.3742	0.654899	0.332648	0.0124533	0.445849
697	-31.4827	-25.0612	-22.2426	0.000662238	0.319119	0.680219	2.81323
698	-10.1414	-8.27746	-8.13625	0.147178	0.743834	0.108988	1.15862
699	-3.70439	-4.13878	-5.36898	0.655124	0.332513	0.0123628	0.445405
700	-22.8165	-20.9742	-20.8728	0.150547	0.744615	0.104838	1.14453
701	-22.5096	-18.3034	-16.6708	0.0113868	0.598789	0.389825	2.02926
702	-12.695	-10.8079	-10.6024	0.14326	0.740961	0.115779	1.18024
703	-9.33197	-7.43997	-7.22969	0.142573	0.741077	0.116349	1.18238
704	-7.50458	-7.84266	-8.80375	0.630492	0.352361	0.0171464	0.480252
705	-17.4572	-13.2739	-11.7171	0.0119879	0.616164	0.371848	1.98079
706	-3.70102	-4.15117	-5.41258	0.658926	0.32921	0.011864	0.440666
707	-3.87368	-4.34035	-5.6676	0.663123	0.325881	0.0109957	0.434586
708	-20.1139	-20.4669	-21.4454	0.634146	0.349157	0.0166971	0.475778
709	-11.5344	-9.61255	-9.30308	0.13729	0.73524	0.127469	1.21677
710	-4.51606	-4.75485	-5.44502	0.603651	0.372578	0.0237716	0.521992
711	-20.6644	-16.546	-15.1442	0.0135025	0.650362	0.336135	1.8842
712	-13.0584	-11.1475	-10.8791	0.139302	0.737911	0.122786	1.20248
713	-3.87368	-4.34035	-5.6676	0.663123	0.325881	0.0109957	0.434586
714	-3.70102	-4.15117	-5.41258	0.658926	0.32921	0.011864	0.440666
715	-3.87368	-4.34035	-5.6676	0.663123	0.325881	0.0109957	0.434586
716	-3.87368	-4.34035	-5.6676	0.663123	0.325881	0.0109957	0.434586
717	-3.99804	-4.33565	-5.29996	0.630416	0.352486	0.0170973	0.48019
718	-3.93069	-4.26927	-5.242	0.630733	0.352321	0.016946	0.479502
719	-5.0819	-5.42841	-6.41725	0.632748	0.350655	0.0165964	0.476763
720	-4.5789	-4.99911	-6.18787	0.651568	0.335433	0.012999	0.450291
721	-4.31623	-4.66904	-5.66993	0.634336	0.349328	0.0163356	0.474643
722	-9.3196	-9.80227	-11.1573	0.666885	0.32253	0.0105842	0.430115
723	-20.7145	-16.5423	-14.9848	0.0121171	0.615919	0.371964	1.98098
724	-4.4817	-4.96468	-6.33219	0.667044	0.322503	0.0104523	0.42962
725	-5.0819	-5.42841	-6.41725	0.632748	0.350655	0.0165964	0.476763
726	-4.51606	-4.75485	-5.44502	0.603651	0.372578	0.0237716	0.521992
727	-4.38405	-4.72972	-5.71809	0.632547	0.35084	0.0166129	0.476987
728	-4.13524	-4.37347	-5.05801	0.603435	0.372655	0.0239106	0.522557
729	-4.55976	-4.84268	-5.63476	0.615539	0.363515	0.0209461	0.503796
730	-3.70102	-4.15117	-5.41258	0.658926	0.32921	0.011864	0.440666
731	-3.80226	-4.26221	-5.57483	0.661513	0.327281	0.0112056	0.43659
732	-4.72826	-5.16903	-6.42016	0.656731	0.33121	0.0120593	0.443155
733	-3.99804	-4.33565	-5.29996	0.630416	0.352486	0.0170973	0.48019
734	-4.13973	-4.47673	-5.44728	0.63034	0.35266	0.0169994	0.479997
735	-4.20773	-4.61847	-5.79954	0.649351	0.33747	0.013179	0.45276
736	-4.55976	-4.84268	-5.63476	0.615539	0.363515	0.0209461	0.503796
737	-4.60694	-4.90133	-5.74796	0.618933	0.361351	0.0197161	0.497472
738	-4.31623	-4.66904	-5.66992	0.634336	0.349328	0.0163356	0.474643
739	-6.27991	-6.71291	-7.87587	0.654247	0.33253	0.0132234	0.448487
740	-4.20643	-4.68373	-6.03508	0.665666	0.323673	0.010661	0.431413
741	-4.72826	-5.16903	-6.42016	0.656731	0.33121	0.0120593	0.443155
742	-19.2505	-19.734	-21.0824	0.667024	0.322328	0.0106483	0.430161
743	-4.6063	-4.97566	-6.03025	0.638705	0.345962	0.0153322	0.468049
744	-4.16722	-4.49221	-5.42351	0.627107	0.355092	0.0178016	0.485036
745	-18.9388	-19.1803	-19.8785	0.604421	0.372031	0.0235474	0.520703
746	-7.60096	-7.95924	-8.97985	0.635807	0.348227	0.0159661	0.472338
747	-32.3288	-32.5729	-33.2633	0.604935	0.371376	0.023689	0.52062
748	-11.1159	-11.4851	-12.5394	0.63868	0.345982	0.0153376	0.468086
749	-11.2224	-9.38042	-9.26727	0.150407	0.743647	0.105946	1.14761
750	-9.16797	-7.30512	-7.18248	0.14761	0.745209	0.107182	1.15342
751	-36.9449	-28.2307	-24.1131	2.37792e-05	0.11346	0.886516	3.3639
752	-21.88	-17.6525	-15.953	0.0108565	0.583192	0.405951	2.07274
753	-12.145	-12.4916	-13.4805	0.63276	0.350646	0.0165938	0.476745
754	-3.99804	-4.33565	-5.29996	0.630416	0.352486	0.0170973	0.48019
755	-16.068	-14.1296	-13.7801	0.134643	0.733077	0.13228	1.23197
756	-20.9576	-16.7644	-15.1897	0.011793	0.612112	0.376095	1.99229
757	-13.6881	-14.0368	-15.0244	0.633243	0.350164	0.0165931	0.47631
758	-4.16722	-4.49221	-5.42351	0.627107	0.355092	0.0178016	0.485036
759	-16.7675	-17.1893	-18.3805	0.651961	0.335084	0.0129542	0.449819
760	-4.13973	-4.47673	-5.44728	0.63034	0.35266	0.0169994	0.479997
761	-4.57562	-5.00015	-6.20291	0.652667	0.334548	0.0127845	0.448734
762	-5.0819	-5.42841	-6.41724	0.632748	0.350656	0.0165964	0.476763
763	-4.51606	-4.75485	-5.44502	0.603651	0.372578	0.0237716	0.521992
764	-13.8056	-11.9578	-11.8607	0.149922	0.745546	0.104532	1.14428
765	-4.6063	-4.97566	-6.03025	0.638705	0.345962	0.0153322	0.468049
766	-4.30783	-4.68695	-5.76988	0.641228	0.343955	0.0148172	0.464413
767	-28.6015	-28.9584	-29.9707	0.635394	0.348495	0.0161106	0.473094
768	-13.6324	-11.5991	-10.9891	0.119213	0.713682	0.167105	1.33867
769	-4.33102	-4.67253	-5.64685	0.631431	0.35168	0.0168883	0.478722
770	-10.5085	-10.8334	-11.7633	0.627077	0.355096	0.0178266	0.485129
771	-12.2655	-12.6025	-13.5731	0.630342	0.352659	0.0169989	0.479994
772	-4.33102	-4.67253	-5.64685	0.631431	0.35168	0.0168883	0.478722
773	-15.1627	-15.5036	-16.4758	0.631251	0.351819	0.0169298	0.478994
774	-4.31623	-4.66904	-5.66992	0.634336	0.349328	0.0163356	0.474643
775	-4.6063	-4.97566	-6.03025	0.638705	0.345962	0.0153322	0.468049
776	-12.7024	-10.77	-10.4387	0.135665	0.734231	0.130105	1.22525
777	-4.4817	-4.96468	-6.33218	0.667044	0.322503	0.0104524	0.429621
778	-4.72826	-5.16903	-6.42016	0.656731	0.33121	0.0120593	0.443155
779	-7.23001	-7.63501	-8.74832	0.647443	0.338414	0.0141424	0.45704
780	-4.73976	-5.07875	-6.04619	0.630772	0.352199	0.0170298	0.479691
781	-9.45017	-9.68905	-10.3795	0.603677	0.372559	0.0237647	0.521951
782	-8.59784	-8.93143	-9.85439	0.629024	0.353124	0.0178513	0.483449
783	-4.60975	-4.94496	-5.90548	0.629816	0.352997	0.017187	0.480968
784	-4.5789	-4.99911	-6.18787	0.651568	0.335433	0.0129991	0.450292
785	-4.6063	-4.97566	-6.03025	0.638705	0.345962	0.0153322	0.468049
786	-4.33261	-4.68339	-5.67562	0.633776	0.349727	0.0164964	0.475574
787	-32.0679	-32.3761	-33.2479	0.622477	0.35845	0.0190724	0.492577
788	-4.20773	-4.61847	-5.79954	0.649351	0.33747	0.013179	0.45276
789	-4.79587	-5.15372	-6.17635	0.635726	0.348335	0.0159387	0.472338
790	-4.60694	-4.90133	-5.74796	0.618933	0.361351	0.0197161	0.497472
791	-7.29021	-7.64666	-8.65649	0.635271	0.348574	0.016155	0.473323
792	-12.2999	-12.7368	-13.9202	0.655293	0.331782	0.0129255	0.446755
793	-9.62765	-10.1046	-11.451	0.66555	0.323734	0.0107158	0.431663
794	-4.31953	-4.76312	-6.02233	0.65743	0.330628	0.0119413	0.442213
795	-38.5839	-34.3727	-32.7218	0.0112489	0.594523	0.394228	2.04113
796	-4.6063	-4.97566	-6.03025	0.638705	0.345962	0.0153322	0.468049
797	-4.16722	-4.49221	-5.42351	0.627107	0.355092	0.0178016	0.485036
798	-4.51606	-4.75485	-5.44502	0.603651	0.372578	0.0237716	0.521992
799	-4.73976	-5.07875	-6.04619	0.630772	0.352199	0.0170298	0.479691
800	-9.51091	-9.8462	-10.8069	0.629836	0.352981	0.0171824	0.480937
801	-15.2287	-13.3924	-13.2774	0.151108	0.742856	0.106036	1.14723
802	-9.68208	-7.79038	-7.57851	0.142584	0.740908	0.116508	1.18279
803	-34.6593	-26.137	-20.8875	1.00622e-05	0.0396278	0.960362	3.56082
804	-13.954	-12.1533	-12.2056	0.158301	0.751013	0.090686	1.09984
805	-10.8657	-8.88372	-8.4299	0.127773	0.726678	0.145549	1.27351
806	-12.9591	-11.0249	-10.6696	0.135023	0.732099	0.132878	1.23322
823	-22.0485	-17.8357	-16.1684	0.0111588	0.590702	0.398139	2.05164
824	-15.5235	-11.3391	-9.77666	0.0119499	0.614873	0.373178	1.98437
825	-4.72775	-5.16727	-6.41472	0.656422	0.331465	0.0121132	0.443576
826	-9.30009	-7.49289	-7.5279	0.157186	0.750603	0.0922113	1.10491
827	-14.5263	-14.9597	-16.1692	0.654737	0.332637	0.0126259	0.446454
828	-4.60119	-4.93976	-5.90155	0.630612	0.352259	0.0171293	0.4801
829	-12.6044	-10.6791	-10.3665	0.136835	0.735281	0.127884	1.21828
830	-4.55913	-4.84125	-5.63096	0.615319	0.363676	0.0210053	0.504151
831	-26.0359	-21.8685	-20.3428	0.0123187	0.62313	0.364551	1.96104
832	-4.38654	-4.74606	-5.77302	0.636156	0.347989	0.0158541	0.471727
833	-4.38344	-4.72814	-5.71362	0.632291	0.351039	0.0166704	0.47737
834	-4.51514	-4.75327	-5.44145	0.603462	0.372711	0.0238274	0.52231
835	-3.87299	-4.3066	-5.52354	0.654841	0.332627	0.0125321	0.446111
836	-10.1254	-8.24845	-8.08691	0.145222	0.743587	0.111191	1.16625
837	-10.7891	-11.0301	-11.727	0.60429	0.372125	0.0235848	0.520921
838	-9.28192	-7.39128	-7.18655	0.142832	0.741411	0.115757	1.18057
839	-4.13916	-4.47521	-5.44294	0.63009	0.352854	0.0170566	0.480374
840	-12.8792	-10.9734	-10.7091	0.139988	0.737756	0.122256	1.20045
841	-10.3918	-8.43976	-8.06209	0.132554	0.731646	0.135799	1.24323
842	-4.30725	-4.6853	-5.76507	0.640953	0.344174	0.0148737	0.464811
843	-4.72775	-5.16727	-6.41472	0.656422	0.331465	0.0121132	0.443576
844	-4.57841	-4.99743	-6.18267	0.651269	0.335676	0.0130544	0.450707
845	-4.38654	-4.74606	-5.77302	0.636156	0.347989	0.0158541	0.471727
846	-33.6305	-27.1924	-24.3928	0.000659817	0.323264	0.676076	2.80218
847	-20.2269	-16.1021	-14.6903	0.013373	0.648223	0.338404	1.89037
848	-4.48113	-4.96275	-6.32621	0.666714	0.322782	0.0105038	0.430054
849	-4.33191	-4.68171	-5.67099	0.633516	0.34993	0.0165546	0.475963
850	-26.1942	-26.5347	-27.5059	0.631155	0.351894	0.0169507	0.479136
851	-4.13916	-4.47521	-5.44294	0.63009	0.352854	0.0170566	0.480374
852	-4.20039	-4.53715	-5.50172	0.630219	0.352679	0.0171021	0.480379
853	-26.7747	-22.5337	-20.7952	0.0105422	0.574005	0.415453	2.09836
854	-4.16722	-4.49221	-5.42351	0.627107	0.355092	0.0178016	0.485036
855	-15.9552	-16.4145	-17.7218	0.661325	0.327405	0.0112695	0.436929
856	-9.82431	-10.1933	-11.2468	0.638612	0.346035	0.0153524	0.468186
857	-12.3326	-10.4457	-10.2093	0.142763	0.73826	0.118977	1.18921
858	-4.13974	-4.47673	-5.44728	0.630341	0.35266	0.0169993	0.479996
859	-4.61649	-5.02453	-6.19775	0.648669	0.338027	0.0133048	0.453707
860	-4.38585	-4.74356	-5.75911	0.635621	0.348328	0.0160516	0.472734
861	-4.20774	-4.61847	-5.79955	0.649351	0.33747	0.0131789	0.452759
862	-4.31623	-4.66904	-5.66993	0.634336	0.349328	0.0163356	0.474643
863	-4.21098	-4.66798	-5.97201	0.660788	0.327889	0.0113232	0.437554
864	-3.79777	-4.27807	-5.63825	0.666397	0.323055	0.0105472	0.430453
865	-43.8965	-35.2202	-31.1824	2.64993e-05	0.121734	0.878239	3.34182
866	-9.75027	-7.83897	-7.57939	0.139409	0.738746	0.121845	1.19987
867	-9.47484	-9.8312	-10.8428	0.63527	0.348601	0.0161282	0.473252
868	-10.2252	-10.5502	-11.4796	0.627068	0.355097	0.0178347	0.485159
869	-4.51606	-4.75485	-5.44502	0.603651	0.372578	0.0237716	0.521992
870	-4.31623	-4.66904	-5.66993	0.634336	0.349328	0.0163356	0.474643
871	-13.7195	-11.8209	-11.5684	0.141058	0.738072	0.12087	1.19579
872	-12.1972	-10.3662	-10.3178	0.152822	0.747383	0.0997949	1.12904
873	-25.3164	-18.7798	-15.7069	0.000493119	0.266622	0.732885	2.95381
874	-12.4497	-10.5255	-10.2089	0.136886	0.734815	0.128299	1.21934
875	-13.8814	-11.8977	-11.4299	0.127315	0.725353	0.147332	1.27868
876	-16.5142	-12.3792	-10.956	0.0131871	0.645814	0.340999	1.89745
877	-12.5781	-10.7406	-10.6602	0.151499	0.74569	0.102811	1.13827
878	-12.2809	-10.4083	-10.23	0.145486	0.741728	0.112786	1.17026
879	-4.38716	-4.74769	-5.77767	0.636422	0.347781	0.0157969	0.471336
880	-9.53846	-9.89987	-10.9251	0.636578	0.347561	0.0158616	0.471369
881	-3.99804	-4.33565	-5.29996	0.630416	0.352486	0.0170973	0.48019
882	-24.6351	-20.3781	-18.6157	0.0102737	0.568396	0.42133	2.11427
883	-4.13974	-4.47673	-5.44728	0.630341	0.35266	0.0169993	0.479996
884	-3.70495	-4.14057	-5.37442	0.655432	0.33226	0.0123084	0.444985
885	-18.077	-13.9184	-12.4185	0.0125419	0.628908	0.358551	1.94484
886	-3.89909	-4.28081	-5.37102	0.641895	0.343418	0.0146869	0.463468
887	-12.004	-10.1836	-10.1717	0.154755	0.748831	0.096414	1.1183
888	-4.79587	-5.15372	-6.17635	0.635726	0.348335	0.0159387	0.472338
889	-13.6301	-11.6275	-11.08	0.123714	0.718288	0.157999	1.31035
890	-3.93069	-4.26927	-5.242	0.630733	0.352321	0.016946	0.479502
891	-29.7584	-30.06	-30.9119	0.620691	0.359783	0.0195267	0.49539
892	-6.66871	-6.99151	-7.87171	0.62601	0.355246	0.0187431	0.48853
893	-15.6143	-13.7576	-13.4344	0.14494	0.727227	0.127833	1.21088
894	-3.80226	-4.26222	-5.57484	0.661513	0.327281	0.0112056	0.436589
895	-24.9299	-25.3497	-26.5356	0.651454	0.335507	0.0130389	0.4505
896	-8.50786	-8.86174	-9.81082	0.634033	0.348789	0.0171776	0.47716
897	-17.8709	-13.71	-12.1942	0.0124422	0.625319	0.362239	1.95476
898	-14.9653	-13.0522	-12.7529	0.138516	0.735292	0.126192	1.21226
899	-9.50876	-9.97823	-11.2999	0.663706	0.325258	0.0110355	0.434169
900	-4.73465	-5.07347	-6.03096	0.630624	0.352177	0.0171991	0.480275
901	-19.9998	-15.7753	-14.0831	0.0109213	0.584904	0.404175	2.06795
902	-7.33522	-7.67021	-8.62565	0.629709	0.353015	0.0172754	0.481299
903	-11.1282	-11.4939	-12.5226	0.637608	0.346628	0.0157643	0.470185
904	-4.1342	-4.46216	-5.40588	0.627939	0.354508	0.017553	0.483627
905	-4.47627	-4.94625	-6.27521	0.663875	0.325172	0.010953	0.433798
906	-4.73465	-5.07347	-6.03096	0.630624	0.352177	0.0171991	0.480275
907	-7.14571	-7.48661	-8.45073	0.63118	0.351755	0.017065	0.479419
908	-10.8016	-8.82951	-8.39785	0.129294	0.728074	0.142632	1.26437
909	-11.9611	-12.2777	-13.1836	0.62484	0.356812	0.0183476	0.488525
910	-4.1342	-4.46216	-5.40588	0.627939	0.354508	0.017553	0.483627
911	-22.6902	-18.4297	-16.5768	0.00984565	0.546586	0.443568	2.17396
912	-7.63763	-7.97672	-8.94196	0.630771	0.352163	0.0170657	0.479787
913	-4.20355	-4.60327	-5.75166	0.646553	0.339739	0.0137083	0.456681
914	-4.38127	-4.7321	-5.73332	0.633881	0.349769	0.0163506	0.475092
915	-21.3814	-15.0007	-12.3665	0.000779004	0.360413	0.638808	2.7027
916	-7.28445	-7.63139	-8.61304	0.632772	0.350519	0.0167095	0.477043
917	-8.66938	-9.01614	-9.99616	0.632713	0.350549	0.0167383	0.477173
918	-4.31464	-4.74628	-5.97008	0.654452	0.333085	0.0124636	0.446278
919	-18.0845	-13.9515	-12.5354	0.0132452	0.647362	0.339393	1.89312
920	-14.2789	-12.3536	-12.0364	0.136742	0.734864	0.128395	1.21973
921	-12.2993	-10.454	-10.3634	0.150336	0.745788	0.103877	1.14216
922	-9.91898	-8.08094	-8.00791	0.151541	0.746314	0.102145	1.13646
923	-4.65074	-5.00289	-6.00068	0.634151	0.349457	0.0163922	0.47496
924	-9.46034	-7.52477	-7.19079	0.135246	0.73429	0.130464	1.22659
925	-10.4785	-8.5958	-8.40993	0.144121	0.742167	0.113712	1.17396
926	-20.7689	-16.5377	-14.8446	0.0108456	0.584715	0.404439	2.06872
927	-3.87192	-4.28438	-5.45228	0.649629	0.337035	0.0133364	0.45293
928	-9.7881	-7.84521	-7.49109	0.134036	0.733067	0.132897	1.23416
929	-13.2392	-11.1761	-10.4698	0.114175	0.704263	0.181562	1.38174
930	-20.7226	-15.8802	-13.5322	0.00429881	0.427108	0.568593	2.51231
931	-13.2542	-11.3938	-11.259	0.147721	0.743972	0.108307	1.15632
932	-4.20068	-4.66511	-5.97836	0.662521	0.326313	0.0111655	0.435578
933	-9.46442	-7.57407	-7.37786	0.143008	0.742108	0.114883	1.17808
934	-8.96128	-9.40532	-10.6635	0.657524	0.330527	0.0119494	0.442151
935	-3.89357	-4.26502	-5.32481	0.639241	0.345526	0.0152335	0.467306
936	-28.998	-22.5924	-18.6354	0.000275397	0.130619	0.869105	3.31724
937	-5.01273	-5.41861	-6.56588	0.64795	0.338381	0.0136689	0.455322
938	-9.57662	-9.81346	-10.4904	0.602992	0.372899	0.0241092	0.523483
939	-3.89357	-4.26502	-5.32481	0.639241	0.345526	0.0152335	0.467306
940	-4.66703	-5.00682	-5.975	0.630965	0.352026	0.0170089	0.479462
941	-4.32523	-4.65756	-5.60464	0.628996	0.353556	0.0174472	0.482396
942	-12.6426	-10.7842	-10.6617	0.148171	0.744735	0.107093	1.15268
952	-4.21098	-4.66798	-5.97201	0.660788	0.327889	0.0113232	0.437554
953	-16.5236	-16.8588	-17.8195	0.629831	0.352986	0.0171835	0.480945
954	-21.5319	-15.0697	-12.1998	0.000613865	0.308104	0.691282	2.84277
955	-18.5056	-14.3939	-13.0389	0.0138048	0.660444	0.325751	1.85624
956	-9.18535	-7.24912	-6.92022	0.135258	0.734841	0.129901	1.22507
957	-13.3203	-11.388	-11.0585	0.135705	0.734395	0.129899	1.22467
958	-7.17988	-7.51648	-8.48228	0.630196	0.35272	0.0170831	0.480349
959	-3.70102	-4.15117	-5.41258	0.658926	0.32921	0.011864	0.440666
960	-11.3782	-11.8611	-13.2275	0.667019	0.322517	0.0104644	0.429675
961	-3.89909	-4.28081	-5.37102	0.641895	0.343418	0.0146869	0.463468
962	-4.20774	-4.61847	-5.79955	0.649351	0.33747	0.0131789	0.452759
963	-4.33102	-4.67253	-5.64685	0.631432	0.35168	0.0168882	0.478722
964	-4.31623	-4.66904	-5.66993	0.634336	0.349328	0.0163356	0.474643
965	-12.5957	-10.6812	-10.3889	0.138464	0.736096	0.12544	1.21031
966	-14.8293	-12.9319	-12.687	0.14134	0.738607	0.120052	1.19336
967	-4.73976	-5.07875	-6.0462	0.630772	0.352198	0.0170298	0.479691
968	-4.20643	-4.68373	-6.03508	0.665666	0.323673	0.010661	0.431413
969	-4.20774	-4.61847	-5.79955	0.649351	0.33747	0.0131789	0.452759
970	-4.13974	-4.47673	-5.44728	0.630341	0.35266	0.0169993	0.479996
971	-4.38585	-4.74356	-5.75911	0.635621	0.348328	0.0160516	0.472734
972	-4.33261	-4.68339	-5.67562	0.633777	0.349727	0.0164964	0.475574
973	-4.07304	-4.55924	-5.93532	0.667817	0.321841	0.0103418	0.428632
974	-10.22	-8.26095	-7.86455	0.131415	0.730444	0.138141	1.25049
975	-3.80226	-4.26221	-5.57483	0.661513	0.327281	0.0112056	0.43659
976	-4.33261	-4.68339	-5.67562	0.633776	0.349727	0.0164964	0.475574
977	-10.5028	-8.59902	-8.36643	0.140775	0.740365	0.11886	1.19069
978	-13.1204	-13.467	-14.4558	0.632749	0.350655	0.0165962	0.476761
979	-7.183	-7.53919	-8.52698	0.634983	0.348505	0.0165118	0.474533
980	-30.9313	-24.5408	-21.845	0.000741273	0.346345	0.652913	2.74035
981	-4.33102	-4.67253	-5.64685	0.631431	0.35168	0.0168883	0.478722
982	-17.6315	-15.6952	-15.3611	0.135154	0.734356	0.13049	1.22674
983	-20.3592	-16.1361	-14.4602	0.0110084	0.588742	0.400249	2.0574
984	-9.50599	-9.9558	-11.2141	0.658823	0.329274	0.0119035	0.440864
985	-4.74131	-5.08952	-6.07483	0.633105	0.350259	0.0166361	0.476549
986	-4.51606	-4.75485	-5.44502	0.603651	0.372578	0.0237716	0.521992
987	-4.65695	-5.01884	-6.04551	0.636703	0.347462	0.0158346	0.471185
988	-3.70495	-4.14057	-5.37442	0.655431	0.33226	0.0123085	0.444985
989	-3.87368	-4.34035	-5.66759	0.663123	0.325881	0.0109957	0.434586
990	-4.72826	-5.16903	-6.42016	0.656731	0.33121	0.0120593	0.443155
991	-4.64096	-4.87758	-5.54794	0.602842	0.372891	0.0242674	0.52404
992	-3.89909	-4.28081	-5.37102	0.641895	0.343418	0.014687	0.463468
993	-19.4459	-15.3056	-13.8396	0.0129259	0.636355	0.350719	1.92361
994	-4.16722	-4.49221	-5.42351	0.627107	0.355092	0.0178016	0.485036
995	-17.1497	-15.1732	-14.7317	0.128619	0.727452	0.143928	1.26843
996	-31.8008	-24.9904	-21.9733	0.000390587	0.277706	0.721904	2.92462
997	-19.5591	-15.4293	-14.0176	0.0133069	0.648287	0.338406	1.89043
998	-10.2249	-8.56403	-8.99743	0.18297	0.754775	0.0622548	1.0019
999	-14.5516	-12.9117	-13.3796	0.186508	0.753453	0.060039	0.992822
1000	-4.6207	-5.03394	-6.22388	0.649994	0.336963	0.0130429	0.45182
1001	-17.1056	-13.2203	-12.5119	0.0204053	0.778478	0.201117	1.51798
1002	-8.75392	-9.23777	-10.6203	0.667339	0.322369	0.0102917	0.428927
1003	-4.22303	-4.69555	-6.05328	0.664645	0.324727	0.0106277	0.43224
1004	-3.79326	-4.42474	-6.18919	0.701339	0.292292	0.00636944	0.387976
1005	-12.8326	-10.9308	-10.6437	0.140077	0.735267	0.124656	1.20677
1006	-9.64075	-7.90798	-8.13795	0.170044	0.75376	0.0761967	1.05067
1007	-4.39267	-5.01576	-6.78968	0.69962	0.294033	0.00634705	0.389457
1008	-27.2205	-20.1172	-16.5131	0.000184864	0.176168	0.823647	3.19611
1009	-28.4803	-21.0277	-17.3455	0.000122196	0.16513	0.834748	3.22577
1010	-26.6187	-20.4121	-18.2212	0.00120194	0.467205	0.531593	2.41643
1011	-25.2243	-19.0067	-16.808	0.0011839	0.465262	0.533554	2.42167
1012	-27.5776	-21.0463	-18.1033	0.000544313	0.292766	0.70669	2.88392
1013	-9.68281	-7.87965	-7.92494	0.157871	0.750833	0.091296	1.10185
1014	-10.7184	-9.07727	-9.54022	0.186268	0.7534	0.060332	0.993818
1015	-4.39267	-5.01576	-6.78968	0.69962	0.294033	0.00634705	0.389457
1016	-3.78504	-4.39578	-6.11966	0.696791	0.296481	0.00672827	0.393011
1017	-11.4497	-9.69353	-9.84422	0.165725	0.751986	0.082289	1.07079
1018	-14.6424	-10.6261	-9.53891	0.0164194	0.714116	0.269464	1.70381
1019	-12.7875	-10.6091	-10.4152	0.111224	0.769868	0.118908	1.21732
1020	-9.4384	-7.786	-8.24869	0.184568	0.754959	0.0604729	0.995719
1021	-4.2723	-4.85312	-6.52234	0.690164	0.302584	0.0072525	0.400353
1022	-4.65181	-5.05289	-6.18181	0.646689	0.339349	0.0139618	0.457234
1023	-16.0382	-16.5311	-17.9414	0.66954	0.320507	0.00995246	0.426049
1024	-4.69684	-5.1777	-6.54875	0.666596	0.322973	0.0104305	0.429964
1025	-4.42042	-4.90384	-6.28582	0.66724	0.322459	0.0103007	0.42904
1026	-4.65104	-5.24622	-6.9367	0.693332	0.299637	0.00703081	0.39692
1027	-4.65116	-4.98871	-5.96258	0.630505	0.352557	0.016938	0.479686
1028	-23.3662	-23.8633	-25.2743	0.670464	0.319619	0.00991724	0.425127
1029	-18.1897	-18.6728	-20.0522	0.66714	0.322531	0.0103292	0.429206
1030	-4.39476	-5.02297	-6.81207	0.70076	0.29301	0.00622962	0.388121
1031	-4.2723	-4.85312	-6.52234	0.690164	0.302584	0.0072525	0.400353
1032	-13.9862	-12.0523	-11.7211	0.135488	0.734392	0.13012	1.22545
1033	-11.0255	-11.6415	-13.3668	0.697909	0.295397	0.0066942	0.391917
1034	-3.79591	-4.4326	-6.21252	0.702497	0.291254	0.00624939	0.386617
1035	-10.8451	-9.14521	-9.46714	0.1759	0.754526	0.0695732	1.02776
1036	-31.5538	-22.961	-19.1916	3.63132e-05	0.153471	0.846492	3.25716
1037	-18.1465	-14.0526	-12.7319	0.0142047	0.667607	0.318188	1.83572
1038	-4.4052	-4.90471	-6.32467	0.67106	0.319126	0.00981432	0.424317
1039	-3.78733	-4.4031	-6.14191	0.697921	0.295473	0.00660607	0.391672
1040	-33.9474	-29.815	-28.3887	0.0132068	0.645114	0.341679	1.89925
1041	-33.9728	-27.3635	-24.2318	0.000439094	0.255303	0.744258	2.98419
1042	-13.6764	-11.8902	-11.9806	0.16079	0.751828	0.0873818	1.0888
1043	-11.5869	-9.85332	-10.0891	0.17001	0.754189	0.0758013	1.04965
1044	-9.97009	-10.6201	-12.4697	0.705573	0.28865	0.00577712	0.382598
1045	-15.8935	-14.0972	-14.1642	0.15909	0.751499	0.0894108	1.09573
1046	-9.30824	-7.67296	-8.19709	0.187833	0.755275	0.0568924	0.983244
1047	-9.96408	-10.3008	-11.2632	0.630192	0.352669	0.0171387	0.480501
1048	-15.7464	-13.9071	-13.8297	0.151321	0.746113	0.102566	1.13778
1049	-14.2361	-12.7045	-13.5091	0.206981	0.750323	0.0426968	0.928218
1050	-4.47387	-4.96366	-6.36702	0.6688	0.321158	0.0100421	0.426952
1051	-9.33181	-7.61374	-7.89113	0.172737	0.754521	0.0727414	1.03904
1052	-21.579	-17.6138	-16.6601	0.0178677	0.738332	0.243801	1.63408
1053	-4.8449	-5.33871	-6.74138	0.669684	0.320293	0.010022	0.426105
1054	-10.4768	-11.0542	-12.7115	0.689379	0.303265	0.00735607	0.401333
1055	-9.10957	-7.4295	-7.80715	0.179471	0.754711	0.065818	1.01454
1056	-3.96906	-4.58483	-6.31029	0.697858	0.295447	0.0066942	0.391963
1057	-4.24247	-4.5795	-5.54511	0.630294	0.352625	0.0170818	0.480258
1058	-4.48877	-4.99599	-6.44109	0.672922	0.317555	0.00952351	0.421872
1059	-21.1566	-17.2251	-16.3484	0.0188077	0.75146	0.229732	1.59572
1060	-26.1838	-20.0747	-17.7619	0.00123945	0.437054	0.561707	2.49669
1061	-3.78763	-4.40407	-6.14484	0.69807	0.29534	0.00659012	0.391496
1062	-15.8051	-11.6568	-10.2108	0.0129134	0.64087	0.346217	1.91161
1063	-3.98452	-4.52486	-6.06605	0.680748	0.310785	0.00846652	0.412034
1064	-13.2222	-11.4345	-11.5163	0.160464	0.751439	0.0880966	1.091
1065	-5.17793	-5.66912	-7.07532	0.669128	0.320867	0.0100046	0.426557
1066	-19.7616	-15.9145	-15.2995	0.0215675	0.792049	0.186384	1.47765
1067	-9.36319	-7.71163	-8.18012	0.184759	0.755106	0.0601346	0.994646
1068	-4.4353	-4.93277	-6.34531	0.670561	0.319539	0.00990026	0.424994
1069	-31.3115	-27.0677	-25.4168	0.010893	0.594745	0.394362	2.04181
1070	-13.7833	-12.1046	-12.4895	0.179761	0.754883	0.0653565	1.01305
1071	-4.70214	-5.17663	-6.53452	0.665086	0.324302	0.0106121	0.431803
1072	-24.5126	-18.249	-15.935	0.00106147	0.436834	0.562104	2.49791
1073	-16.2769	-14.644	-15.1715	0.188227	0.755089	0.056684	0.982335
1074	-39.8441	-28.4473	-22.6718	3.41205e-07	0.0238075	0.976192	3.60304
1075	-4.65166	-4.98957	-5.96451	0.6306	0.352483	0.0169163	0.479542
1076	-9.75209	-10.2266	-11.5847	0.665102	0.324288	0.0106096	0.431782
1077	-7.31184	-7.88026	-9.44274	0.68694	0.304928	0.00813202	0.405589
1078	-24.7422	-18.3565	-15.6935	0.000760947	0.353805	0.645434	2.72038
1079	-4.29269	-4.7707	-6.13826	0.665939	0.323574	0.0104864	0.430702
1080	-14.6612	-15.1715	-16.6241	0.673643	0.316923	0.00943369	0.420986
1081	-5.09067	-5.68211	-7.36289	0.692489	0.300393	0.00711727	0.397906
1082	-20.8919	-16.8746	-15.7768	0.0163562	0.712086	0.271558	1.70945
1083	-9.69831	-10.1932	-11.6096	0.670017	0.320103	0.00987992	0.425428
1084	-10.8594	-11.3716	-12.8298	0.674099	0.316531	0.00936924	0.420405
1085	-4.56602	-5.24987	-7.18495	0.712877	0.281943	0.00518015	0.374456
1086	-9.285	-7.45867	-7.43859	0.153862	0.748922	0.0972156	1.12123
1087	-6.57656	-7.18614	-8.86661	0.696336	0.296634	0.00703041	0.394225
1088	-9.71201	-10.1959	-11.5792	0.667352	0.322365	0.0102836	0.428895
1089	-11.7091	-12.0539	-12.9712	0.63157	0.350606	0.0178238	0.481092
1090	-26.0199	-24.1669	-24.0387	0.14877	0.743675	0.107555	1.15337
1091	-16.4123	-12.3446	-11.1165	0.0149982	0.686661	0.298341	1.78208
1092	-4.68189	-5.25956	-6.92028	0.689449	0.303222	0.00732989	0.401201
1093	-14.7195	-15.1745	-16.4736	0.660306	0.3283	0.0113934	0.438173
1094	-4.65166	-4.98957	-5.96451	0.6306	0.352483	0.0169163	0.479542
1095	-13.1991	-11.3976	-11.4438	0.158107	0.750698	0.0911947	1.10137
1096	-4.75328	-5.26627	-6.72684	0.674287	0.316371	0.00934233	0.420165
1097	-6.57656	-7.18614	-8.86661	0.696336	0.296634	0.00703041	0.394225
1098	-4.6513	-5.24712	-6.93951	0.693478	0.299508	0.00701444	0.396746
1099	-7.76473	-8.24568	-9.6175	0.66662	0.322958	0.010422	0.42992
1100	-9.673	-7.86876	-7.91707	0.157771	0.751167	0.0910615	1.10132
1101	-3.99003	-4.73334	-6.84672	0.725481	0.270363	0.00415619	0.360422
1102	-35.9249	-29.7595	-27.7023	0.00134171	0.500452	0.498207	2.32728
1103	-34.249	-27.963	-25.5572	0.000984821	0.414435	0.58458	2.55791
1104	-13.4378	-11.6512	-11.7356	0.16064	0.75149	0.0878704	1.09024
1105	-21.9029	-15.6588	-13.3928	0.00111163	0.448635	0.550253	2.46627
1106	-4.29573	-4.97164	-6.8844	0.711167	0.283506	0.0053265	0.37638
1107	-4.62114	-5.03821	-6.23953	0.650961	0.336174	0.0128651	0.450479
1108	-10.8828	-9.00496	-8.98953	0.147346	0.755092	0.0975621	1.128
1109	-15.6509	-11.7512	-10.9896	0.0199014	0.770216	0.209882	1.54181
1110	-4.65166	-4.98957	-5.96451	0.6306	0.352483	0.0169163	0.479542
1111	-9.3842	-9.86123	-11.2321	0.665744	0.323797	0.0104589	0.430804
1112	-16.3356	-12.2698	-11.0472	0.0150504	0.687794	0.297156	1.77888
1113	-7.8375	-8.34757	-9.79985	0.673593	0.316969	0.00943798	0.421042
1114	-4.27254	-4.85398	-6.52505	0.690306	0.302458	0.00723608	0.400181
1115	-4.47387	-4.96366	-6.36703	0.6688	0.321157	0.0100421	0.426951
1116	-15.7747	-11.7716	-10.7064	0.0167332	0.718159	0.265107	1.69191
1117	-4.42075	-4.90468	-6.28821	0.667366	0.322353	0.0102814	0.428876
1118	-9.70548	-10.1836	-11.55	0.665946	0.323557	0.0104978	0.430727
1119	-4.6513	-5.24712	-6.93951	0.693478	0.299508	0.00701444	0.396746
1120	-8.67787	-7.01346	-7.44266	0.18239	0.755069	0.0625408	1.00319
1121	-3.99003	-4.73334	-6.84672	0.725481	0.270363	0.00415619	0.360422
1122	-4.39504	-5.02392	-6.81503	0.700911	0.292875	0.00621428	0.387946
1123	-18.2084	-14.2996	-13.5	0.0195641	0.764144	0.216292	1.5592
1124	-20.063	-15.9589	-14.5854	0.0138242	0.656394	0.329782	1.86697
1125	-4.76853	-5.26352	-6.68014	0.670038	0.320085	0.00987674	0.425401
1126	-38.9732	-32.2867	-28.8245	0.00031474	0.197696	0.80199	3.13824
1127	-4.08128	-4.55913	-5.92161	0.665866	0.323594	0.0105404	0.430912
1128	-4.42631	-4.9019	-6.26585	0.665374	0.324085	0.0105409	0.431355
1129	-8.89992	-9.2398	-10.2199	0.631114	0.352076	0.0168096	0.478797
1130	-24.2583	-20.3089	-19.3378	0.0180691	0.73498	0.24695	1.64229
1131	-3.96906	-4.58483	-6.3103	0.697859	0.295447	0.00669418	0.391963
1132	-12.7956	-13.388	-15.0429	0.692561	0.300142	0.00729781	0.398324
1133	-4.62114	-5.03821	-6.23953	0.650961	0.336174	0.0128651	0.450479
1134	-4.47387	-4.96366	-6.36703	0.6688	0.321157	0.0100421	0.426951
1135	-11.4253	-9.47715	-9.29125	0.136236	0.749002	0.114761	1.18383
1136	-4.55295	-4.92309	-5.9907	0.639014	0.345857	0.0151293	0.467231
1137	-10.3943	-8.58247	-8.59963	0.156313	0.749902	0.0937843	1.10989
1138	-3.78763	-4.40407	-6.14484	0.69807	0.29534	0.0065901	0.391496
1139	-4.76853	-5.26352	-6.68014	0.670038	0.320085	0.00987674	0.425401
1140	-4.76853	-5.26352	-6.68014	0.670038	0.320085	0.00987674	0.425401
1141	-4.65166	-4.98957	-5.96451	0.6306	0.352483	0.0169163	0.479542
1142	-38.8399	-30.3423	-26.808	4.85498e-05	0.186539	0.813412	3.16894
1143	-39.9905	-35.8638	-34.3657	0.0129519	0.629038	0.35801	1.94303
1144	-4.65166	-4.98957	-5.96451	0.6306	0.352483	0.0169163	0.479542
1145	-15.2942	-13.4912	-13.5149	0.157572	0.749329	0.0930985	1.10693
1146	-4.2506	-4.71064	-6.02758	0.661564	0.327279	0.0111573	0.436415
1147	-3.99003	-4.73334	-6.84672	0.725481	0.270363	0.00415619	0.360422
1148	-4.29269	-4.7707	-6.13826	0.665939	0.323574	0.0104864	0.430702
1149	-6.47836	-7.10825	-8.82667	0.700794	0.292531	0.00667502	0.389279
1150	-15.2436	-13.4097	-13.3591	0.152419	0.74754	0.100041	1.13006
1151	-8.73817	-9.22047	-10.599	0.666968	0.322689	0.0103437	0.429399
1152	-41.5897	-32.9923	-29.1884	3.51043e-05	0.149029	0.850935	3.26901
1153	-14.7566	-12.9973	-13.1647	0.165509	0.753412	0.0810783	1.06776
1154	-4.76853	-5.26352	-6.68014	0.670038	0.320085	0.00987674	0.425401
1155	-11.7328	-12.1907	-13.4565	0.660695	0.327553	0.0117524	0.438782
1156	-13.5346	-13.8733	-14.8035	0.630304	0.352027	0.0176683	0.481813
1157	-42.9932	-32.0476	-26.7391	8.42675e-07	0.037446	0.962553	3.56667
1158	-29.6216	-23.4104	-21.1466	0.00115024	0.44915	0.5497	2.46476
1159	-22.899	-18.7721	-17.3733	0.0134031	0.651093	0.335504	1.88261
1160	-12.5524	-10.7749	-10.8786	0.162145	0.751651	0.0862035	1.08444
1161	-28.1041	-21.9004	-19.7383	0.00122386	0.474366	0.52441	2.39726
1162	-40.017	-33.4888	-30.4864	0.000523406	0.280642	0.718835	2.91632
1163	-41.2656	-32.1445	-26.9754	5.97216e-06	0.0428069	0.957187	3.55236
1166	-22.0503	-17.914	-16.4749	0.013099	0.642314	0.344587	1.9071
1167	-39.3535	-28.5535	-23.6656	1.45591e-06	0.0559315	0.944067	3.51738
1168	-13.8137	-12.1473	-12.5143	0.18137	0.75232	0.0663101	1.01415
1169	-22.4128	-16.0694	-13.5374	0.000862116	0.384235	0.614903	2.63888
1170	-18.5399	-14.5813	-13.5926	0.017828	0.731897	0.250275	1.65137
1171	-14.8622	-13.0918	-13.164	0.162666	0.748717	0.0886166	1.09041
1172	-3.79626	-4.43363	-6.2156	0.70265	0.291117	0.00623371	0.386438
1173	-8.80209	-9.28573	-10.6665	0.667281	0.322407	0.0103118	0.429033
1174	-4.29269	-4.7707	-6.13826	0.665939	0.323574	0.0104864	0.430702
1175	-20.0509	-20.3319	-20.6838	0.608025	0.359781	0.0321942	0.540528
1176	-4.40552	-4.90558	-6.32713	0.671189	0.319016	0.00979528	0.424151
1177	-14.517	-12.2423	-12.0079	0.101558	0.773963	0.124479	1.24084
1178	-20.1859	-18.6276	-19.3519	0.201905	0.751742	0.0463532	0.94252
1179	-3.79626	-4.43363	-6.2156	0.70265	0.291117	0.00623371	0.386438
1180	-10.5341	-8.87891	-9.32099	0.183915	0.754399	0.0616863	0.999541
1181	-24.2956	-19.4633	-16.8529	0.00370914	0.364826	0.631465	2.68049
1182	-9.14329	-7.52121	-8.06384	0.190054	0.754177	0.0557691	0.978257
1183	-3.96906	-4.58483	-6.3103	0.697859	0.295447	0.00669418	0.391963
1184	-9.52279	-7.72583	-7.79506	0.159041	0.751718	0.0892416	1.09533
1185	-4.29573	-4.97164	-6.8844	0.711167	0.283506	0.0053265	0.37638
1186	-3.79626	-4.43363	-6.2156	0.70265	0.291117	0.00623371	0.386438
1187	-26.2861	-19.8622	-17.0843	0.000679036	0.328038	0.671283	2.78938
1188	-11.6793	-12.3496	-14.1838	0.709689	0.284528	0.00578263	0.378922
1189	-4.6513	-5.24712	-6.93951	0.693478	0.299508	0.00701444	0.396746
1190	-4.74766	-5.08339	-6.03931	0.629886	0.352855	0.0172593	0.481097
1191	-7.56682	-7.90834	-8.89224	0.631536	0.351735	0.0167298	0.478206
1192	-11.9151	-10.1533	-10.3057	0.164965	0.752794	0.0822416	1.07135
1193	-3.78763	-4.40407	-6.14484	0.69807	0.29534	0.0065901	0.391496
1194	-13.6472	-12.0478	-12.5953	0.193608	0.751119	0.0552728	0.973745
1195	-4.4353	-4.93277	-6.34531	0.670561	0.319539	0.00990026	0.424994
1196	-4.68189	-5.25956	-6.92028	0.689449	0.303222	0.00732989	0.401201
1197	-10.8547	-9.19105	-9.61211	0.182411	0.754578	0.0630117	1.00442
1198	-3.92664	-4.58723	-6.46328	0.707865	0.28655	0.00558492	0.38003
1199	-3.88593	-4.56599	-6.48965	0.712057	0.282689	0.00525353	0.375387
1200	-3.78763	-4.40407	-6.14484	0.69807	0.29534	0.0065901	0.391496
1201	-7.79833	-8.27325	-9.63203	0.665188	0.324212	0.0105998	0.431679
1202	-17.7799	-18.2713	-19.6782	0.669185	0.320819	0.00999615	0.426484
1203	-19.768	-15.8919	-15.1788	0.0205708	0.777584	0.201845	1.51978
1204	-12.3813	-12.0714	-11.1561	0.415305	0.443712	0.140983	1.00346
1205	-8.63668	-8.98938	-9.98299	0.634235	0.349311	0.016454	0.47505
1206	-4.29573	-4.97164	-6.8844	0.711167	0.283506	0.0053265	0.37638
1207	-4.27254	-4.85398	-6.52505	0.690306	0.302458	0.00723608	0.400181
1208	-49.0891	-38.2648	-33.2897	1.30841e-06	0.0515005	0.948498	3.52919
1209	-56.0298	-40.5117	-32.5176	6.15063e-10	0.0026452	0.997355	3.65947
1210	-17.7042	-16.0339	-16.4232	0.181057	0.753953	0.0649895	1.01091
1211	-4.36901	-4.93683	-6.53842	0.687026	0.305148	0.00782574	0.404695
1212	-35.6801	-29.3755	-26.8711	0.00091139	0.390764	0.608325	2.6213
1213	-12.3692	-10.6641	-10.9629	0.174863	0.753985	0.0711519	1.0329
1214	-21.5478	-17.3068	-15.5341	0.0103927	0.565818	0.423789	2.12072
1216	-32.2185	-23.5803	-19.6819	3.108e-05	0.137449	0.86252	3.2999
1217	-41.5956	-30.7326	-25.6672	1.15521e-06	0.0472636	0.952735	3.54049
1218	-13.5477	-11.7773	-11.899	0.163361	0.751938	0.0847007	1.07934
1219	-10.1481	-8.517	-9.04491	0.188506	0.754847	0.0566462	0.981983
1220	-13.6246	-12.0283	-12.6405	0.194783	0.753259	0.0519585	0.963854
1221	-18.1369	-14.1875	-13.2121	0.0180504	0.734194	0.247756	1.64446
1222	-28.9334	-22.5309	-19.8113	0.000721178	0.340982	0.658297	2.75472
1223	-41.6967	-30.8208	-25.5881	9.71753e-07	0.0402744	0.959725	3.55913
1224	-16.9722	-15.1827	-15.2558	0.160097	0.751085	0.0888181	1.09325
1225	-10.7828	-8.97323	-8.98963	0.156605	0.74958	0.0938152	1.10971
1226	-17.5837	-13.6031	-12.5985	0.0173777	0.729249	0.253373	1.66004
1227	-26.513	-20.2195	-17.6831	0.000903664	0.38318	0.615917	2.64155
1228	-11.6394	-9.80121	-9.74109	0.151715	0.747316	0.100969	1.13317
1229	-4.39504	-5.02392	-6.81503	0.700911	0.292875	0.00621428	0.387946
1230	-4.69719	-5.17856	-6.55115	0.666722	0.322867	0.010411	0.4298
1231	-9.24561	-7.45068	-7.52483	0.159383	0.751804	0.0888137	1.09388
1232	-13.9501	-12.1852	-12.3264	0.164381	0.752489	0.0831306	1.07424
1233	-4.68189	-5.25956	-6.92028	0.689449	0.303222	0.00732989	0.401201
1234	-22.5487	-18.6165	-17.7146	0.0186856	0.747083	0.234232	1.60783
1235	-3.88002	-4.53099	-6.38523	0.705785	0.288469	0.00574635	0.382326
1236	-4.27254	-4.85398	-6.52505	0.690306	0.302458	0.00723608	0.400181
1237	-4.75328	-5.26627	-6.72684	0.674287	0.316371	0.00934233	0.420165
1238	-7.45891	-8.03594	-9.65421	0.68909	0.303261	0.00764872	0.402372
1239	-14.8129	-13.0743	-13.2787	0.168891	0.753014	0.0780944	1.05677
1240	-4.27254	-4.85398	-6.52505	0.690306	0.302458	0.00723608	0.400181
1241	-3.88593	-4.56599	-6.48965	0.712057	0.282689	0.00525353	0.375387
1242	-28.1378	-21.6826	-18.8092	0.000616657	0.307353	0.69203	2.84476
1243	-9.79037	-7.8745	-7.60795	0.138743	0.738586	0.122671	1.20267
1244	-8.22085	-8.71252	-10.1192	0.669236	0.320767	0.00999695	0.42644
1245	-3.79626	-4.43363	-6.2156	0.70265	0.291117	0.00623371	0.386438
1246	-11.1296	-11.6776	-13.2285	0.682465	0.309193	0.00834224	0.410163
1247	-8.96895	-7.3105	-7.74142	0.183302	0.754325	0.0623726	1.00192
1248	-4.24247	-4.5795	-5.54511	0.630294	0.352624	0.0170818	0.480258
1249	-16.2701	-14.3901	-14.2188	0.144691	0.743102	0.112207	1.16943
1250	-12.2275	-10.4329	-10.4941	0.159239	0.750898	0.0898633	1.09681
1251	-9.95179	-10.4357	-11.8191	0.667355	0.322362	0.0102831	0.428891
1252	-3.88002	-4.53099	-6.38523	0.705785	0.288469	0.00574635	0.382326
1253	-16.9747	-15.068	-14.8046	0.1399	0.737922	0.122178	1.20032
1254	-65.9186	-50.4242	-42.5279	6.94301e-10	0.0029162	0.997084	3.65875
1255	-27.1203	-22.8298	-20.8916	0.00919346	0.525977	0.464829	2.23123
1256	-6.63771	-7.25183	-8.9273	0.697271	0.295686	0.00704309	0.39342
1257	-10.4904	-8.88506	-9.48417	0.193237	0.754065	0.0526979	0.967212
1258	-34.885	-27.1407	-23.001	6.1503e-05	0.111255	0.888684	3.36964
1259	-22.7141	-16.3174	-13.7573	0.000803328	0.377621	0.621576	2.65673
1260	-20.4148	-16.1932	-14.355	0.0102981	0.549938	0.439764	2.16341
1261	-14.7289	-10.7531	-9.78254	0.0176091	0.735429	0.246962	1.64274
1262	-55.6102	-42.3344	-35.6117	2.05103e-08	0.00936912	0.990631	3.64154
1263	-19.6535	-15.5297	-14.1752	0.0136428	0.66065	0.325707	1.85627
1264	-12.7993	-11.0142	-11.1087	0.160986	0.751976	0.0870373	1.0877
1265	-18.5048	-14.4714	-13.3187	0.0158564	0.701529	0.282615	1.73938
1266	-10.6088	-9.00109	-9.58642	0.19272	0.753864	0.0534156	0.969589
1267	-35.781	-27.2597	-23.6014	4.28164e-05	0.168461	0.831496	3.21717
1268	-38.132	-29.4754	-25.5607	3.00883e-05	0.135531	0.864438	3.30502
1269	-30.8849	-24.6245	-22.2813	0.0010474	0.429649	0.569303	2.51712
1270	-26.3575	-19.9586	-17.2845	0.000745543	0.351258	0.647997	2.72723
1271	-22.3136	-18.0977	-16.4892	0.0113834	0.604456	0.38416	2.01416
1272	-14.544	-12.8085	-13.0208	0.169428	0.753088	0.0774838	1.05466
1273	-7.78724	-8.12573	-9.1009	0.630738	0.352356	0.0169064	0.479392
1274	-15.0057	-13.2225	-13.2768	0.160678	0.749057	0.0902646	1.09659
1275	-19.6894	-15.757	-14.8395	0.0186142	0.744347	0.237038	1.61537
1276	-20.4995	-16.57	-15.6919	0.0188394	0.751192	0.229968	1.59632
1277	-17.7076	-13.7765	-12.9245	0.0189218	0.755689	0.225389	1.58404
1278	-3.78763	-4.40407	-6.14484	0.69807	0.29534	0.0065901	0.391496
1279	-4.27254	-4.85398	-6.52505	0.690306	0.302458	0.00723608	0.400181
1280	-9.70804	-10.1893	-11.5617	0.666705	0.322881	0.0104135	0.429821
1281	-7.76215	-8.27201	-9.72373	0.673542	0.317013	0.00944454	0.421105
1282	-4.65215	-5.05366	-6.18386	0.646799	0.339261	0.0139402	0.457078
1283	-10.1694	-10.6478	-12.0123	0.665998	0.323486	0.0105152	0.430726
1284	-25.0666	-18.7747	-16.3629	0.000975612	0.412986	0.586038	2.56181
1285	-7.38343	-7.96011	-9.57443	0.688996	0.303324	0.00768061	0.402542
1286	-12.535	-10.9149	-11.4656	0.190453	0.754221	0.055326	0.976717
1287	-10.7662	-8.93813	-8.90819	0.153482	0.748407	0.0981106	1.12396
1288	-19.5391	-15.5137	-14.3934	0.0161274	0.707795	0.276078	1.7217
1289	-4.42631	-4.9019	-6.26585	0.665374	0.324085	0.0105409	0.431355
1290	-11.4681	-9.76469	-10.0686	0.175167	0.754038	0.0707952	1.03168
1291	-12.1802	-10.2453	-9.90516	0.135208	0.73364	0.131151	1.22845
1292	-7.31865	-7.94239	-9.67475	0.699567	0.293821	0.0066116	0.39021
1293	-38.5883	-30.0793	-26.5286	4.73613e-05	0.184068	0.815884	3.17553
1294	-15.0534	-15.3915	-16.3669	0.630642	0.352451	0.0169076	0.479482
1295	-4.01694	-4.49607	-5.86977	0.666229	0.323356	0.0104152	0.430252
1296	-11.2126	-9.53385	-9.87355	0.179213	0.752613	0.0681743	1.02106
1297	-3.88002	-4.53099	-6.38523	0.705785	0.288469	0.00574635	0.382326
1298	-4.42075	-4.90468	-6.28821	0.667366	0.322353	0.0102814	0.428876
1299	-7.71263	-8.05116	-9.02622	0.630746	0.352346	0.0169078	0.479388
1300	-4.75724	-5.27998	-6.77064	0.676612	0.31438	0.00900838	0.417189
1301	-8.05983	-8.52562	-9.82862	0.662747	0.325984	0.011269	0.435652
1302	-4.24247	-4.5795	-5.54511	0.630294	0.352624	0.0170818	0.480258
1303	-8.82313	-9.44701	-11.1898	0.699646	0.293812	0.00654276	0.389956
1304	-4.08128	-4.55913	-5.92161	0.665866	0.323594	0.0105404	0.430912
1305	-10.773	-11.2568	-12.6402	0.667355	0.322361	0.0102833	0.428891
1306	-10.1542	-8.50076	-8.95709	0.184336	0.754818	0.0608465	0.996924
1307	-17.5142	-15.6322	-15.479	0.144726	0.744826	0.110448	1.16471
1308	-22.0173	-17.8438	-16.3285	0.0122903	0.625551	0.362158	1.95468
1309	-9.19359	-9.83988	-11.675	0.704735	0.289389	0.00587578	0.383613
1310	-13.9558	-12.2346	-12.5032	0.172183	0.754437	0.0733796	1.04124
1311	-46.6757	-35.8676	-30.9472	1.40045e-06	0.054236	0.945763	3.5219
1312	-3.79626	-4.43363	-6.2156	0.70265	0.291117	0.00623371	0.386438
1313	-32.2702	-23.622	-19.6968	3.00664e-05	0.134303	0.865667	3.3083
1314	-12.9751	-13.256	-13.6087	0.608043	0.359786	0.0321715	0.540452
1315	-4.22571	-4.70261	-6.07336	0.665712	0.323827	0.0104611	0.430839
1316	-4.01694	-4.49607	-5.86977	0.666229	0.323356	0.0104152	0.430252
1317	-9.1437	-7.46019	-7.82866	0.178857	0.754718	0.0664256	1.01671
1318	-4.27254	-4.85398	-6.52505	0.690306	0.302458	0.00723608	0.400181
1319	-16.6431	-12.6125	-11.4823	0.0160008	0.705922	0.278077	1.72715
1320	-21.6187	-17.7087	-16.8791	0.0194147	0.759162	0.221423	1.57302
1321	-3.78763	-4.40407	-6.14484	0.69807	0.29534	0.0065901	0.391496
1322	-8.95878	-9.49877	-11.0363	0.680653	0.310848	0.00849898	0.412207
1323	-68.9165	-53.3369	-45.0439	4.2923e-10	0.00196302	0.998037	3.66129
1324	-7.76473	-8.24568	-9.6175	0.66662	0.322958	0.010422	0.42992
1325	-9.43962	-10.0393	-11.7321	0.694308	0.298699	0.00699281	0.395944
1326	-26.3179	-19.8607	-16.9927	0.000617747	0.308514	0.690868	2.84166
1327	-4.40552	-4.90558	-6.32713	0.671189	0.319016	0.00979528	0.424151
1328	-4.7016	-5.22504	-6.72294	0.676809	0.314252	0.00893978	0.41683
1329	-10.0541	-10.5304	-11.8965	0.66555	0.323936	0.0105137	0.431124
1330	-31.3986	-25.0102	-22.0115	0.000603463	0.281351	0.718045	2.91415
1331	-4.65215	-5.05366	-6.18386	0.646799	0.339261	0.0139402	0.457078
1332	-3.96	-4.55986	-6.25597	0.694354	0.298677	0.006969	0.395839
1333	-4.68189	-5.25956	-6.92028	0.689449	0.303222	0.00732989	0.401201
1334	-7.77643	-8.35041	-9.95643	0.688372	0.303869	0.00775854	0.403309
1335	-13.9706	-12.2822	-12.6351	0.17796	0.754581	0.0674598	1.02028
1336	-4.6513	-5.24712	-6.93951	0.693478	0.299508	0.00701444	0.396746
1337	-24.2225	-18.0988	-16.1829	0.00149687	0.535607	0.462896	2.23298
1338	-4.27254	-4.85398	-6.52505	0.690306	0.302458	0.00723608	0.400181
1339	-6.65112	-7.26117	-8.9453	0.696452	0.296545	0.00700257	0.394047
1340	-3.96	-4.55986	-6.25597	0.694354	0.298677	0.006969	0.395839
1341	-9.43414	-7.85272	-8.51845	0.197658	0.753103	0.0492391	0.954024
1342	-13.748	-14.2426	-15.6275	0.66973	0.320075	0.0101943	0.426524
1343	-9.26788	-9.88351	-11.6051	0.697811	0.295468	0.00672035	0.392075
1344	-9.63479	-10.1473	-11.6064	0.674173	0.316469	0.00935855	0.420311
1345	-20.2178	-16.2296	-15.1683	0.0169977	0.718728	0.264275	1.68945
1346	-11.1817	-11.7141	-13.2049	0.678708	0.312343	0.00894867	0.41515
1347	-11.9587	-10.1875	-10.3113	0.163285	0.75216	0.0845546	1.07902
1348	-3.99003	-4.73334	-6.84672	0.725481	0.270363	0.00415619	0.360422
1349	-4.68189	-5.25956	-6.92028	0.689449	0.303222	0.00732989	0.401201
1350	-9.3106	-7.73837	-8.43223	0.199391	0.752758	0.0478512	0.948769
1351	-6.72095	-7.25323	-8.74695	0.678715	0.312362	0.00892325	0.415076
1352	-8.92504	-9.41084	-10.7925	0.667767	0.321945	0.0102876	0.428533
1353	-8.75403	-7.08755	-7.50945	0.181999	0.755007	0.062994	1.00475
1354	-18.1017	-14.1624	-13.2688	0.0185918	0.748635	0.232773	1.60402
1355	-16.6634	-12.6368	-11.5267	0.0161528	0.709815	0.274033	1.71623
1356	-15.9164	-14.0882	-14.0108	0.152745	0.744856	0.102399	1.13606
1357	-14.8362	-13.129	-13.4365	0.17468	0.754717	0.0706027	1.0316
1358	-3.99003	-4.73334	-6.84672	0.725481	0.270363	0.00415619	0.360422
1359	-4.62114	-5.03821	-6.23953	0.650961	0.336174	0.0128651	0.450479
1360	-4.27254	-4.85398	-6.52505	0.690306	0.302458	0.00723608	0.400181
1361	-4.69719	-5.17856	-6.55115	0.666722	0.322867	0.010411	0.4298
1362	-11.1173	-9.2351	-9.08143	0.144698	0.744803	0.1105	1.16488
1363	-11.359	-9.68489	-10.0712	0.180447	0.754333	0.06522	1.01207
1364	-10.0835	-8.27027	-8.2871	0.156124	0.750043	0.093833	1.11019
1365	-3.79626	-4.43363	-6.2156	0.70265	0.291117	0.00623371	0.386438
1366	-31.0146	-24.6596	-22.0866	0.000830837	0.374604	0.624565	2.66467
1367	-12.8981	-11.1751	-11.4288	0.171741	0.753842	0.074417	1.04441
1368	-12.1553	-12.7708	-14.4476	0.697572	0.295401	0.00702709	0.393107
1369	-7.66162	-8.28477	-9.99427	0.699336	0.293898	0.00676626	0.39083
1370	-19.4559	-17.0206	-16.3787	0.0825636	0.73883	0.178607	1.40221
1371	-8.13488	-8.66566	-10.155	0.67836	0.312669	0.00897123	0.415522
1372	-7.77643	-8.35041	-9.95643	0.688372	0.303869	0.00775854	0.403309
1373	-4.70214	-5.17663	-6.53452	0.665086	0.324302	0.0106121	0.431803
1374	-4.27254	-4.85398	-6.52505	0.690306	0.302458	0.00723608	0.400181
1375	-12.2786	-12.7885	-14.2396	0.673547	0.317002	0.00945041	0.421116
1376	-27.4008	-21.1619	-18.9474	0.00114922	0.461367	0.537484	2.43218
1377	-8.96351	-9.31926	-10.337	0.635192	0.348771	0.016037	0.47308
1378	-4.6513	-5.24712	-6.93951	0.693478	0.299508	0.00701444	0.396746
1379	-4.40552	-4.90558	-6.32713	0.671189	0.319016	0.00979528	0.424151
1380	-4.70214	-5.17663	-6.53452	0.665086	0.324302	0.0106121	0.431803
1381	-5.17793	-5.66912	-7.07532	0.669129	0.320867	0.0100046	0.426557
1382	-4.24247	-4.5795	-5.54511	0.630294	0.352624	0.0170818	0.480258
1383	-4.68189	-5.25956	-6.92028	0.689449	0.303222	0.00732989	0.401201
1384	-3.88593	-4.56599	-6.48965	0.712057	0.282689	0.00525353	0.375387
1385	-14.2764	-11.8527	-10.8265	0.0770052	0.681179	0.241815	1.57574
1386	-3.88593	-4.56599	-6.48965	0.712057	0.282689	0.00525353	0.375387
1387	-21.5449	-19.7219	-19.6189	0.153012	0.742298	0.10469	1.14193
1388	-9.02507	-9.50713	-10.8854	0.666914	0.322739	0.0103476	0.429458
1389	-4.29573	-4.97164	-6.8844	0.711167	0.283506	0.0053265	0.37638
1390	-4.29269	-4.7707	-6.13826	0.665939	0.323574	0.0104864	0.430702
1391	-4.69719	-5.17856	-6.55115	0.666722	0.322867	0.010411	0.4298
1392	-4.68189	-5.25956	-6.92028	0.689449	0.303222	0.00732989	0.401201
1393	-4.75328	-5.26627	-6.72684	0.674287	0.316371	0.00934233	0.420165
1394	-4.65166	-4.98957	-5.96451	0.6306	0.352483	0.0169163	0.479542
1395	-4.42075	-4.90468	-6.28821	0.667366	0.322353	0.0102814	0.428876
1396	-11.0371	-11.375	-12.3488	0.630594	0.35247	0.0169361	0.4796
1397	-4.00795	-4.54047	-6.03182	0.678752	0.312305	0.00894274	0.415095
1398	-13.2577	-13.8804	-15.5858	0.699207	0.293997	0.00679632	0.391026
1399	-3.79626	-4.43363	-6.2156	0.70265	0.291117	0.00623371	0.386438
1400	-4.29269	-4.7707	-6.13826	0.665939	0.323574	0.0104864	0.430702
1401	-4.65166	-4.98957	-5.96451	0.6306	0.352483	0.0169163	0.479542
1402	-16.0472	-12.1449	-11.3804	0.0198376	0.769811	0.210351	1.54312
1403	-16.6783	-12.605	-11.3547	0.0148157	0.682169	0.303015	1.79471
1404	-11.1863	-11.8	-13.4649	0.697137	0.295744	0.00711921	0.393743
1405	-4.75328	-5.26627	-6.72684	0.674287	0.316371	0.00934233	0.420165
1406	-4.65215	-5.05366	-6.18386	0.646799	0.339261	0.0139402	0.457078
1407	-12.3281	-12.6801	-13.642	0.633727	0.349291	0.0169823	0.476914
1408	-3.78763	-4.40407	-6.14484	0.69807	0.29534	0.0065901	0.391496
1409	-6.77547	-7.42083	-9.21105	0.704352	0.2895	0.00614816	0.384683
1410	-4.24247	-4.5795	-5.54511	0.630294	0.352624	0.0170818	0.480258
1411	-3.79626	-4.43363	-6.2156	0.70265	0.291117	0.00623371	0.386438
1412	-3.78763	-4.40407	-6.14484	0.69807	0.29534	0.0065901	0.391496
1413	-4.70214	-5.17663	-6.53452	0.665086	0.324302	0.0106121	0.431803
1414	-4.39504	-5.02392	-6.81503	0.700911	0.292875	0.00621428	0.387946
1415	-4.69719	-5.17856	-6.55115	0.666722	0.322867	0.010411	0.4298
1416	-43.9397	-35.2263	-31.0533	2.26531e-05	0.108005	0.891972	3.37845
1417	-23.2375	-19.0475	-17.4002	0.0115049	0.595224	0.393271	2.03835
1418	-4.7016	-5.22504	-6.72294	0.676809	0.314252	0.00893978	0.41683
1419	-17.4694	-13.5427	-12.6808	0.0189599	0.753937	0.227103	1.58857
1420	-9.40692	-7.75232	-8.22163	0.18431	0.755568	0.0601218	0.995014
1421	-7.54818	-7.91042	-8.92355	0.636645	0.347311	0.0160436	0.471793
1422	-4.08128	-4.55913	-5.92161	0.665866	0.323594	0.0105404	0.430912
1423	-10.2275	-8.57231	-9.02261	0.184013	0.754775	0.0612117	0.998187
1424	-7.20828	-7.68686	-9.05811	0.66609	0.323466	0.0104443	0.430455
1425	-4.51312	-4.85524	-5.84261	0.631713	0.351621	0.0166665	0.477878
1426	-15.1129	-13.5126	-14.057	0.193443	0.751116	0.0554405	0.97434
1427	-10.1165	-8.42679	-8.7881	0.177869	0.755186	0.0669449	1.01899
1428	-28.6666	-22.436	-20.2001	0.00114538	0.456057	0.542797	2.44636
1429	-22.839	-21.0075	-20.9675	0.152895	0.748054	0.0990516	1.127
1430	-14.395	-10.469	-9.64395	0.0191315	0.760162	0.220707	1.57136
1431	-4.28959	-4.93647	-6.77972	0.70489	0.289284	0.00582627	0.383342
1432	-3.98452	-4.52486	-6.06606	0.680748	0.310785	0.00846649	0.412034
1433	-10.4049	-8.57075	-8.5282	0.152515	0.748161	0.0993239	1.12806
1434	-17.4505	-15.8204	-16.3485	0.188657	0.75472	0.0566233	0.981787
1435	-40.9902	-34.3813	-31.2008	0.000423488	0.246142	0.753435	3.00867
1436	-21.3805	-17.2769	-15.9433	0.0140119	0.664973	0.321015	1.84343
1437	-17.8597	-13.8047	-12.5762	0.015185	0.686446	0.298369	1.78199
1438	-17.9612	-14.0259	-13.1668	0.0188129	0.754529	0.226659	1.58752
1439	-60.9023	-44.8518	-36.298	2.06599e-10	0.0015132	0.998487	3.66249
1440	-4.27254	-4.85398	-6.52505	0.690306	0.302458	0.00723608	0.400181
1441	-4.76853	-5.26352	-6.68014	0.670038	0.320085	0.00987674	0.425401
1442	-3.92664	-4.58723	-6.46328	0.707865	0.28655	0.00558492	0.38003
1443	-29.8474	-28.2037	-28.6681	0.1859	0.75382	0.0602797	0.994009
1444	-4.62114	-5.03821	-6.23953	0.650961	0.336174	0.0128651	0.450479
1445	-15.5591	-13.9293	-14.413	0.188239	0.752717	0.0590438	0.988616
1446	-15.8837	-11.7798	-10.4442	0.0139984	0.66452	0.321482	1.84468
1447	-16.4734	-12.528	-11.6297	0.0184601	0.7479	0.23364	1.60645
1448	-8.96768	-7.3353	-7.86617	0.188348	0.755151	0.0565013	0.981739
1449	-8.44689	-8.92565	-10.2817	0.666025	0.323374	0.0106009	0.430931
1450	-11.9954	-12.6374	-14.413	0.703598	0.290149	0.00625261	0.385638
1451	-9.3276	-9.66421	-10.6235	0.630128	0.352679	0.0171927	0.480703
1452	-9.44939	-7.69239	-7.86697	0.16593	0.753555	0.0805146	1.06588
1453	-4.75328	-5.26627	-6.72684	0.674287	0.316371	0.00934233	0.420165
1454	-19.9979	-16.0584	-15.1373	0.0184685	0.743813	0.237718	1.61732
1455	-4.7016	-5.22504	-6.72294	0.676809	0.314252	0.00893978	0.41683
1456	-17.3038	-13.2182	-11.9246	0.0144439	0.673253	0.312304	1.81981
1457	-33.2782	-29.2266	-28.0348	0.0154006	0.693895	0.290704	1.76136
1458	-9.36319	-7.71163	-8.18012	0.184759	0.755106	0.0601346	0.994646
1459	-4.69719	-5.17856	-6.55115	0.666722	0.322867	0.010411	0.4298
1460	-4.22571	-4.70261	-6.07336	0.665712	0.323827	0.0104611	0.430839
1461	-9.30853	-7.67394	-8.20013	0.187961	0.755265	0.0567745	0.982815
1462	-4.08128	-4.55913	-5.92161	0.665866	0.323594	0.0105404	0.430912
1463	-21.6218	-17.5693	-16.3655	0.0153351	0.691471	0.293194	1.76806
1464	-4.29573	-4.97164	-6.8844	0.711167	0.283506	0.0053265	0.37638
1465	-3.96906	-4.58483	-6.3103	0.697859	0.295447	0.00669418	0.391963
1466	-17.3569	-13.4216	-12.5416	0.0187229	0.750937	0.23034	1.59741
1467	-4.28959	-4.93647	-6.77972	0.70489	0.289284	0.00582627	0.383342
1468	-17.7983	-16.0196	-16.1095	0.161796	0.750882	0.0873219	1.08774
1469	-11.107	-9.31517	-9.39219	0.159843	0.751619	0.0885379	1.09273
1470	-4.76853	-5.26352	-6.68014	0.670038	0.320085	0.00987674	0.425401
1471	-19.5197	-15.5923	-14.7208	0.0189064	0.752284	0.22881	1.59317
1472	-4.00795	-4.54047	-6.03182	0.678752	0.312305	0.00894274	0.415095
1473	-10.5779	-8.69496	-8.57889	0.145196	0.747936	0.106868	1.15475
1474	-6.85062	-7.49638	-9.29075	0.704452	0.289427	0.00612115	0.384521
1475	-4.49299	-5.02149	-6.50213	0.677809	0.313129	0.0090629	0.416261
1476	-3.98452	-4.52486	-6.06606	0.680748	0.310785	0.00846649	0.412034
1477	-4.68189	-5.25956	-6.92028	0.689449	0.303222	0.00732989	0.401201
1478	-9.09581	-9.77157	-11.6758	0.711104	0.283524	0.00537231	0.376559
1479	-11.1165	-9.18144	-8.92835	0.136688	0.741761	0.121551	1.20153
1480	-4.76853	-5.26352	-6.68014	0.670038	0.320085	0.00987674	0.425401
1481	-4.07	-4.55428	-5.94631	0.667499	0.322308	0.0101929	0.428521
1482	-15.5493	-16.1713	-17.8554	0.698986	0.29407	0.00694432	0.391619
1483	-19.699	-15.4748	-13.8922	0.011403	0.610513	0.378084	1.99794
1484	-8.45199	-8.93171	-10.3031	0.666345	0.32322	0.0104349	0.430201
1485	-4.00795	-4.54047	-6.03182	0.678752	0.312305	0.00894274	0.415095
1486	-3.96	-4.55986	-6.25597	0.694354	0.298677	0.006969	0.395839
1487	-3.78763	-4.40407	-6.14484	0.69807	0.29534	0.0065901	0.391496
1488	-4.27254	-4.85398	-6.52505	0.690306	0.302458	0.00723608	0.400181
1489	-4.2506	-4.71064	-6.02758	0.661564	0.327279	0.0111573	0.436415
1490	-4.36901	-4.93683	-6.53842	0.687026	0.305148	0.00782574	0.404695
1491	-4.40552	-4.90558	-6.32713	0.671189	0.319016	0.00979528	0.424151
1492	-4.27254	-4.85398	-6.52505	0.690306	0.302458	0.00723608	0.400181
1493	-4.00795	-4.54047	-6.03182	0.678752	0.312305	0.00894274	0.415095
1494	-20.3566	-16.3138	-15.1294	0.0155686	0.695289	0.289143	1.75704
1495	-4.42631	-4.9019	-6.26585	0.665374	0.324085	0.0105409	0.431355
1496	-4.6513	-5.24712	-6.93951	0.693478	0.299508	0.00701444	0.396746
1497	-13.9171	-11.8521	-11.5977	0.122044	0.754209	0.123747	1.22052
1498	-11.7097	-10.0326	-10.376	0.179488	0.752596	0.0679166	1.02012
1499	-11.5404	-9.85611	-10.1876	0.178296	0.752937	0.0687666	1.02346
1500	-3.92664	-4.58723	-6.46328	0.707865	0.28655	0.00558492	0.38003
1501	-10.7662	-8.93813	-8.90819	0.153482	0.748407	0.0981106	1.12396
1502	-4.36901	-4.93683	-6.53842	0.687026	0.305148	0.00782574	0.404695
1503	-20.9799	-14.7264	-12.4467	0.00109294	0.445241	0.553666	2.47538
1504	-4.68189	-5.25956	-6.92028	0.689449	0.303222	0.00732989	0.401201
1505	-24.744	-18.2517	-15.4057	0.000605559	0.313239	0.686156	2.82911
1506	-16.3369	-16.8177	-18.1887	0.666591	0.322978	0.0104311	0.42997
1507	-23.9361	-20.0071	-19.1412	0.018899	0.753282	0.227819	1.59054
1508	-3.78763	-4.40407	-6.14484	0.69807	0.29534	0.0065901	0.391496
1509	-4.51312	-4.85524	-5.84261	0.631713	0.351621	0.0166665	0.477878
1510	-3.99003	-4.73334	-6.84672	0.725481	0.270363	0.00415619	0.360422
1511	-9.85627	-8.07317	-8.17501	0.161363	0.752203	0.0864341	1.08576
1512	-9.78461	-10.2743	-11.6773	0.668771	0.321183	0.0100466	0.42699
1513	-17.5774	-15.9014	-16.1465	0.17841	0.747192	0.0743976	1.03837
1514	-3.98452	-4.52486	-6.06606	0.680748	0.310785	0.00846649	0.412034
1515	-12.5785	-13.0785	-14.5001	0.671194	0.319011	0.00979456	0.424145
1516	-9.04608	-7.43069	-8.0035	0.191402	0.754466	0.0541314	0.97268
1517	-4.4353	-4.93277	-6.34531	0.670561	0.319539	0.00990026	0.424994
1518	-3.88002	-4.53099	-6.38523	0.705785	0.288469	0.00574635	0.382326
1519	-4.00795	-4.54047	-6.03182	0.678752	0.312305	0.00894274	0.415095
1520	-4.28959	-4.93647	-6.77972	0.70489	0.289284	0.00582627	0.383342
1521	-4.62114	-5.03821	-6.23953	0.650961	0.336174	0.0128651	0.450479
1522	-6.40428	-7.03366	-8.74832	0.700671	0.292627	0.00670234	0.389463
1523	-23.9354	-22.1437	-22.2097	0.159698	0.75087	0.0894322	1.09524
1524	-4.27254	-4.85398	-6.52505	0.690306	0.302458	0.00723608	0.400181
1525	-3.78763	-4.40407	-6.14484	0.69807	0.29534	0.0065901	0.391496
1526	-15.6132	-13.7991	-13.7711	0.155343	0.746929	0.0977283	1.12127
1527	-3.88593	-4.56599	-6.48965	0.712057	0.282689	0.00525353	0.375387
1528	-4.65215	-5.05366	-6.18386	0.646799	0.339261	0.0139402	0.457078
1529	-27.8771	-20.5856	-17.2652	0.000192283	0.221162	0.778646	3.07611
1530	-4.00795	-4.54047	-6.03182	0.678752	0.312305	0.00894274	0.415095
1531	-20.584	-16.6268	-15.7003	0.0181267	0.7431	0.238774	1.62044
1532	-25.1778	-18.925	-16.627	0.00108266	0.440744	0.558174	2.48741
1533	-18.0744	-13.9814	-12.6643	0.0142337	0.668374	0.317393	1.83357
1534	-4.49299	-5.02149	-6.50213	0.677809	0.313129	0.0090629	0.416261
1535	-25.657	-19.3625	-16.9283	0.000960296	0.407556	0.591483	2.57634
1536	-16.6723	-12.6669	-11.5779	0.0165887	0.71363	0.269781	1.7045
1537	-14.1712	-12.2769	-12.0458	0.141944	0.739512	0.118544	1.1888
1538	-8.99198	-9.67956	-11.617	0.713648	0.281198	0.00515438	0.373696
1539	-4.69719	-5.17856	-6.55115	0.666722	0.322867	0.010411	0.4298
1540	-4.4353	-4.93277	-6.34531	0.670561	0.319539	0.00990026	0.424994
1541	-8.13171	-8.74995	-10.3099	0.697539	0.294585	0.00787606	0.395401
1542	-21.0874	-16.8837	-15.2458	0.0113916	0.597527	0.391082	2.03261
1543	-12.0117	-10.2776	-10.4054	0.168479	0.747799	0.0837222	1.07214
1544	-7.45891	-8.03594	-9.65421	0.68909	0.303261	0.00764872	0.402372
1545	-4.62114	-5.03821	-6.23953	0.650961	0.336174	0.0128651	0.450479
1546	-9.03273	-7.3556	-7.74393	0.180031	0.754839	0.0651303	1.01221
1547	-4.42075	-4.90468	-6.28821	0.667366	0.322353	0.0102814	0.428876
1548	-9.86086	-10.4386	-12.094	0.689431	0.303201	0.00736814	0.401318
1549	-13.3566	-11.7676	-12.4001	0.196131	0.752978	0.0508918	0.959801
1550	-8.89217	-7.23483	-7.67219	0.183541	0.754474	0.0619843	1.00067
1551	-10.655	-11.0002	-11.9964	0.632512	0.350996	0.0164912	0.476694
1552	-20.1366	-18.3177	-18.3042	0.154929	0.748537	0.0965336	1.11846
1553	-7.69591	-8.05814	-9.0562	0.636489	0.347228	0.0162832	0.472573
1554	-3.88002	-4.53099	-6.38523	0.705785	0.288469	0.00574635	0.382326
1555	-3.78763	-4.40407	-6.14484	0.69807	0.29534	0.0065901	0.391496
1556	-3.96906	-4.58483	-6.3103	0.697859	0.295447	0.00669418	0.391963
1557	-3.79626	-4.43363	-6.2156	0.70265	0.291117	0.00623371	0.386438
1558	-8.89217	-7.23483	-7.67219	0.183541	0.754474	0.0619843	1.00067
1559	-7.77643	-8.35041	-9.95643	0.688372	0.303869	0.00775854	0.403309
1560	-10.884	-11.3555	-12.7046	0.664361	0.324913	0.0107264	0.432758
1561	-37.7101	-29.0066	-24.9639	2.56772e-05	0.121227	0.878747	3.34318
1562	-16.3753	-16.9563	-18.6231	0.690193	0.302538	0.00726935	0.400371
1563	-4.29269	-4.7707	-6.13826	0.665939	0.323574	0.0104864	0.430702
1564	-4.48877	-4.99599	-6.4411	0.672922	0.317555	0.00952348	0.421872
1565	-4.40552	-4.90558	-6.32713	0.671189	0.319016	0.00979528	0.424151
1566	-21.16	-17.1352	-16.0156	0.0161405	0.707925	0.275934	1.72131
1567	-3.88002	-4.53099	-6.38523	0.705785	0.288469	0.00574635	0.382326
1568	-4.67058	-5.27257	-6.98472	0.694884	0.298268	0.0068487	0.395043
1569	-4.65166	-4.98957	-5.96451	0.6306	0.352483	0.0169163	0.479542
1570	-12.527	-13.2152	-15.1613	0.71381	0.281083	0.00510782	0.373427
1571	-24.4056	-20.3278	-19.0365	0.0145665	0.673671	0.311763	1.81826
1572	-4.36901	-4.93683	-6.53842	0.687026	0.305148	0.00782574	0.404695
1573	-4.88786	-5.39493	-6.84652	0.672929	0.317608	0.00946344	0.421706
1574	-10.3878	-8.70863	-9.0908	0.179662	0.754808	0.0655298	1.0136
1575	-9.57116	-7.75339	-7.76477	0.155448	0.750189	0.0943633	1.11221
1576	-11.2126	-9.53385	-9.87355	0.179213	0.752613	0.0681743	1.02106
1577	-22.8215	-16.641	-14.5448	0.00129596	0.490769	0.507935	2.35326
1578	-18.039	-13.8454	-12.4223	0.0124456	0.646307	0.341247	1.89878
1579	-15.3145	-13.6661	-13.9496	0.183008	0.74555	0.0714419	1.02637
1580	-13.0124	-10.5883	-9.87143	0.0822724	0.728024	0.189704	1.43206
1581	-4.27254	-4.85398	-6.52505	0.690306	0.302458	0.00723608	0.400181
1582	-19.7379	-17.9854	-18.1674	0.166646	0.753443	0.0799105	1.06362
1583	-10.3056	-10.9012	-12.5915	0.693426	0.299545	0.00702981	0.396833
1584	-4.69719	-5.17856	-6.55115	0.666722	0.322867	0.010411	0.4298
1585	-12.7369	-11.0779	-11.5086	0.183217	0.754389	0.0623933	1.00205
1586	-4.4353	-4.93277	-6.34531	0.670561	0.319539	0.00990026	0.424994
1587	-17.2734	-13.2772	-12.2527	0.0170274	0.725754	0.257219	1.67061
1588	-13.7567	-12.0352	-12.2879	0.171924	0.753612	0.0744641	1.04437
1589	-3.78763	-4.40407	-6.14484	0.69807	0.29534	0.0065901	0.391496
1590	-12.8241	-11.121	-11.4262	0.175248	0.75405	0.0707018	1.03135
1591	-6.85062	-7.49638	-9.29075	0.704452	0.289427	0.00612115	0.384521
1592	-15.0424	-11.1307	-10.3318	0.0195117	0.764325	0.216164	1.55891
1593	-20.3483	-16.3119	-15.1565	0.0157973	0.701009	0.283193	1.74097
1594	-22.7023	-18.7012	-17.6154	0.0166726	0.714209	0.269119	1.70266
1595	-7.62683	-8.03372	-9.18193	0.648189	0.338164	0.0136473	0.455051
1596	-25.1527	-20.4844	-18.2293	0.00538332	0.449384	0.545233	2.44905
1597	-19.9907	-20.4885	-21.9019	0.670635	0.319475	0.00988957	0.424899
1598	-4.6513	-5.24712	-6.93951	0.693478	0.299508	0.00701444	0.396746
1599	-13.7539	-12.1314	-12.6679	0.189914	0.753987	0.0560982	0.979259
1600	-48.3347	-37.6177	-32.9251	1.90018e-06	0.0671831	0.932815	3.48737
1601	-9.66755	-10.2077	-11.7471	0.680701	0.310816	0.00848257	0.41212
1602	-14.5623	-14.9287	-15.9863	0.638062	0.346623	0.0153147	0.468579
1603	-23.2386	-19.3062	-18.4353	0.0188155	0.752471	0.228714	1.593
1604	-4.70214	-5.17663	-6.53452	0.665086	0.324302	0.0106121	0.431803
1605	-4.69719	-5.17856	-6.55115	0.666722	0.322867	0.010411	0.4298
1606	-13.8709	-12.1733	-12.4543	0.175728	0.752037	0.0722358	1.03501
1607	-4.00795	-4.54047	-6.03182	0.678752	0.312305	0.00894274	0.415095
1608	-4.76853	-5.26352	-6.68014	0.670038	0.320085	0.00987674	0.425401
1609	-4.48877	-4.99599	-6.4411	0.672922	0.317555	0.00952348	0.421872
1610	-3.99003	-4.73334	-6.84672	0.725481	0.270363	0.00415619	0.360422
1611	-10.2351	-8.58078	-9.03356	0.184171	0.754769	0.0610595	0.997639
1612	-4.36901	-4.93683	-6.53842	0.687026	0.305148	0.00782574	0.404695
1613	-9.43414	-7.85272	-8.51845	0.197658	0.753103	0.0492391	0.954024
1614	-8.763	-9.36259	-11.0521	0.694263	0.298721	0.0070158	0.396045
1615	-8.75403	-7.08755	-7.50945	0.181999	0.755007	0.062994	1.00475
1616	-4.47387	-4.96366	-6.36703	0.6688	0.321157	0.0100421	0.426951
1617	-4.29269	-4.7707	-6.13826	0.665939	0.323574	0.0104864	0.430702
1618	-4.08128	-4.55913	-5.92161	0.665866	0.323594	0.0105404	0.430912
1619	-9.39347	-7.61683	-7.74567	0.162614	0.753149	0.0842373	1.07878
1620	-4.83016	-5.31053	-6.68428	0.666505	0.323089	0.0104061	0.429981
1621	-7.40683	-7.94212	-9.452	0.679465	0.311771	0.00876355	0.413977
1622	-7.01045	-7.68117	-9.5225	0.709818	0.284443	0.00573976	0.378692
1623	-9.49106	-7.87556	-8.44739	0.191374	0.754443	0.0541825	0.972841
1624	-15.9904	-14.3244	-14.7347	0.181939	0.754381	0.0636798	1.00663
1625	-4.36901	-4.93683	-6.53842	0.687026	0.305148	0.00782574	0.404695
1626	-7.58049	-8.08358	-9.51317	0.671912	0.31839	0.00969785	0.423242
1627	-4.27254	-4.85398	-6.52505	0.690306	0.302458	0.00723608	0.400181
1628	-20.2031	-20.6806	-22.049	0.665846	0.323673	0.0104812	0.430772
1629	-14.0363	-14.443	-15.5904	0.648135	0.338205	0.01366	0.455133
1630	-14.6923	-12.8657	-12.8331	0.153635	0.748038	0.0983269	1.1244
1633	-3.96545	-4.49719	-6.00992	0.678712	0.312528	0.00875993	0.414643
1634	-24.2456	-20.0401	-18.4103	0.0114067	0.599432	0.389162	2.02748
1635	-44.2171	-37.6919	-34.5508	0.000474232	0.253509	0.746017	2.98885
