Sites	Ll_YN98.omega=0.0687551	Ll_YN98.omega=1	Pr_YN98.omega=0.0687551	Pr_YN98.omega=1	mean
472	-3.95105	-4.58541	0.670774	0.329226	0.375345
473	-15.0167	-12.8117	0.106437	0.893563	0.900881
474	-4.61851	-5.10986	0.63846	0.36154	0.405437
475	-39.1678	-28.8456	3.55366e-05	0.999964	0.999967
476	-4.59951	-4.95778	0.60721	0.39279	0.434539
477	-32.1459	-26.5129	0.00385068	0.996149	0.996414
478	-21.5931	-16.6385	0.00756036	0.99244	0.992959
479	-22.5687	-20.2026	0.0920581	0.907942	0.914271
480	-5.10116	-5.51559	0.620522	0.379478	0.422142
481	-51.7107	-41.5032	3.98568e-05	0.99996	0.999963
482	-12.4895	-10.1555	0.0947742	0.905226	0.911742
483	-10.0105	-7.64399	0.092027	0.907973	0.9143
484	-4.17778	-4.57417	0.616264	0.383736	0.426107
485	-5.08693	-5.52238	0.625458	0.374542	0.417546
486	-36.1464	-28.518	0.000525267	0.999475	0.999511
487	-11.0773	-8.80068	0.0998134	0.900187	0.907049
488	-16.6579	-14.3927	0.100844	0.899156	0.90609
489	-29.2728	-21.6551	0.000530898	0.999469	0.999506
490	-14.4724	-12.2181	0.101839	0.898161	0.905163
491	-21.2158	-15.5509	0.00373032	0.99627	0.996526
492	-25.9601	-20.9223	0.00696063	0.993039	0.993518
493	-32.0661	-27.144	0.00780783	0.992192	0.992729
494	-20.5649	-15.1208	0.00464759	0.995352	0.995672
495	-3.88307	-4.38951	0.641933	0.358067	0.402203
496	-7.20639	-7.49806	0.591218	0.408782	0.449432
497	-4.55043	-4.83919	0.590515	0.409485	0.450086
498	-9.21434	-9.61045	0.616198	0.383802	0.426169
499	-8.41067	-8.81692	0.618594	0.381406	0.423938
500	-4.75666	-5.16095	0.618132	0.381868	0.424368
501	-4.73174	-5.26073	0.647101	0.352899	0.397391
502	-4.62344	-5.06269	0.626347	0.373653	0.416717
503	-3.88307	-4.38951	0.641933	0.358067	0.402203
504	-22.9381	-20.6578	0.0994885	0.900512	0.907352
505	-4.48564	-5.06531	0.658586	0.341414	0.386695
506	-17.6375	-15.3407	0.0980229	0.901977	0.908717
507	-7.28982	-7.57955	0.590747	0.409253	0.44987
508	-4.55043	-4.83919	0.590515	0.409485	0.450086
509	-10.1786	-10.4675	0.590528	0.409472	0.450074
510	-17.5895	-15.1604	0.0869217	0.913078	0.919055
511	-10.184	-7.91584	0.100578	0.899422	0.906338
512	-9.45992	-7.34626	0.115441	0.884559	0.892496
513	-20.8106	-15.9282	0.00812232	0.991878	0.992436
514	-45.3416	-37.6669	0.000501548	0.999498	0.999533
515	-4.35525	-4.75603	0.6173	0.3827	0.425143
516	-18.855	-13.9529	0.00796423	0.992036	0.992583
517	-11.3983	-9.03803	0.0925487	0.907451	0.913815
518	-5.02077	-5.51826	0.639875	0.360125	0.404119
519	-4.33224	-4.74941	0.621166	0.378834	0.421542
520	-12.8167	-10.6617	0.111281	0.888719	0.89637
521	-10.2488	-10.8234	0.657445	0.342555	0.387758
522	-4.73174	-5.26073	0.647101	0.352899	0.397391
523	-18.7245	-16.4798	0.102716	0.897284	0.904346
524	-11.3524	-11.7786	0.623306	0.376694	0.419549
525	-4.17778	-4.57417	0.616264	0.383736	0.426107
526	-4.55043	-4.83919	0.590515	0.409485	0.450086
527	-4.81263	-5.23847	0.623203	0.376797	0.419645
528	-8.89032	-9.32011	0.624132	0.375868	0.418781
529	-12.5649	-10.3677	0.107184	0.892816	0.900186
530	-34.9102	-26.661	0.000282387	0.999718	0.999737
531	-26.2335	-21.2772	0.00754724	0.992453	0.992972
532	-33.4201	-28.4678	0.00757786	0.992422	0.992943
533	-19.7139	-14.7582	0.0075526	0.992447	0.992967
534	-13.254	-11.0066	0.102469	0.897531	0.904577
535	-12.583	-10.4078	0.109305	0.890695	0.89821
536	-30.8814	-24.4679	0.00176783	0.998232	0.998354
537	-7.43013	-7.85787	0.623651	0.376349	0.419228
652	-10.4459	-8.21331	0.103843	0.896157	0.903297
653	-4.67778	-5.1139	0.625616	0.374384	0.417398
654	-20.1822	-15.1731	0.00716205	0.992838	0.99333
655	-10.3092	-8.02263	0.0989205	0.901079	0.907881
656	-4.40317	-4.82023	0.621141	0.378859	0.421566
657	-9.86126	-10.1802	0.597789	0.402211	0.443312
658	-21.1432	-14.7507	0.00180535	0.998195	0.998319
659	-12.2724	-12.6932	0.622021	0.377979	0.420746
660	-4.41159	-4.70691	0.592098	0.407902	0.448611
661	-47.4686	-34.538	2.61739e-06	0.999997	0.999998
662	-12.8524	-10.5866	0.100789	0.899211	0.90614
663	-11.5497	-9.4301	0.114832	0.885168	0.893064
664	-15.5915	-13.3381	0.10192	0.89808	0.905088
665	-9.63552	-10.0418	0.618592	0.381408	0.423939
666	-4.73353	-5.26759	0.648258	0.351742	0.396313
667	-7.57744	-8.07669	0.640281	0.359719	0.403742
668	-9.51431	-9.95717	0.627191	0.372809	0.415931
669	-3.88474	-4.41057	0.646379	0.353621	0.398063
670	-3.88503	-4.39632	0.643048	0.356952	0.401165
671	-10.5317	-11.1167	0.659784	0.340216	0.385579
672	-5.10354	-5.52194	0.621455	0.378545	0.421273
673	-4.55387	-4.84539	0.591181	0.408819	0.449466
674	-4.35011	-4.7613	0.619758	0.380242	0.422853
675	-8.14726	-8.55287	0.618443	0.381557	0.424078
676	-10.0715	-10.5735	0.640918	0.359082	0.403149
677	-4.48761	-5.07283	0.659834	0.340166	0.385533
678	-3.71163	-4.25536	0.65046	0.34954	0.394262
679	-4.33444	-4.75561	0.622107	0.377893	0.420666
680	-7.08398	-7.58124	0.639822	0.360178	0.404169
681	-4.35739	-4.76199	0.618203	0.381797	0.424301
682	-7.3321	-7.82213	0.638154	0.361846	0.405722
683	-4.40317	-4.82023	0.621141	0.378859	0.421566
684	-4.59976	-4.96145	0.608026	0.391974	0.433779
685	-4.33444	-4.75561	0.622107	0.377893	0.420666
686	-9.73278	-7.46086	0.100237	0.899763	0.906655
687	-7.27105	-7.70314	0.624673	0.375327	0.418277
688	-4.69479	-5.11641	0.622212	0.377788	0.420568
689	-17.8566	-18.3812	0.646109	0.353891	0.398314
690	-4.62579	-5.06924	0.62733	0.37267	0.415802
691	-4.17981	-4.57999	0.61716	0.38284	0.425273
692	-4.55387	-4.84539	0.591181	0.408819	0.449466
693	-13.2812	-13.7183	0.625864	0.374136	0.417168
694	-11.5923	-9.3743	0.105202	0.894798	0.902031
695	-4.33444	-4.75561	0.622107	0.377893	0.420666
696	-8.60052	-9.1246	0.645977	0.354023	0.398437
697	-32.1316	-24.5793	0.0005668	0.999433	0.999472
698	-10.3563	-8.17524	0.108736	0.891264	0.89874
699	-3.71236	-4.23739	0.646195	0.353805	0.398234
700	-22.7095	-20.5491	0.110753	0.889247	0.896862
701	-22.8825	-17.9421	0.00766759	0.992332	0.99286
702	-12.859	-10.6489	0.105954	0.894046	0.901331
703	-9.63192	-7.41305	0.105124	0.894876	0.902103
704	-7.40066	-7.80955	0.619216	0.380784	0.423359
705	-17.9619	-13.0463	0.00785815	0.992142	0.992682
706	-3.71231	-4.25759	0.650811	0.349189	0.393935
707	-3.8773	-4.43855	0.654432	0.345568	0.390563
708	-19.7616	-20.1891	0.62358	0.37642	0.419294
709	-11.8394	-9.5851	0.101839	0.898161	0.905163
710	-4.5549	-4.84724	0.591379	0.408621	0.449281
711	-21.0817	-16.2432	0.00848343	0.991517	0.9921
712	-13.3588	-11.1163	0.102925	0.897075	0.904152
713	-3.8773	-4.43855	0.654432	0.345568	0.390563
714	-3.71231	-4.25759	0.650811	0.349189	0.393935
715	-3.8773	-4.43855	0.654432	0.345568	0.390563
716	-3.8773	-4.43855	0.654432	0.345568	0.390563
717	-4.01083	-4.42697	0.620923	0.379077	0.421768
718	-3.94924	-4.358	0.619184	0.380816	0.423388
719	-5.10425	-5.52383	0.621733	0.378267	0.421014
720	-4.58439	-5.09177	0.642151	0.357849	0.402
721	-4.3351	-4.75746	0.622388	0.377612	0.420404
722	-9.19362	-9.77993	0.660077	0.339923	0.385306
723	-21.2884	-16.3816	0.00792751	0.992072	0.992618
724	-4.4882	-5.07508	0.660206	0.339794	0.385187
725	-5.10425	-5.52383	0.621733	0.378267	0.421014
726	-4.5549	-4.84724	0.591379	0.408621	0.449281
727	-4.40383	-4.82207	0.621418	0.378582	0.421308
728	-4.15928	-4.44943	0.59085	0.40915	0.449774
729	-4.58248	-4.92015	0.602287	0.397713	0.439123
730	-3.71231	-4.25759	0.650811	0.349189	0.393935
731	-3.80813	-4.36783	0.65408	0.34592	0.390891
732	-4.73406	-5.26963	0.648602	0.351398	0.395993
733	-4.01083	-4.42697	0.620923	0.379077	0.421769
734	-4.15831	-4.56558	0.618835	0.381165	0.423713
735	-4.21165	-4.71237	0.640619	0.359381	0.403427
736	-4.58248	-4.92015	0.602287	0.397713	0.439124
737	-4.59984	-4.96255	0.608269	0.391731	0.433553
738	-4.3351	-4.75746	0.622388	0.377612	0.420405
739	-6.16754	-6.69191	0.646046	0.353954	0.398373
740	-4.21477	-4.79675	0.659106	0.340894	0.386211
741	-4.73406	-5.26963	0.648602	0.351398	0.395993
742	-18.8775	-19.4648	0.660285	0.339715	0.385113
743	-4.62649	-5.07119	0.627623	0.372377	0.415529
744	-4.18041	-4.58172	0.617426	0.382574	0.425025
745	-18.5805	-18.876	0.592157	0.407843	0.448557
746	-7.49472	-7.92635	0.624563	0.375437	0.418379
747	-31.7224	-32.0213	0.592967	0.407033	0.447802
748	-11.0113	-11.4559	0.627592	0.372408	0.415558
749	-11.39	-9.23287	0.111077	0.888923	0.89656
750	-9.45985	-7.27636	0.1085	0.8915	0.89896
751	-37.9309	-27.6749	3.7972e-05	0.999962	0.999965
752	-22.2607	-17.2884	0.00742882	0.992571	0.993082
753	-12.0426	-12.4622	0.621746	0.378254	0.421002
754	-4.01083	-4.42697	0.620923	0.379077	0.421769
755	-16.1697	-13.8952	0.100006	0.899994	0.90687
756	-21.3327	-16.4053	0.00776733	0.992233	0.992767
757	-13.3715	-13.793	0.622192	0.377808	0.420587
758	-4.18041	-4.58172	0.617426	0.382574	0.425025
759	-16.5327	-17.0427	0.642759	0.357241	0.401434
760	-4.15831	-4.56558	0.618835	0.381165	0.423713
761	-4.59084	-5.10439	0.643568	0.356432	0.400681
762	-5.10425	-5.52383	0.621733	0.378267	0.421014
763	-4.5549	-4.84724	0.591379	0.408621	0.449281
764	-14.0213	-11.857	0.110368	0.889632	0.89722
765	-4.62649	-5.07119	0.627623	0.372377	0.415529
766	-4.32231	-4.78234	0.631198	0.368802	0.4122
767	-27.9757	-28.407	0.624495	0.375505	0.418443
768	-13.8782	-11.493	0.0904685	0.909532	0.915752
769	-4.35077	-4.76312	0.620032	0.379968	0.422598
770	-10.3969	-10.7982	0.617406	0.382594	0.425044
771	-12.1594	-12.5667	0.618837	0.381163	0.423711
772	-4.35077	-4.76312	0.620032	0.379968	0.422598
773	-14.9246	-15.3361	0.619837	0.380163	0.42278
774	-4.3351	-4.75746	0.622388	0.377612	0.420405
775	-4.62649	-5.07119	0.627623	0.372377	0.415529
776	-13.003	-10.7356	0.100646	0.899354	0.906274
777	-4.4882	-5.07508	0.660206	0.339794	0.385187
778	-4.73406	-5.26963	0.648602	0.351398	0.395993
779	-7.10948	-7.60268	0.638886	0.361114	0.40504
780	-4.75955	-5.16886	0.619316	0.380684	0.423265
781	-9.36417	-9.65663	0.591408	0.408592	0.449254
782	-8.41574	-8.81856	0.617785	0.382215	0.424691
783	-4.63052	-5.03583	0.618372	0.381628	0.424144
784	-4.58439	-5.09177	0.642151	0.357849	0.402
785	-4.62649	-5.07119	0.627623	0.372377	0.415529
786	-4.35698	-4.78107	0.622794	0.377206	0.420026
787	-31.5193	-31.8898	0.610127	0.389873	0.431822
788	-4.21165	-4.71237	0.640619	0.359381	0.403427
789	-4.81557	-5.2467	0.624444	0.375556	0.418489
790	-4.59984	-4.96255	0.608269	0.391731	0.433553
791	-7.18359	-7.61088	0.623543	0.376457	0.419329
792	-12.0566	-12.5868	0.647374	0.352626	0.397136
793	-9.51118	-10.0927	0.658998	0.341002	0.386312
794	-4.32528	-4.86426	0.64938	0.35062	0.395268
795	-38.5702	-33.6179	0.00757695	0.992423	0.992944
796	-4.62649	-5.07119	0.627623	0.372377	0.415529
797	-4.18041	-4.58172	0.617426	0.382574	0.425025
798	-4.5549	-4.84724	0.591379	0.408621	0.449281
799	-4.75955	-5.16886	0.619316	0.380684	0.423265
800	-9.40679	-9.8122	0.618394	0.381606	0.424123
801	-15.3911	-13.2424	0.111912	0.888088	0.895783
802	-9.98122	-7.76179	0.105072	0.894928	0.902152
803	-35.191	-25.4512	6.36283e-05	0.999936	0.999941
804	-14.1179	-12.0142	0.116462	0.883538	0.891545
805	-11.0936	-8.76783	0.0954866	0.904513	0.911079
806	-13.1868	-10.9186	0.10057	0.89943	0.906345
823	-22.4247	-17.4693	0.00755381	0.992446	0.992966
824	-16.0154	-11.0996	0.007857	0.992143	0.992683
825	-4.73353	-5.26759	0.648258	0.351742	0.396313
826	-9.58873	-7.47704	0.115643	0.884357	0.892308
827	-14.2882	-14.8137	0.646306	0.353694	0.398131
828	-4.62318	-5.03264	0.61935	0.38065	0.423233
829	-12.7764	-10.5184	0.101494	0.898506	0.905485
830	-4.58179	-4.9185	0.602057	0.397943	0.439337
831	-26.4869	-21.5888	0.00799587	0.992004	0.992554
832	-4.40614	-4.83927	0.624915	0.375085	0.418051
833	-4.40317	-4.82023	0.621141	0.378859	0.421566
834	-4.55387	-4.84539	0.591181	0.408819	0.449466
835	-3.88474	-4.41057	0.646379	0.353621	0.398063
836	-10.3466	-8.15257	0.107486	0.892514	0.899904
837	-10.7047	-11	0.592092	0.407908	0.448617
838	-9.57882	-7.36157	0.105277	0.894723	0.901961
839	-4.15767	-4.5638	0.618565	0.381435	0.423965
840	-13.1751	-10.9418	0.103779	0.896221	0.903356
841	-10.6157	-8.32613	0.0986567	0.901343	0.908126
842	-4.32169	-4.78042	0.630897	0.369103	0.41248
843	-4.73353	-5.26759	0.648258	0.351742	0.396313
844	-4.58388	-5.08983	0.641822	0.358178	0.402307
845	-4.40614	-4.83927	0.624915	0.375085	0.418051
846	-34.1298	-26.5595	0.000556637	0.999443	0.999482
847	-20.7239	-15.876	0.00840471	0.991595	0.992173
848	-4.48761	-5.07283	0.659834	0.340166	0.385533
849	-4.35621	-4.77911	0.622513	0.377487	0.420288
850	-25.5509	-25.9624	0.619836	0.380164	0.422781
851	-4.15767	-4.5638	0.618565	0.381435	0.423965
852	-4.22107	-4.62825	0.618812	0.381188	0.423735
853	-27.1593	-22.1719	0.00731785	0.992682	0.993185
854	-4.18041	-4.58172	0.617427	0.382573	0.425025
855	-15.7095	-16.2683	0.653889	0.346111	0.391069
856	-9.71961	-10.1638	0.62751	0.37249	0.415634
857	-12.4288	-10.2204	0.106119	0.893881	0.901178
858	-4.15831	-4.56558	0.618835	0.381165	0.423713
859	-4.62048	-5.11792	0.639863	0.360137	0.40413
860	-4.41021	-4.84367	0.624993	0.375007	0.417979
861	-4.21165	-4.71237	0.640619	0.359381	0.403427
862	-4.3351	-4.75746	0.622388	0.377612	0.420404
863	-4.21689	-4.773	0.653269	0.346731	0.391646
864	-3.80611	-4.39175	0.659928	0.340072	0.385445
865	-44.6774	-34.466	3.9704e-05	0.99996	0.999963
866	-10.0487	-7.80812	0.1031	0.8969	0.903988
867	-9.36486	-9.79206	0.623523	0.376477	0.419347
868	-10.1137	-10.5149	0.617399	0.382601	0.42505
869	-4.5549	-4.84724	0.591379	0.408621	0.449281
870	-4.3351	-4.75746	0.622388	0.377612	0.420404
871	-14.0127	-11.7854	0.104329	0.895671	0.902844
872	-12.4838	-10.3421	0.112607	0.887393	0.895136
873	-26.1071	-18.4143	0.000492533	0.999507	0.999541
874	-12.6813	-10.4247	0.101623	0.898377	0.905364
875	-13.9861	-11.659	0.0953705	0.904629	0.911187
876	-17.0869	-12.2257	0.0082942	0.991706	0.992276
877	-12.8706	-10.72	0.111724	0.888276	0.895958
878	-12.5761	-10.3793	0.107221	0.892779	0.900151
879	-4.40681	-4.84117	0.625202	0.374798	0.417784
880	-9.43511	-9.87189	0.625771	0.374229	0.417254
881	-4.01083	-4.42697	0.620923	0.379077	0.421768
882	-24.9478	-19.9417	0.00718351	0.992816	0.99331
883	-4.15831	-4.56558	0.618835	0.381165	0.423713
884	-3.71295	-4.23946	0.646535	0.353465	0.397917
885	-18.5801	-13.6886	0.00804909	0.991951	0.992504
886	-3.91354	-4.37672	0.631931	0.368069	0.411518
887	-12.2177	-10.0901	0.114021	0.885979	0.893819
888	-4.81557	-5.2467	0.624445	0.375555	0.418489
889	-13.7384	-11.3894	0.0935029	0.906497	0.912926
890	-3.94924	-4.358	0.619184	0.380816	0.423388
891	-29.2748	-29.6367	0.608071	0.391929	0.433737
892	-6.55765	-6.95566	0.616648	0.383352	0.425749
893	-15.6996	-13.5245	0.109311	0.890689	0.898205
894	-3.80813	-4.36783	0.65408	0.34592	0.390891
895	-24.5592	-25.0661	0.642037	0.357963	0.402106
896	-8.32215	-8.74643	0.622837	0.377163	0.419986
897	-18.3606	-13.4698	0.00805442	0.991946	0.992499
898	-15.06	-12.8155	0.102738	0.897262	0.904326
899	-9.39034	-9.9607	0.656491	0.343509	0.388646
900	-4.75836	-5.16797	0.619387	0.380613	0.423199
901	-20.5075	-15.5385	0.00745266	0.992547	0.99306
902	-7.22863	-7.63383	0.618345	0.381655	0.42417
903	-10.8915	-11.3324	0.626748	0.373252	0.416344
904	-4.15227	-4.5486	0.616251	0.383749	0.426119
905	-4.48258	-5.05363	0.656647	0.343353	0.388501
906	-4.75836	-5.16797	0.619387	0.380613	0.423199
907	-7.04343	-7.45557	0.619982	0.380018	0.422645
908	-11.0302	-8.71577	0.0964645	0.903536	0.910168
909	-11.848	-12.2388	0.61495	0.38505	0.427331
910	-4.15227	-4.5486	0.616251	0.383749	0.426119
911	-23.0719	-18.0621	0.00715731	0.992843	0.993335
912	-7.53326	-7.94381	0.619606	0.380394	0.422995
913	-4.20735	-4.69463	0.637518	0.362482	0.406314
914	-4.40038	-4.82304	0.622457	0.377543	0.42034
915	-22.2319	-14.7261	0.000593716	0.999406	0.999447
916	-7.17732	-7.5932	0.620864	0.379136	0.421824
917	-8.48589	-8.90501	0.621625	0.378375	0.421115
918	-4.32022	-4.84468	0.646065	0.353935	0.398356
919	-18.5823	-13.726	0.00833503	0.991665	0.992238
920	-14.5102	-12.2528	0.101554	0.898446	0.905428
921	-12.586	-10.4268	0.11087	0.88913	0.896753
922	-10.1264	-7.97596	0.111741	0.888259	0.895942
923	-4.67169	-5.09726	0.623141	0.376859	0.419703
924	-9.76378	-7.49243	0.100289	0.899711	0.906606
925	-10.6974	-8.49467	0.106657	0.893343	0.900676
926	-21.2301	-16.2534	0.00739653	0.992603	0.993112
927	-3.88003	-4.37894	0.640201	0.359799	0.403816
928	-10.0892	-7.80867	0.0994656	0.900534	0.907373
929	-13.355	-10.9357	0.0877123	0.912288	0.918318
930	-21.1198	-15.5108	0.00394346	0.996057	0.996328
931	-13.5433	-11.3636	0.108865	0.891135	0.89862
932	-4.20877	-4.77505	0.65557	0.34443	0.389504
933	-9.75311	-7.53955	0.105625	0.894375	0.901638
934	-8.84232	-9.38255	0.649665	0.350335	0.395003
935	-3.90761	-4.35833	0.629027	0.370973	0.414222
936	-29.185	-21.9557	0.000782697	0.999217	0.999271
937	-5.01812	-5.50821	0.638169	0.361831	0.405708
938	-9.48209	-9.7721	0.590817	0.409183	0.449805
939	-3.90761	-4.35833	0.629027	0.370973	0.414222
940	-4.68874	-5.10016	0.619813	0.380187	0.422802
941	-4.34444	-4.74569	0.617413	0.382587	0.425037
942	-12.8563	-10.6796	0.109152	0.890848	0.898352
952	-4.21689	-4.773	0.653269	0.346731	0.391646
953	-16.2946	-16.6999	0.618388	0.381612	0.424129
954	-22.39	-14.7839	0.000537137	0.999463	0.9995
955	-19.0751	-14.2464	0.00856622	0.991434	0.992023
956	-9.48498	-7.21228	0.100167	0.899833	0.90672
957	-13.5401	-11.2812	0.101411	0.898589	0.905562
958	-7.07266	-7.47901	0.618617	0.381383	0.423916
959	-3.71231	-4.25759	0.650811	0.349189	0.393935
960	-11.26	-11.8468	0.660182	0.339818	0.385209
961	-3.91354	-4.37672	0.631931	0.368069	0.411518
962	-4.21165	-4.71237	0.640619	0.359381	0.403427
963	-4.35077	-4.76312	0.620032	0.379968	0.422598
964	-4.3351	-4.75746	0.622388	0.377612	0.420404
965	-12.8254	-10.5804	0.102698	0.897302	0.904363
966	-14.9985	-12.7727	0.104482	0.895518	0.902702
967	-4.75955	-5.16887	0.619316	0.380684	0.423265
968	-4.21477	-4.79676	0.659106	0.340894	0.386211
969	-4.21165	-4.71237	0.640619	0.359381	0.403427
970	-4.15831	-4.56558	0.618835	0.381165	0.423713
971	-4.41021	-4.84367	0.624993	0.375007	0.417979
972	-4.35698	-4.78107	0.622794	0.377206	0.420026
973	-4.0795	-4.67026	0.661075	0.338925	0.384377
974	-10.4406	-8.14931	0.0984997	0.9015	0.908273
975	-3.80813	-4.36783	0.65408	0.34592	0.390891
976	-4.35698	-4.78107	0.622794	0.377206	0.420026
977	-10.7201	-8.4926	0.104318	0.895682	0.902854
978	-13.0181	-13.4377	0.621734	0.378266	0.421013
979	-7.08138	-7.51291	0.624539	0.375461	0.418401
980	-31.7083	-24.1924	0.000587765	0.999412	0.999453
981	-4.35077	-4.76312	0.620032	0.379968	0.422598
982	-17.8063	-15.5343	0.100226	0.899774	0.906665
983	-20.9397	-15.9754	0.00748832	0.992512	0.993027
984	-9.3921	-9.93694	0.650711	0.349289	0.394029
985	-4.76569	-5.18667	0.622062	0.377938	0.420708
986	-4.5549	-4.84724	0.591379	0.408621	0.449281
987	-4.67849	-5.11585	0.625905	0.374095	0.417129
988	-3.71295	-4.23946	0.646535	0.353465	0.397918
989	-3.8773	-4.43855	0.654432	0.345568	0.390563
990	-4.73406	-5.26963	0.648602	0.351398	0.395993
991	-4.6744	-4.9604	0.589848	0.410152	0.450707
992	-3.91354	-4.37672	0.63193	0.36807	0.411518
993	-19.863	-14.9972	0.00825641	0.991744	0.992311
994	-4.18041	-4.58172	0.617426	0.382574	0.425025
995	-17.2527	-14.9354	0.0962149	0.903785	0.9104
996	-32.3945	-24.4615	0.000387375	0.999613	0.999639
997	-19.9504	-15.0981	0.00836762	0.991632	0.992208
998	-10.4364	-8.49799	0.134574	0.865426	0.874679
999	-14.6417	-12.7303	0.137748	0.862252	0.871723
1000	-4.61074	-5.11991	0.642563	0.357437	0.401616
1001	-17.6673	-13.1056	0.0111572	0.988843	0.98961
1002	-8.57741	-9.16268	0.659845	0.340155	0.385523
1003	-4.24914	-4.82016	0.656639	0.343361	0.388509
1004	-3.80905	-4.57395	0.698935	0.301065	0.349121
1005	-13.0571	-10.8249	0.103876	0.896124	0.903266
1006	-9.94231	-7.91395	0.124441	0.875559	0.884115
1007	-4.40067	-5.15783	0.697303	0.302697	0.35064
1008	-27.7814	-19.5112	0.000276546	0.999723	0.999742
1009	-29.0354	-20.3725	0.000186746	0.999813	0.999826
1010	-27.3989	-20.1087	0.00073651	0.999263	0.999314
1011	-26.0052	-18.6966	0.000723063	0.999277	0.999327
1012	-28.248	-20.5893	0.000509624	0.99949	0.999525
1013	-9.99238	-7.88101	0.115675	0.884325	0.892279
1014	-11.0149	-9.10139	0.137507	0.862493	0.871947
1015	-4.40067	-5.15783	0.697303	0.302697	0.35064
1016	-3.79622	-4.53437	0.693274	0.306726	0.354392
1017	-11.7517	-9.69977	0.121892	0.878108	0.886489
1018	-15.224	-10.5054	0.00955271	0.990447	0.991104
1019	-12.9648	-10.4902	0.0833773	0.916623	0.922355
1020	-9.7275	-7.79548	0.135323	0.864677	0.873981
1021	-4.2778	-4.98587	0.686842	0.313158	0.360382
1022	-4.68393	-5.16272	0.635555	0.364445	0.408143
1023	-15.7462	-16.343	0.662436	0.337564	0.38311
1024	-4.72798	-5.30961	0.659026	0.340974	0.386285
1025	-4.44831	-5.03204	0.6595	0.3405	0.385844
1026	-4.65874	-5.3775	0.689138	0.310862	0.358244
1027	-4.70618	-5.11942	0.620241	0.379759	0.422404
1028	-22.8661	-23.4673	0.6634	0.3366	0.382212
1029	-17.7598	-18.3438	0.659547	0.340453	0.3858
1030	-4.40283	-5.16621	0.698614	0.301386	0.349419
1031	-4.2778	-4.98587	0.686842	0.313158	0.360382
1032	-14.2273	-11.9615	0.100795	0.899205	0.906135
1033	-10.9127	-11.6597	0.695151	0.304849	0.352644
1034	-3.81184	-4.58306	0.700263	0.299737	0.347884
1035	-11.0651	-9.07708	0.128899	0.871101	0.879963
1036	-32.7019	-22.5861	4.36855e-05	0.999956	0.999959
1037	-18.6699	-13.8603	0.00872974	0.99127	0.99187
1038	-4.43186	-5.02991	0.662707	0.337293	0.382858
1039	-3.79862	-4.54284	0.694566	0.305434	0.353189
1040	-34.1487	-29.2908	0.00832212	0.991678	0.99225
1041	-34.3772	-26.633	0.000467896	0.999532	0.999564
1042	-13.9154	-11.8265	0.117988	0.882012	0.890124
1043	-11.8881	-9.86385	0.12489	0.87511	0.883697
1044	-9.85359	-10.6445	0.70439	0.29561	0.344041
1045	-16.1274	-14.0247	0.116562	0.883438	0.891452
1046	-9.59834	-7.69571	0.138799	0.861201	0.870744
1047	-9.87331	-10.2834	0.619507	0.380493	0.423087
1048	-15.8176	-13.6658	0.11161	0.88839	0.896063
1049	-14.4978	-12.7158	0.153858	0.846142	0.856721
1050	-4.50186	-5.09453	0.661502	0.338498	0.383979
1051	-9.63293	-7.62313	0.126478	0.873522	0.882218
1052	-21.8746	-17.224	0.0102188	0.989781	0.990484
1053	-4.87961	-5.4767	0.662493	0.337507	0.383057
1054	-10.3578	-11.0617	0.685954	0.314046	0.361209
1055	-9.40715	-7.44778	0.132154	0.867846	0.876932
1056	-3.98587	-4.73261	0.6951	0.3049	0.352692
1057	-4.27651	-4.68698	0.619589	0.380411	0.423011
1058	-4.52324	-5.13796	0.666424	0.333576	0.379396
1059	-21.6104	-16.9965	0.0105972	0.989403	0.990131
1060	-26.6711	-19.5559	0.000877265	0.999123	0.999183
1061	-3.79893	-4.54396	0.694736	0.305264	0.353031
1062	-16.3639	-11.4959	0.00823905	0.991761	0.992327
1063	-4.00492	-4.66055	0.675455	0.324545	0.370986
1064	-13.4054	-11.3145	0.117784	0.882216	0.890314
1065	-5.20972	-5.80456	0.66199	0.33801	0.383526
1066	-20.3113	-15.799	0.0117161	0.988284	0.989089
1067	-9.65246	-7.72141	0.135437	0.864563	0.873875
1068	-4.46974	-5.07125	0.663482	0.336518	0.382136
1069	-31.4557	-26.4722	0.00734617	0.992654	0.993159
1070	-13.9987	-12.0378	0.131982	0.868018	0.877092
1071	-4.7317	-5.30542	0.657247	0.342753	0.387942
1072	-25.2199	-17.8585	0.000685872	0.999314	0.999361
1073	-16.4308	-14.531	0.139143	0.860857	0.870424
1074	-41.014	-27.676	1.74172e-06	0.999998	0.999998
1075	-4.70674	-5.12042	0.620345	0.379655	0.422307
1076	-9.65672	-10.2305	0.657265	0.342735	0.387925
1077	-7.20638	-7.89071	0.681715	0.318285	0.365157
1078	-25.4665	-17.9554	0.00059061	0.999409	0.99945
1079	-4.322	-4.89998	0.658206	0.341794	0.387049
1080	-14.4404	-15.0572	0.666886	0.333114	0.378966
1081	-5.09868	-5.81297	0.688179	0.311821	0.359137
1082	-21.4837	-16.7634	0.00953716	0.990463	0.991119
1083	-9.60494	-10.2043	0.662995	0.337005	0.38259
1084	-10.691	-11.3101	0.667396	0.332604	0.378491
1085	-4.57541	-5.40642	0.71266	0.28734	0.336339
1086	-9.58837	-7.45929	0.113875	0.886125	0.893954
1087	-6.46201	-7.19834	0.692889	0.307111	0.35475
1088	-9.61508	-10.1994	0.659625	0.340375	0.385727
1089	-11.474	-11.8946	0.62196	0.37804	0.420803
1090	-25.8018	-23.627	0.109338	0.890662	0.89818
1091	-16.9995	-12.2198	0.00899245	0.991008	0.991626
1092	-4.68764	-5.3919	0.686024	0.313976	0.361144
1093	-14.4229	-14.9738	0.652084	0.347916	0.39275
1094	-4.70674	-5.12042	0.620345	0.379655	0.422307
1095	-13.4362	-11.3278	0.115982	0.884018	0.891992
1096	-4.78376	-5.4038	0.667605	0.332395	0.378296
1097	-6.46201	-7.19834	0.692889	0.307111	0.35475
1098	-4.65901	-5.37854	0.689304	0.310696	0.35809
1099	-7.66906	-8.25079	0.65905	0.34095	0.386263
1100	-9.98057	-7.86809	0.115562	0.884438	0.892383
1101	-3.97081	-4.8698	0.726377	0.273623	0.323565
1102	-36.4474	-29.2062	0.000773451	0.999227	0.99928
1103	-34.7076	-27.3229	0.000670152	0.99933	0.999376
1104	-13.6766	-11.5866	0.117882	0.882118	0.890223
1105	-22.6035	-15.266	0.000702451	0.999298	0.999346
1106	-4.30776	-5.13197	0.711266	0.288734	0.337637
1107	-4.61109	-5.12498	0.643647	0.356353	0.400607
1108	-11.1901	-8.99978	0.107845	0.892155	0.899569
1109	-16.1435	-11.5729	0.0110604	0.98894	0.9897
1110	-4.70674	-5.12042	0.620345	0.379655	0.422307
1111	-9.28564	-9.86214	0.657873	0.342127	0.387359
1112	-16.9227	-12.1452	0.00901172	0.990988	0.991608
1113	-7.74083	-8.35736	0.666825	0.333175	0.379022
1114	-4.27804	-4.98687	0.687005	0.312995	0.36023
1115	-4.50186	-5.09453	0.661503	0.338497	0.383979
1116	-16.2809	-11.5833	0.00975385	0.990246	0.990917
1117	-4.44866	-5.03303	0.659641	0.340359	0.385713
1118	-9.52292	-10.1003	0.658072	0.341928	0.387174
1119	-4.65901	-5.37854	0.689304	0.310696	0.35809
1120	-8.97089	-7.02812	0.13407	0.86593	0.875148
1121	-3.97081	-4.8698	0.726377	0.273623	0.323565
1122	-4.40312	-5.16732	0.698787	0.301213	0.349258
1123	-18.7092	-14.127	0.0109351	0.989065	0.989817
1124	-20.448	-15.6341	0.00869278	0.991307	0.991905
1125	-4.80007	-5.39951	0.663018	0.336982	0.382567
1126	-39.3245	-31.4769	0.000421929	0.999578	0.999607
1127	-4.09937	-4.68838	0.660682	0.339318	0.384743
1128	-4.45278	-5.02691	0.657341	0.342659	0.387855
1129	-8.8092	-9.22545	0.620948	0.379052	0.421745
1130	-24.5847	-19.9496	0.0103769	0.989623	0.990337
1131	-3.98587	-4.73261	0.6951	0.3049	0.352691
1132	-12.5531	-13.2682	0.688349	0.311651	0.358978
1133	-4.61109	-5.12498	0.643647	0.356353	0.400607
1134	-4.50186	-5.09453	0.661503	0.338497	0.383979
1135	-11.7331	-9.45864	0.100007	0.899993	0.906869
1136	-4.58891	-5.04282	0.629773	0.370227	0.413528
1137	-10.6201	-8.50941	0.115749	0.884251	0.89221
1138	-3.79893	-4.54396	0.694736	0.305264	0.353031
1139	-4.80007	-5.39951	0.663018	0.336982	0.382567
1140	-4.80007	-5.39951	0.663018	0.336982	0.382567
1141	-4.70674	-5.12042	0.620345	0.379655	0.422307
1142	-39.6231	-29.6342	4.95933e-05	0.99995	0.999954
1143	-39.8552	-35.0052	0.00838682	0.991613	0.99219
1144	-4.70674	-5.12042	0.620345	0.379655	0.422307
1145	-15.4731	-13.3627	0.115775	0.884225	0.892185
1146	-4.26939	-4.8375	0.655982	0.344018	0.38912
1147	-3.97081	-4.8698	0.726377	0.273623	0.323565
1148	-4.322	-4.89998	0.658206	0.341794	0.387049
1149	-6.36794	-7.13054	0.69845	0.30155	0.349572
1150	-15.2768	-13.1306	0.112158	0.887842	0.895554
1151	-8.62765	-9.21001	0.659192	0.340808	0.386131
1152	-42.4843	-32.3682	4.36702e-05	0.999956	0.999959
1153	-14.9345	-12.8786	0.121475	0.878525	0.886877
1154	-4.80007	-5.39951	0.663018	0.336982	0.382567
1155	-11.4995	-12.0644	0.655255	0.344745	0.389797
1156	-13.336	-13.7505	0.620532	0.379468	0.422133
1157	-44.0793	-31.195	2.74176e-06	0.999997	0.999997
1158	-30.2562	-22.9577	0.000730386	0.99927	0.99932
1159	-23.4507	-18.6096	0.00846087	0.991539	0.992121
1160	-12.7941	-10.7149	0.119004	0.880996	0.889178
1161	-28.8038	-21.5121	0.000735387	0.999265	0.999315
1162	-40.3668	-32.7073	0.000509161	0.999491	0.999526
1163	-41.9831	-31.3157	2.51648e-05	0.999975	0.999977
1166	-22.4346	-17.5822	0.00836689	0.991633	0.992208
1167	-40.5426	-27.8375	3.27958e-06	0.999997	0.999997
1168	-13.9052	-11.9655	0.134432	0.865568	0.874811
1169	-23.1205	-15.6621	0.000622553	0.999377	0.99942
1170	-18.9186	-14.2777	0.0103176	0.989682	0.990392
1171	-15.0389	-12.9696	0.120042	0.879958	0.888212
1172	-3.81221	-4.58426	0.700438	0.299562	0.347721
1173	-8.62598	-9.21006	0.659578	0.340422	0.385771
1174	-4.322	-4.89998	0.658206	0.341794	0.387049
1175	-19.6314	-19.9801	0.604909	0.395091	0.436681
1176	-4.43222	-5.03091	0.66285	0.33715	0.382724
1177	-14.6238	-12.0452	0.0757629	0.924237	0.929446
1178	-20.2537	-18.4397	0.149737	0.850263	0.860558
1179	-3.81221	-4.58426	0.700438	0.299562	0.347721
1180	-10.8263	-8.89423	0.135319	0.864681	0.873985
1181	-24.4888	-18.9094	0.00406176	0.995938	0.996218
1182	-9.43469	-7.54624	0.140502	0.859498	0.869158
1183	-3.98587	-4.73261	0.6951	0.3049	0.352691
1184	-9.83032	-7.72717	0.116519	0.883481	0.891492
1185	-4.30776	-5.13197	0.711266	0.288734	0.337637
1186	-3.81221	-4.58426	0.700438	0.299562	0.347721
1187	-26.9573	-19.4092	0.000569152	0.999431	0.99947
1188	-11.4388	-12.2554	0.709704	0.290296	0.339092
1189	-4.65901	-5.37854	0.689304	0.310696	0.35809
1190	-4.795	-5.20088	0.618506	0.381494	0.424019
1191	-7.49688	-7.91519	0.621435	0.378565	0.421292
1192	-12.2264	-10.1654	0.120926	0.879074	0.887389
1193	-3.79893	-4.54396	0.694736	0.305264	0.353031
1194	-13.814	-11.9558	0.144193	0.855807	0.865721
1195	-4.46974	-5.07125	0.663482	0.336518	0.382136
1196	-4.68764	-5.3919	0.686024	0.313976	0.361144
1197	-11.0768	-9.14239	0.135039	0.864961	0.874246
1198	-3.93177	-4.72622	0.705115	0.294885	0.343365
1199	-3.89766	-4.72686	0.712291	0.287709	0.336683
1200	-3.79893	-4.54396	0.694736	0.305264	0.353031
1201	-7.69967	-8.27389	0.657361	0.342639	0.387836
1202	-17.5604	-18.1556	0.662054	0.337946	0.383466
1203	-20.3413	-15.8007	0.0113929	0.988607	0.98939
1204	-12.091	-11.8512	0.459484	0.540516	0.572108
1205	-8.52445	-8.95503	0.624316	0.375684	0.418609
1206	-4.30776	-5.13197	0.711266	0.288734	0.337637
1207	-4.27804	-4.98687	0.687005	0.312995	0.36023
1208	-50.3052	-37.5647	3.16554e-06	0.999997	0.999997
1209	-57.8791	-39.6063	1.25257e-08	1	1
1210	-17.7973	-15.8479	0.133298	0.866702	0.875867
1211	-4.38931	-5.07289	0.68155	0.31845	0.36531
1212	-36.1487	-28.7332	0.000649778	0.99935	0.999395
1213	-12.6703	-10.6753	0.128119	0.871881	0.880689
1214	-21.8661	-16.892	0.00741504	0.992585	0.993095
1216	-33.2877	-23.1236	4.16277e-05	0.999958	0.999961
1217	-42.9382	-30.1575	3.041e-06	0.999997	0.999997
1218	-13.872	-11.7948	0.119217	0.880783	0.888979
1219	-10.3572	-8.45869	0.139295	0.860705	0.870282
1220	-13.8438	-11.9903	0.144768	0.855232	0.865185
1221	-18.5568	-13.9225	0.0103845	0.989615	0.990329
1222	-29.5892	-22.0612	0.000580702	0.999419	0.999459
1223	-42.7646	-29.9632	2.97839e-06	0.999997	0.999997
1224	-17.0792	-14.9853	0.117473	0.882527	0.890604
1225	-11.0172	-8.9003	0.115112	0.884888	0.892803
1226	-18.0853	-13.4135	0.0100065	0.989994	0.990682
1227	-27.3043	-19.9041	0.000659814	0.99934	0.999386
1228	-11.8798	-9.72807	0.111612	0.888388	0.896062
1229	-4.40312	-5.16732	0.698787	0.301213	0.349258
1230	-4.72836	-5.31061	0.659167	0.340833	0.386154
1231	-9.55203	-7.45073	0.116709	0.883291	0.891316
1232	-14.2524	-12.1911	0.120897	0.879103	0.887415
1233	-4.68764	-5.3919	0.686024	0.313976	0.361144
1234	-22.9935	-18.3815	0.0106164	0.989384	0.990114
1235	-3.88828	-4.68039	0.704629	0.295371	0.343818
1236	-4.27804	-4.98687	0.687005	0.312995	0.36023
1237	-4.78376	-5.4038	0.667605	0.332395	0.378296
1238	-7.33883	-8.04186	0.685759	0.314241	0.361391
1239	-14.9865	-12.9559	0.124201	0.875799	0.884338
1240	-4.27804	-4.98687	0.687005	0.312995	0.36023
1241	-3.89766	-4.72686	0.712291	0.287709	0.336683
1242	-29.0162	-21.4252	0.000545261	0.999455	0.999492
1243	-10.125	-7.88228	0.102897	0.897103	0.904178
1244	-8.12456	-8.71995	0.662113	0.337887	0.383411
1245	-3.81221	-4.58426	0.700438	0.299562	0.347721
1246	-10.9506	-11.6151	0.677397	0.322603	0.369177
1247	-9.2667	-7.33185	0.134992	0.865008	0.874289
1248	-4.27651	-4.68698	0.619589	0.380411	0.423011
1249	-16.3797	-14.182	0.107134	0.892866	0.900232
1250	-12.4532	-10.3641	0.11797	0.88203	0.890141
1251	-9.85486	-10.4392	0.659629	0.340371	0.385724
1252	-3.88828	-4.68039	0.704629	0.295371	0.343818
1253	-17.0904	-14.8508	0.103189	0.896811	0.903905
1254	-67.546	-49.306	1.29434e-08	1	1
1255	-27.2196	-22.1969	0.00706662	0.992933	0.993419
1256	-6.52706	-7.2712	0.694549	0.305451	0.353205
1257	-10.6861	-8.81681	0.142838	0.857162	0.866983
1258	-35.6358	-26.6699	0.000137951	0.999862	0.999872
1259	-23.4671	-15.9477	0.000585776	0.999414	0.999454
1260	-20.8021	-15.8403	0.00750644	0.992494	0.99301
1261	-15.2283	-10.563	0.010071	0.989929	0.990621
1262	-56.97	-41.3454	1.76969e-07	1	1
1263	-19.9653	-15.141	0.0086037	0.991396	0.991988
1264	-13.0347	-10.9465	0.118064	0.881936	0.890054
1265	-19.0088	-14.2699	0.00936348	0.990637	0.99128
1266	-10.8051	-8.93223	0.142398	0.857602	0.867393
1267	-36.6258	-26.6033	4.79573e-05	0.999952	0.999955
1268	-38.9729	-28.7865	4.07042e-05	0.999959	0.999962
1269	-31.3161	-23.964	0.000692334	0.999308	0.999355
1270	-27.075	-19.548	0.000581324	0.999419	0.999459
1271	-22.5801	-17.6467	0.00772023	0.99228	0.992811
1272	-14.7191	-12.6923	0.124606	0.875394	0.883962
1273	-7.71494	-8.12937	0.620522	0.379478	0.422142
1274	-15.1053	-13.0281	0.11922	0.88078	0.888977
1275	-20.1412	-15.5264	0.0105871	0.989413	0.990141
1276	-21.0779	-16.468	0.010639	0.989361	0.990093
1277	-18.2066	-13.5957	0.0106274	0.989373	0.990103
1278	-3.79893	-4.54396	0.694736	0.305264	0.353031
1279	-4.27804	-4.98687	0.687005	0.312995	0.36023
1280	-9.61429	-10.1965	0.659148	0.340852	0.386172
1281	-7.66564	-8.28192	0.666769	0.333231	0.379075
1282	-4.6843	-5.16361	0.635674	0.364326	0.408032
1283	-10.0742	-10.6528	0.658352	0.341648	0.386913
1284	-25.7622	-18.3604	0.00065874	0.999341	0.999387
1285	-7.26353	-7.96612	0.685662	0.314338	0.361481
1286	-12.7483	-10.855	0.139927	0.860073	0.869693
1287	-11.0031	-8.86369	0.112843	0.887157	0.894916
1288	-20.1219	-15.3934	0.00945974	0.99054	0.991191
1289	-4.45278	-5.02691	0.657341	0.342659	0.387855
1290	-11.7692	-9.77611	0.128341	0.871659	0.880483
1291	-12.508	-10.2381	0.100418	0.899582	0.906486
1292	-7.20123	-7.95871	0.69737	0.30263	0.350577
1293	-39.6078	-29.5986	4.85961e-05	0.999951	0.999955
1294	-14.8584	-15.2722	0.620393	0.379607	0.422262
1295	-4.04317	-4.62157	0.658301	0.341699	0.38696
1296	-11.5063	-9.54669	0.132124	0.867876	0.87696
1297	-3.88828	-4.68039	0.704629	0.295371	0.343818
1298	-4.44866	-5.03303	0.659641	0.340359	0.385713
1299	-7.64057	-8.05505	0.620535	0.379465	0.42213
1300	-4.78797	-5.4178	0.669773	0.330227	0.376277
1301	-7.92525	-8.4996	0.65739	0.34261	0.387809
1302	-4.27651	-4.68698	0.619589	0.380411	0.423011
1303	-8.67778	-9.43539	0.697399	0.302601	0.35055
1304	-4.09937	-4.68838	0.660682	0.339318	0.384743
1305	-10.6021	-11.1865	0.659632	0.340368	0.385721
1306	-10.3654	-8.43601	0.135636	0.864364	0.873689
1307	-17.6999	-15.4962	0.106558	0.893442	0.900769
1308	-22.4124	-17.5112	0.00797144	0.992029	0.992577
1309	-9.07735	-9.86374	0.703438	0.296562	0.344927
1310	-14.1079	-12.1009	0.126793	0.873207	0.881925
1311	-47.9365	-35.217	3.23259e-06	0.999997	0.999997
1312	-3.81221	-4.58426	0.700438	0.299562	0.347721
1313	-33.2743	-23.0954	4.10153e-05	0.999959	0.999962
1314	-12.68	-13.0286	0.604909	0.395091	0.436681
1315	-4.25206	-4.82838	0.657833	0.342167	0.387397
1316	-4.04317	-4.62157	0.658301	0.341699	0.38696
1317	-9.43816	-7.47109	0.131274	0.868726	0.877752
1318	-4.27804	-4.98687	0.687005	0.312995	0.36023
1319	-17.2266	-12.4941	0.00942296	0.990577	0.991225
1320	-22.122	-17.5353	0.0108861	0.989114	0.989862
1321	-3.79893	-4.54396	0.694736	0.305264	0.353031
1322	-8.85433	-9.50952	0.675357	0.324643	0.371078
1323	-70.3567	-52.0092	1.1624e-08	1	1
1324	-7.66906	-8.25079	0.65905	0.34095	0.386263
1325	-9.32673	-10.0521	0.690555	0.309445	0.356924
1326	-26.9727	-19.3793	0.000543955	0.999456	0.999493
1327	-4.43222	-5.03091	0.66285	0.33715	0.382724
1328	-4.73025	-5.36052	0.66987	0.33013	0.376187
1329	-9.95208	-10.5271	0.657539	0.342461	0.387671
1330	-31.8428	-24.3283	0.000588622	0.999411	0.999452
1331	-4.6843	-5.16361	0.635674	0.364326	0.408032
1332	-3.97192	-4.69751	0.690599	0.309401	0.356883
1333	-4.68764	-5.3919	0.686024	0.313976	0.361144
1334	-7.65557	-8.35488	0.684955	0.315045	0.362139
1335	-14.264	-12.2988	0.131487	0.868513	0.877553
1336	-4.65901	-5.37854	0.689304	0.310696	0.35809
1337	-25.0557	-17.8589	0.000808555	0.999191	0.999247
1338	-4.27804	-4.98687	0.687005	0.312995	0.36023
1339	-6.53624	-7.27316	0.693013	0.306987	0.354635
1340	-3.97192	-4.69751	0.690599	0.309401	0.356883
1341	-9.70247	-7.8601	0.14616	0.85384	0.863889
1342	-13.4518	-14.0499	0.662723	0.337277	0.382842
1343	-9.15985	-9.90638	0.695055	0.304945	0.352734
1344	-9.54038	-10.1598	0.667477	0.332523	0.378415
1345	-20.5931	-15.9122	0.00991627	0.990084	0.990766
1346	-11.0677	-11.7095	0.67242	0.32758	0.373812
1347	-12.2661	-10.1882	0.119147	0.880853	0.889045
1348	-3.97081	-4.8698	0.726377	0.273623	0.323565
1349	-4.68764	-5.3919	0.686024	0.313976	0.361144
1350	-9.57941	-7.74806	0.147541	0.852459	0.862603
1351	-6.61274	-7.25453	0.672415	0.327585	0.373817
1352	-8.75117	-9.3387	0.660352	0.339648	0.38505
1353	-9.04706	-7.10186	0.133788	0.866212	0.875411
1354	-18.5997	-13.9773	0.0105078	0.989492	0.990215
1355	-17.25	-12.5194	0.00944096	0.990559	0.991208
1356	-15.9494	-13.81	0.11284	0.88716	0.894918
1357	-15.0021	-13.0066	0.128073	0.871927	0.880733
1358	-3.97081	-4.8698	0.726377	0.273623	0.323565
1359	-4.61109	-5.12498	0.643647	0.356353	0.400607
1360	-4.27804	-4.98687	0.687005	0.312995	0.36023
1361	-4.72836	-5.31061	0.659167	0.340833	0.386154
1362	-11.4279	-9.22393	0.106538	0.893462	0.900787
1363	-11.5787	-9.62493	0.132803	0.867197	0.876328
1364	-10.3958	-8.27332	0.114544	0.885456	0.893332
1365	-3.81221	-4.58426	0.700438	0.299562	0.347721
1366	-31.6049	-24.1324	0.000613841	0.999386	0.999428
1367	-12.9872	-10.9794	0.126698	0.873302	0.882013
1368	-11.9186	-12.6643	0.69489	0.30511	0.352887
1369	-7.52288	-8.2777	0.696809	0.303191	0.3511
1370	-19.601	-16.8336	0.06356	0.93644	0.94081
1371	-7.99066	-8.63071	0.672028	0.327972	0.374177
1372	-7.65557	-8.35488	0.684955	0.315045	0.362139
1373	-4.7317	-5.30542	0.657247	0.342753	0.387942
1374	-4.27804	-4.98687	0.687005	0.312995	0.36023
1375	-12.054	-12.666	0.665815	0.334185	0.379963
1376	-28.173	-20.837	0.000703572	0.999296	0.999345
1377	-8.81095	-9.24554	0.625258	0.374742	0.417732
1378	-4.65901	-5.37854	0.689304	0.310696	0.35809
1379	-4.43222	-5.03091	0.66285	0.33715	0.382724
1380	-4.7317	-5.30542	0.657247	0.342753	0.387942
1381	-5.20972	-5.80456	0.66199	0.33801	0.383525
1382	-4.27651	-4.68698	0.619589	0.380411	0.423011
1383	-4.68764	-5.3919	0.686024	0.313976	0.361144
1384	-3.89766	-4.72686	0.712291	0.287709	0.336683
1385	-14.4129	-11.6336	0.0628591	0.937141	0.941463
1386	-3.89766	-4.72686	0.712291	0.287709	0.336683
1387	-21.5807	-19.4452	0.113225	0.886775	0.89456
1388	-8.90173	-9.48386	0.659139	0.340861	0.38618
1389	-4.30776	-5.13197	0.711266	0.288734	0.337637
1390	-4.322	-4.89998	0.658206	0.341794	0.387049
1391	-4.72836	-5.31061	0.659167	0.340833	0.386154
1392	-4.68764	-5.3919	0.686024	0.313976	0.361144
1393	-4.78376	-5.4038	0.667605	0.332395	0.378296
1394	-4.70674	-5.12042	0.620345	0.379655	0.422307
1395	-4.44866	-5.03303	0.659641	0.340359	0.385713
1396	-10.9674	-11.3811	0.620352	0.379648	0.422301
1397	-4.0256	-4.66764	0.672469	0.327531	0.373766
1398	-12.9943	-13.7484	0.696671	0.303329	0.351228
1399	-3.81221	-4.58426	0.700438	0.299562	0.347721
1400	-4.322	-4.89998	0.658206	0.341794	0.387049
1401	-4.70674	-5.12042	0.620345	0.379655	0.422307
1402	-16.6191	-12.0455	0.0110276	0.988972	0.989731
1403	-17.1039	-12.3286	0.00903167	0.990968	0.991589
1404	-10.9512	-11.6948	0.694422	0.305578	0.353323
1405	-4.78376	-5.4038	0.667605	0.332395	0.378296
1406	-4.6843	-5.16361	0.635674	0.364326	0.408032
1407	-12.1215	-12.5525	0.6244	0.3756	0.418531
1408	-3.79893	-4.54396	0.694736	0.305264	0.353031
1409	-6.65821	-7.44298	0.7031	0.2969	0.345241
1410	-4.27651	-4.68698	0.619589	0.380411	0.423011
1411	-3.81221	-4.58426	0.700438	0.299562	0.347721
1412	-3.79893	-4.54396	0.694736	0.305264	0.353031
1413	-4.7317	-5.30542	0.657247	0.342753	0.387942
1414	-4.40312	-5.16732	0.698787	0.301213	0.349258
1415	-4.72836	-5.31061	0.659167	0.340833	0.386154
1416	-44.6169	-34.3599	3.79341e-05	0.999962	0.999965
1417	-23.5575	-18.6364	0.0078162	0.992184	0.992721
1418	-4.73025	-5.36052	0.66987	0.33013	0.376187
1419	-17.9659	-13.3596	0.0106771	0.989323	0.990057
1420	-9.69676	-7.77011	0.135953	0.864047	0.873395
1421	-7.45728	-7.90077	0.62734	0.37266	0.415793
1422	-4.09937	-4.68838	0.660682	0.339318	0.384743
1423	-10.4391	-8.50759	0.135378	0.864622	0.87393
1424	-7.10788	-7.68561	0.65815	0.34185	0.387101
1425	-4.57051	-4.98959	0.621615	0.378385	0.421124
1426	-15.2796	-13.4204	0.144073	0.855927	0.865832
1427	-10.335	-8.36737	0.131213	0.868787	0.877809
1428	-29.24	-21.9205	0.000715244	0.999285	0.999334
1429	-22.8243	-20.6798	0.112329	0.887671	0.895394
1430	-14.9664	-10.3631	0.0107092	0.989291	0.990027
1431	-4.29813	-5.08531	0.703601	0.296399	0.344775
1432	-4.00492	-4.66055	0.675455	0.324545	0.370986
1433	-10.707	-8.56069	0.112147	0.887853	0.895563
1434	-17.5232	-15.6256	0.13941	0.86059	0.870175
1435	-41.602	-33.8311	0.000455536	0.999544	0.999576
1436	-21.7685	-16.9473	0.00862953	0.99137	0.991964
1437	-18.3667	-13.6003	0.00911129	0.990889	0.991515
1438	-18.4583	-13.8372	0.0105219	0.989478	0.990201
1439	-62.6524	-43.8309	7.23655e-09	1	1
1440	-4.27804	-4.98687	0.687005	0.312995	0.36023
1441	-4.80007	-5.39951	0.663018	0.336982	0.382567
1442	-3.93177	-4.72622	0.705115	0.294885	0.343365
1443	-29.6894	-27.7774	0.137679	0.862321	0.871787
1444	-4.61109	-5.12498	0.643647	0.356353	0.400607
1445	-15.6468	-13.7502	0.139527	0.860473	0.870066
1446	-16.3918	-11.578	0.00869337	0.991307	0.991904
1447	-16.8966	-12.272	0.0104847	0.989515	0.990236
1448	-9.25753	-7.35848	0.139229	0.860771	0.870344
1449	-8.26935	-8.84739	0.658219	0.341781	0.387036
1450	-11.7518	-12.5325	0.702253	0.297747	0.34603
1451	-9.23731	-9.64727	0.619467	0.380533	0.423124
1452	-9.75179	-7.69891	0.121794	0.878206	0.88658
1453	-4.78376	-5.4038	0.667605	0.332395	0.378296
1454	-20.3683	-15.7549	0.0106026	0.989397	0.990126
1455	-4.73025	-5.36052	0.66987	0.33013	0.376187
1456	-17.742	-12.9464	0.00885133	0.991149	0.991757
1457	-33.5445	-28.7857	0.00918072	0.990819	0.991451
1458	-9.65246	-7.72141	0.135437	0.864563	0.873875
1459	-4.72836	-5.31061	0.659167	0.340833	0.386154
1460	-4.25206	-4.82838	0.657833	0.342167	0.387397
1461	-9.59864	-7.69685	0.1389	0.8611	0.87065
1462	-4.09937	-4.68838	0.660682	0.339318	0.384743
1463	-22.1446	-17.3839	0.00916346	0.990837	0.991467
1464	-4.30776	-5.13197	0.711266	0.288734	0.337637
1465	-3.98587	-4.73261	0.6951	0.3049	0.352691
1466	-17.9346	-13.317	0.0105575	0.989443	0.990168
1467	-4.29813	-5.08531	0.703601	0.296399	0.344775
1468	-17.7723	-15.6916	0.118852	0.881148	0.889319
1469	-11.4138	-9.31603	0.117071	0.882929	0.890979
1470	-4.80007	-5.39951	0.663018	0.336982	0.382567
1471	-20.0234	-15.4162	0.010667	0.989333	0.990066
1472	-4.0256	-4.66764	0.672469	0.327531	0.373766
1473	-10.8861	-8.68406	0.106722	0.893278	0.900616
1474	-6.73312	-7.51841	0.703207	0.296793	0.345142
1475	-4.51102	-5.14822	0.671403	0.328597	0.37476
1476	-4.00492	-4.66055	0.675455	0.324545	0.370986
1477	-4.68764	-5.3919	0.686024	0.313976	0.361144
1478	-8.9806	-9.80452	0.711207	0.288793	0.337692
1479	-11.4255	-9.16304	0.101091	0.898909	0.90586
1480	-4.80007	-5.39951	0.663018	0.336982	0.382567
1481	-4.09632	-4.68212	0.659963	0.340037	0.385413
1482	-15.1894	-15.9426	0.696475	0.303525	0.351411
1483	-20.2242	-15.2637	0.00751622	0.992484	0.993001
1484	-8.27433	-8.85359	0.658494	0.341506	0.38678
1485	-4.0256	-4.66764	0.672469	0.327531	0.373766
1486	-3.97192	-4.69751	0.690599	0.309401	0.356883
1487	-3.79893	-4.54396	0.694736	0.305264	0.353031
1488	-4.27804	-4.98687	0.687005	0.312995	0.36023
1489	-4.26939	-4.8375	0.655982	0.344018	0.38912
1490	-4.38931	-5.07289	0.68155	0.31845	0.36531
1491	-4.43222	-5.03091	0.66285	0.33715	0.382724
1492	-4.27804	-4.98687	0.687005	0.312995	0.36023
1493	-4.0256	-4.66764	0.672469	0.327531	0.373766
1494	-20.7957	-16.0459	0.00926211	0.990738	0.991375
1495	-4.45278	-5.02691	0.657341	0.342659	0.387855
1496	-4.65901	-5.37854	0.689304	0.310696	0.35809
1497	-14.0244	-11.6356	0.0901775	0.909822	0.916023
1498	-11.8799	-9.92328	0.13247	0.86753	0.876638
1499	-11.7077	-9.74099	0.131315	0.868685	0.877714
1500	-3.93177	-4.72622	0.705115	0.294885	0.343365
1501	-11.0031	-8.86369	0.112843	0.887157	0.894916
1502	-4.38931	-5.07289	0.68155	0.31845	0.36531
1503	-21.7609	-14.4118	0.000694404	0.999306	0.999353
1504	-4.68764	-5.3919	0.686024	0.313976	0.361144
1505	-25.4368	-17.7945	0.000518004	0.999482	0.999518
1506	-16.1151	-16.6967	0.65902	0.34098	0.386291
1507	-24.384	-19.7722	0.0106186	0.989381	0.990111
1508	-3.79893	-4.54396	0.694736	0.305264	0.353031
1509	-4.57051	-4.98959	0.621615	0.378385	0.421124
1510	-3.97081	-4.8698	0.726377	0.273623	0.323565
1511	-10.171	-8.08581	0.118378	0.881622	0.889761
1512	-9.68776	-10.2803	0.661467	0.338533	0.384012
1513	-17.6635	-15.7048	0.132231	0.867769	0.876861
1514	-4.00492	-4.66055	0.675455	0.324545	0.370986
1515	-12.4804	-13.0791	0.662857	0.337143	0.382718
1516	-9.33861	-7.46157	0.141886	0.858114	0.86787
1517	-4.46974	-5.07125	0.663482	0.336518	0.382136
1518	-3.88828	-4.68039	0.704629	0.295371	0.343818
1519	-4.0256	-4.66764	0.672469	0.327531	0.373766
1520	-4.29813	-5.08531	0.703601	0.296399	0.344775
1521	-4.61109	-5.12498	0.643647	0.356353	0.400607
1522	-6.29426	-7.05622	0.698318	0.301682	0.349695
1523	-23.9104	-21.8247	0.11833	0.88167	0.889806
1524	-4.27804	-4.98687	0.687005	0.312995	0.36023
1525	-3.79893	-4.54396	0.694736	0.305264	0.353031
1526	-15.7124	-13.5998	0.115554	0.884446	0.892391
1527	-3.89766	-4.72686	0.712291	0.287709	0.336683
1528	-4.6843	-5.16361	0.635674	0.364326	0.408032
1529	-28.6061	-20.1452	0.000228525	0.999771	0.999787
1530	-4.0256	-4.66764	0.672469	0.327531	0.373766
1531	-20.9537	-16.3082	0.0102707	0.989729	0.990435
1532	-25.8793	-18.5353	0.000697956	0.999302	0.99935
1533	-18.5904	-13.7768	0.00869508	0.991305	0.991903
1534	-4.51102	-5.14822	0.671403	0.328597	0.37476
1535	-26.4379	-19.0386	0.000660405	0.99934	0.999385
1536	-17.1066	-12.4065	0.00972966	0.99027	0.990939
1537	-14.2856	-12.0612	0.104605	0.895395	0.902587
1538	-8.8763	-9.71169	0.713557	0.286443	0.335504
1539	-4.72836	-5.31061	0.659167	0.340833	0.386154
1540	-4.46974	-5.07125	0.663482	0.336518	0.382136
1541	-7.93745	-8.68337	0.694926	0.305074	0.352854
1542	-21.625	-16.6828	0.00765399	0.992346	0.992872
1543	-12.2236	-10.1964	0.124565	0.875435	0.883999
1544	-7.33883	-8.04186	0.685759	0.314241	0.361391
1545	-4.61109	-5.12498	0.643647	0.356353	0.400607
1546	-9.33019	-7.37426	0.13255	0.86745	0.876564
1547	-4.44866	-5.03303	0.659641	0.340359	0.385713
1548	-9.74036	-10.4446	0.686021	0.313979	0.361146
1549	-13.6468	-11.7992	0.145512	0.854488	0.864493
1550	-9.18994	-7.25631	0.135136	0.864864	0.874155
1551	-10.5129	-10.9356	0.622453	0.377547	0.420344
1552	-20.1152	-17.9868	0.113946	0.886054	0.893889
1553	-7.60823	-8.05199	0.627403	0.372597	0.415734
1554	-3.88828	-4.68039	0.704629	0.295371	0.343818
1555	-3.79893	-4.54396	0.694736	0.305264	0.353031
1556	-3.98587	-4.73261	0.6951	0.3049	0.352691
1557	-3.81221	-4.58426	0.700438	0.299562	0.347721
1558	-9.18994	-7.25631	0.135136	0.864864	0.874155
1559	-7.65557	-8.35488	0.684955	0.315045	0.362139
1560	-10.7154	-11.2856	0.656463	0.343537	0.388672
1561	-38.6305	-28.3917	3.86253e-05	0.999961	0.999964
1562	-16.1313	-16.8396	0.686886	0.313114	0.360341
1563	-4.322	-4.89998	0.658206	0.341794	0.387049
1564	-4.52324	-5.13796	0.666424	0.333576	0.379396
1565	-4.43222	-5.03091	0.66285	0.33715	0.382724
1566	-21.6786	-16.9495	0.00945431	0.990546	0.991196
1567	-3.88828	-4.68039	0.704629	0.295371	0.343818
1568	-4.69219	-5.42053	0.691185	0.308815	0.356338
1569	-4.70674	-5.12042	0.620345	0.379655	0.422307
1570	-12.4101	-13.2463	0.71373	0.28627	0.335343
1571	-24.8674	-20.0767	0.00889445	0.991106	0.991717
1572	-4.38931	-5.07289	0.68155	0.31845	0.36531
1573	-4.91589	-5.52683	0.665583	0.334417	0.380179
1574	-10.6023	-8.63882	0.131685	0.868315	0.877369
1575	-9.8746	-7.75556	0.114893	0.885107	0.893006
1576	-11.5063	-9.54669	0.132124	0.867876	0.87696
1577	-23.5832	-16.3201	0.000756703	0.999243	0.999295
1578	-18.6275	-13.7015	0.00777793	0.992222	0.992757
1579	-15.3999	-13.4748	0.136127	0.863873	0.873232
1580	-13.2239	-10.4636	0.0639848	0.936015	0.940414
1581	-4.27804	-4.98687	0.687005	0.312995	0.36023
1582	-19.9247	-17.8731	0.12193	0.87807	0.886454
1583	-10.1885	-10.9078	0.689249	0.310751	0.35814
1584	-4.72836	-5.31061	0.659167	0.340833	0.386154
1585	-12.9559	-11.0194	0.134805	0.865195	0.874463
1586	-4.46974	-5.07125	0.663482	0.336518	0.382136
1587	-17.8446	-13.1568	0.00984887	0.990151	0.990828
1588	-13.8518	-11.8443	0.126738	0.873262	0.881976
1589	-3.79893	-4.54396	0.694736	0.305264	0.353031
1590	-13.0507	-11.0584	0.128413	0.871587	0.880416
1591	-6.73312	-7.51841	0.703207	0.296793	0.345142
1592	-15.6152	-11.0277	0.0108771	0.989123	0.989871
1593	-20.9411	-16.1996	0.00933916	0.990661	0.991303
1594	-23.1408	-18.4397	0.00971975	0.99028	0.990949
1595	-7.53213	-8.01847	0.637302	0.362698	0.406515
1596	-25.5299	-20.1315	0.00486367	0.995136	0.995471
1597	-19.6964	-20.2984	0.663583	0.336417	0.382041
1598	-4.65901	-5.37854	0.689304	0.310696	0.35809
1599	-13.9207	-12.0314	0.140404	0.859596	0.869249
1600	-49.6022	-36.9983	3.62878e-06	0.999996	0.999997
1601	-9.56313	-10.2185	0.675406	0.324594	0.371031
1602	-14.2809	-14.7282	0.628246	0.371754	0.414949
1603	-23.6646	-19.0525	0.0106146	0.989385	0.990115
1604	-4.7317	-5.30542	0.657247	0.342753	0.387942
1605	-4.72836	-5.31061	0.659167	0.340833	0.386154
1606	-13.9485	-11.9685	0.129809	0.870191	0.879116
1607	-4.0256	-4.66764	0.672469	0.327531	0.373766
1608	-4.80007	-5.39951	0.663018	0.336982	0.382567
1609	-4.52324	-5.13796	0.666424	0.333576	0.379396
1610	-3.97081	-4.8698	0.726377	0.273623	0.323565
1611	-10.4467	-8.51628	0.135508	0.864492	0.873809
1612	-4.38931	-5.07289	0.68155	0.31845	0.36531
1613	-9.70247	-7.8601	0.14616	0.85384	0.863889
1614	-8.65013	-9.37532	0.690512	0.309488	0.356965
1615	-9.04706	-7.10186	0.133788	0.866212	0.875411
1616	-4.50186	-5.09453	0.661503	0.338497	0.383979
1617	-4.322	-4.89998	0.658206	0.341794	0.387049
1618	-4.09937	-4.68838	0.660682	0.339318	0.384743
1619	-9.69814	-7.61904	0.119018	0.880982	0.889166
1620	-4.85833	-5.43838	0.658673	0.341327	0.386614
1621	-7.29959	-7.9489	0.674068	0.325932	0.372277
1622	-6.89517	-7.71244	0.709838	0.290162	0.338967
1623	-9.78369	-7.90627	0.14184	0.85816	0.867912
1624	-16.0874	-14.1498	0.134671	0.865329	0.874588
1625	-4.38931	-5.07289	0.68155	0.31845	0.36531
1626	-7.48031	-8.08313	0.663772	0.336228	0.381866
1627	-4.27804	-4.98687	0.687005	0.312995	0.36023
1628	-19.7676	-20.3441	0.657877	0.342123	0.387355
1629	-13.8166	-14.3027	0.637242	0.362758	0.406572
1630	-14.802	-12.6636	0.112944	0.887056	0.894822
1633	-3.9517	-4.59481	0.672704	0.327296	0.373548
1634	-24.6817	-19.7361	0.00762805	0.992372	0.992896
1635	-44.5606	-36.8833	0.000500211	0.9995	0.999534
