Sites	Ll_YN98.omega=0.00835722	Ll_YN98.omega=0.184336	Ll_YN98.omega=0.834482	Ll_YN98.omega=0.999009	Pr_YN98.omega=0.00835722	Pr_YN98.omega=0.184336	Pr_YN98.omega=0.834482	Pr_YN98.omega=0.999009	mean
472	-3.90946	-4.03205	-4.48025	-4.59245	0.338432	0.299384	0.191241	0.170944	0.388377
473	-17.0791	-14.0766	-12.9001	-12.8037	0.00631529	0.12716	0.412399	0.454125	0.821308
474	-4.5873	-4.68213	-5.02956	-5.11675	0.318365	0.289564	0.204576	0.187495	0.414062
475	-47.5113	-35.2122	-29.4454	-28.7936	4.87943e-09	0.00107109	0.342207	0.656722	0.941834
476	-4.57607	-4.64534	-4.899	-4.96263	0.299717	0.279657	0.217002	0.203625	0.438563
477	-36.3641	-30.0703	-26.8602	-26.4824	2.98292e-05	0.0161442	0.400059	0.583767	0.920007
478	-25.7686	-19.6586	-16.921	-16.6318	5.98782e-05	0.0269646	0.416624	0.556352	0.908436
479	-24.611	-21.5909	-20.3026	-20.1682	0.00553009	0.113328	0.411008	0.470134	0.833583
480	-5.07646	-5.15657	-5.44941	-5.52274	0.307528	0.283854	0.211796	0.196821	0.428261
481	-58.7507	-47.802	-42.0716	-41.4138	1.94505e-08	0.00110638	0.340842	0.658052	0.94203
482	-14.5693	-11.5407	-10.2731	-10.1549	0.00562691	0.116295	0.413124	0.464954	0.830722
483	-12.093	-9.05921	-7.7688	-7.64409	0.00546992	0.113645	0.413014	0.467871	0.833055
484	-4.15318	-4.22992	-4.51067	-4.58102	0.305112	0.282574	0.213406	0.198908	0.431433
485	-5.06081	-5.14502	-5.45254	-5.52946	0.310466	0.28539	0.20984	0.194304	0.424421
486	-42.3963	-33.1931	-28.9476	-28.4793	5.52546e-07	0.00548645	0.382892	0.611621	0.931543
487	-13.1442	-10.1273	-8.90039	-8.79193	0.00592593	0.121049	0.412863	0.460162	0.826596
488	-18.7165	-15.7023	-14.4833	-14.3763	0.00598685	0.121967	0.412731	0.459315	0.825809
489	-35.5197	-26.3187	-22.0811	-21.6145	5.58775e-07	0.00553548	0.383299	0.611165	0.931436
490	-16.5377	-13.5258	-12.3144	-12.2092	0.00604529	0.12288	0.412655	0.458419	0.82502
491	-25.4354	-19.1314	-15.8996	-15.5184	2.88462e-05	0.0157717	0.399416	0.584783	0.920417
492	-30.1064	-23.9802	-21.1841	-20.8805	5.52088e-05	0.0252694	0.413927	0.560748	0.910266
493	-36.2056	-30.102	-27.3873	-27.1036	6.18091e-05	0.0276583	0.417622	0.554658	0.907705
494	-24.752	-18.5342	-15.4531	-15.0878	3.68014e-05	0.0184593	0.402118	0.579386	0.917775
495	-3.85106	-3.9491	-4.30694	-4.39639	0.320498	0.290567	0.20316	0.185775	0.411365
496	-7.18288	-7.23917	-7.44553	-7.49733	0.290321	0.274429	0.223261	0.21199	0.4511
497	-4.53487	-4.59059	-4.79487	-4.84617	0.289909	0.274197	0.223536	0.212358	0.451651
498	-9.18202	-9.25879	-9.53935	-9.60958	0.305088	0.282542	0.213422	0.198948	0.43148
499	-8.36919	-8.4477	-8.73469	-8.80654	0.306365	0.283232	0.21257	0.197833	0.429793
500	-4.73238	-4.81049	-5.09607	-5.16758	0.306081	0.283083	0.21276	0.198076	0.430164
501	-4.69812	-4.80053	-5.17451	-5.26804	0.323704	0.292193	0.201027	0.183077	0.407215
502	-4.59696	-4.68181	-4.99196	-5.06962	0.310976	0.28568	0.209499	0.193844	0.423736
503	-3.85106	-3.9491	-4.30694	-4.39639	0.320498	0.290567	0.20316	0.185775	0.411365
504	-24.9805	-21.9636	-20.7341	-20.6244	0.00590898	0.120708	0.412764	0.460619	0.826907
505	-4.44879	-4.56104	-4.97086	-5.07332	0.330838	0.295711	0.196283	0.177168	0.398062
506	-19.6883	-16.6686	-15.4273	-15.3143	0.00582311	0.119294	0.412756	0.462127	0.828145
507	-7.26638	-7.3223	-7.52727	-7.57872	0.290048	0.274273	0.223443	0.212237	0.451468
508	-4.53487	-4.59059	-4.79487	-4.84617	0.289909	0.274197	0.223536	0.212358	0.451651
509	-10.1553	-10.2111	-10.4154	-10.4667	0.289926	0.274195	0.223525	0.212354	0.451638
510	-19.6598	-16.6137	-15.2792	-15.1436	0.00517032	0.108745	0.413048	0.473037	0.837338
511	-12.2595	-9.24473	-8.02357	-7.91608	0.00597101	0.121712	0.412741	0.459576	0.826031
512	-11.5241	-8.53918	-7.42754	-7.34756	0.00684681	0.13546	0.411708	0.445986	0.814134
513	-24.9713	-18.8761	-16.1899	-15.913	6.43253e-05	0.028543	0.418869	0.552524	0.906777
514	-51.5585	-42.3509	-38.0739	-37.5933	5.29202e-07	0.00527722	0.380115	0.614608	0.93217
515	-4.33117	-4.40846	-4.69151	-4.76251	0.305559	0.282831	0.213108	0.198502	0.43083
516	-23.0172	-16.9178	-14.2172	-13.9369	6.30445e-05	0.0280925	0.41826	0.553585	0.907245
517	-13.4707	-10.4382	-9.15204	-9.02834	0.00549991	0.114126	0.412995	0.467379	0.832636
518	-4.98915	-5.08544	-5.4369	-5.52475	0.319226	0.289919	0.204006	0.186849	0.413013
519	-4.30704	-4.38772	-4.68211	-4.75569	0.307861	0.283998	0.211575	0.196566	0.42785
520	-14.8743	-11.8817	-10.7407	-10.6531	0.00660254	0.131642	0.41202	0.449736	0.817435
521	-10.2046	-10.316	-10.7224	-10.824	0.330177	0.295369	0.196725	0.17773	0.398923
522	-4.69812	-4.80053	-5.17451	-5.26804	0.323704	0.292193	0.201027	0.183077	0.407215
523	-20.7809	-17.7721	-16.5678	-16.463	0.00610299	0.123654	0.412355	0.457888	0.824382
524	-11.3189	-11.4012	-11.7022	-11.7776	0.309156	0.28472	0.210712	0.195412	0.426122
525	-4.15318	-4.22992	-4.51067	-4.58102	0.305112	0.282574	0.213406	0.198908	0.431433
526	-4.53487	-4.59059	-4.79487	-4.84617	0.289909	0.274197	0.223536	0.212358	0.451651
527	-4.78699	-4.86925	-5.16995	-5.24526	0.309095	0.284687	0.210753	0.195465	0.426202
528	-8.8475	-8.93078	-9.23447	-9.31002	0.309703	0.284955	0.210323	0.195019	0.425452
529	-14.6272	-11.6267	-10.4557	-10.3603	0.0063613	0.127834	0.412272	0.453533	0.820735
530	-41.2186	-31.8513	-27.173	-26.6219	2.89465e-07	0.00338686	0.364353	0.63226	0.936303
531	-30.3741	-24.2638	-21.5249	-21.2354	5.97783e-05	0.026929	0.416568	0.556443	0.908475
532	-37.5526	-31.4432	-28.7073	-28.4185	6.00271e-05	0.027017	0.416688	0.556235	0.908383
533	-23.8803	-17.7701	-15.0319	-14.7425	5.98273e-05	0.0269473	0.416607	0.556386	0.908453
534	-15.3189	-12.3083	-11.1017	-10.9978	0.00608233	0.123468	0.412622	0.457828	0.82451
535	-14.6419	-11.6454	-10.4901	-10.3989	0.00648567	0.129811	0.412164	0.451539	0.819018
536	-35.1534	-28.6618	-24.9069	-24.4194	1.33815e-05	0.00882575	0.377119	0.614042	0.929759
537	-7.39664	-7.47937	-7.78157	-7.85717	0.309402	0.284835	0.210546	0.195217	0.425812
652	-12.509	-9.50125	-8.30544	-8.20428	0.00616448	0.124784	0.412567	0.456484	0.823365
653	-4.65161	-4.73595	-5.04407	-5.12115	0.310578	0.285459	0.209763	0.194201	0.424267
654	-24.3612	-18.2402	-15.4641	-15.1658	5.67563e-05	0.0258437	0.414937	0.559162	0.90963
655	-12.3759	-9.35773	-8.12428	-8.01375	0.00587907	0.120247	0.412814	0.46106	0.827304
656	-4.37812	-4.45867	-4.75333	-4.82716	0.307881	0.284055	0.21156	0.196503	0.427786
657	-9.83479	-9.89641	-10.1221	-10.1787	0.294159	0.276579	0.220705	0.208557	0.445967
658	-25.5484	-18.8442	-15.1557	-14.728	1.19805e-05	0.00977428	0.390807	0.599407	0.926736
659	-12.2318	-12.3133	-12.6106	-12.6849	0.308444	0.284309	0.211186	0.196061	0.427084
660	-4.39575	-4.45273	-4.66166	-4.71413	0.290828	0.27472	0.222924	0.211528	0.450415
661	-57.9029	-42.5228	-35.2947	-34.4756	4.64471e-11	0.000222043	0.305892	0.693886	0.948501
662	-14.9181	-11.9039	-10.6845	-10.5774	0.00598437	0.121917	0.412716	0.459382	0.825855
663	-13.6141	-10.6282	-9.51239	-9.43118	0.00681196	0.134898	0.411728	0.446562	0.814622
664	-17.6578	-14.6458	-13.4351	-13.3303	0.00604977	0.122982	0.412699	0.45827	0.824926
665	-9.60339	-9.68172	-9.96866	-10.0407	0.306329	0.283251	0.212595	0.197825	0.429809
666	-4.69958	-4.80297	-5.18053	-5.27496	0.324415	0.292551	0.200553	0.182481	0.406297
667	-7.53779	-7.63505	-7.98785	-8.07548	0.31959	0.28997	0.203768	0.186672	0.41265
668	-9.47989	-9.56542	-9.87812	-9.95642	0.311481	0.285947	0.209163	0.193409	0.423073
669	-3.85159	-3.95369	-4.32541	-4.41811	0.323304	0.291925	0.201296	0.183475	0.407785
670	-3.85272	-3.95169	-4.31295	-4.40328	0.321179	0.290914	0.202707	0.1852	0.410481
671	-10.4868	-10.6001	-11.0137	-11.1171	0.331592	0.296072	0.195783	0.176553	0.397103
672	-5.07861	-5.15948	-5.45511	-5.52915	0.308085	0.284152	0.211425	0.196338	0.427528
673	-4.53817	-4.59442	-4.80064	-4.85243	0.290294	0.274416	0.22328	0.21201	0.451133
674	-4.32541	-4.40485	-4.6953	-4.76803	0.307051	0.283602	0.212114	0.197234	0.428888
675	-8.10575	-8.18402	-8.4706	-8.54236	0.306256	0.283199	0.212634	0.197911	0.429917
676	-10.0318	-10.129	-10.4837	-10.5723	0.31987	0.290239	0.203577	0.186314	0.412185
677	-4.45042	-4.56373	-4.97747	-5.08093	0.331616	0.296092	0.195766	0.176526	0.397066
678	-3.67729	-3.78288	-4.16721	-4.26302	0.325821	0.293172	0.199622	0.181384	0.404551
679	-4.30901	-4.39045	-4.68766	-4.76196	0.308422	0.284298	0.211202	0.196079	0.427112
680	-7.04509	-7.14252	-7.49401	-7.58085	0.319416	0.289764	0.203889	0.186931	0.41297
681	-4.33308	-4.4111	-4.69685	-4.76853	0.306095	0.28312	0.212751	0.198034	0.430121
682	-7.29289	-7.38854	-7.73522	-7.82124	0.31838	0.289339	0.204572	0.187709	0.414231
683	-4.37812	-4.45867	-4.75333	-4.82716	0.307881	0.284055	0.21156	0.196503	0.427786
684	-4.5761	-4.64603	-4.90211	-4.96635	0.300197	0.279921	0.216682	0.2032	0.437924
685	-4.30901	-4.39045	-4.68766	-4.76196	0.308422	0.284298	0.211202	0.196079	0.427112
686	-11.8083	-8.79265	-7.56876	-7.4607	0.00595012	0.121391	0.412776	0.459883	0.826308
687	-7.23715	-7.32067	-7.6258	-7.70217	0.309984	0.285148	0.210161	0.194708	0.425044
688	-4.66965	-4.75114	-5.04906	-5.12366	0.308539	0.284392	0.211122	0.195946	0.426932
689	-17.8079	-17.9095	-18.2802	-18.3728	0.32306	0.291853	0.201455	0.183631	0.408059
690	-4.59906	-4.68471	-4.99782	-5.07624	0.311566	0.285992	0.209107	0.193336	0.422963
691	-4.15498	-4.23245	-4.51587	-4.5869	0.305645	0.282861	0.213051	0.198443	0.430729
692	-4.53817	-4.59442	-4.80064	-4.85243	0.290294	0.274416	0.22328	0.21201	0.451133
693	-13.2392	-13.3238	-13.6324	-13.7096	0.310698	0.285508	0.209685	0.194109	0.424121
694	-13.6638	-10.6589	-9.47334	-9.37467	0.00624465	0.126043	0.41247	0.455242	0.822276
695	-4.30901	-4.39045	-4.68766	-4.76196	0.308422	0.284298	0.211202	0.196079	0.427112
696	-8.55961	-8.66116	-9.03145	-9.12392	0.322994	0.291803	0.2015	0.183703	0.408158
697	-38.3833	-29.196	-25.005	-24.5492	5.97231e-07	0.00583627	0.385729	0.608434	0.930791
698	-12.4156	-9.4181	-8.25886	-8.16664	0.00645422	0.129319	0.412203	0.452025	0.819444
699	-3.67913	-3.78077	-4.15172	-4.24444	0.323109	0.291883	0.201423	0.183586	0.407992
700	-24.7436	-21.7502	-20.6051	-20.5162	0.00657052	0.131098	0.411997	0.450334	0.817913
701	-27.0393	-20.9322	-18.2051	-17.9186	6.07608e-05	0.0272841	0.41713	0.555525	0.908092
702	-14.9216	-11.9184	-10.7385	-10.6411	0.00628956	0.12674	0.412403	0.454568	0.821675
703	-11.704	-8.69879	-7.51244	-7.41365	0.00623797	0.125948	0.412493	0.455322	0.822357
704	-7.36841	-7.4475	-7.7364	-7.80868	0.306752	0.283427	0.212313	0.197508	0.429292
705	-22.1255	-16.0228	-13.3129	-13.031	6.22145e-05	0.0278143	0.417989	0.554135	0.907517
706	-3.67788	-3.78376	-4.16919	-4.26527	0.326038	0.293281	0.199478	0.181203	0.404272
707	-3.84197	-3.9504	-4.34666	-4.44584	0.328125	0.294407	0.198086	0.179382	0.401515
708	-19.7129	-19.7956	-20.0978	-20.1732	0.309391	0.284816	0.210545	0.195248	0.425838
709	-13.9139	-10.9022	-9.69097	-9.58568	0.00604703	0.12289	0.412624	0.458438	0.825015
710	-4.53915	-4.59556	-4.80236	-4.8543	0.290409	0.274482	0.223203	0.211906	0.450979
711	-25.2302	-19.143	-16.4876	-16.2188	6.71107e-05	0.0295409	0.420362	0.55003	0.905715
712	-15.4323	-12.4226	-11.2196	-11.1165	0.00610892	0.123893	0.412601	0.457397	0.824141
713	-3.84197	-3.9504	-4.34666	-4.44584	0.328125	0.294407	0.198086	0.179382	0.401515
714	-3.67788	-3.78376	-4.16919	-4.26527	0.326038	0.293281	0.199478	0.181203	0.404272
715	-3.84197	-3.9504	-4.34666	-4.44584	0.328125	0.294407	0.198086	0.179382	0.401515
716	-3.84197	-3.9504	-4.34666	-4.44584	0.328125	0.294407	0.198086	0.179382	0.401515
717	-3.98495	-4.06552	-4.36019	-4.43401	0.307888	0.284054	0.211556	0.196502	0.427781
718	-3.92466	-4.00349	-4.29218	-4.36459	0.30668	0.283433	0.212361	0.197526	0.429351
719	-5.07925	-5.16034	-5.45682	-5.53106	0.308251	0.284241	0.211315	0.196194	0.427309
720	-4.55214	-4.65034	-5.00878	-5.09838	0.320617	0.290627	0.20308	0.185676	0.411211
721	-4.30959	-4.39127	-4.68932	-4.76383	0.308589	0.284387	0.21109	0.195934	0.426892
722	-9.14805	-9.2618	-9.67636	-9.7798	0.331812	0.296137	0.195639	0.176413	0.396856
723	-25.4598	-19.3595	-16.6556	-16.3745	6.27571e-05	0.0279907	0.418117	0.553829	0.907352
724	-4.4509	-4.56453	-4.97945	-5.0832	0.331848	0.296206	0.195612	0.176334	0.396769
725	-5.07925	-5.16034	-5.45682	-5.53106	0.308251	0.284241	0.211315	0.196194	0.427309
726	-4.53915	-4.59556	-4.80236	-4.8543	0.290409	0.274482	0.223203	0.211906	0.450979
727	-4.37871	-4.45949	-4.75497	-4.82902	0.308046	0.284144	0.21145	0.19636	0.427569
728	-4.14226	-4.1983	-4.40345	-4.45489	0.290094	0.274284	0.223413	0.21221	0.451418
729	-4.5626	-4.62809	-4.86633	-4.9257	0.29672	0.277911	0.218996	0.206373	0.442626
730	-3.67788	-3.78376	-4.16919	-4.26527	0.326038	0.293281	0.199478	0.181203	0.404272
731	-3.77261	-3.88081	-4.27653	-4.37564	0.328003	0.294365	0.198166	0.179466	0.401657
732	-4.70002	-4.80369	-5.18232	-5.27703	0.324627	0.292658	0.200413	0.182303	0.406023
733	-3.98495	-4.06551	-4.36019	-4.43401	0.307888	0.284054	0.211556	0.196502	0.427782
734	-4.13384	-4.21236	-4.50003	-4.57222	0.306473	0.283328	0.212499	0.197699	0.429619
735	-4.17985	-4.27647	-4.63052	-4.71938	0.31968	0.290239	0.2037	0.18638	0.412353
736	-4.5626	-4.62808	-4.86633	-4.9257	0.296719	0.277911	0.218996	0.206373	0.442626
737	-4.57611	-4.64623	-4.90304	-4.96746	0.30034	0.28	0.216586	0.203074	0.437734
738	-4.30959	-4.39127	-4.68932	-4.76383	0.308589	0.284387	0.21109	0.195934	0.426892
739	-6.12639	-6.22937	-6.60022	-6.69167	0.323316	0.291676	0.201299	0.183708	0.407975
740	-4.17788	-4.29066	-4.70229	-4.80519	0.331205	0.295881	0.196041	0.176873	0.3976
741	-4.70002	-4.80369	-5.18232	-5.27703	0.324627	0.292658	0.200413	0.182303	0.406023
742	-18.8166	-18.9307	-19.3459	-19.4494	0.331978	0.296176	0.195531	0.176315	0.396677
743	-4.59968	-4.68557	-4.99957	-5.07821	0.311741	0.286084	0.20899	0.193185	0.422732
744	-4.15551	-4.2332	-4.51742	-4.58865	0.305803	0.282947	0.212945	0.198304	0.43052
745	-18.5311	-18.5881	-18.7972	-18.8497	0.290857	0.274736	0.222905	0.211502	0.450376
746	-7.46086	-7.54428	-7.84908	-7.92538	0.309917	0.285113	0.210205	0.194765	0.42513
747	-31.666	-31.7239	-31.9355	-31.9883	0.291382	0.274974	0.222552	0.211092	0.449721
748	-10.9768	-11.0626	-11.3766	-11.4552	0.311722	0.286075	0.209002	0.193201	0.422757
749	-13.449	-10.4569	-9.31443	-9.22573	0.006594	0.131413	0.411894	0.450099	0.81765
750	-11.5288	-8.53034	-7.36898	-7.27652	0.00643594	0.129068	0.41228	0.452216	0.819654
751	-46.2837	-33.9964	-28.2762	-27.6368	5.2151e-09	0.00113129	0.344997	0.653872	0.941326
752	-26.4204	-20.307	-17.5569	-17.2646	5.88516e-05	0.0265935	0.416043	0.557305	0.908835
753	-12.0099	-12.091	-12.3875	-12.4618	0.308258	0.284245	0.21131	0.196187	0.427299
754	-3.98495	-4.06551	-4.36019	-4.43401	0.307888	0.284054	0.211556	0.196502	0.427782
755	-18.2285	-15.2127	-13.9871	-13.8784	0.00593843	0.121176	0.412738	0.460147	0.8265
756	-25.4891	-19.3839	-16.6657	-16.3819	6.14949e-05	0.0275611	0.417647	0.554731	0.907781
757	-13.32	-13.4016	-13.6994	-13.7739	0.308532	0.284371	0.211126	0.195971	0.426956
758	-4.15551	-4.2332	-4.51742	-4.58865	0.305803	0.282947	0.212945	0.198304	0.43052
759	-16.4856	-16.5844	-16.9448	-17.0348	0.321016	0.290812	0.202816	0.185356	0.410709
760	-4.13384	-4.21236	-4.50003	-4.57222	0.306473	0.283328	0.212499	0.197699	0.429619
761	-4.55903	-4.65845	-5.02132	-5.11204	0.3215	0.291075	0.202493	0.184932	0.410068
762	-5.07925	-5.16034	-5.45681	-5.53106	0.30825	0.284241	0.211315	0.196194	0.42731
763	-4.53915	-4.59555	-4.80236	-4.8543	0.290409	0.274482	0.223203	0.211906	0.450979
764	-16.0796	-13.0853	-11.9376	-11.8483	0.00654829	0.130786	0.412078	0.450588	0.818176
765	-4.59968	-4.68557	-4.99957	-5.07821	0.311741	0.286084	0.20899	0.193185	0.422732
766	-4.29397	-4.38286	-4.70799	-4.78945	0.313951	0.287248	0.207517	0.191284	0.419837
767	-27.9009	-27.9843	-28.289	-28.3653	0.309906	0.285103	0.21021	0.19478	0.425148
768	-15.9532	-12.9159	-11.6124	-11.4843	0.00537975	0.112162	0.413011	0.469447	0.834353
769	-4.326	-4.40567	-4.69693	-4.76987	0.307213	0.283689	0.212006	0.197092	0.428673
770	-10.3643	-10.442	-10.7262	-10.7974	0.305796	0.282937	0.21295	0.198316	0.430534
771	-12.1272	-12.2057	-12.4934	-12.5656	0.306475	0.283329	0.212498	0.197698	0.429617
772	-4.326	-4.40567	-4.69693	-4.76987	0.307213	0.283689	0.212006	0.197092	0.428673
773	-14.8839	-14.9634	-15.2541	-15.3269	0.307097	0.283627	0.212083	0.197193	0.428826
774	-4.30959	-4.39127	-4.68932	-4.76383	0.308589	0.284387	0.21109	0.195934	0.426892
775	-4.59968	-4.68557	-4.99957	-5.07821	0.311741	0.286084	0.20899	0.193185	0.422732
776	-15.0781	-12.0636	-10.843	-10.7356	0.00597578	0.121775	0.412713	0.459536	0.82598
777	-4.4509	-4.56453	-4.97944	-5.0832	0.331848	0.296205	0.195612	0.176335	0.396769
778	-4.70002	-4.80369	-5.18232	-5.27703	0.324627	0.292658	0.200413	0.182303	0.406023
779	-7.07007	-7.16631	-7.51523	-7.60183	0.318823	0.289569	0.204277	0.18733	0.413652
780	-4.73498	-4.81405	-5.10317	-5.17558	0.306785	0.283462	0.212291	0.197462	0.429235
781	-9.34069	-9.39712	-9.60401	-9.65597	0.290426	0.274491	0.223192	0.211891	0.450956
782	-8.37468	-8.45262	-8.73727	-8.80834	0.305902	0.282964	0.212869	0.198264	0.43042
783	-4.60631	-4.68455	-4.97087	-5.04265	0.306219	0.283173	0.212668	0.197939	0.429969
784	-4.55214	-4.65034	-5.00878	-5.09838	0.320616	0.290627	0.20308	0.185676	0.411212
785	-4.59968	-4.68557	-4.99957	-5.07821	0.311741	0.286084	0.20899	0.193185	0.422732
786	-4.33175	-4.41389	-4.71354	-4.78841	0.308911	0.284551	0.210875	0.195663	0.426474
787	-31.4576	-31.5293	-31.7909	-31.8563	0.301338	0.280486	0.21592	0.202256	0.436459
788	-4.17985	-4.27647	-4.63052	-4.71938	0.31968	0.290239	0.2037	0.18638	0.412353
789	-4.78962	-4.87288	-5.17732	-5.25357	0.309836	0.285082	0.210259	0.194823	0.425227
790	-4.57611	-4.64623	-4.90304	-4.96746	0.30034	0.28	0.216586	0.203074	0.437734
791	-7.14995	-7.2326	-7.53417	-7.60956	0.309291	0.284758	0.210622	0.195328	0.425971
792	-12.007	-12.1109	-12.4859	-12.5786	0.324106	0.292124	0.200772	0.182998	0.406915
793	-9.46658	-9.57935	-9.99065	-10.0934	0.331153	0.295838	0.196077	0.176932	0.397681
794	-4.29102	-4.39535	-4.77639	-4.8717	0.325106	0.292898	0.200093	0.181903	0.405405
795	-42.6954	-36.5859	-33.8498	-33.561	6.00106e-05	0.0270137	0.416709	0.556217	0.908382
796	-4.59968	-4.68557	-4.99957	-5.07821	0.311741	0.286084	0.20899	0.193185	0.422732
797	-4.15551	-4.2332	-4.51742	-4.58865	0.305803	0.282947	0.212945	0.198304	0.43052
798	-4.53915	-4.59555	-4.80236	-4.8543	0.290409	0.274482	0.223203	0.211906	0.450979
799	-4.73498	-4.81405	-5.10317	-5.17558	0.306785	0.283462	0.212291	0.197462	0.429235
800	-9.37484	-9.4531	-9.73949	-9.81128	0.306232	0.28318	0.21266	0.197928	0.429952
801	-17.4491	-14.4589	-13.3227	-13.2352	0.00664616	0.132186	0.411763	0.449405	0.816991
802	-12.0531	-9.04786	-7.86105	-7.76208	0.00623467	0.125887	0.412485	0.455393	0.822411
803	-41.5334	-31.9554	-26.1598	-25.4057	6.72909e-08	0.00097197	0.319637	0.679391	0.945628
804	-16.1737	-13.1908	-12.0862	-12.0079	0.00690727	0.136382	0.411599	0.445112	0.81334
805	-13.1637	-10.1375	-8.87578	-8.75838	0.00567181	0.116937	0.412973	0.464418	0.83018
806	-15.2529	-12.2387	-11.0177	-10.9098	0.00597401	0.12171	0.412653	0.459663	0.826044
823	-26.5831	-20.4729	-17.7346	-17.4452	5.98226e-05	0.0269452	0.416587	0.556408	0.908458
824	-20.178	-14.0754	-11.3655	-11.0834	6.22169e-05	0.0278136	0.417976	0.554148	0.90752
825	-4.69958	-4.80297	-5.18053	-5.27496	0.324415	0.292551	0.200553	0.182481	0.406297
826	-11.6527	-8.66827	-7.55803	-7.47837	0.00685891	0.13564	0.41168	0.44582	0.813979
827	-14.2396	-14.3418	-14.7133	-14.8058	0.323286	0.291884	0.201309	0.183521	0.407834
828	-4.59874	-4.67795	-4.96725	-5.03963	0.306836	0.283468	0.212257	0.197439	0.429185
829	-14.8429	-11.8303	-10.6163	-10.5105	0.00602614	0.122573	0.412665	0.458737	0.825288
830	-4.56196	-4.62727	-4.86484	-4.92404	0.296586	0.277836	0.219085	0.206492	0.442804
831	-30.6506	-24.5515	-21.8539	-21.5747	6.32897e-05	0.028192	0.418495	0.55325	0.907125
832	-4.38004	-4.46371	-4.76956	-4.84616	0.31012	0.28523	0.21007	0.19458	0.424857
833	-4.37812	-4.45867	-4.75333	-4.82716	0.307881	0.284055	0.21156	0.196503	0.427786
834	-4.53817	-4.59442	-4.80064	-4.85243	0.290294	0.274416	0.22328	0.21201	0.451133
835	-3.85159	-3.95369	-4.32541	-4.41811	0.323304	0.291925	0.201296	0.183475	0.407785
836	-12.4074	-9.40705	-8.23882	-8.14466	0.0063808	0.128207	0.412351	0.453062	0.820398
837	-10.6812	-10.7381	-10.947	-10.9995	0.290825	0.274718	0.222927	0.211531	0.45042
838	-11.6504	-8.64553	-7.46032	-7.36183	0.00624686	0.126089	0.412485	0.455179	0.822234
839	-4.13327	-4.21158	-4.49844	-4.57043	0.306313	0.283242	0.212606	0.197839	0.42983
840	-15.2475	-12.2399	-11.0436	-10.9421	0.00616205	0.124717	0.41252	0.456601	0.82343
841	-12.6828	-9.66394	-8.42779	-8.3166	0.00585908	0.119928	0.412831	0.461382	0.827581
842	-4.29342	-4.38207	-4.70629	-4.78751	0.31377	0.287153	0.207638	0.19144	0.420075
843	-4.69958	-4.80297	-5.18053	-5.27496	0.324415	0.292551	0.200553	0.182481	0.406297
844	-4.55172	-4.64965	-5.00708	-5.09642	0.320416	0.290524	0.203214	0.185846	0.411472
845	-4.38004	-4.46371	-4.76956	-4.84616	0.31012	0.28523	0.21007	0.19458	0.424857
846	-40.3651	-31.173	-26.969	-26.5113	5.86053e-07	0.0057548	0.385288	0.608956	0.93093
847	-24.8824	-18.7932	-16.131	-15.8606	6.64754e-05	0.0293203	0.420084	0.550529	0.905941
848	-4.45042	-4.56373	-4.97747	-5.08093	0.331616	0.296092	0.195766	0.176526	0.397066
849	-4.33105	-4.41296	-4.71177	-4.78643	0.308743	0.284462	0.210987	0.195808	0.426696
850	-25.4753	-25.5548	-25.8455	-25.9183	0.307102	0.283632	0.21208	0.197187	0.428818
851	-4.13327	-4.21158	-4.49844	-4.57043	0.306313	0.283242	0.212606	0.197839	0.42983
852	-4.19673	-4.27534	-4.56298	-4.63507	0.306482	0.283312	0.212493	0.197712	0.429624
853	-31.3202	-25.204	-22.4433	-22.1483	5.79971e-05	0.0262809	0.415531	0.55813	0.909175
854	-4.15551	-4.2332	-4.51742	-4.58866	0.305804	0.282947	0.212945	0.198304	0.430519
855	-15.6584	-15.7665	-16.1617	-16.2606	0.327898	0.294297	0.198236	0.179568	0.401805
856	-9.68511	-9.77091	-10.0846	-10.1631	0.311673	0.286048	0.209035	0.193244	0.422822
857	-14.4823	-11.4802	-10.3018	-10.2042	0.0063042	0.126887	0.412264	0.454545	0.821563
858	-4.13384	-4.21236	-4.50003	-4.57222	0.306474	0.283328	0.212499	0.197699	0.429619
859	-4.58889	-4.68488	-5.03661	-5.12489	0.319219	0.290003	0.204007	0.18677	0.412951
860	-4.38441	-4.46832	-4.77466	-4.85127	0.310234	0.285265	0.209994	0.194507	0.424728
861	-4.17985	-4.27647	-4.63052	-4.71938	0.31968	0.290239	0.2037	0.18638	0.412353
862	-4.30959	-4.39127	-4.68932	-4.76383	0.308589	0.284387	0.21109	0.195934	0.426892
863	-4.1816	-4.28911	-4.6823	-4.78077	0.327501	0.294116	0.1985	0.179884	0.402303
864	-3.76899	-3.88246	-4.29668	-4.40023	0.331717	0.296132	0.195701	0.17645	0.396944
865	-53.0099	-40.7318	-35.0432	-34.4112	5.45803e-09	0.00117314	0.346647	0.65218	0.94102
866	-12.122	-9.1125	-7.91092	-7.80844	0.00611954	0.124087	0.41263	0.457163	0.823967
867	-9.33106	-9.41366	-9.71517	-9.79056	0.309275	0.284754	0.210633	0.195338	0.425988
868	-10.0811	-10.1588	-10.443	-10.5141	0.305794	0.282934	0.212952	0.19832	0.430539
869	-4.53915	-4.59556	-4.80236	-4.8543	0.290409	0.274482	0.223203	0.211906	0.450979
870	-4.30959	-4.39127	-4.68932	-4.76383	0.308589	0.284387	0.21109	0.195934	0.426892
871	-16.0842	-13.0779	-11.8857	-11.7849	0.0061938	0.125192	0.412449	0.456165	0.823023
872	-14.5495	-11.5595	-10.4281	-10.3428	0.00668133	0.13286	0.4119	0.448559	0.816384
873	-32.3776	-23.1616	-18.8708	-18.3915	5.17986e-07	0.00520961	0.380418	0.614371	0.932175
874	-14.7471	-11.7349	-10.522	-10.4163	0.00603473	0.122694	0.412634	0.458637	0.825186
875	-16.0486	-13.0224	-11.7599	-11.6421	0.00566647	0.11683	0.41294	0.464564	0.830278
876	-21.2556	-15.1634	-12.4917	-12.2192	6.55883e-05	0.0290151	0.419721	0.551198	0.906251
877	-14.9371	-11.9457	-10.808	-10.7208	0.00663044	0.132034	0.41192	0.449416	0.817104
878	-14.646	-11.6456	-10.4748	-10.3795	0.00636297	0.127861	0.412271	0.453505	0.820711
879	-4.38064	-4.46454	-4.77126	-4.84808	0.310292	0.285321	0.209956	0.194432	0.424631
880	-9.40118	-9.48564	-9.79423	-9.87143	0.31067	0.285508	0.209701	0.194121	0.424146
881	-3.98495	-4.06552	-4.36019	-4.43401	0.307888	0.284054	0.211556	0.196502	0.427781
882	-29.1013	-22.9809	-20.207	-19.9091	5.69263e-05	0.025903	0.415013	0.559027	0.909569
883	-4.13384	-4.21236	-4.50003	-4.57222	0.306474	0.283328	0.212499	0.197699	0.429619
884	-3.67963	-3.78155	-4.15354	-4.24653	0.323317	0.291988	0.201284	0.183411	0.407723
885	-22.7421	-16.6442	-13.951	-13.6729	6.36762e-05	0.0283295	0.418695	0.552912	0.90698
886	-3.88499	-3.9745	-4.30185	-4.38386	0.314394	0.287478	0.207222	0.190906	0.419259
887	-14.2737	-11.2863	-10.1648	-10.0822	0.0067646	0.134165	0.411798	0.447272	0.815255
888	-4.78962	-4.87288	-5.17732	-5.25357	0.309836	0.285082	0.210259	0.194823	0.425227
889	-15.8022	-12.7723	-11.4945	-11.3725	0.00555929	0.115052	0.412903	0.466485	0.831838
890	-3.92466	-4.00349	-4.29218	-4.36459	0.30668	0.283433	0.212361	0.197526	0.429351
891	-29.2221	-29.2922	-29.5476	-29.6114	0.300118	0.279815	0.216733	0.203334	0.43808
892	-6.52487	-6.60301	-6.88504	-6.95479	0.305535	0.282569	0.213127	0.198769	0.431064
893	-17.7491	-14.7576	-13.6031	-13.5079	0.0065108	0.129672	0.411373	0.452444	0.819237
894	-3.77261	-3.88081	-4.27653	-4.37564	0.328003	0.294365	0.198166	0.179466	0.401657
895	-24.5037	-24.6018	-24.9599	-25.0494	0.320554	0.290587	0.203122	0.185737	0.411299
896	-8.27942	-8.36153	-8.66118	-8.7358	0.30889	0.28454	0.210866	0.195704	0.426506
897	-22.5215	-16.424	-13.7316	-13.4536	6.37533e-05	0.0283525	0.418694	0.55289	0.906961
898	-17.1158	-14.1064	-12.902	-12.7982	0.00610114	0.123711	0.412518	0.45767	0.82431
899	-9.34632	-9.4569	-9.86017	-9.96087	0.329556	0.295056	0.197136	0.178252	0.399725
900	-4.734	-4.81335	-5.10278	-5.17508	0.306877	0.283466	0.21223	0.197427	0.42915
901	-24.6748	-18.5621	-15.8143	-15.5225	5.90397e-05	0.0266597	0.416135	0.557146	0.908766
902	-7.19645	-7.27474	-7.56102	-7.63271	0.30622	0.283158	0.212668	0.197955	0.429981
903	-10.8485	-10.934	-11.2455	-11.3232	0.311294	0.285776	0.209289	0.193641	0.423377
904	-4.12845	-4.20488	-4.48483	-4.55507	0.30494	0.282501	0.213521	0.199038	0.431644
905	-4.44627	-4.55687	-4.96061	-5.06153	0.32963	0.295119	0.197086	0.178166	0.399609
906	-4.734	-4.81335	-5.10278	-5.17508	0.306877	0.283466	0.21223	0.197427	0.42915
907	-7.01105	-7.09087	-7.38208	-7.45484	0.307228	0.283658	0.211996	0.197117	0.428685
908	-13.0996	-10.0758	-8.82199	-8.70645	0.00572946	0.117853	0.412922	0.463495	0.829384
909	-11.8159	-11.8916	-12.1684	-12.2378	0.304332	0.28215	0.213926	0.199592	0.432465
910	-4.12845	-4.20488	-4.48483	-4.55507	0.30494	0.282501	0.213521	0.199038	0.431644
911	-27.2335	-21.1144	-18.3382	-18.0381	5.6805e-05	0.0258143	0.414528	0.559601	0.909721
912	-7.50091	-7.5803	-7.8704	-7.943	0.306987	0.283559	0.212156	0.197298	0.428978
913	-4.1764	-4.27044	-4.61499	-4.70145	0.317792	0.289269	0.204957	0.187982	0.414807
914	-4.37491	-4.45657	-4.75503	-4.82976	0.308652	0.284448	0.211048	0.195852	0.426787
915	-28.4981	-19.3183	-15.1595	-14.7131	6.24852e-07	0.00606059	0.387846	0.606092	0.93026
916	-7.14436	-7.22482	-7.51836	-7.59171	0.307694	0.283906	0.211686	0.196714	0.428073
917	-8.44367	-8.52474	-8.82087	-8.89492	0.308192	0.284191	0.211351	0.196266	0.427402
918	-4.28687	-4.38842	-4.7592	-4.85191	0.323068	0.291871	0.20145	0.183612	0.408038
919	-22.7416	-16.6504	-13.9823	-13.7108	6.59248e-05	0.0291352	0.419897	0.550902	0.906124
920	-16.576	-13.5636	-12.3503	-12.2445	0.00603085	0.122637	0.412644	0.458688	0.825234
921	-14.6528	-11.6595	-10.5156	-10.4272	0.00657926	0.13127	0.412037	0.450114	0.817758
922	-12.1832	-9.19168	-8.05406	-7.96716	0.00663086	0.132064	0.411954	0.449352	0.817074
923	-4.64614	-4.72846	-5.02913	-5.10433	0.309097	0.284672	0.210749	0.195482	0.426213
924	-11.8394	-8.82408	-7.60067	-7.4926	0.00595414	0.121442	0.412751	0.459853	0.826267
925	-12.7585	-9.75662	-8.58214	-8.48627	0.00633176	0.127417	0.412379	0.453873	0.821086
926	-25.3997	-19.2851	-16.5318	-16.239	5.85846e-05	0.0265042	0.415963	0.557474	0.908921
927	-3.84848	-3.94508	-4.29761	-4.38572	0.319442	0.290027	0.203863	0.186669	0.412736
928	-12.1652	-9.14809	-7.91817	-7.8085	0.00590551	0.120666	0.412789	0.460639	0.82694
929	-15.4238	-12.3803	-11.053	-10.9187	0.00522022	0.109514	0.412958	0.472307	0.836676
930	-25.3442	-19.0487	-15.8566	-15.4861	3.04404e-05	0.0165039	0.401666	0.5818	0.919449
931	-15.6116	-12.6143	-11.4557	-11.3636	0.00646006	0.129404	0.412186	0.451949	0.819371
932	-4.17286	-4.28263	-4.68317	-4.78326	0.329003	0.294799	0.197504	0.178693	0.400422
933	-11.8238	-8.8195	-7.63714	-7.53953	0.00626853	0.126451	0.412494	0.454786	0.821916
934	-8.80025	-8.90489	-9.28688	-9.38239	0.325304	0.292985	0.199963	0.181748	0.40516
935	-3.87983	-3.96694	-4.2855	-4.36528	0.312645	0.286561	0.208387	0.192407	0.421548
936	-33.4361	-26.8895	-22.4889	-21.9077	6.28721e-06	0.00438153	0.357084	0.638528	0.936683
937	-4.98696	-5.08184	-5.42807	-5.5146	0.318188	0.289386	0.204696	0.18773	0.414362
938	-9.45806	-9.51416	-9.71935	-9.77076	0.290111	0.274282	0.2234	0.212207	0.451404
939	-3.87983	-3.96694	-4.2855	-4.36528	0.312645	0.286561	0.208387	0.192407	0.421548
940	-4.6642	-4.74374	-5.03446	-5.10723	0.307109	0.283626	0.212075	0.197189	0.428816
941	-4.32033	-4.39787	-4.6813	-4.75226	0.305657	0.282851	0.213043	0.198449	0.430727
942	-14.9154	-11.9185	-10.7621	-10.6706	0.00647656	0.129679	0.41219	0.451654	0.81913
952	-4.1816	-4.28911	-4.6823	-4.78077	0.327501	0.294116	0.1985	0.179884	0.402303
953	-16.2549	-16.3331	-16.6195	-16.6913	0.306229	0.283178	0.212662	0.197931	0.429957
954	-28.6634	-19.4643	-15.2345	-14.7703	5.65005e-07	0.005587	0.383819	0.610593	0.931308
955	-23.2414	-17.1556	-14.5072	-14.2405	6.77372e-05	0.0297767	0.420795	0.549361	0.905451
956	-11.5605	-8.54469	-7.32024	-7.21205	0.00594588	0.121325	0.412782	0.459947	0.826364
957	-15.6048	-12.5922	-11.3783	-11.2725	0.00602604	0.122579	0.412678	0.458717	0.82528
958	-7.04039	-7.11878	-7.40577	-7.47774	0.306346	0.283249	0.212583	0.197821	0.429795
959	-3.67788	-3.78376	-4.16919	-4.26527	0.326038	0.293281	0.199478	0.181203	0.404272
960	-11.215	-11.3286	-11.7435	-11.8472	0.331836	0.296196	0.19562	0.176348	0.396787
961	-3.88499	-3.9745	-4.30185	-4.38386	0.314394	0.287478	0.207222	0.190906	0.419259
962	-4.17985	-4.27647	-4.63052	-4.71938	0.31968	0.290239	0.2037	0.18638	0.412353
963	-4.326	-4.40567	-4.69693	-4.76988	0.307214	0.283689	0.212005	0.197092	0.428673
964	-4.30959	-4.39127	-4.68932	-4.76383	0.308589	0.284387	0.21109	0.195934	0.426892
965	-14.8901	-11.8803	-10.6757	-10.572	0.00609846	0.123695	0.412561	0.457646	0.824319
966	-17.0623	-14.0562	-12.865	-12.7647	0.0062023	0.125337	0.412457	0.456003	0.822895
967	-4.73498	-4.81405	-5.10317	-5.17558	0.306785	0.283462	0.212291	0.197462	0.429235
968	-4.17788	-4.29066	-4.70229	-4.80519	0.331205	0.295881	0.196041	0.176873	0.3976
969	-4.17985	-4.27647	-4.63052	-4.71938	0.31968	0.290239	0.2037	0.18638	0.412353
970	-4.13384	-4.21236	-4.50003	-4.57222	0.306474	0.283328	0.212499	0.197699	0.429619
971	-4.38441	-4.46832	-4.77466	-4.85127	0.310234	0.285265	0.209994	0.194507	0.424728
972	-4.33175	-4.41389	-4.71354	-4.78841	0.308911	0.284552	0.210875	0.195662	0.426474
973	-4.04196	-4.15634	-4.574	-4.67843	0.332394	0.296468	0.19525	0.175888	0.396074
974	-12.5076	-9.48845	-8.25162	-8.14029	0.00585397	0.119849	0.41284	0.461457	0.827648
975	-3.77261	-3.88081	-4.27653	-4.37564	0.328003	0.294365	0.198166	0.179466	0.401657
976	-4.33175	-4.41389	-4.71354	-4.78841	0.308911	0.284551	0.210875	0.195663	0.426474
977	-12.7828	-9.7758	-8.5838	-8.48383	0.00619308	0.125265	0.41258	0.455962	0.822943
978	-12.9854	-13.0665	-13.3629	-13.4372	0.308251	0.284241	0.211314	0.196193	0.427309
979	-7.04785	-7.1314	-7.43645	-7.51261	0.309968	0.285123	0.21016	0.194749	0.425079
980	-37.9659	-28.7849	-24.6193	-24.1706	6.19026e-07	0.00601138	0.38732	0.606668	0.930386
981	-4.326	-4.40567	-4.69693	-4.76987	0.307213	0.283689	0.212006	0.197092	0.428673
982	-19.8741	-16.8586	-15.6347	-15.5265	0.00595036	0.121385	0.412761	0.459903	0.826314
983	-25.1156	-19.0036	-16.2594	-15.9687	5.93288e-05	0.0267704	0.416355	0.556815	0.908639
984	-9.34994	-9.45579	-9.84091	-9.93687	0.325984	0.293244	0.199514	0.181257	0.404348
985	-4.74066	-4.82219	-5.11964	-5.19397	0.308471	0.28432	0.211168	0.196041	0.42705
986	-4.53915	-4.59555	-4.80236	-4.8543	0.290409	0.274482	0.223203	0.211906	0.450979
987	-4.65225	-4.73682	-5.04581	-5.12312	0.310751	0.28555	0.209647	0.194051	0.42404
988	-3.67963	-3.78155	-4.15354	-4.24653	0.323317	0.291988	0.201284	0.183411	0.407723
989	-3.84197	-3.9504	-4.34666	-4.44584	0.328125	0.294407	0.198086	0.179382	0.401515
990	-4.70002	-4.80369	-5.18232	-5.27703	0.324627	0.292658	0.200413	0.182303	0.406023
991	-4.65886	-4.71427	-4.91634	-4.96683	0.289516	0.273911	0.223796	0.212777	0.452231
992	-3.88499	-3.97449	-4.30185	-4.38386	0.314394	0.287478	0.207222	0.190906	0.419259
993	-24.0132	-17.9208	-15.2461	-14.9723	6.53387e-05	0.0289119	0.419465	0.551558	0.906377
994	-4.15551	-4.2332	-4.51742	-4.58865	0.305803	0.282947	0.212945	0.198304	0.43052
995	-19.3145	-16.2901	-15.0345	-14.9185	0.00571599	0.117643	0.412939	0.463701	0.829566
996	-38.6799	-29.3766	-24.9214	-24.4248	3.98773e-07	0.00437654	0.376689	0.618934	0.933467
997	-24.1034	-18.013	-15.3477	-15.0768	6.61811e-05	0.0292251	0.420014	0.550695	0.906031
998	-12.48	-9.52929	-8.54122	-8.49183	0.00797242	0.15243	0.409434	0.430163	0.799567
999	-16.6759	-13.7309	-12.7622	-12.7172	0.00816442	0.155204	0.408905	0.427726	0.797204
1000	-4.57745	-4.67583	-5.03633	-5.12681	0.320963	0.290891	0.202847	0.185299	0.410691
1001	-21.8165	-15.782	-13.3216	-13.1021	8.77251e-05	0.0366338	0.428994	0.534284	0.898496
1002	-8.52519	-8.63816	-9.05164	-9.15529	0.331519	0.296106	0.195827	0.176548	0.39714
1003	-4.21482	-4.32496	-4.7283	-4.82948	0.329495	0.295132	0.197174	0.1782	0.399718
1004	-3.76075	-3.90928	-4.44996	-4.58473	0.356807	0.307559	0.179108	0.156526	0.365509
1005	-15.1204	-12.1137	-10.918	-10.8159	0.00616947	0.124746	0.412378	0.456707	0.823423
1006	-12.002	-9.03389	-7.98203	-7.91666	0.00737337	0.143457	0.410714	0.438456	0.807261
1007	-4.35261	-4.49899	-5.03424	-5.16827	0.355624	0.307197	0.17987	0.157308	0.36685
1008	-34.0905	-24.7028	-20.0125	-19.4656	2.80991e-07	0.00335526	0.365352	0.631292	0.936165
1009	-35.4201	-25.8392	-20.8941	-20.321	1.76719e-07	0.00255972	0.359605	0.637835	0.937759
1010	-33.642	-24.505	-20.4993	-20.0903	7.76578e-07	0.00721637	0.396264	0.596518	0.927933
1011	-32.2498	-23.1087	-19.0894	-18.6774	7.61643e-07	0.00710685	0.395593	0.597299	0.928133
1012	-34.5099	-25.298	-21.0322	-20.5613	5.35973e-07	0.00536855	0.382344	0.612287	0.931729
1013	-12.0583	-9.07382	-7.9634	-7.88369	0.00685742	0.135617	0.411682	0.445843	0.813999
1014	-13.0664	-10.121	-9.15081	-9.10542	0.00814989	0.154988	0.408936	0.427926	0.79739
1015	-4.35261	-4.49899	-5.03424	-5.16827	0.355624	0.307197	0.17987	0.157308	0.36685
1016	-3.74948	-3.89244	-4.41397	-4.54428	0.352982	0.305963	0.181622	0.159433	0.370185
1017	-13.8129	-10.8405	-9.77245	-9.70283	0.00722836	0.141232	0.410954	0.440586	0.809177
1018	-19.3843	-13.3197	-10.7486	-10.5012	7.53588e-05	0.032431	0.424223	0.543271	0.902717
1019	-15.0608	-11.9675	-10.6053	-10.4858	0.00485006	0.10695	0.41758	0.47062	0.838372
1020	-11.7806	-8.83092	-7.84702	-7.79875	0.00801271	0.153037	0.409353	0.429597	0.799046
1021	-4.23283	-4.36945	-4.87012	-4.99578	0.348758	0.304222	0.184397	0.162623	0.375331
1022	-4.65581	-4.74846	-5.08625	-5.17059	0.316519	0.288511	0.205808	0.189163	0.416546
1023	-15.6862	-15.8014	-16.2231	-16.3288	0.333153	0.296896	0.194743	0.175208	0.395057
1024	-4.69331	-4.80567	-5.21659	-5.31952	0.331026	0.295846	0.196157	0.176972	0.397787
1025	-4.41328	-4.52595	-4.93826	-5.0416	0.331291	0.295989	0.19598	0.17674	0.397437
1026	-4.61312	-4.75203	-5.25977	-5.38685	0.350216	0.304794	0.183441	0.16155	0.373579
1027	-4.68392	-4.76368	-5.05601	-5.12941	0.307395	0.283831	0.211885	0.196889	0.428398
1028	-22.7878	-22.904	-23.3288	-23.435	0.333789	0.297157	0.194323	0.174731	0.394283
1029	-17.6918	-17.8045	-18.217	-18.3204	0.33133	0.296011	0.195953	0.176706	0.397385
1030	-4.35438	-4.50195	-5.0416	-5.17675	0.356486	0.307575	0.179302	0.156637	0.365782
1031	-4.23283	-4.36945	-4.87012	-4.99578	0.348758	0.304222	0.184397	0.162623	0.375331
1032	-16.2939	-13.2798	-12.0606	-11.9536	0.00598646	0.121952	0.412718	0.459344	0.825824
1033	-10.8576	-11.0026	-11.5307	-11.6624	0.354315	0.306488	0.180749	0.158448	0.368581
1034	-3.76315	-3.91289	-4.45803	-4.59393	0.357682	0.307941	0.178531	0.155846	0.364426
1035	-13.1127	-10.1524	-9.12904	-9.07083	0.00763617	0.147416	0.41018	0.434768	0.803862
1036	-41.065	-28.8045	-23.1828	-22.5681	6.00654e-09	0.00126843	0.350549	0.648183	0.940301
1037	-22.8283	-16.7464	-14.1114	-13.8478	6.9008e-05	0.0302152	0.42133	0.548386	0.905005
1038	-4.39579	-4.51131	-4.93332	-5.03892	0.333252	0.296894	0.194681	0.175172	0.39497
1039	-3.7515	-3.89561	-4.42144	-4.55283	0.353825	0.306338	0.181065	0.158772	0.369136
1040	-38.2944	-32.203	-29.5337	-29.2617	6.58175e-05	0.0290918	0.419793	0.551049	0.906176
1041	-40.6194	-31.3903	-27.0645	-26.5792	4.91933e-07	0.00501274	0.379093	0.615893	0.932554
1042	-15.9712	-12.9911	-11.8967	-11.821	0.00699516	0.137729	0.411448	0.443828	0.812181
1043	-13.9476	-10.9801	-9.93156	-9.86721	0.00740246	0.143922	0.410688	0.437988	0.806857
1044	-9.79564	-9.94863	-10.5079	-10.6479	0.360341	0.309224	0.176764	0.153671	0.361038
1045	-18.1837	-15.2008	-14.0966	-14.0184	0.00690985	0.136426	0.411602	0.445062	0.813301
1046	-11.649	-8.70499	-7.74254	-7.69989	0.00822315	0.156179	0.40889	0.426707	0.796354
1047	-9.84151	-9.92082	-10.2108	-10.2834	0.306959	0.283555	0.212176	0.19731	0.429006
1048	-17.866	-14.8743	-13.7357	-13.6486	0.00662343	0.131942	0.411956	0.449478	0.81718
1049	-16.5388	-13.6182	-12.7406	-12.719	0.00910995	0.169023	0.4065	0.415368	0.785406
1050	-4.4663	-4.58066	-4.99937	-5.10437	0.332552	0.296615	0.195142	0.175692	0.395816
1051	-11.6915	-8.72675	-7.68804	-7.62609	0.00749288	0.145279	0.410498	0.436731	0.805693
1052	-26.0036	-19.9525	-17.4301	-17.1947	8.05881e-05	0.034215	0.426289	0.539415	0.900919
1053	-4.84419	-4.95965	-5.3815	-5.48707	0.333216	0.296883	0.194704	0.175197	0.395011
1054	-10.3054	-10.4412	-10.939	-11.0639	0.348193	0.303956	0.184772	0.163079	0.376047
1055	-11.4618	-8.5072	-7.50455	-7.45144	0.00783229	0.150336	0.409741	0.432091	0.801362
1056	-3.93883	-4.08377	-4.61167	-4.74333	0.354278	0.306476	0.180773	0.158473	0.368623
1057	-4.25242	-4.33174	-4.62197	-4.69471	0.306998	0.283587	0.21215	0.197265	0.428946
1058	-4.48671	-4.60553	-5.03995	-5.14873	0.335699	0.29809	0.193055	0.173157	0.39184
1059	-25.7556	-19.7119	-17.2152	-16.9859	8.35002e-05	0.0351896	0.427304	0.537423	0.899955
1060	-31.893	-23.9117	-19.9372	-19.5193	2.53064e-06	0.00740422	0.394094	0.5985	0.928135
1061	-3.75176	-3.89603	-4.42243	-4.55396	0.353936	0.306387	0.180992	0.158685	0.368998
1062	-20.5321	-14.4385	-11.7627	-11.4895	6.52146e-05	0.0288902	0.4196	0.551444	0.906373
1063	-3.96451	-4.09121	-4.55459	-4.67066	0.341434	0.300804	0.189251	0.168511	0.384573
1064	-15.4621	-12.4817	-11.386	-11.3098	0.0069834	0.137541	0.411455	0.44402	0.812344
1065	-5.17434	-5.28916	-5.70946	-5.81483	0.332871	0.296763	0.19493	0.175435	0.395413
1066	-24.4561	-18.4315	-16.0063	-15.7954	9.20805e-05	0.0380728	0.430388	0.531447	0.89709
1067	-11.7055	-8.75596	-7.77272	-7.72468	0.00801886	0.153137	0.40935	0.429495	0.798959
1068	-4.43401	-4.55033	-4.97532	-5.08166	0.333839	0.297181	0.19429	0.17469	0.39422
1069	-35.6028	-29.4844	-26.7266	-26.4347	5.81365e-05	0.0264008	0.416214	0.557327	0.908965
1070	-16.044	-13.0888	-12.0848	-12.0315	0.00781827	0.150151	0.409797	0.432233	0.801517
1071	-4.69744	-4.8082	-5.21349	-5.31508	0.329898	0.29531	0.196906	0.177886	0.399218
1072	-31.4588	-22.3072	-18.2508	-17.8297	7.22506e-07	0.00681253	0.393565	0.599622	0.928706
1073	-18.4728	-15.5294	-14.569	-14.5268	0.00824396	0.156476	0.408829	0.426451	0.796101
1074	-51.5012	-36.0048	-28.4936	-27.6264	3.01227e-11	0.000161772	0.295789	0.704049	0.950212
1075	-4.68445	-4.76429	-5.05694	-5.13042	0.307457	0.283864	0.211843	0.196835	0.428316
1076	-9.61472	-9.7255	-10.1309	-10.2324	0.329909	0.295315	0.196899	0.177877	0.399203
1077	-7.15592	-7.28929	-7.77276	-7.89275	0.345613	0.302459	0.186509	0.16542	0.379536
1078	-31.7168	-22.5363	-18.3739	-17.9263	6.21771e-07	0.00603489	0.387583	0.606382	0.930324
1079	-4.28744	-4.39903	-4.80734	-4.90967	0.330498	0.295601	0.196508	0.177394	0.398452
1080	-14.3879	-14.507	-14.9428	-15.0519	0.335953	0.298222	0.192884	0.172941	0.391509
1081	-5.05337	-5.19141	-5.69599	-5.82229	0.34959	0.304517	0.183855	0.162039	0.374357
1082	-25.645	-19.5802	-17.0079	-16.7602	7.52433e-05	0.0323872	0.424143	0.543395	0.902766
1083	-9.56153	-9.67723	-10.1007	-10.2069	0.333504	0.297067	0.19451	0.174919	0.394608
1084	-10.6372	-10.7568	-11.1942	-11.3037	0.336273	0.298376	0.192671	0.17268	0.391101
1085	-4.52263	-4.68348	-5.271	-5.41793	0.365893	0.311528	0.173118	0.149461	0.35426
1086	-11.6546	-8.6669	-7.54488	-7.46224	0.00675934	0.1341	0.411831	0.44731	0.815308
1087	-6.40727	-6.55078	-7.07117	-7.2004	0.352911	0.305731	0.181691	0.159666	0.370433
1088	-9.5723	-9.68508	-10.0978	-10.2012	0.331369	0.296027	0.195928	0.176675	0.397337
1089	-11.4323	-11.5147	-11.8124	-11.8859	0.308644	0.284227	0.211045	0.196083	0.426975
1090	-27.83	-24.8335	-23.6781	-23.5867	0.00648475	0.129797	0.412151	0.451567	0.819033
1091	-21.1643	-15.0878	-12.4736	-12.2156	7.10144e-05	0.0309272	0.422343	0.546659	0.904256
1092	-4.64293	-4.77881	-5.27679	-5.40178	0.348226	0.303984	0.184748	0.163041	0.375994
1093	-14.3655	-14.4718	-14.8611	-14.9586	0.326702	0.293737	0.199029	0.180532	0.403315
1094	-4.68445	-4.76429	-5.05694	-5.13042	0.307457	0.283864	0.211843	0.196835	0.428316
1095	-15.493	-12.5092	-11.401	-11.3218	0.00687677	0.135905	0.411638	0.445581	0.813753
1096	-4.74661	-4.86636	-5.30439	-5.41411	0.336405	0.298439	0.192584	0.172573	0.390934
1097	-6.40727	-6.55078	-7.07117	-7.2004	0.352911	0.305731	0.181691	0.159666	0.370433
1098	-4.61334	-4.7524	-5.26069	-5.38791	0.350323	0.304842	0.18337	0.161465	0.373445
1099	-7.62649	-7.73886	-8.14986	-8.25281	0.331039	0.295854	0.196148	0.176959	0.397769
1100	-12.0465	-9.06166	-7.95046	-7.87063	0.00685046	0.13552	0.411709	0.445921	0.814081
1101	-3.91189	-4.08557	-4.72073	-4.87977	0.375119	0.31531	0.167068	0.142502	0.343035
1102	-42.6716	-33.5437	-29.5724	-29.1723	8.15261e-07	0.00750705	0.398271	0.594221	0.927366
1103	-40.9326	-31.7773	-27.7049	-27.2793	7.06555e-07	0.00668739	0.39254	0.600772	0.928977
1104	-15.7324	-12.7522	-11.657	-11.581	0.0069891	0.137627	0.411444	0.44394	0.812271
1105	-28.8405	-19.6938	-15.6543	-15.2373	7.40131e-07	0.0069452	0.394484	0.59857	0.928447
1106	-4.25555	-4.41521	-4.99817	-5.14393	0.365014	0.31115	0.173697	0.150138	0.355343
1107	-4.5775	-4.67678	-5.04062	-5.13194	0.321627	0.291229	0.202405	0.184739	0.409831
1108	-13.2625	-10.2577	-9.09193	-9.00221	0.0063791	0.128737	0.413055	0.451829	0.819852
1109	-20.2839	-14.2482	-11.7823	-11.5612	8.7089e-05	0.0364116	0.428708	0.534793	0.898725
1110	-4.68445	-4.76429	-5.05694	-5.13042	0.307457	0.283864	0.211843	0.196835	0.428316
1111	-9.24327	-9.35446	-9.76166	-9.86382	0.330262	0.295509	0.196663	0.177565	0.398734
1112	-21.0874	-15.0113	-12.3986	-12.141	7.1163e-05	0.0309794	0.422413	0.546537	0.904202
1113	-7.69599	-7.81506	-8.25062	-8.35971	0.335914	0.298204	0.19291	0.172972	0.391557
1114	-4.23303	-4.36979	-4.871	-4.99679	0.348864	0.30427	0.184327	0.162539	0.375199
1115	-4.4663	-4.58066	-4.99937	-5.10437	0.332552	0.296615	0.195142	0.175691	0.395815
1116	-20.4304	-14.3704	-11.8146	-11.5708	7.69857e-05	0.03298	0.424821	0.542122	0.90217
1117	-4.4136	-4.52639	-4.93914	-5.04259	0.331379	0.296032	0.195922	0.176667	0.397324
1118	-9.47057	-9.58196	-9.98979	-10.092	0.330391	0.295562	0.196577	0.17747	0.398578
1119	-4.61334	-4.7524	-5.26069	-5.38791	0.350323	0.304842	0.18337	0.161465	0.373445
1120	-11.0243	-8.07262	-7.08145	-7.03138	0.00794194	0.151991	0.409521	0.430547	0.799941
1121	-3.91189	-4.08557	-4.72073	-4.87977	0.375119	0.31531	0.167068	0.142502	0.343035
1122	-4.35462	-4.50235	-5.04257	-5.17786	0.356599	0.307625	0.179227	0.156548	0.365641
1123	-22.8508	-16.8131	-14.3391	-14.1157	8.61371e-05	0.0360836	0.428309	0.535521	0.899059
1124	-24.5973	-18.5155	-15.8782	-15.6135	6.88203e-05	0.0301313	0.421097	0.548703	0.905112
1125	-4.76437	-4.88009	-5.30364	-5.40982	0.333519	0.297074	0.1945	0.174907	0.394589
1126	-45.5733	-36.3271	-31.9283	-31.4224	4.44032e-07	0.00460228	0.374421	0.620977	0.933657
1127	-4.06273	-4.17678	-4.59388	-4.69834	0.332253	0.296441	0.195341	0.175965	0.396221
1128	-4.41827	-4.52902	-4.93452	-5.03621	0.329927	0.295338	0.196886	0.177849	0.399169
1129	-8.77764	-8.85798	-9.15245	-9.22639	0.30782	0.284058	0.211601	0.196521	0.427838
1130	-28.723	-22.6762	-20.1647	-19.9308	8.18611e-05	0.0346065	0.426479	0.538832	0.900567
1131	-3.93883	-4.08377	-4.61167	-4.74333	0.354278	0.306476	0.180773	0.158473	0.368623
1132	-12.492	-12.6308	-13.1361	-13.262	0.349816	0.304489	0.183717	0.161977	0.374177
1133	-4.5775	-4.67678	-5.04062	-5.13194	0.321627	0.291229	0.202405	0.184739	0.409831
1134	-4.4663	-4.58066	-4.99937	-5.10437	0.332552	0.296615	0.195142	0.175691	0.395815
1135	-13.8116	-10.7895	-9.56419	-9.46038	0.00591598	0.121482	0.413675	0.458927	0.826119
1136	-4.56221	-4.64984	-4.97102	-5.05165	0.313134	0.286863	0.208061	0.191942	0.420871
1137	-12.6757	-9.69163	-8.58273	-8.50333	0.00687048	0.135812	0.411651	0.445667	0.813833
1138	-3.75177	-3.89603	-4.42243	-4.55396	0.353936	0.306387	0.180992	0.158685	0.368998
1139	-4.76437	-4.88009	-5.30364	-5.40982	0.333519	0.297074	0.1945	0.174907	0.394589
1140	-4.76437	-4.88009	-5.30364	-5.40982	0.333519	0.297074	0.1945	0.174907	0.394589
1141	-4.68445	-4.76429	-5.05694	-5.13042	0.307457	0.283864	0.211843	0.196835	0.428316
1142	-47.9414	-35.7065	-30.1756	-29.583	6.84392e-09	0.00140876	0.355532	0.64306	0.939367
1143	-43.966	-37.8776	-35.2143	-34.9424	6.64021e-05	0.0292647	0.419758	0.550911	0.90604
1144	-4.68445	-4.76429	-5.05694	-5.13042	0.307457	0.283864	0.211843	0.196835	0.428316
1145	-17.5305	-14.5468	-13.4372	-13.3573	0.00686698	0.135705	0.411587	0.445841	0.813934
1146	-4.23415	-4.34411	-4.74648	-4.84732	0.329317	0.295023	0.197292	0.178367	0.399963
1147	-3.91189	-4.08557	-4.72073	-4.87977	0.375119	0.31531	0.167068	0.142502	0.343035
1148	-4.28744	-4.39903	-4.80734	-4.90967	0.330498	0.295601	0.196508	0.177394	0.398452
1149	-6.31164	-6.46064	-6.99984	-7.13342	0.356673	0.307297	0.17922	0.15681	0.365837
1150	-17.319	-14.3279	-13.1931	-13.1072	0.00665258	0.132447	0.411983	0.448918	0.816735
1151	-8.58408	-8.69649	-9.10783	-9.21092	0.331099	0.295895	0.196107	0.176898	0.397682
1152	-50.8315	-38.5716	-32.9502	-32.3351	6.01027e-09	0.0012685	0.350466	0.648266	0.940314
1153	-16.9884	-14.0148	-12.9438	-12.8739	0.00720079	0.140869	0.411083	0.440847	0.809479
1154	-4.76437	-4.88009	-5.30364	-5.40982	0.333519	0.297074	0.1945	0.174907	0.394589
1155	-11.4485	-11.5588	-11.9591	-12.0585	0.32906	0.29467	0.197478	0.178793	0.400475
1156	-13.2976	-13.3784	-13.6717	-13.7447	0.307713	0.283838	0.211669	0.196781	0.428113
1157	-54.5134	-39.142	-31.9464	-31.1356	4.86795e-11	0.000230698	0.307653	0.692116	0.948204
1158	-36.4814	-27.3445	-23.3329	-22.921	7.70783e-07	0.0071626	0.39561	0.597226	0.928084
1159	-27.6166	-21.5285	-18.8718	-18.6031	6.69663e-05	0.0295043	0.420417	0.550012	0.905736
1160	-14.8493	-11.8714	-10.7838	-10.7096	0.00705567	0.138631	0.411309	0.443004	0.811409
1161	-35.0378	-25.9	-21.8927	-21.4836	7.74688e-07	0.00720467	0.396261	0.596534	0.927943
1162	-46.6037	-37.3935	-33.1272	-32.6547	5.36074e-07	0.00536003	0.381961	0.612679	0.931799
1163	-50.3414	-37.9787	-31.9721	-31.2593	3.46044e-09	0.000809436	0.328713	0.670478	0.944267
1166	-26.5866	-20.4966	-17.832	-17.5611	6.62515e-05	0.0292428	0.41999	0.550701	0.90602
1167	-50.9712	-35.6344	-28.5656	-27.7866	5.84717e-11	0.000267681	0.314463	0.685269	0.947053
1168	-15.9409	-12.9913	-12.003	-11.9526	0.00797594	0.152339	0.409257	0.430428	0.799667
1169	-29.3658	-20.1953	-16.0702	-15.6322	6.5552e-07	0.0062992	0.389738	0.603963	0.929754
1170	-23.0561	-17.0082	-14.493	-14.2584	8.14454e-05	0.0344693	0.426349	0.5391	0.900701
1171	-17.0931	-14.1183	-13.0381	-12.9646	0.0071246	0.139547	0.411005	0.442323	0.810644
1172	-3.76347	-3.91336	-4.4591	-4.59514	0.357797	0.307991	0.178455	0.155756	0.364284
1173	-8.57385	-8.68659	-9.09916	-9.20255	0.331342	0.296014	0.195945	0.176699	0.397371
1174	-4.28744	-4.39903	-4.80734	-4.90967	0.330498	0.295601	0.196508	0.177394	0.398452
1175	-19.574	-19.655	-19.904	-19.9554	0.300839	0.277439	0.216285	0.205437	0.439375
1176	-4.39611	-4.51175	-4.93422	-5.03993	0.333342	0.296938	0.194622	0.175098	0.394855
1177	-16.7257	-13.5933	-12.1604	-12.0315	0.00436059	0.0999813	0.419018	0.47664	0.844297
1178	-22.2803	-19.3536	-18.4534	-18.4261	0.00886715	0.165523	0.407169	0.418441	0.788387
1179	-3.76347	-3.91336	-4.4591	-4.59514	0.357797	0.307991	0.178455	0.155756	0.364284
1180	-12.8788	-9.92949	-8.94592	-8.89753	0.00801689	0.15307	0.409309	0.429604	0.799022
1181	-28.6776	-22.4254	-19.2499	-18.8689	3.21139e-05	0.0166711	0.399094	0.584202	0.919734
1182	-11.4844	-8.54346	-7.59098	-7.55047	0.00832481	0.157622	0.408581	0.425472	0.795129
1183	-3.93883	-4.08377	-4.61167	-4.74333	0.354278	0.306476	0.180773	0.158473	0.368623
1184	-11.8956	-8.91262	-7.80805	-7.7299	0.00690697	0.136392	0.41162	0.44508	0.813329
1185	-4.25555	-4.41521	-4.99817	-5.14393	0.365014	0.31115	0.173697	0.150138	0.355343
1186	-3.76347	-3.91336	-4.4591	-4.59514	0.357797	0.307991	0.178455	0.155756	0.364284
1187	-33.211	-24.0237	-19.8355	-19.3814	5.995e-07	0.00585884	0.386091	0.60805	0.930713
1188	-11.371	-11.5305	-12.1083	-12.2516	0.364237	0.310528	0.174246	0.150988	0.356529
1189	-4.61334	-4.7524	-5.26069	-5.38791	0.350323	0.304842	0.18337	0.161465	0.373445
1190	-4.77301	-4.85148	-5.13823	-5.21	0.306321	0.283203	0.2126	0.197876	0.429856
1191	-7.46652	-7.54726	-7.84321	-7.9175	0.308114	0.284213	0.211405	0.196268	0.427453
1192	-14.2893	-11.3146	-10.2399	-10.1689	0.00716726	0.140351	0.41113	0.441351	0.809926
1193	-3.75177	-3.89603	-4.42243	-4.55396	0.353936	0.306387	0.180992	0.158685	0.368998
1194	-15.8536	-12.9199	-11.9893	-11.9531	0.00855422	0.160805	0.407812	0.422828	0.792435
1195	-4.43401	-4.55033	-4.97532	-5.08166	0.333839	0.297181	0.19429	0.17469	0.39422
1196	-4.64293	-4.77881	-5.27679	-5.40178	0.348226	0.303984	0.184748	0.163041	0.375994
1197	-13.1208	-10.1712	-9.18657	-9.13795	0.00800682	0.152925	0.409337	0.429731	0.799146
1198	-3.88176	-4.03525	-4.59617	-4.73654	0.360677	0.309356	0.176544	0.153423	0.360633
1199	-3.8451	-4.00574	-4.59224	-4.73886	0.365707	0.311435	0.173243	0.149616	0.3545
1200	-3.75177	-3.89603	-4.42243	-4.55396	0.353936	0.306387	0.180992	0.158685	0.368998
1201	-7.65739	-7.76825	-8.1739	-8.27557	0.329969	0.295344	0.196859	0.177828	0.399127
1202	-17.5095	-17.6244	-18.0449	-18.1503	0.332912	0.296783	0.194903	0.175402	0.395362
1203	-24.4892	-18.4596	-16.0151	-15.7991	8.96892e-05	0.0372695	0.429529	0.533111	0.897888
1204	-12.0456	-12.0958	-11.9184	-11.8353	0.231435	0.220118	0.262829	0.285619	0.547171
1205	-8.48983	-8.57342	-8.87804	-8.95407	0.309915	0.285062	0.210205	0.194817	0.425174
1206	-4.25555	-4.41521	-4.99817	-5.14393	0.365014	0.31115	0.173697	0.150138	0.355343
1207	-4.23303	-4.36979	-4.871	-4.99679	0.348864	0.30427	0.184327	0.162539	0.375199
1208	-60.7464	-45.4029	-38.3087	-37.5231	5.63668e-11	0.000259765	0.313028	0.686713	0.947296
1209	-72.5317	-50.9667	-40.7269	-39.5501	3.62716e-15	8.41677e-06	0.235621	0.764371	0.960236
1210	-19.8342	-16.8817	-15.886	-15.8344	0.00790014	0.151307	0.409541	0.431252	0.800536
1211	-4.34701	-4.47935	-4.96211	-5.0827	0.345327	0.302521	0.18668	0.165472	0.37974
1212	-42.3764	-33.2157	-29.1208	-28.689	6.84685e-07	0.0065155	0.391118	0.602366	0.929351
1213	-14.7278	-11.7662	-10.738	-10.6784	0.00759078	0.146715	0.410249	0.435445	0.804467
1214	-26.0179	-19.9034	-17.1529	-16.8608	5.87724e-05	0.0265875	0.41609	0.557263	0.908832
1216	-41.6441	-29.3745	-23.7193	-23.0962	5.72446e-09	0.00122002	0.348661	0.650119	0.940651
1217	-53.39	-38.0385	-30.9164	-30.1241	5.41325e-11	0.000251479	0.311611	0.688138	0.947536
1218	-15.9369	-12.9592	-11.8726	-11.7985	0.00706344	0.138747	0.41129	0.4429	0.81131
1219	-12.3981	-9.45497	-8.49542	-8.45336	0.00825283	0.156596	0.408794	0.426357	0.796001
1220	-15.8824	-12.9483	-12.0208	-11.9865	0.00858044	0.161349	0.407918	0.422152	0.791948
1221	-22.6917	-16.6455	-14.1346	-13.9007	8.19531e-05	0.0346271	0.426451	0.53884	0.900555
1222	-35.8317	-26.6483	-22.4743	-22.0236	6.1165e-07	0.00595433	0.386882	0.607163	0.930505
1223	-53.1911	-37.8384	-30.7016	-29.9033	5.30538e-11	0.000246789	0.310307	0.689446	0.947754
1224	-19.1271	-16.1461	-15.0482	-14.9714	0.00696473	0.137252	0.411481	0.444303	0.812594
1225	-13.0742	-10.089	-8.97489	-8.89406	0.00682737	0.135127	0.411692	0.446354	0.814427
1226	-22.2328	-16.1777	-13.6401	-13.4008	7.89306e-05	0.0336458	0.425605	0.54067	0.901497
1227	-33.5546	-24.3987	-20.3153	-19.8847	6.96419e-07	0.00659513	0.391391	0.602013	0.929241
1228	-13.9396	-10.9475	-9.80877	-9.72187	0.00662083	0.131942	0.412017	0.44942	0.817172
1229	-4.35462	-4.50235	-5.04257	-5.17786	0.356599	0.307625	0.179227	0.156548	0.365641
1230	-4.69366	-4.80613	-5.2175	-5.32054	0.331113	0.295889	0.196099	0.176899	0.397675
1231	-11.6171	-8.63444	-7.53112	-7.45327	0.00691768	0.136557	0.411602	0.444924	0.813187
1232	-16.3143	-13.3398	-12.2652	-12.1942	0.00716889	0.140364	0.411114	0.441353	0.809917
1233	-4.64293	-4.77881	-5.27679	-5.40178	0.348226	0.303984	0.184748	0.163041	0.375994
1234	-27.1378	-21.095	-18.5998	-18.3706	8.37012e-05	0.0352443	0.427281	0.537391	0.899914
1235	-3.83798	-3.99115	-4.5512	-4.69145	0.360491	0.309298	0.176664	0.153547	0.360845
1236	-4.23303	-4.36979	-4.871	-4.99679	0.348864	0.30427	0.184327	0.162539	0.375199
1237	-4.74661	-4.86636	-5.30439	-5.41411	0.336405	0.298439	0.192584	0.172573	0.390934
1238	-7.28611	-7.42258	-7.91983	-8.04389	0.348219	0.303798	0.18477	0.163213	0.376149
1239	-17.0383	-14.07	-13.0171	-12.9513	0.00736409	0.143294	0.410703	0.438639	0.807404
1240	-4.23303	-4.36979	-4.871	-4.99679	0.348864	0.30427	0.184327	0.162539	0.375199
1241	-3.8451	-4.00574	-4.59224	-4.73886	0.365707	0.311435	0.173243	0.149616	0.3545
1242	-35.2895	-26.094	-21.8756	-21.4137	5.74295e-07	0.00565832	0.384348	0.609993	0.931163
1243	-12.2011	-9.19118	-7.98832	-7.88562	0.00610926	0.123936	0.412661	0.457294	0.824096
1244	-8.08115	-8.19609	-8.61678	-8.72223	0.332951	0.296799	0.194877	0.175373	0.395314
1245	-3.76347	-3.91336	-4.4591	-4.59514	0.357797	0.307991	0.178455	0.155756	0.364284
1246	-10.8928	-11.0214	-11.4911	-11.6085	0.342714	0.30135	0.188407	0.167529	0.382999
1247	-11.3198	-8.37003	-7.3846	-7.33566	0.00799918	0.152796	0.409337	0.429867	0.799258
1248	-4.25242	-4.33174	-4.62197	-4.69471	0.306998	0.283587	0.21215	0.197265	0.428946
1249	-18.4339	-15.4329	-14.262	-14.1672	0.00636011	0.127882	0.412375	0.453383	0.820679
1250	-14.5074	-11.5277	-10.434	-10.3584	0.00700225	0.137827	0.411419	0.443752	0.812099
1251	-9.81208	-9.92486	-10.3376	-10.441	0.331371	0.296028	0.195927	0.176674	0.397334
1252	-3.83798	-3.99115	-4.5512	-4.69145	0.360491	0.309298	0.176664	0.153547	0.360845
1253	-19.1481	-16.139	-14.9378	-14.8351	0.0061235	0.124113	0.412569	0.457195	0.823952
1254	-82.1779	-60.6184	-50.4021	-49.2318	3.75238e-15	8.65953e-06	0.236811	0.763181	0.96004
1255	-31.3555	-25.2314	-22.4475	-22.1465	5.60688e-05	0.0256076	0.414412	0.559924	0.909909
1256	-6.47193	-6.61736	-7.14356	-7.27392	0.354111	0.306184	0.180907	0.158797	0.369004
1257	-12.7243	-9.78675	-8.84769	-8.81074	0.00846013	0.159632	0.40827	0.423637	0.793408
1258	-42.0909	-32.3945	-27.2517	-26.6418	1.26232e-07	0.00205237	0.351362	0.646586	0.939528
1259	-29.7236	-20.5373	-16.369	-15.9232	6.15187e-07	0.00600581	0.388018	0.605976	0.930276
1260	-24.9598	-18.8529	-16.111	-15.8173	5.96632e-05	0.0267875	0.41562	0.557533	0.908746
1261	-19.3752	-13.3209	-10.7879	-10.5501	7.94096e-05	0.0338219	0.425889	0.540209	0.901306
1262	-69.5078	-51.0288	-42.2789	-41.2785	4.0193e-13	4.26064e-05	0.268853	0.731105	0.954741
1263	-24.1068	-18.0213	-15.3768	-15.1118	6.80775e-05	0.0299176	0.421108	0.548906	0.905285
1264	-15.0901	-12.1101	-11.0162	-10.9406	0.00699905	0.137792	0.411446	0.443763	0.812125
1265	-23.1607	-17.0926	-14.5073	-14.2561	7.39168e-05	0.0319231	0.423529	0.544474	0.903247
1266	-12.8435	-9.90546	-8.96384	-8.92611	0.00843459	0.15924	0.408314	0.424011	0.793746
1267	-44.9527	-32.7125	-27.1577	-26.558	6.61686e-09	0.0013693	0.353923	0.644708	0.939663
1268	-47.3038	-35.0286	-29.3574	-28.7313	5.59124e-09	0.0011983	0.347981	0.650821	0.94078
1269	-37.5356	-28.387	-24.3375	-23.9173	7.30016e-07	0.00686295	0.39374	0.599397	0.928636
1270	-33.3258	-24.1415	-19.9678	-19.518	6.11657e-07	0.00595938	0.387087	0.606953	0.930467
1271	-26.7309	-20.6236	-17.9019	-17.618	6.11587e-05	0.0274663	0.417661	0.554812	0.907856
1272	-16.7708	-13.8032	-12.7529	-12.6877	0.00738807	0.143653	0.410652	0.438306	0.807096
1273	-7.68467	-7.76466	-8.05785	-8.13145	0.307566	0.28392	0.21177	0.196744	0.428174
1274	-17.1505	-14.174	-13.0889	-13.0145	0.00707989	0.138902	0.411136	0.442882	0.811193
1275	-24.286	-18.243	-15.7458	-15.5156	8.34763e-05	0.0351557	0.42711	0.537651	0.900015
1276	-25.2305	-19.1877	-16.6939	-16.4653	8.38455e-05	0.0353031	0.427408	0.537205	0.899845
1277	-22.3502	-16.3066	-13.812	-13.5837	8.37246e-05	0.0352801	0.427494	0.537142	0.89985
1278	-3.75177	-3.89603	-4.42243	-4.55396	0.353936	0.306387	0.180992	0.158685	0.368998
1279	-4.23303	-4.36979	-4.871	-4.99679	0.348864	0.30427	0.184327	0.162539	0.375199
1280	-9.57186	-9.68432	-10.0956	-10.1986	0.331102	0.295883	0.196106	0.176909	0.39769
1281	-7.62082	-7.73985	-8.17523	-8.28427	0.335878	0.298187	0.192934	0.173001	0.391603
1282	-4.65616	-4.7489	-5.08706	-5.17149	0.316591	0.288548	0.20576	0.189101	0.416452
1283	-10.0319	-10.1437	-10.5525	-10.6549	0.330603	0.295642	0.196438	0.177317	0.398326
1284	-32.0023	-22.8431	-18.7576	-18.329	6.93526e-07	0.00658901	0.391853	0.601558	0.92917
1285	-7.21083	-7.34728	-7.84422	-7.96815	0.348169	0.303761	0.184804	0.163265	0.376223
1286	-14.7897	-11.8476	-10.8911	-10.8496	0.00828402	0.157035	0.408695	0.425986	0.795629
1287	-13.0618	-10.072	-8.94207	-8.85737	0.00669328	0.133067	0.411915	0.448325	0.816201
1288	-24.2829	-18.2165	-15.6385	-15.3894	7.46532e-05	0.0321851	0.423901	0.543839	0.902971
1289	-4.41827	-4.52902	-4.93452	-5.03621	0.329927	0.295338	0.196886	0.177849	0.399169
1290	-13.8265	-10.8653	-9.83847	-9.77922	0.00760376	0.146911	0.410223	0.435263	0.804299
1291	-14.5856	-11.5707	-10.3484	-10.2405	0.00596295	0.121566	0.412718	0.459753	0.826162
1292	-7.14504	-7.29243	-7.82805	-7.96134	0.355857	0.30709	0.179741	0.157312	0.366728
1293	-47.9558	-35.7165	-30.1706	-29.5745	6.69746e-09	0.00138473	0.354749	0.643866	0.939515
1294	-14.8206	-14.9005	-15.1933	-15.2668	0.307486	0.283879	0.211824	0.19681	0.428278
1295	-4.00837	-4.11995	-4.52847	-4.63091	0.330528	0.29563	0.196487	0.177356	0.398402
1296	-13.5604	-10.6067	-9.60385	-9.5499	0.00783505	0.150261	0.409599	0.432305	0.801443
1297	-3.83798	-3.99115	-4.5512	-4.69145	0.360491	0.309298	0.176664	0.153547	0.360845
1298	-4.4136	-4.52639	-4.93914	-5.04259	0.331379	0.296032	0.195922	0.176667	0.397324
1299	-7.6103	-7.69031	-7.98354	-8.05715	0.307574	0.283924	0.211765	0.196737	0.428164
1300	-4.75022	-4.87187	-5.31663	-5.42801	0.337753	0.299065	0.191693	0.171489	0.389235
1301	-7.87979	-7.99162	-8.39848	-8.49985	0.330315	0.295367	0.196637	0.177682	0.398803
1302	-4.25242	-4.33174	-4.62197	-4.69471	0.306998	0.283587	0.21215	0.197265	0.428946
1303	-8.61988	-8.767	-9.30268	-9.43622	0.355817	0.307138	0.179758	0.157287	0.366726
1304	-4.06273	-4.17678	-4.59388	-4.69834	0.332253	0.296441	0.195341	0.175965	0.396221
1305	-10.5504	-10.6632	-11.0759	-11.1793	0.331373	0.29603	0.195925	0.176672	0.397331
1306	-12.4083	-9.45934	-8.47769	-8.42995	0.00803491	0.153361	0.409295	0.42931	0.79877
1307	-19.7643	-16.7614	-15.5859	-15.4904	0.0063207	0.127325	0.41251	0.453845	0.82115
1308	-26.5689	-20.4687	-17.7692	-17.49	6.31032e-05	0.0281393	0.41852	0.553277	0.907164
1309	-9.01968	-9.17187	-9.7279	-9.86703	0.359725	0.308943	0.177172	0.15416	0.36181
1310	-16.1567	-13.1927	-12.1565	-12.0952	0.00751664	0.145637	0.410448	0.436398	0.805386
1311	-58.3748	-43.0353	-35.9559	-35.1741	5.75887e-11	0.000264365	0.313864	0.685871	0.947154
1312	-3.76347	-3.91336	-4.4591	-4.59514	0.357797	0.307991	0.178455	0.155756	0.364284
1313	-41.6237	-29.3511	-23.6852	-23.0595	5.63702e-09	0.00120494	0.348063	0.650732	0.940761
1314	-12.6302	-12.7112	-12.9602	-13.0117	0.300836	0.277441	0.216287	0.205436	0.439377
1315	-4.21743	-4.32859	-4.73566	-4.83779	0.330237	0.295497	0.19668	0.177586	0.398767
1316	-4.00837	-4.11995	-4.52847	-4.63091	0.330528	0.29563	0.196487	0.177356	0.398402
1317	-11.4932	-8.53699	-7.52859	-7.47406	0.00777725	0.14952	0.409868	0.432835	0.80206
1318	-4.23303	-4.36979	-4.871	-4.99679	0.348864	0.30427	0.184327	0.162539	0.375199
1319	-21.3879	-15.3208	-12.7402	-12.4904	7.4386e-05	0.0320942	0.4238	0.544031	0.903062
1320	-26.2639	-20.2258	-17.7484	-17.5238	8.57571e-05	0.0359428	0.428075	0.535896	0.899212
1321	-3.75177	-3.89603	-4.42243	-4.55396	0.353936	0.306387	0.180992	0.158685	0.368998
1322	-8.80621	-8.93288	-9.39595	-9.5119	0.341382	0.300768	0.189286	0.168564	0.384648
1323	-84.9792	-63.402	-53.1099	-51.9179	3.36116e-15	7.89532e-06	0.232906	0.767086	0.960683
1324	-7.62649	-7.73886	-8.14986	-8.25281	0.331039	0.295854	0.196148	0.176959	0.397769
1325	-9.27314	-9.41365	-9.92622	-10.0543	0.351217	0.305178	0.182788	0.160817	0.372381
1326	-33.2195	-24.0233	-19.8031	-19.341	5.72801e-07	0.00564776	0.384303	0.610049	0.931179
1327	-4.39611	-4.51175	-4.93422	-5.03993	0.333342	0.296938	0.194622	0.175098	0.394855
1328	-4.69231	-4.81392	-5.25893	-5.37047	0.337783	0.299105	0.191671	0.171441	0.389176
1329	-9.90956	-10.0205	-10.4266	-10.5284	0.33005	0.295398	0.196804	0.177747	0.399011
1330	-38.0645	-28.8899	-24.7268	-24.2729	6.22588e-07	0.00600732	0.386113	0.607879	0.930588
1331	-4.65616	-4.7489	-5.08706	-5.17149	0.316591	0.288548	0.20576	0.189101	0.416452
1332	-3.92605	-4.06654	-4.57925	-4.70739	0.351233	0.3052	0.182775	0.160792	0.37235
1333	-4.64293	-4.77881	-5.27679	-5.40178	0.348226	0.303984	0.184748	0.163041	0.375994
1334	-7.60302	-7.73884	-8.23347	-8.3568	0.347712	0.303554	0.185106	0.163628	0.376795
1335	-16.3189	-13.3629	-12.3565	-12.3027	0.00779457	0.149814	0.409856	0.432535	0.801805
1336	-4.61334	-4.7524	-5.26069	-5.38791	0.350323	0.304842	0.18337	0.161465	0.373445
1337	-31.301	-22.1811	-18.2406	-17.8486	8.51356e-07	0.00777721	0.400102	0.59212	0.926844
1338	-4.23303	-4.36979	-4.871	-4.99679	0.348864	0.30427	0.184327	0.162539	0.375199
1339	-6.48147	-6.62503	-7.14583	-7.2752	0.35298	0.305775	0.181644	0.159601	0.370337
1340	-3.92605	-4.06654	-4.57925	-4.70739	0.351233	0.3052	0.182775	0.160792	0.37235
1341	-11.7479	-8.81558	-7.89534	-7.86305	0.00865491	0.162459	0.407753	0.421133	0.790998
1342	-13.3914	-13.507	-13.9297	-14.0354	0.333365	0.296958	0.194597	0.17508	0.39482
1343	-9.10509	-9.25006	-9.77782	-9.90938	0.354263	0.306453	0.180785	0.158499	0.368655
1344	-9.49554	-9.61518	-10.0528	-10.1624	0.336325	0.2984	0.192637	0.172638	0.391036
1345	-24.7331	-18.677	-16.1331	-15.8915	7.82782e-05	0.0334001	0.425172	0.54135	0.901769
1346	-11.0193	-11.1439	-11.5973	-11.7103	0.339561	0.29979	0.190504	0.170145	0.387048
1347	-14.3296	-11.3517	-10.2646	-10.1905	0.00705928	0.138685	0.411304	0.442952	0.811362
1348	-3.91189	-4.08557	-4.72073	-4.87977	0.375119	0.31531	0.167068	0.142502	0.343035
1349	-4.64293	-4.77881	-5.27679	-5.40178	0.348226	0.303984	0.184748	0.163041	0.375994
1350	-11.6242	-8.69394	-7.78147	-7.75118	0.00873591	0.163642	0.407545	0.420077	0.789988
1351	-6.56475	-6.68925	-7.14263	-7.25571	0.339544	0.299797	0.190514	0.170145	0.387058
1352	-8.69898	-8.81248	-9.22759	-9.33154	0.331857	0.296247	0.195604	0.176292	0.396728
1353	-11.1006	-8.14849	-7.15562	-7.10509	0.00792557	0.151744	0.409553	0.430777	0.800153
1354	-22.7437	-16.6983	-14.1956	-13.9648	8.28123e-05	0.03496	0.427068	0.537889	0.900182
1355	-21.4116	-15.3446	-12.765	-12.5157	7.44883e-05	0.0321352	0.423889	0.543901	0.903014
1356	-17.9909	-15.0016	-13.8718	-13.7866	0.00669576	0.133057	0.411818	0.448429	0.816223
1357	-17.051	-14.0891	-13.0606	-13.0012	0.00758784	0.146704	0.410298	0.435411	0.804471
1358	-3.91189	-4.08557	-4.72073	-4.87977	0.375119	0.31531	0.167068	0.142502	0.343035
1359	-4.5775	-4.67678	-5.04062	-5.13194	0.321627	0.291229	0.202405	0.184739	0.409831
1360	-4.23303	-4.36979	-4.871	-4.99679	0.348864	0.30427	0.184327	0.162539	0.375199
1361	-4.69366	-4.80613	-5.2175	-5.32054	0.331113	0.295889	0.196099	0.176899	0.397675
1362	-13.5	-10.497	-9.32139	-9.22585	0.00631956	0.127307	0.412511	0.453863	0.821166
1363	-13.6237	-10.6702	-9.67147	-9.61926	0.00787014	0.150891	0.409642	0.431597	0.800888
1364	-12.4626	-9.47603	-8.35787	-8.27621	0.00679184	0.134604	0.411783	0.446821	0.814873
1365	-3.76347	-3.91336	-4.4591	-4.59514	0.357797	0.307991	0.178455	0.155756	0.364284
1366	-37.8441	-28.671	-24.536	-24.0953	6.46397e-07	0.00622737	0.389139	0.604633	0.929911
1367	-15.0275	-12.0636	-11.0267	-10.965	0.00751064	0.145514	0.410422	0.436553	0.805497
1368	-11.8555	-12.0013	-12.5287	-12.6592	0.354345	0.306275	0.180754	0.158626	0.368723
1369	-7.46534	-7.61259	-8.14628	-8.2787	0.355545	0.306864	0.179955	0.157636	0.367187
1370	-21.7201	-18.5457	-16.9805	-16.8205	0.00365595	0.087422	0.418202	0.49072	0.855361
1371	-7.94047	-8.06463	-8.51677	-8.62954	0.339299	0.299682	0.190677	0.170343	0.387368
1372	-7.60302	-7.73884	-8.23347	-8.3568	0.347712	0.303554	0.185106	0.163628	0.376795
1373	-4.69744	-4.8082	-5.21349	-5.31508	0.329898	0.29531	0.196906	0.177886	0.399218
1374	-4.23303	-4.36979	-4.871	-4.99679	0.348864	0.30427	0.184327	0.162539	0.375199
1375	-12.0015	-12.1197	-12.5517	-12.6598	0.335221	0.297851	0.193373	0.173555	0.392455
1376	-34.4194	-25.2718	-21.2328	-20.8169	7.40318e-07	0.00695333	0.394729	0.598317	0.9284
1377	-8.76996	-8.85393	-9.16133	-9.2384	0.310409	0.285406	0.209876	0.194309	0.424459
1378	-4.61334	-4.7524	-5.26069	-5.38791	0.350323	0.304842	0.18337	0.161465	0.373445
1379	-4.39611	-4.51175	-4.93422	-5.03993	0.333342	0.296938	0.194622	0.175098	0.394855
1380	-4.69744	-4.8082	-5.21349	-5.31508	0.329898	0.29531	0.196906	0.177886	0.399218
1381	-5.17434	-5.28916	-5.70946	-5.81483	0.332872	0.296764	0.19493	0.175435	0.395413
1382	-4.25242	-4.33174	-4.62197	-4.69471	0.306998	0.283587	0.21215	0.197265	0.428946
1383	-4.64293	-4.77881	-5.27679	-5.40178	0.348226	0.303984	0.184748	0.163041	0.375994
1384	-3.8451	-4.00574	-4.59224	-4.73886	0.365707	0.311435	0.173243	0.149616	0.3545
1385	-16.5179	-13.3748	-11.7965	-11.6182	0.00369338	0.0855954	0.414886	0.495825	0.857358
1386	-3.8451	-4.00574	-4.59224	-4.73886	0.365707	0.311435	0.173243	0.149616	0.3545
1387	-23.6216	-20.6344	-19.5072	-19.4217	0.00672365	0.133337	0.411582	0.448358	0.816006
1388	-8.85734	-8.9697	-9.38088	-9.48393	0.331065	0.29588	0.19613	0.176925	0.397725
1389	-4.25555	-4.41521	-4.99817	-5.14393	0.365014	0.31115	0.173697	0.150138	0.355343
1390	-4.28744	-4.39903	-4.80734	-4.90967	0.330498	0.295601	0.196508	0.177394	0.398452
1391	-4.69366	-4.80613	-5.2175	-5.32054	0.331113	0.295889	0.196099	0.176899	0.397675
1392	-4.64293	-4.77881	-5.27679	-5.40178	0.348226	0.303984	0.184748	0.163041	0.375994
1393	-4.74661	-4.86636	-5.30439	-5.41411	0.336405	0.298439	0.192584	0.172573	0.390934
1394	-4.68445	-4.76429	-5.05694	-5.13042	0.307457	0.283864	0.211843	0.196835	0.428316
1395	-4.4136	-4.52639	-4.93914	-5.04259	0.331379	0.296032	0.195922	0.176667	0.397324
1396	-10.9374	-11.0172	-11.3099	-11.3834	0.307466	0.283863	0.211837	0.196833	0.428309
1397	-3.98535	-4.10997	-4.56353	-4.6766	0.339592	0.299805	0.190484	0.17012	0.387009
1398	-12.929	-13.0762	-13.6095	-13.7417	0.355465	0.306817	0.180009	0.157709	0.367295
1399	-3.76347	-3.91336	-4.4591	-4.59514	0.357797	0.307991	0.178455	0.155756	0.364284
1400	-4.28744	-4.39903	-4.80734	-4.90967	0.330498	0.295601	0.196508	0.177394	0.398452
1401	-4.68445	-4.76429	-5.05694	-5.13042	0.307457	0.283864	0.211843	0.196835	0.428316
1402	-20.7691	-14.7327	-12.2647	-12.0432	8.68304e-05	0.0363284	0.428641	0.534944	0.898804
1403	-21.2489	-15.1737	-12.5636	-12.3065	7.14227e-05	0.0310666	0.422503	0.546359	0.904116
1404	-10.8884	-11.0339	-11.5597	-11.6898	0.35407	0.30612	0.18094	0.158871	0.369092
1405	-4.74661	-4.86636	-5.30439	-5.41411	0.336405	0.298439	0.192584	0.172573	0.390934
1406	-4.65616	-4.7489	-5.08706	-5.17149	0.316591	0.288548	0.20576	0.189101	0.416452
1407	-12.0813	-12.1653	-12.4704	-12.5462	0.310056	0.285059	0.210108	0.194777	0.425053
1408	-3.75177	-3.89603	-4.42243	-4.55396	0.353936	0.306387	0.180992	0.158685	0.368998
1409	-6.60023	-6.75303	-7.30806	-7.44611	0.359686	0.308721	0.177223	0.15437	0.36202
1410	-4.25242	-4.33174	-4.62197	-4.69471	0.306998	0.283587	0.21215	0.197265	0.428946
1411	-3.76347	-3.91336	-4.4591	-4.59514	0.357797	0.307991	0.178455	0.155756	0.364284
1412	-3.75177	-3.89603	-4.42243	-4.55396	0.353936	0.306387	0.180992	0.158685	0.368998
1413	-4.69744	-4.8082	-5.21349	-5.31508	0.329898	0.29531	0.196906	0.177886	0.399218
1414	-4.35462	-4.50235	-5.04257	-5.17786	0.356599	0.307625	0.179227	0.156548	0.365641
1415	-4.69366	-4.80613	-5.2175	-5.32054	0.331113	0.295889	0.196099	0.176899	0.397675
1416	-52.9462	-40.6592	-34.9384	-34.2982	5.21091e-09	0.00112999	0.344815	0.654055	0.941357
1417	-27.7049	-21.6029	-18.8897	-18.6055	6.19796e-05	0.0276906	0.417514	0.554734	0.907696
1418	-4.69231	-4.81392	-5.25893	-5.37047	0.337783	0.299105	0.191671	0.171441	0.389176
1419	-22.1087	-16.0665	-13.5753	-13.3474	8.41316e-05	0.0354051	0.427553	0.536958	0.899738
1420	-11.749	-8.80025	-7.82078	-7.77389	0.0080546	0.153696	0.409298	0.428951	0.798477
1421	-7.42313	-7.50946	-7.82333	-7.90151	0.311793	0.286005	0.208958	0.193245	0.422751
1422	-4.06273	-4.17678	-4.59388	-4.69834	0.332253	0.296441	0.195341	0.175965	0.396221
1423	-12.4823	-9.53288	-8.54967	-8.50151	0.0080197	0.153132	0.409326	0.429522	0.798966
1424	-7.06524	-7.17671	-7.58475	-7.68706	0.330436	0.295582	0.196548	0.177434	0.398522
1425	-4.54804	-4.62892	-4.9254	-4.99985	0.308219	0.284272	0.211336	0.196173	0.427312
1426	-17.3193	-14.3853	-13.454	-13.4177	0.00854727	0.160703	0.407828	0.422922	0.792523
1427	-12.3809	-9.42451	-8.41627	-8.36201	0.00777771	0.149558	0.409904	0.43276	0.802023
1428	-35.4678	-26.3247	-22.298	-21.8841	7.53673e-07	0.00704665	0.395171	0.597782	0.928251
1429	-24.8678	-21.877	-20.7433	-20.6577	0.0066622	0.132587	0.411962	0.44879	0.816615
1430	-19.1183	-13.0761	-10.587	-10.3603	8.43552e-05	0.0355002	0.427779	0.536636	0.899623
1431	-4.24818	-4.40038	-4.95694	-5.09632	0.359805	0.309008	0.177116	0.154072	0.361687
1432	-3.96451	-4.09121	-4.55459	-4.67067	0.341434	0.300804	0.189251	0.168511	0.384573
1433	-12.7743	-9.78328	-8.6484	-8.56243	0.00665282	0.132431	0.411965	0.448951	0.816751
1434	-19.5555	-16.6126	-15.6538	-15.6118	0.00825985	0.156692	0.408769	0.426279	0.79592
1435	-47.8722	-38.6382	-34.2926	-33.8018	4.78398e-07	0.00489846	0.377866	0.617235	0.932849
1436	-25.9192	-19.8348	-17.1915	-16.9261	6.82138e-05	0.0299433	0.421015	0.548973	0.905279
1437	-22.5207	-16.4476	-13.8428	-13.5864	7.19718e-05	0.0312358	0.422579	0.546113	0.903965
1438	-22.6028	-16.557	-14.0549	-13.8248	8.28513e-05	0.0349903	0.427205	0.537722	0.900134
1439	-77.3531	-55.6349	-45.0132	-43.768	2.01522e-15	5.45026e-06	0.223537	0.776457	0.962227
1440	-4.23303	-4.36979	-4.871	-4.99679	0.348864	0.30427	0.184327	0.162539	0.375199
1441	-4.76437	-4.88009	-5.30364	-5.40982	0.333519	0.297074	0.1945	0.174907	0.394589
1442	-3.88176	-4.03525	-4.59617	-4.73654	0.360677	0.309356	0.176544	0.153423	0.360633
1443	-31.7083	-28.7632	-27.7943	-27.7494	0.00816275	0.155198	0.40893	0.427709	0.797207
1444	-4.5775	-4.67678	-5.04062	-5.13194	0.321627	0.291229	0.202405	0.184739	0.409831
1445	-17.6797	-14.738	-13.78	-13.7374	0.00827356	0.156769	0.408593	0.426365	0.795873
1446	-20.549	-14.4662	-11.8288	-11.5649	6.87765e-05	0.0301402	0.421274	0.548517	0.905075
1447	-21.0319	-14.9859	-12.482	-12.2512	8.26655e-05	0.0349196	0.42708	0.537917	0.900213
1448	-11.308	-8.36463	-7.40474	-7.3627	0.0082488	0.156552	0.408823	0.426376	0.796036
1449	-8.21751	-8.32905	-8.73737	-8.83967	0.330486	0.295605	0.196509	0.1774	0.39846
1450	-11.6862	-11.8383	-12.3905	-12.5277	0.359143	0.308468	0.177583	0.154807	0.362706
1451	-9.20555	-9.28488	-9.57476	-9.64733	0.306945	0.283537	0.212185	0.197333	0.429034
1452	-11.8132	-8.84018	-7.77134	-7.70197	0.00721962	0.141157	0.41105	0.440574	0.809231
1453	-4.74661	-4.86636	-5.30439	-5.41411	0.336405	0.298439	0.192584	0.172573	0.390934
1454	-24.5035	-18.4607	-15.9649	-15.7354	8.36396e-05	0.0352176	0.427226	0.537473	0.899945
1455	-4.69231	-4.81392	-5.25893	-5.37047	0.337783	0.299105	0.191671	0.171441	0.389176
1456	-21.8895	-15.8104	-13.1855	-12.9245	6.99843e-05	0.0305586	0.421798	0.547573	0.904647
1457	-37.6838	-31.6115	-29.0123	-28.7578	7.24992e-05	0.0314402	0.422975	0.545512	0.903733
1458	-11.7055	-8.75596	-7.77272	-7.72468	0.00801886	0.153137	0.40935	0.429495	0.798959
1459	-4.69366	-4.80613	-5.2175	-5.32054	0.331113	0.295889	0.196099	0.176899	0.397675
1460	-4.21743	-4.32859	-4.73566	-4.83779	0.330237	0.295497	0.19668	0.177586	0.398767
1461	-11.6493	-8.70539	-7.74355	-7.70105	0.00822911	0.156267	0.408876	0.426628	0.796279
1462	-4.06273	-4.17678	-4.59388	-4.69834	0.332253	0.296441	0.195341	0.175965	0.396221
1463	-26.2998	-20.2274	-17.6268	-17.3718	7.23679e-05	0.0313893	0.422873	0.545665	0.903791
1464	-4.25555	-4.41521	-4.99817	-5.14393	0.365014	0.31115	0.173697	0.150138	0.355343
1465	-3.93883	-4.08377	-4.61167	-4.74333	0.354278	0.306476	0.180773	0.158473	0.368623
1466	-22.0877	-16.0432	-13.5438	-13.314	8.31927e-05	0.0350902	0.427223	0.537604	0.90005
1467	-4.24818	-4.40038	-4.95694	-5.09632	0.359805	0.309008	0.177116	0.154072	0.361687
1468	-19.8102	-16.8323	-15.7438	-15.669	0.00704836	0.138486	0.411279	0.443187	0.811539
1469	-13.4787	-10.4968	-9.39598	-9.31865	0.0069395	0.136878	0.411547	0.444636	0.812913
1470	-4.76437	-4.88009	-5.30364	-5.40982	0.333519	0.297074	0.1945	0.174907	0.394589
1471	-24.1667	-18.1245	-15.6326	-15.4044	8.40627e-05	0.0353766	0.42749	0.537049	0.899772
1472	-3.98535	-4.10997	-4.56353	-4.6766	0.339592	0.299805	0.190484	0.17012	0.387009
1473	-12.9583	-9.95451	-8.78028	-8.68608	0.006326	0.127542	0.412685	0.453447	0.820939
1474	-6.67512	-6.82794	-7.38332	-7.52153	0.359743	0.308762	0.177184	0.154312	0.361938
1475	-4.47111	-4.59477	-5.04492	-5.15714	0.338911	0.299489	0.190935	0.170666	0.387867
1476	-3.96451	-4.09121	-4.55459	-4.67067	0.341434	0.300804	0.189251	0.168511	0.384573
1477	-4.64293	-4.77881	-5.27679	-5.40178	0.348226	0.303984	0.184748	0.163041	0.375994
1478	-8.92046	-9.08024	-9.66302	-9.80858	0.365009	0.31111	0.173706	0.150175	0.35538
1479	-13.5018	-10.4861	-9.26928	-9.16462	0.00599592	0.122335	0.413049	0.45862	0.825448
1480	-4.76437	-4.88009	-5.30364	-5.40982	0.333519	0.297074	0.1945	0.174907	0.394589
1481	-4.06109	-4.17406	-4.58788	-4.69171	0.331573	0.296152	0.195792	0.176483	0.397055
1482	-15.1182	-15.2656	-15.7983	-15.93	0.355427	0.306698	0.180047	0.157827	0.367423
1483	-24.3936	-18.2795	-15.5379	-15.2502	5.94537e-05	0.0268837	0.417008	0.556049	0.90844
1484	-8.2224	-8.33417	-8.74331	-8.84588	0.330654	0.295689	0.196402	0.177255	0.398243
1485	-3.98535	-4.10997	-4.56353	-4.6766	0.339592	0.299805	0.190484	0.17012	0.387009
1486	-3.92605	-4.06654	-4.57925	-4.70739	0.351233	0.3052	0.182775	0.160792	0.37235
1487	-3.75177	-3.89603	-4.42243	-4.55396	0.353936	0.306387	0.180992	0.158685	0.368998
1488	-4.23303	-4.36979	-4.871	-4.99679	0.348864	0.30427	0.184327	0.162539	0.375199
1489	-4.23415	-4.34411	-4.74648	-4.84732	0.329317	0.295023	0.197292	0.178367	0.399963
1490	-4.34701	-4.47935	-4.96211	-5.0827	0.345327	0.302521	0.18668	0.165472	0.37974
1491	-4.39611	-4.51175	-4.93422	-5.03993	0.333342	0.296938	0.194622	0.175098	0.394855
1492	-4.23303	-4.36979	-4.871	-4.99679	0.348864	0.30427	0.184327	0.162539	0.375199
1493	-3.98535	-4.10997	-4.56353	-4.6766	0.339592	0.299805	0.190484	0.17012	0.387009
1494	-24.9403	-18.8701	-16.2772	-16.0239	7.31399e-05	0.031651	0.423167	0.545109	0.903529
1495	-4.41827	-4.52902	-4.93452	-5.03621	0.329927	0.295338	0.196886	0.177849	0.399169
1496	-4.61334	-4.7524	-5.26069	-5.38791	0.350323	0.304842	0.18337	0.161465	0.373445
1497	-16.098	-13.0409	-11.735	-11.6189	0.00529343	0.112572	0.415484	0.46665	0.833697
1498	-13.9262	-10.973	-9.97239	-9.91898	0.00785612	0.150575	0.40955	0.432019	0.801175
1499	-13.7545	-10.7992	-9.79125	-9.73618	0.00778542	0.149547	0.409735	0.432933	0.802052
1500	-3.88176	-4.03525	-4.59617	-4.73654	0.360677	0.309356	0.176544	0.153423	0.360633
1501	-13.0618	-10.072	-8.94207	-8.85737	0.00669328	0.133067	0.411915	0.448325	0.816201
1502	-4.34701	-4.47935	-4.96211	-5.0827	0.345327	0.302521	0.18668	0.165472	0.37974
1503	-28.0081	-18.8589	-14.8111	-14.3923	7.31474e-07	0.00688107	0.394073	0.599045	0.928567
1504	-4.64293	-4.77881	-5.27679	-5.40178	0.348226	0.303984	0.184748	0.163041	0.375994
1505	-31.6934	-22.4829	-18.2272	-17.7596	5.4325e-07	0.00543352	0.383109	0.611457	0.93155
1506	-16.0648	-16.1771	-16.5881	-16.691	0.331022	0.295844	0.196159	0.176975	0.397792
1507	-28.5287	-22.4853	-19.9898	-19.761	8.36488e-05	0.0352437	0.427386	0.537286	0.899897
1508	-3.75177	-3.89603	-4.42243	-4.55396	0.353936	0.306387	0.180992	0.158685	0.368998
1509	-4.54804	-4.62892	-4.9254	-4.99985	0.308219	0.284272	0.211336	0.196173	0.427312
1510	-3.91189	-4.08557	-4.72073	-4.87977	0.375119	0.31531	0.167068	0.142502	0.343035
1511	-12.2357	-9.25632	-8.16456	-8.08949	0.00701796	0.138081	0.411414	0.443487	0.811877
1512	-9.64449	-9.75882	-10.1774	-10.2824	0.33253	0.296604	0.195156	0.17571	0.395844
1513	-19.7002	-16.7475	-15.7455	-15.6907	0.00784591	0.15031	0.409381	0.432464	0.801429
1514	-3.96451	-4.09121	-4.55459	-4.67067	0.341434	0.300804	0.189251	0.168511	0.384573
1515	-12.4366	-12.5523	-12.9747	-13.0805	0.333346	0.29694	0.194619	0.175095	0.39485
1516	-11.3877	-8.44886	-7.50468	-7.46643	0.008408	0.158866	0.408402	0.424324	0.794062
1517	-4.43401	-4.55033	-4.97532	-5.08166	0.333839	0.297181	0.19429	0.17469	0.39422
1518	-3.83798	-3.99115	-4.5512	-4.69145	0.360491	0.309298	0.176664	0.153547	0.360845
1519	-3.98535	-4.10997	-4.56353	-4.6766	0.339592	0.299805	0.190484	0.17012	0.387009
1520	-4.24818	-4.40038	-4.95694	-5.09632	0.359805	0.309008	0.177116	0.154072	0.361687
1521	-4.5775	-4.67678	-5.04062	-5.13194	0.321627	0.291229	0.202405	0.184739	0.409831
1522	-6.238	-6.38694	-6.9257	-7.05913	0.356598	0.307251	0.179272	0.15688	0.365941
1523	-25.9489	-22.9698	-21.8787	-21.8036	0.00702383	0.138149	0.41137	0.443457	0.811823
1524	-4.23303	-4.36979	-4.871	-4.99679	0.348864	0.30427	0.184327	0.162539	0.375199
1525	-3.75177	-3.89603	-4.42243	-4.55396	0.353936	0.306387	0.180992	0.158685	0.368998
1526	-17.7599	-14.7765	-13.6665	-13.586	0.00686478	0.135617	0.411514	0.446005	0.81402
1527	-3.8451	-4.00574	-4.59224	-4.73886	0.365707	0.311435	0.173243	0.149616	0.3545
1528	-4.65616	-4.7489	-5.08706	-5.17149	0.316591	0.288548	0.20576	0.189101	0.416452
1529	-34.9906	-25.4676	-20.6619	-20.1187	2.19269e-07	0.00299776	0.366334	0.630668	0.936295
1530	-3.98535	-4.10997	-4.56353	-4.6766	0.339592	0.299805	0.190484	0.17012	0.387009
1531	-25.0914	-19.0411	-16.5219	-16.2874	8.09395e-05	0.0343373	0.426447	0.539135	0.900793
1532	-32.1167	-22.969	-18.9253	-18.5072	7.3582e-07	0.00691189	0.394225	0.598863	0.928517
1533	-22.7485	-16.6658	-14.0274	-13.763	6.86978e-05	0.0301054	0.421179	0.548647	0.905119
1534	-4.47111	-4.59477	-5.04492	-5.15714	0.338911	0.299489	0.190935	0.170666	0.387867
1535	-32.6881	-23.53	-19.4469	-19.0185	6.95986e-07	0.00660572	0.391911	0.601482	0.929147
1536	-21.2473	-15.1871	-12.6297	-12.3852	7.68219e-05	0.0329144	0.424679	0.54233	0.902247
1537	-16.3421	-13.3361	-12.1457	-12.0456	0.0062071	0.12543	0.412477	0.455886	0.822812
1538	-8.81544	-8.9773	-9.56794	-9.71551	0.366531	0.311755	0.172704	0.14901	0.353511
1539	-4.69366	-4.80613	-5.2175	-5.32054	0.331113	0.295889	0.196099	0.176899	0.397675
1540	-4.43401	-4.55033	-4.97532	-5.08166	0.333839	0.297181	0.19429	0.17469	0.39422
1541	-7.87207	-8.02062	-8.54829	-8.67658	0.354887	0.305896	0.180473	0.158744	0.368542
1542	-25.7927	-19.6855	-16.9568	-16.6696	6.06372e-05	0.0272311	0.416988	0.555721	0.908159
1543	-14.2721	-11.3063	-10.2559	-10.1891	0.0073951	0.14355	0.410356	0.438699	0.807222
1544	-7.28611	-7.42258	-7.91983	-8.04389	0.348219	0.303798	0.18477	0.163213	0.376149
1545	-4.5775	-4.67678	-5.04062	-5.13194	0.321627	0.291229	0.202405	0.184739	0.409831
1546	-11.3846	-8.43063	-7.43039	-7.37793	0.00785511	0.150683	0.409699	0.431763	0.801063
1547	-4.4136	-4.52639	-4.93914	-5.04259	0.331379	0.296032	0.195922	0.176667	0.397324
1548	-9.6878	-9.82379	-10.3218	-10.4467	0.348247	0.303969	0.184737	0.163047	0.375988
1549	-15.6939	-12.7608	-11.8373	-11.804	0.00862149	0.161953	0.407816	0.421609	0.791432
1550	-11.243	-8.29338	-7.30879	-7.26013	0.00800704	0.152922	0.40933	0.42974	0.799149
1551	-10.4735	-10.555	-10.854	-10.9291	0.308718	0.284537	0.211003	0.195742	0.426657
1552	-22.1573	-19.1698	-18.0476	-17.9647	0.00675902	0.134064	0.411787	0.44739	0.815344
1553	-7.57435	-7.66077	-7.97491	-8.05306	0.311844	0.286026	0.208918	0.193212	0.422689
1554	-3.83798	-3.99115	-4.5512	-4.69145	0.360491	0.309298	0.176664	0.153547	0.360845
1555	-3.75177	-3.89603	-4.42243	-4.55396	0.353936	0.306387	0.180992	0.158685	0.368998
1556	-3.93883	-4.08377	-4.61167	-4.74333	0.354278	0.306476	0.180773	0.158473	0.368623
1557	-3.76347	-3.91336	-4.4591	-4.59514	0.357797	0.307991	0.178455	0.155756	0.364284
1558	-11.243	-8.29338	-7.30879	-7.26013	0.00800704	0.152922	0.40933	0.42974	0.799149
1559	-7.60302	-7.73884	-8.23347	-8.3568	0.347712	0.303554	0.185106	0.163628	0.376795
1560	-10.6646	-10.7747	-11.1776	-11.2785	0.329413	0.295071	0.197229	0.178288	0.39984
1561	-46.9567	-34.6899	-28.981	-28.3454	5.39679e-09	0.00114697	0.345859	0.652994	0.941171
1562	-16.0709	-16.2077	-16.7085	-16.8341	0.3488	0.304227	0.184371	0.162603	0.37529
1563	-4.28744	-4.39903	-4.80734	-4.90967	0.330498	0.295601	0.196508	0.177394	0.398452
1564	-4.48671	-4.60553	-5.03996	-5.14873	0.335699	0.29809	0.193055	0.173156	0.391839
1565	-4.39611	-4.51175	-4.93422	-5.03993	0.333342	0.296938	0.194622	0.175098	0.394855
1566	-25.8315	-19.7651	-17.1865	-16.9372	7.46034e-05	0.0321659	0.423867	0.543893	0.902993
1567	-3.83798	-3.99115	-4.5512	-4.69145	0.360491	0.309298	0.176664	0.153547	0.360845
1568	-4.64717	-4.78795	-5.30256	-5.43138	0.351569	0.3054	0.182548	0.160483	0.371892
1569	-4.68445	-4.76429	-5.05694	-5.13042	0.307457	0.283864	0.211843	0.196835	0.428316
1570	-12.3492	-12.5111	-13.1023	-13.2501	0.366618	0.311824	0.172642	0.148916	0.353379
1571	-29.0251	-22.9469	-20.3252	-20.0648	7.029e-05	0.0306619	0.421897	0.54737	0.904546
1572	-4.34701	-4.47935	-4.96211	-5.0827	0.345327	0.302521	0.18668	0.165472	0.37974
1573	-4.87916	-4.99705	-5.42846	-5.53659	0.335084	0.297819	0.193462	0.173635	0.392603
1574	-12.6482	-9.69259	-8.68657	-8.6327	0.00779959	0.149862	0.409828	0.43251	0.801766
1575	-11.9402	-8.95433	-7.83933	-7.75859	0.00681815	0.135025	0.411764	0.446393	0.814507
1576	-13.5604	-10.6067	-9.60385	-9.5499	0.00783505	0.150261	0.409599	0.432305	0.801443
1577	-29.8237	-20.6915	-16.7044	-16.3004	7.97225e-07	0.00737307	0.397394	0.595232	0.927619
1578	-22.804	-16.6933	-13.9756	-13.696	6.13368e-05	0.0276408	0.418631	0.553667	0.907554
1579	-17.4339	-14.4897	-13.5116	-13.4612	0.00808813	0.153636	0.408585	0.42969	0.79861
1580	-15.346	-12.1851	-10.6229	-10.459	0.00370833	0.0874824	0.417254	0.491555	0.855416
1581	-4.23303	-4.36979	-4.871	-4.99679	0.348864	0.30427	0.184327	0.162539	0.375199
1582	-21.9792	-19.0064	-17.9381	-17.8688	0.00722508	0.141227	0.411023	0.440525	0.809173
1583	-10.1351	-10.2742	-10.7823	-10.9094	0.350294	0.304822	0.18339	0.161494	0.373487
1584	-4.69366	-4.80613	-5.2175	-5.32054	0.331113	0.295889	0.196099	0.176899	0.397675
1585	-14.9998	-12.0496	-11.0629	-11.0138	0.00798686	0.152624	0.409377	0.430012	0.799404
1586	-4.43401	-4.55033	-4.97532	-5.08166	0.333839	0.297181	0.19429	0.17469	0.39422
1587	-22.0021	-15.9434	-13.3946	-13.153	7.77027e-05	0.033241	0.425226	0.541455	0.90189
1588	-15.8926	-12.9288	-11.8924	-11.8308	0.0075154	0.14558	0.410404	0.436501	0.805441
1589	-3.75177	-3.89603	-4.42243	-4.55396	0.353936	0.306387	0.180992	0.158685	0.368998
1590	-15.0991	-12.138	-11.1116	-11.0524	0.00760804	0.146975	0.410214	0.435203	0.804244
1591	-6.67512	-6.82794	-7.38332	-7.52153	0.359743	0.308762	0.177184	0.154312	0.361938
1592	-19.7662	-13.7272	-11.2492	-11.025	8.56563e-05	0.0359289	0.428185	0.535801	0.899206
1593	-25.1038	-19.035	-16.4479	-16.1964	7.37234e-05	0.0318629	0.423493	0.54457	0.903302
1594	-27.2822	-21.2216	-18.663	-18.4181	7.66902e-05	0.0328689	0.424613	0.542442	0.902295
1595	-7.49565	-7.58971	-7.93287	-8.0186	0.317578	0.289069	0.205102	0.188251	0.415158
1596	-29.7212	-23.5134	-20.464	-20.1094	3.85835e-05	0.0191624	0.40435	0.576449	0.916833
1597	-19.6358	-19.7522	-20.1776	-20.284	0.333904	0.297212	0.194247	0.174637	0.394137
1598	-4.61334	-4.7524	-5.26069	-5.38791	0.350323	0.304842	0.18337	0.161465	0.373445
1599	-15.9627	-13.0217	-12.0686	-12.0279	0.00831952	0.157531	0.408579	0.42557	0.795208
1600	-60.033	-44.7166	-37.7195	-36.9578	6.48703e-11	0.000291005	0.318194	0.681515	0.94642
1601	-9.51501	-9.64169	-10.1049	-10.2209	0.341408	0.300786	0.189268	0.168537	0.38461
1602	-14.231	-14.3172	-14.6336	-14.7131	0.312172	0.286366	0.208701	0.19276	0.422123
1603	-27.7992	-21.7556	-19.2603	-19.0315	8.36451e-05	0.035247	0.427414	0.537256	0.89989
1604	-4.69744	-4.8082	-5.21349	-5.31508	0.329898	0.29531	0.196906	0.177886	0.399218
1605	-4.69366	-4.80613	-5.2175	-5.32054	0.331113	0.295889	0.196099	0.176899	0.397675
1606	-15.986	-13.0284	-12.0115	-11.9539	0.00770067	0.148257	0.409884	0.434158	0.803162
1607	-3.98535	-4.10997	-4.56353	-4.6766	0.339592	0.299805	0.190484	0.17012	0.387009
1608	-4.76437	-4.88009	-5.30364	-5.40982	0.333519	0.297074	0.1945	0.174907	0.394589
1609	-4.48671	-4.60553	-5.03996	-5.14873	0.335699	0.29809	0.193055	0.173156	0.391839
1610	-3.91189	-4.08557	-4.72073	-4.87977	0.375119	0.31531	0.167068	0.142502	0.343035
1611	-12.4898	-9.54061	-8.55819	-8.51023	0.00802744	0.153247	0.409308	0.429418	0.798868
1612	-4.34701	-4.47935	-4.96211	-5.0827	0.345327	0.302521	0.18668	0.165472	0.37974
1613	-11.7479	-8.81558	-7.89534	-7.86305	0.00865491	0.162459	0.407753	0.421133	0.790998
1614	-8.59653	-8.73706	-9.2495	-9.37747	0.351201	0.305157	0.1828	0.160842	0.372412
1615	-11.1006	-8.14849	-7.15562	-7.10509	0.00792557	0.151744	0.409553	0.430777	0.800153
1616	-4.4663	-4.58066	-4.99937	-5.10437	0.332552	0.296615	0.195142	0.175691	0.395815
1617	-4.28744	-4.39903	-4.80734	-4.90967	0.330498	0.295601	0.196508	0.177394	0.398452
1618	-4.06273	-4.17678	-4.59388	-4.69834	0.332253	0.296441	0.195341	0.175965	0.396221
1619	-11.7617	-8.78331	-7.69568	-7.62182	0.00705312	0.138643	0.411384	0.442921	0.81139
1620	-4.82356	-4.93551	-5.34522	-5.44791	0.330772	0.295739	0.196324	0.177164	0.398098
1621	-7.25151	-7.37738	-7.83635	-7.95098	0.340626	0.30034	0.189794	0.16924	0.385662
1622	-6.83507	-6.99462	-7.57286	-7.71634	0.364304	0.310581	0.174199	0.150915	0.356428
1623	-11.8329	-8.89389	-7.94942	-7.91111	0.0084051	0.158825	0.408409	0.424361	0.794098
1624	-18.1237	-15.1736	-14.1867	-14.1375	0.00798544	0.152597	0.409373	0.430044	0.799429
1625	-4.34701	-4.47935	-4.96211	-5.0827	0.345327	0.302521	0.18668	0.165472	0.37974
1626	-7.43604	-7.55249	-7.97791	-8.08436	0.333928	0.297221	0.194232	0.174619	0.394108
1627	-4.23303	-4.36979	-4.871	-4.99679	0.348864	0.30427	0.184327	0.162539	0.375199
1628	-19.6998	-19.8111	-20.2182	-20.3203	0.330265	0.2955	0.196661	0.177574	0.39874
1629	-13.7724	-13.8664	-14.2094	-14.2951	0.317542	0.289049	0.205127	0.188283	0.415206
1630	-16.8528	-13.8633	-12.734	-12.6493	0.00669915	0.133146	0.411887	0.448269	0.816136
1633	-3.90954	-4.03381	-4.48818	-4.60194	0.339654	0.299963	0.19043	0.169953	0.386827
1634	-28.8388	-22.7304	-19.9991	-19.7116	6.0405e-05	0.0271579	0.416949	0.555833	0.908225
1635	-50.7972	-41.5866	-37.3073	-36.8288	5.27101e-07	0.0052721	0.380589	0.614139	0.932096
