Sites	Ll_YN98.omega=0.0394226	Ll_YN98.omega=1	Pr_YN98.omega=0.0394226	Pr_YN98.omega=1	mean
1	-3.69994	-5.24393	0.991022	0.00897808	0.0480467
2	-6.14273	-6.77638	0.977982	0.0220183	0.0605729
3	-9.94616	-10.6636	0.979715	0.0202846	0.0589075
4	-8.66106	-9.44249	0.980949	0.0190512	0.0577227
5	-4.59127	-5.0597	0.974128	0.0258717	0.0642744
6	-4.33075	-5.06367	0.980021	0.0199792	0.0586141
7	-4.89373	-5.91838	0.985	0.0149997	0.0538309
8	-13.5861	-10.9669	0.631993	0.368007	0.392921
9	-5.34944	-5.71719	0.971466	0.0285339	0.0668316
10	-2.96774	-3.94103	0.984222	0.0157777	0.0545783
11	-3.32397	-4.15545	0.981862	0.018138	0.0568455
12	-7.22363	-8.38695	0.986917	0.0130829	0.0519897
13	-7.94742	-8.82829	0.982721	0.0172791	0.0560205
14	-4.59127	-5.0597	0.974128	0.0258717	0.0642744
15	-52.6132	-37.6965	7.83643e-06	0.999992	0.999992
16	-3.73202	-5.99663	0.995612	0.00438764	0.0436372
17	-13.6912	-14.7114	0.984935	0.0150652	0.0538938
18	-3.74229	-5.54028	0.993022	0.00697825	0.0461257
19	-9.516	-10.9049	0.989532	0.010468	0.0494779
20	-3.96754	-5.3456	0.989419	0.0105814	0.0495868
21	-8.22125	-9.23922	0.984901	0.0150988	0.0539261
22	-4.19423	-5.53368	0.989007	0.0109933	0.0499825
23	-3.76809	-4.48299	0.979665	0.0203352	0.0589561
24	-2.95983	-3.86815	0.983181	0.0168191	0.0555786
25	-4.57731	-5.01457	0.973331	0.0266692	0.0650404
26	-3.29595	-4.17569	0.982702	0.0172983	0.0560389
27	-3.70737	-4.33152	0.977776	0.0222241	0.0607705
28	-4.42331	-5.40346	0.984328	0.0156717	0.0544764
29	-5.32756	-5.928	0.977255	0.022745	0.0612709
30	-8.70117	-9.55802	0.982308	0.0176917	0.0564169
31	-3.76809	-4.48299	0.979665	0.0203352	0.0589561
32	-5.63659	-6.38872	0.980394	0.0196065	0.0582561
33	-3.31579	-4.09178	0.980847	0.0191532	0.0578207
34	-10.4138	-11.0174	0.977326	0.0226744	0.0612031
35	-15.34	-16.3592	0.984921	0.0150793	0.0539074
36	-3.94224	-4.91908	0.984277	0.0157228	0.0545255
37	-12.0867	-12.7791	0.979212	0.0207882	0.0593912
38	-3.37216	-4.01918	0.978268	0.0217325	0.0602983
39	-3.83921	-4.70697	0.982497	0.0175031	0.0562356
40	-3.29595	-4.17569	0.982702	0.0172983	0.0560389
41	-4.07111	-4.62578	0.976215	0.0237849	0.0622698
42	-8.6563	-9.40089	0.980248	0.019752	0.0583959
43	-10.3881	-11.5445	0.986828	0.0131723	0.0520756
44	-3.95797	-4.80578	0.982151	0.0178495	0.0565684
45	-9.34499	-10.4009	0.985455	0.0145447	0.0533939
46	-8.03738	-8.71042	0.978814	0.0211861	0.0597734
47	-3.70737	-4.33152	0.977776	0.0222241	0.0607705
48	-7.52675	-8.49893	0.984205	0.0157949	0.0545948
49	-11.3224	-11.9678	0.978234	0.021766	0.0603305
50	-8.50119	-9.28699	0.98103	0.0189697	0.0576444
51	-15.1475	-15.9781	0.981847	0.0181526	0.0568595
52	-13.8896	-14.4917	0.977293	0.0227066	0.061234
53	-8.99834	-10.0624	0.985572	0.0144283	0.053282
54	-3.30972	-4.25236	0.983739	0.016261	0.0550425
55	-3.30972	-4.25236	0.983739	0.016261	0.0550425
56	-8.73218	-9.47771	0.980266	0.0197338	0.0583784
57	-4.79493	-5.49919	0.979452	0.0205482	0.0591607
58	-3.9995	-5.18647	0.987219	0.0127811	0.0516998
65	-3.9995	-5.18647	0.987219	0.0127811	0.0516998
66	-4.09357	-5.99656	0.993713	0.0062871	0.0454618
67	-6.72387	-8.53128	0.993087	0.00691325	0.0460633
68	-3.24841	-4.48136	0.987786	0.0122136	0.0511547
69	-3.03309	-4.5393	0.990679	0.00932052	0.0483756
70	-3.24841	-4.48136	0.987786	0.0122136	0.0511547
71	-3.24841	-4.48136	0.987786	0.0122136	0.0511547
72	-3.24841	-4.48136	0.987786	0.0122136	0.0511547
73	-16.592	-18.2417	0.991915	0.00808517	0.047189
74	-8.23157	-9.28883	0.985475	0.0145255	0.0533754
75	-3.42463	-4.8854	0.99025	0.00974967	0.0487879
76	-7.74114	-8.87585	0.986542	0.0134576	0.0523496
77	-8.77476	-9.95751	0.987166	0.0128344	0.051751
78	-3.39107	-4.68003	0.988444	0.0115562	0.0505232
79	-9.99547	-8.25531	0.805307	0.194693	0.22644
80	-3.57863	-4.79423	0.987575	0.0124248	0.0513576
81	-4.39013	-5.53194	0.986636	0.0133636	0.0522593
82	-17.1163	-18.5603	0.990087	0.00991347	0.0489452
83	-3.9995	-5.18647	0.987219	0.0127811	0.0516998
84	-9.78495	-11.3978	0.991614	0.0083856	0.0474776
85	-3.39107	-4.68003	0.988444	0.0115562	0.0505232
86	-8.05551	-9.90768	0.993387	0.00661266	0.0457745
87	-11.5177	-12.6308	0.986253	0.013747	0.0526276
88	-4.8615	-5.95787	0.986024	0.0139761	0.0528477
89	-9.20312	-10.2816	0.985775	0.0142246	0.0530863
90	-3.03309	-4.5393	0.990679	0.00932052	0.0483756
91	-9.72625	-8.04345	0.814144	0.185856	0.217952
92	-3.24841	-4.48136	0.987786	0.0122136	0.0511547
93	-4.10477	-5.72129	0.991645	0.00835522	0.0474484
94	-9.72625	-8.04345	0.814144	0.185856	0.217952
95	-20.6234	-22.2019	0.991323	0.00867667	0.0477572
96	-3.9995	-5.18647	0.987219	0.0127811	0.0516998
97	-4.42708	-5.42211	0.984556	0.0154438	0.0542575
98	-7.98941	-9.0851	0.986015	0.0139855	0.0528567
99	-4.5591	-6.18281	0.991704	0.00829583	0.0473913
100	-3.92113	-5.57438	0.991944	0.00805638	0.0471613
101	-18.6581	-16.9785	0.814619	0.185381	0.217496
102	-4.07375	-5.12451	0.985381	0.0146189	0.0534651
103	-7.65444	-8.7603	0.986154	0.0138458	0.0527225
104	-8.77476	-9.95751	0.987166	0.0128344	0.051751
105	-8.51979	-10.1286	0.99158	0.00841958	0.0475102
106	-3.03309	-4.5393	0.990679	0.00932052	0.0483756
107	-12.1797	-13.2402	0.98552	0.0144802	0.053332
108	-9.49258	-10.6677	0.987068	0.0129317	0.0518444
109	-9.11476	-10.2159	0.986089	0.0139109	0.052785
110	-22.2529	-23.2808	0.985047	0.0149526	0.0537857
111	-10.497	-8.71606	0.79884	0.20116	0.232653
112	-14.6802	-12.7063	0.766043	0.233957	0.264157
113	-8.19358	-9.4135	0.987628	0.0123719	0.0513068
114	-22.3898	-17.2788	0.124433	0.875567	0.880472
115	-10.6474	-8.48029	0.729645	0.270355	0.29912
116	-11.0128	-12.3835	0.989341	0.0106588	0.0496612
117	-19.8149	-15.1321	0.179045	0.820955	0.828014
118	-12.9726	-14.5218	0.991068	0.00893214	0.0480026
119	-20.3551	-15.2207	0.121908	0.878092	0.882898
120	-3.03309	-4.5393	0.990679	0.00932052	0.0483756
121	-4.07375	-5.12451	0.985381	0.0146189	0.0534651
122	-16.2851	-17.7134	0.989932	0.0100683	0.0490939
123	-20.2916	-15.2463	0.13178	0.86822	0.873415
124	-8.3698	-9.6349	0.988168	0.0118317	0.0507879
125	-4.60114	-5.83832	0.987837	0.0121627	0.0511058
126	-9.38426	-11.0721	0.992215	0.00778468	0.0469004
127	-3.24841	-4.48136	0.987786	0.0122136	0.0511547
128	-3.9995	-5.18647	0.987219	0.0127811	0.0516998
129	-3.57863	-4.79423	0.987575	0.0124248	0.0513576
130	-4.8615	-5.95787	0.986024	0.0139761	0.0528477
131	-3.42463	-4.8854	0.99025	0.00974967	0.0487879
132	-3.9995	-5.18647	0.987219	0.0127811	0.0516998
133	-3.42463	-4.8854	0.99025	0.00974967	0.0487879
134	-5.06102	-6.93143	0.993506	0.00649397	0.0456605
135	-5.17219	-6.45027	0.988319	0.011681	0.0506431
136	-6.22281	-6.97407	0.980377	0.0196235	0.0582724
137	-4.78556	-5.69847	0.983257	0.0167433	0.0555058
138	-16.4543	-17.3201	0.982464	0.0175361	0.0562673
139	-15.2433	-16.2353	0.984509	0.0154909	0.0543027
140	-5.07822	-5.73216	0.978414	0.0215856	0.0601572
141	-4.63525	-5.83957	0.987436	0.012564	0.0514913
142	-3.75612	-5.63672	0.993571	0.00642855	0.0455977
143	-4.44761	-5.3681	0.983381	0.016619	0.0553864
144	-5.86754	-6.74014	0.98258	0.01742	0.0561558
145	-4.22311	-5.6234	0.989649	0.0103512	0.0493657
146	-16.7479	-13.8826	0.573156	0.426844	0.449439
147	-10.5886	-11.8432	0.988044	0.0119558	0.0509071
148	-5.07822	-5.73216	0.978414	0.0215856	0.0601572
149	-15.4338	-16.214	0.980925	0.0190747	0.0577453
150	-7.3505	-8.6045	0.988038	0.0119623	0.0509133
151	-6.11318	-6.91927	0.981404	0.0185958	0.0572852
152	-5.57991	-6.4248	0.982099	0.0179008	0.0566176
153	-4.8615	-5.95787	0.986024	0.0139761	0.0528477
154	-4.58118	-5.71403	0.986518	0.0134822	0.0523732
155	-11.3047	-8.775	0.652555	0.347445	0.37317
156	-10.8552	-12.2057	0.989126	0.010874	0.0498679
157	-4.42708	-5.42211	0.984556	0.0154438	0.0542575
158	-4.14286	-5.06744	0.983448	0.0165522	0.0553222
159	-3.73628	-6.10445	0.996042	0.00395769	0.0432242
160	-4.44761	-5.3681	0.983381	0.016619	0.0553864
161	-16.6572	-14.544	0.740151	0.259849	0.289028
162	-4.63525	-5.83957	0.987436	0.012564	0.0514913
163	-4.70792	-5.46399	0.980469	0.019531	0.0581836
164	-11.0184	-11.8923	0.982603	0.0173969	0.0561336
165	-3.42463	-4.8854	0.99025	0.00974967	0.0487879
166	-5.34678	-6.5523	0.987451	0.012549	0.0514769
167	-8.55064	-9.83739	0.988419	0.0115814	0.0505474
168	-6.76857	-7.75172	0.984375	0.0156254	0.0544319
169	-5.86754	-6.74014	0.98258	0.01742	0.0561558
170	-4.70855	-5.43974	0.979987	0.0200131	0.0586467
171	-9.87063	-7.77862	0.744205	0.255795	0.285133
