Sites	Ll_YN98.omega=0.00224749	Ll_YN98.omega=0.00962973	Ll_YN98.omega=0.0428159	Ll_YN98.omega=0.256864	Pr_YN98.omega=0.00224749	Pr_YN98.omega=0.00962973	Pr_YN98.omega=0.0428159	Pr_YN98.omega=0.256864	mean
1	-3.63953	-3.65154	-3.70554	-4.05289	0.278893	0.275562	0.261078	0.184467	0.0618415
2	-6.11924	-6.1242	-6.14648	-6.28964	0.262363	0.261065	0.255313	0.221259	0.0708685
3	-9.9198	-9.92536	-9.95035	-10.1113	0.263847	0.262383	0.255907	0.217863	0.0700377
4	-8.63254	-8.63859	-8.66581	-8.84106	0.265039	0.263439	0.256366	0.215155	0.0693747
5	-4.5727	-4.57632	-4.59257	-4.69733	0.259098	0.258163	0.254001	0.228738	0.0726983
6	-4.30213	-4.3078	-4.33326	-4.49733	0.264105	0.262613	0.256011	0.217271	0.0698929
7	-4.85421	-4.86221	-4.89819	-5.12941	0.269657	0.267506	0.258055	0.204782	0.0668321
8	-16.4218	-14.9715	-13.5009	-11.8468	0.00827476	0.0352864	0.153574	0.802865	0.213161
9	-5.33542	-5.33825	-5.351	-5.43319	0.257165	0.256437	0.253187	0.233211	0.0737913
10	-2.92969	-2.93723	-2.97109	-3.18919	0.268573	0.266557	0.257682	0.207188	0.0674225
11	-3.29144	-3.29789	-3.32688	-3.51361	0.265991	0.264281	0.256729	0.212999	0.0688467
12	-7.17939	-7.18855	-7.22969	-7.49365	0.272319	0.269836	0.258962	0.198883	0.065384
13	-7.91621	-7.92314	-7.9543	-8.15421	0.267101	0.265254	0.257117	0.210528	0.0682404
14	-4.5727	-4.57632	-4.59257	-4.69733	0.259098	0.258163	0.254001	0.228738	0.0726983
15	-66.8589	-59.5935	-52.1771	-43.5011	7.17409e-11	1.0259e-07	0.000170607	0.999829	0.256827
16	-3.64136	-3.65941	-3.74042	-4.25899	0.291798	0.28658	0.264278	0.157344	0.0551468
17	-13.655	-13.663	-13.6989	-13.9299	0.269638	0.267489	0.258041	0.204832	0.0668441
18	-3.66958	-3.68398	-3.74863	-4.16194	0.28402	0.279959	0.262432	0.173589	0.0591592
19	-9.46399	-9.47487	-9.52371	-9.83741	0.276274	0.273286	0.260258	0.190181	0.0632465
20	-3.91388	-3.92469	-3.97327	-4.28513	0.276132	0.273162	0.26021	0.190495	0.0633236
21	-8.18307	-8.19105	-8.2269	-8.45716	0.269583	0.26744	0.258023	0.204954	0.0668741
22	-4.14233	-4.15292	-4.20048	-4.50531	0.27559	0.272687	0.260021	0.191701	0.0636195
23	-3.74041	-3.74594	-3.77083	-3.93113	0.263792	0.262335	0.255887	0.217987	0.070068
24	-2.92432	-2.93135	-2.96296	-3.16655	0.267383	0.265509	0.257247	0.209861	0.0680776
25	-4.55998	-4.56336	-4.57853	-4.67633	0.258503	0.257632	0.253753	0.230112	0.0730339
26	-3.2621	-3.26891	-3.29949	-3.49645	0.266836	0.265027	0.257045	0.211092	0.0683794
27	-3.68358	-3.68841	-3.7101	-3.84983	0.262064	0.260803	0.255207	0.221926	0.0710321
28	-4.38466	-4.3923	-4.42659	-4.64729	0.268791	0.266747	0.257753	0.206709	0.0673047
29	-5.30346	-5.30812	-5.32904	-5.46378	0.261645	0.26043	0.255038	0.222887	0.0712672
30	-8.66294	-8.6696	-8.69951	-8.89198	0.266471	0.264703	0.256903	0.211923	0.0685829
31	-3.74041	-3.74594	-3.77083	-3.93113	0.263792	0.262335	0.255887	0.217987	0.070068
32	-5.60679	-5.61263	-5.63887	-5.80787	0.264519	0.262979	0.256167	0.216336	0.0696637
33	-3.28542	-3.29144	-3.31851	-3.49282	0.26496	0.26337	0.256338	0.215332	0.0694181
34	-10.3853	-10.39	-10.411	-10.5463	0.261696	0.260476	0.255059	0.222769	0.0712384
35	-15.289	-15.297	-15.3331	-15.5646	0.269691	0.267533	0.258052	0.204725	0.0668175
36	-3.90414	-3.91173	-3.94581	-4.16518	0.268681	0.266651	0.257716	0.206951	0.0673643
37	-12.0647	-12.0702	-12.0948	-12.2524	0.26359	0.26215	0.255781	0.218479	0.0701878
38	-3.34744	-3.35244	-3.3749	-3.51959	0.262482	0.261173	0.255374	0.220971	0.0707985
39	-3.80584	-3.81256	-3.84278	-4.03738	0.266643	0.264856	0.256971	0.21153	0.0684867
40	-3.2621	-3.26891	-3.29949	-3.49645	0.266836	0.265027	0.257045	0.211092	0.0683794
41	-4.04936	-4.05366	-4.07295	-4.19725	0.260761	0.259644	0.254682	0.224913	0.0717629
42	-8.62911	-8.63489	-8.66086	-8.82802	0.264368	0.262845	0.256106	0.216681	0.0697482
43	-10.3456	-10.3546	-10.3951	-10.6556	0.272021	0.26958	0.258879	0.199521	0.0655413
44	-3.9257	-3.93228	-3.96188	-4.15231	0.266302	0.264554	0.25684	0.212305	0.0686764
45	-9.30519	-9.31346	-9.35062	-9.58939	0.270273	0.268047	0.258268	0.203412	0.0664958
46	-8.01332	-8.01854	-8.04197	-8.19288	0.263005	0.261638	0.255579	0.219779	0.0705067
47	-3.68358	-3.68841	-3.7101	-3.84983	0.262064	0.260803	0.255207	0.221926	0.0710321
48	-7.49027	-7.4979	-7.53214	-7.75213	0.268744	0.266703	0.257724	0.20683	0.0673342
49	-11.2921	-11.2971	-11.3195	-11.4639	0.262452	0.261147	0.255362	0.221039	0.0708151
50	-8.47249	-8.47858	-8.50594	-8.68215	0.265119	0.26351	0.256398	0.214974	0.0693304
51	-15.106	-15.1124	-15.1415	-15.3287	0.266032	0.264315	0.256736	0.212917	0.0688262
52	-13.8699	-13.8746	-13.8957	-14.0311	0.261704	0.260482	0.255058	0.222756	0.0712352
53	-8.95849	-8.96678	-9.004	-9.24352	0.270324	0.268094	0.258299	0.203282	0.0664645
54	-3.27347	-3.28076	-3.31351	-3.5245	0.26799	0.266044	0.257471	0.208495	0.0677429
55	-3.27347	-3.28076	-3.31351	-3.5245	0.26799	0.266044	0.257471	0.208495	0.0677429
56	-8.70507	-8.71086	-8.73689	-8.9044	0.264398	0.262871	0.256117	0.216614	0.0697319
57	-4.76736	-4.77282	-4.79732	-4.95521	0.263589	0.262155	0.255809	0.218447	0.0701808
58	-3.95303	-3.96233	-4.00411	-4.27244	0.272663	0.27014	0.259087	0.198111	0.0651947
65	-3.95303	-3.96233	-4.00411	-4.27244	0.272663	0.27014	0.259087	0.198111	0.0651947
66	-4.01857	-4.03375	-4.10189	-4.53785	0.28572	0.281416	0.262877	0.169988	0.0582712
67	-6.64745	-6.66183	-6.7264	-7.13965	0.284004	0.279949	0.262443	0.173604	0.0591636
68	-3.19984	-3.20945	-3.25264	-3.5304	0.273409	0.270793	0.259347	0.196451	0.0647874
69	-2.97347	-2.98528	-3.03835	-3.37908	0.278396	0.275127	0.260907	0.18557	0.0621122
70	-3.19984	-3.20945	-3.25264	-3.5304	0.273409	0.270793	0.259347	0.196451	0.0647874
71	-3.19984	-3.20945	-3.25264	-3.5304	0.273409	0.270793	0.259347	0.196451	0.0647874
72	-3.19984	-3.20945	-3.25264	-3.5304	0.273409	0.270793	0.259347	0.196451	0.0647874
73	-16.5222	-16.5354	-16.5949	-16.9752	0.281507	0.277799	0.261745	0.178949	0.0604802
74	-8.19185	-8.20013	-8.23734	-8.47638	0.270296	0.268067	0.258275	0.203362	0.0664836
75	-3.3678	-3.37923	-3.43056	-3.76028	0.277532	0.274379	0.26065	0.18744	0.0625725
76	-7.69133	-7.7004	-7.74114	-8.00151	0.272058	0.2696	0.258838	0.199503	0.0655352
77	-8.73041	-8.7397	-8.78142	-9.04928	0.272629	0.270108	0.25907	0.198193	0.0652146
78	-3.3401	-3.35021	-3.39565	-3.68753	0.274544	0.271781	0.259709	0.193966	0.0641768
79	-12.8033	-11.36	-9.9206	-8.46704	0.0100484	0.0425522	0.17949	0.767909	0.205366
80	-3.53068	-3.54017	-3.58282	-3.85707	0.273129	0.270549	0.259253	0.197069	0.0649391
81	-4.34527	-4.35415	-4.39407	-4.65091	0.271726	0.269323	0.258784	0.200167	0.0657
82	-17.0588	-17.0705	-17.1232	-17.459	0.278077	0.274831	0.260729	0.186364	0.062305
83	-3.95303	-3.96233	-4.00411	-4.27244	0.272663	0.27014	0.259087	0.198111	0.0651947
84	-9.72318	-9.73589	-9.793	-10.1593	0.280389	0.276847	0.261481	0.181284	0.061057
85	-3.3401	-3.35021	-3.39565	-3.68753	0.274544	0.271781	0.259709	0.193966	0.0641768
86	-7.9845	-7.99928	-8.06565	-8.49015	0.28486	0.28068	0.262657	0.171802	0.0587189
87	-11.476	-11.4846	-11.5236	-11.774	0.271213	0.268873	0.258607	0.201308	0.0659799
88	-4.81829	-4.82684	-4.86526	-5.11236	0.270942	0.268636	0.25851	0.201912	0.0661281
89	-9.16258	-9.17102	-9.20893	-9.45257	0.270667	0.268393	0.258408	0.202532	0.0662799
90	-2.97347	-2.98528	-3.03835	-3.37908	0.278396	0.275127	0.260907	0.18557	0.0621122
91	-12.5313	-11.0884	-9.65102	-8.21042	0.0101722	0.0430575	0.181261	0.76551	0.20483
92	-3.19984	-3.20945	-3.25264	-3.5304	0.273409	0.270793	0.259347	0.196451	0.0647874
93	-4.04082	-4.05355	-4.11076	-4.47775	0.280442	0.276892	0.261497	0.181169	0.0610287
94	-12.5313	-11.0884	-9.65102	-8.21042	0.0101722	0.0430575	0.181261	0.76551	0.20483
95	-20.567	-20.5795	-20.6356	-20.995	0.279871	0.276397	0.26132	0.182412	0.0613343
96	-3.95303	-3.96233	-4.00411	-4.27244	0.272663	0.27014	0.259087	0.198111	0.0651947
97	-4.38895	-4.39673	-4.43166	-4.65623	0.269114	0.267029	0.257861	0.205996	0.0671297
98	-7.9415	-7.95003	-7.98839	-8.23502	0.270906	0.268603	0.258495	0.201996	0.0661486
99	-4.49424	-4.50705	-4.56463	-4.93395	0.280622	0.277048	0.261548	0.180783	0.0609336
100	-3.8552	-3.86824	-3.92679	-4.30249	0.28111	0.277469	0.261689	0.179731	0.0606746
101	-21.4606	-20.0178	-18.5808	-17.1424	0.0101938	0.0431445	0.181552	0.76511	0.204741
102	-4.03336	-4.04156	-4.07839	-4.31517	0.270108	0.267903	0.258215	0.203774	0.0665847
103	-7.60734	-7.61601	-7.655	-7.90544	0.27122	0.268877	0.258596	0.201307	0.0659793
104	-8.73041	-8.7397	-8.78142	-9.04928	0.272629	0.270108	0.25907	0.198193	0.0652146
105	-8.45172	-8.4644	-8.52135	-8.88661	0.28031	0.276778	0.261457	0.181456	0.0610992
106	-2.97347	-2.98528	-3.03835	-3.37908	0.278396	0.275127	0.260907	0.18557	0.0621122
107	-12.1275	-12.1358	-12.1732	-12.4132	0.270374	0.268134	0.2583	0.203192	0.0664417
108	-9.44863	-9.45784	-9.4992	-9.76489	0.27245	0.269953	0.259014	0.198582	0.0653104
109	-9.06563	-9.07426	-9.11303	-9.36204	0.271106	0.268776	0.258554	0.201563	0.0660421
110	-22.2202	-22.2283	-22.2648	-22.4983	0.269859	0.26768	0.258108	0.204353	0.0667264
111	-13.2983	-11.8546	-10.4139	-8.95134	0.00996325	0.0422045	0.17827	0.769562	0.205734
112	-17.4903	-16.0456	-14.6001	-13.1035	0.0096505	0.0409226	0.173686	0.775741	0.207112
113	-8.1475	-8.15703	-8.19985	-8.47507	0.27321	0.270619	0.259276	0.196895	0.0648965
114	-28.0575	-25.1581	-22.2218	-18.9458	0.000106137	0.00192785	0.0363305	0.961636	0.248584
115	-13.473	-12.0262	-10.5716	-9.02025	0.00914843	0.0388732	0.166497	0.785482	0.209286
116	-10.9484	-10.9593	-11.0083	-11.322	0.276303	0.273303	0.260232	0.190163	0.0632408
117	-25.4706	-22.5746	-19.6539	-16.4767	0.000118931	0.00215277	0.0399438	0.957785	0.247752
118	-12.9013	-12.9136	-12.9684	-13.3204	0.279281	0.275889	0.261155	0.183675	0.0616455
119	-26.0266	-23.1273	-20.1912	-16.9148	0.000106115	0.00192735	0.0363139	0.961653	0.248588
120	-2.97347	-2.98528	-3.03835	-3.37908	0.278396	0.275127	0.260907	0.18557	0.0621122
121	-4.03336	-4.04156	-4.07839	-4.31517	0.270108	0.267903	0.258215	0.203774	0.0665847
122	-16.2186	-16.2299	-16.2805	-16.6052	0.277152	0.274045	0.260513	0.18829	0.0627808
123	-25.9547	-23.0559	-20.1227	-16.8649	0.000108405	0.0019677	0.0369696	0.960954	0.248437
124	-8.32173	-8.33168	-8.37635	-8.66324	0.274149	0.271436	0.259576	0.194838	0.0643908
125	-4.55357	-4.56336	-4.60732	-4.88912	0.273757	0.27109	0.259431	0.195721	0.0646074
126	-9.31233	-9.32583	-9.38646	-9.77415	0.282065	0.278282	0.261913	0.177739	0.0601826
127	-3.19984	-3.20945	-3.25264	-3.5304	0.273409	0.270793	0.259347	0.196451	0.0647874
128	-3.95303	-3.96233	-4.00411	-4.27244	0.272663	0.27014	0.259087	0.198111	0.0651947
129	-3.53068	-3.54017	-3.58282	-3.85707	0.273129	0.270549	0.259253	0.197069	0.0649391
130	-4.81829	-4.82684	-4.86526	-5.11236	0.270942	0.268636	0.25851	0.201912	0.0661281
131	-3.3678	-3.37923	-3.43056	-3.76028	0.277532	0.274379	0.26065	0.18744	0.0625725
132	-3.95303	-3.96233	-4.00411	-4.27244	0.272663	0.27014	0.259087	0.198111	0.0651947
133	-3.3678	-3.37923	-3.43056	-3.76028	0.277532	0.274379	0.26065	0.18744	0.0625725
134	-4.98592	-5.00136	-5.07059	-5.51027	0.286088	0.281705	0.26286	0.169346	0.0581092
135	-5.12122	-5.13123	-5.17618	-5.46508	0.274303	0.271573	0.259635	0.194489	0.0643054
136	-6.19409	-6.19997	-6.22637	-6.39603	0.264583	0.263033	0.25618	0.216204	0.0696312
137	-4.74946	-4.75656	-4.78847	-4.99384	0.267533	0.26564	0.257298	0.20953	0.0679964
138	-16.4182	-16.4251	-16.4564	-16.6559	0.267098	0.265244	0.257079	0.210579	0.0682517
139	-15.1955	-15.2034	-15.2386	-15.4644	0.26923	0.267126	0.257881	0.205763	0.067072
140	-5.05206	-5.05714	-5.07997	-5.22701	0.26268	0.261349	0.255449	0.220521	0.0706883
141	-4.58795	-4.59738	-4.63977	-4.91214	0.272983	0.27042	0.259198	0.197399	0.06502
142	-3.68019	-3.69523	-3.76275	-4.19453	0.28541	0.28115	0.262794	0.170646	0.0584335
143	-4.41129	-4.41844	-4.45056	-4.65738	0.267651	0.265744	0.257342	0.209262	0.0679309
144	-5.83448	-5.84133	-5.87209	-6.06963	0.2669	0.265079	0.257049	0.210972	0.0683494
145	-4.16892	-4.17998	-4.22964	-4.54805	0.276661	0.273618	0.26036	0.189362	0.0630444
146	-19.5919	-18.1402	-16.6629	-14.963	0.00791248	0.0337905	0.148039	0.810258	0.214808
147	-10.5405	-10.5504	-10.5946	-10.8787	0.273921	0.271238	0.259505	0.195336	0.0645134
148	-5.05206	-5.05714	-5.07997	-5.22701	0.26268	0.261349	0.255449	0.220521	0.0706883
149	-15.4001	-15.4062	-15.4336	-15.6095	0.265108	0.263498	0.256381	0.215013	0.0693395
150	-7.30196	-7.31199	-7.35701	-7.64473	0.274254	0.271517	0.259563	0.194666	0.0643472
151	-6.08132	-6.08758	-6.11573	-6.2969	0.265533	0.263875	0.256552	0.21404	0.0691015
152	-5.54664	-5.5532	-5.58265	-5.77228	0.266233	0.264494	0.256818	0.212455	0.0687133
153	-4.81829	-4.82684	-4.86526	-5.11236	0.270942	0.268636	0.25851	0.201912	0.0661281
154	-4.53863	-4.54755	-4.58758	-4.84447	0.271749	0.269338	0.258768	0.200145	0.0656939
155	-14.1357	-12.6861	-11.2187	-9.5855	0.00844629	0.0359916	0.156133	0.799429	0.212395
156	-10.8041	-10.815	-10.8638	-11.1756	0.276177	0.273187	0.260161	0.190476	0.0633169
157	-4.38895	-4.39673	-4.43166	-4.65623	0.269114	0.267029	0.257861	0.205996	0.0671297
158	-4.10635	-4.11356	-4.14596	-4.35431	0.267782	0.265858	0.257383	0.208976	0.0678606
159	-3.64161	-3.66045	-3.74505	-4.28676	0.293458	0.28798	0.264618	0.153943	0.0543051
160	-4.41129	-4.41844	-4.45056	-4.65738	0.267651	0.265744	0.257342	0.209262	0.0679309
161	-19.4744	-18.028	-16.575	-15.0351	0.0092484	0.0392834	0.167972	0.783496	0.208843
162	-4.58795	-4.59738	-4.63977	-4.91214	0.272983	0.27042	0.259198	0.197399	0.06502
163	-4.679	-4.68487	-4.71123	-4.88087	0.264575	0.263028	0.256185	0.216212	0.0696335
164	-10.9871	-10.9939	-11.0245	-11.2217	0.266859	0.265045	0.257042	0.211054	0.0683698
165	-3.3678	-3.37923	-3.43056	-3.76028	0.277532	0.274379	0.26065	0.18744	0.0625725
166	-5.29923	-5.30866	-5.35101	-5.6232	0.272969	0.270407	0.259193	0.19743	0.0650278
167	-8.50112	-8.51126	-8.55682	-8.84909	0.274585	0.271814	0.259711	0.19389	0.0641577
168	-6.73266	-6.74032	-6.77477	-6.99623	0.268859	0.266805	0.257772	0.206564	0.0672691
169	-5.83448	-5.84133	-5.87209	-6.06963	0.2669	0.265079	0.257049	0.210972	0.0683494
170	-4.67944	-4.68511	-4.7106	-4.87471	0.264112	0.262618	0.256009	0.217261	0.0698904
171	-12.694	-11.2479	-9.79587	-8.26163	0.00930076	0.039497	0.16872	0.782482	0.208617
