Sites	Ll_YN98.omega=0.0394312	Ll_YN98.omega=1	Ll_YN98.omega=1.001	Pr_YN98.omega=0.0394312	Pr_YN98.omega=1	Pr_YN98.omega=1.001	mean
1	-3.69995	-5.24397	-inf	0.991027	0.00897313	0	0.0480505
2	-6.14275	-6.77642	-inf	0.977993	0.0220067	0	0.0605701
3	-9.94615	-10.6636	-inf	0.979726	0.0202738	0	0.0589056
4	-8.66105	-9.44249	-inf	0.980959	0.019041	0	0.0577215
5	-4.59128	-5.05972	-inf	0.974142	0.0258581	0	0.0642698
6	-4.33076	-5.0637	-inf	0.980031	0.0199685	0	0.0586124
7	-4.89375	-5.91842	-inf	0.985008	0.0149916	0	0.0538317
8	-13.5858	-10.9669	-inf	0.63217	0.36783	0	0.392757
9	-5.34945	-5.71721	-inf	0.971481	0.028519	0	0.0668257
10	-2.96775	-3.94106	-inf	0.984231	0.0157692	0	0.0545787
11	-3.32398	-4.15547	-inf	0.981872	0.0181283	0	0.0568447
12	-7.22362	-8.38696	-inf	0.986924	0.0130758	0	0.0519914
13	-7.94743	-8.82831	-inf	0.98273	0.0172698	0	0.0560201
14	-4.59128	-5.05972	-inf	0.974142	0.0258581	0	0.0642698
15	-52.612	-37.6964	-inf	7.84938e-06	0.999992	0	0.999992
16	-3.73205	-5.99669	-inf	0.995615	0.00438517	0	0.0436435
17	-13.6912	-14.7114	-inf	0.984943	0.015057	0	0.0538945
18	-3.74231	-5.54033	-inf	0.993026	0.00697437	0	0.0461306
19	-9.51599	-10.905	-inf	0.989538	0.0104622	0	0.0494809
20	-3.96756	-5.34564	-inf	0.989424	0.0105756	0	0.0495898
21	-8.22124	-9.23922	-inf	0.984909	0.0150907	0	0.0539268
22	-4.19426	-5.53373	-inf	0.989013	0.0109873	0	0.0499853
23	-3.76811	-4.48302	-inf	0.979676	0.0203244	0	0.0589542
24	-2.95984	-3.86818	-inf	0.98319	0.01681	0	0.0555784
25	-4.57732	-5.01458	-inf	0.973345	0.0266552	0	0.0650354
26	-3.29596	-4.17571	-inf	0.982711	0.017289	0	0.0560385
27	-3.70738	-4.33154	-inf	0.977788	0.0222123	0	0.0607677
28	-4.42333	-5.40349	-inf	0.984337	0.0156632	0	0.0544769
29	-5.32757	-5.92803	-inf	0.977267	0.0227329	0	0.0612678
30	-8.70116	-9.55802	-inf	0.982318	0.0176823	0	0.0564163
31	-3.76811	-4.48302	-inf	0.979676	0.0203244	0	0.0589542
32	-5.6366	-6.38875	-inf	0.980404	0.019596	0	0.0582545
33	-3.3158	-4.0918	-inf	0.980857	0.0191429	0	0.0578193
34	-10.4138	-11.0174	-inf	0.977338	0.0226624	0	0.0612001
35	-15.3399	-16.3592	-inf	0.984929	0.0150712	0	0.0539081
36	-3.94226	-4.91911	-inf	0.984286	0.0157143	0	0.0545259
37	-12.0866	-12.7791	-inf	0.979223	0.0207771	0	0.0593891
38	-3.37217	-4.0192	-inf	0.978279	0.0217209	0	0.0602957
39	-3.83922	-4.707	-inf	0.982506	0.0174937	0	0.0562352
40	-3.29596	-4.17571	-inf	0.982711	0.017289	0	0.0560385
41	-4.07111	-4.62579	-inf	0.976228	0.0237723	0	0.0622662
42	-8.65629	-9.40089	-inf	0.980259	0.0197414	0	0.0583942
43	-10.3881	-11.5445	-inf	0.986835	0.0131652	0	0.0520773
44	-3.95799	-4.80581	-inf	0.98216	0.0178399	0	0.0565677
45	-9.34498	-10.4009	-inf	0.985463	0.0145368	0	0.0533949
46	-8.03737	-8.71042	-inf	0.978825	0.0211748	0	0.0597711
47	-3.70738	-4.33154	-inf	0.977788	0.0222123	0	0.0607677
48	-7.52674	-8.49894	-inf	0.984214	0.0157864	0	0.0545952
49	-11.3224	-11.9678	-inf	0.978245	0.0217545	0	0.0603279
50	-8.50117	-9.28699	-inf	0.98104	0.0189596	0	0.0576432
51	-15.1474	-15.9781	-inf	0.981857	0.0181429	0	0.0568587
52	-13.8895	-14.4917	-inf	0.977305	0.0226946	0	0.0612309
53	-8.99833	-10.0624	-inf	0.98558	0.0144204	0	0.0532831
54	-3.30974	-4.25238	-inf	0.983748	0.0162522	0	0.0550426
55	-3.30974	-4.25238	-inf	0.983748	0.0162522	0	0.0550426
56	-8.73217	-9.47772	-inf	0.980277	0.0197233	0	0.0583768
57	-4.79494	-5.49921	-inf	0.979463	0.0205373	0	0.0591587
58	-3.99953	-5.18651	-inf	0.987226	0.0127741	0	0.0517017
65	-3.99953	-5.18651	-inf	0.987226	0.0127741	0	0.0517017
66	-4.0936	-5.99662	-inf	0.993716	0.0062836	0	0.0454671
67	-6.72387	-8.53131	-inf	0.993091	0.00690942	0	0.0460682
68	-3.24842	-4.4814	-inf	0.987793	0.012207	0	0.0511569
69	-3.03311	-4.53934	-inf	0.990685	0.0093154	0	0.0483793
70	-3.24842	-4.4814	-inf	0.987793	0.012207	0	0.0511569
71	-3.24842	-4.4814	-inf	0.987793	0.012207	0	0.0511569
72	-3.24842	-4.4814	-inf	0.987793	0.012207	0	0.0511569
73	-16.592	-18.2417	-inf	0.991919	0.00808071	0	0.0471933
74	-8.23156	-9.28883	-inf	0.985482	0.0145176	0	0.0533764
75	-3.42465	-4.88544	-inf	0.990256	0.00974432	0	0.0487913
76	-7.74114	-8.87586	-inf	0.98655	0.0134503	0	0.0523512
77	-8.77477	-9.95754	-inf	0.987173	0.0128274	0	0.0517528
78	-3.39109	-4.68006	-inf	0.98845	0.0115499	0	0.0505257
79	-9.99525	-8.25533	-inf	0.805428	0.194572	0	0.226331
80	-3.57865	-4.79427	-inf	0.987582	0.0124181	0	0.0513596
81	-4.39015	-5.53197	-inf	0.986644	0.0133563	0	0.0522609
82	-17.1163	-18.5603	-inf	0.990092	0.00990804	0	0.0489486
83	-3.99953	-5.18651	-inf	0.987226	0.0127741	0	0.0517017
84	-9.78495	-11.3978	-inf	0.991619	0.00838097	0	0.0474817
85	-3.39109	-4.68006	-inf	0.98845	0.0115499	0	0.0505257
86	-8.05552	-9.90772	-inf	0.993391	0.00660899	0	0.0457796
87	-11.5176	-12.6308	-inf	0.986261	0.0137395	0	0.052629
88	-4.86151	-5.95791	-inf	0.986032	0.0139685	0	0.0528489
89	-9.20311	-10.2816	-inf	0.985783	0.0142168	0	0.0530875
90	-3.03311	-4.53934	-inf	0.990685	0.0093154	0	0.0483793
91	-9.72602	-8.04347	-inf	0.814261	0.185739	0	0.217846
92	-3.24842	-4.4814	-inf	0.987793	0.012207	0	0.0511569
93	-4.1048	-5.72134	-inf	0.991649	0.00835061	0	0.0474526
94	-9.72602	-8.04347	-inf	0.814261	0.185739	0	0.217846
95	-20.6234	-22.2019	-inf	0.991328	0.00867189	0	0.0477612
96	-3.99953	-5.18651	-inf	0.987226	0.0127741	0	0.0517017
97	-4.4271	-5.42214	-inf	0.984565	0.0154354	0	0.054258
98	-7.9894	-9.08511	-inf	0.986022	0.0139779	0	0.052858
99	-4.55912	-6.18286	-inf	0.991709	0.00829124	0	0.0473955
100	-3.92116	-5.57443	-inf	0.991948	0.00805192	0	0.0471657
101	-18.6579	-16.9784	-inf	0.814736	0.185264	0	0.21739
102	-4.07377	-5.12455	-inf	0.985389	0.014611	0	0.0534661
103	-7.65443	-8.76032	-inf	0.986162	0.0138383	0	0.0527239
104	-8.77477	-9.95754	-inf	0.987173	0.0128274	0	0.0517528
105	-8.51979	-10.1286	-inf	0.991585	0.00841494	0	0.0475144
106	-3.03311	-4.53934	-inf	0.990685	0.0093154	0	0.0483793
107	-12.1797	-13.2401	-inf	0.985528	0.0144724	0	0.053333
108	-9.49259	-10.6677	-inf	0.987075	0.0129246	0	0.0518462
109	-9.11475	-10.2159	-inf	0.986097	0.0139033	0	0.0527863
110	-22.2529	-23.2807	-inf	0.985055	0.0149446	0	0.0537865
111	-10.4967	-8.71608	-inf	0.798964	0.201036	0	0.23254
112	-14.68	-12.7063	-inf	0.766181	0.233819	0	0.264031
113	-8.19358	-9.41351	-inf	0.987635	0.0123652	0	0.0513089
114	-22.3894	-17.2788	-inf	0.124542	0.875458	0	0.880369
115	-10.6472	-8.4803	-inf	0.729797	0.270203	0	0.29898
116	-11.0127	-12.3835	-inf	0.989347	0.010653	0	0.0496641
117	-19.8144	-15.1321	-inf	0.179192	0.820808	0	0.827874
118	-12.9726	-14.5218	-inf	0.991073	0.00892723	0	0.0480065
119	-20.3546	-15.2206	-inf	0.122014	0.877986	0	0.882797
120	-3.03311	-4.53934	-inf	0.990685	0.0093154	0	0.0483793
121	-4.07377	-5.12455	-inf	0.985389	0.014611	0	0.0534661
122	-16.2851	-17.7134	-inf	0.989937	0.0100628	0	0.0490972
123	-20.2911	-15.2463	-inf	0.131894	0.868106	0	0.873307
124	-8.36979	-9.63492	-inf	0.988175	0.0118253	0	0.0507902
125	-4.60117	-5.83837	-inf	0.987844	0.0121561	0	0.051108
126	-9.38426	-11.0721	-inf	0.99222	0.00778037	0	0.0469048
127	-3.24842	-4.4814	-inf	0.987793	0.012207	0	0.0511569
128	-3.99953	-5.18651	-inf	0.987226	0.0127741	0	0.0517017
129	-3.57865	-4.79427	-inf	0.987582	0.0124181	0	0.0513596
130	-4.86151	-5.95791	-inf	0.986032	0.0139685	0	0.0528489
131	-3.42465	-4.88544	-inf	0.990256	0.00974432	0	0.0487913
132	-3.99953	-5.18651	-inf	0.987226	0.0127741	0	0.0517017
133	-3.42465	-4.88544	-inf	0.990256	0.00974432	0	0.0487913
134	-5.06107	-6.9315	-inf	0.99351	0.00649038	0	0.0456657
135	-5.17221	-6.45031	-inf	0.988325	0.0116746	0	0.0506455
136	-6.22284	-6.97411	-inf	0.980387	0.019613	0	0.0582709
137	-4.78557	-5.6985	-inf	0.983266	0.0167343	0	0.0555057
138	-16.4542	-17.3201	-inf	0.982473	0.0175267	0	0.0562668
139	-15.2433	-16.2352	-inf	0.984517	0.0154825	0	0.0543033
140	-5.07823	-5.73219	-inf	0.978426	0.0215742	0	0.0601547
141	-4.63526	-5.8396	-inf	0.987443	0.0125572	0	0.0514932
142	-3.75615	-5.63677	-inf	0.993575	0.00642496	0	0.0456029
143	-4.44762	-5.36813	-inf	0.98339	0.01661	0	0.0553863
144	-5.86757	-6.74018	-inf	0.982589	0.0174107	0	0.0561554
145	-4.22314	-5.62345	-inf	0.989654	0.0103456	0	0.0493689
146	-16.7476	-13.8826	-inf	0.573341	0.426659	0	0.449266
147	-10.5886	-11.8432	-inf	0.988051	0.0119493	0	0.0509094
148	-5.07823	-5.73219	-inf	0.978426	0.0215742	0	0.0601547
149	-15.4338	-16.214	-inf	0.980936	0.0190645	0	0.057744
150	-7.3505	-8.60452	-inf	0.988044	0.0119558	0	0.0509156
151	-6.1132	-6.9193	-inf	0.981414	0.0185858	0	0.0572842
152	-5.57992	-6.42482	-inf	0.982109	0.0178912	0	0.0566169
153	-4.86151	-5.95791	-inf	0.986032	0.0139685	0	0.0528489
154	-4.5812	-5.71407	-inf	0.986525	0.0134748	0	0.0523748
155	-11.3044	-8.775	-inf	0.652728	0.347272	0	0.37301
156	-10.8552	-12.2057	-inf	0.989132	0.0108681	0	0.0498708
157	-4.4271	-5.42214	-inf	0.984565	0.0154354	0	0.054258
158	-4.14287	-5.06747	-inf	0.983457	0.0165433	0	0.0553222
159	-3.73631	-6.10451	-inf	0.996045	0.00395545	0	0.0432307
160	-4.44762	-5.36813	-inf	0.98339	0.01661	0	0.0553863
161	-16.6569	-14.5439	-inf	0.740299	0.259701	0	0.288892
162	-4.63526	-5.8396	-inf	0.987443	0.0125572	0	0.0514932
163	-4.70794	-5.46402	-inf	0.980479	0.0195206	0	0.0581821
164	-11.0184	-11.8924	-inf	0.982612	0.0173876	0	0.0561332
165	-3.42465	-4.88544	-inf	0.990256	0.00974432	0	0.0487913
166	-5.3468	-6.55234	-inf	0.987458	0.0125422	0	0.0514789
167	-8.55064	-9.83741	-inf	0.988425	0.0115751	0	0.0505499
168	-6.76857	-7.75173	-inf	0.984383	0.015617	0	0.0544324
169	-5.86757	-6.74018	-inf	0.982589	0.0174107	0	0.0561554
170	-4.70856	-5.43977	-inf	0.979998	0.0200024	0	0.058645
171	-9.87041	-7.77863	-inf	0.744352	0.255648	0	0.284999
