Sites	Ll_YN98.omega=0.00210529	Ll_YN98.omega=0.00812923	Ll_YN98.omega=0.0328875	Ll_YN98.omega=0.19202	Ll_YN98.omega=1.98576	Pr_YN98.omega=0.00210529	Pr_YN98.omega=0.00812923	Pr_YN98.omega=0.0328875	Pr_YN98.omega=0.19202	Pr_YN98.omega=1.98576	mean
1	-3.63931	-3.64918	-3.68969	-3.94957	-6.81177	0.272052	0.269382	0.258687	0.199484	0.000395667	0.0503607
2	-6.12355	-6.12762	-6.14433	-6.2514	-7.41925	0.258741	0.257691	0.253421	0.227689	0.00245814	0.0595761
3	-9.912	-9.91656	-9.93529	-10.0555	-11.3944	0.259968	0.258786	0.253985	0.225211	0.00204915	0.0583181
4	-8.62297	-8.62794	-8.64836	-8.77942	-10.2372	0.260956	0.259663	0.254415	0.223164	0.00180288	0.0574592
5	-4.57458	-4.57755	-4.58973	-4.668	-5.54614	0.256019	0.255261	0.25217	0.233186	0.00336348	0.0623626
6	-4.30281	-4.30745	-4.32654	-4.4491	-5.82105	0.260184	0.258979	0.254084	0.224774	0.00197868	0.0580995
7	-4.85547	-4.86204	-4.88901	-5.0619	-6.95356	0.264675	0.262943	0.255947	0.215309	0.00112716	0.0546939
8	-16.4899	-15.1428	-13.7612	-12.0997	-10.9101	0.0090895	0.0349609	0.139187	0.733152	0.0836102	0.31169
9	-5.33721	-5.33953	-5.34911	-5.4106	-6.0999	0.254371	0.253779	0.251362	0.236369	0.00411807	0.0644303
10	-2.93036	-2.93654	-2.96194	-3.12506	-4.94258	0.26382	0.262194	0.255617	0.217145	0.00122424	0.0552207
11	-3.29222	-3.29749	-3.31917	-3.45834	-5.01014	0.261689	0.260313	0.254731	0.221636	0.0016299	0.0568397
12	-7.17067	-7.17818	-7.20899	-7.40632	-9.53793	0.266792	0.264798	0.256762	0.210781	0.000868046	0.0533563
13	-7.9088	-7.91449	-7.93785	-8.08743	-9.69864	0.262612	0.261122	0.255092	0.219652	0.00152215	0.0562651
14	-4.57458	-4.57755	-4.58973	-4.668	-5.54614	0.256019	0.255261	0.25217	0.233186	0.00336348	0.0623626
15	-67.1892	-60.4421	-53.4869	-44.8752	-35.5034	4.98335e-13	4.2436e-10	4.44996e-07	0.0024454	0.997554	1.98137
16	-3.64104	-3.65585	-3.71665	-4.10523	-8.16074	0.282366	0.278215	0.261804	0.177508	0.000106756	0.0457633
17	-13.6353	-13.6418	-13.6688	-13.8415	-15.7168	0.264653	0.262922	0.255931	0.215347	0.00114589	0.0547379
18	-3.67151	-3.68331	-3.73176	-4.04108	-7.25627	0.276105	0.272867	0.259963	0.190799	0.000265886	0.0485142
19	-9.45452	-9.46345	-9.50014	-9.73517	-12.2952	0.26999	0.26759	0.257951	0.203922	0.000547152	0.0514706
20	-3.91481	-3.92369	-3.96013	-4.19358	-6.72599	0.269857	0.267473	0.2579	0.204206	0.000563268	0.0515542
21	-8.17361	-8.18015	-8.20702	-8.37917	-10.2523	0.264609	0.262884	0.255915	0.215444	0.00114894	0.0547615
22	-4.14448	-4.15317	-4.18888	-4.41732	-6.85043	0.269437	0.267105	0.257735	0.205099	0.000624791	0.0518385
23	-3.74247	-3.74701	-3.76567	-3.88542	-5.22036	0.259925	0.258748	0.253967	0.225302	0.00205811	0.0583524
24	-2.92494	-2.93071	-2.95442	-3.10669	-4.80219	0.26286	0.261347	0.255222	0.219174	0.00139605	0.0559296
25	-4.56173	-4.5645	-4.57588	-4.64894	-5.4685	0.255513	0.254807	0.251925	0.234174	0.00358151	0.0629725
26	-3.26259	-3.26818	-3.29115	-3.43859	-5.08253	0.262431	0.260968	0.255044	0.220081	0.001476	0.0562526
27	-3.68435	-3.68831	-3.70458	-3.80906	-4.9764	0.258511	0.257489	0.253334	0.228201	0.00246496	0.0596828
28	-4.38623	-4.39248	-4.41815	-4.58288	-6.40175	0.26396	0.262316	0.255667	0.216837	0.00122086	0.0551576
29	-5.307	-5.31081	-5.32647	-5.42703	-6.54774	0.258142	0.25716	0.253164	0.228944	0.00259101	0.0600668
30	-8.66469	-8.67016	-8.69261	-8.83668	-10.4292	0.262126	0.260698	0.25491	0.220708	0.00155837	0.0565292
31	-3.74247	-3.74701	-3.76567	-3.88542	-5.22036	0.259925	0.258748	0.253967	0.225302	0.00205811	0.0583524
32	-5.60912	-5.6139	-5.63354	-5.75962	-7.16098	0.260502	0.25926	0.254218	0.224105	0.00191561	0.0578531
33	-3.28615	-3.29107	-3.3113	-3.44122	-4.88889	0.260853	0.259571	0.254372	0.223381	0.00182301	0.0575386
34	-10.3866	-10.3904	-10.4061	-10.5072	-11.6345	0.258192	0.257204	0.253187	0.228844	0.00257297	0.060013
35	-15.2856	-15.2922	-15.3192	-15.4924	-17.3528	0.264694	0.262957	0.25594	0.215247	0.00116265	0.0547526
36	-3.9055	-3.91172	-3.93728	-4.10133	-5.91888	0.263901	0.262265	0.255645	0.216966	0.0012232	0.0551858
37	-12.047	-12.0515	-12.0699	-12.1879	-13.4476	0.259742	0.258578	0.253853	0.225605	0.00222178	0.0587299
38	-3.34812	-3.35222	-3.36909	-3.4774	-4.68848	0.258869	0.257808	0.253497	0.227474	0.00235195	0.0593275
39	-3.80644	-3.81196	-3.83463	-3.98017	-5.59871	0.26226	0.260817	0.25497	0.220436	0.00151641	0.0563971
40	-3.26259	-3.26818	-3.29115	-3.43859	-5.08253	0.262431	0.260968	0.255044	0.220081	0.001476	0.0562526
41	-4.05016	-4.05367	-4.06813	-4.16098	-5.19776	0.257415	0.25651	0.252828	0.230411	0.00283593	0.0608169
42	-8.61986	-8.6246	-8.64409	-8.76911	-10.1556	0.260405	0.259174	0.254173	0.224302	0.00194602	0.0579489
43	-10.3364	-10.3438	-10.3742	-10.5692	-12.7089	0.266588	0.264622	0.256698	0.211228	0.000862891	0.0534281
44	-3.9271	-3.93251	-3.95473	-4.09726	-5.67314	0.261989	0.260577	0.254852	0.220996	0.00158653	0.0566373
45	-9.29653	-9.3033	-9.33114	-9.50956	-11.4538	0.265156	0.263365	0.256134	0.21428	0.00106433	0.0543823
46	-8.0052	-8.00947	-8.02703	-8.13977	-9.39649	0.259278	0.258172	0.253679	0.226632	0.00223868	0.0589507
47	-3.68435	-3.68831	-3.70458	-3.80906	-4.9764	0.258511	0.257489	0.253334	0.228201	0.00246496	0.0596828
48	-7.48139	-7.48763	-7.51326	-7.67755	-9.4681	0.263919	0.262277	0.255639	0.216909	0.00125635	0.0552406
49	-11.2932	-11.2973	-11.3142	-11.4222	-12.6303	0.258844	0.257787	0.253486	0.227524	0.00235946	0.0593514
50	-8.46309	-8.46808	-8.48858	-8.62024	-10.0874	0.26101	0.259711	0.25444	0.223053	0.00178519	0.0574042
51	-15.0991	-15.1044	-15.1262	-15.266	-16.8049	0.261742	0.260357	0.254744	0.221506	0.00164997	0.0568555
52	-13.8507	-13.8545	-13.8703	-13.9715	-15.0913	0.258196	0.257207	0.253183	0.228822	0.00259188	0.0600461
53	-8.94986	-8.95664	-8.9845	-9.16328	-11.1394	0.265189	0.263397	0.256159	0.214224	0.00103064	0.0543057
54	-3.274	-3.27998	-3.30458	-3.46252	-5.22463	0.263364	0.261792	0.255431	0.218113	0.00129977	0.0555461
55	-3.274	-3.27998	-3.30458	-3.46252	-5.22463	0.263364	0.261792	0.255431	0.218113	0.00129977	0.0555461
56	-8.69711	-8.70186	-8.72137	-8.84654	-10.2342	0.260419	0.259185	0.254179	0.224273	0.00194355	0.0579389
57	-4.76819	-4.77266	-4.79101	-4.90888	-6.22495	0.259751	0.258594	0.253891	0.225663	0.00210066	0.058502
58	-3.95639	-3.96401	-3.99533	-4.19596	-6.38429	0.267076	0.265048	0.256877	0.21018	0.000817842	0.0531477
65	-3.95639	-3.96401	-3.99533	-4.19596	-6.38429	0.267076	0.265048	0.256877	0.21018	0.000817842	0.0531477
66	-4.02022	-4.03268	-4.08384	-4.41069	-7.8243	0.277509	0.274073	0.260403	0.187801	0.000214608	0.0478638
67	-6.64888	-6.66069	-6.70916	-7.01894	-10.2757	0.276138	0.272897	0.259984	0.190726	0.000254964	0.0484794
68	-3.20109	-3.20897	-3.24134	-3.44895	-5.73347	0.267671	0.26557	0.257111	0.208909	0.000738354	0.052759
69	-2.97447	-2.98416	-3.02398	-3.27904	-6.04859	0.271659	0.269038	0.258536	0.200332	0.000435922	0.0505949
70	-3.20109	-3.20897	-3.24134	-3.44895	-5.73347	0.267671	0.26557	0.257111	0.208909	0.000738354	0.052759
71	-3.20109	-3.20897	-3.24134	-3.44895	-5.73347	0.267671	0.26557	0.257111	0.208909	0.000738354	0.052759
72	-3.20109	-3.20897	-3.24134	-3.44895	-5.73347	0.267671	0.26557	0.257111	0.208909	0.000738354	0.052759
73	-16.515	-16.5259	-16.5705	-16.8552	-19.7863	0.274107	0.271145	0.259315	0.195072	0.000361135	0.0494842
74	-8.18248	-8.18927	-8.21715	-8.39585	-10.3428	0.265181	0.263387	0.256144	0.214228	0.00106116	0.0543664
75	-3.3686	-3.37799	-3.41654	-3.66356	-6.35855	0.270991	0.26846	0.258307	0.20177	0.000473036	0.050931
76	-7.69393	-7.70138	-7.73197	-7.92725	-9.96285	0.266614	0.264635	0.256662	0.211132	0.000957111	0.0535957
77	-8.72354	-8.73115	-8.76243	-8.96274	-11.1371	0.267049	0.265023	0.256863	0.210236	0.000829586	0.0531809
78	-3.34127	-3.34954	-3.38351	-3.60122	-5.97363	0.26853	0.266318	0.257422	0.20706	0.000670238	0.0522868
79	-12.8605	-11.5191	-10.161	-8.64955	-9.05559	0.0112774	0.0431288	0.16772	0.760291	0.0175832	0.186797
80	-3.53209	-3.53986	-3.57179	-3.77655	-6.02452	0.267428	0.265357	0.257018	0.209429	0.000767744	0.0529119
81	-4.34631	-4.35359	-4.38351	-4.57546	-6.69582	0.266329	0.264397	0.256604	0.211787	0.00088206	0.053568
82	-17.0416	-17.0512	-17.0907	-17.3424	-19.8548	0.271389	0.268789	0.258377	0.20088	0.000565299	0.0509492
83	-3.95639	-3.96401	-3.99533	-4.19596	-6.38429	0.267076	0.265048	0.256877	0.21018	0.000817842	0.0531477
84	-9.71513	-9.72556	-9.7684	-10.0426	-12.9845	0.273238	0.270403	0.259064	0.196935	0.000360699	0.049825
85	-3.34127	-3.34954	-3.38351	-3.60122	-5.97363	0.26853	0.266318	0.257422	0.20706	0.000670238	0.0522868
86	-7.97595	-7.98809	-8.03791	-8.35618	-11.6763	0.276823	0.273484	0.260191	0.189265	0.000237483	0.0481772
87	-11.4667	-11.4738	-11.503	-11.6902	-13.7563	0.265919	0.264037	0.256444	0.212664	0.000935149	0.0538328
88	-4.81955	-4.82656	-4.85533	-5.03989	-7.07052	0.26569	0.263836	0.256352	0.21315	0.000971076	0.0539922
89	-9.15347	-9.16039	-9.18878	-9.37079	-11.3609	0.265469	0.263641	0.25626	0.213616	0.00101349	0.0541608
90	-2.97447	-2.98416	-3.02398	-3.27904	-6.04859	0.271659	0.269038	0.258536	0.200332	0.000435922	0.0505949
91	-12.5886	-11.2476	-9.89089	-8.38862	-8.90447	0.0113974	0.0435731	0.169209	0.76007	0.01575	0.183167
92	-3.20109	-3.20897	-3.24134	-3.44895	-5.73347	0.267671	0.26557	0.257111	0.208909	0.000738354	0.052759
93	-4.043	-4.05344	-4.09636	-4.37107	-7.32134	0.273279	0.270439	0.259079	0.196846	0.00035752	0.0498024
94	-12.5886	-11.2476	-9.89089	-8.38862	-8.90447	0.0113974	0.0435731	0.169209	0.76007	0.01575	0.183167
95	-20.5383	-20.5485	-20.5906	-20.8598	-23.7263	0.272827	0.270046	0.258919	0.197818	0.000390645	0.0500454
96	-3.95639	-3.96401	-3.99533	-4.19596	-6.38429	0.267076	0.265048	0.256877	0.21018	0.000817842	0.0531477
97	-4.39038	-4.39675	-4.42292	-4.59072	-6.42993	0.264229	0.262551	0.255768	0.216259	0.00119309	0.0549974
98	-7.94292	-7.94993	-7.97874	-8.16347	-10.1927	0.265706	0.263849	0.256357	0.213116	0.00097224	0.0539883
99	-4.49674	-4.50724	-4.55034	-4.82626	-7.78445	0.273378	0.270524	0.259111	0.196633	0.000354313	0.0497571
100	-3.85758	-3.86825	-3.91209	-4.19275	-7.21031	0.273765	0.270859	0.259242	0.195801	0.00033248	0.049562
101	-21.508	-20.167	-18.8107	-17.3104	-17.8107	0.0114166	0.0436427	0.16942	0.759536	0.015985	0.183539
102	-4.03463	-4.04135	-4.06898	-4.24616	-6.19145	0.265049	0.263273	0.256097	0.214516	0.00106436	0.0544255
103	-7.60836	-7.61548	-7.64472	-7.83208	-9.8519	0.265927	0.264041	0.256433	0.21262	0.000979184	0.0539113
104	-8.72354	-8.73115	-8.76243	-8.96274	-11.1371	0.267049	0.265023	0.256863	0.210236	0.000829586	0.0531809
105	-8.45404	-8.46445	-8.50721	-8.78086	-11.7157	0.273193	0.270364	0.259048	0.197032	0.000363408	0.0498481
106	-2.97447	-2.98416	-3.02398	-3.27904	-6.04859	0.271659	0.269038	0.258536	0.200332	0.000435922	0.0505949
107	-12.1295	-12.1363	-12.1644	-12.3439	-14.2902	0.265255	0.263451	0.256169	0.214064	0.00106114	0.0543365
108	-9.44178	-9.44933	-9.48033	-9.67898	-11.8451	0.266906	0.264899	0.256812	0.210544	0.000837699	0.0532533
109	-9.06813	-9.07521	-9.10428	-9.29056	-11.3179	0.26584	0.263965	0.2564	0.212823	0.000972784	0.0539357
110	-22.1828	-22.1895	-22.2168	-22.3914	-24.2703	0.26483	0.263076	0.255993	0.214962	0.00113986	0.0546556
111	-13.3651	-12.0234	-10.6643	-9.14613	-9.47463	0.0111885	0.0427999	0.166615	0.760393	0.0190033	0.189597
112	-17.5497	-16.2072	-14.8444	-13.3013	-13.1669	0.0108041	0.041365	0.161612	0.756194	0.0300247	0.2105
113	-8.13854	-8.14636	-8.17845	-8.3842	-10.6394	0.267513	0.265431	0.257048	0.209247	0.00076154	0.0528664
114	-28.1812	-25.4879	-22.7285	-19.4294	-17.2364	0.000117126	0.00173115	0.0273346	0.740469	0.230348	0.600513
115	-13.5294	-12.1852	-10.8156	-9.23094	-8.86857	0.0102903	0.0394641	0.15524	0.757242	0.037763	0.225841
116	-10.9508	-10.9597	-10.9965	-11.2312	-13.7023	0.269967	0.267563	0.257914	0.203958	0.000598136	0.0515773
117	-25.593	-22.9026	-20.1549	-16.9303	-15.5042	0.00014568	0.00214705	0.0335067	0.842469	0.121731	0.404619
118	-12.904	-12.914	-12.9553	-13.219	-16.0418	0.272375	0.269656	0.25877	0.198789	0.000410119	0.0502616
119	-26.1502	-23.4569	-20.6976	-17.3979	-15.1243	0.000114853	0.00169752	0.0268019	0.726451	0.244935	0.626769
120	-2.97447	-2.98416	-3.02398	-3.27904	-6.04859	0.271659	0.269038	0.258536	0.200332	0.000435922	0.0505949
121	-4.03463	-4.04135	-4.06898	-4.24616	-6.19145	0.265049	0.263273	0.256097	0.214516	0.00106436	0.0544255
122	-16.2216	-16.2309	-16.2689	-16.5122	-19.1119	0.270681	0.268187	0.258182	0.202427	0.000521998	0.0511476
123	-26.077	-23.3843	-20.6272	-17.3421	-15.236	0.000121389	0.00179315	0.0282488	0.754637	0.215199	0.573183
124	-8.31273	-8.32087	-8.35427	-8.56829	-10.8916	0.268217	0.266044	0.257303	0.20773	0.000706224	0.0524801
125	-4.55611	-4.56413	-4.59707	-4.80781	-7.05651	0.267938	0.265798	0.257185	0.208316	0.000763098	0.052699
126	-9.31454	-9.32561	-9.37105	-9.66124	-12.678	0.274553	0.271532	0.259471	0.194115	0.000329885	0.0492476
127	-3.20109	-3.20897	-3.24134	-3.44895	-5.73347	0.267671	0.26557	0.257111	0.208909	0.000738354	0.052759
128	-3.95639	-3.96401	-3.99533	-4.19596	-6.38429	0.267076	0.265048	0.256877	0.21018	0.000817842	0.0531477
129	-3.53209	-3.53986	-3.57179	-3.77655	-6.02452	0.267428	0.265357	0.257018	0.209429	0.000767744	0.0529119
130	-4.81955	-4.82656	-4.85533	-5.03989	-7.07052	0.26569	0.263836	0.256352	0.21315	0.000971076	0.0539922
131	-3.3686	-3.37799	-3.41654	-3.66356	-6.35855	0.270991	0.26846	0.258307	0.20177	0.000473036	0.050931
132	-3.95639	-3.96401	-3.99533	-4.19596	-6.38429	0.267076	0.265048	0.256877	0.21018	0.000817842	0.0531477
133	-3.3686	-3.37799	-3.41654	-3.66356	-6.35855	0.270991	0.26846	0.258307	0.20177	0.000473036	0.050931
134	-4.98898	-5.00164	-5.05357	-5.38351	-8.59917	0.277792	0.274298	0.260417	0.187232	0.000260792	0.0478492
135	-5.12485	-5.13304	-5.16668	-5.38232	-7.73917	0.268354	0.266166	0.257361	0.207438	0.000681991	0.052379
136	-6.19954	-6.20436	-6.22414	-6.35096	-7.73668	0.260563	0.259311	0.254231	0.223951	0.00194447	0.0578818
137	-4.75163	-4.75744	-4.78132	-4.93456	-6.6319	0.262945	0.261422	0.255253	0.218988	0.0013923	0.0558881
138	-16.4023	-16.4081	-16.4315	-16.5811	-18.1302	0.262602	0.261105	0.255052	0.219621	0.00161949	0.0564509
139	-15.1889	-15.1953	-15.2217	-15.3907	-17.1979	0.264325	0.262631	0.255786	0.216028	0.0012305	0.0550287
140	-5.05536	-5.05951	-5.07658	-5.18614	-6.40473	0.258982	0.257909	0.253544	0.227233	0.00233185	0.059244
141	-4.58777	-4.59549	-4.62719	-4.83036	-7.052	0.267293	0.265238	0.256963	0.209717	0.000789308	0.0530069
142	-3.68222	-3.69454	-3.74513	-4.06824	-7.43836	0.277212	0.273817	0.260309	0.188436	0.000224907	0.0480006
143	-4.41322	-4.41908	-4.44315	-4.59765	-6.3113	0.263058	0.261521	0.2553	0.218753	0.0013683	0.0557979
144	-5.83839	-5.844	-5.86705	-6.0147	-7.61827	0.262442	0.260974	0.255028	0.22002	0.00153638	0.0563604
145	-4.17117	-4.18025	-4.21754	-4.45614	-7.00348	0.27029	0.267847	0.258043	0.203268	0.000552374	0.0513612
146	-19.651	-18.3027	-16.9161	-15.2209	-13.4776	0.00827448	0.0318642	0.12749	0.694565	0.137807	0.411491
147	-10.5341	-10.5421	-10.5752	-10.7873	-13.0942	0.26805	0.265899	0.257244	0.208087	0.000719178	0.052571
148	-5.05536	-5.05951	-5.07658	-5.18614	-6.40473	0.258982	0.257909	0.253544	0.227233	0.00233185	0.059244
149	-15.3923	-15.3973	-15.4178	-15.5495	-16.9917	0.261006	0.259704	0.254424	0.223036	0.0018303	0.0574898
150	-7.29497	-7.30319	-7.33697	-7.55255	-9.81262	0.268356	0.266158	0.257318	0.207417	0.000751223	0.052511
151	-6.08331	-6.08844	-6.10951	-6.24475	-7.74533	0.261333	0.259997	0.254576	0.222373	0.00172128	0.0571542
152	-5.54826	-5.55363	-5.57569	-5.71735	-7.29252	0.261912	0.260509	0.254824	0.221166	0.00158888	0.056673
153	-4.81955	-4.82656	-4.85533	-5.03989	-7.07052	0.26569	0.263836	0.256352	0.21315	0.000971076	0.0539922
154	-4.53968	-4.54699	-4.57703	-4.76932	-6.84499	0.266358	0.264418	0.256594	0.211708	0.000922025	0.053632
155	-14.2047	-12.8581	-11.479	-9.83293	-8.80222	0.00934619	0.035927	0.142686	0.740039	0.0720017	0.290084
156	-10.7868	-10.7957	-10.8323	-11.0656	-13.4758	0.269852	0.267458	0.257851	0.204203	0.000636445	0.0516972
157	-4.39038	-4.39675	-4.42292	-4.59072	-6.42993	0.264229	0.262551	0.255768	0.216259	0.00119309	0.0549974
158	-4.10765	-4.11356	-4.13784	-4.29355	-6.00692	0.263163	0.261613	0.255337	0.21852	0.00136722	0.0557532
159	-3.64127	-3.65674	-3.72023	-4.1261	-8.37597	0.2837	0.279348	0.262163	0.174703	8.65096e-05	0.0452082
160	-4.41322	-4.41908	-4.44315	-4.59765	-6.3113	0.263058	0.261521	0.2553	0.218753	0.0013683	0.0557979
161	-19.5316	-18.1877	-16.8192	-15.2422	-14.9932	0.0104091	0.0399086	0.15681	0.759076	0.0337965	0.218373
162	-4.58777	-4.59549	-4.62719	-4.83036	-7.052	0.267293	0.265238	0.256963	0.209717	0.000789308	0.0530069
163	-4.68075	-4.68557	-4.70536	-4.83239	-6.24049	0.260588	0.259336	0.254253	0.223922	0.00190119	0.0577913
164	-10.9818	-10.9874	-11.0104	-11.1577	-12.7733	0.262415	0.260952	0.255025	0.220089	0.00151857	0.0563379
165	-3.3686	-3.37799	-3.41654	-3.66356	-6.35855	0.270991	0.26846	0.258307	0.20177	0.000473036	0.050931
166	-5.30258	-5.31031	-5.34207	-5.54565	-7.76903	0.267327	0.265268	0.256975	0.209642	0.000787652	0.0529899
167	-8.49432	-8.50262	-8.53671	-8.755	-11.1098	0.268579	0.266359	0.257431	0.206948	0.000681767	0.052289
168	-6.72401	-6.7303	-6.75614	-6.92184	-8.7428	0.264045	0.262389	0.255696	0.216652	0.00121727	0.0551168
169	-5.83839	-5.844	-5.86705	-6.0147	-7.61827	0.262442	0.260974	0.255028	0.22002	0.00153638	0.0563604
170	-4.68235	-4.687	-4.70611	-4.82877	-6.19181	0.26019	0.258982	0.254081	0.224751	0.00199617	0.0581297
171	-12.7502	-11.4065	-10.0389	-8.4669	-8.24141	0.0104694	0.0401318	0.157555	0.758842	0.0330021	0.216777
