
Analysis Description
--------------------
MEME (Mixed Effects Model of Evolution) estimates a site-wise synonymous
(&alpha;) and a two-category mixture of non-synonymous (&beta;-, with
proportion p-, and &beta;+ with proportion [1-p-]) rates, and uses a
likelihood ratio test to determine if &beta;+ > &alpha; at a site. The
estimates aggregate information over a proportion of branches at a site,
so the signal is derived from episodic diversification, which is a
combination of strength of selection [effect size] and the proportion of
the tree affected. A subset of branches can be selected for testing as
well, in which case an additional (nuisance) parameter will be inferred
-- the non-synonymous rate on branches NOT selected for testing.
Multiple partitions within a NEXUS file are also supported for
recombination - aware analysis. 

- __Requirements__: in-frame codon alignment and a phylogenetic tree

- __Citation__: Detecting Individual Sites Subject to Episodic Diversifying Selection.
_PLoS Genet_ 8(7): e1002764.

- __Written by__: Sergei L. Kosakovsky Pond, Steven Weaver

- __Contact Information__: spond@temple.edu

- __Analysis Version__: 2.0.1


>Loaded a multiple sequence alignment with **22** sequences, **731** codons, and **1** partitions from `/home/lpicard/2019_validation/20191211/21genes_SHH_CCDS_results_201912111857/SHH_sequences_filtered_longestORFs_prank_mincov_prank_part2_prank.best.fas`

>Select the p-value threshold to use when testing for selection (permissible range = [0,1], default value = 0.1): 0.1


### Branches to include in the MEME analysis
Selected 41 branches to include in the MEME analysis: `macNem_SHH_XM_011729914, macMul_SHH_XM_001106515, Node8, macFas_SHH_XM_005551269, Node7, theGel_SHH_XM_025380081, Node6, chlSab_SHH_XM_007983598, Node5, colAngPal_SHH_XM_011941594, pilTep_SHH_XM_023225522, Node14, Node4, rhiBie_SHH_XM_017860555, rhiRox_SHH_XM_030932987, Node17, Node3, ponAbe_SHH_XM_002818721, panPan_SHH_XM_008969436, panTro_SHH_XM_001147185, homSap_SHH_CCDS5942, homSap_SHH_XM_011516480, Node29, homSap_SHH_L38518, Node28, Node26, Node24, gorGorGor_SHH_XM_004046549, Node23, Node21, nomLeu_SHH_XM_003280860, Node20, Node2, calJac_SHH_XM_002807047, cebCapImi_SHH_XM_017519603, saiBolBol_SHH_XM_010329567, Node37, Node35, Node1, micMur_SHH_XM_012786262, otoGar_SHH_XM_012806501`


### Obtaining branch lengths and nucleotide substitution biases under the nucleotide GTR model
* Log(L) = -5103.41, AIC-c = 10304.93 (49 estimated parameters)

### Obtaining the global omega estimate based on relative GTR branch lengths and nucleotide substitution biases
* Log(L) = -4869.61, AIC-c =  9851.61 (56 estimated parameters)
* non-synonymous/synonymous rate ratio for *test* =   0.1528

### Improving branch lengths, nucleotide substitution biases, and global dN/dS ratios under a full codon model
* Log(L) = -4869.61
* non-synonymous/synonymous rate ratio for *test* =   0.1529

### For partition 1 these sites are significant at p <=0.1

|   Codon    | Partition  |   alpha    |   beta+    |     p+     |    LRT     |Episodic selection detected?| # branches |
|:----------:|:----------:|:----------:|:----------:|:----------:|:----------:|:--------------------------:|:----------:|
|    297     |     1      |    0.000   |  273.426   |    0.036   |    3.488   |      Yes, p =  0.0826      |     1      |
|    496     |     1      |    0.000   |  387.706   |    0.099   |   23.808   |      Yes, p =  0.0000      |     3      |

### ** Found _2_ sites under episodic diversifying positive selection at p <= 0.1**
