Sites	Ll_YN98.omega=0.12042	Ll_YN98.omega=1	Pr_YN98.omega=0.12042	Pr_YN98.omega=1	mean
527	-3.95779	-5.34499	0.582235	0.417765	0.487878
529	-54.1468	-45.9446	9.53881e-05	0.999905	0.999916
532	-3.79648	-4.01722	0.302692	0.697308	0.733758
533	-33.4896	-27.3456	0.000746552	0.999253	0.999343
534	-15.7349	-12.7905	0.0179929	0.982007	0.984174
535	-19.9395	-14.7835	0.00200282	0.997997	0.998238
536	-24.077	-20.6551	0.0112376	0.988762	0.990116
537	-26.8425	-21.2504	0.00129588	0.998704	0.99886
538	-34.4372	-29.2404	0.00192277	0.998077	0.998309
539	-14.1281	-13.1299	0.113704	0.886296	0.899988
540	-18.5798	-15.3313	0.0133363	0.986664	0.98827
541	-16.167	-16.8923	0.418263	0.581737	0.632104
542	-34.7996	-31.3901	0.0113761	0.988624	0.989994
543	-10.5126	-9.6721	0.130591	0.869409	0.885135
544	-17.8641	-14.5054	0.0119622	0.988038	0.989478
545	-12.2231	-12.9271	0.41308	0.58692	0.636663
546	-19.6325	-16.4376	0.0140614	0.985939	0.987632
547	-35.4553	-28.8155	0.000454866	0.999545	0.9996
548	-38.3516	-28.7778	2.42031e-05	0.999976	0.999979
549	-25.3573	-22.3846	0.0174989	0.982501	0.984608
550	-27.9696	-22.8626	0.00210321	0.997897	0.99815
551	-21.3932	-18.1263	0.0130968	0.986903	0.98848
552	-25.7056	-20.3241	0.00159905	0.998401	0.998594
553	-10.1663	-11.2921	0.517623	0.482377	0.544709
554	-18.5542	-15.413	0.0148258	0.985174	0.986959
555	-10.9204	-10.2502	0.151169	0.848831	0.867034
556	-25.5538	-22.2947	0.013198	0.986802	0.988391
557	-9.85128	-8.79548	0.108028	0.891972	0.904981
558	-31.7769	-28.5244	0.0132842	0.986716	0.988315
559	-4.73895	-5.45164	0.415187	0.584813	0.63481
560	-5.33978	-5.95896	0.392678	0.607322	0.654608
561	-33.9485	-26.3901	0.000181577	0.999818	0.99984
562	-65.7813	-49.7977	3.98237e-08	1	1
563	-41.8304	-33.4781	8.20929e-05	0.999918	0.999928
564	-25.9011	-24.0233	0.050544	0.949456	0.955542
565	-15.3611	-14.4363	0.121309	0.878691	0.893299
566	-10.442	-11.1624	0.417052	0.582948	0.63317
567	-31.9941	-24.4691	0.00018774	0.999812	0.999835
568	-83.3696	-63.6133	9.15526e-10	1	1
569	-8.29306	-7.4478	0.13005	0.86995	0.885611
570	-9.02685	-8.3173	0.14619	0.85381	0.871414
571	-25.9127	-21.7553	0.00541791	0.994582	0.995235
572	-25.0986	-19.9827	0.00208446	0.997916	0.998167
573	-12.4127	-11.476	0.120057	0.879943	0.8944
574	-12.6676	-11.5065	0.0982902	0.90171	0.913546
575	-4.44953	-5.7189	0.553328	0.446672	0.513304
576	-8.84491	-7.98076	0.127929	0.872071	0.887476
577	-21.1875	-17.9763	0.0138383	0.986162	0.987828
578	-13.6478	-12.5282	0.102028	0.897972	0.910258
579	-10.8679	-9.846	0.111338	0.888662	0.902069
580	-10.1701	-11.1988	0.493366	0.506634	0.566045
581	-22.4622	-19.4358	0.0165989	0.983401	0.9854
582	-5.16777	-5.84159	0.405782	0.594218	0.643082
583	-11.621	-10.8526	0.138994	0.861006	0.877743
584	-32.3368	-24.7622	0.000178676	0.999821	0.999843
585	-33.2551	-25.9333	0.000230029	0.99977	0.999798
586	-24.5114	-19.2005	0.00171574	0.998284	0.998491
587	-12.4555	-13.5707	0.514979	0.485021	0.547034
588	-41.5158	-33.2533	8.98042e-05	0.99991	0.999921
589	-50.5891	-38.0218	1.21291e-06	0.999999	0.999999
590	-13.7361	-15.0098	0.554411	0.445589	0.512351
591	-17.6975	-16.555	0.099958	0.900042	0.912079
592	-13.8321	-12.6574	0.0970896	0.90291	0.914602
593	-12.1889	-10.8293	0.0820485	0.917951	0.927832
594	-19.889	-16.6948	0.0140704	0.98593	0.987624
595	-3.45161	-4.73011	0.555581	0.444419	0.511322
596	-19.772	-18.4483	0.0847924	0.915208	0.925418
597	-3.91689	-5.2669	0.57316	0.42684	0.495859
598	-31.7755	-24.2838	0.000194087	0.999806	0.999829
599	-35.2265	-29.2674	0.000898092	0.999102	0.99921
600	-32.1493	-26.7599	0.00158639	0.998414	0.998605
601	-23.8325	-18.7088	0.00206829	0.997932	0.998181
602	-66.2678	-50.3697	4.33777e-08	1	1
603	-10.1384	-9.34741	0.136311	0.863689	0.880103
604	-27.7508	-22.3195	0.0015216	0.998478	0.998662
605	-41.3581	-31.7019	2.22874e-05	0.999978	0.99998
606	-19.1671	-17.9651	0.0947275	0.905273	0.91668
607	-25.3068	-22.0392	0.0130886	0.986911	0.988488
608	-62.8513	-48.9386	3.1586e-07	1	1
609	-39.8793	-32.2221	0.000164491	0.999836	0.999855
610	-37.5333	-34.3006	0.0135467	0.986453	0.988085
611	-3.76135	-4.99698	0.544974	0.455026	0.520651
612	-20.7697	-16.9776	0.00778788	0.992212	0.99315
613	-12.9491	-13.8864	0.470564	0.529436	0.586101
614	-35.5621	-28.1079	0.000201513	0.999798	0.999823
615	-28.8429	-23.5505	0.00174772	0.998252	0.998463
616	-8.90755	-10.039	0.519036	0.480964	0.543467
617	-9.44511	-8.43073	0.112084	0.887916	0.901413
618	-27.435	-21.7708	0.00120579	0.998794	0.998939
619	-3.45161	-4.73011	0.555581	0.444419	0.511322
629	-56.7202	-47.1918	2.5328e-05	0.999975	0.999978
630	-24.7865	-21.7449	0.0163528	0.983647	0.985616
631	-50.9539	-39.1921	2.7141e-06	0.999997	0.999998
632	-83.558	-64.6414	2.11992e-09	1	1
633	-16.9085	-13.6694	0.0134615	0.986538	0.988159
634	-46.0253	-40.6544	0.001616	0.998384	0.998579
635	-18.3985	-17.101	0.086851	0.913149	0.923608
636	-30.0855	-24.8304	0.00181409	0.998186	0.998404
637	-17.2325	-16.181	0.108439	0.891561	0.904619
638	-34.1818	-26.7137	0.000198726	0.999801	0.999825
639	-3.80922	-4.92136	0.514219	0.485781	0.547703
640	-41.3516	-33.6987	0.000165204	0.999835	0.999855
642	-26.9519	-21.827	0.00206581	0.997934	0.998183
643	-47.6323	-38.0781	2.46801e-05	0.999975	0.999978
644	-32.5375	-27.193	0.00165922	0.998341	0.998541
645	-19.6134	-16.3279	0.01286	0.98714	0.988689
646	-20.1036	-16.8672	0.0134979	0.986502	0.988128
647	-34.1231	-25.9738	0.000100568	0.999899	0.999912
648	-11.059	-9.89585	0.098111	0.901889	0.913703
649	-28.3432	-25.134	0.0138642	0.986136	0.987805
650	-5.47247	-6.42401	0.474094	0.525906	0.582996
651	-28.4484	-22.9966	0.00149068	0.998509	0.998689
652	-10.5594	-9.53196	0.110786	0.889214	0.902555
653	-51.5509	-46.3061	0.0018329	0.998167	0.998388
654	-49.3953	-35.8853	4.72465e-07	1	1
655	-47.6141	-39.7212	0.00012996	0.99987	0.999886
656	-19.7599	-16.1857	0.009666	0.990334	0.991498
657	-28.6996	-23.3608	0.00166872	0.998331	0.998532
658	-17.9988	-14.6515	0.0120978	0.987902	0.989359
659	-33.7616	-26.3012	0.000200288	0.9998	0.999824
660	-20.9912	-19.8201	0.0974033	0.902597	0.914326
661	-23.7944	-18.489	0.00172525	0.998275	0.998483
662	-4.10428	-5.17897	0.504859	0.495141	0.555936
663	-26.4733	-21.0071	0.00146933	0.998531	0.998708
664	-28.9744	-25.7846	0.0141331	0.985867	0.987569
665	-21.8802	-18.5984	0.0129063	0.987094	0.988648
666	-16.9875	-15.8094	0.0967946	0.903205	0.914861
667	-56.5733	-43.9692	1.16899e-06	0.999999	0.999999
668	-12.1588	-10.8715	0.0876635	0.912336	0.922893
669	-3.45161	-4.73011	0.555581	0.444419	0.511322
670	-18.2041	-15.0203	0.0142151	0.985785	0.987497
671	-8.29306	-7.4478	0.13005	0.86995	0.885611
672	-35.3792	-27.9747	0.000211778	0.999788	0.999814
673	-44.4581	-34.8182	2.26532e-05	0.999977	0.99998
674	-35.0591	-28.9638	0.000783756	0.999216	0.999311
675	-9.38567	-8.53079	0.128966	0.871034	0.886564
676	-33.3059	-27.9622	0.00166052	0.998339	0.998539
677	-9.84708	-8.78404	0.107331	0.892669	0.905593
678	-40.2322	-32.8534	0.000217312	0.999783	0.999809
679	-28.7386	-23.2957	0.00150386	0.998496	0.998677
680	-46.0626	-40.713	0.00165083	0.998349	0.998548
681	-8.29306	-7.4478	0.13005	0.86995	0.885611
682	-48.0366	-40.374	0.000163614	0.999836	0.999856
683	-14.4822	-13.4942	0.114738	0.885262	0.899079
684	-19.1382	-16.0272	0.0152735	0.984726	0.986566
685	-38.1003	-30.611	0.000194559	0.999805	0.999829
686	-39.729	-36.2969	0.0111249	0.988875	0.990215
687	-36.1668	-28.6849	0.000196015	0.999804	0.999828
688	-30.2698	-27.1176	0.0146656	0.985334	0.9871
689	-20.0296	-16.597	0.0111191	0.988881	0.99022
690	-30.5351	-25.1985	0.00167242	0.998328	0.998529
691	-10.2824	-11.1167	0.444976	0.555024	0.608608
692	-33.5265	-28.0172	0.00140751	0.998592	0.998762
693	-45.7772	-42.4742	0.0126394	0.987361	0.988883
694	-54.89	-43.1164	2.68224e-06	0.999997	0.999998
695	-22.626	-19.3137	0.0125234	0.987477	0.988985
696	-22.7472	-19.5281	0.0137311	0.986269	0.987922
697	-11.6415	-10.4664	0.0970571	0.902943	0.914631
698	-16.1246	-12.886	0.0134688	0.986531	0.988153
699	-44.5921	-39.326	0.00179418	0.998206	0.998422
700	-44.6598	-33.2064	3.69425e-06	0.999996	0.999997
701	-45.1246	-35.4486	2.18506e-05	0.999978	0.999981
702	-23.085	-17.7954	0.00175259	0.998247	0.998458
703	-16.542	-15.4181	0.10163	0.89837	0.910608
704	-46.5486	-38.7398	0.000141357	0.999859	0.999876
705	-10.4267	-11.3496	0.466983	0.533017	0.589251
706	-57.1779	-45.5384	3.06729e-06	0.999997	0.999997
707	-27.5046	-21.9815	0.00138825	0.998612	0.998779
708	-4.87043	-5.8328	0.476796	0.523204	0.580619
709	-27.8445	-22.4403	0.00156321	0.998437	0.998625
710	-5.47247	-6.42401	0.474095	0.525905	0.582996
711	-34.7544	-27.0887	0.000163108	0.999837	0.999857
712	-26.6226	-21.2768	0.00165712	0.998343	0.998542
713	-8.79726	-9.63191	0.445074	0.554926	0.608522
714	-49.086	-41.415	0.000162251	0.999838	0.999857
715	-22.9949	-19.6285	0.011872	0.988128	0.989558
716	-13.2914	-13.7442	0.353782	0.646218	0.68882
717	-4.92728	-5.97633	0.49845	0.50155	0.561574
718	-11.6289	-10.4177	0.0939378	0.906062	0.917374
719	-36.5756	-29.3912	0.000263911	0.999736	0.999768
720	-33.1437	-27.2405	0.000949655	0.99905	0.999165
721	-36.0715	-28.5209	0.000183004	0.999817	0.999839
722	-22.1482	-18.6759	0.0106922	0.989308	0.990595
723	-48.3283	-37.9742	1.10911e-05	0.999989	0.99999
724	-20.9047	-15.5532	0.00164757	0.998352	0.998551
725	-22.7857	-17.6497	0.00204297	0.997957	0.998203
726	-33.0594	-29.7899	0.0130642	0.986936	0.988509
727	-17.0718	-14.1119	0.0177211	0.982279	0.984413
728	-25.7352	-20.3735	0.00163103	0.998369	0.998565
729	-39.7512	-29.8672	1.77484e-05	0.999982	0.999984
730	-36.6973	-29.1897	0.000191045	0.999809	0.999832
731	-18.4623	-15.4317	0.0165318	0.983468	0.985459
732	-37.0503	-27.1672	1.77619e-05	0.999982	0.999984
733	-59.8786	-45.764	2.58113e-07	1	1
734	-24.2891	-18.944	0.00165822	0.998342	0.998541
735	-27.8394	-22.4739	0.0016249	0.998375	0.998571
736	-24.4506	-19.0088	0.00150562	0.998494	0.998676
737	-17.7757	-14.5841	0.0141066	0.985893	0.987592
738	-29.2724	-21.8249	0.000202881	0.999797	0.999822
739	-49.7906	-38.0919	2.89105e-06	0.999997	0.999997
740	-59.0969	-42.9767	3.47384e-08	1	1
741	-21.9931	-18.6795	0.0125076	0.987492	0.988999
742	-23.0448	-19.5438	0.0103925	0.989607	0.990859
743	-23.1147	-19.9638	0.0146847	0.985315	0.987084
744	-32.0387	-26.6405	0.00157264	0.998427	0.998617
745	-9.73624	-10.7219	0.482614	0.517386	0.575502
746	-66.1031	-50.2018	4.32397e-08	1	1
747	-21.2594	-18.0734	0.014186	0.985814	0.987522
748	-4.74335	-5.62335	0.456298	0.543702	0.598649
749	-11.089	-10.2888	0.135239	0.864761	0.881046
750	-9.3646	-10.3469	0.481768	0.518232	0.576246
751	-5.33978	-5.95896	0.392679	0.607321	0.654608
752	-26.5683	-19.9887	0.000483085	0.999517	0.999575
753	-11.311	-10.2392	0.106495	0.893505	0.906329
754	-26.3909	-23.0476	0.012146	0.987854	0.989317
755	-36.2776	-27.6643	6.32353e-05	0.999937	0.999944
756	-14.098	-12.9924	0.103321	0.896679	0.909121
757	-8.32661	-9.44745	0.516392	0.483608	0.545791
758	-32.6579	-25.2981	0.000221465	0.999779	0.999805
759	-14.4088	-15.3556	0.472923	0.527077	0.584027
760	-7.11051	-8.18915	0.505848	0.494152	0.555066
761	-17.2626	-13.9905	0.0130305	0.98697	0.988539
762	-10.9453	-9.67376	0.0889262	0.911074	0.921782
763	-3.76135	-4.99699	0.544974	0.455026	0.520651
764	-36.3929	-26.9339	2.71462e-05	0.999973	0.999976
765	-17.0326	-13.8729	0.0145582	0.985442	0.987195
766	-31.054	-23.7796	0.000241196	0.999759	0.999788
767	-3.45161	-4.73011	0.555582	0.444418	0.511321
768	-51.43	-37.4473	2.94511e-07	1	1
769	-3.96685	-5.42024	0.598243	0.401757	0.473797
770	-4.98914	-6.11583	0.517852	0.482148	0.544507
771	-4.61477	-5.86641	0.54894	0.45106	0.517163
772	-9.81475	-10.8422	0.493057	0.506943	0.566316
773	-8.19138	-9.2922	0.511391	0.488609	0.550191
774	-4.74335	-5.62335	0.456298	0.543702	0.598649
775	-12.0193	-10.9295	0.104801	0.895199	0.907819
776	-18.4975	-19.594	0.510306	0.489694	0.551144
777	-60.1512	-50.3031	1.83965e-05	0.999982	0.999984
778	-16.4474	-13.3723	0.0158229	0.984177	0.986082
779	-28.8278	-21.1421	0.000159882	0.99984	0.999859
780	-17.6801	-14.4927	0.0141653	0.985835	0.98754
781	-12.0858	-13.1977	0.514162	0.485838	0.547753
782	-19.1819	-18.2782	0.123582	0.876418	0.8913
783	-15.5632	-12.3718	0.01411	0.98589	0.987589
784	-12.6217	-13.7366	0.514918	0.485082	0.547088
785	-4.7617	-5.75975	0.485702	0.514298	0.572786
786	-27.9633	-22.3969	0.00132951	0.99867	0.998831
787	-12.8327	-12.0207	0.133862	0.866138	0.882258
788	-22.5831	-17.2611	0.00169685	0.998303	0.998507
789	-44.3797	-32.9309	3.71142e-06	0.999996	0.999997
790	-12.416	-13.0832	0.404183	0.595817	0.644489
791	-8.16976	-9.2827	0.514418	0.485582	0.547528
792	-31.5136	-24.0616	0.00020195	0.999798	0.999822
793	-22.0971	-16.9139	0.00194915	0.998051	0.998286
794	-8.6647	-9.77612	0.514039	0.485961	0.547861
795	-26.5376	-21.2596	0.00177306	0.998227	0.99844
796	-33.5262	-27.014	0.000516756	0.999483	0.999545
797	-23.8427	-18.5356	0.00172234	0.998278	0.998485
798	-15.0031	-11.8941	0.0153043	0.984696	0.986539
799	-17.2326	-16.2404	0.114311	0.885689	0.899454
800	-31.7212	-28.518	0.0139469	0.986053	0.987733
801	-52.5691	-38.7768	3.56285e-07	1	1
802	-18.4062	-16.8918	0.0711171	0.928883	0.937447
803	-4.76502	-5.58842	0.442297	0.557703	0.610964
804	-14.1788	-11.2137	0.0176299	0.98237	0.984493
805	-4.52233	-5.47003	0.473137	0.526863	0.583838
806	-22.7541	-18.658	0.00575792	0.994242	0.994935
807	-3.76135	-4.99699	0.544974	0.455026	0.520651
808	-34.423	-26.8755	0.000183573	0.999816	0.999839
809	-34.3815	-24.9401	2.76295e-05	0.999972	0.999976
810	-29.0872	-21.717	0.00021917	0.999781	0.999807
811	-10.644	-9.46183	0.0964393	0.903561	0.915174
812	-8.43794	-9.15548	0.416365	0.583635	0.633773
813	-6.83109	-7.91076	0.506107	0.493893	0.554838
814	-15.9155	-16.8593	0.472169	0.527831	0.58469
815	-16.8088	-18.1467	0.570195	0.429805	0.498468
816	-3.76135	-4.99699	0.544974	0.455026	0.520651
817	-52.9238	-41.2599	2.99326e-06	0.999997	0.999997
818	-23.033	-21.8591	0.097163	0.902837	0.914537
819	-40.953	-33.254	0.000157756	0.999842	0.999861
820	-11.1111	-12.1247	0.489586	0.510414	0.56937
821	-33.3707	-30.0676	0.012638	0.987362	0.988884
822	-3.76135	-4.99699	0.544974	0.455026	0.520651
823	-4.88329	-5.91278	0.493562	0.506438	0.565873
824	-12.3263	-11.1461	0.0966049	0.903395	0.915028
825	-27.8818	-22.4066	0.00145625	0.998544	0.998719
826	-28.803	-25.7977	0.0169464	0.983054	0.985094
827	-16.3495	-13.0029	0.0121065	0.987894	0.989351
828	-37.2953	-29.9	0.000213753	0.999786	0.999812
829	-17.7081	-14.5474	0.0145432	0.985457	0.987208
830	-9.13344	-10.2087	0.504998	0.495002	0.555814
831	-22.1499	-18.908	0.013425	0.986575	0.988192
832	-13.9706	-15.011	0.496279	0.503721	0.563483
833	-24.5091	-19.4319	0.00216656	0.997833	0.998094
834	-23.4048	-18.3222	0.00215499	0.997845	0.998105
835	-15.7385	-14.7331	0.112979	0.887021	0.900626
836	-22.4814	-19.3189	0.0145181	0.985482	0.98723
837	-41.4499	-29.8339	3.14008e-06	0.999997	0.999997
838	-20.6848	-16.6586	0.00617235	0.993828	0.994571
839	-10.6872	-9.62126	0.10705	0.89295	0.905841
840	-3.80922	-4.92136	0.514219	0.485781	0.547703
841	-3.76135	-4.99699	0.544974	0.455026	0.520651
842	-8.60343	-9.64941	0.497683	0.502317	0.562248
843	-23.9586	-19.7568	0.00518352	0.994816	0.995441
844	-38.3855	-30.8101	0.000178518	0.999821	0.999843
845	-14.5744	-13.5749	0.113572	0.886428	0.900105
846	-22.1211	-16.9331	0.0019398	0.99806	0.998294
847	-49.8546	-38.2254	3.09902e-06	0.999997	0.999997
848	-12.3114	-11.1506	0.0983201	0.90168	0.91352
849	-18.0683	-14.9537	0.0152193	0.984781	0.986613
850	-29.6379	-24.2116	0.00152912	0.998471	0.998655
851	-8.98626	-9.93306	0.472915	0.527085	0.584033
852	-11.3937	-12.4226	0.493422	0.506578	0.565996
853	-10.7433	-11.6207	0.455643	0.544357	0.599225
854	-14.1624	-12.9868	0.0970116	0.902988	0.91467
855	-11.5496	-10.5409	0.112656	0.887344	0.90091
856	-33.9562	-28.6663	0.00175213	0.998248	0.998459
857	-24.9571	-19.6721	0.00176078	0.998239	0.998451
858	-13.329	-12.1584	0.0974507	0.902549	0.914284
859	-21.0293	-21.8957	0.452941	0.547059	0.601602
860	-37.4309	-27.6751	2.01755e-05	0.99998	0.999982
861	-8.32661	-9.44745	0.516392	0.483608	0.545791
862	-38.2362	-34.9672	0.0130704	0.98693	0.988504
863	-5.09264	-5.81718	0.418069	0.581931	0.632275
864	-50.4482	-36.6955	3.70671e-07	1	1
865	-9.0964	-8.07905	0.111789	0.888211	0.901673
866	-10.2647	-9.40239	0.128137	0.871863	0.887293
867	-17.4607	-14.3222	0.0148664	0.985134	0.986924
868	-20.1856	-16.8839	0.0126557	0.987344	0.988868
869	-15.3697	-12.4474	0.0183874	0.981613	0.983827
872	-20.0592	-18.9401	0.102081	0.897919	0.910211
873	-21.46	-16.2751	0.00194596	0.998054	0.998288
874	-32.7802	-25.4422	0.000226324	0.999774	0.999801
875	-14.2946	-15.3953	0.511365	0.488635	0.550214
876	-10.7758	-9.7592	0.111866	0.888134	0.901605
877	-14.7528	-15.7001	0.473027	0.526973	0.583934
878	-30.2239	-22.945	0.000240126	0.99976	0.999789
879	-26.509	-23.3934	0.0152044	0.984796	0.986627
880	-25.6665	-20.1213	0.00135786	0.998642	0.998806
881	-13.5688	-12.7197	0.129621	0.870379	0.885988
882	-30.5392	-26.8731	0.00882474	0.991175	0.992238
883	-23.4218	-18.1068	0.00170878	0.998291	0.998497
884	-15.8157	-14.6423	0.0972027	0.902797	0.914502
885	-36.7614	-27.1554	2.34357e-05	0.999977	0.999979
886	-3.96685	-5.42024	0.598243	0.401757	0.473797
887	-10.806	-9.92312	0.125852	0.874148	0.889303
888	-8.23815	-9.2683	0.493725	0.506275	0.565729
889	-15.6613	-12.299	0.01192	0.98808	0.989515
890	-12.758	-13.6104	0.449476	0.550524	0.60465
891	-21.3163	-16.0642	0.00181946	0.998181	0.9984
892	-14.6453	-11.3716	0.0130099	0.98699	0.988557
893	-28.4526	-21.0288	0.000207717	0.999792	0.999817
894	-9.26356	-10.2387	0.479972	0.520028	0.577826
895	-7.71564	-8.94795	0.544149	0.455851	0.521377
896	-27.9467	-22.901	0.00223572	0.997764	0.998034
897	-8.89424	-10.0172	0.516919	0.483081	0.545328
898	-23.6695	-20.3709	0.0126938	0.987306	0.988835
899	-10.0668	-11.043	0.480234	0.519766	0.577596
900	-15.3474	-14.4374	0.122897	0.877103	0.891902
901	-28.0749	-20.8002	0.000241139	0.999759	0.999788
902	-8.54762	-9.48043	0.469427	0.530573	0.587101
903	-4.23221	-5.51405	0.556407	0.443593	0.510595
904	-19.9878	-16.8253	0.0145176	0.985482	0.987231
905	-9.28617	-10.22	0.469676	0.530324	0.586882
906	-34.0391	-32.8714	0.0977048	0.902295	0.914061
907	-9.48999	-10.4199	0.468695	0.531305	0.587745
908	-25.8562	-22.7136	0.0148049	0.985195	0.986978
909	-5.87663	-6.84261	0.477697	0.522303	0.579827
910	-9.41397	-10.5376	0.517093	0.482907	0.545175
911	-19.7276	-15.4639	0.00487405	0.995126	0.995713
912	-10.442	-11.1624	0.417052	0.582948	0.633169
913	-18.0159	-16.0904	0.0483067	0.951693	0.95751
914	-11.9084	-11.0374	0.127169	0.872831	0.888145
915	-14.327	-11.184	0.0147991	0.985201	0.986983
916	-18.3876	-15.4432	0.0179928	0.982007	0.984174
917	-28.0013	-22.4928	0.00140865	0.998591	0.998761
918	-14.7412	-13.774	0.11686	0.88314	0.897212
919	-9.81116	-8.52814	0.0880032	0.911997	0.922594
920	-24.7937	-19.6413	0.0020098	0.99799	0.998232
921	-5.33978	-5.95896	0.392679	0.607321	0.654608
922	-14.7719	-13.7281	0.109191	0.890809	0.903957
923	-21.1773	-17.8474	0.0123083	0.987692	0.989174
924	-9.11274	-8.22105	0.124888	0.875112	0.890151
925	-22.8445	-17.7518	0.00213339	0.997867	0.998124
926	-9.31131	-10.5615	0.548591	0.451409	0.51747
927	-4.98391	-6.14685	0.526896	0.473104	0.536553
928	-13.2757	-14.3899	0.514715	0.485285	0.547267
929	-21.5988	-22.7199	0.516457	0.483543	0.545734
930	-23.8383	-18.3304	0.00140946	0.998591	0.99876
931	-16.332	-15.2531	0.105823	0.894177	0.906921
932	-9.85128	-8.80132	0.108592	0.891408	0.904485
933	-24.397	-19.2364	0.00199351	0.998006	0.998247
934	-3.36091	-4.44403	0.506969	0.493031	0.55408
935	-43.5732	-35.9649	0.000172741	0.999827	0.999848
937	-4.09482	-5.21987	0.517444	0.482556	0.544867
938	-34.1293	-32.7142	0.0779628	0.922037	0.931425
939	-30.9753	-25.4797	0.00142676	0.998573	0.998745
940	-24.2994	-21.1406	0.0145711	0.985429	0.987184
941	-30.9099	-25.3519	0.00134059	0.998659	0.998821
942	-43.9293	-34.326	2.34985e-05	0.999977	0.999979
943	-46.8312	-38.5249	8.59514e-05	0.999914	0.999924
944	-21.6255	-16.1315	0.00142926	0.998571	0.998743
945	-21.6509	-18.2812	0.0118339	0.988166	0.989591
946	-27.4374	-21.4017	0.000831938	0.999168	0.999268
947	-32.508	-24.9489	0.000181444	0.999819	0.99984
973	-53.3453	-41.2368	1.91877e-06	0.999998	0.999998
974	-40.8774	-33.0413	0.000137555	0.999862	0.999879
1006	-25.7785	-22.2837	0.0104563	0.989544	0.990803
1007	-15.1297	-13.9107	0.09328	0.90672	0.917953
1008	-27.294	-23.7487	0.00994652	0.990053	0.991251
1009	-31.124	-25.7156	0.00155659	0.998443	0.998631
1010	-27.5626	-21.9866	0.00131679	0.998683	0.998842
1011	-47.1932	-35.2499	2.2637e-06	0.999998	0.999998
1012	-11.2648	-9.98807	0.0885075	0.911492	0.922151
1013	-42.1835	-32.5522	2.28511e-05	0.999977	0.99998
1014	-42.1197	-34.5407	0.00017787	0.999822	0.999844
1015	-13.9677	-12.5502	0.0777913	0.922209	0.931576
1016	-14.9572	-13.7563	0.0948253	0.905175	0.916594
1017	-15.0386	-13.7366	0.0864921	0.913508	0.923923
1018	-45.5589	-35.8441	2.1019e-05	0.999979	0.999982
1019	-19.5656	-16.2718	0.0127546	0.987245	0.988781
1020	-26.9876	-21.4466	0.00136366	0.998636	0.998801
1021	-33.7841	-28.0967	0.00117804	0.998822	0.998964
1022	-23.8915	-18.3599	0.00137637	0.998624	0.998789
1023	-34.13	-26.4378	0.00015884	0.999841	0.99986
1024	-18.1308	-14.8409	0.0128035	0.987196	0.988738
1025	-19.5844	-16.2554	0.0123181	0.987682	0.989165
1026	-28.6986	-23.0854	0.00126867	0.998731	0.998884
1027	-55.9765	-42.4851	4.81382e-07	1	1
1028	-21.3177	-20.0482	0.0890958	0.910904	0.921633
1029	-22.2015	-16.6064	0.00129201	0.998708	0.998864
1030	-18.2331	-14.6069	0.00918048	0.99082	0.991925
1031	-10.1033	-9.16134	0.119501	0.880499	0.894889
1032	-28.8551	-25.4361	0.0112705	0.98873	0.990087
1033	-4.82008	-5.70639	0.457865	0.542135	0.597271
1034	-40.6668	-28.7084	2.22981e-06	0.999998	0.999998
1035	-15.5511	-14.2288	0.0848964	0.915104	0.925327
1036	-32.5246	-24.8633	0.000163832	0.999836	0.999856
1037	-24.4021	-18.7867	0.00126599	0.998734	0.998886
1089	-40.2453	-30.5865	2.22315e-05	0.999978	0.99998
1109	-17.3159	-13.9751	0.0121762	0.987824	0.98929
1110	-18.4875	-15.148	0.0121925	0.987807	0.989276
1111	-48.4311	-36.4767	2.23871e-06	0.999998	0.999998
1112	-41.2266	-31.3149	1.72619e-05	0.999983	0.999985
1113	-9.26914	-7.94335	0.0846306	0.915369	0.925561
1122	-11.615	-10.1367	0.0735387	0.926461	0.935317
1169	-16.2113	-12.3796	0.007488	0.992512	0.993414
1170	-10.1154	-8.66673	0.0755846	0.924415	0.933517
1171	-9.28204	-7.83821	0.075923	0.924077	0.93322
1172	-19.1562	-15.4483	0.00846641	0.991534	0.992553
1173	-30.5148	-24.6724	0.00100915	0.998991	0.999112
1200	-43.5787	-32.7321	6.7783e-06	0.999993	0.999994
1201	-12.5761	-11.2658	0.0858372	0.914163	0.924499
1202	-33.4003	-24.6722	5.63821e-05	0.999944	0.99995
1203	-3.56514	-4.00608	0.351076	0.648924	0.691201
1204	-12.0566	-10.3142	0.0574516	0.942548	0.949467
1205	-46.3975	-35.9818	1.04289e-05	0.99999	0.999991
1206	-18.6897	-14.746	0.00669972	0.9933	0.994107
1207	-14.7431	-12.8346	0.0490917	0.950908	0.95682
1208	-11.4325	-9.76117	0.0614222	0.938578	0.945974
1209	-26.6644	-20.5948	0.000804183	0.999196	0.999293
1210	-3.55653	-3.77613	0.302453	0.697547	0.733969
1211	-4.59461	-4.65798	0.270542	0.729458	0.762036
1212	-3.34817	-3.74762	0.341684	0.658316	0.699461
1213	-3.40555	-3.81052	0.342925	0.657075	0.69837
1214	-28.2908	-22.2472	0.0008254	0.999175	0.999274
1215	-19.3038	-15.2465	0.00598465	0.994015	0.994736
1216	-23.8511	-18.0773	0.00108066	0.998919	0.999049
1217	-4.84308	-5.55491	0.414979	0.585021	0.634993
1218	-8.4656	-8.89819	0.349176	0.650824	0.692872
1219	-4.62487	-4.78591	0.290242	0.709758	0.744709
1276	-22.9122	-21.014	0.049577	0.950423	0.956393
1277	-10.9624	-9.11636	0.0520895	0.947911	0.954183
1278	-12.1617	-10.4843	0.0610761	0.938924	0.946279
1279	-4.23362	-4.54243	0.321598	0.678402	0.717129
1280	-13.2052	-11.309	0.049667	0.950333	0.956314
1281	-33.6865	-29.8536	0.00747953	0.99252	0.993421
1282	-12.7362	-10.7921	0.0474568	0.952543	0.958258
1283	-34.2202	-28.1184	0.000778704	0.999221	0.999315
1340	-11.4975	-9.65721	0.0523748	0.947625	0.953932
1341	-29.4112	-23.5334	0.000974057	0.999026	0.999143
1342	-29.9794	-23.9746	0.000857961	0.999142	0.999245
1343	-21.7647	-18.0384	0.00831284	0.991687	0.992688
1344	-42.8272	-32.6228	1.2882e-05	0.999987	0.999989
1345	-40.2632	-32.1474	0.000103992	0.999896	0.999909
1346	-14.1858	-10.423	0.00801785	0.991982	0.992948
1347	-16.7384	-15.019	0.0587089	0.941291	0.948361
1348	-17.9425	-14.186	0.00806768	0.991932	0.992904
1349	-17.3561	-13.3954	0.00658765	0.993412	0.994206
1350	-28.477	-22.5715	0.000947436	0.999053	0.999167
1351	-14.8334	-13.1903	0.0630712	0.936929	0.944524
1352	-13.4992	-11.745	0.056815	0.943185	0.950027
1353	-16.4352	-14.8939	0.0693568	0.930643	0.938995
1354	-17.8804	-14.0799	0.00772348	0.992277	0.993207
1355	-13.3539	-11.7696	0.0666349	0.933365	0.941389
1356	-14.0435	-10.4258	0.00925837	0.990742	0.991857
1357	-15.0533	-11.2903	0.00801597	0.991984	0.992949
1358	-15.5659	-14.0121	0.0685596	0.93144	0.939696
1505	-20.715	-16.724	0.00639197	0.993608	0.994378
1506	-17.3814	-15.2639	0.040205	0.959795	0.964636
1507	-17.8969	-14.161	0.00823422	0.991766	0.992757
1566	-14.1861	-12.1549	0.0436714	0.956329	0.961588
1567	-12.9544	-11.0882	0.0511061	0.948894	0.955048
1568	-4.34271	-4.41913	0.273123	0.726877	0.759766
1569	-11.9229	-9.83342	0.0413001	0.9587	0.963673
1570	-4.58929	-4.6488	0.269779	0.730221	0.762707
1571	-30.7569	-24.6277	0.000757715	0.999242	0.999334
1572	-12.8403	-10.8507	0.0454391	0.954561	0.960033
1573	-31.6783	-25.4994	0.000720992	0.999279	0.999366
1574	-9.52975	-9.5974	0.271387	0.728613	0.761293
1575	-19.6981	-15.6701	0.0061617	0.993838	0.99458
1576	-3.32228	-3.53154	0.300275	0.699725	0.735884
1577	-4.1958	-4.33308	0.285372	0.714628	0.748992
1578	-4.86749	-4.95083	0.274499	0.725501	0.758556
1579	-22.2346	-18.2075	0.00616743	0.993833	0.994575
1580	-32.8354	-26.6866	0.000742996	0.999257	0.999346
1581	-10.5222	-10.6946	0.292577	0.707423	0.742655
1582	-20.6645	-16.4617	0.00517846	0.994822	0.995445
1583	-11.4126	-9.41402	0.0450529	0.954947	0.960372
1584	-13.042	-11.0369	0.044774	0.955226	0.960618
1585	-4.59316	-4.63956	0.267203	0.732797	0.764973
1586	-3.96142	-4.1339	0.292605	0.707395	0.74263
1587	-20.8664	-16.731	0.00553737	0.994463	0.995129
1588	-2.96233	-3.22666	0.311972	0.688028	0.725595
1589	-9.93493	-8.02724	0.0491286	0.950871	0.956787
1590	-4.17881	-4.29908	0.281917	0.718083	0.752032
1591	-3.79637	-4.01627	0.302516	0.697484	0.733913
1592	-4.17881	-4.29908	0.281917	0.718083	0.752032
1593	-4.59461	-4.65799	0.270542	0.729458	0.762036
1594	-23.3604	-21.4527	0.0491272	0.950873	0.956789
1595	-19.7524	-15.6337	0.00563019	0.99437	0.995048
1596	-3.65121	-3.79918	0.287556	0.712444	0.747072
1597	-3.32228	-3.53154	0.300275	0.699725	0.735884
1598	-11.1649	-11.2227	0.269443	0.730557	0.763004
1599	-4.6325	-4.75567	0.282503	0.717497	0.751516
1600	-10.444	-10.5824	0.285585	0.714415	0.748805
1601	-4.08685	-4.20433	0.281351	0.718649	0.752529
1602	-10.3792	-8.44011	0.0476818	0.952318	0.95806
1603	-4.80143	-4.86884	0.271337	0.728663	0.761337
1604	-25.5492	-19.4299	0.000765208	0.999235	0.999327
1605	-3.60416	-3.78198	0.293711	0.706289	0.741658
1606	-4.03173	-4.14437	0.280374	0.719626	0.753389
1607	-3.24353	-3.47019	0.303944	0.696056	0.732657
1608	-2.96233	-3.22666	0.311972	0.688028	0.725595
1609	-3.79637	-4.01627	0.302516	0.697484	0.733913
1610	-4.6325	-4.75567	0.282503	0.717497	0.751516
1611	-4.17077	-4.3229	0.28841	0.71159	0.74632
1612	-4.41273	-4.52166	0.279624	0.720376	0.754048
1613	-3.65121	-3.79918	0.287556	0.712444	0.747072
1614	-4.17881	-4.29908	0.281917	0.718083	0.752032
1615	-3.95881	-4.0757	0.281232	0.718768	0.752634
1616	-10.5949	-10.737	0.286364	0.713636	0.74812
1617	-3.60416	-3.78198	0.293711	0.706289	0.741658
1618	-12.3955	-10.5055	0.0499624	0.950038	0.956054
1619	-3.32228	-3.53154	0.300275	0.699725	0.735884
1620	-13.085	-11.1034	0.0457883	0.954212	0.959726
1621	-13.5689	-11.5622	0.0447024	0.955298	0.960681
1622	-4.948	-4.9095	0.250912	0.749088	0.779303
1623	-4.17881	-4.29908	0.281917	0.718083	0.752032
1624	-3.24353	-3.47019	0.303944	0.696056	0.732657
1625	-4.1958	-4.33308	0.285372	0.714628	0.748992
1626	-4.6325	-4.75567	0.282503	0.717497	0.751516
1627	-3.46973	-3.69805	0.304295	0.695705	0.732348
1628	-10.6738	-8.73472	0.0476832	0.952317	0.958059
1629	-20.3377	-18.3858	0.0471043	0.952896	0.958568
1630	-4.33073	-4.40709	0.273112	0.726888	0.759776
1631	-3.24353	-3.47019	0.303944	0.696056	0.732657
1632	-3.60416	-3.78198	0.293711	0.706289	0.741658
1633	-3.24353	-3.47019	0.303944	0.696056	0.732657
1634	-4.82097	-4.93276	0.280201	0.719799	0.75354
1635	-4.09518	-4.2361	0.286114	0.713886	0.74834
1636	-4.34702	-4.43002	0.274432	0.725568	0.758615
1637	-3.24353	-3.47019	0.303944	0.696056	0.732657
1638	-3.24353	-3.47019	0.303944	0.696056	0.732657
1639	-14.4158	-12.4708	0.0474157	0.952584	0.958294
1640	-3.87494	-4.05459	0.294089	0.705911	0.741325
1641	-10.7666	-10.8756	0.279633	0.720367	0.75404
1642	-9.54308	-9.73881	0.29744	0.70256	0.738378
1643	-13.8257	-11.7678	0.0425649	0.957435	0.962561
1644	-3.46973	-3.69805	0.304295	0.695705	0.732348
1645	-4.08685	-4.20433	0.281351	0.718649	0.752529
1646	-4.1958	-4.33308	0.285372	0.714628	0.748992
1647	-5.52491	-5.51645	0.2566	0.7434	0.7743
1648	-15.9447	-13.8168	0.0398046	0.960195	0.964989
1649	-17.7275	-13.6693	0.00597912	0.994021	0.994741
1650	-12.8878	-12.896	0.259803	0.740197	0.771483
1651	-4.82097	-4.93276	0.280201	0.719799	0.75354
1652	-4.59461	-4.65799	0.270542	0.729458	0.762036
1653	-3.60416	-3.78198	0.293711	0.706289	0.741658
1654	-3.90784	-4.0513	0.286633	0.713367	0.747884
1655	-4.08685	-4.20433	0.281351	0.718649	0.752529
1656	-4.63083	-4.69902	0.271493	0.728507	0.7612
1657	-29.6483	-23.3945	0.000669038	0.999331	0.999412
1658	-3.65121	-3.79918	0.287556	0.712444	0.747072
1659	-12.5116	-10.5051	0.0447152	0.955285	0.960669
1660	-4.17881	-4.29908	0.281917	0.718083	0.752032
1661	-20.5601	-16.4461	0.00565661	0.994343	0.995025
1662	-3.78182	-3.96949	0.295758	0.704242	0.739857
1663	-4.17881	-4.29908	0.281917	0.718083	0.752032
1664	-3.46973	-3.69805	0.304295	0.695705	0.732348
1665	-23.1772	-23.2869	0.279768	0.720232	0.753922
1666	-3.96172	-4.13493	0.292755	0.707245	0.742499
1667	-23.716	-21.5599	0.0387421	0.961258	0.965923
1668	-16.9889	-15.0355	0.0470337	0.952966	0.95863
1669	-3.79637	-4.01627	0.302516	0.697484	0.733913
1670	-3.60416	-3.78198	0.293711	0.706289	0.741658
1671	-4.04877	-4.2215	0.292655	0.707345	0.742586
1672	-4.34702	-4.43002	0.274432	0.725568	0.758615
1673	-18.7269	-14.697	0.00614964	0.99385	0.994591
1674	-11.5892	-9.47365	0.0402809	0.959719	0.96457
1675	-4.57044	-4.65749	0.27524	0.72476	0.757905
1676	-3.87494	-4.05459	0.294089	0.705911	0.741325
1677	-4.17922	-4.21446	0.265025	0.734975	0.766889
1678	-4.59316	-4.63956	0.267203	0.732797	0.764973
1679	-4.41273	-4.52166	0.279624	0.720376	0.754048
1680	-17.0755	-15.1636	0.0489319	0.951068	0.95696
1681	-44.9046	-34.5213	1.07719e-05	0.999989	0.999991
1682	-3.93171	-4.07387	0.286368	0.713632	0.748117
1683	-4.63083	-4.69902	0.271493	0.728507	0.7612
1684	-2.96233	-3.22666	0.311972	0.688028	0.725595
1685	-9.99949	-10.1721	0.292635	0.707365	0.742604
1686	-21.078	-17.0209	0.00598627	0.994014	0.994735
1687	-29.8026	-23.5638	0.000679111	0.999321	0.999403
1688	-4.58424	-4.68301	0.277583	0.722417	0.755844
1689	-14.8534	-12.7176	0.0395042	0.960496	0.965253
1690	-4.23695	-4.29486	0.269466	0.730534	0.762983
1691	-3.75045	-3.88432	0.284676	0.715324	0.749604
1692	-13.6864	-11.7116	0.0460888	0.953911	0.959461
1693	-14.2058	-12.3533	0.0517725	0.948228	0.954462
1694	-4.54107	-4.54071	0.258149	0.741851	0.772937
1695	-4.59316	-4.63956	0.267203	0.732797	0.764973
1696	-4.6325	-4.75567	0.282503	0.717497	0.751516
1697	-4.17881	-4.29908	0.281917	0.718083	0.752032
1698	-3.46973	-3.69805	0.304295	0.695705	0.732348
1699	-4.90771	-4.91557	0.259727	0.740273	0.771549
1700	-4.17881	-4.29908	0.281917	0.718083	0.752032
1701	-4.6325	-4.75567	0.282503	0.717497	0.751516
1702	-22.2433	-18.1775	0.00593468	0.994065	0.99478
1703	-3.90784	-4.0513	0.286633	0.713367	0.747884
1704	-4.17077	-4.3229	0.28841	0.71159	0.74632
1705	-3.24353	-3.47019	0.303944	0.696056	0.732657
1706	-2.96232	-3.22666	0.311972	0.688028	0.725596
1707	-3.46973	-3.69804	0.304294	0.695706	0.732349
1708	-3.90784	-4.05129	0.286632	0.713368	0.747884
1709	-4.57132	-4.60888	0.265477	0.734523	0.766492
1710	-4.92211	-4.93935	0.261533	0.738467	0.76996
1711	-3.32228	-3.53154	0.300274	0.699726	0.735885
1712	-4.82097	-4.93275	0.280201	0.719799	0.753541
1713	-3.93171	-4.07386	0.286367	0.713633	0.748117
1714	-4.08685	-4.20433	0.281351	0.718649	0.752529
1715	-4.08685	-4.20433	0.281351	0.718649	0.752529
1716	-3.32228	-3.53154	0.300274	0.699726	0.735885
1717	-3.55653	-3.77613	0.302453	0.697547	0.733968
1718	-3.75045	-3.88432	0.284676	0.715324	0.749605
1719	-3.78182	-3.96949	0.295758	0.704242	0.739857
1720	-3.46973	-3.69804	0.304294	0.695706	0.732349
1721	-3.65121	-3.79917	0.287555	0.712445	0.747072
1722	-4.90771	-4.91557	0.259726	0.740274	0.77155
1723	-3.24353	-3.47019	0.303944	0.696056	0.732657
1724	-3.79637	-4.01627	0.302515	0.697485	0.733913
1725	-3.32228	-3.53154	0.300274	0.699726	0.735885
1726	-10.4584	-10.5791	0.282014	0.717986	0.751946
1727	-4.17881	-4.29908	0.281916	0.718084	0.752032
1728	-12.2433	-12.3637	0.281933	0.718067	0.752017
1729	-11.0025	-9.03328	0.0463326	0.953667	0.959247
1730	-4.54107	-4.54071	0.258149	0.741851	0.772938
1731	-4.948	-4.90949	0.250911	0.749089	0.779303
1732	-4.59461	-4.65799	0.270542	0.729458	0.762036
1733	-14.7019	-12.7259	0.0460321	0.953968	0.959511
1734	-3.65121	-3.79917	0.287555	0.712445	0.747072
1735	-4.04877	-4.22149	0.292655	0.707345	0.742586
1736	-3.64426	-3.85563	0.300717	0.699283	0.735495
1737	-11.8967	-11.8926	0.257443	0.742557	0.773558
1738	-3.60416	-3.78198	0.293711	0.706289	0.741658
1739	-12.355	-12.5642	0.300265	0.699735	0.735893
1740	-4.54107	-4.54071	0.258149	0.741851	0.772938
1741	-3.78182	-3.96949	0.295758	0.704242	0.739857
1742	-2.96232	-3.22666	0.311972	0.688028	0.725596
1743	-9.76756	-9.83072	0.270499	0.729501	0.762074
1744	-2.96232	-3.22666	0.311972	0.688028	0.725596
1745	-4.75981	-4.85703	0.277273	0.722727	0.756116
1746	-4.09518	-4.2361	0.286114	0.713886	0.74834
1747	-16.5316	-14.4062	0.0399005	0.9601	0.964904
1748	-4.6325	-4.75566	0.282502	0.717498	0.751517
1749	-3.32228	-3.53154	0.300274	0.699726	0.735885
1750	-4.57044	-4.65749	0.275239	0.724761	0.757905
1751	-3.95881	-4.0757	0.281232	0.718768	0.752634
1752	-16.992	-17.0569	0.270834	0.729166	0.761779
1753	-7.62009	-7.8813	0.311301	0.688699	0.726185
1754	-4.59316	-4.63955	0.267203	0.732797	0.764974
1755	-12.5535	-12.5639	0.260224	0.739776	0.771112
1756	-3.46973	-3.69804	0.304294	0.695706	0.732349
1757	-22.4064	-18.3402	0.00593208	0.994068	0.994782
1758	-4.90771	-4.91557	0.259726	0.740274	0.77155
1759	-8.26773	-8.44634	0.293874	0.706126	0.741514
1760	-9.4889	-9.57564	0.275177	0.724823	0.75796
1761	-4.17922	-4.21445	0.265024	0.734976	0.76689
1762	-4.69378	-4.77769	0.274612	0.725388	0.758456
1763	-3.90784	-4.05129	0.286632	0.713368	0.747884
1764	-10.6738	-8.73472	0.0476832	0.952317	0.958059
1765	-4.17077	-4.3229	0.28841	0.71159	0.74632
1766	-4.59316	-4.63955	0.267203	0.732797	0.764974
1767	-11.0346	-11.1737	0.285745	0.714255	0.748664
1768	-4.04877	-4.22149	0.292655	0.707345	0.742586
1769	-3.24353	-3.47019	0.303944	0.696056	0.732657
1774	-4.64733	-5.16686	0.369184	0.630816	0.675273
1775	-47.8174	-37.9268	1.76313e-05	0.999982	0.999984
1776	-9.43663	-10.2464	0.438929	0.561071	0.613927
1777	-29.0183	-23.1969	0.0010305	0.99897	0.999094
1778	-20.4639	-16.9043	0.0098066	0.990193	0.991374
1779	-21.8386	-16.2438	0.00129238	0.998708	0.998863
1780	-4.03493	-5.02862	0.484614	0.515386	0.573743
1781	-10.4294	-9.01033	0.0776801	0.92232	0.931674
1782	-32.9985	-25.3761	0.000170311	0.99983	0.99985
1783	-25.7299	-21.8621	0.00722482	0.992775	0.993645
1784	-61.1831	-47.3864	3.54697e-07	1	1
1785	-32.8856	-27.1092	0.00107792	0.998922	0.999052
1786	-31.1044	-23.4863	0.000171053	0.999829	0.99985
1787	-14.0029	-12.543	0.0747996	0.9252	0.934208
1788	-4.08131	-4.99533	0.46475	0.53525	0.591215
1789	-22.2688	-20.8854	0.080274	0.919726	0.929393
1790	-30.2649	-24.8982	0.00162288	0.998377	0.998573
1791	-28.5175	-25.1277	0.0116	0.9884	0.989797
1792	-19.9655	-16.7621	0.0139437	0.986056	0.987735
1793	-27.0074	-25.7696	0.0916989	0.908301	0.919343
1807	-9.16608	-9.34307	0.293537	0.706463	0.741811
1808	-28.0512	-22.0765	0.000884167	0.999116	0.999222
1809	-33.1466	-25.1199	0.00011368	0.999886	0.9999
1821	-20.4749	-18.8151	0.0620877	0.937912	0.945389
1822	-13.0819	-11.4278	0.0624271	0.937573	0.94509
1823	-8.00903	-8.49057	0.36038	0.63962	0.683017
