Sites	Ll_YN98.omega=0.12881	Ll_YN98.omega=0.813965	Ll_YN98.omega=0.997112	Ll_YN98.omega=0.999999	Pr_YN98.omega=0.12881	Pr_YN98.omega=0.813965	Pr_YN98.omega=0.997112	Pr_YN98.omega=0.999999	mean
527	-3.97803	-5.09662	-5.39299	-5.39765	0.552036	0.180371	0.134108	0.133485	0.485129
529	-53.5893	-46.4193	-45.6966	-45.6865	0.000149627	0.194494	0.400648	0.404708	0.962529
532	-3.79972	-3.97775	-4.02501	-4.02575	0.2913	0.243793	0.23254	0.232367	0.700197
533	-33.2066	-27.8424	-27.2777	-27.2697	0.00103188	0.220429	0.387717	0.390822	0.956973
534	-15.5622	-12.9161	-12.7858	-12.7843	0.0211659	0.298415	0.339963	0.340456	0.925063
535	-19.6693	-15.103	-14.7491	-14.7444	0.00268904	0.258649	0.36847	0.370192	0.948475
536	-23.8677	-20.8356	-20.6032	-20.6002	0.0134849	0.279701	0.352868	0.353947	0.935198
537	-26.5515	-21.6336	-21.1875	-21.1814	0.00176624	0.241473	0.377224	0.379536	0.952449
538	-34.0673	-29.4699	-29.1052	-29.1004	0.00258596	0.256593	0.369514	0.371307	0.948944
539	-14.0357	-13.0943	-13.1304	-13.1312	0.117553	0.301339	0.29068	0.290428	0.840689
540	-18.3903	-15.497	-15.3016	-15.2991	0.0158716	0.286519	0.348374	0.349235	0.931864
541	-16.1346	-16.7203	-16.8758	-16.8783	0.398644	0.221915	0.189953	0.189488	0.610872
542	-34.5304	-31.5082	-31.2785	-31.2755	0.0136436	0.280206	0.352544	0.353606	0.934967
543	-10.4355	-9.62273	-9.69185	-9.69323	0.13407	0.302229	0.282046	0.281655	0.826159
544	-17.6766	-14.6941	-14.4753	-14.4724	0.0142994	0.282204	0.351249	0.352247	0.934028
545	-12.1924	-12.7618	-12.9114	-12.9137	0.393809	0.222862	0.19189	0.191439	0.614903
546	-19.4161	-16.5681	-16.3836	-16.3813	0.016722	0.288525	0.346977	0.347776	0.930754
547	-35.0497	-29.2587	-28.6633	-28.655	0.000657554	0.215242	0.390422	0.393679	0.958257
548	-37.851	-29.4485	-28.6494	-28.6384	4.09919e-05	0.182755	0.406342	0.410862	0.964791
549	-25.1235	-22.4554	-22.3188	-22.3172	0.0206261	0.297254	0.340796	0.341324	0.925746
550	-27.677	-23.1503	-22.8074	-22.8029	0.00282036	0.260747	0.36739	0.369043	0.947973
551	-21.1759	-18.271	-18.0688	-18.0663	0.0156173	0.285223	0.349128	0.350032	0.932324
552	-25.3921	-20.6445	-20.243	-20.2376	0.00216554	0.249706	0.373052	0.375076	0.950581
553	-10.1619	-11.0706	-11.3117	-11.3155	0.491345	0.198042	0.155601	0.155012	0.534653
554	-18.3512	-15.5471	-15.3729	-15.3708	0.0175874	0.290394	0.345639	0.34638	0.929656
555	-10.8458	-10.1686	-10.2748	-10.2768	0.153728	0.302596	0.272106	0.27157	0.808994
556	-25.3209	-22.4195	-22.2219	-22.2194	0.0157223	0.286134	0.348635	0.349509	0.932065
557	-9.77474	-8.78789	-8.81188	-8.81256	0.112116	0.300782	0.293651	0.293451	0.845521
558	-31.5148	-28.6193	-28.4235	-28.421	0.0158331	0.286462	0.348421	0.349284	0.931908
559	-4.76511	-5.34044	-5.49304	-5.49544	0.395697	0.222589	0.191086	0.190627	0.613311
560	-5.37337	-5.87332	-6.00618	-6.00827	0.374861	0.227376	0.199089	0.198673	0.630549
561	-33.5316	-26.8903	-26.273	-26.2645	0.000276255	0.211632	0.39237	0.395721	0.959255
562	-64.9087	-50.9326	-49.5117	-49.4918	9.09414e-08	0.106776	0.442158	0.451066	0.978858
563	-41.3265	-34.0492	-33.2923	-33.2817	0.000130716	0.189147	0.403208	0.407514	0.963533
564	-25.7169	-24.0648	-23.9314	-23.9296	0.0550844	0.287435	0.328453	0.329028	0.897589
565	-15.2241	-14.3445	-14.3947	-14.3958	0.125133	0.301562	0.286808	0.286497	0.834056
566	-10.4339	-11.0151	-11.1696	-11.1721	0.397401	0.22223	0.190416	0.189953	0.611895
567	-31.5972	-24.9832	-24.3735	-24.3651	0.000285606	0.21291	0.391753	0.395051	0.959011
568	-82.3217	-65.1377	-63.2338	-63.2068	2.35787e-09	0.0684592	0.459472	0.472069	0.985937
569	-8.22759	-7.41064	-7.47897	-7.48035	0.133532	0.302261	0.282297	0.281909	0.826621
570	-8.95322	-8.24414	-8.34204	-8.34388	0.148944	0.302673	0.274445	0.273939	0.813141
571	-25.6923	-22.0444	-21.7111	-21.7066	0.0068122	0.261535	0.365	0.366653	0.944356
572	-24.804	-20.2695	-19.9242	-19.9197	0.00279351	0.260286	0.367626	0.369295	0.948082
573	-12.3147	-11.4238	-11.4724	-11.4735	0.123793	0.301712	0.2874	0.287095	0.835193
574	-12.5681	-11.4958	-11.4967	-11.4971	0.102461	0.299394	0.299119	0.299025	0.854175
575	-4.47872	-5.50375	-5.77534	-5.77961	0.525065	0.188385	0.143581	0.142969	0.507108
576	-8.77924	-7.94719	-8.01129	-8.01259	0.131476	0.302137	0.283379	0.283009	0.828432
577	-20.9844	-18.1218	-17.9345	-17.9322	0.0164522	0.288034	0.34735	0.348164	0.931079
578	-13.5402	-12.5036	-12.5124	-12.5128	0.106288	0.299696	0.297072	0.296944	0.850791
579	-10.7917	-9.83158	-9.86261	-9.8634	0.115277	0.301118	0.291918	0.291687	0.84271
580	-10.1758	-11.0052	-11.2248	-11.2282	0.468236	0.20429	0.16402	0.163455	0.553599
581	-22.2279	-19.5173	-19.3681	-19.3663	0.0196142	0.294953	0.342416	0.343017	0.927051
582	-5.19447	-5.73874	-5.88344	-5.88572	0.387101	0.22462	0.19436	0.193918	0.620413
583	-11.5365	-10.7803	-10.8654	-10.8671	0.142056	0.30259	0.277905	0.277449	0.819147
584	-31.9171	-25.2647	-24.6458	-24.6373	0.000272854	0.211373	0.392497	0.395857	0.959305
585	-32.8292	-26.38	-25.8122	-25.8045	0.000348089	0.220071	0.388284	0.391297	0.957634
586	-24.2139	-19.5237	-19.1357	-19.1304	0.00231655	0.252195	0.371774	0.373714	0.949991
587	-12.451	-13.351	-13.59	-13.5938	0.488856	0.198747	0.156492	0.155904	0.536687
588	-41.0287	-33.8118	-33.0749	-33.0646	0.000141134	0.192262	0.401716	0.40588	0.962949
589	-49.9778	-39.0109	-37.8599	-37.8437	2.34111e-06	0.135605	0.428695	0.435697	0.973532
590	-13.7043	-14.7333	-15.0053	-15.0095	0.526111	0.188014	0.143243	0.142632	0.506266
591	-17.5658	-16.5077	-16.513	-16.5134	0.104052	0.29974	0.298161	0.298047	0.852727
592	-13.7348	-12.6507	-12.649	-12.6492	0.101212	0.299284	0.299794	0.299711	0.855282
593	-12.1101	-10.8774	-10.8365	-10.8361	0.0863635	0.296262	0.308634	0.30874	0.868754
594	-19.696	-16.8482	-16.6639	-16.6616	0.0167286	0.288544	0.346964	0.347763	0.930745
595	-3.4823	-4.51485	-4.78738	-4.79166	0.527082	0.187692	0.142918	0.142307	0.505481
596	-19.6358	-18.4325	-18.3993	-18.3991	0.0891318	0.296918	0.306941	0.307009	0.866225
597	-3.94678	-5.03475	-5.32257	-5.32709	0.543173	0.182993	0.137227	0.136607	0.492354
598	-31.3729	-24.7878	-24.1847	-24.1764	0.000295522	0.214025	0.391213	0.394467	0.958796
599	-34.8768	-29.6445	-29.1445	-29.1377	0.00123812	0.231806	0.382157	0.384799	0.954693
600	-31.822	-27.0666	-26.663	-26.6576	0.00214532	0.249318	0.37325	0.375287	0.950671
601	-23.5634	-19.0232	-18.6762	-18.6716	0.00277399	0.259949	0.367799	0.369478	0.948161
602	-65.4695	-51.5535	-50.1547	-50.1352	9.85126e-08	0.108924	0.441177	0.449899	0.978462
603	-10.0723	-9.29732	-9.37685	-9.3784	0.139338	0.302447	0.279324	0.278891	0.821538
604	-27.4215	-22.6328	-22.22	-22.2144	0.0020608	0.247586	0.374128	0.376225	0.951064
605	-40.8491	-32.38	-31.5634	-31.5521	3.78019e-05	0.180133	0.407591	0.412238	0.965278
606	-19.0317	-17.926	-17.9186	-17.9187	0.098923	0.298887	0.301123	0.301067	0.857346
607	-25.1001	-22.1938	-21.9948	-21.9923	0.0156299	0.285872	0.348808	0.34969	0.932193
608	-62.0934	-49.9201	-48.6909	-48.6737	6.54311e-07	0.126635	0.43292	0.440445	0.97519
609	-39.4204	-32.7014	-32.0624	-32.0535	0.000251219	0.20802	0.394113	0.397615	0.959943
610	-37.2367	-34.3565	-34.1641	-34.1617	0.0161127	0.287077	0.347983	0.348828	0.931551
611	-3.78955	-4.78678	-5.05044	-5.05458	0.516922	0.190692	0.146496	0.14589	0.513764
612	-20.5554	-17.2168	-16.9336	-16.9298	0.00960362	0.270612	0.359212	0.360573	0.940252
613	-12.9508	-13.7067	-13.9071	-13.9103	0.447029	0.209924	0.171794	0.171253	0.571003
614	-35.1761	-28.6192	-28.0243	-28.0161	0.000305951	0.215421	0.390538	0.393734	0.958529
615	-28.5131	-23.8381	-23.453	-23.4479	0.00235715	0.252763	0.371479	0.373401	0.94985
616	-8.90478	-9.81807	-10.0593	-10.0631	0.492507	0.197596	0.155242	0.154655	0.533724
617	-9.37939	-8.42611	-8.45863	-8.45944	0.116083	0.301141	0.291506	0.29127	0.842005
618	-27.1233	-22.1462	-21.6837	-21.6773	0.00164409	0.238492	0.378722	0.381142	0.953106
619	-3.4823	-4.51485	-4.78738	-4.79166	0.527082	0.187692	0.142918	0.142307	0.505481
629	-56.1803	-47.8144	-47.0241	-47.0132	4.28266e-05	0.184084	0.405708	0.410165	0.964544
630	-24.544	-21.821	-21.6678	-21.6659	0.0193224	0.294211	0.342921	0.343545	0.927442
631	-50.3652	-40.0602	-39.043	-39.0288	5.09346e-06	0.152198	0.420891	0.426906	0.970465
632	-82.6024	-66.1032	-64.3489	-64.3241	5.37725e-09	0.0787145	0.454936	0.46635	0.984042
633	-16.753	-13.8681	-13.6741	-13.6717	0.0160203	0.286777	0.348174	0.349028	0.931687
634	-45.6314	-40.8906	-40.4911	-40.4857	0.00218347	0.250062	0.372872	0.374883	0.9505
635	-18.2807	-17.0972	-17.0687	-17.0686	0.0910222	0.297251	0.305841	0.305886	0.86452
636	-29.7396	-25.0954	-24.7178	-24.7128	0.00244424	0.254166	0.370757	0.372633	0.949516
637	-17.0986	-16.116	-16.1399	-16.1405	0.112536	0.300606	0.293528	0.29333	0.845188
638	-33.7891	-27.2202	-26.6222	-26.614	0.000301588	0.214895	0.390793	0.39401	0.95863
639	-3.83963	-4.73777	-4.97538	-4.97912	0.488166	0.198841	0.156789	0.156204	0.53727
640	-40.9201	-34.2049	-33.5676	-33.5587	0.000252515	0.208295	0.393981	0.397471	0.959892
642	-26.6814	-22.1396	-21.7922	-21.7877	0.00276905	0.259889	0.36783	0.369512	0.948177
643	-47.0879	-38.7007	-37.9058	-37.8948	4.17669e-05	0.183378	0.406045	0.410535	0.964676
644	-32.2664	-27.5467	-27.1534	-27.1481	0.00224044	0.251231	0.372279	0.374249	0.950235
645	-19.4434	-16.521	-16.3177	-16.3151	0.0153381	0.285069	0.349342	0.35025	0.932595
646	-19.9348	-17.0518	-16.8587	-16.8563	0.0160594	0.286956	0.348068	0.348917	0.93162
647	-33.6987	-26.5697	-25.8605	-25.8507	0.000157608	0.196634	0.399623	0.403585	0.962127
648	-10.996	-9.92168	-9.92247	-9.92279	0.10227	0.299433	0.299196	0.299102	0.854334
649	-28.0867	-25.2258	-25.0385	-25.0362	0.016479	0.28803	0.347338	0.348153	0.931056
650	-5.50552	-6.27312	-6.47648	-6.47967	0.450378	0.209032	0.170568	0.170023	0.568255
651	-28.1418	-23.3362	-22.9195	-22.9138	0.00202017	0.246872	0.374493	0.376615	0.951231
652	-10.501	-9.5364	-9.56574	-9.5665	0.114712	0.300973	0.292269	0.292046	0.843228
653	-51.1633	-46.5252	-46.1523	-46.1473	0.00246784	0.255058	0.370316	0.372158	0.94933
654	-48.7166	-36.9006	-35.6959	-35.679	9.5557e-07	0.129394	0.431629	0.438976	0.97468
655	-47.1261	-40.2144	-39.5286	-39.519	0.000199577	0.200361	0.397807	0.401632	0.961403
656	-19.5703	-16.4142	-16.1501	-16.1466	0.011664	0.273842	0.356613	0.35788	0.937864
657	-28.4092	-23.6955	-23.3016	-23.2963	0.00225269	0.251108	0.372331	0.374308	0.950247
658	-17.8256	-14.8534	-14.6367	-14.6339	0.0144658	0.282608	0.35097	0.351956	0.933809
659	-33.3518	-26.7908	-26.1933	-26.1851	0.000304106	0.214993	0.390744	0.393959	0.95861
660	-20.8646	-19.7826	-19.7816	-19.7819	0.101457	0.29935	0.299639	0.299553	0.855056
661	-23.5404	-18.8522	-18.4665	-18.4614	0.00232522	0.252652	0.37155	0.373473	0.949899
662	-4.13194	-4.99924	-5.229	-5.23261	0.479254	0.201325	0.159999	0.159422	0.544563
663	-26.1746	-21.3568	-20.937	-20.9313	0.00199114	0.246302	0.374783	0.376924	0.951362
664	-28.751	-25.9058	-25.7225	-25.7203	0.0167833	0.288746	0.346839	0.347632	0.93066
665	-21.6809	-18.7614	-18.559	-18.5564	0.0153908	0.285233	0.349237	0.350139	0.932519
666	-16.8897	-15.8021	-15.7996	-15.7999	0.100853	0.299241	0.299992	0.299913	0.855602
667	-55.9215	-44.9168	-43.7721	-43.756	2.26656e-06	0.136351	0.428352	0.435295	0.973394
668	-12.076	-10.9037	-10.8791	-10.879	0.0921721	0.297652	0.305075	0.305101	0.863445
669	-3.4823	-4.51485	-4.78738	-4.79166	0.527082	0.187692	0.142918	0.142307	0.505481
670	-18.0274	-15.1865	-15.005	-15.0027	0.0168745	0.289096	0.346624	0.347405	0.930516
671	-8.22759	-7.41064	-7.47897	-7.48035	0.133532	0.302261	0.282297	0.281909	0.826621
672	-34.9595	-28.4435	-27.8587	-27.8507	0.000321287	0.217139	0.389706	0.392834	0.958199
673	-43.9691	-35.5138	-34.7	-34.6887	3.84121e-05	0.180544	0.407395	0.412023	0.965202
674	-34.7346	-29.3992	-28.8786	-28.8714	0.00109916	0.228145	0.38399	0.386766	0.95549
675	-9.32016	-8.49591	-8.56174	-8.56307	0.1325	0.302124	0.282876	0.282499	0.827544
676	-33.005	-28.2863	-27.8922	-27.8869	0.00224122	0.251067	0.372357	0.374334	0.950264
677	-9.77034	-8.77765	-8.80008	-8.80074	0.111433	0.3007	0.29403	0.293837	0.846131
678	-39.8146	-33.3193	-32.7392	-32.7313	0.000329211	0.217946	0.389314	0.392411	0.958043
679	-28.4478	-23.648	-23.2333	-23.2277	0.00203521	0.247237	0.37431	0.376418	0.951151
680	-45.6917	-40.9684	-40.5732	-40.5678	0.0022291	0.250851	0.372468	0.374452	0.950315
681	-8.22759	-7.41064	-7.47897	-7.48035	0.133532	0.302261	0.282297	0.281909	0.826621
682	-47.5965	-40.8711	-40.2316	-40.2228	0.000249529	0.207934	0.394156	0.39766	0.959961
683	-14.3717	-13.4397	-13.4776	-13.4785	0.118657	0.301344	0.290129	0.28987	0.839729
684	-18.9352	-16.1545	-15.9885	-15.9865	0.0180982	0.291924	0.344643	0.345336	0.928929
685	-37.7043	-31.118	-30.5154	-30.5071	0.000295314	0.214117	0.39117	0.394419	0.958779
686	-39.3894	-36.3481	-36.1137	-36.1106	0.0133448	0.279325	0.35312	0.354211	0.93539
687	-35.759	-29.181	-28.5791	-28.5708	0.00029791	0.214239	0.391109	0.394354	0.958755
688	-30.0486	-27.235	-27.0592	-27.057	0.0174028	0.290104	0.345872	0.346622	0.92987
689	-19.8108	-16.7721	-16.5381	-16.535	0.0133827	0.279397	0.353066	0.354154	0.935344
690	-30.2331	-25.5207	-25.1276	-25.1223	0.00225697	0.251266	0.372253	0.374224	0.950214
691	-10.2491	-10.9257	-11.1034	-11.1062	0.424018	0.215548	0.180468	0.179966	0.589979
692	-33.1887	-28.3369	-27.9078	-27.9019	0.00191119	0.244579	0.375654	0.377856	0.951749
693	-45.4396	-42.503	-42.2961	-42.2934	0.0150863	0.284406	0.34979	0.350718	0.932937
694	-54.29	-43.976	-42.957	-42.9428	5.04014e-06	0.15196	0.421003	0.427031	0.970509
695	-22.4159	-19.4719	-19.263	-19.2603	0.0149556	0.284026	0.350039	0.35098	0.933121
696	-22.5382	-19.6693	-19.4801	-19.4778	0.0163297	0.287669	0.347588	0.348414	0.931253
697	-11.5723	-10.4871	-10.4853	-10.4856	0.10111	0.299298	0.299837	0.299755	0.855368
698	-15.9669	-13.082	-12.8884	-12.8859	0.0160235	0.286855	0.348135	0.348987	0.93167
699	-44.2431	-39.5882	-39.2102	-39.2052	0.00241771	0.254087	0.37081	0.372685	0.949553
700	-44.0848	-34.0292	-33.0779	-33.0648	6.91281e-06	0.160975	0.41675	0.422268	0.968843
701	-44.6248	-36.1393	-35.3189	-35.3075	3.7068e-05	0.179557	0.407866	0.41254	0.965385
702	-22.822	-18.1469	-17.7644	-17.7593	0.00236149	0.253263	0.371237	0.373139	0.949754
703	-16.4402	-15.3972	-15.4061	-15.4065	0.10569	0.29992	0.297261	0.29713	0.85127
704	-46.1011	-39.249	-38.6072	-38.5983	0.000219446	0.207565	0.394362	0.397854	0.960055
705	-10.4139	-11.1577	-11.3552	-11.3583	0.44358	0.210838	0.173059	0.172523	0.573834
706	-56.5859	-46.3825	-45.3906	-45.3768	5.76091e-06	0.155523	0.419323	0.425148	0.969851
707	-27.2054	-22.3423	-21.9101	-21.9042	0.00188533	0.24401	0.375941	0.378164	0.951877
708	-4.90139	-5.67769	-5.8832	-5.88643	0.452864	0.208366	0.169659	0.169111	0.566216
709	-27.5896	-22.8222	-22.4154	-22.41	0.00211473	0.248718	0.373555	0.375613	0.950808
710	-5.50552	-6.27312	-6.47648	-6.47967	0.450378	0.209032	0.170568	0.170023	0.568255
711	-34.3341	-27.6087	-26.9683	-26.9594	0.000249338	0.207789	0.394225	0.397737	0.959988
712	-26.3603	-21.6399	-21.2453	-21.24	0.00223662	0.250978	0.372402	0.374383	0.950285
713	-8.78562	-9.45813	-9.63592	-9.63871	0.423047	0.215933	0.180762	0.180258	0.590753
714	-48.6219	-41.889	-41.2471	-41.2382	0.000247195	0.207539	0.394346	0.397868	0.960036
715	-22.7704	-19.7827	-19.5613	-19.5584	0.0141987	0.281713	0.351537	0.352551	0.934206
716	-13.2671	-13.6321	-13.729	-13.7305	0.338591	0.235049	0.213342	0.213017	0.660679
717	-4.96103	-5.80719	-6.03128	-6.0348	0.473105	0.202989	0.162238	0.161668	0.549604
718	-11.5651	-10.4522	-10.4429	-10.443	0.0981699	0.298769	0.301554	0.301507	0.858023
719	-36.1527	-29.8146	-29.2769	-29.2696	0.000398271	0.225296	0.385749	0.388557	0.956626
720	-32.8328	-27.6545	-27.1699	-27.1632	0.00132227	0.234539	0.380799	0.383339	0.954115
721	-35.6786	-29.0437	-28.428	-28.4195	0.000278397	0.211919	0.392232	0.395571	0.9592
722	-21.9438	-18.8704	-18.6272	-18.624	0.0128474	0.277704	0.354153	0.355296	0.936122
723	-47.7814	-38.7381	-37.807	-37.794	1.93489e-05	0.163721	0.4154	0.42086	0.968325
724	-20.6328	-15.9083	-15.5133	-15.5079	0.00222676	0.250906	0.372442	0.374424	0.950307
725	-22.5047	-17.9551	-17.6058	-17.6012	0.0027435	0.259514	0.368024	0.369718	0.948268
726	-32.791	-29.8818	-29.6818	-29.6792	0.0155746	0.285664	0.348936	0.349825	0.93228
727	-16.8869	-14.2284	-14.0942	-14.0927	0.0208543	0.297711	0.34046	0.340975	0.925464
728	-25.4588	-20.7255	-20.3276	-20.3222	0.00220254	0.250361	0.372717	0.374719	0.950428
729	-39.2643	-30.6124	-29.7467	-29.7346	3.023e-05	0.172931	0.411015	0.416024	0.966615
730	-36.3248	-29.7241	-29.1174	-29.1091	0.00029013	0.213427	0.391503	0.39478	0.958911
731	-18.2883	-15.5725	-15.4232	-15.4215	0.0195126	0.294971	0.342459	0.343058	0.927136
732	-36.5715	-27.9175	-27.0544	-27.0424	3.02303e-05	0.17332	0.410833	0.415817	0.966543
733	-59.1279	-46.7911	-45.5208	-45.5029	5.35823e-07	0.12212	0.435017	0.442862	0.976024
734	-24.0323	-19.3119	-18.9179	-18.9126	0.00223757	0.251086	0.37235	0.374326	0.950264
735	-27.5345	-22.7983	-22.3996	-22.3942	0.00219486	0.250206	0.372796	0.374803	0.950464
736	-24.173	-19.3748	-18.96	-18.9544	0.00203829	0.247216	0.374318	0.376428	0.951152
737	-17.6101	-14.763	-14.5798	-14.5776	0.0167535	0.288793	0.346832	0.347622	0.930677
738	-28.9042	-22.3518	-21.7581	-21.7499	0.000307641	0.215633	0.390436	0.393624	0.958489
739	-49.1965	-38.9449	-37.9403	-37.9263	5.43111e-06	0.153848	0.420113	0.426034	0.97016
740	-58.3078	-44.215	-42.7688	-42.7485	7.90985e-08	0.10437	0.443264	0.452366	0.979303
741	-21.8207	-18.8754	-18.6662	-18.6635	0.0149343	0.28399	0.350067	0.351009	0.933146
742	-22.8371	-19.7436	-19.494	-19.4907	0.0125375	0.276509	0.354886	0.356068	0.936612
743	-22.8837	-20.0718	-19.8963	-19.8941	0.0174347	0.29016	0.345828	0.346577	0.929832
744	-31.7388	-26.9754	-26.5704	-26.5649	0.00212593	0.249028	0.3734	0.375446	0.950741
745	-9.7374	-10.5324	-10.743	-10.7464	0.458294	0.206965	0.167648	0.167093	0.561752
746	-65.3374	-51.4218	-50.0193	-49.9996	9.82171e-08	0.108562	0.441341	0.450097	0.978528
747	-21.0652	-18.2251	-18.0404	-18.038	0.0168491	0.28844	0.346954	0.347757	0.930659
748	-4.77382	-5.48304	-5.67126	-5.67422	0.433642	0.213365	0.176758	0.176235	0.582012
749	-11.0058	-10.2246	-10.3026	-10.3041	0.138472	0.302459	0.279748	0.279321	0.822288
750	-9.36402	-10.1558	-10.3658	-10.3691	0.457404	0.207218	0.167966	0.167412	0.562479
751	-5.37337	-5.87332	-6.00618	-6.00827	0.374861	0.227376	0.199089	0.198673	0.630549
752	-26.2269	-20.4483	-19.9106	-19.9032	0.000696607	0.225226	0.385618	0.38846	0.956379
753	-11.2497	-10.2492	-10.2692	-10.2698	0.110501	0.300538	0.294571	0.29439	0.846971
754	-26.1641	-23.1955	-22.9799	-22.9772	0.0145298	0.282814	0.350839	0.351818	0.933715
755	-35.8166	-28.279	-27.5218	-27.5113	0.000100741	0.189113	0.403258	0.407528	0.963565
756	-14.0068	-12.9789	-12.9919	-12.9924	0.107387	0.300189	0.296287	0.296137	0.849744
757	-8.3221	-9.22731	-9.46682	-9.47059	0.490222	0.198275	0.156044	0.155458	0.535586
758	-32.2674	-25.7867	-25.2107	-25.2029	0.000335164	0.218655	0.388971	0.392039	0.957907
759	-14.3764	-15.1404	-15.3426	-15.3458	0.449309	0.209281	0.170976	0.170434	0.569139
760	-7.10941	-7.98057	-8.21036	-8.21397	0.480221	0.200956	0.159699	0.159124	0.54379
761	-17.0919	-14.1802	-13.9797	-13.9771	0.0155307	0.285594	0.348992	0.349883	0.932331
762	-10.8792	-9.71686	-9.69423	-9.69417	0.0931229	0.297744	0.304558	0.304575	0.862602
763	-3.78955	-4.78678	-5.05044	-5.05459	0.516922	0.190692	0.146496	0.14589	0.513764
764	-35.9069	-27.5968	-26.8225	-26.8119	4.58871e-05	0.186516	0.404549	0.408889	0.964093
765	-16.8686	-14.048	-13.8718	-13.8696	0.0172788	0.290063	0.345953	0.346704	0.929985
766	-30.6759	-24.2653	-23.7063	-23.6987	0.000364297	0.221587	0.387547	0.390502	0.95734
767	-3.4823	-4.51485	-4.78738	-4.79167	0.527082	0.187692	0.142918	0.142307	0.505481
768	-50.7391	-38.5034	-37.2674	-37.2501	6.11077e-07	0.125888	0.433273	0.440838	0.975328
769	-3.98804	-5.15993	-5.47055	-5.47544	0.567277	0.175732	0.12881	0.128182	0.47273
770	-5.01329	-5.9226	-6.16409	-6.16789	0.491554	0.197998	0.155519	0.154929	0.534479
771	-4.64335	-5.65419	-5.92204	-5.92625	0.520955	0.189584	0.145035	0.144426	0.510461
772	-9.81622	-10.6447	-10.8639	-10.8674	0.467947	0.204367	0.164125	0.16356	0.553835
773	-8.18834	-9.07655	-9.3114	-9.31509	0.485259	0.199631	0.157846	0.157264	0.539653
774	-4.77382	-5.48304	-5.67126	-5.67422	0.433642	0.213365	0.176758	0.176235	0.582012
775	-11.9577	-10.9422	-10.9585	-10.959	0.108793	0.30035	0.295511	0.295346	0.848491
776	-18.4247	-19.3094	-19.5433	-19.547	0.484236	0.199913	0.158216	0.157635	0.540491
777	-59.564	-50.9401	-50.0847	-50.0728	3.13548e-05	0.174434	0.410303	0.415231	0.966336
778	-16.2655	-13.5138	-13.3546	-13.3527	0.0187089	0.293148	0.343744	0.344399	0.928172
779	-28.4226	-21.6806	-21.0371	-21.0281	0.000244644	0.207261	0.394481	0.398013	0.960089
780	-17.4892	-14.6464	-14.4647	-14.4625	0.0168422	0.289076	0.34665	0.347432	0.930548
781	-12.0513	-12.9496	-13.1868	-13.1906	0.488148	0.198802	0.156817	0.156234	0.537293
782	-19.0569	-18.1932	-18.2494	-18.2506	0.127328	0.302005	0.285502	0.285165	0.832065
783	-15.3975	-12.5509	-12.3675	-12.3652	0.0167584	0.288728	0.34686	0.347653	0.930685
784	-12.5947	-13.4957	-13.7332	-13.7369	0.488857	0.19856	0.156583	0.156	0.536721
785	-4.79319	-5.5976	-5.8108	-5.81416	0.461031	0.206242	0.166643	0.166085	0.559505
786	-27.6615	-22.7638	-22.3229	-22.3168	0.00180921	0.242421	0.376746	0.379024	0.952237
787	-12.7267	-11.9382	-12.0132	-12.0147	0.137375	0.302234	0.280402	0.279989	0.823284
788	-22.3157	-17.6149	-17.2257	-17.2205	0.00228999	0.251984	0.37189	0.373836	0.950053
789	-43.7967	-33.7466	-32.7962	-32.7831	6.95633e-06	0.161092	0.416694	0.422206	0.968821
790	-12.3856	-12.9253	-13.0676	-13.0698	0.38565	0.224801	0.194992	0.194557	0.621641
791	-8.17159	-9.07054	-9.30812	-9.31186	0.488362	0.198762	0.15673	0.156146	0.537114
792	-31.1141	-24.5591	-23.9639	-23.9558	0.000306478	0.215384	0.390555	0.393754	0.958536
793	-21.8052	-17.2172	-16.8572	-16.8525	0.00261961	0.257497	0.369061	0.370822	0.948748
794	-8.66004	-9.55756	-9.79516	-9.7989	0.488008	0.198902	0.156837	0.156252	0.537396
795	-26.2414	-21.576	-21.1958	-21.1907	0.00238857	0.253681	0.371021	0.372909	0.949654
796	-33.1508	-27.4448	-26.8927	-26.8851	0.00074068	0.222699	0.386804	0.389757	0.956807
797	-23.5298	-18.8423	-18.4598	-18.4547	0.00233241	0.253244	0.371262	0.373162	0.949783
798	-14.8391	-12.059	-11.8935	-11.8915	0.0181161	0.292022	0.344586	0.345276	0.928896
799	-17.1242	-16.1879	-16.2251	-16.2259	0.11816	0.301362	0.290367	0.29011	0.840157
800	-31.4382	-28.5828	-28.3966	-28.3943	0.0165811	0.288214	0.347198	0.348007	0.930934
801	-51.8881	-39.8101	-38.6081	-38.5913	7.37124e-07	0.129709	0.431491	0.438799	0.974622
802	-18.2896	-16.9324	-16.8754	-16.8749	0.0762567	0.296279	0.313646	0.313818	0.877541
803	-4.79395	-5.45731	-5.63264	-5.6354	0.420437	0.216574	0.181745	0.181245	0.592904
804	-14.0162	-11.3532	-11.2188	-11.2172	0.0207595	0.297685	0.34052	0.341035	0.925551
805	-4.5473	-5.31203	-5.51436	-5.51754	0.449509	0.209229	0.170902	0.17036	0.568974
806	-22.5246	-18.9277	-18.5927	-18.5882	0.00715689	0.261129	0.365022	0.366692	0.944131
807	-3.78955	-4.78678	-5.05044	-5.05459	0.516922	0.190692	0.146496	0.14589	0.513764
808	-34.0024	-27.3705	-26.755	-26.7465	0.000279271	0.211945	0.392219	0.395557	0.959194
809	-33.9055	-25.6088	-24.8384	-24.8278	4.66554e-05	0.187111	0.404266	0.408577	0.963982
810	-28.7196	-22.2317	-21.6538	-21.6459	0.000332249	0.218325	0.389131	0.392212	0.95797
811	-10.5777	-9.48772	-9.48472	-9.48498	0.100603	0.299226	0.300124	0.300047	0.855822
812	-8.44492	-9.0244	-9.17825	-9.18067	0.396883	0.222329	0.190624	0.190164	0.612327
813	-6.83022	-7.70244	-7.93218	-7.93579	0.480476	0.200851	0.159624	0.159049	0.543588
814	-15.8471	-16.608	-16.8096	-16.8128	0.448446	0.209541	0.171278	0.170735	0.569841
815	-16.7817	-17.8629	-18.1487	-18.1532	0.541183	0.183565	0.137935	0.137317	0.493979
816	-3.78955	-4.78678	-5.05044	-5.05459	0.516922	0.190692	0.146496	0.14589	0.513764
817	-52.3265	-42.1013	-41.1047	-41.0908	5.61427e-06	0.154888	0.419623	0.425483	0.969968
818	-22.8719	-21.789	-21.7877	-21.788	0.101351	0.299323	0.299706	0.299621	0.855154
819	-40.4965	-33.7441	-33.0984	-33.0894	0.000241679	0.206908	0.394652	0.398198	0.960157
820	-11.0846	-11.9017	-12.1183	-12.1217	0.464724	0.205259	0.16529	0.164727	0.556474
821	-33.103	-30.1665	-29.9597	-29.9571	0.0150893	0.284437	0.349773	0.350701	0.932929
822	-3.78955	-4.78678	-5.05044	-5.05459	0.516922	0.190692	0.146496	0.14589	0.513764
823	-4.91773	-5.7478	-5.96752	-5.97097	0.468419	0.20424	0.163953	0.163387	0.553448
824	-12.258	-11.1691	-11.1665	-11.1668	0.10073	0.299274	0.300038	0.299959	0.855703
825	-27.5747	-22.75	-22.3286	-22.3228	0.00197513	0.246	0.374937	0.377089	0.951432
826	-28.5543	-25.861	-25.7156	-25.7139	0.0200022	0.295644	0.341888	0.342467	0.926586
827	-16.1594	-13.19	-12.9748	-12.972	0.0145216	0.282874	0.350814	0.351791	0.933711
828	-36.906	-30.3973	-29.8143	-29.8064	0.000324095	0.217456	0.389552	0.392667	0.958138
829	-17.534	-14.7126	-14.5356	-14.5335	0.0172566	0.289912	0.346038	0.346794	0.930033
830	-9.13248	-10.0003	-10.2301	-10.2337	0.479389	0.201275	0.159957	0.15938	0.544455
831	-21.9606	-19.0727	-18.8787	-18.8762	0.0159722	0.286779	0.348197	0.349051	0.931728
832	-13.9349	-14.774	-14.9963	-14.9998	0.471075	0.203539	0.162978	0.162409	0.551268
833	-24.2085	-19.7069	-19.3695	-19.3651	0.00290356	0.261802	0.366838	0.368457	0.947706
834	-23.1358	-18.6288	-18.2909	-18.2865	0.00288696	0.261691	0.3669	0.368522	0.947741
835	-15.6338	-14.6893	-14.7211	-14.7219	0.116938	0.300702	0.291295	0.291065	0.841342
836	-22.2566	-19.4382	-19.2559	-19.2536	0.0172422	0.288831	0.346567	0.34736	0.930245
837	-40.8772	-30.6905	-29.7052	-29.6915	5.89122e-06	0.1564	0.418911	0.424683	0.969689
838	-20.4548	-16.912	-16.6049	-16.6008	0.00770798	0.266421	0.36219	0.363681	0.942675
839	-10.614	-9.61809	-9.63949	-9.64013	0.111042	0.300625	0.294261	0.294073	0.846485
840	-3.83963	-4.73778	-4.97538	-4.97912	0.488166	0.198841	0.156789	0.156204	0.53727
841	-3.78955	-4.78678	-5.05044	-5.05459	0.516922	0.190692	0.146496	0.14589	0.513764
842	-8.61048	-9.45421	-9.67725	-9.68075	0.472336	0.203154	0.16254	0.161971	0.550242
843	-23.7211	-20.0508	-19.6842	-19.6791	0.00649975	0.255201	0.368211	0.370088	0.945797
844	-37.9672	-31.3147	-30.6904	-30.6818	0.000271664	0.210465	0.39293	0.396333	0.959474
845	-14.4819	-13.54	-13.5753	-13.5761	0.117444	0.301221	0.290792	0.290543	0.840806
846	-21.8502	-17.2585	-16.898	-16.8932	0.00260868	0.257382	0.369122	0.370887	0.948779
847	-49.2819	-39.0846	-38.0957	-38.0819	5.81084e-06	0.155912	0.41914	0.424941	0.969779
848	-12.2345	-11.1622	-11.163	-11.1633	0.102451	0.299375	0.299134	0.29904	0.854187
849	-17.8811	-15.098	-14.9307	-14.9286	0.0180387	0.291676	0.344792	0.345493	0.929027
850	-29.2946	-24.5107	-24.1001	-24.0945	0.00207408	0.247997	0.373923	0.376006	0.950977
851	-8.98182	-9.74815	-9.95123	-9.95443	0.450022	0.209132	0.170695	0.170151	0.568546
852	-11.3979	-12.2275	-12.4471	-12.4506	0.468288	0.204276	0.164001	0.163435	0.553555
853	-10.7316	-11.4387	-11.6259	-11.6289	0.432971	0.213476	0.177037	0.176516	0.582575
854	-14.0526	-12.9672	-12.9651	-12.9654	0.10108	0.299247	0.299877	0.299797	0.855404
855	-11.4781	-10.5291	-10.5624	-10.5633	0.116574	0.301144	0.291261	0.291021	0.841577
856	-33.6317	-28.9566	-28.5741	-28.569	0.00236152	0.253252	0.371242	0.373145	0.949756
857	-24.7004	-20.0282	-19.647	-19.6419	0.00237071	0.25349	0.371123	0.373017	0.949704
858	-13.2294	-12.1493	-12.1484	-12.1487	0.101634	0.299292	0.299579	0.299494	0.854913
859	-20.9657	-21.6637	-21.8491	-21.852	0.430455	0.21418	0.177942	0.177423	0.584633
860	-36.9668	-28.4165	-27.5791	-27.5674	3.42567e-05	0.177045	0.409061	0.41386	0.965852
861	-8.3221	-9.22731	-9.46682	-9.47059	0.490222	0.198275	0.156044	0.155458	0.535586
862	-37.9335	-35.0264	-34.8264	-34.8239	0.0156078	0.285673	0.348915	0.349804	0.932249
863	-5.12868	-5.71383	-5.86918	-5.87162	0.398468	0.221956	0.19002	0.189556	0.611018
864	-49.7703	-37.7252	-36.5323	-36.5157	7.67864e-07	0.130745	0.431009	0.438246	0.974431
865	-9.03059	-8.07482	-8.10682	-8.10762	0.115792	0.301136	0.291653	0.291419	0.842259
866	-10.1991	-9.36884	-9.43302	-9.43433	0.13169	0.302079	0.2833	0.282931	0.828257
867	-17.2944	-14.491	-14.3186	-14.3165	0.0176212	0.290755	0.345447	0.346177	0.92956
868	-19.9716	-17.0358	-16.8294	-16.8267	0.0151035	0.284494	0.349739	0.350664	0.932906
869	-15.1964	-12.5686	-12.443	-12.4417	0.0216199	0.299287	0.339314	0.33978	0.924507
872	-19.9231	-18.8871	-18.8959	-18.8963	0.106343	0.299664	0.29706	0.296932	0.850749
873	-21.1902	-16.6004	-16.2408	-16.2361	0.00261561	0.257575	0.369026	0.370783	0.948737
874	-32.3723	-25.9102	-25.3395	-25.3317	0.000342859	0.21957	0.388528	0.391559	0.957731
875	-14.263	-15.1512	-15.386	-15.3897	0.485235	0.199637	0.157855	0.157273	0.539672
876	-10.7122	-9.75618	-9.78818	-9.78898	0.115769	0.301143	0.291661	0.291427	0.842277
877	-14.7203	-15.4846	-15.6869	-15.6901	0.449407	0.209255	0.17094	0.170398	0.569059
878	-29.8571	-23.4418	-22.8835	-22.8759	0.000362772	0.221711	0.38749	0.390437	0.957318
879	-26.3199	-23.5348	-23.3675	-23.3655	0.0180039	0.291688	0.344804	0.345504	0.929055
880	-25.3704	-20.4904	-20.0539	-20.0479	0.00184765	0.24322	0.376341	0.378591	0.952056
881	-13.4615	-12.6426	-12.7096	-12.7109	0.133206	0.302111	0.282532	0.282151	0.826933
882	-30.2531	-27.0136	-26.7638	-26.7605	0.0108514	0.276934	0.35553	0.356685	0.938
883	-23.1451	-18.4499	-18.0614	-18.0562	0.00230425	0.252122	0.371816	0.373758	0.950015
884	-15.7179	-14.6341	-14.6326	-14.6329	0.101257	0.299317	0.299755	0.299671	0.855237
885	-36.246	-27.8194	-27.0169	-27.0058	3.99047e-05	0.182238	0.40659	0.411131	0.964888
886	-3.98804	-5.15993	-5.47055	-5.47544	0.567277	0.175732	0.12881	0.128182	0.47273
887	-10.7268	-9.87923	-9.93978	-9.94103	0.129452	0.302136	0.284384	0.284028	0.830193
888	-8.24079	-9.0713	-9.29144	-9.29491	0.468594	0.204227	0.163872	0.163306	0.553298
889	-15.488	-12.5032	-12.2837	-12.2809	0.0142592	0.282094	0.351322	0.352324	0.934083
890	-12.7273	-13.4141	-13.5965	-13.5994	0.427242	0.214992	0.17914	0.178626	0.587277
891	-21.0356	-16.3917	-16.0167	-16.0117	0.00244982	0.254657	0.370519	0.372375	0.94942
892	-14.4802	-11.566	-11.3653	-11.3627	0.0154902	0.285549	0.349034	0.349927	0.932375
893	-28.0505	-21.5198	-20.9305	-20.9224	0.000315463	0.216377	0.390074	0.393234	0.958345
894	-9.25568	-10.0419	-10.2505	-10.2538	0.455812	0.207641	0.168549	0.167997	0.563785
895	-7.7156	-8.71172	-8.97439	-8.97852	0.516493	0.190745	0.146683	0.146079	0.514127
896	-27.6614	-23.1847	-22.8547	-22.8504	0.00299285	0.263214	0.36611	0.367683	0.947368
897	-8.89362	-9.79965	-10.0394	-10.0432	0.490463	0.198208	0.155958	0.155371	0.535389
898	-23.459	-20.5262	-20.3201	-20.3175	0.0151522	0.284559	0.349683	0.350606	0.932851
899	-10.0589	-10.8459	-11.0548	-11.0581	0.45605	0.207595	0.168454	0.167901	0.563587
900	-15.221	-14.3523	-14.4057	-14.4068	0.126562	0.30172	0.286021	0.285697	0.832783
901	-27.6843	-21.2723	-20.7153	-20.7077	0.000364382	0.221939	0.387379	0.390317	0.957275
902	-8.5455	-9.29674	-9.496	-9.49914	0.4457	0.210273	0.172283	0.171744	0.572095
903	-4.26146	-5.29657	-5.5708	-5.57511	0.527977	0.187531	0.142553	0.14194	0.504733
904	-19.7707	-16.949	-16.7716	-16.7694	0.0172464	0.289828	0.346083	0.346842	0.930057
905	-9.28651	-10.0395	-10.2392	-10.2423	0.4462	0.210138	0.172101	0.171561	0.571685
906	-33.8417	-32.7673	-32.7664	-32.7667	0.10215	0.299134	0.2994	0.299316	0.854494
907	-9.49032	-10.2401	-10.439	-10.4421	0.445285	0.210377	0.172438	0.1719	0.572436
908	-25.6377	-22.8316	-22.6588	-22.6567	0.0175681	0.290675	0.345512	0.346244	0.929621
909	-5.89737	-6.67608	-6.88298	-6.88623	0.453677	0.208237	0.169318	0.168768	0.565532
910	-9.40933	-10.3164	-10.557	-10.5608	0.490854	0.198162	0.155787	0.155198	0.535058
911	-19.513	-15.7895	-15.4153	-15.4101	0.00613022	0.253845	0.369052	0.370973	0.946369
912	-10.4339	-11.0151	-11.1696	-11.1721	0.397401	0.22223	0.190416	0.189953	0.611895
913	-17.8654	-16.1543	-16.0455	-16.0442	0.0529514	0.29309	0.326768	0.327191	0.8984
914	-11.8139	-10.9766	-11.0389	-11.0401	0.13074	0.302025	0.283799	0.283437	0.829094
915	-14.165	-11.3581	-11.1855	-11.1834	0.0175573	0.290715	0.345499	0.346229	0.929623
916	-18.1854	-15.5405	-15.4093	-15.4079	0.021178	0.298238	0.340043	0.340541	0.925085
917	-27.6751	-22.8262	-22.3956	-22.3897	0.0019146	0.2443	0.375785	0.378	0.951798
918	-14.6424	-13.7281	-13.7689	-13.7698	0.120718	0.301203	0.289174	0.288904	0.837962
919	-9.74443	-8.57239	-8.54718	-8.54708	0.0921582	0.297539	0.305137	0.305166	0.863478
920	-24.5008	-19.9374	-19.5844	-19.5798	0.00269875	0.258816	0.368384	0.370101	0.948436
921	-5.37337	-5.87332	-6.00618	-6.00827	0.374861	0.227376	0.199089	0.198673	0.630549
922	-14.6557	-13.68	-13.7041	-13.7047	0.113238	0.300418	0.29327	0.293074	0.844613
923	-20.9642	-18.0056	-17.793	-17.7903	0.0147041	0.283353	0.350491	0.351452	0.933464
924	-9.04496	-8.19024	-8.24859	-8.24981	0.128485	0.302033	0.284914	0.284568	0.831053
925	-22.5786	-18.0613	-17.7223	-17.7178	0.00285513	0.261478	0.36702	0.368647	0.947808
926	-9.31132	-10.3212	-10.5885	-10.5927	0.520635	0.189655	0.145159	0.14455	0.510726
927	-5.00906	-5.94737	-6.19641	-6.20033	0.499963	0.195628	0.152503	0.151906	0.527603
928	-13.2413	-14.1411	-14.3792	-14.3829	0.488647	0.19871	0.156614	0.156029	0.536876
929	-21.5096	-22.4145	-22.6534	-22.6571	0.490049	0.198264	0.156136	0.155551	0.535739
930	-23.5418	-18.6924	-18.2645	-18.2586	0.0019175	0.244794	0.375547	0.377742	0.951704
931	-16.2266	-15.2198	-15.2386	-15.2392	0.109804	0.300521	0.294926	0.29475	0.847581
932	-9.77394	-8.79196	-8.81725	-8.81795	0.112688	0.300848	0.293335	0.29313	0.845012
933	-24.0884	-19.5194	-19.1632	-19.1585	0.00267722	0.25822	0.368682	0.37042	0.948564
934	-3.38691	-4.26139	-4.49266	-4.49629	0.481277	0.20073	0.159285	0.158707	0.542913
935	-43.1407	-36.4591	-35.8308	-35.8221	0.000263041	0.209786	0.393262	0.396689	0.959607
937	-4.12174	-5.03051	-5.27138	-5.27517	0.491323	0.198013	0.155626	0.155038	0.534677
938	-33.9304	-32.6539	-32.6015	-32.601	0.0823738	0.295232	0.311116	0.311278	0.872414
939	-30.6413	-25.8006	-25.3734	-25.3676	0.00193542	0.244931	0.375471	0.377662	0.951663
940	-24.0521	-21.2345	-21.0569	-21.0547	0.0173136	0.289766	0.34608	0.346841	0.93001
941	-30.5817	-25.6905	-25.2512	-25.2452	0.00182343	0.24272	0.376595	0.378862	0.952169
942	-43.3944	-34.9688	-34.163	-34.1518	3.98326e-05	0.181739	0.406826	0.411395	0.96498
943	-46.346	-39.0977	-38.3434	-38.3328	0.000134834	0.189547	0.403012	0.407306	0.963456
944	-21.3399	-16.5006	-16.0752	-16.0694	0.00194066	0.245253	0.375314	0.377492	0.951599
945	-21.4325	-18.4425	-18.2208	-18.2179	0.0141649	0.281668	0.351575	0.352591	0.934244
946	-27.1066	-21.8121	-21.3151	-21.3083	0.00116623	0.23235	0.381937	0.384547	0.954655
947	-32.0779	-25.4379	-24.8197	-24.8112	0.000276419	0.211503	0.392432	0.395789	0.959278
973	-52.7336	-42.1508	-41.0604	-41.0451	3.62264e-06	0.142924	0.42525	0.431823	0.972179
974	-40.4077	-33.542	-32.8662	-32.8568	0.000210664	0.201983	0.397025	0.400782	0.961094
1006	-25.5573	-22.4672	-22.2193	-22.216	0.0125953	0.276836	0.354699	0.35587	0.936501
1007	-15.0281	-13.9091	-13.8982	-13.8983	0.09754	0.298643	0.301928	0.301889	0.858594
1008	-27.0829	-23.9524	-23.6945	-23.6911	0.0120164	0.274984	0.355885	0.357115	0.937347
1009	-30.8175	-26.0471	-25.6396	-25.6341	0.00210706	0.248579	0.373626	0.375688	0.95084
1010	-27.262	-22.3571	-21.9139	-21.9079	0.00179333	0.242012	0.376951	0.379244	0.952326
1011	-46.6076	-36.1568	-35.1009	-35.0861	4.25892e-06	0.147239	0.423224	0.429533	0.971382
1012	-11.1976	-10.0317	-10.0083	-10.0082	0.0927722	0.297709	0.304749	0.30477	0.862913
1013	-41.6541	-33.2066	-32.3944	-32.3832	3.87675e-05	0.180788	0.407278	0.411895	0.965157
1014	-41.6996	-35.0432	-34.4201	-34.4115	0.000270871	0.210673	0.392832	0.396224	0.959436
1015	-13.8557	-12.5752	-12.5215	-12.521	0.0820101	0.29508	0.31137	0.311539	0.872759
1016	-14.8447	-13.7408	-13.7331	-13.7333	0.09907	0.298787	0.301098	0.301045	0.857236
1017	-14.9306	-13.7438	-13.7151	-13.715	0.0907384	0.29731	0.305953	0.305999	0.864756
1018	-45.089	-36.5723	-35.7437	-35.7322	3.56882e-05	0.178348	0.408441	0.413175	0.96561
1019	-19.3943	-16.4653	-16.2602	-16.2575	0.0152186	0.284738	0.349563	0.350481	0.932761
1020	-26.6793	-21.8013	-21.3654	-21.3594	0.00185236	0.24334	0.376281	0.378527	0.952029
1021	-33.4478	-28.4519	-27.9853	-27.9788	0.0016084	0.237748	0.379099	0.381545	0.953274
1022	-23.6223	-18.7519	-18.3176	-18.3116	0.00186874	0.24362	0.376138	0.378374	0.951963
1023	-33.734	-26.9854	-26.3397	-26.3307	0.000242606	0.206909	0.39465	0.398198	0.960156
1024	-17.9492	-15.0234	-14.8196	-14.817	0.0152821	0.284998	0.349405	0.350315	0.932657
1025	-19.3739	-16.4192	-16.2073	-16.2046	0.0147675	0.28348	0.350397	0.351355	0.933385
1026	-28.4073	-23.4712	-23.02	-23.0138	0.00172762	0.240538	0.377694	0.38004	0.952655
1027	-55.3257	-43.5567	-42.3022	-42.2845	9.58615e-07	0.123843	0.4342	0.441956	0.975706
1028	-21.1612	-20.001	-19.9789	-19.9789	0.0933376	0.29778	0.304434	0.304448	0.862408
1029	-21.9293	-17.0077	-16.5605	-16.5544	0.00175829	0.241274	0.377324	0.379644	0.952493
1030	-18.0394	-14.8442	-14.5688	-14.5651	0.0111304	0.271747	0.357893	0.359229	0.938715
1031	-10.0143	-9.11802	-9.16642	-9.16748	0.123194	0.301878	0.287617	0.287311	0.835684
1032	-28.6213	-25.5911	-25.3594	-25.3564	0.013517	0.279841	0.352784	0.353858	0.935145
1033	-4.84859	-5.56332	-5.75287	-5.75585	0.435201	0.212956	0.176184	0.17566	0.580731
1034	-40.0941	-29.631	-28.573	-28.5582	4.19906e-06	0.146977	0.423348	0.429671	0.97143
1035	-15.455	-14.252	-14.219	-14.2188	0.0891726	0.296937	0.306912	0.306979	0.866186
1036	-32.1577	-25.4331	-24.7937	-24.7848	0.000249748	0.207946	0.39415	0.397654	0.959958
1037	-24.1301	-19.1922	-18.7408	-18.7346	0.00172431	0.240493	0.377718	0.380065	0.952666
1089	-39.7402	-31.2684	-30.4517	-30.4404	3.7698e-05	0.180123	0.407596	0.412243	0.96528
1109	-17.1359	-14.1691	-13.9539	-13.9511	0.0145595	0.282865	0.350799	0.351776	0.933679
1110	-18.3053	-15.3397	-15.1254	-15.1227	0.0145856	0.283068	0.350688	0.351659	0.933619
1111	-47.8191	-37.36	-36.3025	-36.2877	4.21762e-06	0.147036	0.42332	0.42964	0.971419
1112	-40.7009	-32.0259	-31.1553	-31.1431	2.94187e-05	0.172227	0.41135	0.416393	0.966746
1113	-9.19505	-7.99029	-7.95635	-7.95612	0.0889757	0.296819	0.307067	0.307138	0.866379
1122	-11.5065	-10.1803	-10.1115	-10.1107	0.0778846	0.29337	0.314249	0.314497	0.876663
1169	-16.0092	-12.6459	-12.3275	-12.3231	0.00913392	0.263819	0.362724	0.364323	0.941915
1170	-10.0347	-8.73085	-8.66995	-8.66929	0.0798984	0.294311	0.312792	0.312999	0.874738
1171	-9.18811	-7.88818	-7.82873	-7.82809	0.0802622	0.294488	0.312526	0.312724	0.874388
1172	-18.9292	-15.6662	-15.3722	-15.3682	0.0102686	0.268305	0.359988	0.361439	0.9401
1173	-30.2284	-25.1077	-24.607	-24.6	0.00138322	0.231623	0.38216	0.384834	0.954601
1200	-43.0192	-33.5761	-32.5443	-32.5296	1.19081e-05	0.150283	0.421745	0.42796	0.970813
1201	-12.4594	-11.2684	-11.236	-11.2358	0.0901836	0.296735	0.306508	0.306574	0.865344
1202	-32.9835	-25.355	-24.5756	-24.5647	9.03311e-05	0.185701	0.404889	0.40932	0.964205
1203	-3.57557	-3.93165	-4.0259	-4.02738	0.336211	0.235489	0.214309	0.213991	0.662668
1204	-11.9576	-10.4159	-10.2936	-10.2919	0.061568	0.287684	0.325111	0.325638	0.891904
1205	-45.9124	-36.8301	-35.8519	-35.838	1.78802e-05	0.157325	0.418406	0.424252	0.969508
1206	-18.4803	-15.0268	-14.6835	-14.6787	0.00820064	0.259229	0.365407	0.367163	0.943574
1207	-14.6425	-12.9649	-12.8097	-12.8075	0.0529976	0.283675	0.331311	0.332017	0.900098
1208	-11.3432	-9.8587	-9.75123	-9.74985	0.0655866	0.289431	0.322268	0.322715	0.888086
1209	-26.3613	-21.057	-20.5087	-20.501	0.00110969	0.223261	0.386318	0.389311	0.956383
1210	-3.56184	-3.739	-3.78554	-3.78627	0.291022	0.243774	0.232687	0.232517	0.700442
1211	-4.59875	-4.64969	-4.6634	-4.66361	0.261442	0.248458	0.245076	0.245023	0.725304
1212	-3.35783	-3.68072	-3.76569	-3.76702	0.327513	0.237136	0.217821	0.21753	0.669929
1213	-3.41472	-3.74142	-3.82822	-3.82959	0.328617	0.237031	0.217325	0.217028	0.668988
1214	-28.0016	-22.7189	-22.1753	-22.1676	0.00113807	0.224074	0.385913	0.388875	0.956208
1215	-19.0934	-15.5469	-15.1815	-15.1763	0.00735587	0.255193	0.367779	0.369672	0.945054
1216	-23.5452	-18.4807	-17.9953	-17.9886	0.00148054	0.234358	0.380795	0.383366	0.954011
1217	-4.85853	-5.43297	-5.58544	-5.58784	0.395467	0.222655	0.191168	0.19071	0.613499
1218	-8.43982	-8.78836	-8.88111	-8.88257	0.334317	0.235932	0.215033	0.214719	0.664234
1219	-4.63141	-4.75904	-4.79653	-4.79713	0.2797	0.246187	0.237128	0.236985	0.709843
1276	-22.7564	-21.0884	-20.933	-20.9308	0.0534741	0.283485	0.331166	0.331875	0.899719
1277	-10.8734	-9.24758	-9.10312	-9.10115	0.0560583	0.284912	0.329191	0.329839	0.897208
1278	-12.0613	-10.5719	-10.4632	-10.4618	0.0652375	0.289283	0.322513	0.322967	0.888417
1279	-4.24315	-4.49211	-4.55828	-4.55932	0.30881	0.240751	0.225337	0.225103	0.685529
1280	-13.1034	-11.4357	-11.2831	-11.281	0.0535894	0.284013	0.330853	0.331544	0.899521
1281	-33.4142	-30.0504	-29.7296	-29.7252	0.00911279	0.263356	0.362957	0.364574	0.942019
1282	-12.6457	-10.9402	-10.7761	-10.7738	0.051307	0.282406	0.332765	0.333522	0.901803
1283	-33.9095	-28.5783	-28.0234	-28.0156	0.00107473	0.222124	0.386882	0.389919	0.956623
1340	-11.411	-9.78995	-9.64672	-9.64478	0.0563552	0.285069	0.328967	0.329609	0.896921
1341	-29.1249	-23.9757	-23.4677	-23.4606	0.00133686	0.230331	0.382805	0.385527	0.95488
1342	-29.6394	-24.3868	-23.8535	-23.846	0.00118229	0.225881	0.385024	0.387914	0.955836
1343	-21.574	-18.2963	-17.9992	-17.9951	0.010097	0.267729	0.360352	0.361822	0.940355
1344	-42.3606	-33.4483	-32.515	-32.5019	2.20151e-05	0.163417	0.415526	0.421035	0.968379
1345	-39.8489	-32.7575	-32.0218	-32.0114	0.000160149	0.192431	0.401613	0.405796	0.962901
1346	-14.0103	-10.7025	-10.3974	-10.3932	0.0097431	0.266255	0.361242	0.36276	0.940935
1347	-16.628	-15.1044	-14.9868	-14.9852	0.0628184	0.28824	0.32422	0.324722	0.890714
1348	-17.7393	-14.438	-14.1343	-14.1301	0.00981652	0.266503	0.361085	0.362596	0.940826
1349	-17.1311	-13.6617	-13.3291	-13.3246	0.00813674	0.261334	0.364427	0.366102	0.943241
1350	-28.1533	-22.9817	-22.4677	-22.4605	0.00130126	0.229265	0.383335	0.386098	0.955107
1351	-14.7148	-13.254	-13.1509	-13.1496	0.0672516	0.289799	0.321262	0.321688	0.88657
1352	-13.3656	-11.8143	-11.6889	-11.6873	0.0608939	0.287277	0.325642	0.326187	0.892565
1353	-16.3175	-14.9386	-14.8578	-14.8569	0.0736181	0.292309	0.316882	0.31719	0.880569
1354	-17.6533	-14.3162	-14.0027	-13.9984	0.00940763	0.264704	0.362159	0.36373	0.941514
1355	-13.2588	-11.8448	-11.7561	-11.7551	0.0708982	0.291569	0.318593	0.31894	0.883072
1356	-13.8521	-10.662	-10.3877	-10.384	0.0111952	0.271938	0.357768	0.359099	0.938623
1357	-14.8628	-11.5548	-11.2507	-11.2466	0.00974948	0.266451	0.361144	0.362655	0.940894
1358	-15.471	-14.0818	-13.9992	-13.9982	0.0728366	0.292181	0.317333	0.317649	0.881273
1505	-20.4822	-16.9924	-16.6413	-16.6363	0.00786515	0.257806	0.366263	0.368066	0.944129
1506	-17.2259	-15.3733	-15.1979	-15.1955	0.0442635	0.282245	0.336344	0.337148	0.907959
1507	-17.7115	-14.4262	-14.1264	-14.1223	0.0100021	0.267229	0.360641	0.362127	0.94053
1566	-14.0823	-12.3078	-12.1232	-12.1205	0.0473901	0.279462	0.336136	0.337012	0.905753
1567	-12.8532	-11.2128	-11.0622	-11.0601	0.0550641	0.283984	0.330134	0.330818	0.898244
1568	-4.34695	-4.40776	-4.42494	-4.42522	0.263804	0.24824	0.244011	0.243944	0.72329
1569	-11.829	-10.0044	-9.81184	-9.80913	0.0449356	0.278617	0.337765	0.338682	0.908044
1570	-4.59323	-4.64105	-4.65392	-4.65412	0.260733	0.248558	0.24538	0.24533	0.725903
1571	-30.4629	-25.1113	-24.549	-24.541	0.0010469	0.220832	0.387515	0.390606	0.956886
1572	-12.7487	-11.0077	-10.8321	-10.8296	0.049222	0.280731	0.334611	0.335435	0.903926
1573	-31.3834	-25.9913	-25.419	-25.4109	0.000997509	0.219125	0.38836	0.391517	0.957244
1574	-9.50381	-9.55763	-9.57294	-9.57319	0.262208	0.248467	0.244692	0.244633	0.724636
1575	-19.5109	-15.9898	-15.6279	-15.6228	0.0075634	0.255821	0.367371	0.369245	0.944758
1576	-3.32697	-3.49593	-3.54072	-3.54142	0.289095	0.244152	0.233459	0.233295	0.702048
1577	-4.19977	-4.31046	-4.33986	-4.34032	0.275225	0.246386	0.23925	0.239139	0.713699
1578	-4.86967	-4.9365	-4.95468	-4.95497	0.265105	0.247966	0.2435	0.243429	0.722209
1579	-22.0483	-18.5278	-18.1656	-18.1605	0.00756689	0.255769	0.367394	0.36927	0.944764
1580	-32.5303	-27.1623	-26.5965	-26.5885	0.00102711	0.220253	0.387804	0.390916	0.95701
1581	-10.497	-10.6359	-10.6731	-10.6737	0.281935	0.245383	0.23641	0.236271	0.708048
1582	-20.4745	-16.8101	-16.4139	-16.4083	0.00639477	0.249599	0.370958	0.373048	0.946923
1583	-11.3193	-9.57087	-9.39348	-9.39099	0.0488189	0.280488	0.33493	0.335764	0.904321
1584	-12.9489	-11.1954	-11.0167	-11.0142	0.0485383	0.280301	0.335159	0.336001	0.9046
1585	-4.59495	-4.63014	-4.64349	-4.64371	0.258368	0.249434	0.246126	0.246072	0.727798
1586	-3.9648	-4.10375	-4.14105	-4.14164	0.281961	0.245384	0.236397	0.236258	0.708026
1587	-20.6766	-17.0684	-16.6835	-16.6781	0.00681929	0.251643	0.369759	0.371779	0.946176
1588	-2.96819	-3.18241	-3.23773	-3.2386	0.299944	0.242105	0.229075	0.228877	0.69299
1589	-9.84373	-8.16897	-8.01077	-8.00859	0.0530337	0.283069	0.331586	0.332312	0.900179
1590	-4.18301	-4.27988	-4.30577	-4.30617	0.272016	0.246899	0.240591	0.240493	0.716395
1591	-3.79959	-3.97695	-4.02403	-4.02477	0.291137	0.24382	0.232608	0.232436	0.700334
1592	-4.18301	-4.27988	-4.30577	-4.30617	0.272016	0.246899	0.240591	0.240493	0.716395
1593	-4.59876	-4.6497	-4.6634	-4.66362	0.261443	0.248458	0.245076	0.245023	0.725304
1594	-23.2109	-21.5363	-21.3777	-21.3755	0.0530284	0.283004	0.33162	0.332348	0.900195
1595	-19.5657	-15.9707	-15.5901	-15.5847	0.00693148	0.252409	0.369333	0.371326	0.945937
1596	-3.65729	-3.7763	-3.8084	-3.80891	0.277248	0.246141	0.238366	0.238245	0.711984
1597	-3.32697	-3.49593	-3.54072	-3.54142	0.289095	0.244152	0.233459	0.233295	0.702048
1598	-11.14	-11.1859	-11.1989	-11.1991	0.260376	0.248706	0.245484	0.245433	0.726185
1599	-4.63551	-4.73443	-4.76113	-4.76155	0.272528	0.246861	0.240356	0.240255	0.715957
1600	-10.4204	-10.5318	-10.5616	-10.5621	0.27542	0.246384	0.239154	0.239042	0.713529
1601	-4.09042	-4.18485	-4.21007	-4.21047	0.271444	0.246985	0.240834	0.240738	0.716877
1602	-10.2871	-8.58701	-8.4222	-8.41991	0.051545	0.282191	0.332751	0.333514	0.901636
1603	-4.80328	-4.85694	-4.87216	-4.8724	0.262163	0.248467	0.244715	0.244655	0.724675
1604	-25.2559	-19.9122	-19.3517	-19.3438	0.00105677	0.221163	0.387351	0.390429	0.956816
1605	-3.60797	-3.75154	-3.78971	-3.79031	0.283014	0.245163	0.235982	0.235841	0.70715
1606	-4.03452	-4.12536	-4.14977	-4.15015	0.270628	0.247128	0.241169	0.241076	0.717561
1607	-3.24835	-3.43198	-3.47966	-3.4804	0.292514	0.243442	0.232108	0.231935	0.699205
1608	-2.96819	-3.18241	-3.23773	-3.2386	0.299944	0.242105	0.229075	0.228877	0.69299
1609	-3.79959	-3.97695	-4.02403	-4.02477	0.291137	0.24382	0.232608	0.232436	0.700334
1610	-4.63551	-4.73443	-4.76113	-4.76155	0.272528	0.246861	0.240356	0.240255	0.715957
1611	-4.17462	-4.29691	-4.32981	-4.33033	0.278012	0.246012	0.23805	0.237926	0.711344
1612	-4.41529	-4.50283	-4.52667	-4.52704	0.269902	0.24728	0.241454	0.241363	0.718163
1613	-3.65729	-3.7763	-3.8084	-3.80891	0.277248	0.246141	0.238366	0.238245	0.711984
1614	-4.18301	-4.27988	-4.30577	-4.30617	0.272016	0.246899	0.240591	0.240493	0.716395
1615	-3.96392	-4.05778	-4.08347	-4.08388	0.271394	0.247079	0.240813	0.240715	0.716903
1616	-10.571	-10.6856	-10.7161	-10.7166	0.276152	0.246258	0.238852	0.238738	0.712916
1617	-3.60797	-3.75154	-3.78971	-3.79031	0.283014	0.245163	0.235982	0.235841	0.70715
1618	-12.2938	-10.6335	-10.4787	-10.4766	0.0538858	0.283489	0.330959	0.331666	0.89936
1619	-3.32697	-3.49593	-3.54072	-3.54142	0.289095	0.244152	0.233459	0.233295	0.702048
1620	-12.9919	-11.2574	-11.0833	-11.0808	0.049578	0.280922	0.334342	0.335158	0.903581
1621	-13.4752	-11.7197	-11.5408	-11.5383	0.0484443	0.280307	0.335203	0.336045	0.90468
1622	-4.94929	-4.91659	-4.911	-4.91092	0.243227	0.251313	0.25272	0.25274	0.74062
1623	-4.18301	-4.27988	-4.30577	-4.30617	0.272016	0.246899	0.240591	0.240493	0.716395
1624	-3.24835	-3.43198	-3.47966	-3.4804	0.292514	0.243442	0.232108	0.231935	0.699205
1625	-4.19977	-4.31046	-4.33986	-4.34032	0.275225	0.246386	0.23925	0.239139	0.713699
1626	-4.63551	-4.73443	-4.76113	-4.76155	0.272528	0.246861	0.240356	0.240255	0.715957
1627	-3.47511	-3.65962	-3.70808	-3.70884	0.292803	0.243469	0.231952	0.231776	0.698949
1628	-10.5825	-8.88241	-8.71715	-8.71485	0.0515319	0.282103	0.3328	0.333565	0.901663
1629	-20.2161	-18.5053	-18.338	-18.3357	0.0509432	0.281872	0.333204	0.333981	0.902218
1630	-4.33585	-4.39723	-4.41377	-4.41403	0.263831	0.248125	0.244054	0.24399	0.723288
1631	-3.24835	-3.43198	-3.47966	-3.4804	0.292514	0.243442	0.232108	0.231935	0.699205
1632	-3.60797	-3.75154	-3.78971	-3.79031	0.283014	0.245163	0.235982	0.235841	0.70715
1633	-3.24835	-3.43198	-3.47966	-3.4804	0.292514	0.243442	0.232108	0.231935	0.699205
1634	-4.82313	-4.91266	-4.93713	-4.93752	0.270379	0.247223	0.241246	0.241152	0.71776
1635	-4.09846	-4.21215	-4.24232	-4.24279	0.275928	0.246275	0.238956	0.238842	0.713108
1636	-4.35147	-4.41758	-4.43618	-4.43648	0.265019	0.248065	0.243494	0.243422	0.722266
1637	-3.24835	-3.43198	-3.47966	-3.4804	0.292514	0.243442	0.232108	0.231935	0.699205
1638	-3.24835	-3.43198	-3.47966	-3.4804	0.292514	0.243442	0.232108	0.231935	0.699205
1639	-14.3122	-12.6074	-12.4409	-12.4385	0.0512574	0.28194	0.333015	0.333788	0.901932
1640	-3.87949	-4.02458	-4.06267	-4.06327	0.283313	0.245049	0.23589	0.235748	0.706912
1641	-10.7406	-10.8282	-10.852	-10.8524	0.26991	0.247279	0.241451	0.24136	0.718157
1642	-9.50821	-9.66668	-9.70767	-9.70831	0.286428	0.244452	0.234635	0.234485	0.704312
1643	-13.7226	-11.9257	-11.736	-11.7333	0.0462279	0.2788	0.337034	0.337938	0.906886
1644	-3.47511	-3.65962	-3.70808	-3.70884	0.292803	0.243469	0.231952	0.231776	0.698949
1645	-4.09042	-4.18485	-4.21007	-4.21047	0.271444	0.246985	0.240834	0.240738	0.716877
1646	-4.19977	-4.31046	-4.33986	-4.34032	0.275225	0.246386	0.23925	0.239139	0.713699
1647	-5.52508	-5.51633	-5.51711	-5.51713	0.248462	0.250645	0.250449	0.250444	0.73619
1648	-15.8491	-13.9951	-13.7918	-13.7889	0.0433722	0.276931	0.339358	0.340339	0.909715
1649	-17.54	-13.9942	-13.6259	-13.6207	0.00734564	0.254657	0.368041	0.369956	0.945162
1650	-12.8502	-12.8552	-12.8595	-12.8596	0.251486	0.250236	0.249149	0.24913	0.733636
1651	-4.82313	-4.91266	-4.93713	-4.93752	0.270379	0.247223	0.241246	0.241152	0.71776
1652	-4.59876	-4.6497	-4.6634	-4.66362	0.261443	0.248458	0.245076	0.245023	0.725304
1653	-3.60797	-3.75154	-3.78971	-3.79031	0.283014	0.245163	0.235982	0.235841	0.70715
1654	-3.91293	-4.02847	-4.05936	-4.05985	0.276393	0.246234	0.238745	0.238628	0.712711
1655	-4.09042	-4.18485	-4.21007	-4.21047	0.271444	0.246985	0.240834	0.240738	0.716877
1656	-4.63393	-4.68817	-4.70362	-4.70386	0.262305	0.248456	0.244649	0.244589	0.724554
1657	-29.3413	-23.8881	-23.3002	-23.2919	0.000926975	0.216457	0.389676	0.39294	0.957798
1658	-3.65729	-3.7763	-3.8084	-3.80891	0.277248	0.246141	0.238366	0.238245	0.711984
1659	-12.4082	-10.6534	-10.4742	-10.4716	0.0484643	0.28022	0.335235	0.33608	0.904679
1660	-4.18301	-4.27988	-4.30577	-4.30617	0.272016	0.246899	0.240591	0.240493	0.716395
1661	-20.3721	-16.7812	-16.4012	-16.3958	0.00696252	0.252527	0.369261	0.37125	0.945889
1662	-3.7863	-3.93765	-3.97801	-3.97865	0.284891	0.244877	0.235191	0.235041	0.705571
1663	-4.18301	-4.27988	-4.30577	-4.30617	0.272016	0.246899	0.240591	0.240493	0.716395
1664	-3.47511	-3.65962	-3.70808	-3.70884	0.292803	0.243469	0.231952	0.231776	0.698949
1665	-23.0948	-23.1829	-23.2069	-23.2073	0.270034	0.247266	0.241396	0.241304	0.718051
1666	-3.96512	-4.10465	-4.14211	-4.14271	0.282099	0.245362	0.236339	0.2362	0.707909
1667	-23.5708	-21.6939	-21.4852	-21.4822	0.042272	0.276174	0.34027	0.341283	0.910812
1668	-16.8577	-15.1482	-14.9795	-14.9771	0.050956	0.281591	0.333333	0.33412	0.902259
1669	-3.79959	-3.97695	-4.02403	-4.02477	0.291137	0.24382	0.232608	0.232436	0.700334
1670	-3.60797	-3.75154	-3.78971	-3.79031	0.283014	0.245163	0.235982	0.235841	0.70715
1671	-4.05211	-4.1916	-4.22825	-4.22883	0.281984	0.245268	0.236442	0.236306	0.708027
1672	-4.35147	-4.41758	-4.43618	-4.43648	0.265019	0.248065	0.243494	0.243422	0.722266
1673	-18.5179	-14.9959	-14.6326	-14.6275	0.00754945	0.255565	0.367501	0.369385	0.944817
1674	-11.4953	-9.6504	-9.45129	-9.44847	0.0438728	0.277614	0.338779	0.339735	0.909154
1675	-4.57364	-4.64393	-4.66253	-4.66283	0.265833	0.247791	0.243223	0.243152	0.721608
1676	-3.87949	-4.02458	-4.06267	-4.06327	0.283313	0.245049	0.23589	0.235748	0.706912
1677	-4.18137	-4.20672	-4.21886	-4.21907	0.256332	0.249917	0.246901	0.24685	0.729479
1678	-4.59495	-4.63014	-4.64349	-4.64371	0.258368	0.249434	0.246126	0.246072	0.727798
1679	-4.41529	-4.50283	-4.52667	-4.52704	0.269902	0.24728	0.241454	0.241363	0.718163
1680	-16.9551	-15.277	-15.1176	-15.1154	0.0528269	0.282882	0.331779	0.332512	0.900393
1681	-44.4306	-35.3745	-34.4022	-34.3884	1.84487e-05	0.158107	0.418036	0.423839	0.969363
1682	-3.93639	-4.05098	-4.08152	-4.082	0.276156	0.246258	0.238851	0.238736	0.712913
1683	-4.63393	-4.68817	-4.70362	-4.70386	0.262305	0.248456	0.244649	0.244589	0.724554
1684	-2.96819	-3.18241	-3.23773	-3.2386	0.299944	0.242105	0.229075	0.228877	0.69299
1685	-9.97421	-10.1136	-10.1503	-10.1508	0.281965	0.245268	0.236451	0.236315	0.708043
1686	-20.8905	-17.3456	-16.9776	-16.9724	0.0073543	0.254705	0.368014	0.369927	0.945146
1687	-29.4957	-24.0546	-23.4699	-23.4616	0.000940638	0.217004	0.389407	0.392648	0.957685
1688	-4.58755	-4.66691	-4.68819	-4.68852	0.267957	0.247516	0.242304	0.242223	0.719811
1689	-14.7577	-12.8969	-12.6924	-12.6895	0.043055	0.276797	0.33958	0.340568	0.910016
1690	-4.24066	-4.28661	-4.29967	-4.29988	0.260398	0.248703	0.245475	0.245424	0.726167
1691	-3.75395	-3.86189	-3.89084	-3.8913	0.274618	0.246519	0.239486	0.239377	0.714202
1692	-13.5952	-11.8661	-11.6936	-11.6912	0.0498897	0.281159	0.334072	0.334879	0.903266
1693	-14.1157	-12.4863	-12.3387	-12.3367	0.0557496	0.284368	0.329607	0.330275	0.897577
1694	-4.54317	-4.5405	-4.54398	-4.54405	0.249939	0.250606	0.249736	0.249719	0.734913
1695	-4.59495	-4.63014	-4.64349	-4.64371	0.258368	0.249434	0.246126	0.246072	0.727798
1696	-4.63551	-4.73443	-4.76113	-4.76155	0.272528	0.246861	0.240356	0.240255	0.715957
1697	-4.18301	-4.27988	-4.30577	-4.30617	0.272016	0.246899	0.240591	0.240493	0.716395
1698	-3.47511	-3.65962	-3.70808	-3.70884	0.292803	0.243469	0.231952	0.231776	0.698949
1699	-4.90971	-4.91437	-4.91864	-4.91872	0.251415	0.250245	0.249179	0.24916	0.733695
1700	-4.18301	-4.27988	-4.30577	-4.30617	0.272016	0.246899	0.240591	0.240493	0.716395
1701	-4.63551	-4.73443	-4.76113	-4.76155	0.272528	0.246861	0.240356	0.240255	0.715957
1702	-22.0443	-18.4926	-18.1227	-18.1175	0.00729412	0.254359	0.368211	0.370136	0.945262
1703	-3.91293	-4.02847	-4.05936	-4.05985	0.276393	0.246234	0.238745	0.238628	0.712711
1704	-4.17462	-4.29691	-4.32981	-4.33033	0.278012	0.246012	0.23805	0.237926	0.711344
1705	-3.24835	-3.43198	-3.47966	-3.4804	0.292514	0.243442	0.232108	0.231935	0.699205
1706	-2.96819	-3.18241	-3.23773	-3.2386	0.299943	0.242105	0.229075	0.228877	0.69299
1707	-3.47511	-3.65962	-3.70808	-3.70884	0.292803	0.243469	0.231952	0.231776	0.698949
1708	-3.91293	-4.02847	-4.05936	-4.05985	0.276393	0.246234	0.238745	0.238628	0.712711
1709	-4.57319	-4.60121	-4.61281	-4.613	0.256772	0.249679	0.246799	0.24675	0.72914
1710	-4.92384	-4.93627	-4.94236	-4.94246	0.253111	0.249983	0.248466	0.24844	0.732269
1711	-3.32697	-3.49593	-3.54071	-3.54142	0.289094	0.244152	0.233459	0.233295	0.702049
1712	-4.82313	-4.91266	-4.93713	-4.93752	0.270378	0.247223	0.241246	0.241153	0.71776
1713	-3.93639	-4.05098	-4.08152	-4.082	0.276155	0.246258	0.238851	0.238736	0.712914
1714	-4.09042	-4.18485	-4.21007	-4.21047	0.271444	0.246985	0.240834	0.240738	0.716877
1715	-4.09042	-4.18485	-4.21007	-4.21047	0.271444	0.246985	0.240834	0.240738	0.716877
1716	-3.32697	-3.49593	-3.54071	-3.54142	0.289094	0.244152	0.233459	0.233295	0.702049
1717	-3.56184	-3.739	-3.78554	-3.78628	0.291022	0.243774	0.232687	0.232517	0.700442
1718	-3.75395	-3.86189	-3.89084	-3.89129	0.274618	0.246519	0.239486	0.239377	0.714202
1719	-3.7863	-3.93765	-3.97801	-3.97864	0.28489	0.244877	0.235191	0.235042	0.705571
1720	-3.47511	-3.65962	-3.70808	-3.70884	0.292803	0.243469	0.231952	0.231776	0.698949
1721	-3.65729	-3.7763	-3.8084	-3.80891	0.277248	0.246141	0.238366	0.238245	0.711985
1722	-4.90971	-4.91437	-4.91864	-4.91871	0.251415	0.250245	0.24918	0.249161	0.733695
1723	-3.24835	-3.43198	-3.47965	-3.4804	0.292514	0.243443	0.232108	0.231935	0.699205
1724	-3.79959	-3.97695	-4.02403	-4.02477	0.291136	0.24382	0.232608	0.232436	0.700334
1725	-3.32697	-3.49593	-3.54071	-3.54142	0.289094	0.244152	0.233459	0.233295	0.702049
1726	-10.434	-10.5313	-10.5573	-10.5577	0.272106	0.246886	0.240553	0.240455	0.716319
1727	-4.183	-4.27988	-4.30576	-4.30617	0.272016	0.2469	0.240591	0.240493	0.716396
1728	-12.2189	-12.3159	-12.3418	-12.3422	0.272031	0.246897	0.240585	0.240487	0.716383
1729	-10.9104	-9.18537	-9.01434	-9.01195	0.0501312	0.281368	0.333852	0.334649	0.903017
1730	-4.54317	-4.5405	-4.54398	-4.54405	0.249938	0.250606	0.249736	0.249719	0.734913
1731	-4.94929	-4.91658	-4.911	-4.91092	0.243226	0.251313	0.25272	0.25274	0.74062
1732	-4.59875	-4.64969	-4.6634	-4.66361	0.261442	0.248458	0.245076	0.245023	0.725304
1733	-14.5983	-12.8682	-12.6954	-12.693	0.0498329	0.2811	0.334129	0.334938	0.903326
1734	-3.65729	-3.7763	-3.8084	-3.80891	0.277248	0.246141	0.238366	0.238245	0.711985
1735	-4.0521	-4.1916	-4.22825	-4.22883	0.281983	0.245268	0.236442	0.236306	0.708027
1736	-3.6484	-3.81903	-3.86416	-3.86487	0.289485	0.244074	0.233303	0.233138	0.701723
1737	-11.869	-11.8638	-11.8656	-11.8656	0.249259	0.250551	0.2501	0.25009	0.735514
1738	-3.60797	-3.75154	-3.78971	-3.79031	0.283014	0.245163	0.235982	0.235841	0.70715
1739	-12.331	-12.4999	-12.5447	-12.5454	0.289085	0.244153	0.233463	0.233299	0.702056
1740	-4.54317	-4.5405	-4.54398	-4.54405	0.249938	0.250606	0.249736	0.249719	0.734913
1741	-3.7863	-3.93765	-3.97801	-3.97864	0.28489	0.244877	0.235191	0.235042	0.705571
1742	-2.96819	-3.18241	-3.23773	-3.2386	0.299943	0.242105	0.229075	0.228877	0.69299
1743	-9.74307	-9.79394	-9.80748	-9.80769	0.261407	0.248443	0.245101	0.245049	0.725337
1744	-2.96819	-3.18241	-3.23773	-3.2386	0.299943	0.242105	0.229075	0.228877	0.69299
1745	-4.76198	-4.84017	-4.86103	-4.86136	0.267674	0.247542	0.242432	0.242352	0.720053
1746	-4.09846	-4.21215	-4.24232	-4.24279	0.275927	0.246275	0.238956	0.238842	0.713109
1747	-16.4248	-14.5724	-14.3702	-14.3673	0.0434664	0.277119	0.33922	0.340195	0.909599
1748	-4.63551	-4.73442	-4.76113	-4.76155	0.272528	0.246861	0.240356	0.240255	0.715957
1749	-3.32697	-3.49593	-3.54071	-3.54142	0.289094	0.244152	0.233459	0.233295	0.702049
1750	-4.57364	-4.64392	-4.66253	-4.66282	0.265833	0.247791	0.243223	0.243152	0.721608
1751	-3.96392	-4.05778	-4.08347	-4.08387	0.271394	0.247079	0.240813	0.240715	0.716903
1752	-16.9385	-16.99	-17.0046	-17.0049	0.261685	0.248525	0.244924	0.244867	0.725081
1753	-7.59739	-7.80924	-7.86372	-7.86458	0.299329	0.242184	0.229342	0.229146	0.693511
1754	-4.59495	-4.63014	-4.64349	-4.64371	0.258367	0.249434	0.246126	0.246072	0.727798
1755	-12.5158	-12.5226	-12.5274	-12.5275	0.251878	0.250184	0.24898	0.248958	0.733304
1756	-3.47511	-3.65962	-3.70808	-3.70884	0.292803	0.243469	0.231952	0.231776	0.698949
1757	-22.1961	-18.644	-18.2739	-18.2687	0.00729024	0.254311	0.368236	0.370163	0.945274
1758	-4.90971	-4.91437	-4.91864	-4.91871	0.251415	0.250245	0.24918	0.249161	0.733695
1759	-8.24299	-8.38732	-8.4255	-8.4261	0.283171	0.245113	0.235929	0.235788	0.707023
1760	-9.46354	-9.53366	-9.55209	-9.55238	0.265777	0.247781	0.243256	0.243186	0.721659
1761	-4.18137	-4.20672	-4.21886	-4.21906	0.256332	0.249917	0.246901	0.24685	0.729479
1762	-4.69714	-4.76436	-4.78275	-4.78304	0.265207	0.247968	0.243448	0.243377	0.72212
1763	-3.91293	-4.02847	-4.05936	-4.05985	0.276393	0.246234	0.238745	0.238628	0.712711
1764	-10.5825	-8.88241	-8.71714	-8.71485	0.0515319	0.282103	0.3328	0.333566	0.901663
1765	-4.17462	-4.2969	-4.3298	-4.33032	0.278011	0.246012	0.23805	0.237926	0.711345
1766	-4.59495	-4.63014	-4.64349	-4.64371	0.258367	0.249434	0.246126	0.246072	0.727798
1767	-11.0088	-11.1205	-11.1507	-11.1512	0.275532	0.246423	0.23908	0.238966	0.713425
1768	-4.0521	-4.1916	-4.22825	-4.22883	0.281983	0.245268	0.236442	0.236306	0.708027
1769	-3.24835	-3.43198	-3.47965	-3.4804	0.292514	0.243443	0.232108	0.231935	0.699205
1774	-4.66306	-5.08216	-5.19273	-5.19446	0.352831	0.232035	0.207747	0.207387	0.648851
1775	-47.2665	-38.6102	-37.7414	-37.7292	3.00182e-05	0.172488	0.411224	0.416258	0.966697
1776	-9.43021	-10.084	-10.2572	-10.2599	0.417778	0.217273	0.182723	0.182226	0.595087
1777	-28.6861	-23.5833	-23.086	-23.079	0.00141191	0.232227	0.381854	0.384507	0.954464
1778	-20.2592	-17.1159	-16.8546	-16.8511	0.0118353	0.274364	0.356275	0.357526	0.937619
1779	-21.5632	-16.6425	-16.1949	-16.1887	0.00175929	0.241187	0.377365	0.379688	0.952508
1780	-4.0587	-4.86157	-5.07404	-5.07738	0.460533	0.206339	0.166842	0.166286	0.55992
1781	-10.3424	-9.06272	-9.00955	-9.00901	0.0820942	0.295166	0.311287	0.311453	0.87267
1782	-32.5829	-25.8907	-25.2591	-25.2504	0.000259577	0.209242	0.393524	0.396974	0.95971
1783	-25.4949	-22.1027	-21.7755	-21.771	0.00881878	0.262194	0.363666	0.365321	0.942489
1784	-60.4721	-48.3916	-47.1868	-47.1699	7.33456e-07	0.12938	0.431642	0.438977	0.974683
1785	-32.5257	-27.4591	-26.9719	-26.9651	0.00147531	0.234033	0.380953	0.383539	0.954076
1786	-30.742	-24.0542	-23.4232	-23.4145	0.000260859	0.209347	0.393472	0.396919	0.95969
1787	-13.9299	-12.6164	-12.5535	-12.5528	0.0790918	0.294176	0.313259	0.313474	0.875464
1788	-4.10225	-4.8406	-5.03578	-5.03885	0.441886	0.211178	0.173734	0.173202	0.575244
1789	-22.1171	-20.8647	-20.8179	-20.8175	0.0845092	0.295691	0.309832	0.309967	0.870472
1790	-29.9294	-25.1945	-24.7944	-24.789	0.00219531	0.249948	0.372919	0.374937	0.950511
1791	-28.2617	-25.2633	-25.0328	-25.0297	0.0139595	0.279939	0.352513	0.353588	0.934742
1792	-19.7645	-16.9096	-16.7226	-16.7203	0.0165808	0.28806	0.347273	0.348087	0.930962
1793	-26.8143	-25.6798	-25.6646	-25.6646	0.0959278	0.298315	0.302888	0.302869	0.860056
1807	-9.14519	-9.28708	-9.32549	-9.3261	0.282707	0.245309	0.236064	0.23592	0.70739
1808	-27.7559	-22.5278	-21.9994	-21.9919	0.00121612	0.226725	0.3846	0.387459	0.95565
1809	-32.7528	-25.7343	-25.0172	-25.0071	0.000174879	0.195358	0.400208	0.404259	0.962348
1821	-20.3329	-18.858	-18.7528	-18.7515	0.0662791	0.289686	0.3218	0.322235	0.887437
1822	-12.9678	-11.4975	-11.3936	-11.3922	0.0666143	0.289822	0.321568	0.321996	0.88712
1823	-7.99096	-8.38013	-8.48248	-8.48408	0.344824	0.233659	0.210928	0.210589	0.655514
