Sites	Ll_YN98.omega=0.118181	Ll_YN98.omega=0.800602	Ll_YN98.omega=0.99682	Ll_YN98.omega=0.999998	Ll_YN98.omega=2.56147	Pr_YN98.omega=0.118181	Pr_YN98.omega=0.800602	Pr_YN98.omega=0.99682	Pr_YN98.omega=0.999998	Pr_YN98.omega=2.56147	mean
527	-3.92591	-4.84294	-5.10464	-5.10887	-7.15819	0.490479	0.196046	0.150904	0.150267	0.0123043	0.547128
529	-55.6714	-48.087	-47.2686	-47.2569	-44.2026	1.39362e-05	0.0274151	0.062149	0.0628801	0.847542	2.31773
532	-3.79134	-3.93675	-3.97833	-3.979	-4.30589	0.256215	0.221541	0.212518	0.212375	0.0973506	0.881224
533	-33.9531	-28.3489	-27.7299	-27.721	-25.2019	0.00018863	0.0512235	0.0951217	0.0959744	0.757492	2.17212
534	-16.0294	-13.0498	-12.8529	-12.8504	-12.8571	0.0119281	0.234744	0.28585	0.286555	0.180923	1.22427
535	-20.396	-15.4425	-15.0087	-15.0028	-13.9282	0.00100947	0.143021	0.220689	0.222002	0.413279	1.61521
536	-24.5272	-21.2351	-20.9491	-20.9452	-20.2549	0.00688653	0.18524	0.246568	0.247532	0.313774	1.44616
537	-27.3823	-22.1367	-21.6203	-21.613	-19.9035	0.000511741	0.0970919	0.162721	0.163907	0.575768	1.87872
538	-35.3837	-30.4052	-29.9623	-29.9562	-28.777	0.000934247	0.135702	0.211325	0.212615	0.439423	1.65759
539	-14.3299	-13.1554	-13.1469	-13.1471	-13.8561	0.0848548	0.274635	0.276974	0.276912	0.0866244	1.00479
540	-18.9402	-15.7662	-15.514	-15.5106	-15.0892	0.00858887	0.205304	0.264201	0.265089	0.256817	1.35166
541	-16.3752	-16.8497	-16.9854	-16.9876	-18.0545	0.353839	0.220162	0.192235	0.191814	0.0419504	0.708971
542	-35.5513	-32.2674	-31.9838	-31.9799	-31.3127	0.00700638	0.186928	0.248215	0.249176	0.308674	1.43774
543	-10.6494	-9.57687	-9.59681	-9.59749	-10.5175	0.0963781	0.281679	0.276118	0.27593	0.0698945	0.967105
544	-18.2167	-14.9704	-14.6978	-14.6941	-14.1154	0.00753502	0.1936	0.254284	0.255222	0.289359	1.40577
545	-12.4138	-12.8769	-13.0081	-13.0102	-14.0214	0.34973	0.220087	0.193026	0.192618	0.0445391	0.716649
546	-20.1331	-16.9901	-16.746	-16.7428	-16.3723	0.00902958	0.209236	0.267091	0.267955	0.246689	1.33466
547	-36.4852	-30.3288	-29.6456	-29.6359	-27.0885	9.99149e-05	0.0471358	0.0933315	0.0942487	0.765184	2.18503
548	-39.3191	-30.4187	-29.5123	-29.4994	-26.2774	2.96672e-06	0.0217609	0.0538671	0.0545638	0.869805	2.35366
549	-25.9489	-22.9487	-22.7455	-22.7429	-22.6932	0.0115108	0.231248	0.283368	0.284096	0.189776	1.23917
550	-28.5458	-23.6223	-23.1975	-23.1918	-22.193	0.00108098	0.148613	0.22727	0.228589	0.394448	1.58461
551	-21.8954	-18.7093	-18.451	-18.4475	-17.9367	0.00824758	0.199529	0.258352	0.259249	0.274623	1.38093
552	-26.3668	-21.26	-20.7828	-20.7762	-19.3678	0.000716029	0.118249	0.190561	0.191829	0.498644	1.7538
553	-10.2456	-10.9844	-11.1955	-11.199	-12.8582	0.43544	0.208007	0.168413	0.167839	0.0203009	0.605708
554	-18.9885	-15.8831	-15.6487	-15.6457	-15.3349	0.00958119	0.213828	0.270305	0.271137	0.235148	1.31523
555	-11.0445	-10.0875	-10.1413	-10.1425	-11.3411	0.111009	0.289045	0.273916	0.273579	0.0524517	0.925505
556	-26.129	-22.946	-22.6913	-22.6879	-22.2474	0.00845393	0.203903	0.263057	0.263952	0.260634	1.35802
557	-9.97642	-8.75966	-8.73916	-8.73919	-9.35465	0.0803072	0.271137	0.276753	0.276745	0.0950579	1.02267
558	-32.4949	-29.3131	-29.0588	-29.0554	-28.621	0.00848078	0.204306	0.263446	0.26434	0.259428	1.35603
559	-4.65145	-5.11918	-5.25279	-5.25495	-6.3042	0.351724	0.220329	0.192773	0.192357	0.0428177	0.712155
560	-5.21525	-5.62023	-5.7361	-5.73797	-6.65076	0.332757	0.221946	0.197664	0.197294	0.050338	0.740285
561	-34.8084	-27.7543	-27.0485	-27.0385	-24.6172	4.38176e-05	0.0507219	0.102739	0.103768	0.742727	2.14927
562	-67.6332	-52.9385	-51.3577	-51.335	-45.14	2.66138e-10	0.000641104	0.00311509	0.00318654	0.993057	2.55049
563	-43.076	-35.3516	-34.4895	-34.4771	-31.1223	8.943e-06	0.0202378	0.0479247	0.0485225	0.883306	2.37506
564	-26.5141	-24.6844	-24.5099	-24.5075	-24.0863	0.034137	0.212731	0.253294	0.253903	0.245935	1.31069
565	-15.787	-14.6585	-14.6615	-14.6619	-15.4319	0.0896033	0.276965	0.276153	0.276042	0.0812366	0.99173
566	-10.5293	-11.002	-11.1373	-11.1395	-12.2058	0.353381	0.220257	0.192387	0.191966	0.0420088	0.709447
567	-32.7623	-25.7275	-25.0272	-25.0174	-22.6442	4.65325e-05	0.0528412	0.106432	0.107488	0.733193	2.13394
568	-85.6902	-67.7662	-65.6804	-65.6501	-56.9031	4.94878e-13	3.01139e-05	0.000242455	0.000249903	0.999478	2.56065
569	-8.36894	-7.29333	-7.31261	-7.31328	-8.23178	0.0960572	0.281618	0.276239	0.276054	0.0700321	0.967615
570	-9.14516	-8.16227	-8.20874	-8.20986	-9.35324	0.107675	0.287726	0.27466	0.274355	0.0555837	0.933596
571	-26.3634	-22.4252	-22.0236	-22.0179	-20.8032	0.00269302	0.13822	0.206544	0.20771	0.444833	1.664
572	-25.6835	-20.7579	-20.3322	-20.3264	-19.3164	0.00107299	0.147838	0.226288	0.227604	0.397197	1.58907
573	-12.6425	-11.5081	-11.5105	-11.5109	-12.2948	0.0891912	0.277322	0.276665	0.276555	0.0802666	0.990506
574	-12.8945	-11.612	-11.5724	-11.5721	-12.0323	0.0734491	0.264833	0.275537	0.275614	0.110566	1.05419
575	-4.37231	-5.20516	-5.44286	-5.4467	-7.30877	0.464499	0.201968	0.15924	0.158629	0.0156639	0.574076
576	-8.92087	-7.83315	-7.8488	-7.84942	-8.73671	0.0945832	0.280676	0.276317	0.276148	0.072276	0.972606
577	-21.6186	-18.467	-18.2213	-18.2181	-17.8482	0.00894309	0.209022	0.267242	0.268112	0.24668	1.33477
578	-13.9216	-12.6631	-12.6291	-12.6289	-13.1139	0.0755851	0.266072	0.275271	0.275324	0.107748	1.04766
579	-10.9929	-9.80153	-9.78823	-9.78838	-10.4597	0.0830132	0.273257	0.276916	0.276875	0.089939	1.01187
580	-10.2	-10.8812	-11.0754	-11.0786	-12.5976	0.417386	0.211202	0.173916	0.173371	0.0241244	0.626944
581	-23.0538	-20.0197	-19.8057	-19.803	-19.6533	0.0108232	0.224946	0.278609	0.279375	0.206247	1.26676
582	-5.0762	-5.51577	-5.64158	-5.64361	-6.63552	0.343275	0.221178	0.195031	0.194634	0.0458818	0.724213
583	-11.7945	-10.7723	-10.8073	-10.8083	-11.8575	0.102657	0.285318	0.275504	0.275249	0.0612725	0.947382
584	-33.2079	-26.1288	-25.4175	-25.4075	-22.9623	4.17604e-05	0.0495647	0.100948	0.101968	0.747478	2.15692
585	-34.1596	-27.2615	-26.5992	-26.5899	-24.494	6.72439e-05	0.0665927	0.129147	0.13035	0.673843	2.03844
586	-25.0958	-20.0404	-19.5763	-19.5699	-18.2393	0.000792174	0.124265	0.19765	0.198925	0.478368	1.72085
587	-12.5345	-13.2662	-13.4754	-13.4788	-15.1246	0.433271	0.208449	0.169096	0.168525	0.0206579	0.608087
588	-42.6904	-35.0654	-34.234	-34.2221	-31.0484	1.19278e-05	0.0244374	0.0561223	0.0567947	0.862634	2.34191
589	-51.7255	-40.2165	-38.9386	-38.9203	-33.8703	2.7079e-08	0.00269704	0.00967999	0.00985962	0.977763	2.52618
590	-13.9561	-14.7926	-15.0308	-15.0347	-16.8921	0.465446	0.20165	0.158906	0.158295	0.0157034	0.573367
591	-18.0901	-16.8212	-16.7859	-16.7857	-17.2866	0.0749213	0.266504	0.276079	0.276137	0.106358	1.04599
592	-14.0487	-12.7591	-12.7178	-12.7175	-13.1718	0.0728405	0.264507	0.275646	0.27573	0.111276	1.0559
593	-12.3114	-10.8967	-10.8199	-10.819	-10.9964	0.0610703	0.251318	0.271389	0.271629	0.144593	1.12095
594	-20.2677	-17.1259	-16.8822	-16.8789	-16.5109	0.00904767	0.209419	0.267226	0.268088	0.24622	1.33388
595	-3.36815	-4.21032	-4.44989	-4.45376	-6.31755	0.467123	0.201225	0.158357	0.157745	0.0155497	0.571735
596	-20.1795	-18.7871	-18.7165	-18.7158	-18.9414	0.0630585	0.253795	0.272341	0.272554	0.138252	1.1088
597	-3.84049	-4.7373	-4.9929	-4.99703	-6.99332	0.484149	0.197469	0.152931	0.152301	0.01315	0.55374
598	-32.571	-25.5532	-24.8571	-24.8473	-22.496	4.82906e-05	0.0539099	0.108134	0.1092	0.728708	2.12672
599	-36.0298	-30.5067	-29.9364	-29.9283	-27.9894	0.000321163	0.0804197	0.142246	0.143399	0.633614	1.9726
600	-32.8812	-27.7752	-27.2982	-27.2916	-25.8838	0.000717003	0.11831	0.190613	0.191881	0.498479	1.75353
601	-24.285	-19.3526	-18.9248	-18.919	-17.8895	0.00105566	0.146428	0.224596	0.225911	0.40201	1.59688
602	-67.7615	-53.1377	-51.5814	-51.5592	-45.6144	3.7546e-10	0.000842521	0.00399459	0.00408452	0.991078	2.54736
603	-10.22	-9.18765	-9.21934	-9.22021	-10.2362	0.101311	0.284437	0.275566	0.275326	0.0633594	0.952003
604	-28.4986	-23.365	-22.8798	-22.8731	-21.3942	0.000667824	0.113283	0.184025	0.185274	0.51675	1.78313
605	-42.3606	-33.4056	-32.4836	-32.4705	-29.1292	2.49124e-06	0.0192997	0.0485227	0.0491626	0.883013	2.37479
606	-19.5737	-18.2644	-18.2176	-18.2172	-18.6261	0.0708866	0.262525	0.275127	0.275236	0.116226	1.06575
607	-25.7521	-22.556	-22.2975	-22.294	-21.8231	0.00825348	0.201688	0.261185	0.262089	0.266784	1.36825
608	-64.4567	-51.6627	-50.2967	-50.2771	-44.9798	5.37687e-09	0.00193594	0.00758786	0.00773779	0.982738	2.53411
609	-40.9442	-33.8205	-33.0941	-33.0838	-30.492	3.52014e-05	0.043686	0.0903294	0.0912649	0.774685	2.20062
610	-38.4275	-35.2641	-35.0146	-35.0113	-34.6056	0.00873374	0.206562	0.265095	0.265974	0.253635	1.34631
611	-3.68718	-4.50242	-4.73467	-4.73842	-6.55087	0.458901	0.203078	0.16099	0.160387	0.0166431	0.580314
612	-21.2283	-17.5978	-17.249	-17.2442	-16.2973	0.0042735	0.161244	0.228548	0.229656	0.376279	1.5509
613	-12.9929	-13.6118	-13.7885	-13.7914	-15.1785	0.398208	0.214447	0.179703	0.17919	0.0284516	0.649947
614	-36.2616	-29.2747	-28.5881	-28.5784	-26.3066	5.32212e-05	0.0576036	0.114456	0.115566	0.712321	2.10037
615	-29.5855	-24.545	-24.0846	-24.0782	-22.7651	0.000813413	0.125707	0.199215	0.200488	0.473778	1.71337
616	-8.97962	-9.72634	-9.93889	-9.94232	-11.5979	0.437579	0.207376	0.167668	0.167093	0.0202835	0.603923
617	-9.51486	-8.32613	-8.31336	-8.31351	-8.98484	0.0832462	0.27329	0.276804	0.276762	0.0898986	1.01159
618	-28.0762	-22.7902	-22.2617	-22.2542	-20.4402	0.000457059	0.0902912	0.153164	0.154311	0.601777	1.92076
619	-3.36815	-4.21032	-4.44989	-4.45376	-6.31755	0.467123	0.201225	0.158357	0.157745	0.0155497	0.571735
629	-57.8779	-49.0113	-48.1139	-48.1011	-44.9375	3.25689e-06	0.0230956	0.0566601	0.0573847	0.862856	2.34254
630	-25.4229	-22.3822	-22.1659	-22.1631	-21.9869	0.0106755	0.223309	0.277242	0.278014	0.210759	1.27427
631	-52.0252	-41.169	-40.0315	-40.0153	-35.7651	1.29804e-07	0.00673061	0.0209925	0.0213359	0.950941	2.48346
632	-85.4608	-68.1982	-66.2657	-66.2378	-58.4027	2.78647e-12	8.75196e-05	0.000604482	0.00062157	0.998686	2.5594
633	-17.1052	-13.9369	-13.6858	-13.6824	-13.2601	0.00864348	0.205421	0.264066	0.264949	0.25692	1.35175
634	-47.0837	-41.9907	-41.5176	-41.511	-40.1345	0.00074022	0.120566	0.193508	0.194783	0.490403	1.74044
635	-18.719	-17.3516	-17.2878	-17.2871	-17.5586	0.0652548	0.256144	0.273022	0.273206	0.132373	1.09721
636	-30.9041	-25.8882	-25.4343	-25.428	-24.1574	0.000855243	0.128966	0.203058	0.204335	0.462786	1.69551
637	-17.639	-16.4264	-16.406	-16.406	-17.006	0.0805011	0.270668	0.276237	0.276229	0.096365	1.02463
638	-34.9253	-27.9319	-27.2434	-27.2338	-24.9515	5.23903e-05	0.0570745	0.113615	0.114721	0.714537	2.10394
639	-3.7198	-4.45052	-4.65879	-4.66216	-6.28951	0.432722	0.208383	0.169204	0.168635	0.0210571	0.609208
640	-42.2815	-35.1569	-34.4306	-34.4203	-31.8351	3.53536e-05	0.0439157	0.0907935	0.0917334	0.773522	2.19875
642	-27.4111	-22.4801	-22.0528	-22.0469	-21.0222	0.00105954	0.146764	0.225012	0.226327	0.400838	1.59498
643	-48.8092	-39.9232	-39.021	-39.0082	-35.8177	3.1063e-06	0.0224584	0.0553638	0.0560761	0.866099	2.34773
644	-32.9902	-27.9131	-27.445	-27.4385	-26.11	0.000773199	0.123948	0.197939	0.199226	0.478113	1.72053
645	-19.8815	-16.681	-16.4212	-16.4177	-15.9349	0.00818291	0.200836	0.26043	0.261338	0.269213	1.37228
646	-20.3687	-17.2022	-16.952	-16.9486	-16.5384	0.00869184	0.206195	0.264833	0.265715	0.254566	1.34787
647	-34.9839	-27.4307	-26.6239	-26.6124	-23.6668	1.5934e-05	0.0303818	0.0680756	0.0688631	0.832664	2.29389
648	-11.1107	-9.82686	-9.78717	-9.78689	-10.2515	0.0733906	0.264975	0.275702	0.275779	0.110153	1.05357
649	-29.044	-25.8948	-25.6494	-25.6462	-25.2741	0.00896174	0.208963	0.267072	0.267941	0.247062	1.33536
650	-5.36468	-5.99242	-6.17155	-6.17445	-7.57748	0.400875	0.213985	0.178892	0.178374	0.0278742	0.646788
651	-29.0759	-23.9281	-23.4394	-23.4326	-21.9342	0.000649731	0.111786	0.182243	0.18349	0.521831	1.79138
652	-10.5965	-9.40296	-9.38869	-9.38882	-10.0464	0.0827005	0.272794	0.276715	0.276679	0.0911115	1.01407
653	-52.5771	-47.5658	-47.1155	-47.1093	-45.905	0.000888299	0.133343	0.20918	0.210481	0.446107	1.66855
654	-50.7161	-38.2977	-36.9551	-36.9358	-31.7684	9.10546e-09	0.00225185	0.00862281	0.00879022	0.980335	2.53029
655	-48.8105	-41.5261	-40.757	-40.7461	-37.8652	2.28219e-05	0.0332628	0.0717706	0.072563	0.822381	2.27724
656	-20.1123	-16.7203	-16.4066	-16.4023	-15.5095	0.00569231	0.169204	0.231559	0.232568	0.360977	1.52416
657	-29.2563	-24.1856	-23.7177	-23.7112	-22.3574	0.000768908	0.122471	0.195538	0.19681	0.484413	1.73068
658	-18.2796	-15.0386	-14.7671	-14.7635	-14.1881	0.00758904	0.193961	0.254459	0.255394	0.288598	1.40446
659	-34.585	-27.5959	-26.9076	-26.8979	-24.5961	5.18922e-05	0.0562885	0.112038	0.113129	0.718492	2.11028
660	-21.3513	-20.0664	-20.0266	-20.0264	-20.4941	0.0733384	0.265072	0.27583	0.275908	0.109852	1.05313
661	-24.163	-19.1147	-18.6543	-18.6479	-17.3701	0.000820533	0.12781	0.202551	0.203843	0.464975	1.69919
662	-4.02561	-4.73311	-4.93498	-4.93825	-6.51932	0.4256	0.209768	0.171422	0.170863	0.022346	0.617217
663	-27.0565	-21.9008	-21.4099	-21.4031	-19.889	0.00063812	0.11065	0.180783	0.182027	0.525902	1.79798
664	-29.5094	-26.3737	-26.132	-26.1288	-25.7821	0.00916476	0.210842	0.268496	0.269353	0.242145	1.32713
665	-22.2917	-19.0936	-18.8345	-18.831	-18.3553	0.00822226	0.20134	0.260888	0.261795	0.267755	1.36986
666	-17.2061	-15.9169	-15.8758	-15.8755	-16.3326	0.0728965	0.264615	0.275707	0.275791	0.11099	1.05539
667	-57.9188	-46.3536	-45.0782	-45.0598	-40.0849	2.76112e-08	0.00290935	0.0104164	0.0106089	0.976065	2.52348
668	-12.3022	-10.9253	-10.8595	-10.8588	-11.1256	0.0645513	0.255791	0.273196	0.273388	0.133073	1.09899
669	-3.36815	-4.21032	-4.44989	-4.45376	-6.31755	0.467123	0.201225	0.158357	0.157745	0.0155497	0.571735
670	-18.5067	-15.3744	-15.1342	-15.1311	-14.8051	0.00925282	0.212138	0.269738	0.270592	0.23828	1.32075
671	-8.36894	-7.29333	-7.31261	-7.31328	-8.23178	0.0960572	0.281618	0.276239	0.276054	0.0700321	0.967615
672	-36.2587	-29.3038	-28.6257	-28.6162	-26.4052	5.78296e-05	0.0606224	0.119434	0.120576	0.69931	2.07943
673	-45.3682	-36.4245	-35.5052	-35.4922	-32.1593	2.54537e-06	0.0194964	0.0488885	0.0495313	0.882081	2.3733
674	-35.7394	-30.06	-29.4598	-29.4512	-27.3479	0.000239897	0.07024	0.128011	0.129107	0.672402	2.03531
675	-9.46142	-8.3797	-8.39682	-8.39746	-9.29153	0.0952332	0.280912	0.276144	0.275969	0.0717412	0.971151
676	-33.9038	-28.8299	-28.3619	-28.3554	-27.0141	0.000771051	0.123201	0.19673	0.19801	0.481288	1.72564
677	-9.97281	-8.75131	-8.72944	-8.72945	-9.33406	0.0798034	0.270717	0.276701	0.276699	0.0960795	1.02479
678	-41.1044	-34.1702	-33.4974	-33.4879	-31.3081	6.06322e-05	0.0622627	0.122016	0.123173	0.692488	2.06844
679	-29.2786	-24.1402	-23.6544	-23.6477	-22.1775	0.000667268	0.113733	0.184868	0.186124	0.514608	1.77969
680	-47.0152	-41.9365	-41.4672	-41.4607	-40.1091	0.000762665	0.122451	0.19579	0.197068	0.483929	1.72993
681	-8.36894	-7.29333	-7.31261	-7.31328	-8.23178	0.0960572	0.281618	0.276239	0.276054	0.0700321	0.967615
682	-48.9989	-41.876	-41.1506	-41.1403	-38.568	3.5801e-05	0.0443952	0.091703	0.0926509	0.771215	2.19505
683	-14.7743	-13.6041	-13.5964	-13.5967	-14.3046	0.0852268	0.274647	0.276772	0.276707	0.0866475	1.0045
684	-19.5733	-16.4847	-16.2565	-16.2536	-16.0161	0.00995403	0.218468	0.27445	0.275266	0.221861	1.29322
685	-38.8524	-31.8463	-31.1542	-31.1444	-28.8313	5.04204e-05	0.0556332	0.111148	0.112236	0.720933	2.11422
686	-40.8276	-37.5312	-37.2443	-37.2403	-36.5492	0.00684974	0.18505	0.246553	0.247521	0.314027	1.44662
687	-36.9803	-29.9753	-29.2825	-29.2727	-26.9378	4.9653e-05	0.0547205	0.109409	0.110482	0.725338	2.12129
688	-30.7883	-27.6753	-27.4393	-27.4362	-27.1241	0.00949375	0.213506	0.270326	0.271165	0.235509	1.31594
689	-20.5311	-17.2225	-16.9319	-16.9279	-16.205	0.00667953	0.182658	0.244263	0.245236	0.321164	1.4584
690	-31.1469	-26.0782	-25.6111	-25.6047	-24.2623	0.000775234	0.123242	0.196605	0.197882	0.481495	1.72596
691	-10.4909	-11.0322	-11.1853	-11.1878	-12.3681	0.373588	0.217428	0.186554	0.186094	0.036336	0.683353
692	-34.3032	-29.1171	-28.6173	-28.6103	-27.0234	0.000590571	0.105569	0.174022	0.175244	0.544575	1.82821
693	-46.8725	-43.6603	-43.3972	-43.3936	-42.8868	0.00801424	0.199033	0.258932	0.259848	0.274172	1.38053
694	-56.0253	-45.1569	-44.0163	-44	-39.7321	1.25682e-07	0.00659734	0.0206405	0.0209792	0.951783	2.4848
695	-23.0935	-19.8747	-19.6097	-19.6062	-19.0834	0.00791576	0.197866	0.25791	0.25883	0.277479	1.38602
696	-23.2136	-20.0573	-19.81	-19.8067	-19.421	0.00885543	0.207946	0.266286	0.26716	0.249752	1.33986
697	-11.7203	-10.433	-10.3925	-10.3922	-10.8551	0.0731032	0.264857	0.27579	0.275871	0.110379	1.0542
698	-16.3308	-13.1635	-12.913	-12.9097	-12.4967	0.00867733	0.206013	0.264668	0.26555	0.255092	1.34875
699	-45.4243	-40.3993	-39.9445	-39.9383	-38.69	0.00085567	0.130211	0.20518	0.206472	0.457281	1.68666
700	-45.6797	-35.0246	-33.9445	-33.9292	-30.1253	2.55668e-07	0.0108421	0.0319322	0.0324245	0.924801	2.44179
701	-46.0758	-37.1078	-36.1825	-36.1694	-32.8067	2.40532e-06	0.0188772	0.0476194	0.04825	0.885251	2.37837
702	-23.5039	-18.4652	-18.0073	-18.001	-16.7409	0.000837171	0.129156	0.204153	0.205447	0.460407	1.69177
703	-16.7898	-15.5338	-15.502	-15.5018	-16.0256	0.0761801	0.267492	0.276152	0.276195	0.10398	1.04097
704	-47.5308	-40.2179	-39.4726	-39.4621	-36.9706	3.08928e-05	0.0463273	0.0976113	0.0986435	0.757387	2.17306
705	-10.5434	-11.1541	-11.3287	-11.3315	-12.7028	0.395732	0.214863	0.180445	0.179936	0.0290242	0.652939
706	-58.2702	-47.4885	-46.3711	-46.3552	-42.2416	1.62417e-07	0.00781718	0.0238967	0.0242798	0.944006	2.4724
707	-28.0876	-22.8936	-22.3914	-22.3844	-20.7771	0.000578155	0.104178	0.172135	0.173351	0.549758	1.8366
708	-4.77252	-5.40817	-5.58945	-5.59238	-7.00978	0.403271	0.213568	0.178159	0.177638	0.0273633	0.643963
709	-28.2132	-23.0979	-22.6183	-22.6117	-21.1824	0.000701103	0.116767	0.188631	0.189894	0.504007	1.76249
710	-5.36468	-5.99242	-6.17155	-6.17445	-7.57748	0.400875	0.213985	0.178892	0.178374	0.0278742	0.646788
711	-35.6246	-28.4926	-27.7639	-27.7536	-25.1455	3.43968e-05	0.0430438	0.0892032	0.0901303	0.777588	2.20528
712	-27.0354	-21.9604	-21.4921	-21.4856	-20.1409	0.000768715	0.122964	0.196414	0.197693	0.48216	1.72706
713	-8.90537	-9.46091	-9.61915	-9.62171	-10.8547	0.378417	0.217121	0.185345	0.184872	0.034245	0.675894
714	-50.1672	-43.0435	-42.3175	-42.3072	-39.7253	3.54877e-05	0.044041	0.0910193	0.091961	0.772943	2.19782
715	-23.5329	-20.2823	-20.0076	-20.0039	-19.3941	0.00742221	0.191529	0.252093	0.253033	0.295923	1.41654
716	-13.44	-13.7391	-13.8246	-13.826	-14.498	0.30097	0.223162	0.204872	0.204589	0.0664059	0.79314
717	-4.82054	-5.51336	-5.711	-5.71419	-7.2607	0.421019	0.21058	0.172815	0.172264	0.0233214	0.622614
718	-11.682	-10.3654	-10.3165	-10.3161	-10.7109	0.0701901	0.261874	0.274999	0.275117	0.117821	1.06899
719	-37.4728	-30.6618	-30.0247	-30.0159	-28.1248	8.58238e-05	0.0779092	0.147321	0.148631	0.626053	1.96148
720	-33.7642	-28.2257	-27.6594	-27.6514	-25.7801	0.000331147	0.0842092	0.148362	0.149552	0.617545	1.94672
721	-36.8066	-29.7574	-29.053	-29.043	-26.6338	4.44885e-05	0.0512465	0.103658	0.104694	0.740357	2.14546
722	-22.5742	-19.2513	-18.9567	-18.9526	-18.1996	0.00649974	0.1803	0.242079	0.243059	0.328063	1.46981
723	-49.473	-39.9477	-38.9053	-38.8903	-34.8688	6.70809e-07	0.00919122	0.0260671	0.0264597	0.938281	2.46318
724	-21.3605	-16.2767	-15.8064	-15.7999	-14.4484	0.000758163	0.122348	0.195818	0.197099	0.483977	1.73003
725	-23.3005	-18.3568	-17.9259	-17.92	-16.8691	0.00103196	0.144779	0.222755	0.22407	0.407364	1.6056
726	-33.8137	-30.6233	-30.3662	-30.3627	-29.8972	0.00832091	0.202184	0.26148	0.26238	0.265635	1.3663
727	-17.4292	-14.4413	-14.2415	-14.239	-14.2172	0.011744	0.233051	0.284579	0.285294	0.185331	1.23166
728	-26.2197	-21.1342	-20.6629	-20.6563	-19.2896	0.000750556	0.121342	0.194393	0.195668	0.487846	1.73628
729	-40.633	-31.5263	-30.5606	-30.5468	-26.8529	1.49202e-06	0.013451	0.035333	0.0358245	0.91539	2.42656
730	-37.3397	-30.3215	-29.6258	-29.616	-27.2738	4.86068e-05	0.0542839	0.108846	0.109918	0.726904	2.12382
731	-18.7589	-15.725	-15.5121	-15.5094	-15.3863	0.0108945	0.226364	0.28005	0.280813	0.201878	1.25959
732	-37.8866	-28.7802	-27.817	-27.8032	-24.1632	1.57177e-06	0.0141656	0.0371151	0.0376294	0.911088	2.41969
733	-61.4329	-48.4997	-47.0959	-47.0757	-41.5117	3.46227e-09	0.00143286	0.0058326	0.00595144	0.986783	2.54053
734	-24.6687	-19.5944	-19.1266	-19.1202	-17.7874	0.000773997	0.123736	0.19753	0.198814	0.479147	1.72219
735	-28.4629	-23.3745	-22.9023	-22.8957	-21.5215	0.000745035	0.120803	0.193703	0.194977	0.489772	1.7394
736	-24.937	-19.7985	-19.3124	-19.3056	-17.8253	0.000663515	0.113097	0.183907	0.185158	0.517173	1.78383
737	-18.0197	-14.8817	-14.6399	-14.6367	-14.2981	0.00916186	0.211239	0.269026	0.269885	0.240688	1.32477
738	-29.8893	-22.9108	-22.2265	-22.2169	-19.9673	5.46434e-05	0.0586538	0.116267	0.11739	0.707634	2.09284
739	-50.9031	-40.0839	-38.9558	-38.9397	-34.7441	1.43206e-07	0.00715655	0.0221125	0.0224709	0.94826	2.47918
740	-60.5319	-45.7531	-44.1526	-44.1296	-37.8379	2.1786e-10	0.000570896	0.00282905	0.00289481	0.993705	2.55152
741	-22.2709	-19.0519	-18.7869	-18.7834	-18.2627	0.00791861	0.197982	0.258054	0.258974	0.277072	1.38536
742	-23.4848	-20.1339	-19.8304	-19.8262	-18.9927	0.00610715	0.174224	0.236001	0.236991	0.346676	1.50045
743	-23.6854	-20.5712	-20.3348	-20.3317	-20.0148	0.00946942	0.213202	0.270051	0.270891	0.236387	1.31739
744	-32.6298	-27.5197	-27.042	-27.0354	-25.6291	0.00071418	0.118325	0.190778	0.192048	0.498135	1.75299
745	-9.78478	-10.4355	-10.6213	-10.6243	-12.0799	0.408019	0.212849	0.176766	0.176236	0.0261291	0.637997
746	-67.4257	-52.8015	-51.2425	-51.2202	-45.2215	3.54749e-10	0.000796439	0.00378632	0.00387177	0.991545	2.5481
747	-21.6442	-18.5136	-18.2708	-18.2676	-17.8773	0.00910605	0.208404	0.265668	0.266523	0.250298	1.3404
748	-4.64402	-5.2262	-5.39258	-5.39527	-6.7029	0.386905	0.216156	0.183026	0.182534	0.0313795	0.664134
749	-11.2548	-10.2111	-10.2396	-10.2405	-11.2342	0.099937	0.283807	0.275816	0.275589	0.0648502	0.955667
750	-9.42068	-10.0704	-10.256	-10.259	-11.7157	0.407763	0.212928	0.176862	0.176332	0.0261158	0.638186
751	-5.21525	-5.62023	-5.7361	-5.73797	-6.65076	0.332757	0.221946	0.197664	0.197294	0.050338	0.740285
752	-27.2485	-21.0746	-20.4455	-20.4366	-18.422	0.000151048	0.0725089	0.136026	0.137234	0.65408	2.0063
753	-11.3589	-10.1362	-10.1137	-10.1137	-10.71	0.0796182	0.27042	0.276561	0.276561	0.0968393	1.0262
754	-26.9353	-23.6945	-23.4232	-23.4195	-22.8482	0.00760063	0.194213	0.254747	0.255682	0.287758	1.40309
755	-37.2597	-29.3104	-28.4524	-28.4402	-25.309	8.71364e-06	0.0246907	0.0582333	0.05895	0.858117	2.33481
756	-14.29	-13.0445	-13.0158	-13.0157	-13.5662	0.0772946	0.268569	0.276393	0.276421	0.101322	1.03562
757	-8.40608	-9.14235	-9.35218	-9.35558	-10.9947	0.434435	0.208051	0.16867	0.168099	0.0207435	0.607275
758	-33.3963	-26.476	-25.8075	-25.7981	-23.654	6.32771e-05	0.06407	0.125028	0.126205	0.684634	2.05581
759	-14.6173	-15.242	-15.42	-15.4229	-16.8147	0.399841	0.214092	0.179173	0.178658	0.0282358	0.648242
760	-7.17287	-7.88398	-8.08611	-8.08938	-9.66013	0.426425	0.209416	0.171091	0.170533	0.0225341	0.616855
761	-17.5361	-14.3449	-14.0877	-14.0843	-13.6226	0.00832301	0.202389	0.261746	0.262647	0.264895	1.3651
762	-11.0064	-9.65386	-9.5945	-9.5939	-9.9033	0.066701	0.257941	0.273717	0.273881	0.127759	1.08837
763	-3.68718	-4.50242	-4.73467	-4.73842	-6.55087	0.458901	0.203078	0.16099	0.160387	0.0166431	0.580314
764	-37.2886	-28.4633	-27.5785	-27.566	-24.5175	3.79297e-06	0.025808	0.0625168	0.0633032	0.848368	2.31935
765	-17.2704	-14.1509	-13.9143	-13.9112	-13.6121	0.00945755	0.214067	0.271215	0.272058	0.233202	1.31225
766	-31.7315	-24.8685	-24.2151	-24.206	-22.1633	7.27761e-05	0.0695917	0.133754	0.134981	0.6616	2.0187
767	-3.36815	-4.21032	-4.44989	-4.45376	-6.31756	0.467123	0.201225	0.158357	0.157745	0.0155496	0.571735
768	-52.6963	-39.8436	-38.4691	-38.4494	-33.1797	5.16535e-09	0.00197215	0.00779621	0.00795114	0.98228	2.53338
769	-3.93346	-4.8941	-5.16835	-5.17279	-7.32205	0.503894	0.192813	0.146565	0.145917	0.0108116	0.533626
770	-4.9285	-5.66776	-5.87915	-5.88257	-7.54542	0.435626	0.207998	0.168365	0.16779	0.0202209	0.605421
771	-4.53956	-5.36016	-5.59438	-5.59816	-7.43298	0.460707	0.20279	0.160445	0.159838	0.0162193	0.578119
772	-9.86363	-10.544	-10.738	-10.7412	-12.2585	0.417133	0.211247	0.173994	0.173449	0.0241774	0.627241
773	-8.27236	-8.99953	-9.20669	-9.21004	-10.8265	0.431578	0.20857	0.169544	0.168977	0.0213315	0.610607
774	-4.64402	-5.2262	-5.39258	-5.39527	-6.7029	0.386905	0.216156	0.183026	0.182534	0.0313795	0.664134
775	-12.0672	-10.8342	-10.8089	-10.8089	-11.3849	0.078566	0.269606	0.276506	0.27652	0.0988022	1.03036
776	-18.9232	-19.6476	-19.854	-19.8573	-21.4668	0.43071	0.208729	0.169806	0.169241	0.0215137	0.611624
777	-61.5276	-52.4377	-51.4791	-51.4654	-47.8556	1.64999e-06	0.014628	0.0381506	0.0386764	0.908543	2.41562
778	-16.7867	-13.7249	-13.5038	-13.5009	-13.3074	0.0103764	0.221712	0.276583	0.277374	0.213954	1.27984
779	-29.6266	-22.4783	-21.7459	-21.7355	-19.1125	3.33294e-05	0.0423927	0.0881818	0.0891033	0.780289	2.20963
780	-18.0549	-14.9146	-14.6723	-14.6691	-14.3315	0.00913886	0.211222	0.269121	0.269982	0.240537	1.32456
781	-12.3111	-13.042	-13.2499	-13.2533	-14.8712	0.432611	0.208305	0.169198	0.168631	0.0212554	0.609631
782	-19.5462	-18.4295	-18.4372	-18.4376	-19.2678	0.0912754	0.278831	0.276694	0.27656	0.0766391	0.982703
783	-15.8074	-12.67	-12.428	-12.4248	-12.0791	0.00914984	0.210847	0.268574	0.269433	0.241996	1.3269
784	-12.8133	-13.5468	-13.7551	-13.7585	-15.3758	0.433309	0.208102	0.168959	0.168392	0.0212385	0.60903
785	-4.66283	-5.32395	-5.51266	-5.51571	-6.99508	0.411244	0.212314	0.175801	0.175265	0.0253755	0.634086
786	-28.5611	-23.3357	-22.8249	-22.8177	-21.1502	0.000537577	0.0999588	0.166585	0.167784	0.565135	1.86151
787	-13.1125	-12.0555	-12.0794	-12.0801	-13.0231	0.0981297	0.282392	0.275736	0.275531	0.0682119	0.962793
788	-23.0198	-17.958	-17.4935	-17.4871	-16.1749	0.000793715	0.125318	0.1994	0.200686	0.473802	1.71351
789	-45.4445	-34.787	-33.7056	-33.6903	-29.8703	2.50957e-07	0.0106686	0.0314574	0.031943	0.925931	2.44359
790	-12.6043	-13.0409	-13.1648	-13.1668	-14.1288	0.341851	0.220916	0.195157	0.194766	0.0473103	0.727752
791	-8.22031	-8.9518	-9.1601	-9.16347	-10.788	0.43289	0.208303	0.169134	0.168566	0.0211073	0.609155
792	-32.2825	-25.2992	-24.613	-24.6033	-22.3294	5.33523e-05	0.0575417	0.114284	0.115392	0.712729	2.10102
793	-22.6674	-17.696	-17.2569	-17.2509	-16.1297	0.000967987	0.139611	0.216581	0.217889	0.424951	1.63417
794	-8.74446	-9.47439	-9.68251	-9.68588	-11.3132	0.432504	0.208443	0.169277	0.168709	0.0210665	0.609402
795	-27.1181	-22.0868	-21.6309	-21.6246	-20.3744	0.000848692	0.129957	0.205038	0.206332	0.457824	1.68756
796	-34.4026	-28.3244	-27.6865	-27.6774	-25.5169	0.000149475	0.0652064	0.123409	0.124527	0.686708	2.05875
797	-24.5044	-19.4343	-18.9705	-18.9641	-17.6918	0.00080256	0.127757	0.203152	0.204458	0.463831	1.69743
798	-15.2432	-12.1589	-11.9323	-11.9293	-11.7081	0.0100445	0.219496	0.27533	0.276142	0.218987	1.28844
799	-17.5159	-16.3451	-16.3375	-16.3378	-17.0516	0.0852317	0.274828	0.276912	0.276846	0.0861814	1.00373
800	-32.546	-29.3995	-29.1546	-29.1514	-28.778	0.00898633	0.208963	0.26695	0.267816	0.247285	1.33569
801	-53.7863	-41.0719	-39.7305	-39.7114	-34.6342	7.4077e-09	0.00246309	0.00941985	0.0096021	0.978515	2.5274
802	-18.7008	-17.1081	-17.0011	-16.9998	-17.1096	0.0500271	0.245979	0.273754	0.274114	0.156125	1.14975
803	-4.67023	-5.21879	-5.37501	-5.37754	-6.59609	0.376278	0.217405	0.185963	0.185494	0.0348593	0.67868
804	-14.4184	-11.4244	-11.2237	-11.2211	-11.2031	0.0116733	0.233047	0.284865	0.285584	0.184831	1.23094
805	-4.45034	-5.07557	-5.25378	-5.25666	-6.64967	0.400017	0.214064	0.179121	0.178606	0.0281917	0.648024
806	-23.2627	-19.4277	-19.0333	-19.0277	-17.7895	0.00297226	0.137595	0.204123	0.205258	0.450052	1.67204
807	-3.68718	-4.50242	-4.73467	-4.73842	-6.55087	0.458901	0.203078	0.16099	0.160387	0.0166431	0.580314
808	-35.2998	-28.253	-27.5487	-27.5388	-25.123	4.43833e-05	0.0510056	0.103153	0.104184	0.741613	2.14747
809	-35.2236	-26.4121	-25.5314	-25.519	-22.5061	3.97942e-06	0.0267072	0.0644292	0.0652352	0.843624	2.31176
810	-29.7048	-22.7726	-22.1006	-22.0912	-19.9219	6.12544e-05	0.0627687	0.122907	0.12407	0.690193	2.06475
811	-10.7093	-9.41309	-9.37016	-9.36983	-9.81394	0.0722319	0.264037	0.275618	0.27571	0.112404	1.05829
812	-8.44868	-8.91799	-9.05216	-9.05433	-10.1095	0.35226	0.220315	0.192652	0.192235	0.042538	0.711249
813	-6.89252	-7.60467	-7.80683	-7.81009	-9.37725	0.42665	0.209309	0.170998	0.170441	0.022603	0.616786
814	-16.3064	-16.931	-17.1092	-17.1121	-18.506	0.399886	0.214129	0.179164	0.178648	0.0281741	0.648099
815	-17.0103	-17.8871	-18.1369	-18.1409	-20.0888	0.477944	0.198866	0.154916	0.154292	0.0139827	0.560227
816	-3.68718	-4.50242	-4.73467	-4.73842	-6.55087	0.458901	0.203078	0.16099	0.160387	0.0166431	0.580314
817	-54.0466	-43.2537	-42.1338	-42.1178	-37.9972	1.59141e-07	0.00774649	0.0237398	0.0241213	0.944392	2.47302
818	-23.5678	-22.2759	-22.2341	-22.2338	-22.6847	0.0726335	0.264355	0.27564	0.275727	0.111646	1.05669
819	-42.0049	-34.8431	-34.1077	-34.0973	-31.4612	3.24524e-05	0.0418388	0.0872897	0.0882059	0.782633	2.21341
820	-11.2967	-11.9671	-12.1585	-12.1616	-13.6593	0.414112	0.211808	0.174916	0.174375	0.0247887	0.630744
821	-34.1202	-30.9066	-30.6433	-30.6397	-30.1328	0.00800141	0.198982	0.25894	0.259857	0.27422	1.38063
822	-3.68718	-4.50242	-4.73467	-4.73842	-6.55087	0.458901	0.203078	0.16099	0.160387	0.0166431	0.580314
823	-4.77252	-5.45423	-5.64862	-5.65176	-7.17201	0.417547	0.211174	0.173868	0.173322	0.024089	0.626752
824	-12.4011	-11.1074	-11.0653	-11.065	-11.5178	0.072514	0.264395	0.27576	0.275848	0.111482	1.05654
825	-28.5107	-23.3468	-22.8537	-22.8469	-21.3181	0.000626767	0.109581	0.179426	0.180667	0.529699	1.80413
826	-29.4633	-26.4447	-26.2346	-26.2319	-26.1045	0.011074	0.226605	0.279585	0.280336	0.2024	1.2602
827	-16.7139	-13.4611	-13.1867	-13.183	-12.5924	0.00744941	0.192669	0.253503	0.254447	0.291931	1.41005
828	-38.0271	-31.0797	-30.4037	-30.3942	-28.1984	5.89974e-05	0.0613882	0.12069	0.12184	0.696023	2.07414
829	-18.0009	-14.8826	-14.6459	-14.6428	-14.3358	0.00944999	0.21365	0.270713	0.271555	0.234633	1.31458
830	-9.19487	-9.90286	-10.1048	-10.108	-11.6878	0.425716	0.209722	0.171376	0.170818	0.0223683	0.61716
831	-22.5096	-19.3401	-19.0892	-19.0859	-18.6743	0.00865834	0.206025	0.264788	0.265672	0.254857	1.34839
832	-14.2076	-14.8946	-15.0906	-15.0938	-16.6274	0.419227	0.210899	0.173362	0.172813	0.0236986	0.624718
833	-25.117	-20.2128	-19.7927	-19.787	-18.8112	0.00111646	0.150555	0.229164	0.230477	0.388687	1.57519
834	-23.8586	-18.9519	-18.5317	-18.526	-17.56	0.00111781	0.151117	0.230038	0.231356	0.38637	1.57146
835	-16.0046	-14.8274	-14.8151	-14.8152	-15.4489	0.0838696	0.272162	0.275541	0.2755	0.0929279	1.016
836	-23.0306	-19.9164	-19.6757	-19.6725	-19.2571	0.00921184	0.207405	0.263832	0.264675	0.254877	1.34766
837	-42.4522	-31.687	-30.5759	-30.5601	-26.5233	1.78644e-07	0.0084579	0.0256919	0.026101	0.939749	2.46562
838	-21.1938	-17.3517	-16.9757	-16.9705	-15.9523	0.00329069	0.153424	0.223444	0.224612	0.395229	1.58293
839	-10.7973	-9.57838	-9.5571	-9.55712	-10.1642	0.0800419	0.270831	0.276654	0.27665	0.095823	1.02416
840	-3.7198	-4.45052	-4.65879	-4.66216	-6.28951	0.432722	0.208382	0.169204	0.168635	0.021057	0.609208
841	-3.68718	-4.50242	-4.73467	-4.73842	-6.55087	0.458901	0.203078	0.16099	0.160387	0.0166431	0.580314
842	-8.62804	-9.32018	-9.51732	-9.52051	-11.0587	0.420696	0.21056	0.172884	0.172334	0.023525	0.62322
843	-24.5059	-20.5919	-20.1671	-20.1611	-18.649	0.00234171	0.117314	0.17941	0.180499	0.520436	1.78662
844	-39.2512	-32.1909	-31.4799	-31.4699	-28.9648	4.06887e-05	0.047395	0.096493	0.0974688	0.758602	2.17474
845	-14.7771	-13.602	-13.5928	-13.593	-14.2889	0.08467	0.274216	0.276741	0.276682	0.0876912	1.00671
846	-22.5789	-17.6022	-17.1619	-17.1559	-16.0301	0.000959986	0.13919	0.216186	0.217495	0.42617	1.63616
847	-50.8506	-40.08	-38.9668	-38.9509	-34.8871	1.72843e-07	0.00822761	0.0250473	0.0254471	0.941278	2.46806
848	-12.4337	-11.1531	-11.114	-11.1137	-11.5766	0.0736251	0.264961	0.275535	0.27561	0.110268	1.05355
849	-18.4296	-15.3389	-15.1098	-15.1068	-14.8536	0.00989109	0.217531	0.273555	0.274373	0.22465	1.29782
850	-30.4429	-25.3056	-24.8201	-24.8133	-23.3386	0.000666621	0.113493	0.184423	0.185675	0.515741	1.78151
851	-9.05808	-9.6715	-9.84659	-9.84943	-11.2218	0.396467	0.214686	0.180202	0.179692	0.0289531	0.652216
852	-11.43	-12.1114	-12.3056	-12.3088	-13.8282	0.417432	0.211194	0.173903	0.173357	0.0241141	0.626889
853	-10.8535	-11.4356	-11.6016	-11.6043	-12.902	0.386707	0.21606	0.183017	0.182527	0.0316893	0.664812
854	-14.4435	-13.1557	-13.1149	-13.1146	-13.5652	0.0729521	0.264445	0.275457	0.27554	0.111606	1.05633
855	-11.6543	-10.4721	-10.461	-10.4612	-11.1422	0.0839139	0.273671	0.27673	0.276681	0.0890044	1.00953
856	-34.6741	-29.6343	-29.1761	-29.1698	-27.9058	0.00083458	0.128884	0.203796	0.205089	0.461396	1.69337
857	-25.3389	-20.3051	-19.8489	-19.8426	-18.601	0.000849652	0.130446	0.205845	0.207144	0.455714	1.68417
858	-13.5559	-12.2668	-12.2255	-12.2252	-12.6742	0.0728264	0.264324	0.275485	0.27557	0.111795	1.05676
859	-21.3867	-21.9607	-22.1248	-22.1275	-23.4187	0.38442	0.21653	0.183755	0.183268	0.0320265	0.66726
860	-38.198	-29.1787	-28.2389	-28.2255	-24.7514	2.03922e-06	0.0168461	0.0431175	0.0436987	0.896336	2.3961
861	-8.40608	-9.14235	-9.35218	-9.35558	-10.9947	0.434435	0.208051	0.16867	0.168099	0.0207435	0.607275
862	-39.1506	-35.9547	-35.6956	-35.6922	-35.2024	0.00820974	0.20058	0.259897	0.260801	0.270512	1.37434
863	-4.96159	-5.43549	-5.57097	-5.57316	-6.63877	0.353662	0.22018	0.192282	0.191862	0.0420145	0.709223
864	-51.6585	-38.9646	-37.6294	-37.6103	-32.5855	8.00862e-09	0.0026087	0.0099155	0.0101063	0.977369	2.52558
865	-9.1664	-7.9756	-7.96233	-7.96248	-8.63199	0.0830485	0.273206	0.276854	0.276813	0.0900791	1.01206
866	-10.3405	-9.25416	-9.26991	-9.27052	-10.1528	0.0946742	0.280555	0.27617	0.276001	0.0725997	0.973056
867	-17.7187	-14.6156	-14.3831	-14.3801	-14.1045	0.00969584	0.215892	0.272398	0.273227	0.228787	1.30478
868	-20.6706	-17.4593	-17.1967	-17.1931	-16.6915	0.00803593	0.199384	0.259275	0.26019	0.273115	1.37879
869	-15.6681	-12.7011	-12.5077	-12.5053	-12.5394	0.0121702	0.236504	0.286965	0.287656	0.176705	1.21712
872	-20.4725	-19.2146	-19.1806	-19.1804	-19.6626	0.0756053	0.265977	0.275174	0.275228	0.108015	1.04808
873	-21.9129	-16.9392	-16.5001	-16.4941	-15.384	0.000970278	0.140268	0.217597	0.218911	0.422254	1.62982
874	-33.6026	-26.6908	-26.025	-26.0157	-23.8986	6.51699e-05	0.0654332	0.127342	0.128535	0.678625	2.04614
875	-14.5153	-15.2424	-15.4496	-15.4529	-17.0693	0.431557	0.208574	0.169551	0.168984	0.0213336	0.610628
876	-10.8361	-9.64927	-9.63717	-9.63733	-10.3162	0.0834839	0.273551	0.276882	0.276836	0.0892462	1.01031
877	-14.9623	-15.5872	-15.7653	-15.7682	-17.1606	0.399927	0.214078	0.179148	0.178633	0.0282141	0.648135
878	-30.8414	-23.9731	-23.3196	-23.3105	-21.2902	7.34577e-05	0.0706176	0.13574	0.136984	0.656584	2.01066
879	-26.8732	-23.7849	-23.5568	-23.5538	-23.315	0.00995488	0.218403	0.274364	0.275179	0.222099	1.2936
880	-26.2396	-21.0263	-20.5187	-20.5116	-18.863	0.000551559	0.101321	0.16832	0.169523	0.560284	1.85364
881	-13.8529	-12.7733	-12.7907	-12.7913	-13.6853	0.0954305	0.280911	0.276053	0.275876	0.0717291	0.970959
882	-31.3461	-27.7808	-27.4583	-27.4539	-26.7481	0.00506864	0.179178	0.247386	0.248476	0.319892	1.45852
883	-23.9097	-18.8553	-18.3924	-18.386	-17.077	0.000801974	0.12568	0.199661	0.200944	0.472914	1.71204
884	-16.0347	-14.7484	-14.7082	-14.7079	-15.1725	0.0731987	0.264934	0.275797	0.275877	0.110194	1.05381
885	-37.7943	-28.8525	-27.9373	-27.9244	-24.6699	2.74321e-06	0.0209702	0.0523688	0.0530531	0.873605	2.35976
886	-3.93346	-4.8941	-5.16835	-5.17279	-7.32205	0.503894	0.192813	0.146565	0.145917	0.0108116	0.533626
887	-10.9506	-9.85007	-9.86246	-9.86302	-10.7318	0.0931706	0.280059	0.27661	0.276455	0.0737061	0.976207
888	-8.28177	-8.96311	-9.15762	-9.16077	-10.6855	0.41752	0.21124	0.1739	0.173354	0.0239863	0.626603
889	-15.9407	-12.6899	-12.416	-12.4123	-11.8248	0.00747462	0.192914	0.253697	0.254639	0.291276	1.40895
890	-12.955	-13.5195	-13.681	-13.6836	-14.9545	0.381504	0.216942	0.184599	0.184117	0.0328367	0.67101
891	-21.8263	-16.8114	-16.3597	-16.3535	-15.1319	0.00087725	0.132151	0.207601	0.208897	0.450473	1.67561
892	-14.8831	-11.6944	-11.4382	-11.4348	-10.9857	0.00837802	0.203221	0.262562	0.263461	0.262378	1.36095
893	-29.2487	-22.2795	-21.5969	-21.5873	-19.3337	5.5084e-05	0.0585796	0.115928	0.117046	0.708391	2.09403
894	-9.35186	-9.99556	-10.1794	-10.1824	-11.6259	0.4059	0.213237	0.177421	0.176894	0.0265463	0.640437
895	-7.77999	-8.58907	-8.81897	-8.82269	-10.6073	0.456789	0.203394	0.161618	0.161019	0.0171804	0.582951
896	-28.4788	-23.5945	-23.1807	-23.1751	-22.2582	0.00117104	0.154801	0.234151	0.235468	0.374409	1.55198
897	-8.95648	-9.6978	-9.90912	-9.91254	-11.5638	0.43602	0.207756	0.168182	0.167608	0.020434	0.605455
898	-24.139	-20.929	-20.6664	-20.6629	-20.1582	0.00803976	0.199228	0.259057	0.259971	0.273705	1.37974
899	-10.1553	-10.7996	-10.9837	-10.9867	-12.4343	0.406118	0.213235	0.177371	0.176844	0.026432	0.640067
900	-15.7176	-14.602	-14.609	-14.6094	-15.4165	0.091164	0.278166	0.276247	0.276118	0.0783058	0.985538
901	-28.817	-21.9499	-21.2971	-21.2879	-19.278	7.40933e-05	0.0711443	0.136664	0.137915	0.654202	2.00683
902	-8.6084	-9.22824	-9.40529	-9.40816	-10.7983	0.39851	0.214411	0.17962	0.179107	0.028352	0.649532
903	-4.15528	-4.99639	-5.23642	-5.2403	-7.12024	0.467048	0.201405	0.158426	0.157813	0.0153073	0.571386
904	-20.4928	-17.3697	-17.1314	-17.1282	-16.8044	0.00935574	0.212539	0.269741	0.270588	0.237776	1.31979
905	-9.33604	-9.9526	-10.1287	-10.1315	-11.5133	0.397482	0.214558	0.179917	0.179405	0.0286378	0.650855
906	-34.7492	-33.4536	-33.4092	-33.4089	-33.8174	0.0719085	0.262701	0.274618	0.274717	0.116055	1.06455
907	-9.53972	-10.1537	-10.329	-10.3318	-11.7082	0.396674	0.214687	0.180158	0.179648	0.0288335	0.651847
908	-26.3682	-23.2586	-23.0244	-23.0214	-22.735	0.00959754	0.215088	0.271842	0.272676	0.230797	1.30817
909	-5.82435	-6.46168	-6.644	-6.64695	-8.08237	0.404035	0.213613	0.178012	0.177488	0.0268518	0.642482
910	-9.49408	-10.2316	-10.4423	-10.4457	-12.099	0.435007	0.208059	0.168536	0.167963	0.020435	0.606289
911	-20.1559	-16.1885	-15.7556	-15.7495	-14.2104	0.00217342	0.114851	0.177068	0.178163	0.527745	1.79868
912	-10.5293	-11.002	-11.1373	-11.1395	-12.2058	0.353381	0.220257	0.192387	0.191966	0.0420088	0.709446
913	-18.4422	-16.5041	-16.3435	-16.3414	-16.2193	0.0331768	0.230423	0.270558	0.271125	0.194717	1.22798
914	-12.125	-11.0335	-11.0477	-11.0483	-11.918	0.0940508	0.280157	0.276211	0.276049	0.0735317	0.97514
915	-14.5566	-11.4471	-11.2133	-11.2102	-10.9318	0.00961816	0.215543	0.272325	0.27316	0.229354	1.3058
916	-18.8263	-15.8461	-15.6481	-15.6456	-15.6293	0.0118622	0.233566	0.284721	0.28543	0.18442	1.23003
917	-28.7232	-23.5368	-23.0351	-23.028	-21.3986	0.000575733	0.102954	0.170036	0.171236	0.555199	1.84535
918	-14.9737	-13.8205	-13.8159	-13.8162	-14.5218	0.0867144	0.274747	0.276003	0.275926	0.0866094	1.00311
919	-9.87421	-8.51627	-8.45535	-8.45473	-8.75187	0.0661891	0.257356	0.273519	0.27369	0.129245	1.09126
920	-25.3697	-20.4175	-19.9842	-19.9782	-18.9075	0.00101283	0.143306	0.221029	0.222342	0.41231	1.61364
921	-5.21525	-5.62023	-5.7361	-5.73797	-6.65076	0.332757	0.221946	0.197664	0.197294	0.050338	0.740285
922	-15.0968	-13.8933	-13.8739	-13.8739	-14.459	0.0811111	0.270254	0.275542	0.275532	0.0975613	1.02605
923	-21.657	-18.4278	-18.1599	-18.1563	-17.6136	0.00777208	0.19633	0.256638	0.257566	0.281694	1.39304
924	-9.19698	-8.09211	-8.10304	-8.10358	-8.9568	0.0926147	0.279588	0.276548	0.2764	0.0748498	0.978577
925	-23.2756	-18.3654	-17.9454	-17.9397	-16.9923	0.00112205	0.152229	0.231686	0.233012	0.381951	1.56432
926	-9.37598	-10.1959	-10.4297	-10.4335	-12.2626	0.460426	0.202813	0.160523	0.159918	0.0163201	0.578519
927	-4.92029	-5.68501	-5.90357	-5.9071	-7.62457	0.44349	0.206428	0.165902	0.165316	0.0188639	0.596689
928	-13.5007	-14.2326	-14.4411	-14.4445	-16.0735	0.433062	0.20831	0.169094	0.168525	0.0210098	0.608849
929	-22.0939	-22.8347	-23.0454	-23.0488	-24.6883	0.435668	0.207715	0.168252	0.16768	0.0206843	0.606164
930	-24.4148	-19.2221	-18.7208	-18.7138	-17.1211	0.000584067	0.105098	0.173506	0.174729	0.546083	1.83067
931	-16.5978	-15.3713	-15.348	-15.348	-15.9427	0.0792875	0.270322	0.276676	0.27668	0.0970347	1.02682
932	-9.98025	-8.76664	-8.74705	-8.74709	-9.36987	0.0806444	0.271417	0.276787	0.276775	0.0943759	1.02125
933	-25.046	-20.0908	-19.6554	-19.6495	-18.5425	0.000992958	0.140902	0.217776	0.219078	0.421252	1.62811
934	-3.2901	-4.00307	-4.20622	-4.20951	-5.79524	0.427183	0.2094	0.170902	0.170341	0.0221741	0.615629
935	-44.5041	-37.4185	-36.7034	-36.6933	-34.1959	3.97462e-05	0.0474812	0.0970727	0.09806	0.757346	2.17276
937	-4.02168	-4.7583	-4.9686	-4.972	-6.62039	0.434678	0.208094	0.168627	0.168054	0.0205478	0.606748
938	-34.8351	-33.3791	-33.2906	-33.2895	-33.3767	0.0574815	0.246514	0.269325	0.269613	0.157066	1.14455
939	-31.7274	-26.5537	-26.0565	-26.0495	-24.4682	0.000601147	0.106145	0.174511	0.17573	0.543013	1.82565
940	-24.9521	-21.8318	-21.5933	-21.5901	-21.2475	0.00933852	0.211542	0.268539	0.269384	0.241195	1.32535
941	-31.6386	-26.4194	-25.9104	-25.9032	-24.246	0.000544916	0.100692	0.167525	0.168726	0.562512	1.85725
942	-45.0526	-36.1321	-35.2195	-35.2065	-31.927	2.74832e-06	0.0205669	0.0512311	0.051899	0.8763	2.36405
943	-47.9845	-40.3518	-39.5074	-39.4952	-36.195	1.04659e-05	0.0216088	0.0502745	0.0508884	0.877218	2.36527
944	-22.145	-16.9671	-16.4699	-16.4629	-14.8993	0.000604407	0.107166	0.176197	0.177427	0.538606	1.81855
945	-22.1529	-18.8973	-18.6213	-18.6176	-18.0021	0.00736492	0.191023	0.251729	0.252673	0.297211	1.4187
946	-28.1353	-22.4744	-21.8932	-21.885	-19.988	0.00028441	0.0817364	0.146172	0.147375	0.624432	1.95802
947	-33.4215	-26.3636	-25.6558	-25.6458	-23.1974	4.26947e-05	0.0496146	0.100693	0.101705	0.747944	2.15764
973	-54.5224	-43.4278	-42.2227	-42.2053	-37.4303	5.76542e-08	0.00379449	0.0126634	0.0128847	0.970657	2.51486
974	-41.9767	-34.7373	-33.9793	-33.9685	-31.1502	2.53996e-05	0.0353907	0.0755233	0.076344	0.812717	2.26171
1006	-26.2878	-22.9446	-22.6439	-22.6398	-21.8361	0.00623163	0.176419	0.238299	0.239287	0.339763	1.4891
1007	-15.3636	-14.041	-13.9904	-13.99	-14.3701	0.0696058	0.261218	0.274786	0.274912	0.119479	1.07222
1008	-27.7471	-24.3664	-24.0556	-24.0513	-23.1754	0.00580574	0.170633	0.232847	0.233851	0.356864	1.51735
1009	-31.7441	-26.6243	-26.1434	-26.1367	-24.6979	0.0006938	0.116075	0.187751	0.189012	0.506468	1.76648
1010	-28.1551	-22.9218	-22.4085	-22.4013	-20.7092	0.000524734	0.0983463	0.164312	0.165502	0.571314	1.87149
1011	-48.2497	-37.2715	-36.0992	-36.0824	-31.5588	8.53828e-08	0.00500209	0.0161545	0.016428	0.962415	2.50173
1012	-11.3303	-9.97128	-9.91023	-9.90961	-10.2079	0.066125	0.257389	0.273591	0.273763	0.129132	1.09113
1013	-43.2869	-34.3473	-33.4287	-33.4156	-30.0839	2.56011e-06	0.0195286	0.0489341	0.049577	0.881958	2.3731
1014	-42.9936	-35.9259	-35.215	-35.2049	-32.722	4.10752e-05	0.048197	0.0981267	0.0991184	0.754517	2.1682
1015	-14.2487	-12.8008	-12.7144	-12.7134	-12.8122	0.0581101	0.247205	0.269522	0.269802	0.15536	1.1412
1016	-15.2494	-13.9399	-13.8924	-13.8919	-14.2869	0.0707248	0.261985	0.274738	0.274851	0.117701	1.06831
1017	-15.3062	-13.9316	-13.8663	-13.8656	-14.1337	0.0647242	0.255886	0.273156	0.273346	0.132888	1.09853
1018	-46.3541	-37.3596	-36.4269	-36.4136	-32.9937	2.20972e-06	0.0178074	0.0452582	0.0458631	0.891069	2.38768
1019	-19.8393	-16.6332	-16.3717	-16.3682	-15.8718	0.00809685	0.199852	0.259578	0.26049	0.271984	1.37688
1020	-27.6193	-22.4143	-21.9092	-21.9021	-20.2755	0.000564292	0.102803	0.170359	0.171569	0.554704	1.84462
1021	-34.538	-29.2334	-28.7003	-28.6927	-26.8533	0.000439879	0.0885357	0.150885	0.152026	0.608113	1.93103
1022	-24.3281	-19.1304	-18.627	-18.62	-17.0006	0.000571592	0.103374	0.171011	0.172222	0.552822	1.84155
1023	-34.8786	-27.7333	-27.0015	-26.9911	-24.3684	3.34594e-05	0.0424284	0.0882037	0.0891247	0.78021	2.2095
1024	-18.4507	-15.2446	-14.9836	-14.9801	-14.4933	0.00812124	0.200434	0.260229	0.261141	0.270075	1.37376
1025	-20.0443	-16.8032	-16.5318	-16.5281	-15.9564	0.00759606	0.19418	0.254724	0.25566	0.28784	1.40322
1026	-29.2336	-23.9798	-23.4609	-23.4536	-21.7196	0.000499263	0.0955018	0.160469	0.161646	0.581884	1.8886
1027	-57.2054	-44.8974	-43.514	-43.494	-37.9101	6.47609e-09	0.00143416	0.00572022	0.00583543	0.98701	2.54088
1028	-21.8335	-20.4804	-20.4209	-20.4203	-20.7256	0.0666228	0.257785	0.273601	0.273766	0.128225	1.0892
1029	-22.648	-17.4064	-16.891	-16.8838	-15.1799	0.000515919	0.0975003	0.163239	0.164427	0.574318	1.87636
1030	-18.602	-15.1669	-14.8403	-14.8358	-13.8334	0.00517802	0.160695	0.222763	0.223781	0.387582	1.56788
1031	-10.2892	-9.15155	-9.15393	-9.15433	-9.95339	0.0890385	0.277738	0.277078	0.276967	0.0791775	0.988855
1032	-29.4268	-26.1379	-25.8531	-25.8492	-25.1731	0.0069452	0.186224	0.247607	0.24857	0.310653	1.44103
1033	-4.72987	-5.3149	-5.482	-5.4847	-6.79561	0.387734	0.216002	0.182763	0.18227	0.0312316	0.663204
1034	-41.6544	-30.6625	-29.4872	-29.4703	-24.9374	8.32122e-08	0.00494242	0.016009	0.0162808	0.962768	2.5023
1035	-15.7561	-14.3673	-14.2978	-14.2971	-14.532	0.0634006	0.254252	0.272536	0.272744	0.137067	1.10655
1036	-33.1265	-26.0061	-25.2813	-25.271	-22.7016	3.59911e-05	0.0445199	0.0919043	0.0928534	0.770686	2.1942
1037	-24.8472	-19.5913	-19.072	-19.0646	-17.3296	0.000497721	0.0954066	0.160379	0.161556	0.582161	1.88905
1089	-41.2266	-32.2703	-31.3485	-31.3354	-28.0025	2.50718e-06	0.0194476	0.0488881	0.0495326	0.882129	2.37338
1109	-17.6265	-14.3889	-14.1184	-14.1147	-13.5458	0.0076345	0.194459	0.25488	0.255812	0.287215	1.40216
1110	-18.8078	-15.5684	-15.2978	-15.2942	-14.7343	0.00764024	0.194972	0.255546	0.25648	0.285362	1.39916
1111	-49.6213	-38.6309	-37.4555	-37.4387	-32.8988	8.27823e-08	0.00490919	0.0159023	0.0161723	0.963016	2.50269
1112	-42.2949	-33.1683	-32.1979	-32.184	-28.4677	1.42617e-06	0.0131162	0.0346149	0.0350988	0.917169	2.4294
1113	-9.36323	-7.96965	-7.89853	-7.89774	-8.11419	0.0628869	0.253387	0.272064	0.272279	0.139383	1.1108
1122	-11.8694	-10.3786	-10.2776	-10.2764	-10.228	0.053897	0.239353	0.264773	0.265112	0.176866	1.18008
1169	-16.6087	-13.0422	-12.6792	-12.6741	-11.4021	0.00393073	0.139123	0.200001	0.201032	0.455913	1.68005
1170	-10.234	-8.76195	-8.66794	-8.66678	-8.69528	0.0558671	0.243466	0.267466	0.267777	0.165423	1.15964
1171	-9.46904	-7.99849	-7.90519	-7.90404	-7.94325	0.0560707	0.243999	0.267861	0.268169	0.1639	1.15698
1172	-19.6834	-16.205	-15.8656	-15.8608	-14.7485	0.0046944	0.152129	0.21361	0.214631	0.414936	1.61276
1173	-31.0147	-25.611	-25.0488	-25.0408	-22.9595	0.000332395	0.0738643	0.129597	0.130639	0.665567	2.02383
1200	-44.7643	-34.9054	-33.7721	-33.7557	-29.0611	2.30576e-07	0.00441052	0.0136984	0.0139251	0.967966	2.51053
1201	-12.8829	-11.5021	-11.433	-11.4322	-11.6386	0.0636439	0.253181	0.271288	0.271495	0.140392	1.11175
1202	-34.1493	-26.1035	-25.2258	-25.2133	-21.938	6.8484e-06	0.0213716	0.0514083	0.0520572	0.875156	2.3621
1203	-3.537	-3.82663	-3.90919	-3.91052	-4.55647	0.298026	0.223086	0.205408	0.205134	0.0683451	0.798777
1204	-12.2537	-10.5857	-10.4369	-10.4349	-10.0534	0.041055	0.217669	0.252586	0.253102	0.235587	1.28745
1205	-47.2309	-37.7742	-36.7097	-36.6943	-32.2462	4.68651e-07	0.00599578	0.0173829	0.0176527	0.958968	2.49615
1206	-19.1155	-15.4784	-15.0945	-15.089	-13.6424	0.00330898	0.125684	0.184504	0.185519	0.500984	1.7537
1207	-14.9394	-13.158	-12.9793	-12.9768	-12.3891	0.0341329	0.20268	0.242324	0.242935	0.277929	1.36269
1208	-11.5802	-9.96071	-9.8256	-9.82378	-9.54643	0.044483	0.224653	0.257153	0.257622	0.216089	1.25258
1209	-27.2385	-21.682	-21.077	-21.0683	-18.6637	0.000218399	0.0565425	0.103548	0.104452	0.735239	2.13626
1210	-3.54212	-3.68846	-3.72991	-3.73058	-4.0516	0.256228	0.221346	0.212359	0.212217	0.09785	0.882032
1211	-4.57868	-4.62054	-4.63261	-4.63281	-4.72969	0.227254	0.217939	0.215323	0.215281	0.124203	0.9494
1212	-3.3219	-3.5848	-3.6594	-3.6606	-4.23954	0.289942	0.222912	0.206888	0.206639	0.0736185	0.81417
1213	-3.38153	-3.64761	-3.72376	-3.72499	-4.32426	0.291249	0.223207	0.20684	0.206586	0.0721176	0.810615
1214	-28.7949	-23.2571	-22.6566	-22.6479	-20.2692	0.000227737	0.0578762	0.10551	0.106424	0.729962	2.12774
1215	-19.7282	-16.0126	-15.6083	-15.6024	-14.0185	0.00279821	0.11496	0.172248	0.173251	0.536743	1.81217
1216	-24.4591	-19.0949	-18.5443	-18.5365	-16.5525	0.000372525	0.0795793	0.138016	0.1391	0.642932	1.98728
1217	-4.80386	-5.27147	-5.40511	-5.40727	-6.45704	0.35171	0.220347	0.192781	0.192365	0.0427975	0.712132
1218	-8.62	-8.90564	-8.98744	-8.98877	-9.63324	0.297054	0.223248	0.205711	0.205439	0.0685475	0.799917
1219	-4.60166	-4.70361	-4.73558	-4.7361	-5.02274	0.245754	0.221933	0.214951	0.214838	0.102524	0.898441
1276	-23.3805	-21.6112	-21.4338	-21.4313	-20.8281	0.0344167	0.201909	0.241114	0.241719	0.280842	1.36715
1277	-11.1015	-9.36657	-9.19878	-9.19643	-8.66698	0.0365691	0.207295	0.245166	0.245743	0.265227	1.33978
1278	-12.3675	-10.744	-10.6077	-10.6058	-10.3194	0.0441819	0.224056	0.25677	0.257244	0.217748	1.25555
1279	-4.20411	-4.40772	-4.46599	-4.46693	-4.92634	0.273002	0.222711	0.210105	0.209907	0.0842763	0.84578
1280	-13.4076	-11.6344	-11.458	-11.4556	-10.8857	0.0346358	0.203981	0.243329	0.243934	0.27412	1.35604
1281	-34.4311	-30.8709	-30.508	-30.5029	-29.2057	0.00391054	0.137522	0.197697	0.198718	0.462152	1.69014
1282	-12.8776	-11.0751	-10.8892	-10.8866	-10.2311	0.0326194	0.197833	0.238244	0.238873	0.292431	1.38765
1283	-34.8356	-29.2597	-28.6496	-28.6408	-26.2022	0.000207857	0.0548721	0.101006	0.101896	0.742018	2.14719
1340	-11.6254	-9.89394	-9.72717	-9.72484	-9.20382	0.0368024	0.207894	0.245622	0.246196	0.263485	1.33674
1341	-29.9095	-24.481	-23.912	-23.9039	-21.7731	0.000311668	0.070997	0.125422	0.126445	0.676824	2.04201
1342	-30.7418	-25.2254	-24.6329	-24.6244	-22.3307	0.00024927	0.0620043	0.112141	0.113098	0.712508	2.09962
1343	-22.1068	-18.6127	-18.2693	-18.2645	-17.1305	0.00456454	0.150266	0.211832	0.212857	0.420481	1.62191
1344	-43.5782	-34.263	-33.2388	-33.2241	-29.0901	7.58257e-07	0.008421	0.0234504	0.0237989	0.944329	2.47279
1345	-41.07	-33.6468	-32.8362	-32.8246	-29.593	1.41691e-05	0.0237252	0.0533636	0.0539894	0.868908	2.35186
1346	-14.4495	-10.9346	-10.5853	-10.5804	-9.40154	0.00436401	0.146684	0.208009	0.209036	0.431908	1.64065
1347	-16.9906	-15.3398	-15.1958	-15.1938	-14.8487	0.0422443	0.220143	0.25423	0.25473	0.228653	1.27508
1348	-18.3485	-14.8326	-14.4827	-14.4778	-13.2894	0.00433945	0.146006	0.207168	0.208192	0.434294	1.64454
1349	-17.8514	-14.1492	-13.7629	-13.7574	-12.4302	0.00327979	0.132947	0.195638	0.196713	0.471422	1.70609
1350	-29.1626	-23.7161	-23.1418	-23.1336	-20.9587	0.000295569	0.0685528	0.121739	0.122742	0.686671	2.0579
1351	-15.1346	-13.5367	-13.4063	-13.4046	-13.1421	0.0457123	0.225932	0.257402	0.257853	0.213101	1.24657
1352	-13.8713	-12.1976	-12.0468	-12.0448	-11.6401	0.0405493	0.216201	0.251376	0.251898	0.239976	1.29505
1353	-16.7368	-15.2045	-15.0933	-15.0919	-14.9843	0.0508926	0.23557	0.263268	0.263647	0.186623	1.19872
1354	-18.4037	-14.8612	-14.5035	-14.4985	-13.245	0.00407884	0.140929	0.201528	0.202551	0.450913	1.67175
1355	-13.54	-11.976	-11.8569	-11.8553	-11.7035	0.04869	0.232615	0.262054	0.262465	0.194176	1.21305
1356	-14.3935	-10.9728	-10.65	-10.6455	-9.66944	0.00532316	0.162845	0.224877	0.225891	0.381064	1.55714
1357	-15.3927	-11.8733	-11.5235	-11.5186	-10.3464	0.004355	0.147049	0.208631	0.209662	0.430304	1.63808
1358	-15.7524	-14.2096	-14.0961	-14.0946	-13.9809	0.0502443	0.235024	0.263281	0.26367	0.187781	1.20121
1505	-21.2554	-17.5717	-17.1765	-17.1708	-15.6583	0.00302411	0.12034	0.178671	0.179685	0.518279	1.78205
1506	-17.8323	-15.8298	-15.6175	-15.6146	-14.9591	0.0263162	0.194932	0.241035	0.241757	0.295961	1.39929
1507	-18.2152	-14.7166	-14.3714	-14.3666	-13.2124	0.00449836	0.148759	0.21008	0.211103	0.42556	1.6302
1566	-14.3923	-12.5355	-12.3323	-12.3294	-11.5144	0.0290537	0.18605	0.227963	0.22863	0.328304	1.44919
1567	-13.1562	-11.4097	-11.2369	-11.2345	-10.6431	0.0354262	0.203151	0.241459	0.242048	0.277916	1.36144
1568	-4.3267	-4.37666	-4.39169	-4.39194	-4.52074	0.229955	0.218747	0.215483	0.21543	0.120385	0.940895
1569	-12.0726	-10.1698	-9.95787	-9.95481	-9.1182	0.0273962	0.183683	0.227034	0.227728	0.334158	1.46027
1570	-4.57415	-4.61348	-4.62483	-4.62501	-4.71612	0.226555	0.217818	0.21536	0.215321	0.124945	0.9512
1571	-31.279	-25.6858	-25.0691	-25.0602	-22.5497	0.000192358	0.0516694	0.0957274	0.0965822	0.755829	2.16943
1572	-12.9847	-11.1548	-10.9595	-10.9568	-10.2062	0.0306373	0.190972	0.232154	0.232804	0.313432	1.42358
1573	-32.2023	-26.5751	-25.9494	-25.9403	-23.3666	0.000175667	0.0488159	0.0912621	0.0920902	0.767656	2.18849
1574	-9.66052	-9.70443	-9.71774	-9.71795	-9.8328	0.228277	0.21847	0.215582	0.215536	0.122135	0.945164
1575	-20.003	-16.3114	-15.9115	-15.9058	-14.3261	0.00288415	0.115675	0.172549	0.173543	0.535348	1.80977
1576	-3.3101	-3.44734	-3.48656	-3.4872	-3.79438	0.253851	0.221298	0.212785	0.21265	0.0994163	0.886581
1577	-4.18378	-4.27431	-4.30021	-4.30062	-4.50476	0.24071	0.219876	0.214255	0.214165	0.110993	0.916525
1578	-4.86129	-4.9162	-4.9322	-4.93246	-5.06326	0.231012	0.218668	0.215197	0.215141	0.119983	0.939353
1579	-22.5358	-18.847	-18.4475	-18.4418	-16.8612	0.00289163	0.115655	0.172454	0.173447	0.535552	1.81009
1580	-33.415	-27.8077	-27.1878	-27.1788	-24.6525	0.000186823	0.0508954	0.0945993	0.0954487	0.75887	2.17434
1581	-10.6541	-10.7669	-10.7994	-10.7999	-11.0592	0.247124	0.220783	0.213721	0.213608	0.104764	0.900962
1582	-20.9741	-17.1628	-16.7315	-16.7253	-14.9339	0.00220873	0.0998526	0.153694	0.154656	0.589588	1.89828
1583	-11.5646	-9.72886	-9.53203	-9.52921	-8.76809	0.0303275	0.190138	0.231499	0.232153	0.315882	1.42785
1584	-13.1927	-11.3522	-11.1539	-11.1511	-10.3776	0.0300339	0.189209	0.230698	0.231355	0.318705	1.4327
1585	-4.58624	-4.611	-4.62124	-4.62142	-4.73856	0.224599	0.219106	0.216872	0.216834	0.12259	0.948986
1586	-3.9535	-4.06627	-4.09882	-4.09935	-4.35939	0.24716	0.220802	0.21373	0.213618	0.104689	0.900811
1587	-21.1785	-17.4175	-16.9978	-16.9917	-15.259	0.00242829	0.104401	0.158848	0.159815	0.574507	1.87361
1588	-2.94749	-3.12306	-3.17208	-3.17287	-3.54257	0.26409	0.221566	0.210966	0.210799	0.0925789	0.866829
1589	-10.0812	-8.30517	-8.12517	-8.12262	-7.48904	0.033832	0.199822	0.239233	0.239844	0.287269	1.37812
1590	-4.16509	-4.24424	-4.26698	-4.26735	-4.44817	0.237601	0.21952	0.214584	0.214504	0.113791	0.923705
1591	-3.79124	-3.9361	-3.97752	-3.97819	-4.30383	0.256058	0.221526	0.212538	0.212396	0.0974824	0.881571
1592	-4.16509	-4.24424	-4.26698	-4.26735	-4.44817	0.237601	0.21952	0.214584	0.214504	0.113791	0.923705
1593	-4.57869	-4.62054	-4.63261	-4.63281	-4.7297	0.227254	0.217939	0.215323	0.215281	0.124202	0.9494
1594	-23.7917	-22.0166	-21.8364	-21.8339	-21.1946	0.0338022	0.199471	0.23884	0.23945	0.288437	1.38004
1595	-20.0516	-16.2998	-15.8833	-15.8773	-14.1768	0.0025034	0.106638	0.161735	0.16271	0.566414	1.86045
1596	-3.63007	-3.727	-3.7551	-3.75556	-3.98127	0.242746	0.22032	0.214216	0.214118	0.1086	0.910904
1597	-3.3101	-3.44734	-3.48656	-3.4872	-3.79438	0.253851	0.221298	0.212785	0.21265	0.0994162	0.886581
1598	-11.2904	-11.3284	-11.34	-11.3401	-11.4399	0.226602	0.218136	0.215636	0.215596	0.12403	0.949666
1599	-4.62407	-4.70536	-4.7289	-4.72928	-4.91855	0.238321	0.219714	0.214603	0.214521	0.112842	0.921549
1600	-10.5676	-10.6586	-10.6847	-10.6852	-10.8933	0.240931	0.219982	0.2143	0.214209	0.110577	0.915659
1601	-4.07568	-4.15392	-4.17637	-4.17674	-4.35465	0.237319	0.219459	0.214587	0.214509	0.114125	0.924487
1602	-10.5281	-8.73113	-8.5452	-8.54255	-7.86402	0.0325696	0.196446	0.236587	0.237214	0.297184	1.3954
1603	-4.79592	-4.8397	-4.85294	-4.85315	-4.96696	0.228216	0.21844	0.215568	0.215522	0.122255	0.94541
1604	-26.0693	-20.4834	-19.8687	-19.8599	-17.3634	0.000196229	0.0523208	0.0967435	0.0976042	0.753135	2.16508
1605	-3.59465	-3.71089	-3.74419	-3.74473	-4.00694	0.247962	0.220752	0.213521	0.213406	0.104359	0.899599
1606	-4.02393	-4.09712	-4.11824	-4.11858	-4.28702	0.235976	0.219322	0.21474	0.214666	0.115295	0.927526
1607	-3.23176	-3.38162	-3.42367	-3.42434	-3.744	0.256945	0.221186	0.212079	0.211936	0.0978545	0.881439
1608	-2.94749	-3.12306	-3.17208	-3.17287	-3.54257	0.26409	0.221566	0.210966	0.210799	0.0925789	0.866829
1609	-3.79124	-3.9361	-3.97752	-3.97819	-4.30383	0.256058	0.221526	0.212538	0.212396	0.0974824	0.881571
1610	-4.62407	-4.70536	-4.7289	-4.72928	-4.91855	0.238321	0.219714	0.214603	0.214521	0.112842	0.921549
1611	-4.15978	-4.26018	-4.28916	-4.28963	-4.52146	0.243662	0.220386	0.21409	0.213989	0.107873	0.908948
1612	-4.40592	-4.4767	-4.49741	-4.49775	-4.66718	0.235517	0.219424	0.214925	0.214853	0.115281	0.927888
1613	-3.63007	-3.727	-3.7551	-3.75556	-3.98127	0.242746	0.22032	0.214216	0.214118	0.1086	0.910904
1614	-4.16509	-4.24424	-4.26698	-4.26735	-4.44817	0.237601	0.21952	0.214584	0.214504	0.113791	0.923705
1615	-3.94072	-4.01653	-4.0388	-4.03916	-4.22276	0.237011	0.219706	0.214867	0.21479	0.113626	0.923931
1616	-10.7197	-10.8132	-10.84	-10.8404	-11.0529	0.24159	0.220033	0.214209	0.214116	0.110051	0.914247
1617	-3.59465	-3.71089	-3.74419	-3.74473	-4.00694	0.247962	0.220752	0.213521	0.213406	0.104359	0.899599
1618	-12.5981	-10.8349	-10.6581	-10.6556	-10.0425	0.0345375	0.201408	0.240356	0.240957	0.282741	1.37011
1619	-3.3101	-3.44734	-3.48656	-3.4872	-3.79438	0.253851	0.221298	0.212785	0.21265	0.0994163	0.886581
1620	-13.2368	-11.4129	-11.2191	-11.2164	-10.4755	0.0309448	0.19174	0.232735	0.233381	0.3112	1.41967
1621	-13.7222	-11.8816	-11.6836	-11.6808	-10.9135	0.0300978	0.189624	0.231139	0.231796	0.317343	1.43044
1622	-4.94002	-4.9099	-4.90374	-4.90365	-4.88543	0.209386	0.21579	0.217123	0.217143	0.140558	0.991118
1623	-4.16509	-4.24424	-4.26698	-4.26735	-4.44817	0.237601	0.21952	0.214584	0.214504	0.113791	0.923705
1624	-3.23176	-3.38162	-3.42367	-3.42434	-3.744	0.256945	0.221186	0.212079	0.211936	0.0978545	0.881439
1625	-4.18378	-4.27431	-4.30021	-4.30062	-4.50476	0.24071	0.219876	0.214255	0.214165	0.110993	0.916525
1626	-4.62407	-4.70536	-4.7289	-4.72928	-4.91855	0.238321	0.219714	0.214603	0.214521	0.112842	0.921549
1627	-3.4553	-3.60614	-3.64884	-3.64953	-3.97932	0.257475	0.221425	0.212169	0.212023	0.0969079	0.879446
1628	-10.8193	-9.02401	-8.83817	-8.83552	-8.15323	0.0325896	0.196229	0.236305	0.236931	0.297946	1.39662
1629	-20.6302	-18.8249	-18.6368	-18.6341	-17.9416	0.0321187	0.195347	0.235777	0.236409	0.300348	1.40096
1630	-4.31091	-4.36121	-4.37575	-4.37599	-4.49283	0.229619	0.218353	0.215202	0.215151	0.121675	0.943285
1631	-3.23176	-3.38162	-3.42367	-3.42434	-3.744	0.256945	0.221186	0.212079	0.211936	0.0978545	0.881439
1632	-3.59465	-3.71089	-3.74419	-3.74473	-4.00694	0.247962	0.220752	0.213521	0.213406	0.104359	0.899599
1633	-3.23176	-3.38162	-3.42367	-3.42434	-3.744	0.256945	0.221186	0.212079	0.211936	0.0978545	0.881439
1634	-4.81588	-4.88958	-4.91114	-4.91149	-5.08742	0.23633	0.219538	0.214856	0.214781	0.114495	0.925922
1635	-4.08665	-4.17937	-4.20588	-4.20631	-4.41509	0.241315	0.219947	0.214192	0.214101	0.110445	0.915122
1636	-4.33033	-4.38463	-4.40091	-4.40118	-4.53989	0.231157	0.21894	0.215405	0.215347	0.119151	0.937871
1637	-3.23176	-3.38162	-3.42367	-3.42434	-3.744	0.256945	0.221186	0.212079	0.211936	0.0978545	0.881439
1638	-3.23176	-3.38162	-3.42367	-3.42434	-3.744	0.256945	0.221186	0.212079	0.211936	0.0978545	0.881439
1639	-14.6249	-12.8256	-12.6387	-12.636	-11.9453	0.0323537	0.195592	0.235801	0.23643	0.299822	1.39988
1640	-3.86223	-3.9813	-4.01501	-4.01556	-4.27656	0.248514	0.220617	0.213303	0.213187	0.104378	0.89917
1641	-10.8997	-10.9705	-10.9912	-10.9915	-11.161	0.235525	0.219425	0.214925	0.214852	0.115273	0.927869
1642	-9.72839	-9.85898	-9.89538	-9.89597	-10.1686	0.251334	0.220565	0.212681	0.212557	0.102863	0.894329
1643	-14.0278	-12.1534	-11.9459	-11.9429	-11.1034	0.0282331	0.184004	0.226436	0.227114	0.334213	1.45956
1644	-3.4553	-3.60614	-3.64884	-3.64953	-3.97932	0.257475	0.221425	0.212169	0.212023	0.0969079	0.879446
1645	-4.07568	-4.15392	-4.17637	-4.17674	-4.35465	0.237319	0.219459	0.214587	0.214509	0.114125	0.924487
1646	-4.18378	-4.27431	-4.30021	-4.30062	-4.50476	0.24071	0.219876	0.214255	0.214165	0.110993	0.916525
1647	-5.52316	-5.51397	-5.51375	-5.51376	-5.54172	0.214958	0.216943	0.21699	0.216989	0.13412	0.975923
1648	-16.101	-14.1773	-13.9569	-13.9537	-13.029	0.0258658	0.177084	0.220738	0.221444	0.354869	1.4953
1649	-18.0329	-14.3219	-13.9165	-13.9107	-12.2899	0.00275294	0.112579	0.168858	0.169845	0.545965	1.82709
1650	-13.0766	-13.0776	-13.0803	-13.0803	-13.1307	0.217688	0.217464	0.216889	0.216878	0.131082	0.968667
1651	-4.81588	-4.88958	-4.91114	-4.91149	-5.08742	0.23633	0.219538	0.214856	0.214781	0.114495	0.925922
1652	-4.57869	-4.62054	-4.63261	-4.63281	-4.7297	0.227254	0.217939	0.215323	0.215281	0.124202	0.9494
1653	-3.59465	-3.71089	-3.74419	-3.74473	-4.00694	0.247962	0.220752	0.213521	0.213406	0.104359	0.899599
1654	-3.89106	-3.98539	-4.01253	-4.01297	-4.22877	0.24188	0.220106	0.214213	0.214119	0.109682	0.9134
1655	-4.07568	-4.15392	-4.17637	-4.17674	-4.35465	0.237319	0.219459	0.214587	0.214509	0.114125	0.924487
1656	-4.61959	-4.66384	-4.67725	-4.67747	-4.79346	0.228382	0.218497	0.215585	0.215538	0.121998	0.944851
1657	-30.2316	-24.556	-23.9169	-23.9077	-21.2344	0.00015293	0.0446008	0.0845106	0.0852959	0.78544	2.21714
1658	-3.63007	-3.727	-3.7551	-3.75556	-3.98127	0.242746	0.22032	0.214216	0.214118	0.1086	0.910904
1659	-12.717	-10.8768	-10.6785	-10.6756	-9.90097	0.0300308	0.189131	0.230609	0.231266	0.318963	1.43312
1660	-4.16509	-4.24424	-4.26698	-4.26735	-4.44817	0.237601	0.21952	0.214584	0.214504	0.113791	0.923705
1661	-20.8651	-17.117	-16.7013	-16.6953	-14.9967	0.00251723	0.106825	0.161893	0.162867	0.565898	1.8596
1662	-3.76956	-3.89253	-3.92783	-3.9284	-4.20764	0.249926	0.221006	0.213341	0.213219	0.102508	0.894927
1663	-4.16509	-4.24424	-4.26698	-4.26735	-4.44817	0.237601	0.21952	0.214584	0.214504	0.113791	0.923705
1664	-3.4553	-3.60614	-3.64884	-3.64953	-3.97932	0.257475	0.221425	0.212169	0.212023	0.0969079	0.879446
1665	-23.5866	-23.6578	-23.6787	-23.679	-23.8501	0.235662	0.219464	0.214931	0.214858	0.115086	0.927448
1666	-3.95376	-4.06701	-4.09969	-4.10022	-4.36135	0.247294	0.220817	0.213716	0.213603	0.104569	0.900503
1667	-24.1225	-22.1786	-21.9531	-21.9498	-20.9895	0.0249371	0.174193	0.218261	0.218978	0.363631	1.51038
1668	-17.3339	-15.5233	-15.3325	-15.3298	-14.6008	0.0315362	0.192817	0.233353	0.23399	0.308304	1.41441
1669	-3.79124	-3.9361	-3.97752	-3.97819	-4.30383	0.256058	0.221526	0.212538	0.212396	0.0974824	0.881571
1670	-3.59465	-3.71089	-3.74419	-3.74473	-4.00694	0.247962	0.220752	0.213521	0.213406	0.104359	0.899599
1671	-4.04128	-4.15574	-4.18817	-4.18869	-4.44001	0.247232	0.220493	0.213457	0.213346	0.105472	0.902033
1672	-4.33033	-4.38463	-4.40091	-4.40118	-4.53989	0.231157	0.21894	0.215405	0.215347	0.119151	0.937871
1673	-19.1476	-15.4559	-15.055	-15.0493	-13.4512	0.00285293	0.114438	0.170867	0.171854	0.539988	1.8173
1674	-11.7376	-9.81941	-9.60206	-9.59892	-8.71275	0.0264226	0.179901	0.223576	0.22428	0.34582	1.4801
1675	-4.55978	-4.61702	-4.63334	-4.6336	-4.76141	0.231382	0.21851	0.214974	0.214917	0.120217	0.939424
1676	-3.86223	-3.9813	-4.01501	-4.01556	-4.27656	0.248514	0.220617	0.213303	0.213187	0.104378	0.89917
1677	-4.16989	-4.18548	-4.19431	-4.19447	-4.31054	0.222798	0.219352	0.217424	0.21739	0.123035	0.951218
1678	-4.58624	-4.611	-4.62124	-4.62142	-4.73856	0.224599	0.219106	0.216872	0.216834	0.12259	0.948986
1679	-4.40592	-4.4767	-4.49741	-4.49775	-4.66718	0.235517	0.219424	0.214925	0.214853	0.115281	0.927888
1680	-17.3647	-15.5869	-15.406	-15.4034	-14.7578	0.0336317	0.199004	0.238468	0.23908	0.289817	1.38244
1681	-45.6815	-36.2494	-35.1911	-35.1758	-30.7644	5.00633e-07	0.00624926	0.0180063	0.0182841	0.95746	2.49374
1682	-3.91668	-4.01016	-4.03699	-4.03742	-4.24988	0.241594	0.220033	0.214209	0.214116	0.110048	0.914238
1683	-4.61959	-4.66384	-4.67725	-4.67747	-4.79346	0.228382	0.218497	0.215585	0.215538	0.121998	0.944851
1684	-2.94749	-3.12306	-3.17208	-3.17287	-3.54257	0.26409	0.221566	0.210966	0.210799	0.0925789	0.866829
1685	-10.1321	-10.2465	-10.2789	-10.2794	-10.5301	0.247205	0.220478	0.21345	0.213338	0.105528	0.902147
1686	-21.3832	-17.6729	-17.2677	-17.2619	-15.6426	0.00275769	0.112693	0.168995	0.169983	0.545571	1.82645
1687	-30.3862	-24.7203	-24.0839	-24.0747	-21.4229	0.000157451	0.0454777	0.0859353	0.0867299	0.7817	2.21112
1688	-4.57351	-4.63911	-4.658	-4.6583	-4.80929	0.233847	0.218999	0.214901	0.214835	0.117417	0.932781
1689	-15.0098	-13.0804	-12.8589	-12.8557	-11.927	0.0256624	0.1767	0.220503	0.221212	0.355922	1.4972
1690	-4.22256	-4.26072	-4.27227	-4.27246	-4.37238	0.226625	0.21814	0.215635	0.215594	0.124006	0.949608
1691	-3.74032	-3.82759	-3.85272	-3.85312	-4.05259	0.239888	0.219843	0.214387	0.2143	0.111583	0.918176
1692	-13.8299	-12.0102	-11.8178	-11.815	-11.0867	0.0312249	0.192669	0.233546	0.234189	0.308372	1.41482
1693	-14.3495	-12.6119	-12.4417	-12.4393	-11.8683	0.0360033	0.204633	0.242599	0.243181	0.273584	1.35387
1694	-4.5308	-4.52473	-4.52629	-4.52632	-4.57836	0.216393	0.217712	0.217373	0.217365	0.131157	0.969874
1695	-4.58624	-4.611	-4.62124	-4.62142	-4.73856	0.224599	0.219106	0.216872	0.216834	0.12259	0.948986
1696	-4.62407	-4.70536	-4.7289	-4.72928	-4.91855	0.238321	0.219714	0.214603	0.214521	0.112842	0.921549
1697	-4.16509	-4.24424	-4.26698	-4.26735	-4.44817	0.237601	0.21952	0.214584	0.214504	0.113791	0.923705
1698	-3.4553	-3.60614	-3.64884	-3.64953	-3.97932	0.257475	0.221425	0.212169	0.212023	0.0969079	0.879446
1699	-4.89851	-4.89928	-4.90186	-4.90191	-4.95169	0.217618	0.217451	0.216891	0.21688	0.13116	0.968854
1700	-4.16509	-4.24424	-4.26698	-4.26735	-4.44817	0.237601	0.21952	0.214584	0.214504	0.113791	0.923705
1701	-4.62407	-4.70536	-4.7289	-4.72928	-4.91855	0.238321	0.219714	0.214603	0.214521	0.112842	0.921549
1702	-22.6085	-18.892	-18.4851	-18.4792	-16.8452	0.00271442	0.111614	0.167674	0.168659	0.549338	1.83259
1703	-3.89106	-3.98539	-4.01253	-4.01297	-4.22877	0.24188	0.220106	0.214213	0.214119	0.109682	0.9134
1704	-4.15978	-4.26018	-4.28916	-4.28963	-4.52146	0.243662	0.220386	0.21409	0.213989	0.107873	0.908948
1705	-3.23176	-3.38162	-3.42367	-3.42434	-3.744	0.256945	0.221186	0.212079	0.211936	0.0978545	0.881439
1706	-2.94749	-3.12306	-3.17208	-3.17287	-3.54257	0.26409	0.221566	0.210966	0.210799	0.0925791	0.866829
1707	-3.4553	-3.60614	-3.64884	-3.64953	-3.97931	0.257475	0.221425	0.212169	0.212023	0.0969082	0.879447
1708	-3.89106	-3.98539	-4.01253	-4.01297	-4.22877	0.24188	0.220106	0.214213	0.214119	0.109682	0.913401
1709	-4.56369	-4.58219	-4.59081	-4.59096	-4.69595	0.22297	0.218883	0.217006	0.216973	0.124168	0.952929
1710	-4.91458	-4.92156	-4.92575	-4.92582	-4.98648	0.219188	0.217663	0.216755	0.216738	0.129656	0.965078
1711	-3.3101	-3.44733	-3.48656	-3.4872	-3.79438	0.253851	0.221298	0.212785	0.21265	0.0994166	0.886582
1712	-4.81588	-4.88958	-4.91113	-4.91148	-5.08742	0.236329	0.219538	0.214856	0.214781	0.114496	0.925923
1713	-3.91668	-4.01016	-4.03698	-4.03742	-4.24987	0.241594	0.220033	0.214209	0.214116	0.110048	0.914239
1714	-4.07568	-4.15392	-4.17637	-4.17673	-4.35464	0.237319	0.219459	0.214587	0.214509	0.114125	0.924488
1715	-4.07568	-4.15392	-4.17637	-4.17673	-4.35464	0.237319	0.219459	0.214587	0.214509	0.114125	0.924488
1716	-3.3101	-3.44733	-3.48656	-3.4872	-3.79438	0.253851	0.221298	0.212785	0.21265	0.0994166	0.886582
1717	-3.54212	-3.68846	-3.72991	-3.73058	-4.05161	0.256228	0.221346	0.212359	0.212217	0.0978497	0.882031
1718	-3.74032	-3.82758	-3.85271	-3.85312	-4.05258	0.239888	0.219843	0.214387	0.2143	0.111583	0.918177
1719	-3.76956	-3.89253	-3.92783	-3.9284	-4.20763	0.249925	0.221006	0.213341	0.21322	0.102508	0.894927
1720	-3.4553	-3.60614	-3.64884	-3.64953	-3.97931	0.257475	0.221425	0.212169	0.212023	0.0969082	0.879447
1721	-3.63007	-3.727	-3.7551	-3.75556	-3.98126	0.242746	0.22032	0.214216	0.214118	0.1086	0.910905
1722	-4.89851	-4.89928	-4.90186	-4.90191	-4.95169	0.217618	0.217451	0.216891	0.21688	0.13116	0.968854
1723	-3.23176	-3.38162	-3.42366	-3.42434	-3.74399	0.256945	0.221186	0.212079	0.211936	0.0978547	0.88144
1724	-3.79124	-3.9361	-3.97752	-3.97819	-4.30382	0.256057	0.221526	0.212538	0.212396	0.0974827	0.881572
1725	-3.3101	-3.44733	-3.48656	-3.4872	-3.79438	0.253851	0.221298	0.212785	0.21265	0.0994166	0.886582
1726	-10.5846	-10.664	-10.6869	-10.6872	-10.8688	0.237689	0.219532	0.214576	0.214497	0.113705	0.923492
1727	-4.16509	-4.24423	-4.26698	-4.26735	-4.44817	0.237601	0.21952	0.214584	0.214504	0.113791	0.923706
1728	-12.3695	-12.4487	-12.4715	-12.4718	-12.6528	0.237616	0.219522	0.214582	0.214503	0.113777	0.92367
1729	-11.1501	-9.33446	-9.14341	-9.14068	-8.42535	0.0315081	0.193619	0.234381	0.235021	0.30547	1.40985
1730	-4.5308	-4.52473	-4.52629	-4.52632	-4.57836	0.216393	0.217712	0.217373	0.217365	0.131157	0.969875
1731	-4.94002	-4.9099	-4.90374	-4.90365	-4.88543	0.209386	0.21579	0.217123	0.217143	0.140558	0.991118
1732	-4.57869	-4.62054	-4.63261	-4.63281	-4.72969	0.227254	0.217939	0.215323	0.215281	0.124203	0.9494
1733	-14.9101	-13.0895	-12.8968	-12.894	-12.1619	0.0311561	0.192399	0.233296	0.233939	0.30921	1.41624
1734	-3.63007	-3.727	-3.7551	-3.75556	-3.98126	0.242746	0.22032	0.214216	0.214118	0.1086	0.910905
1735	-4.04128	-4.15574	-4.18817	-4.18869	-4.44	0.247232	0.220493	0.213457	0.213346	0.105473	0.902034
1736	-3.63473	-3.77398	-3.81363	-3.81427	-4.12345	0.254341	0.221278	0.212675	0.212539	0.0991667	0.885764
1737	-12.0319	-12.0252	-12.0258	-12.0258	-12.0609	0.215691	0.217128	0.217003	0.216999	0.133179	0.973769
1738	-3.59465	-3.71089	-3.74419	-3.74473	-4.00694	0.247962	0.220752	0.213521	0.213406	0.104359	0.8996
1739	-12.4831	-12.6203	-12.6595	-12.6601	-12.9672	0.253842	0.221295	0.212785	0.21265	0.0994281	0.886609
1740	-4.5308	-4.52473	-4.52629	-4.52632	-4.57836	0.216393	0.217712	0.217373	0.217365	0.131157	0.969875
1741	-3.76956	-3.89253	-3.92783	-3.9284	-4.20763	0.249925	0.221006	0.213341	0.21322	0.102508	0.894927
1742	-2.94749	-3.12306	-3.17208	-3.17287	-3.54257	0.26409	0.221566	0.210966	0.210799	0.0925792	0.866829
1743	-9.8918	-9.93363	-9.94559	-9.94578	-10.0399	0.227157	0.21785	0.215261	0.21522	0.124512	0.949987
1744	-2.94749	-3.12306	-3.17208	-3.17287	-3.54257	0.26409	0.221566	0.210966	0.210799	0.0925792	0.866829
1745	-4.75424	-4.81891	-4.83746	-4.83776	-4.98497	0.233534	0.218907	0.214885	0.214821	0.117854	0.933757
1746	-4.08665	-4.17937	-4.20588	-4.20631	-4.41509	0.241315	0.219946	0.214192	0.214101	0.110445	0.915123
1747	-16.7465	-14.824	-14.6046	-14.6014	-13.6885	0.0260248	0.17795	0.221618	0.222324	0.352083	1.49063
1748	-4.62406	-4.70536	-4.7289	-4.72928	-4.91855	0.238321	0.219714	0.214603	0.214521	0.112842	0.92155
1749	-3.3101	-3.44733	-3.48656	-3.4872	-3.79438	0.253851	0.221298	0.212785	0.21265	0.0994166	0.886582
1750	-4.55978	-4.61702	-4.63333	-4.6336	-4.7614	0.231382	0.21851	0.214974	0.214917	0.120217	0.939424
1751	-3.94072	-4.01653	-4.0388	-4.03916	-4.22275	0.23701	0.219706	0.214867	0.21479	0.113627	0.923932
1752	-17.2585	-17.3009	-17.3136	-17.3138	-17.4234	0.227793	0.218339	0.215569	0.215524	0.122777	0.946618
1753	-7.745	-7.9187	-7.96702	-7.9678	-8.32935	0.263431	0.221427	0.210981	0.210817	0.0933441	0.868632
1754	-4.58624	-4.61099	-4.62124	-4.62142	-4.73855	0.224598	0.219106	0.216872	0.216834	0.12259	0.948987
1755	-12.7426	-12.7451	-12.7481	-12.7482	-12.8018	0.218077	0.217541	0.216875	0.216863	0.130644	0.967626
1756	-3.4553	-3.60614	-3.64884	-3.64953	-3.97931	0.257475	0.221425	0.212169	0.212023	0.0969082	0.879447
1757	-22.8313	-19.1152	-18.7081	-18.7023	-17.0661	0.00271186	0.11147	0.167468	0.168452	0.549898	1.8335
1758	-4.89851	-4.89928	-4.90186	-4.90191	-4.95169	0.217618	0.217451	0.216891	0.21688	0.13116	0.968854
1759	-8.39807	-8.51501	-8.54837	-8.54891	-8.8093	0.248054	0.220678	0.213437	0.213322	0.104509	0.899766
1760	-9.61808	-9.67526	-9.69145	-9.69172	-9.81691	0.231284	0.218429	0.21492	0.214864	0.120502	0.939971
1761	-4.16989	-4.18548	-4.19431	-4.19447	-4.31054	0.222798	0.219352	0.217424	0.21739	0.123036	0.951219
1762	-4.68216	-4.73735	-4.75351	-4.75378	-4.88699	0.231149	0.218737	0.21523	0.215173	0.119711	0.938793
1763	-3.89106	-3.98539	-4.01253	-4.01297	-4.22877	0.24188	0.220106	0.214213	0.214119	0.109682	0.913401
1764	-10.8193	-9.02401	-8.83817	-8.83552	-8.15323	0.0325895	0.196229	0.236305	0.23693	0.297946	1.39662
1765	-4.15977	-4.26018	-4.28916	-4.28963	-4.52145	0.243662	0.220386	0.21409	0.213989	0.107873	0.908949
1766	-4.58624	-4.61099	-4.62124	-4.62142	-4.73855	0.224598	0.219106	0.216872	0.216834	0.12259	0.948987
1767	-11.1678	-11.2596	-11.2862	-11.2866	-11.5015	0.241318	0.22016	0.214374	0.214281	0.109867	0.914174
1768	-4.04128	-4.15574	-4.18817	-4.18869	-4.44	0.247232	0.220493	0.213457	0.213346	0.105473	0.902034
1769	-3.23176	-3.38162	-3.42366	-3.42434	-3.74399	0.256945	0.221186	0.212079	0.211936	0.0978547	0.88144
1774	-4.5989	-4.94344	-5.04141	-5.04299	-5.80494	0.314201	0.222627	0.201851	0.201531	0.0597905	0.771259
1775	-49.01	-39.9031	-38.9353	-38.9215	-35.1828	1.42879e-06	0.0128842	0.033911	0.034384	0.918819	2.43203
1776	-9.51129	-10.0431	-10.1948	-10.1973	-11.3852	0.371252	0.218133	0.187424	0.186965	0.0362261	0.685097
1777	-29.7542	-24.3652	-23.8061	-23.7982	-21.7217	0.00033938	0.0743186	0.129987	0.131026	0.664328	2.0218
1778	-20.8792	-17.4947	-17.1829	-17.1786	-16.2938	0.00576075	0.169952	0.232147	0.233152	0.358988	1.52084
1779	-22.2998	-17.058	-16.5421	-16.5348	-14.8184	0.000511895	0.0967498	0.162074	0.163255	0.57741	1.88135
1780	-3.97042	-4.62139	-4.807	-4.81	-6.26078	0.408003	0.212789	0.176742	0.176213	0.0262526	0.638216
1781	-10.586	-9.12717	-9.0379	-9.03681	-9.11895	0.0572493	0.246226	0.269218	0.269509	0.157798	1.14596
1782	-33.8416	-26.745	-26.0264	-26.0163	-23.4879	3.82663e-05	0.0462201	0.0948213	0.0957911	0.763129	2.18205
1783	-26.2851	-22.6985	-22.3289	-22.3237	-20.9881	0.00371934	0.134312	0.194368	0.195391	0.47221	1.70666
1784	-62.5548	-49.8415	-48.4984	-48.4792	-43.3567	7.08141e-09	0.00235217	0.00901076	0.00918541	0.979452	2.52889
1785	-33.759	-28.3983	-27.8477	-27.8399	-25.8406	0.000370193	0.0787993	0.13666	0.137734	0.646437	1.99292
1786	-31.6796	-24.584	-23.8653	-23.8551	-21.3195	3.80866e-05	0.04596	0.0942982	0.095263	0.764441	2.18415
1787	-14.0866	-12.6073	-12.5116	-12.5105	-12.533	0.0553654	0.243044	0.267436	0.267753	0.166401	1.16169
1788	-4.02614	-4.62636	-4.79734	-4.80011	-6.13313	0.392216	0.215204	0.181382	0.180882	0.0303159	0.657985
1789	-22.7492	-21.3235	-21.2431	-21.2421	-21.3833	0.0599709	0.249531	0.270423	0.270678	0.149397	1.12978
1790	-31.03	-25.9376	-25.463	-25.4564	-24.0417	0.000725854	0.118151	0.189912	0.191169	0.500042	1.756
1791	-29.2006	-25.9236	-25.636	-25.6321	-24.8514	0.00677994	0.179636	0.239503	0.240451	0.33363	1.47839
1792	-20.3799	-17.2336	-16.9881	-16.9848	-16.5952	0.00894738	0.208021	0.265908	0.266774	0.250349	1.3407
1793	-27.7013	-26.3685	-26.3148	-26.3143	-26.6685	0.0685849	0.26005	0.274389	0.274528	0.122449	1.07799
1807	-9.27888	-9.3963	-9.43042	-9.43097	-9.70725	0.248653	0.221106	0.213689	0.213571	0.102981	0.896766
1808	-28.5943	-23.1033	-22.5167	-22.5083	-20.2446	0.000262655	0.0636966	0.114518	0.115484	0.706038	2.08916
1809	-33.8624	-26.4962	-25.7014	-25.69	-22.5752	1.68505e-05	0.0266505	0.0590046	0.0596814	0.854647	2.32899
1821	-20.8833	-19.2707	-19.1374	-19.1356	-18.869	0.0449395	0.225401	0.25755	0.258012	0.214098	1.24892
1822	-13.3529	-11.7448	-11.6127	-11.6109	-11.3534	0.0452585	0.225992	0.257909	0.258367	0.212473	1.24598
1823	-8.12237	-8.43998	-8.52998	-8.53143	-9.2255	0.305969	0.222709	0.203542	0.203246	0.0645346	0.785905
