Sites	Ll_YN98.omega=0.105771	Ll_YN98.omega=1	Ll_YN98.omega=2.88021	Pr_YN98.omega=0.105771	Pr_YN98.omega=1	Pr_YN98.omega=2.88021	mean
527	-3.90702	-5.08916	-7.51405	0.506781	0.486649	0.00657031	0.559176
529	-56.243	-47.3713	-43.9969	8.2107e-06	0.183274	0.816718	2.53559
532	-3.78834	-3.97583	-4.36285	0.258706	0.671699	0.069595	0.899511
533	-34.3232	-27.7581	-24.9424	0.00012674	0.281765	0.718108	2.35008
534	-16.2598	-12.8577	-12.9745	0.00927624	0.872307	0.118417	1.21435
535	-20.7522	-15.0251	-13.9174	0.000710798	0.683543	0.315746	1.59303
536	-24.7781	-20.9736	-20.2657	0.00540022	0.759427	0.235173	1.43735
537	-27.7493	-21.6462	-19.789	0.000360927	0.505523	0.494116	1.92872
538	-35.7855	-30.0244	-28.7864	0.000658113	0.654796	0.344546	1.64723
539	-14.4467	-13.1523	-14.0461	0.0760985	0.869623	0.0542787	1.03401
540	-19.1832	-15.5312	-15.1433	0.00671662	0.810928	0.182355	1.33686
541	-16.3864	-16.9979	-18.2606	0.360695	0.612854	0.0264514	0.72719
542	-35.8296	-32.0357	-31.3564	0.00549392	0.764432	0.230074	1.42767
543	-10.7553	-9.59158	-10.7325	0.0868297	0.870722	0.0424479	1.00217
544	-18.4554	-14.7106	-14.1373	0.00590512	0.782337	0.211758	1.39287
545	-12.4248	-13.0207	-14.2133	0.356406	0.615116	0.0284774	0.734834
546	-20.3839	-16.7709	-16.4401	0.00705275	0.818996	0.173952	1.32076
547	-36.9228	-29.7103	-26.8981	6.65023e-05	0.282479	0.717455	2.34891
548	-39.9378	-29.5626	-26.0244	1.59407e-06	0.160019	0.839979	2.57934
549	-26.2084	-22.7792	-22.8274	0.008955	0.865244	0.125801	1.22852
550	-28.9086	-23.2205	-22.2032	0.000759788	0.702711	0.296529	1.55686
551	-22.147	-18.4768	-17.9756	0.00645506	0.793654	0.199891	1.37006
552	-26.7434	-20.8188	-19.3165	0.00050614	0.593056	0.406438	1.76374
553	-10.2409	-11.1932	-13.1568	0.447563	0.540855	0.0115815	0.621552
554	-19.2347	-15.6692	-15.4061	0.00747944	0.828136	0.164385	1.30239
555	-11.1492	-10.1354	-11.609	0.100674	0.868952	0.0303738	0.967083
556	-26.3905	-22.7269	-22.3163	0.00661145	0.807605	0.185783	1.3434
557	-10.084	-8.73481	-9.51752	0.0718772	0.867605	0.0605174	1.04951
558	-32.7701	-29.1079	-28.7045	0.00662981	0.808666	0.184704	1.34135
559	-4.63544	-5.23826	-6.48002	0.358491	0.614428	0.0270809	0.730345
560	-5.19754	-5.71956	-6.80017	0.338481	0.628951	0.0325684	0.758556
561	-35.3121	-27.0978	-24.453	2.74583e-05	0.317629	0.682343	2.28292
562	-68.6667	-51.4781	-44.5793	7.19163e-11	0.0065698	0.99343	2.86786
563	-43.6282	-34.5677	-30.8391	5.0463e-06	0.136048	0.863947	2.6244
564	-26.679	-24.5524	-24.123	0.0299217	0.785867	0.184211	1.3196
565	-15.922	-14.6849	-15.6445	0.0805051	0.868724	0.0507707	1.02347
566	-10.5285	-11.138	-12.4007	0.360238	0.61329	0.0264718	0.727638
567	-33.2546	-25.0649	-22.4776	2.92607e-05	0.330217	0.669754	2.25925
568	-86.8999	-65.8346	-56.0312	8.21248e-14	0.000362065	0.999638	2.87953
569	-8.47139	-7.30384	-8.44368	0.0865258	0.870967	0.0425068	1.00255
570	-9.24986	-8.20278	-9.61152	0.0975002	0.87005	0.0324501	0.973825
571	-26.6323	-22.0443	-20.7476	0.00208075	0.640505	0.357414	1.67015
572	-26.0471	-20.3562	-19.3253	0.000754592	0.699875	0.29937	1.5622
573	-12.7608	-11.5174	-12.4978	0.0801261	0.870067	0.049807	1.022
574	-13.0151	-11.5811	-12.1796	0.0656118	0.862091	0.0722968	1.07726
575	-4.35087	-5.42405	-7.62666	0.478724	0.512632	0.00864387	0.588163
576	-9.02355	-7.84024	-8.94269	0.0851501	0.870736	0.0441142	1.0068
577	-21.8655	-18.2424	-17.9153	0.00698716	0.819578	0.173435	1.31985
578	-14.0442	-12.6396	-13.263	0.0675614	0.861932	0.0705065	1.07215
579	-11.1003	-9.78395	-10.633	0.0743889	0.868896	0.0567155	1.04012
580	-10.1923	-11.0704	-12.8677	0.428364	0.557537	0.0140988	0.643453
581	-23.3138	-19.84	-19.7666	0.00842985	0.85173	0.139841	1.25539
582	-5.06035	-5.62693	-6.80118	0.349529	0.621181	0.0292908	0.742514
583	-11.903	-10.805	-12.1013	0.0927462	0.870907	0.0363471	0.985404
584	-33.7131	-25.4663	-22.7938	2.60821e-05	0.311643	0.68833	2.29418
585	-34.6689	-26.6546	-24.3919	4.28177e-05	0.405487	0.59447	2.11769
586	-25.4663	-19.6068	-18.1923	0.00055925	0.614002	0.385439	1.72421
587	-12.5299	-13.4731	-15.4213	0.44524	0.542953	0.0118075	0.624054
588	-43.2311	-34.3056	-30.7852	6.89578e-06	0.162434	0.83756	2.57478
589	-52.4913	-39.0055	-33.3872	1.03207e-08	0.0232424	0.976758	2.83651
590	-13.9634	-15.0407	-17.2361	0.479742	0.511569	0.00868903	0.587338
591	-18.2251	-16.8091	-17.4573	0.0669598	0.864089	0.0689513	1.06977
592	-14.1689	-12.7263	-13.3194	0.0650608	0.862238	0.0727011	1.07851
593	-12.4224	-10.8184	-11.0838	0.0543607	0.846582	0.0990572	1.13764
594	-20.5116	-16.9001	-16.572	0.00706708	0.819379	0.173553	1.32
595	-3.34592	-4.43058	-6.63315	0.48159	0.509814	0.0085967	0.585512
596	-20.3173	-18.7418	-19.0638	0.0561503	0.849877	0.0939732	1.12648
597	-3.8185	-4.97457	-7.33638	0.500044	0.492868	0.00708747	0.566172
598	-33.065	-24.8963	-22.3324	3.03479e-05	0.335404	0.664565	2.24949
599	-36.4295	-29.9905	-27.8825	0.000226139	0.443183	0.556591	2.0463
600	-33.2621	-27.339	-25.838	0.00050718	0.593357	0.406136	1.76317
601	-24.6405	-18.9407	-17.8858	0.000742494	0.694826	0.304431	1.57173
602	-68.7567	-51.666	-45.0773	1.07893e-10	0.00893751	0.991062	2.86341
603	-10.3227	-9.21156	-10.4679	0.091514	0.870665	0.037821	0.989277
604	-28.8802	-22.9211	-21.3348	0.000472183	0.57265	0.426878	1.8022
605	-42.9873	-32.5417	-28.863	1.31854e-06	0.142014	0.857984	2.61319
606	-19.7106	-18.2425	-18.7814	0.0632703	0.860165	0.0765649	1.08738
607	-26.0009	-22.3198	-21.8719	0.00645226	0.802041	0.191507	1.3543
608	-65.3548	-50.3982	-44.509	1.81835e-09	0.0178259	0.982174	2.84669
609	-41.4665	-33.1611	-30.3123	2.17158e-05	0.275127	0.724851	2.36285
610	-38.7176	-35.079	-34.7087	0.00682825	0.813431	0.179741	1.33184
611	-3.66626	-4.71667	-6.8599	0.472793	0.51794	0.00926759	0.59464
612	-21.4873	-17.2691	-16.2781	0.00332123	0.706345	0.290333	1.54292
613	-12.9875	-13.7854	-15.4273	0.407863	0.575148	0.0169899	0.667222
614	-36.7551	-28.6272	-26.1586	3.36468e-05	0.356956	0.643011	2.20896
615	-29.9708	-24.1301	-22.7345	0.000574013	0.618452	0.380974	1.7158
616	-8.97405	-9.93601	-11.8931	0.449925	0.538469	0.011606	0.619486
617	-9.61876	-8.3055	-9.15348	0.0745945	0.868644	0.0567614	1.04002
618	-28.4543	-22.2991	-20.3172	0.000321527	0.474415	0.525263	1.98732
619	-3.34592	-4.43058	-6.63315	0.48159	0.509814	0.0085967	0.585512
629	-58.5178	-48.1858	-44.7148	1.76045e-06	0.169253	0.830745	2.56197
630	-25.6851	-22.2026	-22.097	0.00832035	0.847899	0.14378	1.2629
631	-52.7717	-40.0957	-35.3979	5.626e-08	0.0563746	0.943625	2.77421
632	-86.6226	-66.3844	-57.6343	5.38055e-13	0.00103742	0.998963	2.87826
633	-17.3325	-13.6873	-13.2964	0.00675866	0.81044	0.182801	1.33766
634	-47.499	-41.5928	-40.1293	0.000523653	0.602362	0.397114	1.74619
635	-18.8463	-17.3033	-17.6793	0.0581799	0.852517	0.0893031	1.11588
636	-31.2989	-25.4893	-24.142	0.000602992	0.629778	0.369619	1.69442
637	-17.7738	-16.429	-17.19	0.0720742	0.866185	0.0617406	1.05163
638	-35.4161	-27.2802	-24.801	3.31482e-05	0.354539	0.645427	2.21351
639	-3.69902	-4.6404	-6.56473	0.444663	0.543238	0.0120989	0.625118
640	-42.7906	-34.4843	-31.6439	2.18286e-05	0.276809	0.723169	2.35969
642	-27.7671	-22.0693	-21.0207	0.000745382	0.696143	0.303112	1.56925
643	-49.451	-39.0946	-35.5936	1.67557e-06	0.165079	0.83492	2.56982
644	-33.3486	-27.4633	-26.0581	0.000546997	0.616207	0.383246	1.72009
645	-20.1138	-16.4276	-15.9664	0.00640285	0.800016	0.193581	1.35825
646	-20.6002	-16.9577	-16.5821	0.00679562	0.812689	0.180516	1.33333
647	-35.4996	-26.6705	-23.4272	9.52362e-06	0.203722	0.796268	2.49714
648	-11.2152	-9.77977	-10.3844	0.0655552	0.862551	0.071894	1.07655
649	-29.3125	-25.6922	-25.3617	0.00700266	0.819085	0.173912	1.32073
650	-5.34457	-6.15368	-7.81382	0.410694	0.572694	0.0166119	0.663979
651	-29.4506	-23.4737	-21.8661	0.000459611	0.567433	0.432108	1.81204
652	-10.6981	-9.37889	-10.2109	0.0741148	0.868236	0.0576491	1.04212
653	-52.9897	-47.1882	-45.9267	0.000626924	0.649505	0.349868	1.65727
654	-51.5472	-37.0294	-31.2944	3.28031e-09	0.0207354	0.979265	2.84122
655	-49.3488	-40.8393	-37.6556	1.37428e-05	0.213565	0.786421	2.47862
656	-20.3536	-16.4212	-15.477	0.00447403	0.715063	0.280463	1.52333
657	-29.6201	-23.7417	-22.3016	0.000543379	0.607935	0.391521	1.73566
658	-18.5136	-14.775	-14.2041	0.00594525	0.782698	0.211357	1.39208
659	-35.0858	-26.9542	-24.4473	3.27011e-05	0.348234	0.651733	2.22537
660	-21.4854	-20.0491	-20.659	0.0655268	0.862928	0.0715454	1.07592
661	-24.5155	-18.6669	-17.3204	0.000580113	0.629955	0.369464	1.69415
662	-4.0062	-4.91798	-6.78853	0.437072	0.550002	0.0129265	0.633462
663	-27.429	-21.4422	-19.8163	0.000451493	0.562956	0.436593	1.82048
664	-29.7667	-26.1636	-25.8626	0.00715935	0.823148	0.169692	1.31265
665	-22.5379	-18.8547	-18.4022	0.00643302	0.801348	0.192219	1.35566
666	-17.3265	-15.8847	-16.4818	0.0651249	0.862448	0.0724274	1.07794
667	-58.6991	-45.1552	-39.6276	1.06396e-08	0.0253963	0.974604	2.83246
668	-12.4143	-10.8585	-11.2289	0.0574578	0.852711	0.0898311	1.11752
669	-3.34592	-4.43058	-6.63315	0.48159	0.509814	0.0085967	0.585512
670	-18.7407	-15.1425	-14.8677	0.00722606	0.826742	0.166032	1.30571
671	-8.47139	-7.30384	-8.44368	0.0865258	0.870967	0.0425068	1.00255
672	-36.762	-28.6748	-26.2774	3.66628e-05	0.373491	0.626472	2.17787
673	-45.9836	-35.5522	-31.8809	1.34587e-06	0.142932	0.857067	2.61146
674	-36.1297	-29.4951	-27.1943	0.000166281	0.396292	0.603542	2.13464
675	-9.56395	-8.38812	-9.49757	0.0857617	0.870446	0.0437925	1.00565
676	-34.276	-28.3943	-26.9718	0.0005453	0.612111	0.387344	1.7278
677	-10.0805	-8.72522	-9.49505	0.071414	0.867306	0.0612803	1.05136
678	-41.6065	-33.5455	-31.1833	3.84697e-05	0.381736	0.618226	2.16236
679	-29.6488	-23.6846	-22.1118	0.000472449	0.575964	0.423564	1.79597
680	-47.418	-41.53	-40.0952	0.000539333	0.609193	0.390267	1.7333
681	-8.47139	-7.30384	-8.44368	0.0865258	0.870967	0.0425068	1.00255
682	-49.5157	-41.2126	-38.39	2.21813e-05	0.280376	0.719602	2.35298
683	-14.897	-13.6075	-14.4983	0.0764329	0.869151	0.0544159	1.03396
684	-19.8193	-16.2766	-16.1046	0.00776156	0.840021	0.152218	1.27926
685	-39.3493	-31.197	-28.6806	3.18314e-05	0.346065	0.653904	2.22945
686	-41.1375	-37.3279	-36.6211	0.00537404	0.759633	0.234993	1.43703
687	-37.4804	-29.3282	-26.7825	3.12296e-05	0.339472	0.660497	2.24184
688	-31.045	-27.4703	-27.2076	0.0074112	0.82826	0.164329	1.30235
689	-20.785	-16.9586	-16.2118	0.00523508	0.752496	0.242269	1.45083
690	-31.5188	-25.6432	-24.2175	0.00054796	0.611362	0.38809	1.7292
691	-10.5023	-11.1979	-12.5892	0.381496	0.595888	0.0226163	0.701379
692	-34.6929	-28.6666	-26.9536	0.000417404	0.541455	0.458128	1.861
693	-47.1807	-43.4793	-42.99	0.00627264	0.795689	0.198038	1.36674
694	-56.7709	-44.0792	-39.361	5.43243e-08	0.0552985	0.944701	2.77624
695	-23.3432	-19.6334	-19.125	0.00619669	0.792725	0.201078	1.37253
696	-23.4622	-19.8328	-19.4863	0.00692044	0.816833	0.176247	1.32519
697	-11.8271	-10.3877	-10.9919	0.0653129	0.862746	0.0719408	1.07686
698	-16.5589	-12.9154	-12.5366	0.0067849	0.812221	0.180994	1.33424
699	-45.8205	-40.0008	-38.6855	0.000603976	0.637183	0.362213	1.6805
700	-46.4149	-33.9979	-29.8272	1.18824e-07	0.0919027	0.908097	2.70741
701	-46.7	-36.2381	-32.535	1.27034e-06	0.139079	0.86092	2.61871
702	-23.8589	-18.0225	-16.6963	0.000591608	0.634665	0.364743	1.68527
703	-16.9105	-15.511	-16.1856	0.0681203	0.864675	0.0672048	1.06544
704	-48.0556	-39.5309	-36.8236	1.92835e-05	0.304237	0.695744	2.30813
705	-10.5427	-11.3304	-12.9538	0.40525	0.577377	0.0173731	0.670278
706	-59.0166	-46.435	-41.8934	7.15951e-08	0.0652807	0.934719	2.75747
707	-28.4608	-22.4241	-20.6869	0.000408537	0.535436	0.464156	1.87234
708	-4.75314	-5.5724	-7.24904	0.413264	0.57046	0.0162762	0.66105
709	-28.5668	-22.6318	-21.1055	0.000495983	0.587244	0.41226	1.77469
710	-5.34457	-6.15368	-7.81382	0.410695	0.572694	0.0166119	0.663979
711	-36.1304	-27.8144	-24.9462	2.11863e-05	0.271288	0.728691	2.37007
712	-27.3904	-21.5072	-20.0805	0.000543642	0.611107	0.388349	1.72969
713	-8.90498	-9.62111	-11.0792	0.386898	0.592082	0.0210201	0.693547
714	-50.6959	-42.392	-39.5573	2.19692e-05	0.277961	0.722017	2.35752
715	-23.7875	-20.0363	-19.4234	0.00581797	0.775727	0.218455	1.40554
716	-13.4475	-13.8332	-14.6289	0.305238	0.650008	0.0447538	0.811194
717	-4.79942	-5.6924	-7.52203	0.432215	0.554215	0.0135695	0.639014
718	-11.7872	-10.3096	-10.8321	0.0626288	0.859593	0.0777777	1.09023
719	-37.98	-30.0781	-28.0586	5.49621e-05	0.465177	0.534768	2.00543
720	-34.1479	-27.6903	-25.6613	0.000231754	0.462738	0.53703	2.00952
721	-37.3028	-29.0948	-26.4647	2.79101e-05	0.320829	0.679143	2.27691
722	-22.8238	-18.9799	-18.1997	0.00510275	0.7464	0.248497	1.46266
723	-50.1271	-38.9756	-34.5129	3.22052e-07	0.0702659	0.929734	2.74809
724	-21.7189	-15.8246	-14.3909	0.000536132	0.609449	0.390015	1.73283
725	-23.66	-17.9455	-16.8654	0.000725982	0.689475	0.309799	1.58184
726	-34.0908	-30.4172	-29.9757	0.00650872	0.802981	0.190511	1.35238
727	-17.6634	-14.2504	-14.3325	0.00913754	0.868757	0.122105	1.22141
728	-26.5795	-20.6827	-19.23	0.000530876	0.604938	0.394531	1.74133
729	-41.2502	-30.6086	-26.5108	7.49179e-07	0.0981699	0.901829	2.69563
730	-37.8242	-29.6562	-27.1056	3.06372e-05	0.338367	0.661602	2.24392
731	-18.9903	-15.5181	-15.4806	0.00848564	0.855932	0.135582	1.24734
732	-38.5016	-27.8628	-23.8345	7.99743e-07	0.104501	0.895498	2.68372
733	-62.3311	-47.1964	-40.9971	1.1213e-09	0.0131347	0.986865	2.85551
734	-25.0225	-19.1406	-17.7295	0.000547583	0.614806	0.384646	1.72273
735	-28.8362	-22.9356	-21.474	0.00052696	0.602804	0.396669	1.74535
736	-25.2978	-19.333	-17.7466	0.000469483	0.572628	0.426903	1.80225
737	-18.2503	-14.6448	-14.355	0.00715586	0.824704	0.16814	1.30974
738	-30.3725	-22.2557	-19.8152	3.46395e-05	0.363458	0.636507	2.19674
739	-51.6457	-39.0159	-34.3783	6.2352e-08	0.0596649	0.940335	2.76803
740	-61.5267	-44.2354	-37.2351	5.86696e-11	0.00593937	0.994061	2.86904
741	-22.5044	-18.7944	-18.2889	0.00619932	0.793184	0.200617	1.37166
742	-23.736	-19.8545	-18.9756	0.00479168	0.727794	0.267414	1.49851
743	-23.9449	-20.3684	-20.0995	0.00739106	0.827416	0.165192	1.30399
744	-33.0022	-27.0744	-25.5771	0.000505564	0.594251	0.405243	1.76149
745	-9.77936	-10.6182	-12.3407	0.418325	0.566244	0.0154314	0.654936
746	-68.4114	-51.3176	-44.6599	1.00445e-10	0.0083463	0.991654	2.86452
747	-21.8886	-18.2898	-17.9307	0.00711797	0.814847	0.178035	1.32838
748	-4.62544	-5.37619	-6.92464	0.395852	0.585169	0.0189793	0.681703
749	-11.3629	-10.2368	-11.4663	0.0901815	0.870957	0.0388611	0.992424
750	-9.41589	-10.2537	-11.9781	0.418074	0.566517	0.0154089	0.655118
751	-5.19754	-5.71956	-6.80017	0.338481	0.628951	0.0325684	0.758556
752	-27.6653	-20.4787	-18.305	0.000103183	0.427073	0.572823	2.07694
753	-11.462	-10.1053	-10.8651	0.0712719	0.866865	0.061863	1.05258
754	-27.1953	-23.4569	-22.8912	0.00595296	0.783542	0.210505	1.39047
755	-37.8038	-28.5136	-25.0673	5.09282e-06	0.172753	0.827242	2.55538
756	-14.4074	-13.0215	-13.7278	0.0691316	0.865687	0.0651819	1.06074
757	-8.40141	-9.34988	-11.2879	0.446489	0.541612	0.0118992	0.62311
758	-33.8853	-25.8428	-23.5236	4.02357e-05	0.391944	0.608016	2.14316
759	-14.6272	-15.4321	-17.0784	0.409593	0.573538	0.016869	0.665447
760	-7.16704	-8.08277	-9.93871	0.437959	0.548949	0.0130916	0.632979
761	-17.7685	-14.0942	-13.6582	0.00651104	0.803826	0.189663	1.35078
762	-11.1128	-9.58906	-10.0103	0.0594792	0.854924	0.0855968	1.10775
763	-3.66626	-4.71667	-6.85991	0.472793	0.51794	0.00926757	0.59464
764	-37.9019	-27.6237	-24.2916	2.08206e-06	0.189684	0.810314	2.52356
765	-17.5	-13.918	-13.6744	0.00738111	0.83088	0.161739	1.2975
766	-32.2159	-24.246	-22.0438	4.63823e-05	0.420147	0.579806	2.09012
767	-3.34592	-4.43058	-6.63315	0.48159	0.509813	0.00859669	0.585512
768	-53.5659	-38.5408	-32.6985	1.778e-09	0.0186659	0.981334	2.84511
769	-3.91367	-5.15213	-7.6956	0.521218	0.473108	0.00567319	0.544578
770	-4.9102	-5.86319	-7.83151	0.447762	0.540713	0.0115244	0.621266
771	-4.51853	-5.57589	-7.7461	0.474642	0.516364	0.00899348	0.592471
772	-9.85768	-10.7347	-12.53	0.428094	0.557772	0.0141338	0.64376
773	-8.26673	-9.20374	-11.1152	0.443513	0.544209	0.0122781	0.626483
774	-4.62544	-5.37619	-6.92464	0.395852	0.585169	0.0189793	0.681703
775	-12.1704	-10.8006	-11.5372	0.0703114	0.8664	0.0632882	1.05612
776	-18.9488	-19.8822	-21.7851	0.442587	0.545012	0.0124013	0.627543
777	-62.1901	-51.5719	-47.5767	8.40927e-07	0.107645	0.892355	2.67781
778	-17.021	-13.5125	-13.3908	0.00808952	0.846113	0.145797	1.2669
779	-30.1233	-21.7871	-18.9037	2.05313e-05	0.268287	0.731692	2.37572
780	-18.2935	-14.6847	-14.3961	0.00713421	0.824896	0.16797	1.30944
781	-12.3207	-13.2618	-15.1733	0.444538	0.543208	0.0122542	0.625522
782	-19.6774	-18.4568	-19.492	0.0820368	0.870781	0.0471823	1.01535
783	-16.0381	-12.4331	-12.1336	0.0071471	0.823376	0.169477	1.31226
784	-12.8198	-13.764	-15.6743	0.445295	0.542453	0.0122518	0.624841
785	-4.64286	-5.49525	-7.24638	0.421807	0.563275	0.0149175	0.650856
786	-28.9311	-22.854	-21.0464	0.000379534	0.517917	0.481703	1.90536
787	-13.2322	-12.0876	-13.2534	0.0884546	0.870167	0.0413782	0.998701
788	-23.3765	-17.5102	-16.1219	0.000561051	0.620194	0.379245	1.71256
789	-46.1819	-33.7609	-29.5688	1.16073e-07	0.0901363	0.909864	2.71073
790	-12.6156	-13.1775	-14.3131	0.348054	0.621488	0.0304578	0.746027
791	-8.2131	-9.1553	-11.0757	0.444844	0.543015	0.0121414	0.625036
792	-32.7802	-24.6566	-22.1852	3.37289e-05	0.356338	0.643628	2.21013
793	-23.0305	-17.2802	-16.1163	0.000682061	0.671321	0.327997	1.61609
794	-8.73992	-9.68032	-11.6046	0.444421	0.543475	0.0121047	0.625346
795	-27.488	-21.661	-20.3456	0.000599503	0.637147	0.362254	1.68058
796	-34.8278	-27.7377	-25.3865	0.000102257	0.384333	0.615565	2.1573
797	-24.8805	-19.0043	-17.6654	0.000565908	0.631747	0.367687	1.69082
798	-15.4725	-11.936	-11.7846	0.00783296	0.842601	0.149566	1.27421
799	-17.6381	-16.3483	-17.2474	0.0764479	0.869563	0.0539896	1.03315
800	-32.8285	-29.2114	-28.8781	0.00702091	0.818667	0.174312	1.32147
801	-54.6553	-39.8031	-34.1802	2.62031e-09	0.0231402	0.97686	2.8367
802	-18.8332	-17.0112	-17.2111	0.0438837	0.849929	0.106187	1.16041
803	-4.65258	-5.35972	-6.8014	0.384634	0.593932	0.021434	0.696349
804	-14.6459	-11.2256	-11.3141	0.00907906	0.86949	0.121431	1.2202
805	-4.43293	-5.23862	-6.88637	0.40978	0.573381	0.016839	0.665224
806	-23.53	-19.0604	-17.7318	0.00231465	0.632999	0.364686	1.68362
807	-3.66626	-4.71667	-6.85991	0.472793	0.51794	0.00926757	0.59464
808	-35.8045	-27.599	-24.9596	2.7804e-05	0.318796	0.681177	2.28073
809	-35.8337	-25.5737	-22.2848	2.19543e-06	0.196424	0.803574	2.51089
810	-30.1869	-22.1286	-19.7795	3.88856e-05	0.384824	0.615137	2.15655
811	-10.8151	-9.36407	-9.94549	0.0644946	0.861975	0.0735305	1.08058
812	-8.44298	-9.04784	-10.2966	0.359027	0.614097	0.0268769	0.729482
813	-6.88658	-7.8034	-9.6544	0.438201	0.54865	0.0131492	0.632871
814	-16.3321	-17.1373	-18.7858	0.409679	0.573491	0.01683	0.665297
815	-17.0151	-18.1445	-20.4466	0.493138	0.499241	0.00762045	0.573349
816	-3.66626	-4.71667	-6.85991	0.472793	0.51794	0.00926757	0.59464
817	-54.7947	-42.1997	-37.6533	7.03285e-08	0.0649945	0.935005	2.75801
818	-23.7169	-22.2713	-22.8602	0.0648569	0.862148	0.0729951	1.07925
819	-42.5272	-34.1733	-31.2745	1.9947e-05	0.265288	0.734692	2.38136
820	-11.3041	-12.1685	-13.9402	0.424856	0.5606	0.0145443	0.647428
821	-34.3973	-30.6941	-30.2049	0.00626207	0.795721	0.198017	1.36671
822	-3.66626	-4.71667	-6.85991	0.472793	0.51794	0.00926757	0.59464
823	-4.75118	-5.6299	-7.42864	0.428537	0.557388	0.0140753	0.643255
824	-12.5076	-11.0601	-11.6525	0.0647573	0.862474	0.0727685	1.07891
825	-28.8858	-22.8884	-21.2452	0.000443359	0.558713	0.440844	1.82848
826	-29.7321	-26.2778	-26.2295	0.00862501	0.854549	0.136826	1.24955
827	-16.9536	-13.1993	-12.61	0.00582995	0.77972	0.21445	1.398
828	-38.5158	-30.4382	-28.0587	3.74333e-05	0.377674	0.622288	2.17
829	-18.2336	-14.6529	-14.3986	0.00737718	0.82944	0.163183	1.30022
830	-9.18905	-10.1014	-11.9701	0.437196	0.549858	0.0129466	0.633389
831	-22.7525	-19.1063	-18.7301	0.00677016	0.812614	0.180616	1.33354
832	-14.2176	-15.1031	-16.9174	0.430299	0.555881	0.0138198	0.641198
833	-25.487	-19.823	-18.8299	0.000783807	0.707715	0.291501	1.54738
834	-24.2138	-18.5472	-17.5681	0.000785013	0.710588	0.288627	1.54198
835	-16.1252	-14.8244	-15.6203	0.0752306	0.865211	0.0595586	1.04471
836	-23.2833	-19.7032	-19.3062	0.0072011	0.809178	0.183621	1.33881
837	-43.1878	-30.6291	-26.1842	8.01629e-08	0.0714361	0.928564	2.74589
838	-21.4642	-16.9992	-15.9357	0.00254124	0.691761	0.305698	1.5725
839	-10.904	-9.55224	-10.3253	0.0716602	0.867259	0.0610807	1.05076
840	-3.69902	-4.6404	-6.56473	0.444664	0.543238	0.0120989	0.625117
841	-3.66626	-4.71667	-6.85991	0.472793	0.51794	0.00926757	0.59464
842	-8.61977	-9.51168	-11.3309	0.431893	0.554392	0.0137156	0.639577
843	-24.781	-20.201	-18.544	0.00181576	0.554558	0.443626	1.83249
844	-39.755	-31.5297	-28.7787	2.52291e-05	0.295077	0.704898	2.32533
845	-14.894	-13.5983	-14.4751	0.0759345	0.868903	0.0551623	1.03581
846	-22.9357	-17.1788	-16.01	0.000676447	0.670241	0.329083	1.61814
847	-51.5908	-39.0247	-34.5465	7.71451e-08	0.0692561	0.930744	2.74999
848	-12.5424	-11.111	-11.7127	0.0657833	0.862151	0.0720661	1.07667
849	-18.666	-15.1204	-14.9284	0.00771442	0.837463	0.154823	1.2842
850	-30.8339	-24.8703	-23.2881	0.000470851	0.57367	0.42586	1.80028
851	-9.05495	-9.84482	-11.4672	0.405785	0.576839	0.017376	0.669806
852	-11.4229	-12.3012	-14.0989	0.428413	0.557495	0.014092	0.643396
853	-10.8527	-11.6031	-13.1387	0.395674	0.585104	0.0192228	0.68232
854	-14.5676	-13.1274	-13.7141	0.0651761	0.861703	0.0731209	1.0792
855	-11.7597	-10.455	-11.3142	0.0752308	0.868645	0.0561246	1.03825
856	-35.0576	-29.2198	-27.8886	0.00058969	0.633505	0.365905	1.68745
857	-25.6923	-19.8626	-18.5595	0.000600597	0.640014	0.359386	1.67518
858	-13.6767	-12.2343	-12.82	0.0650404	0.861762	0.0731975	1.07947
859	-21.4122	-22.1525	-23.6819	0.393222	0.587361	0.0194171	0.684878
860	-38.8072	-28.2794	-24.4451	1.06122e-06	0.124096	0.875903	2.64688
861	-8.40141	-9.34988	-11.2879	0.446489	0.541612	0.0118992	0.62311
862	-39.4479	-35.7661	-35.2919	0.00641521	0.797962	0.195622	1.36207
863	-4.94209	-5.55285	-6.81405	0.360507	0.612996	0.0264976	0.727446
864	-52.5214	-37.6956	-32.1346	2.85791e-09	0.0245812	0.975419	2.83399
865	-9.27036	-7.95453	-8.80077	0.0744097	0.868725	0.0568652	1.04038
866	-10.4431	-9.26131	-10.3566	0.0852409	0.870346	0.0444131	1.00728
867	-17.9485	-14.3873	-14.17	0.00756658	0.834247	0.158186	1.29066
868	-20.9217	-17.2217	-16.7386	0.00628912	0.796671	0.19704	1.36485
869	-15.8986	-12.5126	-12.6615	0.00946059	0.87544	0.1151	1.20795
872	-20.6086	-19.2047	-19.8242	0.067583	0.861661	0.0707564	1.0726
873	-22.2692	-16.5165	-15.3677	0.000683764	0.67463	0.324686	1.60987
874	-34.1015	-26.0697	-23.7829	4.14733e-05	0.399694	0.600265	2.12859
875	-14.5233	-15.4602	-17.3716	0.44349	0.544231	0.0122787	0.626505
876	-10.9394	-9.62901	-10.4869	0.0748313	0.868946	0.0562224	1.03879
877	-14.9722	-15.7775	-17.4245	0.409684	0.573461	0.0168543	0.665338
878	-31.3224	-23.3469	-21.1752	4.69381e-05	0.427583	0.57237	2.07613
879	-27.1148	-23.5729	-23.3994	0.00776492	0.839832	0.152403	1.27961
880	-26.6071	-20.5454	-18.7587	0.000389265	0.52314	0.476471	1.89552
881	-13.9733	-12.7997	-13.9081	0.0859342	0.870237	0.0438292	1.00556
882	-31.6376	-27.5091	-26.8053	0.00391563	0.761293	0.234791	1.43796
883	-24.2692	-18.4121	-17.0262	0.000566787	0.620739	0.378695	1.71152
884	-16.155	-14.717	-15.3231	0.0654	0.862794	0.0718063	1.07653
885	-38.4232	-27.9952	-24.4209	1.46677e-06	0.155232	0.844766	2.58834
886	-3.91367	-5.15213	-7.6956	0.521218	0.473108	0.00567319	0.544578
887	-11.0578	-9.85833	-10.9403	0.0838209	0.871131	0.0450482	1.00974
888	-8.2753	-9.15371	-10.9582	0.428494	0.557509	0.0139972	0.643146
889	-16.1749	-12.4241	-11.8402	0.00585722	0.780595	0.213547	1.39628
890	-12.9653	-13.6934	-15.1988	0.39012	0.589905	0.0199751	0.688701
891	-22.1864	-16.3801	-15.0974	0.000619248	0.644659	0.354722	1.6664
892	-15.1142	-11.4437	-11.0242	0.00655565	0.806311	0.187133	1.34599
893	-29.742	-21.6357	-19.1862	3.48042e-05	0.36136	0.638605	2.20068
894	-9.34957	-10.1795	-11.8882	0.41606	0.568238	0.0157015	0.657469
895	-7.77266	-8.81423	-10.9218	0.47043	0.519929	0.00964115	0.597456
896	-28.8435	-23.2057	-22.2841	0.000821134	0.722233	0.276945	1.51998
897	-8.95042	-9.90575	-11.8589	0.448261	0.540052	0.0116868	0.621125
898	-24.3888	-20.69	-20.2029	0.006292	0.796023	0.197685	1.36606
899	-10.1531	-10.9838	-12.6976	0.416291	0.568092	0.0156169	0.657103
900	-15.8492	-14.6294	-15.6347	0.0819793	0.869478	0.0485431	1.01796
901	-29.3055	-21.3317	-19.1732	4.73735e-05	0.430807	0.569145	2.07007
902	-8.60441	-9.40384	-11.0501	0.408258	0.574835	0.0169068	0.666712
903	-4.13372	-5.21753	-7.4412	0.481464	0.510114	0.00842213	0.585296
904	-20.7438	-17.1564	-16.8807	0.00730227	0.826555	0.166142	1.30585
905	-9.33123	-10.1261	-11.7617	0.407089	0.575795	0.0171167	0.668153
906	-34.9147	-33.4621	-33.9952	0.0641678	0.858927	0.0769053	1.08722
907	-9.53495	-10.3265	-11.9556	0.406227	0.576524	0.0172486	0.669171
908	-26.6195	-23.0498	-22.8195	0.00748778	0.832574	0.159938	1.29402
909	-5.80854	-6.63046	-8.33041	0.414066	0.570045	0.0158896	0.659606
910	-9.48946	-10.44	-12.3963	0.447099	0.541226	0.0116749	0.622142
911	-20.421	-15.7777	-14.0926	0.00168329	0.547658	0.450658	1.84583
912	-10.5285	-11.138	-12.4007	0.360238	0.61329	0.0264718	0.727637
913	-18.5978	-16.3665	-16.3056	0.0286584	0.835809	0.135532	1.2292
914	-12.2414	-11.0529	-12.1333	0.0846599	0.870267	0.0450736	1.00904
915	-14.7853	-11.216	-10.9965	0.0075037	0.834007	0.158489	1.29128
916	-19.0706	-15.6669	-15.7532	0.00922726	0.869132	0.12164	1.22046
917	-29.1046	-23.0759	-21.3072	0.000405791	0.527623	0.471971	1.88704
918	-15.0928	-13.8237	-14.7064	0.0778488	0.867405	0.054746	1.03332
919	-9.98091	-8.45029	-8.85732	0.0590252	0.854222	0.0867526	1.11033
920	-25.7329	-20.0076	-18.9042	0.000712999	0.68449	0.314797	1.59125
921	-5.19754	-5.71956	-6.80017	0.338481	0.628951	0.0325684	0.758556
922	-15.2214	-13.8869	-14.6264	0.0726729	0.864372	0.062955	1.05338
923	-21.908	-18.1848	-17.6534	0.00608654	0.789089	0.204824	1.37967
924	-9.30068	-8.09552	-9.15835	0.0833142	0.870786	0.0459001	1.0118
925	-23.6309	-17.9612	-17.0077	0.000788301	0.715817	0.283394	1.53214
926	-9.36853	-10.4248	-12.5877	0.474339	0.516597	0.00906347	0.592873
927	-4.90125	-5.88707	-7.92	0.456219	0.533129	0.0106519	0.612064
928	-13.5102	-14.453	-16.3788	0.445019	0.542907	0.0120742	0.624754
929	-22.1299	-23.084	-25.0218	0.447888	0.540242	0.0118705	0.621805
930	-24.7823	-18.7473	-17.0276	0.00041253	0.539803	0.459784	1.86412
931	-16.7196	-15.3583	-16.1172	0.0709684	0.867094	0.0619376	1.05299
932	-10.0881	-8.74291	-9.5342	0.0721834	0.867803	0.0600135	1.04829
933	-25.4186	-19.6885	-18.5385	0.000699077	0.674369	0.324932	1.61031
934	-3.27129	-4.18984	-6.06471	0.438762	0.548405	0.0128333	0.631776
935	-45.0177	-36.7626	-34.0276	2.47658e-05	0.298408	0.701567	2.31907
937	-4.0023	-4.95143	-6.90118	0.446713	0.541529	0.0117582	0.622644
938	-35.0032	-33.3458	-33.504	0.0511043	0.839541	0.109355	1.15991
939	-32.1162	-26.1051	-24.3958	0.000424529	0.542388	0.457187	1.85923
940	-25.2172	-21.6324	-21.331	0.00728989	0.822978	0.169732	1.31261
941	-32.0213	-25.9523	-24.1563	0.00038474	0.520807	0.478808	1.89992
942	-45.692	-35.2904	-31.6821	1.46328e-06	0.150823	0.849175	2.59663
943	-48.5287	-39.5851	-35.9187	5.98355e-06	0.143522	0.856472	2.61034
944	-22.509	-16.4933	-14.8082	0.00042725	0.548377	0.451196	1.84796
945	-22.4061	-18.6483	-18.0289	0.0057719	0.774638	0.21959	1.40771
946	-28.5296	-21.9299	-19.8784	0.00019864	0.457143	0.542659	2.02013
947	-33.9345	-25.7137	-23.0338	2.66329e-05	0.310051	0.689922	2.29717
973	-55.2788	-42.295	-36.9753	2.27985e-08	0.0310806	0.968919	2.82177
974	-42.5091	-34.0563	-30.9438	1.5377e-05	0.225758	0.774227	2.4557
1006	-26.543	-22.6723	-21.8305	0.00489106	0.734912	0.260197	1.48485
1007	-15.4856	-14.0003	-14.505	0.0620937	0.858804	0.0791019	1.0932
1008	-27.9998	-24.081	-23.1548	0.00455803	0.718613	0.276829	1.51642
1009	-32.119	-26.178	-24.6401	0.000490684	0.584438	0.415071	1.77998
1010	-28.5248	-22.4372	-20.5994	0.000370089	0.510378	0.489252	1.91957
1011	-48.9919	-36.1585	-31.1367	3.53118e-08	0.0414204	0.95858	2.80233
1012	-11.4373	-9.90504	-10.3129	0.0589393	0.854369	0.0866921	1.11029
1013	-43.9199	-33.4932	-29.8222	1.35251e-06	0.142961	0.857037	2.61141
1014	-43.4985	-35.2654	-32.5436	2.55511e-05	0.301154	0.69882	2.31391
1015	-14.3756	-12.7292	-12.9015	0.0517144	0.840363	0.107923	1.15667
1016	-15.3745	-13.9054	-14.4258	0.0631232	0.858985	0.0778915	1.09001
1017	-15.4307	-13.8786	-14.2517	0.0576734	0.852731	0.0895953	1.11688
1018	-46.9652	-36.4692	-32.6985	1.15796e-06	0.131176	0.868823	2.63357
1019	-20.0722	-16.3786	-15.9013	0.00633643	0.797539	0.196125	1.36309
1020	-27.9953	-21.9448	-20.1855	0.000398785	0.529959	0.469643	1.88267
1021	-34.9294	-28.7506	-26.7403	0.000309344	0.467355	0.532336	2.00063
1022	-24.6872	-18.6459	-16.894	0.000403854	0.531805	0.467791	1.87918
1023	-35.3725	-27.0404	-24.1577	2.06283e-05	0.268425	0.731555	2.37546
1024	-18.6873	-14.994	-14.5289	0.00635352	0.799436	0.194211	1.35948
1025	-20.2952	-16.555	-15.9864	0.0059387	0.783086	0.210976	1.39137
1026	-29.6055	-23.4921	-21.6058	0.000352104	0.498293	0.501355	1.94234
1027	-58.0108	-43.5872	-37.3532	2.20632e-09	0.0126926	0.987307	2.85635
1028	-21.9772	-20.4526	-20.8678	0.0593982	0.854527	0.086075	1.10872
1029	-23.0089	-16.9112	-15.061	0.000364149	0.507288	0.492348	1.92539
1030	-18.8453	-14.856	-13.7793	0.00406637	0.687881	0.308053	1.57557
1031	-10.4007	-9.15416	-10.1555	0.0799732	0.871192	0.0488346	1.0203
1032	-29.6899	-25.8898	-25.2004	0.0054473	0.762693	0.23186	1.43107
1033	-4.71204	-5.46628	-7.01779	0.396709	0.584394	0.0188963	0.68078
1034	-42.393	-29.5425	-24.5116	3.44128e-08	0.0410602	0.95894	2.80301
1035	-15.8772	-14.3066	-14.6402	0.0564722	0.850563	0.0929645	1.12429
1036	-33.611	-25.3112	-22.4918	2.23049e-05	0.281028	0.71895	2.35176
1037	-25.2082	-19.0922	-17.2051	0.000351032	0.498066	0.501583	1.94277
1089	-41.8481	-31.4014	-27.7342	1.33015e-06	0.143423	0.856576	2.61054
1109	-17.8629	-14.1286	-13.5651	0.00597981	0.783897	0.210123	1.38973
1110	-19.0451	-15.3087	-14.7573	0.0059825	0.78588	0.208138	1.38599
1111	-50.372	-37.5229	-32.4825	3.41496e-08	0.040687	0.959313	2.80371
1112	-42.9298	-32.263	-28.1405	7.14471e-07	0.0960018	0.903997	2.6997
1113	-9.4729	-7.89576	-8.20605	0.0559991	0.849018	0.0949825	1.12851
1122	-11.9961	-10.2918	-10.283	0.0479198	0.825088	0.126992	1.19592
1169	-16.8568	-12.6996	-11.3071	0.00308654	0.617634	0.379279	1.71036
1170	-10.3471	-8.66861	-8.7552	0.0496845	0.833668	0.116647	1.17489
1171	-9.58651	-7.91002	-8.01007	0.0498587	0.834887	0.115255	1.17212
1172	-19.9426	-15.8979	-14.6905	0.0036892	0.659658	0.336653	1.62968
1173	-31.3827	-25.0757	-22.7769	0.000230995	0.396724	0.603045	2.13365
1200	-45.423	-33.845	-28.5911	9.91035e-08	0.0331234	0.966876	2.81793
1201	-13.0105	-11.4484	-11.7419	0.0567091	0.846932	0.0963585	1.13046
1202	-34.6783	-25.268	-21.652	3.91717e-06	0.149842	0.850155	2.59847
1203	-3.52943	-3.90255	-4.66664	0.302139	0.651559	0.046302	0.816876
1204	-12.3756	-10.4454	-10.0502	0.0364028	0.785638	0.177959	1.30205
1205	-47.8534	-36.7619	-31.7751	2.08443e-07	0.042832	0.957168	2.79968
1206	-19.3673	-15.1185	-13.5182	0.00259021	0.567999	0.429411	1.80507
1207	-15.0633	-12.9892	-12.3537	0.0302108	0.752915	0.216874	1.38075
1208	-11.6986	-9.83093	-9.55874	0.0394738	0.800234	0.160292	1.26608
1209	-27.6139	-21.1106	-18.4312	0.000148382	0.310132	0.689719	2.29668
1210	-3.53837	-3.72679	-4.10634	0.25875	0.671186	0.0700636	0.900352
1211	-4.57662	-4.6307	-4.74578	0.228812	0.67887	0.0923183	0.968968
1212	-3.31494	-3.65333	-4.33743	0.293722	0.655795	0.0504839	0.832266
1213	-3.37474	-3.71784	-4.42729	0.29507	0.655716	0.049214	0.828672
1214	-29.1657	-22.6857	-20.0356	0.000154961	0.316434	0.683411	2.28482
1215	-19.9814	-15.6331	-13.8732	0.00218336	0.528869	0.468948	1.87977
1216	-24.8324	-18.5762	-16.3932	0.000260178	0.42473	0.575009	2.08091
1217	-4.7922	-5.39497	-6.63731	0.358485	0.614449	0.0270662	0.730323
1218	-8.62831	-8.99679	-9.75994	0.301146	0.652446	0.0464082	0.817964
1219	-4.59809	-4.732	-5.0766	0.247807	0.678813	0.0733799	0.916374
1276	-23.5307	-21.4703	-20.8136	0.0304746	0.749103	0.220422	1.38719
1277	-11.2213	-9.205	-8.6351	0.0323988	0.762031	0.20557	1.35754
1278	-12.4894	-10.6164	-10.3334	0.039204	0.799012	0.161784	1.26913
1279	-4.19804	-4.46063	-5.00485	0.276106	0.665015	0.058879	0.863803
1280	-13.5319	-11.4683	-10.8541	0.0306612	0.756132	0.213207	1.37346
1281	-34.7104	-30.5602	-29.1343	0.00306863	0.609764	0.387167	1.72521
1282	-12.9988	-10.8964	-10.1797	0.0288634	0.739947	0.231189	1.40887
1283	-35.2135	-28.6856	-25.9675	0.00014094	0.301902	0.697957	2.31218
1340	-11.7442	-9.73238	-9.17251	0.0326065	0.763486	0.203907	1.35423
1341	-30.2778	-23.939	-21.5824	0.000216017	0.383	0.616784	2.15949
1342	-31.1328	-24.6818	-22.1354	0.000171053	0.339264	0.660565	2.24185
1343	-22.3504	-18.2857	-17.0542	0.00358697	0.654346	0.342067	1.63995
1344	-44.1929	-33.2838	-28.6688	3.55948e-07	0.0609458	0.939054	2.76562
1345	-41.5788	-32.8891	-29.2875	8.15162e-06	0.151677	0.848315	2.595
1346	-14.6885	-10.5973	-9.31358	0.00343039	0.64262	0.35395	1.66243
1347	-17.1202	-15.2122	-14.8601	0.0374733	0.790915	0.171612	1.28916
1348	-18.5964	-14.5032	-13.2064	0.00340774	0.639636	0.356956	1.6681
1349	-18.1147	-13.7919	-12.3452	0.00256249	0.605137	0.392301	1.73532
1350	-29.5474	-23.1853	-20.7755	0.000204166	0.370509	0.629286	2.18301
1351	-15.2658	-13.4247	-13.1664	0.0405843	0.801144	0.158272	1.26129
1352	-14.0083	-12.0707	-11.6465	0.035954	0.781753	0.182293	1.3106
1353	-16.867	-15.1109	-15.0357	0.0452167	0.819915	0.134868	1.21315
1354	-18.6637	-14.5362	-13.1619	0.00320121	0.621817	0.374981	1.70218
1355	-13.659	-11.8629	-11.7389	0.0432295	0.815863	0.140908	1.22628
1356	-14.6365	-10.6662	-9.62122	0.00418401	0.694522	0.301294	1.56275
1357	-15.6367	-11.54	-10.2654	0.00342293	0.644702	0.351875	1.65854
1358	-15.8711	-14.1019	-14.022	0.0446269	0.819876	0.135497	1.21486
1505	-21.5194	-17.2104	-15.5327	0.00235775	0.549109	0.448533	1.84123
1506	-17.9877	-15.6481	-14.9477	0.0229944	0.747316	0.22969	1.4113
1507	-18.457	-14.3861	-13.1299	0.00353468	0.648802	0.347663	1.65052
1566	-14.5183	-12.3443	-11.4351	0.0256614	0.706677	0.267662	1.48031
1567	-13.2797	-11.2471	-10.6002	0.0313722	0.750093	0.218535	1.38284
1568	-4.32453	-4.38966	-4.54394	0.231588	0.679552	0.0888595	0.959982
1569	-12.1964	-9.96696	-9.03808	0.0241817	0.703917	0.271901	1.48961
1570	-4.57219	-4.62302	-4.73126	0.228092	0.678945	0.0929628	0.970823
1571	-31.6523	-25.1006	-22.2936	0.000129243	0.28352	0.716351	2.34677
1572	-13.1066	-10.9675	-10.1349	0.0270834	0.720249	0.252668	1.45085
1573	-32.5763	-25.9814	-23.1007	0.000117351	0.268799	0.731084	2.37449
1574	-9.67258	-9.72988	-9.86751	0.229854	0.679766	0.0903797	0.964391
1575	-20.2486	-15.9293	-14.1701	0.00224814	0.52901	0.468742	1.87932
1576	-3.30662	-3.48351	-3.84681	0.256249	0.67241	0.0713409	0.90499
1577	-4.18115	-4.29789	-4.53973	0.242685	0.676295	0.0810203	0.935319
1578	-4.8598	-4.93091	-5.0867	0.232683	0.678703	0.0886139	0.958541
1579	-22.7811	-18.4651	-16.7047	0.00225419	0.528675	0.46907	1.87993
1580	-33.7919	-27.2227	-24.3983	0.000125432	0.280013	0.719862	2.35338
1581	-10.6651	-10.8106	-11.1181	0.24929	0.674982	0.0757277	0.919461
1582	-21.2224	-16.7512	-14.7464	0.00170881	0.468061	0.530231	1.99542
1583	-11.6872	-9.54074	-8.69594	0.0268071	0.71816	0.255033	1.45554
1584	-13.3153	-11.1625	-10.3027	0.0265405	0.715523	0.257937	1.46124
1585	-4.58537	-4.61997	-4.76355	0.225981	0.683661	0.0903581	0.967813
1586	-3.95085	-4.09649	-4.40491	0.249327	0.675015	0.0756576	0.919297
1587	-21.426	-17.0172	-15.0777	0.00188181	0.484246	0.513872	1.9645
1588	-2.94304	-3.16837	-3.60362	0.266894	0.66723	0.0658764	0.885197
1589	-10.2022	-8.1325	-7.43773	0.0299436	0.742971	0.227085	1.40019
1590	-4.16258	-4.26474	-4.47919	0.239474	0.677152	0.0833743	0.942617
1591	-3.78826	-3.97504	-4.36057	0.258543	0.671753	0.0697045	0.899863
1592	-4.16258	-4.26474	-4.47919	0.239474	0.677152	0.0833743	0.942617
1593	-4.57662	-4.6307	-4.74579	0.228812	0.67887	0.092318	0.968967
1594	-23.9403	-21.8714	-21.1691	0.0299161	0.741671	0.228413	1.40271
1595	-20.2979	-15.9015	-14.001	0.00194336	0.493943	0.504114	1.9461
1596	-3.62664	-3.75196	-4.0199	0.244775	0.676292	0.0789322	0.929524
1597	-3.30662	-3.48351	-3.84681	0.256249	0.67241	0.0713408	0.90499
1598	-11.3021	-11.3518	-11.4715	0.228141	0.679834	0.0920255	0.969017
1599	-4.6219	-4.72702	-4.95186	0.240222	0.677253	0.0825258	0.940353
1600	-10.5783	-10.6957	-10.9425	0.242909	0.676452	0.0806385	0.934401
1601	-4.0733	-4.17433	-4.38535	0.239199	0.677141	0.0836602	0.9434
1602	-10.6498	-8.55304	-7.80531	0.0288129	0.734485	0.236702	1.41928
1603	-4.79471	-4.85182	-4.98813	0.229791	0.679717	0.090492	0.964658
1604	-26.4422	-19.8999	-17.1096	0.000132036	0.286917	0.712951	2.34038
1605	-3.59178	-3.74165	-4.05197	0.250155	0.6744	0.0754449	0.918156
1606	-4.02197	-4.11645	-4.31608	0.237781	0.677549	0.0846699	0.946566
1607	-3.22807	-3.42053	-3.79719	0.259473	0.670349	0.070178	0.899921
1608	-2.94304	-3.16837	-3.60362	0.266894	0.66723	0.0658764	0.885197
1609	-3.78826	-3.97504	-4.36057	0.258543	0.671753	0.0697045	0.899863
1610	-4.6219	-4.72702	-4.95186	0.240222	0.677253	0.0825258	0.940353
1611	-4.15704	-4.28679	-4.56194	0.245733	0.675942	0.0783248	0.927525
1612	-4.40412	-4.49577	-4.69739	0.23731	0.678118	0.0845724	0.946804
1613	-3.62664	-3.75196	-4.0199	0.244775	0.676292	0.0789322	0.929524
1614	-4.16258	-4.26474	-4.47919	0.239474	0.677152	0.0833743	0.942617
1615	-3.93792	-4.03617	-4.25488	0.238847	0.678025	0.0831273	0.942713
1616	-10.7304	-10.851	-11.1027	0.243588	0.676204	0.0802081	0.932984
1617	-3.59178	-3.74165	-4.05197	0.250155	0.6744	0.0754449	0.918156
1618	-12.7221	-10.6685	-9.9974	0.0305772	0.746576	0.222847	1.39166
1619	-3.30662	-3.48351	-3.84681	0.256249	0.67241	0.0713409	0.90499
1620	-13.3592	-11.2277	-10.4063	0.02736	0.722119	0.250521	1.44657
1621	-13.845	-11.6926	-10.841	0.0266041	0.717025	0.256371	1.45824
1622	-4.94004	-4.90324	-4.88593	0.210367	0.683523	0.10611	1.01139
1623	-4.16258	-4.26474	-4.47919	0.239474	0.677152	0.0833743	0.942617
1624	-3.22807	-3.42053	-3.79719	0.259473	0.670349	0.070178	0.899921
1625	-4.18115	-4.29789	-4.53973	0.242685	0.676295	0.0810203	0.935319
1626	-4.6219	-4.72702	-4.95186	0.240222	0.677253	0.0825258	0.940353
1627	-3.45136	-3.64546	-4.03492	0.26002	0.670662	0.0693181	0.897815
1628	-10.9406	-8.8458	-8.0932	0.0288343	0.733596	0.237569	1.4209
1629	-20.7659	-18.6587	-17.8949	0.028411	0.731909	0.23968	1.42524
1630	-4.30835	-4.37337	-4.51217	0.231246	0.678631	0.0901231	0.962664
1631	-3.22807	-3.42053	-3.79719	0.259473	0.670349	0.070178	0.899921
1632	-3.59178	-3.74165	-4.05197	0.250155	0.6744	0.0754449	0.918156
1633	-3.22807	-3.42053	-3.79719	0.259473	0.670349	0.070178	0.899921
1634	-4.81415	-4.90967	-5.11904	0.238165	0.677938	0.0838972	0.94477
1635	-4.08429	-4.20383	-4.4511	0.243305	0.676133	0.0805616	0.933902
1636	-4.32803	-4.39876	-4.5648	0.232827	0.679375	0.087798	0.956878
1637	-3.22807	-3.42053	-3.79719	0.259473	0.670349	0.070178	0.899921
1638	-3.22807	-3.42053	-3.79719	0.259473	0.670349	0.070178	0.899921
1639	-14.7501	-12.6502	-11.8877	0.0286225	0.731976	0.239401	1.42453
1640	-3.859	-4.01226	-4.32072	0.250756	0.673733	0.0755108	0.917743
1641	-10.9115	-11.0032	-11.2048	0.237318	0.678116	0.0845657	0.946785
1642	-9.74194	-9.9095	-10.2298	0.253679	0.671905	0.0744159	0.91307
1643	-14.1538	-11.9579	-11.0213	0.0249322	0.701869	0.273199	1.49138
1644	-3.45136	-3.64546	-4.03492	0.26002	0.670662	0.0693181	0.897815
1645	-4.0733	-4.17433	-4.38535	0.239199	0.677141	0.0836602	0.9434
1646	-4.18115	-4.29789	-4.53973	0.242685	0.676295	0.0810203	0.935319
1647	-5.5233	-5.51355	-5.55098	0.21611	0.683444	0.100445	0.995607
1648	-16.2256	-13.9671	-12.9318	0.0228088	0.683515	0.293676	1.53178
1649	-18.2789	-13.9346	-12.1273	0.00214323	0.517066	0.48079	1.90207
1650	-13.0929	-13.0962	-13.1601	0.218904	0.683292	0.0978046	0.988143
1651	-4.81415	-4.90967	-5.11904	0.238165	0.677938	0.0838972	0.94477
1652	-4.57662	-4.6307	-4.74579	0.228812	0.67887	0.092318	0.968967
1653	-3.59178	-3.74165	-4.05197	0.250155	0.6744	0.0754449	0.918156
1654	-3.88802	-4.0098	-4.26573	0.243888	0.676233	0.079879	0.932097
1655	-4.0733	-4.17433	-4.38535	0.239199	0.677141	0.0836602	0.9434
1656	-4.61788	-4.67563	-4.81465	0.229962	0.679781	0.0902563	0.964062
1657	-30.6099	-23.9532	-20.9559	0.00010117	0.246519	0.75338	2.41642
1658	-3.62664	-3.75196	-4.0199	0.244775	0.676292	0.0789322	0.929524
1659	-12.8426	-10.6902	-9.82915	0.0265414	0.71528	0.258179	1.4617
1660	-4.16258	-4.26474	-4.47919	0.239474	0.677152	0.0833743	0.942617
1661	-21.1117	-16.7199	-14.821	0.00195385	0.494333	0.503713	1.94534
1662	-3.76633	-3.92497	-4.25576	0.25219	0.673943	0.0738669	0.913369
1663	-4.16258	-4.26474	-4.47919	0.239474	0.677152	0.0833743	0.942617
1664	-3.45136	-3.64546	-4.03492	0.26002	0.670662	0.0693181	0.897815
1665	-23.6252	-23.7175	-23.9212	0.237459	0.678144	0.0843971	0.946342
1666	-3.9511	-4.09735	-4.40705	0.249465	0.674978	0.0755567	0.918983
1667	-24.2673	-21.9833	-20.9062	0.0219727	0.675456	0.302572	1.54925
1668	-17.4725	-15.3565	-14.5459	0.0278506	0.723761	0.248388	1.44212
1669	-3.78826	-3.97504	-4.36057	0.258543	0.671753	0.0697045	0.899863
1670	-3.59178	-3.74165	-4.05197	0.250155	0.6744	0.0754449	0.918156
1671	-4.03859	-4.18593	-4.48299	0.249429	0.674147	0.0764238	0.920646
1672	-4.32803	-4.39876	-4.5648	0.232827	0.679375	0.087798	0.956878
1673	-19.3998	-15.0795	-13.297	0.00222134	0.523214	0.474564	1.89029
1674	-11.8616	-9.61138	-8.6235	0.0233121	0.692811	0.283877	1.5129
1675	-4.55783	-4.63157	-4.78281	0.233061	0.678011	0.0889282	0.958794
1676	-3.859	-4.01226	-4.32072	0.250756	0.673733	0.0755108	0.917743
1677	-4.1691	-4.1929	-4.33626	0.224094	0.685309	0.0905967	0.969949
1678	-4.58537	-4.61997	-4.76355	0.225981	0.683661	0.0903581	0.967813
1679	-4.40412	-4.49577	-4.69739	0.23731	0.678118	0.0845724	0.946804
1680	-17.4996	-15.4272	-14.7174	0.0297635	0.740478	0.229759	1.40538
1681	-46.3004	-35.24	-30.2951	2.23828e-07	0.0445843	0.955415	2.79638
1682	-3.91375	-4.03436	-4.28617	0.243592	0.676203	0.0802051	0.932975
1683	-4.61788	-4.67563	-4.81465	0.229962	0.679781	0.0902563	0.964062
1684	-2.94304	-3.16837	-3.60362	0.266894	0.66723	0.0658764	0.885197
1685	-10.143	-10.2902	-10.5866	0.249402	0.674122	0.0764766	0.92077
1686	-21.6292	-17.2858	-15.4803	0.00214702	0.517511	0.480342	1.90122
1687	-30.7644	-24.12	-21.1481	0.0001044	0.251246	0.74865	2.40753
1688	-4.57143	-4.65618	-4.83549	0.235613	0.677931	0.0864557	0.951863
1689	-15.1346	-12.8692	-11.8296	0.0226276	0.682771	0.294601	1.53368
1690	-4.22072	-4.27055	-4.39046	0.228164	0.679831	0.0920048	0.968958
1691	-3.73791	-3.85053	-4.08676	0.241818	0.676662	0.0815197	0.937034
1692	-13.9515	-11.8255	-11.0192	0.0276112	0.72474	0.247648	1.44094
1693	-14.4695	-12.4484	-11.8257	0.031889	0.753752	0.214359	1.37452
1694	-4.53026	-4.52522	-4.5924	0.217549	0.684761	0.0976899	0.989138
1695	-4.58537	-4.61997	-4.76355	0.225981	0.683661	0.0903581	0.967813
1696	-4.6219	-4.72702	-4.95186	0.240222	0.677253	0.0825258	0.940353
1697	-4.16258	-4.26474	-4.47919	0.239474	0.677152	0.0833743	0.942617
1698	-3.45136	-3.64546	-4.03492	0.26002	0.670662	0.0693181	0.897815
1699	-4.89789	-4.90087	-4.96403	0.218832	0.683295	0.097873	0.988336
1700	-4.16258	-4.26474	-4.47919	0.239474	0.677152	0.0833743	0.942617
1701	-4.6219	-4.72702	-4.95186	0.240222	0.677253	0.0825258	0.940353
1702	-22.8581	-18.5067	-16.6835	0.00211178	0.513124	0.484764	1.90957
1703	-3.88802	-4.0098	-4.26573	0.243888	0.676233	0.079879	0.932097
1704	-4.15704	-4.28679	-4.56194	0.245733	0.675942	0.0783248	0.927525
1705	-3.22807	-3.42053	-3.79719	0.259473	0.670349	0.070178	0.899921
1706	-2.94304	-3.16837	-3.60362	0.266894	0.66723	0.0658765	0.885198
1707	-3.45135	-3.64546	-4.03491	0.26002	0.670662	0.0693184	0.897816
1708	-3.88802	-4.0098	-4.26572	0.243888	0.676233	0.0798793	0.932098
1709	-4.56293	-4.58958	-4.71875	0.224299	0.683987	0.0917136	0.971866
1710	-4.91393	-4.92476	-5.00056	0.220445	0.68296	0.0965951	0.984491
1711	-3.30662	-3.48351	-3.8468	0.256249	0.67241	0.0713411	0.904991
1712	-4.81415	-4.90967	-5.11903	0.238165	0.677938	0.0838974	0.944771
1713	-3.91375	-4.03436	-4.28616	0.243592	0.676203	0.0802054	0.932976
1714	-4.0733	-4.17433	-4.38534	0.239199	0.677141	0.0836604	0.943401
1715	-4.0733	-4.17433	-4.38534	0.239199	0.677141	0.0836604	0.943401
1716	-3.30662	-3.48351	-3.8468	0.256249	0.67241	0.0713411	0.904991
1717	-3.53837	-3.72679	-4.10634	0.258751	0.671186	0.0700633	0.900351
1718	-3.73791	-3.85053	-4.08676	0.241818	0.676662	0.0815199	0.937034
1719	-3.76632	-3.92497	-4.25575	0.25219	0.673943	0.0738671	0.91337
1720	-3.45135	-3.64546	-4.03491	0.26002	0.670662	0.0693184	0.897816
1721	-3.62664	-3.75196	-4.01989	0.244775	0.676293	0.0789324	0.929525
1722	-4.89789	-4.90087	-4.96403	0.218832	0.683295	0.0978732	0.988337
1723	-3.22806	-3.42053	-3.79719	0.259473	0.670349	0.0701782	0.899922
1724	-3.78826	-3.97504	-4.36056	0.258542	0.671753	0.0697048	0.899864
1725	-3.30662	-3.48351	-3.8468	0.256249	0.67241	0.0713411	0.904991
1726	-10.5956	-10.6982	-10.9135	0.239565	0.677133	0.0833015	0.942398
1727	-4.16258	-4.26473	-4.47919	0.239474	0.677152	0.0833745	0.942617
1728	-12.3806	-12.4828	-12.6974	0.239489	0.677149	0.083362	0.94258
1729	-11.272	-9.15148	-8.361	0.0278678	0.727456	0.244677	1.43512
1730	-4.53026	-4.52522	-4.59239	0.217549	0.684761	0.0976901	0.989139
1731	-4.94004	-4.90324	-4.88592	0.210367	0.683523	0.10611	1.01139
1732	-4.57662	-4.6307	-4.74579	0.228812	0.67887	0.0923181	0.968967
1733	-15.0356	-12.9085	-12.0975	0.0275489	0.723925	0.248526	1.44265
1734	-3.62664	-3.75196	-4.01989	0.244775	0.676293	0.0789324	0.929525
1735	-4.03859	-4.18593	-4.48298	0.249429	0.674147	0.076424	0.920647
1736	-3.63144	-3.81083	-4.17635	0.256766	0.672086	0.0711484	0.904166
1737	-12.0453	-12.0388	-12.0847	0.216857	0.683532	0.0996114	0.99337
1738	-3.59178	-3.74165	-4.05197	0.250155	0.6744	0.0754451	0.918157
1739	-12.4932	-12.6701	-13.0332	0.256239	0.67241	0.0713513	0.905019
1740	-4.53026	-4.52522	-4.59239	0.217549	0.684761	0.0976901	0.989139
1741	-3.76632	-3.92497	-4.25575	0.25219	0.673943	0.0738671	0.91337
1742	-2.94304	-3.16836	-3.60362	0.266893	0.66723	0.0658766	0.885198
1743	-9.90333	-9.95728	-10.0687	0.228711	0.678661	0.0926287	0.969642
1744	-2.94304	-3.16836	-3.60362	0.266893	0.66723	0.0658766	0.885198
1745	-4.75261	-4.8361	-5.0108	0.235291	0.677862	0.0868469	0.952886
1746	-4.08429	-4.20382	-4.45109	0.243305	0.676133	0.0805618	0.933903
1747	-16.8745	-14.6181	-13.5974	0.0229537	0.686401	0.290645	1.52595
1748	-4.6219	-4.72702	-4.95185	0.240221	0.677253	0.0825261	0.940354
1749	-3.30662	-3.48351	-3.8468	0.256249	0.67241	0.0713411	0.904991
1750	-4.55783	-4.63157	-4.7828	0.23306	0.678011	0.0889284	0.958795
1751	-3.93792	-4.03617	-4.25488	0.238847	0.678026	0.0831275	0.942713
1752	-17.2838	-17.3391	-17.4704	0.229362	0.679691	0.0909474	0.965898
1753	-7.75414	-7.97691	-8.40198	0.266213	0.667236	0.0665511	0.887075
1754	-4.58537	-4.61997	-4.76354	0.225981	0.683661	0.0903584	0.967814
1755	-12.7589	-12.7641	-12.8318	0.219304	0.683273	0.0974233	0.987069
1756	-3.45135	-3.64546	-4.03491	0.26002	0.670662	0.0693184	0.897816
1757	-23.0844	-18.7333	-16.9073	0.00210962	0.512424	0.485466	1.91089
1758	-4.89789	-4.90087	-4.96403	0.218832	0.683295	0.0978732	0.988337
1759	-8.40876	-8.55941	-8.86711	0.250252	0.674135	0.0756131	0.918386
1760	-9.6297	-9.70328	-9.85109	0.23296	0.67783	0.0892094	0.959413
1761	-4.1691	-4.1929	-4.33625	0.224094	0.685309	0.090597	0.96995
1762	-4.68021	-4.75174	-4.91058	0.232823	0.678817	0.08836	0.957938
1763	-3.88802	-4.0098	-4.26572	0.243888	0.676233	0.0798793	0.932098
1764	-10.9406	-8.8458	-8.0932	0.0288342	0.733596	0.23757	1.4209
1765	-4.15704	-4.28679	-4.56193	0.245733	0.675942	0.0783251	0.927526
1766	-4.58537	-4.61997	-4.76354	0.225981	0.683661	0.0903584	0.967814
1767	-11.1792	-11.2979	-11.5532	0.24331	0.676703	0.0799865	0.932816
1768	-4.03859	-4.18593	-4.48298	0.249429	0.674147	0.076424	0.920647
1769	-3.22806	-3.42053	-3.79719	0.259473	0.670349	0.0701782	0.899922
1774	-4.58872	-5.03259	-5.93341	0.319108	0.641153	0.0397396	0.789364
1775	-49.6571	-39.0135	-34.8565	7.0875e-07	0.0930559	0.906943	2.70524
1776	-9.50975	-10.195	-11.6001	0.379156	0.598444	0.0224001	0.703065
1777	-30.1406	-23.8515	-21.5539	0.000235351	0.397035	0.60273	2.13305
1778	-21.1305	-17.2073	-16.2708	0.00452518	0.716565	0.278909	1.52036
1779	-22.6617	-16.5634	-14.6968	0.000360973	0.503204	0.496435	1.93308
1780	-3.95329	-4.79186	-6.50713	0.418211	0.566246	0.0155438	0.65525
1781	-10.7006	-9.03954	-9.19193	0.050894	0.839167	0.109939	1.1612
1782	-34.3459	-26.0761	-23.3036	2.37679e-05	0.290607	0.709369	2.33374
1783	-26.5487	-22.365	-20.8957	0.00291779	0.599543	0.397539	1.74485
1784	-63.4333	-48.5807	-42.8978	2.47005e-09	0.0218212	0.978179	2.83918
1785	-34.1582	-27.906	-25.7025	0.00025815	0.419741	0.580001	2.09029
1786	-32.1627	-23.8936	-21.111	2.36143e-05	0.28853	0.711447	2.33765
1787	-14.1971	-12.5097	-12.5904	0.0492308	0.833465	0.117304	1.17653
1788	-4.01071	-4.78386	-6.35932	0.401422	0.58026	0.0183185	0.67548
1789	-22.8927	-21.2744	-21.4958	0.0533924	0.843472	0.103136	1.14617
1790	-31.4182	-25.511	-23.9964	0.000512457	0.590084	0.409404	1.76931
1791	-29.4709	-25.6787	-24.849	0.0053049	0.736933	0.257762	1.4799
1792	-20.6267	-17.0092	-16.6544	0.0069917	0.815587	0.177421	1.32734
1793	-27.8617	-26.3632	-26.837	0.0611771	0.857376	0.0814472	1.09843
1807	-9.28816	-9.44015	-9.76881	0.250898	0.674966	0.074136	0.915031
1808	-28.9661	-22.547	-20.0342	0.000180526	0.346825	0.652995	2.22761
1809	-34.3592	-25.7424	-22.2776	9.83459e-06	0.170126	0.829864	2.56031
1821	-21.0271	-19.1681	-18.9079	0.0398787	0.801484	0.158638	1.26261
1822	-13.4833	-11.63	-11.3803	0.0401656	0.802636	0.157199	1.25965
1823	-8.128	-8.53672	-9.35554	0.310454	0.646079	0.0434672	0.804111
