Sites	Ll_YN98.omega=0.0563253	Ll_YN98.omega=1	Ll_YN98.omega=3.45245	Pr_YN98.omega=0.0563253	Pr_YN98.omega=1	Pr_YN98.omega=3.45245	mean
1	-4.17199	-6.51866	-12.1484	0.895184	0.104781	3.52243e-05	0.155324
2	-5.2445	-6.95247	-10.9933	0.81829	0.181411	0.000298745	0.228533
3	-13.8182	-15.8049	-20.5571	0.856239	0.143645	0.000116136	0.192274
4	-7.79157	-9.39019	-13.1944	0.801393	0.198194	0.000413489	0.24476
5	-10.6472	-9.70411	-13.0657	0.240878	0.756664	0.00245761	0.778716
6	-4.98316	-6.60779	-10.575	0.805549	0.194107	0.000344053	0.240667
7	-4.72084	-6.29342	-10.168	0.797239	0.202368	0.000393526	0.248631
8	-7.65932	-9.23283	-13.0674	0.797377	0.202214	0.000409288	0.248539
9	-4.6663	-6.26565	-10.2458	0.801562	0.198091	0.000346628	0.244436
10	-4.59819	-6.29493	-10.4204	0.816636	0.183087	0.000277018	0.230041
11	-5.02108	-6.63334	-10.4415	0.803556	0.196037	0.000407393	0.242704
12	-4.56219	-6.43707	-10.8589	0.841874	0.157948	0.000177695	0.20598
13	-4.59819	-6.29493	-10.4204	0.816636	0.183087	0.000277018	0.230041
14	-5.50022	-6.65813	-9.52314	0.72133	0.277191	0.00147929	0.322927
15	-4.72084	-6.29342	-10.168	0.797239	0.202368	0.000393526	0.248631
16	-21.4351	-20.1626	-22.7322	0.185252	0.808947	0.00580062	0.839408
17	-11.3701	-13.2741	-17.741	0.845715	0.154119	0.000165746	0.202327
18	-22.7742	-18.6773	-20.1995	0.0131439	0.967089	0.0197675	1.03608
19	-5.01963	-6.56567	-10.3442	0.792882	0.206675	0.000442422	0.252862
20	-11.6563	-13.1121	-16.6811	0.777585	0.221829	0.000585568	0.267648
21	-4.17199	-6.51866	-12.1484	0.895184	0.104781	3.52243e-05	0.155324
22	-26.2069	-18.9647	-18.5047	0.000509236	0.870362	0.129129	1.3162
23	-13.0854	-11.5739	-13.7299	0.151384	0.839512	0.00910401	0.87947
24	-4.33131	-6.31852	-11.0881	0.856301	0.143585	0.000114089	0.19221
25	-31.6512	-27.454	-28.6424	0.0118108	0.96077	0.0274192	1.0561
26	-16.2478	-17.3993	-20.2388	0.720011	0.278465	0.00152456	0.324283
27	-4.99822	-6.42078	-9.91133	0.771746	0.227604	0.000649812	0.273317
28	-39.2078	-26.8958	-24.4738	1.78874e-06	0.486532	0.513466	2.25925
29	-28.6076	-21.8283	-22.5607	0.000888656	0.956067	0.0430448	1.10473
30	-4.59819	-6.29493	-10.4204	0.816636	0.183087	0.000277018	0.230041
31	-31.7883	-21.7905	-20.4935	2.77033e-05	0.744798	0.255174	1.62577
32	-9.05034	-10.309	-13.3687	0.741305	0.257564	0.00113136	0.303224
33	-25.1963	-20.8237	-21.7342	0.00984283	0.954203	0.0359545	1.07889
34	-4.37252	-6.33	-10.9305	0.852585	0.147276	0.000138573	0.195777
35	-38.0688	-28.1365	-26.7767	2.90981e-05	0.73267	0.267301	1.65551
36	-4.51149	-5.95551	-9.47831	0.77552	0.223861	0.000618842	0.269679
37	-4.99822	-6.42078	-9.91133	0.771746	0.227604	0.000649812	0.273317
38	-42.7827	-30.1326	-27.2916	1.00665e-06	0.383938	0.616061	2.51086
39	-14.712	-13.7555	-17.0694	0.238404	0.75901	0.0025858	0.781366
40	-14.6387	-13.1078	-15.1731	0.14879	0.841222	0.00998876	0.884088
41	-5.50022	-6.65813	-9.52314	0.72133	0.277191	0.00147929	0.322927
42	-10.751	-9.4102	-11.7124	0.174847	0.817494	0.00765921	0.853785
43	-22.3466	-17.9345	-18.6834	0.00940625	0.948581	0.042013	1.09416
44	-5.12605	-6.73116	-10.5427	0.802427	0.197165	0.000408332	0.243772
45	-8.63287	-10.3154	-14.2578	0.814452	0.185212	0.000336535	0.232248
46	-5.25983	-6.73481	-10.2683	0.780868	0.218535	0.000597693	0.264581
47	-6.71307	-8.6913	-13.35	0.855181	0.144691	0.000128449	0.193303
48	-5.16166	-6.62015	-10.1962	0.778052	0.221367	0.000580188	0.267195
49	-9.10329	-10.7047	-14.6728	0.801893	0.197757	0.000350232	0.244133
50	-7.63349	-9.24522	-13.1388	0.803499	0.196127	0.000374196	0.242676
51	-15.8732	-14.6197	-17.3442	0.188306	0.806739	0.00495517	0.834453
52	-5.19195	-6.29576	-9.05186	0.710202	0.288083	0.00171433	0.334004
53	-8.42049	-10.359	-14.8993	0.850181	0.14967	0.000149568	0.198073
54	-14.5197	-16.1476	-19.9323	0.806001	0.193588	0.000411842	0.240408
55	-36.8203	-26.8013	-25.5344	2.73283e-05	0.750478	0.249495	1.61185
56	-22.837	-18.6592	-20.0039	0.0120865	0.964374	0.023539	1.04632
57	-29.4365	-19.5826	-18.6887	3.49512e-05	0.813669	0.186296	1.45685
58	-12.2384	-10.9619	-13.5227	0.184651	0.809492	0.00585664	0.840113
59	-7.73938	-9.41491	-13.4719	0.813422	0.186276	0.000301826	0.233135
60	-16.1549	-14.7435	-17.0917	0.164954	0.82764	0.00740553	0.862499
61	-5.02108	-6.63334	-10.4415	0.803556	0.196037	0.000407393	0.242704
62	-12.2295	-13.3951	-16.1805	0.722802	0.275605	0.00159285	0.321816
63	-15.1941	-13.6367	-15.5017	0.145131	0.842644	0.0122249	0.893024
64	-4.98316	-6.60779	-10.575	0.805549	0.194107	0.000344053	0.240667
65	-4.98316	-6.60779	-10.575	0.805549	0.194107	0.000344053	0.240667
66	-5.12605	-6.73116	-10.5427	0.802427	0.197165	0.000408332	0.243772
67	-11.4393	-10.0955	-12.4608	0.174508	0.818294	0.0071982	0.852975
68	-5.18959	-6.81511	-10.6508	0.805649	0.193959	0.000392142	0.240691
69	-5.61011	-6.57996	-8.96392	0.681297	0.315975	0.00272801	0.363768
70	-5.12605	-6.73116	-10.5427	0.802427	0.197165	0.000408332	0.243772
71	-5.46985	-6.94954	-10.5175	0.781689	0.217736	0.000575342	0.263751
72	-9.9157	-11.4467	-15.1847	0.790386	0.209148	0.000466205	0.255276
73	-4.72084	-6.29342	-10.168	0.797239	0.202368	0.000393526	0.248631
74	-5.33179	-6.80267	-10.407	0.780198	0.219243	0.00055862	0.265117
75	-5.16166	-6.62015	-10.1962	0.778052	0.221367	0.000580188	0.267195
76	-4.22748	-6.20424	-10.8211	0.854994	0.144871	0.000134099	0.193492
77	-9.01053	-10.4767	-14.0218	0.779366	0.220039	0.00059487	0.265991
78	-4.72084	-6.29342	-10.168	0.797239	0.202368	0.000393526	0.248631
79	-17.8906	-13.5223	-14.3946	0.00987068	0.952829	0.0373003	1.08216
80	-12.7787	-11.5869	-14.423	0.198012	0.797606	0.00438172	0.823887
81	-33.3445	-26.1742	-25.9607	0.000563036	0.895597	0.10384	1.25413
82	-9.51771	-11.09	-14.9605	0.797195	0.20241	0.000395209	0.248677
83	-21.0825	-20.1936	-23.6275	0.250972	0.746772	0.00225628	0.768698
84	-4.2038	-6.22783	-11.0654	0.860779	0.139118	0.000103275	0.187958
85	-5.50022	-6.65813	-9.52314	0.72133	0.277191	0.00147929	0.322927
86	-4.64928	-6.57657	-11.1936	0.848753	0.151107	0.000139856	0.199396
87	-4.99822	-6.42078	-9.91133	0.771746	0.227604	0.000649812	0.273317
88	-4.72084	-6.29342	-10.168	0.797239	0.202368	0.000393526	0.248631
89	-9.34694	-11.318	-15.9161	0.854279	0.145584	0.000137307	0.194175
90	-4.99822	-6.42078	-9.91133	0.771746	0.227604	0.000649812	0.273317
91	-6.43541	-8.45061	-13.1737	0.859706	0.140177	0.000116686	0.189003
92	-11.8272	-12.9263	-15.2596	0.708579	0.288798	0.0026228	0.337764
93	-9.31343	-10.4917	-13.3817	0.725427	0.273151	0.00142173	0.318919
94	-10.8602	-12.4077	-16.1886	0.793136	0.206423	0.000440827	0.252618
95	-5.46985	-6.94954	-10.5175	0.781689	0.217736	0.000575342	0.263751
96	-4.72084	-6.29342	-10.168	0.797239	0.202368	0.000393526	0.248631
97	-4.2038	-6.22783	-11.0654	0.860779	0.139118	0.000103275	0.187958
98	-4.37439	-5.85285	-9.42452	0.78148	0.217947	0.000573758	0.263945
99	-10.7694	-12.2064	-15.6569	0.774252	0.22508	0.000668834	0.270999
100	-13.2806	-11.8503	-14.14	0.162295	0.829833	0.00787256	0.866154
101	-14.3863	-15.7926	-19.1751	0.768823	0.230444	0.000733049	0.276279
102	-19.5289	-15.59	-17.4858	0.0154541	0.970888	0.0136579	1.01891
103	-11.9569	-13.4492	-17.0083	0.783824	0.215602	0.000574773	0.261735
104	-10.3385	-12.3508	-17.1485	0.859361	0.14053	0.000108565	0.189309
105	-13.1611	-11.2273	-12.3371	0.102875	0.87026	0.0268652	0.968805
106	-4.71492	-6.26881	-10.095	0.794185	0.205396	0.00041921	0.251576
107	-4.55194	-6.40433	-10.7681	0.838849	0.160959	0.000191905	0.20887
108	-4.36668	-5.82746	-9.35348	0.778426	0.220965	0.000608876	0.266912
109	-5.28447	-6.77047	-10.3902	0.782786	0.21667	0.000543654	0.262638
110	-4.64114	-6.54542	-11.1029	0.845768	0.15408	0.000151347	0.202241
111	-4.36363	-6.29761	-10.8375	0.8496	0.15025	0.000150209	0.198623
112	-14.985	-16.5083	-20.2208	0.789083	0.210435	0.000481201	0.256542
113	-4.98895	-6.39458	-9.84133	0.768727	0.230586	0.0006878	0.276259
114	-14.8851	-16.1121	-19.0231	0.735051	0.263605	0.00134348	0.309645
115	-19.3254	-15.2746	-16.7582	0.0137443	0.96574	0.0205161	1.03734
116	-19.3133	-15.4692	-17.4735	0.0169871	0.970761	0.0122524	1.01402
117	-4.19483	-6.19466	-10.9697	0.857848	0.14204	0.000112248	0.190746
118	-17.2108	-12.8636	-13.8648	0.0101253	0.956945	0.0329295	1.0712
119	-32.5422	-22.6251	-21.5123	3.13776e-05	0.778212	0.221757	1.54382
120	-22.0948	-17.8322	-18.9867	0.0110614	0.960579	0.0283592	1.05911
121	-8.17053	-9.30525	-12.106	0.716573	0.281823	0.00160391	0.327722
122	-6.3353	-8.18864	-12.4673	0.838963	0.160828	0.000208788	0.208804
123	-82.8427	-58.7197	-51.6651	2.49308e-13	0.00913541	0.990865	3.43004
124	-13.7222	-15.6186	-20.1178	0.84472	0.155118	0.000161506	0.203255
125	-11.5179	-13.3743	-17.6595	0.839372	0.160421	0.000206892	0.208413
126	-8.74679	-10.1547	-13.6067	0.769141	0.230176	0.000683013	0.275857
127	-5.28447	-6.77047	-10.3902	0.782786	0.21667	0.000543654	0.262638
128	-8.60559	-10.0792	-13.5218	0.780588	0.218756	0.000655248	0.264986
129	-11.1088	-12.4952	-15.8885	0.765248	0.234016	0.000736322	0.279661
130	-6.42645	-8.41745	-13.078	0.856755	0.143118	0.000126821	0.191813
131	-12.8591	-11.439	-13.7534	0.163708	0.828622	0.00766956	0.864322
132	-4.36363	-6.29761	-10.8375	0.8496	0.15025	0.000150209	0.198623
133	-4.68954	-6.51637	-10.8478	0.835358	0.164439	0.000202509	0.21219
134	-5.31367	-6.25385	-8.59586	0.674741	0.322356	0.00290234	0.370382
135	-45.9901	-33.1141	-30.5033	9.19549e-07	0.439634	0.560365	2.37426
136	-4.97382	-6.57908	-10.4962	0.802483	0.19715	0.000367392	0.243618
137	-15.6343	-17.0374	-20.4774	0.768275	0.231031	0.000693762	0.2767
138	-9.26883	-10.6746	-14.1217	0.768757	0.230555	0.00068748	0.276229
139	-24.6034	-20.1925	-20.9505	0.00942036	0.948936	0.0416432	1.09324
140	-4.82726	-6.18963	-9.50986	0.760874	0.238319	0.000806745	0.283961
141	-4.77835	-6.62846	-11.1253	0.83856	0.161272	0.000168318	0.209085
142	-4.49196	-6.46887	-11.2049	0.855025	0.144856	0.00011903	0.193427
143	-5.41672	-6.8861	-10.3998	0.779899	0.219489	0.000612275	0.265531
144	-7.39602	-8.98022	-12.8521	0.799109	0.2005	0.000390926	0.24686
145	-4.83193	-6.42402	-10.3822	0.800399	0.199245	0.000356358	0.245558
146	-4.1705	-6.49238	-12.0581	0.892832	0.107129	3.83954e-05	0.157551
147	-9.81973	-11.2897	-14.8054	0.780007	0.219382	0.000610829	0.265425
148	-4.36465	-6.30133	-10.8482	0.849945	0.149907	0.00014882	0.198294
149	-12.4706	-11.582	-15.158	0.251098	0.746945	0.00195792	0.767847
150	-22.2127	-18.0178	-19.3779	0.01189	0.964917	0.0231934	1.04566
151	-4.56337	-6.44083	-10.8694	0.842218	0.157606	0.000176126	0.205652
152	-55.1112	-44.7851	-43.4899	1.99596e-05	0.74514	0.25484	1.62496
153	-6.41262	-7.8923	-11.4708	0.781692	0.217739	0.00056929	0.263733
154	-23.7853	-20.0011	-22.1204	0.0180403	0.971037	0.0109227	1.00976
155	-5.32735	-6.81499	-10.423	0.78306	0.21639	0.000549303	0.262393
156	-12.9347	-12.0076	-15.3491	0.243802	0.7537	0.00249776	0.776056
157	-5.19081	-6.75189	-10.5651	0.795353	0.204225	0.00042227	0.250481
158	-12.8829	-14.2508	-17.4278	0.761777	0.237296	0.000926956	0.283404
159	-18.1755	-13.9151	-14.8802	0.0110199	0.954911	0.0340695	1.07315
160	-4.51243	-5.95843	-9.48635	0.775866	0.22352	0.00061474	0.269343
161	-4.76908	-6.48107	-10.641	0.818915	0.180821	0.000264329	0.227859
173	-7.31596	-8.87052	-12.6534	0.794279	0.205283	0.000437546	0.251532
174	-18.2764	-14.3543	-16.2533	0.0157121	0.970676	0.0136119	1.01856
175	-4.50041	-5.9213	-9.38465	0.771438	0.227894	0.000668581	0.273654
176	-12.871	-11.411	-13.624	0.158188	0.833277	0.00853508	0.871654
177	-16.049	-17.5522	-21.1354	0.785686	0.213758	0.000556322	0.259932
178	-26.722	-19.4681	-19.1114	0.000509779	0.881547	0.117943	1.28877
179	-4.90063	-6.46072	-10.2992	0.7952	0.204388	0.000412056	0.250601
180	-32.817	-24.9228	-23.6123	0.000226215	0.742081	0.257693	1.63176
181	-5.03562	-6.66745	-10.6025	0.806665	0.192982	0.000353245	0.239637
182	-4.98576	-6.38555	-9.81756	0.76768	0.231619	0.000701148	0.277279
183	-4.46905	-6.35196	-10.8619	0.842954	0.156885	0.000161616	0.204922
184	-4.59917	-6.29823	-10.4298	0.816984	0.182742	0.000274834	0.229707
185	-4.90921	-6.4968	-10.4061	0.799664	0.19996	0.000375554	0.246298
186	-18.9874	-18.0965	-21.6153	0.250629	0.747297	0.00207404	0.768574
187	-4.48099	-6.39722	-10.9928	0.847325	0.152531	0.000144235	0.200754
194	-4.65908	-6.23292	-10.1472	0.797454	0.202169	0.000377819	0.24839
195	-15.6449	-17.2476	-21.0238	0.802031	0.197546	0.000423858	0.244184
196	-5.59496	-6.54929	-8.89334	0.67784	0.319291	0.00286887	0.367375
197	-19.101	-20.7355	-24.5626	0.807046	0.192561	0.000392628	0.239374
198	-6.50452	-8.4866	-13.1225	0.855655	0.144214	0.000130982	0.192861
199	-4.90063	-6.46072	-10.2992	0.7952	0.204388	0.000412056	0.250601
200	-16.3379	-12.0345	-13.0958	0.0105938	0.958351	0.0310552	1.06616
201	-13.6588	-12.244	-14.5287	0.164415	0.827693	0.00789192	0.8642
202	-15.6062	-14.1041	-16.2318	0.152563	0.838087	0.00934939	0.878959
203	-6.43644	-8.45441	-13.1847	0.860041	0.139843	0.000115572	0.188685
204	-12.0126	-13.5878	-17.4215	0.797655	0.201936	0.000409062	0.248277
205	-17.1653	-15.7132	-17.9697	0.159302	0.832534	0.00816465	0.869694
206	-27.2313	-22.9132	-23.1656	0.0100528	0.922797	0.0671507	1.1552
207	-5.12618	-6.61943	-10.2622	0.784027	0.215445	0.00052824	0.261429
208	-15.6487	-14.6866	-17.9481	0.237354	0.759918	0.00272782	0.782705
209	-12.9481	-12.0839	-15.6531	0.255732	0.742309	0.001959	0.763476
210	-5.50177	-6.66125	-9.53036	0.721651	0.276878	0.00147157	0.322605
211	-4.17218	-6.52206	-12.1602	0.895485	0.104481	3.48314e-05	0.155039
212	-4.33228	-6.32221	-11.0989	0.856636	0.143251	0.000113022	0.191891
213	-12.7117	-14.3694	-18.364	0.810693	0.188981	0.000325931	0.235769
214	-4.22856	-6.20805	-10.832	0.855333	0.144534	0.000132842	0.19317
215	-4.9706	-6.56919	-10.4695	0.801419	0.198206	0.00037562	0.244643
216	-5.50177	-6.66125	-9.53036	0.721651	0.276878	0.00147157	0.322605
217	-15.3919	-14.0159	-16.1448	0.169585	0.821265	0.00915008	0.862407
218	-14.9783	-13.7335	-16.4809	0.189659	0.805506	0.00483531	0.832882
219	-4.17218	-6.52206	-12.1602	0.895485	0.104481	3.48314e-05	0.155039
220	-12.2512	-14.1029	-18.4947	0.838759	0.161054	0.000186706	0.208942
221	-15.8527	-11.8828	-13.7428	0.0149802	0.970865	0.0141547	1.02058
222	-9.99138	-11.8675	-16.244	0.842033	0.157782	0.000185746	0.205851
223	-15.1142	-16.7803	-20.8206	0.811984	0.187707	0.000309278	0.23451
224	-5.4821	-6.62149	-9.43885	0.717541	0.280887	0.00157218	0.326731
225	-25.6623	-18.8513	-19.4845	0.000857142	0.951816	0.0473267	1.11526
226	-27.8685	-26.3579	-28.3211	0.151199	0.837785	0.0110169	0.884336
227	-16.0537	-18.008	-22.6834	0.852195	0.147676	0.000128933	0.196121
228	-4.9706	-6.56919	-10.4695	0.801419	0.198206	0.00037562	0.244643
229	-10.412	-11.9312	-15.6378	0.78842	0.211095	0.000485584	0.257179
230	-4.50041	-5.9213	-9.38465	0.771438	0.227894	0.000668581	0.273654
231	-13.6526	-12.65	-15.9382	0.230134	0.767184	0.00268164	0.789405
232	-4.58668	-6.25624	-10.3119	0.812513	0.187183	0.000303705	0.233997
233	-6.77191	-8.17869	-11.5494	0.768889	0.230369	0.000741423	0.276237
234	-4.31994	-6.27525	-10.963	0.852323	0.14755	0.00012724	0.195997
235	-4.58668	-6.25624	-10.3119	0.812513	0.187183	0.000303705	0.233997
236	-4.71288	-6.26033	-10.0702	0.793124	0.206448	0.000428297	0.2526
237	-4.19176	-6.18327	-10.9374	0.856828	0.143057	0.000115436	0.191716
238	-4.61667	-6.47856	-11.0113	0.840152	0.159687	0.000160798	0.207564
239	-11.8093	-10.9105	-14.2915	0.249078	0.748538	0.00238447	0.770799
256	-8.61529	-10.5322	-15.116	0.847407	0.152447	0.000145857	0.200681
257	-18.6225	-14.6473	-16.7864	0.0149552	0.974299	0.0107455	1.01224
258	-10.4686	-8.95868	-11.0971	0.151557	0.839182	0.00926116	0.879692
259	-13.6801	-12.6783	-15.9216	0.230239	0.766957	0.00280394	0.789606
260	-12.1922	-14.2189	-19.0208	0.861097	0.138796	0.000106776	0.187666
261	-51.1237	-38	-34.8859	5.25282e-07	0.32169	0.678309	2.66352
262	-60.961	-48.023	-45.2935	8.07281e-07	0.410627	0.589373	2.4454
263	-39.663	-35.5698	-37.0925	0.0131908	0.967054	0.0197555	1.036
264	-23.9583	-18.1102	-17.7218	0.00206812	0.87684	0.121092	1.29502
265	-20.7858	-18.9283	-20.8476	0.111779	0.876183	0.0120385	0.924041
266	-5.29634	-6.91691	-10.7621	0.804875	0.194735	0.000389989	0.241416
267	-5.43017	-6.91937	-10.4844	0.783306	0.216121	0.000572761	0.262218
268	-30.6274	-22.9625	-21.5363	0.000275786	0.719299	0.280425	1.68747
269	-42.456	-32.0506	-29.6954	1.24519e-05	0.503224	0.496763	2.21827
270	-4.65022	-6.58014	-11.204	0.849092	0.15077	0.00013859	0.199073
271	-13.3946	-11.9916	-14.3637	0.166139	0.826639	0.00722236	0.860932
272	-11.64	-10.342	-12.873	0.181385	0.812559	0.00605565	0.843682
273	-21.1063	-14.1853	-14.7231	0.000764263	0.947414	0.0518218	1.12637
274	-33.0729	-23.3924	-22.9191	4.44072e-05	0.869257	0.130698	1.32049
275	-31.3547	-29.9483	-32.1726	0.165484	0.826148	0.008368	0.864359
276	-28.1914	-21.0537	-20.9561	0.000588447	0.905871	0.0935406	1.22885
277	-12.646	-11.4848	-14.3953	0.202973	0.792983	0.00404397	0.818377
278	-37.8835	-27.7925	-26.2478	2.35478e-05	0.694953	0.305023	1.74803
279	-5.04934	-6.71138	-10.7242	0.811353	0.188328	0.00031893	0.235129
280	-4.61716	-6.4805	-11.0172	0.840349	0.159491	0.000159964	0.207376
281	-10.0437	-11.9309	-16.3808	0.843518	0.156311	0.000171	0.204413
282	-15.3394	-17.2136	-21.7649	0.841798	0.158046	0.000156204	0.206
283	-12.3067	-13.9653	-17.9588	0.810821	0.188853	0.000326071	0.235649
284	-10.7936	-9.86025	-13.2596	0.242687	0.754952	0.00236126	0.776774
285	-12.408	-13.6936	-16.8577	0.746527	0.252474	0.000999034	0.297971
286	-4.66727	-6.27004	-10.2591	0.802108	0.19755	0.000342587	0.243911
287	-24.8691	-20.6534	-21.914	0.0116187	0.962818	0.0255632	1.05173
288	-19.0813	-14.7867	-15.9138	0.0107081	0.960159	0.0291329	1.06134
289	-19.7274	-17.651	-19.2564	0.0914044	0.891824	0.0167717	0.954876
290	-4.61716	-6.4805	-11.0172	0.840349	0.159491	0.000159964	0.207376
291	-6.83945	-8.2369	-11.5857	0.767215	0.232021	0.000763311	0.27787
292	-4.70089	-6.55388	-10.9531	0.838934	0.160881	0.000185135	0.208773
293	-14.5001	-13.2336	-15.9995	0.186357	0.808876	0.00476636	0.835829
294	-9.00055	-10.4151	-13.87	0.770304	0.229018	0.000677553	0.274745
295	-36.4248	-29.2602	-29.1496	0.000572152	0.904772	0.0946554	1.2316
296	-9.48853	-10.9955	-14.6694	0.786348	0.213145	0.000506551	0.259185
297	-11.036	-12.3967	-15.5429	0.760439	0.238599	0.000961167	0.28475
298	-5.20574	-6.16711	-8.4081	0.679166	0.317669	0.00316417	0.366848
299	-8.97344	-10.2811	-13.3162	0.750577	0.248305	0.00111796	0.294441
300	-13.9043	-15.3303	-18.7933	0.77234	0.226994	0.000666197	0.272796
301	-19.0172	-14.7086	-15.7154	0.0105216	0.956737	0.0327417	1.07037
302	-14.9825	-13.6231	-16.029	0.172308	0.820759	0.00693236	0.854398
303	-4.92819	-6.81262	-11.3657	0.843159	0.156686	0.000154588	0.204711
304	-12.7057	-11.3064	-13.6374	0.166605	0.825877	0.00751814	0.861217
305	-11.822	-10.391	-12.6505	0.162159	0.829728	0.00811296	0.866871
306	-14.807	-16.5156	-20.5498	0.818384	0.181316	0.000300576	0.228449
307	-17.2273	-18.7131	-22.2827	0.782727	0.216701	0.000571661	0.262762
308	-4.78694	-6.6634	-11.2286	0.842104	0.157742	0.000153757	0.205705
309	-13.9351	-15.4488	-19.069	0.787452	0.212016	0.000531686	0.258205
310	-19.209	-18.3135	-21.7324	0.249714	0.747992	0.00229415	0.769977
311	-43.8784	-30.8618	-27.9433	6.64796e-07	0.365768	0.634231	2.55542
312	-22.2403	-17.5748	-18.4551	0.00735405	0.955538	0.0371078	1.08407
313	-22.2195	-18.0269	-19.3646	0.0119095	0.964388	0.0237027	1.04689
314	-15.6586	-11.4214	-12.7698	0.0113992	0.965132	0.0234693	1.0468
315	-11.4715	-10.3726	-13.4321	0.213356	0.783203	0.00344105	0.8071
316	-5.25439	-6.80995	-10.4862	0.794403	0.20511	0.000486363	0.251535
317	-13.0478	-11.5007	-13.5267	0.146685	0.842906	0.0104098	0.887107
318	-38.884	-25.7393	-22.4876	4.67562e-07	0.292433	0.707566	2.73527
319	-26.9207	-20.2286	-21.1584	0.000977157	0.963413	0.0356097	1.08641
320	-15.088	-17.068	-21.7071	0.855396	0.144473	0.000130789	0.193105
321	-42.448	-32.3582	-30.8047	2.35135e-05	0.693073	0.306903	1.75264
322	-16.423	-14.9597	-17.1784	0.157759	0.833749	0.00849154	0.871951
323	-11.0577	-12.6295	-16.4253	0.797091	0.202483	0.000426021	0.24885
324	-10.7415	-12.7306	-17.4125	0.856534	0.143342	0.000124337	0.192015
325	-19.2168	-15.3348	-17.3276	0.0163649	0.971235	0.0124	1.01497
326	-17.3264	-18.7455	-22.2274	0.771145	0.228198	0.000657216	0.273902
327	-5.02349	-6.63925	-10.4567	0.804111	0.195486	0.000402485	0.242168
328	-33.0526	-23.2066	-22.2166	3.45767e-05	0.798664	0.201302	1.49365
329	-17.1352	-13.2636	-15.299	0.0165403	0.971573	0.0118871	1.01354
330	-4.66727	-6.27004	-10.2591	0.802108	0.19755	0.000342587	0.243911
331	-61.5143	-48.6797	-46.0625	9.55019e-07	0.438038	0.561961	2.37818
332	-22.8941	-18.6402	-19.7902	0.0111548	0.960365	0.0284807	1.05932
333	-5.50266	-6.66305	-9.53461	0.721836	0.276697	0.00146702	0.32242
334	-17.4383	-13.3277	-14.8848	0.0129751	0.967921	0.0191042	1.03461
335	-16.7929	-12.6266	-13.9949	0.0122328	0.964767	0.0229999	1.04486
336	-4.51298	-5.96011	-9.49112	0.776065	0.223323	0.000612308	0.269149
337	-19.2622	-15.3958	-17.372	0.0166129	0.970786	0.0126012	1.01523
338	-31.618	-24.3384	-23.9893	0.000497348	0.882334	0.117169	1.28688
339	-21.7664	-17.5482	-18.7886	0.0115845	0.962345	0.0260702	1.053
340	-14.6952	-13.1751	-15.3254	0.150275	0.840557	0.00916742	0.880672
341	-14.3629	-12.9076	-15.0537	0.158729	0.832157	0.00911443	0.872564
342	-10.5156	-9.0399	-11.2507	0.156108	0.835318	0.00857485	0.873715
343	-25.8849	-21.3718	-21.8722	0.00841051	0.93831	0.0532796	1.12273
344	-39.1446	-28.9809	-27.1633	1.99853e-05	0.634238	0.365742	1.89694
345	-5.2189	-6.6477	-10.0773	0.772812	0.2265	0.000687325	0.272402
346	-14.3488	-12.8821	-14.9431	0.157084	0.832982	0.00993351	0.876125
347	-6.38207	-8.34481	-12.8639	0.853236	0.146615	0.000149657	0.19519
348	-31.0458	-23.9982	-24.0237	0.000650923	0.915742	0.0836076	1.20443
349	-14.9139	-16.5311	-20.3525	0.804347	0.195253	0.000400416	0.24194
350	-21.9016	-17.9795	-20.0018	0.015737	0.972212	0.0120514	1.0147
351	-15.0228	-16.4584	-19.9793	0.77406	0.225316	0.000624053	0.27107
352	-13.8991	-12.5114	-14.8838	0.168274	0.824525	0.00720115	0.858865
353	-13.9316	-12.5341	-14.8813	0.166882	0.825721	0.00739626	0.860656
354	-26.0766	-18.9241	-18.8044	0.000578578	0.903994	0.0954275	1.23348
355	-10.5098	-9.30322	-12.229	0.195742	0.800239	0.00401891	0.825139
356	-9.99821	-8.3004	-9.93376	0.128146	0.856196	0.0156583	0.917473
357	-13.852	-12.2389	-14.0055	0.138181	0.848241	0.0135779	0.902901
358	-9.3313	-10.6527	-13.8364	0.75325	0.245797	0.000953787	0.291516
359	-30.8192	-26.3118	-26.7883	0.00844718	0.937058	0.0544944	1.12567
360	-4.52211	-6.04583	-9.71528	0.789153	0.210345	0.000502167	0.256528
361	-29.5576	-22.281	-21.8115	0.000491417	0.86931	0.130198	1.31884
362	-34.4293	-24.6497	-23.8478	3.8272e-05	0.827206	0.172755	1.42364
363	-4.83823	-6.45287	-10.4696	0.803994	0.195676	0.000330075	0.242101
364	-32.2464	-24.5915	-23.2358	0.000283982	0.733286	0.26643	1.65314
365	-4.37413	-6.33587	-10.9477	0.85312	0.146743	0.000136516	0.195267
366	-16.4439	-18.4661	-23.1893	0.860541	0.139343	0.000115974	0.188213
367	-11.5099	-10.0645	-12.3123	0.160201	0.831573	0.00822656	0.868998
368	-9.55799	-8.50977	-11.761	0.222119	0.77507	0.00281111	0.797286
369	-18.7966	-14.289	-14.7575	0.00844203	0.936649	0.0549085	1.12669
370	-31.6768	-24.6247	-24.7509	0.000653233	0.923141	0.0762056	1.18627
371	-19.7144	-15.5192	-16.9002	0.0118915	0.965384	0.0227241	1.04451
372	-26.2527	-18.9952	-18.698	0.000511469	0.887592	0.111896	1.27394
373	-12.0017	-10.4095	-12.3411	0.140984	0.847513	0.0115029	0.895167
374	-40.5694	-30.7019	-29.6897	3.36896e-05	0.795072	0.204894	1.50246
375	-9.26238	-10.8954	-14.8483	0.806864	0.19279	0.000346665	0.239433
376	-18.3562	-14.6031	-16.8994	0.0186321	0.972205	0.00916289	1.00489
377	-39.7893	-29.6802	-28.1182	2.30043e-05	0.691267	0.308709	1.75707
378	-14.7786	-13.4834	-16.0828	0.181873	0.812472	0.00565469	0.842239
379	-19.4193	-15.5491	-17.5219	0.0165511	0.970805	0.0126442	1.01539
380	-5.192	-6.82105	-10.6661	0.806205	0.193408	0.000387374	0.240155
381	-4.16863	-5.6379	-9.19113	0.779898	0.219513	0.000588635	0.265474
382	-18.6897	-14.3207	-15.2818	0.00989553	0.955865	0.03424	1.07463
383	-17.2562	-12.9052	-13.8431	0.0100655	0.954925	0.0350095	1.07636
384	-24.5739	-26.0535	-29.6055	0.781674	0.217742	0.000584594	0.263788
385	-18.8033	-14.8991	-16.8615	0.0160043	0.971214	0.0127814	1.01624
386	-5.38443	-6.5874	-9.47052	0.730317	0.268277	0.00140603	0.314267
387	-5.44751	-7.03393	-10.8219	0.799438	0.200138	0.000424398	0.246632
388	-14.9584	-13.5679	-15.8734	0.167794	0.824506	0.00769976	0.86054
389	-5.12832	-6.73691	-10.5577	0.802981	0.196616	0.000403449	0.243237
390	-18.5682	-14.1961	-15.1166	0.00985189	0.954539	0.0356096	1.07803
391	-43.3298	-30.8379	-29.1131	2.01321e-06	0.655492	0.344506	1.84488
392	-18.4465	-13.7659	-14.0263	0.00702072	0.926128	0.0668517	1.15733
393	-4.2292	-6.21027	-10.8386	0.855529	0.144339	0.000132082	0.192983
394	-16.9418	-12.7535	-14.0616	0.0119517	0.963651	0.0243976	1.04856
395	-12.8367	-11.402	-13.5748	0.161541	0.829613	0.00884649	0.869254
396	-7.60374	-9.20339	-12.9735	0.801545	0.198027	0.000427475	0.24465
397	-17.6558	-16.1958	-18.4461	0.158249	0.833525	0.00822561	0.870837
398	-4.39642	-5.60291	-8.61906	0.731138	0.267634	0.00122795	0.313055
399	-34.3483	-27.1716	-26.9826	0.00056091	0.897852	0.101587	1.24861
400	-22.4123	-18.5742	-20.7397	0.0171199	0.972434	0.010446	1.00946
401	-4.33284	-6.32434	-11.1053	0.856829	0.143058	0.000112387	0.191707
402	-15.5516	-14.1415	-16.4556	0.165096	0.827245	0.00765895	0.862986
403	-10.7767	-12.3263	-16.1145	0.793483	0.20608	0.000436937	0.252282
404	-16.703	-15.2717	-17.4456	0.161997	0.829171	0.00883182	0.868787
405	-16.4601	-12.4383	-14.1825	0.0142096	0.969912	0.0158779	1.02553
406	-11.9798	-10.7381	-13.3421	0.189991	0.804436	0.00557351	0.834379
407	-11.0422	-9.95566	-12.9441	0.215391	0.780925	0.00368383	0.805775
408	-27.4609	-23.2409	-24.284	0.0114984	0.956923	0.0315791	1.0666
409	-48.3626	-38.4778	-37.5336	3.35622e-05	0.805937	0.19403	1.47582
410	-13.5698	-12.303	-15.068	0.186302	0.808927	0.00477111	0.835892
411	-14.8486	-13.4617	-15.8348	0.168383	0.824422	0.00719518	0.858747
412	-18.0815	-16.6924	-19.0053	0.168007	0.824352	0.00764124	0.860196
413	-31.3581	-26.5779	-27.1942	0.00648911	0.945689	0.0478222	1.11116
414	-14.7996	-15.8994	-18.6122	0.709307	0.288898	0.00179518	0.335048
415	-13.5847	-12.1293	-14.1991	0.158611	0.83156	0.00982936	0.874429
416	-21.0347	-19.6489	-21.9451	0.168441	0.823795	0.00776479	0.86009
417	-35.7868	-25.5313	-23.5507	1.71231e-05	0.595684	0.404299	1.99151
418	-46.4632	-33.4931	-30.8002	7.98682e-07	0.419508	0.580492	2.42362
419	-19.6179	-15.2886	-16.3151	0.0103141	0.957557	0.0321286	1.06906
420	-10.8646	-9.37935	-11.5656	0.15483	0.83637	0.00879968	0.875471
421	-15.2886	-16.6719	-20.0577	0.764697	0.234559	0.000743623	0.280198
422	-7.76639	-9.32005	-13.1068	0.794133	0.205431	0.000436159	0.251667
423	-13.2287	-11.8381	-14.1993	0.167857	0.824857	0.00728572	0.859465
424	-20.2142	-15.6157	-15.811	0.00758298	0.921427	0.07099	1.16694
425	-12.0218	-10.4754	-12.3547	0.146531	0.841435	0.0120342	0.891236
426	-16.0343	-17.6221	-21.4131	0.79965	0.199927	0.000422639	0.246427
427	-11.7122	-13.2021	-16.7808	0.783433	0.216003	0.000564681	0.262079
428	-11.6174	-10.4656	-13.2709	0.204415	0.791103	0.00448208	0.818091
429	-12.0673	-10.809	-13.4103	0.187439	0.806955	0.00560598	0.836867
430	-4.98484	-6.61297	-10.5895	0.806099	0.193561	0.000339927	0.240138
431	-5.02349	-6.63925	-10.4567	0.804111	0.195486	0.000402485	0.242168
432	-25.5408	-21.2844	-22.427	0.0111262	0.960188	0.0286856	1.05985
433	-10.5104	-9.20309	-11.7839	0.180064	0.814163	0.0057732	0.844237
434	-23.5612	-16.7994	-17.5982	0.000906896	0.958701	0.0403924	1.0982
435	-39.8547	-32.8109	-32.9441	0.000659034	0.923621	0.0757203	1.18508
436	-17.6749	-13.4055	-14.5196	0.010973	0.959532	0.0294948	1.06198
437	-10.2132	-8.85291	-11.3691	0.172309	0.821477	0.00621405	0.852636
438	-14.5854	-12.8056	-14.1945	0.118738	0.861151	0.0201103	0.937269
439	-21.607	-17.2892	-18.3315	0.0104382	0.957924	0.0316378	1.06774
440	-19.8187	-15.4512	-16.2938	0.00986783	0.951749	0.0383832	1.08482
441	-10.6664	-11.9772	-15.1011	0.751212	0.247767	0.00102062	0.293603
442	-4.33284	-6.32434	-11.1053	0.856829	0.143058	0.000112387	0.191707
443	-20.9024	-16.4146	-16.8886	0.0086119	0.936773	0.0546149	1.12581
444	-20.4873	-19.4646	-22.7112	0.226565	0.770627	0.00280812	0.793083
445	-31.4417	-24.6991	-25.5873	0.000927677	0.962006	0.0370668	1.09003
446	-33.7603	-23.747	-22.3963	2.68977e-05	0.734451	0.265523	1.65115
447	-67.4817	-46.1727	-40.3673	1.41762e-11	0.0311497	0.96885	3.37605
448	-14.8513	-13.4911	-16.0076	0.172327	0.82146	0.00621226	0.852614
449	-16.0155	-11.9687	-13.6565	0.0138501	0.96936	0.0167895	1.02811
450	-4.78694	-6.6634	-11.2286	0.842104	0.157742	0.000153757	0.205705
451	-15.0747	-13.6477	-15.9716	0.162789	0.829605	0.00760615	0.865034
452	-25.0885	-20.8815	-22.1571	0.0117241	0.963086	0.0251895	1.05071
453	-6.99422	-8.4102	-11.8103	0.770536	0.228749	0.000714908	0.274618
454	-17.6047	-19.587	-24.2507	0.855685	0.144188	0.000127361	0.192824
455	-34.1047	-24.2508	-23.2574	3.42811e-05	0.798113	0.201853	1.495
456	-4.51298	-5.96011	-9.49112	0.776065	0.223323	0.000612308	0.269149
457	-19.4423	-15.2334	-16.3211	0.0116414	0.958118	0.0302408	1.06318
458	-30.4543	-23.2214	-22.9893	0.000527896	0.893882	0.10559	1.25846
459	-16.0015	-11.5928	-12.4623	0.00948315	0.953101	0.0374159	1.08281
460	-18.2201	-13.8563	-14.8314	0.00995165	0.956271	0.0337774	1.07345
461	-20.3326	-16.008	-16.9594	0.0103365	0.955117	0.0345469	1.07497
462	-10.9032	-9.93513	-13.1883	0.236284	0.760962	0.00275453	0.78378
463	-4.37415	-6.41623	-11.2933	0.862931	0.136971	9.77388e-05	0.185913
464	-17.4365	-19.4747	-24.3141	0.862471	0.137427	0.000101831	0.186358
465	-8.72092	-10.3401	-14.1829	0.804657	0.194951	0.000391329	0.241625
466	-4.5019	-6.50703	-11.3162	0.858495	0.141397	0.000107985	0.190124
467	-5.32801	-6.81683	-10.4281	0.783261	0.216192	0.000547042	0.262198
468	-18.1794	-13.9987	-15.2988	0.0120408	0.963371	0.0245881	1.04894
469	-7.46689	-9.07719	-12.9064	0.803253	0.196347	0.00039953	0.24297
470	-26.8997	-19.7215	-19.5504	0.000561063	0.899483	0.0999556	1.24461
471	-12.944	-11.8087	-14.9066	0.207346	0.789317	0.00333716	0.812517
472	-43.398	-30.6897	-28.5931	1.40373e-06	0.567482	0.432516	2.06072
473	-18.9462	-14.7396	-16.0155	0.0117278	0.963092	0.02518	1.05069
474	-14.618	-13.1758	-15.4686	0.16069	0.831447	0.00786364	0.867646
475	-21.7233	-17.4438	-18.5595	0.010866	0.959682	0.0294521	1.06198
476	-5.04934	-6.71138	-10.7242	0.811353	0.188328	0.00031893	0.235129
477	-14.385	-12.9198	-15.0797	0.157433	0.833563	0.00900363	0.873515
478	-21.3277	-16.7733	-17.24	0.00805799	0.936917	0.0550248	1.12734
479	-4.37415	-6.41623	-11.2933	0.862931	0.136971	9.77388e-05	0.185913
480	-16.3863	-14.978	-17.2906	0.165338	0.826993	0.00766852	0.862781
481	-18.2771	-14.3743	-16.2961	0.0160173	0.970679	0.0133041	1.01751
482	-10.1204	-9.01497	-12.0981	0.212274	0.78436	0.00336555	0.807936
483	-10.9882	-12.5798	-16.3807	0.80028	0.199302	0.000417201	0.245819
484	-26.0323	-19.1207	-19.6208	0.000769983	0.945526	0.0537044	1.13098
485	-9.83553	-8.75831	-11.947	0.217109	0.77988	0.00301116	0.802504
486	-42.4942	-29.6314	-27.2327	1.04358e-06	0.492358	0.507641	2.24496
487	-14.4513	-13.0264	-15.3302	0.163046	0.829198	0.00775636	0.86516
488	-5.04934	-6.71138	-10.7242	0.811353	0.188328	0.00031893	0.235129
489	-12.7721	-11.7499	-14.9145	0.226595	0.770358	0.00304687	0.79364
490	-10.5606	-9.40335	-12.4462	0.203711	0.792748	0.00354138	0.816448
491	-5.37203	-6.55826	-9.39749	0.726961	0.271552	0.00148705	0.317632
492	-31.1629	-25.4499	-24.0374	0.00194626	0.720844	0.27721	1.67801
493	-5.43097	-6.92135	-10.4896	0.783508	0.215922	0.000570389	0.262023
494	-4.92819	-6.81262	-11.3657	0.843159	0.156686	0.000154588	0.204711
495	-26.0983	-19.207	-19.5707	0.000779641	0.938147	0.0610733	1.14904
496	-12.3963	-10.8466	-12.8773	0.146363	0.843272	0.0103649	0.8873
497	-14.0706	-16.0566	-20.6974	0.856137	0.143733	0.000129908	0.192404
498	-12.73	-11.4693	-14.0629	0.187061	0.807288	0.00565131	0.837335
499	-10.2966	-11.7871	-15.4025	0.783538	0.215918	0.000544087	0.261929
500	-23.4068	-19.1263	-20.1825	0.0108346	0.957963	0.0312021	1.0663
501	-19.919	-15.707	-16.9569	0.0116582	0.962512	0.0258294	1.05234
502	-10.5111	-9.06568	-11.3506	0.160249	0.831822	0.00792925	0.868223
503	-27.0418	-22.283	-22.3039	0.00638068	0.910144	0.0834752	1.1987
504	-19.7124	-15.9343	-18.1892	0.0181745	0.972274	0.009551	1.00627
505	-31.7149	-27.3754	-28.3265	0.0101854	0.955254	0.0345604	1.07515
506	-6.84657	-8.27885	-11.7145	0.773425	0.225894	0.00068135	0.27181
507	-30.1163	-22.9742	-22.8696	0.000585421	0.905286	0.0941281	1.23029
508	-9.3578	-10.9867	-14.8315	0.806181	0.193432	0.000387528	0.240178
509	-19.7822	-15.5573	-16.865	0.0115269	0.964056	0.0244171	1.049
510	-16.3395	-12.1566	-13.4194	0.0120023	0.962498	0.0254992	1.05121
511	-7.31538	-9.01641	-13.1152	0.817271	0.182445	0.000283536	0.229457
512	-24.3276	-20.1513	-21.2975	0.012043	0.9594	0.0285574	1.05867
513	-18.862	-15.0103	-17.0642	0.0168707	0.971463	0.0116663	1.01269
514	-27.1518	-22.9175	-24.2093	0.0114159	0.963782	0.0248022	1.05005
515	-20.4421	-16.3361	-17.6101	0.0129541	0.961848	0.0251978	1.04957
516	-31.2541	-21.359	-20.2134	3.18429e-05	0.77247	0.227498	1.5579
517	-21.2731	-19.8169	-21.9038	0.158519	0.831815	0.00966592	0.874115
518	-26.2828	-19.0556	-18.7751	0.000528169	0.889218	0.110254	1.26989
519	-9.72358	-11.3359	-15.2712	0.803607	0.196034	0.000358761	0.242536
520	-5.55028	-7.12494	-10.8955	0.79754	0.202024	0.000435914	0.248451
521	-25.1341	-17.9449	-17.7914	0.000555918	0.901048	0.0983959	1.24079
522	-5.02767	-6.57461	-10.3498	0.793029	0.206528	0.000443554	0.252727
523	-22.3398	-24.3666	-29.1689	0.861113	0.138781	0.000106718	0.187652
524	-141.742	-103.137	-90.0086	2.97321e-22	2.12329e-05	0.999979	3.4524
1267	-29.7108	-21.7715	-20.4041	0.000213026	0.731032	0.268755	1.65891
1268	-40.7857	-30.3905	-28.1645	1.33861e-05	0.535472	0.464515	2.13919
1269	-35.5112	-25.0773	-22.7951	1.25411e-05	0.52144	0.478547	2.1736
1270	-14.7665	-12.8571	-15.0415	0.107039	0.883646	0.00931466	0.921834
1271	-21.0873	-15.66	-15.6413	0.00326902	0.909909	0.0868216	1.20984
1272	-27.5767	-26.2766	-28.7998	0.181082	0.812812	0.00610558	0.844091
1377	-24.1011	-20.1082	-21.9074	0.0146326	0.970334	0.0150339	1.02306
1409	-5.02	-6.63069	-10.435	0.803307	0.196283	0.000409471	0.242944
1410	-27.2345	-19.6613	-18.8219	0.000345215	0.82154	0.178115	1.43649
1411	-24.7705	-20.4604	-21.5523	0.0105341	0.959313	0.0301526	1.06401
1412	-5.29409	-6.79655	-10.459	0.78559	0.213896	0.000514253	0.25992
1413	-11.6163	-10.4941	-13.4408	0.209388	0.786742	0.00386916	0.811894
1414	-19.0864	-17.7853	-20.271	0.180868	0.812793	0.00633816	0.844863
1415	-17.1477	-13.2316	-15.1279	0.0158033	0.970552	0.0136451	1.01855
1416	-4.4997	-6.49856	-11.2915	0.857731	0.142158	0.000110344	0.190851
1417	-19.3225	-15.2117	-16.6684	0.0129469	0.965973	0.0210805	1.03948
1418	-22.5485	-15.3764	-15.3649	0.000572976	0.912937	0.0864901	1.21157
1419	-18.7261	-16.9452	-18.3825	0.118749	0.862069	0.0191824	0.934984
1420	-26.5851	-19.8021	-20.5236	0.000885046	0.955618	0.0434971	1.10584
1421	-9.83209	-8.71161	-11.7274	0.209727	0.786663	0.0036108	0.810942
1422	-4.76741	-6.47541	-10.6251	0.81832	0.181412	0.000267911	0.228429
1423	-4.90806	-6.49195	-10.3918	0.799069	0.200551	0.000380245	0.246871
1424	-5.16768	-6.60068	-10.1147	0.773591	0.22578	0.000629637	0.271526
1425	-4.33062	-6.3159	-11.0807	0.856063	0.143822	0.000114824	0.192436
1426	-4.64862	-6.57404	-11.1864	0.848512	0.151347	0.000140729	0.199626
1427	-15.5151	-16.6548	-19.4727	0.717594	0.280835	0.00157102	0.326678
1428	-17.3398	-12.999	-13.9979	0.0101892	0.956809	0.0330023	1.07132
1429	-19.0391	-18.0213	-21.2403	0.227405	0.769712	0.00288308	0.792474
1430	-21.8766	-20.5681	-22.9704	0.179701	0.813404	0.00689562	0.847332
1431	-4.90806	-6.49195	-10.3918	0.799069	0.200551	0.000380245	0.246871
1432	-26.7324	-25.2594	-27.3511	0.156296	0.834059	0.00964504	0.876162
1433	-15.088	-13.6536	-15.9421	0.161732	0.830381	0.00788703	0.86672
1434	-14.9826	-14.1084	-17.6425	0.253812	0.744154	0.00203398	0.765473
1454	-33.002	-25.111	-24.0573	0.000241004	0.78807	0.211689	1.51893
1455	-24.8196	-20.8611	-22.786	0.0151627	0.971562	0.0132749	1.01825
1456	-10.043	-11.6044	-15.448	0.795419	0.204172	0.000409505	0.250388
1457	-22.1769	-15.1989	-15.4955	0.000711924	0.934245	0.0650433	1.15884
1458	-12.5045	-11.456	-14.5186	0.221948	0.774659	0.00339315	0.798875
1459	-11.1919	-9.89352	-12.3119	0.181204	0.812022	0.00677376	0.845615
1460	-8.76263	-10.661	-15.1996	0.844993	0.154852	0.000155017	0.202981
1461	-4.66298	-6.25059	-10.2004	0.79968	0.199959	0.000360674	0.246247
1462	-6.83235	-8.73127	-13.1958	0.845054	0.154779	0.000166845	0.202953
1463	-9.84472	-10.9925	-13.8313	0.719266	0.279205	0.00152961	0.324999
1464	-7.56658	-9.0391	-12.5748	0.780447	0.218955	0.000597503	0.264977
1465	-13.0189	-14.4744	-17.9922	0.777521	0.221863	0.000616394	0.267785
1466	-12.8626	-11.4496	-13.7368	0.164656	0.827474	0.00787	0.863919
1467	-4.39574	-5.59082	-8.57737	0.728862	0.269863	0.00127537	0.315319
1468	-9.27785	-10.7101	-14.1969	0.773445	0.225908	0.000647366	0.271707
1469	-10.4861	-9.795	-13.6935	0.290177	0.708478	0.00134518	0.729466
1470	-26.8448	-22.4791	-23.3812	0.00990768	0.953846	0.036246	1.07954
1471	-39.3635	-29.3658	-28.0104	2.72854e-05	0.73353	0.266443	1.65341
1472	-31.5574	-24.2178	-23.5551	0.000448985	0.84586	0.153691	1.3765
1473	-41.3242	-28.5672	-26.2908	1.23201e-06	0.522907	0.477092	2.17004
1474	-26.9538	-18.5954	-17.3412	0.000144252	0.752759	0.247096	1.60585
1475	-4.39574	-5.59082	-8.57737	0.728862	0.269863	0.00127537	0.315319
1476	-40.4714	-30.5168	-29.2866	2.94122e-05	0.757278	0.242693	1.59516
1477	-4.32607	-6.2986	-11.0304	0.854481	0.145399	0.000119983	0.193942
1478	-16.6278	-15.2771	-17.8253	0.173721	0.82027	0.00600889	0.850801
1479	-45.4311	-31.6282	-27.6754	1.40853e-07	0.170138	0.829862	3.03519
1480	-59.1383	-40.1838	-34.3418	1.44123e-10	0.0300644	0.969936	3.37872
1481	-4.17095	-6.5003	-12.0854	0.893546	0.106417	3.74069e-05	0.156875
1482	-6.59943	-8.52363	-12.9817	0.848335	0.151501	0.000164381	0.199851
1483	-40.0336	-27.0735	-24.5337	8.79197e-07	0.45719	0.542809	2.33121
1484	-11.4726	-13.157	-17.2069	0.814761	0.184937	0.000301775	0.231871
1485	-8.74917	-10.69	-15.2397	0.850476	0.149376	0.000147874	0.19779
1486	-29.9888	-26.0949	-27.9032	0.0161327	0.968991	0.0148759	1.02126
1487	-29.2146	-22.1454	-22.1156	0.000634005	0.911426	0.0879398	1.21507
1488	-6.51428	-7.97103	-11.4936	0.777728	0.221659	0.00061292	0.267581
1489	-16.1355	-14.8012	-17.3112	0.176028	0.817748	0.0062237	0.84915
1490	-23.0639	-16.1469	-16.5182	0.000760252	0.938599	0.0606408	1.148
1491	-5.25234	-6.7164	-10.2218	0.778982	0.220398	0.000619958	0.266415
1492	-24.9427	-19.192	-18.6537	0.00223561	0.859804	0.13796	1.33623
1493	-18.3299	-14.2529	-15.6768	0.0133762	0.964868	0.0217562	1.04073
1494	-41.939	-29.1301	-26.8464	1.1656e-06	0.521091	0.478908	2.1745
1495	-36.4806	-26.3576	-24.7229	2.21701e-05	0.675543	0.324434	1.79564
1496	-20.3768	-16.0973	-17.2226	0.0108677	0.959953	0.0291792	1.0613
1497	-15.227	-13.2891	-14.72	0.103254	0.877106	0.0196398	0.950728
1498	-42.3336	-29.3693	-26.584	7.60603e-07	0.397185	0.602814	2.47837
1499	-10.549	-12.0312	-15.625	0.782116	0.217325	0.000559592	0.263309
1500	-58.4771	-40.0186	-35.4739	8.01879e-10	0.10187	0.89813	3.20262
1501	-18.7371	-14.2881	-14.9855	0.00904827	0.946801	0.0441511	1.09974
1502	-12.0297	-10.61	-12.8321	0.163648	0.827948	0.00840403	0.86618
1503	-4.59289	-6.27713	-10.3704	0.814747	0.184964	0.000289031	0.231852
1504	-9.62764	-8.66995	-12.0893	0.238256	0.759416	0.00232821	0.780873
1505	-7.68936	-9.28154	-13.1783	0.800395	0.199226	0.00037892	0.245616
1506	-16.5496	-12.1165	-12.939	0.00924046	0.951603	0.039157	1.08731
1507	-33.0508	-23.2081	-22.2964	3.5225e-05	0.810958	0.189007	1.4635
1508	-4.17095	-6.5003	-12.0854	0.893546	0.106417	3.74069e-05	0.156875
1509	-24.0763	-19.7412	-20.813	0.0102703	0.958977	0.0307526	1.06573
1510	-16.0447	-14.73	-17.2921	0.178953	0.815157	0.00588937	0.84557
1512	-16.3466	-12.3122	-14.0163	0.0140246	0.969456	0.0165192	1.02728
1513	-20.0728	-15.7657	-16.7947	0.010545	0.957412	0.0320432	1.06863
1514	-41.7524	-29.0092	-26.7314	1.24829e-06	0.522575	0.477424	2.17086
1515	-25.3023	-20.9293	-21.8214	0.00983244	0.953572	0.0365959	1.08047
1516	-18.3976	-14.2324	-15.6254	0.0122524	0.965298	0.0224491	1.04349
1517	-14.1892	-12.358	-13.6697	0.113281	0.8649	0.0218187	0.946609
1518	-5.15564	-6.60338	-10.1518	0.776178	0.22322	0.000601487	0.269015
1519	-30.5063	-26.2332	-27.3263	0.0109262	0.958972	0.0301015	1.06351
1520	-16.6457	-15.16	-17.2792	0.154677	0.835918	0.00940505	0.877101
1521	-5.18138	-6.79484	-10.5995	0.803744	0.195848	0.000408428	0.242529
1522	-7.72336	-9.19914	-12.7403	0.781008	0.218399	0.000592746	0.264436
1523	-15.6208	-14.0233	-15.842	0.140141	0.84699	0.0128693	0.899314
1524	-7.53659	-9.02785	-12.6579	0.783685	0.21578	0.000535825	0.261771
1525	-27.5686	-20.329	-19.8549	0.000509614	0.868779	0.130711	1.32008
1526	-22.2002	-17.8809	-18.8396	0.0103933	0.955305	0.0343013	1.07431
1527	-29.2435	-22.5494	-23.3962	0.000972164	0.960458	0.0385694	1.09367
1528	-25.458	-18.2159	-17.9033	0.000518483	0.886039	0.113443	1.27772
1529	-36.5046	-29.4354	-29.4158	0.000634578	0.912234	0.087131	1.21309
1530	-15.6204	-14.6167	-17.8121	0.22987	0.767187	0.00294243	0.790293
1531	-21.2385	-16.9107	-17.875	0.010308	0.955574	0.0341176	1.07394
1532	-17.7433	-16.2978	-18.5331	0.160167	0.831502	0.00833016	0.869283
1533	-7.51002	-9.09251	-12.9664	0.798836	0.200773	0.000390674	0.247117
1534	-13.5308	-12.2522	-14.7847	0.184301	0.809673	0.00602571	0.840858
1535	-5.01283	-6.61313	-10.3905	0.801651	0.197925	0.000424159	0.244543
1536	-29.0794	-20.7083	-19.9274	0.00015706	0.830104	0.169739	1.41613
1537	-4.39574	-5.59082	-8.57737	0.728862	0.269863	0.00127537	0.315319
1538	-16.9219	-18.62	-22.6729	0.816809	0.182893	0.000297551	0.229928
1539	-4.39574	-5.59082	-8.57737	0.728862	0.269863	0.00127537	0.315319
1540	-8.68167	-10.149	-13.6923	0.779569	0.219835	0.000595431	0.2658
1541	-4.39574	-5.59082	-8.57737	0.728862	0.269863	0.00127537	0.315319
1542	-9.61502	-8.57583	-11.7465	0.223632	0.773328	0.00304011	0.79642
1543	-9.98026	-9.02757	-12.4488	0.239166	0.758513	0.00232112	0.779998
1544	-4.69321	-6.52849	-10.8818	0.836521	0.163283	0.000196718	0.211079
1545	-11.8204	-10.35	-12.4963	0.156737	0.834129	0.00913419	0.874493
1546	-5.01338	-6.54802	-10.2971	0.790993	0.208547	0.000459745	0.254687
1547	-32.7792	-25.7289	-25.7102	0.000646693	0.912299	0.0870546	1.21289
1548	-4.39574	-5.59082	-8.57737	0.728862	0.269863	0.00127537	0.315319
1549	-4.76283	-6.45988	-10.5812	0.81668	0.183042	0.000278099	0.230002
1550	-18.5124	-16.9511	-18.8179	0.144651	0.84314	0.0122086	0.893437
1551	-6.40696	-7.87368	-11.4188	0.779458	0.219948	0.000594599	0.265904
1552	-7.69568	-9.24857	-12.9896	0.793992	0.205552	0.000456822	0.251851
1553	-11.3642	-10.2545	-13.2104	0.211483	0.784693	0.00382403	0.809807
1554	-10.6417	-9.68409	-13.0084	0.238209	0.759231	0.00255975	0.781486
1659	-12.9487	-11.8029	-14.578	0.205363	0.790024	0.00461308	0.817517
1660	-11.6088	-10.6166	-13.8746	0.231953	0.76529	0.00275689	0.787873
1661	-14.8454	-13.938	-17.2703	0.24745	0.750041	0.00250865	0.77264
1662	-18.9423	-14.5933	-15.5021	0.0100757	0.953918	0.0360059	1.07879
1663	-22.3126	-18.3329	-20.1241	0.0148218	0.970028	0.0151507	1.02317
1664	-39.749	-27.0253	-24.9071	1.36938e-06	0.562159	0.437839	2.07378
1665	-7.75424	-8.96314	-11.8568	0.731493	0.267121	0.00138525	0.313106
1666	-17.5221	-13.468	-15.035	0.0137212	0.967374	0.0189052	1.03342
1667	-25.4792	-21.3773	-22.8696	0.0130707	0.966575	0.0203541	1.03758
1668	-4.32369	-6.28955	-11.004	0.853648	0.146229	0.000122775	0.194735
1669	-5.28552	-6.77332	-10.3977	0.783094	0.216366	0.000540349	0.262339
1670	-18.2248	-16.4885	-17.9505	0.123543	0.857837	0.0186204	0.929081
1671	-4.16023	-5.61056	-9.11473	0.776608	0.222764	0.000627393	0.268673
1672	-10.458	-11.6023	-14.4258	0.718545	0.279898	0.00155701	0.325746
1673	-4.36453	-6.30087	-10.8469	0.849902	0.149949	0.000148986	0.198334
1674	-26.0759	-21.6072	-22.255	0.00885394	0.944848	0.0462982	1.10519
1675	-33.094	-23.0197	-21.5743	2.46548e-05	0.715576	0.284399	1.69745
1676	-4.36745	-5.83001	-9.36066	0.778734	0.220661	0.000605226	0.266613
1677	-11.2777	-12.6399	-15.8947	0.760796	0.238343	0.00086137	0.284168
1678	-26.2447	-21.8203	-22.5872	0.0092984	0.949407	0.0412948	1.0925
1679	-30.975	-26.7741	-28.0749	0.011803	0.963619	0.024578	1.04914
1680	-18.9899	-17.6606	-20.1151	0.176706	0.816723	0.00657111	0.849362
1681	-16.901	-14.8157	-16.4298	0.0906864	0.89267	0.0166434	0.955239
1682	-5.3171	-6.78675	-10.3483	0.779968	0.219448	0.000583568	0.265395
1683	-10.2476	-8.85379	-11.2644	0.167472	0.825588	0.00694045	0.858982
1684	-14.3	-12.3257	-14.1307	0.100551	0.885805	0.0136439	0.938573
1685	-41.6685	-31.4777	-29.4959	1.82585e-05	0.595377	0.404605	1.99226
1686	-4.83246	-6.42647	-10.3897	0.800706	0.19894	0.00035404	0.245262
1687	-6.83766	-8.25135	-11.6388	0.770124	0.22915	0.000725307	0.275032
1688	-20.0154	-18.7335	-21.3469	0.183884	0.810553	0.00556334	0.840118
1689	-10.7858	-12.3102	-15.8669	0.789221	0.210218	0.000561727	0.25661
1690	-14.1208	-12.3999	-13.9979	0.125518	0.858221	0.0162609	0.921431
1691	-25.4077	-18.1453	-17.7924	0.000505682	0.881937	0.117557	1.28783
1692	-18.096	-14.3067	-16.5156	0.0179684	0.972034	0.00999782	1.00756
1693	-4.36745	-5.83001	-9.36066	0.778734	0.220661	0.000605226	0.266613
1694	-6.59693	-8.51453	-12.9554	0.847481	0.152351	0.00016816	0.200666
1695	-5.48809	-6.63361	-9.4666	0.718798	0.279661	0.00154104	0.325468
1696	-4.77908	-6.63143	-11.1341	0.838864	0.160969	0.000167023	0.208795
1697	-4.66147	-6.24376	-10.1797	0.798821	0.200812	0.000367254	0.247073
1698	-4.82816	-6.19218	-9.5167	0.761176	0.238022	0.000802284	0.283665
1699	-5.18392	-6.87962	-10.9962	0.816477	0.183244	0.00027974	0.230198
1724	-4.17185	-6.51624	-12.1404	0.89497	0.104995	3.54958e-05	0.155527
1725	-20.0379	-15.8617	-17.1837	0.0121004	0.963834	0.0240652	1.0476
1726	-4.51028	-5.95179	-9.46819	0.775078	0.224298	0.000624028	0.270109
1727	-5.44305	-7.02327	-10.7952	0.798436	0.20113	0.000433416	0.247599
1728	-4.20249	-6.22298	-11.0516	0.860354	0.139542	0.00010452	0.188363
1729	-22.017	-18.096	-19.9965	0.0157293	0.97068	0.0135905	1.01849
1730	-36.0132	-25.2007	-23.0789	9.24386e-06	0.561256	0.438735	2.07597
1731	-5.12343	-6.61205	-10.2429	0.783236	0.216228	0.000536504	0.262196
1732	-6.43513	-8.33334	-12.6933	0.844945	0.154869	0.000185353	0.203101
1733	-8.43474	-10.0661	-13.8554	0.806547	0.193044	0.000408808	0.239885
1734	-4.83492	-6.2113	-9.56788	0.763435	0.235795	0.000769706	0.281453
1735	-4.2261	-6.19939	-10.8076	0.854563	0.145302	0.000135671	0.193903
1736	-6.80953	-8.79592	-13.4736	0.856191	0.143684	0.000125154	0.192341
1737	-10.6768	-12.2045	-15.934	0.789838	0.209691	0.000471397	0.255806
1738	-13.6864	-12.4947	-15.3501	0.198038	0.797664	0.0042979	0.823657
1739	-9.25173	-10.6054	-13.6213	0.759061	0.239838	0.0011006	0.286392
1740	-7.36943	-9.09958	-13.1834	0.821576	0.178143	0.000280999	0.225389
1741	-5.68359	-7.19436	-10.8019	0.786963	0.212498	0.000539687	0.258687
1742	-22.0195	-17.9412	-19.2602	0.0133261	0.962569	0.024105	1.04654
1743	-4.83648	-6.44488	-10.4454	0.803003	0.19666	0.000337159	0.243053
1744	-4.98179	-6.60358	-10.5636	0.805103	0.19455	0.000347327	0.241097
1745	-13.9759	-12.545	-14.8234	0.162196	0.829842	0.00796176	0.866466
1746	-50.4446	-36.305	-31.7931	6.20282e-08	0.104917	0.895083	3.19514
1747	-14.8392	-13.1667	-14.9375	0.131262	0.855108	0.01363	0.909558
1748	-30.2071	-23.4726	-24.2627	0.000931664	0.958338	0.0407305	1.09901
1749	-17.1539	-13.0317	-14.5907	0.0128281	0.968099	0.0190729	1.03467
1750	-36.6087	-26.4605	-24.9017	2.2143e-05	0.691945	0.308033	1.75541
1751	-10.2184	-8.70792	-10.8652	0.151511	0.839398	0.00909107	0.879318
1752	-25.2085	-18.7133	-20.1607	0.00120689	0.977267	0.0215262	1.05165
1753	-23.3994	-19.3606	-21.0644	0.0139643	0.96951	0.0165252	1.02735
1754	-11.4877	-13.22	-17.2981	0.821887	0.177831	0.000282113	0.225098
1755	-23.5004	-19.2445	-20.3649	0.0111238	0.959565	0.0293114	1.06139
1756	-16.9622	-15.5662	-17.8757	0.16704	0.825283	0.00767631	0.861194
1770	-50.5487	-41.026	-40.8303	5.36961e-05	0.897704	0.102242	1.25069
1771	-16.997	-12.8086	-14.2113	0.011978	0.965777	0.0222449	1.04325
1772	-17.6072	-16.1366	-18.2717	0.156679	0.834085	0.00923615	0.874797
1773	-7.6943	-9.20915	-12.8256	0.787652	0.211815	0.000533207	0.25802
1774	-15.9718	-14.5512	-16.8321	0.163604	0.828467	0.0079288	0.865056
1775	-15.1558	-13.7441	-16.0184	0.164818	0.827212	0.00797001	0.864011
1776	-17.0736	-12.8384	-14.0275	0.0113761	0.961211	0.0274132	1.05649
1777	-22.0133	-20.4403	-22.3015	0.143202	0.844501	0.0122973	0.895022
1778	-10.7261	-8.98775	-10.5679	0.12358	0.859836	0.0165846	0.924054
1779	-35.5018	-25.2415	-23.4629	1.84026e-05	0.643255	0.356727	1.87484
1780	-16.5562	-12.2103	-13.1903	0.0101307	0.956257	0.0336126	1.07287
1781	-20.8663	-16.0601	-15.9432	0.00601294	0.899316	0.0946711	1.2265
1782	-13.9463	-12.55	-14.7756	0.16688	0.824778	0.00834243	0.862979
1783	-22.1954	-17.9062	-18.814	0.0106889	0.953296	0.0360154	1.07824
1784	-23.8949	-19.6546	-20.6338	0.0112462	0.955155	0.0335991	1.07179
1785	-4.83487	-6.43752	-10.4231	0.802087	0.197569	0.000343817	0.243934
1786	-24.1032	-19.7593	-20.7269	0.0101469	0.955834	0.0340193	1.07386
1787	-5.42339	-6.90259	-10.4418	0.781593	0.217815	0.000592325	0.263883
1788	-18.4205	-13.9608	-14.6168	0.00893571	0.945132	0.0459322	1.10421
1789	-12.4954	-11.1509	-13.6451	0.174549	0.819117	0.00633371	0.850815
1790	-4.32752	-6.30411	-11.0463	0.854986	0.144895	0.000118323	0.193461
1791	-19.0804	-14.691	-15.5859	0.00967551	0.953819	0.0365059	1.0804
1792	-21.0024	-16.5983	-17.3156	0.00946792	0.947231	0.0433007	1.09726
1793	-35.9771	-25.8942	-24.455	2.44888e-05	0.71685	0.283126	1.69433
1794	-19.6996	-17.9088	-19.3143	0.117629	0.86256	0.0198108	0.937581
1795	-10.6969	-9.18878	-11.319	0.151785	0.83888	0.0093349	0.879658
1796	-11.8238	-13.0427	-15.9623	0.733484	0.265176	0.00134004	0.311116
1797	-35.6235	-25.9199	-25.2672	4.2305e-05	0.847501	0.152456	1.37385
1798	-17.4624	-13.3984	-15.0092	0.0135993	0.968288	0.0181132	1.03159
1799	-17.7367	-16.2447	-18.3288	0.153798	0.836455	0.00974677	0.878768
1800	-10.9062	-9.99174	-13.3335	0.24615	0.751361	0.00248932	0.77382
1825	-33.8866	-26.4184	-25.6023	0.000385035	0.824888	0.174727	1.42815
1826	-10.7197	-8.88005	-10.2676	0.112614	0.867109	0.0202775	0.943459
1827	-4.36854	-6.31551	-10.889	0.851255	0.148601	0.000143647	0.197044
1828	-25.9666	-18.8851	-18.9688	0.000632229	0.920113	0.0792545	1.19377
1829	-26.2427	-22.3927	-24.3286	0.0168735	0.970018	0.0131082	1.01622
1830	-14.8714	-13.814	-16.8286	0.220367	0.776067	0.00356642	0.800792
1831	-42.2839	-31.8583	-29.4148	1.16678e-05	0.481159	0.51883	2.27239
1832	-9.57829	-8.49882	-11.598	0.216666	0.78004	0.00329375	0.803615
1833	-43.7699	-39.2723	-39.6599	0.00848589	0.93226	0.0592543	1.13731
1834	-4.69485	-6.53391	-10.897	0.837039	0.162767	0.000194195	0.210584
1835	-15.7125	-14.2378	-16.3908	0.156163	0.834757	0.00907939	0.874899
1836	-20.8491	-16.5273	-17.5317	0.010384	0.956794	0.0328216	1.07069
1837	-18.9256	-14.8426	-16.3451	0.0133187	0.966533	0.0201481	1.03684
1838	-10.7699	-9.34315	-11.7194	0.162885	0.829895	0.00722067	0.863998
1839	-13.1537	-12.1362	-15.4175	0.227497	0.769794	0.00270954	0.791962
1840	-13.9861	-12.9544	-16.1535	0.224954	0.772096	0.0029503	0.794952
1841	-18.2571	-14.2585	-16.0053	0.0145384	0.96963	0.0158314	1.02511
1842	-4.83487	-6.43752	-10.4231	0.802087	0.197569	0.000343819	0.243934
1843	-15.2976	-11.1712	-12.6815	0.0127623	0.967233	0.0200049	1.03702
1844	-7.55652	-9.1653	-12.9862	0.80301	0.196587	0.000403346	0.243209
1845	-5.12027	-6.60353	-10.2205	0.78232	0.217134	0.000546294	0.263084
1846	-4.17124	-6.50537	-12.1029	0.894001	0.105963	3.67902e-05	0.156444
1847	-8.4117	-10.2914	-14.7121	0.84252	0.157303	0.000177167	0.20537
1848	-14.5019	-13.6023	-17.066	0.248985	0.748818	0.00219607	0.770424
1849	-4.6639	-6.25475	-10.2129	0.800201	0.199442	0.000356736	0.245745
1850	-12.2828	-11.3414	-14.5997	0.241133	0.756143	0.00272324	0.779127
1851	-4.76429	-6.46482	-10.5952	0.817203	0.182522	0.000274828	0.2295
1852	-6.55946	-8.40014	-12.6853	0.837246	0.162545	0.000209651	0.210426
1853	-4.22324	-6.18937	-10.779	0.853668	0.146193	0.000139066	0.194756
1854	-4.67984	-6.65941	-11.4525	0.85536	0.144528	0.000112164	0.193094
1855	-4.22324	-6.18937	-10.779	0.853668	0.146193	0.000139066	0.194756
1856	-21.201	-16.8206	-17.9888	0.00984732	0.962137	0.0280157	1.05941
1857	-4.59436	-6.28205	-10.3842	0.815271	0.184444	0.000285659	0.23135
1858	-20.4376	-16.213	-17.4591	0.0115123	0.962558	0.0259294	1.05273
1859	-4.19978	-6.21299	-11.0227	0.859473	0.140419	0.000107188	0.1892
1860	-35.3326	-24.625	-21.8734	7.41339e-06	0.405296	0.594697	2.45846
1861	-15.8488	-11.9012	-13.8178	0.0153246	0.971293	0.0133821	1.01836
1862	-14.3194	-12.8575	-15.0888	0.157971	0.833644	0.00838475	0.87149
1863	-10.691	-11.7972	-14.3797	0.710463	0.287502	0.00203521	0.334546
1864	-14.1303	-13.172	-16.5912	0.238147	0.759525	0.00232874	0.780978
1865	-26.8236	-19.9636	-20.3563	0.000805856	0.939765	0.0594296	1.14499
1866	-7.39897	-8.99372	-12.893	0.800806	0.198817	0.000377177	0.245225
1867	-34.2227	-24.2905	-23.0119	2.97211e-05	0.748258	0.251712	1.61728
1868	-23.5717	-19.2934	-19.5924	0.0104886	0.925253	0.0642582	1.14769
1905	-4.22374	-6.19112	-10.784	0.853825	0.146037	0.000138467	0.194607
1906	-7.75195	-9.63621	-14.0495	0.843118	0.156704	0.000177801	0.204807
1907	-49.5533	-36.2979	-32.7584	3.38636e-07	0.236609	0.76339	2.87217
1908	-4.50823	-5.94545	-9.45075	0.774326	0.225041	0.00063309	0.270841
1909	-14.6526	-14.0867	-18.3842	0.316754	0.682377	0.000869275	0.703219
1910	-22.8062	-18.2342	-19.171	0.00808602	0.956796	0.0351185	1.0785
1912	-26.3172	-19.3353	-19.5441	0.000704923	0.928708	0.0705866	1.17244
1913	-25.2885	-20.4965	-21.1713	0.00643166	0.948335	0.0452335	1.10486
1914	-28.3272	-21.2647	-21.1772	0.000634906	0.906685	0.0926803	1.22669
1915	-26.1078	-19.3325	-19.999	0.000889694	0.953263	0.0458475	1.1116
1916	-13.7892	-15.2046	-18.6767	0.770472	0.228862	0.000665583	0.274557
1917	-8.21987	-9.3094	-11.9958	0.707164	0.29098	0.0018565	0.33722
1918	-4.83516	-6.4388	-10.427	0.802247	0.19741	0.000342647	0.24378
1919	-10.6243	-12.0957	-15.6494	0.780272	0.21914	0.000587385	0.265117
1920	-12.0598	-13.7096	-17.6566	0.809446	0.19021	0.000344014	0.23699
1921	-7.44767	-9.07144	-12.8659	0.805363	0.194228	0.000409202	0.241003
1922	-48.9553	-35.9444	-33.3326	8.03081e-07	0.439387	0.560612	2.37487
1923	-20.7217	-16.3855	-17.4337	0.0102517	0.958284	0.031464	1.06749
1924	-12.5258	-11.153	-13.5651	0.170411	0.822684	0.00690574	0.856124
1925	-58.1432	-42.287	-38.3097	1.77068e-08	0.166709	0.833291	3.0436
1926	-20.9965	-16.8651	-18.345	0.0126921	0.966697	0.0206107	1.03857
1927	-30.6244	-23.7021	-24.111	0.000757891	0.940711	0.0585313	1.14283
1928	-5.29081	-6.78765	-10.4354	0.784636	0.21484	0.00052412	0.260844
1929	-4.59481	-6.28356	-10.3885	0.815432	0.184284	0.000284623	0.231196
1930	-4.90621	-6.4842	-10.3687	0.798114	0.201498	0.000387953	0.247792
1931	-22.7106	-18.647	-20.162	0.0135802	0.966521	0.0198986	1.03598
1932	-10.5389	-9.65098	-13.157	0.251204	0.746697	0.0020991	0.768093
1933	-4.36902	-6.39707	-11.2377	0.86126	0.138637	0.000102597	0.187502
1934	-7.39925	-8.99501	-12.8969	0.800967	0.198657	0.000375891	0.245069
1935	-9.48075	-8.48428	-11.8232	0.231245	0.766209	0.0025457	0.788023
1936	-46.3764	-33.1577	-29.877	4.25355e-07	0.286476	0.713524	2.74988
1937	-58.1513	-39.3572	-33.9319	2.52731e-10	0.0449099	0.95509	3.34231
1938	-61.112	-49.8753	-46.2136	2.31938e-06	0.215245	0.784753	2.92456
1939	-9.48339	-11.4007	-15.9858	0.847469	0.152385	0.000145618	0.200622
1940	-4.69535	-6.53559	-10.9017	0.837198	0.162608	0.000193419	0.210431
1941	-12.2166	-13.8344	-17.6503	0.804433	0.195165	0.000402462	0.241864
1942	-9.3335	-11.2507	-15.8344	0.847452	0.152403	0.000145827	0.200639
1943	-23.6021	-19.5918	-21.1847	0.0143346	0.967246	0.0184194	1.03165
1944	-48.6072	-32.7537	-28.6044	1.53543e-08	0.14416	0.85584	3.0989
1945	-26.5573	-19.6812	-20.0208	0.000790412	0.936737	0.0624725	1.15246
1946	-10.2093	-11.6807	-15.2342	0.78026	0.219153	0.000587528	0.26513
1947	-5.3222	-6.8008	-10.3856	0.781511	0.217923	0.000566237	0.263897
1948	-11.0585	-9.91325	-12.7012	0.205458	0.789988	0.00455351	0.817281
1949	-26.6636	-28.143	-31.7294	0.781653	0.217782	0.000564915	0.263759
1950	-72.0117	-50.6039	-44.5084	9.68499e-12	0.0234909	0.976509	3.39484
1951	-4.16415	-5.62333	-9.15038	0.778149	0.221242	0.000609007	0.267174
1952	-7.53701	-9.13022	-13.0322	0.800561	0.199062	0.000376626	0.245454
1953	-5.54289	-7.10673	-10.8492	0.795777	0.20377	0.000452201	0.250154
1954	-9.75141	-8.65809	-11.7188	0.214297	0.78227	0.00343292	0.806192
1955	-4.49705	-6.48842	-11.2619	0.856812	0.143075	0.00011324	0.191726
1956	-5.12108	-6.7186	-10.5107	0.801214	0.198368	0.000418909	0.244942
1957	-4.59481	-6.28356	-10.3885	0.815432	0.184284	0.000284623	0.231196
1958	-4.37135	-5.84282	-9.39655	0.780277	0.219135	0.000587328	0.265113
1959	-9.14858	-10.52	-13.8132	0.762501	0.236675	0.000823177	0.282466
1960	-8.47588	-10.379	-14.9262	0.845613	0.154234	0.000153063	0.202391
1961	-4.55814	-6.42415	-10.8232	0.840685	0.159131	0.000183152	0.207116
1962	-4.36902	-6.39707	-11.2377	0.86126	0.138637	0.000102597	0.187502
1963	-4.7185	-6.2837	-10.1392	0.796036	0.203561	0.000403457	0.24979
1964	-19.0001	-20.5827	-24.3287	0.79882	0.200736	0.000443933	0.247262
1965	-12.9153	-11.5076	-13.8156	0.165414	0.826884	0.00770218	0.862793
1966	-12.6975	-11.8101	-15.3392	0.251318	0.746631	0.00205106	0.767867
1967	-13.1146	-14.7134	-18.5127	0.801415	0.19817	0.000415469	0.244744
1968	-9.93463	-8.79554	-11.7323	0.206597	0.789481	0.00392167	0.814657
1969	-4.20026	-6.21473	-11.0277	0.859627	0.140266	0.000106717	0.189053
1970	-13.544	-12.293	-14.9948	0.188646	0.806288	0.00506584	0.834403
1971	-17.8721	-13.5802	-14.6566	0.0107212	0.958677	0.030602	1.06493
1972	-4.17132	-6.50693	-12.1082	0.89414	0.105823	3.66014e-05	0.156312
1973	-4.83516	-6.4388	-10.427	0.802247	0.19741	0.000342647	0.24378
1974	-27.3663	-20.2099	-20.1537	0.000579725	0.909335	0.0900855	1.22038
1975	-7.45965	-9.05888	-12.8594	0.801488	0.198097	0.000414841	0.244674
1976	-24.7583	-23.0256	-24.4107	0.123746	0.856183	0.0200713	0.932448
1977	-9.01112	-10.5388	-14.2667	0.789827	0.209701	0.000472193	0.255818
1978	-5.49489	-6.64736	-9.49835	0.72022	0.278274	0.00150605	0.32404
1979	-16.0056	-14.6683	-17.116	0.17553	0.817845	0.00662476	0.850604
1980	-5.3222	-6.8008	-10.3856	0.781511	0.217923	0.000566237	0.263897
1981	-18.2776	-14.4394	-16.5936	0.0171154	0.972321	0.0105637	1.00976
1982	-4.83516	-6.4388	-10.427	0.802247	0.19741	0.000342647	0.24378
1983	-37.0127	-30.0154	-30.1895	0.000692493	0.926407	0.0729008	1.17813
1984	-4.69535	-6.53559	-10.9017	0.837198	0.162608	0.000193419	0.210431
1985	-5.3222	-6.8008	-10.3856	0.781511	0.217923	0.000566237	0.263897
1986	-22.9099	-16.1675	-17.0385	0.000927216	0.961389	0.0376842	1.09154
1987	-41.4727	-29.0913	-27.5301	2.3718e-06	0.691445	0.308553	1.75671
1988	-33.6929	-32.4088	-34.905	0.183419	0.810328	0.00625298	0.842247
1989	-11.8787	-10.4587	-12.739	0.163691	0.828376	0.00793313	0.864984
1990	-22.3476	-21.1758	-23.9147	0.201123	0.794069	0.00480755	0.821995
1991	-4.61295	-6.46354	-10.9671	0.838626	0.161207	0.000167128	0.20902
1992	-9.81891	-11.2989	-14.8402	0.781728	0.217682	0.000590706	0.263752
1993	-9.00111	-10.4843	-14.0336	0.782276	0.21714	0.000584577	0.26322
1994	-27.9342	-26.5757	-28.909	0.172349	0.820202	0.00744886	0.855627
1995	-59.0396	-42.4994	-37.2351	2.80562e-09	0.0523438	0.947656	3.32408
1996	-35.1985	-27.9656	-27.6084	0.000520572	0.881477	0.118002	1.2889
1997	-29.3285	-22.5956	-23.466	0.000936086	0.961358	0.0377055	1.09159
1998	-4.61295	-6.46354	-10.9671	0.838626	0.161207	0.000167128	0.20902
1999	-15.3229	-14.0218	-16.6609	0.181046	0.813511	0.00544213	0.842498
2000	-4.97947	-6.59645	-10.544	0.804342	0.195305	0.000353062	0.241828
2001	-6.65047	-8.62749	-13.2851	0.85503	0.144841	0.000128722	0.193445
2002	-18.1357	-16.8611	-19.4112	0.184907	0.809176	0.00591679	0.840019
2003	-36.8294	-29.8513	-30.189	0.000713697	0.936704	0.0625827	1.15281
2004	-32.9157	-25.2698	-24.0002	0.000292968	0.749764	0.249943	1.6127
2005	-30.8305	-24.118	-25.0304	0.000956823	0.962832	0.0362107	1.0879
2006	-5.25504	-6.72306	-10.2386	0.779665	0.219723	0.0006118	0.26575
2007	-10.8736	-12.3571	-15.9746	0.782375	0.217079	0.000545908	0.263031
2008	-5.02216	-6.55851	-10.3063	0.791275	0.208265	0.000459753	0.254421
2009	-4.83516	-6.4388	-10.427	0.802247	0.19741	0.000342647	0.24378
2010	-13.7787	-12.4204	-14.8861	0.172535	0.820933	0.00653112	0.8532
2011	-8.68255	-10.4409	-14.3614	0.82563	0.174047	0.000323243	0.221667
2012	-4.83516	-6.4388	-10.427	0.802247	0.19741	0.000342647	0.24378
2013	-35.4271	-25.4837	-24.1928	2.92984e-05	0.745953	0.254018	1.62294
2014	-4.55814	-6.42415	-10.8232	0.840685	0.159131	0.000183152	0.207116
2015	-11.7842	-13.7755	-18.5482	0.856801	0.143086	0.000113343	0.191737
2016	-4.50823	-5.94545	-9.45075	0.774326	0.225041	0.00063309	0.270841
2017	-13.1677	-11.9781	-14.8322	0.198378	0.79732	0.00430171	0.823345
2018	-4.16415	-5.62333	-9.15038	0.778149	0.221242	0.000609007	0.267174
2019	-5.6805	-7.18677	-10.7827	0.786203	0.213249	0.000547958	0.259424
2020	-13.3016	-11.8833	-13.955	0.163617	0.82663	0.00975216	0.869515
2021	-4.37135	-5.84282	-9.39655	0.780277	0.219135	0.000587328	0.265113
2022	-4.97947	-6.59645	-10.544	0.804342	0.195305	0.000353062	0.241828
2023	-8.60505	-10.2871	-14.0996	0.814335	0.185282	0.000383368	0.232473
2024	-6.55997	-8.40181	-12.69	0.837405	0.162386	0.000208813	0.210274
2025	-4.37135	-5.84282	-9.39655	0.780277	0.219135	0.000587328	0.265113
2026	-19.2959	-18.0312	-20.5929	0.186419	0.807743	0.005838	0.838398
2027	-12.8965	-11.8779	-15.0506	0.227235	0.769745	0.00301991	0.79297
2028	-16.9963	-12.5921	-13.3702	0.00949084	0.949663	0.0408463	1.09122
2029	-4.32797	-6.3058	-11.0513	0.855141	0.144741	0.000117815	0.193314
2033	-4.55814	-6.42415	-10.8232	0.840685	0.159131	0.000183152	0.207116
2034	-45.8951	-35.9597	-34.7258	2.99552e-05	0.756584	0.243386	1.59686
2035	-7.52417	-9.08626	-12.891	0.795515	0.204059	0.000425536	0.250336
2036	-4.97947	-6.59645	-10.544	0.804342	0.195305	0.000353062	0.241828
2037	-7.28401	-8.98029	-13.0661	0.816556	0.183156	0.000288346	0.230144
2038	-25.1361	-21.2508	-23.3157	0.0163246	0.972128	0.0115474	1.01291
