Sites	Ll_YN98.omega=0.0116573	Ll_YN98.omega=0.154277	Ll_YN98.omega=0.640074	Ll_YN98.omega=0.975753	Pr_YN98.omega=0.0116573	Pr_YN98.omega=0.154277	Pr_YN98.omega=0.640074	Pr_YN98.omega=0.975753	mean
36	-3.62356	-3.77152	-4.27242	-4.61567	0.362859	0.312952	0.189644	0.134545	0.30518
37	-4.60013	-4.6907	-4.99769	-5.20844	0.319526	0.291858	0.214707	0.173909	0.355872
38	-40.9054	-33.0445	-28.5733	-27.2579	9.30384e-07	0.00241346	0.211069	0.786516	0.902918
39	-29.1147	-21.4774	-17.5841	-16.5756	2.61173e-06	0.00541717	0.265821	0.728759	0.88207
40	-4.32391	-4.41661	-4.73078	-4.94642	0.321152	0.292719	0.2138	0.172329	0.353902
41	-22.1184	-17.0542	-14.552	-13.9444	0.000177346	0.0280655	0.342634	0.629124	0.837512
42	-3.62356	-3.77152	-4.27242	-4.61567	0.362859	0.312952	0.189644	0.134545	0.30518
43	-13.0168	-10.5173	-9.37626	-9.14748	0.0100809	0.122748	0.384204	0.482967	0.73623
44	-7.03871	-7.14856	-7.5197	-7.77341	0.334024	0.299276	0.206485	0.160215	0.338561
45	-9.39978	-9.48648	-9.78018	-9.98168	0.316517	0.290233	0.216367	0.176882	0.35955
46	-12.5005	-10.0107	-8.90382	-8.69944	0.0106067	0.127895	0.386884	0.474615	0.730596
47	-10.3919	-10.4912	-10.8273	-11.0577	0.326124	0.2953	0.210996	0.16758	0.34793
48	-4.5134	-4.58814	-4.84168	-5.01591	0.307394	0.285256	0.221373	0.185977	0.370754
49	-13.5314	-13.635	-13.9855	-14.2255	0.329367	0.296952	0.209154	0.164527	0.344064
50	-3.28632	-3.40258	-3.79598	-4.06544	0.339011	0.301803	0.203644	0.155541	0.332631
51	-6.84931	-6.97255	-7.38795	-7.67096	0.343962	0.30408	0.200717	0.151241	0.32697
52	-36.2995	-28.6411	-24.6757	-23.6169	2.29401e-06	0.00485947	0.256299	0.738839	0.885724
53	-38.998	-28.7822	-23.4801	-22.0589	3.54093e-08	0.000967794	0.194291	0.804741	0.909738
54	-11.182	-8.7126	-7.67366	-7.51504	0.0117178	0.138448	0.391288	0.458547	0.719377
55	-25.8869	-20.8063	-18.2524	-17.6121	0.000162498	0.0261423	0.336092	0.637603	0.841302
56	-4.26746	-4.33117	-4.54729	-4.69584	0.298886	0.280438	0.225932	0.194744	0.381385
57	-30.3205	-22.6917	-18.8246	-17.8316	2.73409e-06	0.0056231	0.268809	0.725565	0.880897
58	-4.14643	-4.23396	-4.53081	-4.73474	0.317226	0.290639	0.21599	0.176144	0.35866
59	-9.42747	-9.55912	-10.0014	-10.3014	0.349987	0.306815	0.197148	0.14605	0.320112
60	-36.6104	-28.9391	-24.9311	-23.8444	2.12592e-06	0.00456212	0.251078	0.744358	0.887721
61	-12.5875	-10.121	-9.09172	-8.93982	0.0118843	0.140016	0.391903	0.456196	0.717721
62	-4.60013	-4.6907	-4.99769	-5.20844	0.319526	0.291858	0.214707	0.173909	0.355872
63	-13.6244	-11.1125	-9.93038	-9.6742	0.00948031	0.116874	0.381175	0.492471	0.742651
64	-10.6932	-8.22594	-7.1939	-7.03982	0.0118359	0.139549	0.391684	0.456931	0.718225
65	-10.6705	-10.7637	-11.0784	-11.2937	0.321299	0.292723	0.213676	0.172302	0.353799
66	-4.26746	-4.33117	-4.54729	-4.69584	0.298886	0.280438	0.225932	0.194744	0.381385
67	-5.28231	-5.37292	-5.68004	-5.89086	0.319554	0.291872	0.214691	0.173883	0.355839
68	-26.5943	-21.5008	-18.8992	-18.2234	0.000149675	0.0243918	0.328914	0.646545	0.845162
69	-7.53836	-7.64258	-7.99499	-8.23614	0.329802	0.29716	0.2089	0.164138	0.343559
70	-19.6392	-17.1565	-16.0725	-15.8829	0.0109699	0.131347	0.388311	0.469372	0.72693
71	-19.1959	-16.6997	-15.5691	-15.3467	0.0102376	0.124243	0.38485	0.480669	0.734634
72	-8.31964	-8.40656	-8.70106	-8.90316	0.316698	0.290335	0.21627	0.176696	0.359324
73	-39.474	-34.0794	-30.8553	-29.9047	4.98134e-05	0.0109697	0.275682	0.713298	0.874153
74	-9.65095	-9.7398	-10.0411	-10.2482	0.318245	0.291187	0.215427	0.175141	0.357416
75	-15.0405	-15.1276	-15.4231	-15.6261	0.316924	0.290476	0.216157	0.176442	0.359029
76	-12.2275	-12.3165	-12.6182	-12.8255	0.318328	0.29123	0.215377	0.175065	0.357318
77	-19.0294	-16.5329	-15.4026	-15.1817	0.0102441	0.124363	0.385111	0.480282	0.734441
78	-19.1635	-19.2635	-19.6017	-19.8332	0.326596	0.295518	0.210717	0.16717	0.347389
79	-9.07383	-9.16284	-9.46474	-9.67215	0.31837	0.291254	0.215358	0.175018	0.357264
80	-12.7605	-10.2614	-9.12256	-8.89604	0.0101148	0.123111	0.384509	0.482265	0.735796
81	-12.6649	-12.7396	-12.9931	-13.1672	0.30737	0.285243	0.221386	0.186001	0.370784
82	-12.5311	-12.6212	-12.9258	-13.1344	0.318996	0.291533	0.214978	0.174493	0.356559
83	-5.39336	-5.47546	-5.75382	-5.94499	0.313034	0.28836	0.218295	0.18031	0.3638
84	-15.0463	-15.1446	-15.4772	-15.7048	0.325312	0.294858	0.211442	0.168388	0.348925
85	-5.10736	-5.18907	-5.46622	-5.65668	0.312759	0.28822	0.218453	0.180568	0.364127
86	-3.7884	-3.91496	-4.342	-4.63335	0.346552	0.305354	0.199223	0.148871	0.323928
87	-5.37117	-5.44932	-5.71438	-5.89649	0.310012	0.286707	0.21995	0.183331	0.367516
88	-7.58768	-7.6738	-7.96516	-8.1647	0.315991	0.289918	0.216639	0.177452	0.360225
89	-7.87741	-7.94137	-8.15758	-8.30546	0.29891	0.280392	0.225874	0.194823	0.381418
90	-13.9592	-11.5098	-10.5379	-10.4249	0.0129098	0.14952	0.395146	0.442423	0.707837
91	-3.98229	-4.10431	-4.51735	-4.80039	0.343402	0.303957	0.201108	0.151533	0.327479
92	-23.176	-18.1317	-15.6944	-15.1291	0.000197802	0.0306884	0.351133	0.617981	0.832484
93	-4.26746	-4.33117	-4.54729	-4.69584	0.298886	0.280438	0.225932	0.194744	0.381385
94	-19.4566	-16.9618	-15.8371	-15.6199	0.0103294	0.125185	0.385489	0.478997	0.733558
95	-8.04816	-8.14622	-8.47855	-8.70663	0.325258	0.294875	0.2115	0.168366	0.348944
96	-3.46028	-3.58331	-3.99851	-4.28181	0.343907	0.304093	0.200766	0.151235	0.326996
97	-11.6822	-9.21947	-8.20333	-8.06048	0.0121125	0.142158	0.392713	0.453017	0.71547
98	-3.46028	-3.58331	-3.99851	-4.28181	0.343907	0.304093	0.200766	0.151235	0.326996
99	-11.2979	-11.3799	-11.6578	-11.8488	0.312941	0.28832	0.218352	0.180386	0.363903
100	-4.79836	-4.89062	-5.20378	-5.41917	0.320916	0.292634	0.213955	0.172496	0.354148
101	-5.28231	-5.37292	-5.68004	-5.89086	0.319554	0.291872	0.214691	0.173883	0.355839
102	-22.0129	-19.5182	-18.3932	-18.1755	0.0103254	0.125132	0.385403	0.47914	0.733634
103	-22.782	-20.2883	-19.1672	-18.9522	0.0103835	0.125701	0.385696	0.478219	0.733011
104	-30.0915	-25.008	-22.4409	-21.7889	0.000158758	0.025614	0.333726	0.640501	0.842534
105	-11.0341	-11.1333	-11.4688	-11.6985	0.325976	0.295204	0.211071	0.167749	0.348126
106	-3.80795	-3.89697	-4.19888	-4.40631	0.318373	0.291257	0.215357	0.175014	0.35726
107	-3.60112	-3.68738	-3.97966	-4.18023	0.316194	0.290063	0.216549	0.177194	0.359941
108	-8.78245	-8.87189	-9.17509	-9.38324	0.318665	0.2914	0.215186	0.174749	0.356918
109	-26.972	-24.5022	-23.4599	-23.2973	0.0116577	0.137805	0.390784	0.459754	0.720132
110	-4.85928	-4.94291	-5.22609	-5.42021	0.314131	0.288928	0.217673	0.179267	0.362485
111	-6.12735	-6.25063	-6.66528	-6.94698	0.343813	0.303935	0.20077	0.151482	0.327214
112	-11.2455	-11.3353	-11.6393	-11.8481	0.318865	0.291506	0.215074	0.174555	0.356676
113	-8.56337	-8.65749	-8.97628	-9.19491	0.322199	0.293258	0.213207	0.171337	0.352649
114	-4.98208	-5.05779	-5.31459	-5.49102	0.308136	0.285666	0.22097	0.185229	0.369838
115	-11.841	-9.39661	-8.44169	-8.34018	0.0132254	0.152408	0.396028	0.438338	0.704864
116	-4.98208	-5.05779	-5.31459	-5.49102	0.308136	0.285666	0.22097	0.185229	0.369838
117	-10.9486	-11.0571	-11.4247	-11.6768	0.333211	0.298939	0.206984	0.160865	0.339454
118	-22.9521	-17.8753	-15.3308	-14.6945	0.000165027	0.0264487	0.336879	0.636507	0.840783
119	-18.7344	-18.8213	-19.116	-19.3182	0.316739	0.290356	0.216246	0.176658	0.359276
120	-7.28451	-7.41078	-7.83701	-8.12796	0.346368	0.30528	0.199337	0.149016	0.324128
121	-11.1995	-11.2791	-11.549	-11.7342	0.311105	0.287292	0.219344	0.18226	0.366186
122	-29.0745	-21.4414	-17.5631	-16.5655	2.68332e-06	0.00554219	0.267907	0.726548	0.881267
123	-24.199	-19.1457	-16.6773	-16.0896	0.000187581	0.0293627	0.346616	0.623834	0.835099
124	-4.86812	-4.9627	-5.28314	-5.50299	0.322571	0.293462	0.213003	0.170964	0.352191
125	-31.4089	-23.7675	-19.8608	-18.8433	2.54985e-06	0.00531043	0.264117	0.73057	0.882729
126	-7.46162	-7.57545	-7.96007	-8.22298	0.337051	0.300788	0.204749	0.157413	0.334984
127	-9.64415	-9.73405	-10.0385	-10.2473	0.318956	0.291532	0.215011	0.174501	0.356588
128	-8.37402	-8.4365	-8.64792	-8.79269	0.297818	0.279778	0.226463	0.195941	0.382778
129	-4.14643	-4.23396	-4.53081	-4.73474	0.317226	0.290639	0.21599	0.176144	0.35866
130	-13.2331	-13.2968	-13.5129	-13.6613	0.298868	0.280419	0.225934	0.19478	0.381417
131	-12.5403	-12.6233	-12.9044	-13.0974	0.313657	0.288698	0.217951	0.179694	0.363038
132	-3.84123	-3.94981	-4.31795	-4.57078	0.333327	0.299032	0.206936	0.160705	0.339282
133	-18.9556	-19.0523	-19.3798	-19.6041	0.324164	0.294263	0.212088	0.169484	0.350304
134	-14.177	-14.2934	-14.6855	-14.9523	0.338751	0.301515	0.203718	0.156017	0.333094
135	-5.10736	-5.18907	-5.46622	-5.65668	0.312759	0.28822	0.218453	0.180568	0.364127
136	-4.26746	-4.33117	-4.54729	-4.69584	0.298886	0.280438	0.225932	0.194744	0.381385
137	-4.90905	-5.00304	-5.32143	-5.53981	0.322108	0.293211	0.21326	0.171422	0.352758
138	-15.7475	-15.8698	-16.2838	-16.5676	0.343619	0.304071	0.200987	0.151323	0.327217
139	-22.3567	-19.8657	-18.754	-18.546	0.0105314	0.127153	0.386468	0.475847	0.731417
140	-7.63019	-7.7466	-8.14021	-8.40953	0.339063	0.301804	0.203602	0.155531	0.332594
141	-3.46028	-3.58331	-3.99851	-4.28181	0.343907	0.304093	0.200766	0.151235	0.326996
142	-26.0761	-20.974	-18.3473	-17.6573	0.000143477	0.023584	0.32612	0.650153	0.846769
143	-3.84123	-3.94981	-4.31795	-4.57078	0.333327	0.299032	0.206936	0.160705	0.339282
144	-15.7281	-13.2225	-12.0604	-11.817	0.00976908	0.11968	0.382552	0.487999	0.739605
145	-3.46028	-3.58331	-3.99851	-4.28181	0.343907	0.304093	0.200766	0.151235	0.326996
146	-15.786	-13.3287	-12.33	-12.1982	0.0124198	0.144974	0.393573	0.449033	0.712572
147	-3.74963	-3.8722	-4.28747	-4.57238	0.343894	0.304224	0.200837	0.151046	0.326877
148	-25.5862	-19.9766	-16.5656	-15.5999	3.30324e-05	0.00901857	0.273235	0.717713	0.876593
149	-19.1072	-16.6114	-15.483	-15.2633	0.0102738	0.124645	0.385222	0.479859	0.734144
150	-10.7582	-10.8513	-11.1661	-11.3813	0.321287	0.292722	0.213686	0.172305	0.353807
151	-4.71229	-4.81671	-5.17098	-5.41446	0.330201	0.297459	0.208723	0.163618	0.342989
152	-4.58236	-4.67447	-4.98674	-5.20118	0.320721	0.292499	0.214046	0.172734	0.354415
153	-4.26746	-4.33117	-4.54729	-4.69584	0.298886	0.280438	0.225932	0.194744	0.381385
154	-16.4209	-13.9296	-12.8171	-12.6086	0.0105187	0.127029	0.386416	0.476036	0.731549
155	-15.1309	-12.6185	-11.4333	-11.174	0.00943534	0.116383	0.380733	0.493448	0.743246
156	-26.1195	-23.5756	-22.2779	-21.9364	0.00794279	0.101111	0.370127	0.520819	0.760791
157	-7.59671	-7.66074	-7.87698	-8.02465	0.298917	0.280377	0.225856	0.19485	0.38143
158	-5.12948	-5.24068	-5.61747	-5.87601	0.335276	0.299991	0.205811	0.158923	0.336993
159	-8.45956	-8.57173	-8.95074	-9.20983	0.335791	0.300162	0.205473	0.158574	0.336469
160	-12.3792	-12.4729	-12.7898	-13.0068	0.321782	0.293006	0.213422	0.17179	0.353186
161	-33.6472	-26.8846	-22.9812	-21.9119	5.92933e-06	0.00512821	0.254224	0.740642	0.886197
162	-15.6878	-13.0063	-11.4341	-11.0018	0.00514405	0.075143	0.361976	0.557737	0.787557
163	-4.43077	-4.51587	-4.80381	-5.00101	0.315213	0.289498	0.217069	0.178219	0.361176
164	-8.46693	-8.60308	-9.06311	-9.37754	0.35387	0.308826	0.194951	0.142354	0.315455
165	-8.97818	-9.06326	-9.35134	-9.54884	0.315244	0.289533	0.217062	0.178161	0.36112
166	-12.7428	-10.2982	-9.34281	-9.24101	0.0132167	0.152331	0.396008	0.438445	0.704943
167	-14.4871	-12.0249	-11.0104	-10.8686	0.012141	0.142418	0.392791	0.452649	0.715202
168	-20.5821	-15.5399	-13.1104	-12.551	0.000200468	0.0310347	0.352317	0.616447	0.8318
169	-13.7143	-13.8179	-14.1686	-14.4088	0.329408	0.296979	0.209133	0.16448	0.344009
170	-7.58877	-7.70267	-8.08818	-8.35228	0.337238	0.300933	0.204667	0.157162	0.334711
171	-7.794	-7.88057	-8.17354	-8.37427	0.316356	0.290122	0.216443	0.177079	0.359772
172	-21.9963	-19.5072	-18.4012	-18.1966	0.0106206	0.127988	0.386786	0.474605	0.730538
173	-4.60013	-4.6907	-4.99769	-5.20844	0.319526	0.291858	0.214707	0.173909	0.355872
174	-14.5217	-14.6232	-14.9599	-15.1845	0.32636	0.294871	0.21057	0.168199	0.348197
175	-7.03871	-7.14856	-7.5197	-7.77341	0.334024	0.299276	0.206485	0.160215	0.338561
176	-12.5777	-12.6419	-12.8586	-13.0065	0.299017	0.280428	0.225798	0.194758	0.381312
177	-7.93407	-7.99776	-8.21381	-8.3623	0.298869	0.280428	0.22594	0.194763	0.381406
178	-4.11847	-4.23125	-4.61345	-4.87573	0.336487	0.300599	0.205117	0.157796	0.335558
179	-12.8999	-10.447	-9.46338	-9.34192	0.0126921	0.147498	0.394436	0.445374	0.709946
180	-8.18301	-8.27187	-8.57327	-8.78034	0.318254	0.291194	0.215422	0.17513	0.357404
181	-9.50287	-9.60282	-9.94106	-10.1727	0.326599	0.295534	0.210723	0.167144	0.347371
182	-3.61429	-3.73163	-4.12872	-4.40072	0.339836	0.30221	0.203169	0.154785	0.33166
183	-9.22408	-9.28785	-9.504	-9.65237	0.298892	0.280426	0.225917	0.194764	0.381393
184	-4.75145	-4.85141	-5.18968	-5.42139	0.326607	0.295538	0.210718	0.167136	0.347361
185	-3.74963	-3.8722	-4.28747	-4.57238	0.343894	0.304224	0.200837	0.151046	0.326877
186	-4.26746	-4.33117	-4.54729	-4.69584	0.298886	0.280438	0.225932	0.194744	0.381385
187	-4.5134	-4.58814	-4.84168	-5.01591	0.307394	0.285256	0.221373	0.185977	0.370754
188	-21.3473	-16.2936	-13.8254	-13.2397	0.000187783	0.0294083	0.347042	0.623362	0.834919
189	-4.58236	-4.67447	-4.98674	-5.20118	0.320721	0.292499	0.214046	0.172734	0.354415
190	-5.00458	-5.11933	-5.50712	-5.77226	0.337762	0.301144	0.204342	0.156752	0.334142
191	-30.2139	-22.5616	-18.6179	-17.5751	2.38639e-06	0.00502445	0.259295	0.735678	0.884583
192	-13.6066	-13.6809	-13.9323	-14.1045	0.306915	0.284934	0.221596	0.186555	0.371406
193	-53.0793	-45.4167	-41.4386	-40.373	2.24418e-06	0.0047744	0.255006	0.740217	0.886228
194	-21.8251	-16.7647	-14.2757	-13.6772	0.000181343	0.0285895	0.344495	0.626734	0.836452
195	-4.42576	-4.51198	-4.80423	-5.00489	0.316186	0.290069	0.216559	0.177186	0.359941
196	-21.8059	-19.3325	-18.2795	-18.1108	0.0114793	0.136172	0.390298	0.462051	0.721809
197	-29.4378	-24.3695	-21.8536	-21.2365	0.000173238	0.0275282	0.34075	0.631549	0.838589
198	-19.6616	-14.5826	-12.0309	-11.3896	0.000163003	0.0261795	0.335868	0.637789	0.841346
199	-3.61429	-3.73163	-4.12872	-4.40072	0.339836	0.30221	0.203169	0.154785	0.33166
200	-9.08219	-9.20456	-9.61898	-9.90316	0.343708	0.30412	0.200938	0.151233	0.327107
201	-14.6666	-12.1714	-11.0453	-10.8272	0.0103085	0.124984	0.385399	0.479308	0.733772
202	-12.5974	-10.1031	-8.98018	-8.76425	0.0103571	0.125454	0.385624	0.478565	0.733264
203	-15.1011	-12.6248	-11.5624	-11.3877	0.011323	0.134719	0.389794	0.464164	0.723322
204	-34.1484	-26.4759	-22.4648	-21.3768	2.11482e-06	0.00454383	0.25085	0.744604	0.887813
205	-43.6843	-33.4332	-28.0106	-26.5061	2.83229e-08	0.000801874	0.181599	0.817599	0.914135
206	-10.978	-11.093	-11.4799	-11.743	0.337594	0.300931	0.204376	0.157098	0.334467
207	-4.79836	-4.89062	-5.20378	-5.41917	0.320916	0.292634	0.213955	0.172496	0.354148
208	-11.2807	-11.3845	-11.7364	-11.9783	0.329677	0.297185	0.209017	0.164121	0.343619
209	-4.86812	-4.9627	-5.28314	-5.50299	0.322571	0.293462	0.213003	0.170964	0.352191
210	-17.9016	-15.4281	-14.3755	-14.208	0.0114887	0.136304	0.390495	0.461713	0.721625
211	-9.80609	-9.86727	-10.0745	-10.2167	0.296867	0.279248	0.22698	0.196904	0.383956
212	-3.80795	-3.89697	-4.19888	-4.40631	0.318373	0.291257	0.215357	0.175014	0.35726
213	-4.98208	-5.05779	-5.31459	-5.49102	0.308136	0.285666	0.22097	0.185229	0.369838
214	-4.76138	-4.85784	-5.18413	-5.40752	0.323902	0.294119	0.212233	0.169746	0.350626
215	-7.7051	-7.76879	-7.98482	-8.13329	0.298865	0.280426	0.225941	0.194768	0.381411
216	-5.00458	-5.11933	-5.50712	-5.77226	0.337762	0.301144	0.204342	0.156752	0.334142
217	-7.14183	-7.263	-7.67239	-7.95223	0.342601	0.303506	0.201545	0.152348	0.328475
218	-9.74414	-9.84052	-10.1671	-10.3912	0.323958	0.294192	0.212226	0.169624	0.350515
219	-13.8749	-11.3605	-10.1721	-9.91365	0.00939419	0.116112	0.381062	0.493432	0.743398
220	-8.38998	-8.45118	-8.65792	-8.79916	0.296756	0.279137	0.227004	0.197104	0.384147
221	-31.9345	-24.2718	-20.2931	-19.2266	2.24118e-06	0.00476827	0.254847	0.740383	0.886287
222	-7.65538	-7.71906	-7.93509	-8.08355	0.298864	0.280425	0.225942	0.194769	0.381413
223	-3.61429	-3.73163	-4.12872	-4.40072	0.339836	0.30221	0.203169	0.154785	0.33166
224	-22.1787	-17.1396	-14.7217	-14.1713	0.000204482	0.0315597	0.354157	0.614079	0.830747
225	-14.6616	-12.1995	-11.1843	-11.0411	0.0121273	0.142246	0.392593	0.453033	0.715424
226	-4.69591	-4.79442	-5.12837	-5.35766	0.325623	0.295074	0.211299	0.168004	0.348497
227	-12.5603	-10.0657	-8.94136	-8.72448	0.010336	0.125249	0.385521	0.478893	0.733487
228	-12.4461	-12.5286	-12.8081	-13.0001	0.313306	0.288506	0.218144	0.180044	0.363469
229	-13.552	-11.0571	-9.93224	-9.71492	0.0103265	0.125156	0.385473	0.479044	0.733589
230	-4.75145	-4.85141	-5.18968	-5.42139	0.326607	0.295538	0.210718	0.167136	0.347361
231	-14.6738	-12.1805	-11.0611	-10.8478	0.0104121	0.125992	0.385904	0.477691	0.732675
232	-18.5409	-16.0792	-15.0656	-14.9237	0.0121552	0.142517	0.392722	0.452605	0.715131
233	-13.9671	-11.4951	-10.4468	-10.2815	0.0115598	0.136942	0.39064	0.460858	0.720984
234	-8.55371	-8.64101	-8.93639	-9.13871	0.316902	0.290411	0.216138	0.176549	0.35911
235	-4.26746	-4.33117	-4.54729	-4.69584	0.298886	0.280438	0.225932	0.194744	0.381385
236	-10.4146	-7.94765	-6.91703	-6.76408	0.0118605	0.139788	0.3918	0.456551	0.717966
237	-3.87803	-4.01449	-4.47592	-4.79165	0.354173	0.308995	0.194784	0.142048	0.315079
238	-10.9563	-11.0303	-11.2805	-11.4518	0.306647	0.284782	0.221739	0.186831	0.371741
239	-14.0893	-14.153	-14.3689	-14.5174	0.298853	0.280419	0.225948	0.19478	0.381427
240	-14.5453	-12.0851	-11.0773	-10.9399	0.0122591	0.143512	0.393161	0.451067	0.714066
241	-12.7771	-10.284	-9.16487	-8.95134	0.010415	0.126008	0.385863	0.477714	0.732673
242	-3.46028	-3.58331	-3.99851	-4.28181	0.343907	0.304093	0.200766	0.151235	0.326996
243	-13.8958	-11.3996	-10.2688	-10.0465	0.0102357	0.12423	0.384868	0.480666	0.73464
244	-5.02139	-5.11575	-5.43562	-5.65526	0.322442	0.293407	0.213084	0.171067	0.352334
245	-17.2456	-14.7787	-13.7467	-13.5913	0.0118336	0.139461	0.391438	0.457267	0.718383
246	-22.7135	-17.6667	-15.2221	-14.6527	0.000195435	0.0303953	0.350326	0.619083	0.832998
247	-3.92751	-4.0158	-4.31495	-4.52018	0.31775	0.290897	0.215686	0.175667	0.358045
248	-22.5162	-20.0393	-18.9733	-18.7943	0.0112599	0.134032	0.389211	0.465498	0.724143
249	-12.739	-10.2516	-9.1505	-8.9483	0.0106956	0.12867	0.38696	0.473674	0.729847
250	-17.8483	-15.3516	-14.2198	-13.9973	0.0102209	0.124105	0.384865	0.480808	0.734758
251	-18.4617	-16.0126	-15.0416	-14.9291	0.0129263	0.149664	0.395168	0.442242	0.707696
252	-4.79836	-4.89062	-5.20378	-5.41917	0.320916	0.292634	0.213955	0.172496	0.354148
253	-14.0184	-11.5718	-10.6097	-10.5032	0.0130895	0.151166	0.395656	0.440088	0.70614
254	-9.40271	-9.47032	-9.69952	-9.85689	0.301862	0.282127	0.224338	0.191673	0.377663
255	-13.4821	-13.5584	-13.8171	-13.9948	0.308571	0.285902	0.220729	0.184798	0.369305
256	-5.30434	-5.39943	-5.72159	-5.94263	0.322963	0.293667	0.212784	0.170586	0.351719
257	-8.51911	-8.58264	-8.7982	-8.94637	0.298756	0.280365	0.226001	0.194877	0.381546
258	-9.0086	-9.11595	-9.4791	-9.72771	0.332217	0.2984	0.207532	0.161851	0.340671
259	-4.06241	-4.19366	-4.63783	-4.94209	0.350338	0.307247	0.197054	0.145361	0.319451
260	-3.60112	-3.68738	-3.97966	-4.18023	0.316194	0.290063	0.216549	0.177194	0.359941
261	-3.46028	-3.58331	-3.99851	-4.28181	0.343907	0.304093	0.200766	0.151235	0.326996
262	-8.22499	-8.31835	-8.63424	-8.85055	0.321547	0.292884	0.213554	0.172015	0.353469
263	-8.56076	-8.66422	-9.01445	-9.25446	0.329302	0.296937	0.2092	0.16456	0.344123
264	-9.7312	-9.82444	-10.1404	-10.3571	0.321546	0.292923	0.213576	0.171955	0.353429
265	-13.069	-10.6105	-9.60777	-9.47335	0.012348	0.144315	0.393369	0.449967	0.713251
266	-3.46028	-3.58331	-3.99851	-4.28181	0.343907	0.304093	0.200766	0.151235	0.326996
267	-3.7884	-3.91496	-4.342	-4.63335	0.346552	0.305354	0.199223	0.148871	0.323928
268	-5.64166	-5.73611	-6.05634	-6.27626	0.322522	0.293454	0.213041	0.170983	0.352232
269	-4.71229	-4.81671	-5.17098	-5.41446	0.330201	0.297459	0.208723	0.163618	0.342989
270	-4.32391	-4.41661	-4.73078	-4.94642	0.321152	0.292719	0.2138	0.172329	0.353902
271	-4.71229	-4.81671	-5.17098	-5.41446	0.330201	0.297459	0.208723	0.163618	0.342989
272	-7.31603	-7.42558	-7.79605	-8.0496	0.333869	0.299225	0.206587	0.160319	0.338718
273	-24.8147	-19.6534	-16.8456	-16.0447	0.000105223	0.0183497	0.304128	0.677417	0.858488
274	-8.27198	-8.35885	-8.65319	-8.85519	0.316662	0.290316	0.216291	0.176731	0.359369
275	-19.4095	-14.3341	-11.7942	-11.161	0.000166331	0.0266194	0.337479	0.635735	0.840441
276	-20.2592	-15.1997	-12.7139	-12.1178	0.000182339	0.02872	0.344955	0.626143	0.83619
277	-11.8843	-9.38681	-8.25282	-8.0292	0.0101879	0.123805	0.38479	0.481216	0.735061
278	-7.23969	-7.3631	-7.77904	-8.0624	0.344083	0.304137	0.200645	0.151135	0.32683
279	-7.64687	-7.77099	-8.18881	-8.47289	0.34451	0.304294	0.200373	0.150822	0.326381
280	-4.42576	-4.51198	-4.80423	-5.00489	0.316186	0.290069	0.216559	0.177186	0.359941
281	-11.9381	-12.0167	-12.2833	-12.4665	0.310374	0.286908	0.219754	0.182964	0.367068
282	-21.9084	-16.8485	-14.3603	-13.7618	0.00018157	0.0286119	0.344469	0.626738	0.836443
283	-4.42576	-4.51198	-4.80423	-5.00489	0.316186	0.290069	0.216559	0.177186	0.359941
284	-6.93928	-7.0559	-7.44995	-7.71931	0.339167	0.301831	0.20353	0.155472	0.332496
285	-4.75145	-4.85141	-5.18968	-5.42139	0.326607	0.295538	0.210718	0.167136	0.347361
286	-4.26746	-4.33117	-4.54729	-4.69584	0.298886	0.280438	0.225932	0.194744	0.381385
287	-18.9285	-16.4543	-15.3986	-15.2282	0.0114351	0.135761	0.390151	0.462653	0.722238
288	-3.74963	-3.8722	-4.28747	-4.57238	0.343894	0.304224	0.200837	0.151046	0.326877
289	-11.0374	-8.57726	-7.56997	-7.43342	0.012269	0.143629	0.39328	0.450821	0.71392
290	-6.43384	-6.55012	-6.94258	-7.21047	0.338818	0.301625	0.203716	0.155841	0.332939
291	-4.60151	-4.66493	-4.88012	-5.02805	0.298674	0.280319	0.226045	0.194963	0.381649
292	-13.0804	-10.6168	-9.59764	-9.45279	0.0120601	0.141671	0.392544	0.453726	0.715978
293	-35.1837	-27.4822	-23.383	-22.2422	1.80889e-06	0.00400071	0.241206	0.754792	0.891497
294	-3.61429	-3.73163	-4.12872	-4.40072	0.339836	0.30221	0.203169	0.154785	0.33166
295	-4.71229	-4.81671	-5.17098	-5.41446	0.330201	0.297459	0.208723	0.163618	0.342989
296	-21.8635	-16.776	-14.1954	-13.5344	0.000155165	0.0251348	0.331907	0.642803	0.843541
297	-9.41019	-9.49764	-9.79211	-9.9925	0.316714	0.290194	0.216174	0.176919	0.359458
298	-6.91007	-6.99809	-7.29525	-7.49817	0.317314	0.290578	0.215878	0.176229	0.358663
299	-3.80795	-3.89697	-4.19888	-4.40631	0.318373	0.291257	0.215357	0.175014	0.35726
300	-22.2703	-17.1928	-14.6457	-14.0072	0.000164262	0.0263432	0.336423	0.637069	0.841024
301	-3.61429	-3.73163	-4.12872	-4.40072	0.339836	0.30221	0.203169	0.154785	0.33166
302	-4.79836	-4.89062	-5.20378	-5.41917	0.320916	0.292634	0.213955	0.172496	0.354148
303	-14.8221	-12.3413	-11.2638	-11.0786	0.0110745	0.132345	0.388752	0.467829	0.725862
304	-8.67657	-8.75594	-9.02507	-9.20993	0.310937	0.287213	0.219444	0.182406	0.366378
305	-4.43077	-4.51587	-4.80381	-5.00101	0.315213	0.289498	0.217069	0.178219	0.361176
306	-4.32391	-4.41661	-4.73078	-4.94642	0.321152	0.292719	0.2138	0.172329	0.353902
307	-9.35387	-9.44746	-9.76482	-9.98281	0.32187	0.293114	0.213407	0.171608	0.353016
308	-8.79788	-8.91753	-9.32179	-9.59809	0.341452	0.302947	0.202209	0.153392	0.329819
309	-19.3634	-14.3205	-11.8903	-11.3317	0.000200283	0.0310278	0.35252	0.616252	0.831737
310	-14.2009	-11.704	-10.5725	-10.351	0.0102266	0.124197	0.385038	0.480539	0.734619
311	-3.62358	-3.77181	-4.27363	-4.61751	0.363059	0.313041	0.189524	0.134375	0.304954
312	-17.0992	-14.6067	-13.4888	-13.2756	0.0104338	0.126164	0.38585	0.477552	0.732531
313	-10.419	-10.5425	-10.9578	-11.2397	0.343959	0.303983	0.200675	0.151383	0.327066
314	-4.76206	-4.8587	-5.18559	-5.40939	0.324037	0.294189	0.212158	0.169615	0.350463
315	-4.42624	-4.51261	-4.8054	-5.00643	0.316307	0.290134	0.216493	0.177067	0.359793
316	-9.49433	-9.58739	-9.90276	-10.1192	0.321423	0.292859	0.213646	0.172072	0.353578
317	-19.3853	-16.8971	-15.795	-15.5933	0.0106805	0.128583	0.387115	0.473622	0.729882
318	-21.2752	-18.7766	-17.6344	-17.4007	0.0100558	0.12233	0.383348	0.484266	0.736885
319	-8.89626	-8.99344	-9.3223	-9.54754	0.324479	0.29443	0.211915	0.169176	0.349921
320	-45.2165	-35.0012	-29.698	-28.2735	3.52909e-08	0.00096408	0.193766	0.80527	0.909918
321	-4.23161	-4.30764	-4.56561	-4.74298	0.308401	0.285824	0.220832	0.184942	0.369498
322	-18.0496	-15.5951	-14.6061	-14.481	0.0125943	0.146597	0.394147	0.446661	0.710878
323	-8.3907	-8.48528	-8.80564	-9.02535	0.322554	0.293444	0.213009	0.170993	0.352219
324	-16.7134	-14.2191	-13.0961	-12.8802	0.0103559	0.125447	0.385635	0.478563	0.733268
325	-13.0559	-10.5686	-9.46931	-9.26962	0.0107256	0.129018	0.387324	0.472933	0.729411
326	-9.71647	-9.78002	-9.99562	-10.1438	0.298767	0.280372	0.225996	0.194865	0.381532
327	-3.46094	-3.5842	-4.00015	-4.28399	0.344077	0.304175	0.200667	0.151081	0.326798
328	-3.98286	-4.1051	-4.5189	-4.80246	0.343571	0.304039	0.20101	0.15138	0.327282
329	-8.84428	-8.90874	-9.12712	-9.27695	0.299402	0.280712	0.225641	0.194244	0.380759
330	-3.8084	-3.89758	-4.20004	-4.40785	0.318498	0.291324	0.215288	0.174891	0.357108
331	-22.2204	-17.1374	-14.5716	-13.9204	0.000159138	0.0256625	0.333868	0.640311	0.842446
332	-18.2489	-15.7242	-14.5032	-14.224	0.00894474	0.11169	0.378689	0.500675	0.74826
333	-9.36252	-9.46105	-9.794	-10.0216	0.325413	0.294879	0.21137	0.168338	0.348835
334	-4.23161	-4.30764	-4.56561	-4.74298	0.308401	0.285824	0.220832	0.184942	0.369498
335	-21.4243	-16.3907	-13.9904	-13.4513	0.000210588	0.0323245	0.3564	0.611065	0.82936
336	-18.5803	-16.0758	-14.9184	-14.679	0.00983858	0.1204	0.383071	0.486691	0.738773
337	-4.32445	-4.41732	-4.73207	-4.9481	0.321282	0.292788	0.213727	0.172203	0.353744
338	-16.0968	-13.6043	-12.4896	-12.2808	0.0104846	0.126771	0.386501	0.476243	0.731765
339	-5.03398	-5.15927	-5.5834	-5.87407	0.345877	0.305148	0.199669	0.149306	0.324598
340	-17.9245	-15.2337	-13.6537	-13.2239	0.00506732	0.0747094	0.362731	0.557492	0.787734
341	-18.1965	-13.1548	-10.7291	-10.1739	0.000201818	0.0312281	0.353218	0.615352	0.831337
342	-9.64159	-9.71929	-9.98263	-10.1634	0.309624	0.286475	0.220151	0.18375	0.368013
343	-22.1059	-19.6027	-18.4498	-18.2135	0.00990523	0.121052	0.38341	0.485633	0.738059
344	-23.3457	-18.2823	-15.7829	-15.1769	0.000178149	0.028169	0.342975	0.628678	0.837311
345	-21.4023	-16.3753	-13.9985	-13.4761	0.000219084	0.0334033	0.359761	0.606616	0.827337
346	-3.28676	-3.40323	-3.79734	-4.06731	0.339172	0.301883	0.203552	0.155393	0.332441
347	-7.92075	-8.0446	-8.46325	-8.74958	0.344666	0.304516	0.200351	0.150466	0.326055
348	-21.3518	-16.2721	-13.7174	-13.0737	0.000162161	0.0260633	0.335367	0.638408	0.84161
349	-13.7527	-11.2434	-10.0698	-9.81946	0.00960277	0.118087	0.381856	0.490454	0.741308
350	-8.80475	-8.87075	-9.09458	-9.2483	0.300637	0.281434	0.224994	0.192935	0.379193
351	-12.3495	-9.84504	-8.68787	-8.44877	0.00984231	0.120442	0.383115	0.486601	0.73872
352	-4.52419	-4.59207	-4.82233	-4.98057	0.302102	0.282276	0.224219	0.191403	0.377349
353	-16.8033	-14.3001	-13.1475	-12.9115	0.00990929	0.1211	0.383466	0.485525	0.737997
354	-12.7801	-12.8668	-13.1592	-13.3589	0.316252	0.29	0.216462	0.177286	0.359966
355	-39.3016	-29.0757	-23.7399	-22.2963	3.32825e-08	0.000918958	0.19081	0.808271	0.910947
356	-3.28676	-3.40323	-3.79734	-4.06731	0.339172	0.301883	0.203552	0.155393	0.332441
357	-9.36178	-9.48789	-9.9113	-10.1982	0.345782	0.304813	0.199596	0.149809	0.324989
358	-18.9271	-16.4185	-15.2465	-14.9965	0.00962519	0.118272	0.38182	0.490283	0.741147
359	-9.37593	-9.46471	-9.76562	-9.97217	0.318148	0.29112	0.215471	0.175261	0.357551
360	-13.8109	-11.3203	-10.2102	-10.0034	0.010557	0.127401	0.386602	0.475439	0.731143
361	-12.8336	-12.9228	-13.2251	-13.4327	0.318469	0.291305	0.215297	0.174929	0.357148
362	-3.92801	-4.01647	-4.31616	-4.52177	0.317874	0.290964	0.215617	0.175545	0.357894
363	-3.46094	-3.5842	-4.00015	-4.28399	0.344077	0.304175	0.200667	0.151081	0.326798
364	-10.1402	-10.219	-10.4863	-10.67	0.310525	0.286991	0.219672	0.182812	0.366882
365	-32.2178	-24.5712	-20.6474	-19.6188	2.47369e-06	0.00517884	0.261999	0.732819	0.883548
366	-24.1587	-24.2394	-24.5133	-24.7013	0.312007	0.287799	0.218858	0.181336	0.365062
367	-21.9197	-16.859	-14.3685	-13.7687	0.000180875	0.0285245	0.344214	0.627081	0.836601
368	-19.481	-19.5735	-19.8862	-20.1003	0.320836	0.292497	0.213946	0.172721	0.354339
369	-11.5527	-9.07847	-8.02357	-7.85456	0.0114493	0.135937	0.390366	0.462248	0.722008
370	-19.6697	-14.5873	-12.0239	-11.3744	0.000159772	0.025747	0.334199	0.639894	0.842265
371	-16.4793	-13.9807	-12.8429	-12.6166	0.01013	0.123238	0.384498	0.482134	0.735681
372	-3.62358	-3.77181	-4.27363	-4.61751	0.363059	0.313041	0.189524	0.134375	0.304954
373	-13.1835	-10.6816	-9.53306	-9.29972	0.00996932	0.121682	0.383749	0.484601	0.737367
374	-3.60162	-3.68804	-3.98085	-4.18179	0.316315	0.290129	0.216482	0.177074	0.359793
375	-7.24036	-7.364	-7.78072	-8.06463	0.344258	0.304222	0.200544	0.150977	0.326626
376	-15.4939	-12.9997	-11.8773	-11.6619	0.0103652	0.125546	0.385711	0.478378	0.733152
377	-3.60162	-3.68804	-3.98085	-4.18179	0.316315	0.290129	0.216482	0.177074	0.359793
378	-4.2683	-4.33212	-4.54863	-4.69745	0.298975	0.28049	0.225884	0.194651	0.381272
379	-8.26495	-8.34249	-8.60533	-8.7858	0.309509	0.286419	0.220218	0.183854	0.368147
380	-26.7888	-21.6978	-19.0948	-18.4053	0.000148522	0.024143	0.326011	0.649698	0.846342
381	-7.79943	-7.91656	-8.31242	-8.58307	0.33957	0.302035	0.203301	0.155094	0.332017
382	-18.8685	-18.9542	-19.2447	-19.4438	0.315786	0.289823	0.216761	0.17763	0.36046
383	-21.1697	-18.6677	-17.5188	-17.2852	0.00996413	0.121631	0.38372	0.484685	0.737423
384	-12.5309	-10.0298	-8.88393	-8.65239	0.0100096	0.122074	0.383942	0.483975	0.736941
385	-6.43428	-6.55077	-6.94395	-7.21233	0.338979	0.301705	0.203623	0.155693	0.332749
386	-4.2683	-4.33212	-4.54863	-4.69745	0.298975	0.28049	0.225884	0.194651	0.381272
387	-7.65621	-7.72001	-7.93643	-8.08516	0.298954	0.280477	0.225895	0.194675	0.3813
388	-21.5501	-16.4823	-13.9682	-13.3525	0.000173776	0.0275992	0.341006	0.631221	0.838445
389	-11.0351	-11.0993	-11.3158	-11.4637	0.298986	0.280416	0.225818	0.194779	0.381344
390	-12.8865	-13.001	-13.3872	-13.6508	0.337421	0.300933	0.204517	0.157129	0.334585
391	-47.4618	-37.1157	-31.3332	-29.5873	1.46937e-08	0.000457504	0.148495	0.851048	0.92553
392	-36.2579	-28.5873	-24.5826	-23.4989	2.13937e-06	0.00458774	0.251655	0.743756	0.887507
393	-13.7745	-11.3069	-10.2739	-10.1193	0.0118196	0.139402	0.39164	0.457139	0.718377
394	-3.24075	-3.33466	-3.65259	-3.87046	0.322005	0.293141	0.213307	0.171547	0.352898
395	-14.7404	-12.2444	-11.1147	-10.8935	0.0102529	0.124413	0.384998	0.480337	0.73443
396	-13.3238	-10.8326	-9.71887	-9.50826	0.0104982	0.126776	0.386105	0.476621	0.731881
397	-4.63331	-4.69674	-4.91193	-5.05982	0.298672	0.280316	0.226045	0.194968	0.381653
398	-4.17844	-4.26363	-4.5522	-4.75012	0.315352	0.2896	0.217007	0.178041	0.360979
399	-14.5653	-12.0772	-10.9748	-10.7729	0.0106772	0.128543	0.387072	0.473708	0.729932
400	-25.6165	-20.5131	-17.8776	-17.1779	0.000141167	0.0232337	0.324132	0.652493	0.847726
401	-8.22964	-8.30525	-8.56096	-8.73596	0.307895	0.285473	0.22106	0.185572	0.370198
402	-29.2837	-24.1949	-21.6185	-20.9669	0.000156537	0.0253906	0.333875	0.640577	0.842669
403	-8.4536	-8.55578	-8.90056	-9.13574	0.328088	0.296219	0.209834	0.165859	0.345671
404	-3.92295	-4.02151	-4.35529	-4.58411	0.325587	0.295026	0.211302	0.168085	0.348569
405	-5.28285	-5.37363	-5.6813	-5.89251	0.319681	0.29194	0.214621	0.173758	0.355684
406	-4.79868	-4.8911	-5.20483	-5.42062	0.321045	0.292703	0.213883	0.17237	0.353991
407	-12.0187	-9.53371	-8.44155	-8.24597	0.0108379	0.130062	0.387677	0.471423	0.728326
408	-3.71337	-3.81238	-4.14794	-4.37827	0.325987	0.295258	0.21109	0.167664	0.348064
409	-20.9604	-18.4495	-17.2669	-17.0072	0.00946923	0.116621	0.380526	0.493384	0.743088
410	-10.5641	-10.6518	-10.9494	-11.1538	0.317384	0.290724	0.215903	0.17599	0.358468
411	-3.87499	-3.94632	-4.18805	-4.35396	0.304711	0.283735	0.222808	0.188745	0.374108
412	-19.9661	-14.8939	-12.3644	-11.7376	0.000169253	0.0269993	0.338775	0.634056	0.83969
413	-4.76523	-4.83975	-5.09276	-5.26683	0.307271	0.285206	0.221451	0.186072	0.370888
414	-3.54927	-3.61895	-3.85513	-4.01727	0.303449	0.283026	0.223488	0.190037	0.37568
415	-6.29007	-6.39084	-6.72995	-6.96043	0.32682	0.295493	0.21051	0.167177	0.347263
416	-3.56813	-3.66291	-3.98381	-4.20374	0.322678	0.293497	0.212931	0.170894	0.352083
417	-8.22688	-8.27892	-8.45479	-8.57501	0.289731	0.275037	0.230682	0.204551	0.393054
418	-10.6474	-8.15505	-7.03858	-6.82707	0.0104566	0.126419	0.386092	0.477033	0.732219
419	-15.7601	-13.2438	-12.0469	-11.7807	0.00927258	0.114812	0.379998	0.495917	0.74494
420	-4.51073	-4.56196	-4.73582	-4.85538	0.289272	0.274825	0.230965	0.204938	0.393575
421	-7.90103	-7.95229	-8.12625	-8.24584	0.289291	0.274835	0.230954	0.204921	0.393552
422	-3.71337	-3.81238	-4.14794	-4.37827	0.325987	0.295258	0.211091	0.167664	0.348064
423	-13.84	-11.3268	-10.1393	-9.87889	0.00940417	0.116092	0.380632	0.493872	0.743549
424	-7.15867	-7.25844	-7.59479	-7.82393	0.326188	0.295214	0.210894	0.167705	0.347973
425	-29.5207	-21.8501	-17.845	-16.7605	2.13718e-06	0.00458275	0.251489	0.743927	0.887567
426	-22.0618	-16.9755	-14.4004	-13.7441	0.000156662	0.0253457	0.332865	0.641632	0.843045
427	-3.79985	-3.88755	-4.185	-4.38938	0.317363	0.290716	0.215916	0.176006	0.35849
428	-7.68177	-7.76586	-8.05025	-8.2449	0.31441	0.289053	0.217504	0.179034	0.36217
429	-9.17351	-9.26013	-9.55319	-9.75383	0.316373	0.290122	0.216424	0.177081	0.359762
430	-3.71919	-3.82143	-4.16659	-4.4022	0.328171	0.296277	0.209795	0.165757	0.345556
431	-32.237	-24.5517	-20.4973	-19.3795	1.95588e-06	0.00425615	0.245363	0.750379	0.889891
432	-3.92295	-4.02151	-4.35529	-4.58411	0.325586	0.295026	0.211302	0.168085	0.34857
433	-53.159	-45.3155	-40.835	-39.4861	9.1354e-07	0.00232874	0.205564	0.792106	0.904835
434	-6.67198	-6.76658	-7.08578	-7.30358	0.322309	0.293217	0.213089	0.171385	0.352616
435	-4.52926	-4.60366	-4.85597	-5.02929	0.307116	0.285096	0.221519	0.186268	0.371104
436	-10.0066	-10.0678	-10.2753	-10.4174	0.29691	0.279269	0.22695	0.196871	0.383908
437	-30.9514	-25.8445	-23.1975	-22.4905	0.000138448	0.0228666	0.322664	0.654331	0.848523
438	-3.71337	-3.81238	-4.14794	-4.37827	0.325987	0.295258	0.211091	0.167664	0.348064
439	-29.3775	-24.2857	-21.6899	-21.0178	0.000151142	0.0245876	0.32966	0.645601	0.844749
440	-5.6026	-5.6789	-5.93763	-6.11536	0.308575	0.285909	0.220728	0.184788	0.369296
441	-41.4095	-33.7192	-29.6465	-28.5149	1.89129e-06	0.0041364	0.242866	0.752996	0.890828
442	-12.0679	-9.55654	-8.37589	-8.12064	0.00950163	0.117081	0.381275	0.492143	0.742427
443	-8.01571	-8.06565	-8.23421	-8.34927	0.28807	0.274037	0.231528	0.206365	0.395192
444	-4.3754	-4.44504	-4.68118	-4.84339	0.303441	0.283028	0.223498	0.190033	0.375683
445	-25.9313	-20.844	-18.2624	-17.5993	0.000154831	0.0250762	0.33146	0.643309	0.84374
446	-3.71337	-3.81238	-4.14794	-4.37827	0.325987	0.295258	0.211091	0.167664	0.348064
447	-12.4064	-9.89791	-8.72664	-8.47746	0.00963603	0.118393	0.381944	0.490027	0.740995
448	-4.68322	-4.76758	-5.05381	-5.25059	0.314816	0.28935	0.217327	0.178507	0.361594
449	-12.7645	-10.2569	-9.08948	-8.84351	0.00969258	0.118977	0.382354	0.488976	0.740323
450	-12.6433	-10.129	-8.9383	-8.67613	0.00935938	0.115668	0.380465	0.494507	0.743997
451	-15.6843	-13.1526	-11.9034	-11.6011	0.00856417	0.10769	0.375595	0.508151	0.752952
452	-3.56813	-3.66291	-3.98381	-4.20374	0.322678	0.293497	0.212931	0.170894	0.352083
453	-3.56813	-3.66291	-3.98381	-4.20374	0.322678	0.293497	0.212931	0.170894	0.352083
454	-17.5312	-15.018	-13.8305	-13.5701	0.00940387	0.116089	0.380625	0.493883	0.743555
455	-3.76118	-3.83309	-4.07703	-4.24469	0.305212	0.284036	0.222552	0.188199	0.373464
456	-12.3555	-9.86389	-8.74836	-8.53611	0.0104688	0.126476	0.385903	0.477152	0.732223
457	-12.9977	-10.4696	-9.23233	-8.93817	0.00872158	0.109278	0.3766	0.5054	0.751158
458	-8.24499	-8.32272	-8.58619	-8.76703	0.309651	0.286493	0.220137	0.183719	0.367977
459	-4.17844	-4.26363	-4.5522	-4.75012	0.315352	0.2896	0.217007	0.178041	0.360979
460	-4.26658	-4.34618	-4.61526	-4.79932	0.310935	0.287145	0.219402	0.182518	0.36645
461	-23.7764	-21.2665	-20.0911	-19.8393	0.00957626	0.117816	0.38167	0.490938	0.741619
462	-16.3298	-13.8406	-12.7332	-12.5261	0.0105943	0.127673	0.386416	0.475317	0.730947
463	-4.80788	-4.88428	-5.1432	-5.32091	0.30862	0.285921	0.220696	0.184763	0.369254
464	-12.8862	-12.9626	-13.2215	-13.3991	0.308612	0.285912	0.220698	0.184778	0.369268
465	-9.88206	-9.94899	-10.1761	-10.332	0.301368	0.281855	0.224602	0.192175	0.378274
466	-3.98205	-4.08527	-4.43489	-4.67462	0.32916	0.296878	0.209288	0.164675	0.34428
467	-19.969	-14.9006	-12.384	-11.7662	0.000173037	0.0274987	0.340595	0.631733	0.838666
468	-9.8113	-9.87183	-10.0772	-10.2184	0.296439	0.279028	0.227225	0.197307	0.384468
469	-13.5592	-11.0452	-9.85591	-9.5948	0.00937881	0.115866	0.380598	0.494157	0.743771
470	-4.17844	-4.26363	-4.5522	-4.75012	0.315352	0.2896	0.217007	0.178041	0.360979
471	-11.6007	-9.08502	-7.88984	-7.62461	0.00929601	0.115039	0.380108	0.495556	0.744694
472	-6.29007	-6.39084	-6.72995	-6.96043	0.32682	0.295492	0.21051	0.167177	0.347263
473	-18.3412	-15.7369	-14.2951	-13.8942	0.00636678	0.0860915	0.364031	0.543511	0.776695
474	-3.56813	-3.66291	-3.98381	-4.20374	0.322678	0.293497	0.212931	0.170894	0.352083
475	-7.4527	-7.54671	-7.8646	-8.08213	0.322004	0.293112	0.213291	0.171593	0.352929
476	-4.18024	-4.2317	-4.40632	-4.52638	0.289443	0.274925	0.230876	0.204756	0.393358
477	-3.39183	-3.49122	-3.8268	-4.0559	0.326007	0.295162	0.211018	0.167813	0.348148
478	-15.3277	-12.8149	-11.6296	-11.3712	0.00943584	0.116429	0.380904	0.493232	0.743151
479	-3.39183	-3.49122	-3.8268	-4.0559	0.326007	0.295162	0.211018	0.167813	0.348148
480	-4.37537	-4.44411	-4.67679	-4.83622	0.302656	0.28255	0.223894	0.190899	0.376699
481	-11.8388	-9.33031	-8.15987	-7.91191	0.00964879	0.118549	0.382134	0.489668	0.740791
482	-37.1661	-29.485	-25.4438	-24.334	2.00211e-06	0.00433838	0.246827	0.748833	0.889332
483	-3.24075	-3.33466	-3.65258	-3.87046	0.322004	0.293141	0.213307	0.171547	0.352898
484	-4.82673	-4.89782	-5.13875	-5.3041	0.304528	0.283632	0.222906	0.188934	0.374337
485	-10.4025	-10.4979	-10.817	-11.0319	0.322315	0.292981	0.21294	0.171764	0.352854
486	-3.71919	-3.82143	-4.16659	-4.4022	0.328171	0.296277	0.209795	0.165757	0.345556
487	-4.85872	-4.93465	-5.19191	-5.36842	0.308243	0.285706	0.220898	0.185154	0.369727
488	-4.0364	-4.14242	-4.50135	-4.74733	0.331262	0.297939	0.208087	0.162712	0.341785
489	-15.8718	-13.3585	-12.1714	-11.9117	0.00941001	0.116168	0.380739	0.493683	0.743445
490	-4.55034	-4.6235	-4.87155	-5.04189	0.306148	0.28455	0.222039	0.187263	0.372312
491	-6.5849	-6.67919	-6.99756	-7.21496	0.322116	0.293132	0.213205	0.171546	0.352832
492	-11.4989	-8.99819	-7.85394	-7.62371	0.010034	0.122322	0.384103	0.483542	0.736659
493	-22.0832	-16.9809	-14.3503	-13.655	0.000142415	0.0234127	0.325019	0.651426	0.84728
494	-13.6313	-13.6827	-13.857	-13.9769	0.289384	0.27489	0.230906	0.204821	0.393434
495	-11.6007	-9.08502	-7.88984	-7.62461	0.00929602	0.115039	0.380108	0.495556	0.744694
496	-24.2477	-19.1753	-16.6438	-16.0143	0.000168605	0.0269007	0.338218	0.634712	0.839959
497	-4.26658	-4.34618	-4.61526	-4.79932	0.310935	0.287146	0.219402	0.182518	0.36645
498	-4.6534	-4.70274	-4.87003	-4.98492	0.287776	0.273922	0.231726	0.206576	0.395503
499	-6.56698	-6.66764	-7.0063	-7.23635	0.326718	0.295431	0.210562	0.167289	0.347395
500	-5.30982	-5.37294	-5.5871	-5.73428	0.298438	0.28018	0.226168	0.195214	0.381949
501	-3.39183	-3.49122	-3.8268	-4.0559	0.326007	0.295162	0.211018	0.167812	0.348148
502	-11.6472	-9.1537	-8.03316	-7.81858	0.0103934	0.125793	0.385745	0.478069	0.73291
503	-8.92696	-8.99913	-9.24384	-9.41188	0.305386	0.284123	0.22245	0.188041	0.37326
504	-11.6031	-9.09337	-7.91902	-7.66859	0.00959277	0.118004	0.381866	0.490537	0.741382
505	-4.9921	-5.09312	-5.43521	-5.66968	0.327461	0.295997	0.210243	0.1663	0.346321
506	-21.1683	-16.093	-13.5535	-12.9206	0.000166453	0.0266362	0.337548	0.635649	0.840403
507	-9.14191	-9.21615	-9.46789	-9.64077	0.306986	0.28502	0.221587	0.186407	0.37127
508	-16.6798	-14.1891	-13.0709	-12.8517	0.0104201	0.125767	0.384761	0.479052	0.733236
509	-18.4492	-18.4995	-18.6694	-18.7852	0.28836	0.274202	0.231371	0.206067	0.394829
510	-15.5525	-13.0382	-11.8471	-11.5845	0.00935399	0.115604	0.38039	0.494651	0.744079
511	-22.0007	-19.4889	-18.3058	-18.0479	0.00946461	0.116674	0.380892	0.492969	0.742925
512	-8.62074	-8.7087	-9.00677	-9.21134	0.317506	0.290773	0.215825	0.175896	0.358336
513	-11.6007	-9.08502	-7.88984	-7.62461	0.00929602	0.115039	0.380108	0.495556	0.744694
514	-4.55034	-4.6235	-4.87155	-5.04189	0.306148	0.28455	0.222039	0.187263	0.372312
515	-4.45867	-4.51904	-4.72389	-4.86471	0.296321	0.27896	0.227288	0.197432	0.384617
516	-8.90862	-8.98926	-9.26226	-9.4493	0.311818	0.287659	0.218936	0.181587	0.365334
517	-16.2394	-13.7447	-12.6191	-12.4001	0.0103136	0.12498	0.385204	0.479503	0.733837
518	-25.6802	-20.6132	-18.1006	-17.4846	0.000174139	0.0276349	0.340952	0.631238	0.838433
519	-24.7283	-19.6512	-17.1048	-16.4663	0.000164455	0.026364	0.336428	0.637044	0.841005
520	-6.29007	-6.39084	-6.72995	-6.96043	0.32682	0.295492	0.21051	0.167177	0.347263
521	-43.8889	-36.2299	-32.2609	-31.1982	2.27771e-06	0.00482783	0.255552	0.739618	0.886001
522	-19.4635	-16.9941	-15.9545	-15.7951	0.0117065	0.13833	0.391194	0.458769	0.719516
523	-20.1493	-15.0697	-12.5152	-11.8714	0.000162207	0.0260683	0.335365	0.638404	0.841607
524	-20.532	-18.0431	-16.9382	-16.7345	0.0106371	0.128154	0.386885	0.474324	0.730353
525	-22.5672	-17.4805	-14.9016	-14.2407	0.000155559	0.0251766	0.331894	0.642773	0.843511
526	-20.8809	-18.253	-16.721	-16.2549	0.00552431	0.0764782	0.353924	0.564073	0.788797
527	-12.57	-10.0559	-8.86573	-8.60385	0.00936674	0.115738	0.380493	0.494402	0.743923
528	-11.155	-8.67	-7.57761	-7.38187	0.0108344	0.130027	0.387659	0.471479	0.728364
529	-9.28292	-9.3556	-9.60205	-9.77132	0.305783	0.284348	0.222239	0.18763	0.372763
530	-30.5426	-25.4546	-22.8712	-22.207	0.000154354	0.0250144	0.331254	0.643578	0.84386
531	-4.54902	-4.62173	-4.86822	-5.03749	0.305795	0.284351	0.22223	0.187625	0.372752
532	-20.1449	-17.6361	-16.4641	-16.2147	0.00962578	0.118307	0.381947	0.49012	0.741075
533	-32.2629	-24.604	-20.6366	-19.5767	2.28629e-06	0.00484609	0.256078	0.739074	0.88581
534	-4.54902	-4.62173	-4.86822	-5.03749	0.305795	0.284351	0.22223	0.187625	0.372752
535	-22.1518	-17.0726	-14.5194	-13.8765	0.000162554	0.0261138	0.335528	0.638196	0.841514
536	-13.7504	-13.8231	-14.0695	-14.2388	0.305778	0.284345	0.222241	0.187636	0.372769
537	-30.8285	-25.5109	-22.385	-21.4583	6.0302e-05	0.0122952	0.280099	0.707545	0.871571
538	-7.92234	-8.0195	-8.34733	-8.5709	0.324256	0.294233	0.211991	0.169519	0.350273
539	-4.44953	-4.50392	-4.68846	-4.81533	0.2917	0.276259	0.229705	0.202336	0.390479
540	-24.2119	-19.1297	-16.5658	-15.9151	0.000159592	0.0257155	0.333963	0.640162	0.84237
541	-37.8536	-30.13	-25.9496	-24.7482	1.55833e-06	0.00352359	0.230408	0.766067	0.895514
542	-20.562	-15.4699	-12.8738	-12.2019	0.000151081	0.0245842	0.329721	0.645544	0.844731
543	-24.7011	-19.6028	-16.9847	-16.2975	0.000145496	0.023826	0.326622	0.649407	0.8464
544	-19.8449	-17.3535	-16.24	-16.03	0.0105013	0.126832	0.386217	0.47645	0.731794
545	-52.7346	-39.8782	-32.9585	-30.9832	3.14081e-10	0.00012037	0.121806	0.878073	0.934766
546	-14.6015	-12.115	-11.0186	-10.8206	0.01077	0.129438	0.387489	0.472303	0.728967
547	-15.323	-12.8091	-11.6198	-11.3585	0.00937867	0.115854	0.380553	0.494214	0.743796
548	-29.2431	-24.0378	-21.103	-20.2289	8.45194e-05	0.0154025	0.289838	0.694675	0.865726
549	-12.661	-10.1881	-9.13687	-8.9695	0.0115092	0.136465	0.390445	0.461581	0.72149
550	-3.62117	-3.73994	-4.14218	-4.41792	0.34098	0.302793	0.202516	0.153711	0.330298
551	-12.1444	-9.63774	-8.47221	-8.22645	0.0097183	0.119183	0.382297	0.488802	0.740148
552	-25.8452	-20.6955	-17.937	-17.1757	0.000114745	0.0197781	0.312037	0.668071	0.854651
553	-29.6575	-27.1667	-26.0516	-25.8373	0.010472	0.126405	0.385491	0.477632	0.732417
554	-21.2891	-18.6247	-17.0802	-16.6551	0.00538892	0.0773864	0.362574	0.554651	0.785278
555	-4.9442	-5.03631	-5.34771	-5.56061	0.320529	0.292322	0.214104	0.173046	0.354727
556	-19.6512	-17.1251	-15.8945	-15.6048	0.00881074	0.110174	0.377149	0.503866	0.750152
557	-12.6079	-10.122	-9.02746	-8.83091	0.0108012	0.129739	0.387634	0.471825	0.728641
558	-3.54788	-3.61713	-3.85183	-4.01294	0.303113	0.282835	0.223668	0.190385	0.376101
559	-3.5669	-3.66109	-3.97998	-4.19851	0.322222	0.293256	0.213186	0.171336	0.352635
560	-3.87359	-3.94447	-4.18468	-4.34955	0.304366	0.28354	0.222993	0.1891	0.374539
561	-3.75995	-3.83141	-4.07382	-4.24042	0.304865	0.28384	0.222739	0.188556	0.373897
562	-4.9442	-5.03631	-5.34771	-5.56061	0.320529	0.292322	0.214104	0.173046	0.354727
563	-3.87359	-3.94447	-4.18468	-4.34955	0.304366	0.28354	0.222993	0.1891	0.374539
564	-3.62117	-3.73994	-4.14218	-4.41792	0.34098	0.302793	0.202516	0.153711	0.330298
565	-12.5713	-10.0624	-8.89042	-8.64101	0.00962552	0.118302	0.381939	0.490133	0.741082
566	-23.3009	-18.2257	-15.6848	-15.0492	0.000165955	0.026553	0.336974	0.636307	0.840665
567	-25.7515	-20.6515	-18.0286	-17.3383	0.000144287	0.0236651	0.326022	0.650168	0.846734
568	-42.3589	-32.1195	-26.7378	-25.2622	3.05626e-08	0.000855257	0.185932	0.813213	0.912637
569	-12.4833	-9.97791	-8.81681	-8.57411	0.0097831	0.119822	0.382644	0.487751	0.739444
570	-14.389	-11.8889	-10.7482	-10.5216	0.0100879	0.12291	0.384593	0.482409	0.735959
571	-17.818	-15.2898	-14.0517	-13.7566	0.00870998	0.109147	0.376459	0.505684	0.751325
572	-18.0179	-15.4823	-14.2196	-13.9079	0.00838983	0.105906	0.374369	0.511335	0.754997
573	-4.52785	-4.60179	-4.85253	-5.02476	0.306757	0.284895	0.221713	0.186635	0.371551
574	-11.9771	-9.48749	-8.38031	-8.175	0.0106012	0.127809	0.386727	0.474863	0.730724
575	-14.2393	-11.7199	-10.5116	-10.2368	0.00911293	0.113187	0.378918	0.498782	0.746792
576	-21.8977	-16.8004	-14.186	-13.5015	0.00014643	0.0239542	0.327171	0.648728	0.846109
577	-16.9092	-14.4197	-13.3113	-13.1035	0.0105784	0.127519	0.386346	0.475557	0.731112
578	-27.4951	-22.4342	-19.9424	-19.3409	0.000180426	0.0284591	0.343879	0.627482	0.836767
579	-22.446	-17.3482	-14.7325	-14.047	0.000146088	0.0239078	0.326982	0.648964	0.846211
580	-15.72	-13.2311	-12.1262	-11.9224	0.0106369	0.128153	0.386888	0.474322	0.730353
581	-27.6478	-22.3661	-19.2865	-18.3643	6.56372e-05	0.0129113	0.280833	0.70619	0.870813
582	-36.6566	-28.9585	-24.8616	-23.7153	1.81171e-06	0.00399308	0.240195	0.75581	0.891842
583	-3.62117	-3.73994	-4.14218	-4.41792	0.34098	0.302793	0.202516	0.153711	0.330298
586	-3.54788	-3.61713	-3.85183	-4.01294	0.303113	0.282835	0.223668	0.190385	0.376101
603	-21.8499	-16.7673	-14.2016	-13.5493	0.000159099	0.0256456	0.333633	0.640562	0.842538
604	-33.853	-26.181	-22.171	-21.0829	2.1181e-06	0.00454821	0.250829	0.744621	0.887816
605	-9.69059	-9.76307	-10.0088	-10.1775	0.305614	0.28425	0.222327	0.187809	0.372977
606	-21.6135	-16.5195	-13.9157	-13.2378	0.000149078	0.0243067	0.328497	0.647047	0.845372
607	-58.2485	-45.2638	-38.0145	-35.8721	1.71327e-10	7.46484e-05	0.105043	0.894883	0.940431
608	-9.89624	-9.95638	-10.1604	-10.3007	0.296137	0.278853	0.227384	0.197626	0.384849
609	-32.1327	-24.4731	-20.5046	-19.4445	2.28178e-06	0.00483942	0.256046	0.739112	0.885826
610	-25.5974	-20.4992	-17.8815	-17.1943	0.000145571	0.0238341	0.326623	0.649397	0.846393
611	-21.1542	-16.0556	-13.4369	-12.7493	0.000145332	0.0238049	0.326558	0.649492	0.846439
612	-22.3134	-19.7932	-18.5819	-18.3048	0.00907095	0.11276	0.37863	0.499538	0.747279
613	-13.338	-10.8434	-9.71883	-9.5012	0.0103302	0.12517	0.3854	0.4791	0.733599
614	-4.54902	-4.62173	-4.86822	-5.03749	0.305794	0.284351	0.22223	0.187625	0.372753
615	-13.338	-10.8434	-9.71883	-9.5012	0.0103302	0.12517	0.3854	0.4791	0.733599
616	-47.4259	-37.1781	-31.7689	-30.2755	2.90607e-08	0.000820124	0.183259	0.815921	0.913563
617	-4.9442	-5.03631	-5.3477	-5.56061	0.320528	0.292321	0.214104	0.173046	0.354728
618	-30.8365	-28.251	-26.5486	-25.8292	0.00422694	0.0560915	0.307762	0.63192	0.82229
619	-8.13103	-8.1993	-8.4308	-8.58982	0.302385	0.28243	0.224063	0.191122	0.377002
620	-25.7211	-20.6217	-17.9993	-17.3085	0.000144396	0.0236709	0.325907	0.650278	0.846768
621	-25.4012	-20.3371	-17.8342	-17.2248	0.000177038	0.0280131	0.342266	0.629544	0.837678
622	-12.5713	-10.0624	-8.89042	-8.64101	0.0096255	0.118302	0.381939	0.490134	0.741082
623	-13.7184	-11.1981	-9.98665	-9.7096	0.00906914	0.112749	0.378653	0.499529	0.747283
624	-3.54788	-3.61713	-3.85182	-4.01294	0.303112	0.282834	0.223668	0.190385	0.376101
625	-46.62	-36.3543	-30.8841	-29.3486	2.59476e-08	0.000745505	0.177061	0.822193	0.915704
626	-34.3192	-26.6223	-22.5282	-21.383	1.82037e-06	0.00400765	0.24039	0.755601	0.891765
627	-3.54788	-3.61713	-3.85182	-4.01294	0.303112	0.282834	0.223668	0.190385	0.376101
628	-33.4526	-25.7829	-21.7774	-20.6895	2.1328e-06	0.00456929	0.250854	0.744575	0.887791
629	-34.7095	-27.0336	-23.0104	-21.9135	2.06859e-06	0.00445959	0.249204	0.746334	0.888435
630	-22.2151	-17.1121	-14.479	-13.7819	0.000141795	0.0233281	0.324668	0.651862	0.847468
631	-17.4972	-15.0163	-13.9373	-13.7498	0.0110474	0.132031	0.388428	0.468494	0.726255
632	-95.0302	-75.3694	-63.8057	-60.331	8.26194e-16	2.85521e-07	0.0300384	0.969961	0.965669
634	-35.9149	-28.2531	-24.2762	-23.2094	2.24667e-06	0.0047753	0.254787	0.740436	0.886301
635	-3.71241	-3.8108	-4.14426	-4.37313	0.325512	0.29501	0.211358	0.168121	0.348637
636	-4.80629	-4.8822	-5.13951	-5.3161	0.308251	0.285715	0.220896	0.185138	0.369711
637	-9.17262	-9.25869	-9.54988	-9.74923	0.315949	0.289893	0.216658	0.1775	0.36028
638	-17.2264	-14.7038	-13.4852	-13.2037	0.00897172	0.111793	0.378158	0.501077	0.748328
639	-4.65159	-4.70062	-4.86686	-4.98102	0.287537	0.273779	0.231849	0.206835	0.39581
640	-9.30462	-9.36379	-9.56453	-9.7025	0.295386	0.278415	0.227777	0.198423	0.385802
