Sites	Ll_YN98.omega=0.14085	Ll_YN98.omega=1	Pr_YN98.omega=0.14085	Pr_YN98.omega=1	mean
36	-3.75646	-4.63236	0.808872	0.191128	0.305057
37	-4.67952	-5.21684	0.751031	0.248969	0.354752
38	-33.3585	-27.2105	0.00375371	0.996246	0.996775
39	-21.7615	-16.5368	0.00939748	0.990603	0.991926
40	-4.40514	-4.95471	0.753316	0.246684	0.352788
41	-17.2462	-13.9266	0.0599277	0.940072	0.948513
42	-3.75646	-4.63236	0.808872	0.191128	0.305057
43	-10.6035	-9.13603	0.288913	0.711087	0.751781
44	-7.1421	-7.79022	0.771169	0.228831	0.33745
45	-9.48144	-9.99523	0.746606	0.253394	0.358553
46	-10.0966	-8.68987	0.301542	0.698458	0.74093
47	-10.4871	-11.075	0.760363	0.239637	0.346734
48	-4.57839	-5.02225	0.733149	0.266851	0.370115
49	-13.6346	-14.2472	0.764831	0.235169	0.342895
50	-3.38944	-4.07735	0.778114	0.221886	0.331483
51	-6.96418	-7.68831	0.784305	0.215695	0.326164
52	-28.9367	-23.5847	0.0082832	0.991717	0.992883
53	-29.1729	-22.0116	0.00136604	0.998634	0.998826
54	-8.79667	-7.50797	0.326975	0.673025	0.719079
55	-21.0057	-17.5983	0.0551658	0.944834	0.952604
56	-4.32152	-4.69961	0.720086	0.279914	0.381338
57	-22.9799	-17.7981	0.00980585	0.990194	0.991575
58	-4.22331	-4.74305	0.747731	0.252269	0.357587
59	-9.55599	-10.3256	0.791907	0.208093	0.319633
60	-29.2378	-23.8124	0.00770162	0.992298	0.993383
61	-10.21	-8.93832	0.330726	0.669274	0.715857
62	-4.67952	-5.21684	0.751031	0.248969	0.354752
63	-11.2053	-9.66636	0.274444	0.725556	0.764211
64	-8.3098	-7.03293	0.329585	0.670415	0.716837
65	-10.7631	-11.3128	0.753343	0.246657	0.352765
66	-4.32152	-4.69961	0.720086	0.279914	0.381338
67	-5.36137	-5.8987	0.751035	0.248965	0.354748
68	-21.7012	-18.2081	0.0508693	0.949131	0.956296
69	-7.6361	-8.25183	0.765402	0.234598	0.342405
70	-17.2524	-15.8846	0.309814	0.690186	0.733824
71	-16.8034	-15.3527	0.292355	0.707645	0.748823
72	-8.40146	-8.9167	0.746881	0.253119	0.358317
73	-34.3131	-29.8805	0.020517	0.979483	0.982373
74	-9.73997	-10.2676	0.74921	0.25079	0.356317
75	-15.1339	-15.6512	0.747285	0.252715	0.35797
76	-12.3178	-12.846	0.749321	0.250679	0.356221
77	-16.6351	-15.1869	0.292892	0.707108	0.748362
78	-19.2711	-19.8621	0.760934	0.239066	0.346244
79	-9.15792	-9.68648	0.749391	0.250609	0.356161
80	-10.3479	-8.8851	0.289867	0.710133	0.750961
81	-12.7408	-13.1844	0.733113	0.266887	0.370146
82	-12.6225	-13.1551	0.750153	0.249847	0.355506
83	-5.46477	-5.95207	0.741563	0.258437	0.362886
84	-15.1538	-15.735	0.759149	0.240851	0.347777
85	-5.17872	-5.66411	0.741196	0.258804	0.363201
86	-3.90003	-4.64527	0.787855	0.212145	0.323115
87	-5.43889	-5.90282	0.737058	0.262942	0.366757
88	-7.66942	-8.17883	0.745777	0.254223	0.359265
89	-7.93773	-8.31522	0.719965	0.280035	0.381442
90	-11.5978	-10.4259	0.353175	0.646825	0.696569
91	-4.09006	-4.81178	0.783898	0.216102	0.326514
92	-18.3172	-15.1091	0.0665249	0.933475	0.942845
93	-4.32152	-4.69961	0.720086	0.279914	0.381338
94	-17.0638	-15.6253	0.294893	0.705107	0.746643
95	-8.14026	-8.722	0.759245	0.240755	0.347694
96	-3.56876	-4.2933	0.784375	0.215625	0.326104
97	-9.30243	-8.05313	0.335703	0.664297	0.711581
98	-3.56876	-4.2933	0.784375	0.215625	0.326104
99	-11.3804	-11.8672	0.741466	0.258534	0.362969
100	-4.88021	-5.42832	0.753045	0.246955	0.353021
101	-5.36137	-5.8987	0.751035	0.248965	0.354748
102	-19.6214	-18.1822	0.294743	0.705257	0.746771
103	-20.3967	-18.9642	0.296162	0.703838	0.745552
104	-25.2023	-21.7696	0.0538648	0.946135	0.953722
105	-11.1312	-11.7176	0.760087	0.239913	0.346971
106	-3.88612	-4.41471	0.749397	0.250603	0.356156
107	-3.67694	-4.18759	0.746011	0.253989	0.359065
108	-8.86646	-9.39696	0.749755	0.250245	0.355848
109	-24.6094	-23.3126	0.325204	0.674796	0.720601
110	-4.93133	-5.42655	0.743076	0.256924	0.361586
111	-6.24202	-6.96434	0.783998	0.216002	0.326428
112	-11.3358	-11.8682	0.750121	0.249879	0.355534
113	-8.65194	-9.20942	0.754781	0.245219	0.35153
114	-5.04999	-5.49896	0.734148	0.265852	0.369257
115	-9.47904	-8.33671	0.359962	0.640038	0.690738
116	-5.04999	-5.49896	0.734148	0.265852	0.369257
117	-11.051	-11.6941	0.770269	0.229731	0.338223
118	-18.0584	-14.6656	0.0559355	0.944064	0.951943
119	-18.8337	-19.3492	0.746937	0.253063	0.358269
120	-7.40266	-8.14651	0.787622	0.212378	0.323314
121	-11.2806	-11.7528	0.738647	0.261353	0.365391
122	-21.7342	-16.5358	0.00964446	0.990356	0.991714
123	-19.3374	-16.0736	0.0631505	0.936849	0.945744
124	-4.95074	-5.51134	0.75536	0.24464	0.351032
125	-24.052	-18.8037	0.00918016	0.99082	0.992113
126	-7.56844	-8.24001	0.775281	0.224719	0.333918
127	-9.733	-10.2655	0.750119	0.249881	0.355535
128	-8.43337	-8.80271	0.718318	0.281682	0.382857
129	-4.22331	-4.74305	0.747731	0.252269	0.357587
130	-13.2991	-13.677	0.720033	0.279967	0.381384
131	-12.6299	-13.1218	0.742449	0.257551	0.362125
132	-3.93751	-4.58162	0.770461	0.229539	0.338059
133	-19.0681	-19.6405	0.757532	0.242468	0.349166
134	-14.2981	-14.9819	0.777395	0.222605	0.332101
135	-5.17872	-5.66411	0.741196	0.258804	0.363201
136	-4.32152	-4.69961	0.720086	0.279914	0.381338
137	-4.99161	-5.549	0.754765	0.245235	0.351544
138	-15.8681	-16.592	0.784262	0.215738	0.326202
139	-19.9685	-18.553	0.299713	0.700287	0.742502
140	-7.73955	-8.42753	0.778127	0.221873	0.331472
141	-3.56876	-4.2933	0.784375	0.215625	0.326104
142	-21.1705	-17.6365	0.0489313	0.951069	0.957961
143	-3.93751	-4.58162	0.770461	0.229539	0.338059
144	-13.3154	-11.8105	0.28128	0.71872	0.758339
145	-3.56876	-4.2933	0.784375	0.215625	0.326104
146	-13.4222	-12.2023	0.342304	0.657696	0.705909
147	-3.85864	-4.58495	0.784672	0.215328	0.325849
148	-20.2099	-15.5616	0.016602	0.983398	0.985736
149	-16.7088	-15.2631	0.293408	0.706592	0.747918
150	-10.8508	-11.4005	0.753341	0.246659	0.352767
151	-4.80519	-5.42509	0.766151	0.233849	0.341762
152	-4.66305	-5.20961	0.752756	0.247244	0.35327
153	-4.32152	-4.69961	0.720086	0.279914	0.381338
154	-14.0263	-12.6094	0.299402	0.700598	0.742768
155	-12.7112	-11.1662	0.273251	0.726749	0.765236
156	-23.6992	-21.9508	0.234767	0.765233	0.7983
157	-7.6571	-8.03439	0.719924	0.280076	0.381477
158	-5.22792	-5.88688	0.773075	0.226925	0.335812
159	-8.56488	-9.2267	0.773577	0.226423	0.335381
160	-12.473	-13.027	0.754134	0.245866	0.352086
161	-27.1722	-21.8806	0.00879495	0.991205	0.992444
162	-13.1146	-10.9836	0.17304	0.82696	0.851333
163	-4.50558	-5.00901	0.744642	0.255358	0.360241
164	-8.59357	-9.3966	0.797354	0.202646	0.314953
165	-9.05763	-9.56144	0.744713	0.255287	0.36018
166	-10.3809	-9.23769	0.359762	0.640238	0.690911
167	-12.1128	-10.8662	0.336303	0.663697	0.711065
168	-15.7245	-12.5306	0.067415	0.932585	0.94208
169	-13.8175	-14.4304	0.764901	0.235099	0.342835
170	-7.69595	-8.36977	0.775672	0.224328	0.333581
171	-7.87623	-8.38776	0.746179	0.253821	0.35892
172	-19.6099	-18.2041	0.301764	0.698236	0.740739
173	-4.67952	-5.21684	0.751031	0.248969	0.354752
174	-14.6332	-15.2154	0.759326	0.240674	0.347625
175	-7.1421	-7.79022	0.771169	0.228831	0.33745
176	-12.6494	-13.0274	0.720067	0.279933	0.381354
177	-7.99411	-8.37206	0.720058	0.279942	0.381362
178	-4.21834	-4.88675	0.774728	0.225272	0.334392
179	-10.5342	-9.34069	0.348265	0.651735	0.700788
180	-8.26707	-8.79474	0.749222	0.250778	0.356306
181	-9.5956	-10.1868	0.760973	0.239027	0.34621
182	-3.71837	-4.41276	0.779231	0.220769	0.330523
183	-9.28415	-9.66208	0.720055	0.279945	0.381365
184	-4.83824	-5.42953	0.760984	0.239016	0.3462
185	-3.85864	-4.58495	0.784672	0.215328	0.325849
186	-4.32152	-4.69961	0.720086	0.279914	0.381338
187	-4.57839	-5.02225	0.733149	0.266851	0.370115
188	-16.4793	-13.2179	0.0632949	0.936705	0.94562
189	-4.66305	-5.20961	0.752756	0.247244	0.35327
190	-5.10566	-5.78332	0.77634	0.22366	0.333007
191	-22.851	-17.5379	0.00860961	0.99139	0.992603
192	-13.6831	-14.1228	0.732348	0.267652	0.370803
193	-45.7247	-40.3526	0.00811985	0.99188	0.993024
194	-16.9467	-13.6504	0.0612574	0.938743	0.947371
195	-4.5012	-5.01265	0.746164	0.253836	0.358933
196	-19.4341	-18.1199	0.321394	0.678606	0.723875
197	-24.5636	-21.2205	0.0586229	0.941377	0.949634
198	-14.766	-11.3605	0.0552724	0.944728	0.952513
199	-3.71837	-4.41276	0.779231	0.220769	0.330523
200	-9.19695	-9.92161	0.784395	0.215605	0.326087
201	-12.2624	-10.8216	0.294412	0.705588	0.747056
202	-10.1891	-8.75381	0.295563	0.704437	0.746067
203	-12.7156	-11.3856	0.317959	0.682041	0.726826
204	-26.7728	-21.343	0.00766818	0.992332	0.993412
205	-33.8322	-26.4597	0.00110616	0.998894	0.99905
206	-11.0918	-11.766	0.775734	0.224266	0.333528
207	-4.88021	-5.42832	0.753045	0.246955	0.353021
208	-11.3791	-11.9949	0.765408	0.234592	0.342399
209	-4.95074	-5.51134	0.75536	0.24464	0.351032
210	-15.5238	-14.2115	0.321791	0.678209	0.723533
211	-9.8649	-10.2273	0.71691	0.28309	0.384067
212	-3.88612	-4.41471	0.749397	0.250603	0.356156
213	-5.04999	-5.49896	0.734148	0.265852	0.369257
214	-4.84515	-5.41547	0.75715	0.24285	0.349494
215	-7.76513	-8.14304	0.720051	0.279949	0.381368
216	-5.10566	-5.78332	0.77634	0.22366	0.333007
217	-7.25555	-7.97048	0.782745	0.217255	0.327504
218	-9.83668	-10.4077	0.757284	0.242716	0.349379
219	-11.4491	-9.90146	0.272721	0.727279	0.765692
220	-8.44881	-8.80971	0.71661	0.28339	0.384325
221	-24.5574	-19.1836	0.00810671	0.991893	0.993035
222	-7.7154	-8.0933	0.720049	0.279951	0.38137
223	-3.71837	-4.41276	0.779231	0.220769	0.330523
224	-17.3242	-14.1521	0.0687985	0.931202	0.940892
225	-12.289	-11.0406	0.335897	0.664103	0.711414
226	-4.78241	-5.36707	0.759777	0.240223	0.347237
227	-10.1569	-8.7184	0.294896	0.705104	0.74664
228	-12.5303	-13.0196	0.741937	0.258063	0.362565
229	-11.1432	-9.70405	0.294777	0.705223	0.746742
230	-4.83824	-5.42953	0.760984	0.239016	0.3462
231	-12.2712	-10.8422	0.296865	0.703135	0.744949
232	-16.1737	-14.9283	0.33656	0.66344	0.710844
233	-11.5843	-10.279	0.323338	0.676662	0.722204
234	-8.63664	-9.15312	0.747113	0.252887	0.358117
235	-4.32152	-4.69961	0.720086	0.279914	0.381338
236	-8.03146	-6.75724	0.330168	0.669832	0.716336
237	-3.99901	-4.80485	0.797807	0.202193	0.314564
238	-11.0316	-11.4692	0.731934	0.268066	0.371159
239	-14.1554	-14.5332	0.720032	0.279968	0.381384
240	-12.1675	-10.933	0.339013	0.660987	0.708737
241	-10.3694	-8.94038	0.296869	0.703131	0.744945
242	-3.56876	-4.2933	0.784375	0.215625	0.326104
243	-11.4912	-10.0408	0.292433	0.707567	0.748756
244	-5.10425	-5.66426	0.755249	0.244751	0.351127
245	-14.8699	-13.5912	0.329176	0.670824	0.717188
246	-17.8534	-14.6334	0.0657936	0.934206	0.943473
247	-4.00515	-4.52779	0.748278	0.251722	0.357117
248	-20.1403	-18.8022	0.316211	0.683789	0.728328
249	-10.337	-8.93842	0.303264	0.696736	0.739451
250	-15.4454	-13.9932	0.292055	0.707945	0.749081
251	-16.1057	-14.9348	0.353394	0.646606	0.696382
252	-4.88021	-5.42832	0.753045	0.246955	0.353021
253	-11.6534	-10.4978	0.356919	0.643081	0.693353
254	-9.46715	-9.86793	0.724636	0.275364	0.377428
255	-13.5541	-14.0069	0.734888	0.265112	0.368621
256	-5.38757	-5.95134	0.755944	0.244056	0.350531
257	-8.57902	-8.95612	0.719887	0.280113	0.381509
258	-9.11001	-9.74483	0.768812	0.231188	0.339475
259	-4.179	-4.95586	0.793091	0.206909	0.318616
260	-3.67694	-4.18759	0.746011	0.253989	0.359065
261	-3.56876	-4.2933	0.784375	0.215625	0.326104
262	-8.31379	-8.86568	0.753746	0.246254	0.352419
263	-8.65877	-9.27089	0.764754	0.235246	0.342962
264	-9.82371	-10.3764	0.753896	0.246104	0.35229
265	-10.6982	-9.47212	0.340898	0.659102	0.707117
266	-3.56876	-4.2933	0.784375	0.215625	0.326104
267	-3.90003	-4.64527	0.787855	0.212145	0.323115
268	-5.72535	-6.28583	0.755338	0.244662	0.351051
269	-4.80519	-5.42509	0.766151	0.233849	0.341762
270	-4.40514	-4.95471	0.753316	0.246684	0.352788
271	-4.80519	-5.42509	0.766151	0.233849	0.341762
272	-7.41917	-8.06645	0.771019	0.228981	0.337579
273	-19.8553	-16.0164	0.036541	0.963459	0.968606
274	-8.35374	-8.86871	0.746829	0.253171	0.358362
275	-14.5167	-11.1319	0.0563573	0.943643	0.951581
276	-15.3867	-12.096	0.061581	0.938419	0.947093
277	-9.47334	-8.0178	0.29137	0.70863	0.749669
278	-7.35464	-8.08003	0.784518	0.215482	0.325982
279	-7.76435	-8.49244	0.784974	0.215026	0.32559
280	-4.5012	-5.01265	0.746164	0.253836	0.358933
281	-12.0175	-12.4844	0.73763	0.26237	0.366265
282	-17.0415	-13.7458	0.0612912	0.938709	0.947342
283	-4.5012	-5.01265	0.746164	0.253836	0.358933
284	-7.0488	-7.73728	0.778212	0.221788	0.331399
285	-4.83824	-5.42953	0.760984	0.239016	0.3462
286	-4.32152	-4.69961	0.720086	0.279914	0.381338
287	-16.5495	-15.2308	0.320421	0.679579	0.72471
288	-3.85864	-4.58495	0.784672	0.215328	0.325849
289	-8.66063	-7.42732	0.33928	0.66072	0.708508
290	-6.54294	-7.22824	0.777663	0.222337	0.331871
291	-4.6552	-5.03167	0.71976	0.28024	0.381618
292	-10.7056	-9.4515	0.334643	0.665357	0.712491
293	-27.7709	-22.1947	0.00663089	0.993369	0.994303
294	-3.71837	-4.41276	0.779231	0.220769	0.330523
295	-4.80519	-5.42509	0.766151	0.233849	0.341762
296	-16.9702	-13.5141	0.0526889	0.947311	0.954732
297	-9.49902	-10.0118	0.746409	0.253591	0.358723
298	-6.99347	-7.51165	0.747436	0.252564	0.35784
299	-3.88612	-4.41471	0.749397	0.250603	0.356156
300	-17.3807	-13.9827	0.0556632	0.944337	0.952177
301	-3.71837	-4.41276	0.779231	0.220769	0.330523
302	-4.88021	-5.42832	0.753045	0.246955	0.353021
303	-12.4318	-11.0754	0.31225	0.68775	0.73173
304	-8.7514	-9.2224	0.738427	0.261573	0.365581
305	-4.50558	-5.00901	0.744642	0.255358	0.360241
306	-4.40514	-4.95471	0.753316	0.246684	0.352788
307	-9.44294	-9.99811	0.754354	0.245646	0.351897
308	-8.91013	-9.61601	0.781203	0.218797	0.32883
309	-14.5007	-11.3069	0.0674175	0.932583	0.942078
310	-11.795	-10.3447	0.292455	0.707545	0.748737
311	-3.75673	-4.63423	0.80912	0.19088	0.304844
312	-14.6994	-13.2719	0.297189	0.702811	0.74467
313	-10.5398	-11.263	0.784139	0.215861	0.326306
314	-4.84599	-5.41735	0.757342	0.242658	0.349329
315	-4.50181	-5.0142	0.746341	0.253659	0.358781
316	-9.5867	-10.1385	0.753723	0.246277	0.352439
317	-16.9937	-15.5949	0.303229	0.696771	0.73948
318	-18.8802	-17.4063	0.287591	0.712409	0.752916
319	-8.98883	-9.56362	0.757972	0.242028	0.348789
320	-35.3866	-28.2206	0.00135963	0.99864	0.998832
321	-4.29803	-4.74985	0.734705	0.265295	0.368778
322	-15.6883	-14.4855	0.346149	0.653851	0.702606
323	-8.47979	-9.04058	0.755395	0.244605	0.351002
324	-14.3108	-12.8752	0.295516	0.704484	0.746108
325	-10.6538	-9.25986	0.304249	0.695751	0.738604
326	-9.77621	-10.1534	0.719904	0.280096	0.381495
327	-3.56962	-4.2955	0.784601	0.215399	0.32591
328	-4.09083	-4.81387	0.784122	0.215878	0.326322
329	-8.90522	-9.28698	0.720825	0.279175	0.380703
330	-3.8867	-4.41627	0.749578	0.250422	0.356
331	-17.326	-13.8956	0.0539827	0.946017	0.953621
332	-15.8184	-14.2152	0.261842	0.738158	0.775038
333	-9.45558	-10.0373	0.759244	0.240756	0.347696
334	-4.29803	-4.74985	0.734705	0.265295	0.368778
335	-16.5697	-13.4268	0.0706919	0.929308	0.939265
336	-16.1737	-14.6782	0.283196	0.716804	0.756692
337	-4.40583	-4.95641	0.753503	0.246497	0.352628
338	-13.6965	-12.2763	0.298726	0.701274	0.74335
339	-5.14527	-5.88669	0.787216	0.212784	0.323663
340	-15.3476	-13.2107	0.172202	0.827798	0.852052
341	-13.335	-10.1493	0.0679324	0.932068	0.941636
342	-9.71998	-10.1806	0.736424	0.263576	0.367301
343	-19.7013	-18.2136	0.284769	0.715231	0.755341
344	-18.4747	-15.1599	0.0602004	0.9398	0.948279
345	-16.5547	-13.454	0.0735167	0.926483	0.936838
346	-3.39006	-4.07923	0.778332	0.221668	0.331296
347	-8.03627	-8.76722	0.785457	0.214543	0.325174
348	-16.4546	-13.0432	0.0549628	0.945037	0.952779
349	-11.336	-9.81237	0.277509	0.722491	0.761578
350	-8.87207	-9.26354	0.722776	0.277224	0.379027
351	-9.93186	-8.43694	0.283307	0.716693	0.756597
352	-4.58294	-4.98572	0.725036	0.274964	0.377085
353	-14.3928	-12.9059	0.284924	0.715076	0.755208
354	-12.8684	-13.3783	0.745866	0.254134	0.359189
355	-29.4612	-22.242	0.0012892	0.998711	0.998892
356	-3.39006	-4.07923	0.778332	0.221668	0.331296
357	-9.48521	-10.2217	0.786389	0.213611	0.324374
358	-16.5176	-14.9961	0.277942	0.722058	0.761206
359	-9.45976	-9.98641	0.749032	0.250968	0.356469
360	-11.4058	-9.99321	0.300312	0.699688	0.741987
361	-12.9238	-13.4531	0.749521	0.250479	0.356049
362	-4.00579	-4.52939	0.748458	0.251542	0.356962
363	-3.56962	-4.2955	0.784601	0.215399	0.32591
364	-10.2148	-10.6829	0.737856	0.262144	0.366071
365	-24.8553	-19.5779	0.00891933	0.991081	0.992337
366	-24.2531	-24.7325	0.740041	0.259959	0.364194
367	-17.0468	-13.7476	0.0610897	0.93891	0.947515
368	-19.5865	-20.1331	0.752772	0.247228	0.353256
369	-9.16311	-7.8467	0.320907	0.679093	0.724293
370	-14.7712	-11.3443	0.0541612	0.945839	0.953467
371	-14.0786	-12.6162	0.289968	0.710032	0.750874
372	-3.75673	-4.63423	0.80912	0.19088	0.304844
373	-10.7684	-9.28842	0.286349	0.713651	0.753983
374	-3.67758	-4.18916	0.746188	0.253812	0.358913
375	-7.35552	-8.08228	0.78475	0.21525	0.325782
376	-13.0918	-11.6576	0.295803	0.704197	0.745861
377	-3.67758	-4.18916	0.746188	0.253812	0.358913
378	-4.32245	-4.70123	0.720225	0.279775	0.381219
379	-8.3382	-8.79815	0.736287	0.263713	0.367419
380	-21.8936	-18.3829	0.0500268	0.949973	0.957019
381	-7.91045	-8.60216	0.77877	0.22123	0.33092
382	-18.9656	-19.4735	0.745496	0.254504	0.359507
383	-18.7719	-17.2912	0.286191	0.713809	0.754119
384	-10.1217	-8.64552	0.287128	0.712872	0.753314
385	-6.54356	-7.23012	0.777881	0.222119	0.331683
386	-4.32245	-4.70123	0.720225	0.279775	0.381219
387	-7.71633	-8.09492	0.720188	0.279812	0.38125
388	-16.675	-13.3345	0.0587662	0.941234	0.949511
389	-11.1016	-11.4794	0.720028	0.279972	0.381388
390	-12.9998	-13.6738	0.775693	0.224307	0.333563
391	-37.5243	-29.5237	0.000590615	0.999409	0.999493
392	-28.8731	-23.4548	0.00775585	0.992244	0.993337
393	-11.3957	-10.1169	0.329148	0.670852	0.717212
394	-3.32405	-3.88009	0.754516	0.245484	0.351757
395	-12.3368	-10.8888	0.292922	0.707078	0.748336
396	-10.9251	-9.5048	0.298701	0.701299	0.743371
397	-4.68858	-5.0654	0.71983	0.28017	0.381558
398	-4.25345	-4.75811	0.744874	0.255126	0.360041
399	-12.1685	-10.769	0.303074	0.696926	0.739614
400	-20.7052	-17.152	0.0480447	0.951955	0.958722
401	-8.30276	-8.7494	0.733694	0.266306	0.369647
402	-24.3966	-20.9543	0.0533779	0.946622	0.95414
403	-8.54968	-9.15131	0.762863	0.237137	0.344586
404	-4.01	-4.59332	0.759533	0.240467	0.347447
405	-5.36205	-5.90037	0.751219	0.248781	0.35459
406	-4.88067	-5.42979	0.753231	0.246769	0.352861
407	-9.62443	-8.24185	0.30666	0.69334	0.736533
408	-3.80143	-4.38843	0.760204	0.239796	0.34687
409	-18.5499	-17.0069	0.273662	0.726338	0.764884
410	-10.6478	-11.1685	0.747902	0.252098	0.35744
411	-3.93771	-4.36012	0.728932	0.271068	0.373738
412	-15.0823	-11.7146	0.0572775	0.942723	0.95079
413	-4.83134	-5.27422	0.732959	0.267041	0.370278
414	-3.61051	-4.02321	0.72701	0.27299	0.37539
415	-6.38517	-6.97601	0.760906	0.239094	0.346268
416	-3.6522	-4.21348	0.755485	0.244515	0.350925
417	-8.27811	-8.58514	0.705542	0.294458	0.393834
418	-8.24171	-6.81759	0.2979	0.7021	0.74406
419	-13.3379	-11.7735	0.269405	0.730595	0.768541
420	-4.5541	-4.85831	0.704957	0.295043	0.394336
421	-7.95056	-8.2549	0.704983	0.295017	0.394314
422	-3.80143	-4.38843	0.760204	0.239796	0.34687
423	-11.42	-9.87146	0.272546	0.727454	0.765842
424	-7.25285	-7.83944	0.760129	0.239871	0.346935
425	-22.137	-16.717	0.00774327	0.992257	0.993347
426	-17.1711	-13.7251	0.0531947	0.946805	0.954298
427	-3.87761	-4.39813	0.747878	0.252122	0.35746
428	-7.76199	-8.25892	0.743402	0.256598	0.361306
429	-9.25667	-9.76898	0.746325	0.253675	0.358795
430	-3.80937	-4.41185	0.763015	0.236985	0.344456
431	-24.8397	-19.3338	0.00711008	0.99289	0.993891
432	-4.01	-4.59332	0.759533	0.240467	0.347447
433	-45.6307	-39.4394	0.00359512	0.996405	0.996911
434	-6.76202	-7.31932	0.754749	0.245251	0.351557
435	-4.59443	-5.03611	0.732723	0.267277	0.370481
436	-10.0709	-10.4338	0.71701	0.28299	0.38398
437	-26.0424	-22.4697	0.0471608	0.952839	0.959482
438	-3.80143	-4.38843	0.760204	0.239796	0.34687
439	-24.4766	-20.9933	0.0513448	0.948655	0.955887
440	-5.6702	-6.12309	0.734913	0.265087	0.3686
441	-34.0192	-28.4803	0.00688105	0.993119	0.994088
442	-9.64458	-8.10852	0.275029	0.724971	0.763709
443	-8.06498	-8.35913	0.702859	0.297141	0.396138
444	-4.43633	-4.84966	0.727134	0.272866	0.375282
445	-21.0445	-17.5849	0.0525121	0.947488	0.954884
446	-3.80143	-4.38843	0.760204	0.239796	0.34687
447	-9.98581	-8.46552	0.278184	0.721816	0.760998
448	-4.75827	-5.25918	0.744163	0.255837	0.360653
449	-10.3447	-8.83208	0.279721	0.720279	0.759678
450	-10.2171	-8.6634	0.271516	0.728484	0.766727
451	-13.2468	-11.5904	0.251702	0.748298	0.78375
452	-3.6522	-4.21348	0.755485	0.244515	0.350925
453	-3.6522	-4.21348	0.755485	0.244515	0.350925
454	-15.1174	-13.5688	0.272532	0.727468	0.765854
455	-3.82432	-4.25148	0.72987	0.27013	0.372932
456	-9.95484	-8.53069	0.297893	0.702107	0.744065
457	-10.564	-8.92833	0.255609	0.744391	0.780393
458	-8.31937	-8.78066	0.736546	0.263454	0.367196
459	-4.25345	-4.75811	0.744874	0.255126	0.360041
460	-4.33698	-4.80721	0.738277	0.261723	0.365709
461	-21.3602	-19.833	0.276805	0.723195	0.762183
462	-13.9378	-12.5275	0.300789	0.699211	0.741577
463	-4.87461	-5.32767	0.734944	0.265056	0.368572
464	-12.9603	-13.4136	0.734987	0.265013	0.368535
465	-9.95168	-10.3492	0.723992	0.276008	0.377983
466	-4.07377	-4.68505	0.764603	0.235397	0.343091
467	-15.0888	-11.7438	0.0585134	0.941487	0.949728
468	-9.86987	-10.2295	0.716342	0.283658	0.384555
469	-11.1393	-9.58782	0.271969	0.728031	0.766338
470	-4.25345	-4.75811	0.744874	0.255126	0.360041
471	-9.17372	-7.61163	0.269868	0.730132	0.768142
472	-6.38517	-6.97601	0.760905	0.239095	0.346268
473	-15.8393	-13.8776	0.198632	0.801368	0.829345
474	-3.6522	-4.21348	0.755485	0.244515	0.350925
475	-7.54219	-8.09785	0.754445	0.245555	0.351818
476	-4.2239	-4.52943	0.705229	0.294771	0.394102
477	-3.47946	-4.06519	0.759974	0.240026	0.347069
478	-12.903	-11.3588	0.273396	0.726604	0.765112
479	-3.47946	-4.06519	0.759974	0.240026	0.347069
480	-4.43579	-4.84269	0.725857	0.274143	0.37638
481	-9.41862	-7.90061	0.278643	0.721357	0.760604
482	-29.7788	-24.2948	0.00726668	0.992733	0.993757
483	-3.32405	-3.88009	0.754516	0.245484	0.351757
484	-4.88876	-5.31029	0.728758	0.271242	0.373888
485	-10.4974	-11.0513	0.754131	0.245869	0.352088
486	-3.80937	-4.41185	0.763015	0.236985	0.344456
487	-4.92541	-5.37585	0.734435	0.265565	0.36901
488	-4.13058	-4.75846	0.767578	0.232422	0.340535
489	-13.452	-11.9039	0.272634	0.727366	0.765767
490	-4.61447	-5.04869	0.731259	0.268741	0.371738
491	-6.67466	-7.23068	0.754512	0.245488	0.351761
492	-9.08543	-7.61288	0.287872	0.712128	0.752675
493	-17.1669	-13.6235	0.0484939	0.951506	0.958336
494	-13.6869	-13.992	0.705132	0.294868	0.394186
495	-9.17372	-7.61163	0.269869	0.730131	0.768142
496	-19.3695	-15.997	0.0570147	0.942985	0.951016
497	-4.33698	-4.80721	0.738277	0.261723	0.365709
498	-4.69604	-4.98872	0.702552	0.297448	0.396403
499	-6.66219	-7.25213	0.76074	0.23926	0.34641
500	-5.36451	-5.73939	0.719439	0.280561	0.381894
501	-3.47946	-4.06519	0.759974	0.240026	0.347068
502	-9.24039	-7.80881	0.296342	0.703658	0.745398
503	-8.99608	-9.42429	0.730077	0.269923	0.372754
504	-9.18159	-7.65706	0.277334	0.722666	0.761729
505	-5.08183	-5.67986	0.762209	0.237791	0.345148
506	-16.2818	-12.8974	0.0563821	0.943618	0.951559
507	-9.21808	-9.65872	0.732518	0.267482	0.370657
508	-14.2866	-12.8526	0.295832	0.704168	0.745836
509	-18.5101	-18.8063	0.703291	0.296709	0.395768
510	-13.1329	-11.5778	0.271255	0.728745	0.766951
511	-19.5939	-18.0523	0.273927	0.726073	0.764655
512	-8.70467	-9.22604	0.748038	0.251962	0.357323
513	-9.17372	-7.61163	0.269869	0.730131	0.768142
514	-4.61447	-5.04869	0.731259	0.268741	0.371738
515	-4.51116	-4.86983	0.716157	0.283843	0.384714
516	-8.98486	-9.46209	0.739628	0.260372	0.364549
517	-13.8428	-12.4015	0.294312	0.705688	0.747142
518	-20.8005	-17.4615	0.0588501	0.94115	0.949439
519	-19.84	-16.443	0.055714	0.944286	0.952133
520	-6.38517	-6.97601	0.760905	0.239095	0.346268
521	-36.537	-31.1771	0.00821863	0.991781	0.992939
522	-17.0902	-15.7999	0.326631	0.673369	0.719375
523	-15.2584	-11.8473	0.0549769	0.945023	0.952767
524	-18.1354	-16.7314	0.302122	0.697878	0.740431
525	-17.6751	-14.2209	0.0527821	0.947218	0.954652
526	-18.3701	-16.2466	0.174122	0.825878	0.850403
527	-10.1494	-8.5966	0.271699	0.728301	0.76657
528	-8.75538	-7.37248	0.306592	0.693408	0.736591
529	-9.35771	-9.78911	0.730705	0.269295	0.372214
530	-25.6615	-22.1993	0.0523799	0.94762	0.954998
531	-4.61275	-5.04424	0.730723	0.269277	0.372199
532	-17.735	-16.2139	0.278037	0.721963	0.761125
533	-24.8892	-19.5339	0.00825688	0.991743	0.992906
534	-4.61275	-5.04424	0.730723	0.269277	0.372199
535	-17.2617	-13.8528	0.0550909	0.944909	0.952669
536	-13.8315	-14.2628	0.730698	0.269302	0.372221
537	-25.7311	-21.4275	0.0232756	0.976724	0.980003
538	-8.01401	-8.58616	0.757487	0.242513	0.349205
539	-4.4966	-4.81945	0.708818	0.291182	0.391019
540	-19.324	-15.896	0.0541069	0.945893	0.953514
541	-30.4392	-24.7148	0.00572259	0.994277	0.995083
542	-15.6605	-12.177	0.0513381	0.948662	0.955893
543	-19.7885	-16.2659	0.0494617	0.950538	0.957505
544	-17.4454	-16.0258	0.298847	0.701153	0.743245
545	-40.3668	-30.9057	0.000137152	0.999863	0.999882
546	-12.2057	-10.8159	0.305134	0.694866	0.737844
547	-12.9027	-11.3508	0.271872	0.728128	0.766421
548	-24.2442	-20.1981	0.0299076	0.970092	0.974305
549	-10.2787	-8.96796	0.322148	0.677852	0.723226
550	-3.72785	-4.43133	0.78079	0.21921	0.329184
551	-9.73074	-8.21986	0.280077	0.719923	0.759372
552	-20.8913	-17.1461	0.0399838	0.960016	0.965648
553	-27.2754	-25.8497	0.297574	0.702426	0.744339
554	-18.7422	-16.6478	0.178346	0.821654	0.846774
555	-5.02534	-5.56949	0.752308	0.247692	0.353654
556	-17.2307	-15.607	0.25791	0.74209	0.778416
557	-10.2133	-8.8272	0.305911	0.694089	0.737176
558	-3.60875	-4.01885	0.726494	0.273506	0.375832
559	-3.65044	-4.20819	0.754831	0.245169	0.351487
560	-3.93592	-4.35567	0.728406	0.271594	0.37419
561	-3.82269	-4.24717	0.729341	0.270659	0.373387
562	-5.02534	-5.56949	0.752308	0.247692	0.353654
563	-3.93592	-4.35567	0.728406	0.271594	0.37419
564	-3.72785	-4.43133	0.78079	0.21921	0.329184
565	-10.1557	-8.63432	0.27797	0.72203	0.761182
566	-18.4192	-15.0309	0.0561731	0.943827	0.951739
567	-20.8472	-17.317	0.0491043	0.950896	0.957812
568	-32.5118	-25.2114	0.00118892	0.998811	0.998979
569	-10.0708	-8.56769	0.281653	0.718347	0.758018
570	-11.9871	-10.5216	0.28931	0.71069	0.751439
571	-15.3918	-13.7543	0.255282	0.744718	0.780675
572	-15.583	-13.9028	0.247236	0.752764	0.787587
573	-4.59262	-5.03153	0.73218	0.26782	0.370948
574	-9.57391	-8.16592	0.301284	0.698716	0.741152
575	-11.8138	-10.2282	0.265256	0.734744	0.772105
576	-16.9959	-13.48	0.0497765	0.950223	0.957235
577	-14.5116	-13.0996	0.300432	0.699568	0.741883
578	-22.628	-19.3259	0.0609196	0.93908	0.947661
579	-17.5438	-14.0255	0.0496636	0.950336	0.957331
580	-13.3224	-11.9184	0.302126	0.697874	0.740429
581	-22.589	-18.3392	0.0245304	0.97547	0.978925
582	-29.2531	-23.674	0.00661135	0.993389	0.99432
583	-3.72785	-4.43133	0.78079	0.21921	0.329184
586	-3.60875	-4.01885	0.726494	0.273506	0.375832
603	-16.9577	-13.5261	0.0539245	0.946075	0.953671
604	-26.4795	-21.0507	0.00767528	0.992325	0.993406
605	-9.76005	-10.1902	0.730449	0.269551	0.372434
606	-16.7147	-13.2171	0.0506506	0.949349	0.956484
607	-45.7801	-35.7999	8.16234e-05	0.999918	0.99993
608	-9.95448	-10.3117	0.71587	0.28413	0.38496
609	-24.7635	-19.407	0.00824621	0.991754	0.992915
610	-20.6958	-17.1741	0.0495049	0.950495	0.957468
611	-16.2457	-12.7225	0.0494352	0.950565	0.957528
612	-19.8996	-18.3087	0.264237	0.735763	0.772981
613	-10.9353	-9.49638	0.294812	0.705188	0.746712
614	-4.61275	-5.04424	0.730723	0.269277	0.3722
615	-10.9353	-9.49638	0.294812	0.705188	0.746712
616	-37.5773	-30.2297	0.00113411	0.998866	0.999026
617	-5.02533	-5.56949	0.752308	0.247692	0.353655
618	-28.3816	-25.8182	0.119563	0.880437	0.897277
619	-8.19689	-8.60211	0.725521	0.274479	0.376668
620	-20.8238	-17.2931	0.0490827	0.950917	0.957831
621	-20.5245	-17.2022	0.0597799	0.94022	0.94864
622	-10.1557	-8.63431	0.277969	0.722031	0.761182
623	-11.292	-9.70122	0.264252	0.735748	0.772968
624	-3.60875	-4.01885	0.726494	0.273506	0.375833
625	-36.7505	-29.2961	0.00101936	0.998981	0.999124
626	-26.9163	-21.3412	0.00663824	0.993362	0.994297
627	-3.60875	-4.01885	0.726494	0.273506	0.375833
628	-26.0808	-20.6569	0.00771298	0.992287	0.993373
629	-27.3201	-21.8686	0.00750462	0.992495	0.993552
630	-17.2982	-13.7503	0.0482892	0.951711	0.958512
631	-15.1127	-13.7519	0.311309	0.688691	0.732539
632	-76.1931	-60.2227	2.04323e-07	1	1
634	-28.5462	-23.1736	0.00811629	0.991884	0.993027
635	-3.79992	-4.38322	0.759531	0.240469	0.347449
636	-4.8726	-5.32281	0.734389	0.265611	0.36905
637	-9.25529	-9.76431	0.745704	0.254296	0.359328
638	-14.7992	-13.1963	0.261913	0.738087	0.774977
639	-4.69396	-4.9848	0.702167	0.297833	0.396733
640	-9.36714	-9.71857	0.714682	0.285318	0.385981
