Sites	Ll_YN98.omega=0.0132285	Ll_YN98.omega=0.166915	Ll_YN98.omega=0.646974	Ll_YN98.omega=0.974351	Ll_YN98.omega=9.15547	Pr_YN98.omega=0.0132285	Pr_YN98.omega=0.166915	Pr_YN98.omega=0.646974	Pr_YN98.omega=0.974351	Pr_YN98.omega=9.15547	mean
36	-3.62464	-3.77765	-4.25274	-4.57417	-11.7476	0.359887	0.308826	0.192037	0.139248	1.44214e-06	0.316242
37	-4.59066	-4.68441	-4.97582	-5.17332	-9.75161	0.317526	0.289112	0.216026	0.177311	2.46043e-05	0.365209
38	-40.6976	-32.9693	-28.6984	-27.4142	-22.4463	5.28399e-07	0.00120034	0.0859251	0.310362	0.602512	5.87447
39	-28.8585	-21.3681	-17.66	-16.6719	-15.2835	3.55151e-06	0.00635939	0.259337	0.696582	0.037718	1.19289
40	-4.31404	-4.40978	-4.70737	-4.90902	-9.56065	0.318964	0.289842	0.215238	0.175933	2.26865e-05	0.36348
41	-21.9671	-17.0014	-14.6166	-14.0176	-14.5318	0.000219387	0.0314604	0.34156	0.621738	0.00502242	0.878008
42	-3.62464	-3.77765	-4.25274	-4.57417	-11.7476	0.359887	0.308826	0.192037	0.139248	1.44214e-06	0.316242
43	-12.9115	-10.4627	-9.37535	-9.14665	-10.9277	0.0110904	0.128375	0.380797	0.478648	0.00108922	0.744284
44	-7.06569	-7.17911	-7.53059	-7.76784	-13.0535	0.331506	0.295962	0.208253	0.164268	1.12358e-05	0.348678
45	-9.42205	-9.51167	-9.79014	-9.97875	-14.3116	0.314512	0.287551	0.217659	0.180246	3.19684e-05	0.368893
46	-12.399	-9.96017	-8.90513	-8.69917	-11.2905	0.0116481	0.133478	0.383359	0.471038	0.000476708	0.733778
47	-10.4257	-10.5284	-10.8473	-11.0631	-15.8864	0.323925	0.29231	0.212495	0.171251	1.85996e-05	0.357584
48	-4.50292	-4.58021	-4.82066	-4.98378	-8.82524	0.305639	0.282905	0.22244	0.18896	5.47834e-05	0.379793
49	-13.5884	-13.6954	-14.0275	-14.252	-19.2806	0.32699	0.293804	0.210788	0.168403	1.4895e-05	0.35396
50	-3.27997	-3.40029	-3.77369	-4.02622	-9.73075	0.336569	0.298416	0.205426	0.159581	7.18024e-06	0.342722
51	-6.87363	-7.00066	-7.39337	-7.65762	-13.2919	0.341065	0.300381	0.202823	0.155724	7.51658e-06	0.337669
52	-36.0843	-28.572	-24.7945	-23.7589	-21.1689	2.8756e-06	0.00526383	0.230049	0.647995	0.11669	1.84944
53	-38.6927	-28.6714	-23.6208	-22.2311	-18.6869	4.12799e-08	0.000928765	0.144999	0.581956	0.272116	3.15235
54	-11.0814	-8.6637	-7.67331	-7.51035	-10.8626	0.0128208	0.14385	0.387286	0.455827	0.000215553	0.720853
55	-25.7677	-20.7846	-18.3494	-17.719	-17.4728	0.000200119	0.0292031	0.333433	0.626342	0.0108223	0.929959
56	-4.25161	-4.31726	-4.52151	-4.6601	-7.93956	0.297186	0.278302	0.226887	0.197525	0.000100455	0.390552
57	-30.0861	-22.6043	-18.9202	-17.9463	-16.4697	3.69438e-06	0.00655905	0.26111	0.691435	0.0408927	1.21812
58	-4.13804	-4.22866	-4.5105	-4.70163	-9.18674	0.315293	0.287978	0.21725	0.179452	2.73334e-05	0.367893
59	-9.48525	-9.62096	-10.0392	-10.3194	-15.9408	0.34698	0.302946	0.1994	0.150667	7.36739e-06	0.331033
60	-36.4043	-28.8785	-25.0603	-23.9981	-20.9954	2.51822e-06	0.00467241	0.212699	0.61525	0.167376	2.27027
61	-12.5105	-10.0957	-9.11443	-8.95772	-12.4615	0.0129942	0.145372	0.387825	0.453625	0.00018434	0.719027
62	-4.59066	-4.68441	-4.97582	-5.17332	-9.75161	0.317526	0.289112	0.216026	0.177311	2.46043e-05	0.365209
63	-13.5428	-11.0808	-9.95347	-9.69837	-11.1139	0.0104355	0.122392	0.377882	0.487692	0.00159948	0.754873
64	-10.5927	-8.17713	-7.19319	-7.03442	-10.4454	0.0129427	0.144908	0.387626	0.454321	0.000202583	0.719665
65	-10.7152	-10.8114	-11.1096	-11.3108	-15.777	0.319106	0.289839	0.21512	0.175907	2.73058e-05	0.363422
66	-4.25161	-4.31726	-4.52151	-4.6601	-7.93956	0.297186	0.278302	0.226887	0.197525	0.000100455	0.390552
67	-5.27114	-5.36478	-5.65586	-5.85313	-10.4156	0.317449	0.289072	0.216068	0.177386	2.50071e-05	0.365305
68	-26.473	-21.4774	-18.9993	-18.3372	-17.4797	0.000184053	0.0271973	0.324134	0.628472	0.0200129	1.00983
69	-7.56238	-7.67003	-8.00391	-8.22949	-13.2747	0.327415	0.293998	0.210545	0.168026	1.46178e-05	0.353471
70	-19.597	-17.1653	-16.1317	-15.9393	-18.1838	0.0120208	0.136768	0.3845	0.466044	0.000667205	0.731948
71	-19.1836	-16.7375	-15.6581	-15.4342	-17.2338	0.0112232	0.129549	0.381238	0.476924	0.00106532	0.742868
72	-8.34167	-8.43152	-8.71075	-8.89991	-13.26	0.314687	0.287646	0.217567	0.180068	3.10812e-05	0.36867
73	-39.4062	-34.0912	-31.0061	-30.076	-27.3721	5.49445e-05	0.0111742	0.244356	0.619429	0.124985	1.9078
74	-9.6973	-9.78926	-10.0753	-10.2693	-14.8098	0.31627	0.288482	0.216719	0.178503	2.57236e-05	0.366707
75	-15.1194	-15.2095	-15.4901	-15.6803	-20.1378	0.314982	0.287818	0.217418	0.179754	2.81459e-05	0.368273
76	-12.2856	-12.3777	-12.664	-12.8582	-17.2944	0.316345	0.288519	0.216673	0.178434	2.85413e-05	0.366644
77	-19.003	-16.5571	-15.4798	-15.2584	-17.3498	0.011262	0.129966	0.381688	0.476289	0.000794675	0.740133
78	-19.2624	-19.3657	-19.6861	-19.9027	-24.7447	0.324293	0.292467	0.21228	0.170941	1.82217e-05	0.35717
79	-9.09775	-9.18988	-9.47642	-9.67077	-14.2454	0.316389	0.288544	0.216655	0.178387	2.48436e-05	0.366557
80	-12.657	-10.2086	-9.12341	-8.89685	-10.9641	0.0111305	0.12878	0.381176	0.478097	0.000817198	0.741569
81	-12.7089	-12.7861	-13.0265	-13.1896	-17.0293	0.305616	0.282893	0.222453	0.188984	5.48857e-05	0.379822
82	-12.5895	-12.6826	-12.9717	-13.1671	-17.5986	0.316985	0.288795	0.216299	0.177893	2.85896e-05	0.365929
83	-5.38189	-5.46688	-5.73115	-5.91032	-10.0987	0.311198	0.285843	0.21946	0.183461	3.75977e-05	0.372913
84	-15.1425	-15.2441	-15.5594	-15.7725	-20.4099	0.323076	0.291867	0.212953	0.172082	2.25077e-05	0.35864
85	-5.09739	-5.18203	-5.44532	-5.62393	-9.83731	0.310968	0.285733	0.219591	0.183672	3.6711e-05	0.373173
86	-3.77832	-3.90908	-4.31377	-4.58642	-10.3701	0.343813	0.301671	0.20127	0.153239	6.37044e-06	0.334485
87	-5.3591	-5.43987	-5.69111	-5.86152	-9.85129	0.308156	0.284245	0.221096	0.186456	4.6606e-05	0.376665
88	-7.61244	-7.70154	-7.97801	-8.16496	-12.394	0.314053	0.287283	0.21789	0.180738	3.55623e-05	0.369503
89	-7.89465	-7.96055	-8.16489	-8.3029	-11.3362	0.297206	0.278252	0.226827	0.197587	0.00012853	0.390822
90	-13.8864	-11.4892	-10.5621	-10.4415	-14.4854	0.0140605	0.154562	0.390623	0.44065	0.000104347	0.70901
91	-3.9737	-4.09947	-4.48993	-4.75411	-10.7041	0.340504	0.300264	0.203201	0.156025	5.49223e-06	0.338162
92	-23.0111	-18.0662	-15.7435	-15.1847	-16.1546	0.000244295	0.0343152	0.350113	0.612193	0.0031352	0.857439
93	-4.25161	-4.31726	-4.52151	-4.6601	-7.93956	0.297186	0.278302	0.226887	0.197525	0.000100455	0.390552
94	-19.4303	-16.9862	-15.9143	-15.6964	-17.8214	0.0113537	0.130789	0.382034	0.475056	0.000766419	0.739035
95	-8.07134	-8.17294	-8.48874	-8.70271	-13.6513	0.3232	0.291974	0.212911	0.171898	1.64712e-05	0.358398
96	-3.45027	-3.57734	-3.97065	-4.23568	-9.889	0.34119	0.300476	0.202767	0.15556	7.36706e-06	0.337489
97	-11.5798	-9.16856	-8.19828	-8.04907	-11.706	0.0132053	0.147216	0.388455	0.450966	0.000157244	0.716906
98	-3.45027	-3.57734	-3.97065	-4.23568	-9.889	0.34119	0.300476	0.202767	0.15556	7.36706e-06	0.337489
99	-11.3426	-11.4275	-11.6916	-11.8707	-16.0805	0.311149	0.285827	0.219493	0.183494	3.68063e-05	0.372956
100	-4.79377	-4.88893	-5.18518	-5.38631	-10.1461	0.318642	0.289718	0.215436	0.176184	2.03892e-05	0.363806
101	-5.27114	-5.36478	-5.65586	-5.85313	-10.4156	0.317449	0.289072	0.216068	0.177386	2.50071e-05	0.365305
102	-21.9984	-19.5544	-18.4824	-18.264	-20.2376	0.01135	0.130735	0.381913	0.475109	0.000891857	0.740148
103	-22.7903	-20.3476	-19.2794	-19.0637	-20.6102	0.01141	0.131273	0.382009	0.473944	0.00136367	0.743485
104	-29.9473	-24.9619	-22.5162	-21.8763	-21.5803	0.000196344	0.0287165	0.331344	0.628332	0.0114118	0.935863
105	-11.0745	-11.1769	-11.4949	-11.7099	-16.5396	0.323714	0.292186	0.212604	0.171478	1.85049e-05	0.35785
106	-3.7993	-3.89143	-4.17799	-4.37235	-8.9535	0.316393	0.288546	0.216653	0.178383	2.46824e-05	0.366551
107	-3.5934	-3.68202	-3.95745	-4.14405	-8.46589	0.313803	0.287188	0.218046	0.18093	3.2446e-05	0.369744
108	-8.8042	-8.89663	-9.184	-9.37878	-13.8891	0.316583	0.288631	0.216541	0.178218	2.64703e-05	0.36635
109	-26.9932	-24.5746	-23.5798	-23.4124	-26.1909	0.0127337	0.143005	0.386713	0.457165	0.00038368	0.723183
110	-4.84412	-4.93059	-5.19909	-5.38081	-9.50656	0.312191	0.286331	0.218906	0.182532	3.98245e-05	0.371764
111	-6.1501	-6.27743	-6.67026	-6.93386	-12.3212	0.341112	0.300331	0.202766	0.155781	9.62565e-06	0.3377
112	-11.2939	-11.387	-11.6762	-11.8722	-16.2347	0.317012	0.288849	0.216304	0.177804	3.06153e-05	0.365874
113	-8.58684	-8.68404	-8.98601	-9.19047	-13.8694	0.319986	0.290346	0.214671	0.174975	2.19556e-05	0.36227
114	-4.98259	-5.06046	-5.30268	-5.46696	-9.32512	0.306051	0.283123	0.222219	0.188553	5.37597e-05	0.379285
115	-11.7458	-9.35383	-8.44297	-8.33342	-12.7416	0.0143958	0.157414	0.391401	0.436717	7.18351e-05	0.705865
116	-4.98259	-5.06046	-5.30268	-5.46696	-9.32512	0.306051	0.283123	0.222219	0.188553	5.37597e-05	0.379285
117	-10.9766	-11.0889	-11.4377	-11.6738	-17.0209	0.330858	0.295719	0.208647	0.164765	1.05989e-05	0.349362
118	-22.7559	-17.7776	-15.3537	-14.7287	-14.8342	0.000204654	0.0297231	0.335549	0.626902	0.00762035	0.902646
119	-18.8464	-18.9363	-19.2157	-19.405	-23.7332	0.314728	0.287666	0.217543	0.180031	3.20787e-05	0.368631
120	-7.3117	-7.44205	-7.84564	-8.11769	-13.9943	0.343555	0.301568	0.201424	0.153448	5.81292e-06	0.334762
121	-11.2536	-11.336	-11.5918	-11.7652	-15.7738	0.309236	0.284799	0.220508	0.185411	4.5477e-05	0.375363
122	-28.853	-21.3666	-17.6711	-16.6922	-15.5472	3.66465e-06	0.0065365	0.263194	0.700531	0.0297352	1.12617
123	-24.0571	-19.1029	-16.7505	-16.1707	-16.5205	0.000231539	0.0328252	0.345011	0.616066	0.00586565	0.882663
124	-4.8568	-4.9546	-5.25849	-5.46434	-10.1588	0.320432	0.290579	0.21443	0.174537	2.15626e-05	0.361729
125	-31.153	-23.6581	-19.9362	-18.9391	-17.4444	3.44996e-06	0.00620554	0.256561	0.695355	0.0418746	1.22793
126	-7.48794	-7.6054	-7.96946	-8.21519	-13.6165	0.334417	0.297353	0.206617	0.161602	9.84637e-06	0.34528
127	-9.68496	-9.77787	-10.0665	-10.2618	-14.6803	0.316871	0.288756	0.216371	0.177974	2.89768e-05	0.36605
128	-8.39294	-8.45737	-8.6573	-8.79247	-11.7982	0.296175	0.277695	0.227373	0.198625	0.000132826	0.39212
129	-4.13804	-4.22866	-4.5105	-4.70163	-9.18674	0.315293	0.287978	0.21725	0.179452	2.73334e-05	0.367893
130	-13.2828	-13.3485	-13.5527	-13.6911	-16.9255	0.297167	0.278282	0.226889	0.197557	0.000105101	0.390624
131	-12.6191	-12.7048	-12.9714	-13.152	-17.3271	0.31173	0.286119	0.219171	0.182942	3.79925e-05	0.372277
132	-3.83546	-3.94756	-4.29617	-4.53254	-10.044	0.330814	0.295731	0.208688	0.164757	8.9916e-06	0.349368
133	-19.0871	-19.1872	-19.4976	-19.7075	-24.2241	0.321959	0.291313	0.213569	0.173134	2.55528e-05	0.359984
134	-14.2685	-14.3891	-14.7613	-15.0114	-20.2451	0.336334	0.29815	0.205489	0.160016	1.15286e-05	0.343178
135	-5.09739	-5.18203	-5.44532	-5.62393	-9.83731	0.310968	0.285733	0.219591	0.183672	3.6711e-05	0.373173
136	-4.25161	-4.31726	-4.52151	-4.6601	-7.93956	0.297186	0.278302	0.226887	0.197525	0.000100455	0.390552
137	-4.89978	-4.99731	-5.30031	-5.5055	-10.2341	0.320227	0.290469	0.21454	0.174742	2.08645e-05	0.361973
138	-15.8078	-15.9341	-16.3263	-16.5917	-22.6426	0.340894	0.300453	0.202984	0.155664	4.95332e-06	0.337702
139	-22.3419	-19.9018	-18.8423	-18.633	-20.8989	0.0115687	0.132743	0.382933	0.472094	0.000661543	0.736099
140	-7.65731	-7.77779	-8.15141	-8.40383	-14.0316	0.336625	0.298418	0.205383	0.159566	7.75265e-06	0.342685
141	-3.45027	-3.57734	-3.97065	-4.23568	-9.889	0.34119	0.300476	0.202767	0.15556	7.36706e-06	0.337489
142	-25.9339	-20.9292	-18.4268	-17.751	-16.7732	0.000176103	0.026259	0.320661	0.630269	0.0226348	1.03318
143	-3.83546	-3.94756	-4.29617	-4.53254	-10.044	0.330814	0.295731	0.208688	0.164757	8.9916e-06	0.349368
144	-15.6508	-13.1952	-12.087	-11.8438	-13.2473	0.0107399	0.125148	0.379086	0.483422	0.00160483	0.752005
145	-3.45027	-3.57734	-3.97065	-4.23568	-9.889	0.34119	0.300476	0.202767	0.15556	7.36706e-06	0.337489
146	-15.739	-13.3333	-12.3795	-12.2406	-15.8729	0.0135248	0.149938	0.38919	0.447188	0.000159799	0.714182
147	-3.74485	-3.87143	-4.26478	-4.53121	-10.6575	0.341161	0.300596	0.20284	0.155398	4.58621e-06	0.337374
148	-25.4344	-19.896	-16.6331	-15.6873	-13.875	3.93438e-05	0.010004	0.261358	0.672924	0.0556749	1.33616
149	-19.0604	-16.6147	-15.5374	-15.3158	-17.3984	0.0112625	0.129962	0.38166	0.476314	0.000801766	0.740203
150	-10.803	-10.8991	-11.1972	-11.3985	-15.8766	0.319095	0.289839	0.21513	0.175909	2.69824e-05	0.363427
151	-4.70849	-4.81623	-5.15143	-5.37885	-10.7026	0.3277	0.29423	0.210432	0.167627	1.10376e-05	0.353019
152	-4.57247	-4.66775	-4.96401	-5.16485	-9.83745	0.318653	0.289693	0.215414	0.176218	2.22519e-05	0.363838
153	-4.25161	-4.31726	-4.52151	-4.6601	-7.93956	0.297186	0.278302	0.226887	0.197525	0.000100455	0.390552
154	-16.3724	-13.932	-12.8716	-12.6617	-14.9995	0.0115534	0.132606	0.382896	0.472329	0.000615954	0.735864
155	-15.0486	-12.5863	-11.4572	-11.1999	-12.3662	0.0104006	0.12201	0.377398	0.488137	0.00205413	0.759092
156	-26.179	-23.6829	-22.4434	-22.1068	-20.9455	0.00860112	0.104368	0.360476	0.504777	0.0217775	0.941966
157	-7.61396	-7.67994	-7.8843	-8.02212	-10.9742	0.297212	0.278235	0.226807	0.197608	0.000139419	0.390927
158	-5.12273	-5.23752	-5.59423	-5.83587	-11.3616	0.332695	0.296617	0.207624	0.163055	8.77265e-06	0.347192
159	-8.48578	-8.60156	-8.96038	-9.2026	-14.5266	0.333207	0.296778	0.207298	0.162706	1.07107e-05	0.346692
160	-12.4336	-12.5305	-12.831	-13.0342	-17.5766	0.319661	0.290151	0.214832	0.17533	2.52195e-05	0.362714
161	-33.537	-26.8351	-23.1096	-22.0637	-19.3583	6.66091e-06	0.00542204	0.224958	0.640232	0.129382	1.95481
162	-15.6162	-12.9727	-11.4627	-11.035	-11.8531	0.00565203	0.0794792	0.359779	0.551801	0.0032893	0.813871
163	-4.4225	-4.51054	-4.78376	-4.96852	-9.15475	0.313295	0.28689	0.218302	0.181476	3.72702e-05	0.370428
164	-8.49229	-8.63267	-9.06769	-9.36131	-15.749	0.350768	0.304829	0.1973	0.1471	3.3424e-06	0.326526
165	-8.99651	-9.08447	-9.35762	-9.5425	-13.7449	0.313274	0.286897	0.218322	0.18147	3.66711e-05	0.370431
166	-12.6488	-10.2567	-9.34515	-9.23517	-13.4382	0.0143818	0.157297	0.391367	0.436865	8.82278e-05	0.706118
167	-14.4066	-11.9958	-11.0269	-10.8786	-14.5134	0.0132327	0.147449	0.388515	0.450643	0.000160642	0.7167
168	-20.4077	-15.465	-13.1499	-12.5966	-13.793	0.000247618	0.0347034	0.351427	0.611127	0.00249522	0.851457
169	-13.7713	-13.8784	-14.2106	-14.4353	-19.4792	0.327029	0.293829	0.210769	0.168358	1.46646e-05	0.353907
170	-7.61658	-7.7342	-8.09929	-8.34626	-13.9477	0.334646	0.297512	0.206512	0.161321	8.04674e-06	0.344951
171	-7.81989	-7.90884	-8.18495	-8.37173	-12.6209	0.313967	0.287246	0.217942	0.180811	3.48676e-05	0.369594
172	-21.9816	-19.5437	-18.4903	-18.2846	-20.5976	0.0116736	0.13366	0.383259	0.470777	0.000629362	0.734887
173	-4.59066	-4.68441	-4.97582	-5.17332	-9.75161	0.317526	0.289112	0.216026	0.177311	2.46043e-05	0.365209
174	-14.6238	-14.7287	-15.0476	-15.2577	-19.0898	0.324065	0.291817	0.212136	0.171932	5.03147e-05	0.358224
175	-7.06569	-7.17911	-7.53059	-7.76784	-13.0535	0.331506	0.295962	0.208253	0.164268	1.12358e-05	0.348678
176	-12.6506	-12.7168	-12.9216	-13.0597	-15.976	0.297327	0.278292	0.226739	0.197497	0.000144418	0.390832
177	-7.9511	-8.01672	-8.22091	-8.35944	-11.6274	0.297169	0.278292	0.226895	0.197543	0.000101625	0.390584
178	-4.11183	-4.22822	-4.58995	-4.83503	-10.4561	0.333857	0.297176	0.206973	0.161986	7.92306e-06	0.34583
179	-12.8207	-10.4196	-9.47997	-9.35072	-13.1668	0.0138077	0.152378	0.38994	0.443742	0.000131962	0.711466
180	-8.2075	-8.29945	-8.58547	-8.77947	-13.2718	0.316266	0.288482	0.216721	0.178505	2.69929e-05	0.366721
181	-9.52092	-9.62417	-9.94465	-10.1614	-15.0301	0.324296	0.292482	0.212285	0.170919	1.77398e-05	0.35715
182	-3.60786	-3.72931	-4.10627	-4.36122	-10.1202	0.337391	0.298803	0.204962	0.158837	6.7683e-06	0.341768
183	-9.24088	-9.30659	-9.51087	-9.64931	-12.879	0.297191	0.27829	0.226872	0.197541	0.000105589	0.390604
184	-4.73688	-4.84015	-5.16065	-5.37742	-10.2526	0.324304	0.292486	0.212281	0.170912	1.76243e-05	0.35714
185	-3.74485	-3.87143	-4.26478	-4.53121	-10.6575	0.341161	0.300596	0.20284	0.155398	4.58621e-06	0.337374
186	-4.25161	-4.31726	-4.52151	-4.6601	-7.93956	0.297186	0.278302	0.226887	0.197525	0.000100455	0.390552
187	-4.50292	-4.58021	-4.82066	-4.98378	-8.82524	0.305639	0.282905	0.22244	0.18896	5.47834e-05	0.379793
188	-21.1725	-16.2179	-13.8659	-13.2879	-14.0148	0.000232199	0.032934	0.346031	0.616775	0.00402761	0.867203
189	-4.57247	-4.66775	-4.96401	-5.16485	-9.83745	0.318653	0.289693	0.215414	0.176218	2.22519e-05	0.363838
190	-4.99478	-5.11358	-5.48185	-5.73046	-11.1338	0.335389	0.297818	0.206071	0.160711	9.77298e-06	0.344148
191	-29.9674	-22.4612	-18.7041	-17.6832	-15.5715	3.12389e-06	0.005683	0.243372	0.675547	0.0753951	1.5069
192	-13.6609	-13.738	-13.9772	-14.1388	-17.7577	0.305349	0.282695	0.222558	0.18933	6.85744e-05	0.380316
193	-52.9303	-45.4136	-41.6245	-40.5826	-38.0957	2.84932e-06	0.00523832	0.231606	0.656513	0.10664	1.76673
194	-21.6312	-16.6696	-14.2977	-13.7077	-14.5265	0.000224604	0.0320773	0.34379	0.620214	0.0036945	0.865911
195	-4.41612	-4.50528	-4.78245	-4.97033	-9.34919	0.314208	0.287408	0.217833	0.180521	3.05783e-05	0.369232
196	-21.7942	-19.3721	-18.3675	-18.1944	-21.1791	0.0125536	0.141475	0.386341	0.459317	0.000313694	0.724141
197	-29.306	-24.3366	-21.9402	-21.3335	-21.7183	0.000214935	0.0309378	0.339793	0.623324	0.00573016	0.884802
198	-19.4651	-14.4846	-12.0541	-11.4245	-11.3963	0.000202091	0.0294135	0.334277	0.627389	0.00871794	0.912295
199	-3.60786	-3.72931	-4.10627	-4.36122	-10.1202	0.337391	0.298803	0.204962	0.158837	6.7683e-06	0.341768
200	-9.10993	-9.23631	-9.62886	-9.89461	-15.97	0.34098	0.300499	0.202938	0.155578	4.83103e-06	0.337595
201	-14.5849	-12.1405	-11.0673	-10.8486	-12.9921	0.0113325	0.1306	0.381964	0.475351	0.000752797	0.73912
202	-12.4941	-10.0506	-8.98053	-8.76385	-10.9619	0.0113854	0.131078	0.38218	0.474645	0.000711804	0.738278
203	-15.0339	-12.6088	-11.5954	-11.4169	-14.4534	0.0123924	0.140082	0.38592	0.461307	0.000299136	0.725439
204	-33.9329	-26.4059	-22.585	-21.5218	-18.6271	2.55027e-06	0.00473739	0.216235	0.626113	0.152912	2.15072
205	-43.3991	-33.3417	-28.1775	-26.7102	-21.4415	1.46594e-08	0.000341974	0.0598085	0.259424	0.680425	6.52113
206	-11.0369	-11.1555	-11.5219	-11.7679	-16.8449	0.334983	0.2975	0.206244	0.161259	1.35907e-05	0.344771
207	-4.79377	-4.88893	-5.18518	-5.38631	-10.1461	0.318642	0.289718	0.215436	0.176184	2.03892e-05	0.363806
208	-11.3102	-11.4172	-11.7502	-11.9761	-17.2475	0.32719	0.293975	0.210713	0.168111	1.16638e-05	0.353629
209	-4.8568	-4.9546	-5.25849	-5.46434	-10.1588	0.320432	0.290579	0.21443	0.174537	2.15626e-05	0.361729
210	-17.8576	-15.4354	-14.4313	-14.2595	-17.509	0.0125655	0.141627	0.386546	0.459021	0.000240533	0.723341
211	-9.82795	-9.89111	-10.0873	-10.2202	-13.2954	0.295309	0.277233	0.227841	0.199493	0.000124448	0.393103
212	-3.7993	-3.89143	-4.17799	-4.37235	-8.9535	0.316393	0.288546	0.216653	0.178383	2.46824e-05	0.366551
213	-4.98259	-5.06046	-5.30268	-5.46696	-9.32512	0.306051	0.283123	0.222219	0.188553	5.37597e-05	0.379285
214	-4.74741	-4.84714	-5.15653	-5.36566	-10.0244	0.321721	0.291186	0.2137	0.173371	2.21975e-05	0.360245
215	-7.72206	-7.78768	-7.99185	-8.13037	-11.393	0.297164	0.278289	0.226897	0.197547	0.000102175	0.390594
216	-4.99478	-5.11358	-5.48185	-5.73046	-11.1338	0.335389	0.297818	0.206071	0.160711	9.77298e-06	0.344148
217	-7.16973	-7.29486	-7.68265	-7.94439	-13.7468	0.339904	0.299924	0.203517	0.156648	6.3911e-06	0.338917
218	-9.77792	-9.87734	-10.1863	-10.3956	-15.1499	0.321616	0.291177	0.21378	0.173407	2.01807e-05	0.360311
219	-13.7744	-11.3098	-10.1768	-9.91966	-11.4912	0.0103499	0.121703	0.377894	0.488683	0.00137127	0.753641
220	-8.41189	-8.47506	-8.67078	-8.80282	-11.6536	0.295191	0.277119	0.227859	0.199675	0.000155898	0.39356
221	-31.667	-24.1503	-20.3604	-19.3177	-16.8062	2.83737e-06	0.00521697	0.230843	0.654921	0.109015	1.78643
222	-7.67233	-7.73795	-7.94212	-8.08063	-11.3418	0.297163	0.278289	0.226897	0.197549	0.000102322	0.390597
223	-3.60786	-3.72931	-4.10627	-4.36122	-10.1202	0.337391	0.298803	0.204962	0.158837	6.7683e-06	0.341768
224	-22.0065	-17.0673	-14.764	-14.2197	-15.8422	0.000252954	0.0353288	0.353534	0.609259	0.0016246	0.843134
225	-14.5953	-12.1849	-11.2161	-11.0671	-14.5714	0.0132337	0.147411	0.388374	0.450798	0.000183103	0.71696
226	-4.68621	-4.78827	-5.10555	-5.32061	-10.3265	0.323545	0.292154	0.212724	0.17156	1.5523e-05	0.357974
227	-12.4803	-10.0358	-8.96254	-8.74369	-10.8667	0.0113304	0.130578	0.381943	0.47538	0.000768485	0.739275
228	-12.503	-12.5883	-12.8534	-13.0332	-17.2246	0.311404	0.285948	0.219348	0.183263	3.74436e-05	0.372666
229	-13.4483	-11.004	-9.93139	-9.71299	-11.8065	0.0113414	0.130677	0.381976	0.475215	0.00079121	0.73936
230	-4.73688	-4.84015	-5.16065	-5.37742	-10.2526	0.324304	0.292486	0.212281	0.170912	1.76243e-05	0.35714
231	-14.5917	-12.1492	-11.0822	-10.8678	-13.1279	0.0114398	0.131576	0.382427	0.47389	0.000667898	0.737383
232	-18.4969	-16.0869	-15.1197	-14.9718	-18.5307	0.0132636	0.147681	0.388492	0.45039	0.00017321	0.716593
233	-13.8881	-11.4676	-10.4684	-10.2992	-13.4045	0.0126544	0.142373	0.386701	0.457994	0.000277248	0.722902
234	-8.5792	-8.66952	-8.94981	-9.13936	-13.4386	0.314942	0.287745	0.21741	0.17987	3.29934e-05	0.368413
235	-4.25161	-4.31726	-4.52151	-4.6601	-7.93956	0.297186	0.278302	0.226887	0.197525	0.000100455	0.390552
236	-10.314	-7.89878	-6.91618	-6.75847	-10.2258	0.0129685	0.145142	0.387731	0.453967	0.000191332	0.719325
237	-3.87084	-4.01154	-4.44789	-4.7427	-11.2326	0.351063	0.304988	0.197141	0.146806	3.01175e-06	0.326164
238	-11.0001	-11.0769	-11.3149	-11.4757	-15.0518	0.305074	0.282545	0.222701	0.189608	7.16811e-05	0.380679
239	-14.1396	-14.2052	-14.4093	-14.5478	-17.8094	0.297152	0.278283	0.226903	0.19756	0.00010228	0.39061
240	-14.4409	-12.0326	-11.0715	-10.9282	-14.5917	0.0133819	0.148735	0.388906	0.448822	0.000155465	0.715348
241	-12.6714	-10.229	-9.16218	-8.94753	-11.0873	0.01144	0.131562	0.382349	0.473895	0.000753333	0.738118
242	-3.45027	-3.57734	-3.97065	-4.23568	-9.889	0.34119	0.300476	0.202767	0.15556	7.36706e-06	0.337489
243	-13.8164	-11.3706	-10.2923	-10.0691	-11.974	0.0112417	0.129724	0.381369	0.476707	0.000958452	0.741792
244	-5.01223	-5.10997	-5.41383	-5.61981	-10.4286	0.320425	0.290589	0.214442	0.174524	1.92325e-05	0.361705
245	-17.1856	-14.7701	-13.7852	-13.6246	-16.6643	0.0129213	0.14465	0.38732	0.454815	0.000293967	0.720741
246	-22.5533	-17.6058	-15.2761	-14.7133	-15.8688	0.000241564	0.0340183	0.349533	0.613597	0.00261028	0.853577
247	-3.9197	-4.01047	-4.2925	-4.48354	-8.86726	0.315343	0.287981	0.217208	0.179437	3.02473e-05	0.36788
248	-22.4991	-20.0736	-19.0574	-18.8753	-21.2653	0.0123345	0.139474	0.385339	0.46228	0.000572196	0.72841
249	-12.6364	-10.1999	-9.1501	-8.94604	-11.1524	0.0117344	0.134162	0.383317	0.470087	0.000699134	0.734976
250	-17.7864	-15.3397	-14.2593	-14.0351	-15.8883	0.0112058	0.129419	0.381273	0.477092	0.00101007	0.742527
251	-18.4176	-16.0204	-15.093	-14.9722	-19.0659	0.0140555	0.154511	0.39059	0.440744	9.9292e-05	0.709026
252	-4.79377	-4.88893	-5.18518	-5.38631	-10.1461	0.318642	0.289718	0.215436	0.176184	2.03892e-05	0.363806
253	-13.9173	-11.5227	-10.6035	-10.4883	-14.723	0.0142236	0.155952	0.391009	0.43873	8.58426e-05	0.707454
254	-9.42403	-9.49369	-9.71028	-9.85708	-13.2913	0.300067	0.279874	0.225373	0.194601	8.47821e-05	0.386881
255	-13.5028	-13.5817	-13.827	-13.9933	-17.866	0.306768	0.283499	0.221833	0.187847	5.27821e-05	0.378411
256	-5.29378	-5.39222	-5.69809	-5.90527	-10.6891	0.320894	0.290811	0.214177	0.174099	1.96699e-05	0.361166
257	-8.5362	-8.60167	-8.80537	-8.94359	-12.2111	0.297055	0.278231	0.226955	0.197657	0.000101735	0.390723
258	-9.03677	-9.14783	-9.49237	-9.72527	-14.9066	0.329888	0.295215	0.209172	0.165713	1.25813e-05	0.350546
259	-4.05681	-4.19275	-4.61471	-4.90009	-11.2874	0.347752	0.30355	0.199057	0.149637	3.4016e-06	0.329882
260	-3.5934	-3.68202	-3.95745	-4.14405	-8.46589	0.313803	0.287188	0.218046	0.18093	3.2446e-05	0.369744
261	-3.45027	-3.57734	-3.97065	-4.23568	-9.889	0.34119	0.300476	0.202767	0.15556	7.36706e-06	0.337489
262	-8.25311	-8.34942	-8.64825	-8.8503	-13.4161	0.319264	0.289951	0.215051	0.175709	2.46875e-05	0.363181
263	-8.58976	-8.69649	-9.02787	-9.2521	-14.3371	0.326829	0.293743	0.210887	0.168527	1.4089e-05	0.354125
264	-9.77538	-9.87179	-10.1714	-10.3743	-14.9962	0.319431	0.290074	0.214979	0.175492	2.33123e-05	0.362933
265	-12.9896	-10.5831	-9.6269	-9.48655	-13.103	0.0134792	0.149552	0.389091	0.447715	0.000162556	0.714592
266	-3.45027	-3.57734	-3.97065	-4.23568	-9.889	0.34119	0.300476	0.202767	0.15556	7.36706e-06	0.337489
267	-3.77832	-3.90908	-4.31377	-4.58642	-10.3701	0.343813	0.301671	0.20127	0.153239	6.37044e-06	0.334485
268	-5.63614	-5.73382	-6.03757	-6.2435	-11.01	0.320395	0.290578	0.21446	0.174547	2.00654e-05	0.361744
269	-4.70849	-4.81623	-5.15143	-5.37885	-10.7026	0.3277	0.29423	0.210432	0.167627	1.10376e-05	0.353019
270	-4.31404	-4.40978	-4.70737	-4.90902	-9.56065	0.318964	0.289842	0.215238	0.175933	2.26865e-05	0.36348
271	-4.70849	-4.81623	-5.15143	-5.37885	-10.7026	0.3277	0.29423	0.210432	0.167627	1.10376e-05	0.353019
272	-7.34315	-7.45626	-7.8071	-8.04419	-13.3752	0.331351	0.295913	0.208352	0.164373	1.07455e-05	0.348829
273	-24.6708	-19.6026	-16.9222	-16.1388	-13.756	0.000120547	0.0191531	0.279459	0.61173	0.089537	1.59979
274	-8.29394	-8.38374	-8.66281	-8.85188	-13.2103	0.314652	0.287628	0.217586	0.180102	3.11373e-05	0.368713
275	-19.2111	-14.2343	-11.8149	-11.1928	-11.2897	0.000206215	0.0299048	0.336091	0.626121	0.00767674	0.902782
276	-20.0879	-15.1272	-12.7581	-12.1701	-13.0462	0.000225744	0.0322117	0.344254	0.619822	0.00348632	0.863946
277	-11.7821	-9.33467	-8.25227	-8.02718	-9.97281	0.0111748	0.12916	0.381251	0.477492	0.000921699	0.74205
278	-7.26337	-7.39082	-7.78486	-8.04998	-13.5937	0.34137	0.30052	0.202648	0.155454	8.21514e-06	0.337327
279	-7.68078	-7.80899	-8.20487	-8.47074	-13.8569	0.341804	0.300674	0.20238	0.155132	9.59718e-06	0.336884
280	-4.41612	-4.50528	-4.78245	-4.97033	-9.34919	0.314208	0.287408	0.217833	0.180521	3.05783e-05	0.369232
281	-11.9823	-12.0636	-12.3168	-12.4884	-16.5148	0.308596	0.284479	0.220862	0.186019	4.48253e-05	0.376116
282	-21.7651	-16.8038	-14.4323	-13.8419	-14.488	0.00022455	0.0320591	0.343471	0.619856	0.00438862	0.871708
283	-4.41612	-4.50528	-4.78245	-4.97033	-9.34919	0.314208	0.287408	0.217833	0.180521	3.05783e-05	0.369232
284	-6.96625	-7.08695	-7.46101	-7.71348	-13.2779	0.336732	0.298445	0.205312	0.159502	8.25576e-06	0.342588
285	-4.73688	-4.84015	-5.16065	-5.37742	-10.2526	0.324304	0.292486	0.212281	0.170912	1.76243e-05	0.35714
286	-4.25161	-4.31726	-4.52151	-4.6601	-7.93956	0.297186	0.278302	0.226887	0.197525	0.000100455	0.390552
287	-18.8815	-16.4585	-15.4514	-15.2769	-18.1666	0.0125078	0.141079	0.386205	0.459863	0.00034532	0.724808
288	-3.74485	-3.87143	-4.26478	-4.53121	-10.6575	0.341161	0.300596	0.20284	0.155398	4.58621e-06	0.337374
289	-10.9385	-8.53006	-7.56882	-7.42593	-11.3203	0.0133817	0.148759	0.388993	0.448743	0.000123392	0.715038
290	-6.46019	-6.58052	-6.95305	-7.20416	-12.6811	0.33639	0.298251	0.205492	0.159859	9.03065e-06	0.343022
291	-4.58506	-4.65041	-4.85375	-4.99174	-8.26122	0.296972	0.278186	0.226999	0.197741	0.000101573	0.390823
292	-13.0037	-10.5918	-9.61972	-9.46933	-13.1415	0.0131703	0.146914	0.388366	0.451394	0.000155006	0.717195
293	-34.9126	-27.3554	-23.4503	-22.337	-19.0021	2.01551e-06	0.00385853	0.191601	0.583311	0.221228	2.7184
294	-3.60786	-3.72931	-4.10627	-4.36122	-10.1202	0.337391	0.298803	0.204962	0.158837	6.7683e-06	0.341768
295	-4.70849	-4.81623	-5.15143	-5.37885	-10.7026	0.3277	0.29423	0.210432	0.167627	1.10376e-05	0.353019
296	-21.7111	-16.7216	-14.2632	-13.6148	-13.1836	0.000191765	0.0281632	0.329122	0.629438	0.0130854	0.950733
297	-9.46791	-9.55778	-9.83537	-10.0219	-13.9986	0.314336	0.287318	0.217674	0.180625	4.57451e-05	0.369357
298	-6.9352	-7.02568	-7.30583	-7.49476	-11.6657	0.314923	0.287682	0.217391	0.179967	3.75302e-05	0.368525
299	-3.7993	-3.89143	-4.17799	-4.37235	-8.9535	0.316393	0.288546	0.216653	0.178383	2.46824e-05	0.366551
300	-22.0942	-17.1151	-14.6885	-14.0613	-13.9621	0.000203316	0.0295511	0.334522	0.62638	0.00934306	0.917216
301	-3.60786	-3.72931	-4.10627	-4.36122	-10.1202	0.337391	0.298803	0.204962	0.158837	6.7683e-06	0.341768
302	-4.79377	-4.88893	-5.18518	-5.38631	-10.1461	0.318642	0.289718	0.215436	0.176184	2.03892e-05	0.363806
303	-14.7451	-12.3155	-11.2882	-11.1001	-13.7605	0.0121374	0.137811	0.384986	0.464627	0.00043886	0.728967
304	-8.69751	-8.77954	-9.03463	-9.20761	-13.2433	0.309057	0.284718	0.220612	0.185569	4.43005e-05	0.375557
305	-4.4225	-4.51054	-4.78376	-4.96852	-9.15475	0.313295	0.28689	0.218302	0.181476	3.72702e-05	0.370428
306	-4.31404	-4.40978	-4.70737	-4.90902	-9.56065	0.318964	0.289842	0.215238	0.175933	2.26865e-05	0.36348
307	-9.38237	-9.47891	-9.77913	-9.98272	-14.7271	0.319575	0.290167	0.214912	0.175326	2.06057e-05	0.362721
308	-8.82524	-8.94877	-9.33157	-9.58993	-15.2017	0.338753	0.299389	0.204168	0.157683	7.7845e-06	0.340255
309	-19.17	-14.2265	-11.9104	-11.3577	-12.8702	0.000247459	0.0347082	0.351813	0.611411	0.00182	0.845802
310	-14.1183	-11.6719	-10.5931	-10.3708	-12.4574	0.0112369	0.129742	0.381597	0.476625	0.000799049	0.740403
311	-3.62466	-3.77795	-4.25391	-4.57593	-11.7641	0.360084	0.308909	0.191922	0.139083	1.4193e-06	0.316022
312	-17.0338	-14.592	-13.5261	-13.3116	-15.3789	0.0114556	0.131675	0.382302	0.473758	0.000809768	0.73849
313	-10.4743	-10.6019	-10.9954	-11.2591	-16.5921	0.341257	0.300376	0.202674	0.155682	1.01574e-05	0.337559
314	-4.74807	-4.84798	-5.15793	-5.36746	-10.0358	0.321852	0.291252	0.213627	0.173246	2.19689e-05	0.360087
315	-4.41659	-4.5059	-4.78358	-4.9718	-9.35928	0.314326	0.287469	0.217769	0.180406	3.02969e-05	0.369088
316	-9.53863	-9.63486	-9.93394	-10.1365	-14.7504	0.31931	0.290014	0.215046	0.175606	2.3516e-05	0.363078
317	-19.3375	-16.9005	-15.8507	-15.6477	-17.9478	0.0117356	0.134234	0.383541	0.469853	0.000636292	0.734329
318	-21.2605	-18.8126	-17.7241	-17.4908	-18.4859	0.0110511	0.127795	0.379517	0.479243	0.00239331	0.755878
319	-8.9265	-9.02687	-9.33841	-9.5491	-14.2874	0.322218	0.291446	0.213431	0.172885	2.04428e-05	0.359631
320	-44.8875	-34.8668	-29.8151	-28.4224	-24.3026	3.39585e-08	0.000763648	0.119345	0.480447	0.399445	4.20257
321	-4.22246	-4.30116	-4.54609	-4.71232	-8.64972	0.306682	0.283471	0.22189	0.187908	4.94943e-05	0.378471
322	-18.0026	-15.5998	-14.6551	-14.5225	-18.2889	0.0137063	0.151509	0.38969	0.444955	0.000139061	0.712405
323	-8.41434	-8.51247	-8.8173	-9.02371	-13.7605	0.320653	0.290682	0.214305	0.174339	2.06464e-05	0.361467
324	-16.6414	-14.1978	-13.1272	-12.9102	-15.1098	0.0113772	0.131008	0.382163	0.474741	0.000710895	0.73834
325	-12.952	-10.5158	-9.46812	-9.26669	-11.8217	0.0117764	0.134604	0.383747	0.469379	0.000492583	0.732748
326	-9.73259	-9.79807	-10.0018	-10.14	-13.4155	0.297063	0.278236	0.226952	0.197648	0.000100924	0.390706
327	-3.45091	-3.57822	-3.97225	-4.23777	-9.90335	0.341357	0.300553	0.202672	0.155411	7.27025e-06	0.337297
328	-3.97426	-4.10025	-4.49143	-4.7561	-10.7182	0.340669	0.30034	0.203108	0.155878	5.42082e-06	0.337972
329	-8.8624	-8.92882	-9.13521	-9.275	-12.498	0.297685	0.278555	0.22661	0.197045	0.000106032	0.390005
330	-3.79973	-3.89203	-4.17911	-4.37383	-8.96387	0.316515	0.288609	0.216587	0.178265	2.44476e-05	0.366403
331	-22.0452	-17.0604	-14.6163	-13.9771	-13.5426	0.000196509	0.0287245	0.330931	0.627067	0.0130809	0.949645
332	-18.1741	-15.6988	-14.5345	-14.2576	-15.5112	0.009864	0.117232	0.375583	0.49541	0.00191042	0.762885
333	-9.3883	-9.49024	-9.8062	-10.0195	-14.748	0.323256	0.291926	0.212841	0.171957	2.05328e-05	0.35844
334	-4.22246	-4.30116	-4.54609	-4.71232	-8.64972	0.306682	0.283471	0.22189	0.187908	4.94943e-05	0.378471
335	-21.2296	-16.2954	-14.007	-13.4721	-15.1601	0.000259426	0.0360491	0.3554	0.606776	0.00151545	0.841042
336	-18.5309	-16.0769	-14.974	-14.7354	-16.4582	0.0108344	0.126062	0.379782	0.482159	0.00116294	0.747333
337	-4.31456	-4.41048	-4.70861	-4.91063	-9.57151	0.319091	0.289907	0.215169	0.175811	2.24623e-05	0.363327
338	-16.0282	-13.586	-12.5218	-12.3106	-14.6621	0.0114883	0.132096	0.382874	0.472934	0.000608313	0.736283
339	-5.02836	-5.15772	-5.55937	-5.83113	-11.9231	0.343081	0.301451	0.201735	0.153729	4.69526e-06	0.335201
340	-17.8744	-15.221	-13.7032	-13.2777	-14.1206	0.00556398	0.0790192	0.360508	0.551701	0.00320803	0.813423
341	-18.0033	-13.0611	-10.7491	-10.1996	-11.9377	0.00024932	0.0349268	0.35257	0.610803	0.00145088	0.842357
342	-9.68482	-9.76509	-10.0146	-10.1836	-14.0907	0.307749	0.284012	0.221303	0.186885	5.07393e-05	0.377211
343	-22.0665	-19.6138	-18.5149	-18.2789	-20.0604	0.0109003	0.126665	0.380082	0.481258	0.00109472	0.746127
344	-23.1965	-18.232	-15.8504	-15.2534	-15.7582	0.000220579	0.0315973	0.341947	0.621169	0.00506514	0.878119
345	-21.2132	-16.2864	-14.0217	-13.5033	-15.6878	0.000270209	0.0372708	0.358874	0.602668	0.000916156	0.834005
346	-3.2804	-3.40093	-3.77502	-4.02801	-9.74416	0.336727	0.298491	0.205337	0.159438	7.09094e-06	0.342538
347	-7.94569	-8.07334	-8.46913	-8.73642	-14.6237	0.341744	0.300788	0.202476	0.154985	5.80887e-06	0.336787
348	-21.1506	-16.1691	-13.735	-13.1026	-12.9251	0.000200555	0.0292192	0.333252	0.627209	0.010119	0.924251
349	-13.6719	-11.2128	-10.0944	-9.84538	-11.4009	0.0105807	0.123738	0.378624	0.485673	0.00138488	0.751648
350	-8.84494	-8.91299	-9.12461	-9.2681	-12.5961	0.298906	0.279242	0.225982	0.195776	9.4851e-05	0.388391
351	-12.2449	-9.79082	-8.68819	-8.44977	-10.2186	0.0108383	0.126105	0.379838	0.482108	0.00111061	0.746848
352	-4.51292	-4.58285	-4.80043	-4.94804	-8.43512	0.300297	0.280013	0.225261	0.194348	8.03084e-05	0.386548
353	-16.7318	-14.2791	-13.1808	-12.9453	-14.7858	0.0109097	0.126761	0.380174	0.481124	0.00103165	0.745494
354	-12.8388	-12.9278	-13.2035	-13.3893	-17.5007	0.31387	0.287131	0.217959	0.181	4.00587e-05	0.369817
355	-38.9626	-28.9311	-23.8492	-22.4389	-18.5204	3.46193e-08	0.000786959	0.126764	0.519364	0.353085	3.82084
356	-3.2804	-3.40093	-3.77502	-4.02801	-9.74416	0.336727	0.298491	0.205337	0.159438	7.09094e-06	0.342538
357	-9.41892	-9.5489	-9.94923	-10.2172	-15.5579	0.342859	0.301069	0.201746	0.154316	9.99014e-06	0.335762
358	-18.8874	-16.4292	-15.3129	-15.0645	-16.3837	0.0106082	0.123944	0.378485	0.485211	0.00175224	0.754507
359	-9.39962	-9.49151	-9.77716	-9.97073	-14.4541	0.316182	0.288422	0.216758	0.178611	2.72527e-05	0.366841
360	-13.707	-11.2673	-10.2092	-10.0009	-12.4402	0.011594	0.132975	0.38308	0.471795	0.000555877	0.734975
361	-12.8903	-12.9826	-13.2695	-13.4641	-17.886	0.316483	0.288589	0.216596	0.178303	2.89303e-05	0.366483
362	-3.92019	-4.01112	-4.29367	-4.48506	-8.87754	0.315463	0.288043	0.217143	0.17932	2.99639e-05	0.367733
363	-3.45091	-3.57822	-3.97225	-4.23777	-9.90335	0.341357	0.300553	0.202672	0.155411	7.27025e-06	0.337297
364	-10.1625	-10.2441	-10.4978	-10.6699	-14.7069	0.308743	0.284557	0.220783	0.185873	4.4319e-05	0.375933
365	-31.9513	-24.4512	-20.7134	-19.7061	-17.9967	3.31939e-06	0.00600237	0.25212	0.690341	0.0515327	1.30856
366	-24.28	-24.3636	-24.6235	-24.7998	-28.9126	0.310187	0.285312	0.220005	0.184456	4.07654e-05	0.374161
367	-21.7577	-16.7958	-14.4226	-13.8313	-14.5558	0.00022399	0.0319996	0.343416	0.6203	0.00406046	0.869091
368	-19.6045	-19.7002	-19.9969	-20.1975	-24.7035	0.318783	0.289697	0.215309	0.176184	2.62808e-05	0.363777
369	-11.4528	-9.02979	-8.02336	-7.85003	-11.1034	0.0125218	0.141247	0.386428	0.459563	0.00023989	0.723723
370	-19.4743	-14.4898	-12.0463	-11.4077	-11.1215	0.000197117	0.0288067	0.33164	0.62806	0.0112956	0.934741
371	-16.4331	-13.9845	-12.8983	-12.6706	-14.578	0.0111111	0.128578	0.380971	0.478381	0.000959457	0.742982
372	-3.62466	-3.77795	-4.25391	-4.57593	-11.7641	0.360084	0.308909	0.191922	0.139083	1.4193e-06	0.316022
373	-13.0799	-10.6286	-9.53421	-9.30125	-11.2124	0.0109752	0.127354	0.380454	0.480257	0.000959558	0.74427
374	-3.59388	-3.68267	-3.9586	-4.14554	-8.47594	0.31392	0.287249	0.217983	0.180815	3.21492e-05	0.3696
375	-7.26402	-7.39171	-7.78649	-8.05212	-13.6084	0.341541	0.300599	0.202551	0.155301	8.10407e-06	0.33713
376	-15.4241	-12.9807	-11.911	-11.6949	-13.8949	0.0113934	0.131163	0.382255	0.474478	0.000710217	0.738163
377	-3.59388	-3.68267	-3.9586	-4.14554	-8.47594	0.31392	0.287249	0.217983	0.180815	3.21492e-05	0.3696
378	-4.25241	-4.31818	-4.52281	-4.66165	-7.94745	0.297273	0.27835	0.226842	0.197435	9.9775e-05	0.390439
379	-8.28613	-8.36628	-8.61547	-8.7844	-12.7107	0.307682	0.283983	0.221344	0.186941	4.97882e-05	0.377277
380	-26.655	-21.6607	-19.1772	-18.4996	-16.8049	0.000176825	0.0260946	0.312681	0.615757	0.0452909	1.22128
381	-7.83204	-7.95327	-8.32906	-8.58278	-14.1504	0.337131	0.29864	0.205089	0.159132	8.21046e-06	0.34212
382	-18.9751	-19.0638	-19.3392	-19.5256	-23.6709	0.313796	0.287165	0.218036	0.180965	3.87157e-05	0.369824
383	-21.1567	-18.7051	-17.6101	-17.3766	-19.2	0.0109626	0.127237	0.38037	0.480383	0.00104783	0.745127
384	-12.4507	-9.99959	-8.9057	-8.67304	-10.5283	0.0109828	0.12742	0.380459	0.480123	0.00101441	0.744657
385	-6.46061	-6.58117	-6.95438	-7.20596	-12.6945	0.336547	0.298325	0.205403	0.159716	8.91834e-06	0.342838
386	-4.25241	-4.31818	-4.52281	-4.66165	-7.94745	0.297273	0.27835	0.226842	0.197435	9.9775e-05	0.390439
387	-7.67313	-7.73887	-7.94341	-8.08217	-11.3497	0.29725	0.278337	0.226852	0.197459	0.000101629	0.390483
388	-21.4	-16.4307	-14.0346	-13.428	-13.8512	0.000215078	0.0309561	0.339905	0.623408	0.0055154	0.882994
389	-11.0852	-11.1512	-11.3559	-11.4939	-14.4332	0.297277	0.27827	0.226771	0.197541	0.000141167	0.390861
390	-12.9452	-13.0633	-13.4289	-13.6753	-19.0231	0.334783	0.29749	0.206395	0.161322	1.03703e-05	0.344895
391	-47.1831	-37.0218	-31.4995	-29.7957	-22.6226	1.49506e-09	3.86976e-05	0.00968254	0.0532005	0.937078	8.63749
392	-35.9875	-28.4627	-24.6486	-23.59	-20.834	2.63449e-06	0.004883	0.221375	0.638091	0.135648	2.00769
393	-13.6961	-11.2799	-10.2941	-10.1341	-13.4259	0.0129068	0.144599	0.387524	0.454742	0.000228434	0.720193
394	-3.23562	-3.33281	-3.63457	-3.83875	-8.46712	0.319941	0.290309	0.214688	0.175038	2.31024e-05	0.362347
395	-14.671	-12.2255	-11.1485	-10.9266	-12.739	0.0112634	0.129935	0.38147	0.476281	0.0010503	0.742319
396	-13.2573	-10.817	-9.75549	-9.54374	-11.6161	0.0115308	0.132341	0.382554	0.472771	0.000803972	0.737749
397	-4.62498	-4.69063	-4.8949	-5.03349	-8.28367	0.297186	0.278303	0.226885	0.197522	0.000103439	0.390576
398	-4.17132	-4.25932	-4.5327	-4.71782	-8.91662	0.313326	0.286933	0.218298	0.181407	3.67909e-05	0.370362
399	-14.4883	-12.0512	-11.0006	-10.797	-13.2229	0.0117237	0.134121	0.383497	0.470097	0.000561342	0.733833
400	-25.4543	-20.4484	-17.9378	-17.2532	-15.8063	0.000171151	0.0255531	0.314609	0.623853	0.035814	1.14356
401	-8.25902	-8.33701	-8.57892	-8.74238	-12.3855	0.305987	0.283029	0.222214	0.188704	6.67092e-05	0.37953
402	-29.172	-24.1806	-21.7245	-21.0836	-21.1507	0.000193743	0.0285086	0.332396	0.630932	0.00796924	0.907524
403	-8.47811	-8.58368	-8.91042	-9.13051	-13.7566	0.325766	0.293128	0.211426	0.169657	2.24424e-05	0.355535
404	-3.916	-4.01759	-4.33312	-4.54669	-9.35392	0.323141	0.291925	0.212931	0.171984	1.89818e-05	0.358508
405	-5.27166	-5.36547	-5.65708	-5.85471	-10.4262	0.317573	0.289136	0.216	0.177266	2.47653e-05	0.365155
406	-4.79408	-4.88941	-5.1862	-5.3877	-10.1567	0.318767	0.289782	0.215368	0.176063	2.01889e-05	0.363655
407	-11.9406	-9.50658	-8.46499	-8.26696	-10.628	0.0118807	0.1355	0.383967	0.468056	0.000596371	0.732702
408	-3.70951	-3.81176	-4.12961	-4.34499	-9.31108	0.323676	0.292214	0.212649	0.171445	1.61428e-05	0.35783
409	-20.9259	-18.4652	-17.3381	-17.0801	-18.0618	0.0104277	0.122143	0.377012	0.487948	0.00246978	0.762487
410	-10.592	-10.6826	-10.9644	-11.1554	-15.6151	0.315275	0.287969	0.217259	0.17947	2.80394e-05	0.367921
411	-3.86868	-3.942	-4.1699	-4.32433	-7.88037	0.302709	0.281309	0.223979	0.191928	7.40241e-05	0.383551
412	-19.7953	-14.8216	-12.4114	-11.7949	-11.8617	0.000209415	0.0302735	0.337126	0.6245	0.00789125	0.903897
413	-4.76152	-4.83839	-5.07773	-5.24027	-9.08762	0.305375	0.282782	0.222591	0.189197	5.453e-05	0.380094
414	-3.54302	-3.61461	-3.83717	-3.98801	-7.4923	0.301462	0.280635	0.224639	0.193186	7.8466e-05	0.385114
415	-6.31611	-6.42019	-6.7415	-6.95721	-11.3303	0.324522	0.292442	0.212078	0.170929	2.91218e-05	0.357126
416	-3.56292	-3.66103	-3.96567	-4.1718	-8.84434	0.320609	0.290648	0.214322	0.174399	2.20235e-05	0.361543
417	-8.25212	-8.30579	-8.47213	-8.58441	-11.0889	0.288322	0.273256	0.231384	0.206809	0.000228281	0.402719
418	-10.5481	-8.10654	-7.04237	-6.82971	-9.103	0.0114875	0.132001	0.382596	0.473257	0.000658293	0.73686
419	-15.6889	-13.2226	-12.0819	-11.8178	-12.9783	0.0102212	0.120396	0.376716	0.490591	0.00207646	0.760975
420	-4.49743	-4.55022	-4.71451	-4.82603	-7.4738	0.287847	0.273047	0.231678	0.207229	0.000198217	0.403002
421	-7.92137	-7.97419	-8.13856	-8.25013	-10.8807	0.287865	0.273056	0.231666	0.207211	0.00020163	0.403009
422	-3.70951	-3.81176	-4.1296	-4.34498	-9.31106	0.323676	0.292214	0.212649	0.171445	1.6143e-05	0.35783
423	-13.76	-11.2969	-10.1654	-9.90692	-11.0818	0.0103649	0.1217	0.377305	0.488592	0.00203838	0.759279
424	-7.18466	-7.28771	-7.60635	-7.82075	-12.268	0.32389	0.292177	0.212452	0.171454	2.71216e-05	0.357809
425	-29.2559	-21.7309	-17.9158	-16.8559	-13.9363	2.56704e-06	0.00475868	0.21596	0.623242	0.156037	2.17636
426	-21.9229	-16.9342	-14.4795	-13.8345	-13.5034	0.000193274	0.028362	0.330219	0.629387	0.0118393	0.940017
427	-3.79517	-3.88573	-4.16741	-4.35846	-8.82466	0.315254	0.287961	0.217271	0.179485	2.78602e-05	0.367941
428	-7.70859	-7.79545	-8.06489	-8.24698	-12.2996	0.312413	0.286422	0.21877	0.182352	4.28043e-05	0.371546
429	-9.20355	-9.29316	-9.57122	-9.75918	-13.8693	0.314419	0.28747	0.217687	0.180385	3.99773e-05	0.369104
430	-3.71104	-3.81667	-4.14376	-4.36425	-9.0388	0.325846	0.293182	0.211389	0.169561	2.13697e-05	0.355418
431	-31.9699	-24.4295	-20.567	-19.4755	-15.9446	2.07714e-06	0.00391037	0.186077	0.554269	0.255741	3.00252
432	-3.916	-4.01759	-4.33312	-4.54669	-9.3539	0.323141	0.291925	0.212931	0.171984	1.8982e-05	0.358509
433	-52.9674	-45.2585	-40.9807	-39.6661	-33.6734	2.50261e-07	0.000557616	0.0401929	0.149647	0.809602	7.58419
434	-6.70043	-6.79834	-7.10137	-7.30556	-11.7153	0.320255	0.290385	0.214471	0.17486	2.87176e-05	0.362101
435	-4.52126	-4.59823	-4.8376	-4.99993	-8.77538	0.305387	0.282765	0.22257	0.18922	5.86018e-05	0.380137
436	-10.0534	-10.1168	-10.3138	-10.4471	-13.2716	0.295478	0.277319	0.227732	0.199311	0.00015976	0.393195
437	-30.8136	-25.8039	-23.2824	-22.5908	-21.0172	0.000167123	0.0250439	0.311732	0.622491	0.040565	1.18378
438	-3.70951	-3.81176	-4.1296	-4.34498	-9.31106	0.323676	0.292214	0.212649	0.171445	1.6143e-05	0.35783
439	-29.2152	-24.2214	-21.7488	-21.0901	-20.2725	0.00018593	0.0274248	0.325075	0.628097	0.0192179	1.00283
440	-5.59814	-5.67704	-5.92246	-6.08888	-9.91397	0.306795	0.283518	0.221819	0.187812	5.53491e-05	0.378394
441	-41.2002	-33.6548	-29.7756	-28.6717	-24.5486	1.6671e-06	0.00315416	0.152621	0.460274	0.383949	4.06297
442	-11.966	-9.50476	-8.3798	-8.12622	-9.51637	0.0104729	0.122732	0.378025	0.487131	0.00163876	0.754837
443	-8.04049	-8.09203	-8.25159	-8.35914	-10.7302	0.286738	0.272334	0.23217	0.208495	0.000262992	0.405013
444	-4.36761	-4.43962	-4.66358	-4.81545	-8.36211	0.301789	0.280819	0.224472	0.192845	7.50781e-05	0.384679
445	-25.8133	-20.8238	-18.3637	-17.7129	-16.9011	0.000190004	0.0279061	0.32665	0.626205	0.0190493	1.00054
446	-3.70951	-3.81176	-4.1296	-4.34498	-9.31106	0.323676	0.292214	0.212649	0.171445	1.6143e-05	0.35783
447	-12.3053	-9.84692	-8.73024	-8.48195	-9.95598	0.0106062	0.123947	0.378619	0.485326	0.00150132	0.752409
448	-4.68016	-4.76718	-5.03801	-5.22181	-9.52328	0.312722	0.286658	0.218648	0.181938	3.3298e-05	0.37102
449	-12.6634	-10.2062	-9.09389	-8.84907	-10.4687	0.0106793	0.124651	0.379107	0.484267	0.00129505	0.749923
450	-12.5406	-10.0762	-8.9415	-8.68128	-9.90833	0.0103157	0.121269	0.377185	0.489293	0.00193761	0.75889
451	-15.5992	-13.1168	-11.926	-11.6278	-12.0312	0.00944437	0.11305	0.371904	0.501079	0.00452196	0.789234
452	-3.56292	-3.66103	-3.96567	-4.1718	-8.84433	0.320609	0.290648	0.214322	0.174399	2.20237e-05	0.361543
453	-3.56292	-3.66103	-3.96567	-4.1718	-8.84433	0.320609	0.290648	0.214322	0.174399	2.20237e-05	0.361543
454	-17.4852	-15.0221	-13.8905	-13.632	-14.7721	0.0103634	0.121684	0.37727	0.488573	0.00211044	0.759895
455	-3.75419	-3.82861	-4.06014	-4.21724	-7.92823	0.303557	0.281787	0.223546	0.191047	6.31074e-05	0.382403
456	-12.2751	-9.83407	-8.77028	-8.55665	-10.481	0.0114892	0.131946	0.382292	0.473339	0.000933347	0.739252
457	-12.9161	-10.4373	-9.25737	-8.96653	-9.53249	0.00961051	0.114631	0.373012	0.49892	0.00382682	0.781749
458	-8.27083	-8.35142	-8.60195	-8.77172	-12.6679	0.307991	0.284143	0.221174	0.18664	5.12315e-05	0.376918
459	-4.17132	-4.25932	-4.5327	-4.71782	-8.91661	0.313326	0.286932	0.218298	0.181407	3.67913e-05	0.370362
460	-4.26114	-4.34349	-4.59884	-4.7713	-8.59081	0.309125	0.284688	0.220533	0.185599	5.50026e-05	0.375629
461	-23.7061	-21.2464	-20.1261	-19.8755	-21.2954	0.0105468	0.12341	0.378366	0.48609	0.00158739	0.753686
462	-16.2848	-13.8465	-12.7904	-12.5818	-14.5033	0.011623	0.133134	0.382745	0.471565	0.000932448	0.738009
463	-4.79873	-4.87773	-5.12328	-5.28967	-9.07415	0.30683	0.283524	0.221792	0.187796	5.7638e-05	0.378384
464	-12.9174	-12.9967	-13.243	-13.4099	-17.2451	0.307011	0.283616	0.221695	0.187624	5.47352e-05	0.378144
465	-9.92972	-9.99907	-10.2148	-10.3611	-13.4614	0.299851	0.279761	0.225473	0.194796	0.000118499	0.387423
466	-3.97759	-4.08416	-4.41519	-4.6393	-9.69488	0.326742	0.293714	0.21094	0.168589	1.45151e-05	0.354218
467	-19.7991	-14.8291	-12.4308	-11.8225	-12.0892	0.000214049	0.0308267	0.33923	0.623281	0.00644865	0.890956
468	-9.83541	-9.898	-10.0928	-10.2249	-13.3439	0.294969	0.277072	0.228036	0.199803	0.000119305	0.393453
469	-13.4831	-11.019	-9.88502	-9.62541	-10.8987	0.0103287	0.121396	0.377294	0.489132	0.00184942	0.758017
470	-4.17132	-4.25932	-4.5327	-4.71782	-8.91661	0.313326	0.286932	0.218298	0.181407	3.67913e-05	0.370362
471	-11.5	-9.03389	-7.8937	-7.62981	-8.81102	0.0102296	0.120469	0.376749	0.490519	0.00203361	0.760546
472	-6.31611	-6.42019	-6.7415	-6.95721	-11.3303	0.324521	0.292442	0.212079	0.170929	2.91222e-05	0.357127
473	-18.272	-15.7102	-14.3261	-13.9295	-13.9018	0.00696098	0.0902164	0.360056	0.535332	0.00743442	0.837764
474	-3.56292	-3.66103	-3.96567	-4.1718	-8.84433	0.320609	0.290648	0.214322	0.174399	2.20237e-05	0.361543
475	-7.4811	-7.57839	-7.88014	-8.08402	-12.6191	0.319944	0.290283	0.214671	0.175077	2.53668e-05	0.36239
476	-4.16742	-4.22045	-4.38548	-4.49749	-7.15334	0.28802	0.273144	0.23159	0.20705	0.00019645	0.402772
477	-3.38373	-3.48638	-3.80427	-4.01859	-8.58569	0.323707	0.292126	0.212575	0.171568	2.40752e-05	0.357961
478	-15.2254	-12.7627	-11.6331	-11.3764	-12.6836	0.0103981	0.122036	0.377627	0.488155	0.00178422	0.756791
479	-3.38373	-3.48638	-3.80427	-4.01859	-8.58569	0.323707	0.292126	0.212575	0.171568	2.40752e-05	0.357961
480	-4.36867	-4.43979	-4.66059	-4.80995	-8.19369	0.301052	0.280384	0.224835	0.193641	8.87274e-05	0.385731
481	-11.7395	-9.28122	-8.16569	-7.91876	-9.48309	0.0106265	0.124168	0.37886	0.484975	0.00137069	0.751063
482	-36.9331	-29.397	-25.5469	-24.4629	-20.8718	2.09187e-06	0.00392106	0.184283	0.544832	0.266962	3.0949
483	-3.23562	-3.3328	-3.63457	-3.83875	-8.46711	0.319941	0.290309	0.214688	0.175039	2.31027e-05	0.362347
484	-4.81794	-4.89142	-5.11985	-5.27462	-8.82576	0.302831	0.281374	0.223914	0.191807	7.43407e-05	0.383406
485	-10.4484	-10.5471	-10.8497	-11.051	-14.5466	0.320196	0.290106	0.214352	0.175275	7.18149e-05	0.362775
486	-3.71104	-3.81667	-4.14376	-4.36425	-9.0388	0.325846	0.293182	0.211389	0.169561	2.13697e-05	0.355418
487	-4.85123	-4.93001	-5.17484	-5.34069	-9.15022	0.306663	0.28343	0.221879	0.187971	5.62647e-05	0.37858
488	-4.03187	-4.14169	-4.48266	-4.71337	-9.86686	0.329053	0.294832	0.209647	0.166454	1.29946e-05	0.351505
489	-15.7935	-13.3299	-12.1972	-11.9383	-13.1955	0.0103487	0.121572	0.377348	0.488853	0.00187843	0.758075
490	-4.54269	-4.61841	-4.85388	-5.01351	-8.71231	0.304475	0.28227	0.22305	0.190141	6.35783e-05	0.381297
491	-6.61337	-6.71096	-7.01318	-7.21698	-11.6463	0.320062	0.290304	0.214585	0.175021	2.81869e-05	0.362311
492	-11.3982	-8.94792	-7.85696	-7.62648	-9.54669	0.0110323	0.127884	0.380725	0.47941	0.000949234	0.743615
493	-21.8881	-16.8834	-14.3778	-13.6974	-12.5055	0.000174072	0.0259565	0.318003	0.62793	0.0279362	1.07767
494	-13.6844	-13.7374	-13.9022	-14.014	-16.6579	0.287959	0.273109	0.23162	0.207113	0.000198872	0.402869
495	-11.5	-9.03389	-7.8937	-7.62982	-8.81103	0.0102296	0.120469	0.376749	0.490519	0.00203359	0.760546
496	-24.1089	-19.135	-16.7229	-16.104	-15.8575	0.000208066	0.0300841	0.335653	0.623282	0.010773	0.92811
497	-4.26114	-4.34349	-4.59884	-4.7713	-8.59082	0.309125	0.284688	0.220533	0.185599	5.50021e-05	0.375629
498	-4.64476	-4.6957	-4.85409	-4.96148	-7.47594	0.286467	0.272241	0.232362	0.208702	0.000228094	0.405
499	-6.59416	-6.69814	-7.01903	-7.23435	-11.5535	0.324424	0.292385	0.212127	0.171033	3.07532e-05	0.357263
500	-5.30006	-5.36531	-5.5683	-5.70601	-8.92331	0.296888	0.278136	0.227039	0.19783	0.000107062	0.390977
501	-3.38373	-3.48638	-3.80428	-4.01859	-8.5857	0.323707	0.292126	0.212575	0.171568	2.40749e-05	0.35796
502	-11.5475	-9.10473	-8.03658	-7.82096	-9.96725	0.0114179	0.131357	0.382249	0.474227	0.000748972	0.738302
503	-8.95177	-9.02636	-9.2583	-9.41554	-13.0447	0.303651	0.281826	0.223486	0.190968	6.84617e-05	0.382344
504	-11.5029	-9.04341	-7.92439	-7.67529	-9.2642	0.0105713	0.123669	0.378654	0.485767	0.00133959	0.751333
505	-4.98756	-5.09187	-5.41582	-5.63504	-10.4949	0.325096	0.292895	0.211847	0.170143	1.78155e-05	0.356191
506	-20.9982	-16.0212	-13.6014	-12.979	-13.0423	0.000206026	0.0298819	0.33596	0.626013	0.00793822	0.904983
507	-9.18968	-9.26649	-9.50534	-9.66727	-13.397	0.305264	0.282695	0.222632	0.189348	6.13846e-05	0.380315
508	-16.6361	-14.1963	-13.1304	-12.9105	-14.3157	0.0114407	0.131237	0.381035	0.474714	0.00157313	0.745517
509	-18.5364	-18.5883	-18.749	-18.8571	-21.0955	0.286977	0.27246	0.232027	0.208235	0.000299962	0.40503
510	-15.4857	-13.021	-11.8849	-11.6235	-12.7883	0.0102921	0.121037	0.376993	0.489614	0.00206331	0.760191
511	-21.986	-19.5242	-18.3966	-18.1403	-19.1682	0.0104209	0.122192	0.377391	0.487639	0.00235661	0.761403
512	-8.64865	-8.73947	-9.02173	-9.21299	-13.6344	0.315395	0.288015	0.217184	0.179377	2.91196e-05	0.367801
513	-11.5	-9.03389	-7.8937	-7.62982	-8.81103	0.0102296	0.120469	0.376749	0.490519	0.00203359	0.760546
514	-4.54269	-4.61841	-4.85388	-5.01351	-8.71231	0.304475	0.28227	0.22305	0.190141	6.35783e-05	0.381297
515	-4.45019	-4.51262	-4.70691	-4.83875	-7.94958	0.294854	0.277008	0.228096	0.199922	0.000120349	0.393605
516	-8.93095	-9.01427	-9.27294	-9.44793	-13.3135	0.309894	0.285122	0.220135	0.184797	5.22989e-05	0.374648
517	-16.1961	-13.7522	-12.6795	-12.46	-14.2878	0.0113354	0.130563	0.381686	0.475383	0.00103234	0.741525
518	-25.5062	-20.5378	-18.1436	-17.5373	-17.5778	0.000215168	0.0309388	0.339066	0.621715	0.00806496	0.904141
519	-24.5569	-19.5783	-17.1527	-16.5257	-16.3194	0.00020343	0.0295535	0.334214	0.625642	0.010388	0.925864
520	-6.31611	-6.42019	-6.7415	-6.95721	-11.3303	0.324521	0.292442	0.212079	0.170929	2.91222e-05	0.357126
521	-43.7307	-36.2177	-32.4368	-31.3976	-28.4001	2.6976e-06	0.00494115	0.216688	0.612587	0.165781	2.25569
522	-19.4236	-17.0057	-16.0143	-15.8504	-18.9354	0.0128009	0.143662	0.387157	0.456098	0.000281753	0.721609
523	-19.9763	-14.9949	-12.5612	-11.9289	-11.6788	0.000200515	0.029209	0.333018	0.626701	0.0108712	0.93049
524	-20.4655	-18.0276	-16.9745	-16.7692	-19.1505	0.0116806	0.133731	0.383322	0.470678	0.000587697	0.734462
525	-22.4168	-17.4282	-14.9717	-14.3236	-13.6137	0.000191528	0.0281008	0.327777	0.626714	0.017217	0.985025
526	-20.8717	-18.285	-16.8139	-16.3553	-15.2153	0.00596975	0.0793174	0.345347	0.546292	0.0230738	0.98028
527	-12.4912	-10.0272	-8.89312	-8.63329	-9.885	0.010327	0.12137	0.37724	0.489172	0.00188996	0.758388
528	-11.053	-8.61896	-7.57735	-7.3793	-9.75494	0.0118806	0.135498	0.383968	0.468066	0.000587738	0.732632
529	-9.33076	-9.40595	-9.63977	-9.79833	-13.4625	0.304091	0.282067	0.223256	0.190521	6.59524e-05	0.381783
530	-30.4591	-25.4691	-23.0081	-22.3569	-21.5571	0.000189743	0.0278784	0.326637	0.626465	0.0188289	0.998766
531	-4.54142	-4.61667	-4.85066	-5.00929	-8.68301	0.30413	0.282084	0.223233	0.190488	6.53119e-05	0.381733
532	-20.0985	-17.64	-16.5231	-16.275	-17.7668	0.010604	0.123942	0.378669	0.48531	0.00147473	0.752181
533	-31.9953	-24.4823	-20.703	-19.6663	-17.0253	2.84859e-06	0.00521781	0.228458	0.644244	0.122077	1.89407
534	-4.54142	-4.61667	-4.85066	-5.00929	-8.68301	0.30413	0.282084	0.223233	0.190488	6.53119e-05	0.381733
535	-21.9809	-17	-14.5675	-13.9361	-13.7043	0.000201004	0.0292673	0.333248	0.626612	0.0106723	0.92874
536	-13.8327	-13.9079	-14.1417	-14.3003	-17.9611	0.304089	0.282065	0.223256	0.190523	6.61729e-05	0.381787
537	-30.7076	-25.4729	-22.4819	-21.5754	-18.7034	6.50197e-05	0.012202	0.242881	0.601311	0.143541	2.05924
538	-7.94751	-8.048	-8.35899	-8.56846	-12.8926	0.322103	0.291309	0.213448	0.17311	3.09732e-05	0.359933
539	-4.44049	-4.49653	-4.6709	-4.78924	-7.58916	0.290204	0.274388	0.230481	0.204759	0.00016821	0.399801
540	-24.0625	-19.0785	-16.6362	-15.9976	-15.5209	0.000196981	0.0287696	0.330854	0.626546	0.0136333	0.954154
541	-37.6769	-30.0956	-26.1101	-24.9383	-19.7364	7.78874e-07	0.00152751	0.0821973	0.265325	0.650949	6.2717
542	-20.3916	-15.3974	-12.9243	-12.2657	-11.5368	0.000186083	0.0274569	0.325629	0.629112	0.0176161	0.989518
543	-24.5068	-19.5057	-17.0106	-16.3368	-15.1276	0.000177175	0.0263247	0.319135	0.626027	0.0283364	1.08027
544	-19.7751	-17.3345	-16.2728	-16.0614	-18.0794	0.0115276	0.132338	0.382613	0.472673	0.000848686	0.738102
545	-52.3135	-39.6971	-33.1064	-31.1827	-22.7183	1.02015e-11	3.07517e-06	0.00223968	0.0153331	0.982424	9.01094
546	-14.5225	-12.0867	-11.0404	-10.8397	-13.2877	0.0117983	0.134792	0.383782	0.46908	0.000547911	0.733017
547	-15.2448	-12.7806	-11.646	-11.3858	-12.5996	0.0103176	0.12128	0.377165	0.489274	0.00196321	0.759095
548	-29.0997	-23.9868	-21.1874	-20.3355	-17.0973	8.69386e-05	0.0144457	0.237403	0.556474	0.19159	2.4523
549	-12.589	-10.1674	-9.16494	-8.99349	-11.9462	0.0125922	0.141825	0.386488	0.458771	0.00032347	0.723853
550	-3.62203	-3.74486	-4.12637	-4.38458	-10.1355	0.33843	0.299312	0.204381	0.15787	6.78141e-06	0.340549
551	-12.0667	-9.61012	-8.49869	-8.25349	-9.67659	0.0106893	0.124686	0.378883	0.484166	0.00157598	0.752257
552	-25.6732	-20.6191	-17.9903	-17.2462	-15.8328	0.000139847	0.0219086	0.30359	0.63889	0.0354712	1.14733
553	-29.6751	-27.2352	-26.1723	-25.957	-26.9913	0.0114852	0.131763	0.381424	0.473056	0.00227161	0.750637
554	-21.2645	-18.639	-17.1558	-16.7352	-17.2896	0.00591409	0.08168	0.359965	0.548188	0.00425341	0.819669
555	-4.93632	-5.0317	-5.3274	-5.52705	-9.79462	0.318534	0.289557	0.215432	0.176444	3.34058e-05	0.364148
556	-19.6263	-17.1498	-15.9773	-15.6914	-16.2703	0.00972039	0.115663	0.373598	0.497253	0.0037652	0.780114
557	-12.5326	-10.0976	-9.05357	-8.85449	-11.3997	0.01184	0.135169	0.383959	0.468536	0.000496551	0.732194
558	-3.54167	-3.61282	-3.83398	-3.98387	-7.46446	0.301136	0.280457	0.22481	0.193517	8.04861e-05	0.385532
559	-3.56173	-3.65923	-3.96195	-4.16678	-8.80685	0.320164	0.290422	0.214565	0.174825	2.28059e-05	0.362079
560	-3.86732	-3.94018	-4.16666	-4.32011	-7.85187	0.302376	0.281128	0.224155	0.192266	7.59768e-05	0.383977
561	-3.753	-3.82695	-4.05704	-4.21315	-7.89949	0.303219	0.281603	0.223724	0.191389	6.47976e-05	0.382832
562	-4.93632	-5.0317	-5.3274	-5.52705	-9.79462	0.318534	0.289557	0.215432	0.176444	3.34058e-05	0.364148
563	-3.86732	-3.94018	-4.16666	-4.32011	-7.85187	0.302376	0.281128	0.224155	0.192266	7.59768e-05	0.383977
564	-3.62203	-3.74486	-4.12637	-4.38458	-10.1355	0.33843	0.299312	0.204381	0.15787	6.78141e-06	0.340549
565	-12.4936	-10.0348	-8.91728	-8.66869	-10.1868	0.010594	0.123849	0.378631	0.485489	0.00143707	0.75197
566	-23.1513	-18.1747	-15.7546	-15.1304	-14.7122	0.000204804	0.0296913	0.333939	0.623371	0.0127937	0.945522
567	-25.6001	-20.5978	-18.0994	-17.4238	-16.2781	0.000176509	0.0262561	0.319333	0.627576	0.0266582	1.06653
568	-42.043	-31.9975	-26.8716	-25.431	-20.6972	2.19948e-08	0.00050704	0.0853503	0.360424	0.553718	5.47603
569	-12.4055	-9.95029	-8.84313	-8.60084	-10.0878	0.0107595	0.125334	0.37923	0.483201	0.00147553	0.750731
570	-14.3438	-11.8936	-10.8047	-10.5766	-12.5443	0.011066	0.128256	0.381082	0.478692	0.000903907	0.742794
571	-17.7775	-15.2986	-14.1182	-13.8267	-14.2353	0.00959607	0.114465	0.372666	0.498795	0.00447777	0.787335
572	-17.9663	-15.4799	-14.2762	-13.9692	-14.1068	0.00924638	0.111127	0.370297	0.503404	0.0059256	0.802987
573	-4.51991	-4.5964	-4.83427	-4.99558	-8.74555	0.305037	0.282576	0.222755	0.189571	6.02259e-05	0.380578
574	-11.878	-9.43936	-8.38414	-8.17738	-10.5301	0.0116424	0.133389	0.383177	0.471186	0.000605372	0.734967
575	-14.1596	-11.6897	-10.5372	-10.2644	-11.038	0.0100285	0.118545	0.375321	0.493032	0.00307286	0.771262
576	-21.7472	-16.7472	-14.2556	-13.5844	-12.5189	0.000178955	0.0265605	0.320858	0.62779	0.0246126	1.04905
577	-16.8403	-14.4017	-13.3449	-13.1357	-15.045	0.0116093	0.13301	0.38269	0.471746	0.000944263	0.738237
578	-27.3605	-22.3985	-20.0243	-19.4317	-19.8062	0.000223174	0.0318869	0.342559	0.619577	0.00575475	0.883324
579	-22.2955	-17.2951	-14.8022	-14.1301	-13.0431	0.000178459	0.0264978	0.320513	0.627667	0.0251431	1.05355
580	-15.6428	-13.2049	-12.1519	-11.9466	-14.3306	0.0116811	0.133737	0.383328	0.470668	0.000586085	0.734442
581	-27.5509	-22.3542	-19.4084	-18.507	-15.2748	6.67407e-05	0.0120581	0.22942	0.56507	0.193385	2.47155
582	-36.419	-28.8658	-24.964	-23.8465	-19.8448	1.67241e-06	0.00318908	0.157826	0.48251	0.356473	3.83646
583	-3.62203	-3.74486	-4.12637	-4.38458	-10.1355	0.33843	0.299312	0.204381	0.15787	6.78141e-06	0.340549
586	-3.54167	-3.61282	-3.83398	-3.98387	-7.46446	0.301136	0.280457	0.22481	0.193517	8.04861e-05	0.385532
603	-21.6896	-16.7051	-14.2609	-13.6207	-13.0458	0.000196047	0.0286467	0.330062	0.626067	0.0150277	0.96592
604	-33.6451	-26.1186	-22.2987	-21.2354	-18.1973	2.49503e-06	0.00463211	0.211237	0.611712	0.172417	2.31202
605	-9.71558	-9.79059	-10.0238	-10.1819	-13.8431	0.303955	0.281989	0.223325	0.190665	6.61991e-05	0.381955
606	-21.4627	-16.4665	-13.9861	-13.3219	-12.2833	0.000182555	0.0269921	0.322443	0.626472	0.0239096	1.04243
607	-57.9044	-45.1506	-38.236	-36.1491	-26.6131	1.89309e-12	6.5477e-07	0.000659267	0.00531338	0.994027	9.10638
608	-9.92045	-9.98264	-10.1762	-10.3075	-13.4051	0.294676	0.276908	0.228188	0.200106	0.000122061	0.393841
609	-31.8876	-24.3741	-20.594	-19.5574	-17.0026	2.87412e-06	0.00526712	0.230801	0.650797	0.113132	1.82008
610	-25.4575	-20.457	-17.9635	-17.2907	-16.0565	0.000177543	0.0263635	0.319083	0.625354	0.0290211	1.08586
611	-20.9787	-15.9777	-13.4831	-12.8098	-11.6881	0.000177762	0.0264086	0.319989	0.627405	0.0260197	1.06097
612	-22.3014	-19.8309	-18.6761	-18.4016	-19.0508	0.00998971	0.118166	0.374961	0.493401	0.00348234	0.775074
613	-13.2607	-10.8168	-9.74492	-9.52655	-11.5264	0.0113523	0.13075	0.381912	0.475117	0.000868687	0.739945
614	-4.54142	-4.61667	-4.85066	-5.00928	-8.68299	0.30413	0.282084	0.223233	0.190488	6.53131e-05	0.381733
615	-13.2607	-10.8168	-9.74492	-9.52655	-11.5264	0.0113523	0.13075	0.381912	0.475117	0.000868687	0.739945
616	-47.1439	-37.0894	-31.9367	-30.479	-25.5569	1.87394e-08	0.000435882	0.0753625	0.323766	0.600435	5.86156
617	-4.93632	-5.03169	-5.3274	-5.52704	-9.7946	0.318533	0.289557	0.215432	0.176444	3.34066e-05	0.364148
618	-30.9019	-28.3591	-26.7142	-26.0093	-22.3152	0.00350546	0.0445698	0.230896	0.467236	0.253793	2.93571
619	-8.15702	-8.22762	-8.44719	-8.59608	-12.0742	0.300763	0.280261	0.225012	0.193884	8.08394e-05	0.385986
620	-25.6053	-20.603	-18.1036	-17.4265	-16.1771	0.000175643	0.0261273	0.318098	0.6261	0.0294997	1.09029
621	-25.2298	-20.2643	-17.8788	-17.2783	-17.3714	0.000218488	0.031327	0.340346	0.620472	0.0076365	0.8999
622	-12.4936	-10.0348	-8.91728	-8.66869	-10.1868	0.010594	0.123849	0.378631	0.485489	0.0014371	0.751971
623	-13.6382	-11.1677	-10.0132	-9.73901	-10.5185	0.00999791	0.118259	0.375171	0.493514	0.00305758	0.771447
624	-3.54167	-3.61282	-3.83398	-3.98387	-7.46444	0.301136	0.280457	0.22481	0.193517	8.04875e-05	0.385532
625	-46.3167	-36.2437	-31.0335	-29.5367	-23.7282	9.01128e-09	0.000213503	0.0390995	0.174682	0.786005	7.39177
626	-34.0732	-26.5211	-22.6221	-21.5057	-17.3815	1.60593e-06	0.00305877	0.150962	0.461008	0.38497	4.07194
627	-3.54167	-3.61282	-3.83398	-3.98387	-7.46444	0.301136	0.280457	0.22481	0.193517	8.04875e-05	0.385532
628	-33.243	-25.7189	-21.9035	-20.8406	-17.3892	2.30941e-06	0.00427709	0.194169	0.562056	0.239496	2.86667
629	-34.4399	-26.9094	-23.0773	-22.006	-18.8294	2.37877e-06	0.00443396	0.204673	0.597473	0.193417	2.48613
630	-22.0201	-17.0146	-14.5066	-13.8246	-12.5935	0.000173154	0.0258395	0.317329	0.627622	0.0290365	1.08699
631	-17.4529	-15.0229	-13.993	-13.8023	-16.1432	0.0120891	0.13732	0.384576	0.46541	0.000605055	0.730903
632	-94.6377	-75.2505	-64.2124	-60.8306	-43.7083	5.63652e-21	1.48172e-12	9.21682e-08	2.71175e-06	0.999997	9.15544
634	-35.694	-28.178	-24.3892	-23.3459	-20.4681	2.7105e-06	0.00497969	0.220117	0.62487	0.150031	2.12569
635	-3.70857	-3.81018	-4.12603	-4.34005	-9.27226	0.323212	0.291982	0.212904	0.171884	1.6742e-05	0.358384
636	-4.7972	-4.8757	-5.11971	-5.28505	-9.04336	0.30647	0.283332	0.221984	0.188156	5.92794e-05	0.378836
637	-9.20268	-9.29172	-9.56801	-9.75476	-13.8348	0.314005	0.287255	0.21791	0.180788	4.12908e-05	0.369612
638	-17.1583	-14.6854	-13.524	-13.2456	-14.0743	0.00989502	0.117323	0.374783	0.495079	0.00291988	0.771302
639	-4.643	-4.69362	-4.85102	-4.95773	-7.4553	0.286235	0.272107	0.232478	0.208948	0.000232251	0.405327
640	-9.35167	-9.41284	-9.60318	-9.73231	-12.7462	0.293931	0.276489	0.228569	0.200879	0.00013323	0.394862
