Sites	Ll_YN98.omega=0.141904	Ll_YN98.omega=1	Ll_YN98.omega=10.408	Pr_YN98.omega=0.141904	Pr_YN98.omega=1	Pr_YN98.omega=10.408	mean
36	-3.75202	-4.59395	-12.6177	0.798935	0.201065	4.66057e-07	0.314442
37	-4.6674	-5.18429	-10.3557	0.74165	0.25834	1.0376e-05	0.363691
38	-33.4944	-27.352	-22.3837	0.00182113	0.494809	0.50337	5.73413
39	-21.8493	-16.6223	-15.5907	0.00893358	0.971777	0.0192893	1.17381
40	-4.39244	-4.91999	-10.1649	0.743689	0.256302	9.56441e-06	0.361934
41	-17.3243	-13.9946	-14.9216	0.0576048	0.939764	0.00263147	0.975326
42	-3.75202	-4.59395	-12.6177	0.798935	0.201065	4.66057e-07	0.314442
43	-10.6126	-9.13394	-11.3041	0.280544	0.718876	0.000580688	0.76473
44	-7.16297	-7.78508	-13.7262	0.761298	0.238698	4.44026e-06	0.346775
45	-9.4988	-9.99247	-14.877	0.737174	0.262811	1.40633e-05	0.367566
46	-10.1089	-8.68831	-11.8284	0.292523	0.70726	0.000216583	0.751025
47	-10.5148	-11.08	-16.4808	0.7508	0.249192	7.95698e-06	0.355817
48	-4.56584	-4.99242	-9.34515	0.723963	0.276012	2.51376e-05	0.379007
49	-13.6835	-14.2717	-19.913	0.755071	0.244923	6.14902e-06	0.352135
50	-3.37937	-4.04111	-10.4579	0.768426	0.231572	2.67722e-06	0.340643
51	-6.9819	-7.67587	-13.9587	0.774111	0.225886	2.98587e-06	0.335767
52	-29.0659	-23.7151	-21.3134	0.00747804	0.920598	0.0719244	1.67025
53	-29.3274	-22.1689	-18.8787	0.00111837	0.839421	0.15946	2.49924
54	-8.80912	-7.50243	-11.4582	0.316672	0.683235	9.25457e-05	0.729136
55	-21.1139	-17.6976	-17.7371	0.0528817	0.94072	0.00639854	1.01482
56	-4.30424	-4.66635	-8.38406	0.710878	0.289072	4.96807e-05	0.390466
57	-23.0888	-17.902	-16.7261	0.00926957	0.96852	0.0222107	1.201
58	-4.21232	-4.71238	-9.79237	0.738411	0.261578	1.1512e-05	0.366481
59	-9.60442	-10.3423	-16.5507	0.781697	0.2183	3.10854e-06	0.329258
60	-29.3759	-23.9538	-21.1085	0.00669774	0.885499	0.107803	2.00846
61	-10.2456	-8.95513	-13.0803	0.320195	0.679727	7.77234e-05	0.725973
62	-4.6674	-5.18429	-10.3557	0.74165	0.25834	1.0376e-05	0.363691
63	-11.2381	-9.6888	-11.4906	0.26644	0.732705	0.000855394	0.779417
64	-8.32222	-7.02673	-11.0431	0.319102	0.680811	8.67951e-05	0.726996
65	-10.8024	-11.3301	-16.3397	0.743713	0.256274	1.21005e-05	0.361937
66	-4.30424	-4.66635	-8.38406	0.710878	0.289072	4.96807e-05	0.390466
67	-5.34752	-5.86364	-11.0121	0.741502	0.258487	1.06231e-05	0.36382
68	-21.8085	-18.3139	-17.7234	0.0488181	0.939188	0.0119934	1.07094
69	-7.65442	-8.24564	-13.9101	0.755638	0.244356	5.99438e-06	0.351647
70	-17.3192	-15.9355	-18.5007	0.300159	0.69946	0.0003806	0.746016
71	-16.8997	-15.4337	-17.6139	0.283119	0.716308	0.000572788	0.762446
72	-8.41859	-8.91365	-13.8316	0.737445	0.262542	1.35874e-05	0.36733
73	-34.4691	-30.0357	-27.545	0.0183855	0.904381	0.0772335	1.71083
74	-9.78109	-10.2886	-15.4253	0.739844	0.260145	1.08174e-05	0.365245
75	-15.2053	-15.7029	-20.7478	0.737949	0.262039	1.19447e-05	0.366882
76	-12.3684	-12.8764	-17.8629	0.739945	0.260043	1.25664e-05	0.365175
77	-16.72	-15.2595	-17.7984	0.284278	0.715323	0.000399608	0.759822
78	-19.359	-19.9265	-25.3613	0.751235	0.248757	7.67772e-06	0.35544
79	-9.17684	-9.68523	-14.87	0.740019	0.25997	1.03032e-05	0.36509
80	-10.3586	-8.88457	-11.4252	0.281523	0.718077	0.000400465	0.762194
81	-12.7801	-13.2065	-17.5573	0.723927	0.276048	2.51915e-05	0.379038
82	-12.6734	-13.1856	-18.176	0.740753	0.259235	1.24784e-05	0.364481
83	-5.4511	-5.91993	-10.6606	0.73233	0.267653	1.65379e-05	0.371746
84	-15.2421	-15.8005	-20.9532	0.749521	0.250468	1.02499e-05	0.356935
85	-5.16651	-5.63378	-10.4117	0.732025	0.267959	1.59521e-05	0.372003
86	-3.88598	-4.60182	-11.0292	0.777912	0.222085	2.5403e-06	0.332501
87	-5.42469	-5.87031	-10.3834	0.727755	0.272224	2.11192e-05	0.375716
88	-7.68929	-8.17918	-12.9397	0.73644	0.263544	1.59641e-05	0.368214
89	-7.95114	-8.31274	-11.707	0.71076	0.289172	6.868e-05	0.390746
90	-11.6366	-10.4415	-15.0828	0.341304	0.658651	4.49473e-05	0.707552
91	-4.0773	-4.76878	-11.4431	0.773676	0.226322	2.02233e-06	0.336131
92	-18.3794	-15.1581	-16.5355	0.063842	0.93449	0.00166776	0.960908
93	-4.30424	-4.66635	-8.38406	0.710878	0.289072	4.96807e-05	0.390466
94	-17.1488	-15.6977	-18.2654	0.286207	0.713406	0.000387246	0.75805
95	-8.15825	-8.71846	-14.3047	0.749865	0.250128	6.63541e-06	0.356607
96	-3.55486	-4.25056	-10.5421	0.774413	0.225584	2.95582e-06	0.335507
97	-9.31264	-8.04114	-12.3248	0.324344	0.67559	6.59316e-05	0.722302
98	-3.55486	-4.25056	-10.5421	0.774413	0.225584	2.95582e-06	0.335507
99	-11.4203	-11.889	-16.6576	0.732295	0.267689	1.60847e-05	0.371772
100	-4.87237	-5.39781	-10.7873	0.743287	0.256705	8.28999e-06	0.362267
101	-5.34752	-5.86364	-11.0121	0.741502	0.258487	1.06231e-05	0.36382
102	-19.7159	-18.2643	-20.645	0.286079	0.713454	0.00046687	0.758909
103	-20.5139	-19.0693	-20.8205	0.287398	0.711728	0.000874101	0.761609
104	-25.2863	-21.8493	-21.8956	0.0518551	0.941783	0.00636236	1.01536
105	-11.1662	-11.7294	-17.1534	0.750434	0.249558	7.78612e-06	0.356129
106	-3.87482	-4.38324	-9.57742	0.740026	0.259964	1.02065e-05	0.365083
107	-3.66616	-4.15385	-9.03094	0.736013	0.263973	1.42308e-05	0.368564
108	-8.88321	-9.39276	-14.4827	0.740242	0.259746	1.13185e-05	0.364908
109	-24.7358	-23.4194	-26.6407	0.314544	0.685263	0.000193486	0.731912
110	-4.91408	-5.38995	-10.0304	0.733708	0.266274	1.81877e-05	0.37058
111	-6.25851	-6.95223	-12.9193	0.774066	0.225929	4.09531e-06	0.335816
112	-11.379	-11.8922	-16.7353	0.740941	0.259044	1.44473e-05	0.364338
113	-8.67011	-9.20527	-14.4752	0.745137	0.254854	9.2763e-06	0.360689
114	-5.04733	-5.47649	-9.8409	0.724478	0.275497	2.47993e-05	0.378562
115	-9.49541	-8.32917	-13.4414	0.347837	0.652135	2.77912e-05	0.701784
116	-5.04733	-5.47649	-9.8409	0.724478	0.275497	2.47993e-05	0.378562
117	-11.0731	-11.6914	-17.6939	0.760602	0.239394	4.18818e-06	0.34737
118	-18.0928	-14.6948	-15.2118	0.0539329	0.942093	0.0039746	0.991113
119	-18.9357	-19.4311	-24.2991	0.737501	0.262485	1.42793e-05	0.367288
120	-7.42308	-8.137	-14.699	0.777581	0.222417	2.2237e-06	0.332782
121	-11.3278	-11.7815	-16.3068	0.729341	0.270638	2.07406e-05	0.374351
122	-21.858	-16.6534	-15.8816	0.00917508	0.975884	0.0149408	1.13269
123	-19.4226	-16.1476	-16.8179	0.0606068	0.936005	0.00338795	0.979867
124	-4.93668	-5.47547	-10.753	0.745825	0.254166	9.18048e-06	0.360097
125	-24.14	-18.8886	-17.7528	0.00870174	0.96993	0.0213686	1.19357
126	-7.58849	-8.23278	-14.28	0.765304	0.234692	3.92634e-06	0.343333
127	-9.76881	-10.2803	-15.2371	0.740609	0.259378	1.2912e-05	0.364608
128	-8.44846	-8.80245	-12.167	0.709192	0.290737	7.11305e-05	0.392115
129	-4.21232	-4.71238	-9.79237	0.738411	0.261578	1.1512e-05	0.366481
130	-13.3427	-13.7045	-17.362	0.710825	0.289122	5.2774e-05	0.390541
131	-12.7012	-13.1739	-17.8819	0.73309	0.266893	1.7039e-05	0.371099
132	-3.92803	-4.54615	-10.7752	0.760572	0.239424	3.33946e-06	0.347387
133	-19.1892	-19.7392	-24.7209	0.747931	0.252057	1.22384e-05	0.358319
134	-14.3789	-15.0368	-20.8578	0.767752	0.232243	4.87179e-06	0.341241
135	-5.16651	-5.63378	-10.4117	0.732025	0.267959	1.59521e-05	0.372003
136	-4.30424	-4.66635	-8.38406	0.710878	0.289072	4.96807e-05	0.390466
137	-4.97976	-5.51733	-10.8588	0.745593	0.254398	8.6198e-06	0.360291
138	-15.9194	-16.6143	-23.4266	0.774273	0.225726	1.75718e-06	0.335617
139	-20.0626	-18.6338	-21.3529	0.290803	0.708866	0.000330723	0.753574
140	-7.76052	-8.42238	-14.7389	0.768447	0.23155	2.95918e-06	0.340627
141	-3.55486	-4.25056	-10.5421	0.774413	0.225584	2.95582e-06	0.335507
142	-21.257	-17.7221	-16.9857	0.0468894	0.939233	0.013878	1.09033
143	-3.92803	-4.54615	-10.7752	0.760572	0.239424	3.33946e-06	0.347387
144	-13.3519	-11.8354	-13.5733	0.272892	0.726204	0.000903834	0.774336
145	-3.55486	-4.25056	-10.5421	0.774413	0.225584	2.95582e-06	0.335507
146	-13.4849	-12.2416	-16.4482	0.33056	0.669369	7.05535e-05	0.717012
147	-3.84958	-4.54678	-11.4528	0.774676	0.225322	1.5971e-06	0.335269
148	-20.2914	-15.6403	-14.1413	0.0156028	0.954168	0.030229	1.271
149	-16.773	-15.3117	-17.8425	0.284117	0.71548	0.000402939	0.759992
150	-10.8901	-11.4178	-16.4419	0.743711	0.256277	1.19266e-05	0.361937
151	-4.79763	-5.39202	-11.4072	0.756224	0.243772	4.21102e-06	0.351127
152	-4.65044	-5.17592	-10.4564	0.743293	0.256698	9.24461e-06	0.362271
153	-4.30424	-4.66635	-8.38406	0.710878	0.289072	4.96807e-05	0.390466
154	-14.0891	-12.6587	-15.4676	0.290467	0.709231	0.000302458	0.753597
155	-12.7435	-11.1903	-12.6865	0.265607	0.733231	0.00116201	0.783016
156	-23.8661	-22.1115	-20.9634	0.224624	0.75846	0.0169163	0.966399
157	-7.67052	-8.03195	-11.3248	0.710719	0.289205	7.6012e-05	0.39085
158	-5.21743	-5.84965	-12.0635	0.76313	0.236867	3.35464e-06	0.345193
159	-8.58493	-9.22	-15.1749	0.763646	0.23635	4.33641e-06	0.34476
160	-12.5199	-13.0523	-18.1465	0.744616	0.255373	1.10806e-05	0.361152
161	-27.3134	-22.0203	-19.5345	0.00786933	0.914417	0.0777135	1.72437
162	-13.1555	-11.0123	-12.2746	0.166939	0.831396	0.00166488	0.872413
163	-4.49484	-4.97899	-9.69406	0.735323	0.264661	1.67772e-05	0.369181
164	-8.61177	-9.38147	-16.5029	0.787079	0.21292	1.21666e-06	0.324622
165	-9.07139	-9.55551	-14.2832	0.735318	0.264666	1.65674e-05	0.369183
166	-10.3985	-9.23102	-14.0397	0.347555	0.652408	3.76606e-05	0.702119
167	-12.1445	-10.8754	-15.1218	0.324866	0.675066	6.83801e-05	0.721878
168	-15.7792	-12.5717	-14.2216	0.0646935	0.934037	0.00126926	0.956428
169	-13.8665	-14.455	-20.1148	0.755139	0.244855	6.03439e-06	0.352075
170	-7.71743	-8.3642	-14.6691	0.76575	0.234247	3.02853e-06	0.342942
171	-7.89662	-8.38522	-13.1678	0.736191	0.263794	1.56305e-05	0.368425
172	-19.7042	-18.2859	-21.0437	0.292971	0.706712	0.0003172	0.751587
173	-4.6674	-5.18429	-10.3557	0.74165	0.25834	1.0376e-05	0.363691
174	-14.7269	-15.286	-19.5286	0.749642	0.250333	2.5453e-05	0.356975
175	-7.16297	-7.78508	-13.7262	0.761298	0.238698	4.44026e-06	0.346775
176	-12.7158	-13.0781	-16.3178	0.710889	0.289031	8.01103e-05	0.390743
177	-8.00733	-8.3693	-12.071	0.71085	0.289099	5.04856e-05	0.390498
178	-4.20786	-4.84898	-11.176	0.764736	0.235261	2.97537e-06	0.343812
179	-10.5669	-9.34882	-13.7577	0.336165	0.663778	5.71551e-05	0.712076
180	-8.2865	-8.79395	-13.8592	0.739837	0.260151	1.16191e-05	0.365258
181	-9.60849	-10.1762	-15.6403	0.751272	0.248721	7.45519e-06	0.355407
182	-3.7082	-4.37628	-10.8532	0.769551	0.230447	2.5087e-06	0.339675
183	-9.29715	-9.65913	-13.312	0.710849	0.289098	5.30151e-05	0.390522
184	-4.82088	-5.38865	-10.8622	0.751282	0.248711	7.38484e-06	0.355398
185	-3.84958	-4.54678	-11.4528	0.774676	0.225322	1.5971e-06	0.335269
186	-4.30424	-4.66635	-8.38406	0.710878	0.289072	4.96807e-05	0.390466
187	-4.56584	-4.99242	-9.34515	0.723963	0.276012	2.51376e-05	0.379007
188	-16.534	-13.2613	-14.3939	0.0608126	0.937051	0.00213623	0.967915
189	-4.65044	-5.17592	-10.4564	0.743293	0.256698	9.24461e-06	0.362271
190	-5.09244	-5.74466	-11.769	0.766728	0.233268	3.99286e-06	0.342112
191	-22.9509	-17.637	-15.7843	0.00799959	0.949174	0.0428267	1.39605
192	-13.7308	-14.1548	-18.2175	0.723445	0.276522	3.36591e-05	0.379532
193	-45.9154	-40.5459	-38.2739	0.00740449	0.928858	0.0637379	1.59329
194	-16.9824	-13.676	-14.9735	0.0589316	0.939253	0.00181578	0.966514
195	-4.48901	-4.98057	-9.93337	0.736766	0.26322	1.31555e-05	0.367908
196	-19.5303	-18.1976	-21.7095	0.311059	0.688796	0.000145439	0.73445
197	-24.6574	-21.3079	-22.0998	0.0565176	0.940468	0.00301431	0.979861
198	-14.8002	-11.3903	-11.7506	0.053297	0.942054	0.00464919	0.998005
199	-3.7082	-4.37628	-10.8532	0.769551	0.230447	2.5087e-06	0.339675
200	-9.21807	-9.9137	-16.7564	0.774404	0.225594	1.70356e-06	0.335503
201	-12.2947	-10.8414	-13.443	0.285768	0.713858	0.000374553	0.758308
202	-10.1999	-8.75213	-11.4218	0.28689	0.71276	0.000349384	0.757108
203	-12.7591	-11.4114	-15.0166	0.307862	0.692004	0.000133097	0.737077
204	-26.9022	-21.4763	-18.7638	0.00676308	0.897548	0.0956887	1.89443
205	-34.0083	-26.6479	-21.4299	0.000471987	0.433466	0.566062	6.32509
206	-11.142	-11.7891	-17.4155	0.765811	0.234183	5.96805e-06	0.342917
207	-4.87237	-5.39781	-10.7873	0.743287	0.256705	8.28999e-06	0.362267
208	-11.4024	-11.9928	-17.9457	0.755492	0.244504	4.49508e-06	0.351758
209	-4.93668	-5.47547	-10.753	0.745825	0.254166	9.18048e-06	0.360097
210	-15.5901	-14.2593	-18.1138	0.311466	0.688431	0.000103191	0.733703
211	-9.88288	-10.2306	-13.7064	0.707902	0.292035	6.3926e-05	0.393154
212	-3.87482	-4.38324	-9.57742	0.740026	0.259964	1.02065e-05	0.365083
213	-5.04733	-5.47649	-9.8409	0.724478	0.275497	2.47993e-05	0.378562
214	-4.82853	-5.37659	-10.5974	0.747579	0.252412	9.6499e-06	0.358597
215	-7.77828	-8.14022	-11.8346	0.710842	0.289107	5.08595e-05	0.390508
216	-5.09244	-5.74466	-11.769	0.766728	0.233268	3.99286e-06	0.342112
217	-7.27685	-7.96324	-14.4748	0.772783	0.227215	2.38935e-06	0.336901
218	-9.86427	-10.4118	-15.7507	0.747482	0.252509	8.57832e-06	0.358669
219	-11.463	-9.90569	-11.8951	0.26491	0.734379	0.000710693	0.779368
220	-8.46682	-8.81313	-11.9929	0.707596	0.292318	8.60325e-05	0.393624
221	-24.6369	-19.2655	-16.9853	0.00738732	0.928375	0.064238	1.59801
222	-7.72855	-8.09048	-11.7829	0.71084	0.289109	5.09588e-05	0.39051
223	-3.7082	-4.37628	-10.8532	0.769551	0.230447	2.5087e-06	0.339675
224	-17.3809	-14.1958	-16.3507	0.0660991	0.933136	0.000765296	0.950481
225	-12.3328	-11.0634	-15.1662	0.324792	0.675129	7.89462e-05	0.72204
226	-4.76988	-5.33279	-10.9935	0.750373	0.24962	6.14642e-06	0.356166
227	-10.1903	-8.73614	-11.3046	0.285571	0.714041	0.000387262	0.758596
228	-12.58	-13.0502	-17.791	0.73261	0.267373	1.6519e-05	0.371506
229	-11.1534	-9.70089	-12.2288	0.285903	0.713694	0.000403103	0.75846
230	-4.82088	-5.38865	-10.8622	0.751282	0.248711	7.38484e-06	0.355398
231	-12.303	-10.8608	-13.5967	0.288045	0.711629	0.000326481	0.755901
232	-16.2396	-14.973	-19.1384	0.325431	0.674495	7.40881e-05	0.721446
233	-11.6183	-10.2956	-13.9472	0.313225	0.686649	0.000126084	0.732409
234	-8.65714	-9.15382	-13.9969	0.737756	0.262229	1.46259e-05	0.367072
235	-4.30424	-4.66635	-8.38406	0.710878	0.289072	4.96807e-05	0.390466
236	-8.0438	-6.75083	-10.8351	0.319653	0.680266	8.10322e-05	0.726469
237	-3.98701	-4.75937	-12.0081	0.787524	0.212475	1.06904e-06	0.324239
238	-11.071	-11.4929	-15.4978	0.723017	0.276947	3.57162e-05	0.379918
239	-14.1994	-14.5613	-18.2545	0.710823	0.289126	5.09214e-05	0.390525
240	-12.1759	-10.9208	-15.1778	0.327937	0.671996	6.73495e-05	0.719233
241	-10.3778	-8.93549	-11.5137	0.287994	0.711624	0.000382221	0.75647
242	-3.55486	-4.25056	-10.5421	0.774413	0.225584	2.95582e-06	0.335507
243	-11.5255	-10.0618	-12.3797	0.283613	0.715888	0.00049884	0.761326
244	-5.09234	-5.63144	-11.0745	0.745885	0.254107	7.77852e-06	0.360032
245	-14.9196	-13.6207	-17.1585	0.318349	0.681511	0.000140219	0.728146
246	-17.9199	-14.687	-16.326	0.0631732	0.935541	0.00128527	0.957883
247	-3.99424	-4.49364	-9.42738	0.738282	0.261705	1.33314e-05	0.366609
248	-20.2318	-18.8775	-21.6601	0.306406	0.69329	0.000303533	0.73993
249	-10.3481	-8.93498	-11.5767	0.294022	0.705622	0.000355663	0.751047
250	-15.4942	-14.0267	-16.2687	0.282833	0.716629	0.000538723	0.762371
251	-16.1709	-14.9747	-19.7064	0.341081	0.658878	4.10787e-05	0.707707
252	-4.87237	-5.39781	-10.7873	0.743287	0.256705	8.28999e-06	0.362267
253	-11.6641	-10.4826	-15.3711	0.344374	0.655591	3.49393e-05	0.704823
254	-9.48428	-9.86808	-13.7542	0.715321	0.284637	4.13368e-05	0.386575
255	-13.5704	-14.0054	-18.3824	0.725645	0.27433	2.43865e-05	0.377556
256	-5.37428	-5.9167	-11.3192	0.746514	0.253477	8.0804e-06	0.359495
257	-8.5923	-8.95343	-12.6558	0.710676	0.289273	5.04843e-05	0.390647
258	-9.13224	-9.74267	-15.5475	0.759167	0.240828	5.13424e-06	0.34861
259	-4.16904	-4.91698	-12.0783	0.783408	0.21659	1.18932e-06	0.327772
260	-3.66616	-4.15385	-9.03094	0.736013	0.263973	1.42308e-05	0.368564
261	-3.55486	-4.25056	-10.5421	0.774413	0.225584	2.95582e-06	0.335507
262	-8.33626	-8.86542	-14.0064	0.743995	0.255994	1.06e-05	0.361681
263	-8.68166	-9.26866	-14.9889	0.754858	0.245137	5.68706e-06	0.352313
264	-9.86257	-10.3938	-15.5851	0.74438	0.25561	1.00634e-05	0.361346
265	-10.7312	-9.48449	-13.6759	0.329809	0.67012	7.17146e-05	0.717667
266	-3.55486	-4.25056	-10.5421	0.774413	0.225584	2.95582e-06	0.335507
267	-3.88598	-4.60182	-11.0292	0.777912	0.222085	2.5403e-06	0.332501
268	-5.71678	-6.25553	-11.6307	0.745818	0.254174	8.32721e-06	0.360095
269	-4.79763	-5.39202	-11.4072	0.756224	0.243772	4.21102e-06	0.351127
270	-4.39244	-4.91999	-10.1649	0.743689	0.256302	9.56441e-06	0.361934
271	-4.79763	-5.39202	-11.4072	0.756224	0.243772	4.21102e-06	0.351127
272	-7.44018	-8.06144	-14.0573	0.761142	0.238853	4.2066e-06	0.346907
273	-19.9407	-16.102	-13.8693	0.0334122	0.906758	0.0598295	1.5342
274	-8.37081	-8.86561	-13.7817	0.737393	0.262594	1.36143e-05	0.367374
275	-14.549	-11.1587	-11.6488	0.0543256	0.941593	0.00408119	0.991779
276	-15.4447	-12.1433	-13.5058	0.0592163	0.939083	0.00170109	0.965191
277	-9.48479	-8.01443	-10.3784	0.282254	0.717269	0.000477305	0.76229
278	-7.37197	-8.06856	-14.2182	0.774568	0.225428	3.40423e-06	0.335378
279	-7.79113	-8.49048	-14.4367	0.775049	0.224947	4.16306e-06	0.334973
280	-4.48901	-4.98057	-9.93337	0.736766	0.26322	1.31555e-05	0.367908
281	-12.057	-12.5061	-17.064	0.728447	0.271533	2.0143e-05	0.375113
282	-17.1269	-13.8203	-14.8935	0.0588935	0.938835	0.00227106	0.97083
283	-4.48901	-4.98057	-9.93337	0.736766	0.26322	1.31555e-05	0.367908
284	-7.06963	-7.73202	-13.9673	0.76854	0.231457	3.2084e-06	0.340549
285	-4.82088	-5.38865	-10.8622	0.751282	0.248711	7.38484e-06	0.355398
286	-4.30424	-4.66635	-8.38406	0.710878	0.289072	4.96807e-05	0.390466
287	-16.6129	-15.276	-18.6549	0.310151	0.689683	0.000166338	0.735426
288	-3.84958	-4.54678	-11.4528	0.774676	0.225322	1.5971e-06	0.335269
289	-8.67406	-7.41906	-11.995	0.327974	0.671977	4.89563e-05	0.719027
290	-6.5632	-7.22254	-13.3558	0.767997	0.231999	3.56144e-06	0.341018
291	-4.63738	-4.99788	-8.70467	0.710547	0.289403	5.02836e-05	0.390756
292	-10.7413	-9.46698	-13.7833	0.323737	0.676199	6.38707e-05	0.722804
293	-27.8482	-22.2798	-19.1276	0.00557567	0.853228	0.141196	2.32359
294	-3.7082	-4.37628	-10.8532	0.769551	0.230447	2.5087e-06	0.339675
295	-4.79763	-5.39202	-11.4072	0.756224	0.243772	4.21102e-06	0.351127
296	-17.0483	-13.5888	-13.4968	0.0507156	0.941977	0.00730723	1.02523
297	-9.54891	-10.0389	-14.4818	0.736458	0.26352	2.19299e-05	0.368255
298	-7.01313	-7.50832	-12.1861	0.737468	0.262515	1.72734e-05	0.367345
299	-3.87482	-4.38324	-9.57742	0.740026	0.259964	1.02065e-05	0.365083
300	-17.435	-14.0316	-14.2822	0.0535958	0.941221	0.00518324	1.00277
301	-3.7082	-4.37628	-10.8532	0.769551	0.230447	2.5087e-06	0.339675
302	-4.87237	-5.39781	-10.7873	0.743287	0.256705	8.28999e-06	0.362267
303	-12.4678	-11.0955	-14.2362	0.302597	0.69719	0.000213352	0.74235
304	-8.76778	-9.2202	-13.7818	0.7291	0.27088	2.00208e-05	0.374551
305	-4.49484	-4.97899	-9.69406	0.735323	0.264661	1.67772e-05	0.369181
306	-4.39244	-4.91999	-10.1649	0.743689	0.256302	9.56441e-06	0.361934
307	-9.46574	-9.99798	-15.3573	0.744582	0.255409	8.50137e-06	0.361157
308	-8.93096	-9.60845	-15.8624	0.771216	0.228781	3.11264e-06	0.338252
309	-14.5363	-11.3283	-13.3738	0.0646943	0.934451	0.000854981	0.95253
310	-11.8263	-10.3631	-12.9015	0.283724	0.715875	0.000400101	0.760301
311	-3.75227	-4.59575	-12.6364	0.799183	0.200817	4.57685e-07	0.314229
312	-14.7451	-13.3039	-15.796	0.288216	0.711368	0.000416453	0.756601
313	-10.5865	-11.2811	-17.1772	0.774212	0.225783	4.39351e-06	0.335693
314	-4.82933	-5.3784	-10.6102	0.747769	0.252222	9.53707e-06	0.358433
315	-4.4896	-4.98206	-9.94471	0.736941	0.263046	1.3018e-05	0.367757
316	-9.62568	-10.156	-15.3369	0.744207	0.255782	1.01763e-05	0.361495
317	-17.0572	-15.6456	-18.3501	0.294332	0.705334	0.000333875	0.750576
318	-18.9748	-17.49	-18.7392	0.279072	0.719468	0.00145966	0.774262
319	-9.01315	-9.56502	-14.8878	0.748297	0.251695	8.6889e-06	0.357972
320	-35.5177	-28.3549	-24.358	0.000956843	0.721266	0.277777	3.6125
321	-4.28675	-4.72144	-9.18828	0.725584	0.274394	2.22954e-05	0.377589
322	-15.7509	-14.5239	-18.8739	0.334178	0.665761	6.08045e-05	0.713815
323	-8.49844	-9.03921	-14.3814	0.7462	0.253792	8.59301e-06	0.35977
324	-14.3504	-12.9017	-15.5695	0.286698	0.712952	0.000350118	0.75728
325	-10.6637	-9.25585	-12.3274	0.295151	0.704618	0.000231073	0.748906
326	-9.78859	-10.1498	-13.8632	0.710688	0.289262	4.99274e-05	0.390631
327	-3.55569	-4.25268	-10.5583	0.774637	0.22536	2.91175e-06	0.335315
328	-4.07804	-4.77079	-11.459	0.773898	0.2261	1.9925e-06	0.33594
329	-8.91943	-9.28507	-12.9198	0.7116	0.288346	5.38452e-05	0.389885
330	-3.87538	-4.38474	-9.58908	0.740204	0.259785	1.00962e-05	0.364929
331	-17.3815	-13.9469	-13.8077	0.0519088	0.940443	0.00764842	1.02741
332	-15.8564	-14.2448	-15.8824	0.254417	0.744559	0.00102441	0.791324
333	-9.47594	-10.0354	-15.342	0.749732	0.250259	8.78093e-06	0.356741
334	-4.28675	-4.72144	-9.18828	0.725584	0.274394	2.22954e-05	0.377589
335	-16.6035	-13.4433	-15.6596	0.0676599	0.931622	0.000718613	0.948702
336	-16.2362	-14.7306	-16.8658	0.275134	0.72426	0.000605809	0.769608
337	-4.3931	-4.92162	-10.1771	0.743873	0.256118	9.45708e-06	0.361775
338	-13.7389	-12.3024	-15.1264	0.289219	0.710483	0.000298447	0.75463
339	-5.1353	-5.84688	-12.6689	0.777176	0.222823	1.71771e-06	0.333125
340	-15.4097	-13.2599	-14.5239	0.166021	0.832315	0.00166384	0.873191
341	-13.3707	-10.1704	-12.5025	0.0651727	0.934186	0.00064174	0.950113
342	-9.7585	-10.2008	-14.6096	0.727089	0.272888	2.34982e-05	0.376309
343	-19.7716	-18.2729	-20.4758	0.276522	0.722912	0.00056509	0.768034
344	-18.555	-15.231	-16.1339	0.0579175	0.939388	0.00269465	0.975652
345	-16.5939	-13.4767	-16.2652	0.0704408	0.929155	0.000404409	0.94336
346	-3.37998	-4.04293	-10.473	0.768641	0.231356	2.63942e-06	0.340457
347	-8.05454	-8.75494	-15.3365	0.775234	0.224763	2.20372e-06	0.334795
348	-16.4842	-13.0673	-13.2426	0.0528951	0.941514	0.00559072	1.00721
349	-11.3695	-9.83649	-11.798	0.269669	0.729605	0.000726077	0.775429
350	-8.9081	-9.2832	-13.0373	0.713542	0.28641	4.74662e-05	0.388159
351	-9.94169	-8.43654	-10.6327	0.275235	0.724195	0.000569933	0.769184
352	-4.56982	-4.95551	-8.90705	0.715708	0.284253	3.86666e-05	0.386218
353	-14.4334	-12.9359	-15.2138	0.276774	0.722701	0.000524102	0.767432
354	-12.9192	-13.4063	-18.0242	0.735895	0.264087	1.84496e-05	0.368705
355	-29.585	-22.3718	-18.666	0.00097859	0.775719	0.223303	3.09999
356	-3.37998	-4.04293	-10.473	0.768641	0.231356	2.63942e-06	0.340457
357	-9.53326	-10.2393	-16.1385	0.77621	0.223785	4.34107e-06	0.333978
358	-16.588	-15.0579	-16.7057	0.270176	0.728831	0.000992568	0.777501
359	-9.47846	-9.98509	-15.0485	0.73968	0.260309	1.1648e-05	0.365394
360	-11.4158	-9.98957	-12.9353	0.291331	0.708406	0.000263463	0.752489
361	-12.9731	-13.4822	-18.454	0.740144	0.259843	1.27415e-05	0.365005
362	-3.99487	-4.49518	-9.43893	0.738459	0.261528	1.31898e-05	0.366456
363	-3.55569	-4.25268	-10.5583	0.774637	0.22536	2.91175e-06	0.335315
364	-10.2326	-10.6828	-15.2528	0.728669	0.271311	1.98847e-05	0.37492
365	-24.9351	-19.6562	-18.2648	0.0084159	0.964155	0.0274295	1.25083
366	-24.3627	-24.8238	-29.4758	0.730817	0.269164	1.81728e-05	0.37306
367	-17.1122	-13.8031	-14.9874	0.0587699	0.939197	0.00203318	0.968698
368	-19.6976	-20.2234	-25.2887	0.743339	0.256649	1.14617e-05	0.362252
369	-9.17614	-7.84117	-11.7071	0.31058	0.689317	0.000102152	0.734453
370	-14.8062	-11.3724	-11.4285	0.0520188	0.941681	0.00629973	1.01463
371	-14.1433	-12.6662	-14.9941	0.280875	0.718629	0.000495769	0.763646
372	-3.75227	-4.59575	-12.6364	0.799183	0.200817	4.57685e-07	0.314229
373	-10.7792	-9.28854	-11.6543	0.278165	0.721356	0.000479157	0.765815
374	-3.66678	-4.15536	-9.04222	0.736186	0.2638	1.40831e-05	0.368414
375	-7.37282	-8.07073	-14.2348	0.774799	0.225198	3.35201e-06	0.33518
376	-13.1336	-11.6869	-14.3466	0.287104	0.712544	0.000352754	0.756956
377	-3.66678	-4.15536	-9.04222	0.736186	0.2638	1.40831e-05	0.368414
378	-4.30514	-4.66791	-8.39286	0.711014	0.288936	4.9299e-05	0.390345
379	-8.35488	-8.79681	-13.2328	0.72702	0.272957	2.28733e-05	0.376362
380	-21.9854	-18.4674	-17.0291	0.0469925	0.925417	0.0275904	1.21925
381	-7.93648	-8.60201	-14.8305	0.769101	0.230896	3.22244e-06	0.340068
382	-19.0627	-19.5507	-24.1809	0.736079	0.263903	1.82115e-05	0.368545
383	-18.8681	-17.3761	-19.6147	0.277866	0.72159	0.000544258	0.766685
384	-10.1551	-8.66455	-10.9433	0.278163	0.721314	0.000522707	0.766227
385	-6.56381	-7.22436	-13.3709	0.768213	0.231783	3.51116e-06	0.340832
386	-4.30514	-4.66791	-8.39286	0.711014	0.288936	4.9299e-05	0.390345
387	-7.72945	-8.09204	-11.7917	0.710977	0.288973	5.05672e-05	0.39039
388	-16.7543	-13.4047	-14.2537	0.0565224	0.94063	0.00284762	0.978289
389	-11.1454	-11.5073	-14.7807	0.710818	0.289104	7.74866e-05	0.390779
390	-13.0499	-13.6965	-19.6805	0.765722	0.234274	4.17524e-06	0.342977
391	-37.7044	-29.7135	-22.5494	5.71399e-05	0.0985793	0.901364	9.47995
392	-28.9503	-23.5366	-20.9938	0.00694964	0.911082	0.0819679	1.76519
393	-11.4298	-10.1307	-13.9776	0.318314	0.681584	0.000102937	0.727825
394	-3.31591	-3.85079	-9.05967	0.745083	0.254907	9.86182e-06	0.36074
395	-12.379	-10.9181	-13.1053	0.284159	0.715273	0.000568008	0.761508
396	-10.97	-9.53649	-12.0284	0.289802	0.709783	0.000415579	0.755232
397	-4.67851	-5.04099	-8.71892	0.710952	0.288997	5.16835e-05	0.390422
398	-4.24361	-4.72813	-9.44613	0.735397	0.264586	1.67236e-05	0.369116
399	-12.2049	-10.7915	-13.6995	0.294008	0.705719	0.000272561	0.750277
400	-20.772	-17.2192	-15.9573	0.045659	0.931071	0.0232696	1.17974
401	-8.32708	-8.75534	-12.8468	0.724293	0.275674	3.26017e-05	0.378794
402	-24.5121	-21.0628	-21.4957	0.0513608	0.944306	0.00433363	0.996698
403	-8.56861	-9.14652	-14.285	0.753168	0.246822	1.02453e-05	0.353806
404	-3.99968	-4.55855	-9.9503	0.749613	0.250379	8.06772e-06	0.356837
405	-5.34818	-5.86524	-11.024	0.741683	0.258306	1.05065e-05	0.363664
406	-4.87282	-5.39922	-10.7992	0.74347	0.256522	8.19756e-06	0.362109
407	-9.65958	-8.26141	-11.0605	0.297154	0.702543	0.000302549	0.74786
408	-3.7941	-4.35757	-9.95743	0.750477	0.249517	6.52941e-06	0.356081
409	-18.625	-17.0733	-18.3588	0.26582	0.732747	0.00143356	0.785388
410	-10.6704	-11.17	-16.2104	0.73833	0.261658	1.19804e-05	0.366555
411	-3.92889	-4.3325	-8.33709	0.719341	0.280623	3.62006e-05	0.383077
412	-15.1414	-11.7665	-12.1945	0.0551103	0.940552	0.004338	0.993522
413	-4.82501	-5.24956	-9.60435	0.723558	0.276416	2.51227e-05	0.379354
414	-3.60179	-3.99593	-7.9519	0.717424	0.282538	3.82636e-05	0.384742
415	-6.40554	-6.97308	-11.8128	0.751233	0.248753	1.39213e-05	0.355501
416	-3.64398	-4.18398	-9.44172	0.746054	0.253937	9.3558e-06	0.359902
417	-8.29952	-8.59385	-11.4116	0.696698	0.303174	0.000128144	0.403372
418	-8.25611	-6.8188	-9.56731	0.28904	0.710638	0.000321919	0.755005
419	-13.3792	-11.8065	-13.3068	0.261809	0.737028	0.0011632	0.786286
420	-4.53969	-4.83099	-7.8335	0.696074	0.30382	0.000106759	0.403707
421	-7.96735	-8.25879	-11.2369	0.696099	0.303791	0.000109388	0.403709
422	-3.7941	-4.35757	-9.95742	0.750476	0.249517	6.5295e-06	0.356081
423	-11.4544	-9.89752	-11.4021	0.264878	0.733968	0.00115353	0.783561
424	-7.27322	-7.83653	-12.7681	0.750442	0.249545	1.27394e-05	0.356169
425	-22.2192	-16.803	-14.0539	0.00680387	0.894303	0.0988936	1.92455
426	-17.26	-13.8077	-13.8136	0.0511	0.942272	0.00662792	1.01851
427	-3.86995	-4.36947	-9.41847	0.738306	0.261682	1.1879e-05	0.366575
428	-7.78366	-8.26083	-12.8071	0.73396	0.26602	1.99651e-05	0.37038
429	-9.28139	-9.77403	-14.3616	0.736971	0.26301	1.89402e-05	0.367786
430	-3.79801	-4.3767	-9.57654	0.753315	0.246675	9.63005e-06	0.353674
431	-24.9202	-19.4201	-15.9974	0.00571648	0.817072	0.177212	2.6623
432	-3.99968	-4.55854	-9.95029	0.749612	0.25038	8.06784e-06	0.356837
433	-45.7812	-39.6016	-33.5124	0.000859814	0.242461	0.75668	8.11808
434	-6.78502	-7.32129	-12.252	0.745345	0.254642	1.30105e-05	0.360545
435	-4.58425	-5.00888	-9.27371	0.723572	0.2764	2.74858e-05	0.379364
436	-10.1135	-10.4628	-13.5723	0.708194	0.291714	9.2102e-05	0.393168
437	-26.1333	-22.5614	-21.1526	0.0446724	0.928453	0.0268748	1.2145
438	-3.7941	-4.35757	-9.95742	0.750476	0.249517	6.5295e-06	0.356081
439	-24.543	-21.0578	-20.5032	0.0492787	0.939151	0.0115705	1.06657
440	-5.66328	-6.0986	-10.4034	0.725705	0.274269	2.62064e-05	0.377522
441	-34.155	-28.6244	-24.4865	0.0046795	0.689551	0.30577	3.87266
442	-9.65717	-8.11238	-9.87286	0.267314	0.731795	0.0008904	0.778996
443	-8.08607	-8.36831	-11.0337	0.694121	0.305728	0.000150496	0.405794
444	-4.42648	-4.82373	-8.83581	0.718056	0.281908	3.6095e-05	0.384179
445	-21.1544	-17.6904	-17.119	0.0502735	0.937974	0.0117523	1.06743
446	-3.7941	-4.35757	-9.95742	0.750476	0.249517	6.5295e-06	0.356081
447	-9.99899	-8.46831	-10.3222	0.270107	0.729085	0.000807969	0.775824
448	-4.75216	-5.23246	-10.0902	0.734574	0.265411	1.4588e-05	0.369802
449	-10.3581	-8.83594	-10.8592	0.271834	0.727485	0.000680629	0.773144
450	-10.2291	-8.6668	-10.241	0.26386	0.735062	0.00107753	0.78372
451	-13.277	-11.6152	-12.2706	0.24458	0.752655	0.00276526	0.816143
452	-3.64398	-4.18398	-9.4417	0.746054	0.253937	9.35594e-06	0.359903
453	-3.64398	-4.18398	-9.4417	0.746054	0.253937	9.35594e-06	0.359903
454	-15.1833	-13.6263	-15.0764	0.26484	0.733942	0.00121806	0.784202
455	-3.81519	-4.22604	-8.4345	0.720807	0.279164	2.93705e-05	0.381755
456	-9.98796	-8.54983	-10.8569	0.288821	0.710678	0.000500611	0.756874
457	-10.5973	-8.95458	-9.79337	0.248235	0.749473	0.0022921	0.808555
458	-8.34059	-8.7851	-13.1735	0.727532	0.272444	2.39434e-05	0.375933
459	-4.2436	-4.72813	-9.44612	0.735397	0.264587	1.67238e-05	0.369117
460	-4.32906	-4.78131	-9.06739	0.729063	0.270911	2.63736e-05	0.374643
461	-21.402	-19.8652	-21.6477	0.268882	0.730249	0.00086911	0.77745
462	-14.0038	-12.5792	-14.8602	0.291594	0.707894	0.000511785	0.754599
463	-4.86325	-5.29867	-9.54925	0.725723	0.274249	2.76633e-05	0.37752
464	-12.9867	-13.4237	-17.7518	0.726048	0.273926	2.55709e-05	0.377222
465	-9.99488	-10.3776	-13.7953	0.715093	0.284841	6.60817e-05	0.387004
466	-4.06571	-4.65229	-10.3233	0.75478	0.245214	5.97583e-06	0.352382
467	-15.1486	-11.7948	-12.4443	0.0562653	0.94026	0.00347495	0.984411
468	-9.88994	-10.2355	-13.7701	0.707463	0.292476	6.03664e-05	0.393497
469	-11.1772	-9.61624	-11.2458	0.264119	0.734862	0.00101922	0.782949
470	-4.2436	-4.72813	-9.44612	0.735397	0.264587	1.67238e-05	0.369117
471	-9.18733	-7.61499	-9.14415	0.261892	0.736978	0.00113008	0.785904
472	-6.40554	-6.97308	-11.8128	0.751233	0.248754	1.39215e-05	0.355502
473	-15.8818	-13.9083	-14.1575	0.191343	0.804223	0.00443497	0.877534
474	-3.64398	-4.18398	-9.4417	0.746054	0.253937	9.35594e-06	0.359903
475	-7.56516	-8.09972	-13.1877	0.745021	0.254968	1.11316e-05	0.360805
476	-4.20993	-4.50254	-7.51389	0.69635	0.303544	0.000105724	0.40346
477	-3.46822	-4.03062	-9.11748	0.750274	0.249715	1.09147e-05	0.356296
478	-12.9153	-11.3622	-13.0247	0.265662	0.733353	0.000984165	0.781295
479	-3.46822	-4.03062	-9.11748	0.750274	0.249715	1.09147e-05	0.356296
480	-4.42711	-4.81841	-8.62912	0.716845	0.283111	4.43353e-05	0.385296
481	-9.4336	-7.90569	-9.86154	0.270677	0.728594	0.000729178	0.774594
482	-29.8907	-24.4117	-20.8861	0.00572731	0.801593	0.19268	2.80781
483	-3.31591	-3.85079	-9.05965	0.745083	0.254907	9.86196e-06	0.360741
484	-4.8779	-5.28291	-9.28384	0.719624	0.280339	3.62965e-05	0.382835
485	-10.5379	-11.0705	-14.8516	0.744632	0.255327	4.11878e-05	0.361422
486	-3.79801	-4.3767	-9.57654	0.753315	0.246675	9.63005e-06	0.353674
487	-4.91583	-5.35025	-9.64917	0.725525	0.274449	2.63771e-05	0.377679
488	-4.12253	-4.72703	-10.5026	0.758081	0.241913	5.31014e-06	0.349544
489	-13.4878	-11.9286	-13.5342	0.264468	0.734489	0.00104332	0.782877
490	-4.60467	-5.02238	-9.19847	0.722182	0.277788	3.01872e-05	0.380583
491	-6.69769	-7.23268	-12.1876	0.745101	0.254886	1.27121e-05	0.360752
492	-9.09879	-7.61414	-9.97004	0.279368	0.720148	0.000483094	0.76482
493	-17.2032	-13.6601	-12.7043	0.0463703	0.936397	0.0172323	1.12233
494	-13.7341	-14.0263	-17.0217	0.696251	0.303641	0.000107461	0.403561
495	-9.18733	-7.61499	-9.14416	0.261892	0.736978	0.00113007	0.785903
496	-19.4583	-16.0789	-16.1211	0.0547624	0.938869	0.00636889	1.01293
497	-4.32906	-4.78131	-9.0674	0.729063	0.270911	2.63733e-05	0.374642
498	-4.68618	-4.96701	-7.81358	0.69384	0.306034	0.000125685	0.405801
499	-6.68363	-7.25032	-12.0214	0.751073	0.248912	1.49202e-05	0.355648
500	-5.35304	-5.71312	-9.34936	0.710458	0.289488	5.39753e-05	0.390867
501	-3.46822	-4.03062	-9.1175	0.750274	0.249715	1.09145e-05	0.356296
502	-9.25446	-7.80976	-10.4053	0.287509	0.712115	0.000375917	0.756826
503	-9.01631	-9.42763	-13.5187	0.720897	0.27907	3.30188e-05	0.381712
504	-9.19576	-7.66196	-9.6624	0.269522	0.729779	0.000698507	0.775296
505	-5.07379	-5.64774	-11.0789	0.752434	0.247559	7.66836e-06	0.354412
506	-16.3416	-12.9503	-13.3895	0.0542662	0.94144	0.00429362	0.993829
507	-9.26104	-9.6847	-13.8838	0.723377	0.276594	2.93732e-05	0.37955
508	-14.3539	-12.9072	-14.6549	0.286963	0.71216	0.000877665	0.762016
509	-18.5891	-18.873	-21.3452	0.694471	0.305346	0.000182346	0.405793
510	-13.1779	-11.6125	-13.111	0.263232	0.735605	0.0011631	0.785064
511	-19.6888	-18.1381	-19.4236	0.266015	0.732551	0.00143321	0.785217
512	-8.72722	-9.22758	-14.2179	0.738468	0.261519	1.25897e-05	0.366442
513	-9.18733	-7.61499	-9.14416	0.261892	0.736978	0.00113007	0.785903
514	-4.60467	-5.02238	-9.19847	0.722182	0.277788	3.01872e-05	0.380583
515	-4.50102	-4.84573	-8.3711	0.707282	0.292657	6.09642e-05	0.393658
516	-9.00246	-9.46075	-13.7764	0.730253	0.269721	2.54928e-05	0.373613
517	-13.9107	-12.4571	-14.6567	0.285642	0.713798	0.00055986	0.760159
518	-20.8564	-17.5092	-17.8575	0.0565508	0.93876	0.00468875	0.995586
519	-19.8988	-16.4968	-16.6106	0.0536281	0.940433	0.00593877	1.00985
520	-6.40554	-6.97308	-11.8128	0.751233	0.248754	1.39215e-05	0.355502
521	-36.7205	-31.3623	-28.4639	0.00709469	0.879936	0.11297	2.05673
522	-17.1602	-15.8513	-19.4343	0.31619	0.683676	0.000134448	0.729944
523	-15.3157	-11.8994	-11.9774	0.0528927	0.940949	0.00615809	1.01255
524	-18.1802	-16.7624	-19.62	0.293093	0.70662	0.000287035	0.751199
525	-17.7551	-14.298	-13.8457	0.0506683	0.938889	0.0104424	1.05476
526	-18.4705	-16.3392	-15.3641	0.166288	0.818359	0.0153528	1.00175
527	-10.185	-8.624	-10.2346	0.264108	0.734853	0.00103873	0.783142
528	-8.76696	-7.36883	-10.1894	0.297165	0.702538	0.00029612	0.74779
529	-9.40078	-9.81556	-13.9443	0.721594	0.278374	3.17178e-05	0.381101
530	-25.8036	-22.3385	-21.7805	0.0502246	0.938178	0.0115971	1.06601
531	-4.60302	-5.0181	-9.16551	0.721654	0.278314	3.11243e-05	0.381044
532	-17.8004	-16.2699	-18.1346	0.270148	0.729053	0.000799337	0.775707
533	-24.9684	-19.6144	-17.1504	0.00742022	0.916378	0.0762019	1.71054
534	-4.60302	-5.0181	-9.16551	0.721654	0.278314	3.11243e-05	0.381044
535	-17.3209	-13.9069	-14.0052	0.0530147	0.940951	0.00603468	1.01128
536	-13.9066	-14.3213	-18.445	0.721592	0.278377	3.18788e-05	0.381105
537	-25.8398	-21.5354	-18.7851	0.0203978	0.881959	0.097643	1.90112
538	-8.03378	-8.58395	-13.3628	0.747971	0.252014	1.49889e-05	0.35831
539	-4.48608	-4.79523	-7.96848	0.699847	0.300064	8.88899e-05	0.400301
540	-19.4048	-15.9728	-15.7849	0.0520171	0.939957	0.00802579	1.03087
541	-30.6054	-24.8898	-19.6093	0.00235401	0.417415	0.580231	6.45677
542	-15.7208	-12.2351	-11.7949	0.0493143	0.940352	0.0103333	1.0549
543	-19.8251	-16.2995	-15.2847	0.0471037	0.934652	0.0182446	1.13122
544	-17.487	-16.0536	-18.4416	0.289798	0.70974	0.000461065	0.755663
545	-40.5243	-31.0854	-22.4491	3.33462e-06	0.0244784	0.975518	10.1776
546	-12.2399	-10.8336	-13.7468	0.295475	0.704254	0.000270592	0.749
547	-12.9386	-11.376	-12.9314	0.263795	0.735107	0.00109808	0.783969
548	-24.3322	-20.2958	-17.1347	0.0252558	0.835293	0.139451	2.29028
549	-10.319	-8.99032	-12.4463	0.311917	0.68793	0.000153608	0.733791
550	-3.72429	-4.40048	-10.8306	0.770987	0.22901	2.61258e-06	0.338444
551	-9.76693	-8.24499	-10.0201	0.271816	0.727311	0.000872081	0.77496
552	-20.9518	-17.21	-16.047	0.0381819	0.940527	0.0212912	1.16754
553	-27.3997	-25.9609	-27.137	0.288378	0.710072	0.00154983	0.767125
554	-18.8294	-16.7229	-17.6397	0.171985	0.825679	0.00233562	0.874394
555	-5.01472	-5.53845	-10.2862	0.742956	0.257028	1.57697e-05	0.362621
556	-17.3181	-15.6888	-16.5145	0.250739	0.746947	0.00231439	0.806616
557	-10.251	-8.84913	-11.8918	0.296395	0.703368	0.000237416	0.747898
558	-3.60008	-3.99174	-7.92064	0.71692	0.28304	3.93832e-05	0.385184
559	-3.64228	-4.17888	-9.39949	0.745409	0.254581	9.73434e-06	0.36046
560	-3.92716	-4.32823	-8.3051	0.718827	0.281135	3.7286e-05	0.383528
561	-3.81362	-4.22189	-8.40217	0.720287	0.279683	3.02661e-05	0.38221
562	-5.01472	-5.53845	-10.2862	0.742956	0.257028	1.57697e-05	0.362621
563	-3.92716	-4.32823	-8.3051	0.718827	0.281135	3.7286e-05	0.383528
564	-3.72429	-4.40048	-10.8306	0.770987	0.22901	2.61258e-06	0.338444
565	-10.192	-8.66004	-10.5692	0.269876	0.729359	0.000764853	0.775616
566	-18.4996	-15.1064	-14.9394	0.0539757	0.938179	0.00784486	1.02749
567	-20.9268	-17.3964	-16.4796	0.0469684	0.936458	0.0165732	1.11562
568	-32.6588	-25.367	-20.7261	0.000672311	0.576566	0.422761	4.97675
569	-10.1069	-8.59254	-10.4374	0.273342	0.725847	0.000811723	0.773083
570	-12.0529	-10.5727	-12.9542	0.280271	0.719259	0.000470303	0.763926
571	-15.4632	-13.8194	-14.4513	0.247888	0.749293	0.00281823	0.813802
572	-15.6444	-13.9596	-14.3057	0.240101	0.756114	0.00378466	0.829576
573	-4.5825	-5.00447	-9.24017	0.723038	0.276934	2.8353e-05	0.379831
574	-9.58848	-8.16691	-10.9929	0.292293	0.70741	0.000296555	0.751975
575	-11.8485	-10.2538	-11.282	0.257401	0.740725	0.00187435	0.796759
576	-17.0759	-13.5569	-12.7253	0.0475401	0.937227	0.0152325	1.10251
577	-14.554	-13.1281	-15.3926	0.29132	0.70816	0.00052051	0.754917
578	-22.7203	-19.4088	-20.1256	0.0585658	0.938193	0.00324147	0.980241
579	-17.6239	-14.1025	-13.2465	0.0474186	0.936976	0.0156057	1.10613
580	-13.3587	-11.941	-14.801	0.29311	0.706604	0.000286328	0.751177
581	-22.7212	-18.4722	-15.3159	0.0205331	0.839915	0.139552	2.29528
582	-29.3617	-23.7931	-19.8597	0.00477557	0.73103	0.264195	3.48144
583	-3.72429	-4.40048	-10.8306	0.770987	0.22901	2.61258e-06	0.338444
586	-3.60008	-3.99174	-7.92064	0.71692	0.28304	3.93832e-05	0.385184
603	-17.0255	-13.5897	-13.2904	0.0517815	0.939254	0.00896477	1.03991
604	-26.6161	-21.191	-18.2996	0.00664407	0.88103	0.112326	2.05106
605	-9.78056	-10.1943	-14.3274	0.721386	0.278583	3.16042e-05	0.381279
606	-16.7946	-13.2952	-12.4785	0.0484515	0.936551	0.0149975	1.09952
607	-46.0122	-36.0538	-26.3219	6.7414e-07	0.00831973	0.99168	10.3297
608	-9.97466	-10.318	-13.8283	0.707	0.292938	6.19531e-05	0.393909
609	-24.8651	-19.5106	-17.1458	0.00746959	0.923034	0.0694965	1.64741
610	-20.7846	-17.2623	-16.2125	0.0472171	0.933904	0.0188786	1.13709
611	-16.3014	-12.7774	-11.8876	0.0472721	0.936595	0.0161329	1.11121
612	-19.9972	-18.3986	-19.2785	0.256572	0.741253	0.00217553	0.800304
613	-10.9716	-9.52005	-11.9335	0.286091	0.713458	0.000451852	0.758758
614	-4.60302	-5.0181	-9.16549	0.721654	0.278315	3.1125e-05	0.381045
615	-10.9716	-9.52005	-11.9335	0.286091	0.713458	0.000451852	0.758758
616	-37.7558	-30.4173	-25.587	0.000589644	0.529869	0.469541	5.41692
617	-5.01472	-5.53845	-10.2862	0.742955	0.257029	1.57702e-05	0.362622
618	-28.5542	-25.987	-22.2959	0.0928661	0.706685	0.200449	2.80613
619	-8.21843	-8.6079	-12.5421	0.716475	0.283486	3.92379e-05	0.385565
620	-20.936	-17.4026	-16.3662	0.0467361	0.93462	0.0186437	1.1353
621	-20.5826	-17.2505	-17.6379	0.0573715	0.938123	0.00450588	0.993161
622	-10.192	-8.66004	-10.5691	0.269875	0.72936	0.000764873	0.775617
623	-11.3265	-9.72855	-10.7807	0.256801	0.741367	0.00183168	0.796873
624	-3.60008	-3.99174	-7.92062	0.71692	0.283041	3.9384e-05	0.385185
625	-36.9086	-29.468	-23.6479	0.000296807	0.295373	0.70433	7.62606
626	-27.0184	-21.4538	-17.3647	0.00459075	0.699845	0.295564	3.77672
627	-3.60008	-3.99174	-7.92062	0.71692	0.283041	3.9384e-05	0.385185
628	-26.2157	-20.796	-17.4227	0.00624542	0.823711	0.170043	2.5944
629	-27.398	-21.9518	-18.9141	0.00639254	0.865833	0.127774	2.19661
630	-17.3346	-13.7872	-12.7869	0.0461465	0.935849	0.0180043	1.12979
631	-15.1789	-13.8006	-16.5485	0.301317	0.698367	0.000316542	0.744419
632	-76.616	-60.6823	-42.9666	5.88843e-13	2.86003e-06	0.999997	10.4079
634	-28.6673	-23.2962	-20.5494	0.0071173	0.894222	0.0986606	1.92209
635	-3.79264	-4.35256	-9.9137	0.749812	0.250181	6.8053e-06	0.356654
636	-4.86131	-5.29399	-9.51466	0.725177	0.274794	2.856e-05	0.377997
637	-9.28004	-9.76954	-14.3227	0.73636	0.263621	1.96488e-05	0.368318
638	-14.8435	-13.2338	-14.367	0.254596	0.74371	0.00169448	0.797474
639	-4.68416	-4.96322	-7.7905	0.693463	0.306409	0.00012829	0.406149
640	-9.40994	-9.7476	-13.1514	0.705814	0.294117	6.919e-05	0.394995
