Sites	Ll_YN98.omega=0.00206337	Ll_YN98.omega=0.00771426	Ll_YN98.omega=0.0302981	Ll_YN98.omega=0.174557	Ll_YN98.omega=1	Pr_YN98.omega=0.00206337	Pr_YN98.omega=0.00771426	Pr_YN98.omega=0.0302981	Pr_YN98.omega=0.174557	Pr_YN98.omega=1	mean
1	-3.9751	-3.97857	-3.99245	-4.08102	-4.58623	0.246009	0.245157	0.241779	0.221285	0.0457696	0.0941206
2	-13.0327	-11.7179	-10.3658	-8.7161	-7.54832	0.00566164	0.021083	0.0814984	0.424237	0.46752	0.544217
3	-13.2485	-11.9326	-10.5758	-8.89668	-7.56143	0.00505167	0.0188333	0.0731388	0.392097	0.510879	0.581694
4	-3.9751	-3.97857	-3.99245	-4.08102	-4.58623	0.24601	0.245157	0.241779	0.221285	0.0457693	0.0941204
6	-3.77307	-3.77526	-3.78404	-3.84006	-4.1596	0.240674	0.240146	0.238048	0.225078	0.0560526	0.104903
7	-3.77307	-3.77526	-3.78404	-3.84006	-4.15959	0.240674	0.240146	0.238048	0.225078	0.0560526	0.104903
8	-13.8705	-12.554	-11.1949	-9.5009	-8.08123	0.00475566	0.0177401	0.0690541	0.375749	0.532701	0.60053
9	-3.31738	-3.32056	-3.33328	-3.41447	-3.87605	0.244823	0.244045	0.24096	0.22217	0.048002	0.0964717
10	-6.21317	-6.21516	-6.22311	-6.27387	-6.56355	0.239768	0.239291	0.237396	0.225647	0.0578971	0.106819
11	-7.22482	-7.22736	-7.23752	-7.30232	-7.67183	0.242159	0.241545	0.239105	0.224101	0.0530888	0.101815
12	-3.77307	-3.77526	-3.78404	-3.84006	-4.15959	0.240674	0.240146	0.238048	0.225078	0.0560526	0.104903
13	-3.77307	-3.77526	-3.78404	-3.84006	-4.15959	0.240674	0.240146	0.238048	0.225078	0.0560526	0.104903
14	-20.2138	-18.8969	-17.5361	-15.8315	-14.3501	0.00454626	0.016966	0.0661501	0.363777	0.548561	0.614205
15	-11.171	-11.1751	-11.1914	-11.2956	-11.8887	0.248395	0.247383	0.243378	0.219301	0.0415436	0.0896189
16	-15.1408	-13.8264	-12.4757	-10.8349	-9.71699	0.00584927	0.0217741	0.084053	0.433672	0.454652	0.533079
17	-8.5354	-8.53938	-8.55525	-8.65654	-9.23319	0.24796	0.246977	0.243088	0.219672	0.042303	0.0904302
18	-4.34121	-4.34666	-4.36844	-4.50729	-5.29178	0.253346	0.251968	0.24654	0.214579	0.0335675	0.0809598
28	-4.32841	-4.33139	-4.34331	-4.4193	-4.85013	0.243974	0.243248	0.240366	0.222776	0.0496359	0.0981855
29	-3.77307	-3.77526	-3.78404	-3.84006	-4.15959	0.240674	0.240146	0.238048	0.225078	0.0560526	0.104903
30	-8.15191	-8.15433	-8.16401	-8.22575	-8.57698	0.241635	0.241051	0.23873	0.224436	0.0541487	0.102917
31	-20.1037	-18.7875	-17.4296	-15.7431	-14.3666	0.00490543	0.0182934	0.071124	0.384108	0.521569	0.590924
32	-14.2894	-12.9755	-11.6268	-9.99889	-8.95107	0.00611961	0.0227688	0.0877131	0.446735	0.436663	0.51749
33	-32.1759	-30.8602	-29.504	-27.8283	-26.5127	0.0051219	0.0190925	0.0741045	0.395882	0.505799	0.577306
34	-9.79375	-9.79599	-9.80494	-9.86212	-10.1879	0.240867	0.240328	0.238185	0.224949	0.0556701	0.104504
35	-3.77307	-3.77526	-3.78404	-3.84006	-4.15959	0.240674	0.240146	0.238048	0.225078	0.0560526	0.104903
36	-3.31738	-3.32056	-3.33328	-3.41447	-3.87605	0.244823	0.244045	0.24096	0.22217	0.048002	0.0964717
37	-8.0479	-8.0527	-8.07186	-8.1941	-8.88649	0.251023	0.249821	0.245078	0.216878	0.0372005	0.0849285
38	-9.46217	-9.46376	-9.47012	-9.51072	-9.7423	0.237974	0.237596	0.236089	0.226695	0.0616454	0.110694
39	-13.368	-13.3723	-13.3897	-13.5006	-14.1277	0.24936	0.248277	0.243995	0.21838	0.0399883	0.0879304
40	-3.30188	-3.30601	-3.32248	-3.42758	-4.02535	0.248529	0.247507	0.243464	0.219174	0.0413252	0.0893822
41	-9.08059	-9.08358	-9.09551	-9.17122	-9.58654	0.243769	0.243042	0.240159	0.222648	0.0503827	0.0989016
42	-3.33118	-3.33377	-3.34409	-3.41001	-3.7858	0.242344	0.241719	0.239236	0.223974	0.0527265	0.101436
43	-4.18377	-4.18879	-4.20884	-4.33683	-5.06523	0.251871	0.25061	0.245634	0.216124	0.03576	0.0833811
44	-8.7928	-8.79518	-8.8047	-8.86541	-9.21155	0.241471	0.240897	0.238617	0.224559	0.054455	0.10324
45	-3.89172	-3.89478	-3.90702	-3.98513	-4.43008	0.244339	0.243592	0.240629	0.222549	0.0488902	0.0974115
46	-13.1992	-13.2022	-13.2143	-13.2912	-13.7294	0.244147	0.243412	0.240496	0.222691	0.0492537	0.0977941
47	-10.8033	-10.8059	-10.8164	-10.8833	-11.2622	0.242475	0.24184	0.239317	0.223837	0.0525311	0.10122
48	-3.51703	-3.52235	-3.54365	-3.67949	-4.45097	0.252961	0.251617	0.246316	0.215028	0.0340785	0.0815391
49	-7.08124	-7.08619	-7.10596	-7.23205	-7.94558	0.251567	0.250325	0.245424	0.21635	0.0363335	0.0839849
50	-6.05537	-6.05761	-6.06656	-6.12374	-6.45002	0.240874	0.240335	0.238192	0.224955	0.055645	0.10448
51	-3.89172	-3.89478	-3.90702	-3.98513	-4.43008	0.244339	0.243592	0.240629	0.222549	0.0488902	0.0974115
52	-3.77307	-3.77526	-3.78404	-3.84006	-4.15959	0.240674	0.240146	0.238048	0.225078	0.0560526	0.104903
53	-4.16247	-4.1675	-4.18763	-4.31592	-5.04116	0.251874	0.250609	0.245616	0.216042	0.0358596	0.0834659
54	-12.9652	-12.9677	-12.978	-13.0433	-13.4148	0.242233	0.241614	0.239153	0.224032	0.052968	0.101684
55	-6.31701	-6.31873	-6.32561	-6.3695	-6.6201	0.238564	0.238154	0.236522	0.226364	0.0603963	0.109405
56	-25.1475	-22.515	-19.7984	-16.4202	-13.6311	2.45127e-05	0.000340966	0.00515821	0.151233	0.843244	0.869801
57	-3.97561	-3.98016	-3.99831	-4.11406	-4.76949	0.250081	0.248947	0.244469	0.217748	0.038756	0.0866087
58	-3.89172	-3.89478	-3.90702	-3.98513	-4.43008	0.244339	0.243592	0.240629	0.222549	0.0488902	0.0974115
59	-7.68036	-7.683	-7.69353	-7.76066	-8.14048	0.242512	0.241874	0.23934	0.2238	0.0524736	0.101157
60	-10.7801	-10.783	-10.7943	-10.8664	-11.2752	0.243341	0.242653	0.239925	0.223235	0.0508457	0.0994562
61	-4.06093	-4.06539	-4.08323	-4.19711	-4.84523	0.249836	0.248723	0.244324	0.218026	0.0390903	0.0869851
62	-3.72015	-3.72537	-3.74621	-3.8791	-4.62993	0.252518	0.251203	0.246021	0.215408	0.0348508	0.0823645
63	-12.4099	-12.4135	-12.4281	-12.5211	-13.0458	0.246635	0.245737	0.242179	0.220686	0.0447624	0.0930268
64	-3.24825	-3.25079	-3.26092	-3.32564	-3.69481	0.242146	0.241533	0.239097	0.224114	0.0531096	0.101837
65	-12.5359	-12.5398	-12.5554	-12.6547	-13.2185	0.247642	0.246679	0.24287	0.219915	0.0428943	0.0910544
66	-2.93457	-2.93753	-2.94937	-3.0249	-3.45534	0.243925	0.243203	0.240342	0.222857	0.0496731	0.0982356
67	-7.91007	-7.91305	-7.92495	-8.0008	-8.4293	0.243934	0.243208	0.240331	0.222775	0.0497515	0.0982995
68	-4.16247	-4.1675	-4.18763	-4.31592	-5.04116	0.251874	0.250609	0.245616	0.216042	0.0358596	0.0834659
69	-15.2056	-15.2072	-15.2138	-15.2555	-15.4935	0.238176	0.237787	0.236237	0.226579	0.0612198	0.110254
70	-10.2011	-10.2042	-10.2164	-10.2947	-10.7412	0.244376	0.243626	0.240656	0.222529	0.0488129	0.0973319
71	-3.27728	-3.28234	-3.30252	-3.43126	-4.15992	0.251944	0.250674	0.245664	0.21599	0.0357282	0.0833275
72	-4.09903	-4.1037	-4.12234	-4.24127	-4.91746	0.250567	0.249401	0.244796	0.217346	0.0378895	0.0856865
73	-24.0202	-24.0219	-24.0288	-24.073	-24.3245	0.238602	0.23819	0.236548	0.226329	0.0603311	0.109335
74	-9.71057	-9.71344	-9.72488	-9.7979	-10.2132	0.243506	0.242809	0.240047	0.223144	0.0504946	0.0990944
75	-19.9402	-19.9434	-19.956	-20.0367	-20.4931	0.244717	0.243943	0.240875	0.222203	0.0482609	0.0967328
76	-5.16255	-5.1647	-5.17328	-5.22808	-5.54088	0.240468	0.239952	0.237901	0.225214	0.0564655	0.105333
77	-7.5297	-7.53217	-7.54206	-7.60518	-7.96508	0.241877	0.241279	0.238905	0.224292	0.0536468	0.102397
78	-3.89172	-3.89478	-3.90702	-3.98513	-4.43008	0.244339	0.243592	0.240629	0.222549	0.0488902	0.0974115
79	-4.06093	-4.06539	-4.08323	-4.19711	-4.84523	0.249836	0.248723	0.244324	0.218026	0.0390903	0.0869851
80	-20.4116	-19.0973	-17.7468	-16.1078	-14.9982	0.00588281	0.0218973	0.0845036	0.435201	0.452515	0.531224
81	-6.21317	-6.21516	-6.22311	-6.27387	-6.56355	0.239768	0.239291	0.237396	0.225647	0.0578971	0.106819
82	-3.96662	-3.97151	-3.99106	-4.1158	-4.8247	0.2514	0.250173	0.24533	0.21656	0.0365375	0.0842211
83	-15.1351	-15.1401	-15.1599	-15.2862	-15.9994	0.251582	0.250338	0.245428	0.216315	0.0363381	0.0839836
84	-2.93457	-2.93753	-2.94937	-3.0249	-3.45534	0.243925	0.243203	0.240342	0.222857	0.0496731	0.0982356
85	-14.7663	-14.7676	-14.7724	-14.8033	-14.9793	0.236208	0.235922	0.234784	0.227647	0.0654397	0.114598
86	-7.11238	-7.11497	-7.12536	-7.19165	-7.57	0.242412	0.241783	0.239285	0.223937	0.0525829	0.101288
87	-3.89172	-3.89478	-3.90702	-3.98513	-4.43008	0.244339	0.243592	0.240629	0.222549	0.0488902	0.0974115
88	-11.738	-11.7401	-11.7487	-11.8037	-12.1169	0.240484	0.239967	0.237912	0.2252	0.0564381	0.105304
89	-3.64772	-3.65214	-3.66982	-3.78261	-4.42428	0.249674	0.248572	0.244217	0.218169	0.0393685	0.0872833
90	-4.16247	-4.1675	-4.18763	-4.31592	-5.04116	0.251874	0.250609	0.245616	0.216042	0.0358596	0.0834659
91	-3.72015	-3.72537	-3.74621	-3.8791	-4.62993	0.252518	0.251203	0.246021	0.215408	0.0348508	0.0823645
92	-10.2492	-10.2521	-10.2635	-10.3362	-10.7473	0.243427	0.242733	0.239981	0.223153	0.0507071	0.0993057
93	-3.97561	-3.98016	-3.99831	-4.11406	-4.76949	0.250081	0.248947	0.244469	0.217748	0.038756	0.0866087
94	-3.96662	-3.97151	-3.99106	-4.1158	-4.8247	0.2514	0.250173	0.24533	0.21656	0.0365375	0.0842211
95	-3.72015	-3.72537	-3.74621	-3.8791	-4.62993	0.252518	0.251203	0.246021	0.215408	0.0348508	0.0823645
96	-3.09815	-3.10291	-3.12192	-3.24327	-3.93331	0.250917	0.249726	0.245022	0.217023	0.0373128	0.0850635
97	-9.04798	-9.05234	-9.06978	-9.18107	-9.8139	0.24945	0.248363	0.244069	0.218364	0.0397539	0.0876963
98	-6.11762	-6.11987	-6.12883	-6.18608	-6.5129	0.240888	0.240348	0.238202	0.224949	0.0556136	0.104448
99	-7.11238	-7.11497	-7.12536	-7.19165	-7.57	0.242412	0.241783	0.239285	0.223937	0.0525829	0.101288
100	-3.89172	-3.89478	-3.90702	-3.98513	-4.43008	0.244339	0.243592	0.240629	0.222549	0.0488902	0.0974115
101	-14.8733	-14.8761	-14.8872	-14.9581	-15.3588	0.243124	0.242448	0.239769	0.22337	0.0512888	0.0999161
102	-12.089	-12.0916	-12.1016	-12.1657	-12.5271	0.241988	0.24138	0.238966	0.224139	0.0535272	0.102254
103	-5.16255	-5.1647	-5.17328	-5.22808	-5.54088	0.240468	0.239952	0.237901	0.225214	0.0564655	0.105333
104	-3.96662	-3.97151	-3.99106	-4.1158	-4.8247	0.2514	0.250173	0.24533	0.21656	0.0365375	0.0842211
105	-4.16247	-4.1675	-4.18763	-4.31592	-5.04116	0.251874	0.250609	0.245616	0.216042	0.0358596	0.0834659
106	-5.40185	-5.40335	-5.40933	-5.4475	-5.66535	0.23754	0.237184	0.235771	0.22694	0.0625656	0.111643
107	-8.74323	-8.74645	-8.7593	-8.84135	-9.30783	0.244961	0.244174	0.241054	0.222066	0.0477449	0.0962006
108	-10.0303	-10.035	-10.0537	-10.1726	-10.8488	0.250568	0.249402	0.244796	0.217345	0.0378888	0.0856856
109	-8.99951	-9.00235	-9.01369	-9.08577	-9.48437	0.243219	0.242529	0.239793	0.223118	0.0513403	0.0999252
110	-3.77307	-3.77526	-3.78404	-3.84006	-4.15959	0.240674	0.240146	0.238048	0.225078	0.0560526	0.104903
111	-3.9751	-3.97857	-3.99245	-4.08102	-4.58623	0.24601	0.245157	0.241779	0.221285	0.0457694	0.0941205
112	-7.18527	-7.18774	-7.19764	-7.26082	-7.62026	0.241877	0.241279	0.238902	0.224275	0.0536677	0.102415
113	-3.4029	-3.40558	-3.41632	-3.48485	-3.8755	0.242778	0.242127	0.239541	0.223675	0.0518795	0.10055
114	-4.14334	-4.14636	-4.15845	-4.23561	-4.67545	0.24419	0.243452	0.240527	0.222665	0.0491661	0.0977032
115	-7.22482	-7.22736	-7.23752	-7.30232	-7.67183	0.242159	0.241545	0.239105	0.224101	0.0530887	0.101815
116	-14.1797	-14.1827	-14.1946	-14.2702	-14.6969	0.243891	0.243168	0.240299	0.222798	0.0498441	0.0983948
117	-3.09815	-3.10291	-3.12193	-3.24327	-3.93331	0.250917	0.249726	0.245022	0.217023	0.0373127	0.0850634
118	-3.89172	-3.89479	-3.90702	-3.98513	-4.43008	0.244339	0.243592	0.240629	0.222549	0.0488901	0.0974115
119	-4.22329	-4.22591	-4.23638	-4.30323	-4.68445	0.242501	0.241866	0.239347	0.22387	0.0524166	0.101112
120	-3.96662	-3.97151	-3.99106	-4.1158	-4.82471	0.2514	0.250173	0.24533	0.21656	0.0365374	0.084221
121	-10.274	-10.277	-10.2888	-10.3645	-10.795	0.24394	0.243217	0.240349	0.222828	0.0496669	0.0982247
122	-4.22329	-4.22591	-4.23638	-4.30323	-4.68445	0.242501	0.241866	0.239347	0.22387	0.0524166	0.101112
123	-3.27728	-3.28234	-3.30253	-3.43126	-4.15993	0.251944	0.250674	0.245664	0.21599	0.0357281	0.0833274
124	-9.74079	-9.74492	-9.76141	-9.86667	-10.4653	0.248552	0.247528	0.243479	0.219153	0.0412877	0.0893417
125	-17.7447	-17.7478	-17.7602	-17.8393	-18.2866	0.244458	0.2437	0.240697	0.222403	0.0487419	0.0972409
126	-3.24825	-3.25079	-3.26092	-3.32564	-3.69481	0.242146	0.241533	0.239097	0.224114	0.0531095	0.101837
127	-3.9751	-3.97857	-3.99245	-4.08102	-4.58623	0.24601	0.245157	0.241779	0.221285	0.0457693	0.0941204
128	-3.96662	-3.97151	-3.99106	-4.1158	-4.82471	0.2514	0.250173	0.24533	0.21656	0.0365374	0.084221
129	-3.4029	-3.40558	-3.41632	-3.48485	-3.8755	0.242778	0.242127	0.239541	0.223675	0.0518794	0.10055
130	-4.05097	-4.05368	-4.06452	-4.13369	-4.52798	0.242883	0.242226	0.239615	0.223602	0.0516735	0.100334
131	-11.1791	-11.1814	-11.1905	-11.2488	-11.5803	0.241043	0.240494	0.238309	0.22483	0.055324	0.104142
132	-5.40186	-5.40335	-5.40933	-5.4475	-5.66535	0.23754	0.237184	0.235771	0.22694	0.0625655	0.111643
133	-3.24825	-3.25079	-3.26092	-3.32564	-3.69481	0.242146	0.241533	0.239097	0.224114	0.0531095	0.101837
134	-9.57172	-9.57405	-9.58336	-9.64269	-9.97716	0.241189	0.240628	0.238398	0.224665	0.0551202	0.103914
135	-3.77307	-3.77526	-3.78404	-3.84006	-4.1596	0.240674	0.240146	0.238048	0.225078	0.0560526	0.104903
136	-3.80807	-3.81064	-3.82093	-3.88657	-4.26046	0.242295	0.241672	0.239199	0.224001	0.0528333	0.101546
137	-10.0182	-10.0207	-10.0308	-10.0953	-10.4631	0.242106	0.241495	0.239069	0.224141	0.0531884	0.10192
138	-7.5609	-7.56568	-7.58477	-7.7065	-8.3957	0.250947	0.24975	0.245028	0.216944	0.0373309	0.0850683
139	-2.93457	-2.93753	-2.94937	-3.0249	-3.45534	0.243925	0.243203	0.240342	0.222857	0.0496731	0.0982356
140	-3.30188	-3.30601	-3.32248	-3.42758	-4.02535	0.24853	0.247507	0.243464	0.219174	0.0413251	0.0893821
141	-4.05097	-4.05368	-4.06452	-4.13369	-4.52798	0.242883	0.242226	0.239615	0.223602	0.0516735	0.100334
142	-3.09815	-3.10291	-3.12193	-3.24327	-3.93331	0.250917	0.249726	0.245022	0.217023	0.0373127	0.0850634
143	-9.38271	-9.38558	-9.39705	-9.47022	-9.88682	0.243535	0.242838	0.240069	0.22313	0.0504271	0.0990254
144	-9.47426	-9.47702	-9.48802	-9.55821	-9.95546	0.243018	0.242349	0.239697	0.22345	0.0514858	0.100124
145	-3.30188	-3.30601	-3.32248	-3.42758	-4.02535	0.24853	0.247507	0.243464	0.219174	0.0413251	0.0893821
146	-3.51703	-3.52236	-3.54365	-3.67949	-4.45097	0.252961	0.251617	0.246316	0.215028	0.0340784	0.081539
147	-3.51703	-3.52236	-3.54365	-3.67949	-4.45097	0.252961	0.251617	0.246316	0.215028	0.0340784	0.081539
148	-9.64706	-9.64893	-9.6564	-9.70405	-9.97457	0.239206	0.238759	0.236982	0.225955	0.0590974	0.108055
149	-2.93457	-2.93753	-2.94937	-3.0249	-3.45534	0.243925	0.243203	0.240342	0.222857	0.0496731	0.0982356
150	-2.93457	-2.93753	-2.94937	-3.0249	-3.45534	0.243925	0.243203	0.240342	0.222857	0.0496731	0.0982356
151	-9.27551	-9.27828	-9.28935	-9.35997	-9.76052	0.243099	0.242426	0.239757	0.22341	0.0513074	0.0999411
152	-3.77307	-3.77526	-3.78404	-3.84006	-4.1596	0.240674	0.240146	0.238048	0.225078	0.0560526	0.104903
153	-3.51703	-3.52236	-3.54365	-3.67949	-4.45097	0.252961	0.251617	0.246316	0.215028	0.0340784	0.081539
154	-15.8257	-15.8294	-15.8441	-15.9378	-16.4704	0.246796	0.24589	0.242302	0.220613	0.044399	0.0926559
155	-2.93457	-2.93753	-2.94937	-3.0249	-3.45534	0.243925	0.243203	0.240342	0.222857	0.0496731	0.0982356
156	-3.30188	-3.30601	-3.32248	-3.42758	-4.02535	0.24853	0.247507	0.243464	0.219174	0.0413251	0.0893821
157	-8.72366	-8.72781	-8.74436	-8.84997	-9.45022	0.248602	0.247574	0.24351	0.219104	0.0412095	0.0892563
158	-11.7808	-11.7833	-11.7929	-11.8546	-12.2054	0.241626	0.241042	0.238722	0.224437	0.0541727	0.10294
159	-3.24825	-3.25079	-3.26092	-3.32564	-3.69481	0.242146	0.241533	0.239097	0.224114	0.0531095	0.101837
160	-3.09815	-3.10291	-3.12193	-3.24327	-3.93331	0.250917	0.249726	0.245022	0.217023	0.0373127	0.0850634
161	-9.5381	-9.54216	-9.55838	-9.66188	-10.2506	0.24829	0.247284	0.243305	0.219382	0.0417401	0.0898262
162	-4.16247	-4.16751	-4.18763	-4.31592	-5.04116	0.251874	0.250609	0.245616	0.216042	0.0358596	0.0834658
163	-7.8061	-7.80917	-7.82143	-7.89969	-8.34462	0.244353	0.243605	0.240635	0.222522	0.0488847	0.0974016
164	-16.6663	-16.6706	-16.6879	-16.7984	-17.4244	0.249311	0.248232	0.243968	0.218445	0.0400442	0.0879964
165	-3.09815	-3.10291	-3.12193	-3.24327	-3.93331	0.250917	0.249726	0.245022	0.217023	0.0373127	0.0850634
166	-7.64328	-7.64752	-7.66449	-7.77277	-8.38828	0.249001	0.247946	0.243774	0.218757	0.0405214	0.0885193
167	-3.09815	-3.10291	-3.12193	-3.24327	-3.93331	0.250917	0.249726	0.245022	0.217023	0.0373127	0.0850634
168	-8.34405	-8.34833	-8.36545	-8.47465	-9.09519	0.249136	0.248071	0.243862	0.218635	0.0402953	0.0882758
169	-4.09903	-4.1037	-4.12234	-4.24127	-4.91747	0.250567	0.249401	0.244796	0.217346	0.0378894	0.0856864
170	-3.89172	-3.89479	-3.90702	-3.98513	-4.43008	0.244339	0.243592	0.240629	0.222549	0.0488901	0.0974115
171	-7.66691	-7.67121	-7.68842	-7.79814	-8.42028	0.249202	0.248131	0.243899	0.218552	0.0402161	0.0881838
172	-3.30188	-3.30601	-3.32248	-3.42758	-4.02535	0.24853	0.247507	0.243464	0.219174	0.0413251	0.0893821
173	-3.9751	-3.97857	-3.99245	-4.08102	-4.58623	0.24601	0.245157	0.241779	0.221285	0.0457693	0.0941204
174	-3.77307	-3.77526	-3.78404	-3.84006	-4.1596	0.240674	0.240146	0.238048	0.225078	0.0560526	0.104903
175	-3.27728	-3.28234	-3.30253	-3.43126	-4.15993	0.251944	0.250674	0.245664	0.21599	0.0357281	0.0833274
176	-3.7297	-3.73418	-3.75209	-3.86634	-4.51545	0.249881	0.248763	0.244348	0.217967	0.0390409	0.0869263
177	-3.77307	-3.77526	-3.78404	-3.84006	-4.1596	0.240674	0.240146	0.238048	0.225078	0.0560526	0.104903
178	-12.6707	-12.6738	-12.6862	-12.7652	-13.215	0.244487	0.24373	0.240729	0.222427	0.0486262	0.0971306
179	-3.24825	-3.25079	-3.26092	-3.32564	-3.69481	0.242146	0.241533	0.239097	0.224114	0.0531095	0.101837
180	-2.93457	-2.93753	-2.94937	-3.0249	-3.45534	0.243925	0.243203	0.240342	0.222857	0.0496731	0.0982356
181	-3.27728	-3.28234	-3.30253	-3.43126	-4.15993	0.251944	0.250674	0.245664	0.21599	0.0357281	0.0833274
182	-3.30188	-3.30601	-3.32248	-3.42758	-4.02535	0.24853	0.247507	0.243464	0.219174	0.0413251	0.0893821
183	-8.36572	-8.3705	-8.38957	-8.51126	-9.20168	0.250953	0.249757	0.245038	0.216964	0.0372883	0.0850295
184	-7.06587	-7.07041	-7.08852	-7.20404	-7.85867	0.250052	0.248921	0.244452	0.217783	0.038793	0.0866511
185	-4.05097	-4.05368	-4.06452	-4.13369	-4.52798	0.242883	0.242226	0.239615	0.223602	0.0516735	0.100334
186	-14.4535	-14.4562	-14.467	-14.5362	-14.9301	0.242878	0.24222	0.23961	0.223599	0.0516929	0.100353
187	-3.97561	-3.98016	-3.99831	-4.11406	-4.76949	0.250081	0.248947	0.244469	0.217748	0.0387559	0.0866086
188	-3.97561	-3.98016	-3.99831	-4.11406	-4.76949	0.250081	0.248947	0.244469	0.217748	0.0387559	0.0866086
189	-2.93457	-2.93753	-2.94937	-3.0249	-3.45534	0.243925	0.243203	0.240342	0.222857	0.0496731	0.0982356
190	-4.34121	-4.34666	-4.36844	-4.50729	-5.29178	0.253346	0.251968	0.24654	0.214579	0.0335675	0.0809598
191	-10.0596	-10.0623	-10.0733	-10.1434	-10.5403	0.243002	0.242335	0.239687	0.223469	0.0515074	0.100148
192	-8.88404	-8.88719	-8.89976	-8.97996	-9.43593	0.244666	0.243897	0.240851	0.222288	0.0482977	0.0967832
193	-13.061	-13.066	-13.0859	-13.2128	-13.9302	0.251676	0.250425	0.24549	0.216237	0.0361723	0.083807
194	-4.06093	-4.06539	-4.08324	-4.19712	-4.84523	0.249836	0.248723	0.244324	0.218026	0.0390903	0.086985
195	-3.51703	-3.52236	-3.54365	-3.67949	-4.45097	0.252961	0.251617	0.246316	0.215028	0.0340784	0.081539
196	-4.19713	-4.20218	-4.22236	-4.35112	-5.08181	0.251963	0.250693	0.245684	0.216002	0.035658	0.0832603
197	-11.2992	-11.3023	-11.3147	-11.3939	-11.8418	0.244475	0.243716	0.240709	0.22239	0.0487099	0.0972072
198	-3.24825	-3.25079	-3.26092	-3.32564	-3.69481	0.242146	0.241533	0.239097	0.224114	0.0531095	0.101837
199	-6.05537	-6.05761	-6.06656	-6.12374	-6.45003	0.240874	0.240335	0.238192	0.224955	0.0556449	0.10448
200	-5.43979	-5.44188	-5.45024	-5.50359	-5.80758	0.24021	0.239709	0.237714	0.225365	0.0570028	0.105889
201	-2.93457	-2.93753	-2.94937	-3.0249	-3.45534	0.243925	0.243203	0.240342	0.222857	0.0496731	0.0982356
202	-3.96662	-3.97151	-3.99106	-4.1158	-4.82471	0.2514	0.250173	0.24533	0.21656	0.0365374	0.084221
203	-4.32841	-4.33139	-4.34331	-4.4193	-4.85013	0.243974	0.243248	0.240366	0.222776	0.0496359	0.0981855
204	-3.24825	-3.25079	-3.26092	-3.32564	-3.69481	0.242146	0.241533	0.239097	0.224114	0.0531095	0.101837
205	-3.31738	-3.32056	-3.33328	-3.41447	-3.87605	0.244823	0.244045	0.24096	0.22217	0.0480019	0.0964716
206	-3.27728	-3.28234	-3.30253	-3.43126	-4.15993	0.251944	0.250674	0.245664	0.21599	0.0357281	0.0833274
207	-9.84481	-9.84712	-9.85637	-9.91532	-10.2485	0.241135	0.240578	0.238363	0.224718	0.0552049	0.104006
208	-20.0873	-20.0913	-20.1074	-20.2097	-20.7869	0.248066	0.24707	0.243135	0.219484	0.0422452	0.090342
209	-16.7278	-16.7313	-16.7454	-16.8349	-17.3441	0.246148	0.245284	0.241865	0.221143	0.0455598	0.09389
210	-3.30188	-3.30601	-3.32248	-3.42758	-4.02535	0.24853	0.247507	0.243464	0.219174	0.0413251	0.0893821
211	-4.19713	-4.20218	-4.22236	-4.35112	-5.08181	0.251963	0.250693	0.245684	0.216002	0.035658	0.0832603
212	-4.18377	-4.18879	-4.20884	-4.33683	-5.06523	0.251871	0.25061	0.245634	0.216124	0.0357599	0.083381
213	-11.0852	-11.0889	-11.1036	-11.1969	-11.7255	0.246717	0.245814	0.242241	0.220645	0.0445835	0.0928433
214	-3.30188	-3.30601	-3.32248	-3.42758	-4.02535	0.24853	0.247507	0.243464	0.219174	0.0413251	0.0893821
215	-4.32841	-4.33139	-4.34331	-4.4193	-4.85013	0.243974	0.243248	0.240366	0.222776	0.0496359	0.0981855
216	-3.27728	-3.28234	-3.30253	-3.43126	-4.15993	0.251944	0.250674	0.245664	0.21599	0.0357281	0.0833274
217	-19.2244	-19.2277	-19.2412	-19.3269	-19.8131	0.245533	0.244708	0.241441	0.221604	0.0467142	0.0951063
218	-10.7987	-10.8013	-10.8114	-10.876	-11.2445	0.242128	0.241516	0.239084	0.224127	0.0531457	0.101875
219	-7.35673	-7.3618	-7.38206	-7.51125	-8.24234	0.252007	0.250733	0.245703	0.215926	0.0356311	0.0832209
220	-3.77307	-3.77526	-3.78404	-3.84006	-4.1596	0.240674	0.240146	0.238048	0.225078	0.0560526	0.104903
221	-2.93457	-2.93753	-2.94937	-3.0249	-3.45534	0.243925	0.243203	0.240342	0.222857	0.0496731	0.0982356
222	-3.4029	-3.40558	-3.41632	-3.48485	-3.8755	0.242778	0.242127	0.239541	0.223675	0.0518794	0.10055
223	-3.30188	-3.30601	-3.32248	-3.42758	-4.02535	0.24853	0.247507	0.243464	0.219174	0.0413251	0.0893821
224	-3.30188	-3.30601	-3.32248	-3.42758	-4.02535	0.24853	0.247507	0.243464	0.219174	0.0413251	0.0893821
225	-4.16247	-4.16751	-4.18763	-4.31592	-5.04116	0.251874	0.250609	0.245616	0.216042	0.0358596	0.0834658
226	-3.89172	-3.89479	-3.90702	-3.98513	-4.43008	0.244339	0.243592	0.240629	0.222549	0.0488901	0.0974115
227	-3.77307	-3.77526	-3.78404	-3.84006	-4.1596	0.240674	0.240146	0.238048	0.225078	0.0560526	0.104903
228	-9.22758	-9.22998	-9.23957	-9.30078	-9.64994	0.241557	0.240978	0.238679	0.224507	0.0542782	0.103056
229	-3.89172	-3.89479	-3.90702	-3.98513	-4.43008	0.244339	0.243592	0.240629	0.222549	0.0488901	0.0974115
230	-3.09815	-3.10291	-3.12193	-3.24327	-3.93331	0.250917	0.249726	0.245022	0.217023	0.0373127	0.0850634
231	-9.4124	-9.41501	-9.42545	-9.4921	-9.87204	0.242466	0.241833	0.239322	0.223891	0.0524882	0.101187
232	-19.8746	-18.5601	-17.2089	-15.5652	-14.4308	0.00578761	0.021547	0.0832126	0.430548	0.458905	0.536759
233	-3.72015	-3.72537	-3.74621	-3.8791	-4.62993	0.252518	0.251203	0.246021	0.215408	0.0348507	0.0823644
234	-8.30647	-8.309	-8.31913	-8.38376	-8.7522	0.242129	0.241517	0.239084	0.224121	0.05315	0.101878
235	-7.06587	-7.07041	-7.08852	-7.20404	-7.85867	0.250052	0.248921	0.244452	0.217783	0.038793	0.0866511
236	-3.7297	-3.73418	-3.75209	-3.86634	-4.51545	0.249881	0.248763	0.244348	0.217967	0.0390409	0.0869263
237	-3.24825	-3.25079	-3.26092	-3.32564	-3.69481	0.242146	0.241533	0.239097	0.224114	0.0531095	0.101837
238	-3.77307	-3.77526	-3.78404	-3.84006	-4.1596	0.240674	0.240146	0.238048	0.225078	0.0560526	0.104903
239	-11.5533	-11.5563	-11.5683	-11.645	-12.0811	0.244099	0.243366	0.24046	0.222713	0.0493609	0.0979035
240	-3.31738	-3.32056	-3.33328	-3.41447	-3.87605	0.244823	0.244045	0.24096	0.22217	0.0480019	0.0964716
241	-3.09815	-3.10291	-3.12193	-3.24327	-3.93331	0.250917	0.249726	0.245022	0.217023	0.0373127	0.0850634
242	-21.9426	-19.3097	-16.5918	-13.2051	-10.3723	2.3385e-05	0.000325389	0.00492916	0.145742	0.84898	0.874572
243	-3.4029	-3.40558	-3.41632	-3.48485	-3.8755	0.242778	0.242127	0.239541	0.223675	0.0518794	0.10055
244	-8.17236	-8.17586	-8.18984	-8.27909	-8.78764	0.24611	0.24525	0.241845	0.221197	0.0455983	0.0939369
245	-13.4942	-12.178	-10.82	-9.13242	-7.74967	0.00488397	0.0182141	0.0708271	0.382903	0.523172	0.592307
246	-9.61837	-9.62045	-9.62875	-9.68174	-9.98391	0.240151	0.239653	0.237672	0.225406	0.0571171	0.106009
247	-8.53719	-8.54138	-8.55814	-8.66508	-9.27338	0.248805	0.247764	0.243647	0.218936	0.0408479	0.0888714
248	-3.97561	-3.98016	-3.99831	-4.11406	-4.76949	0.250081	0.248947	0.244469	0.217748	0.0387559	0.0866086
249	-4.09903	-4.1037	-4.12234	-4.24127	-4.91747	0.250567	0.249401	0.244796	0.217346	0.0378894	0.0856864
250	-3.09815	-3.10291	-3.12193	-3.24327	-3.93331	0.250917	0.249726	0.245022	0.217023	0.0373127	0.0850634
251	-4.18377	-4.18879	-4.20884	-4.33683	-5.06523	0.251871	0.25061	0.245634	0.216124	0.0357599	0.083381
252	-3.64772	-3.65214	-3.66982	-3.78261	-4.42428	0.249674	0.248572	0.244217	0.218168	0.0393684	0.0872832
253	-8.2354	-8.23892	-8.25295	-8.34238	-8.8472	0.246089	0.245226	0.241809	0.221122	0.0457536	0.0940778
254	-4.18377	-4.18879	-4.20884	-4.33683	-5.06523	0.251871	0.25061	0.245634	0.216124	0.0357599	0.083381
255	-3.77307	-3.77526	-3.78404	-3.84006	-4.1596	0.240674	0.240146	0.238048	0.225078	0.0560526	0.104903
256	-7.06587	-7.07041	-7.08852	-7.20404	-7.85867	0.250052	0.248921	0.244452	0.217783	0.038793	0.0866511
257	-3.7297	-3.73418	-3.75209	-3.86634	-4.51545	0.249881	0.248763	0.244348	0.217967	0.0390409	0.0869263
258	-3.09815	-3.10291	-3.12193	-3.24327	-3.93331	0.250917	0.249726	0.245022	0.217023	0.0373127	0.0850634
259	-3.09815	-3.10291	-3.12193	-3.24327	-3.93331	0.250917	0.249726	0.245022	0.217023	0.0373127	0.0850634
260	-28.1657	-25.5322	-22.8117	-19.4087	-16.4774	2.10813e-05	0.000293521	0.00445774	0.133982	0.861246	0.884771
261	-3.27728	-3.28234	-3.30253	-3.43126	-4.15993	0.251944	0.250674	0.245664	0.21599	0.0357281	0.0833274
262	-3.89172	-3.89479	-3.90702	-3.98513	-4.43008	0.244339	0.243592	0.240629	0.222549	0.0488901	0.0974115
263	-3.89172	-3.89479	-3.90702	-3.98513	-4.43008	0.244339	0.243592	0.240629	0.222549	0.0488901	0.0974115
264	-3.22523	-3.22932	-3.24568	-3.35007	-3.94439	0.248428	0.247413	0.243399	0.219273	0.0414864	0.0895578
265	-4.18377	-4.18879	-4.20884	-4.33683	-5.06523	0.251871	0.25061	0.245634	0.216124	0.0357599	0.083381
266	-10.4456	-10.45	-10.4678	-10.5815	-11.2248	0.24977	0.248658	0.244266	0.218028	0.0392783	0.0871709
267	-3.24825	-3.25079	-3.26092	-3.32564	-3.69481	0.242146	0.241533	0.239097	0.224114	0.0531095	0.101837
268	-4.06093	-4.06539	-4.08324	-4.19712	-4.84523	0.249836	0.248723	0.244324	0.218026	0.0390903	0.086985
269	-2.93457	-2.93753	-2.94937	-3.0249	-3.45534	0.243925	0.243203	0.240342	0.222857	0.0496731	0.0982356
270	-12.2527	-12.2559	-12.2687	-12.3503	-12.8144	0.244898	0.244115	0.24101	0.222108	0.0478699	0.0963309
271	-8.22998	-8.2327	-8.24356	-8.31285	-8.70713	0.242895	0.242236	0.239621	0.223579	0.0516692	0.100326
272	-2.93457	-2.93753	-2.94937	-3.0249	-3.45534	0.243925	0.243203	0.240342	0.222857	0.0496731	0.0982356
273	-3.76462	-3.76803	-3.78166	-3.86861	-4.3623	0.24573	0.244894	0.241578	0.221461	0.0463366	0.0947097
274	-8.34405	-8.34833	-8.36545	-8.47465	-9.09519	0.249136	0.248071	0.243862	0.218635	0.0402953	0.0882758
275	-2.93457	-2.93753	-2.94937	-3.0249	-3.45534	0.243925	0.243203	0.240342	0.222857	0.0496731	0.0982356
276	-3.7297	-3.73418	-3.75209	-3.86634	-4.51545	0.249881	0.248763	0.244348	0.217967	0.0390409	0.0869263
277	-3.77307	-3.77526	-3.78404	-3.84006	-4.1596	0.240674	0.240146	0.238048	0.225078	0.0560526	0.104903
278	-3.77307	-3.77526	-3.78404	-3.84006	-4.1596	0.240674	0.240146	0.238048	0.225078	0.0560526	0.104903
279	-3.64772	-3.65214	-3.66982	-3.78261	-4.42428	0.249674	0.248572	0.244217	0.218168	0.0393684	0.0872832
280	-8.52972	-8.5346	-8.55411	-8.67849	-9.38211	0.251322	0.250098	0.245266	0.21658	0.0367344	0.0844189
281	-3.27728	-3.28234	-3.30253	-3.43126	-4.15993	0.251944	0.250674	0.245664	0.21599	0.0357281	0.0833274
282	-3.31738	-3.32056	-3.33328	-3.41447	-3.87605	0.244823	0.244045	0.24096	0.22217	0.0480019	0.0964716
283	-10.3826	-10.3879	-10.4091	-10.5447	-11.3142	0.252915	0.251574	0.246286	0.215072	0.0341527	0.0816195
284	-3.77307	-3.77526	-3.78404	-3.84006	-4.1596	0.240674	0.240146	0.238048	0.225078	0.0560526	0.104903
285	-10.4976	-10.502	-10.5195	-10.6315	-11.2685	0.249553	0.24846	0.244138	0.218276	0.0395722	0.0875023
286	-15.6943	-15.6992	-15.7185	-15.8418	-16.5429	0.251199	0.249987	0.245202	0.216755	0.036857	0.084569
287	-3.24825	-3.25079	-3.26092	-3.32564	-3.69481	0.242146	0.241533	0.239097	0.224114	0.0531095	0.101837
288	-3.31738	-3.32056	-3.33328	-3.41447	-3.87605	0.244823	0.244045	0.24096	0.22217	0.0480019	0.0964716
289	-9.77034	-9.77373	-9.7873	-9.87386	-10.3653	0.245669	0.244837	0.241537	0.221509	0.0464487	0.0948283
290	-14.4112	-13.0974	-11.7491	-10.1238	-9.09121	0.00617719	0.0229807	0.0884947	0.449571	0.432776	0.514123
291	-9.10597	-9.11043	-9.12828	-9.24212	-9.88829	0.249815	0.248702	0.244303	0.218016	0.0391646	0.0870567
292	-3.09815	-3.10291	-3.12193	-3.24327	-3.93331	0.250917	0.249726	0.245022	0.217023	0.0373127	0.0850634
293	-16.7193	-16.7222	-16.734	-16.8089	-17.2334	0.243793	0.243078	0.240241	0.222908	0.0499801	0.0985472
294	-3.27728	-3.28234	-3.30253	-3.43126	-4.15993	0.251944	0.250674	0.245664	0.21599	0.0357281	0.0833274
295	-32.339	-29.7062	-26.9887	-23.6047	-20.784	2.3703e-05	0.000329778	0.00499352	0.147253	0.8474	0.873257
296	-43.3151	-39.3608	-35.2646	-30.0607	-25.1006	3.5131e-08	1.83229e-06	0.000110146	0.0200435	0.979844	0.983347
297	-17.3479	-16.0315	-14.673	-12.9821	-11.58	0.00481693	0.0179664	0.0699009	0.379167	0.528148	0.596601
298	-13.2628	-11.9482	-10.5968	-8.95105	-7.80027	0.00573153	0.0213397	0.082437	0.427411	0.463081	0.540363
299	-11.3449	-11.3473	-11.3567	-11.417	-11.7603	0.241391	0.240822	0.238559	0.224609	0.0546181	0.103409
300	-14.6474	-13.331	-11.9726	-10.2828	-8.88537	0.00483438	0.0180307	0.0701385	0.380044	0.526952	0.595565
301	-27.3565	-24.7229	-22.0024	-18.5985	-15.6653	2.10268e-05	0.000292773	0.00444702	0.13377	0.861469	0.884956
302	-12.8971	-12.8987	-12.9053	-12.9475	-13.1854	0.238219	0.237825	0.236255	0.226497	0.0612035	0.110224
303	-3.26989	-3.27318	-3.28632	-3.3702	-3.8472	0.245253	0.244448	0.241256	0.221845	0.0471979	0.0956238
304	-47.4265	-44.7915	-42.0651	-38.624	-35.4806	1.67413e-05	0.000233442	0.00356659	0.111353	0.88483	0.904378
305	-11.2666	-11.2691	-11.2795	-11.3453	-11.7207	0.242333	0.241708	0.239228	0.223982	0.0527484	0.101459
306	-28.2137	-26.8769	-25.4406	-23.3658	-20.998	0.00162677	0.00619321	0.026042	0.207371	0.758767	0.795805
307	-13.3016	-13.3046	-13.3164	-13.3915	-13.8183	0.243847	0.243129	0.240281	0.22288	0.0498624	0.0984264
308	-31.4472	-28.8136	-26.0932	-22.6907	-19.7673	2.12387e-05	0.000295709	0.00449071	0.134903	0.860289	0.883976
309	-21.521	-20.2049	-18.8473	-17.1625	-15.7951	0.00493809	0.018414	0.0715735	0.385879	0.519196	0.588874
310	-13.9838	-12.6692	-11.3179	-9.6733	-8.53362	0.00576778	0.0214739	0.0829426	0.429551	0.460264	0.537936
311	-9.25784	-9.26068	-9.27202	-9.34436	-9.75546	0.243391	0.242701	0.239965	0.223218	0.0507255	0.0993347
312	-29.7169	-27.0812	-24.3524	-20.8965	-17.6752	1.53452e-05	0.000214102	0.0032788	0.103895	0.892597	0.910834
313	-3.33119	-3.33377	-3.3441	-3.41001	-3.7858	0.242344	0.241719	0.239236	0.223974	0.0527264	0.101436
314	-33.24	-30.6063	-27.8849	-24.4763	-21.5163	2.04297e-05	0.000284511	0.00432472	0.130706	0.864664	0.887613
315	-9.82293	-9.82549	-9.83569	-9.90081	-10.2717	0.242206	0.241589	0.239137	0.224061	0.0530071	0.101727
316	-3.31738	-3.32056	-3.33328	-3.41447	-3.87605	0.244823	0.244045	0.24096	0.22217	0.0480019	0.0964716
317	-14.3382	-14.3413	-14.3535	-14.4313	-14.8734	0.24428	0.243536	0.240583	0.22257	0.0490312	0.0975542
318	-14.4387	-14.4435	-14.4624	-14.5833	-15.2699	0.250844	0.249657	0.244971	0.217077	0.0374511	0.085209
319	-6.76623	-6.77103	-6.79018	-6.91232	-7.6045	0.251011	0.249811	0.245072	0.216894	0.0372111	0.0849417
320	-4.09903	-4.1037	-4.12234	-4.24127	-4.91747	0.250567	0.249401	0.244796	0.217346	0.0378894	0.0856864
321	-3.7297	-3.73418	-3.75209	-3.86634	-4.51545	0.249881	0.248763	0.244348	0.217967	0.0390409	0.0869263
322	-10.0365	-10.039	-10.0492	-10.1144	-10.4859	0.242217	0.241599	0.239147	0.224067	0.052971	0.101693
323	-3.7297	-3.73418	-3.75209	-3.86634	-4.51545	0.249881	0.248763	0.244348	0.217967	0.0390409	0.0869263
324	-3.76462	-3.76803	-3.78166	-3.86861	-4.3623	0.24573	0.244894	0.241578	0.221461	0.0463366	0.0947097
325	-8.43094	-8.4348	-8.45021	-8.54853	-9.1079	0.247504	0.246552	0.242782	0.220047	0.0431138	0.0912931
326	-3.4029	-3.40558	-3.41632	-3.48485	-3.8755	0.242778	0.242127	0.239541	0.223675	0.0518794	0.10055
327	-7.64328	-7.64752	-7.66449	-7.77277	-8.38828	0.249001	0.247946	0.243774	0.218757	0.0405214	0.0885193
328	-8.53891	-8.54141	-8.55138	-8.61505	-8.97825	0.241971	0.241368	0.238973	0.224232	0.0534556	0.102198
329	-9.13595	-9.14013	-9.15682	-9.26322	-9.86532	0.248696	0.247659	0.24356	0.218976	0.0411091	0.0891359
330	-3.24825	-3.25079	-3.26092	-3.32564	-3.69481	0.242146	0.241533	0.239097	0.224114	0.0531095	0.101837
331	-3.24825	-3.25079	-3.26092	-3.32564	-3.69481	0.242146	0.241533	0.239097	0.224114	0.0531095	0.101837
332	-3.27728	-3.28234	-3.30253	-3.43126	-4.15993	0.251944	0.250674	0.245664	0.21599	0.0357281	0.0833274
333	-2.93457	-2.93753	-2.94937	-3.0249	-3.45534	0.243925	0.243203	0.240342	0.222857	0.0496731	0.0982356
334	-9.51101	-9.51541	-9.53299	-9.64515	-10.2823	0.249573	0.248478	0.244147	0.218243	0.0395594	0.0874841
335	-29.269	-26.6358	-23.9168	-20.5231	-17.6496	2.24021e-05	0.000311797	0.00472843	0.140788	0.85415	0.878871
336	-3.33119	-3.33377	-3.3441	-3.41001	-3.7858	0.242344	0.241719	0.239236	0.223974	0.0527264	0.101436
337	-3.09815	-3.10291	-3.12193	-3.24327	-3.93331	0.250917	0.249726	0.245022	0.217023	0.0373127	0.0850634
338	-3.7297	-3.73418	-3.75209	-3.86634	-4.51545	0.249881	0.248763	0.244348	0.217967	0.0390409	0.0869263
339	-15.224	-13.9078	-12.55	-10.8644	-9.49195	0.0049205	0.018349	0.0713305	0.384899	0.520501	0.590001
340	-8.69347	-8.69699	-8.71106	-8.80087	-9.31279	0.246199	0.245334	0.241907	0.221129	0.0454313	0.0937607
341	-3.77307	-3.77526	-3.78404	-3.84006	-4.1596	0.240674	0.240146	0.238048	0.225078	0.0560526	0.104903
342	-12.0239	-12.0283	-12.0456	-12.1565	-12.7859	0.249379	0.248297	0.244018	0.218407	0.0398997	0.0878473
343	-3.27654	-3.28158	-3.30171	-3.4301	-4.15677	0.251895	0.250628	0.245632	0.216037	0.0358073	0.0834134
344	-27.1813	-25.866	-24.5117	-22.8479	-21.5961	0.00535621	0.0199565	0.0773127	0.408148	0.489226	0.562979
345	-9.22722	-9.22961	-9.23917	-9.30021	-9.64837	0.241528	0.240951	0.238658	0.224526	0.0543373	0.103118
346	-3.51673	-3.52205	-3.54328	-3.67876	-4.44813	0.25291	0.251569	0.246283	0.215079	0.0341582	0.0816262
347	-4.09877	-4.10342	-4.12201	-4.24062	-4.91498	0.250521	0.249358	0.244766	0.217389	0.0379667	0.0857699
348	-3.24789	-3.25042	-3.26053	-3.32506	-3.69324	0.242117	0.241505	0.239076	0.224134	0.0531674	0.101898
349	-14.2723	-14.2762	-14.2917	-14.3909	-14.9539	0.247618	0.246657	0.242854	0.219935	0.0429356	0.0910985
350	-10.4147	-10.4166	-10.4244	-10.4742	-10.7581	0.239596	0.239129	0.237271	0.225746	0.0582582	0.107192
351	-33.2766	-30.6434	-27.9244	-24.5305	-21.6559	2.23742e-05	0.000311411	0.00472273	0.140647	0.854296	0.878993
352	-2.93435	-2.9373	-2.9491	-3.02444	-3.45371	0.243891	0.243172	0.240319	0.222881	0.0497365	0.0983022
353	-2.93435	-2.9373	-2.9491	-3.02444	-3.45371	0.243891	0.243172	0.240319	0.222881	0.0497365	0.0983022
354	-3.27654	-3.28158	-3.30171	-3.4301	-4.15677	0.251895	0.250628	0.245632	0.216037	0.0358073	0.0834134
355	-32.7704	-30.1359	-27.4117	-23.9849	-20.9238	1.83071e-05	0.000255134	0.00388929	0.119705	0.876132	0.897147
356	-10.2537	-10.2578	-10.2742	-10.3787	-10.9731	0.248442	0.247425	0.243406	0.21925	0.0414776	0.0895452
357	-7.58218	-7.58646	-7.60358	-7.7128	-8.33332	0.249138	0.248073	0.243862	0.218632	0.0402955	0.0882755
358	-3.97527	-3.9798	-3.99791	-4.11334	-4.76698	0.250035	0.248904	0.244439	0.217789	0.0388329	0.0866915
359	-3.31656	-3.31973	-3.33242	-3.41339	-3.87371	0.244788	0.244012	0.240935	0.222196	0.048068	0.0965412
360	-3.76368	-3.76708	-3.78068	-3.86739	-4.35973	0.245693	0.244859	0.241553	0.22149	0.046405	0.094782
361	-3.64734	-3.65175	-3.66938	-3.78187	-4.4218	0.249629	0.24853	0.244188	0.218209	0.0394444	0.087365
362	-4.20468	-4.20785	-4.22052	-4.30134	-4.76053	0.244762	0.243987	0.240916	0.22221	0.0481254	0.0966002
363	-13.819	-12.5052	-11.1571	-9.53262	-8.50451	0.00619512	0.0230466	0.0887355	0.450386	0.431636	0.513134
364	-3.40264	-3.40532	-3.41603	-3.48438	-3.87396	0.242747	0.242098	0.23952	0.223696	0.0519393	0.100612
365	-3.30145	-3.30556	-3.32199	-3.42681	-4.02295	0.248487	0.247467	0.243436	0.219211	0.0413993	0.0894615
366	-4.16165	-4.16668	-4.18675	-4.31469	-5.03794	0.251825	0.250563	0.245584	0.216089	0.0359387	0.0835519
367	-30.6573	-28.0242	-25.3052	-21.912	-19.0417	2.24751e-05	0.000312808	0.00474345	0.141173	0.853748	0.878537
368	-14.0687	-12.7544	-11.4041	-9.76571	-8.66202	0.00590284	0.0219714	0.0847812	0.436338	0.451007	0.529923
369	-4.06066	-4.06511	-4.08291	-4.19648	-4.84284	0.249791	0.248681	0.244295	0.218067	0.0391665	0.087067
370	-3.95663	-3.96106	-3.97874	-4.09153	-4.73251	0.249668	0.248566	0.24421	0.218161	0.0393947	0.0873079
371	-3.78426	-3.78659	-3.79589	-3.85525	-4.19333	0.241237	0.240677	0.238449	0.224706	0.0549318	0.103735
372	-3.23542	-3.23772	-3.24688	-3.3054	-3.63923	0.241101	0.240549	0.238354	0.224806	0.0551902	0.104006
373	-3.74885	-3.75084	-3.75877	-3.80944	-4.09838	0.239749	0.239273	0.237382	0.225655	0.057942	0.106864
374	-3.25113	-3.2557	-3.27395	-3.39036	-4.04915	0.250174	0.249033	0.244527	0.217656	0.0386096	0.0864491
375	-4.29272	-4.29541	-4.30619	-4.37491	-4.76443	0.242783	0.24213	0.239535	0.223626	0.0519266	0.100588
376	-4.18686	-4.19143	-4.20968	-4.32611	-4.98677	0.250192	0.249052	0.244547	0.217669	0.03854	0.0863825
377	-3.96361	-3.96771	-3.98413	-4.0888	-4.68138	0.248439	0.24742	0.243392	0.219204	0.041546	0.0896051
378	-14.0896	-14.0928	-14.1056	-14.1872	-14.6511	0.24489	0.244107	0.241006	0.222121	0.0478758	0.0963389
388	-3.2249	-3.22898	-3.2453	-3.3494	-3.94211	0.248385	0.247374	0.243371	0.219309	0.0415604	0.0896368
389	-9.41967	-9.42389	-9.44078	-9.54833	-10.153	0.248831	0.247781	0.243632	0.218789	0.0409672	0.0889648
390	-7.82368	-7.82659	-7.83824	-7.91255	-8.33441	0.243707	0.242997	0.240183	0.222983	0.0501296	0.0987072
391	-2.93435	-2.9373	-2.9491	-3.02444	-3.45371	0.243891	0.243172	0.240319	0.222881	0.0497365	0.0983022
392	-3.51673	-3.52205	-3.54328	-3.67876	-4.44813	0.25291	0.251569	0.246283	0.215079	0.0341582	0.0816262
393	-34.6213	-30.6692	-26.5814	-21.4314	-16.7838	5.08365e-08	2.64585e-06	0.000157719	0.0271952	0.972644	0.977396
394	-4.05097	-4.05367	-4.06448	-4.13346	-4.52669	0.242853	0.242197	0.239594	0.223623	0.0517338	0.100397
395	-3.31656	-3.31973	-3.33242	-3.41339	-3.87371	0.244788	0.244012	0.240935	0.222196	0.048068	0.0965412
396	-3.51673	-3.52205	-3.54328	-3.67876	-4.44813	0.25291	0.251569	0.246283	0.215079	0.0341582	0.0816262
397	-13.4936	-12.1773	-10.8193	-9.13153	-7.74776	0.00488042	0.018201	0.0707782	0.382706	0.523434	0.592533
398	-7.53606	-7.54098	-7.56064	-7.68598	-8.3955	0.251463	0.250229	0.245358	0.216453	0.0364969	0.0841633
399	-9.13729	-9.14218	-9.16173	-9.28647	-9.99536	0.2514	0.250173	0.24533	0.216559	0.036538	0.0842215
400	-31.7841	-29.1497	-26.4257	-23.0001	-19.9431	1.83995e-05	0.00025641	0.00390794	0.120131	0.875686	0.896776
401	-19.2263	-17.9122	-16.5626	-14.9289	-13.8467	0.00599009	0.0222919	0.0859538	0.440325	0.445439	0.52509
402	-19.8505	-18.5367	-17.1882	-15.5615	-14.5239	0.0061549	0.0228991	0.0882	0.448679	0.434067	0.515249
403	-3.7297	-3.73418	-3.75209	-3.86634	-4.51545	0.249881	0.248763	0.244348	0.217967	0.0390409	0.0869263
404	-3.77307	-3.77526	-3.78404	-3.84006	-4.1596	0.240674	0.240146	0.238048	0.225078	0.0560526	0.104903
405	-14.4281	-14.4314	-14.4449	-14.5308	-15.018	0.245557	0.244731	0.241459	0.221592	0.0466618	0.0950524
406	-3.51703	-3.52236	-3.54365	-3.67949	-4.45097	0.252961	0.251617	0.246316	0.215028	0.0340784	0.081539
407	-3.31738	-3.32056	-3.33328	-3.41447	-3.87605	0.244823	0.244045	0.24096	0.22217	0.0480019	0.0964716
408	-7.82342	-7.82761	-7.84438	-7.95137	-8.56015	0.248815	0.247773	0.243654	0.21893	0.0408272	0.08885
409	-3.77307	-3.77526	-3.78404	-3.84006	-4.1596	0.240674	0.240146	0.238048	0.225078	0.0560526	0.104903
410	-9.15741	-9.16019	-9.17129	-9.24208	-9.64355	0.243127	0.242452	0.239776	0.223389	0.0512552	0.0998861
411	-13.0575	-13.06	-13.0704	-13.1364	-13.5113	0.242339	0.241712	0.239226	0.223955	0.0527682	0.101474
412	-25.2428	-23.9263	-22.567	-20.8714	-19.4425	0.00472423	0.0176239	0.0686188	0.373967	0.535066	0.602569
413	-3.30944	-3.31254	-3.32493	-3.404	-3.85344	0.244482	0.243725	0.240724	0.222424	0.0486436	0.0971474
414	-3.71197	-3.71705	-3.73735	-3.86676	-4.59773	0.252027	0.250749	0.24571	0.215885	0.0356286	0.0832117
415	-15.8089	-14.4932	-13.1375	-11.4647	-10.165	0.00517944	0.0193048	0.0748942	0.398944	0.501677	0.573744
416	-9.89002	-9.89432	-9.91149	-10.0211	-10.6434	0.249188	0.24812	0.243895	0.218584	0.0402136	0.0881867
417	-14.6193	-13.3034	-11.9469	-10.2685	-8.93404	0.00505812	0.0188567	0.0732197	0.392233	0.510633	0.581474
418	-17.5239	-16.2094	-14.8582	-13.2144	-12.0785	0.00578297	0.0215298	0.0831475	0.430263	0.459277	0.537079
419	-7.63853	-7.64266	-7.65916	-7.76445	-8.36288	0.248554	0.24753	0.243478	0.219146	0.0412925	0.0893452
420	-7.33978	-7.34358	-7.35877	-7.45568	-8.00707	0.24729	0.246351	0.242638	0.220226	0.0434949	0.0916989
421	-8.78815	-8.79046	-8.7997	-8.8587	-9.19499	0.241179	0.240622	0.238408	0.22475	0.0550408	0.10385
422	-3.09564	-3.10028	-3.1188	-3.23697	-3.90887	0.250457	0.249299	0.244725	0.217449	0.0380701	0.0858819
423	-34.8966	-30.9444	-26.856	-21.7026	-17.0357	4.96863e-08	2.58633e-06	0.000154253	0.0266881	0.973155	0.977818
424	-34.942	-30.9895	-26.9001	-21.7401	-17.0353	4.75093e-08	2.47365e-06	0.000147685	0.0257212	0.974129	0.978623
434	-10.1252	-10.1291	-10.1449	-10.2453	-10.8165	0.247826	0.246852	0.242996	0.219772	0.0425541	0.0906948
435	-3.32653	-3.32905	-3.3391	-3.4033	-3.76924	0.242056	0.241448	0.239032	0.224169	0.0532948	0.102029
436	-3.06108	-3.06368	-3.0741	-3.14058	-3.51954	0.242438	0.241807	0.239301	0.22391	0.0525444	0.101245
437	-27.5134	-24.8782	-22.1511	-18.7057	-15.539	1.63143e-05	0.000227528	0.00347859	0.109075	0.887202	0.906349
438	-3.25764	-3.25904	-3.26464	-3.30042	-3.50478	0.237109	0.236776	0.235454	0.22718	0.0634817	0.112587
441	-9.71162	-9.71385	-9.72273	-9.77944	-10.1028	0.240791	0.240256	0.238132	0.225004	0.0558178	0.104659
442	-3.23232	-3.23457	-3.24357	-3.30099	-3.62846	0.240913	0.240371	0.238219	0.224926	0.0555717	0.104403
443	-3.29771	-3.30173	-3.31777	-3.42012	-4.00218	0.248115	0.247121	0.243188	0.219529	0.0420473	0.090154
444	-14.1696	-12.8549	-11.5031	-9.85563	-8.69955	0.00570612	0.0212468	0.0821031	0.426448	0.464496	0.541599
447	-17.3398	-17.3414	-17.3476	-17.3869	-17.6099	0.23773	0.237363	0.235902	0.226797	0.0622083	0.111266
448	-22.0005	-22.0025	-22.0107	-22.0632	-22.3622	0.240056	0.239563	0.237603	0.225465	0.0573131	0.106212
449	-24.6121	-21.9794	-19.2627	-15.8832	-13.0869	2.43281e-05	0.000338413	0.00512056	0.150312	0.844205	0.870601
450	-52.9701	-49.016	-44.9205	-39.7212	-34.7914	3.63871e-08	1.89747e-06	0.000113983	0.0206467	0.979237	0.982845
451	-26.8474	-25.5334	-24.1845	-22.5548	-21.4954	0.00607736	0.0226131	0.0871361	0.444565	0.439608	0.520037
452	-42.3711	-39.7367	-37.0131	-33.5896	-30.5469	1.8679e-05	0.000260282	0.00396568	0.121649	0.874107	0.895463
453	-15.4458	-15.4481	-15.4574	-15.5167	-15.8542	0.241226	0.240665	0.238438	0.224704	0.0549676	0.10377
454	-11.2062	-11.2082	-11.2163	-11.2676	-11.5603	0.239864	0.239382	0.237465	0.225583	0.0577053	0.106619
455	-29.3395	-28.0235	-26.6668	-24.9874	-23.6499	0.00504468	0.0188074	0.0730408	0.391673	0.511434	0.582172
456	-18.7476	-17.4333	-16.083	-14.4451	-13.3395	0.00590047	0.0219621	0.0847388	0.435953	0.451445	0.530293
457	-3.09564	-3.10028	-3.1188	-3.23697	-3.90887	0.250457	0.249299	0.244725	0.217449	0.0380701	0.0858819
458	-22.9148	-21.5986	-20.2404	-18.5521	-17.1644	0.00486741	0.0181528	0.0705964	0.381928	0.524455	0.593412
459	-22.8468	-21.5313	-20.176	-18.5058	-17.2201	0.0052306	0.0194934	0.0755952	0.401637	0.498043	0.570603
460	-17.2962	-17.2987	-17.3088	-17.373	-17.7382	0.242047	0.241439	0.239022	0.22416	0.0533322	0.102065
461	-10.8883	-10.8917	-10.905	-10.99	-11.4714	0.24541	0.244593	0.241354	0.221688	0.046955	0.095358
462	-3.25496	-3.25632	-3.26177	-3.29655	-3.49524	0.236928	0.236605	0.23532	0.227276	0.0638699	0.112986
463	-3.15383	-3.15643	-3.16678	-3.23285	-3.60867	0.24236	0.241733	0.239243	0.223946	0.0527185	0.101423
464	-16.0509	-14.7341	-13.3739	-11.6731	-10.219	0.00463345	0.0172889	0.067371	0.369087	0.541619	0.60823
465	-16.377	-15.0613	-13.7054	-12.0314	-10.7247	0.0051545	0.0192127	0.0745513	0.397602	0.50348	0.575301
466	-3.29531	-3.29926	-3.31505	-3.41583	-3.98884	0.247875	0.246897	0.243028	0.219731	0.0424686	0.0906036
467	-30.8326	-28.199	-25.4786	-22.076	-19.148	2.1152e-05	0.000294502	0.0044724	0.134372	0.86084	0.884433
468	-3.51253	-3.51764	-3.53806	-3.6683	-4.40779	0.252176	0.250891	0.24582	0.2158	0.0353128	0.0828859
469	-4.05093	-4.05353	-4.06392	-4.13024	-4.50825	0.24241	0.241781	0.239282	0.223928	0.0525987	0.101302
470	-9.59974	-9.60407	-9.62134	-9.73146	-10.3547	0.24925	0.248175	0.243925	0.218491	0.0401598	0.0881181
471	-7.6789	-7.68164	-7.69256	-7.76226	-8.15762	0.242948	0.242284	0.239651	0.223518	0.0515988	0.100247
472	-13.2897	-11.9735	-10.6154	-8.9274	-7.54218	0.0048753	0.0181821	0.0707075	0.382425	0.52381	0.592858
473	-3.76263	-3.76473	-3.77315	-3.82687	-4.13321	0.240277	0.239772	0.237763	0.225328	0.0568599	0.105742
474	-3.64201	-3.64625	-3.66319	-3.77134	-4.38645	0.248985	0.247931	0.243765	0.218778	0.0405412	0.0885424
475	-3.9704	-3.97475	-3.99216	-4.10314	-4.7313	0.249377	0.248293	0.244009	0.218378	0.0399425	0.0878848
476	-16.1527	-14.8358	-13.4749	-11.7691	-10.2826	0.00452781	0.0168979	0.0658965	0.362789	0.549889	0.615353
477	-6.11402	-6.11617	-6.12477	-6.17966	-6.493	0.240483	0.239967	0.237912	0.225205	0.0564326	0.105299
478	-3.29531	-3.29926	-3.31505	-3.41583	-3.98884	0.247875	0.246897	0.243028	0.219731	0.0424686	0.0906036
479	-22.8745	-21.5597	-20.2076	-18.558	-17.3879	0.00565605	0.0210621	0.0814157	0.423779	0.468087	0.544701
480	-4.05093	-4.05353	-4.06392	-4.13024	-4.50825	0.24241	0.241781	0.239282	0.223928	0.0525987	0.101302
481	-7.81771	-7.82172	-7.83776	-7.94011	-8.52232	0.248116	0.247122	0.24319	0.219531	0.0420413	0.0901485
482	-8.76981	-8.77209	-8.78117	-8.83912	-9.16806	0.240984	0.240437	0.238262	0.224847	0.0554706	0.10429
483	-3.0942	-3.09876	-3.11699	-3.23334	-3.8948	0.250191	0.249052	0.244552	0.217693	0.0385129	0.0863595
484	-4.09503	-4.0995	-4.11737	-4.23141	-4.87959	0.249851	0.248736	0.244331	0.217999	0.0390827	0.086973
485	-2.93119	-2.93403	-2.94538	-3.0178	-3.43046	0.243417	0.242727	0.239988	0.223221	0.0506473	0.0992581
486	-3.26595	-3.27079	-3.29015	-3.41358	-4.11192	0.251186	0.249972	0.245179	0.216711	0.0369513	0.0846548
487	-3.76263	-3.76473	-3.77315	-3.82687	-4.13321	0.240277	0.239772	0.237763	0.225328	0.0568599	0.105742
488	-3.51253	-3.51764	-3.53806	-3.6683	-4.40779	0.252176	0.250891	0.24582	0.2158	0.0353128	0.0828859
489	-12.0294	-12.0333	-12.0486	-12.1465	-12.7003	0.247406	0.246457	0.242703	0.220075	0.0433581	0.0915389
490	-8.44889	-8.45117	-8.46025	-8.51823	-8.84838	0.241002	0.240454	0.23828	0.224858	0.055406	0.104228
491	-3.29531	-3.29926	-3.31505	-3.41583	-3.98884	0.247875	0.246897	0.243028	0.219731	0.0424686	0.0906036
492	-3.97505	-3.97838	-3.99168	-4.07661	-4.56096	0.245434	0.244619	0.241386	0.221732	0.0468285	0.0952404
493	-7.29266	-7.29586	-7.30862	-7.39003	-7.85233	0.244854	0.244073	0.240978	0.222136	0.0479598	0.0964244
494	-13.4631	-12.1484	-10.7966	-9.14864	-7.99014	0.00569712	0.0212136	0.0819802	0.425989	0.46512	0.542138
495	-43.2506	-39.2967	-35.2019	-30.0075	-25.1063	3.76366e-08	1.96226e-06	0.000117787	0.0212333	0.978647	0.982357
496	-83.1631	-76.5397	-69.633	-60.5455	-51.0139	3.1818e-14	2.3942e-11	2.39168e-08	0.000211535	0.999788	0.999825
497	-4.09903	-4.1037	-4.12234	-4.24127	-4.91747	0.250567	0.249401	0.244796	0.217346	0.0378894	0.0856864
