Sites	Ll_YN98.omega=0.0346674	Ll_YN98.omega=1	Ll_YN98.omega=1.001	Pr_YN98.omega=0.0346674	Pr_YN98.omega=1	Pr_YN98.omega=1.001	mean
1	-3.99474	-4.57511	-inf	0.937404	0.062596	0	0.0950933
2	-10.2466	-7.54827	-inf	0.360713	0.639287	0	0.651792
3	-10.4572	-7.56633	-inf	0.3176	0.6824	0	0.693411
4	-3.99474	-4.57511	-inf	0.937404	0.0625957	0	0.095093
6	-3.78103	-4.14807	-inf	0.923656	0.0763443	0	0.108365
7	-3.78103	-4.14806	-inf	0.923656	0.0763443	0	0.108365
8	-11.0728	-8.08513	-inf	0.297005	0.702995	0	0.713291
9	-3.32962	-3.85996	-inf	0.934404	0.0655963	0	0.0979896
10	-6.22187	-6.55439	-inf	0.921186	0.0788141	0	0.110749
11	-7.23563	-7.65994	-inf	0.927598	0.0724022	0	0.10456
12	-3.78103	-4.14806	-inf	0.923656	0.0763443	0	0.108365
13	-3.78103	-4.14806	-inf	0.923656	0.0763443	0	0.108365
14	-17.4368	-14.3785	-inf	0.282478	0.717522	0	0.727314
15	-11.214	-11.8958	-inf	0.943098	0.0569021	0	0.0895968
16	-12.3634	-9.72308	-inf	0.374194	0.625806	0	0.638779
17	-8.5781	-9.24103	-inf	0.942077	0.0579226	0	0.090582
18	-4.36594	-5.26828	-inf	0.953841	0.0461594	0	0.0792266
28	-4.3383	-4.83381	-inf	0.932236	0.0677639	0	0.100082
29	-3.78103	-4.14806	-inf	0.923656	0.0763443	0	0.108365
30	-8.18361	-8.58727	-inf	0.926198	0.0738018	0	0.105911
31	-17.3255	-14.3875	-inf	0.307479	0.692521	0	0.70318
32	-11.5153	-8.9557	-inf	0.393272	0.606728	0	0.620362
33	-29.4628	-26.5946	-inf	0.322551	0.677449	0	0.688631
34	-9.8191	-10.1934	-inf	0.924167	0.0758335	0	0.107872
35	-3.78103	-4.14806	-inf	0.923656	0.0763443	0	0.108365
36	-3.32962	-3.85996	-inf	0.934404	0.0655963	0	0.0979896
37	-8.08889	-8.88508	-inf	0.948935	0.0510651	0	0.0839622
38	-9.48391	-9.74997	-inf	0.916224	0.0837764	0	0.115539
39	-13.4264	-14.1478	-inf	0.945187	0.0548131	0	0.0875802
40	-3.32233	-4.00917	-inf	0.943368	0.0566315	0	0.0893356
41	-9.11722	-9.59675	-inf	0.93122	0.0687802	0	0.101063
42	-3.34242	-3.77407	-inf	0.928089	0.0719113	0	0.104086
43	-4.211	-5.04807	-inf	0.95088	0.0491202	0	0.0820847
44	-8.81854	-9.21616	-inf	0.925784	0.0742158	0	0.10631
45	-3.90767	-4.41854	-inf	0.9332	0.0667997	0	0.0991513
46	-13.236	-13.7391	-inf	0.932716	0.0672836	0	0.0996184
47	-10.8357	-11.2715	-inf	0.928367	0.0716334	0	0.103817
48	-3.54553	-4.43215	-inf	0.953143	0.0468568	0	0.0798998
49	-7.1192	-7.93983	-inf	0.950106	0.0498937	0	0.0828314
50	-6.06587	-6.44028	-inf	0.924174	0.0758258	0	0.107864
51	-3.90767	-4.41854	-inf	0.9332	0.0667997	0	0.0991513
52	-3.78103	-4.14806	-inf	0.923656	0.0763443	0	0.108365
53	-4.18558	-5.01964	-inf	0.950739	0.0492608	0	0.0822204
54	-12.9935	-13.4204	-inf	0.92777	0.0722301	0	0.104393
55	-6.32423	-6.61205	-inf	0.917878	0.0821217	0	0.113942
56	-19.5712	-13.6544	-inf	0.0220817	0.977918	0	0.978684
57	-3.99942	-4.7532	-inf	0.94684	0.0531599	0	0.0859843
58	-3.90767	-4.41854	-inf	0.9332	0.0667997	0	0.0991513
59	-7.70945	-8.14546	-inf	0.928379	0.0716208	0	0.103805
60	-10.8109	-11.2808	-inf	0.930599	0.0694006	0	0.101662
61	-4.08457	-4.82952	-inf	0.946394	0.0536057	0	0.0864146
62	-3.74408	-4.60783	-inf	0.952111	0.0478891	0	0.0808963
63	-12.4594	-13.0627	-inf	0.938734	0.0612655	0	0.093809
64	-3.26005	-3.68428	-inf	0.927592	0.0724076	0	0.104565
65	-12.5907	-13.2387	-inf	0.941259	0.058741	0	0.0913719
66	-2.95007	-3.44432	-inf	0.932157	0.0678432	0	0.100159
67	-7.94112	-8.43374	-inf	0.932053	0.067947	0	0.100259
68	-4.18558	-5.01964	-inf	0.950739	0.0492608	0	0.0822204
69	-15.2491	-15.5224	-inf	0.916785	0.0832154	0	0.114998
70	-10.238	-10.7507	-inf	0.933318	0.0666816	0	0.0990373
71	-3.30095	-4.13886	-inf	0.950919	0.0490807	0	0.0820466
72	-4.12395	-4.90065	-inf	0.947982	0.0520177	0	0.0848818
73	-24.0864	-24.3754	-inf	0.917969	0.0820308	0	0.113854
74	-9.74009	-10.2171	-inf	0.931058	0.0689423	0	0.10122
75	-20.0019	-20.5268	-inf	0.934071	0.0659291	0	0.0983109
76	-5.17273	-5.5317	-inf	0.923085	0.076915	0	0.108916
77	-7.55604	-7.96944	-inf	0.926861	0.0731389	0	0.105271
78	-3.90767	-4.41854	-inf	0.9332	0.0667997	0	0.0991513
79	-4.08457	-4.82952	-inf	0.946394	0.0536057	0	0.0864146
80	-17.6533	-15.0224	-inf	0.376392	0.623608	0	0.636656
81	-6.22187	-6.55439	-inf	0.921186	0.0788141	0	0.110749
82	-3.9927	-4.80691	-inf	0.949801	0.0501991	0	0.0831262
83	-15.1949	-16.0154	-inf	0.950099	0.049901	0	0.0828384
84	-2.95007	-3.44432	-inf	0.932157	0.0678432	0	0.100159
85	-14.7905	-14.9926	-inf	0.911181	0.0888186	0	0.120407
86	-7.12469	-7.5592	-inf	0.92828	0.07172	0	0.103901
87	-3.90767	-4.41854	-inf	0.9332	0.0667997	0	0.0991513
88	-11.7639	-12.1234	-inf	0.923122	0.0768781	0	0.10888
89	-3.67027	-4.40808	-inf	0.946031	0.0539692	0	0.0867655
90	-4.18558	-5.01964	-inf	0.950739	0.0492608	0	0.0822204
91	-3.74408	-4.60783	-inf	0.952111	0.0478891	0	0.0808963
92	-10.2798	-10.7521	-inf	0.93076	0.0692402	0	0.101507
93	-3.99942	-4.7532	-inf	0.94684	0.0531599	0	0.0859843
94	-3.9927	-4.80691	-inf	0.949801	0.0501991	0	0.0831262
95	-3.74408	-4.60783	-inf	0.952111	0.0478891	0	0.0808963
96	-3.12361	-3.91615	-inf	0.948758	0.0512425	0	0.0841334
97	-9.08665	-9.81413	-inf	0.945501	0.0544992	0	0.0872772
98	-6.12844	-6.50415	-inf	0.924265	0.0757349	0	0.107777
99	-7.12469	-7.5592	-inf	0.92828	0.07172	0	0.103901
100	-3.90767	-4.41854	-inf	0.9332	0.0667997	0	0.0991513
101	-14.9193	-15.3797	-inf	0.929986	0.0700138	0	0.102254
102	-12.133	-12.5486	-inf	0.927012	0.0729884	0	0.105125
103	-5.17273	-5.5317	-inf	0.923085	0.076915	0	0.108916
104	-3.9927	-4.80691	-inf	0.949801	0.0501991	0	0.0831262
105	-4.18558	-5.01964	-inf	0.950739	0.0492608	0	0.0822204
106	-5.40641	-5.65672	-inf	0.915006	0.0849938	0	0.116715
107	-8.77777	-9.31375	-inf	0.934748	0.0652519	0	0.0976572
108	-10.0709	-10.8476	-inf	0.947981	0.0520193	0	0.0848833
109	-9.03446	-9.49429	-inf	0.929948	0.0700523	0	0.102291
110	-3.78103	-4.14806	-inf	0.923656	0.0763443	0	0.108365
111	-3.99474	-4.57511	-inf	0.937404	0.0625958	0	0.0950931
112	-7.19122	-7.60416	-inf	0.92683	0.07317	0	0.105301
113	-3.41664	-3.86456	-inf	0.929167	0.0708325	0	0.103044
114	-4.15814	-4.66314	-inf	0.932833	0.0671672	0	0.099506
115	-7.23563	-7.65994	-inf	0.927598	0.0724021	0	0.104559
116	-14.2264	-14.7171	-inf	0.93193	0.0680702	0	0.100378
117	-3.12361	-3.91615	-inf	0.948758	0.0512423	0	0.0841333
118	-3.90767	-4.41854	-inf	0.9332	0.0667996	0	0.0991512
119	-4.23562	-4.67347	-inf	0.928502	0.0714981	0	0.103687
120	-3.9927	-4.80691	-inf	0.949801	0.0501989	0	0.083126
121	-10.2998	-10.7944	-inf	0.932177	0.0678226	0	0.100139
122	-4.23562	-4.67347	-inf	0.928502	0.0714981	0	0.103687
123	-3.30095	-4.13886	-inf	0.950919	0.0490806	0	0.0820465
124	-9.77801	-10.4661	-inf	0.943435	0.0565646	0	0.089271
125	-17.8166	-18.3311	-inf	0.933427	0.0665727	0	0.0989322
126	-3.26005	-3.68429	-inf	0.927592	0.0724075	0	0.104565
127	-3.99474	-4.57511	-inf	0.937404	0.0625957	0	0.095093
128	-3.9927	-4.80691	-inf	0.949801	0.0501989	0	0.083126
129	-3.41664	-3.86457	-inf	0.929168	0.0708324	0	0.103044
130	-4.06628	-4.51838	-inf	0.929442	0.0705582	0	0.10278
131	-11.2	-11.581	-inf	0.924632	0.0753683	0	0.107423
132	-5.40641	-5.65672	-inf	0.915006	0.0849937	0	0.116715
133	-3.26005	-3.68429	-inf	0.927592	0.0724075	0	0.104565
134	-9.59902	-9.98356	-inf	0.92488	0.0751197	0	0.107183
135	-3.78103	-4.14807	-inf	0.923656	0.0763443	0	0.108365
136	-3.81779	-4.24759	-inf	0.927966	0.0720343	0	0.104204
137	-10.0456	-10.4683	-inf	0.927487	0.0725128	0	0.104666
138	-7.59809	-8.39051	-inf	0.948752	0.0512484	0	0.0841391
139	-2.95007	-3.44433	-inf	0.932157	0.0678431	0	0.100158
140	-3.32233	-4.00917	-inf	0.943369	0.0566314	0	0.0893355
141	-4.06628	-4.51838	-inf	0.929442	0.0705582	0	0.10278
142	-3.12361	-3.91615	-inf	0.948758	0.0512423	0	0.0841333
143	-9.41336	-9.89178	-inf	0.931149	0.0688513	0	0.101132
144	-9.50437	-9.96075	-inf	0.929723	0.0702775	0	0.102508
145	-3.32233	-4.00917	-inf	0.943369	0.0566314	0	0.0893355
146	-3.54553	-4.43215	-inf	0.953143	0.0468567	0	0.0798996
147	-3.54553	-4.43215	-inf	0.953143	0.0468567	0	0.0798996
148	-9.66737	-9.97846	-inf	0.919616	0.0803837	0	0.112264
149	-2.95007	-3.44433	-inf	0.932157	0.0678431	0	0.100158
150	-2.95007	-3.44433	-inf	0.932157	0.0678431	0	0.100158
151	-9.30561	-9.76615	-inf	0.929993	0.0700069	0	0.102247
152	-3.78103	-4.14807	-inf	0.923656	0.0763443	0	0.108365
153	-3.54553	-4.43215	-inf	0.953143	0.0468567	0	0.0798996
154	-15.8786	-16.4905	-inf	0.939231	0.0607689	0	0.0933296
155	-2.95007	-3.44433	-inf	0.932157	0.0678431	0	0.100158
156	-3.32233	-4.00917	-inf	0.943369	0.0566314	0	0.0893355
157	-8.76604	-9.45598	-inf	0.943533	0.0564666	0	0.0891764
158	-11.8267	-12.2297	-inf	0.926155	0.0738446	0	0.105952
159	-3.26005	-3.68429	-inf	0.927592	0.0724075	0	0.104565
160	-3.12361	-3.91615	-inf	0.948758	0.0512423	0	0.0841333
161	-9.57497	-10.2517	-inf	0.942827	0.0571734	0	0.0898587
162	-4.18558	-5.01964	-inf	0.950739	0.0492606	0	0.0822203
163	-7.83292	-8.34408	-inf	0.933218	0.0667818	0	0.099134
164	-16.7397	-17.4593	-inf	0.945094	0.0549058	0	0.0876697
165	-3.12361	-3.91615	-inf	0.948758	0.0512423	0	0.0841333
166	-7.67963	-8.38708	-inf	0.94446	0.0555403	0	0.0882822
167	-3.12361	-3.91615	-inf	0.948758	0.0512423	0	0.0841333
168	-8.38737	-9.10069	-inf	0.944767	0.0552333	0	0.0879859
169	-4.12395	-4.90065	-inf	0.947982	0.0520176	0	0.0848816
170	-3.90767	-4.41854	-inf	0.9332	0.0667996	0	0.0991512
171	-7.70477	-8.42011	-inf	0.944872	0.0551283	0	0.0878845
172	-3.32233	-4.00917	-inf	0.943369	0.0566314	0	0.0893355
173	-3.99474	-4.57511	-inf	0.937404	0.0625957	0	0.095093
174	-3.78103	-4.14807	-inf	0.923656	0.0763443	0	0.108365
175	-3.30095	-4.13886	-inf	0.950919	0.0490806	0	0.0820465
176	-3.75179	-4.49793	-inf	0.946455	0.0535455	0	0.0863566
177	-3.78103	-4.14807	-inf	0.923656	0.0763443	0	0.108365
178	-12.7203	-13.2371	-inf	0.933567	0.0664327	0	0.098797
179	-3.26005	-3.68429	-inf	0.927592	0.0724075	0	0.104565
180	-2.95007	-3.44433	-inf	0.932157	0.0678431	0	0.100158
181	-3.30095	-4.13886	-inf	0.950919	0.0490806	0	0.0820465
182	-3.32233	-4.00917	-inf	0.943369	0.0566314	0	0.0893355
183	-8.4071	-9.2009	-inf	0.948819	0.0511813	0	0.0840743
184	-7.10557	-7.85783	-inf	0.946764	0.053236	0	0.0860578
185	-4.06628	-4.51838	-inf	0.929442	0.0705582	0	0.10278
186	-14.5106	-14.9634	-inf	0.929486	0.0705137	0	0.102737
187	-3.99942	-4.7532	-inf	0.94684	0.0531597	0	0.0859842
188	-3.99942	-4.7532	-inf	0.94684	0.0531597	0	0.0859842
189	-2.95007	-3.44433	-inf	0.932157	0.0678431	0	0.100158
190	-4.36594	-5.26828	-inf	0.953841	0.0461594	0	0.0792266
191	-10.0909	-10.5469	-inf	0.9297	0.0703004	0	0.102531
192	-8.91171	-9.4356	-inf	0.934008	0.0659923	0	0.0983719
193	-13.1186	-13.9437	-inf	0.950316	0.0496838	0	0.0826288
194	-4.08457	-4.82953	-inf	0.946394	0.0536055	0	0.0864145
195	-3.54553	-4.43215	-inf	0.953143	0.0468567	0	0.0798996
196	-4.22409	-5.06408	-inf	0.951017	0.0489835	0	0.0819527
197	-11.349	-11.8642	-inf	0.93347	0.0665297	0	0.0988907
198	-3.26005	-3.68429	-inf	0.927592	0.0724075	0	0.104565
199	-6.06587	-6.44028	-inf	0.924174	0.0758257	0	0.107864
200	-5.44482	-5.79396	-inf	0.922384	0.077616	0	0.109593
201	-2.95007	-3.44433	-inf	0.932157	0.0678431	0	0.100158
202	-3.9927	-4.80691	-inf	0.949801	0.0501989	0	0.083126
203	-4.3383	-4.83381	-inf	0.932236	0.0677639	0	0.100082
204	-3.26005	-3.68429	-inf	0.927592	0.0724075	0	0.104565
205	-3.32962	-3.85996	-inf	0.934404	0.0655962	0	0.0979895
206	-3.30095	-4.13886	-inf	0.950919	0.0490806	0	0.0820465
207	-9.87246	-10.2553	-inf	0.924765	0.0752349	0	0.107294
208	-20.1712	-20.8355	-inf	0.942153	0.0578473	0	0.0905092
209	-16.7901	-17.3753	-inf	0.937685	0.0623148	0	0.0948219
210	-3.32233	-4.00917	-inf	0.943369	0.0566314	0	0.0893355
211	-4.22409	-5.06408	-inf	0.951017	0.0489835	0	0.0819527
212	-4.211	-5.04807	-inf	0.95088	0.04912	0	0.0820845
213	-11.1407	-11.7487	-inf	0.939007	0.0609927	0	0.0935456
214	-3.32233	-4.00917	-inf	0.943369	0.0566314	0	0.0893355
215	-4.3383	-4.83381	-inf	0.932236	0.0677639	0	0.100082
216	-3.30095	-4.13886	-inf	0.950919	0.0490806	0	0.0820465
217	-19.2976	-19.8565	-inf	0.936129	0.063871	0	0.0963242
218	-10.8261	-11.2497	-inf	0.927544	0.0724557	0	0.104611
219	-7.39926	-8.23991	-inf	0.951047	0.0489532	0	0.0819234
220	-3.78103	-4.14807	-inf	0.923656	0.0763443	0	0.108365
221	-2.95007	-3.44433	-inf	0.932157	0.0678431	0	0.100158
222	-3.41664	-3.86457	-inf	0.929168	0.0708324	0	0.103044
223	-3.32233	-4.00917	-inf	0.943369	0.0566314	0	0.0893355
224	-3.32233	-4.00917	-inf	0.943369	0.0566314	0	0.0893355
225	-4.18558	-5.01964	-inf	0.950739	0.0492606	0	0.0822203
226	-3.90767	-4.41854	-inf	0.9332	0.0667996	0	0.0991512
227	-3.78103	-4.14807	-inf	0.923656	0.0763443	0	0.108365
228	-9.25421	-9.65545	-inf	0.926033	0.0739671	0	0.10607
229	-3.90767	-4.41854	-inf	0.9332	0.0667996	0	0.0991512
230	-3.12361	-3.91615	-inf	0.948758	0.0512423	0	0.0841333
231	-9.44521	-9.88175	-inf	0.928415	0.0715849	0	0.103771
232	-17.1114	-14.4518	-inf	0.369689	0.630311	0	0.643127
233	-3.74409	-4.60783	-inf	0.952111	0.047889	0	0.0808962
234	-8.3331	-8.75631	-inf	0.927524	0.0724762	0	0.104631
235	-7.10557	-7.85783	-inf	0.946764	0.053236	0	0.0860578
236	-3.75179	-4.49793	-inf	0.946455	0.0535455	0	0.0863566
237	-3.26005	-3.68429	-inf	0.927592	0.0724075	0	0.104565
238	-3.78103	-4.14807	-inf	0.923656	0.0763443	0	0.108365
239	-11.603	-12.104	-inf	0.932583	0.067417	0	0.0997471
240	-3.32962	-3.85996	-inf	0.934404	0.0655962	0	0.0979895
241	-3.12361	-3.91615	-inf	0.948758	0.0512423	0	0.0841333
242	-16.3551	-10.3872	-inf	0.0210019	0.978998	0	0.979726
243	-3.41664	-3.86457	-inf	0.929168	0.0708324	0	0.103044
244	-8.2114	-8.79556	-inf	0.937626	0.0623737	0	0.0948788
245	-10.698	-7.75294	-inf	0.305965	0.694035	0	0.704642
246	-9.64134	-9.98845	-inf	0.922238	0.0777617	0	0.109733
247	-8.58063	-9.28008	-inf	0.944038	0.0559619	0	0.0886892
248	-3.99942	-4.7532	-inf	0.94684	0.0531597	0	0.0859842
249	-4.12395	-4.90065	-inf	0.947982	0.0520176	0	0.0848816
250	-3.12361	-3.91615	-inf	0.948758	0.0512423	0	0.0841333
251	-4.211	-5.04807	-inf	0.95088	0.04912	0	0.0820845
252	-3.67027	-4.40808	-inf	0.946031	0.053969	0	0.0867654
253	-8.2642	-8.84493	-inf	0.937425	0.0625748	0	0.0950728
254	-4.211	-5.04807	-inf	0.95088	0.04912	0	0.0820845
255	-3.78103	-4.14807	-inf	0.923656	0.0763443	0	0.108365
256	-7.10557	-7.85783	-inf	0.946764	0.053236	0	0.0860578
257	-3.75179	-4.49793	-inf	0.946455	0.0535455	0	0.0863566
258	-3.12361	-3.91615	-inf	0.948758	0.0512423	0	0.0841333
259	-3.12361	-3.91615	-inf	0.948758	0.0512423	0	0.0841333
260	-22.603	-16.523	-inf	0.0188179	0.981182	0	0.981834
261	-3.30095	-4.13886	-inf	0.950919	0.0490806	0	0.0820465
262	-3.90767	-4.41854	-inf	0.9332	0.0667996	0	0.0991512
263	-3.90767	-4.41854	-inf	0.9332	0.0667996	0	0.0991512
264	-3.24621	-3.92943	-inf	0.943175	0.0568252	0	0.0895226
265	-4.211	-5.04807	-inf	0.95088	0.04912	0	0.0820845
266	-10.4845	-11.2243	-inf	0.946137	0.0538635	0	0.0866635
267	-3.26005	-3.68429	-inf	0.927592	0.0724075	0	0.104565
268	-4.08457	-4.82953	-inf	0.946394	0.0536055	0	0.0864145
269	-2.95007	-3.44433	-inf	0.932157	0.0678431	0	0.100158
270	-12.2865	-12.8197	-inf	0.934578	0.0654222	0	0.0978216
271	-8.26296	-8.71624	-inf	0.92952	0.0704802	0	0.102704
272	-2.95007	-3.44433	-inf	0.932157	0.0678431	0	0.100158
273	-3.77736	-4.34492	-inf	0.936648	0.0633519	0	0.0958231
274	-8.38737	-9.10069	-inf	0.944767	0.0552333	0	0.0879859
275	-2.95007	-3.44433	-inf	0.932157	0.0678431	0	0.100158
276	-3.75179	-4.49793	-inf	0.946455	0.0535455	0	0.0863566
277	-3.78103	-4.14807	-inf	0.923656	0.0763443	0	0.108365
278	-3.78103	-4.14807	-inf	0.923656	0.0763443	0	0.108365
279	-3.67027	-4.40808	-inf	0.946031	0.053969	0	0.0867654
280	-8.57493	-9.38409	-inf	0.94956	0.0504403	0	0.083359
281	-3.30095	-4.13886	-inf	0.950919	0.0490806	0	0.0820465
282	-3.32962	-3.85996	-inf	0.934404	0.0655962	0	0.0979895
283	-10.4266	-11.311	-inf	0.953043	0.046957	0	0.0799965
284	-3.78103	-4.14807	-inf	0.923656	0.0763443	0	0.108365
285	-10.542	-11.2744	-inf	0.945756	0.0542437	0	0.0870306
286	-15.7518	-16.5576	-inf	0.949399	0.0506007	0	0.0835138
287	-3.26005	-3.68429	-inf	0.927592	0.0724075	0	0.104565
288	-3.32962	-3.85996	-inf	0.934404	0.0655962	0	0.0979895
289	-9.80512	-10.3701	-inf	0.936498	0.0635024	0	0.0959683
290	-11.638	-9.09564	-inf	0.397407	0.602593	0	0.61637
291	-9.14511	-9.8874	-inf	0.946259	0.0537413	0	0.0865456
292	-3.12361	-3.91615	-inf	0.948758	0.0512423	0	0.0841333
293	-16.7729	-17.2611	-inf	0.931774	0.0682263	0	0.100528
294	-3.30095	-4.13886	-inf	0.950919	0.0490806	0	0.0820465
295	-26.7798	-20.8267	-inf	0.021309	0.978691	0	0.97943
296	-34.947	-25.1797	-inf	0.000480003	0.99952	0	0.999537
297	-14.5544	-11.5869	-inf	0.301216	0.698784	0	0.709226
298	-10.4759	-7.79839	-inf	0.365516	0.634484	0	0.647155
299	-11.3729	-11.7672	-inf	0.925554	0.0744456	0	0.106532
300	-11.8567	-8.8948	-inf	0.302414	0.697586	0	0.70807
301	-21.7849	-15.7026	-inf	0.0187742	0.981226	0	0.981877
302	-12.9317	-13.2056	-inf	0.916825	0.0831754	0	0.114959
303	-3.2862	-3.83429	-inf	0.935483	0.0645165	0	0.0969473
304	-41.8965	-35.5722	-inf	0.0147998	0.9852	0	0.985713
305	-11.2934	-11.7246	-inf	0.928059	0.0719405	0	0.104114
306	-25.3496	-21.045	-inf	0.101689	0.898311	0	0.901837
307	-13.3489	-13.8394	-inf	0.931923	0.0680767	0	0.100384
308	-25.8743	-19.8024	-inf	0.0189682	0.981032	0	0.981689
309	-18.7425	-15.8149	-inf	0.30969	0.69031	0	0.701046
310	-11.199	-8.5331	-inf	0.368228	0.631772	0	0.644538
311	-9.28443	-9.75681	-inf	0.930761	0.0692392	0	0.101506
312	-24.1331	-17.7178	-inf	0.0135286	0.986471	0	0.98694
313	-3.34243	-3.77407	-inf	0.928089	0.0719112	0	0.104086
314	-27.6703	-21.557	-inf	0.0182124	0.981788	0	0.982419
315	-9.84819	-10.2745	-inf	0.927733	0.0722665	0	0.104429
316	-3.32962	-3.85996	-inf	0.934404	0.0655962	0	0.0979895
317	-14.3902	-14.8987	-inf	0.933048	0.0669519	0	0.0992982
318	-14.4956	-15.2849	-inf	0.948598	0.0514016	0	0.084287
319	-6.80398	-7.59979	-inf	0.948916	0.0510837	0	0.0839802
320	-4.12395	-4.90065	-inf	0.947982	0.0520176	0	0.0848816
321	-3.75179	-4.49793	-inf	0.946455	0.0535455	0	0.0863566
322	-10.0704	-10.4974	-inf	0.927777	0.0722225	0	0.104386
323	-3.75179	-4.49793	-inf	0.946455	0.0535455	0	0.0863566
324	-3.77736	-4.34492	-inf	0.936648	0.0633519	0	0.0958231
325	-8.47213	-9.11485	-inf	0.940964	0.0590357	0	0.0916564
326	-3.41664	-3.86457	-inf	0.929168	0.0708324	0	0.103044
327	-7.67963	-8.38708	-inf	0.94446	0.0555403	0	0.0882822
328	-8.56615	-8.98352	-inf	0.927131	0.0728694	0	0.105011
329	-9.17297	-9.8655	-inf	0.943671	0.0563285	0	0.0890431
330	-3.26005	-3.68429	-inf	0.927592	0.0724075	0	0.104565
331	-3.26005	-3.68429	-inf	0.927592	0.0724075	0	0.104565
332	-3.30095	-4.13886	-inf	0.950919	0.0490806	0	0.0820465
333	-2.95007	-3.44433	-inf	0.932157	0.0678431	0	0.100158
334	-9.54823	-10.2807	-inf	0.945756	0.0542441	0	0.0870309
335	-23.6955	-17.6809	-inf	0.0200651	0.979935	0	0.980631
336	-3.34243	-3.77407	-inf	0.928089	0.0719112	0	0.104086
337	-3.12361	-3.91615	-inf	0.948758	0.0512423	0	0.0841333
338	-3.75179	-4.49793	-inf	0.946455	0.0535455	0	0.0863566
339	-12.4279	-9.49479	-inf	0.30852	0.69148	0	0.702175
340	-8.7324	-9.32073	-inf	0.93787	0.0621302	0	0.0946437
341	-3.78103	-4.14807	-inf	0.923656	0.0763443	0	0.108365
342	-12.0808	-12.8043	-inf	0.945295	0.0547052	0	0.0874761
343	-3.30014	-4.13577	-inf	0.950813	0.0491875	0	0.0821496
344	-24.4499	-21.6557	-inf	0.338911	0.661089	0	0.672838
345	-9.25382	-9.65391	-inf	0.925954	0.0740459	0	0.106146
346	-3.54516	-4.42937	-inf	0.953035	0.0469645	0	0.0800038
347	-4.12362	-4.89821	-inf	0.947878	0.0521218	0	0.0849822
348	-3.25966	-3.68274	-inf	0.927515	0.0724847	0	0.104639
349	-14.3333	-14.9803	-inf	0.941199	0.0588013	0	0.0914302
350	-10.4374	-10.7636	-inf	0.92072	0.0792797	0	0.111199
351	-27.7143	-21.6988	-inf	0.0200461	0.979954	0	0.980649
352	-2.94981	-3.44272	-inf	0.932072	0.0679279	0	0.10024
353	-2.94981	-3.44272	-inf	0.932072	0.0679279	0	0.10024
354	-3.30014	-4.13577	-inf	0.950813	0.0491875	0	0.0821496
355	-27.2076	-20.9776	-inf	0.0162391	0.983761	0	0.984324
356	-10.2897	-10.9727	-inf	0.943164	0.0568364	0	0.0895334
357	-7.62371	-8.33679	-inf	0.944754	0.0552459	0	0.087998
358	-3.99901	-4.75074	-inf	0.946737	0.0532634	0	0.0860842
359	-3.32876	-3.85766	-inf	0.934315	0.0656846	0	0.0980749
360	-3.77639	-4.3424	-inf	0.936556	0.0634437	0	0.0959116
361	-3.66983	-4.40564	-inf	0.945929	0.0540715	0	0.0868643
362	-4.21632	-4.74392	-inf	0.934236	0.0657644	0	0.0981518
363	-11.0365	-8.49952	-inf	0.39869	0.60131	0	0.615132
364	-3.41635	-3.86306	-inf	0.929088	0.0709124	0	0.103121
365	-3.32184	-4.00682	-inf	0.943269	0.0567312	0	0.0894318
366	-4.1847	-5.01648	-inf	0.950632	0.0493676	0	0.0823235
367	-25.0901	-19.0796	-inf	0.0201461	0.979854	0	0.980552
368	-11.2855	-8.66152	-inf	0.378028	0.621972	0	0.635077
369	-4.08424	-4.82717	-inf	0.946292	0.0537083	0	0.0865137
370	-3.98022	-4.71642	-inf	0.945949	0.0540514	0	0.0868449
371	-3.79305	-4.18169	-inf	0.925165	0.0748346	0	0.106908
372	-3.2461	-3.62971	-inf	0.924817	0.0751833	0	0.107244
373	-3.75605	-4.08795	-inf	0.921141	0.0788595	0	0.110793
374	-3.27253	-4.03011	-inf	0.947032	0.0529685	0	0.0857996
375	-4.30166	-4.74967	-inf	0.929173	0.0708266	0	0.103039
376	-4.21124	-4.97074	-inf	0.947128	0.0528724	0	0.0857068
377	-3.98514	-4.66665	-inf	0.943083	0.0569167	0	0.0896109
378	-14.1468	-14.6799	-inf	0.934573	0.0654265	0	0.0978257
388	-3.24582	-3.92719	-inf	0.943075	0.0569247	0	0.0896186
389	-9.46409	-10.1604	-inf	0.943872	0.0561281	0	0.0888497
390	-7.85453	-8.33921	-inf	0.931549	0.0684513	0	0.100746
391	-2.94981	-3.44272	-inf	0.932072	0.0679279	0	0.10024
392	-3.54516	-4.42937	-inf	0.953035	0.0469645	0	0.0800038
393	-26.2243	-16.8151	-inf	0.000686485	0.999314	0	0.999337
394	-4.06624	-4.51711	-inf	0.929361	0.0706386	0	0.102857
395	-3.32876	-3.85766	-inf	0.934315	0.0656846	0	0.0980749
396	-3.54516	-4.42937	-inf	0.953035	0.0469645	0	0.0800038
397	-10.6973	-7.75107	-inf	0.305718	0.694282	0	0.704881
398	-7.57459	-8.39048	-inf	0.949881	0.0501187	0	0.0830486
399	-9.1794	-9.99422	-inf	0.94983	0.0501697	0	0.0830978
400	-26.2189	-19.994	-inf	0.0163201	0.98368	0	0.984246
401	-16.4627	-13.8638	-inf	0.383944	0.616056	0	0.629366
402	-17.0867	-14.5384	-inf	0.395989	0.604011	0	0.617739
403	-3.75179	-4.49793	-inf	0.946455	0.0535455	0	0.0863566
404	-3.78103	-4.14807	-inf	0.923656	0.0763443	0	0.108365
405	-14.4796	-15.0397	-inf	0.936202	0.0637983	0	0.0962539
406	-3.54553	-4.43215	-inf	0.953143	0.0468567	0	0.0798996
407	-3.32962	-3.85996	-inf	0.934404	0.0655962	0	0.0979895
408	-7.86028	-8.56026	-inf	0.944066	0.0559339	0	0.0886622
409	-3.78103	-4.14807	-inf	0.923656	0.0763443	0	0.108365
410	-9.18442	-9.64572	-inf	0.930043	0.0699568	0	0.102199
411	-13.1038	-13.5346	-inf	0.928031	0.0719686	0	0.104141
412	-22.4669	-19.4688	-inf	0.294814	0.705186	0	0.715406
413	-3.32136	-3.83777	-inf	0.933545	0.0664552	0	0.0988188
414	-3.73529	-4.57622	-inf	0.95106	0.0489398	0	0.0819106
415	-13.0213	-10.1715	-inf	0.326568	0.673432	0	0.684753
416	-9.92679	-10.6422	-inf	0.944875	0.0551251	0	0.0878814
417	-11.8298	-8.94061	-inf	0.317956	0.682044	0	0.693066
418	-14.756	-12.0943	-inf	0.369212	0.630788	0	0.643588
419	-7.6743	-8.36214	-inf	0.943422	0.056578	0	0.0892839
420	-7.37408	-8.0076	-inf	0.940452	0.0595485	0	0.0921515
421	-8.8136	-9.1999	-inf	0.925003	0.0749967	0	0.107064
422	-3.12044	-3.89216	-inf	0.947736	0.0522637	0	0.0851192
423	-26.5058	-17.074	-inf	0.000671268	0.999329	0	0.999352
424	-26.5562	-17.081	-inf	0.000642722	0.999357	0	0.99938
434	-10.1603	-10.8166	-inf	0.941716	0.0582839	0	0.0909307
435	-3.33748	-3.75781	-inf	0.92733	0.0726698	0	0.104818
436	-3.07492	-3.51001	-inf	0.928318	0.0716817	0	0.103864
437	-21.9191	-15.5678	-inf	0.0144109	0.985589	0	0.986089
438	-3.26359	-3.49825	-inf	0.913781	0.0862189	0	0.117897
441	-9.74466	-10.1161	-inf	0.923964	0.076036	0	0.108067
442	-3.24346	-3.61955	-inf	0.924292	0.0757082	0	0.107751
443	-3.31762	-3.98643	-inf	0.942397	0.0576027	0	0.0902731
444	-11.3841	-8.69942	-inf	0.363855	0.636145	0	0.648759
447	-17.3887	-17.6449	-inf	0.915467	0.0845334	0	0.11627
448	-22.0635	-22.4071	-inf	0.921989	0.0780114	0	0.109974
449	-19.0287	-13.1038	-inf	0.0219068	0.978093	0	0.978853
450	-44.5965	-34.8632	-inf	0.000496564	0.999503	0	0.999521
451	-24.1006	-21.528	-inf	0.390188	0.609812	0	0.623339
452	-36.8219	-30.6131	-inf	0.0165817	0.983418	0	0.983993
453	-15.491	-15.8788	-inf	0.925103	0.0748971	0	0.106968
454	-11.2374	-11.5736	-inf	0.92145	0.0785503	0	0.110495
455	-26.5904	-23.6972	-inf	0.317105	0.682895	0	0.693888
456	-15.9906	-13.3646	-inf	0.377551	0.622449	0	0.635537
457	-3.12044	-3.89216	-inf	0.947736	0.0522637	0	0.0851192
458	-20.1485	-17.1974	-inf	0.304707	0.695293	0	0.705856
459	-20.0748	-17.2413	-inf	0.330176	0.669824	0	0.68127
460	-17.3617	-17.7812	-inf	0.927279	0.0727206	0	0.104867
461	-10.9428	-11.4965	-inf	0.935817	0.0641828	0	0.0966251
462	-3.26075	-3.48889	-inf	0.913267	0.0867333	0	0.118394
463	-3.16584	-3.59765	-inf	0.9281	0.0718999	0	0.104075
464	-13.2596	-10.2313	-inf	0.288583	0.711417	0	0.721421
465	-13.5892	-10.7314	-inf	0.324815	0.675185	0	0.686445
466	-3.31491	-3.97334	-inf	0.941831	0.0581689	0	0.0908197
467	-25.2636	-19.1876	-inf	0.0188929	0.981107	0	0.981762
468	-3.53986	-4.38975	-inf	0.951475	0.0485248	0	0.0815099
469	-4.06561	-4.49904	-inf	0.928208	0.0717923	0	0.103971
470	-9.63799	-10.3548	-inf	0.944949	0.0550506	0	0.0878095
471	-7.70346	-8.15815	-inf	0.929611	0.0703888	0	0.102616
472	-10.4962	-7.54743	-inf	0.305184	0.694816	0	0.705396
473	-3.77026	-4.12215	-inf	0.922581	0.0774193	0	0.109403
474	-3.66363	-4.37093	-inf	0.944451	0.0555487	0	0.0882903
475	-3.99323	-4.71569	-inf	0.945242	0.0547581	0	0.0875271
476	-13.3546	-10.2895	-inf	0.281097	0.718903	0	0.728648
477	-6.12439	-6.48461	-inf	0.923174	0.0768264	0	0.10883
478	-3.31491	-3.97334	-inf	0.941831	0.0581689	0	0.0908197
479	-20.1242	-17.4238	-inf	0.360228	0.639772	0	0.65226
480	-4.06561	-4.49904	-inf	0.928208	0.0717923	0	0.103971
481	-7.85364	-8.5231	-inf	0.942432	0.0575675	0	0.0902392
482	-8.79555	-9.17368	-inf	0.924434	0.0755661	0	0.107614
483	-3.11861	-3.87835	-inf	0.94714	0.0528604	0	0.0856953
484	-4.11892	-4.86347	-inf	0.946374	0.0536258	0	0.0864341
485	-2.94606	-3.4199	-inf	0.930854	0.0691455	0	0.101416
486	-3.28864	-4.09174	-inf	0.949268	0.0507315	0	0.0836401
487	-3.77026	-4.12215	-inf	0.922581	0.0774193	0	0.109403
488	-3.53986	-4.38975	-inf	0.951475	0.0485248	0	0.0815099
489	-12.09	-12.727	-inf	0.940648	0.0593524	0	0.0919622
490	-8.47988	-8.85924	-inf	0.92452	0.0754797	0	0.10753
491	-3.31491	-3.97334	-inf	0.941831	0.0581689	0	0.0908197
492	-3.99388	-4.5503	-inf	0.935984	0.0640159	0	0.0964639
493	-7.32774	-7.85902	-inf	0.934461	0.0655386	0	0.0979339
494	-10.6776	-7.99046	-inf	0.363299	0.636701	0	0.649296
495	-34.8713	-25.1706	-inf	0.000513023	0.999487	0	0.999505
496	-69.0823	-51.1324	-inf	1.34214e-07	1	0	1
497	-4.12395	-4.90065	-inf	0.947982	0.0520176	0	0.0848816
