Sites	Ll_YN98.omega=0.0346712	Ll_YN98.omega=1	Pr_YN98.omega=0.0346712	Pr_YN98.omega=1	mean
1	-3.99475	-4.5751	0.937401	0.062599	0.0950999
2	-10.2465	-7.54828	0.360726	0.639274	0.651781
3	-10.4571	-7.56634	0.317613	0.682387	0.693399
4	-3.99475	-4.5751	0.937401	0.0625987	0.0950995
6	-3.78103	-4.14806	0.923652	0.0763477	0.108372
7	-3.78103	-4.14806	0.923652	0.0763478	0.108372
8	-11.0727	-8.08513	0.297018	0.702982	0.71328
9	-3.32962	-3.85995	0.934401	0.0655995	0.0979962
10	-6.22187	-6.55439	0.921182	0.0788175	0.110756
11	-7.23563	-7.65993	0.927595	0.0724055	0.104566
12	-3.78103	-4.14806	0.923652	0.0763478	0.108372
13	-3.78103	-4.14806	0.923652	0.0763478	0.108372
14	-17.4367	-14.3786	0.282491	0.717509	0.727303
15	-11.214	-11.8958	0.943095	0.056905	0.0896032
16	-12.3633	-9.72308	0.374207	0.625793	0.638767
17	-8.57812	-9.24103	0.942074	0.0579256	0.0905884
18	-4.36594	-5.26827	0.953838	0.046162	0.0792327
28	-4.3383	-4.8338	0.932233	0.0677671	0.100089
29	-3.78103	-4.14806	0.923652	0.0763478	0.108372
30	-8.18362	-8.58727	0.926195	0.0738051	0.105917
31	-17.3254	-14.3876	0.307492	0.692508	0.703169
32	-11.5152	-8.9557	0.393285	0.606715	0.620351
33	-29.4627	-26.5947	0.322564	0.677436	0.68862
34	-9.81911	-10.1934	0.924163	0.0758369	0.107879
35	-3.78103	-4.14806	0.923652	0.0763478	0.108372
36	-3.32962	-3.85995	0.934401	0.0655995	0.0979962
37	-8.0889	-8.88508	0.948932	0.0510678	0.0839684
38	-9.48392	-9.74998	0.91622	0.08378	0.115546
39	-13.4264	-14.1478	0.945184	0.0548159	0.0875866
40	-3.32233	-4.00916	0.943366	0.0566344	0.089342
41	-9.11723	-9.59675	0.931217	0.0687834	0.10107
42	-3.34242	-3.77406	0.928085	0.0719146	0.104092
43	-4.211	-5.04805	0.950877	0.0491228	0.0820909
44	-8.81856	-9.21616	0.925781	0.0742192	0.106317
45	-3.90767	-4.41853	0.933197	0.0668029	0.0991579
46	-13.236	-13.7391	0.932713	0.0672868	0.0996251
47	-10.8357	-11.2715	0.928363	0.0716367	0.103824
48	-3.54553	-4.43213	0.953141	0.0468594	0.0799059
49	-7.11921	-7.93983	0.950104	0.0498964	0.0828376
50	-6.06586	-6.44027	0.924171	0.0758292	0.107871
51	-3.90767	-4.41853	0.933197	0.0668029	0.0991579
52	-3.78103	-4.14806	0.923652	0.0763478	0.108372
53	-4.18558	-5.01962	0.950737	0.0492634	0.0822266
54	-12.9935	-13.4204	0.927767	0.0722334	0.1044
55	-6.32423	-6.61204	0.917875	0.0821253	0.113949
56	-19.571	-13.6544	0.0220853	0.977915	0.97868
57	-3.99942	-4.75319	0.946837	0.0531626	0.0859906
58	-3.90767	-4.41853	0.933197	0.0668029	0.0991579
59	-7.70947	-8.14546	0.928376	0.0716241	0.103812
60	-10.8109	-11.2808	0.930596	0.0694039	0.101669
61	-4.08457	-4.82951	0.946392	0.0536085	0.086421
62	-3.74408	-4.60781	0.952108	0.0478917	0.0809025
63	-12.4595	-13.0627	0.938731	0.0612685	0.0938155
64	-3.26005	-3.68428	0.927589	0.0724109	0.104572
65	-12.5907	-13.2388	0.941256	0.0587439	0.0913784
66	-2.95007	-3.44432	0.932154	0.0678464	0.100165
67	-7.94114	-8.43374	0.93205	0.0679502	0.100265
68	-4.18558	-5.01962	0.950737	0.0492634	0.0822266
69	-15.2491	-15.5225	0.916781	0.0832189	0.115005
70	-10.238	-10.7507	0.933315	0.0666848	0.0990439
71	-3.30095	-4.13884	0.950917	0.0490834	0.0820528
72	-4.12395	-4.90063	0.94798	0.0520205	0.0848881
73	-24.0864	-24.3755	0.917966	0.0820343	0.113861
74	-9.7401	-10.2171	0.931055	0.0689455	0.101226
75	-20.0019	-20.5268	0.934068	0.0659322	0.0983175
76	-5.17273	-5.53169	0.923082	0.0769184	0.108923
77	-7.55606	-7.96944	0.926858	0.0731422	0.105277
78	-3.90767	-4.41853	0.933197	0.0668029	0.0991579
79	-4.08457	-4.82951	0.946392	0.0536085	0.086421
80	-17.6532	-15.0224	0.376405	0.623595	0.636645
81	-6.22187	-6.55439	0.921182	0.0788175	0.110756
82	-3.9927	-4.8069	0.949798	0.0502017	0.0831324
83	-15.1949	-16.0154	0.950096	0.0499036	0.0828446
84	-2.95007	-3.44432	0.932154	0.0678464	0.100165
85	-14.7905	-14.9926	0.911178	0.0888223	0.120414
86	-7.12469	-7.55919	0.928277	0.0717233	0.103908
87	-3.90767	-4.41853	0.933197	0.0668029	0.0991579
88	-11.7639	-12.1234	0.923118	0.0768815	0.108887
89	-3.67027	-4.40807	0.946028	0.053972	0.0867719
90	-4.18558	-5.01962	0.950737	0.0492634	0.0822266
91	-3.74408	-4.60781	0.952108	0.0478917	0.0809025
92	-10.2798	-10.7521	0.930757	0.0692434	0.101514
93	-3.99942	-4.75319	0.946837	0.0531626	0.0859906
94	-3.9927	-4.8069	0.949798	0.0502017	0.0831324
95	-3.74408	-4.60781	0.952108	0.0478917	0.0809025
96	-3.12361	-3.91614	0.948755	0.0512452	0.0841396
97	-9.08667	-9.81414	0.945498	0.054502	0.0872836
98	-6.12844	-6.50415	0.924262	0.0757383	0.107784
99	-7.12469	-7.55919	0.928277	0.0717233	0.103908
100	-3.90767	-4.41853	0.933197	0.0668029	0.0991579
101	-14.9193	-15.3797	0.929983	0.0700171	0.102261
102	-12.1331	-12.5487	0.927008	0.0729917	0.105132
103	-5.17273	-5.53169	0.923082	0.0769184	0.108923
104	-3.9927	-4.8069	0.949798	0.0502017	0.0831324
105	-4.18558	-5.01962	0.950737	0.0492634	0.0822266
106	-5.40641	-5.65671	0.915003	0.0849973	0.116722
107	-8.77778	-9.31375	0.934745	0.065255	0.0976638
108	-10.0709	-10.8476	0.947978	0.052022	0.0848896
109	-9.03447	-9.4943	0.929944	0.0700556	0.102298
110	-3.78103	-4.14806	0.923652	0.0763478	0.108372
111	-3.99475	-4.5751	0.937401	0.0625988	0.0950997
112	-7.19122	-7.60414	0.926827	0.0731733	0.105308
113	-3.41664	-3.86456	0.929164	0.0708358	0.103051
114	-4.15814	-4.66313	0.93283	0.0671703	0.0995127
115	-7.23563	-7.65993	0.927595	0.0724054	0.104566
116	-14.2264	-14.7171	0.931927	0.0680734	0.100384
117	-3.12361	-3.91614	0.948755	0.0512451	0.0841395
118	-3.90767	-4.41853	0.933197	0.0668027	0.0991578
119	-4.23562	-4.67346	0.928499	0.0715014	0.103694
120	-3.9927	-4.8069	0.949798	0.0502016	0.0831323
121	-10.2998	-10.7944	0.932174	0.0678257	0.100145
122	-4.23562	-4.67346	0.928499	0.0715014	0.103694
123	-3.30095	-4.13885	0.950917	0.0490832	0.0820527
124	-9.77802	-10.4661	0.943433	0.0565675	0.0892774
125	-17.8167	-18.3312	0.933424	0.0665759	0.0989388
126	-3.26005	-3.68428	0.927589	0.0724108	0.104571
127	-3.99475	-4.5751	0.937401	0.0625987	0.0950995
128	-3.9927	-4.8069	0.949798	0.0502016	0.0831323
129	-3.41664	-3.86456	0.929164	0.0708357	0.103051
130	-4.06628	-4.51837	0.929439	0.0705615	0.102786
131	-11.2	-11.581	0.924628	0.0753717	0.10743
132	-5.40641	-5.65671	0.915003	0.0849973	0.116722
133	-3.26005	-3.68428	0.927589	0.0724108	0.104571
134	-9.59904	-9.98357	0.924877	0.0751231	0.10719
135	-3.78103	-4.14806	0.923652	0.0763477	0.108372
136	-3.81779	-4.24758	0.927962	0.0720376	0.104211
137	-10.0456	-10.4683	0.927484	0.0725161	0.104673
138	-7.5981	-8.3905	0.948749	0.0512511	0.0841453
139	-2.95007	-3.44432	0.932154	0.0678463	0.100165
140	-3.32233	-4.00916	0.943366	0.0566343	0.0893419
141	-4.06628	-4.51837	0.929439	0.0705615	0.102786
142	-3.12361	-3.91614	0.948755	0.0512451	0.0841395
143	-9.41337	-9.89179	0.931145	0.0688545	0.101138
144	-9.50438	-9.96076	0.929719	0.0702807	0.102515
145	-3.32233	-4.00916	0.943366	0.0566343	0.0893419
146	-3.54553	-4.43214	0.953141	0.0468592	0.0799058
147	-3.54553	-4.43214	0.953141	0.0468592	0.0799058
148	-9.66738	-9.97847	0.919613	0.0803872	0.112271
149	-2.95007	-3.44432	0.932154	0.0678463	0.100165
150	-2.95007	-3.44432	0.932154	0.0678463	0.100165
151	-9.30562	-9.76615	0.92999	0.0700101	0.102254
152	-3.78103	-4.14806	0.923652	0.0763477	0.108372
153	-3.54553	-4.43214	0.953141	0.0468592	0.0799058
154	-15.8786	-16.4905	0.939228	0.060772	0.0933361
155	-2.95007	-3.44432	0.932154	0.0678463	0.100165
156	-3.32233	-4.00916	0.943366	0.0566343	0.0893419
157	-8.76606	-9.45598	0.94353	0.0564695	0.0891829
158	-11.8267	-12.2297	0.926152	0.073848	0.105959
159	-3.26005	-3.68428	0.927589	0.0724108	0.104571
160	-3.12361	-3.91614	0.948755	0.0512451	0.0841395
161	-9.57499	-10.2517	0.942824	0.0571763	0.0898652
162	-4.18558	-5.01963	0.950737	0.0492633	0.0822265
163	-7.83294	-8.34409	0.933215	0.0667849	0.0991406
164	-16.7397	-17.4593	0.945091	0.0549086	0.087676
165	-3.12361	-3.91614	0.948755	0.0512451	0.0841395
166	-7.67964	-8.38709	0.944457	0.0555431	0.0882886
167	-3.12361	-3.91614	0.948755	0.0512451	0.0841395
168	-8.38738	-9.10069	0.944764	0.0552361	0.0879922
169	-4.12395	-4.90064	0.94798	0.0520203	0.0848879
170	-3.90767	-4.41853	0.933197	0.0668027	0.0991578
171	-7.70479	-8.42011	0.944869	0.0551312	0.0878909
172	-3.32233	-4.00916	0.943366	0.0566343	0.0893419
173	-3.99475	-4.5751	0.937401	0.0625987	0.0950995
174	-3.78103	-4.14806	0.923652	0.0763477	0.108372
175	-3.30095	-4.13885	0.950917	0.0490832	0.0820527
176	-3.75179	-4.49792	0.946452	0.0535483	0.0863629
177	-3.78103	-4.14806	0.923652	0.0763477	0.108372
178	-12.7203	-13.2371	0.933564	0.0664359	0.0988036
179	-3.26005	-3.68428	0.927589	0.0724108	0.104571
180	-2.95007	-3.44432	0.932154	0.0678463	0.100165
181	-3.30095	-4.13885	0.950917	0.0490832	0.0820527
182	-3.32233	-4.00916	0.943366	0.0566343	0.0893419
183	-8.40712	-9.2009	0.948816	0.051184	0.0840806
184	-7.10558	-7.85784	0.946761	0.0532388	0.0860641
185	-4.06628	-4.51837	0.929439	0.0705615	0.102786
186	-14.5106	-14.9634	0.929483	0.070517	0.102743
187	-3.99942	-4.75319	0.946837	0.0531625	0.0859905
188	-3.99942	-4.75319	0.946837	0.0531625	0.0859905
189	-2.95007	-3.44432	0.932154	0.0678463	0.100165
190	-4.36594	-5.26827	0.953838	0.046162	0.0792327
191	-10.0909	-10.5469	0.929696	0.0703037	0.102537
192	-8.91172	-9.43561	0.934005	0.0659954	0.0983785
193	-13.1187	-13.9437	0.950314	0.0496865	0.082635
194	-4.08457	-4.82951	0.946392	0.0536083	0.0864209
195	-3.54553	-4.43214	0.953141	0.0468592	0.0799058
196	-4.22409	-5.06407	0.951014	0.0489861	0.0819589
197	-11.3491	-11.8643	0.933467	0.0665329	0.0988973
198	-3.26005	-3.68428	0.927589	0.0724108	0.104571
199	-6.06587	-6.44027	0.924171	0.0758291	0.107871
200	-5.44481	-5.79395	0.922381	0.0776194	0.109599
201	-2.95007	-3.44432	0.932154	0.0678463	0.100165
202	-3.9927	-4.8069	0.949798	0.0502016	0.0831323
203	-4.3383	-4.8338	0.932233	0.0677671	0.100089
204	-3.26005	-3.68428	0.927589	0.0724108	0.104571
205	-3.32962	-3.85995	0.934401	0.0655994	0.0979961
206	-3.30095	-4.13885	0.950917	0.0490832	0.0820527
207	-9.87248	-10.2553	0.924762	0.0752383	0.107301
208	-20.1712	-20.8355	0.94215	0.0578502	0.0905157
209	-16.7901	-17.3753	0.937682	0.0623179	0.0948284
210	-3.32233	-4.00916	0.943366	0.0566343	0.0893419
211	-4.22409	-5.06407	0.951014	0.0489861	0.0819589
212	-4.211	-5.04806	0.950877	0.0491227	0.0820907
213	-11.1407	-11.7487	0.939004	0.0609957	0.0935521
214	-3.32233	-4.00916	0.943366	0.0566343	0.0893419
215	-4.3383	-4.8338	0.932233	0.0677671	0.100089
216	-3.30095	-4.13885	0.950917	0.0490832	0.0820527
217	-19.2977	-19.8565	0.936126	0.0638741	0.0963307
218	-10.8262	-11.2497	0.927541	0.072459	0.104618
219	-7.39928	-8.23991	0.951044	0.0489558	0.0819297
220	-3.78103	-4.14806	0.923652	0.0763477	0.108372
221	-2.95007	-3.44432	0.932154	0.0678463	0.100165
222	-3.41664	-3.86456	0.929164	0.0708357	0.103051
223	-3.32233	-4.00916	0.943366	0.0566343	0.0893419
224	-3.32233	-4.00916	0.943366	0.0566343	0.0893419
225	-4.18558	-5.01963	0.950737	0.0492633	0.0822265
226	-3.90767	-4.41853	0.933197	0.0668027	0.0991578
227	-3.78103	-4.14806	0.923652	0.0763477	0.108372
228	-9.25423	-9.65546	0.92603	0.0739705	0.106077
229	-3.90767	-4.41853	0.933197	0.0668027	0.0991578
230	-3.12361	-3.91614	0.948755	0.0512451	0.0841395
231	-9.44522	-9.88176	0.928412	0.0715882	0.103777
232	-17.1113	-14.4518	0.369702	0.630298	0.643116
233	-3.74408	-4.60782	0.952108	0.0478916	0.0809023
234	-8.33311	-8.75632	0.92752	0.0724796	0.104638
235	-7.10558	-7.85784	0.946761	0.0532388	0.0860641
236	-3.75179	-4.49792	0.946452	0.0535483	0.0863629
237	-3.26005	-3.68428	0.927589	0.0724108	0.104571
238	-3.78103	-4.14806	0.923652	0.0763477	0.108372
239	-11.603	-12.104	0.93258	0.0674201	0.0997538
240	-3.32962	-3.85995	0.934401	0.0655994	0.0979961
241	-3.12361	-3.91614	0.948755	0.0512451	0.0841395
242	-16.3549	-10.3872	0.0210053	0.978995	0.979723
243	-3.41664	-3.86456	0.929164	0.0708357	0.103051
244	-8.21141	-8.79556	0.937623	0.0623768	0.0948853
245	-10.6979	-7.75294	0.305978	0.694022	0.70463
246	-9.64135	-9.98845	0.922235	0.0777651	0.10974
247	-8.58064	-9.28008	0.944035	0.0559648	0.0886956
248	-3.99942	-4.75319	0.946837	0.0531625	0.0859905
249	-4.12395	-4.90064	0.94798	0.0520203	0.0848879
250	-3.12361	-3.91614	0.948755	0.0512451	0.0841395
251	-4.211	-5.04806	0.950877	0.0491227	0.0820907
252	-3.67027	-4.40807	0.946028	0.0539719	0.0867718
253	-8.26422	-8.84493	0.937422	0.0625778	0.0950794
254	-4.211	-5.04806	0.950877	0.0491227	0.0820907
255	-3.78103	-4.14806	0.923652	0.0763477	0.108372
256	-7.10558	-7.85784	0.946761	0.0532388	0.0860641
257	-3.75179	-4.49792	0.946452	0.0535483	0.0863629
258	-3.12361	-3.91614	0.948755	0.0512451	0.0841395
259	-3.12361	-3.91614	0.948755	0.0512451	0.0841395
260	-22.6029	-16.5231	0.018821	0.981179	0.981832
261	-3.30095	-4.13885	0.950917	0.0490832	0.0820527
262	-3.90767	-4.41853	0.933197	0.0668027	0.0991578
263	-3.90767	-4.41853	0.933197	0.0668027	0.0991578
264	-3.24621	-3.92942	0.943172	0.0568281	0.089529
265	-4.211	-5.04806	0.950877	0.0491227	0.0820907
266	-10.4845	-11.2244	0.946134	0.0538663	0.0866699
267	-3.26005	-3.68428	0.927589	0.0724108	0.104571
268	-4.08457	-4.82951	0.946392	0.0536083	0.0864209
269	-2.95007	-3.44432	0.932154	0.0678463	0.100165
270	-12.2865	-12.8197	0.934575	0.0654254	0.0978282
271	-8.26297	-8.71625	0.929517	0.0704835	0.102711
272	-2.95007	-3.44432	0.932154	0.0678463	0.100165
273	-3.77736	-4.3449	0.936645	0.063355	0.0958296
274	-8.38738	-9.10069	0.944764	0.0552361	0.0879922
275	-2.95007	-3.44432	0.932154	0.0678463	0.100165
276	-3.75179	-4.49792	0.946452	0.0535483	0.0863629
277	-3.78103	-4.14806	0.923652	0.0763477	0.108372
278	-3.78103	-4.14806	0.923652	0.0763477	0.108372
279	-3.67027	-4.40807	0.946028	0.0539719	0.0867718
280	-8.57495	-9.38409	0.949557	0.050443	0.0833652
281	-3.30095	-4.13885	0.950917	0.0490832	0.0820527
282	-3.32962	-3.85995	0.934401	0.0655994	0.0979961
283	-10.4267	-11.311	0.95304	0.0469596	0.0800026
284	-3.78103	-4.14806	0.923652	0.0763477	0.108372
285	-10.542	-11.2744	0.945753	0.0542466	0.087037
286	-15.7518	-16.5576	0.949397	0.0506034	0.0835201
287	-3.26005	-3.68428	0.927589	0.0724108	0.104571
288	-3.32962	-3.85995	0.934401	0.0655994	0.0979961
289	-9.80513	-10.3701	0.936495	0.0635055	0.0959748
290	-11.6379	-9.09564	0.39742	0.60258	0.616359
291	-9.14513	-9.8874	0.946256	0.0537441	0.086552
292	-3.12361	-3.91614	0.948755	0.0512451	0.0841395
293	-16.7729	-17.2611	0.931771	0.0682295	0.100535
294	-3.30095	-4.13885	0.950917	0.0490832	0.0820527
295	-26.7797	-20.8267	0.0213125	0.978688	0.979426
296	-34.9467	-25.1797	0.00048014	0.99952	0.999537
297	-14.5544	-11.5869	0.301229	0.698771	0.709215
298	-10.4758	-7.79839	0.36553	0.63447	0.647144
299	-11.3729	-11.7672	0.925551	0.0744489	0.106539
300	-11.8566	-8.89481	0.302427	0.697573	0.708058
301	-21.7848	-15.7026	0.0187773	0.981223	0.981874
302	-12.9318	-13.2057	0.916821	0.0831789	0.114966
303	-3.2862	-3.83428	0.93548	0.0645197	0.0969539
304	-41.8963	-35.5722	0.0148023	0.985198	0.985711
305	-11.2934	-11.7246	0.928056	0.0719438	0.104121
306	-25.3496	-21.045	0.101695	0.898305	0.901831
307	-13.3489	-13.8395	0.93192	0.0680799	0.100391
308	-25.8741	-19.8024	0.0189714	0.981029	0.981686
309	-18.7424	-15.8149	0.309703	0.690297	0.701035
310	-11.1989	-8.5331	0.368241	0.631759	0.644527
311	-9.28444	-9.75682	0.930758	0.0692424	0.101513
312	-24.133	-17.7178	0.013531	0.986469	0.986938
313	-3.34242	-3.77406	0.928086	0.0719145	0.104092
314	-27.6702	-21.557	0.0182154	0.981785	0.982416
315	-9.84821	-10.2745	0.92773	0.0722699	0.104435
316	-3.32962	-3.85995	0.934401	0.0655994	0.0979961
317	-14.3902	-14.8987	0.933045	0.066955	0.0993048
318	-14.4956	-15.2849	0.948596	0.0514044	0.0842933
319	-6.804	-7.59979	0.948914	0.0510864	0.0839864
320	-4.12395	-4.90064	0.94798	0.0520203	0.0848879
321	-3.75179	-4.49792	0.946452	0.0535483	0.0863629
322	-10.0704	-10.4974	0.927774	0.0722259	0.104393
323	-3.75179	-4.49792	0.946452	0.0535483	0.0863629
324	-3.77736	-4.3449	0.936645	0.063355	0.0958296
325	-8.47214	-9.11485	0.940961	0.0590386	0.0916629
326	-3.41664	-3.86456	0.929164	0.0708357	0.103051
327	-7.67964	-8.38709	0.944457	0.0555431	0.0882886
328	-8.56616	-8.98353	0.927127	0.0728728	0.105017
329	-9.17298	-9.8655	0.943669	0.0563314	0.0890495
330	-3.26005	-3.68428	0.927589	0.0724108	0.104571
331	-3.26005	-3.68428	0.927589	0.0724108	0.104571
332	-3.30095	-4.13885	0.950917	0.0490832	0.0820527
333	-2.95007	-3.44432	0.932154	0.0678463	0.100165
334	-9.54825	-10.2807	0.945753	0.0542469	0.0870373
335	-23.6953	-17.6809	0.0200684	0.979932	0.980627
336	-3.34242	-3.77406	0.928086	0.0719145	0.104092
337	-3.12361	-3.91614	0.948755	0.0512451	0.0841395
338	-3.75179	-4.49792	0.946452	0.0535483	0.0863629
339	-12.4278	-9.4948	0.308533	0.691467	0.702164
340	-8.73241	-9.32073	0.937867	0.0621332	0.0946502
341	-3.78103	-4.14806	0.923652	0.0763477	0.108372
342	-12.0808	-12.8043	0.945292	0.0547081	0.0874825
343	-3.30014	-4.13575	0.95081	0.0491901	0.0821559
344	-24.4499	-21.6558	0.338924	0.661076	0.672827
345	-9.25383	-9.65391	0.925951	0.0740492	0.106153
346	-3.54516	-4.42935	0.953033	0.0469671	0.0800099
347	-4.12362	-4.8982	0.947875	0.0521246	0.0849885
348	-3.25966	-3.68273	0.927512	0.0724881	0.104646
349	-14.3334	-14.9803	0.941196	0.0588043	0.0914367
350	-10.4374	-10.7636	0.920717	0.0792831	0.111205
351	-27.7141	-21.6988	0.0200493	0.979951	0.980646
352	-2.94981	-3.44271	0.932069	0.0679311	0.100247
353	-2.94981	-3.44271	0.932069	0.0679311	0.100247
354	-3.30014	-4.13575	0.95081	0.0491901	0.0821559
355	-27.2075	-20.9777	0.0162418	0.983758	0.984321
356	-10.2897	-10.9727	0.943161	0.0568393	0.0895398
357	-7.62372	-8.33679	0.944751	0.0552487	0.0880044
358	-3.99901	-4.75072	0.946734	0.0532662	0.0860906
359	-3.32876	-3.85765	0.934312	0.0656878	0.0980815
360	-3.77639	-4.34239	0.936553	0.0634468	0.0959182
361	-3.66983	-4.40563	0.945926	0.0540743	0.0868707
362	-4.21631	-4.74391	0.934233	0.0657675	0.0981585
363	-11.0364	-8.49952	0.398703	0.601297	0.615121
364	-3.41635	-3.86305	0.929084	0.0709156	0.103128
365	-3.32184	-4.00681	0.943266	0.0567341	0.0894382
366	-4.1847	-5.01647	0.95063	0.0493702	0.0823297
367	-25.0899	-19.0797	0.0201494	0.979851	0.980549
368	-11.2854	-8.66153	0.378041	0.621959	0.635066
369	-4.08424	-4.82716	0.946289	0.0537111	0.08652
370	-3.98022	-4.71641	0.945946	0.0540542	0.0868513
371	-3.79305	-4.18169	0.925162	0.074838	0.106914
372	-3.2461	-3.62971	0.924813	0.0751867	0.107251
373	-3.75605	-4.08794	0.921137	0.0788629	0.1108
374	-3.27253	-4.0301	0.947029	0.0529712	0.0858059
375	-4.30166	-4.74966	0.92917	0.0708299	0.103045
376	-4.21124	-4.97073	0.947125	0.0528751	0.0857131
377	-3.98514	-4.66664	0.94308	0.0569196	0.0896173
378	-14.1468	-14.68	0.93457	0.0654297	0.0978323
388	-3.24582	-3.92718	0.943072	0.0569276	0.089625
389	-9.4641	-10.1604	0.943869	0.056131	0.0888561
390	-7.85455	-8.33921	0.931545	0.0684545	0.100752
391	-2.94981	-3.44271	0.932069	0.0679311	0.100247
392	-3.54516	-4.42935	0.953033	0.0469671	0.0800099
393	-26.2241	-16.8151	0.000686676	0.999313	0.999337
394	-4.06624	-4.5171	0.929358	0.0706419	0.102864
395	-3.32876	-3.85765	0.934312	0.0656878	0.0980815
396	-3.54516	-4.42935	0.953033	0.0469671	0.0800099
397	-10.6972	-7.75107	0.305731	0.694269	0.704869
398	-7.5746	-8.39048	0.949879	0.0501214	0.0830548
399	-9.17942	-9.99422	0.949828	0.0501724	0.0831041
400	-26.2187	-19.994	0.0163228	0.983677	0.984243
401	-16.4626	-13.8638	0.383957	0.616043	0.629355
402	-17.0866	-14.5385	0.396002	0.603998	0.617728
403	-3.75179	-4.49792	0.946452	0.0535483	0.0863629
404	-3.78103	-4.14806	0.923652	0.0763477	0.108372
405	-14.4796	-15.0397	0.936199	0.0638014	0.0962605
406	-3.54553	-4.43214	0.953141	0.0468592	0.0799058
407	-3.32962	-3.85995	0.934401	0.0655994	0.0979961
408	-7.8603	-8.56026	0.944063	0.0559368	0.0886686
409	-3.78103	-4.14806	0.923652	0.0763477	0.108372
410	-9.18443	-9.64573	0.93004	0.0699601	0.102206
411	-13.1038	-13.5346	0.928028	0.0719719	0.104148
412	-22.4668	-19.4688	0.294827	0.705173	0.715395
413	-3.32136	-3.83776	0.933542	0.0664584	0.0988254
414	-3.73528	-4.57621	0.951058	0.0489425	0.0819168
415	-13.0212	-10.1715	0.326581	0.673419	0.684742
416	-9.92681	-10.6422	0.944872	0.0551279	0.0878878
417	-11.8297	-8.94061	0.31797	0.68203	0.693055
418	-14.7559	-12.0943	0.369225	0.630775	0.643577
419	-7.67431	-8.36215	0.943419	0.0565808	0.0892903
420	-7.37409	-8.0076	0.940449	0.0595515	0.0921579
421	-8.81361	-9.19991	0.925	0.075	0.107071
422	-3.12044	-3.89215	0.947734	0.0522664	0.0851255
423	-26.5055	-17.0741	0.000671456	0.999329	0.999352
424	-26.5559	-17.0811	0.000642902	0.999357	0.999379
434	-10.1603	-10.8166	0.941713	0.0582869	0.0909372
435	-3.33748	-3.75781	0.927327	0.0726731	0.104825
436	-3.07492	-3.51001	0.928315	0.071685	0.103871
437	-21.9189	-15.5678	0.0144133	0.985587	0.986086
438	-3.26359	-3.49824	0.913777	0.0862225	0.117904
441	-9.74467	-10.1161	0.923961	0.0760394	0.108074
442	-3.24346	-3.61955	0.924288	0.0757116	0.107758
443	-3.31762	-3.98642	0.942394	0.0576056	0.0902795
444	-11.384	-8.69943	0.363868	0.636132	0.648748
447	-17.3887	-17.6449	0.915463	0.084537	0.116277
448	-22.0636	-22.4072	0.921985	0.0780149	0.109981
449	-19.0285	-13.1038	0.0219103	0.97809	0.978849
450	-44.5963	-34.8632	0.000496705	0.999503	0.999521
451	-24.1005	-21.528	0.390201	0.609799	0.623327
452	-36.8217	-30.6131	0.0165845	0.983416	0.983991
453	-15.4911	-15.8788	0.9251	0.0749005	0.106975
454	-11.2374	-11.5736	0.921446	0.0785538	0.110501
455	-26.5903	-23.6973	0.317118	0.682882	0.693877
456	-15.9905	-13.3646	0.377565	0.622435	0.635526
457	-3.12044	-3.89215	0.947734	0.0522664	0.0851255
458	-20.1484	-17.1975	0.304721	0.695279	0.705844
459	-20.0747	-17.2413	0.330189	0.669811	0.681259
460	-17.3617	-17.7813	0.927276	0.0727239	0.104874
461	-10.9428	-11.4965	0.935814	0.0641859	0.0966317
462	-3.26075	-3.48888	0.913263	0.0867369	0.118401
463	-3.16584	-3.59764	0.928097	0.0719032	0.104081
464	-13.2595	-10.2313	0.288596	0.711404	0.72141
465	-13.5891	-10.7314	0.324828	0.675172	0.686434
466	-3.31491	-3.97332	0.941828	0.0581719	0.0908262
467	-25.2634	-19.1877	0.0188961	0.981104	0.981759
468	-3.53986	-4.38974	0.951473	0.0485274	0.0815161
469	-4.06561	-4.49903	0.928204	0.0717955	0.103977
470	-9.63801	-10.3548	0.944947	0.0550535	0.0878159
471	-7.70347	-8.15815	0.929608	0.0703921	0.102623
472	-10.4961	-7.54744	0.305197	0.694803	0.705384
473	-3.77026	-4.12214	0.922577	0.0774227	0.10941
474	-3.66363	-4.37091	0.944448	0.0555515	0.0882967
475	-3.99323	-4.71568	0.945239	0.0547609	0.0875335
476	-13.3545	-10.2895	0.28111	0.71889	0.728636
477	-6.12439	-6.4846	0.92317	0.0768298	0.108837
478	-3.31491	-3.97332	0.941828	0.0581719	0.0908262
479	-20.1241	-17.4238	0.360241	0.639759	0.652249
480	-4.06561	-4.49903	0.928204	0.0717955	0.103977
481	-7.85366	-8.5231	0.94243	0.0575705	0.0902456
482	-8.79557	-9.17369	0.92443	0.0755695	0.107621
483	-3.11861	-3.87834	0.947137	0.0528632	0.0857016
484	-4.11892	-4.86346	0.946371	0.0536286	0.0864405
485	-2.94606	-3.41989	0.930851	0.0691488	0.101422
486	-3.28864	-4.09172	0.949266	0.0507342	0.0836464
487	-3.77026	-4.12214	0.922577	0.0774227	0.10941
488	-3.53986	-4.38974	0.951473	0.0485274	0.0815161
489	-12.09	-12.727	0.940645	0.0593554	0.0919687
490	-8.47989	-8.85924	0.924517	0.0754831	0.107537
491	-3.31491	-3.97332	0.941828	0.0581719	0.0908262
492	-3.99388	-4.55029	0.935981	0.0640189	0.0964705
493	-7.32775	-7.85902	0.934458	0.0655418	0.0979406
494	-10.6775	-7.99046	0.363312	0.636688	0.649284
495	-34.871	-25.1706	0.000513168	0.999487	0.999505
496	-69.0817	-51.1325	1.34301e-07	1	1
497	-4.12395	-4.90064	0.94798	0.0520203	0.0848879
