Sites	Ll_YN98.omega=0.0025538	Ll_YN98.omega=0.0133567	Ll_YN98.omega=0.0707094	Ll_YN98.omega=0.412823	Pr_YN98.omega=0.0025538	Pr_YN98.omega=0.0133567	Pr_YN98.omega=0.0707094	Pr_YN98.omega=0.412823	mean
1	-3.97541	-3.9821	-4.01759	-4.22903	0.268239	0.266451	0.25716	0.20815	0.108357
2	-12.8183	-11.1715	-9.54563	-8.02341	0.00651643	0.0338214	0.17191	0.787753	0.337826
3	-13.0331	-11.3841	-9.74647	-8.15407	0.00608042	0.0316287	0.162672	0.799619	0.342042
4	-3.97541	-3.9821	-4.01759	-4.22904	0.268239	0.266451	0.25716	0.20815	0.108356
6	-3.77495	-3.77918	-3.80163	-3.93539	0.261697	0.260592	0.254806	0.222905	0.114186
7	-3.77495	-3.77918	-3.80163	-3.93539	0.261697	0.260592	0.254806	0.222905	0.114186
8	-13.6565	-12.0064	-10.3627	-8.7347	0.00586835	0.03056	0.158121	0.805451	0.344112
9	-3.32048	-3.32661	-3.35918	-3.55292	0.266773	0.26514	0.256645	0.211442	0.109658
10	-6.21413	-6.21797	-6.23833	-6.35966	0.260632	0.259634	0.254401	0.225333	0.115145
11	-7.22567	-7.23056	-7.25655	-7.41136	0.263489	0.262202	0.255475	0.218834	0.112579
12	-3.77495	-3.77918	-3.80163	-3.93539	0.261697	0.260592	0.254806	0.222905	0.114186
13	-3.77495	-3.77918	-3.80163	-3.93539	0.261697	0.260592	0.254806	0.222905	0.114186
14	-19.9856	-18.3347	-16.6868	-15.0333	0.0057209	0.0298159	0.154926	0.809538	0.345563
15	-11.1584	-11.1663	-11.208	-11.4564	0.271286	0.269162	0.258163	0.201388	0.10568
16	-14.9152	-13.2691	-11.6467	-10.1452	0.00665011	0.0344925	0.174708	0.784149	0.336546
17	-8.52267	-8.53031	-8.57088	-8.81237	0.270724	0.268662	0.257981	0.202633	0.106173
18	-4.34439	-4.3549	-4.41062	-4.74137	0.277947	0.275042	0.260134	0.186877	0.0999246
28	-4.33194	-4.33768	-4.36814	-4.54919	0.265714	0.264193	0.256266	0.213827	0.1106
29	-3.77495	-3.77918	-3.80163	-3.93539	0.261697	0.260592	0.254806	0.222905	0.114186
30	-8.13985	-8.14451	-8.16926	-8.31653	0.262853	0.26163	0.255235	0.220282	0.113151
31	-19.8865	-18.237	-16.5963	-14.9861	0.00597397	0.0310925	0.160394	0.80254	0.343079
32	-14.0632	-12.4181	-10.801	-9.33024	0.00685321	0.0355105	0.178919	0.778717	0.334616
33	-31.919	-30.2703	-28.634	-27.0498	0.00613055	0.031881	0.163741	0.798248	0.341554
34	-9.79282	-9.79714	-9.82006	-9.95653	0.26193	0.260801	0.254892	0.222377	0.113978
35	-3.77495	-3.77918	-3.80163	-3.93539	0.261697	0.260592	0.254806	0.222905	0.114186
36	-3.32048	-3.32661	-3.35918	-3.55292	0.266773	0.26514	0.256645	0.211442	0.109658
37	-8.04597	-8.05521	-8.10425	-8.39554	0.274787	0.272259	0.259231	0.193723	0.102642
38	-9.46112	-9.46418	-9.48045	-9.57734	0.258527	0.257736	0.253577	0.23016	0.117048
39	-13.3528	-13.3612	-13.4057	-13.6698	0.272592	0.270315	0.258552	0.198541	0.104551
40	-3.30347	-3.31141	-3.35356	-3.60436	0.271489	0.269341	0.258225	0.200945	0.105504
41	-9.06789	-9.07365	-9.10416	-9.28315	0.265607	0.264081	0.256146	0.214166	0.11073
42	-3.33304	-3.33802	-3.36445	-3.52184	0.263708	0.262398	0.255555	0.218339	0.112384
43	-4.18442	-4.19409	-4.24539	-4.55073	0.275899	0.273244	0.25958	0.191277	0.101673
44	-8.79195	-8.79653	-8.82087	-8.96583	0.262653	0.261451	0.255164	0.220732	0.113329
45	-3.89224	-3.89814	-3.92949	-4.11612	0.266173	0.264606	0.25644	0.21278	0.110187
46	-13.1865	-13.1924	-13.2232	-13.407	0.265932	0.26439	0.256355	0.213323	0.110402
47	-10.792	-10.797	-10.8238	-10.9831	0.263876	0.262546	0.255603	0.217975	0.112239
48	-3.51779	-3.52806	-3.58255	-3.90659	0.277397	0.274563	0.260002	0.188038	0.100387
49	-7.08127	-7.09081	-7.14139	-7.44178	0.275521	0.272907	0.259445	0.192126	0.102008
50	-6.05595	-6.06027	-6.08322	-6.21997	0.261952	0.260822	0.254904	0.222323	0.113957
51	-3.89224	-3.89814	-3.92949	-4.11612	0.266173	0.264606	0.25644	0.21278	0.110187
52	-3.77495	-3.77918	-3.80163	-3.93539	0.261697	0.260592	0.254806	0.222905	0.114186
53	-4.16518	-4.17489	-4.22639	-4.53208	0.275949	0.273283	0.259567	0.191201	0.101641
54	-12.9544	-12.9593	-12.9855	-13.1413	0.26358	0.262282	0.255503	0.218635	0.1125
55	-6.3176	-6.32091	-6.3385	-6.44333	0.259211	0.258353	0.253849	0.228587	0.116428
56	-24.696	-21.3965	-18.1132	-14.88	5.24273e-05	0.0014207	0.0378816	0.960645	0.399274
57	-3.97635	-3.9851	-4.03153	-4.30731	0.273535	0.271152	0.258851	0.196462	0.103728
58	-3.89224	-3.89814	-3.92949	-4.11612	0.266173	0.264606	0.25644	0.21278	0.110187
59	-7.67818	-7.68327	-7.71029	-7.87072	0.263979	0.262638	0.255636	0.217746	0.112149
60	-10.7779	-10.7833	-10.8122	-10.9841	0.264943	0.263502	0.255991	0.215564	0.111287
61	-4.06184	-4.07044	-4.11607	-4.38765	0.273179	0.27084	0.25876	0.19722	0.104029
62	-3.72297	-3.73302	-3.78634	-4.10279	0.276811	0.274043	0.259813	0.189333	0.1009
63	-12.4053	-12.4123	-12.4497	-12.6712	0.269103	0.267215	0.25742	0.206263	0.107608
64	-3.24972	-3.2546	-3.28052	-3.43491	0.263453	0.262169	0.255463	0.218915	0.112611
65	-12.5219	-12.5294	-12.5692	-12.8061	0.270348	0.268326	0.25785	0.203475	0.106506
66	-2.93505	-2.94076	-2.97107	-3.15152	0.265654	0.264142	0.256257	0.213947	0.110648
67	-7.90791	-7.91366	-7.94413	-8.12493	0.265702	0.26418	0.256251	0.213868	0.110616
68	-4.16518	-4.17489	-4.22639	-4.53208	0.275949	0.273283	0.259567	0.191201	0.101641
69	-15.1907	-15.1938	-15.2106	-15.3102	0.258765	0.25795	0.253671	0.229614	0.116833
70	-10.1886	-10.1945	-10.2259	-10.4128	0.2662	0.26463	0.256452	0.212717	0.110163
71	-3.27981	-3.28954	-3.3412	-3.64797	0.276032	0.273357	0.259596	0.191015	0.101567
72	-4.09971	-4.1087	-4.15643	-4.4404	0.274185	0.27173	0.259065	0.195021	0.103157
73	-23.9914	-23.9947	-24.0124	-24.1178	0.259259	0.258396	0.253865	0.22848	0.116386
74	-9.70902	-9.71455	-9.74385	-9.91822	0.265146	0.263686	0.256071	0.215097	0.111103
75	-19.9331	-19.9392	-19.9715	-20.1637	0.266653	0.265031	0.256589	0.211726	0.10977
76	-5.16308	-5.16723	-5.18922	-5.32027	0.261464	0.260383	0.254719	0.223433	0.114395
77	-7.52878	-7.53355	-7.55885	-7.70956	0.263141	0.26189	0.255346	0.219623	0.112891
78	-3.89224	-3.89814	-3.92949	-4.11612	0.266173	0.264606	0.25644	0.21278	0.110187
79	-4.06184	-4.07044	-4.11607	-4.38765	0.273179	0.27084	0.25876	0.19722	0.104029
80	-20.1737	-18.5277	-16.9061	-15.4091	0.00667927	0.0346384	0.175307	0.783375	0.336271
81	-6.21413	-6.21797	-6.23833	-6.35966	0.260632	0.259634	0.254401	0.225333	0.115145
82	-3.96734	-3.97677	-4.02685	-4.32472	0.275305	0.272719	0.259399	0.192577	0.102188
83	-15.1217	-15.1313	-15.182	-15.4827	0.275554	0.272934	0.259448	0.192063	0.101983
84	-2.93505	-2.94076	-2.97107	-3.15152	0.265654	0.264142	0.256257	0.213947	0.110648
85	-14.7547	-14.7571	-14.7695	-14.8432	0.256518	0.25592	0.25277	0.234793	0.118875
86	-7.11302	-7.11803	-7.1446	-7.30293	0.263785	0.262468	0.255586	0.21816	0.112313
87	-3.89224	-3.89814	-3.92949	-4.11612	0.266173	0.264606	0.25644	0.21278	0.110187
88	-11.7358	-11.74	-11.762	-11.8933	0.261485	0.260402	0.254726	0.223387	0.114377
89	-3.64916	-3.65767	-3.70284	-3.97165	0.272956	0.270642	0.258689	0.197713	0.104224
90	-4.16518	-4.17489	-4.22639	-4.53208	0.275949	0.273283	0.259567	0.191201	0.101641
91	-3.72297	-3.73302	-3.78634	-4.10279	0.276811	0.274043	0.259813	0.189333	0.1009
92	-10.247	-10.2525	-10.2817	-10.4552	0.265079	0.263623	0.256033	0.215264	0.111168
93	-3.97635	-3.9851	-4.03153	-4.30731	0.273535	0.271152	0.258851	0.196462	0.103728
94	-3.96734	-3.97677	-4.02685	-4.32472	0.275305	0.272719	0.259399	0.192577	0.102188
95	-3.72297	-3.73302	-3.78634	-4.10279	0.276811	0.274043	0.259813	0.189333	0.1009
96	-3.09883	-3.10801	-3.15671	-3.44648	0.274651	0.272143	0.259207	0.193999	0.102752
97	-9.04621	-9.05461	-9.09921	-9.36455	0.272675	0.270393	0.2586	0.198332	0.10447
98	-6.11903	-6.12335	-6.14625	-6.28274	0.261928	0.260801	0.254896	0.222375	0.113977
99	-7.11302	-7.11803	-7.1446	-7.30293	0.263785	0.262468	0.255586	0.21816	0.112313
100	-3.89224	-3.89814	-3.92949	-4.11612	0.266173	0.264606	0.25644	0.21278	0.110187
101	-14.8684	-14.8738	-14.9022	-15.0712	0.264703	0.263287	0.255899	0.216111	0.111503
102	-12.0842	-12.0891	-12.1148	-12.2674	0.263322	0.262048	0.25539	0.21924	0.112738
103	-5.16308	-5.16723	-5.18922	-5.32027	0.261464	0.260383	0.254719	0.223433	0.114395
104	-3.96734	-3.97677	-4.02685	-4.32472	0.275305	0.272719	0.259399	0.192577	0.102188
105	-4.16518	-4.17489	-4.22639	-4.53208	0.275949	0.273283	0.259567	0.191201	0.101641
106	-5.40371	-5.40659	-5.42188	-5.51297	0.258024	0.257281	0.253378	0.231317	0.117505
107	-8.73247	-8.73867	-8.77158	-8.96738	0.266944	0.265294	0.256705	0.211057	0.109506
108	-10.0283	-10.0373	-10.0851	-10.3691	0.274189	0.271733	0.259066	0.195012	0.103154
109	-8.98733	-8.99281	-9.02181	-9.19248	0.264888	0.263442	0.255912	0.215759	0.111361
110	-3.77495	-3.77918	-3.80163	-3.93539	0.261697	0.260592	0.254806	0.222905	0.114186
111	-3.97541	-3.9821	-4.01759	-4.22904	0.268239	0.266451	0.25716	0.20815	0.108357
112	-7.18822	-7.193	-7.21834	-7.36914	0.263153	0.261899	0.255346	0.219602	0.112882
113	-3.40339	-3.40858	-3.43614	-3.60027	0.264278	0.26291	0.255763	0.217048	0.111874
114	-4.14449	-4.15033	-4.18129	-4.36567	0.265983	0.264436	0.256375	0.213206	0.110356
115	-7.22567	-7.23056	-7.25655	-7.41136	0.263489	0.262202	0.255475	0.218834	0.112579
116	-14.1749	-14.1807	-14.211	-14.3912	0.265652	0.264135	0.256231	0.213982	0.110661
117	-3.09883	-3.10801	-3.15671	-3.44648	0.274652	0.272143	0.259207	0.193999	0.102752
118	-3.89224	-3.89814	-3.92949	-4.11612	0.266173	0.264606	0.25644	0.21278	0.110187
119	-4.22395	-4.229	-4.2558	-4.41543	0.263897	0.262568	0.255625	0.21791	0.112214
120	-3.96734	-3.97677	-4.02685	-4.32472	0.275305	0.272719	0.259399	0.192577	0.102188
121	-10.274	-10.2797	-10.31	-10.4906	0.265671	0.264156	0.256258	0.213914	0.110635
122	-4.22395	-4.229	-4.2558	-4.41543	0.263897	0.262568	0.255625	0.21791	0.112214
123	-3.27981	-3.28954	-3.3412	-3.64797	0.276032	0.273357	0.259596	0.191015	0.101567
124	-9.73902	-9.74697	-9.78915	-10.0401	0.271503	0.269354	0.258229	0.200914	0.105492
125	-17.7158	-17.7218	-17.7535	-17.9418	0.266327	0.264739	0.256477	0.212457	0.110059
126	-3.24972	-3.2546	-3.28052	-3.43491	0.263453	0.26217	0.255463	0.218915	0.112611
127	-3.97541	-3.9821	-4.01759	-4.22904	0.268239	0.266451	0.25716	0.20815	0.108356
128	-3.96734	-3.97677	-4.02685	-4.32472	0.275305	0.272719	0.259399	0.192577	0.102188
129	-3.40339	-3.40858	-3.43614	-3.60027	0.264278	0.26291	0.255763	0.217048	0.111874
130	-4.05122	-4.05646	-4.08428	-4.24994	0.264408	0.263026	0.25581	0.216756	0.111758
131	-11.1801	-11.1845	-11.2078	-11.3467	0.26214	0.260989	0.25497	0.221901	0.11379
132	-5.40371	-5.40659	-5.42188	-5.51297	0.258024	0.257282	0.253378	0.231317	0.117504
133	-3.24972	-3.2546	-3.28052	-3.43491	0.263453	0.26217	0.255463	0.218915	0.112611
134	-9.56952	-9.57402	-9.59786	-9.73925	0.262367	0.261189	0.255034	0.22141	0.113595
135	-3.77495	-3.77918	-3.80163	-3.93539	0.261697	0.260592	0.254806	0.222905	0.114186
136	-3.81079	-3.81575	-3.84203	-3.99855	0.263635	0.262333	0.255526	0.218506	0.112449
137	-10.017	-10.0219	-10.0477	-10.2015	0.263404	0.262126	0.255445	0.219024	0.112655
138	-7.56084	-7.57004	-7.6189	-7.90906	0.274698	0.27218	0.259203	0.19392	0.102719
139	-2.93505	-2.94076	-2.97107	-3.15152	0.265654	0.264142	0.256258	0.213947	0.110648
140	-3.30347	-3.31141	-3.35356	-3.60436	0.271489	0.269341	0.258225	0.200944	0.105504
141	-4.05122	-4.05646	-4.08428	-4.24994	0.264408	0.263026	0.25581	0.216756	0.111758
142	-3.09883	-3.10801	-3.15671	-3.44648	0.274652	0.272143	0.259207	0.193999	0.102752
143	-9.38051	-9.38605	-9.41541	-9.59018	0.265178	0.263715	0.256085	0.215021	0.111073
144	-9.47203	-9.47734	-9.50554	-9.67298	0.264571	0.263169	0.255853	0.216407	0.11162
145	-3.30347	-3.31141	-3.35356	-3.60436	0.271489	0.269341	0.258225	0.200944	0.105504
146	-3.51779	-3.52806	-3.58255	-3.90659	0.277397	0.274563	0.260002	0.188038	0.100387
147	-3.51779	-3.52806	-3.58255	-3.90659	0.277397	0.274563	0.260002	0.188038	0.100387
148	-9.64749	-9.65109	-9.67017	-9.78366	0.259965	0.259031	0.254134	0.22687	0.11575
149	-2.93505	-2.94076	-2.97107	-3.15152	0.265654	0.264142	0.256258	0.213947	0.110648
150	-2.93505	-2.94076	-2.97107	-3.15152	0.265654	0.264142	0.256258	0.213947	0.110648
151	-9.26501	-9.27034	-9.29866	-9.46698	0.264641	0.263233	0.255883	0.216242	0.111555
152	-3.77495	-3.77918	-3.80163	-3.93539	0.261697	0.260592	0.254806	0.222905	0.114186
153	-3.51779	-3.52806	-3.58255	-3.90659	0.277397	0.274563	0.260002	0.188038	0.100387
154	-15.8206	-15.8276	-15.8652	-16.0889	0.269258	0.267357	0.25749	0.205895	0.107464
155	-2.93505	-2.94076	-2.97107	-3.15152	0.265654	0.264142	0.256258	0.213947	0.110648
156	-3.30347	-3.31141	-3.35356	-3.60436	0.271489	0.269341	0.258225	0.200944	0.105504
157	-8.7116	-8.71958	-8.76192	-9.0138	0.271579	0.269421	0.258251	0.200749	0.105427
158	-11.7669	-11.7716	-11.7964	-11.9436	0.262853	0.26163	0.255233	0.220284	0.113151
159	-3.24972	-3.2546	-3.28052	-3.43491	0.263453	0.26217	0.255463	0.218915	0.112611
160	-3.09883	-3.10801	-3.15671	-3.44648	0.274652	0.272143	0.259207	0.193999	0.102752
161	-9.53632	-9.54414	-9.58561	-9.83241	0.271162	0.269051	0.25812	0.201668	0.105791
162	-4.16519	-4.17489	-4.22639	-4.53208	0.275949	0.273283	0.259567	0.191201	0.101641
163	-7.8066	-7.81252	-7.84391	-8.03071	0.266191	0.26462	0.256442	0.212747	0.110174
164	-16.6474	-16.6557	-16.7001	-16.9635	0.27253	0.270262	0.25854	0.198668	0.104602
165	-3.09883	-3.10801	-3.15671	-3.44648	0.274652	0.272143	0.259207	0.193999	0.102752
166	-7.64232	-7.6505	-7.6939	-7.95214	0.272098	0.269881	0.258417	0.199605	0.104973
167	-3.09883	-3.10801	-3.15671	-3.44648	0.274652	0.272143	0.259207	0.193999	0.102752
168	-8.33191	-8.34016	-8.38393	-8.64434	0.272275	0.270038	0.258473	0.199213	0.104819
169	-4.09971	-4.1087	-4.15643	-4.4404	0.274185	0.27173	0.259065	0.195021	0.103157
170	-3.89224	-3.89814	-3.92949	-4.11612	0.266173	0.264606	0.25644	0.21278	0.110187
171	-7.66499	-7.67328	-7.71729	-7.97882	0.272373	0.270124	0.258494	0.199009	0.104737
172	-3.30347	-3.31141	-3.35356	-3.60436	0.271489	0.269341	0.258225	0.200944	0.105504
173	-3.97541	-3.9821	-4.01759	-4.22904	0.268239	0.266451	0.25716	0.20815	0.108356
174	-3.77495	-3.77918	-3.80163	-3.93539	0.261697	0.260592	0.254806	0.222905	0.114186
175	-3.27981	-3.28954	-3.3412	-3.64797	0.276032	0.273357	0.259596	0.191015	0.101567
176	-3.73149	-3.74012	-3.78593	-4.05836	0.273254	0.270906	0.258777	0.197064	0.103967
177	-3.77495	-3.77918	-3.80163	-3.93539	0.261697	0.260592	0.254806	0.222905	0.114186
178	-12.6571	-12.663	-12.6948	-12.8835	0.266352	0.264765	0.2565	0.212384	0.110031
179	-3.24972	-3.2546	-3.28052	-3.43491	0.263453	0.26217	0.255463	0.218915	0.112611
180	-2.93505	-2.94076	-2.97107	-3.15152	0.265654	0.264142	0.256258	0.213947	0.110648
181	-3.27981	-3.28954	-3.3412	-3.64797	0.276032	0.273357	0.259596	0.191015	0.101567
182	-3.30347	-3.31141	-3.35356	-3.60436	0.271489	0.269341	0.258225	0.200944	0.105504
183	-8.3637	-8.3729	-8.42169	-8.71173	0.274681	0.272166	0.259206	0.193947	0.102731
184	-7.06388	-7.07263	-7.11901	-7.39461	0.273518	0.271137	0.258848	0.196497	0.103741
185	-4.05122	-4.05646	-4.08428	-4.24994	0.264408	0.263026	0.25581	0.216756	0.111758
186	-14.4272	-14.4324	-14.4601	-14.625	0.264347	0.262971	0.255787	0.216896	0.111814
187	-3.97635	-3.9851	-4.03153	-4.30731	0.273535	0.271152	0.258851	0.196462	0.103727
188	-3.97635	-3.9851	-4.03153	-4.30731	0.273535	0.271152	0.258851	0.196462	0.103727
189	-2.93505	-2.94076	-2.97107	-3.15152	0.265654	0.264142	0.256258	0.213947	0.110648
190	-4.34439	-4.3549	-4.41062	-4.74137	0.277947	0.275042	0.260134	0.186877	0.0999246
191	-10.0571	-10.0624	-10.0906	-10.2577	0.264546	0.263147	0.255845	0.216462	0.111641
192	-8.88445	-8.89051	-8.92268	-9.11408	0.266576	0.264965	0.256577	0.211882	0.109832
193	-13.0564	-13.066	-13.117	-13.4193	0.275678	0.273044	0.259488	0.191791	0.101875
194	-4.06184	-4.07044	-4.11607	-4.38765	0.273179	0.27084	0.25876	0.19722	0.104029
195	-3.51779	-3.52806	-3.58255	-3.90659	0.277397	0.274563	0.260002	0.188038	0.100387
196	-4.19786	-4.20759	-4.25923	-4.56621	0.276039	0.273366	0.259609	0.190986	0.101556
197	-11.2842	-11.2902	-11.3219	-11.5105	0.266348	0.264758	0.256484	0.21241	0.11004
198	-3.24972	-3.2546	-3.28052	-3.43491	0.263453	0.26217	0.255463	0.218915	0.112611
199	-6.05595	-6.06027	-6.08322	-6.21998	0.261952	0.260822	0.254904	0.222323	0.113957
200	-5.44298	-5.44701	-5.4684	-5.5958	0.261154	0.260104	0.254598	0.224144	0.114675
201	-2.93505	-2.94076	-2.97107	-3.15152	0.265654	0.264142	0.256258	0.213947	0.110648
202	-3.96734	-3.97677	-4.02685	-4.32472	0.275305	0.272719	0.259399	0.192577	0.102188
203	-4.33194	-4.33768	-4.36814	-4.54919	0.265714	0.264193	0.256266	0.213827	0.1106
204	-3.24972	-3.2546	-3.28052	-3.43491	0.263453	0.26217	0.255463	0.218915	0.112611
205	-3.32048	-3.32661	-3.35918	-3.55292	0.266773	0.26514	0.256645	0.211442	0.109658
206	-3.27981	-3.28954	-3.3412	-3.64797	0.276032	0.273357	0.259596	0.191015	0.101567
207	-9.84253	-9.847	-9.87069	-10.0113	0.262294	0.261126	0.255013	0.221567	0.113658
208	-20.0483	-20.056	-20.0971	-20.3406	0.270917	0.268828	0.258013	0.202243	0.106017
209	-16.7015	-16.7083	-16.7442	-16.9579	0.268434	0.266623	0.257216	0.207727	0.108189
210	-3.30347	-3.31141	-3.35356	-3.60436	0.271489	0.269341	0.258225	0.200944	0.105504
211	-4.19786	-4.20759	-4.25923	-4.56621	0.276039	0.273366	0.259609	0.190986	0.101556
212	-4.18442	-4.19409	-4.24539	-4.55073	0.275899	0.273244	0.25958	0.191277	0.101673
213	-11.0668	-11.0739	-11.1113	-11.3337	0.269165	0.267271	0.257448	0.206116	0.107551
214	-3.30347	-3.31141	-3.35356	-3.60436	0.271489	0.269341	0.258225	0.200944	0.105504
215	-4.33194	-4.33768	-4.36814	-4.54919	0.265714	0.264193	0.256266	0.213827	0.1106
216	-3.27981	-3.28954	-3.3412	-3.64797	0.276032	0.273357	0.259596	0.191015	0.101567
217	-19.197	-19.2035	-19.2379	-19.4424	0.267674	0.265944	0.256951	0.209431	0.108862
218	-10.7975	-10.8024	-10.8283	-10.9824	0.263431	0.26215	0.255455	0.218965	0.112631
219	-7.35483	-7.3646	-7.41644	-7.72431	0.276121	0.273435	0.25962	0.190824	0.101491
220	-3.77495	-3.77918	-3.80163	-3.93539	0.261697	0.260592	0.254806	0.222905	0.114186
221	-2.93505	-2.94076	-2.97107	-3.15152	0.265654	0.264142	0.256258	0.213947	0.110648
222	-3.40339	-3.40858	-3.43614	-3.60027	0.264278	0.26291	0.255763	0.217048	0.111874
223	-3.30347	-3.31141	-3.35356	-3.60436	0.271489	0.269341	0.258225	0.200944	0.105504
224	-3.30347	-3.31141	-3.35356	-3.60436	0.271489	0.269341	0.258225	0.200944	0.105504
225	-4.16519	-4.17489	-4.22639	-4.53208	0.275949	0.273283	0.259567	0.191201	0.101641
226	-3.89224	-3.89814	-3.92949	-4.11612	0.266173	0.264606	0.25644	0.21278	0.110187
227	-3.77495	-3.77918	-3.80163	-3.93539	0.261697	0.260592	0.254806	0.222905	0.114186
228	-9.22636	-9.23098	-9.25549	-9.40153	0.262743	0.261533	0.255199	0.220525	0.113247
229	-3.89224	-3.89814	-3.92949	-4.11612	0.266173	0.264606	0.25644	0.21278	0.110187
230	-3.09883	-3.10801	-3.15671	-3.44648	0.274652	0.272143	0.259207	0.193999	0.102752
231	-9.40032	-9.40535	-9.43206	-9.59111	0.263848	0.262524	0.255607	0.218021	0.112258
232	-19.6465	-18.0002	-16.3767	-14.8687	0.00660781	0.0342801	0.173821	0.785291	0.336952
233	-3.72297	-3.73302	-3.78634	-4.1028	0.276811	0.274043	0.259813	0.189333	0.1009
234	-8.30561	-8.31049	-8.3364	-8.49071	0.263447	0.262164	0.255459	0.21893	0.112617
235	-7.06388	-7.07263	-7.11901	-7.39461	0.273518	0.271137	0.258848	0.196497	0.103741
236	-3.73149	-3.74012	-3.78593	-4.05836	0.273254	0.270906	0.258777	0.197064	0.103967
237	-3.24972	-3.2546	-3.28052	-3.43491	0.263453	0.26217	0.255463	0.218915	0.112611
238	-3.77495	-3.77918	-3.80163	-3.93539	0.261697	0.260592	0.254806	0.222905	0.114186
239	-11.5394	-11.5452	-11.5759	-11.7589	0.26587	0.264334	0.25633	0.213466	0.110458
240	-3.32048	-3.32661	-3.35918	-3.55292	0.266773	0.26514	0.256645	0.211442	0.109658
241	-3.09883	-3.10801	-3.15671	-3.44648	0.274652	0.272143	0.259207	0.193999	0.102752
242	-21.5115	-18.2114	-14.9246	-11.672	5.12447e-05	0.00138955	0.0371772	0.961382	0.399528
243	-3.40339	-3.40858	-3.43614	-3.60027	0.264278	0.26291	0.255763	0.217048	0.111874
244	-8.16009	-8.16683	-8.20261	-8.41569	0.268377	0.266574	0.257205	0.207845	0.108236
245	-13.2808	-11.6312	-9.99011	-8.37747	0.00595922	0.0310181	0.160076	0.802947	0.343223
246	-9.61755	-9.62155	-9.64279	-9.76929	0.261077	0.260034	0.25457	0.224319	0.114745
247	-8.52469	-8.53276	-8.57559	-8.83046	0.271821	0.269636	0.258331	0.200211	0.105214
248	-3.97635	-3.9851	-4.03153	-4.30731	0.273535	0.271152	0.258851	0.196462	0.103727
249	-4.09971	-4.1087	-4.15643	-4.4404	0.274185	0.27173	0.259065	0.195021	0.103157
250	-3.09883	-3.10801	-3.15671	-3.44648	0.274652	0.272143	0.259207	0.193999	0.102752
251	-4.18442	-4.19409	-4.24539	-4.55073	0.275899	0.273244	0.25958	0.191277	0.101673
252	-3.64916	-3.65767	-3.70284	-3.97166	0.272956	0.270642	0.258689	0.197712	0.104224
253	-8.23548	-8.24225	-8.27815	-8.49116	0.268394	0.266583	0.257182	0.207841	0.108233
254	-4.18442	-4.19409	-4.24539	-4.55073	0.275899	0.273244	0.25958	0.191277	0.101673
255	-3.77495	-3.77918	-3.80163	-3.93539	0.261697	0.260592	0.254806	0.222905	0.114186
256	-7.06388	-7.07263	-7.11901	-7.39461	0.273518	0.271137	0.258848	0.196497	0.103741
257	-3.73149	-3.74012	-3.78593	-4.05836	0.273254	0.270906	0.258777	0.197064	0.103967
258	-3.09883	-3.10801	-3.15671	-3.44648	0.274652	0.272143	0.259207	0.193999	0.102752
259	-3.09883	-3.10801	-3.15671	-3.44648	0.274652	0.272143	0.259207	0.193999	0.102752
260	-27.7086	-24.4072	-21.114	-17.8214	4.89326e-05	0.00132849	0.0357774	0.962845	0.400032
261	-3.27981	-3.28954	-3.3412	-3.64797	0.276032	0.273357	0.259596	0.191015	0.101567
262	-3.89224	-3.89814	-3.92949	-4.11612	0.266173	0.264606	0.25644	0.21278	0.110187
263	-3.89224	-3.89814	-3.92949	-4.11612	0.266173	0.264606	0.25644	0.21278	0.110187
264	-3.22652	-3.2344	-3.2762	-3.52508	0.271329	0.2692	0.258177	0.201294	0.105643
265	-4.18442	-4.19409	-4.24539	-4.55073	0.275899	0.273244	0.25958	0.191277	0.101673
266	-10.4436	-10.4522	-10.4978	-10.7685	0.273126	0.270789	0.258724	0.197361	0.104084
267	-3.24972	-3.2546	-3.28052	-3.43491	0.263453	0.26217	0.255463	0.218915	0.112611
268	-4.06184	-4.07044	-4.11607	-4.38765	0.273179	0.27084	0.25876	0.19722	0.104029
269	-2.93505	-2.94076	-2.97107	-3.15152	0.265654	0.264142	0.256258	0.213947	0.110648
270	-12.2422	-12.2484	-12.2811	-12.476	0.266871	0.265228	0.256678	0.211222	0.109571
271	-8.2187	-8.22393	-8.25169	-8.41689	0.264371	0.262992	0.255794	0.216842	0.111792
272	-2.93505	-2.94076	-2.97107	-3.15152	0.265654	0.264142	0.256258	0.213947	0.110648
273	-3.76812	-3.77469	-3.80955	-4.01684	0.267905	0.266151	0.257033	0.208911	0.108657
274	-8.33191	-8.34016	-8.38393	-8.64434	0.272275	0.270038	0.258473	0.199213	0.104819
275	-2.93505	-2.94076	-2.97107	-3.15152	0.265654	0.264142	0.256258	0.213947	0.110648
276	-3.73149	-3.74012	-3.78593	-4.05836	0.273254	0.270906	0.258777	0.197064	0.103967
277	-3.77495	-3.77918	-3.80163	-3.93539	0.261697	0.260592	0.254806	0.222905	0.114186
278	-3.77495	-3.77918	-3.80163	-3.93539	0.261697	0.260592	0.254806	0.222905	0.114186
279	-3.64916	-3.65767	-3.70284	-3.97166	0.272956	0.270642	0.258689	0.197712	0.104224
280	-8.51815	-8.52756	-8.57748	-8.87389	0.275203	0.272625	0.259351	0.192821	0.102284
281	-3.27981	-3.28954	-3.3412	-3.64797	0.276032	0.273357	0.259596	0.191015	0.101567
282	-3.32048	-3.32661	-3.35918	-3.55292	0.266773	0.26514	0.256645	0.211442	0.109658
283	-10.3807	-10.3909	-10.4453	-10.7685	0.277335	0.274509	0.259984	0.188172	0.10044
284	-3.77495	-3.77918	-3.80163	-3.93539	0.261697	0.260592	0.254806	0.222905	0.114186
285	-10.4852	-10.4936	-10.5385	-10.8054	0.272798	0.270502	0.25864	0.19806	0.104362
286	-15.6896	-15.6989	-15.7484	-16.0425	0.275001	0.272451	0.25931	0.193238	0.10245
287	-3.24972	-3.2546	-3.28052	-3.43491	0.263453	0.26217	0.255463	0.218915	0.112611
288	-3.32048	-3.32661	-3.35918	-3.55292	0.266773	0.26514	0.256645	0.211442	0.109658
289	-9.75997	-9.76651	-9.80121	-10.0076	0.267828	0.266082	0.257006	0.209083	0.108725
290	-14.1849	-12.54	-10.9239	-9.45941	0.00689455	0.0357178	0.179779	0.777608	0.334221
291	-9.104	-9.11262	-9.15833	-9.43009	0.273203	0.270859	0.258757	0.197181	0.104013
292	-3.09883	-3.10801	-3.15671	-3.44648	0.274652	0.272143	0.259207	0.193999	0.102752
293	-16.6951	-16.7007	-16.7308	-16.9092	0.265493	0.263995	0.256187	0.214325	0.110797
294	-3.27981	-3.28954	-3.3412	-3.64797	0.276032	0.273357	0.259596	0.191015	0.101567
295	-31.9042	-28.6043	-25.3186	-22.0717	5.15963e-05	0.0013988	0.0373852	0.961164	0.399453
296	-42.6216	-37.6621	-32.6823	-27.5068	2.71169e-07	3.86491e-05	0.00562093	0.99434	0.410884
297	-17.1324	-15.4825	-13.8401	-12.2197	0.00591301	0.0307852	0.159082	0.80422	0.343675
298	-13.0492	-11.4027	-9.77847	-8.26499	0.00657376	0.0341083	0.173085	0.786233	0.337286
299	-11.3426	-11.3472	-11.3714	-11.5153	0.262568	0.261375	0.255132	0.220926	0.113405
300	-14.4228	-12.773	-11.1311	-9.51293	0.00592697	0.0308553	0.159375	0.803843	0.343541
301	-26.913	-23.6116	-20.3179	-17.0236	4.88288e-05	0.00132577	0.0357175	0.962908	0.400054
302	-12.8943	-12.8975	-12.9144	-13.0147	0.258833	0.258009	0.253682	0.229475	0.116778
303	-3.27115	-3.27749	-3.31113	-3.51128	0.267307	0.265618	0.256831	0.210244	0.109184
304	-46.9444	-43.6402	-40.3316	-36.9488	4.40461e-05	0.00119928	0.0327953	0.965961	0.401106
305	-11.2657	-11.2707	-11.2971	-11.4543	0.263694	0.262386	0.25555	0.21837	0.112396
306	-27.991	-26.3024	-24.4778	-22.1907	0.00270007	0.0146123	0.0906055	0.892082	0.374881
307	-13.2882	-13.2939	-13.3241	-13.5033	0.265559	0.264055	0.256214	0.214172	0.110737
308	-31.0043	-27.703	-24.4099	-21.1193	4.90365e-05	0.00133127	0.0358455	0.962774	0.400008
309	-21.3041	-19.6547	-18.0147	-16.4087	0.00599886	0.0312178	0.160926	0.801858	0.342837
310	-13.7693	-12.1229	-10.4991	-8.98895	0.00659432	0.0342124	0.173538	0.785655	0.337081
311	-9.25811	-9.26358	-9.29259	-9.46521	0.265	0.263555	0.256017	0.215428	0.111233
312	-29.2732	-25.9678	-22.6533	-19.236	4.23057e-05	0.0011532	0.0317238	0.967081	0.401492
313	-3.33305	-3.33802	-3.36445	-3.52184	0.263708	0.262398	0.255555	0.218339	0.112384
314	-32.7921	-29.4903	-26.1948	-22.8893	4.81971e-05	0.00130908	0.0353342	0.963308	0.400192
315	-9.82297	-9.82788	-9.85396	-10.0092	0.263529	0.262237	0.255487	0.218747	0.112545
316	-3.32048	-3.32661	-3.35918	-3.55292	0.266773	0.26514	0.256645	0.211442	0.109658
317	-14.323	-14.3289	-14.36	-14.5455	0.266082	0.264523	0.256401	0.212993	0.110271
318	-14.434	-14.4432	-14.4916	-14.7799	0.274531	0.272035	0.259165	0.194268	0.102858
319	-6.76598	-6.77522	-6.82422	-7.11538	0.274775	0.272249	0.259229	0.193747	0.102651
320	-4.09971	-4.1087	-4.15643	-4.4404	0.274185	0.27173	0.259065	0.195021	0.103157
321	-3.73149	-3.74012	-3.78593	-4.05836	0.273254	0.270906	0.258777	0.197064	0.103967
322	-10.0241	-10.029	-10.0551	-10.2105	0.263538	0.262246	0.255494	0.218722	0.112535
323	-3.73149	-3.74012	-3.78593	-4.05836	0.273254	0.270906	0.258777	0.197064	0.103967
324	-3.76812	-3.77469	-3.80955	-4.01684	0.267905	0.266151	0.257033	0.208911	0.108657
325	-8.41864	-8.42607	-8.4655	-8.70015	0.270163	0.268163	0.257796	0.203878	0.106666
326	-3.40339	-3.40858	-3.43614	-3.60027	0.264278	0.26291	0.255763	0.217048	0.111874
327	-7.64232	-7.6505	-7.6939	-7.95214	0.272098	0.269881	0.258417	0.199605	0.104973
328	-8.53768	-8.54248	-8.56798	-8.71988	0.263241	0.26198	0.255385	0.219394	0.112801
329	-9.13404	-9.14209	-9.18477	-9.43824	0.271721	0.269544	0.258281	0.200453	0.105309
330	-3.24972	-3.2546	-3.28052	-3.43491	0.263453	0.26217	0.255463	0.218915	0.112611
331	-3.24972	-3.2546	-3.28052	-3.43491	0.263453	0.26217	0.255463	0.218915	0.112611
332	-3.27981	-3.28954	-3.3412	-3.64797	0.276032	0.273357	0.259596	0.191015	0.101567
333	-2.93505	-2.94076	-2.97107	-3.15152	0.265654	0.264142	0.256258	0.213947	0.110648
334	-9.51011	-9.51859	-9.56355	-9.83101	0.27285	0.270547	0.258651	0.197952	0.104319
335	-28.8351	-25.5345	-22.245	-18.9755	5.02584e-05	0.00136352	0.0365828	0.962003	0.399742
336	-3.33305	-3.33802	-3.36445	-3.52184	0.263708	0.262398	0.255555	0.218339	0.112384
337	-3.09883	-3.10801	-3.15671	-3.44648	0.274652	0.272143	0.259207	0.193999	0.102752
338	-3.73149	-3.74012	-3.78593	-4.05836	0.273254	0.270906	0.258777	0.197064	0.103967
339	-15.0107	-13.3612	-11.7209	-10.1127	0.00598541	0.0311501	0.160636	0.802228	0.342968
340	-8.68114	-8.68791	-8.72388	-8.9381	0.268471	0.266658	0.257237	0.207635	0.108153
341	-3.77495	-3.77918	-3.80163	-3.93539	0.261697	0.260592	0.254806	0.222905	0.114186
342	-12.0102	-12.0185	-12.063	-12.3274	0.272602	0.270327	0.25857	0.1985	0.104536
343	-3.27906	-3.28877	-3.34028	-3.64622	0.275965	0.273299	0.259576	0.19116	0.101625
344	-26.9372	-25.2894	-23.6579	-22.1017	0.00630291	0.0327476	0.167386	0.793563	0.33989
345	-9.226	-9.2306	-9.25505	-9.40066	0.262708	0.261501	0.255186	0.220605	0.113279
346	-3.51749	-3.52773	-3.58207	-3.90524	0.277327	0.274502	0.259983	0.188189	0.100447
347	-4.09944	-4.10841	-4.15601	-4.43922	0.274123	0.271675	0.259046	0.195157	0.103211
348	-3.24936	-3.25422	-3.28007	-3.43404	0.263417	0.262138	0.25545	0.218995	0.112643
349	-14.2473	-14.2548	-14.2945	-14.5311	0.270322	0.268303	0.257842	0.203532	0.106529
350	-10.4138	-10.4175	-10.4375	-10.5564	0.260422	0.259444	0.254318	0.225816	0.115335
351	-32.8215	-29.5208	-26.2312	-22.961	5.02153e-05	0.00136238	0.0365568	0.962031	0.399752
352	-2.93483	-2.94053	-2.97075	-3.15071	0.265613	0.264105	0.256243	0.214039	0.110685
353	-2.93483	-2.94053	-2.97075	-3.15071	0.265613	0.264105	0.256243	0.214039	0.110685
354	-3.27906	-3.28877	-3.34028	-3.64622	0.275965	0.273299	0.259576	0.19116	0.101625
355	-32.325	-29.0218	-25.719	-22.3703	4.58359e-05	0.00124667	0.0338966	0.964811	0.40071
356	-10.2526	-10.2605	-10.3024	-10.5518	0.271375	0.26924	0.258188	0.201196	0.105604
357	-7.57086	-7.57912	-7.62292	-7.88348	0.272288	0.270049	0.258475	0.199188	0.104808
358	-3.976	-3.98473	-4.03103	-4.30607	0.273475	0.271098	0.258832	0.196595	0.10378
359	-3.31965	-3.32577	-3.35824	-3.55146	0.266729	0.265101	0.25663	0.21154	0.109697
360	-3.76718	-3.77373	-3.80849	-4.01523	0.267858	0.266109	0.257017	0.209016	0.108698
361	-3.64878	-3.65727	-3.70232	-3.9704	0.272897	0.27059	0.258671	0.197842	0.104275
362	-4.20804	-4.21415	-4.24658	-4.43946	0.266702	0.265077	0.256619	0.211603	0.109722
363	-13.6055	-11.9607	-10.3449	-8.88246	0.0069082	0.0357861	0.180059	0.777247	0.334093
364	-3.40313	-3.40831	-3.4358	-3.59949	0.264241	0.262876	0.25575	0.217133	0.111907
365	-3.30303	-3.31095	-3.35299	-3.60311	0.271434	0.269292	0.258207	0.201067	0.105553
366	-4.16436	-4.17404	-4.2254	-4.53026	0.275883	0.273225	0.259548	0.191345	0.101698
367	-30.2127	-26.9121	-23.6227	-20.354	5.03018e-05	0.00136467	0.0366097	0.961975	0.399733
368	-13.8542	-12.2083	-10.5869	-9.09133	0.00668873	0.0346863	0.175514	0.783111	0.336177
369	-4.06157	-4.07015	-4.11565	-4.3865	0.27312	0.270788	0.258742	0.197351	0.104081
370	-3.95728	-3.96581	-4.01109	-4.28045	0.273003	0.270683	0.2587	0.197614	0.104185
371	-3.78672	-3.7912	-3.81498	-3.95651	0.262362	0.26119	0.255054	0.221394	0.11359
372	-3.23676	-3.24117	-3.26461	-3.40422	0.262196	0.261041	0.254995	0.221767	0.113738
373	-3.75055	-3.75438	-3.77468	-3.89564	0.260601	0.259606	0.254388	0.225406	0.115173
374	-3.25341	-3.26221	-3.30892	-3.58632	0.273668	0.271269	0.258889	0.196175	0.103614
375	-4.29591	-4.3011	-4.32865	-4.49236	0.264253	0.262885	0.255741	0.217121	0.111902
376	-4.18753	-4.19633	-4.24302	-4.5206	0.273675	0.271277	0.258902	0.196147	0.103603
377	-3.96427	-3.97219	-4.01417	-4.26354	0.271385	0.269246	0.258175	0.201194	0.105602
378	-14.0645	-14.0707	-14.1034	-14.2982	0.266854	0.265213	0.256674	0.211258	0.109585
388	-3.22618	-3.23404	-3.27574	-3.52394	0.271274	0.269151	0.258159	0.201416	0.105691
389	-9.40675	-9.41489	-9.45805	-9.71364	0.271914	0.26971	0.258319	0.200057	0.105151
390	-7.82149	-7.82711	-7.85693	-8.03426	0.265399	0.263912	0.256157	0.214532	0.110879
391	-2.93483	-2.94053	-2.97075	-3.15071	0.265613	0.264105	0.256243	0.214039	0.110685
392	-3.51749	-3.52773	-3.58207	-3.90524	0.277327	0.274502	0.259983	0.188189	0.100447
393	-33.9749	-29.0194	-24.0613	-19.015	3.16369e-07	4.49088e-05	0.006392	0.993563	0.410618
394	-4.05122	-4.05645	-4.08419	-4.2494	0.26437	0.262992	0.255797	0.216841	0.111792
395	-3.31965	-3.32577	-3.35824	-3.55146	0.266729	0.265101	0.25663	0.21154	0.109697
396	-3.51749	-3.52773	-3.58207	-3.90524	0.277327	0.274502	0.259983	0.188189	0.100447
397	-13.2801	-11.6305	-9.98935	-8.37628	0.00595671	0.0310055	0.160022	0.803016	0.343248
398	-7.53586	-7.54534	-7.59563	-7.89433	0.275385	0.272786	0.259406	0.192422	0.102126
399	-9.13527	-9.14469	-9.1947	-9.49216	0.275272	0.27269	0.259389	0.192649	0.102216
400	-31.3191	-28.016	-24.7137	-21.3678	4.59821e-05	0.00125052	0.0339834	0.96472	0.400678
401	-18.9993	-17.3538	-15.7344	-14.2497	0.00676097	0.0350478	0.176996	0.781195	0.335496
402	-19.6326	-17.9876	-16.3709	-14.9033	0.00687337	0.0356122	0.179354	0.77816	0.334418
403	-3.73149	-3.74012	-3.78593	-4.05836	0.273254	0.270906	0.258777	0.197064	0.103967
404	-3.77495	-3.77918	-3.80163	-3.93539	0.261697	0.260592	0.254806	0.222905	0.114186
405	-14.4145	-14.421	-14.4554	-14.6602	0.267698	0.265966	0.25696	0.209375	0.10884
406	-3.51779	-3.52806	-3.58255	-3.90659	0.277397	0.274563	0.260002	0.188038	0.100387
407	-3.32048	-3.32661	-3.35918	-3.55292	0.266773	0.26514	0.256645	0.211442	0.109658
408	-7.82213	-7.8302	-7.87305	-8.12806	0.271832	0.269646	0.258336	0.200187	0.105204
409	-3.77495	-3.77918	-3.80163	-3.93539	0.261697	0.260592	0.254806	0.222905	0.114186
410	-9.15686	-9.16222	-9.19062	-9.35941	0.264682	0.263269	0.255897	0.216152	0.111519
411	-13.0439	-13.0489	-13.0754	-13.2328	0.263715	0.262403	0.255551	0.218331	0.11238
412	-25.0149	-23.3647	-21.7204	-20.0886	0.00584632	0.0304489	0.157644	0.80606	0.344329
413	-3.31246	-3.31843	-3.35015	-3.53882	0.266348	0.264761	0.256496	0.212394	0.110034
414	-3.71472	-3.7245	-3.77643	-4.08458	0.276149	0.273459	0.259621	0.190772	0.10147
415	-15.5848	-13.9362	-12.3011	-10.7238	0.00617233	0.0320912	0.164628	0.797109	0.34115
416	-9.88908	-9.89736	-9.94129	-10.2025	0.272346	0.2701	0.258492	0.199062	0.104758
417	-14.3955	-12.7466	-11.1092	-9.51822	0.00608943	0.0316734	0.162848	0.799389	0.34196
418	-17.306	-15.6597	-14.0362	-12.5282	0.00660757	0.0342787	0.173812	0.785302	0.336956
419	-7.63752	-7.64547	-7.68768	-7.93878	0.271515	0.269364	0.258231	0.20089	0.105482
420	-7.33858	-7.34591	-7.38477	-7.61606	0.269887	0.267918	0.257705	0.204491	0.106908
421	-8.78725	-8.7917	-8.81535	-8.95619	0.262302	0.261136	0.255033	0.221528	0.113643
422	-3.0963	-3.10524	-3.15267	-3.43485	0.27404	0.271602	0.259021	0.195337	0.103282
423	-34.2387	-29.2829	-24.3234	-19.2692	3.13372e-07	4.44945e-05	0.00634152	0.993614	0.410636
424	-34.273	-29.3168	-24.3546	-19.2846	3.07517e-07	4.3685e-05	0.00624266	0.993713	0.41067
434	-10.1241	-10.1316	-10.1719	-10.4116	0.270579	0.268533	0.25793	0.202958	0.106301
435	-3.32834	-3.33319	-3.35893	-3.5122	0.263359	0.262085	0.255426	0.21913	0.112696
436	-3.06146	-3.06649	-3.09316	-3.25202	0.263832	0.26251	0.2556	0.218057	0.112273
437	-27.0713	-23.7668	-20.4564	-17.0634	4.35252e-05	0.00118549	0.0324747	0.966296	0.401222
438	-3.25871	-3.26141	-3.27575	-3.36122	0.257534	0.25684	0.253183	0.232443	0.117948
441	-9.69862	-9.7029	-9.72564	-9.86107	0.26184	0.26072	0.25486	0.22258	0.114058
442	-3.23316	-3.2375	-3.26052	-3.39765	0.261985	0.260851	0.254915	0.222249	0.113928
443	-3.29925	-3.30699	-3.34804	-3.59227	0.270952	0.268864	0.258051	0.202133	0.105975
444	-13.9551	-12.3085	-10.6835	-9.16641	0.0065494	0.0339869	0.172598	0.786866	0.337511
447	-17.3141	-17.3171	-17.3329	-17.4268	0.258272	0.257504	0.253467	0.230757	0.117283
448	-21.9814	-21.9854	-22.0064	-22.1315	0.260955	0.259925	0.254523	0.224597	0.114854
449	-24.1718	-20.8723	-17.5884	-14.3523	5.22439e-05	0.00141587	0.0377714	0.96076	0.399314
450	-52.3088	-47.3496	-42.3717	-37.2077	2.74918e-07	3.91699e-05	0.0056862	0.994274	0.410862
451	-26.6177	-24.9724	-23.3546	-21.8796	0.00682465	0.035367	0.178318	0.779491	0.33489
452	-41.9034	-38.6005	-35.299	-31.9583	4.62634e-05	0.00125795	0.0341572	0.964539	0.400616
453	-15.4323	-15.4368	-15.4606	-15.6021	0.262362	0.261189	0.255051	0.221398	0.113591
454	-11.193	-11.1969	-11.2174	-11.34	0.260741	0.259732	0.254442	0.225086	0.115047
455	-29.0973	-27.4483	-25.8106	-24.2174	0.00607607	0.0316066	0.162575	0.799742	0.342085
456	-18.5091	-16.8632	-15.2421	-13.7474	0.00669517	0.0347178	0.175629	0.782958	0.336122
457	-3.0963	-3.10524	-3.15267	-3.43485	0.27404	0.271602	0.259021	0.195337	0.103282
458	-22.6745	-21.0248	-19.3835	-17.7692	0.00594976	0.0309703	0.159868	0.803212	0.343317
459	-22.6204	-20.9721	-19.338	-17.7667	0.00620926	0.032277	0.16541	0.796103	0.340793
460	-17.2768	-17.2816	-17.3074	-17.4606	0.263357	0.262083	0.255421	0.219139	0.112699
461	-10.8695	-10.8759	-10.91	-11.1125	0.267515	0.265802	0.256892	0.209791	0.109005
462	-3.256	-3.25863	-3.27257	-3.35567	0.257328	0.256653	0.2531	0.232918	0.118136
463	-3.15512	-3.16011	-3.18661	-3.34428	0.263736	0.262422	0.25556	0.218282	0.112361
464	-15.8251	-14.1745	-12.5281	-10.8846	0.00577728	0.0301014	0.156174	0.807948	0.344999
465	-16.1528	-14.5043	-12.8687	-11.2884	0.00615455	0.0320017	0.164249	0.797595	0.341323
466	-3.29683	-3.30444	-3.34486	-3.58531	0.270642	0.268589	0.25795	0.202819	0.106246
467	-30.3879	-27.0865	-23.7933	-20.5016	4.89757e-05	0.00132964	0.0358047	0.962817	0.400022
468	-3.51326	-3.52311	-3.57535	-3.88602	0.276333	0.273625	0.259696	0.190346	0.101303
469	-4.05117	-4.0562	-4.08287	-4.2417	0.263831	0.262508	0.2556	0.218061	0.112274
470	-9.59778	-9.60611	-9.65028	-9.91261	0.272444	0.270185	0.25851	0.198861	0.104678
471	-7.67941	-7.68468	-7.71261	-7.87867	0.26445	0.263061	0.255814	0.216675	0.111726
472	-13.0745	-11.4249	-9.78371	-8.17055	0.00595615	0.0310027	0.16001	0.803031	0.343253
473	-3.76443	-3.76849	-3.79002	-3.91826	0.261226	0.260168	0.254627	0.223979	0.11461
474	-3.64339	-3.65155	-3.69486	-3.95259	0.272054	0.269843	0.258405	0.199698	0.10501
475	-3.9711	-3.97949	-4.02401	-4.28839	0.272611	0.270333	0.258563	0.198493	0.104532
476	-15.9375	-14.2865	-12.6382	-10.9826	0.00570877	0.0297549	0.154668	0.809868	0.345681
477	-6.11537	-6.1195	-6.14146	-6.27233	0.261448	0.260369	0.254714	0.223469	0.114409
478	-3.29683	-3.30444	-3.34486	-3.58531	0.270642	0.268589	0.25795	0.202819	0.106246
479	-22.6443	-20.9975	-19.3717	-17.8493	0.00651598	0.0338187	0.171888	0.787778	0.337835
480	-4.05117	-4.0562	-4.08287	-4.2417	0.263831	0.262508	0.2556	0.218061	0.112274
481	-7.81636	-7.82408	-7.86507	-8.10899	0.270925	0.268841	0.258044	0.20219	0.105998
482	-8.76834	-8.77272	-8.79596	-8.93415	0.262083	0.260937	0.254943	0.222037	0.113844
483	-3.09485	-3.10365	-3.15034	-3.42816	0.273687	0.27129	0.258913	0.19611	0.103589
484	-4.09567	-4.1043	-4.15006	-4.42232	0.273238	0.270891	0.258774	0.197097	0.10398
485	-2.93166	-2.93713	-2.96619	-3.1392	0.265029	0.263582	0.256034	0.215356	0.111205
486	-3.26837	-3.2777	-3.32723	-3.62132	0.275016	0.27246	0.259295	0.193229	0.102445
487	-3.76443	-3.76849	-3.79002	-3.91826	0.261226	0.260168	0.254627	0.223979	0.11461
488	-3.51326	-3.52311	-3.57535	-3.88602	0.276333	0.273625	0.259696	0.190346	0.101303
489	-12.0047	-12.0121	-12.0513	-12.2845	0.270053	0.268062	0.257742	0.204144	0.10677
490	-8.43675	-8.44113	-8.46437	-8.60271	0.262091	0.260946	0.254952	0.222012	0.113834
491	-3.29683	-3.30444	-3.34486	-3.58531	0.270642	0.268589	0.25795	0.202819	0.106246
492	-3.97535	-3.98176	-4.01579	-4.21852	0.267515	0.265805	0.256912	0.209768	0.108997
493	-7.28161	-7.28776	-7.32042	-7.51464	0.266815	0.265178	0.256657	0.211351	0.109622
494	-13.2486	-11.602	-9.97681	-8.45847	0.0065414	0.0339467	0.17243	0.787082	0.337588
495	-42.5794	-37.6206	-32.6446	-27.4923	2.78753e-07	3.97022e-05	0.00575243	0.994208	0.410839
496	-81.9749	-73.7037	-65.2198	-55.8043	4.30731e-12	1.68404e-08	8.14478e-05	0.999919	0.412795
497	-4.09971	-4.1087	-4.15643	-4.4404	0.274185	0.27173	0.259065	0.195021	0.103157
