Sites	Ll_YN98.omega=0.00227147	Ll_YN98.omega=0.00989696	Ll_YN98.omega=0.0446711	Ll_YN98.omega=0.268503	Ll_YN98.omega=1	Pr_YN98.omega=0.00227147	Pr_YN98.omega=0.00989696	Pr_YN98.omega=0.0446711	Pr_YN98.omega=0.268503	Pr_YN98.omega=1	mean
1	-4.11806	-4.12465	-4.15474	-4.34816	-4.97722	0.260568	0.258854	0.251181	0.207008	0.0223895	0.0923461
2	-5.13101	-5.13463	-5.15114	-5.25725	-5.60219	0.250971	0.250064	0.24597	0.221208	0.031787	0.105215
3	-5.34262	-5.3462	-5.36254	-5.46755	-5.80891	0.250845	0.249948	0.245897	0.221384	0.0319263	0.105397
4	-3.20916	-3.21521	-3.24283	-3.42023	-3.99559	0.258868	0.257305	0.250296	0.20961	0.0239215	0.094518
5	-26.7193	-25.2519	-23.7648	-22.0995	-21.2008	0.00566318	0.0245671	0.108695	0.574679	0.286396	0.445811
6	-11.6016	-11.6052	-11.6216	-11.7276	-12.0718	0.250948	0.250043	0.245956	0.22124	0.0318131	0.105249
7	-4.76676	-4.76971	-4.78314	-4.86947	-5.15035	0.248666	0.247934	0.244627	0.224395	0.0343781	0.108575
8	-13.4772	-12.011	-10.5294	-8.89994	-8.11813	0.00606927	0.0262967	0.115702	0.590227	0.261705	0.425626
9	-24.4467	-22.9785	-21.488	-19.8007	-18.831	0.0054198	0.023529	0.104458	0.564535	0.302058	0.458549
10	-17.5721	-16.1044	-14.6161	-12.9435	-12.0209	0.0055809	0.0242163	0.107265	0.571319	0.291619	0.450064
11	-7.4157	-7.41994	-7.43929	-7.56331	-7.96204	0.252992	0.25192	0.247092	0.218273	0.0297225	0.102435
12	-25.5652	-24.0977	-22.6102	-20.9423	-20.034	0.00563228	0.0244351	0.108153	0.573309	0.28847	0.447492
13	-9.638	-9.64218	-9.66128	-9.78398	-10.1821	0.252863	0.251806	0.247042	0.218516	0.0297733	0.102548
14	-11.377	-11.3815	-11.4017	-11.532	-11.9545	0.253713	0.252587	0.247518	0.217291	0.0288919	0.101368
15	-19.4679	-19.4726	-19.4942	-19.6329	-20.083	0.254661	0.253458	0.248043	0.215909	0.0279285	0.100068
17	-13.5656	-13.5711	-13.5963	-13.7581	-14.2784	0.25717	0.25575	0.249375	0.212126	0.0255785	0.0967903
18	-5.22947	-5.2336	-5.25242	-5.37336	-5.76578	0.252663	0.251622	0.24693	0.218802	0.0299831	0.102827
19	-27.4552	-25.9875	-24.499	-22.8251	-21.8984	0.00556678	0.024156	0.10702	0.570738	0.29252	0.450797
20	-7.91097	-7.91679	-7.9433	-8.11351	-8.66456	0.258095	0.256598	0.249885	0.210775	0.0246464	0.0955286
21	-5.33894	-5.34249	-5.35869	-5.46282	-5.80129	0.250743	0.249853	0.245838	0.221527	0.0320396	0.105544
22	-13.6258	-13.6299	-13.6485	-13.7679	-14.1559	0.252491	0.251465	0.246837	0.219057	0.0301502	0.103056
23	-15.084	-15.0889	-15.1112	-15.2544	-15.7195	0.255161	0.253917	0.248319	0.215181	0.0274211	0.0993833
25	-14.2841	-14.2879	-14.305	-14.4154	-14.774	0.25146	0.250515	0.24625	0.220518	0.0312571	0.104518
26	-23.7763	-22.3078	-20.8159	-19.1202	-18.1231	0.00532678	0.0231319	0.102832	0.560496	0.308213	0.463543
27	-10.087	-10.091	-10.1094	-10.2276	-10.6118	0.252356	0.251341	0.24676	0.219249	0.0302939	0.103247
28	-28.2723	-26.8041	-25.3135	-23.6257	-22.6544	0.0054139	0.0235038	0.104357	0.564327	0.302398	0.458829
29	-5.01055	-5.01122	-5.01428	-5.03418	-5.10172	0.240531	0.24037	0.239636	0.234914	0.0445484	0.121254
30	-14.434	-12.9681	-11.4877	-9.86605	-9.1073	0.00615545	0.0266627	0.117167	0.593052	0.256963	0.421711
31	-14.434	-12.9681	-11.4877	-9.86605	-9.1073	0.00615545	0.0266627	0.117167	0.593052	0.256963	0.421711
34	-4.25015	-4.25413	-4.27228	-4.38899	-4.76878	0.252188	0.251186	0.246668	0.219497	0.0304607	0.103474
35	-4.25015	-4.25413	-4.27228	-4.38899	-4.76878	0.252188	0.251186	0.246668	0.219497	0.0304607	0.103474
36	-4.55523	-4.55946	-4.57872	-4.70256	-5.10578	0.253	0.251933	0.247127	0.218341	0.0295989	0.102332
37	-8.13005	-8.13527	-8.15907	-8.31198	-8.80866	0.256227	0.254893	0.2489	0.213607	0.0263733	0.0979509
38	-15.2463	-13.7785	-12.2895	-10.6126	-9.67744	0.00553544	0.0240226	0.10648	0.569556	0.294406	0.452341
39	-4.41775	-4.42048	-4.43294	-4.51307	-4.77431	0.247935	0.247259	0.244198	0.225393	0.0352158	0.109653
40	-4.55523	-4.55946	-4.57872	-4.70256	-5.10578	0.253	0.251933	0.247127	0.218341	0.0295989	0.102332
41	-8.34412	-8.3489	-8.37068	-8.51052	-8.96324	0.254779	0.253564	0.248102	0.215724	0.0278315	0.0999253
42	-11.4596	-11.4629	-11.4781	-11.5755	-11.8928	0.249969	0.24914	0.245393	0.222613	0.0328856	0.106653
43	-10.0893	-10.0929	-10.1094	-10.2153	-10.5597	0.250951	0.250046	0.245959	0.221235	0.0318087	0.105243
44	-4.25015	-4.25413	-4.27228	-4.38899	-4.76878	0.252188	0.251186	0.246668	0.219497	0.0304607	0.103474
45	-4.55523	-4.55946	-4.57872	-4.70256	-5.10578	0.253	0.251933	0.247127	0.218341	0.0295989	0.102332
46	-8.83642	-8.8389	-8.85019	-8.92271	-9.15746	0.247014	0.246403	0.243636	0.226593	0.0363538	0.111078
47	-11.8321	-11.8382	-11.8658	-12.0433	-12.6179	0.258871	0.257307	0.250293	0.209593	0.0239369	0.0945287
48	-12.0942	-12.0968	-12.1086	-12.1843	-12.4309	0.247408	0.24677	0.243881	0.226097	0.0358446	0.110451
49	-14.9172	-13.4492	-11.9595	-10.2779	-9.32638	0.00548132	0.0237916	0.105533	0.567198	0.297996	0.455253
50	-5.07518	-5.079	-5.09645	-5.20867	-5.57417	0.251677	0.250716	0.246379	0.220226	0.0310019	0.104192
51	-15.5016	-14.0354	-12.5541	-10.9263	-10.1489	0.00608667	0.0263705	0.115996	0.590767	0.26078	0.424859
52	-4.25015	-4.25413	-4.27228	-4.38899	-4.76878	0.252188	0.251186	0.246668	0.219497	0.0304607	0.103474
53	-4.04141	-4.04764	-4.07604	-4.25858	-4.852	0.25942	0.257809	0.250591	0.208779	0.0234004	0.0937933
54	-3.46391	-3.4699	-3.49718	-3.67248	-4.2412	0.258644	0.257101	0.250181	0.209954	0.0241205	0.0948016
55	-13.9506	-12.4848	-11.005	-9.38685	-8.64129	0.00619867	0.0268469	0.117914	0.594728	0.254313	0.419546
56	-21.7625	-21.7682	-21.7938	-21.9583	-22.4894	0.257475	0.256031	0.249549	0.211693	0.0252525	0.0963592
57	-3.46391	-3.4699	-3.49718	-3.67248	-4.2412	0.258644	0.257101	0.250181	0.209954	0.0241205	0.0948016
58	-3.46391	-3.4699	-3.49718	-3.67248	-4.2412	0.258644	0.257101	0.250181	0.209954	0.0241205	0.0948016
59	-4.48847	-4.49453	-4.52217	-4.69964	-5.27428	0.258872	0.257307	0.250293	0.209592	0.0239367	0.0945283
60	-3.72703	-3.73362	-3.76366	-3.95667	-4.58321	0.260521	0.25881	0.251151	0.207066	0.0224523	0.0924227
61	-4.04141	-4.04764	-4.07604	-4.25858	-4.852	0.25942	0.257809	0.250591	0.208779	0.0234004	0.0937933
62	-9.63473	-9.64179	-9.67396	-9.88035	-10.5464	0.2619	0.260058	0.251825	0.204863	0.0213537	0.0907782
63	-14.959	-14.964	-14.9869	-15.1339	-15.6091	0.255566	0.254285	0.248528	0.214557	0.0270642	0.0988726
64	-3.87148	-3.87547	-3.89364	-4.01043	-4.38992	0.252194	0.251191	0.246668	0.219479	0.0304675	0.103476
65	-4.67608	-4.68109	-4.7039	-4.85056	-5.32766	0.255544	0.254269	0.248534	0.21463	0.0270237	0.0988518
66	-4.41775	-4.42048	-4.43294	-4.51307	-4.77431	0.247935	0.247259	0.244198	0.225393	0.0352158	0.109653
67	-13.8536	-12.3878	-10.9082	-9.29143	-8.54979	0.00621357	0.0269101	0.118166	0.595195	0.253516	0.418887
68	-3.87148	-3.87547	-3.89364	-4.01043	-4.38992	0.252194	0.251191	0.246668	0.219479	0.0304675	0.103476
69	-7.07145	-7.07566	-7.09489	-7.21829	-7.61745	0.252936	0.251871	0.247075	0.218392	0.0297262	0.102469
70	-14.936	-13.4711	-11.9958	-10.4061	-9.74917	0.00652391	0.0282277	0.123424	0.60504	0.236784	0.405047
71	-14.562	-13.0958	-11.6143	-9.98516	-9.20219	0.00606969	0.026298	0.115699	0.590019	0.261915	0.42578
72	-3.72703	-3.73362	-3.76366	-3.95667	-4.58321	0.260521	0.25881	0.251151	0.207066	0.0224523	0.0924227
73	-3.89639	-3.90223	-3.92887	-4.10006	-4.65646	0.258209	0.256705	0.249958	0.21063	0.0244982	0.0953461
74	-4.88714	-4.89107	-4.90895	-5.02391	-5.39778	0.251988	0.251002	0.246553	0.219777	0.0306809	0.103762
75	-4.25307	-4.25856	-4.28359	-4.44443	-4.96665	0.257089	0.255682	0.249361	0.212315	0.0255526	0.0968137
76	-7.16846	-7.17312	-7.19437	-7.33074	-7.77142	0.254389	0.253205	0.247882	0.216282	0.0282416	0.100471
77	-4.25307	-4.25856	-4.28359	-4.44443	-4.96665	0.257089	0.255682	0.249361	0.212315	0.0255526	0.0968137
78	-8.88439	-8.89119	-8.9222	-9.12124	-9.76458	0.26114	0.25937	0.25145	0.206068	0.0219718	0.0916946
79	-5.11033	-5.11271	-5.12352	-5.19311	-5.42009	0.246674	0.246089	0.243442	0.227079	0.0367159	0.111558
80	-3.87148	-3.87547	-3.89364	-4.01043	-4.38992	0.252194	0.251191	0.246668	0.219479	0.0304675	0.103476
81	-4.14811	-4.15518	-4.1874	-4.39409	-5.06106	0.261931	0.260086	0.25184	0.204814	0.0213281	0.0907403
82	-5.11033	-5.11271	-5.12352	-5.19311	-5.42009	0.246674	0.246089	0.243442	0.227079	0.0367159	0.111558
83	-4.25015	-4.25413	-4.27228	-4.38899	-4.76878	0.252188	0.251186	0.246668	0.219497	0.0304607	0.103474
84	-3.20916	-3.21521	-3.24283	-3.42023	-3.99559	0.258868	0.257305	0.250296	0.20961	0.0239215	0.094518
85	-4.05587	-4.06251	-4.09276	-4.28707	-4.91674	0.260652	0.258928	0.251212	0.20685	0.0223587	0.0922751
86	-8.38389	-8.38904	-8.41254	-8.56342	-9.05158	0.255995	0.254678	0.248763	0.213925	0.0266384	0.0982925
87	-4.40968	-4.41585	-4.44401	-4.62484	-5.21107	0.259232	0.257636	0.250484	0.209048	0.0235996	0.0940578
88	-4.6793	-4.68314	-4.70066	-4.81331	-5.17973	0.251724	0.250758	0.246403	0.220152	0.030963	0.104135
89	-3.72703	-3.73362	-3.76366	-3.95667	-4.58321	0.260521	0.25881	0.251151	0.207066	0.0224523	0.0924227
90	-18.2193	-16.7525	-15.2685	-13.6229	-12.7886	0.00588575	0.0255155	0.112545	0.583416	0.272638	0.434581
91	-3.95364	-3.95976	-3.98766	-4.1669	-4.74833	0.259064	0.257483	0.250399	0.209311	0.0237428	0.094266
92	-50.0256	-45.613	-41.1044	-35.8057	-32.1277	7.3883e-08	6.09424e-06	0.00055331	0.110712	0.888728	0.91848
109	-12.9933	-11.5267	-10.0433	-8.40173	-7.58001	0.00593068	0.0257067	0.113317	0.585066	0.269979	0.432401
110	-12.3737	-12.3793	-12.4046	-12.5673	-13.0957	0.257291	0.255866	0.24947	0.212015	0.0253581	0.0965456
111	-3.54539	-3.55024	-3.57236	-3.71454	-4.17629	0.255045	0.25381	0.248256	0.215354	0.0275341	0.0995386
112	-3.80287	-3.80998	-3.84238	-4.05047	-4.72477	0.262085	0.260229	0.251932	0.204604	0.0211506	0.0905123
113	-3.65785	-3.66191	-3.68042	-3.79947	-4.18689	0.252455	0.251431	0.246819	0.219118	0.030177	0.103098
114	-4.01301	-4.01708	-4.03565	-4.155	-4.54338	0.25249	0.251464	0.246838	0.219067	0.0301412	0.10305
115	-3.21065	-3.21677	-3.24463	-3.42365	-4.0043	0.259041	0.257462	0.250386	0.209346	0.0237654	0.094297
116	-20.0621	-20.0664	-20.086	-20.2118	-20.6184	0.253199	0.252113	0.247222	0.218011	0.0294542	0.102105
117	-8.49086	-8.49685	-8.52419	-8.69979	-9.26907	0.258675	0.257128	0.250194	0.209902	0.024101	0.0947691
118	-10.0168	-10.0193	-10.0307	-10.1039	-10.3423	0.247106	0.24649	0.2437	0.226498	0.0362045	0.110907
119	-5.11034	-5.11273	-5.12365	-5.19387	-5.42292	0.24675	0.24616	0.243488	0.226978	0.0366237	0.111442
120	-4.53829	-4.54339	-4.56663	-4.71595	-5.20084	0.255833	0.254532	0.248685	0.214191	0.026759	0.0984792
121	-16.0847	-16.0895	-16.111	-16.2486	-16.6854	0.254484	0.253283	0.247887	0.216028	0.0283182	0.100481
122	-4.67693	-4.68197	-4.705	-4.85299	-5.33446	0.255691	0.254404	0.248614	0.214413	0.0268787	0.0986537
123	-4.63983	-4.64417	-4.66393	-4.79094	-5.20403	0.253355	0.252259	0.247324	0.217823	0.0292386	0.101845
124	-4.04241	-4.0487	-4.07736	-4.26156	-4.86042	0.259597	0.25797	0.250682	0.208508	0.0232433	0.0935695
125	-3.80287	-3.80998	-3.84238	-4.05047	-4.72477	0.262085	0.260229	0.251932	0.204604	0.0211506	0.0905123
126	-9.13506	-9.14172	-9.17211	-9.36717	-9.99794	0.260726	0.258994	0.251242	0.206719	0.0223199	0.0922033
127	-38.7799	-35.8429	-32.8587	-29.4645	-27.4585	3.53947e-05	0.000667533	0.0131969	0.393143	0.592957	0.699113
128	-4.0582	-4.06489	-4.09542	-4.2915	-4.92696	0.260838	0.259097	0.251306	0.206561	0.0221985	0.0920438
129	-4.55748	-4.56174	-4.58118	-4.70615	-5.11306	0.253127	0.25205	0.247199	0.218158	0.0294653	0.102154
130	-21.2101	-19.7423	-18.2535	-16.5776	-15.6446	0.00554469	0.0240619	0.106637	0.569849	0.293907	0.451928
131	-3.72837	-3.73502	-3.76533	-3.9601	-4.5924	0.260705	0.258978	0.251245	0.20678	0.0222926	0.0921923
132	-4.25243	-4.25645	-4.27477	-4.39253	-4.7758	0.252309	0.251298	0.246737	0.219325	0.0303312	0.103303
133	-4.11845	-4.12639	-4.16258	-4.39521	-5.1516	0.264594	0.262502	0.253172	0.200626	0.0191048	0.0874821
134	-36.8403	-33.9028	-30.9166	-27.5093	-25.4612	3.39867e-05	0.000641258	0.0127035	0.383455	0.603166	0.706699
135	-8.80046	-8.80528	-8.82727	-8.96862	-9.42828	0.254957	0.25373	0.248211	0.215492	0.0276097	0.0996483
136	-4.22601	-4.23451	-4.27327	-4.52183	-5.32346	0.266169	0.263915	0.253884	0.19801	0.0180217	0.0857458
145	-4.06222	-4.06964	-4.10345	-4.32074	-5.0269	0.263037	0.261094	0.252414	0.203116	0.0203385	0.0893331
146	-4.22121	-4.22963	-4.26798	-4.51399	-5.30728	0.265915	0.263687	0.253765	0.198423	0.0182106	0.0860376
147	-11.1804	-11.1858	-11.2101	-11.3663	-11.8711	0.256577	0.25521	0.249072	0.21305	0.0260912	0.0975308
148	-8.84847	-8.85229	-8.86974	-8.9819	-9.34713	0.251671	0.25071	0.246375	0.220233	0.0310114	0.104203
149	-4.45644	-4.45969	-4.47452	-4.56991	-4.88086	0.249733	0.248922	0.245258	0.222943	0.0331441	0.106992
150	-3.24005	-3.24726	-3.28013	-3.49129	-4.17585	0.262403	0.260517	0.252092	0.204105	0.0208837	0.0901222
151	-33.2602	-30.3216	-27.3306	-23.8922	-21.7459	3.08469e-05	0.000582639	0.0115985	0.361134	0.626654	0.724144
152	-20.5938	-19.1303	-17.6609	-16.1093	-15.5773	0.00697611	0.0301451	0.13103	0.618295	0.213554	0.385736
153	-3.49528	-3.50248	-3.5353	-3.74612	-4.42986	0.262369	0.260487	0.252077	0.204161	0.0209066	0.0901591
154	-15.1325	-13.6656	-12.1808	-10.5309	-9.68118	0.00583426	0.025296	0.111652	0.581345	0.275873	0.437218
155	-4.44942	-4.45696	-4.49131	-4.71206	-5.429	0.263389	0.261411	0.252584	0.202552	0.0200645	0.088919
156	-4.95761	-4.96231	-4.98374	-5.12147	-5.56926	0.254554	0.25336	0.247989	0.216081	0.0280153	0.100197
157	-26.1219	-23.1841	-20.1964	-16.7796	-14.7032	3.30373e-05	0.00062355	0.0123713	0.376964	0.610008	0.711783
158	-3.24131	-3.24857	-3.28165	-3.49418	-4.18319	0.262543	0.260644	0.252161	0.203883	0.0207682	0.0899518
159	-8.24959	-8.25451	-8.27692	-8.42087	-8.88779	0.255239	0.253987	0.248359	0.215061	0.0273549	0.0992873
160	-4.06307	-4.07053	-4.10456	-4.32326	-5.034	0.263181	0.261224	0.252485	0.202888	0.0202227	0.0891607
161	-26.7861	-23.8473	-20.8549	-17.4081	-15.2348	3.00243e-05	0.000567267	0.0113075	0.355072	0.633023	0.728872
162	-7.28621	-7.29098	-7.3127	-7.4521	-7.90246	0.254725	0.253514	0.248067	0.215788	0.0279056	0.100014
163	-12.2916	-12.2963	-12.3175	-12.4537	-12.8933	0.254371	0.253188	0.247869	0.216298	0.028274	0.100507
164	-13.1223	-13.1291	-13.1604	-13.3608	-14.0092	0.261289	0.259505	0.251527	0.205841	0.0218373	0.0915042
165	-3.49455	-3.50173	-3.53442	-3.74442	-4.4255	0.262285	0.26041	0.252035	0.204294	0.0209761	0.0902615
166	-13.5916	-13.5998	-13.6375	-13.8792	-14.6617	0.265499	0.263315	0.253584	0.199127	0.0184744	0.0864777
167	-7.43219	-7.43988	-7.47492	-7.69988	-8.42825	0.26381	0.26179	0.252777	0.201854	0.0197681	0.0884486
168	-15.1119	-15.1171	-15.1409	-15.2938	-15.7899	0.256224	0.25489	0.248894	0.213601	0.0263902	0.0979659
169	-13.8743	-13.8816	-13.9148	-14.1281	-14.8193	0.262626	0.260719	0.2522	0.203746	0.0207087	0.0898581
170	-7.81068	-7.81595	-7.83994	-7.99399	-8.49281	0.256344	0.254999	0.248954	0.21341	0.0262927	0.0978211
171	-3.24131	-3.24857	-3.28165	-3.49418	-4.18319	0.262543	0.260644	0.252161	0.203883	0.0207682	0.0899518
172	-4.10594	-4.11389	-4.15014	-4.38291	-5.13692	0.264601	0.262505	0.25316	0.200587	0.0191468	0.0875132
173	-3.75581	-3.76371	-3.7997	-4.03093	-4.78128	0.26445	0.26237	0.253095	0.200844	0.0192417	0.0876723
174	-3.5391	-3.54711	-3.58359	-3.81795	-4.57822	0.264763	0.262653	0.253244	0.200336	0.0190033	0.0873077
175	-4.42883	-4.4373	-4.47588	-4.72344	-5.52221	0.26607	0.263827	0.25384	0.198175	0.0180885	0.0858539
176	-4.11845	-4.12635	-4.1624	-4.39413	-5.14758	0.264504	0.26242	0.253129	0.200772	0.0191751	0.0875886
177	-12.5785	-12.5843	-12.6111	-12.783	-13.339	0.25827	0.256758	0.249976	0.210505	0.0244915	0.0953072
178	-4.28611	-4.29269	-4.32268	-4.51536	-5.14078	0.260486	0.258778	0.251133	0.20712	0.0224832	0.092467
179	-13.6211	-13.6244	-13.6394	-13.7357	-14.0493	0.249842	0.249022	0.245318	0.222784	0.0330341	0.106843
180	-4.7656	-4.7689	-4.78394	-4.88067	-5.19586	0.249889	0.249066	0.245348	0.222726	0.0329718	0.106767
181	-4.06239	-4.06722	-4.08927	-4.23097	-4.69195	0.254997	0.253767	0.248234	0.215436	0.027566	0.099591
182	-4.06239	-4.06722	-4.08927	-4.23097	-4.69195	0.254997	0.253767	0.248234	0.215436	0.027566	0.099591
183	-3.5681	-3.57386	-3.60013	-3.76892	-4.3169	0.257949	0.256467	0.249817	0.211016	0.0247506	0.095693
184	-34.6909	-30.2825	-25.7931	-20.6177	-17.3415	1.21186e-07	9.95404e-06	0.000886577	0.156804	0.842299	0.884441
185	-4.00451	-4.01184	-4.04527	-4.25999	-4.95628	0.262769	0.260849	0.252274	0.203526	0.0205815	0.0896768
186	-14.1502	-14.1535	-14.1686	-14.2657	-14.581	0.249926	0.249099	0.245362	0.222654	0.032958	0.106735
187	-28.069	-25.1313	-22.144	-18.7295	-16.6607	3.32805e-05	0.000628092	0.0124569	0.378704	0.608177	0.710423
188	-4.32989	-4.33778	-4.37374	-4.60456	-5.35057	0.264399	0.262321	0.253054	0.200895	0.0193302	0.0877722
189	-10.1913	-10.1952	-10.2131	-10.3283	-10.7029	0.252007	0.251019	0.246565	0.219755	0.0306543	0.10373
190	-16.3018	-14.8339	-13.3448	-11.6671	-10.7296	0.00552709	0.023987	0.106335	0.569223	0.294928	0.452766
191	-5.28047	-5.28526	-5.30711	-5.44758	-5.90504	0.254862	0.253644	0.248163	0.215641	0.0276894	0.0997648
192	-3.24131	-3.24857	-3.28165	-3.49418	-4.18319	0.262543	0.260644	0.252161	0.203883	0.0207682	0.0899518
193	-9.34314	-9.34748	-9.36727	-9.4944	-9.90687	0.253363	0.252266	0.247322	0.217796	0.0292529	0.101852
194	-3.49455	-3.50173	-3.53442	-3.74442	-4.4255	0.262285	0.26041	0.252035	0.204294	0.0209761	0.0902615
195	-5.1234	-5.128	-5.14899	-5.28395	-5.72348	0.254249	0.253082	0.247825	0.216536	0.0283074	0.100601
196	-8.51891	-8.52663	-8.56178	-8.78744	-9.5171	0.263878	0.261851	0.252805	0.201735	0.0197311	0.0883816
197	-10.251	-10.257	-10.2842	-10.4593	-11.0287	0.25863	0.257089	0.25018	0.209993	0.024109	0.0948005
198	-3.49528	-3.50248	-3.5353	-3.74612	-4.42986	0.262369	0.260487	0.252077	0.204161	0.0209066	0.0901591
199	-30.138	-27.2012	-24.2179	-20.8297	-18.8454	3.61027e-05	0.000680743	0.0134459	0.398175	0.587662	0.695181
200	-3.61531	-3.62417	-3.66453	-3.92375	-4.76378	0.26723	0.264875	0.254396	0.196305	0.0171937	0.0844949
201	-3.56866	-3.57445	-3.60082	-3.77027	-4.32039	0.25802	0.256531	0.249855	0.21091	0.0246851	0.0956013
202	-8.63086	-8.63414	-8.64912	-8.74531	-9.05726	0.249817	0.248997	0.245297	0.2228	0.0330895	0.106902
203	-13.0608	-11.5969	-10.1255	-8.56111	-7.9866	0.00682243	0.0294939	0.128454	0.613968	0.221262	0.39216
204	-9.44925	-9.45408	-9.47607	-9.61747	-10.0773	0.254961	0.253734	0.248214	0.215486	0.0276039	0.099641
205	-5.43038	-5.43469	-5.45434	-5.58065	-5.99109	0.253273	0.252184	0.247276	0.217936	0.0293311	0.101965
206	-29.214	-26.2752	-23.2832	-19.8385	-17.6699	3.01918e-05	0.000570385	0.0113655	0.356123	0.63191	0.728044
207	-13.6429	-12.1786	-10.7058	-9.13268	-8.53355	0.00672415	0.0290781	0.126822	0.611508	0.225868	0.396028
208	-5.10031	-5.10432	-5.12257	-5.23991	-5.62124	0.252257	0.251249	0.246704	0.21939	0.0303992	0.103386
209	-3.61531	-3.62417	-3.66453	-3.92375	-4.76378	0.26723	0.264875	0.254396	0.196305	0.0171937	0.0844949
210	-4.469	-4.47642	-4.51029	-4.72776	-5.43252	0.26305	0.261103	0.252409	0.203075	0.0203628	0.0893463
211	-4.22601	-4.23451	-4.27327	-4.52183	-5.32346	0.266169	0.263915	0.253884	0.19801	0.0180217	0.0857458
212	-8.36437	-8.37152	-8.40411	-8.61342	-9.29174	0.262212	0.260344	0.251996	0.204404	0.0210452	0.0903576
213	-3.61531	-3.62417	-3.66453	-3.92375	-4.76378	0.26723	0.264875	0.254396	0.196305	0.0171937	0.0844949
214	-3.53982	-3.54785	-3.58448	-3.81974	-4.583	0.264855	0.262736	0.253288	0.200188	0.0189328	0.0872006
215	-4.469	-4.47642	-4.51029	-4.72776	-5.43252	0.26305	0.261103	0.252409	0.203075	0.0203628	0.0893463
216	-51.2697	-45.3886	-39.3882	-32.3923	-27.6921	2.71703e-10	9.73203e-08	3.92765e-05	0.0428972	0.957063	0.968583
217	-18.2454	-16.7769	-15.285	-13.5889	-12.5915	0.00532432	0.0231215	0.102792	0.560478	0.308284	0.463607
218	-4.74788	-4.7525	-4.77358	-4.90906	-5.34966	0.254304	0.253131	0.247852	0.216447	0.0282656	0.100537
219	-7.67285	-7.67752	-7.69883	-7.83559	-8.27751	0.254431	0.253245	0.247906	0.21622	0.0281984	0.100413
220	-12.5694	-11.1048	-9.63019	-8.04568	-7.40851	0.00658872	0.0285034	0.124534	0.607345	0.233029	0.401963
221	-24.3838	-21.4481	-18.4702	-15.1158	-13.2395	3.9974e-05	0.000752864	0.0147921	0.423472	0.560943	0.675315
222	-4.469	-4.47642	-4.51029	-4.72776	-5.43252	0.26305	0.261103	0.252409	0.203075	0.0203628	0.0893463
223	-5.11048	-5.11333	-5.12634	-5.21003	-5.48301	0.248358	0.247651	0.24445	0.224824	0.0347171	0.109018
224	-7.70043	-7.70585	-7.73058	-7.88938	-8.40412	0.256865	0.255475	0.249236	0.21264	0.0257839	0.097124
225	-12.6832	-12.6912	-12.7273	-12.9593	-13.7089	0.264518	0.262428	0.25311	0.200701	0.0192437	0.0876375
226	-7.96988	-7.97716	-8.01033	-8.22341	-8.9145	0.262601	0.260697	0.252192	0.203794	0.0207161	0.0898778
227	-3.93233	-3.93712	-3.95898	-4.09944	-4.55572	0.254855	0.253636	0.248153	0.215635	0.0277212	0.0997942
228	-3.93233	-3.93712	-3.95898	-4.09944	-4.55572	0.254855	0.253636	0.248153	0.215635	0.0277212	0.0997942
229	-4.43056	-4.43906	-4.4778	-4.72632	-5.52824	0.266166	0.263913	0.253885	0.198019	0.0180174	0.085744
230	-3.24207	-3.24936	-3.28258	-3.49593	-4.18764	0.262628	0.260721	0.252204	0.203749	0.0206986	0.0898489
231	-19.3617	-19.3658	-19.3844	-19.5044	-19.8946	0.252559	0.251527	0.246877	0.218965	0.0300717	0.102956
232	-14.1317	-12.6666	-11.1902	-9.59403	-8.91937	0.00645252	0.0279254	0.122232	0.603136	0.240254	0.40795
233	-4.00234	-4.00962	-4.04281	-4.25603	-4.94741	0.262615	0.260709	0.252197	0.203771	0.0207078	0.0898637
234	-3.92838	-3.93312	-3.95474	-4.09368	-4.54498	0.254686	0.253481	0.248059	0.215882	0.0278915	0.100025
235	-3.68075	-3.68553	-3.70736	-3.84771	-4.30433	0.254846	0.253629	0.248152	0.215658	0.0277149	0.0997942
236	-4.11843	-4.12628	-4.16208	-4.39218	-5.14034	0.26434	0.262273	0.25305	0.201035	0.0193023	0.0877811
237	-3.49324	-3.50036	-3.53283	-3.74136	-4.41762	0.262133	0.260273	0.251959	0.204534	0.0211019	0.0904465
238	-3.75458	-3.76242	-3.79816	-4.02777	-4.77282	0.264286	0.262222	0.253016	0.201107	0.0193691	0.087865
239	-3.75458	-3.76242	-3.79816	-4.02777	-4.77282	0.264286	0.262222	0.253016	0.201107	0.0193691	0.087865
240	-5.00344	-5.00636	-5.01965	-5.10515	-5.38358	0.248569	0.247845	0.244572	0.224531	0.0344835	0.108714
241	-4.74345	-4.74802	-4.76887	-4.90289	-5.33868	0.25414	0.252981	0.247761	0.216686	0.0284329	0.100762
242	-8.12269	-8.12955	-8.16082	-8.36174	-9.01415	0.261347	0.259561	0.25157	0.205779	0.0217427	0.0913955
243	-4.13794	-4.14396	-4.1714	-4.34752	-4.91686	0.258724	0.257171	0.25021	0.209805	0.0240884	0.094732
244	-4.06215	-4.06956	-4.10335	-4.32051	-5.02625	0.263024	0.261082	0.252408	0.203137	0.0203491	0.0893488
245	-4.45629	-4.45954	-4.47437	-4.5697	-4.88047	0.249726	0.248916	0.245254	0.222952	0.0331515	0.107001
246	-3.92838	-3.93312	-3.95474	-4.09368	-4.54498	0.254686	0.253481	0.248059	0.215882	0.0278915	0.100025
247	-4.11843	-4.12628	-4.16208	-4.39218	-5.14034	0.26434	0.262273	0.25305	0.201035	0.0193023	0.0877811
248	-18.8433	-18.8478	-18.8682	-18.9995	-19.4254	0.253826	0.252691	0.247581	0.217129	0.0287725	0.10121
249	-4.69351	-4.69946	-4.72661	-4.90109	-5.46851	0.258563	0.257028	0.250146	0.210095	0.024168	0.0948848
250	-8.54522	-8.55001	-8.57186	-8.7123	-9.16871	0.254854	0.253635	0.248153	0.215639	0.0277183	0.0997926
251	-4.24727	-4.25399	-4.28463	-4.48149	-5.12036	0.260922	0.259175	0.251354	0.206439	0.0221098	0.0919254
252	-4.60173	-4.60676	-4.62967	-4.77701	-5.2566	0.25562	0.254339	0.248577	0.214522	0.0269427	0.0987446
253	-3.56708	-3.5728	-3.59889	-3.7665	-4.31061	0.257822	0.256351	0.24975	0.211209	0.0248691	0.0958588
254	-8.02921	-8.03642	-8.06928	-8.28037	-8.96501	0.262396	0.260512	0.25209	0.204118	0.0208834	0.0901253
255	-8.12269	-8.12955	-8.16082	-8.36174	-9.01415	0.261347	0.259561	0.25157	0.205779	0.0217427	0.0913955
256	-3.23993	-3.24714	-3.27999	-3.49103	-4.17518	0.26239	0.260505	0.252085	0.204125	0.0208943	0.0901378
257	-11.4255	-11.43	-11.4506	-11.5826	-12.011	0.253915	0.252773	0.247629	0.216995	0.0286869	0.101091
258	-4.13794	-4.14396	-4.1714	-4.34752	-4.91686	0.258724	0.257171	0.25021	0.209805	0.0240884	0.094732
259	-4.54667	-4.55389	-4.58677	-4.79788	-5.4811	0.262394	0.260508	0.252081	0.204106	0.0209118	0.09015
260	-18.657	-18.6638	-18.6948	-18.8936	-19.5369	0.261121	0.259353	0.251443	0.206106	0.021977	0.0917093
261	-37.8719	-34.934	-31.9459	-28.5265	-26.4368	3.26713e-05	0.000616688	0.0122394	0.373937	0.613175	0.714131
262	-10.092	-10.0953	-10.1103	-10.2068	-10.5209	0.249858	0.249037	0.245328	0.222765	0.0330115	0.106816
263	-11.8844	-11.8884	-11.9064	-12.0225	-12.4001	0.252111	0.251115	0.246624	0.219607	0.0305419	0.103582
264	-3.23993	-3.24714	-3.27999	-3.49103	-4.17518	0.26239	0.260505	0.252085	0.204125	0.0208943	0.0901378
265	-3.49324	-3.50036	-3.53283	-3.74136	-4.41762	0.262133	0.260273	0.251959	0.204534	0.0211019	0.0904465
266	-4.44653	-4.45373	-4.48652	-4.69707	-5.37898	0.262338	0.260457	0.252056	0.2042	0.0209488	0.0902105
267	-3.56708	-3.5728	-3.59889	-3.7665	-4.31061	0.257822	0.256351	0.24975	0.211209	0.0248691	0.0958588
268	-31.8476	-28.911	-25.9291	-22.5492	-20.5895	3.69867e-05	0.000697207	0.0137529	0.403896	0.581617	0.690686
269	-18.3542	-16.8902	-15.4186	-13.853	-13.2745	0.00680769	0.0294315	0.128208	0.613564	0.221989	0.392767
270	-4.43056	-4.43906	-4.4778	-4.72632	-5.52824	0.266166	0.263913	0.253885	0.198019	0.0180174	0.085744
271	-20.6746	-20.6822	-20.7169	-20.9396	-21.6617	0.263586	0.261589	0.252673	0.202223	0.0199288	0.0887013
272	-3.61531	-3.62417	-3.66453	-3.92375	-4.76378	0.26723	0.264875	0.254396	0.196305	0.0171937	0.0844949
273	-5.43038	-5.43469	-5.45434	-5.58065	-5.99109	0.253273	0.252184	0.247276	0.217936	0.0293311	0.101965
274	-16.6194	-15.1547	-13.6799	-12.0943	-11.459	0.00658353	0.0284826	0.124475	0.607724	0.232735	0.401769
275	-3.53982	-3.54785	-3.58448	-3.81974	-4.583	0.264855	0.262736	0.253288	0.200188	0.0189328	0.0872006
276	-4.7736	-4.78023	-4.81042	-5.00447	-5.63459	0.26063	0.258909	0.251208	0.206899	0.022354	0.0922833
277	-4.14174	-4.14783	-4.17557	-4.35362	-4.92929	0.258931	0.25736	0.250318	0.20949	0.0239007	0.0944668
278	-4.55072	-4.55801	-4.59125	-4.80468	-5.49547	0.262632	0.260724	0.252199	0.203729	0.0207157	0.0898607
279	-4.8152	-4.81878	-4.83506	-4.93978	-5.28041	0.250812	0.249917	0.24588	0.221435	0.0319569	0.10544
280	-4.12747	-4.1354	-4.17157	-4.40369	-5.15356	0.264528	0.262438	0.253115	0.200684	0.0192354	0.0876248
281	-9.68495	-9.68948	-9.71012	-9.84275	-10.2733	0.253981	0.252833	0.247668	0.216906	0.0286116	0.100995
282	-5.1234	-5.128	-5.14899	-5.28395	-5.72348	0.254249	0.253082	0.247825	0.216536	0.0283074	0.100601
283	-15.6368	-15.6406	-15.6581	-15.769	-16.1151	0.251443	0.250481	0.246149	0.220305	0.031622	0.104821
284	-10.5103	-10.5166	-10.5452	-10.7289	-11.3252	0.259538	0.257916	0.250647	0.208588	0.0233116	0.093657
285	-4.45896	-4.46224	-4.47723	-4.57361	-4.88779	0.249848	0.249029	0.245325	0.222784	0.0330137	0.106823
286	-4.39383	-4.39899	-4.42255	-4.574	-5.06692	0.256071	0.254752	0.248821	0.213852	0.026503	0.0981412
287	-5.1234	-5.128	-5.14899	-5.28395	-5.72348	0.254249	0.253082	0.247825	0.216536	0.0283074	0.100601
288	-4.45001	-4.45758	-4.49206	-4.71367	-5.43341	0.263476	0.26149	0.252627	0.202412	0.0199946	0.0888145
289	-4.33164	-4.33956	-4.37567	-4.60739	-5.35634	0.26449	0.262403	0.253098	0.200749	0.0192595	0.0876654
290	-5.58313	-5.58621	-5.60023	-5.69042	-5.98423	0.249122	0.248357	0.244899	0.223779	0.0338432	0.107892
291	-3.61531	-3.62417	-3.66453	-3.92375	-4.76378	0.26723	0.264875	0.254396	0.196305	0.0171937	0.0844949
292	-9.67376	-9.68124	-9.71535	-9.93428	-10.6418	0.263192	0.261229	0.252468	0.202828	0.0202823	0.0892037
293	-3.24207	-3.24936	-3.28258	-3.49593	-4.18764	0.262628	0.260721	0.252204	0.203749	0.0206986	0.0898489
294	-3.68242	-3.68726	-3.70933	-3.85121	-4.31285	0.255017	0.253785	0.248246	0.215408	0.027544	0.0995622
295	-4.38311	-4.38777	-4.40904	-4.54572	-4.98998	0.254436	0.253252	0.247924	0.216251	0.0281365	0.10036
296	-3.49528	-3.50248	-3.5353	-3.74612	-4.42986	0.262369	0.260487	0.252077	0.204161	0.0209066	0.0901591
297	-7.11037	-7.11818	-7.15378	-7.38231	-8.12195	0.264171	0.262116	0.25295	0.201273	0.0194902	0.0880264
298	-3.7565	-3.76442	-3.80055	-4.03269	-4.78597	0.26454	0.262452	0.253138	0.200698	0.0191713	0.0875658
299	-8.79341	-8.80129	-8.83722	-9.06778	-9.81262	0.264372	0.262296	0.253039	0.200936	0.0193567	0.0878088
300	-12.741	-12.7476	-12.7777	-12.9709	-13.5978	0.260542	0.258828	0.251159	0.20703	0.0224408	0.092402
301	-3.8459	-3.85437	-3.89299	-4.14098	-4.9442	0.266121	0.263876	0.25388	0.19812	0.0180031	0.0857561
302	-3.8459	-3.85437	-3.89299	-4.14098	-4.9442	0.266121	0.263876	0.25388	0.19812	0.0180031	0.0857561
303	-3.49528	-3.50248	-3.5353	-3.74612	-4.42986	0.262369	0.260487	0.252077	0.204161	0.0209066	0.0901591
304	-14.5245	-13.0606	-11.59	-10.0302	-9.47273	0.00688021	0.0297392	0.129432	0.615779	0.218169	0.3896
305	-5.08147	-5.08548	-5.10379	-5.22152	-5.6047	0.252305	0.251294	0.246735	0.219332	0.0303348	0.103308
306	-4.69472	-4.70074	-4.72818	-4.90457	-5.47825	0.258767	0.257215	0.250253	0.209784	0.0239818	0.0946219
307	-3.24207	-3.24936	-3.28258	-3.49593	-4.18764	0.262628	0.260721	0.252204	0.203749	0.0206986	0.0898489
308	-7.04528	-7.05229	-7.08425	-7.2894	-7.95314	0.261777	0.259949	0.251773	0.205076	0.0214245	0.0909026
309	-15.1663	-15.1733	-15.205	-15.4085	-16.0693	0.261619	0.259808	0.251706	0.20535	0.021517	0.0910638
310	-3.49528	-3.50248	-3.5353	-3.74612	-4.42986	0.262369	0.260487	0.252077	0.204161	0.0209066	0.0901591
311	-4.69472	-4.70074	-4.72818	-4.90457	-5.47825	0.258767	0.257215	0.250253	0.209784	0.0239818	0.0946219
312	-3.53982	-3.54785	-3.58448	-3.81974	-4.583	0.264855	0.262736	0.253288	0.200188	0.0189328	0.0872006
313	-3.61531	-3.62417	-3.66453	-3.92375	-4.76378	0.26723	0.264875	0.254396	0.196305	0.0171937	0.0844949
314	-3.7565	-3.76442	-3.80055	-4.03269	-4.78597	0.26454	0.262452	0.253138	0.200698	0.0191713	0.0875658
315	-4.30058	-4.30537	-4.3272	-4.46756	-4.92426	0.254848	0.253631	0.248153	0.215656	0.0277125	0.0997911
316	-4.74788	-4.7525	-4.77358	-4.90906	-5.34966	0.254304	0.253131	0.247852	0.216447	0.0282656	0.100537
317	-3.24207	-3.24936	-3.28258	-3.49593	-4.18764	0.262628	0.260721	0.252204	0.203749	0.0206986	0.0898489
318	-3.53982	-3.54785	-3.58448	-3.81974	-4.583	0.264855	0.262736	0.253288	0.200188	0.0189328	0.0872006
319	-4.10713	-4.11511	-4.1515	-4.38517	-5.14214	0.264692	0.262587	0.253204	0.200441	0.0190763	0.0874062
320	-3.56866	-3.57445	-3.60082	-3.77027	-4.32039	0.25802	0.256531	0.249855	0.21091	0.0246851	0.0956013
321	-21.7192	-20.2522	-18.7668	-17.1131	-16.2533	0.00579497	0.025129	0.110983	0.580046	0.278047	0.439011
322	-3.24207	-3.24936	-3.28258	-3.49593	-4.18764	0.262628	0.260721	0.252204	0.203749	0.0206986	0.0898489
323	-3.53982	-3.54785	-3.58448	-3.81974	-4.583	0.264855	0.262736	0.253288	0.200188	0.0189328	0.0872006
324	-4.06358	-4.07108	-4.10523	-4.32478	-5.0383	0.263267	0.261302	0.252527	0.20275	0.0201529	0.0890568
325	-3.61531	-3.62417	-3.66453	-3.92375	-4.76378	0.26723	0.264875	0.254396	0.196305	0.0171937	0.0844949
326	-4.55072	-4.55801	-4.59125	-4.80468	-5.49547	0.262632	0.260724	0.252199	0.203729	0.0207157	0.0898607
327	-4.06358	-4.07108	-4.10523	-4.32478	-5.0383	0.263267	0.261302	0.252527	0.20275	0.0201529	0.0890568
328	-4.11845	-4.12639	-4.16258	-4.39521	-5.1516	0.264594	0.262502	0.253172	0.200626	0.0191048	0.0874821
329	-3.53982	-3.54785	-3.58448	-3.81974	-4.583	0.264855	0.262736	0.253288	0.200188	0.0189328	0.0872006
330	-4.469	-4.47642	-4.51029	-4.72776	-5.43252	0.26305	0.261103	0.252409	0.203075	0.0203628	0.0893463
331	-4.25004	-4.25683	-4.28781	-4.48682	-5.13276	0.261148	0.25938	0.251468	0.206087	0.021917	0.0916458
332	-4.57797	-4.58405	-4.61174	-4.78971	-5.36739	0.25893	0.257362	0.250331	0.20952	0.0238559	0.0944307
333	-14.9449	-13.4805	-12.0067	-10.4274	-9.80506	0.00664671	0.028749	0.125503	0.608913	0.230188	0.399589
334	-12.9506	-11.4861	-10.0124	-8.43364	-7.81495	0.00665582	0.028788	0.125666	0.609368	0.229522	0.399054
335	-28.3054	-25.369	-22.3877	-19.0119	-17.0648	3.74364e-05	0.000705588	0.0139095	0.406858	0.578489	0.688361
336	-7.9911	-7.99829	-8.03106	-8.24153	-8.92399	0.262333	0.260454	0.252058	0.204217	0.0209391	0.0902054
337	-3.53982	-3.54785	-3.58448	-3.81974	-4.583	0.264855	0.262736	0.253288	0.200188	0.0189328	0.0872006
338	-10.8491	-10.8551	-10.8827	-11.0599	-11.635	0.258847	0.257286	0.250288	0.209647	0.023931	0.094537
339	-4.25004	-4.25683	-4.28781	-4.48682	-5.13276	0.261148	0.25938	0.251468	0.206087	0.021917	0.0916458
340	-4.45064	-4.45791	-4.49106	-4.70392	-5.39338	0.262576	0.260673	0.252174	0.203824	0.020753	0.0899217
341	-4.30058	-4.30537	-4.3272	-4.46756	-4.92426	0.254848	0.253631	0.248153	0.215656	0.0277125	0.0997911
342	-4.10594	-4.11389	-4.15014	-4.38291	-5.13692	0.264601	0.262505	0.25316	0.200587	0.0191468	0.0875132
343	-3.49455	-3.50173	-3.53442	-3.74442	-4.4255	0.262285	0.26041	0.252035	0.204294	0.0209761	0.0902615
344	-37.9889	-33.581	-29.0939	-23.9332	-20.7025	1.28126e-07	1.05188e-05	0.00093472	0.162916	0.836139	0.879924
345	-18.2332	-18.2366	-18.2521	-18.352	-18.6771	0.250251	0.2494	0.245557	0.22222	0.0325717	0.106245
346	-4.46762	-4.47502	-4.50875	-4.72539	-5.4274	0.262963	0.261025	0.252367	0.203212	0.0204327	0.0894501
347	-3.24131	-3.24857	-3.28165	-3.49418	-4.18319	0.262543	0.260644	0.252161	0.203883	0.0207682	0.0899518
348	-19.3802	-17.9119	-16.4205	-14.7279	-13.7409	0.00536098	0.0232779	0.103431	0.562004	0.305926	0.461689
349	-19.7055	-19.7108	-19.7349	-19.8897	-20.3924	0.256439	0.255087	0.249012	0.213285	0.0261761	0.0976746
350	-3.49455	-3.50173	-3.53442	-3.74442	-4.4255	0.262285	0.26041	0.252035	0.204294	0.0209761	0.0902615
351	-3.49455	-3.50173	-3.53442	-3.74442	-4.4255	0.262285	0.26041	0.252035	0.204294	0.0209761	0.0902615
352	-3.84485	-3.85329	-3.89176	-4.13879	-4.93887	0.266026	0.26379	0.253835	0.198275	0.0180739	0.0858655
353	-3.5681	-3.57386	-3.60013	-3.76892	-4.3169	0.257949	0.256467	0.249817	0.211016	0.0247506	0.095693
354	-13.1277	-13.134	-13.1625	-13.3458	-13.9411	0.259501	0.257882	0.250628	0.208647	0.023342	0.0937019
355	-3.24131	-3.24857	-3.28165	-3.49418	-4.18319	0.262543	0.260644	0.252161	0.203883	0.0207682	0.0899518
356	-7.84851	-7.8552	-7.88566	-8.08141	-8.7169	0.260807	0.25907	0.251297	0.206621	0.0222044	0.092065
357	-9.3145	-9.32174	-9.35477	-9.56685	-10.2543	0.262498	0.260603	0.252138	0.203953	0.0208082	0.0900089
358	-3.75581	-3.76371	-3.7997	-4.03093	-4.78128	0.26445	0.26237	0.253095	0.200844	0.0192417	0.0876723
359	-4.38119	-4.38583	-4.40702	-4.54317	-4.98571	0.254377	0.253198	0.247891	0.216337	0.0281964	0.100441
360	-3.75581	-3.76371	-3.7997	-4.03093	-4.78128	0.26445	0.26237	0.253095	0.200844	0.0192417	0.0876723
361	-31.0862	-28.1504	-25.1719	-21.8142	-19.9256	3.95428e-05	0.00074483	0.0146416	0.420562	0.564012	0.677596
362	-4.28611	-4.29269	-4.32268	-4.51536	-5.14078	0.260486	0.258778	0.251133	0.20712	0.0224832	0.092467
363	-20.2547	-20.2593	-20.2804	-20.4162	-20.8554	0.25432	0.253143	0.247848	0.216393	0.0282957	0.100553
364	-4.06307	-4.07053	-4.10456	-4.32326	-5.034	0.263181	0.261224	0.252485	0.202888	0.0202227	0.0891607
365	-8.06632	-8.06973	-8.08529	-8.18522	-8.50903	0.25025	0.249397	0.245547	0.222195	0.0326107	0.106276
366	-3.75581	-3.76371	-3.7997	-4.03093	-4.78128	0.26445	0.26237	0.253095	0.200844	0.0192417	0.0876723
367	-3.92044	-3.92744	-3.95935	-4.16445	-4.83084	0.261781	0.259955	0.251791	0.205102	0.0213703	0.0908561
368	-3.75581	-3.76371	-3.7997	-4.03093	-4.78128	0.26445	0.26237	0.253095	0.200844	0.0192417	0.0876723
369	-20.5772	-19.1124	-17.6369	-16.0466	-15.39	0.00651975	0.0282106	0.123366	0.605161	0.236743	0.405035
370	-4.2242	-4.23267	-4.27127	-4.51887	-5.31735	0.266073	0.263829	0.253839	0.198166	0.0180929	0.0858558
371	-4.24905	-4.25582	-4.28667	-4.48492	-5.12833	0.261068	0.259307	0.251428	0.206213	0.0219856	0.0917454
372	-4.45801	-4.46128	-4.47621	-4.57222	-4.88517	0.249805	0.248989	0.2453	0.222844	0.0330628	0.106887
373	-4.2242	-4.23267	-4.27127	-4.51887	-5.31735	0.266073	0.263829	0.253839	0.198166	0.0180929	0.0858558
374	-3.75581	-3.76371	-3.7997	-4.03093	-4.78128	0.26445	0.26237	0.253095	0.200844	0.0192417	0.0876723
375	-14.3749	-12.9103	-11.4358	-9.85171	-9.21349	0.00659009	0.0285087	0.124546	0.607155	0.233201	0.402085
376	-3.61476	-3.62358	-3.66378	-3.922	-4.75874	0.267132	0.264786	0.254351	0.196467	0.0172644	0.0846061
377	-4.6038	-4.60886	-4.63194	-4.78032	-5.2633	0.255734	0.254443	0.248639	0.214353	0.0268303	0.0985909
381	-4.45001	-4.45758	-4.49206	-4.71367	-5.43341	0.263476	0.26149	0.252627	0.202412	0.0199946	0.0888145
382	-4.06358	-4.07108	-4.10523	-4.32478	-5.0383	0.263267	0.261302	0.252527	0.20275	0.0201529	0.0890568
383	-3.49528	-3.50248	-3.5353	-3.74612	-4.42986	0.262369	0.260487	0.252077	0.204161	0.0209066	0.0901591
384	-27.3603	-24.4161	-21.4003	-17.8292	-15.4435	2.24348e-05	0.000426135	0.0086958	0.309173	0.681682	0.765089
385	-7.78469	-7.78808	-7.80358	-7.90313	-8.22596	0.250207	0.249358	0.245523	0.222259	0.0326519	0.106333
386	-14.4152	-12.9497	-11.4715	-9.8635	-9.15087	0.00631611	0.027346	0.119916	0.598704	0.247718	0.414114
387	-4.12747	-4.1354	-4.17157	-4.40369	-5.15356	0.264528	0.262438	0.253115	0.200684	0.0192354	0.0876248
388	-10.7691	-10.7762	-10.8085	-11.0162	-11.6887	0.26204	0.260188	0.251908	0.204669	0.0211949	0.0905724
389	-14.1685	-12.7003	-11.2097	-9.52178	-8.55075	0.00541386	0.0235038	0.104358	0.564364	0.30236	0.458801
390	-3.24207	-3.24936	-3.28258	-3.49593	-4.18764	0.262628	0.260721	0.252204	0.203749	0.0206986	0.0898489
391	-22.5559	-19.6198	-16.6398	-13.2729	-11.3586	3.85502e-05	0.000726364	0.0142997	0.414522	0.570413	0.68236
392	-7.48406	-7.48944	-7.51395	-7.67132	-8.18104	0.256707	0.255331	0.24915	0.21287	0.0259418	0.0973381
393	-33.5574	-29.1486	-24.6571	-19.4678	-16.139	1.14031e-07	9.37055e-06	0.000836337	0.149994	0.849161	0.889472
394	-24.312	-21.3754	-18.3932	-15.0116	-13.0491	3.68541e-05	0.000694754	0.0137086	0.403261	0.582299	0.691195
395	-3.49528	-3.50248	-3.5353	-3.74612	-4.42986	0.262369	0.260487	0.252077	0.204161	0.0209066	0.0901591
396	-13.8785	-13.8835	-13.9062	-14.052	-14.5239	0.255439	0.254169	0.248462	0.214751	0.0271788	0.0990351
397	-14.3762	-12.9093	-11.4242	-9.77214	-8.91737	0.00581337	0.0252073	0.111299	0.58071	0.27697	0.438127
398	-3.53982	-3.54785	-3.58448	-3.81974	-4.583	0.264855	0.262736	0.253288	0.200188	0.0189328	0.0872006
399	-46.7764	-43.8378	-40.8464	-37.4062	-35.2538	3.06605e-05	0.000579155	0.0115325	0.359752	0.628106	0.725221
400	-3.8459	-3.85437	-3.89299	-4.14098	-4.9442	0.266121	0.263876	0.25388	0.19812	0.0180031	0.0857561
401	-28.6959	-25.7587	-22.7736	-19.3736	-17.3513	3.48153e-05	0.000656732	0.0129956	0.389404	0.596908	0.702052
402	-9.34461	-9.35183	-9.38474	-9.59609	-10.2806	0.26242	0.260532	0.252097	0.204071	0.0208806	0.0901103
403	-4.74933	-4.75374	-4.77382	-4.90298	-5.32372	0.253599	0.252485	0.247465	0.217481	0.02897	0.101494
404	-7.44376	-7.45201	-7.48959	-7.73071	-8.5091	0.265431	0.263251	0.253541	0.199219	0.0185581	0.0865832
405	-4.45064	-4.45791	-4.49106	-4.70392	-5.39338	0.262576	0.260673	0.252174	0.203824	0.020753	0.0899217
406	-4.10713	-4.11511	-4.1515	-4.38517	-5.14214	0.264692	0.262587	0.253204	0.200441	0.0190763	0.0874062
407	-5.1234	-5.128	-5.14899	-5.28395	-5.72348	0.254249	0.253082	0.247825	0.216536	0.0283074	0.100601
408	-4.22601	-4.23451	-4.27327	-4.52183	-5.32346	0.266169	0.263915	0.253884	0.19801	0.0180217	0.0857458
409	-4.10713	-4.11511	-4.1515	-4.38517	-5.14214	0.264692	0.262587	0.253204	0.200441	0.0190763	0.0874062
410	-4.11845	-4.12639	-4.16258	-4.39521	-5.1516	0.264594	0.262502	0.253172	0.200626	0.0191048	0.0874821
411	-24.5622	-23.0969	-21.6194	-20.0163	-19.3171	0.00636898	0.0275701	0.120803	0.600211	0.245047	0.411889
412	-4.22601	-4.23451	-4.27327	-4.52183	-5.32346	0.266169	0.263915	0.253884	0.19801	0.0180217	0.0857458
413	-4.70371	-4.70887	-4.73242	-4.88381	-5.37601	0.256062	0.254742	0.248813	0.213859	0.0265231	0.0981627
414	-11.0795	-11.0839	-11.1038	-11.2321	-11.647	0.253482	0.252374	0.247382	0.217606	0.0291555	0.101708
415	-3.68242	-3.68726	-3.70933	-3.85121	-4.31285	0.255017	0.253785	0.248246	0.215408	0.027544	0.0995622
416	-3.93233	-3.93712	-3.95898	-4.09944	-4.55572	0.254855	0.253636	0.248153	0.215635	0.0277212	0.0997942
417	-4.11845	-4.12639	-4.16258	-4.39521	-5.1516	0.264594	0.262502	0.253172	0.200626	0.0191048	0.0874821
418	-4.11845	-4.12639	-4.16258	-4.39521	-5.1516	0.264594	0.262502	0.253172	0.200626	0.0191048	0.0874821
419	-3.8459	-3.85437	-3.89299	-4.14098	-4.9442	0.266121	0.263876	0.25388	0.19812	0.0180031	0.0857561
420	-3.93233	-3.93712	-3.95898	-4.09944	-4.55572	0.254855	0.253636	0.248153	0.215635	0.0277212	0.0997942
421	-3.53982	-3.54785	-3.58448	-3.81974	-4.583	0.264855	0.262736	0.253288	0.200188	0.0189328	0.0872006
422	-14.6384	-14.6444	-14.6714	-14.8453	-15.4078	0.258482	0.256951	0.250087	0.210183	0.0242977	0.0950343
423	-15.6386	-14.1737	-12.6979	-11.1051	-10.4338	0.00648141	0.0280463	0.122683	0.603271	0.239518	0.407271
424	-4.45001	-4.45758	-4.49206	-4.71367	-5.43341	0.263476	0.26149	0.252627	0.202412	0.0199946	0.0888145
425	-3.7565	-3.76442	-3.80055	-4.03269	-4.78597	0.26454	0.262452	0.253138	0.200698	0.0191713	0.0875658
426	-8.29538	-8.29999	-8.32098	-8.45589	-8.89414	0.254238	0.25307	0.247812	0.216537	0.0283438	0.100637
427	-13.6253	-13.6323	-13.6645	-13.8713	-14.5413	0.261948	0.260105	0.251864	0.204819	0.0212632	0.0906782
428	-4.14174	-4.14783	-4.17557	-4.35362	-4.92929	0.258931	0.25736	0.250318	0.20949	0.0239007	0.0944668
429	-3.49528	-3.50248	-3.5353	-3.74612	-4.42986	0.262369	0.260487	0.252077	0.204161	0.0209066	0.0901591
430	-3.53982	-3.54785	-3.58448	-3.81974	-4.583	0.264855	0.262736	0.253288	0.200188	0.0189328	0.0872006
431	-5.0086	-5.01155	-5.02499	-5.11142	-5.39291	0.248679	0.247947	0.244637	0.224381	0.0343551	0.108549
432	-3.8459	-3.85437	-3.89299	-4.14098	-4.9442	0.266121	0.263876	0.25388	0.19812	0.0180031	0.0857561
433	-5.329	-5.33335	-5.35321	-5.48088	-5.89604	0.253428	0.252326	0.247365	0.217717	0.0291638	0.101745
434	-3.56866	-3.57445	-3.60082	-3.77027	-4.32039	0.25802	0.256531	0.249855	0.21091	0.0246851	0.0956013
435	-4.06358	-4.07108	-4.10523	-4.32478	-5.0383	0.263267	0.261302	0.252527	0.20275	0.0201529	0.0890568
436	-17.3697	-17.3766	-17.4085	-17.6126	-18.2728	0.261673	0.259854	0.251719	0.205237	0.0215172	0.0910347
437	-8.90987	-8.91509	-8.93887	-9.09176	-9.58886	0.256226	0.254893	0.248902	0.213615	0.0263632	0.0979429
438	-5.53978	-5.54334	-5.55957	-5.66398	-6.00429	0.250781	0.249889	0.245866	0.221489	0.0319751	0.105472
439	-4.12747	-4.1354	-4.17157	-4.40369	-5.15356	0.264528	0.262438	0.253115	0.200684	0.0192354	0.0876248
440	-9.91458	-9.91971	-9.9431	-10.0934	-10.5821	0.255945	0.254636	0.24875	0.214032	0.0266379	0.0983196
441	-3.53982	-3.54785	-3.58448	-3.81974	-4.583	0.264855	0.262736	0.253288	0.200188	0.0189328	0.0872006
442	-12.5269	-12.534	-12.5664	-12.7749	-13.4499	0.262119	0.260259	0.251947	0.204546	0.0211298	0.090477
443	-3.24207	-3.24936	-3.28258	-3.49593	-4.18764	0.262628	0.260721	0.252204	0.203749	0.0206986	0.0898489
444	-3.49528	-3.50248	-3.5353	-3.74612	-4.42986	0.262369	0.260487	0.252077	0.204161	0.0209066	0.0901591
445	-19.2856	-17.8208	-16.3458	-14.7583	-14.1111	0.00655327	0.0283529	0.123934	0.606222	0.234938	0.403543
446	-15.0552	-15.0623	-15.0949	-15.3034	-15.9725	0.262109	0.260243	0.251907	0.204492	0.0212494	0.0905801
447	-10.1884	-10.1914	-10.2049	-10.2915	-10.5732	0.248698	0.247964	0.244646	0.224348	0.0343436	0.108529
448	-6.7429	-6.74999	-6.78234	-6.98995	-7.66143	0.262032	0.260179	0.251899	0.204673	0.0212175	0.0905956
449	-4.28689	-4.2935	-4.3236	-4.51703	-5.1449	0.260564	0.258849	0.251173	0.206999	0.0224151	0.0923687
450	-4.74788	-4.7525	-4.77358	-4.90906	-5.34966	0.254304	0.253131	0.247852	0.216447	0.0282656	0.100537
451	-4.06361	-4.06847	-4.0906	-4.23285	-4.69563	0.255058	0.253823	0.248268	0.215347	0.027505	0.0995083
452	-3.7565	-3.76442	-3.80055	-4.03269	-4.78597	0.26454	0.262452	0.253138	0.200698	0.0191713	0.0875658
453	-19.8622	-18.3987	-16.9297	-15.38	-14.8507	0.00699379	0.0302193	0.131309	0.618455	0.213023	0.385261
454	-11.6877	-11.6938	-11.7214	-11.8987	-12.4743	0.258861	0.257299	0.250295	0.209626	0.0239183	0.0945191
455	-7.91418	-7.91867	-7.93914	-8.07062	-8.49724	0.253852	0.252715	0.247595	0.21709	0.0287483	0.101176
456	-8.61821	-8.62416	-8.65131	-8.82565	-9.39059	0.258539	0.257004	0.250122	0.210105	0.0242291	0.0949472
457	-4.06358	-4.07108	-4.10523	-4.32478	-5.0383	0.263267	0.261302	0.252527	0.20275	0.0201529	0.0890568
458	-3.24207	-3.24936	-3.28258	-3.49593	-4.18764	0.262628	0.260721	0.252204	0.203749	0.0206986	0.0898489
459	-4.30058	-4.30537	-4.3272	-4.46756	-4.92426	0.254848	0.253631	0.248153	0.215656	0.0277125	0.0997911
460	-3.24207	-3.24936	-3.28258	-3.49593	-4.18764	0.262628	0.260721	0.252204	0.203749	0.0206986	0.0898489
461	-8.03065	-8.03794	-8.07117	-8.28464	-8.97706	0.262641	0.260734	0.252212	0.203731	0.0206822	0.0898283
462	-14.1288	-14.1369	-14.1735	-14.4088	-15.1689	0.264845	0.262724	0.253267	0.200173	0.0189907	0.0872535
463	-13.2638	-11.7991	-10.3246	-8.74056	-8.10461	0.00659366	0.0285243	0.124617	0.607472	0.232793	0.401766
464	-8.95236	-8.96	-8.99478	-9.21806	-9.93989	0.263636	0.261631	0.252686	0.202123	0.0199242	0.0886708
465	-4.74788	-4.7525	-4.77358	-4.90906	-5.34966	0.254304	0.253131	0.247852	0.216447	0.0282656	0.100537
466	-4.57797	-4.58405	-4.61174	-4.78971	-5.36739	0.25893	0.257362	0.250331	0.20952	0.0238559	0.0944307
467	-7.72339	-7.7268	-7.74233	-7.84208	-8.16545	0.25023	0.249379	0.245536	0.222225	0.0326294	0.106302
468	-11.3909	-11.397	-11.4249	-11.6037	-12.1843	0.259025	0.257448	0.250381	0.209376	0.0237703	0.0943095
469	-4.69472	-4.70074	-4.72818	-4.90457	-5.47825	0.258767	0.257215	0.250253	0.209784	0.0239818	0.0946219
470	-14.4763	-14.4834	-14.5155	-14.7214	-15.3881	0.261865	0.260028	0.251818	0.204942	0.0213474	0.0907923
471	-3.49528	-3.50248	-3.5353	-3.74612	-4.42986	0.262369	0.260487	0.252077	0.204161	0.0209066	0.0901591
472	-3.8459	-3.85437	-3.89299	-4.14098	-4.9442	0.266121	0.263876	0.25388	0.19812	0.0180031	0.0857561
473	-4.57797	-4.58405	-4.61174	-4.78971	-5.36739	0.25893	0.257362	0.250331	0.20952	0.0238559	0.0944307
474	-7.59222	-7.59814	-7.62514	-7.79848	-8.35947	0.25843	0.256904	0.25006	0.210263	0.0243435	0.0950998
475	-4.45896	-4.46224	-4.47723	-4.57361	-4.88779	0.249848	0.249029	0.245325	0.222784	0.0330137	0.106823
476	-4.8152	-4.81878	-4.83506	-4.93978	-5.28041	0.250812	0.249917	0.24588	0.221435	0.0319569	0.10544
477	-8.6231	-8.62706	-8.64511	-8.76115	-9.13823	0.252109	0.251113	0.24662	0.219601	0.030558	0.103596
478	-3.24207	-3.24936	-3.28258	-3.49593	-4.18764	0.262628	0.260721	0.252204	0.203749	0.0206986	0.0898489
479	-4.25004	-4.25683	-4.28781	-4.48682	-5.13276	0.261148	0.25938	0.251468	0.206087	0.021917	0.0916458
480	-9.17964	-9.18575	-9.21362	-9.39271	-9.97386	0.259048	0.257469	0.250393	0.209337	0.0237525	0.0942822
481	-9.0535	-9.06067	-9.09339	-9.30355	-9.98516	0.262301	0.260425	0.252043	0.204269	0.0209623	0.0902414
482	-10.5747	-10.5781	-10.5939	-10.6952	-11.0249	0.250418	0.249554	0.245653	0.221985	0.0323903	0.106006
483	-4.76708	-4.7704	-4.78549	-4.8826	-5.19901	0.249932	0.249106	0.245373	0.222666	0.0329224	0.106703
484	-3.56866	-3.57445	-3.60082	-3.77027	-4.32039	0.25802	0.256531	0.249855	0.21091	0.0246851	0.0956013
485	-4.55539	-4.55878	-4.57424	-4.67362	-4.99724	0.250196	0.249349	0.245525	0.222298	0.0326318	0.106324
486	-4.8152	-4.81878	-4.83506	-4.93978	-5.28041	0.250812	0.249917	0.24588	0.221435	0.0319569	0.10544
487	-11.4571	-11.4645	-11.4978	-11.7122	-12.4072	0.262728	0.260812	0.252254	0.203591	0.0206147	0.089726
488	-4.11845	-4.12639	-4.16258	-4.39521	-5.1516	0.264594	0.262502	0.253172	0.200626	0.0191048	0.0874821
489	-3.49528	-3.50248	-3.5353	-3.74612	-4.42986	0.262369	0.260487	0.252077	0.204161	0.0209066	0.0901591
490	-9.22499	-9.23008	-9.25328	-9.40233	-9.88577	0.2558	0.254501	0.248664	0.214232	0.0268029	0.0985329
491	-4.11845	-4.12639	-4.16258	-4.39521	-5.1516	0.264594	0.262502	0.253172	0.200626	0.0191048	0.0874821
492	-4.25004	-4.25683	-4.28781	-4.48682	-5.13276	0.261148	0.25938	0.251468	0.206087	0.021917	0.0916458
493	-3.24207	-3.24936	-3.28258	-3.49593	-4.18764	0.262628	0.260721	0.252204	0.203749	0.0206986	0.0898489
494	-4.14174	-4.14783	-4.17557	-4.35362	-4.92929	0.258931	0.25736	0.250318	0.20949	0.0239007	0.0944668
495	-3.49528	-3.50248	-3.5353	-3.74612	-4.42986	0.262369	0.260487	0.252077	0.204161	0.0209066	0.0901591
496	-3.49528	-3.50248	-3.5353	-3.74612	-4.42986	0.262369	0.260487	0.252077	0.204161	0.0209066	0.0901591
497	-3.49528	-3.50248	-3.5353	-3.74612	-4.42986	0.262369	0.260487	0.252077	0.204161	0.0209066	0.0901591
498	-9.32566	-9.32947	-9.34679	-9.45706	-9.80248	0.251376	0.250421	0.24612	0.220423	0.031659	0.104887
499	-3.93233	-3.93712	-3.95898	-4.09944	-4.55572	0.254855	0.253636	0.248153	0.215635	0.0277212	0.0997942
500	-5.329	-5.33335	-5.35321	-5.48088	-5.89604	0.253428	0.252326	0.247365	0.217717	0.0291638	0.101745
501	-3.8459	-3.85437	-3.89299	-4.14098	-4.9442	0.266121	0.263876	0.25388	0.19812	0.0180031	0.0857561
502	-3.68242	-3.68726	-3.70933	-3.85121	-4.31285	0.255017	0.253785	0.248246	0.215408	0.027544	0.0995622
503	-3.53982	-3.54785	-3.58448	-3.81974	-4.583	0.264855	0.262736	0.253288	0.200188	0.0189328	0.0872006
504	-10.1326	-10.1401	-10.1741	-10.3929	-11.1039	0.263191	0.261233	0.252489	0.202869	0.0202172	0.0891505
505	-5.28146	-5.28627	-5.3082	-5.44921	-5.90846	0.254922	0.253699	0.248197	0.215553	0.0276287	0.0996825
506	-3.24207	-3.24936	-3.28258	-3.49593	-4.18764	0.262628	0.260721	0.252204	0.203749	0.0206986	0.0898489
507	-13.5877	-13.5931	-13.6178	-13.776	-14.2905	0.256813	0.25543	0.249217	0.212737	0.0258034	0.0971682
508	-12.4791	-12.4825	-12.4979	-12.5968	-12.9185	0.250139	0.249296	0.24549	0.22237	0.0327047	0.106414
509	-7.97632	-7.98392	-8.01855	-8.24098	-8.9616	0.263554	0.261559	0.252655	0.20227	0.0199628	0.0887465
510	-4.60495	-4.61003	-4.6332	-4.78215	-5.26702	0.255798	0.254501	0.248673	0.214259	0.0267681	0.0985058
511	-15.5634	-14.0967	-12.6131	-10.9706	-10.1474	0.00592243	0.0256719	0.113182	0.584916	0.270308	0.432683
512	-19.163	-17.6982	-16.2227	-14.6323	-13.9771	0.00652146	0.0282181	0.123402	0.605365	0.236493	0.404842
513	-4.06358	-4.07108	-4.10523	-4.32478	-5.0383	0.263267	0.261302	0.252527	0.20275	0.0201529	0.0890568
514	-3.92101	-3.92804	-3.96008	-4.16596	-4.83497	0.261864	0.26003	0.251832	0.204972	0.0213013	0.090755
515	-4.11845	-4.12639	-4.16258	-4.39521	-5.1516	0.264594	0.262502	0.253172	0.200626	0.0191048	0.0874821
516	-10.4201	-10.4275	-10.4612	-10.6776	-11.3787	0.262936	0.261	0.252353	0.203256	0.0204551	0.0894833
517	-3.93233	-3.93712	-3.95898	-4.09944	-4.55572	0.254855	0.253636	0.248153	0.215635	0.0277212	0.0997942
518	-8.63086	-8.63414	-8.64912	-8.74531	-9.05726	0.249817	0.248997	0.245297	0.2228	0.0330895	0.106902
519	-19.6352	-19.6402	-19.663	-19.8098	-20.2859	0.255547	0.25427	0.248528	0.214608	0.0270459	0.098868
520	-10.9175	-10.9232	-10.9492	-11.1164	-11.6601	0.257783	0.256316	0.249734	0.211279	0.0248879	0.0958951
521	-4.43056	-4.43906	-4.4778	-4.72632	-5.52824	0.266166	0.263913	0.253885	0.198019	0.0180174	0.085744
522	-4.25004	-4.25683	-4.28781	-4.48682	-5.13276	0.261148	0.25938	0.251468	0.206087	0.021917	0.0916458
523	-22.127	-20.66	-19.1749	-17.5225	-16.6666	0.00580956	0.0251911	0.111233	0.580555	0.277211	0.438324
524	-15.0987	-13.6349	-12.1642	-10.6042	-10.0459	0.00687726	0.0297266	0.129382	0.615693	0.218321	0.389726
525	-4.00571	-4.01307	-4.04663	-4.26218	-4.96121	0.262855	0.260927	0.252316	0.203391	0.0205117	0.0895735
526	-4.11845	-4.12639	-4.16258	-4.39521	-5.1516	0.264594	0.262502	0.253172	0.200626	0.0191048	0.0874821
527	-8.18984	-8.19645	-8.22659	-8.41988	-9.04287	0.260533	0.258816	0.251132	0.206995	0.0225243	0.0924748
528	-4.12747	-4.1354	-4.17157	-4.40369	-5.15356	0.264528	0.262438	0.253115	0.200684	0.0192354	0.0876248
529	-3.56866	-3.57445	-3.60082	-3.77027	-4.32039	0.25802	0.256531	0.249855	0.21091	0.0246851	0.0956013
530	-5.28146	-5.28627	-5.3082	-5.44921	-5.90846	0.254922	0.253699	0.248197	0.215553	0.0276287	0.0996825
531	-4.28689	-4.2935	-4.3236	-4.51703	-5.1449	0.260564	0.258849	0.251173	0.206999	0.0224151	0.0923687
532	-9.08248	-9.08963	-9.12221	-9.33151	-10.0105	0.262212	0.260345	0.252	0.204411	0.0210317	0.0903461
533	-9.34392	-9.35186	-9.38808	-9.62053	-10.3715	0.264562	0.262467	0.253131	0.200631	0.0192098	0.087586
534	-9.3123	-9.31967	-9.35324	-9.56886	-10.2676	0.26286	0.260931	0.252316	0.203377	0.0205164	0.0895747
535	-4.45896	-4.46224	-4.47723	-4.57361	-4.88779	0.249848	0.249029	0.245325	0.222784	0.0330137	0.106823
536	-3.53982	-3.54785	-3.58448	-3.81974	-4.583	0.264855	0.262736	0.253288	0.200188	0.0189328	0.0872006
537	-4.25004	-4.25683	-4.28781	-4.48682	-5.13276	0.261148	0.25938	0.251468	0.206087	0.021917	0.0916458
538	-3.7565	-3.76442	-3.80055	-4.03269	-4.78597	0.26454	0.262452	0.253138	0.200698	0.0191713	0.0875658
539	-4.469	-4.47642	-4.51029	-4.72776	-5.43252	0.26305	0.261103	0.252409	0.203075	0.0203628	0.0893463
540	-4.57797	-4.58405	-4.61174	-4.78971	-5.36739	0.25893	0.257362	0.250331	0.20952	0.0238559	0.0944307
541	-4.12747	-4.1354	-4.17157	-4.40369	-5.15356	0.264528	0.262438	0.253115	0.200684	0.0192354	0.0876248
542	-3.7565	-3.76442	-3.80055	-4.03269	-4.78597	0.26454	0.262452	0.253138	0.200698	0.0191713	0.0875658
543	-4.76708	-4.7704	-4.78549	-4.8826	-5.19901	0.249932	0.249106	0.245373	0.222666	0.0329224	0.106703
544	-9.83609	-9.84135	-9.86536	-10.0197	-10.5218	0.256387	0.25504	0.24899	0.213379	0.0262033	0.0977255
545	-4.8815	-4.88622	-4.90774	-5.0461	-5.49687	0.254629	0.25343	0.248036	0.215985	0.0279198	0.100079
546	-4.45064	-4.45791	-4.49106	-4.70392	-5.39338	0.262576	0.260673	0.252174	0.203824	0.020753	0.0899217
547	-5.11048	-5.11333	-5.12634	-5.21003	-5.48301	0.248358	0.247651	0.24445	0.224824	0.0347171	0.109018
548	-3.8459	-3.85437	-3.89299	-4.14098	-4.9442	0.266121	0.263876	0.25388	0.19812	0.0180031	0.0857561
549	-5.0086	-5.01155	-5.02499	-5.11142	-5.39291	0.248679	0.247947	0.244637	0.224381	0.0343551	0.108549
550	-3.53982	-3.54785	-3.58448	-3.81974	-4.583	0.264855	0.262736	0.253288	0.200188	0.0189328	0.0872006
551	-20.9813	-20.9877	-21.0172	-21.2061	-21.8184	0.260089	0.258416	0.250924	0.207723	0.0228476	0.0929793
552	-4.25004	-4.25683	-4.28781	-4.48682	-5.13276	0.261148	0.25938	0.251468	0.206087	0.021917	0.0916458
553	-3.53982	-3.54785	-3.58448	-3.81974	-4.583	0.264855	0.262736	0.253288	0.200188	0.0189328	0.0872006
554	-9.71271	-9.71731	-9.73828	-9.87307	-10.3106	0.254222	0.253055	0.247802	0.216555	0.028366	0.100663
555	-3.24207	-3.24936	-3.28258	-3.49593	-4.18764	0.262628	0.260721	0.252204	0.203749	0.0206986	0.0898489
556	-5.34064	-5.34567	-5.36857	-5.51571	-5.99302	0.25559	0.254309	0.248551	0.214543	0.0270069	0.0988129
557	-4.06358	-4.07108	-4.10523	-4.32478	-5.0383	0.263267	0.261302	0.252527	0.20275	0.0201529	0.0890568
558	-3.7565	-3.76442	-3.80055	-4.03269	-4.78597	0.26454	0.262452	0.253138	0.200698	0.0191713	0.0875658
559	-4.06358	-4.07108	-4.10523	-4.32478	-5.0383	0.263267	0.261302	0.252527	0.20275	0.0201529	0.0890568
560	-4.55539	-4.55878	-4.57424	-4.67362	-4.99724	0.250196	0.249349	0.245525	0.222298	0.0326318	0.106324
561	-3.24207	-3.24936	-3.28258	-3.49593	-4.18764	0.262628	0.260721	0.252204	0.203749	0.0206986	0.0898489
562	-4.74788	-4.7525	-4.77358	-4.90906	-5.34966	0.254304	0.253131	0.247852	0.216447	0.0282656	0.100537
563	-9.6427	-9.65099	-9.68877	-9.93139	-10.717	0.265586	0.263394	0.253627	0.198989	0.0184033	0.0863724
564	-3.49528	-3.50248	-3.5353	-3.74612	-4.42986	0.262369	0.260487	0.252077	0.204161	0.0209066	0.0901591
565	-4.45001	-4.45758	-4.49206	-4.71367	-5.43341	0.263476	0.26149	0.252627	0.202412	0.0199946	0.0888145
566	-4.06358	-4.07108	-4.10523	-4.32478	-5.0383	0.263267	0.261302	0.252527	0.20275	0.0201529	0.0890568
567	-11.5276	-11.5328	-11.5566	-11.7092	-12.2046	0.256194	0.254863	0.24888	0.21365	0.0264125	0.0980004
568	-8.63401	-8.64127	-8.67435	-8.88684	-9.57544	0.262538	0.26064	0.252158	0.203887	0.0207772	0.0899616
569	-4.33164	-4.33956	-4.37567	-4.60739	-5.35634	0.26449	0.262403	0.253098	0.200749	0.0192595	0.0876654
570	-3.49528	-3.50248	-3.5353	-3.74612	-4.42986	0.262369	0.260487	0.252077	0.204161	0.0209066	0.0901591
571	-16.8674	-15.3998	-13.9121	-12.2429	-11.3309	0.00561844	0.0243762	0.107915	0.5728	0.28929	0.448163
572	-16.242	-14.7753	-13.2915	-11.6477	-10.8204	0.00590793	0.0256101	0.112932	0.584368	0.271182	0.433398
573	-4.76708	-4.7704	-4.78549	-4.8826	-5.19901	0.249932	0.249106	0.245373	0.222666	0.0329224	0.106703
574	-4.12747	-4.1354	-4.17157	-4.40369	-5.15356	0.264528	0.262438	0.253115	0.200684	0.0192354	0.0876248
575	-4.28689	-4.2935	-4.3236	-4.51703	-5.1449	0.260564	0.258849	0.251173	0.206999	0.0224151	0.0923687
576	-3.49528	-3.50248	-3.5353	-3.74612	-4.42986	0.262369	0.260487	0.252077	0.204161	0.0209066	0.0901591
577	-4.11845	-4.12639	-4.16258	-4.39521	-5.1516	0.264594	0.262502	0.253172	0.200626	0.0191048	0.0874821
578	-3.61531	-3.62417	-3.66453	-3.92375	-4.76378	0.26723	0.264875	0.254396	0.196305	0.0171937	0.0844949
579	-3.24207	-3.24936	-3.28258	-3.49593	-4.18764	0.262628	0.260721	0.252204	0.203749	0.0206986	0.0898489
580	-9.64415	-9.65084	-9.68132	-9.87718	-10.5132	0.26082	0.259082	0.251304	0.206604	0.0221903	0.0920467
581	-3.93233	-3.93712	-3.95898	-4.09944	-4.55572	0.254855	0.253636	0.248153	0.215635	0.0277212	0.0997942
582	-3.49528	-3.50248	-3.5353	-3.74612	-4.42986	0.262369	0.260487	0.252077	0.204161	0.0209066	0.0901591
583	-15.5683	-15.5718	-15.5881	-15.6923	-16.0299	0.250745	0.249854	0.245832	0.221506	0.0320633	0.105562
584	-4.69472	-4.70074	-4.72818	-4.90457	-5.47825	0.258767	0.257215	0.250253	0.209784	0.0239818	0.0946219
585	-3.49528	-3.50248	-3.5353	-3.74612	-4.42986	0.262369	0.260487	0.252077	0.204161	0.0209066	0.0901591
586	-3.92101	-3.92804	-3.96008	-4.16596	-4.83497	0.261864	0.26003	0.251832	0.204972	0.0213013	0.090755
587	-4.8152	-4.81878	-4.83506	-4.93978	-5.28041	0.250812	0.249917	0.24588	0.221435	0.0319569	0.10544
588	-4.70371	-4.70887	-4.73242	-4.88381	-5.37601	0.256062	0.254742	0.248813	0.213859	0.0265231	0.0981627
589	-4.11845	-4.12639	-4.16258	-4.39521	-5.1516	0.264594	0.262502	0.253172	0.200626	0.0191048	0.0874821
590	-3.49528	-3.50248	-3.5353	-3.74612	-4.42986	0.262369	0.260487	0.252077	0.204161	0.0209066	0.0901591
591	-5.329	-5.33335	-5.35321	-5.48088	-5.89604	0.253428	0.252326	0.247365	0.217717	0.0291638	0.101745
592	-4.25004	-4.25683	-4.28781	-4.48682	-5.13276	0.261148	0.25938	0.251468	0.206087	0.021917	0.0916458
593	-18.0512	-18.0588	-18.0936	-18.3169	-19.0385	0.263638	0.261633	0.252686	0.202115	0.0199274	0.088672
594	-5.11048	-5.11333	-5.12634	-5.21003	-5.48301	0.248358	0.247651	0.24445	0.224824	0.0347171	0.109018
595	-17.7184	-16.2506	-14.7616	-13.0846	-12.1489	0.00553409	0.0240168	0.106456	0.569493	0.2945	0.452416
596	-4.14174	-4.14783	-4.17557	-4.35362	-4.92929	0.258931	0.25736	0.250318	0.20949	0.0239007	0.0944668
597	-3.7565	-3.76442	-3.80055	-4.03269	-4.78597	0.26454	0.262452	0.253138	0.200698	0.0191713	0.0875658
598	-9.48409	-9.49015	-9.51779	-9.69513	-10.2685	0.258855	0.257291	0.250279	0.209606	0.0239691	0.0945637
599	-4.55072	-4.55801	-4.59125	-4.80468	-5.49547	0.262632	0.260724	0.252199	0.203729	0.0207157	0.0898607
600	-7.79189	-7.79657	-7.8179	-7.95483	-8.39835	0.254457	0.253269	0.247926	0.216198	0.0281505	0.10036
601	-4.06358	-4.07108	-4.10523	-4.32478	-5.0383	0.263267	0.261302	0.252527	0.20275	0.0201529	0.0890568
602	-3.7565	-3.76442	-3.80055	-4.03269	-4.78597	0.26454	0.262452	0.253138	0.200698	0.0191713	0.0875658
603	-4.25004	-4.25683	-4.28781	-4.48682	-5.13276	0.261148	0.25938	0.251468	0.206087	0.021917	0.0916458
604	-3.8459	-3.85437	-3.89299	-4.14098	-4.9442	0.266121	0.263876	0.25388	0.19812	0.0180031	0.0857561
605	-3.24207	-3.24936	-3.28258	-3.49593	-4.18764	0.262628	0.260721	0.252204	0.203749	0.0206986	0.0898489
606	-8.81896	-8.82342	-8.84375	-8.97442	-9.39913	0.253764	0.252635	0.247551	0.217229	0.0288219	0.101284
607	-4.14174	-4.14783	-4.17557	-4.35362	-4.92929	0.258931	0.25736	0.250318	0.20949	0.0239007	0.0944668
608	-4.06361	-4.06847	-4.0906	-4.23285	-4.69563	0.255058	0.253823	0.248268	0.215347	0.027505	0.0995083
609	-8.60608	-8.61184	-8.6381	-8.80677	-9.3538	0.257934	0.256452	0.249806	0.211032	0.0247761	0.0957221
610	-19.1227	-17.6475	-16.1254	-14.2544	-12.8366	0.00378115	0.0165312	0.0757441	0.491935	0.412009	0.547651
611	-3.49528	-3.50248	-3.5353	-3.74612	-4.42986	0.262369	0.260487	0.252077	0.204161	0.0209066	0.0901591
612	-4.57797	-4.58405	-4.61174	-4.78971	-5.36739	0.25893	0.257362	0.250331	0.20952	0.0238559	0.0944307
613	-17.548	-16.0833	-14.6085	-13.0225	-12.38	0.00657077	0.0284271	0.124228	0.606731	0.234043	0.402798
614	-14.4305	-12.9651	-11.4877	-9.88582	-9.2053	0.0064046	0.0277247	0.121484	0.60284	0.241547	0.409127
615	-3.7565	-3.76442	-3.80055	-4.03269	-4.78597	0.26454	0.262452	0.253138	0.200698	0.0191713	0.0875658
616	-4.74933	-4.75374	-4.77382	-4.90298	-5.32372	0.253599	0.252485	0.247465	0.217481	0.02897	0.101494
617	-26.9774	-24.0405	-21.0572	-17.6683	-15.6814	3.60215e-05	0.000679224	0.0134173	0.397588	0.588279	0.695639
618	-3.49528	-3.50248	-3.5353	-3.74612	-4.42986	0.262369	0.260487	0.252077	0.204161	0.0209066	0.0901591
619	-14.4748	-13.01	-11.5349	-9.94668	-9.29717	0.00654479	0.0283169	0.123791	0.605962	0.235386	0.403914
620	-4.43056	-4.43906	-4.4778	-4.72632	-5.52824	0.266166	0.263913	0.253885	0.198019	0.0180174	0.085744
621	-4.69472	-4.70074	-4.72818	-4.90457	-5.47825	0.258767	0.257215	0.250253	0.209784	0.0239818	0.0946219
622	-4.55072	-4.55801	-4.59125	-4.80468	-5.49547	0.262632	0.260724	0.252199	0.203729	0.0207157	0.0898607
623	-16.5658	-15.1008	-13.6245	-12.0289	-11.3566	0.00646042	0.027959	0.122367	0.603404	0.23981	0.407583
624	-3.53982	-3.54785	-3.58448	-3.81974	-4.583	0.264855	0.262736	0.253288	0.200188	0.0189328	0.0872006
625	-28.0874	-25.1506	-22.1673	-18.7791	-16.7945	3.6098e-05	0.000680653	0.0134441	0.398119	0.58772	0.695224
626	-15.9122	-14.4476	-12.9733	-11.3903	-10.7567	0.0066045	0.0285701	0.124795	0.607707	0.232323	0.401367
627	-5.08147	-5.08548	-5.10379	-5.22152	-5.6047	0.252305	0.251294	0.246735	0.219332	0.0303348	0.103308
628	-7.78469	-7.78808	-7.80358	-7.90313	-8.22596	0.250207	0.249358	0.245523	0.222259	0.0326519	0.106333
629	-3.53982	-3.54785	-3.58448	-3.81974	-4.583	0.264855	0.262736	0.253288	0.200188	0.0189328	0.0872006
630	-3.53982	-3.54785	-3.58448	-3.81974	-4.583	0.264855	0.262736	0.253288	0.200188	0.0189328	0.0872006
631	-11.1616	-11.1665	-11.1889	-11.3325	-11.7961	0.25519	0.253939	0.248318	0.2151	0.0274528	0.0993934
632	-7.44376	-7.45201	-7.48959	-7.73071	-8.5091	0.265431	0.263251	0.253541	0.199219	0.0185581	0.0865832
633	-4.33164	-4.33956	-4.37567	-4.60739	-5.35634	0.26449	0.262403	0.253098	0.200749	0.0192595	0.0876654
634	-4.33164	-4.33956	-4.37567	-4.60739	-5.35634	0.26449	0.262403	0.253098	0.200749	0.0192595	0.0876654
635	-8.30703	-8.31484	-8.35045	-8.57915	-9.3203	0.264191	0.262135	0.252965	0.20125	0.0194586	0.0879896
636	-4.11845	-4.12639	-4.16258	-4.39521	-5.1516	0.264594	0.262502	0.253172	0.200626	0.0191048	0.0874821
637	-3.56866	-3.57445	-3.60082	-3.77027	-4.32039	0.25802	0.256531	0.249855	0.21091	0.0246851	0.0956013
638	-4.25004	-4.25683	-4.28781	-4.48682	-5.13276	0.261148	0.25938	0.251468	0.206087	0.021917	0.0916458
639	-8.62632	-8.63364	-8.66704	-8.88155	-9.57661	0.262746	0.260828	0.25226	0.203557	0.0206101	0.0897128
640	-4.55072	-4.55801	-4.59125	-4.80468	-5.49547	0.262632	0.260724	0.252199	0.203729	0.0207157	0.0898607
641	-4.00571	-4.01307	-4.04663	-4.26218	-4.96121	0.262855	0.260927	0.252316	0.203391	0.0205117	0.0895735
642	-4.28689	-4.2935	-4.3236	-4.51703	-5.1449	0.260564	0.258849	0.251173	0.206999	0.0224151	0.0923687
643	-17.6603	-17.6656	-17.6895	-17.8435	-18.3445	0.256349	0.255005	0.24897	0.213436	0.0262403	0.0977764
644	-4.45064	-4.45791	-4.49106	-4.70392	-5.39338	0.262576	0.260673	0.252174	0.203824	0.020753	0.0899217
645	-4.06361	-4.06847	-4.0906	-4.23285	-4.69563	0.255058	0.253823	0.248268	0.215347	0.027505	0.0995083
646	-8.47668	-8.48393	-8.51699	-8.72933	-9.41741	0.262523	0.260626	0.25215	0.203911	0.0207906	0.0899808
647	-3.24207	-3.24936	-3.28258	-3.49593	-4.18764	0.262628	0.260721	0.252204	0.203749	0.0206986	0.0898489
683	-4.77297	-4.77958	-4.8097	-5.00326	-5.63179	0.260579	0.258863	0.251181	0.206979	0.0223982	0.092347
684	-4.14086	-4.14693	-4.1746	-4.35221	-4.92641	0.258883	0.257316	0.250293	0.209563	0.023944	0.094528
685	-13.849	-12.3855	-10.9162	-9.36526	-8.83217	0.00697882	0.030156	0.131061	0.618093	0.213712	0.385841
686	-10.9261	-10.9337	-10.9686	-11.1925	-11.9157	0.263699	0.261688	0.252713	0.202014	0.0198866	0.0886059
687	-4.92405	-4.92976	-4.95581	-5.12322	-5.66757	0.257804	0.256335	0.249746	0.211247	0.0248678	0.0958674
688	-4.00493	-4.01227	-4.04574	-4.26076	-4.95802	0.262799	0.260877	0.252289	0.203479	0.0205569	0.0896404
689	-3.53936	-3.54737	-3.5839	-3.81858	-4.5799	0.264796	0.262682	0.25326	0.200284	0.0189784	0.08727
690	-9.15597	-9.16333	-9.19687	-9.4123	-10.1104	0.26284	0.260913	0.252306	0.203408	0.0205331	0.0895988
691	-4.22484	-4.23332	-4.27197	-4.51991	-5.3195	0.266107	0.26386	0.253855	0.198111	0.0180677	0.085817
692	-4.3305	-4.33841	-4.37442	-4.60556	-5.3526	0.264431	0.26235	0.25307	0.200844	0.0193053	0.0877345
693	-3.53936	-3.54737	-3.5839	-3.81858	-4.5799	0.264796	0.262682	0.25326	0.200284	0.0189784	0.08727
694	-4.3305	-4.33841	-4.37442	-4.60556	-5.3526	0.264431	0.26235	0.25307	0.200844	0.0193053	0.0877345
695	-4.29982	-4.3046	-4.32638	-4.46639	-4.92193	0.254809	0.253595	0.248132	0.215713	0.0277517	0.0998443
696	-4.12628	-4.13419	-4.17027	-4.4018	-5.14977	0.26447	0.262384	0.253086	0.200779	0.0192811	0.087694
697	-3.68203	-3.68686	-3.70887	-3.8504	-4.31088	0.254977	0.253749	0.248224	0.215466	0.0275834	0.0996158
698	-23.1896	-21.7256	-20.2544	-18.6913	-18.121	0.00683727	0.0295568	0.128704	0.614412	0.22049	0.391519
699	-5.14286	-5.14788	-5.17073	-5.31754	-5.79362	0.255553	0.254275	0.24853	0.214595	0.0270467	0.0988655
700	-4.14086	-4.14693	-4.1746	-4.35221	-4.92641	0.258883	0.257316	0.250293	0.209563	0.023944	0.094528
701	-5.33907	-5.34408	-5.36692	-5.51369	-5.9898	0.25555	0.254272	0.248529	0.214603	0.0270471	0.0988677
702	-4.88095	-4.88565	-4.90711	-5.04513	-5.49476	0.25459	0.253395	0.248015	0.216042	0.0279588	0.100132
703	-4.45834	-4.46162	-4.47657	-4.57271	-4.88609	0.24982	0.249003	0.245309	0.222823	0.0330455	0.106864
704	-19.5234	-18.0566	-16.5724	-14.9254	-14.0858	0.00586859	0.0254423	0.112246	0.5827	0.273743	0.435479
705	-4.45834	-4.46162	-4.47657	-4.57271	-4.88609	0.24982	0.249003	0.245309	0.222823	0.0330455	0.106864
706	-4.06282	-4.06766	-4.08973	-4.23163	-4.69325	0.255018	0.253786	0.248246	0.215405	0.0275445	0.0995619
707	-9.53644	-9.5437	-9.57676	-9.78907	-10.4767	0.262519	0.260622	0.252146	0.203914	0.0207995	0.0899904
708	-4.76612	-4.76943	-4.78449	-4.88135	-5.19697	0.249904	0.24908	0.245357	0.222705	0.0329544	0.106745
709	-6.7424	-6.74948	-6.78174	-6.98882	-7.65855	0.261977	0.260129	0.251871	0.20476	0.0212637	0.0906633
710	-4.46811	-4.47552	-4.50929	-4.72622	-5.4292	0.262994	0.261052	0.252382	0.203164	0.0204081	0.0894135
711	-5.14286	-5.14788	-5.17073	-5.31754	-5.79362	0.255553	0.254275	0.24853	0.214595	0.0270467	0.0988655
712	-8.73216	-8.73816	-8.76549	-8.9412	-9.51242	0.258693	0.257147	0.250213	0.209894	0.0240534	0.0947204
713	-11.059	-11.0657	-11.0964	-11.2934	-11.9326	0.260935	0.259186	0.251361	0.206419	0.0220985	0.0919091
714	-9.61543	-9.62148	-9.64906	-9.82604	-10.3982	0.258817	0.257256	0.250259	0.209665	0.0240041	0.094613
715	-10.6953	-10.6987	-10.7144	-10.8151	-11.1427	0.250346	0.249488	0.245611	0.222084	0.0324705	0.10611
716	-4.06325	-4.07072	-4.1048	-4.32379	-5.03551	0.263211	0.261251	0.2525	0.202839	0.0201981	0.0891241
717	-11.0396	-11.0446	-11.0676	-11.2155	-11.6957	0.255672	0.254385	0.248599	0.21443	0.0269136	0.0986923
718	-3.24158	-3.24885	-3.28198	-3.49479	-4.18476	0.262573	0.260671	0.252176	0.203836	0.0207437	0.0899155
719	-15.007	-13.5422	-12.0674	-10.4813	-9.83796	0.00656837	0.0284169	0.124186	0.606635	0.234194	0.402921
720	-4.74685	-4.75147	-4.77249	-4.90764	-5.34712	0.254266	0.253096	0.247831	0.216502	0.0283042	0.100589
721	-8.16933	-8.174	-8.19527	-8.33209	-8.77747	0.254455	0.25327	0.247938	0.216234	0.0281031	0.100323
722	-11.7967	-11.7998	-11.814	-11.9053	-12.2029	0.249256	0.248481	0.244977	0.223595	0.0336901	0.107695
723	-9.91426	-9.91889	-9.94	-10.0757	-10.5166	0.254322	0.253147	0.24786	0.216418	0.028253	0.100517
724	-30.0979	-30.104	-30.1322	-30.3127	-30.896	0.25919	0.257596	0.250452	0.209089	0.0236729	0.0941401
725	-3.5683	-3.57407	-3.60037	-3.7694	-4.31813	0.257974	0.25649	0.24983	0.210979	0.0247275	0.0956607
726	-5.08057	-5.08458	-5.10284	-5.22027	-5.60249	0.252271	0.251263	0.246715	0.21938	0.0303707	0.103356
727	-12.5784	-12.5816	-12.5961	-12.6893	-12.993	0.249484	0.248692	0.24511	0.223278	0.0334363	0.107365
728	-10.2044	-10.209	-10.2302	-10.366	-10.8075	0.254341	0.253165	0.247871	0.21639	0.0282335	0.100491
729	-20.5792	-19.1152	-17.6435	-16.0774	-15.4985	0.00680358	0.0294143	0.128144	0.613557	0.222081	0.392854
730	-18.0931	-18.0992	-18.1267	-18.3039	-18.8786	0.258846	0.257284	0.250285	0.209643	0.0239417	0.0945464
731	-25.2892	-25.2937	-25.3142	-25.4459	-25.8742	0.253887	0.252748	0.247619	0.217051	0.0286948	0.101113
732	-11.8647	-11.8707	-11.898	-12.0737	-12.6451	0.258693	0.257147	0.250213	0.209897	0.02405	0.0947181
733	-15.1269	-13.6624	-12.1883	-10.6069	-9.97656	0.00662032	0.0286368	0.125052	0.607997	0.231694	0.400828
734	-5.73432	-5.73766	-5.75292	-5.85107	-6.17087	0.250053	0.249218	0.245444	0.222499	0.0327866	0.106527
735	-4.2494	-4.25617	-4.28707	-4.48559	-5.12989	0.261096	0.259332	0.251442	0.206169	0.0219614	0.0917103
736	-14.1912	-14.1944	-14.209	-14.3024	-14.6052	0.24949	0.248695	0.245105	0.223248	0.0334619	0.107382
737	-4.46811	-4.47552	-4.50929	-4.72622	-5.4292	0.262994	0.261052	0.252382	0.203164	0.0204081	0.0894135
738	-33.8417	-30.9032	-27.9124	-24.4753	-22.3308	3.09282e-05	0.000584144	0.0116258	0.361518	0.626242	0.723835
739	-4.74871	-4.75311	-4.77314	-4.90197	-5.32166	0.253563	0.252451	0.247444	0.217534	0.0290076	0.101544
740	-4.44969	-4.45694	-4.49001	-4.70234	-5.39005	0.262521	0.260623	0.252147	0.203911	0.0207981	0.0899883
741	-3.49481	-3.50199	-3.53473	-3.74502	-4.42703	0.262314	0.260437	0.252049	0.204247	0.0209516	0.0902254
742	-9.93185	-9.93651	-9.95776	-10.0943	-10.5377	0.254417	0.253234	0.247911	0.216276	0.0281621	0.100392
743	-11.9749	-11.9818	-12.0135	-12.217	-12.8747	0.2616	0.259787	0.251681	0.20535	0.0215817	0.091127
744	-14.852	-14.8566	-14.8775	-15.0119	-15.4492	0.254186	0.253023	0.247787	0.216622	0.0283826	0.100697
745	-4.70271	-4.70786	-4.73135	-4.88235	-5.37331	0.25602	0.254704	0.248791	0.213921	0.0265637	0.0982184
746	-4.70271	-4.70786	-4.73135	-4.88235	-5.37331	0.25602	0.254704	0.248791	0.213921	0.0265637	0.0982184
747	-5.11048	-5.11332	-5.1263	-5.20978	-5.48208	0.248334	0.247628	0.244435	0.224857	0.0347461	0.109055
748	-5.14286	-5.14788	-5.17073	-5.31754	-5.79362	0.255553	0.254275	0.24853	0.214595	0.0270467	0.0988655
749	-17.5045	-17.5112	-17.5419	-17.7394	-18.3801	0.260983	0.259229	0.251384	0.206346	0.0220582	0.0918507
750	-8.24989	-8.25482	-8.27725	-8.4214	-8.88893	0.25526	0.254006	0.24837	0.21503	0.0273342	0.0992591
751	-4.45834	-4.46162	-4.47657	-4.57271	-4.88609	0.24982	0.249003	0.245309	0.222823	0.0330455	0.106864
752	-16.0687	-16.0733	-16.0942	-16.2285	-16.6659	0.25418	0.253018	0.247786	0.216634	0.0283816	0.100699
753	-21.7627	-21.7683	-21.7936	-21.9563	-22.4822	0.257282	0.255855	0.24945	0.211991	0.0254213	0.0966013
754	-5.00741	-5.01035	-5.02376	-5.10997	-5.39075	0.248654	0.247924	0.244622	0.224416	0.0343847	0.108587
755	-7.95771	-7.9617	-7.9799	-8.09681	-8.4761	0.252205	0.2512	0.24667	0.219454	0.0304702	0.103472
756	-17.5257	-16.0619	-14.5913	-13.032	-12.4769	0.00688652	0.0297661	0.129543	0.616058	0.217747	0.389258
757	-11.7472	-11.7522	-11.775	-11.9217	-12.3961	0.255534	0.254256	0.248511	0.214604	0.0270951	0.0989149
758	-3.5683	-3.57407	-3.60037	-3.7694	-4.31813	0.257974	0.25649	0.24983	0.210979	0.0247275	0.0956607
759	-3.49481	-3.50199	-3.53473	-3.74502	-4.42703	0.262314	0.260437	0.252049	0.204247	0.0209516	0.0902254
760	-9.63635	-9.64041	-9.65893	-9.77805	-10.1657	0.252462	0.251439	0.246824	0.219107	0.030168	0.103087
761	-4.11845	-4.12637	-4.16246	-4.39451	-5.149	0.264536	0.262449	0.253144	0.200721	0.0191503	0.0875511
762	-13.3958	-11.9305	-10.4533	-8.85183	-8.16039	0.00639168	0.0276671	0.121201	0.601203	0.243537	0.410665
763	-4.60421	-4.60927	-4.63238	-4.78096	-5.26461	0.255757	0.254464	0.248651	0.21432	0.0268084	0.098561
764	-5.12268	-5.12727	-5.1482	-5.28283	-5.72126	0.254211	0.253047	0.247804	0.216591	0.0283459	0.100653
765	-3.92064	-3.92765	-3.95961	-4.16498	-4.83229	0.26181	0.259982	0.251805	0.205056	0.021346	0.0908205
766	-4.76612	-4.76943	-4.78449	-4.88135	-5.19697	0.249904	0.24908	0.245357	0.222705	0.0329544	0.106745
767	-4.60421	-4.60927	-4.63238	-4.78096	-5.26461	0.255757	0.254464	0.248651	0.21432	0.0268084	0.098561
768	-8.81858	-8.82302	-8.8433	-8.97361	-9.39715	0.253724	0.252598	0.247529	0.217286	0.0288631	0.101339
769	-3.84522	-3.85367	-3.89219	-4.13956	-4.94075	0.266059	0.26382	0.253851	0.198221	0.018049	0.085827
770	-4.11845	-4.12637	-4.16246	-4.39451	-5.149	0.264535	0.262449	0.253144	0.200721	0.0191504	0.0875512
771	-4.11845	-4.12637	-4.16246	-4.39451	-5.149	0.264535	0.262449	0.253144	0.200721	0.0191504	0.0875512
772	-4.69444	-4.70044	-4.72781	-4.90376	-5.47599	0.25872	0.257171	0.250228	0.209856	0.0240248	0.0946827
773	-5.32778	-5.33212	-5.35193	-5.47928	-5.89339	0.253392	0.252293	0.247344	0.217769	0.0292014	0.101795
774	-4.11845	-4.12637	-4.16246	-4.39451	-5.149	0.264535	0.262449	0.253144	0.200721	0.0191504	0.0875512
775	-3.56829	-3.57406	-3.60037	-3.76939	-4.31813	0.257974	0.256489	0.24983	0.210979	0.0247275	0.0956607
776	-12.7079	-12.7118	-12.7296	-12.844	-13.2164	0.251925	0.250944	0.246519	0.219874	0.0307388	0.103844
777	-3.61495	-3.62378	-3.66405	-3.92262	-4.76051	0.267166	0.264817	0.254367	0.19641	0.0172395	0.084567
778	-5.5393	-5.54285	-5.55904	-5.66319	-6.00264	0.25075	0.249861	0.245848	0.221532	0.0320086	0.105515
779	-3.24158	-3.24885	-3.28198	-3.49479	-4.18476	0.262573	0.260671	0.252176	0.203836	0.0207437	0.0899156
780	-8.45592	-8.46063	-8.48214	-8.62036	-9.06971	0.254608	0.25341	0.248019	0.216001	0.0279614	0.100124
781	-4.06282	-4.06766	-4.08973	-4.23163	-4.69324	0.255018	0.253786	0.248246	0.215405	0.0275445	0.099562
782	-3.53936	-3.54737	-3.5839	-3.81858	-4.5799	0.264796	0.262682	0.25326	0.200284	0.0189785	0.0872701
783	-3.61495	-3.62378	-3.66405	-3.92262	-4.76051	0.267166	0.264817	0.254367	0.19641	0.0172395	0.084567
784	-7.73998	-7.74525	-7.7693	-7.92376	-8.42419	0.256391	0.255041	0.24898	0.213345	0.0262426	0.0977553
785	-4.2494	-4.25617	-4.28707	-4.48559	-5.12989	0.261096	0.259332	0.251442	0.206169	0.0219615	0.0917104
786	-3.24158	-3.24885	-3.28198	-3.49479	-4.18476	0.262573	0.260671	0.252176	0.203836	0.0207437	0.0899156
787	-4.88095	-4.88565	-4.90711	-5.04513	-5.49476	0.25459	0.253395	0.248015	0.216042	0.0279588	0.100132
788	-3.24158	-3.24885	-3.28198	-3.49479	-4.18476	0.262573	0.260671	0.252176	0.203836	0.0207437	0.0899156
789	-4.70271	-4.70786	-4.73135	-4.88235	-5.37331	0.25602	0.254704	0.248791	0.213921	0.0265637	0.0982184
790	-9.31233	-9.32035	-9.35691	-9.59165	-10.3515	0.264797	0.262682	0.253251	0.200266	0.0190039	0.0872903
791	-4.00493	-4.01227	-4.04574	-4.26076	-4.95801	0.262799	0.260877	0.252289	0.203479	0.0205569	0.0896405
792	-4.12628	-4.13419	-4.17027	-4.4018	-5.14977	0.26447	0.262384	0.253086	0.200779	0.0192812	0.0876941
793	-4.3305	-4.3384	-4.37442	-4.60556	-5.3526	0.264431	0.26235	0.25307	0.200844	0.0193053	0.0877346
794	-15.4327	-15.4368	-15.4552	-15.5739	-15.9596	0.25241	0.25139	0.246791	0.219173	0.0302367	0.103171
795	-7.92062	-7.92583	-7.94958	-8.10218	-8.59761	0.256192	0.254861	0.248879	0.213656	0.0264122	0.0980016
796	-3.75605	-3.76396	-3.8	-4.03155	-4.78293	0.264481	0.262399	0.25311	0.200793	0.0192169	0.0876349
797	-4.2494	-4.25617	-4.28707	-4.48559	-5.12989	0.261096	0.259332	0.251442	0.206169	0.0219615	0.0917104
798	-4.54978	-4.55706	-4.59022	-4.80311	-5.49215	0.262577	0.260674	0.252172	0.203817	0.020761	0.0899275
799	-3.92064	-3.92765	-3.95961	-4.16498	-4.83229	0.26181	0.259982	0.251805	0.205056	0.021346	0.0908205
800	-4.42944	-4.43792	-4.47656	-4.72445	-5.52433	0.266104	0.263857	0.253856	0.19812	0.0180634	0.0858152
801	-12.9408	-11.4769	-10.006	-8.44448	-7.88101	0.00685886	0.0296487	0.129073	0.61516	0.219259	0.390506
802	-4.45834	-4.46162	-4.47657	-4.57271	-4.88609	0.24982	0.249003	0.245309	0.222823	0.0330455	0.106864
803	-4.29982	-4.3046	-4.32638	-4.46639	-4.92193	0.254809	0.253595	0.248132	0.215713	0.0277518	0.0998444
804	-8.87482	-8.88282	-8.91929	-9.15328	-9.90918	0.264718	0.262608	0.253205	0.200378	0.0190907	0.0874043
805	-4.88095	-4.88565	-4.90711	-5.04513	-5.49476	0.25459	0.253395	0.248015	0.216042	0.0279588	0.100132
806	-3.24158	-3.24885	-3.28198	-3.49479	-4.18476	0.262573	0.260671	0.252176	0.203836	0.0207437	0.0899155
807	-4.92405	-4.92976	-4.95581	-5.12322	-5.66757	0.257804	0.256335	0.249746	0.211247	0.0248678	0.0958674
808	-4.10636	-4.11432	-4.15062	-4.38371	-5.13876	0.264633	0.262534	0.253175	0.200536	0.0191219	0.0874755
809	-4.76612	-4.76943	-4.78449	-4.88135	-5.19697	0.249904	0.24908	0.245357	0.222705	0.0329544	0.106745
810	-11.3123	-11.3175	-11.3411	-11.4929	-11.9854	0.256104	0.254779	0.248829	0.213782	0.0265053	0.0981253
811	-13.8939	-12.4288	-10.9524	-9.35633	-8.68178	0.00645342	0.0279291	0.122246	0.603142	0.240229	0.407927
812	-3.49481	-3.50199	-3.53473	-3.74502	-4.42703	0.262314	0.260437	0.252049	0.204248	0.0209516	0.0902255
813	-8.26949	-8.27485	-8.29925	-8.45598	-8.96399	0.256639	0.255269	0.249115	0.212978	0.0259992	0.0974221
814	-7.42067	-7.42562	-7.4482	-7.59317	-8.06262	0.255348	0.254086	0.248413	0.214889	0.0272641	0.0991541
815	-3.56829	-3.57406	-3.60037	-3.76939	-4.31813	0.257974	0.256489	0.24983	0.210979	0.0247275	0.0956607
816	-3.75605	-3.76396	-3.8	-4.03155	-4.78293	0.264481	0.262399	0.25311	0.200793	0.0192169	0.0876349
817	-8.73216	-8.73816	-8.76549	-8.9412	-9.51242	0.258693	0.257147	0.250213	0.209894	0.0240535	0.0947205
818	-3.84522	-3.85367	-3.89219	-4.13956	-4.94075	0.266059	0.26382	0.253851	0.198221	0.018049	0.085827
819	-3.61495	-3.62378	-3.66405	-3.92262	-4.76051	0.267166	0.264817	0.254367	0.19641	0.0172395	0.084567
820	-4.00493	-4.01227	-4.04574	-4.26076	-4.95801	0.262799	0.260877	0.252289	0.203479	0.020557	0.0896405
821	-4.88095	-4.88565	-4.90711	-5.04513	-5.49476	0.25459	0.253395	0.248015	0.216042	0.0279588	0.100132
822	-3.56829	-3.57406	-3.60037	-3.76939	-4.31813	0.257974	0.256489	0.24983	0.210979	0.0247275	0.0956607
823	-4.39305	-4.3982	-4.4217	-4.57277	-5.06445	0.25603	0.254714	0.248799	0.213914	0.0265436	0.0981969
824	-13.2064	-13.2115	-13.2351	-13.3861	-13.874	0.256012	0.254693	0.248767	0.213887	0.026641	0.0982855
825	-4.95819	-4.9629	-4.98436	-5.12228	-5.57069	0.254575	0.25338	0.248001	0.21605	0.0279941	0.100169
826	-4.88095	-4.88565	-4.90711	-5.04513	-5.49476	0.25459	0.253395	0.248015	0.216042	0.0279588	0.100132
827	-4.11845	-4.12637	-4.16246	-4.39451	-5.149	0.264535	0.262449	0.253144	0.200721	0.0191504	0.0875512
828	-4.45834	-4.46162	-4.47657	-4.57271	-4.88609	0.24982	0.249003	0.245309	0.222823	0.0330455	0.106864
829	-8.14587	-8.15231	-8.18166	-8.37018	-8.98075	0.260043	0.258374	0.250899	0.207791	0.0228936	0.093042
830	-5.00741	-5.01035	-5.02376	-5.10997	-5.39075	0.248654	0.247924	0.244622	0.224416	0.0343848	0.108587
831	-3.24158	-3.24885	-3.28198	-3.49479	-4.18476	0.262573	0.260671	0.252176	0.203836	0.0207437	0.0899156
832	-4.12628	-4.13419	-4.17027	-4.4018	-5.14977	0.26447	0.262384	0.253086	0.200779	0.0192812	0.0876941
833	-3.53936	-3.54737	-3.5839	-3.81858	-4.5799	0.264796	0.262682	0.25326	0.200284	0.0189785	0.0872701
834	-3.84522	-3.85367	-3.89219	-4.13956	-4.94075	0.266059	0.26382	0.253851	0.198221	0.018049	0.085827
835	-10.09	-10.0934	-10.1085	-10.2058	-10.5226	0.249952	0.249124	0.245384	0.222635	0.0329048	0.106678
836	-9.75113	-9.75442	-9.76944	-9.86603	-10.1806	0.249871	0.249049	0.245337	0.222749	0.0329938	0.106795
837	-3.56829	-3.57406	-3.60037	-3.76939	-4.31813	0.257974	0.256489	0.24983	0.210979	0.0247275	0.0956607
838	-4.42944	-4.43792	-4.47656	-4.72445	-5.52433	0.266104	0.263857	0.253856	0.19812	0.0180634	0.0858152
839	-13.0372	-13.0418	-13.0626	-13.1966	-13.6315	0.25413	0.252971	0.247751	0.21669	0.0284576	0.100788
840	-5.14286	-5.14787	-5.17073	-5.31754	-5.79362	0.255553	0.254275	0.24853	0.214595	0.0270468	0.0988655
841	-5.12268	-5.12727	-5.1482	-5.28283	-5.72125	0.254211	0.253047	0.247804	0.216591	0.0283459	0.100653
842	-5.42907	-5.43336	-5.45297	-5.57895	-5.98837	0.253237	0.252151	0.247256	0.217987	0.0293684	0.102015
843	-9.95487	-9.96211	-9.99513	-10.2071	-10.8933	0.262485	0.26059	0.252126	0.203962	0.0208365	0.0900391
844	-9.89132	-9.89703	-9.92306	-10.0902	-10.6307	0.257759	0.256291	0.249705	0.211279	0.0249668	0.0959724
845	-4.76612	-4.76943	-4.78449	-4.88135	-5.19697	0.249904	0.24908	0.245357	0.222705	0.0329545	0.106745
846	-4.14086	-4.14693	-4.1746	-4.35221	-4.92641	0.258883	0.257316	0.250293	0.209563	0.0239441	0.0945281
847	-7.8652	-7.87222	-7.90425	-8.10994	-8.77656	0.261837	0.260004	0.251809	0.204995	0.0213543	0.0908128
848	-7.96039	-7.96919	-8.00929	-8.26604	-9.08847	0.266964	0.264625	0.254223	0.196658	0.0175303	0.0849154
849	-4.54978	-4.55706	-4.59022	-4.80311	-5.49215	0.262577	0.260674	0.252172	0.203817	0.020761	0.0899275
850	-4.74871	-4.75311	-4.77314	-4.90197	-5.32166	0.253563	0.252451	0.247444	0.217534	0.0290077	0.101544
851	-3.84522	-3.85367	-3.89219	-4.13956	-4.94075	0.266059	0.26382	0.253851	0.198221	0.018049	0.085827
852	-10.1492	-10.1564	-10.1894	-10.4016	-11.0882	0.262501	0.260605	0.252134	0.203937	0.0208231	0.0900194
853	-4.81451	-4.81807	-4.83432	-4.93877	-5.27855	0.250781	0.249889	0.245862	0.221477	0.0319904	0.105483
854	-14.2	-14.2052	-14.2292	-14.3833	-14.8842	0.256361	0.255016	0.248973	0.21341	0.0262397	0.0977692
855	-7.93409	-7.94113	-7.97323	-8.17933	-8.84692	0.261879	0.260041	0.251828	0.204925	0.0213264	0.0907675
856	-17.4903	-17.494	-17.5106	-17.6172	-17.9641	0.251033	0.250121	0.246007	0.221126	0.0317138	0.105122
857	-9.9652	-9.97052	-9.99475	-10.1501	-10.6504	0.256475	0.255115	0.249007	0.213178	0.0262257	0.0976955
858	-4.06325	-4.07072	-4.1048	-4.32379	-5.03551	0.263211	0.261251	0.2525	0.20284	0.0201982	0.0891242
859	-13.925	-12.4603	-10.9854	-9.39885	-8.75347	0.00656239	0.0283913	0.124082	0.606385	0.234579	0.403234
860	-16.8789	-15.4146	-13.9418	-12.3686	-11.7693	0.0067233	0.0290745	0.126808	0.611484	0.22591	0.396063
861	-10.4938	-10.4997	-10.5268	-10.7007	-11.2629	0.258487	0.256955	0.250086	0.210167	0.0243048	0.0950372
862	-11.0007	-11.0056	-11.0278	-11.1706	-11.6329	0.255108	0.253866	0.248282	0.215241	0.0275034	0.0994793
863	-3.93141	-3.9362	-3.958	-4.0981	-4.55323	0.254816	0.2536	0.248131	0.215692	0.0277605	0.0998475
864	-5.58231	-5.58538	-5.59936	-5.68932	-5.9824	0.249095	0.248332	0.244883	0.223815	0.0338737	0.107932
865	-3.84522	-3.85367	-3.89219	-4.13956	-4.94075	0.266059	0.26382	0.253851	0.198221	0.018049	0.085827
866	-4.54978	-4.55706	-4.59022	-4.80311	-5.49215	0.262577	0.260674	0.252172	0.203817	0.020761	0.0899275
867	-13.9367	-13.9424	-13.9683	-14.1354	-14.6777	0.257757	0.256292	0.249717	0.211308	0.0249258	0.0959399
868	-10.7298	-10.7338	-10.7521	-10.8698	-11.2529	0.252302	0.251291	0.246733	0.219337	0.0303372	0.103312
869	-9.45307	-9.45825	-9.48188	-9.63379	-10.1279	0.25612	0.254796	0.248846	0.213777	0.0264621	0.0980816
870	-9.0591	-9.06454	-9.08932	-9.24773	-9.75225	0.256783	0.255389	0.249139	0.212641	0.0260489	0.0973838
871	-7.43458	-7.44017	-7.46568	-7.62959	-8.16195	0.257423	0.255987	0.24954	0.211815	0.0252353	0.0963737
872	-9.51315	-9.52187	-9.56162	-9.8167	-10.6407	0.266816	0.264499	0.254192	0.196963	0.0175296	0.0849937
873	-4.14086	-4.14693	-4.1746	-4.35221	-4.92641	0.258883	0.257316	0.250293	0.209563	0.0239441	0.0945281
874	-8.33026	-8.33478	-8.35538	-8.48775	-8.91742	0.253952	0.252807	0.247652	0.216947	0.0286421	0.101035
875	-8.90665	-8.90966	-8.92336	-9.01148	-9.29841	0.248878	0.248131	0.244754	0.224109	0.0341273	0.108256
876	-4.06282	-4.06766	-4.08973	-4.23163	-4.69324	0.255018	0.253786	0.248246	0.215405	0.0275445	0.099562
877	-4.44963	-4.45718	-4.49157	-4.71262	-5.43055	0.263419	0.261439	0.252599	0.202503	0.0200399	0.0888823
878	-9.89195	-9.89917	-9.9321	-10.1436	-10.8284	0.262431	0.260542	0.252102	0.204053	0.0208718	0.0900972
879	-3.56829	-3.57406	-3.60037	-3.76939	-4.31813	0.257974	0.256489	0.24983	0.210979	0.0247275	0.0956607
880	-3.24158	-3.24885	-3.28198	-3.49479	-4.18476	0.262573	0.260671	0.252176	0.203836	0.0207437	0.0899156
881	-3.84522	-3.85367	-3.89219	-4.13956	-4.94075	0.266059	0.26382	0.253851	0.198221	0.018049	0.085827
882	-9.61089	-9.61694	-9.64451	-9.8215	-10.3937	0.258816	0.257255	0.250259	0.209665	0.0240044	0.0946134
883	-3.49481	-3.50199	-3.53473	-3.74502	-4.42703	0.262314	0.260437	0.252049	0.204248	0.0209516	0.0902255
884	-10.7473	-10.7538	-10.7839	-10.9767	-11.6029	0.260505	0.258795	0.251144	0.207094	0.0224625	0.0924398
885	-28.4961	-27.0273	-25.5338	-23.8279	-22.7984	0.00521673	0.0226619	0.100903	0.555614	0.315604	0.469532
886	-9.60224	-9.60945	-9.64234	-9.8535	-10.5374	0.262401	0.260515	0.252087	0.204101	0.0208966	0.0901337
887	-15.7637	-15.7707	-15.8027	-16.008	-16.6721	0.261796	0.259966	0.251781	0.205043	0.0214143	0.0908838
888	-22.0096	-22.0169	-22.0499	-22.262	-22.949	0.262496	0.260601	0.252135	0.20395	0.0208182	0.0900179
889	-9.9539	-9.96171	-9.99734	-10.2259	-10.9644	0.264174	0.262117	0.252944	0.201253	0.0195118	0.0880424
890	-3.24158	-3.24885	-3.28198	-3.49479	-4.18476	0.262573	0.260671	0.252176	0.203836	0.0207437	0.0899156
891	-4.11845	-4.12637	-4.16246	-4.39451	-5.149	0.264535	0.262449	0.253144	0.200721	0.0191504	0.0875512
892	-8.20141	-8.20984	-8.24826	-8.49476	-9.29017	0.265965	0.263732	0.253791	0.198346	0.018165	0.0859731
893	-4.44969	-4.45694	-4.49001	-4.70233	-5.39005	0.262521	0.260623	0.252147	0.203911	0.0207981	0.0899884
894	-14.5321	-13.0668	-11.5889	-9.98328	-9.27815	0.00634323	0.0274612	0.120376	0.599588	0.246231	0.412886
895	-15.1302	-13.6645	-12.1854	-10.5711	-9.83573	0.00624015	0.0270227	0.118609	0.595891	0.252237	0.417816
896	-10.5124	-10.519	-10.5489	-10.7411	-11.3648	0.260435	0.258732	0.251106	0.207197	0.0225298	0.0925324
897	-4.70271	-4.70786	-4.73135	-4.88235	-5.37331	0.25602	0.254704	0.248791	0.213921	0.0265637	0.0982184
898	-3.93141	-3.9362	-3.958	-4.0981	-4.55323	0.254816	0.2536	0.248131	0.215692	0.0277605	0.0998475
899	-4.00493	-4.01227	-4.04574	-4.26076	-4.95801	0.262799	0.260877	0.252289	0.203479	0.020557	0.0896405
900	-4.14086	-4.14693	-4.1746	-4.35221	-4.92641	0.258883	0.257316	0.250293	0.209563	0.0239441	0.0945281
901	-3.84522	-3.85367	-3.89219	-4.13956	-4.94075	0.266059	0.26382	0.253851	0.198221	0.018049	0.085827
902	-4.77297	-4.77958	-4.8097	-5.00326	-5.63179	0.260579	0.258863	0.251181	0.206979	0.0223982	0.0923471
903	-3.49481	-3.50199	-3.53473	-3.74502	-4.42703	0.262314	0.260437	0.252049	0.204248	0.0209516	0.0902255
904	-4.14086	-4.14693	-4.1746	-4.35221	-4.92641	0.258883	0.257316	0.250293	0.209563	0.0239441	0.0945281
905	-10.2244	-10.2317	-10.2651	-10.4798	-11.1773	0.262769	0.260851	0.252281	0.20354	0.0205586	0.089658
906	-5.41001	-5.41393	-5.43178	-5.54658	-5.92037	0.251972	0.250987	0.246546	0.219807	0.0306873	0.103776
907	-10.2633	-10.2717	-10.3104	-10.5581	-11.3572	0.26609	0.263844	0.253847	0.198139	0.0180804	0.0858366
908	-4.46811	-4.47552	-4.50929	-4.72622	-5.4292	0.262994	0.261052	0.252382	0.203164	0.0204081	0.0894136
909	-7.8926	-7.89747	-7.91967	-8.06231	-8.52533	0.255095	0.253855	0.248282	0.215278	0.0274895	0.0994753
910	-7.96561	-7.97103	-7.99575	-8.15451	-8.66894	0.256859	0.25547	0.249232	0.212645	0.0257926	0.0971339
911	-4.88095	-4.88565	-4.90711	-5.04513	-5.49476	0.25459	0.253395	0.248015	0.216042	0.0279588	0.100132
912	-4.45834	-4.46162	-4.47657	-4.57271	-4.88609	0.24982	0.249003	0.245309	0.222823	0.0330455	0.106864
913	-3.24158	-3.24885	-3.28198	-3.49479	-4.18476	0.262573	0.260671	0.252176	0.203836	0.0207437	0.0899156
914	-3.61495	-3.62378	-3.66405	-3.92262	-4.76051	0.267166	0.264817	0.254367	0.19641	0.0172395	0.084567
915	-3.53936	-3.54737	-3.5839	-3.81858	-4.5799	0.264796	0.262682	0.25326	0.200284	0.0189785	0.0872701
916	-4.45834	-4.46162	-4.47657	-4.57271	-4.88609	0.24982	0.249003	0.245309	0.222823	0.0330455	0.106864
917	-4.11845	-4.12637	-4.16246	-4.39451	-5.149	0.264535	0.262449	0.253144	0.200721	0.0191504	0.0875512
918	-19.1959	-19.2027	-19.2339	-19.4341	-20.083	0.261273	0.259492	0.251525	0.205879	0.021831	0.0915079
919	-4.69444	-4.70044	-4.72781	-4.90376	-5.47599	0.25872	0.257171	0.250228	0.209856	0.0240248	0.0946827
920	-8.90909	-8.9143	-8.93802	-9.09053	-9.58639	0.256185	0.254855	0.24888	0.213677	0.0264036	0.0979984
921	-12.5074	-12.5128	-12.5378	-12.6982	-13.2175	0.257035	0.25563	0.249323	0.212375	0.0256358	0.0969106
922	-15.4737	-14.007	-12.5229	-10.8771	-10.0433	0.00588519	0.0255133	0.112541	0.583519	0.272542	0.434512
923	-4.92405	-4.92976	-4.95581	-5.12322	-5.66757	0.257804	0.256335	0.249746	0.211247	0.0248678	0.0958675
924	-14.084	-12.6168	-11.1306	-9.47152	-8.59371	0.00573354	0.0248672	0.109918	0.577581	0.2819	0.442152
925	-5.08057	-5.08457	-5.10284	-5.22027	-5.60249	0.252271	0.251263	0.246715	0.21938	0.0303707	0.103356
926	-3.24158	-3.24885	-3.28198	-3.49479	-4.18476	0.262573	0.260671	0.252176	0.203836	0.0207437	0.0899156
927	-4.28638	-4.29297	-4.323	-4.51594	-5.14223	0.260513	0.258803	0.251147	0.207078	0.0224592	0.0924324
928	-15.9386	-15.9457	-15.9781	-16.1866	-16.8627	0.262125	0.260265	0.251956	0.204549	0.0211058	0.0904542
929	-4.42944	-4.43792	-4.47656	-4.72445	-5.52433	0.266104	0.263857	0.253856	0.19812	0.0180634	0.0858152
930	-3.49481	-3.50199	-3.53473	-3.74502	-4.42703	0.262314	0.260437	0.252049	0.204248	0.0209516	0.0902255
931	-4.57735	-4.58341	-4.61104	-4.78855	-5.36478	0.258883	0.257319	0.250306	0.209593	0.023899	0.0944918
932	-5.28082	-5.28562	-5.30749	-5.44815	-5.90624	0.254883	0.253663	0.248175	0.21561	0.0276681	0.0997359
933	-4.39305	-4.3982	-4.4217	-4.57277	-5.06445	0.25603	0.254714	0.248799	0.213914	0.0265436	0.0981969
934	-4.54978	-4.55706	-4.59022	-4.80311	-5.49215	0.262577	0.260674	0.252172	0.203817	0.020761	0.0899275
935	-4.54978	-4.55706	-4.59022	-4.80311	-5.49215	0.262577	0.260674	0.252172	0.203817	0.020761	0.0899275
936	-3.24158	-3.24885	-3.28198	-3.49479	-4.18476	0.262573	0.260671	0.252176	0.203836	0.0207437	0.0899156
937	-20.092	-20.0979	-20.1251	-20.2997	-20.8649	0.258564	0.257026	0.250131	0.210061	0.0242182	0.094925
938	-5.00741	-5.01035	-5.02376	-5.10997	-5.39075	0.248654	0.247924	0.244622	0.224416	0.0343848	0.108587
939	-3.24158	-3.24885	-3.28198	-3.49479	-4.18476	0.262573	0.260671	0.252176	0.203836	0.0207437	0.0899156
940	-3.24158	-3.24885	-3.28198	-3.49479	-4.18476	0.262573	0.260671	0.252176	0.203836	0.0207437	0.0899156
941	-8.2333	-8.23783	-8.25847	-8.39113	-8.82239	0.253988	0.252841	0.247676	0.216905	0.028591	0.100974
942	-5.73432	-5.73766	-5.75292	-5.85107	-6.17086	0.250053	0.249218	0.245444	0.222499	0.0327866	0.106527
943	-4.06325	-4.07072	-4.1048	-4.32379	-5.03551	0.263211	0.261251	0.2525	0.20284	0.0201982	0.0891242
944	-7.3715	-7.37919	-7.41421	-7.63908	-8.36711	0.263801	0.261782	0.252772	0.201868	0.0197763	0.0884603
945	-12.3044	-12.3126	-12.3497	-12.5879	-13.3587	0.265144	0.262995	0.253415	0.199702	0.0187436	0.0868898
946	-3.49481	-3.50199	-3.53473	-3.74502	-4.42703	0.262314	0.260437	0.252049	0.204248	0.0209516	0.0902255
947	-4.57735	-4.58341	-4.61104	-4.78855	-5.36478	0.258883	0.257319	0.250306	0.209593	0.023899	0.0944918
948	-24.2019	-21.2639	-18.2755	-14.8539	-12.7576	3.24541e-05	0.000612635	0.0121631	0.372417	0.614775	0.715319
949	-7.43243	-7.44013	-7.47522	-7.70049	-8.4299	0.263842	0.261819	0.252793	0.201803	0.0197426	0.0884105
950	-3.49481	-3.50199	-3.53473	-3.74502	-4.42703	0.262314	0.260437	0.252049	0.204248	0.0209516	0.0902255
951	-15.683	-14.2188	-12.7463	-11.175	-10.5767	0.00673833	0.0291372	0.127037	0.611445	0.225642	0.395796
952	-13.4643	-12.0002	-10.5282	-8.96006	-8.37515	0.00678061	0.029317	0.127761	0.61294	0.223202	0.393791
953	-4.57735	-4.58341	-4.61104	-4.78855	-5.36478	0.258883	0.257319	0.250306	0.209593	0.023899	0.0944918
954	-4.44963	-4.45718	-4.49157	-4.71262	-5.43055	0.263419	0.261439	0.252599	0.202503	0.0200399	0.0888823
955	-3.24158	-3.24885	-3.28198	-3.49479	-4.18476	0.262573	0.260671	0.252176	0.203836	0.0207437	0.0899156
956	-20.3035	-18.8383	-17.3612	-15.7606	-15.0718	0.00640158	0.0277091	0.121369	0.601508	0.243013	0.41023
957	-5.08057	-5.08457	-5.10284	-5.22027	-5.60249	0.252271	0.251263	0.246715	0.21938	0.0303707	0.103356
958	-15.9199	-14.4548	-12.9785	-11.3825	-10.7068	0.00645238	0.0279245	0.122222	0.602978	0.240423	0.408076
959	-10.8202	-10.8243	-10.8434	-10.9661	-11.3655	0.252865	0.251809	0.247052	0.218535	0.0297389	0.102519
960	-11.9667	-11.9717	-11.9944	-12.1406	-12.6135	0.255478	0.254205	0.248482	0.21469	0.0271446	0.0989857
961	-5.32778	-5.33212	-5.35193	-5.47928	-5.89339	0.253392	0.252293	0.247344	0.217769	0.0292014	0.101795
962	-3.24158	-3.24885	-3.28198	-3.49479	-4.18476	0.262573	0.260671	0.252176	0.203836	0.0207437	0.0899156
963	-4.06325	-4.07072	-4.1048	-4.32379	-5.03551	0.263211	0.261251	0.2525	0.20284	0.0201982	0.0891242
964	-7.95771	-7.9617	-7.9799	-8.09681	-8.47609	0.252205	0.2512	0.24667	0.219454	0.0304702	0.103473
965	-4.45834	-4.46162	-4.47657	-4.57271	-4.88609	0.24982	0.249003	0.245309	0.222823	0.0330455	0.106864
966	-3.24158	-3.24885	-3.28198	-3.49479	-4.18476	0.262573	0.260671	0.252176	0.203836	0.0207437	0.0899156
967	-5.00741	-5.01035	-5.02376	-5.10997	-5.39075	0.248654	0.247924	0.244622	0.224416	0.0343848	0.108587
968	-4.3305	-4.3384	-4.37442	-4.60556	-5.3526	0.264431	0.26235	0.25307	0.200844	0.0193053	0.0877346
969	-3.49481	-3.50199	-3.53473	-3.74502	-4.42703	0.262314	0.260437	0.252049	0.204248	0.0209516	0.0902255
970	-4.11845	-4.12637	-4.16246	-4.39451	-5.149	0.264535	0.262449	0.253144	0.200721	0.0191504	0.0875512
971	-9.58982	-9.5979	-9.63473	-9.8711	-10.6348	0.264956	0.262824	0.253319	0.199994	0.0189068	0.0871249
972	-15.0506	-15.0578	-15.0902	-15.2987	-15.9741	0.262126	0.260266	0.251952	0.204536	0.0211196	0.0904644
973	-7.3811	-7.3893	-7.42671	-7.66672	-8.44164	0.26532	0.263152	0.253489	0.199399	0.0186397	0.0867097
974	-4.81451	-4.81807	-4.83432	-4.93877	-5.27855	0.250781	0.249889	0.245862	0.221477	0.0319904	0.105483
975	-4.12628	-4.13419	-4.17027	-4.4018	-5.14977	0.26447	0.262384	0.253086	0.200779	0.0192812	0.0876941
976	-10.3165	-10.3201	-10.3363	-10.4405	-10.7794	0.250752	0.249862	0.245845	0.221519	0.0320232	0.105526
977	-4.11845	-4.12637	-4.16246	-4.39451	-5.149	0.264535	0.262449	0.253144	0.200721	0.0191504	0.0875512
978	-3.68203	-3.68686	-3.70887	-3.8504	-4.31088	0.254977	0.253749	0.248224	0.215466	0.0275835	0.0996158
979	-4.06282	-4.06766	-4.08973	-4.23163	-4.69324	0.255018	0.253786	0.248246	0.215405	0.0275445	0.099562
980	-4.45834	-4.46162	-4.47657	-4.57271	-4.88609	0.24982	0.249003	0.245309	0.222823	0.0330455	0.106864
981	-3.24158	-3.24885	-3.28198	-3.49479	-4.18476	0.262573	0.260671	0.252176	0.203836	0.0207437	0.0899156
982	-4.11845	-4.12637	-4.16246	-4.39451	-5.149	0.264535	0.262449	0.253144	0.200721	0.0191504	0.0875512
983	-7.17087	-7.17867	-7.21424	-7.44258	-8.18169	0.264153	0.2621	0.252941	0.201303	0.0195036	0.0880473
984	-8.23732	-8.24479	-8.27886	-8.49768	-9.2068	0.263186	0.261227	0.252477	0.202858	0.0202524	0.089182
985	-5.28082	-5.28562	-5.30749	-5.44815	-5.90624	0.254883	0.253663	0.248175	0.21561	0.0276681	0.0997359
986	-4.11845	-4.12637	-4.16246	-4.39451	-5.149	0.264535	0.262449	0.253144	0.200721	0.0191504	0.0875512
987	-16.5541	-15.0902	-13.6191	-12.057	-11.4931	0.00685374	0.0296273	0.128995	0.615163	0.219361	0.390605
988	-5.14286	-5.14787	-5.17073	-5.31754	-5.79362	0.255553	0.254275	0.24853	0.214595	0.0270468	0.0988655
989	-4.14086	-4.14693	-4.1746	-4.35221	-4.92641	0.258883	0.257316	0.250293	0.209563	0.0239441	0.0945281
990	-18.5645	-17.0978	-15.6137	-13.9682	-13.1339	0.00588623	0.0255175	0.112552	0.583414	0.27263	0.434573
991	-16.2485	-14.7815	-13.2959	-11.6406	-10.7753	0.00577683	0.0250516	0.110667	0.579279	0.279226	0.439969
992	-3.49481	-3.50199	-3.53473	-3.74502	-4.42703	0.262314	0.260437	0.252049	0.204248	0.0209516	0.0902255
993	-8.60718	-8.61365	-8.64313	-8.83248	-9.44572	0.26013	0.258453	0.250943	0.207656	0.0228176	0.0929326
994	-14.6827	-13.2181	-11.744	-10.1622	-9.53392	0.00662099	0.0286403	0.125078	0.608314	0.231346	0.400567
