Sites	Ll_YN98.omega=0.0547983	Ll_YN98.omega=1	Ll_YN98.omega=1.001	Pr_YN98.omega=0.0547983	Pr_YN98.omega=1	Pr_YN98.omega=1.001	mean
1	-4.16303	-4.96858	-inf	0.962207	0.037793	0	0.0905203
2	-5.15147	-5.59299	-inf	0.946499	0.0535009	0	0.105367
3	-5.36272	-5.79963	-inf	0.946266	0.0537344	0	0.105588
4	-3.24911	-3.9858	-inf	0.959622	0.0403784	0	0.092964
5	-23.5923	-21.2214	-inf	0.515169	0.484831	0	0.513061
6	-11.6367	-12.0773	-inf	0.946454	0.0535459	0	0.10541
7	-4.78412	-5.14336	-inf	0.942176	0.0578239	0	0.109454
8	-10.3388	-8.11705	-inf	0.552251	0.447749	0	0.478011
9	-21.3154	-18.8532	-inf	0.492352	0.507648	0	0.534628
10	-14.42	-12.0185	-inf	0.507512	0.492488	0	0.520298
11	-7.44953	-7.9615	-inf	0.949957	0.0500432	0	0.102099
12	-22.4377	-20.0549	-inf	0.512175	0.487825	0	0.515891
13	-9.66959	-10.1797	-inf	0.949867	0.0501327	0	0.102184
14	-11.4116	-11.9529	-inf	0.951337	0.0486632	0	0.100795
15	-19.5201	-20.0968	-inf	0.952945	0.0470552	0	0.0992749
17	-13.6178	-14.286	-inf	0.956882	0.0431178	0	0.0955533
18	-5.25251	-5.75528	-inf	0.949518	0.0504824	0	0.102514
19	-24.3331	-21.9263	-inf	0.506189	0.493811	0	0.521549
20	-7.95804	-8.66397	-inf	0.958413	0.041587	0	0.0941064
21	-5.35887	-5.79208	-inf	0.946077	0.053923	0	0.105766
22	-13.666	-14.1627	-inf	0.949227	0.0507735	0	0.102789
23	-15.1295	-15.7252	-inf	0.953788	0.0462117	0	0.0984777
25	-14.329	-14.7881	-inf	0.947381	0.0526191	0	0.104534
26	-20.6347	-18.1374	-inf	0.483557	0.516443	0	0.542941
27	-10.1254	-10.6172	-inf	0.948986	0.051014	0	0.103017
28	-25.1477	-22.6835	-inf	0.49183	0.50817	0	0.535122
29	-5.01411	-5.09969	-inf	0.925334	0.0746661	0	0.125373
30	-11.2956	-9.10403	-inf	0.559708	0.440292	0	0.470963
31	-11.2956	-9.10403	-inf	0.559708	0.440292	0	0.470963
34	-4.27525	-4.76101	-inf	0.948695	0.0513048	0	0.103292
35	-4.27525	-4.76101	-inf	0.948695	0.0513048	0	0.103292
36	-4.58201	-5.09752	-inf	0.950124	0.0498758	0	0.101941
37	-8.17029	-8.80621	-inf	0.955531	0.0444691	0	0.0968306
38	-12.1033	-9.68478	-inf	0.503256	0.496744	0	0.524321
39	-4.43468	-4.76808	-inf	0.940752	0.0592476	0	0.110799
40	-4.58201	-5.09752	-inf	0.950124	0.0498758	0	0.101941
41	-8.38347	-8.96322	-inf	0.953082	0.0469178	0	0.099145
42	-11.4875	-11.8935	-inf	0.944673	0.0553274	0	0.107094
43	-10.1249	-10.5657	-inf	0.946462	0.053538	0	0.105402
44	-4.27525	-4.76101	-inf	0.948695	0.0513048	0	0.103292
45	-4.58201	-5.09752	-inf	0.950124	0.0498758	0	0.101941
46	-8.85781	-9.15845	-inf	0.9389	0.0611004	0	0.11255
47	-11.8849	-12.6211	-inf	0.959601	0.040399	0	0.0929834
48	-12.123	-12.4384	-inf	0.939746	0.0602541	0	0.111751
49	-11.7641	-9.32548	-inf	0.498246	0.501754	0	0.529057
50	-5.09915	-5.56659	-inf	0.947797	0.0522032	0	0.104141
51	-12.3693	-10.1538	-inf	0.553811	0.446189	0	0.476537
52	-4.27525	-4.76101	-inf	0.948695	0.0513048	0	0.103292
53	-4.08296	-4.84239	-inf	0.960494	0.0395062	0	0.0921396
54	-3.50343	-4.23162	-inf	0.959291	0.0407094	0	0.0932769
55	-10.8219	-8.64668	-inf	0.563731	0.436269	0	0.46716
56	-21.8362	-22.5174	-inf	0.957415	0.0425855	0	0.0950501
57	-3.50343	-4.23162	-inf	0.959291	0.0407094	0	0.0932769
58	-3.50343	-4.23162	-inf	0.959291	0.0407094	0	0.0932769
59	-4.52647	-5.26264	-inf	0.959601	0.0403986	0	0.0929831
60	-3.77072	-4.57252	-inf	0.96207	0.0379297	0	0.0906495
61	-4.08296	-4.84239	-inf	0.960494	0.0395062	0	0.0921396
62	-9.69357	-10.5479	-inf	0.963943	0.0360575	0	0.0888798
63	-15.0051	-15.6144	-inf	0.954388	0.0456123	0	0.0979111
64	-3.89622	-4.38196	-inf	0.948695	0.0513054	0	0.103292
65	-4.70943	-5.31992	-inf	0.954438	0.045562	0	0.0978635
66	-4.43468	-4.76808	-inf	0.940752	0.0592476	0	0.110799
67	-10.7183	-8.54817	-inf	0.564992	0.435008	0	0.465968
68	-3.89622	-4.38196	-inf	0.948695	0.0513054	0	0.103292
69	-7.10635	-7.61758	-inf	0.949921	0.0500789	0	0.102133
70	-11.8133	-9.75365	-inf	0.591915	0.408085	0	0.440521
71	-11.4283	-9.20579	-inf	0.552066	0.447934	0	0.478186
72	-3.77072	-4.57252	-inf	0.96207	0.0379297	0	0.0906495
73	-3.93518	-4.6469	-inf	0.958643	0.0413573	0	0.0938892
74	-4.91034	-5.38922	-inf	0.948359	0.0516406	0	0.103609
75	-4.28884	-4.9576	-inf	0.956906	0.0430944	0	0.0955312
76	-7.20678	-7.77143	-inf	0.952403	0.0475973	0	0.0997874
77	-4.28884	-4.9576	-inf	0.956906	0.0430944	0	0.0955312
78	-8.942	-9.76701	-inf	0.962908	0.0370919	0	0.0898576
79	-5.12646	-5.41617	-inf	0.93827	0.06173	0	0.113146
80	-3.89622	-4.38196	-inf	0.948695	0.0513054	0	0.103292
81	-4.19217	-5.04777	-inf	0.963986	0.0360144	0	0.0888391
82	-5.12646	-5.41617	-inf	0.93827	0.06173	0	0.113146
83	-4.27525	-4.76101	-inf	0.948695	0.0513048	0	0.103292
84	-3.24911	-3.9858	-inf	0.959622	0.0403784	0	0.092964
85	-4.09841	-4.90559	-inf	0.962266	0.0377337	0	0.0904642
86	-8.43102	-9.05693	-inf	0.955104	0.0448963	0	0.0972343
87	-4.44851	-5.19934	-inf	0.960166	0.0398343	0	0.0924497
88	-4.70204	-5.17132	-inf	0.947888	0.0521123	0	0.104055
89	-3.77072	-4.57252	-inf	0.96207	0.0379297	0	0.0906495
90	-15.0764	-12.7879	-inf	0.5357	0.4643	0	0.493656
91	-3.99256	-4.73763	-inf	0.959945	0.040055	0	0.0926583
92	-40.5366	-32.1652	-inf	0.00262548	0.997375	0	0.997518
109	-9.85166	-7.57925	-inf	0.539704	0.460296	0	0.489871
110	-12.4174	-13.094	-inf	0.957229	0.0427714	0	0.0952258
111	-3.57746	-4.16849	-inf	0.953584	0.046416	0	0.0986708
112	-3.84908	-4.71328	-inf	0.964283	0.0357172	0	0.0885583
113	-3.68443	-4.17921	-inf	0.949133	0.0508671	0	0.102878
114	-4.03861	-4.53531	-inf	0.949226	0.0507742	0	0.10279
115	-3.25097	-3.99442	-inf	0.959883	0.0401174	0	0.0927173
116	-20.1138	-20.6347	-inf	0.950375	0.0496251	0	0.101704
117	-8.53857	-9.2676	-inf	0.959323	0.0406765	0	0.0932458
118	-10.0381	-10.343	-inf	0.939146	0.0608541	0	0.112318
119	-5.12661	-5.41897	-inf	0.938423	0.0615772	0	0.113001
120	-4.57078	-5.19193	-inf	0.954899	0.0451009	0	0.0974277
121	-16.1438	-16.7061	-inf	0.952297	0.0477029	0	0.0998871
122	-4.71057	-5.32665	-inf	0.95468	0.0453198	0	0.0976346
123	-4.66625	-5.19515	-inf	0.950755	0.0492448	0	0.101345
124	-4.08434	-4.85073	-inf	0.960757	0.0392434	0	0.0918912
125	-3.84908	-4.71328	-inf	0.964283	0.0357172	0	0.0885583
126	-9.1918	-10.0005	-inf	0.96232	0.0376802	0	0.0904137
127	-32.492	-27.4834	-inf	0.0706317	0.929368	0	0.933239
128	-4.10112	-4.91571	-inf	0.962535	0.0374655	0	0.0902107
129	-4.58451	-5.10472	-inf	0.950347	0.0496531	0	0.10173
130	-18.0803	-15.6649	-inf	0.504045	0.495955	0	0.523576
131	-3.77246	-4.58161	-inf	0.962338	0.0376624	0	0.0903968
132	-4.27776	-4.76796	-inf	0.948911	0.0510891	0	0.103088
133	-4.17254	-5.14121	-inf	0.967711	0.0322885	0	0.0853174
134	-30.544	-25.4812	-inf	0.0671568	0.932843	0	0.936523
135	-8.83977	-9.42784	-inf	0.953453	0.0465471	0	0.0987946
136	-4.279	-5.30749	-inf	0.969529	0.0304709	0	0.0835994
145	-4.11169	-5.01547	-inf	0.965621	0.0343786	0	0.087293
146	-4.27366	-5.29147	-inf	0.969212	0.0307878	0	0.083899
147	-11.231	-11.8778	-inf	0.955991	0.0440089	0	0.0963956
148	-8.87821	-9.34531	-inf	0.94778	0.0522203	0	0.104157
149	-4.4766	-4.87344	-inf	0.944191	0.0558087	0	0.107549
150	-3.28761	-4.16421	-inf	0.964707	0.0352927	0	0.088157
151	-26.9568	-21.7669	-inf	0.0596186	0.940381	0	0.943648
152	-17.4945	-15.5944	-inf	0.629829	0.370171	0	0.404685
153	-3.54282	-4.41835	-inf	0.964671	0.0353292	0	0.0881915
154	-11.9858	-9.67785	-inf	0.530856	0.469144	0	0.498234
155	-4.49953	-5.41705	-inf	0.966075	0.0339253	0	0.0868646
156	-4.98541	-5.55901	-inf	0.952806	0.0471935	0	0.0994057
157	-19.8167	-14.7164	-inf	0.0648449	0.935155	0	0.938709
158	-3.28918	-4.17147	-inf	0.964901	0.0350993	0	0.0879742
159	-8.2895	-8.88723	-inf	0.95388	0.04612	0	0.098391
160	-4.11285	-5.0225	-inf	0.965815	0.0341846	0	0.0871096
161	-20.473	-15.2484	-inf	0.0576968	0.942303	0	0.945465
162	-7.32381	-7.90104	-inf	0.952969	0.0470308	0	0.0992519
163	-12.3351	-12.8986	-inf	0.952348	0.0476524	0	0.0998394
164	-13.1838	-14.0145	-inf	0.96311	0.0368896	0	0.0896664
165	-3.54191	-4.41402	-inf	0.964554	0.0354456	0	0.0883015
166	-13.6617	-14.6648	-inf	0.96877	0.0312297	0	0.0843167
167	-7.49123	-8.4239	-inf	0.966568	0.0334324	0	0.0863986
168	-15.1647	-15.8002	-inf	0.955513	0.0444866	0	0.0968471
169	-13.9389	-14.824	-inf	0.964996	0.0350041	0	0.0878842
170	-7.84845	-8.48783	-inf	0.955677	0.0443226	0	0.0966921
171	-3.28918	-4.17147	-inf	0.964901	0.0350993	0	0.0879742
172	-4.1569	-5.12358	-inf	0.967649	0.032351	0	0.0853765
173	-3.80817	-4.76848	-inf	0.967449	0.0325506	0	0.0855652
174	-3.59212	-4.56515	-inf	0.967847	0.0321527	0	0.085189
175	-4.48181	-5.50654	-inf	0.969418	0.0305819	0	0.0837044
176	-4.17233	-5.13723	-inf	0.967594	0.0324063	0	0.0854287
177	-12.6311	-13.3441	-inf	0.958694	0.041306	0	0.0938408
178	-4.32896	-5.12994	-inf	0.96204	0.0379597	0	0.0906778
179	-13.6553	-14.0564	-inf	0.944414	0.0555865	0	0.107339
180	-4.78499	-5.18783	-inf	0.944506	0.0554935	0	0.107251
181	-4.09279	-4.68238	-inf	0.95352	0.0464798	0	0.098731
182	-4.09279	-4.68238	-inf	0.95352	0.0464798	0	0.098731
183	-3.60618	-4.30765	-inf	0.958234	0.0417657	0	0.0942753
184	-25.2118	-17.3539	-inf	0.0043799	0.99562	0	0.99586
185	-4.05114	-4.94347	-inf	0.965239	0.0347608	0	0.0876543
186	-14.186	-14.5893	-inf	0.944532	0.0554681	0	0.107227
187	-21.771	-16.6807	-inf	0.0654499	0.93455	0	0.938137
188	-4.37877	-5.33528	-inf	0.967329	0.0326707	0	0.0856787
189	-10.2295	-10.7091	-inf	0.948392	0.0516079	0	0.103578
190	-13.1583	-10.7367	-inf	0.502506	0.497494	0	0.52503
191	-5.31105	-5.89598	-inf	0.953313	0.0466868	0	0.0989267
192	-3.28918	-4.17147	-inf	0.964901	0.0350993	0	0.0879742
193	-9.37827	-9.90632	-inf	0.950716	0.0492843	0	0.101382
194	-3.54191	-4.41402	-inf	0.964554	0.0354456	0	0.0883015
195	-5.15223	-5.71437	-inf	0.952288	0.0477116	0	0.0998954
196	-8.5815	-9.51691	-inf	0.966656	0.0333441	0	0.0863151
197	-10.2989	-11.0276	-inf	0.959309	0.0406908	0	0.0932593
198	-3.54282	-4.41835	-inf	0.964671	0.0353292	0	0.0881915
199	-23.838	-18.8565	-inf	0.0724315	0.927568	0	0.931538
200	-3.6736	-4.75061	-inf	0.97093	0.0290698	0	0.0822751
201	-3.6069	-4.3111	-inf	0.958344	0.0416562	0	0.0941718
202	-8.65818	-9.05734	-inf	0.944313	0.0556865	0	0.107433
203	-9.93401	-7.97927	-inf	0.616995	0.383005	0	0.416815
204	-9.48894	-10.0763	-inf	0.953421	0.0465791	0	0.0988249
205	-5.45456	-5.97994	-inf	0.95059	0.04941	0	0.101501
206	-22.903	-17.6852	-inf	0.0580734	0.941927	0	0.945109
207	-10.5178	-8.52974	-inf	0.609093	0.390907	0	0.424284
208	-5.12251	-5.6108	-inf	0.948819	0.0511812	0	0.103175
209	-3.6736	-4.75061	-inf	0.97093	0.0290698	0	0.0822751
210	-4.51571	-5.41842	-inf	0.965586	0.0344141	0	0.0873265
211	-4.279	-5.30749	-inf	0.969529	0.0304709	0	0.0835994
212	-8.41967	-9.28841	-inf	0.964439	0.0355613	0	0.0884108
213	-3.6736	-4.75061	-inf	0.97093	0.0290698	0	0.0822751
214	-3.59304	-4.56987	-inf	0.967966	0.0320345	0	0.0850773
215	-4.51571	-5.41842	-inf	0.965586	0.0344141	0	0.0873265
216	-38.622	-27.7274	-inf	0.000211068	0.999789	0	0.9998
217	-15.0965	-12.5983	-inf	0.483338	0.516662	0	0.543148
218	-4.77523	-5.33955	-inf	0.952387	0.047613	0	0.0998022
219	-7.70829	-8.27449	-inf	0.952473	0.0475272	0	0.099721
220	-9.44133	-7.40508	-inf	0.59756	0.40244	0	0.435185
221	-18.0845	-13.2425	-inf	0.0823746	0.917625	0	0.922139
222	-4.51571	-5.41842	-inf	0.965586	0.0344141	0	0.0873265
223	-5.12987	-5.4783	-inf	0.941585	0.0584152	0	0.110012
224	-7.74195	-8.40153	-inf	0.956525	0.0434745	0	0.0958905
225	-12.7469	-13.708	-inf	0.967473	0.0325269	0	0.0855428
226	-8.0265	-8.91141	-inf	0.964989	0.0350108	0	0.0878905
227	-3.96208	-4.54615	-inf	0.953275	0.0467251	0	0.0989629
228	-3.96208	-4.54615	-inf	0.953275	0.0467251	0	0.0989629
229	-4.48375	-5.51251	-inf	0.969537	0.0304626	0	0.0835916
230	-3.29013	-4.17587	-inf	0.965017	0.0349826	0	0.0878639
231	-19.4106	-19.9102	-inf	0.949362	0.0506376	0	0.102661
232	-11.0077	-8.92314	-inf	0.5859	0.4141	0	0.446206
233	-4.04864	-4.93468	-inf	0.965028	0.0349725	0	0.0878543
234	-3.95781	-4.53552	-inf	0.952991	0.0470094	0	0.0992316
235	-3.71208	-4.29527	-inf	0.953236	0.0467644	0	0.0990001
236	-4.17193	-5.13006	-inf	0.96738	0.0326196	0	0.0856304
237	-3.54027	-4.40624	-inf	0.964344	0.0356563	0	0.0885007
238	-3.80657	-4.76012	-inf	0.967236	0.0327643	0	0.0857671
239	-3.80657	-4.76012	-inf	0.967236	0.0327643	0	0.0857671
240	-5.01879	-5.37487	-inf	0.942004	0.0579959	0	0.109616
241	-4.77051	-5.32868	-inf	0.952108	0.0478923	0	0.100066
242	-8.17463	-9.01034	-inf	0.963288	0.0367116	0	0.0894981
243	-4.17529	-4.90549	-inf	0.959369	0.0406308	0	0.0932026
244	-4.11158	-5.01483	-inf	0.965604	0.0343964	0	0.0873098
245	-4.47644	-4.87305	-inf	0.944179	0.055821	0	0.10756
246	-3.95781	-4.53552	-inf	0.952991	0.0470094	0	0.0992316
247	-4.17193	-5.13006	-inf	0.96738	0.0326196	0	0.0856304
248	-18.9012	-19.4464	-inf	0.951515	0.048485	0	0.100626
249	-4.73318	-5.45932	-inf	0.959211	0.0407895	0	0.0933525
250	-8.58201	-9.1667	-inf	0.953302	0.0466978	0	0.0989371
251	-4.29038	-5.10873	-inf	0.96267	0.0373303	0	0.0900829
252	-4.6336	-5.24678	-inf	0.954555	0.0454452	0	0.0977532
253	-3.6049	-4.30142	-inf	0.958036	0.0419638	0	0.0944625
254	-8.08537	-8.96202	-inf	0.964709	0.035291	0	0.0881554
255	-8.17463	-9.01034	-inf	0.963288	0.0367116	0	0.0894981
256	-3.28747	-4.16354	-inf	0.964689	0.0353105	0	0.0881739
257	-11.4693	-12.018	-inf	0.951675	0.0483247	0	0.100475
258	-4.17529	-4.90549	-inf	0.959369	0.0406308	0	0.0932026
259	-4.59189	-5.46726	-inf	0.964666	0.0353345	0	0.0881965
260	-18.7241	-19.5484	-inf	0.962882	0.0371176	0	0.0898818
261	-31.5809	-26.4659	-inf	0.0639563	0.936044	0	0.939548
262	-10.1195	-10.5211	-inf	0.944441	0.0555589	0	0.107313
263	-11.9227	-12.4061	-inf	0.94858	0.0514196	0	0.1034
264	-3.28747	-4.16354	-inf	0.964689	0.0353105	0	0.0881739
265	-3.54027	-4.40624	-inf	0.964344	0.0356563	0	0.0885007
266	-4.49149	-5.3652	-inf	0.964609	0.0353912	0	0.0882501
267	-3.6049	-4.30142	-inf	0.958036	0.0419638	0	0.0944625
268	-25.5521	-20.6024	-inf	0.0745926	0.925407	0	0.929495
269	-15.2352	-13.2754	-inf	0.615791	0.384209	0	0.417953
270	-4.48375	-5.51251	-inf	0.969537	0.0304626	0	0.0835916
271	-20.7545	-21.68	-inf	0.966336	0.0336643	0	0.0866178
272	-3.6736	-4.75061	-inf	0.97093	0.0290698	0	0.0822751
273	-5.45456	-5.97994	-inf	0.95059	0.04941	0	0.101501
274	-13.4899	-11.4547	-inf	0.597826	0.402174	0	0.434934
275	-3.59304	-4.56987	-inf	0.967966	0.0320345	0	0.0850773
276	-4.81603	-5.62289	-inf	0.962254	0.0377456	0	0.0904755
277	-4.1795	-4.91778	-inf	0.959683	0.0403168	0	0.0929058
278	-4.59643	-5.48148	-inf	0.964994	0.035006	0	0.087886
279	-4.83625	-5.27193	-inf	0.946203	0.0537974	0	0.105648
280	-4.17642	-5.13793	-inf	0.967487	0.0325129	0	0.0855295
281	-9.72581	-10.2771	-inf	0.951791	0.0482092	0	0.100366
282	-5.15223	-5.71437	-inf	0.952288	0.0477116	0	0.0998954
283	-15.6893	-16.1361	-inf	0.946768	0.0532317	0	0.105113
284	-10.5585	-11.3221	-inf	0.960652	0.0393483	0	0.0919904
285	-4.47933	-4.88029	-inf	0.944408	0.055592	0	0.107344
286	-4.42651	-5.05671	-inf	0.955287	0.0447129	0	0.0970609
287	-5.15223	-5.71437	-inf	0.952288	0.0477116	0	0.0998954
288	-4.50031	-5.42142	-inf	0.966192	0.0338081	0	0.0867538
289	-4.38072	-5.34098	-inf	0.967448	0.0325522	0	0.0855667
290	-5.6006	-5.97659	-inf	0.943082	0.0569175	0	0.108597
291	-3.6736	-4.75061	-inf	0.97093	0.0290698	0	0.0822751
292	-9.73469	-10.6419	-inf	0.965734	0.0342662	0	0.0871867
293	-3.29013	-4.17587	-inf	0.965017	0.0349826	0	0.0878639
294	-3.7141	-4.3037	-inf	0.953521	0.0464794	0	0.0987306
295	-4.41017	-4.97858	-inf	0.952572	0.0474276	0	0.0996269
296	-3.54282	-4.41835	-inf	0.964671	0.0353292	0	0.0881915
297	-7.17018	-8.11731	-inf	0.967032	0.0329683	0	0.08596
298	-3.80905	-4.77312	-inf	0.967567	0.0324327	0	0.0854537
299	-8.85015	-9.80521	-inf	0.967284	0.0327163	0	0.0857218
300	-12.7987	-13.6017	-inf	0.962111	0.0378886	0	0.0906107
301	-3.90097	-4.93052	-inf	0.96956	0.0304396	0	0.0835698
302	-3.90097	-4.93052	-inf	0.96956	0.0304396	0	0.0835698
303	-3.54282	-4.41835	-inf	0.964671	0.0353292	0	0.0881915
304	-11.4006	-9.46747	-inf	0.622099	0.377901	0	0.411991
305	-5.10528	-5.59578	-inf	0.948926	0.0510743	0	0.103074
306	-4.73483	-5.46895	-inf	0.959522	0.040478	0	0.0930582
307	-3.29013	-4.17587	-inf	0.965017	0.0349826	0	0.0878639
308	-7.09965	-7.95003	-inf	0.963804	0.0361962	0	0.0890109
309	-15.229	-16.0745	-inf	0.963632	0.0363682	0	0.0891736
310	-3.54282	-4.41835	-inf	0.964671	0.0353292	0	0.0881915
311	-4.73483	-5.46895	-inf	0.959522	0.040478	0	0.0930582
312	-3.59304	-4.56987	-inf	0.967966	0.0320345	0	0.0850773
313	-3.6736	-4.75061	-inf	0.97093	0.0290698	0	0.0822751
314	-3.80905	-4.77312	-inf	0.967567	0.0324327	0	0.0854537
315	-4.33078	-4.91491	-inf	0.953278	0.0467223	0	0.0989603
316	-4.77523	-5.33955	-inf	0.952387	0.047613	0	0.0998022
317	-3.29013	-4.17587	-inf	0.965017	0.0349826	0	0.0878639
318	-3.59304	-4.56987	-inf	0.967966	0.0320345	0	0.0850773
319	-4.15829	-5.12875	-inf	0.967767	0.0322327	0	0.0852646
320	-3.6069	-4.3111	-inf	0.958344	0.0416562	0	0.0941718
321	-18.5896	-16.2676	-inf	0.527365	0.472635	0	0.501534
322	-3.29013	-4.17587	-inf	0.965017	0.0349826	0	0.0878639
323	-3.59304	-4.56987	-inf	0.967966	0.0320345	0	0.0850773
324	-4.11356	-5.02675	-inf	0.965932	0.0340676	0	0.0869991
325	-3.6736	-4.75061	-inf	0.97093	0.0290698	0	0.0822751
326	-4.59643	-5.48148	-inf	0.964994	0.035006	0	0.087886
327	-4.11356	-5.02675	-inf	0.965932	0.0340676	0	0.0869991
328	-4.17254	-5.14121	-inf	0.967711	0.0322885	0	0.0853174
329	-3.59304	-4.56987	-inf	0.967966	0.0320345	0	0.0850773
330	-4.51571	-5.41842	-inf	0.965586	0.0344141	0	0.0873265
331	-4.29362	-5.121	-inf	0.962993	0.0370073	0	0.0897777
332	-4.61669	-5.35678	-inf	0.959753	0.0402471	0	0.0928399
333	-11.8237	-9.80754	-inf	0.602388	0.397612	0	0.430622
334	-9.82198	-7.81014	-inf	0.603416	0.396584	0	0.42965
335	-22.0216	-17.0885	-inf	0.0757522	0.924248	0	0.928399
336	-8.04436	-8.9184	-inf	0.96462	0.0353799	0	0.0882394
337	-3.59304	-4.56987	-inf	0.967966	0.0320345	0	0.0850773
338	-10.8957	-11.6326	-inf	0.959627	0.0403729	0	0.0929588
339	-4.29362	-5.121	-inf	0.962993	0.0370073	0	0.0897777
340	-4.49609	-5.37945	-inf	0.964937	0.0350631	0	0.0879399
341	-4.33078	-4.91491	-inf	0.953278	0.0467223	0	0.0989603
342	-4.1569	-5.12358	-inf	0.967649	0.032351	0	0.0853765
343	-3.54191	-4.41402	-inf	0.964554	0.0354456	0	0.0883015
344	-28.5135	-20.715	-inf	0.00464669	0.995353	0	0.995608
345	-18.2822	-18.6982	-inf	0.945189	0.0548106	0	0.106605
346	-4.51416	-5.41335	-inf	0.965469	0.0345313	0	0.0874373
347	-3.28918	-4.17147	-inf	0.964901	0.0350993	0	0.0879742
348	-16.2404	-13.7558	-inf	0.486746	0.513254	0	0.539927
349	-19.7647	-20.4082	-inf	0.955852	0.044148	0	0.096527
350	-3.54191	-4.41402	-inf	0.964554	0.0354456	0	0.0883015
351	-3.54191	-4.41402	-inf	0.964554	0.0354456	0	0.0883015
352	-3.89971	-4.92524	-inf	0.969442	0.0305584	0	0.0836821
353	-3.60618	-4.30765	-inf	0.958234	0.0417657	0	0.0942753
354	-13.1908	-13.9532	-inf	0.960607	0.0393934	0	0.092033
355	-3.28918	-4.17147	-inf	0.964901	0.0350993	0	0.0879742
356	-7.90037	-8.71346	-inf	0.96248	0.0375196	0	0.0902619
357	-9.37039	-10.2507	-inf	0.964834	0.0351661	0	0.0880374
358	-3.80817	-4.76848	-inf	0.967449	0.0325506	0	0.0855652
359	-4.40815	-4.97435	-inf	0.952473	0.0475274	0	0.0997213
360	-3.80817	-4.76848	-inf	0.967449	0.0325506	0	0.0855652
361	-24.7978	-19.9399	-inf	0.0811887	0.918811	0	0.92326
362	-4.32896	-5.12994	-inf	0.96204	0.0379597	0	0.0906778
363	-20.3078	-20.8705	-inf	0.952317	0.0476834	0	0.0998687
364	-4.11285	-5.0225	-inf	0.965815	0.0341846	0	0.0871096
365	-8.09465	-8.50909	-inf	0.945111	0.0548888	0	0.106679
366	-3.80817	-4.76848	-inf	0.967449	0.0325506	0	0.0855652
367	-3.96692	-4.8194	-inf	0.963877	0.0361231	0	0.0889418
368	-3.80817	-4.76848	-inf	0.967449	0.0325506	0	0.0855652
369	-17.4559	-15.3949	-inf	0.59159	0.40841	0	0.440828
370	-4.27699	-5.30144	-inf	0.96941	0.0305903	0	0.0837123
371	-4.29246	-5.11662	-inf	0.962878	0.0371223	0	0.0898863
372	-4.4783	-4.87771	-inf	0.944326	0.0556736	0	0.107421
373	-4.27699	-5.30144	-inf	0.96941	0.0305903	0	0.0837123
374	-3.80817	-4.76848	-inf	0.967449	0.0325506	0	0.0855652
375	-11.2447	-9.20789	-inf	0.597424	0.402576	0	0.435314
376	-3.67282	-4.74563	-inf	0.970811	0.0291886	0	0.0823874
377	-4.63589	-5.25341	-inf	0.954742	0.0452575	0	0.0975758
381	-4.50031	-5.42142	-inf	0.966192	0.0338081	0	0.0867538
382	-4.11356	-5.02675	-inf	0.965932	0.0340676	0	0.0869991
383	-3.54282	-4.41835	-inf	0.964671	0.0353292	0	0.0881915
384	-21.0106	-15.4532	-inf	0.0420525	0.957947	0	0.960252
385	-7.81402	-8.22655	-inf	0.945012	0.0549883	0	0.106773
386	-11.2876	-9.15479	-inf	0.574125	0.425875	0	0.457336
387	-4.17642	-5.13793	-inf	0.967487	0.0325129	0	0.0855295
388	-10.8215	-11.6832	-inf	0.964197	0.0358035	0	0.0886398
389	-11.0148	-8.55046	-inf	0.491795	0.508205	0	0.535155
390	-3.29013	-4.17587	-inf	0.965017	0.0349826	0	0.0878639
391	-16.2556	-11.3629	-inf	0.0786289	0.921371	0	0.92568
392	-7.5264	-8.17883	-inf	0.956227	0.0437725	0	0.0961721
393	-24.0815	-16.1596	-inf	0.00410961	0.99589	0	0.996116
394	-18.021	-13.0665	-inf	0.0742663	0.925734	0	0.929803
395	-3.54282	-4.41835	-inf	0.964671	0.0353292	0	0.0881915
396	-13.9264	-14.5308	-inf	0.954172	0.0458279	0	0.0981149
397	-11.2302	-8.91544	-inf	0.529167	0.470833	0	0.499831
398	-3.59304	-4.56987	-inf	0.967966	0.0320345	0	0.0850773
399	-40.4874	-35.2907	-inf	0.059235	0.940765	0	0.944011
400	-3.90097	-4.93052	-inf	0.96956	0.0304396	0	0.0835698
401	-22.401	-17.3706	-inf	0.0692105	0.93079	0	0.934582
402	-9.39785	-10.2749	-inf	0.964723	0.0352769	0	0.0881421
403	-4.77733	-5.31506	-inf	0.951167	0.0488331	0	0.100955
404	-7.50318	-8.50163	-inf	0.968629	0.0313709	0	0.0844501
405	-4.49609	-5.37945	-inf	0.964937	0.0350631	0	0.0879399
406	-4.15829	-5.12875	-inf	0.967767	0.0322327	0	0.0852646
407	-5.15223	-5.71437	-inf	0.952288	0.0477116	0	0.0998954
408	-4.279	-5.30749	-inf	0.969529	0.0304709	0	0.0835994
409	-4.15829	-5.12875	-inf	0.967767	0.0322327	0	0.0852646
410	-4.17254	-5.14121	-inf	0.967711	0.0322885	0	0.0853174
411	-21.4524	-19.3368	-inf	0.578324	0.421676	0	0.453367
412	-4.279	-5.30749	-inf	0.969529	0.0304709	0	0.0835994
413	-4.7352	-5.36543	-inf	0.955289	0.0447114	0	0.0970596
414	-11.1242	-11.6548	-inf	0.950835	0.0491648	0	0.101269
415	-3.7141	-4.3037	-inf	0.953521	0.0464794	0	0.0987306
416	-3.96208	-4.54615	-inf	0.953275	0.0467251	0	0.0989629
417	-4.17254	-5.14121	-inf	0.967711	0.0322885	0	0.0853174
418	-4.17254	-5.14121	-inf	0.967711	0.0322885	0	0.0853174
419	-3.90097	-4.93052	-inf	0.96956	0.0304396	0	0.0835698
420	-3.96208	-4.54615	-inf	0.953275	0.0467251	0	0.0989629
421	-3.59304	-4.56987	-inf	0.967966	0.0320345	0	0.0850773
422	-14.6981	-15.4194	-inf	0.959018	0.0409818	0	0.0935343
423	-12.5124	-10.4353	-inf	0.587697	0.412303	0	0.444508
424	-4.50031	-5.42142	-inf	0.966192	0.0338081	0	0.0867538
425	-3.80905	-4.77312	-inf	0.967567	0.0324327	0	0.0854537
426	-8.33356	-8.89348	-inf	0.952187	0.047813	0	0.0999912
427	-13.6926	-14.551	-inf	0.96408	0.0359198	0	0.0887497
428	-4.1795	-4.91778	-inf	0.959683	0.0403168	0	0.0929058
429	-3.54282	-4.41835	-inf	0.964671	0.0353292	0	0.0881915
430	-3.59304	-4.56987	-inf	0.967966	0.0320345	0	0.0850773
431	-5.02412	-5.38411	-inf	0.942217	0.0577826	0	0.109414
432	-3.90097	-4.93052	-inf	0.96956	0.0304396	0	0.0835698
433	-5.35372	-5.88507	-inf	0.95087	0.0491299	0	0.101236
434	-3.6069	-4.3111	-inf	0.958344	0.0416562	0	0.0941718
435	-4.11356	-5.02675	-inf	0.965932	0.0340676	0	0.0869991
436	-17.4399	-18.2854	-inf	0.963634	0.0363662	0	0.0891716
437	-8.95105	-9.58675	-inf	0.955521	0.0444787	0	0.0968396
438	-5.56248	-5.99767	-inf	0.946178	0.0538223	0	0.105671
439	-4.17642	-5.13793	-inf	0.967487	0.0325129	0	0.0855295
440	-9.96045	-10.5864	-inf	0.955106	0.0448942	0	0.0972324
441	-3.59304	-4.56987	-inf	0.967966	0.0320345	0	0.0850773
442	-12.5861	-13.4509	-inf	0.964305	0.0356946	0	0.0885368
443	-3.29013	-4.17587	-inf	0.965017	0.0349826	0	0.0878639
444	-3.54282	-4.41835	-inf	0.964671	0.0353292	0	0.0881915
445	-16.1653	-14.1161	-inf	0.594438	0.405562	0	0.438136
446	-15.1308	-15.9904	-inf	0.964123	0.035877	0	0.0887093
447	-10.2122	-10.5725	-inf	0.942237	0.0577632	0	0.109396
448	-6.79777	-7.65808	-inf	0.964149	0.0358512	0	0.0886849
449	-4.32991	-5.13402	-inf	0.962154	0.0378455	0	0.0905699
450	-4.77523	-5.33955	-inf	0.952387	0.047613	0	0.0998022
451	-4.09413	-4.68602	-inf	0.953622	0.046378	0	0.0986349
452	-3.80905	-4.77312	-inf	0.967567	0.0324327	0	0.0854537
453	-16.7565	-14.8607	-inf	0.630825	0.369175	0	0.403743
454	-11.7411	-12.4785	-inf	0.959648	0.0403517	0	0.0929387
455	-7.95138	-8.49757	-inf	0.951558	0.0484417	0	0.100585
456	-8.66446	-9.38844	-inf	0.959126	0.0408736	0	0.0934321
457	-4.11356	-5.02675	-inf	0.965932	0.0340676	0	0.0869991
458	-3.29013	-4.17587	-inf	0.965017	0.0349826	0	0.0878639
459	-4.33078	-4.91491	-inf	0.953278	0.0467223	0	0.0989603
460	-3.29013	-4.17587	-inf	0.965017	0.0349826	0	0.0878639
461	-8.08735	-8.97394	-inf	0.965046	0.034954	0	0.0878368
462	-14.2108	-15.1857	-inf	0.967904	0.0320957	0	0.0851351
463	-10.1358	-8.10115	-inf	0.597937	0.402063	0	0.434829
464	-9.00886	-9.9345	-inf	0.96634	0.0336604	0	0.0866141
465	-4.77523	-5.33955	-inf	0.952387	0.047613	0	0.0998022
466	-4.61669	-5.35678	-inf	0.959753	0.0402471	0	0.0928399
467	-7.75279	-8.16603	-inf	0.945049	0.0549506	0	0.106738
468	-11.4447	-12.1884	-inf	0.959895	0.0401047	0	0.0927053
469	-4.73483	-5.46895	-inf	0.959522	0.040478	0	0.0930582
470	-14.5375	-15.3924	-inf	0.963961	0.0360387	0	0.0888621
471	-3.54282	-4.41835	-inf	0.964671	0.0353292	0	0.0881915
472	-3.90097	-4.93052	-inf	0.96956	0.0304396	0	0.0835698
473	-4.61669	-5.35678	-inf	0.959753	0.0402471	0	0.0928399
474	-7.63704	-8.35632	-inf	0.958942	0.0410584	0	0.0936067
475	-4.47933	-4.88029	-inf	0.944408	0.055592	0	0.107344
476	-4.83625	-5.27193	-inf	0.946203	0.0537974	0	0.105648
477	-8.65711	-9.13968	-inf	0.94854	0.0514596	0	0.103438
478	-3.29013	-4.17587	-inf	0.965017	0.0349826	0	0.0878639
479	-4.29362	-5.121	-inf	0.962993	0.0370073	0	0.0897777
480	-9.23357	-9.97812	-inf	0.959925	0.0400748	0	0.092677
481	-9.1081	-9.98172	-inf	0.964606	0.035394	0	0.0882528
482	-10.6101	-11.0318	-inf	0.945485	0.0545145	0	0.106325
483	-4.78655	-5.19096	-inf	0.944589	0.0554114	0	0.107173
484	-3.6069	-4.3111	-inf	0.958344	0.0416562	0	0.0941718
485	-4.57634	-4.99031	-inf	0.945086	0.0549135	0	0.106703
486	-4.83625	-5.27193	-inf	0.946203	0.0537974	0	0.105648
487	-11.5118	-12.4025	-inf	0.965184	0.0348164	0	0.0877068
488	-4.17254	-5.14121	-inf	0.967711	0.0322885	0	0.0853174
489	-3.54282	-4.41835	-inf	0.964671	0.0353292	0	0.0881915
490	-9.26413	-9.88325	-inf	0.954811	0.0451886	0	0.0975106
491	-4.17254	-5.14121	-inf	0.967711	0.0322885	0	0.0853174
492	-4.29362	-5.121	-inf	0.962993	0.0370073	0	0.0897777
493	-3.29013	-4.17587	-inf	0.965017	0.0349826	0	0.0878639
494	-4.1795	-4.91778	-inf	0.959683	0.0403168	0	0.0929058
495	-3.54282	-4.41835	-inf	0.964671	0.0353292	0	0.0881915
496	-3.54282	-4.41835	-inf	0.964671	0.0353292	0	0.0881915
497	-3.54282	-4.41835	-inf	0.964671	0.0353292	0	0.0881915
498	-9.36314	-9.80875	-inf	0.946706	0.053294	0	0.105172
499	-3.96208	-4.54615	-inf	0.953275	0.0467251	0	0.0989629
500	-5.35372	-5.88507	-inf	0.95087	0.0491299	0	0.101236
501	-3.90097	-4.93052	-inf	0.96956	0.0304396	0	0.0835698
502	-3.7141	-4.3037	-inf	0.953521	0.0464794	0	0.0987306
503	-3.59304	-4.56987	-inf	0.967966	0.0320345	0	0.0850773
504	-10.1905	-11.1005	-inf	0.965825	0.0341753	0	0.0871008
505	-5.31216	-5.89936	-inf	0.953414	0.0465856	0	0.0988311
506	-3.29013	-4.17587	-inf	0.965017	0.0349826	0	0.0878639
507	-13.6463	-14.305	-inf	0.956489	0.043511	0	0.0959249
508	-12.5139	-12.9255	-inf	0.944962	0.0550383	0	0.106821
509	-8.03467	-8.9572	-inf	0.966239	0.0337615	0	0.0867097
510	-4.63716	-5.25708	-inf	0.954846	0.0451538	0	0.0974777
511	-12.4209	-10.1454	-inf	0.538943	0.461057	0	0.49059
512	-16.0404	-13.9813	-inf	0.59206	0.40794	0	0.440384
513	-4.11356	-5.02675	-inf	0.965932	0.0340676	0	0.0869991
514	-3.96767	-4.82348	-inf	0.963993	0.0360074	0	0.0888325
515	-4.17254	-5.14121	-inf	0.967711	0.0322885	0	0.0853174
516	-10.4747	-11.3728	-inf	0.965431	0.0345687	0	0.0874727
517	-3.96208	-4.54615	-inf	0.953275	0.0467251	0	0.0989629
518	-8.65818	-9.05734	-inf	0.944313	0.0556865	0	0.107433
519	-19.6948	-20.3048	-inf	0.954417	0.0455829	0	0.0978833
520	-10.9636	-11.6594	-inf	0.958006	0.0419935	0	0.0944906
521	-4.48375	-5.51251	-inf	0.969537	0.0304626	0	0.0835916
522	-4.29362	-5.121	-inf	0.962993	0.0370073	0	0.0897777
523	-18.9904	-16.6735	-inf	0.528628	0.471372	0	0.50034
524	-11.9748	-10.0406	-inf	0.621851	0.378149	0	0.412226
525	-4.05252	-4.94834	-inf	0.965356	0.0346439	0	0.0875438
526	-4.17254	-5.14121	-inf	0.967711	0.0322885	0	0.0853174
527	-8.23788	-9.03734	-inf	0.961985	0.0380154	0	0.0907305
528	-4.17642	-5.13793	-inf	0.967487	0.0325129	0	0.0855295
529	-3.6069	-4.3111	-inf	0.958344	0.0416562	0	0.0941718
530	-5.31216	-5.89936	-inf	0.953414	0.0465856	0	0.0988311
531	-4.32991	-5.13402	-inf	0.962154	0.0378455	0	0.0905699
532	-9.13803	-10.0072	-inf	0.964454	0.0355462	0	0.0883966
533	-9.4078	-10.3707	-inf	0.96753	0.0324699	0	0.0854889
534	-9.3667	-10.2617	-inf	0.965328	0.0346715	0	0.0875698
535	-4.47933	-4.88029	-inf	0.944408	0.055592	0	0.107344
536	-3.59304	-4.56987	-inf	0.967966	0.0320345	0	0.0850773
537	-4.29362	-5.121	-inf	0.962993	0.0370073	0	0.0897777
538	-3.80905	-4.77312	-inf	0.967567	0.0324327	0	0.0854537
539	-4.51571	-5.41842	-inf	0.965586	0.0344141	0	0.0873265
540	-4.61669	-5.35678	-inf	0.959753	0.0402471	0	0.0928399
541	-4.17642	-5.13793	-inf	0.967487	0.0325129	0	0.0855295
542	-3.80905	-4.77312	-inf	0.967567	0.0324327	0	0.0854537
543	-4.78655	-5.19096	-inf	0.944589	0.0554114	0	0.107173
544	-9.8758	-10.5183	-inf	0.955811	0.0441889	0	0.0965657
545	-4.91185	-5.4883	-inf	0.952934	0.0470657	0	0.0992848
546	-4.49609	-5.37945	-inf	0.964937	0.0350631	0	0.0879399
547	-5.12987	-5.4783	-inf	0.941585	0.0584152	0	0.110012
548	-3.90097	-4.93052	-inf	0.96956	0.0304396	0	0.0835698
549	-5.02412	-5.38411	-inf	0.942217	0.0577826	0	0.109414
550	-3.59304	-4.56987	-inf	0.967966	0.0320345	0	0.0850773
551	-21.0533	-21.8381	-inf	0.961445	0.0385549	0	0.0912404
552	-4.29362	-5.121	-inf	0.962993	0.0370073	0	0.0897777
553	-3.59304	-4.56987	-inf	0.967966	0.0320345	0	0.0850773
554	-9.7493	-10.3094	-inf	0.952197	0.0478028	0	0.0999815
555	-3.29013	-4.17587	-inf	0.965017	0.0349826	0	0.0878639
556	-5.36868	-5.98025	-inf	0.954485	0.0455154	0	0.0978195
557	-4.11356	-5.02675	-inf	0.965932	0.0340676	0	0.0869991
558	-3.80905	-4.77312	-inf	0.967567	0.0324327	0	0.0854537
559	-4.11356	-5.02675	-inf	0.965932	0.0340676	0	0.0869991
560	-4.57634	-4.99031	-inf	0.945086	0.0549135	0	0.106703
561	-3.29013	-4.17587	-inf	0.965017	0.0349826	0	0.0878639
562	-4.77523	-5.33955	-inf	0.952387	0.047613	0	0.0998022
563	-9.70461	-10.7116	-inf	0.968889	0.0311111	0	0.0842045
564	-3.54282	-4.41835	-inf	0.964671	0.0353292	0	0.0881915
565	-4.50031	-5.42142	-inf	0.966192	0.0338081	0	0.0867538
566	-4.11356	-5.02675	-inf	0.965932	0.0340676	0	0.0869991
567	-11.5742	-12.2088	-inf	0.955474	0.0445262	0	0.0968845
568	-8.68999	-9.57184	-inf	0.964886	0.0351142	0	0.0879883
569	-4.38072	-5.34098	-inf	0.967448	0.0325522	0	0.0855667
570	-3.54282	-4.41835	-inf	0.964671	0.0353292	0	0.0881915
571	-13.7231	-11.3353	-inf	0.510929	0.489071	0	0.517069
572	-13.1057	-10.8249	-inf	0.537617	0.462383	0	0.491843
573	-4.78655	-5.19096	-inf	0.944589	0.0554114	0	0.107173
574	-4.17642	-5.13793	-inf	0.967487	0.0325129	0	0.0855295
575	-4.32991	-5.13402	-inf	0.962154	0.0378455	0	0.0905699
576	-3.54282	-4.41835	-inf	0.964671	0.0353292	0	0.0881915
577	-4.17254	-5.14121	-inf	0.967711	0.0322885	0	0.0853174
578	-3.6736	-4.75061	-inf	0.97093	0.0290698	0	0.0822751
579	-3.29013	-4.17587	-inf	0.965017	0.0349826	0	0.0878639
580	-9.69657	-10.5103	-inf	0.962503	0.0374967	0	0.0902402
581	-3.96208	-4.54615	-inf	0.953275	0.0467251	0	0.0989629
582	-3.54282	-4.41835	-inf	0.964671	0.0353292	0	0.0881915
583	-15.6122	-16.0444	-inf	0.946028	0.0539725	0	0.105813
584	-4.73483	-5.46895	-inf	0.959522	0.040478	0	0.0930582
585	-3.54282	-4.41835	-inf	0.964671	0.0353292	0	0.0881915
586	-3.96767	-4.82348	-inf	0.963993	0.0360074	0	0.0888325
587	-4.83625	-5.27193	-inf	0.946203	0.0537974	0	0.105648
588	-4.7352	-5.36543	-inf	0.955289	0.0447114	0	0.0970596
589	-4.17254	-5.14121	-inf	0.967711	0.0322885	0	0.0853174
590	-3.54282	-4.41835	-inf	0.964671	0.0353292	0	0.0881915
591	-5.35372	-5.88507	-inf	0.95087	0.0491299	0	0.101236
592	-4.29362	-5.121	-inf	0.962993	0.0370073	0	0.0897777
593	-18.1226	-19.0479	-inf	0.966329	0.0336708	0	0.086624
594	-5.12987	-5.4783	-inf	0.941585	0.0584152	0	0.110012
595	-14.5735	-12.1548	-inf	0.503225	0.496775	0	0.524351
596	-4.1795	-4.91778	-inf	0.959683	0.0403168	0	0.0929058
597	-3.80905	-4.77312	-inf	0.967567	0.0324327	0	0.0854537
598	-9.52982	-10.2651	-inf	0.959569	0.0404313	0	0.093014
599	-4.59643	-5.48148	-inf	0.964994	0.035006	0	0.087886
600	-7.82901	-8.39712	-inf	0.952559	0.0474411	0	0.0996397
601	-4.11356	-5.02675	-inf	0.965932	0.0340676	0	0.0869991
602	-3.80905	-4.77312	-inf	0.967567	0.0324327	0	0.0854537
603	-4.29362	-5.121	-inf	0.962993	0.0370073	0	0.0897777
604	-3.90097	-4.93052	-inf	0.96956	0.0304396	0	0.0835698
605	-3.29013	-4.17587	-inf	0.965017	0.0349826	0	0.0878639
606	-8.85685	-9.39939	-inf	0.95139	0.0486101	0	0.100745
607	-4.1795	-4.91778	-inf	0.959683	0.0403168	0	0.0929058
608	-4.09413	-4.68602	-inf	0.953622	0.046378	0	0.0986349
609	-8.65219	-9.35227	-inf	0.958179	0.0418214	0	0.094328
610	-15.9364	-12.8511	-inf	0.342147	0.657853	0	0.676602
611	-3.54282	-4.41835	-inf	0.964671	0.0353292	0	0.0881915
612	-4.61669	-5.35678	-inf	0.959753	0.0402471	0	0.0928399
613	-14.4322	-12.3896	-inf	0.596031	0.403969	0	0.436631
614	-11.2947	-9.19925	-inf	0.583234	0.416766	0	0.448726
615	-3.80905	-4.77312	-inf	0.967567	0.0324327	0	0.0854537
616	-4.77733	-5.31506	-inf	0.951167	0.0488331	0	0.100955
617	-20.6708	-15.6861	-inf	0.0722165	0.927784	0	0.931741
618	-3.54282	-4.41835	-inf	0.964671	0.0353292	0	0.0881915
619	-11.3502	-9.29822	-inf	0.59378	0.40622	0	0.438759
620	-4.48375	-5.51251	-inf	0.969537	0.0304626	0	0.0835916
621	-4.73483	-5.46895	-inf	0.959522	0.040478	0	0.0930582
622	-4.59643	-5.48148	-inf	0.964994	0.035006	0	0.087886
623	-13.4407	-11.3596	-inf	0.586731	0.413269	0	0.44542
624	-3.59304	-4.56987	-inf	0.967966	0.0320345	0	0.0850773
625	-21.7939	-16.8123	-inf	0.0724185	0.927582	0	0.93155
626	-12.7888	-10.7576	-inf	0.59878	0.40122	0	0.434032
627	-5.10528	-5.59578	-inf	0.948926	0.0510743	0	0.103074
628	-7.81402	-8.22655	-inf	0.945012	0.0549883	0	0.106773
629	-3.59304	-4.56987	-inf	0.967966	0.0320345	0	0.0850773
630	-3.59304	-4.56987	-inf	0.967966	0.0320345	0	0.0850773
631	-11.2095	-11.8033	-inf	0.953704	0.046296	0	0.0985573
632	-7.50318	-8.50163	-inf	0.968629	0.0313709	0	0.0844501
633	-4.38072	-5.34098	-inf	0.967448	0.0325522	0	0.0855667
634	-4.38072	-5.34098	-inf	0.967448	0.0325522	0	0.0855667
635	-8.36713	-9.31598	-inf	0.967086	0.0329136	0	0.0859082
636	-4.17254	-5.14121	-inf	0.967711	0.0322885	0	0.0853174
637	-3.6069	-4.3111	-inf	0.958344	0.0416562	0	0.0941718
638	-4.29362	-5.121	-inf	0.962993	0.0370073	0	0.0897777
639	-8.68737	-9.57773	-inf	0.965173	0.0348271	0	0.0877169
640	-4.59643	-5.48148	-inf	0.964994	0.035006	0	0.087886
641	-4.05252	-4.94834	-inf	0.965356	0.0346439	0	0.0875438
642	-4.32991	-5.13402	-inf	0.962154	0.0378455	0	0.0905699
643	-17.7147	-18.3558	-inf	0.955749	0.0442507	0	0.0966241
644	-4.49609	-5.37945	-inf	0.964937	0.0350631	0	0.0879399
645	-4.09413	-4.68602	-inf	0.953622	0.046378	0	0.0986349
646	-8.53262	-9.41381	-inf	0.964863	0.0351366	0	0.0880095
647	-3.29013	-4.17587	-inf	0.965017	0.0349826	0	0.0878639
683	-4.81529	-5.62012	-inf	0.96218	0.0378196	0	0.0905454
684	-4.17853	-4.91494	-inf	0.959611	0.0403892	0	0.0929742
685	-10.7256	-8.82462	-inf	0.629627	0.370373	0	0.404875
686	-10.9817	-11.9091	-inf	0.966396	0.0336045	0	0.0865613
687	-4.96072	-5.65731	-inf	0.958039	0.0419613	0	0.0944602
688	-4.05162	-4.94518	-inf	0.96528	0.0347196	0	0.0876153
689	-3.59245	-4.56681	-inf	0.967889	0.032111	0	0.0851497
690	-9.21724	-10.1114	-inf	0.965301	0.0346986	0	0.0875954
691	-4.2777	-5.30357	-inf	0.969452	0.0305481	0	0.0836724
692	-4.37946	-5.33729	-inf	0.967371	0.0326289	0	0.0856392
693	-3.59245	-4.56681	-inf	0.967889	0.032111	0	0.0851497
694	-4.37946	-5.33729	-inf	0.967371	0.0326289	0	0.0856392
695	-4.32995	-4.91261	-inf	0.953212	0.0467878	0	0.0990222
696	-4.1751	-5.13418	-inf	0.96741	0.0325896	0	0.085602
697	-3.71363	-4.30175	-inf	0.953455	0.0465451	0	0.0987928
698	-20.0714	-18.122	-inf	0.618257	0.381743	0	0.415622
699	-5.17056	-5.78058	-inf	0.954417	0.0455828	0	0.0978832
700	-4.17853	-4.91494	-inf	0.959611	0.0403892	0	0.0929742
701	-5.36703	-5.97706	-inf	0.954418	0.0455825	0	0.0978829
702	-4.91122	-5.48622	-inf	0.952869	0.0471307	0	0.0993463
703	-4.47866	-4.87862	-inf	0.944355	0.0556449	0	0.107394
704	-16.3826	-14.0875	-inf	0.534055	0.465945	0	0.495211
705	-4.47866	-4.87862	-inf	0.944355	0.0556449	0	0.107394
706	-4.09326	-4.68366	-inf	0.953556	0.0464439	0	0.0986972
707	-9.59681	-10.4779	-inf	0.964859	0.0351412	0	0.0880138
708	-4.78554	-5.18893	-inf	0.944535	0.0554646	0	0.107224
709	-6.79715	-7.65523	-inf	0.964071	0.0359286	0	0.088758
710	-4.5147	-5.41514	-inf	0.96551	0.03449	0	0.0873982
711	-5.17056	-5.78058	-inf	0.954417	0.0455828	0	0.0978832
712	-8.77698	-9.50811	-inf	0.959405	0.0405947	0	0.0931684
713	-11.1169	-11.9358	-inf	0.962689	0.0373115	0	0.0900651
714	-9.66108	-10.3949	-inf	0.95951	0.0404898	0	0.0930693
715	-10.7296	-11.1489	-inf	0.94536	0.0546396	0	0.106444
716	-4.1131	-5.02399	-inf	0.965857	0.0341434	0	0.0870707
717	-11.0888	-11.7035	-inf	0.95462	0.0453804	0	0.0976919
718	-3.28951	-4.17302	-inf	0.964942	0.0350582	0	0.0879353
719	-11.885	-9.84113	-inf	0.595715	0.404285	0	0.43693
720	-4.77414	-5.33703	-inf	0.952323	0.0476775	0	0.0998631
721	-8.20777	-8.77752	-inf	0.952633	0.0473669	0	0.0995696
722	-11.8293	-12.21	-inf	0.943337	0.0566631	0	0.108356
723	-9.94924	-10.5134	-inf	0.952378	0.0476219	0	0.0998106
724	-30.1908	-30.9388	-inf	0.960057	0.0399433	0	0.0925527
725	-3.60644	-4.30886	-inf	0.958273	0.0417271	0	0.0942388
726	-5.10432	-5.59359	-inf	0.948866	0.0511341	0	0.10313
727	-12.613	-13.0016	-inf	0.943755	0.0562451	0	0.107961
728	-10.2394	-10.8042	-inf	0.952411	0.0475893	0	0.0997797
729	-17.4703	-15.5087	-inf	0.615372	0.384628	0	0.41835
730	-18.1603	-18.8966	-inf	0.959605	0.040395	0	0.0929797
731	-25.3552	-25.9033	-inf	0.951646	0.0483539	0	0.100502
732	-11.9128	-12.644	-inf	0.959408	0.0405921	0	0.093166
733	-12.0048	-9.97848	-inf	0.599937	0.400063	0	0.432938
734	-5.75421	-6.16324	-inf	0.944829	0.0551705	0	0.106946
735	-4.29287	-5.11816	-inf	0.962918	0.0370818	0	0.089848
736	-14.2248	-14.6124	-inf	0.943703	0.0562967	0	0.10801
737	-4.5147	-5.41514	-inf	0.96551	0.03449	0	0.0873982
738	-27.5542	-22.3673	-inf	0.0597858	0.940214	0	0.94349
739	-4.77664	-5.31302	-inf	0.951104	0.0488959	0	0.101015
740	-4.49502	-5.37615	-inf	0.964861	0.0351387	0	0.0880114
741	-3.54223	-4.41555	-inf	0.964595	0.0354046	0	0.0882627
742	-9.96713	-10.5346	-inf	0.95253	0.0474695	0	0.0996665
743	-12.037	-12.8798	-inf	0.963541	0.0364591	0	0.0892595
744	-14.8976	-15.4566	-inf	0.952148	0.047852	0	0.100028
745	-4.73412	-5.36276	-inf	0.955221	0.0447793	0	0.0971237
746	-4.73412	-5.36276	-inf	0.955221	0.0447793	0	0.0971237
747	-5.12982	-5.47738	-inf	0.941537	0.0584633	0	0.110058
748	-5.17056	-5.78058	-inf	0.954417	0.0455828	0	0.0978832
749	-17.5639	-18.3847	-inf	0.962756	0.0372438	0	0.0900012
750	-8.28984	-8.88836	-inf	0.953915	0.0460855	0	0.0983583
751	-4.47866	-4.87862	-inf	0.944355	0.0556449	0	0.107394
752	-16.1143	-16.6734	-inf	0.952149	0.0478506	0	0.100027
753	-21.834	-22.5083	-inf	0.957132	0.0428683	0	0.0953174
754	-5.02289	-5.38198	-inf	0.942168	0.0578319	0	0.109461
755	-7.99152	-8.47621	-inf	0.948643	0.0513566	0	0.103341
756	-14.4103	-12.4786	-inf	0.622426	0.377574	0	0.411682
757	-11.7953	-12.4029	-inf	0.954313	0.0456874	0	0.0979821
758	-3.60644	-4.30886	-inf	0.958273	0.0417271	0	0.0942388
759	-3.54223	-4.41555	-inf	0.964595	0.0354046	0	0.0882627
760	-9.66865	-10.1649	-inf	0.949204	0.0507962	0	0.102811
761	-4.1724	-5.13863	-inf	0.967635	0.0323648	0	0.0853895
762	-10.2634	-8.15773	-inf	0.580758	0.419242	0	0.451066
763	-4.63634	-5.2547	-inf	0.954779	0.045221	0	0.0975412
764	-5.15144	-5.71216	-inf	0.952224	0.0477758	0	0.0999561
765	-3.96719	-4.82084	-inf	0.963918	0.0360823	0	0.0889033
766	-4.78554	-5.18893	-inf	0.944535	0.0554646	0	0.107224
767	-4.63634	-5.2547	-inf	0.954779	0.045221	0	0.0975412
768	-8.85638	-9.39744	-inf	0.951321	0.0486788	0	0.10081
769	-3.90016	-4.9271	-inf	0.969483	0.0305166	0	0.0836426
770	-4.1724	-5.13863	-inf	0.967635	0.0323649	0	0.0853896
771	-4.1724	-5.13863	-inf	0.967635	0.0323649	0	0.0853896
772	-4.73445	-5.46672	-inf	0.95945	0.0405499	0	0.0931261
773	-5.35244	-5.88245	-inf	0.950808	0.0491925	0	0.101295
774	-4.1724	-5.13863	-inf	0.967635	0.0323649	0	0.0853896
775	-3.60643	-4.30886	-inf	0.958273	0.0417272	0	0.0942389
776	-12.7392	-13.2158	-inf	0.948247	0.0517525	0	0.103715
777	-3.6731	-4.74738	-inf	0.970853	0.0291468	0	0.0823478
778	-5.56194	-5.99603	-inf	0.946122	0.053878	0	0.105724
779	-3.28951	-4.17302	-inf	0.964942	0.0350582	0	0.0879354
780	-8.49224	-9.0678	-inf	0.952894	0.0471055	0	0.0993225
781	-4.09326	-4.68366	-inf	0.953556	0.046444	0	0.0986972
782	-3.59245	-4.56681	-inf	0.967889	0.0321111	0	0.0851497
783	-3.6731	-4.74738	-inf	0.970853	0.0291468	0	0.0823478
784	-7.78174	-8.42228	-inf	0.955727	0.0442732	0	0.0966453
785	-4.29287	-5.11816	-inf	0.962918	0.0370818	0	0.0898481
786	-3.28951	-4.17302	-inf	0.964942	0.0350582	0	0.0879354
787	-4.91122	-5.48622	-inf	0.952869	0.0471308	0	0.0993463
788	-3.28951	-4.17302	-inf	0.964942	0.0350582	0	0.0879354
789	-4.73412	-5.36276	-inf	0.955221	0.0447793	0	0.0971238
790	-9.3724	-10.3465	-inf	0.967881	0.0321187	0	0.0851569
791	-4.05162	-4.94518	-inf	0.96528	0.0347197	0	0.0876154
792	-4.1751	-5.13418	-inf	0.96741	0.0325897	0	0.0856021
793	-4.37946	-5.33728	-inf	0.967371	0.032629	0	0.0856392
794	-15.4757	-15.9693	-inf	0.949076	0.0509241	0	0.102932
795	-7.96192	-8.59592	-inf	0.955449	0.0445505	0	0.0969075
796	-3.80848	-4.77011	-inf	0.967491	0.0325091	0	0.0855259
797	-4.29287	-5.11816	-inf	0.962918	0.0370818	0	0.0898481
798	-4.59538	-5.47819	-inf	0.964918	0.0350817	0	0.0879576
799	-3.96719	-4.82084	-inf	0.963918	0.0360824	0	0.0889034
800	-4.48249	-5.50864	-inf	0.96946	0.0305399	0	0.0836646
801	-9.8164	-7.87572	-inf	0.620311	0.379689	0	0.413681
802	-4.47866	-4.87862	-inf	0.944355	0.0556449	0	0.107394
803	-4.32995	-4.91261	-inf	0.953212	0.0467879	0	0.0990222
804	-8.93925	-9.90853	-inf	0.967731	0.0322694	0	0.0852994
805	-4.91122	-5.48622	-inf	0.952869	0.0471307	0	0.0993463
806	-3.28951	-4.17302	-inf	0.964942	0.0350582	0	0.0879353
807	-4.96072	-5.65731	-inf	0.958039	0.0419613	0	0.0944602
808	-4.15739	-5.1254	-inf	0.967691	0.0323093	0	0.085337
809	-4.78554	-5.18893	-inf	0.944535	0.0554646	0	0.107224
810	-11.3587	-11.9897	-inf	0.955319	0.0446812	0	0.097031
811	-10.7629	-8.67882	-inf	0.585999	0.414001	0	0.446113
812	-3.54223	-4.41554	-inf	0.964595	0.0354046	0	0.0882628
813	-8.31284	-8.96328	-inf	0.956144	0.0438564	0	0.0962514
814	-7.46021	-8.06135	-inf	0.954029	0.0459706	0	0.0982497
815	-3.60643	-4.30886	-inf	0.958273	0.0417272	0	0.0942389
816	-3.80848	-4.77011	-inf	0.967491	0.0325091	0	0.0855259
817	-8.77698	-9.5081	-inf	0.959405	0.0405947	0	0.0931685
818	-3.90016	-4.9271	-inf	0.969483	0.0305166	0	0.0836426
819	-3.6731	-4.74738	-inf	0.970853	0.0291468	0	0.0823478
820	-4.05162	-4.94518	-inf	0.96528	0.0347197	0	0.0876154
821	-4.91122	-5.48622	-inf	0.952869	0.0471308	0	0.0993463
822	-3.60643	-4.30886	-inf	0.958273	0.0417272	0	0.0942389
823	-4.42565	-5.05426	-inf	0.955219	0.0447807	0	0.097125
824	-13.2564	-13.8824	-inf	0.955105	0.0448953	0	0.0972334
825	-4.98603	-5.56042	-inf	0.952842	0.0471582	0	0.0993723
826	-4.91122	-5.48622	-inf	0.952869	0.0471308	0	0.0993463
827	-4.1724	-5.13863	-inf	0.967635	0.0323649	0	0.0853896
828	-4.47866	-4.87862	-inf	0.944355	0.0556449	0	0.107394
829	-8.1959	-8.97824	-inf	0.961354	0.0386464	0	0.0913269
830	-5.02289	-5.38198	-inf	0.942168	0.0578319	0	0.109461
831	-3.28951	-4.17302	-inf	0.964942	0.0350582	0	0.0879354
832	-4.1751	-5.13418	-inf	0.96741	0.0325897	0	0.0856021
833	-3.59245	-4.56681	-inf	0.967889	0.0321111	0	0.0851497
834	-3.90016	-4.9271	-inf	0.969483	0.0305166	0	0.0836426
835	-10.1177	-10.5227	-inf	0.944618	0.0553817	0	0.107145
836	-9.77969	-10.1813	-inf	0.944441	0.0555586	0	0.107312
837	-3.60643	-4.30886	-inf	0.958273	0.0417272	0	0.0942389
838	-4.48249	-5.50864	-inf	0.96946	0.0305399	0	0.0836646
839	-13.087	-13.6439	-inf	0.952049	0.0479513	0	0.100122
840	-5.17056	-5.78057	-inf	0.954417	0.0455829	0	0.0978833
841	-5.15144	-5.71216	-inf	0.952224	0.0477759	0	0.0999561
842	-5.45319	-5.97724	-inf	0.950528	0.0494723	0	0.10156
843	-10.0084	-10.8875	-inf	0.964792	0.0352082	0	0.0880772
844	-9.93987	-10.6328	-inf	0.957893	0.0421075	0	0.0945983
845	-4.78554	-5.18893	-inf	0.944535	0.0554647	0	0.107224
846	-4.17853	-4.91494	-inf	0.959611	0.0403893	0	0.0929743
847	-7.91717	-8.77116	-inf	0.963929	0.0360708	0	0.0888924
848	-8.03314	-9.09031	-inf	0.970365	0.0296349	0	0.0828093
849	-4.59538	-5.47819	-inf	0.964918	0.0350818	0	0.0879576
850	-4.77664	-5.31301	-inf	0.951104	0.0488959	0	0.101015
851	-3.90016	-4.9271	-inf	0.969483	0.0305166	0	0.0836426
852	-10.2027	-11.0824	-inf	0.964814	0.0351859	0	0.088056
853	-4.83551	-5.27009	-inf	0.946147	0.0538533	0	0.1057
854	-14.2503	-14.891	-inf	0.955736	0.0442641	0	0.0966367
855	-7.98628	-8.84146	-inf	0.963971	0.0360292	0	0.0888532
856	-17.5375	-17.9813	-inf	0.946615	0.0533853	0	0.105258
857	-10.0154	-10.6568	-inf	0.955765	0.0442345	0	0.0966088
858	-4.1131	-5.02399	-inf	0.965857	0.0341435	0	0.0870707
859	-10.7942	-8.74792	-inf	0.595154	0.404846	0	0.43746
860	-13.7604	-11.772	-inf	0.609021	0.390979	0	0.424353
861	-10.5387	-11.2597	-inf	0.959007	0.0409931	0	0.0935451
862	-11.0454	-11.6377	-inf	0.953641	0.0463593	0	0.0986172
863	-3.96109	-4.54369	-inf	0.953209	0.0467908	0	0.099025
864	-5.59973	-5.97478	-inf	0.943032	0.0569683	0	0.108645
865	-3.90016	-4.9271	-inf	0.969483	0.0305166	0	0.0836426
866	-4.59538	-5.47819	-inf	0.964918	0.0350818	0	0.0879576
867	-13.9964	-14.6911	-inf	0.957963	0.0420374	0	0.0945321
868	-10.7686	-11.259	-inf	0.948918	0.0510817	0	0.103081
869	-9.49401	-10.1258	-inf	0.955356	0.0446442	0	0.0969961
870	-9.10755	-9.7566	-inf	0.956086	0.0439144	0	0.0963063
871	-7.47962	-8.16102	-inf	0.957424	0.0425761	0	0.0950413
872	-9.58538	-10.6425	-inf	0.970363	0.0296365	0	0.0828107
873	-4.17853	-4.91494	-inf	0.959611	0.0403893	0	0.0929743
874	-8.36419	-8.91431	-inf	0.951739	0.0482606	0	0.100414
875	-8.93083	-9.2978	-inf	0.942596	0.0574041	0	0.109057
876	-4.09326	-4.68366	-inf	0.953556	0.046444	0	0.0986972
877	-4.4998	-5.41859	-inf	0.966116	0.0338841	0	0.0868256
878	-9.94521	-10.8227	-inf	0.964738	0.0352622	0	0.0881282
879	-3.60643	-4.30886	-inf	0.958273	0.0417272	0	0.0942389
880	-3.28951	-4.17302	-inf	0.964942	0.0350582	0	0.0879354
881	-3.90016	-4.9271	-inf	0.969483	0.0305166	0	0.0836426
882	-9.65653	-10.3903	-inf	0.95951	0.0404903	0	0.0930698
883	-3.54223	-4.41554	-inf	0.964595	0.0354046	0	0.0882628
884	-10.7975	-11.5994	-inf	0.962073	0.0379272	0	0.0906471
885	-25.3583	-22.8192	-inf	0.473134	0.526866	0	0.552793
886	-9.65544	-10.5317	-inf	0.964696	0.0353036	0	0.0881673
887	-15.8308	-16.682	-inf	0.963835	0.0361647	0	0.0889812
888	-22.0845	-22.9646	-inf	0.964828	0.0351723	0	0.0880432
889	-10.0102	-10.9571	-inf	0.967024	0.0329764	0	0.0859676
890	-3.28951	-4.17302	-inf	0.964942	0.0350582	0	0.0879354
891	-4.1724	-5.13863	-inf	0.967635	0.0323649	0	0.0853896
892	-8.26905	-9.28941	-inf	0.969288	0.0307118	0	0.0838271
893	-4.49502	-5.37615	-inf	0.964861	0.0351387	0	0.0880115
894	-11.3987	-9.27557	-inf	0.576505	0.423495	0	0.455086
895	-11.9996	-9.83866	-inf	0.567247	0.432753	0	0.463837
896	-10.5633	-11.3622	-inf	0.961962	0.0380377	0	0.0907516
897	-4.73412	-5.36276	-inf	0.955221	0.0447793	0	0.0971238
898	-3.96109	-4.54369	-inf	0.953209	0.0467908	0	0.099025
899	-4.05162	-4.94518	-inf	0.96528	0.0347197	0	0.0876154
900	-4.17853	-4.91494	-inf	0.959611	0.0403893	0	0.0929743
901	-3.90016	-4.9271	-inf	0.969483	0.0305166	0	0.0836426
902	-4.81529	-5.62011	-inf	0.96218	0.0378196	0	0.0905454
903	-3.54223	-4.41554	-inf	0.964595	0.0354046	0	0.0882628
904	-4.17853	-4.91494	-inf	0.959611	0.0403893	0	0.0929743
905	-10.2813	-11.1741	-inf	0.965252	0.0347477	0	0.0876418
906	-5.43318	-5.91155	-inf	0.948335	0.0516652	0	0.103632
907	-10.3309	-11.3561	-inf	0.969431	0.0305694	0	0.0836925
908	-4.5147	-5.41513	-inf	0.96551	0.03449	0	0.0873983
909	-7.93166	-8.52421	-inf	0.953651	0.0463488	0	0.0986072
910	-8.00936	-8.66801	-inf	0.956487	0.0435131	0	0.0959269
911	-4.91122	-5.48622	-inf	0.952869	0.0471308	0	0.0993463
912	-4.47866	-4.87862	-inf	0.944355	0.0556449	0	0.107394
913	-3.28951	-4.17302	-inf	0.964942	0.0350582	0	0.0879354
914	-3.6731	-4.74738	-inf	0.970853	0.0291468	0	0.0823478
915	-3.59245	-4.56681	-inf	0.967889	0.0321111	0	0.0851497
916	-4.47866	-4.87862	-inf	0.944355	0.0556449	0	0.107394
917	-4.1724	-5.13863	-inf	0.967635	0.0323649	0	0.0853896
918	-19.2708	-20.1025	-inf	0.963147	0.0368527	0	0.0896315
919	-4.73445	-5.46672	-inf	0.95945	0.0405499	0	0.0931261
920	-8.95019	-9.5843	-inf	0.955454	0.0445462	0	0.0969034
921	-12.5592	-13.2241	-inf	0.956747	0.0432528	0	0.0956809
922	-12.3376	-10.0486	-inf	0.535572	0.464428	0	0.493777
923	-4.96072	-5.65731	-inf	0.958039	0.0419614	0	0.0944602
924	-10.9359	-8.59164	-inf	0.521808	0.478192	0	0.506786
925	-5.10432	-5.59358	-inf	0.948866	0.0511341	0	0.10313
926	-3.28951	-4.17302	-inf	0.964942	0.0350582	0	0.0879354
927	-4.3293	-5.13138	-inf	0.96208	0.0379195	0	0.0906399
928	-16.002	-16.8676	-inf	0.96433	0.0356703	0	0.0885139
929	-4.48249	-5.50864	-inf	0.96946	0.0305399	0	0.0836646
930	-3.54223	-4.41554	-inf	0.964595	0.0354046	0	0.0882628
931	-4.61597	-5.35419	-inf	0.959681	0.0403193	0	0.0929082
932	-5.31144	-5.89717	-inf	0.953349	0.0466513	0	0.0988931
933	-4.42565	-5.05426	-inf	0.955219	0.0447807	0	0.097125
934	-4.59538	-5.47819	-inf	0.964918	0.0350818	0	0.0879576
935	-4.59538	-5.47819	-inf	0.964918	0.0350818	0	0.0879576
936	-3.28951	-4.17302	-inf	0.964942	0.0350582	0	0.0879354
937	-20.1534	-20.8776	-inf	0.959135	0.040865	0	0.0934239
938	-5.02289	-5.38198	-inf	0.942168	0.0578319	0	0.109461
939	-3.28951	-4.17302	-inf	0.964942	0.0350582	0	0.0879354
940	-3.28951	-4.17302	-inf	0.964942	0.0350582	0	0.0879354
941	-8.26767	-8.81942	-inf	0.951814	0.0481857	0	0.100344
942	-5.75421	-6.16323	-inf	0.944829	0.0551706	0	0.106946
943	-4.1131	-5.02399	-inf	0.965857	0.0341435	0	0.0870707
944	-7.43052	-8.36277	-inf	0.966554	0.0334461	0	0.0864116
945	-12.3735	-13.3618	-inf	0.968318	0.0316816	0	0.0847438
946	-3.54223	-4.41554	-inf	0.964595	0.0354046	0	0.0882628
947	-4.61597	-5.35419	-inf	0.959681	0.0403193	0	0.0929082
948	-17.8995	-12.7757	-inf	0.0634304	0.93657	0	0.940045
949	-7.49154	-8.42553	-inf	0.96661	0.0333898	0	0.0863584
950	-3.54223	-4.41554	-inf	0.964595	0.0354046	0	0.0882628
951	-12.5615	-10.5767	-inf	0.609875	0.390125	0	0.423546
952	-10.3402	-8.37072	-inf	0.61351	0.38649	0	0.42011
953	-4.61597	-5.35419	-inf	0.959681	0.0403193	0	0.0929082
954	-4.4998	-5.41859	-inf	0.966116	0.0338841	0	0.0868256
955	-3.28951	-4.17302	-inf	0.964942	0.0350582	0	0.0879354
956	-17.1802	-15.0772	-inf	0.581421	0.418579	0	0.45044
957	-5.10432	-5.59358	-inf	0.948866	0.0511341	0	0.10313
958	-12.7937	-10.7086	-inf	0.585752	0.414248	0	0.446346
959	-10.8534	-11.3646	-inf	0.949917	0.0500828	0	0.102137
960	-12.0147	-12.6204	-inf	0.954229	0.0457705	0	0.0980607
961	-5.35244	-5.88245	-inf	0.950808	0.0491925	0	0.101295
962	-3.28951	-4.17302	-inf	0.964942	0.0350582	0	0.0879354
963	-4.1131	-5.02399	-inf	0.965857	0.0341435	0	0.0870707
964	-7.99152	-8.47621	-inf	0.948643	0.0513567	0	0.103341
965	-4.47866	-4.87862	-inf	0.944355	0.0556449	0	0.107394
966	-3.28951	-4.17302	-inf	0.964942	0.0350582	0	0.0879354
967	-5.02289	-5.38198	-inf	0.942168	0.0578319	0	0.109461
968	-4.37946	-5.33728	-inf	0.967371	0.032629	0	0.0856392
969	-3.54223	-4.41554	-inf	0.964595	0.0354046	0	0.0882628
970	-4.1724	-5.13863	-inf	0.967635	0.0323649	0	0.0853896
971	-9.65504	-10.6343	-inf	0.96804	0.0319602	0	0.0850071
972	-15.1184	-15.9837	-inf	0.964319	0.0356806	0	0.0885237
973	-7.44028	-8.43423	-inf	0.968492	0.0315078	0	0.0845795
974	-4.83551	-5.27009	-inf	0.946147	0.0538533	0	0.1057
975	-4.1751	-5.13418	-inf	0.96741	0.0325897	0	0.0856021
976	-10.3456	-10.7791	-inf	0.946093	0.0539075	0	0.105752
977	-4.1724	-5.13863	-inf	0.967635	0.0323649	0	0.0853896
978	-3.71363	-4.30175	-inf	0.953455	0.0465452	0	0.0987929
979	-4.09326	-4.68366	-inf	0.953556	0.046444	0	0.0986972
980	-4.47866	-4.87862	-inf	0.944355	0.0556449	0	0.107394
981	-3.28951	-4.17302	-inf	0.964942	0.0350582	0	0.0879354
982	-4.1724	-5.13863	-inf	0.967635	0.0323649	0	0.0853896
983	-7.23063	-8.17705	-inf	0.967009	0.0329908	0	0.0859812
984	-8.29489	-9.20271	-inf	0.965755	0.034245	0	0.0871667
985	-5.31144	-5.89717	-inf	0.953349	0.0466513	0	0.0988931
986	-4.1724	-5.13863	-inf	0.967635	0.0323649	0	0.0853896
987	-13.4314	-11.4884	-inf	0.619766	0.380234	0	0.414196
988	-5.17056	-5.78057	-inf	0.954417	0.0455829	0	0.0978833
989	-4.17853	-4.91494	-inf	0.959611	0.0403893	0	0.0929743
990	-15.4361	-13.1468	-inf	0.5355	0.4645	0	0.493844
991	-13.1095	-10.7805	-inf	0.525606	0.474394	0	0.503197
992	-3.54223	-4.41554	-inf	0.964595	0.0354046	0	0.0882628
993	-8.65807	-9.44353	-inf	0.961469	0.0385307	0	0.0912175
994	-11.562	-9.53713	-inf	0.600282	0.399718	0	0.432612
