Sites	Ll_YN98.omega=0.00254945	Ll_YN98.omega=0.0132989	Ll_YN98.omega=0.0702476	Ll_YN98.omega=0.410573	Pr_YN98.omega=0.00254945	Pr_YN98.omega=0.0132989	Pr_YN98.omega=0.0702476	Pr_YN98.omega=0.410573	mean
1	-4.1183	-4.12763	-4.17704	-4.4717	0.27503	0.272476	0.259341	0.193153	0.101846
2	-5.13235	-5.13747	-5.16459	-5.32628	0.264069	0.26272	0.255692	0.217518	0.111436
3	-5.34394	-5.349	-5.37584	-5.53588	0.263929	0.262595	0.255641	0.217835	0.11156
4	-3.20962	-3.21819	-3.26355	-3.53382	0.273069	0.27074	0.258732	0.197458	0.103543
5	-26.5966	-24.951	-23.3194	-21.7492	0.00624653	0.0323833	0.165538	0.795832	0.338823
6	-11.597	-11.6021	-11.6292	-11.7906	0.264044	0.262698	0.255683	0.217575	0.111458
7	-4.76779	-4.77195	-4.79402	-4.92564	0.261512	0.260424	0.254741	0.223323	0.113716
8	-13.3608	-11.7169	-10.0945	-8.57895	0.00659137	0.0341121	0.172788	0.786509	0.335528
9	-24.3237	-22.677	-21.0399	-19.4363	0.0060432	0.0313624	0.16122	0.801374	0.340781
10	-17.4567	-15.8107	-14.1773	-12.5959	0.00617747	0.0320367	0.164075	0.79771	0.339486
11	-7.4153	-7.4213	-7.45306	-7.64163	0.266353	0.264759	0.256482	0.212405	0.109425
12	-25.4424	-23.7967	-22.1645	-20.5902	0.00622177	0.0322588	0.165008	0.796511	0.339062
13	-9.63807	-9.64399	-9.67535	-9.8622	0.26619	0.264619	0.256449	0.212742	0.109559
14	-11.3769	-11.3832	-11.4164	-11.6148	0.267151	0.265477	0.256785	0.210586	0.108711
15	-19.4649	-19.4716	-19.507	-19.7183	0.268228	0.266438	0.257155	0.208179	0.107765
17	-13.5635	-13.5713	-13.6128	-13.8588	0.271113	0.268999	0.258083	0.201805	0.105254
18	-5.23103	-5.23686	-5.26777	-5.45195	0.265966	0.264418	0.25637	0.213246	0.109757
19	-27.328	-25.682	-24.0482	-22.4649	0.00616566	0.0319774	0.163825	0.798032	0.3396
20	-7.90983	-7.91805	-7.9616	-8.22082	0.272177	0.269948	0.258445	0.19943	0.10432
21	-5.34025	-5.34527	-5.37189	-5.53057	0.263815	0.262492	0.255599	0.218094	0.111662
22	-13.6241	-13.6299	-13.6604	-13.8423	0.265774	0.264247	0.256306	0.213672	0.109925
23	-15.0825	-15.0894	-15.126	-15.3442	0.268797	0.266945	0.257351	0.206907	0.107264
25	-14.278	-14.2833	-14.3115	-14.4797	0.264617	0.263212	0.255891	0.21628	0.11095
26	-23.6547	-22.0076	-20.3683	-18.7518	0.00596591	0.030974	0.159571	0.803489	0.341528
27	-10.0824	-10.0881	-10.1183	-10.2984	0.265623	0.264112	0.256252	0.214013	0.110059
28	-28.1449	-26.4982	-24.8609	-23.2565	0.00603791	0.0313359	0.16111	0.801516	0.340831
29	-5.01084	-5.01179	-5.01682	-5.0474	0.252704	0.252465	0.251198	0.243633	0.121677
30	-14.3183	-12.6748	-11.0544	-9.55057	0.00666785	0.0344945	0.174369	0.784468	0.334806
31	-14.3183	-12.6748	-11.0544	-9.55057	0.00666785	0.0344945	0.174369	0.784468	0.334806
34	-4.25066	-4.2563	-4.28612	-4.46406	0.265436	0.263946	0.256189	0.214429	0.110222
35	-4.25066	-4.2563	-4.28612	-4.46406	0.265436	0.263946	0.256189	0.214429	0.110222
36	-4.55575	-4.56173	-4.59338	-4.78226	0.266353	0.264765	0.256516	0.212366	0.109412
37	-8.12981	-8.13719	-8.17627	-8.40924	0.270018	0.268032	0.257759	0.204191	0.106195
38	-15.1255	-13.4793	-11.8448	-10.2571	0.00613895	0.0318435	0.163264	0.798754	0.339855
39	-4.41815	-4.42202	-4.44251	-4.56487	0.260715	0.259708	0.25444	0.225137	0.114427
40	-4.55575	-4.56173	-4.59338	-4.78226	0.266353	0.264765	0.256516	0.212366	0.109412
41	-8.34305	-8.34981	-8.3856	-8.59861	0.268377	0.266569	0.257199	0.207854	0.107636
42	-11.459	-11.4637	-11.4886	-11.6371	0.262948	0.261716	0.255283	0.220053	0.112432
43	-10.0847	-10.0898	-10.1168	-10.2783	0.264047	0.262701	0.255684	0.217567	0.111455
44	-4.25066	-4.2563	-4.28612	-4.46406	0.265436	0.263946	0.256189	0.214429	0.110222
45	-4.55575	-4.56173	-4.59338	-4.78226	0.266353	0.264765	0.256516	0.212366	0.109412
46	-8.83596	-8.83947	-8.85802	-8.96849	0.259702	0.258794	0.254036	0.227468	0.115342
47	-11.8275	-11.8361	-11.8815	-12.1517	0.273074	0.270743	0.258728	0.197455	0.103542
48	-12.0894	-12.0931	-12.1124	-12.2279	0.260123	0.259175	0.25421	0.226492	0.114959
49	-14.8016	-13.1551	-11.5194	-9.92421	0.00609373	0.0316162	0.162298	0.799992	0.340292
50	-5.07579	-5.0812	-5.10987	-5.28097	0.264859	0.26343	0.255984	0.215727	0.110733
51	-15.3812	-13.7374	-12.1154	-10.6022	0.00660659	0.0341881	0.173101	0.786105	0.335385
52	-4.25066	-4.2563	-4.28612	-4.46406	0.265436	0.263946	0.256189	0.214429	0.110222
53	-4.0418	-4.05061	-4.09726	-4.37547	0.273705	0.271305	0.258938	0.196053	0.10299
54	-3.46436	-3.47283	-3.51765	-3.78471	0.272809	0.270509	0.258652	0.19803	0.103769
55	-13.8297	-12.1864	-10.5669	-9.0686	0.00670351	0.0346733	0.17512	0.783503	0.334465
56	-21.7534	-21.7614	-21.8035	-22.0538	0.27146	0.269309	0.258206	0.201025	0.104947
57	-3.46436	-3.47283	-3.51765	-3.78471	0.272809	0.270509	0.258652	0.19803	0.103769
58	-3.46436	-3.47283	-3.51765	-3.78471	0.272809	0.270509	0.258652	0.19803	0.103769
59	-4.48969	-4.49827	-4.54366	-4.81393	0.273075	0.270743	0.258728	0.197455	0.103541
60	-3.72749	-3.73681	-3.78617	-4.08033	0.274996	0.272445	0.259323	0.193236	0.101879
61	-4.0418	-4.05061	-4.09726	-4.37547	0.273705	0.271305	0.258938	0.196053	0.10299
62	-9.63038	-9.64036	-9.69318	-10.0072	0.276606	0.27386	0.259771	0.189763	0.100507
63	-14.9575	-14.9646	-15.0022	-15.2259	0.269266	0.267361	0.257495	0.205878	0.106858
64	-3.87207	-3.87771	-3.90756	-4.08553	0.265442	0.26395	0.256187	0.214421	0.110219
65	-4.6764	-4.68348	-4.72096	-4.9445	0.269236	0.267338	0.257504	0.205922	0.106877
66	-4.41815	-4.42202	-4.44251	-4.56487	0.260715	0.259708	0.25444	0.225137	0.114427
67	-13.7371	-12.0938	-10.4747	-8.97843	0.00671691	0.0347403	0.175396	0.783146	0.334339
68	-3.87207	-3.87771	-3.90756	-4.08553	0.265442	0.26395	0.256187	0.214421	0.110219
69	-7.07048	-7.07644	-7.10803	-7.29598	0.26629	0.264706	0.256475	0.212529	0.109475
70	-14.8156	-13.1736	-11.5614	-10.106	0.00698958	0.036103	0.181012	0.775895	0.331775
71	-14.442	-12.7981	-11.1758	-9.66061	0.00659386	0.0341241	0.172828	0.786454	0.335508
72	-3.72749	-3.73681	-3.78617	-4.08033	0.274996	0.272445	0.259323	0.193236	0.101879
73	-3.89679	-3.90505	-3.94882	-4.2098	0.272309	0.270067	0.258502	0.199122	0.104199
74	-4.88827	-4.89381	-4.92317	-5.09828	0.2652	0.263734	0.256103	0.214963	0.110432
75	-4.25372	-4.26149	-4.30259	-4.5476	0.271007	0.268911	0.258081	0.202	0.105333
76	-7.16744	-7.17403	-7.20894	-7.41658	0.267935	0.266174	0.257043	0.208848	0.108027
77	-4.25372	-4.26149	-4.30259	-4.5476	0.271007	0.268911	0.258081	0.202	0.105333
78	-8.8799	-8.88951	-8.94043	-9.24333	0.275712	0.273073	0.259518	0.191698	0.101271
79	-5.11043	-5.11378	-5.13158	-5.23782	0.259329	0.258459	0.253902	0.22831	0.115673
80	-3.87207	-3.87771	-3.90756	-4.08553	0.265442	0.26395	0.256187	0.214421	0.110219
81	-4.14962	-4.15962	-4.21251	-4.52699	0.276643	0.273892	0.259781	0.189684	0.100476
82	-5.11043	-5.11378	-5.13158	-5.23782	0.259329	0.258459	0.253902	0.22831	0.115673
83	-4.25066	-4.2563	-4.28612	-4.46406	0.265436	0.263946	0.256189	0.214429	0.110222
84	-3.20962	-3.21819	-3.26355	-3.53382	0.273069	0.27074	0.258732	0.197458	0.103543
85	-4.05694	-4.06632	-4.11599	-4.41177	0.275132	0.272563	0.259357	0.192948	0.101765
86	-8.3791	-8.38639	-8.42497	-8.65462	0.269754	0.267795	0.25766	0.204792	0.106431
87	-4.41092	-4.41965	-4.4659	-4.74134	0.27349	0.271112	0.258861	0.196537	0.10318
88	-4.68043	-4.68586	-4.71463	-4.88623	0.264904	0.263469	0.255997	0.21563	0.110694
89	-3.72749	-3.73681	-3.78617	-4.08033	0.274996	0.272445	0.259323	0.193236	0.101879
90	-18.1032	-16.4586	-14.832	-13.2919	0.00643432	0.0333251	0.169497	0.790743	0.337024
91	-3.95474	-3.96339	-4.00919	-4.28211	0.273284	0.27093	0.258799	0.196987	0.103358
92	-49.6623	-44.7108	-39.7387	-34.567	2.76508e-07	3.90937e-05	0.00564244	0.994318	0.408637
109	-12.8771	-11.2326	-9.60716	-8.07314	0.00647324	0.0335201	0.170312	0.789695	0.336654
110	-12.3731	-12.381	-12.4226	-12.6704	0.271239	0.269118	0.258158	0.201485	0.10513
111	-3.54575	-3.55261	-3.58896	-3.80561	0.268671	0.266833	0.257309	0.207187	0.107374
112	-3.80376	-3.8138	-3.867	-4.18381	0.276814	0.274046	0.259849	0.189291	0.100322
113	-3.65819	-3.66394	-3.69439	-3.87607	0.265751	0.264227	0.256301	0.213721	0.109944
114	-4.01355	-4.01931	-4.04982	-4.23181	0.265777	0.26425	0.25631	0.213663	0.109921
115	-3.21112	-3.21977	-3.26555	-3.53828	0.273269	0.270917	0.258794	0.197019	0.10337
116	-20.0582	-20.0643	-20.0965	-20.288	0.266588	0.264972	0.256579	0.211861	0.109212
117	-8.48983	-8.49831	-8.54322	-8.81071	0.272846	0.270541	0.258661	0.197953	0.103738
118	-10.0164	-10.0199	-10.0386	-10.1502	0.259794	0.258878	0.254081	0.227246	0.115255
119	-5.11043	-5.11382	-5.13178	-5.23898	0.259412	0.258534	0.253934	0.228119	0.115597
120	-4.53918	-4.54638	-4.58454	-4.81196	0.269561	0.267626	0.257607	0.205206	0.106595
121	-16.0739	-16.0806	-16.116	-16.3247	0.268067	0.266281	0.257035	0.208618	0.107934
122	-4.67725	-4.68439	-4.72221	-4.94779	0.269405	0.267488	0.257561	0.205547	0.106729
123	-4.64078	-4.6469	-4.67935	-4.87287	0.266743	0.265114	0.25665	0.211493	0.109068
124	-4.04281	-4.0517	-4.09878	-4.37952	0.27391	0.271486	0.259001	0.195603	0.102812
125	-3.80376	-3.8138	-3.867	-4.18381	0.276814	0.274046	0.259849	0.189291	0.100322
126	-9.13051	-9.13994	-9.18983	-9.48674	0.275229	0.272647	0.259377	0.192746	0.101685
127	-38.5373	-35.243	-31.9637	-28.7262	5.26901e-05	0.00142045	0.0377247	0.960802	0.397149
128	-4.05927	-4.06874	-4.11886	-4.41734	0.275348	0.272754	0.259422	0.192476	0.101578
129	-4.55801	-4.56404	-4.59598	-4.78658	0.266497	0.264894	0.256566	0.212043	0.109285
130	-21.0841	-19.4379	-17.8037	-16.2174	0.00614753	0.0318864	0.163441	0.798525	0.339774
131	-3.72883	-3.73824	-3.78804	-4.08489	0.275211	0.272635	0.259388	0.192766	0.101693
132	-4.25295	-4.25863	-4.28873	-4.46829	0.265572	0.264068	0.256238	0.214122	0.110102
133	-4.11875	-4.12997	-4.1894	-4.54377	0.279768	0.276646	0.260686	0.1829	0.0977987
134	-36.6049	-33.31	-30.0273	-26.7699	5.14838e-05	0.00138881	0.0370087	0.961551	0.397405
135	-8.79946	-8.80628	-8.84241	-9.05788	0.26857	0.266744	0.257278	0.207407	0.107461
136	-4.22783	-4.23985	-4.30347	-4.68161	0.281656	0.278291	0.261138	0.178915	0.096221
145	-4.06269	-4.07318	-4.12872	-4.45986	0.277941	0.275041	0.260182	0.186837	0.0993537
146	-4.22301	-4.23491	-4.29787	-4.67212	0.281353	0.278026	0.26106	0.17956	0.0964761
147	-11.178	-11.1856	-11.2256	-11.4634	0.270435	0.2684	0.257878	0.203287	0.105839
148	-8.84828	-8.85369	-8.88236	-9.05338	0.264854	0.263425	0.255981	0.21574	0.110738
149	-4.45692	-4.46152	-4.48592	-4.63158	0.262704	0.261497	0.255194	0.220604	0.112648
150	-3.2406	-3.2508	-3.3048	-3.62647	0.277199	0.274386	0.259961	0.188455	0.0999919
151	-33.0211	-29.7247	-26.434	-23.1297	4.87483e-05	0.00131699	0.0353753	0.963259	0.397991
152	-20.4677	-18.8276	-17.2252	-15.8279	0.00739182	0.0381106	0.189229	0.765269	0.328017
153	-3.49582	-3.506	-3.55992	-3.88108	0.277157	0.27435	0.259951	0.188543	0.100027
154	-15.0171	-13.3722	-11.7446	-10.1976	0.00639179	0.0331117	0.168598	0.791899	0.337433
155	-4.44992	-4.46058	-4.51702	-4.85344	0.27836	0.275409	0.260296	0.185935	0.0989975
156	-4.95895	-4.96559	-5.00077	-5.21056	0.268099	0.266324	0.257117	0.20846	0.107875
157	-25.8841	-22.5887	-19.3035	-16.0321	5.06455e-05	0.00136682	0.0365116	0.962071	0.397584
158	-3.24186	-3.25213	-3.30648	-3.63024	0.277364	0.274531	0.260008	0.188097	0.0998506
159	-8.2486	-8.25556	-8.29237	-8.51171	0.268896	0.267033	0.257381	0.20669	0.107179
160	-4.06354	-4.0741	-4.12999	-4.46328	0.27811	0.27519	0.260229	0.186471	0.0992093
161	-26.5484	-23.2516	-19.9588	-16.6416	4.80231e-05	0.00129793	0.0349393	0.963715	0.398147
162	-7.28548	-7.29222	-7.3279	-7.54013	0.268316	0.266514	0.257174	0.207996	0.107692
163	-12.2899	-12.2965	-12.3314	-12.5388	0.267919	0.266159	0.257035	0.208887	0.108042
164	-13.1198	-13.1295	-13.1808	-13.486	0.275897	0.273236	0.259575	0.191292	0.101111
165	-3.49509	-3.50523	-3.55894	-3.87886	0.277058	0.274262	0.259922	0.188757	0.100111
166	-13.5896	-13.6013	-13.6631	-14.0311	0.280851	0.277591	0.260949	0.180609	0.096892
167	-7.43126	-7.44213	-7.49969	-7.84239	0.278867	0.275852	0.260421	0.184861	0.0985722
168	-15.1064	-15.1138	-15.1529	-15.3857	0.270013	0.268027	0.257753	0.204207	0.106201
169	-13.8718	-13.8821	-13.9367	-14.2617	0.277466	0.27462	0.260033	0.18788	0.099765
170	-7.81111	-7.81855	-7.85794	-8.09246	0.270154	0.268151	0.257793	0.203902	0.106081
171	-3.24186	-3.25213	-3.30648	-3.63024	0.277364	0.274531	0.260008	0.188097	0.0998506
172	-4.10722	-4.11846	-4.17796	-4.53228	0.279778	0.276652	0.26067	0.1829	0.0977978
173	-3.75636	-3.76753	-3.82667	-4.17906	0.27962	0.276515	0.260636	0.183229	0.0979282
174	-3.53967	-3.55099	-3.61093	-3.96808	0.279994	0.276842	0.260735	0.182428	0.0976118
175	-4.43058	-4.44254	-4.50589	-4.88252	0.281536	0.278187	0.26111	0.179166	0.0963206
176	-4.11874	-4.12992	-4.18911	-4.54212	0.279661	0.276552	0.260657	0.18313	0.0978898
177	-12.5768	-12.5851	-12.6291	-12.8906	0.272369	0.270118	0.258504	0.199009	0.104154
178	-4.28689	-4.29619	-4.34544	-4.63894	0.274943	0.272398	0.259307	0.193351	0.101924
179	-13.6194	-13.624	-13.6487	-13.7956	0.262813	0.261594	0.255231	0.220362	0.112553
180	-4.76629	-4.77095	-4.79568	-4.94323	0.262867	0.261643	0.255254	0.220236	0.112504
181	-4.06303	-4.06987	-4.10609	-4.32215	0.268617	0.266786	0.257296	0.207301	0.107419
182	-4.06303	-4.06987	-4.10609	-4.32215	0.268617	0.266786	0.257296	0.207301	0.107419
183	-3.56852	-3.57667	-3.61983	-3.87703	0.272004	0.269796	0.258401	0.199799	0.104466
184	-34.3406	-29.3951	-24.4545	-19.471	3.4611e-07	4.86437e-05	0.00680285	0.993148	0.408239
185	-4.00581	-4.01618	-4.07106	-4.39799	0.277615	0.274752	0.26008	0.187553	0.0996359
186	-14.1479	-14.1526	-14.1774	-14.3255	0.262914	0.261684	0.255264	0.220138	0.112465
187	-27.8269	-24.5316	-21.247	-17.979	5.08487e-05	0.00137216	0.0366331	0.961944	0.39754
188	-4.33169	-4.34284	-4.4019	-4.75321	0.279552	0.276451	0.260598	0.1834	0.0979946
189	-10.1866	-10.1921	-10.2215	-10.3969	0.265224	0.263756	0.256113	0.214907	0.11041
190	-16.181	-14.5347	-12.9	-11.3111	0.0061317	0.0318071	0.163111	0.798951	0.339924
191	-5.28102	-5.2878	-5.3237	-5.53791	0.268462	0.266649	0.257246	0.207643	0.107554
192	-3.24186	-3.25213	-3.30648	-3.63024	0.277364	0.274531	0.260008	0.188097	0.0998506
193	-9.34228	-9.34842	-9.38093	-9.57464	0.266764	0.265131	0.25665	0.211455	0.109053
194	-3.49509	-3.50523	-3.55894	-3.87886	0.277058	0.274262	0.259922	0.188757	0.100111
195	-5.12413	-5.13064	-5.16513	-5.37091	0.267762	0.266025	0.257007	0.209206	0.108169
196	-8.51486	-8.52577	-8.58349	-8.92699	0.278935	0.27591	0.260433	0.184722	0.0985172
197	-10.2499	-10.2584	-10.3031	-10.57	0.272787	0.270491	0.258653	0.198068	0.103784
198	-3.49582	-3.506	-3.55992	-3.88108	0.277157	0.27435	0.259951	0.188543	0.100027
199	-29.9009	-26.6068	-23.329	-20.1008	5.32558e-05	0.00143529	0.0380624	0.960449	0.397028
200	-3.61647	-3.62898	-3.69523	-4.0898	0.282906	0.279388	0.261478	0.176228	0.0951596
201	-3.56909	-3.57727	-3.62059	-3.87879	0.272086	0.269869	0.258427	0.199619	0.104395
202	-8.6301	-8.63475	-8.65936	-8.80597	0.262794	0.261576	0.255217	0.220413	0.112573
203	-12.9458	-11.305	-9.69934	-8.28258	0.00725523	0.0374293	0.186449	0.768866	0.32929
204	-9.44818	-9.45501	-9.49119	-9.70695	0.268594	0.266765	0.257287	0.207354	0.10744
205	-5.43197	-5.43806	-5.47035	-5.66281	0.266657	0.265037	0.256617	0.211689	0.109145
206	-28.9791	-25.6824	-22.3902	-19.076	4.81985e-05	0.00130253	0.0350423	0.963607	0.39811
207	-13.5265	-11.8853	-10.2773	-8.84766	0.00716478	0.0369788	0.184627	0.77123	0.330126
208	-5.10185	-5.10751	-5.13749	-5.31625	0.265508	0.264009	0.256211	0.214271	0.11016
209	-3.61647	-3.62898	-3.69523	-4.0898	0.282906	0.279388	0.261478	0.176228	0.0951596
210	-4.47049	-4.481	-4.53662	-4.86785	0.277958	0.275054	0.260173	0.186815	0.0993442
211	-4.22783	-4.23985	-4.30347	-4.68161	0.281656	0.278291	0.261138	0.178915	0.096221
212	-8.36343	-8.37354	-8.42707	-8.7459	0.276974	0.274187	0.259895	0.188944	0.100185
213	-3.61647	-3.62898	-3.69523	-4.0898	0.282906	0.279388	0.261478	0.176228	0.0951596
214	-3.54039	-3.55175	-3.61193	-3.97046	0.280103	0.276938	0.260764	0.182195	0.0975197
215	-4.47049	-4.481	-4.53662	-4.86785	0.277958	0.275054	0.260173	0.186815	0.0993442
216	-50.7975	-44.199	-37.5876	-30.7952	2.05419e-09	1.5078e-06	0.00112108	0.998877	0.410191
217	-18.1248	-16.4777	-14.8382	-13.2214	0.00596339	0.0309615	0.159521	0.803554	0.341551
218	-4.74924	-4.75577	-4.79038	-4.99675	0.267815	0.266071	0.257021	0.209093	0.108124
219	-7.6727	-7.67931	-7.71431	-7.92256	0.267985	0.266219	0.257062	0.208735	0.107983
220	-12.4531	-10.8113	-9.20045	-7.75334	0.00704536	0.0363822	0.182175	0.774397	0.331246
221	-24.1512	-20.8588	-17.5896	-14.4127	5.65196e-05	0.00152076	0.0399813	0.958441	0.396339
222	-4.47049	-4.481	-4.53662	-4.86785	0.277958	0.275054	0.260173	0.186815	0.0993442
223	-5.11059	-5.11463	-5.13603	-5.26381	0.261179	0.260126	0.254619	0.224076	0.114011
224	-7.70004	-7.70771	-7.74831	-7.99011	0.270749	0.268681	0.257991	0.202578	0.10556
225	-12.6793	-12.6905	-12.7499	-13.103	0.279694	0.276575	0.260634	0.183098	0.0978751
226	-7.96887	-7.97916	-8.03365	-8.35826	0.277431	0.27459	0.260028	0.18795	0.0997929
227	-3.93304	-3.93982	-3.97572	-4.18975	0.268453	0.266639	0.257235	0.207673	0.107565
228	-3.93304	-3.93982	-3.97572	-4.18975	0.268453	0.266639	0.257235	0.207673	0.107565
229	-4.43232	-4.44433	-4.50793	-4.88602	0.28165	0.278287	0.26114	0.178923	0.0962246
230	-3.24263	-3.25294	-3.3075	-3.63252	0.277464	0.274619	0.260036	0.187881	0.0997652
231	-19.3583	-19.3641	-19.3947	-19.5776	0.265847	0.264313	0.256334	0.213507	0.10986
232	-14.0109	-12.3686	-10.7548	-9.28989	0.00692513	0.0357817	0.179706	0.777588	0.332374
233	-4.00364	-4.01393	-4.06843	-4.39306	0.277433	0.274592	0.260028	0.187946	0.0997912
234	-3.92908	-3.93579	-3.9713	-4.18301	0.26826	0.266467	0.25717	0.208103	0.107735
235	-3.68115	-3.68793	-3.72383	-3.93801	0.268462	0.266648	0.257243	0.207647	0.107556
236	-4.11872	-4.12982	-4.1886	-4.53913	0.279467	0.276382	0.260604	0.183547	0.0980545
237	-3.49378	-3.50385	-3.55717	-3.87485	0.27688	0.274105	0.259871	0.189144	0.100264
238	-3.75512	-3.76621	-3.82494	-4.17486	0.279426	0.276345	0.260584	0.183645	0.0980927
239	-3.75512	-3.76621	-3.82494	-4.17486	0.279426	0.276345	0.260584	0.183645	0.0980927
240	-5.00473	-5.00885	-5.0307	-5.16106	0.261402	0.260326	0.254701	0.223571	0.113813
241	-4.74479	-4.75126	-4.78549	-4.98962	0.267629	0.265905	0.256957	0.20951	0.108288
242	-8.12224	-8.13193	-8.18328	-8.4893	0.275945	0.273283	0.259605	0.191167	0.101062
243	-4.13928	-4.14779	-4.19284	-4.46085	0.272897	0.270584	0.258666	0.197854	0.103698
244	-4.06261	-4.07309	-4.1286	-4.45955	0.277925	0.275027	0.260177	0.18687	0.0993668
245	-4.45677	-4.46138	-4.48576	-4.63133	0.262697	0.261491	0.255191	0.220621	0.112655
246	-3.92908	-3.93579	-3.9713	-4.18301	0.26826	0.266467	0.25717	0.208103	0.107735
247	-4.11872	-4.12982	-4.1886	-4.53913	0.279467	0.276382	0.260604	0.183547	0.0980545
248	-18.8356	-18.842	-18.8755	-19.0755	0.267288	0.2656	0.256834	0.210279	0.10859
249	-4.69389	-4.70231	-4.7469	-5.01283	0.272709	0.270423	0.25863	0.198238	0.103851
250	-8.54503	-8.5518	-8.58768	-8.80157	0.26844	0.266628	0.257233	0.207699	0.107576
251	-4.24833	-4.25784	-4.30815	-4.60798	0.275452	0.272847	0.259458	0.192244	0.101487
252	-4.60235	-4.60946	-4.64712	-4.87182	0.26933	0.267422	0.257538	0.20571	0.106794
253	-3.5675	-3.57559	-3.61845	-3.87384	0.271857	0.269666	0.258354	0.200124	0.104593
254	-8.02819	-8.03839	-8.09237	-8.41394	0.27719	0.274378	0.25996	0.188472	0.0999988
255	-8.12224	-8.13193	-8.18328	-8.4893	0.275945	0.273283	0.259605	0.191167	0.101062
256	-3.24048	-3.25068	-3.30465	-3.62613	0.277184	0.274373	0.259956	0.188488	0.100005
257	-11.4236	-11.43	-11.4637	-11.6648	0.267383	0.265684	0.256864	0.210069	0.108508
258	-4.13928	-4.14779	-4.19284	-4.46085	0.272897	0.270584	0.258666	0.197854	0.103698
259	-4.54813	-4.55833	-4.61234	-4.93381	0.277189	0.274376	0.25995	0.188486	0.100004
260	-18.6539	-18.6635	-18.7144	-19.0171	0.275696	0.27306	0.259517	0.191727	0.101283
261	-37.6317	-34.3362	-31.0505	-27.7744	5.03848e-05	0.00135994	0.0363503	0.962239	0.397641
262	-10.0912	-10.0958	-10.1205	-10.2676	0.262834	0.261613	0.25524	0.220314	0.112534
263	-11.8797	-11.8853	-11.9149	-12.0917	0.265341	0.26386	0.256155	0.214643	0.110307
264	-3.24048	-3.25068	-3.30465	-3.62613	0.277184	0.274373	0.259956	0.188488	0.100005
265	-3.49378	-3.50385	-3.55717	-3.87485	0.27688	0.274105	0.259871	0.189144	0.100264
266	-4.44805	-4.45823	-4.51207	-4.8327	0.277119	0.274314	0.259934	0.188633	0.100062
267	-3.5675	-3.57559	-3.61845	-3.87384	0.271857	0.269666	0.258354	0.200124	0.104593
268	-31.6128	-28.3192	-25.0435	-21.8279	5.40435e-05	0.00145592	0.0385249	0.959965	0.396862
269	-18.2377	-16.5969	-14.9908	-13.5722	0.00724189	0.0373628	0.186178	0.769217	0.329414
270	-4.43232	-4.44433	-4.50793	-4.88602	0.28165	0.278287	0.26114	0.178923	0.0962246
271	-20.667	-20.6778	-20.7347	-21.0738	0.278577	0.275598	0.260347	0.185477	0.098816
272	-3.61647	-3.62898	-3.69523	-4.0898	0.282906	0.279388	0.261478	0.176228	0.0951596
273	-5.43197	-5.43806	-5.47035	-5.66281	0.266657	0.265037	0.256617	0.211689	0.109145
274	-16.5035	-14.8617	-13.2504	-11.802	0.00703513	0.0363325	0.182001	0.774632	0.331329
275	-3.54039	-3.55175	-3.61193	-3.97046	0.280103	0.276938	0.260764	0.182195	0.0975197
276	-4.77468	-4.78404	-4.83364	-5.12926	0.275112	0.272547	0.259359	0.192981	0.101778
277	-4.1431	-4.1517	-4.19724	-4.4682	0.273136	0.270796	0.25874	0.197328	0.103491
278	-4.55219	-4.5625	-4.6171	-4.94211	0.277469	0.274622	0.26003	0.187878	0.0997638
279	-4.81644	-4.8215	-4.84826	-5.00791	0.263895	0.262565	0.25563	0.21791	0.11159
280	-4.12935	-4.14057	-4.19996	-4.55322	0.279706	0.276586	0.260637	0.18307	0.0978643
281	-9.68063	-9.68703	-9.72094	-9.923	0.26746	0.265753	0.256894	0.209894	0.108439
282	-5.12413	-5.13064	-5.16513	-5.37091	0.267762	0.266025	0.257007	0.209206	0.108169
283	-15.6263	-15.6317	-15.6604	-15.8283	0.264673	0.263242	0.255812	0.216273	0.110942
284	-10.5099	-10.5188	-10.5658	-10.8456	0.27384	0.271423	0.258973	0.195763	0.102875
285	-4.45944	-4.4641	-4.48875	-4.63591	0.262833	0.261612	0.255242	0.220313	0.112534
286	-4.39448	-4.40179	-4.4405	-4.67147	0.269848	0.267882	0.25771	0.20456	0.106341
287	-5.12413	-5.13064	-5.16513	-5.37091	0.267762	0.266025	0.257007	0.209206	0.108169
288	-4.45052	-4.46121	-4.51787	-4.8556	0.278463	0.2755	0.260324	0.185713	0.0989096
289	-4.33345	-4.34465	-4.40394	-4.75662	0.279659	0.276545	0.260627	0.183169	0.0979034
290	-5.5843	-5.58865	-5.61168	-5.74914	0.262007	0.260871	0.254931	0.222191	0.113271
291	-3.61647	-3.62898	-3.69523	-4.0898	0.282906	0.279388	0.261478	0.176228	0.0951596
292	-9.66968	-9.68026	-9.73627	-10.0695	0.278124	0.275197	0.260207	0.186472	0.0992082
293	-3.24263	-3.25294	-3.3075	-3.63252	0.277464	0.274619	0.260036	0.187881	0.0997652
294	-3.68282	-3.68968	-3.72598	-3.94251	0.268656	0.266821	0.257309	0.207213	0.107385
295	-4.3845	-4.39109	-4.42604	-4.63438	0.267979	0.266217	0.257076	0.208728	0.107981
296	-3.49582	-3.506	-3.55992	-3.88108	0.277157	0.27435	0.259951	0.188543	0.100027
297	-7.10945	-7.1205	-7.17899	-7.52711	0.279296	0.276227	0.260535	0.183941	0.0982089
298	-3.75705	-3.76826	-3.82763	-4.18139	0.279728	0.276609	0.260665	0.182998	0.097837
299	-8.7938	-8.80494	-8.86393	-9.21483	0.279521	0.276423	0.260587	0.183469	0.0980217
300	-12.7359	-12.7453	-12.7947	-13.089	0.27501	0.272456	0.259325	0.193209	0.101868
301	-3.84695	-3.85893	-3.92233	-4.29986	0.28159	0.278238	0.261144	0.179028	0.0962668
302	-3.84695	-3.85893	-3.92233	-4.29986	0.28159	0.278238	0.261144	0.179028	0.0962668
303	-3.49582	-3.506	-3.55992	-3.88108	0.277157	0.27435	0.259951	0.188543	0.100027
304	-14.4088	-12.7683	-11.1637	-9.75408	0.00730444	0.0376752	0.187462	0.767558	0.328827
305	-5.0826	-5.08827	-5.11834	-5.29774	0.265559	0.264055	0.256233	0.214153	0.110114
306	-4.6951	-4.70362	-4.74869	-5.01754	0.272946	0.270633	0.258704	0.197718	0.103646
307	-3.24263	-3.25294	-3.3075	-3.63252	0.277464	0.274619	0.260036	0.187881	0.0997652
308	-7.04434	-7.05425	-7.10674	-7.41913	0.276467	0.273739	0.259741	0.190052	0.100622
309	-15.1638	-15.1736	-15.2257	-15.5359	0.276284	0.273581	0.259703	0.190432	0.100772
310	-3.49582	-3.506	-3.55992	-3.88108	0.277157	0.27435	0.259951	0.188543	0.100027
311	-4.6951	-4.70362	-4.74869	-5.01754	0.272946	0.270633	0.258704	0.197718	0.103646
312	-3.54039	-3.55175	-3.61193	-3.97046	0.280103	0.276938	0.260764	0.182195	0.0975197
313	-3.61647	-3.62898	-3.69523	-4.0898	0.282906	0.279388	0.261478	0.176228	0.0951596
314	-3.75705	-3.76826	-3.82763	-4.18139	0.279728	0.276609	0.260665	0.182998	0.097837
315	-4.3012	-4.30797	-4.34385	-4.55785	0.268447	0.266634	0.257238	0.20768	0.107569
316	-4.74924	-4.75577	-4.79038	-4.99675	0.267815	0.266071	0.257021	0.209093	0.108124
317	-3.24263	-3.25294	-3.3075	-3.63252	0.277464	0.274619	0.260036	0.187881	0.0997652
318	-3.54039	-3.55175	-3.61193	-3.97046	0.280103	0.276938	0.260764	0.182195	0.0975197
319	-4.10841	-4.11969	-4.17943	-4.53512	0.279886	0.276746	0.260699	0.182668	0.0977062
320	-3.56909	-3.57727	-3.62059	-3.87879	0.272086	0.269869	0.258427	0.199619	0.104395
321	-21.5969	-19.9519	-18.3232	-16.7709	0.006357	0.0329377	0.167877	0.792828	0.337761
322	-3.24263	-3.25294	-3.3075	-3.63252	0.277464	0.274619	0.260036	0.187881	0.0997652
323	-3.54039	-3.55175	-3.61193	-3.97046	0.280103	0.276938	0.260764	0.182195	0.0975197
324	-4.06406	-4.07465	-4.13077	-4.46535	0.278212	0.27528	0.260258	0.18625	0.099122
325	-3.61647	-3.62898	-3.69523	-4.0898	0.282906	0.279388	0.261478	0.176228	0.0951596
326	-4.55219	-4.5625	-4.6171	-4.94211	0.277469	0.274622	0.26003	0.187878	0.0997638
327	-4.06406	-4.07465	-4.13077	-4.46535	0.278212	0.27528	0.260258	0.18625	0.099122
328	-4.11875	-4.12997	-4.1894	-4.54377	0.279768	0.276646	0.260686	0.1829	0.0977987
329	-3.54039	-3.55175	-3.61193	-3.97046	0.280103	0.276938	0.260764	0.182195	0.0975197
330	-4.47049	-4.481	-4.53662	-4.86785	0.277958	0.275054	0.260173	0.186815	0.0993442
331	-4.25111	-4.26072	-4.31159	-4.61471	0.275715	0.273079	0.259536	0.19167	0.101261
332	-4.57903	-4.58762	-4.63309	-4.90412	0.273129	0.270793	0.258754	0.197325	0.103491
333	-14.8247	-13.1832	-11.5737	-10.1342	0.00709776	0.0366435	0.183238	0.77302	0.330759
334	-12.835	-11.1935	-9.58409	-8.14551	0.00710368	0.0366735	0.18337	0.772853	0.3307
335	-28.0628	-24.7694	-21.4948	-18.2852	5.4422e-05	0.00146583	0.0387477	0.959732	0.396782
336	-7.99108	-8.00124	-8.05506	-8.37566	0.277113	0.27431	0.259937	0.18864	0.100065
337	-3.54039	-3.55175	-3.61193	-3.97046	0.280103	0.276938	0.260764	0.182195	0.0975197
338	-10.8486	-10.8572	-10.9025	-11.1723	0.273033	0.270708	0.258724	0.197536	0.103574
339	-4.25111	-4.26072	-4.31159	-4.61471	0.275715	0.273079	0.259536	0.19167	0.101261
340	-4.45218	-4.46246	-4.5169	-4.84104	0.277398	0.274561	0.260014	0.188027	0.0998229
341	-4.3012	-4.30797	-4.34385	-4.55785	0.268447	0.266634	0.257238	0.20768	0.107569
342	-4.10722	-4.11846	-4.17796	-4.53228	0.279778	0.276652	0.26067	0.1829	0.0977978
343	-3.49509	-3.50523	-3.55894	-3.87886	0.277058	0.274262	0.259922	0.188757	0.100111
344	-37.6386	-32.6938	-27.757	-22.7955	3.55353e-07	4.9907e-05	0.00695331	0.992996	0.408187
345	-18.2226	-18.2274	-18.2529	-18.4051	0.263265	0.262	0.2554	0.219336	0.11215
346	-4.46911	-4.47958	-4.53498	-4.86493	0.277857	0.274964	0.260145	0.187034	0.0994309
347	-3.24186	-3.25213	-3.30648	-3.63024	0.277364	0.274531	0.260008	0.188097	0.0998506
348	-19.2586	-17.6117	-15.9731	-14.3615	0.00599464	0.0311184	0.160187	0.8027	0.341249
349	-19.7015	-19.7089	-19.7485	-19.9845	0.270267	0.268253	0.257839	0.203641	0.105979
350	-3.49509	-3.50523	-3.55894	-3.87886	0.277058	0.274262	0.259922	0.188757	0.100111
351	-3.49509	-3.50523	-3.55894	-3.87886	0.277058	0.274262	0.259922	0.188757	0.100111
352	-3.8459	-3.85783	-3.92099	-4.29706	0.281477	0.278139	0.261115	0.17927	0.0963626
353	-3.56852	-3.57667	-3.61983	-3.87703	0.272004	0.269796	0.258401	0.199799	0.104466
354	-13.1214	-13.1302	-13.1771	-13.4563	0.273794	0.271382	0.25896	0.195864	0.102915
355	-3.24186	-3.25213	-3.30648	-3.63024	0.277364	0.274531	0.260008	0.188097	0.0998506
356	-7.8476	-7.85706	-7.90712	-8.20548	0.275333	0.272742	0.259424	0.192501	0.101589
357	-9.31358	-9.32382	-9.37806	-9.70114	0.277311	0.274485	0.259992	0.188213	0.0998962
358	-3.75636	-3.76753	-3.82667	-4.17906	0.27962	0.276515	0.260636	0.183229	0.0979282
359	-4.38257	-4.38914	-4.42395	-4.63148	0.267912	0.266157	0.257053	0.208877	0.108039
360	-3.75636	-3.76753	-3.82667	-4.17906	0.27962	0.276515	0.260636	0.183229	0.0979282
361	-30.8454	-27.5529	-24.2829	-21.1009	5.61903e-05	0.00151213	0.0397866	0.958645	0.396409
362	-4.28689	-4.29619	-4.34544	-4.63894	0.274943	0.272398	0.259307	0.193351	0.101924
363	-20.2509	-20.2575	-20.2922	-20.4989	0.267852	0.266101	0.257019	0.209028	0.108098
364	-4.06354	-4.0741	-4.12999	-4.46328	0.27811	0.27519	0.260229	0.186471	0.0992093
365	-8.06552	-8.07035	-8.09592	-8.24819	0.263277	0.262009	0.255394	0.21932	0.112143
366	-3.75636	-3.76753	-3.82667	-4.17906	0.27962	0.276515	0.260636	0.183229	0.0979282
367	-3.92092	-3.93082	-3.98326	-4.29591	0.276472	0.273748	0.259762	0.190017	0.100609
368	-3.75636	-3.76753	-3.82667	-4.17906	0.27962	0.276515	0.260636	0.183229	0.0979282
369	-20.4594	-18.8174	-17.205	-15.749	0.00698513	0.0360813	0.180935	0.775999	0.331812
370	-4.22601	-4.23798	-4.30136	-4.67803	0.281542	0.278191	0.261109	0.179158	0.0963172
371	-4.25012	-4.25969	-4.31036	-4.61231	0.275621	0.272996	0.259508	0.191874	0.101342
372	-4.45849	-4.46313	-4.48768	-4.63428	0.262784	0.261569	0.255224	0.220423	0.112577
373	-4.22601	-4.23798	-4.30136	-4.67803	0.281542	0.278191	0.261109	0.179158	0.0963172
374	-3.75636	-3.76753	-3.82667	-4.17906	0.27962	0.276515	0.260636	0.183229	0.0979282
375	-14.2595	-12.6178	-11.007	-9.56034	0.00704876	0.0363987	0.182231	0.774321	0.331219
376	-3.61591	-3.62837	-3.69437	-4.08741	0.282788	0.279285	0.261448	0.176478	0.0952585
377	-4.60442	-4.61158	-4.64951	-4.87579	0.269461	0.267538	0.257581	0.205419	0.106679
381	-4.45052	-4.46121	-4.51787	-4.8556	0.278463	0.2755	0.260324	0.185713	0.0989096
382	-4.06406	-4.07465	-4.13077	-4.46535	0.278212	0.27528	0.260258	0.18625	0.099122
383	-3.49582	-3.506	-3.55992	-3.88108	0.277157	0.27435	0.259951	0.188543	0.100027
384	-27.1264	-23.822	-20.4917	-17.0069	3.90453e-05	0.0010632	0.0297143	0.969183	0.400022
385	-7.78368	-7.78849	-7.81399	-7.96584	0.263241	0.261976	0.255382	0.219401	0.112175
386	-14.2947	-12.6519	-11.035	-9.55211	0.00680519	0.035182	0.177229	0.780784	0.333504
387	-4.12935	-4.14057	-4.19996	-4.55322	0.279706	0.276586	0.260637	0.18307	0.0978643
388	-10.7692	-10.7792	-10.8323	-11.1485	0.27677	0.274007	0.259833	0.18939	0.100361
389	-14.0528	-12.406	-10.7687	-9.16431	0.00603789	0.0313358	0.161111	0.801515	0.34083
390	-3.24263	-3.25294	-3.3075	-3.63252	0.277464	0.274619	0.260036	0.187881	0.0997652
391	-22.3225	-19.0295	-15.7571	-12.5617	5.53114e-05	0.00148916	0.0392757	0.95918	0.396593
392	-7.48322	-7.49082	-7.5311	-7.77089	0.270586	0.268536	0.257936	0.202942	0.105703
393	-33.2025	-28.2563	-23.3123	-18.3067	3.37206e-07	4.74229e-05	0.00665513	0.993297	0.408289
394	-24.07	-20.7764	-17.5002	-14.2824	5.39e-05	0.00145218	0.0384436	0.96005	0.396891
395	-3.49582	-3.506	-3.55992	-3.88108	0.277157	0.27435	0.259951	0.188543	0.100027
396	-13.8761	-13.8832	-13.9205	-14.1426	0.26913	0.26724	0.257452	0.206179	0.106977
397	-14.2606	-12.6156	-10.9874	-9.4374	0.00637209	0.0330133	0.168192	0.792422	0.337618
398	-3.54039	-3.55175	-3.61193	-3.97046	0.280103	0.276938	0.260764	0.182195	0.0975197
399	-46.535	-43.2385	-39.9473	-36.6399	4.85732e-05	0.00131239	0.0352699	0.963369	0.398029
400	-3.84695	-3.85893	-3.92233	-4.29986	0.28159	0.278238	0.261144	0.179028	0.0962668
401	-28.4573	-25.1627	-21.8818	-18.6358	5.21636e-05	0.00140666	0.0374154	0.961126	0.39726
402	-9.34465	-9.35486	-9.40891	-9.73075	0.277215	0.274399	0.259961	0.188424	0.0999795
403	-4.74986	-4.75609	-4.78911	-4.98613	0.267032	0.265373	0.256755	0.210841	0.108812
404	-7.44405	-7.45571	-7.51741	-7.88429	0.280776	0.277522	0.260916	0.180786	0.0969614
405	-4.45218	-4.46246	-4.5169	-4.84104	0.277398	0.274561	0.260014	0.188027	0.0998229
406	-4.10841	-4.11969	-4.17943	-4.53512	0.279886	0.276746	0.260699	0.182668	0.0977062
407	-5.12413	-5.13064	-5.16513	-5.37091	0.267762	0.266025	0.257007	0.209206	0.108169
408	-4.22783	-4.23985	-4.30347	-4.68161	0.281656	0.278291	0.261138	0.178915	0.096221
409	-4.10841	-4.11969	-4.17943	-4.53512	0.279886	0.276746	0.260699	0.182668	0.0977062
410	-4.11875	-4.12997	-4.1894	-4.54377	0.279768	0.276646	0.260686	0.1829	0.0977987
411	-24.4385	-22.7959	-21.1803	-19.7048	0.0068547	0.0354291	0.178239	0.779477	0.333042
412	-4.22783	-4.23985	-4.30347	-4.68161	0.281656	0.278291	0.261138	0.178915	0.096221
413	-4.70483	-4.71213	-4.75081	-4.98144	0.269823	0.26786	0.257698	0.20462	0.106364
414	-11.0769	-11.0831	-11.116	-11.3115	0.266923	0.265271	0.256697	0.211108	0.108916
415	-3.68282	-3.68968	-3.72598	-3.94251	0.268656	0.266821	0.257309	0.207213	0.107385
416	-3.93304	-3.93982	-3.97572	-4.18975	0.268453	0.266639	0.257235	0.207673	0.107565
417	-4.11875	-4.12997	-4.1894	-4.54377	0.279768	0.276646	0.260686	0.1829	0.0977987
418	-4.11875	-4.12997	-4.1894	-4.54377	0.279768	0.276646	0.260686	0.1829	0.0977987
419	-3.84695	-3.85893	-3.92233	-4.29986	0.28159	0.278238	0.261144	0.179028	0.0962668
420	-3.93304	-3.93982	-3.97572	-4.18975	0.268453	0.266639	0.257235	0.207673	0.107565
421	-3.54039	-3.55175	-3.61193	-3.97046	0.280103	0.276938	0.260764	0.182195	0.0975197
422	-14.6324	-14.6408	-14.6853	-14.9499	0.272614	0.270335	0.258581	0.19847	0.103942
423	-15.519	-13.8769	-12.264	-10.8035	0.0069569	0.0359387	0.180314	0.776791	0.332092
424	-4.45052	-4.46121	-4.51787	-4.8556	0.278463	0.2755	0.260324	0.185713	0.0989096
425	-3.75705	-3.76826	-3.82763	-4.18139	0.279728	0.276609	0.260665	0.182998	0.097837
426	-8.2943	-8.30082	-8.33535	-8.54118	0.267772	0.266032	0.257003	0.209193	0.108163
427	-13.6193	-13.6293	-13.6821	-13.997	0.276661	0.273912	0.259805	0.189622	0.100452
428	-4.1431	-4.1517	-4.19724	-4.4682	0.273136	0.270796	0.25874	0.197328	0.103491
429	-3.49582	-3.506	-3.55992	-3.88108	0.277157	0.27435	0.259951	0.188543	0.100027
430	-3.54039	-3.55175	-3.61193	-3.97046	0.280103	0.276938	0.260764	0.182195	0.0975197
431	-5.0099	-5.01407	-5.03616	-5.16795	0.261524	0.260436	0.254747	0.223293	0.113704
432	-3.84695	-3.85893	-3.92233	-4.29986	0.28159	0.278238	0.261144	0.179028	0.0962668
433	-5.33058	-5.33674	-5.36936	-5.56392	0.26683	0.265191	0.25668	0.211299	0.108992
434	-3.56909	-3.57727	-3.62059	-3.87879	0.272086	0.269869	0.258427	0.199619	0.104395
435	-4.06406	-4.07465	-4.13077	-4.46535	0.278212	0.27528	0.260258	0.18625	0.099122
436	-17.3658	-17.3757	-17.4279	-17.7389	0.276354	0.27364	0.259707	0.190299	0.100719
437	-8.90903	-8.91641	-8.95551	-9.18863	0.270027	0.268042	0.257766	0.204165	0.106185
438	-5.5402	-5.54523	-5.5719	-5.73112	0.263855	0.262529	0.25562	0.217996	0.111624
439	-4.12935	-4.14057	-4.19996	-4.55322	0.279706	0.276586	0.260637	0.18307	0.0978643
440	-9.91006	-9.91731	-9.9557	-10.1847	0.269685	0.267737	0.257652	0.204926	0.106485
441	-3.54039	-3.55175	-3.61193	-3.97046	0.280103	0.276938	0.260764	0.182195	0.0975197
442	-12.5225	-12.5326	-12.5859	-12.9033	0.276861	0.274088	0.25986	0.189191	0.100282
443	-3.24263	-3.25294	-3.3075	-3.63252	0.277464	0.274619	0.260036	0.187881	0.0997652
444	-3.49582	-3.506	-3.55992	-3.88108	0.277157	0.27435	0.259951	0.188543	0.100027
445	-19.1677	-17.5258	-15.9142	-14.4626	0.00701476	0.0362294	0.181545	0.775211	0.331534
446	-15.0446	-15.0547	-15.1081	-15.425	0.276858	0.274076	0.259817	0.18925	0.100303
447	-10.1882	-10.1924	-10.2146	-10.3466	0.261547	0.260456	0.254753	0.223244	0.113684
448	-6.74197	-6.752	-6.80513	-7.12128	0.276768	0.274004	0.259826	0.189402	0.100365
449	-4.28767	-4.29701	-4.34645	-4.6411	0.275035	0.272479	0.259335	0.193151	0.101845
450	-4.74924	-4.75577	-4.79038	-4.99675	0.267815	0.266071	0.257021	0.209093	0.108124
451	-4.06426	-4.07112	-4.10749	-4.32438	0.268687	0.266848	0.257319	0.207146	0.107358
452	-3.75705	-3.76826	-3.82763	-4.18139	0.279728	0.276609	0.260665	0.182998	0.097837
453	-19.7404	-18.1004	-16.4985	-15.1038	0.00741133	0.0382072	0.189604	0.764777	0.327843
454	-11.683	-11.6915	-11.7368	-12.0069	0.273049	0.270722	0.258729	0.1975	0.10356
455	-7.91314	-7.91949	-7.95311	-8.15344	0.267317	0.265625	0.256843	0.210216	0.108566
456	-8.61764	-8.62606	-8.67063	-8.93608	0.272681	0.270395	0.258607	0.198317	0.103881
457	-4.06406	-4.07465	-4.13077	-4.46535	0.278212	0.27528	0.260258	0.18625	0.099122
458	-3.24263	-3.25294	-3.3075	-3.63252	0.277464	0.274619	0.260036	0.187881	0.0997652
459	-4.3012	-4.30797	-4.34385	-4.55785	0.268447	0.266634	0.257238	0.20768	0.107569
460	-3.24263	-3.25294	-3.3075	-3.63252	0.277464	0.274619	0.260036	0.187881	0.0997652
461	-8.02964	-8.03994	-8.09453	-8.41974	0.277478	0.274632	0.260042	0.187848	0.0997525
462	-14.1184	-14.1298	-14.19	-14.548	0.280079	0.276912	0.260737	0.182272	0.0975488
463	-13.1474	-11.5057	-9.89492	-8.44849	0.00705008	0.0364058	0.182271	0.774273	0.331202
464	-8.95239	-8.96318	-9.02029	-9.36009	0.278645	0.275655	0.260352	0.185348	0.0987645
465	-4.74924	-4.75577	-4.79038	-4.99675	0.267815	0.266071	0.257021	0.209093	0.108124
466	-4.57903	-4.58762	-4.63309	-4.90412	0.273129	0.270793	0.258754	0.197325	0.103491
467	-7.72238	-7.7272	-7.75275	-7.90491	0.263266	0.261999	0.255391	0.219344	0.112153
468	-11.3861	-11.3948	-11.4405	-11.7129	0.273239	0.270891	0.258788	0.197083	0.103395
469	-4.6951	-4.70362	-4.74869	-5.01754	0.272946	0.270633	0.258704	0.197718	0.103646
470	-14.4746	-14.4845	-14.5372	-14.8507	0.276553	0.273816	0.259768	0.189863	0.100547
471	-3.49582	-3.506	-3.55992	-3.88108	0.277157	0.27435	0.259951	0.188543	0.100027
472	-3.84695	-3.85893	-3.92233	-4.29986	0.28159	0.278238	0.261144	0.179028	0.0962668
473	-4.57903	-4.58762	-4.63309	-4.90412	0.273129	0.270793	0.258754	0.197325	0.103491
474	-7.59206	-7.60043	-7.64476	-7.90859	0.272554	0.270281	0.258563	0.198602	0.103994
475	-4.45944	-4.4641	-4.48875	-4.63591	0.262833	0.261612	0.255242	0.220313	0.112534
476	-4.81644	-4.8215	-4.84826	-5.00791	0.263895	0.262565	0.25563	0.21791	0.11159
477	-8.62196	-8.62756	-8.65722	-8.83406	0.265347	0.263865	0.256153	0.214634	0.110303
478	-3.24263	-3.25294	-3.3075	-3.63252	0.277464	0.274619	0.260036	0.187881	0.0997652
479	-4.25111	-4.26072	-4.31159	-4.61471	0.275715	0.273079	0.259536	0.19167	0.101261
480	-9.17482	-9.18346	-9.22923	-9.50197	0.273267	0.270916	0.258798	0.197019	0.10337
481	-9.05311	-9.06326	-9.11697	-9.43693	0.277061	0.274265	0.259923	0.18875	0.100108
482	-10.5699	-10.5748	-10.6006	-10.7551	0.263454	0.262169	0.255469	0.218908	0.111982
483	-4.76777	-4.77246	-4.79728	-4.9454	0.262916	0.261687	0.255272	0.220126	0.112461
484	-3.56909	-3.57727	-3.62059	-3.87879	0.272086	0.269869	0.258427	0.199619	0.104395
485	-4.55591	-4.5607	-4.58609	-4.73761	0.263204	0.261945	0.255378	0.219473	0.112204
486	-4.81644	-4.8215	-4.84826	-5.00791	0.263895	0.262565	0.25563	0.21791	0.11159
487	-11.457	-11.4673	-11.5221	-11.8484	0.277567	0.27471	0.260066	0.187657	0.0996769
488	-4.11875	-4.12997	-4.1894	-4.54377	0.279768	0.276646	0.260686	0.1829	0.0977987
489	-3.49582	-3.506	-3.55992	-3.88108	0.277157	0.27435	0.259951	0.188543	0.100027
490	-9.22487	-9.23207	-9.27018	-9.49721	0.269533	0.2676	0.257594	0.205274	0.106621
491	-4.11875	-4.12997	-4.1894	-4.54377	0.279768	0.276646	0.260686	0.1829	0.0977987
492	-4.25111	-4.26072	-4.31159	-4.61471	0.275715	0.273079	0.259536	0.19167	0.101261
493	-3.24263	-3.25294	-3.3075	-3.63252	0.277464	0.274619	0.260036	0.187881	0.0997652
494	-4.1431	-4.1517	-4.19724	-4.4682	0.273136	0.270796	0.25874	0.197328	0.103491
495	-3.49582	-3.506	-3.55992	-3.88108	0.277157	0.27435	0.259951	0.188543	0.100027
496	-3.49582	-3.506	-3.55992	-3.88108	0.277157	0.27435	0.259951	0.188543	0.100027
497	-3.49582	-3.506	-3.55992	-3.88108	0.277157	0.27435	0.259951	0.188543	0.100027
498	-9.32102	-9.3264	-9.35483	-9.52186	0.264591	0.263171	0.255793	0.216445	0.11101
499	-3.93304	-3.93982	-3.97572	-4.18975	0.268453	0.266639	0.257235	0.207673	0.107565
500	-5.33058	-5.33674	-5.36936	-5.56392	0.26683	0.265191	0.25668	0.211299	0.108992
501	-3.84695	-3.85893	-3.92233	-4.29986	0.28159	0.278238	0.261144	0.179028	0.0962668
502	-3.68282	-3.68968	-3.72598	-3.94251	0.268656	0.266821	0.257309	0.207213	0.107385
503	-3.54039	-3.55175	-3.61193	-3.97046	0.280103	0.276938	0.260764	0.182195	0.0975197
504	-10.1316	-10.1422	-10.1981	-10.5315	0.278123	0.275201	0.260232	0.186444	0.0991987
505	-5.28201	-5.28882	-5.32485	-5.5399	0.268531	0.26671	0.25727	0.207489	0.107494
506	-3.24263	-3.25294	-3.3075	-3.63252	0.277464	0.274619	0.260036	0.187881	0.0997652
507	-13.5803	-13.5879	-13.6283	-13.8695	0.270686	0.268627	0.25798	0.202707	0.105611
508	-12.4774	-12.4822	-12.5075	-12.6583	0.263144	0.261891	0.255353	0.219612	0.112258
509	-7.9754	-7.98615	-8.04306	-8.38194	0.278564	0.275586	0.260341	0.185509	0.0988285
510	-4.60557	-4.61276	-4.65084	-4.878	0.269533	0.267603	0.257606	0.205258	0.106616
511	-15.4471	-13.8025	-12.1768	-10.6417	0.00646571	0.0334827	0.170162	0.789889	0.336723
512	-19.0457	-17.4037	-15.7912	-14.3351	0.00698409	0.0360764	0.180922	0.776017	0.331819
513	-4.06406	-4.07465	-4.13077	-4.46535	0.278212	0.27528	0.260258	0.18625	0.099122
514	-3.92149	-3.93143	-3.98408	-4.29794	0.276569	0.273833	0.25979	0.189807	0.100526
515	-4.11875	-4.12997	-4.1894	-4.54377	0.279768	0.276646	0.260686	0.1829	0.0977987
516	-10.4201	-10.4306	-10.4859	-10.8155	0.277824	0.274936	0.260136	0.187105	0.0994587
517	-3.93304	-3.93982	-3.97572	-4.18975	0.268453	0.266639	0.257235	0.207673	0.107565
518	-8.6301	-8.63475	-8.65936	-8.80597	0.262794	0.261576	0.255217	0.220413	0.112573
519	-19.6282	-19.6353	-19.6728	-19.8963	0.269238	0.267338	0.257497	0.205928	0.106879
520	-10.9164	-10.9245	-10.9672	-11.222	0.271808	0.269624	0.258344	0.200224	0.104633
521	-4.43232	-4.44433	-4.50793	-4.88602	0.28165	0.278287	0.26114	0.178923	0.0962246
522	-4.25111	-4.26072	-4.31159	-4.61471	0.275715	0.273079	0.259536	0.19167	0.101261
523	-22.0092	-20.3642	-18.736	-17.1856	0.00637003	0.033003	0.168149	0.792478	0.337638
524	-14.9831	-13.3426	-11.7379	-10.3279	0.00730183	0.0376621	0.187408	0.767628	0.328852
525	-4.00702	-4.01743	-4.07252	-4.40072	0.277716	0.274841	0.260108	0.187335	0.0995498
526	-4.11875	-4.12997	-4.1894	-4.54377	0.279768	0.276646	0.260686	0.1829	0.0977987
527	-8.1901	-8.19945	-8.24893	-8.54293	0.275007	0.272449	0.259297	0.193247	0.101882
528	-4.12935	-4.14057	-4.19996	-4.55322	0.279706	0.276586	0.260637	0.18307	0.0978643
529	-3.56909	-3.57727	-3.62059	-3.87879	0.272086	0.269869	0.258427	0.199619	0.104395
530	-5.28201	-5.28882	-5.32485	-5.5399	0.268531	0.26671	0.25727	0.207489	0.107494
531	-4.28767	-4.29701	-4.34645	-4.6411	0.275035	0.272479	0.259335	0.193151	0.101845
532	-9.0815	-9.0916	-9.14513	-9.46404	0.276977	0.274191	0.2599	0.188932	0.100181
533	-9.33994	-9.35118	-9.41065	-9.76441	0.279746	0.27662	0.260648	0.182986	0.0978311
534	-9.31231	-9.32272	-9.37787	-9.70627	0.277734	0.274857	0.26011	0.187298	0.0995353
535	-4.45944	-4.4641	-4.48875	-4.63591	0.262833	0.261612	0.255242	0.220313	0.112534
536	-3.54039	-3.55175	-3.61193	-3.97046	0.280103	0.276938	0.260764	0.182195	0.0975197
537	-4.25111	-4.26072	-4.31159	-4.61471	0.275715	0.273079	0.259536	0.19167	0.101261
538	-3.75705	-3.76826	-3.82763	-4.18139	0.279728	0.276609	0.260665	0.182998	0.097837
539	-4.47049	-4.481	-4.53662	-4.86785	0.277958	0.275054	0.260173	0.186815	0.0993442
540	-4.57903	-4.58762	-4.63309	-4.90412	0.273129	0.270793	0.258754	0.197325	0.103491
541	-4.12935	-4.14057	-4.19996	-4.55322	0.279706	0.276586	0.260637	0.18307	0.0978643
542	-3.75705	-3.76826	-3.82763	-4.18139	0.279728	0.276609	0.260665	0.182998	0.097837
543	-4.76777	-4.77246	-4.79728	-4.9454	0.262916	0.261687	0.255272	0.220126	0.112461
544	-9.83609	-9.84354	-9.88298	-10.1182	0.2702	0.268195	0.257824	0.203781	0.106034
545	-4.882	-4.88868	-4.92403	-5.13501	0.268193	0.266409	0.257156	0.208241	0.10779
546	-4.45218	-4.46246	-4.5169	-4.84104	0.277398	0.274561	0.260014	0.188027	0.0998229
547	-5.11059	-5.11463	-5.13603	-5.26381	0.261179	0.260126	0.254619	0.224076	0.114011
548	-3.84695	-3.85893	-3.92233	-4.29986	0.28159	0.278238	0.261144	0.179028	0.0962668
549	-5.0099	-5.01407	-5.03616	-5.16795	0.261524	0.260436	0.254747	0.223293	0.113704
550	-3.54039	-3.55175	-3.61193	-3.97046	0.280103	0.276938	0.260764	0.182195	0.0975197
551	-20.9737	-20.9828	-21.0311	-21.3187	0.274477	0.271985	0.25916	0.194378	0.102329
552	-4.25111	-4.26072	-4.31159	-4.61471	0.275715	0.273079	0.259536	0.19167	0.101261
553	-3.54039	-3.55175	-3.61193	-3.97046	0.280103	0.276938	0.260764	0.182195	0.0975197
554	-9.71192	-9.71843	-9.75289	-9.95825	0.267735	0.265998	0.256988	0.209278	0.108197
555	-3.24263	-3.25294	-3.3075	-3.63252	0.277464	0.274619	0.260036	0.187881	0.0997652
556	-5.34254	-5.34964	-5.38725	-5.61131	0.269287	0.267381	0.257512	0.205821	0.106837
557	-4.06406	-4.07465	-4.13077	-4.46535	0.278212	0.27528	0.260258	0.18625	0.099122
558	-3.75705	-3.76826	-3.82763	-4.18139	0.279728	0.276609	0.260665	0.182998	0.097837
559	-4.06406	-4.07465	-4.13077	-4.46535	0.278212	0.27528	0.260258	0.18625	0.099122
560	-4.55591	-4.5607	-4.58609	-4.73761	0.263204	0.261945	0.255378	0.219473	0.112204
561	-3.24263	-3.25294	-3.3075	-3.63252	0.277464	0.274619	0.260036	0.187881	0.0997652
562	-4.74924	-4.75577	-4.79038	-4.99675	0.267815	0.266071	0.257021	0.209093	0.108124
563	-9.64227	-9.65399	-9.71602	-10.0854	0.280954	0.277681	0.260978	0.180386	0.096804
564	-3.49582	-3.506	-3.55992	-3.88108	0.277157	0.27435	0.259951	0.188543	0.100027
565	-4.45052	-4.46121	-4.51787	-4.8556	0.278463	0.2755	0.260324	0.185713	0.0989096
566	-4.06406	-4.07465	-4.13077	-4.46535	0.278212	0.27528	0.260258	0.18625	0.099122
567	-11.5229	-11.5302	-11.5693	-11.8017	0.269978	0.267996	0.257743	0.204282	0.106231
568	-8.63308	-8.64335	-8.6977	-9.02137	0.277359	0.274527	0.260005	0.188109	0.0998554
569	-4.33345	-4.34465	-4.40394	-4.75662	0.279659	0.276545	0.260627	0.183169	0.0979034
570	-3.49582	-3.506	-3.55992	-3.88108	0.277157	0.27435	0.259951	0.188543	0.100027
571	-16.7475	-15.1017	-13.4692	-11.893	0.00620969	0.0321983	0.164755	0.796837	0.339178
572	-16.1213	-14.4768	-12.8507	-11.3136	0.00645341	0.0334211	0.169904	0.790221	0.33684
573	-4.76777	-4.77246	-4.79728	-4.9454	0.262916	0.261687	0.255272	0.220126	0.112461
574	-4.12935	-4.14057	-4.19996	-4.55322	0.279706	0.276586	0.260637	0.18307	0.0978643
575	-4.28767	-4.29701	-4.34645	-4.6411	0.275035	0.272479	0.259335	0.193151	0.101845
576	-3.49582	-3.506	-3.55992	-3.88108	0.277157	0.27435	0.259951	0.188543	0.100027
577	-4.11875	-4.12997	-4.1894	-4.54377	0.279768	0.276646	0.260686	0.1829	0.0977987
578	-3.61647	-3.62898	-3.69523	-4.0898	0.282906	0.279388	0.261478	0.176228	0.0951596
579	-3.24263	-3.25294	-3.3075	-3.63252	0.277464	0.274619	0.260036	0.187881	0.0997652
580	-9.64314	-9.6526	-9.70269	-10.0012	0.275347	0.272755	0.25943	0.192468	0.101576
581	-3.93304	-3.93982	-3.97572	-4.18975	0.268453	0.266639	0.257235	0.207673	0.107565
582	-3.49582	-3.506	-3.55992	-3.88108	0.277157	0.27435	0.259951	0.188543	0.100027
583	-15.5622	-15.5672	-15.5939	-15.7526	0.263827	0.262501	0.255596	0.218076	0.111655
584	-4.6951	-4.70362	-4.74869	-5.01754	0.272946	0.270633	0.258704	0.197718	0.103646
585	-3.49582	-3.506	-3.55992	-3.88108	0.277157	0.27435	0.259951	0.188543	0.100027
586	-3.92149	-3.93143	-3.98408	-4.29794	0.276569	0.273833	0.25979	0.189807	0.100526
587	-4.81644	-4.8215	-4.84826	-5.00791	0.263895	0.262565	0.25563	0.21791	0.11159
588	-4.70483	-4.71213	-4.75081	-4.98144	0.269823	0.26786	0.257698	0.20462	0.106364
589	-4.11875	-4.12997	-4.1894	-4.54377	0.279768	0.276646	0.260686	0.1829	0.0977987
590	-3.49582	-3.506	-3.55992	-3.88108	0.277157	0.27435	0.259951	0.188543	0.100027
591	-5.33058	-5.33674	-5.36936	-5.56392	0.26683	0.265191	0.25668	0.211299	0.108992
592	-4.25111	-4.26072	-4.31159	-4.61471	0.275715	0.273079	0.259536	0.19167	0.101261
593	-18.0454	-18.0562	-18.1133	-18.4532	0.278651	0.27566	0.260353	0.185336	0.0987594
594	-5.11059	-5.11463	-5.13603	-5.26381	0.261179	0.260126	0.254619	0.224076	0.114011
595	-17.5982	-15.952	-14.3174	-12.7295	0.00613728	0.0318351	0.163228	0.798799	0.339871
596	-4.1431	-4.1517	-4.19724	-4.4682	0.273136	0.270796	0.25874	0.197328	0.103491
597	-3.75705	-3.76826	-3.82763	-4.18139	0.279728	0.276609	0.260665	0.182998	0.097837
598	-9.48396	-9.49253	-9.53789	-9.80777	0.273048	0.270718	0.258713	0.197521	0.103567
599	-4.55219	-4.5625	-4.6171	-4.94211	0.277469	0.274622	0.26003	0.187878	0.0997638
600	-7.79111	-7.79772	-7.83275	-8.04131	0.268006	0.266239	0.257074	0.208681	0.107962
601	-4.06406	-4.07465	-4.13077	-4.46535	0.278212	0.27528	0.260258	0.18625	0.099122
602	-3.75705	-3.76826	-3.82763	-4.18139	0.279728	0.276609	0.260665	0.182998	0.097837
603	-4.25111	-4.26072	-4.31159	-4.61471	0.275715	0.273079	0.259536	0.19167	0.101261
604	-3.84695	-3.85893	-3.92233	-4.29986	0.28159	0.278238	0.261144	0.179028	0.0962668
605	-3.24263	-3.25294	-3.3075	-3.63252	0.277464	0.274619	0.260036	0.187881	0.0997652
606	-8.81775	-8.82406	-8.8575	-9.05688	0.267234	0.265552	0.256819	0.210396	0.108637
607	-4.1431	-4.1517	-4.19724	-4.4682	0.273136	0.270796	0.25874	0.197328	0.103491
608	-4.06426	-4.07112	-4.10749	-4.32438	0.268687	0.266848	0.257319	0.207146	0.107358
609	-8.60503	-8.61318	-8.65633	-8.91338	0.271995	0.269788	0.258394	0.199823	0.104475
610	-19.0008	-17.3443	-15.656	-13.789	0.00458666	0.0240405	0.130056	0.841317	0.35489
611	-3.49582	-3.506	-3.55992	-3.88108	0.277157	0.27435	0.259951	0.188543	0.100027
612	-4.57903	-4.58762	-4.63309	-4.90412	0.273129	0.270793	0.258754	0.197325	0.103491
613	-17.4267	-15.7849	-14.1736	-12.7242	0.00702966	0.0363037	0.181849	0.774817	0.331394
614	-14.3152	-12.6726	-11.057	-9.58463	0.00687108	0.0355146	0.178674	0.778941	0.332853
615	-3.75705	-3.76826	-3.82763	-4.18139	0.279728	0.276609	0.260665	0.182998	0.097837
616	-4.74986	-4.75609	-4.78911	-4.98613	0.267032	0.265373	0.256755	0.210841	0.108812
617	-26.7445	-23.4505	-20.1724	-16.9432	5.31939e-05	0.00143367	0.0380253	0.960488	0.397041
618	-3.49582	-3.506	-3.55992	-3.88108	0.277157	0.27435	0.259951	0.188543	0.100027
619	-14.355	-12.7132	-11.1013	-9.64852	0.00700685	0.0361898	0.181383	0.775421	0.331608
620	-4.43232	-4.44433	-4.50793	-4.88602	0.28165	0.278287	0.26114	0.178923	0.0962246
621	-4.6951	-4.70362	-4.74869	-5.01754	0.272946	0.270633	0.258704	0.197718	0.103646
622	-4.55219	-4.5625	-4.6171	-4.94211	0.277469	0.274622	0.26003	0.187878	0.0997638
623	-16.4456	-14.8033	-13.1896	-11.7256	0.00693102	0.0358111	0.179828	0.77743	0.332318
624	-3.54039	-3.55175	-3.61193	-3.97046	0.280103	0.276938	0.260764	0.182195	0.0975197
625	-27.8459	-24.5519	-21.274	-18.0458	5.3255e-05	0.00143527	0.0380616	0.96045	0.397028
626	-15.7924	-14.1508	-12.5403	-11.0953	0.00706042	0.0364572	0.182477	0.774005	0.331107
627	-5.0826	-5.08827	-5.11834	-5.29774	0.265559	0.264055	0.256233	0.214153	0.110114
628	-7.78368	-7.78849	-7.81399	-7.96584	0.263241	0.261976	0.255382	0.219401	0.112175
629	-3.54039	-3.55175	-3.61193	-3.97046	0.280103	0.276938	0.260764	0.182195	0.0975197
630	-3.54039	-3.55175	-3.61193	-3.97046	0.280103	0.276938	0.260764	0.182195	0.0975197
631	-11.1592	-11.1661	-11.2029	-11.4216	0.268856	0.266994	0.257352	0.206798	0.10722
632	-7.44405	-7.45571	-7.51741	-7.88429	0.280776	0.277522	0.260916	0.180786	0.0969614
633	-4.33345	-4.34465	-4.40394	-4.75662	0.279659	0.276545	0.260627	0.183169	0.0979034
634	-4.33345	-4.34465	-4.40394	-4.75662	0.279659	0.276545	0.260627	0.183169	0.0979034
635	-8.30606	-8.31711	-8.37562	-8.72407	0.279316	0.276247	0.260547	0.183889	0.0981888
636	-4.11875	-4.12997	-4.1894	-4.54377	0.279768	0.276646	0.260686	0.1829	0.0977987
637	-3.56909	-3.57727	-3.62059	-3.87879	0.272086	0.269869	0.258427	0.199619	0.104395
638	-4.25111	-4.26072	-4.31159	-4.61471	0.275715	0.273079	0.259536	0.19167	0.101261
639	-8.62191	-8.63227	-8.68713	-9.01384	0.2776	0.274738	0.260073	0.187589	0.09965
640	-4.55219	-4.5625	-4.6171	-4.94211	0.277469	0.274622	0.26003	0.187878	0.0997638
641	-4.00702	-4.01743	-4.07252	-4.40072	0.277716	0.274841	0.260108	0.187335	0.0995498
642	-4.28767	-4.29701	-4.34645	-4.6411	0.275035	0.272479	0.259335	0.193151	0.101845
643	-17.6545	-17.6619	-17.7013	-17.936	0.270156	0.268156	0.25781	0.203879	0.106073
644	-4.45218	-4.46246	-4.5169	-4.84104	0.277398	0.274561	0.260014	0.188027	0.0998229
645	-4.06426	-4.07112	-4.10749	-4.32438	0.268687	0.266848	0.257319	0.207146	0.107358
646	-8.47575	-8.48601	-8.54032	-8.86377	0.277342	0.274511	0.259999	0.188148	0.0998707
647	-3.24263	-3.25294	-3.3075	-3.63252	0.277464	0.274619	0.260036	0.187881	0.0997652
683	-4.77404	-4.78339	-4.83286	-5.12774	0.275053	0.272495	0.259341	0.193111	0.10183
684	-4.14221	-4.1508	-4.19622	-4.4665	0.27308	0.270747	0.258723	0.19745	0.103539
685	-13.7339	-12.0938	-10.4916	-9.095	0.00739769	0.0381393	0.189331	0.765132	0.327969
686	-10.9263	-10.9372	-10.9945	-11.3352	0.278725	0.275724	0.26037	0.18518	0.0986979
687	-4.92495	-4.93303	-4.97581	-5.23097	0.271833	0.269646	0.258352	0.20017	0.104612
688	-4.00624	-4.01662	-4.07158	-4.39895	0.27765	0.274784	0.26009	0.187476	0.0996056
689	-3.53992	-3.55126	-3.61128	-3.96892	0.280032	0.276876	0.260745	0.182346	0.0975794
690	-9.15154	-9.16195	-9.21704	-9.54515	0.277711	0.274836	0.260104	0.187349	0.0995551
691	-4.22665	-4.23864	-4.3021	-4.67929	0.281582	0.278226	0.261119	0.179072	0.0962833
692	-4.33231	-4.34348	-4.40262	-4.75441	0.27959	0.276484	0.260608	0.183318	0.0979625
693	-3.53992	-3.55126	-3.61128	-3.96892	0.280032	0.276876	0.260745	0.182346	0.0975794
694	-4.33231	-4.34348	-4.40262	-4.75441	0.27959	0.276484	0.260608	0.183318	0.0979625
695	-4.30044	-4.3072	-4.34298	-4.55645	0.268402	0.266595	0.257223	0.20778	0.107608
696	-4.12815	-4.13934	-4.19859	-4.55096	0.279637	0.276525	0.260619	0.18322	0.0979234
697	-3.68244	-3.68927	-3.72548	-3.94147	0.268611	0.266781	0.257294	0.207314	0.107424
698	-23.073	-21.4323	-19.8269	-18.412	0.00726827	0.0374944	0.186716	0.768521	0.329168
699	-5.14483	-5.15192	-5.18945	-5.413	0.269245	0.267344	0.257497	0.205914	0.106873
700	-4.14221	-4.1508	-4.19622	-4.4665	0.27308	0.270747	0.258723	0.19745	0.103539
701	-5.34096	-5.34804	-5.38556	-5.60905	0.26924	0.267339	0.257496	0.205924	0.106877
702	-4.88145	-4.8881	-4.92337	-5.13382	0.268149	0.26637	0.257141	0.208339	0.107828
703	-4.45883	-4.46347	-4.48806	-4.63485	0.262801	0.261584	0.25523	0.220384	0.112562
704	-19.4041	-17.7594	-16.1325	-14.5901	0.00642043	0.0332554	0.169202	0.791122	0.337158
705	-4.45883	-4.46347	-4.48806	-4.63485	0.262801	0.261584	0.25523	0.220384	0.112562
706	-4.06346	-4.07031	-4.10658	-4.32293	0.268642	0.266808	0.257304	0.207246	0.107398
707	-9.53206	-9.54231	-9.59661	-9.91992	0.277332	0.274502	0.259995	0.188172	0.0998798
708	-4.76681	-4.77148	-4.79624	-4.944	0.262884	0.261658	0.25526	0.220198	0.112489
709	-6.74147	-6.75148	-6.80447	-7.1198	0.276703	0.273947	0.259808	0.189543	0.100421
710	-4.4696	-4.48008	-4.53556	-4.86596	0.277892	0.274996	0.260155	0.186957	0.0994004
711	-5.14483	-5.15192	-5.18945	-5.413	0.269245	0.267344	0.257497	0.205914	0.106873
712	-8.73216	-8.74064	-8.78554	-9.05331	0.27286	0.270556	0.258675	0.197909	0.103721
713	-11.0542	-11.0637	-11.1141	-11.4141	0.275467	0.27286	0.259462	0.192211	0.101474
714	-9.6153	-9.62385	-9.66912	-9.93845	0.273003	0.270679	0.258699	0.197618	0.103606
715	-10.6906	-10.6955	-10.7212	-10.8747	0.263371	0.262095	0.255438	0.219097	0.112056
716	-4.06372	-4.07429	-4.13027	-4.46401	0.278146	0.275221	0.260239	0.186393	0.0991786
717	-11.037	-11.0442	-11.082	-11.3073	0.269387	0.267471	0.257549	0.205592	0.106747
718	-3.24213	-3.25241	-3.30684	-3.63104	0.277399	0.274562	0.260018	0.188021	0.0998206
719	-14.8863	-13.2445	-11.6332	-10.1835	0.00702834	0.0362971	0.181821	0.774854	0.331407
720	-4.74821	-4.75473	-4.78925	-4.99511	0.267772	0.266032	0.257006	0.20919	0.108162
721	-8.16829	-8.17489	-8.20985	-8.41842	0.267995	0.266232	0.257086	0.208687	0.107965
722	-11.792	-11.7964	-11.8197	-11.9589	0.262156	0.261004	0.254987	0.221853	0.113138
723	-9.91416	-9.92071	-9.95539	-10.1622	0.267849	0.266101	0.257031	0.209019	0.108095
724	-30.0829	-30.0916	-30.1378	-30.4125	0.273441	0.271066	0.258833	0.19666	0.103228
725	-3.56872	-3.57688	-3.6201	-3.87765	0.272033	0.269822	0.25841	0.199736	0.104441
726	-5.08169	-5.08736	-5.11735	-5.2963	0.265521	0.264021	0.25622	0.214238	0.110147
727	-12.5765	-12.581	-12.6049	-12.7471	0.262411	0.261233	0.255082	0.221274	0.112911
728	-10.2043	-10.2108	-10.2456	-10.4526	0.267871	0.26612	0.257038	0.20897	0.108076
729	-20.457	-18.8162	-17.2101	-15.791	0.00723858	0.0373465	0.186118	0.769297	0.329442
730	-18.0859	-18.0944	-18.1397	-18.4096	0.273035	0.270709	0.258721	0.197534	0.103573
731	-25.28	-25.2864	-25.32	-25.5209	0.267354	0.265659	0.256861	0.210127	0.108531
732	-11.8636	-11.8721	-11.917	-12.1848	0.27286	0.270556	0.258677	0.197908	0.103721
733	-15.0068	-13.3652	-11.7552	-10.3124	0.0070761	0.0365351	0.182788	0.773601	0.330964
734	-5.73525	-5.73998	-5.76505	-5.9147	0.263044	0.261802	0.25532	0.219834	0.112346
735	-4.25047	-4.26005	-4.31079	-4.61315	0.275654	0.273026	0.259518	0.191802	0.101313
736	-14.1895	-14.194	-14.2179	-14.3602	0.262429	0.261247	0.25508	0.221245	0.112899
737	-4.4696	-4.48008	-4.53556	-4.86596	0.277892	0.274996	0.260155	0.186957	0.0994004
738	-33.5967	-30.3003	-27.01	-23.7074	4.88482e-05	0.0013196	0.0354324	0.963199	0.397971
739	-4.74924	-4.75546	-4.78839	-4.98491	0.266991	0.265336	0.256741	0.210933	0.108848
740	-4.45122	-4.46148	-4.51578	-4.83911	0.277334	0.274504	0.259995	0.188167	0.0998782
741	-3.49535	-3.50551	-3.55928	-3.87964	0.277093	0.274293	0.259932	0.188682	0.100082
742	-9.93172	-9.93831	-9.97321	-10.1813	0.267958	0.266197	0.257067	0.208778	0.108
743	-11.9725	-11.9823	-12.0344	-12.3441	0.27626	0.273557	0.259678	0.190505	0.1008
744	-14.8496	-14.8561	-14.8904	-15.0954	0.267699	0.265967	0.256982	0.209352	0.108226
745	-4.70383	-4.71111	-4.74969	-4.97975	0.269775	0.267817	0.257682	0.204726	0.106406
746	-4.70383	-4.71111	-4.74969	-4.97975	0.269775	0.267817	0.257682	0.204726	0.106406
747	-5.11058	-5.11461	-5.13596	-5.26342	0.261152	0.260101	0.254608	0.224139	0.114036
748	-5.14483	-5.15192	-5.18945	-5.413	0.269245	0.267344	0.257497	0.205914	0.106873
749	-17.5026	-17.5121	-17.5626	-17.8633	0.275522	0.272909	0.259479	0.192091	0.101427
750	-8.24891	-8.25587	-8.29273	-8.51235	0.26892	0.267054	0.257389	0.206637	0.107158
751	-4.45883	-4.46347	-4.48806	-4.63485	0.262801	0.261584	0.25523	0.220384	0.112562
752	-16.0662	-16.0727	-16.1071	-16.312	0.267691	0.265961	0.256982	0.209366	0.108232
753	-21.7542	-21.7621	-21.8037	-22.0514	0.271237	0.269112	0.25814	0.201511	0.105139
754	-5.00871	-5.01287	-5.03489	-5.16635	0.261496	0.260411	0.254737	0.223357	0.113729
755	-7.95664	-7.96229	-7.99223	-8.17057	0.265476	0.26398	0.256195	0.214348	0.11019
756	-17.405	-15.7645	-14.1601	-12.7515	0.00731136	0.03771	0.187609	0.76737	0.328761
757	-11.7448	-11.7519	-11.7894	-12.0128	0.269241	0.267338	0.257486	0.205936	0.106881
758	-3.56872	-3.57688	-3.6201	-3.87765	0.272033	0.269822	0.25841	0.199736	0.104441
759	-3.49535	-3.50551	-3.55928	-3.87964	0.277093	0.274293	0.259932	0.188682	0.100082
760	-9.63598	-9.64173	-9.67215	-9.85366	0.265736	0.264214	0.256296	0.213754	0.109957
761	-4.11874	-4.12994	-4.18921	-4.5427	0.279698	0.276585	0.260667	0.183049	0.0978578
762	-13.2796	-11.6371	-10.0218	-8.54883	0.00687087	0.0355105	0.178588	0.779031	0.332884
763	-4.60483	-4.612	-4.64998	-4.87657	0.269486	0.267561	0.25759	0.205363	0.106657
764	-5.12341	-5.1299	-5.1643	-5.36957	0.26772	0.265986	0.256992	0.209302	0.108207
765	-3.92112	-3.93104	-3.98355	-4.29663	0.276506	0.273778	0.259772	0.189943	0.10058
766	-4.76681	-4.77148	-4.79624	-4.944	0.262884	0.261658	0.25526	0.220198	0.112489
767	-4.60483	-4.612	-4.64998	-4.87657	0.269486	0.267561	0.25759	0.205363	0.106657
768	-8.81736	-8.82366	-8.85701	-9.05584	0.267188	0.265511	0.256803	0.210497	0.108677
769	-3.84627	-3.85822	-3.92146	-4.29804	0.281517	0.278174	0.261125	0.179185	0.096329
770	-4.11874	-4.12994	-4.18921	-4.5427	0.279698	0.276585	0.260667	0.183049	0.0978578
771	-4.11874	-4.12994	-4.18921	-4.5427	0.279698	0.276585	0.260667	0.183049	0.0978578
772	-4.69482	-4.70331	-4.74828	-5.01645	0.272891	0.270584	0.258687	0.197838	0.103693
773	-5.32935	-5.3355	-5.36804	-5.56211	0.266789	0.265155	0.256666	0.21139	0.109028
774	-4.11874	-4.12994	-4.18921	-4.5427	0.279698	0.276585	0.260667	0.183049	0.0978578
775	-3.56872	-3.57688	-3.6201	-3.87765	0.272033	0.269822	0.25841	0.199736	0.104441
776	-12.7076	-12.7131	-12.7423	-12.9166	0.265133	0.263674	0.256082	0.215111	0.110491
777	-3.6161	-3.62858	-3.69467	-4.08825	0.28283	0.279321	0.261458	0.17639	0.0952238
778	-5.53971	-5.54473	-5.57134	-5.73015	0.263821	0.262499	0.255607	0.218073	0.111654
779	-3.24213	-3.25241	-3.30684	-3.63104	0.277399	0.274562	0.260018	0.188021	0.0998206
780	-8.45575	-8.46242	-8.49772	-8.70826	0.268161	0.266379	0.257139	0.208321	0.107821
781	-4.06346	-4.07031	-4.10658	-4.32293	0.268642	0.266808	0.257304	0.207246	0.107398
782	-3.53992	-3.55126	-3.61128	-3.96892	0.280032	0.276876	0.260745	0.182347	0.0975795
783	-3.6161	-3.62858	-3.69467	-4.08825	0.28283	0.279321	0.261458	0.17639	0.0952238
784	-7.73911	-7.74657	-7.7861	-8.02145	0.270221	0.268212	0.257817	0.20375	0.106021
785	-4.25047	-4.26005	-4.31079	-4.61315	0.275654	0.273025	0.259518	0.191802	0.101313
786	-3.24213	-3.25241	-3.30684	-3.63104	0.277399	0.274562	0.260018	0.188021	0.0998206
787	-4.88145	-4.8881	-4.92337	-5.13382	0.268149	0.26637	0.257141	0.20834	0.107828
788	-3.24213	-3.25241	-3.30684	-3.63104	0.277399	0.274562	0.260018	0.188021	0.0998206
789	-4.70383	-4.71111	-4.74969	-4.97974	0.269775	0.267817	0.257682	0.204726	0.106406
790	-9.31189	-9.32323	-9.38325	-9.74058	0.280017	0.27686	0.26073	0.182392	0.097597
791	-4.00624	-4.01662	-4.07157	-4.39895	0.27765	0.274783	0.26009	0.187476	0.0996057
792	-4.12815	-4.13934	-4.19859	-4.55096	0.279637	0.276525	0.260619	0.18322	0.0979235
793	-4.33231	-4.34348	-4.40261	-4.75441	0.279589	0.276484	0.260608	0.183319	0.0979625
794	-15.4301	-15.4358	-15.4661	-15.647	0.265686	0.264168	0.256274	0.213872	0.110003
795	-7.91975	-7.92712	-7.96615	-8.19872	0.269986	0.268004	0.257747	0.204263	0.106224
796	-3.7566	-3.76779	-3.82701	-4.17988	0.279658	0.276548	0.260646	0.183148	0.0978962
797	-4.25047	-4.26005	-4.31079	-4.61315	0.275654	0.273025	0.259518	0.191802	0.101313
798	-4.55125	-4.56154	-4.616	-4.94019	0.277404	0.274565	0.260012	0.188019	0.0998193
799	-3.92112	-3.93104	-3.98355	-4.29663	0.276506	0.273778	0.259772	0.189943	0.10058
800	-4.43119	-4.44317	-4.50661	-4.88375	0.281576	0.278222	0.261121	0.179081	0.0962869
801	-12.8252	-11.1846	-9.57958	-8.16722	0.0072855	0.0375806	0.187075	0.768059	0.329004
802	-4.45883	-4.46347	-4.48806	-4.63485	0.262801	0.261584	0.25523	0.220384	0.112562
803	-4.30044	-4.3072	-4.34298	-4.55645	0.268402	0.266595	0.257223	0.20778	0.107608
804	-8.87079	-8.8821	-8.94197	-9.29808	0.27993	0.276782	0.260697	0.182591	0.0976748
805	-4.88145	-4.8881	-4.92337	-5.13382	0.268149	0.26637	0.257141	0.208339	0.107828
806	-3.24213	-3.25241	-3.30684	-3.63104	0.277399	0.274562	0.260018	0.188021	0.0998206
807	-4.92495	-4.93303	-4.97581	-5.23097	0.271833	0.269646	0.258352	0.20017	0.104612
808	-4.10764	-4.11889	-4.17848	-4.53328	0.279816	0.276685	0.26068	0.182819	0.0977656
809	-4.76681	-4.77148	-4.79624	-4.944	0.262884	0.261658	0.25526	0.220198	0.112489
810	-11.3076	-11.3149	-11.3537	-11.5849	0.269875	0.267904	0.257708	0.204513	0.106322
811	-13.7776	-12.1353	-10.5215	-9.05666	0.0069258	0.035785	0.179718	0.777571	0.332368
812	-3.49535	-3.50551	-3.55928	-3.87964	0.277093	0.274293	0.259932	0.188682	0.100082
813	-8.26844	-8.27601	-8.3161	-8.55487	0.270501	0.26846	0.257911	0.203129	0.105777
814	-7.41979	-7.4268	-7.46389	-7.68473	0.269025	0.267146	0.257418	0.20641	0.107068
815	-3.56872	-3.57688	-3.6201	-3.87765	0.272033	0.269822	0.25841	0.199736	0.104441
816	-3.7566	-3.76779	-3.82701	-4.17988	0.279658	0.276548	0.260646	0.183148	0.0978962
817	-8.73216	-8.74064	-8.78554	-9.0533	0.27286	0.270556	0.258675	0.197909	0.103721
818	-3.84627	-3.85822	-3.92146	-4.29804	0.281517	0.278174	0.261125	0.179185	0.096329
819	-3.6161	-3.62858	-3.69467	-4.08825	0.28283	0.279321	0.261458	0.17639	0.0952238
820	-4.00624	-4.01662	-4.07157	-4.39895	0.27765	0.274783	0.26009	0.187476	0.0996057
821	-4.88145	-4.8881	-4.92337	-5.13382	0.268149	0.26637	0.257141	0.20834	0.107828
822	-3.56872	-3.57688	-3.6201	-3.87765	0.272033	0.269822	0.25841	0.199736	0.104441
823	-4.3937	-4.40099	-4.4396	-4.67	0.2698	0.26784	0.257694	0.204666	0.106383
824	-13.2043	-13.2116	-13.2502	-13.4801	0.269776	0.267813	0.25766	0.204751	0.106415
825	-4.95954	-4.96619	-5.00142	-5.21149	0.268122	0.266345	0.257126	0.208407	0.107855
826	-4.88145	-4.8881	-4.92337	-5.13382	0.268149	0.26637	0.257141	0.20834	0.107828
827	-4.11874	-4.12994	-4.18921	-4.5427	0.279698	0.276585	0.260667	0.183049	0.0978578
828	-4.45883	-4.46347	-4.48806	-4.63485	0.262801	0.261584	0.25523	0.220384	0.112562
829	-8.14515	-8.15426	-8.20247	-8.48952	0.274432	0.271944	0.259144	0.19448	0.102369
830	-5.00871	-5.01286	-5.03489	-5.16635	0.261496	0.26041	0.254737	0.223357	0.113729
831	-3.24213	-3.25241	-3.30684	-3.63104	0.277399	0.274562	0.260018	0.188021	0.0998206
832	-4.12815	-4.13934	-4.19859	-4.55096	0.279637	0.276525	0.260619	0.18322	0.0979235
833	-3.53992	-3.55126	-3.61128	-3.96892	0.280032	0.276876	0.260745	0.182347	0.0975795
834	-3.84627	-3.85822	-3.92146	-4.29804	0.281517	0.278174	0.261125	0.179185	0.096329
835	-10.0892	-10.0939	-10.1188	-10.2672	0.262939	0.261707	0.255279	0.220075	0.11244
836	-9.75013	-9.7548	-9.7795	-9.92696	0.262859	0.261635	0.25525	0.220256	0.112511
837	-3.56872	-3.57688	-3.6201	-3.87765	0.272033	0.269822	0.25841	0.199736	0.104441
838	-4.43119	-4.44317	-4.50661	-4.88375	0.281576	0.278222	0.261121	0.179081	0.0962869
839	-13.0313	-13.0378	-13.072	-13.2761	0.267628	0.265903	0.256952	0.209516	0.108291
840	-5.14483	-5.15192	-5.18945	-5.413	0.269245	0.267344	0.257497	0.205914	0.106873
841	-5.12341	-5.1299	-5.1643	-5.36957	0.26772	0.265986	0.256992	0.209302	0.108207
842	-5.43065	-5.43673	-5.46893	-5.66091	0.266617	0.265	0.256603	0.21178	0.109181
843	-9.95485	-9.9651	-10.0193	-10.3421	0.277296	0.27447	0.259981	0.188253	0.0999119
844	-9.88707	-9.89514	-9.93788	-10.1922	0.271783	0.269597	0.258317	0.200303	0.104664
845	-4.76681	-4.77148	-4.79624	-4.94399	0.262884	0.261658	0.25526	0.220198	0.112489
846	-4.14221	-4.15079	-4.19622	-4.4665	0.27308	0.270747	0.258723	0.19745	0.103539
847	-7.86521	-7.87514	-7.92774	-8.24099	0.276529	0.273796	0.259768	0.189907	0.100565
848	-7.95566	-7.9681	-8.0339	-8.42393	0.282608	0.279115	0.26134	0.176937	0.0954364
849	-4.55125	-4.56154	-4.616	-4.94019	0.277404	0.274565	0.260012	0.188019	0.0998193
850	-4.74924	-4.75546	-4.78839	-4.98491	0.26699	0.265336	0.256741	0.210933	0.108848
851	-3.84627	-3.85822	-3.92146	-4.29804	0.281517	0.278174	0.261125	0.179185	0.096329
852	-10.1491	-10.1594	-10.2137	-10.5367	0.277315	0.274487	0.259986	0.188212	0.0998955
853	-4.81574	-4.82079	-4.84749	-5.00674	0.263861	0.262535	0.255618	0.217986	0.11162
854	-14.1975	-14.205	-14.2444	-14.4793	0.270179	0.268176	0.257813	0.203832	0.106054
855	-7.93404	-7.944	-7.99671	-8.3106	0.276582	0.273842	0.25978	0.189796	0.100521
856	-17.4864	-17.4915	-17.5188	-17.6813	0.264139	0.262783	0.255719	0.217358	0.111373
857	-9.96285	-9.97037	-10.0102	-10.2466	0.270326	0.2683	0.257831	0.203543	0.105939
858	-4.06372	-4.07429	-4.13027	-4.46401	0.278146	0.275221	0.260239	0.186393	0.0991786
859	-13.8095	-12.1677	-10.5564	-9.10596	0.0070235	0.0362727	0.181717	0.774986	0.331454
860	-16.7581	-15.117	-13.509	-12.0792	0.00716402	0.036975	0.184611	0.771249	0.330133
861	-10.4937	-10.5021	-10.5465	-10.8112	0.272622	0.270341	0.25858	0.198457	0.103936
862	-10.9992	-11.0061	-11.0426	-11.2601	0.268747	0.266899	0.257324	0.20703	0.107312
863	-3.93212	-3.93888	-3.9747	-4.18819	0.268408	0.266599	0.25722	0.207772	0.107605
864	-5.58347	-5.58781	-5.61078	-5.74789	0.261978	0.260844	0.25492	0.222258	0.113298
865	-3.84627	-3.85822	-3.92146	-4.29804	0.281517	0.278174	0.261125	0.179185	0.096329
866	-4.55125	-4.56154	-4.616	-4.94019	0.277404	0.274565	0.260012	0.188019	0.0998193
867	-13.9301	-13.9381	-13.9808	-14.2352	0.271772	0.269591	0.258328	0.200308	0.104666
868	-10.725	-10.7307	-10.7608	-10.9402	0.265556	0.264053	0.256233	0.214157	0.110116
869	-9.45223	-9.45957	-9.4984	-9.73004	0.269904	0.267932	0.257726	0.204437	0.106292
870	-9.05434	-9.06203	-9.1027	-9.34316	0.270689	0.268615	0.25791	0.202786	0.105639
871	-7.43352	-7.44143	-7.48333	-7.73311	0.271397	0.269257	0.258208	0.201138	0.104993
872	-9.50833	-9.52066	-9.5859	-9.97399	0.282419	0.278959	0.261341	0.177281	0.0955753
873	-4.14221	-4.15079	-4.19622	-4.4665	0.27308	0.270747	0.258723	0.19745	0.103539
874	-8.33032	-8.33671	-8.37055	-8.57222	0.267427	0.265724	0.256882	0.209967	0.108468
875	-8.90644	-8.91069	-8.93321	-9.06757	0.261744	0.260634	0.25483	0.222792	0.113507
876	-4.06346	-4.07031	-4.10658	-4.32293	0.268642	0.266808	0.257304	0.207246	0.107398
877	-4.45013	-4.4608	-4.51732	-4.8542	0.278396	0.275441	0.260306	0.185857	0.0989666
878	-9.892	-9.90221	-9.95629	-10.2783	0.277228	0.274411	0.259965	0.188396	0.0999684
879	-3.56872	-3.57688	-3.6201	-3.87765	0.272033	0.269822	0.25841	0.199736	0.104441
880	-3.24213	-3.25241	-3.30684	-3.63104	0.277399	0.274562	0.260018	0.188021	0.0998206
881	-3.84627	-3.85822	-3.92146	-4.29804	0.281517	0.278174	0.261125	0.179185	0.096329
882	-9.61076	-9.61931	-9.66458	-9.9339	0.273003	0.270679	0.258699	0.197619	0.103606
883	-3.49535	-3.50551	-3.55928	-3.87964	0.277093	0.274293	0.259932	0.188682	0.100082
884	-10.7468	-10.7562	-10.8054	-11.0992	0.274966	0.272418	0.259315	0.193301	0.101904
885	-28.3702	-26.7227	-25.0807	-23.4488	0.00587447	0.0305143	0.157614	0.805997	0.342414
886	-9.60229	-9.61249	-9.66649	-9.98805	0.277193	0.27438	0.259955	0.188473	0.0999987
887	-15.7611	-15.771	-15.8235	-16.1361	0.276483	0.273753	0.259745	0.19002	0.100609
888	-21.9995	-22.0097	-22.064	-22.387	0.277305	0.274479	0.259987	0.18823	0.0999027
889	-9.95428	-9.96533	-10.0238	-10.3717	0.279287	0.276218	0.260524	0.183971	0.0982202
890	-3.24213	-3.25241	-3.30684	-3.63104	0.277399	0.274562	0.260018	0.188021	0.0998206
891	-4.11874	-4.12994	-4.18921	-4.5427	0.279698	0.276585	0.260667	0.183049	0.0978578
892	-8.19731	-8.20923	-8.27231	-8.64735	0.281413	0.278079	0.261079	0.17943	0.0964248
893	-4.45122	-4.46148	-4.51578	-4.83911	0.277334	0.274504	0.259995	0.188167	0.0998782
894	-14.416	-12.7733	-11.157	-9.67768	0.00682882	0.0353002	0.177717	0.780154	0.333281
895	-15.0103	-13.3672	-11.7487	-10.2561	0.00674117	0.0348613	0.175888	0.78251	0.334114
896	-10.5117	-10.521	-10.5701	-10.8629	0.274885	0.272346	0.259289	0.19348	0.101975
897	-4.70383	-4.71111	-4.74969	-4.97974	0.269775	0.267817	0.257682	0.204726	0.106406
898	-3.93212	-3.93888	-3.9747	-4.18819	0.268408	0.266599	0.25722	0.207772	0.107605
899	-4.00624	-4.01662	-4.07157	-4.39895	0.27765	0.274783	0.26009	0.187476	0.0996057
900	-4.14221	-4.15079	-4.19622	-4.4665	0.27308	0.270747	0.258723	0.19745	0.103539
901	-3.84627	-3.85822	-3.92146	-4.29804	0.281517	0.278174	0.261125	0.179185	0.096329
902	-4.77404	-4.78339	-4.83286	-5.12774	0.275052	0.272495	0.259341	0.193112	0.10183
903	-3.49535	-3.50551	-3.55928	-3.87964	0.277093	0.274293	0.259932	0.188682	0.100082
904	-4.14221	-4.15079	-4.19622	-4.4665	0.27308	0.270747	0.258723	0.19745	0.103539
905	-10.2234	-10.2337	-10.2886	-10.6158	0.277626	0.274764	0.260092	0.187519	0.0996231
906	-5.41114	-5.41668	-5.446	-5.62096	0.265185	0.263721	0.256101	0.214993	0.110444
907	-10.2592	-10.2712	-10.3346	-10.7116	0.281562	0.278209	0.261114	0.179116	0.0963005
908	-4.4696	-4.48008	-4.53556	-4.86595	0.277892	0.274996	0.260155	0.186957	0.0994004
909	-7.89171	-7.8986	-7.93507	-8.15245	0.268732	0.266887	0.257328	0.207053	0.107322
910	-7.96456	-7.97223	-8.01285	-8.25472	0.270756	0.268687	0.257993	0.202565	0.105555
911	-4.88145	-4.8881	-4.92337	-5.13382	0.268149	0.26637	0.257141	0.20834	0.107828
912	-4.45883	-4.46347	-4.48806	-4.63485	0.262801	0.261584	0.25523	0.220384	0.112562
913	-3.24213	-3.25241	-3.30684	-3.63104	0.277399	0.274562	0.260018	0.188021	0.0998206
914	-3.6161	-3.62858	-3.69467	-4.08825	0.28283	0.279321	0.261458	0.17639	0.0952238
915	-3.53992	-3.55126	-3.61128	-3.96892	0.280032	0.276876	0.260745	0.182347	0.0975795
916	-4.45883	-4.46347	-4.48806	-4.63485	0.262801	0.261584	0.25523	0.220384	0.112562
917	-4.11874	-4.12994	-4.18921	-4.5427	0.279698	0.276585	0.260667	0.183049	0.0978578
918	-19.188	-19.1977	-19.2489	-19.5537	0.275859	0.273205	0.259571	0.191364	0.10114
919	-4.69482	-4.70331	-4.74828	-5.01645	0.272891	0.270584	0.258687	0.197838	0.103693
920	-8.90825	-8.91562	-8.95461	-9.18715	0.26998	0.267999	0.25775	0.204271	0.106227
921	-12.5049	-12.5127	-12.5537	-12.798	0.27096	0.268868	0.258055	0.202116	0.105378
922	-15.353	-13.7083	-12.0818	-10.5416	0.00643385	0.033323	0.169494	0.790749	0.337026
923	-4.92495	-4.93303	-4.97581	-5.23097	0.271833	0.269646	0.258352	0.20017	0.104612
924	-13.9685	-12.3232	-10.6932	-9.1324	0.00630468	0.0326752	0.166771	0.794249	0.338263
925	-5.08169	-5.08736	-5.11735	-5.2963	0.265521	0.264021	0.25622	0.214238	0.110147
926	-3.24213	-3.25241	-3.30684	-3.63104	0.277399	0.274562	0.260018	0.188021	0.0998206
927	-4.28716	-4.29648	-4.34579	-4.6397	0.274976	0.272426	0.259317	0.193281	0.101896
928	-15.9361	-15.9462	-15.9995	-16.3171	0.276874	0.2741	0.25987	0.189156	0.100269
929	-4.43119	-4.44317	-4.50661	-4.88375	0.281576	0.278222	0.261121	0.179081	0.0962869
930	-3.49535	-3.50551	-3.55928	-3.87964	0.277093	0.274293	0.259932	0.188682	0.100082
931	-4.5784	-4.58697	-4.63233	-4.90268	0.273074	0.270744	0.258736	0.197446	0.103538
932	-5.28137	-5.28816	-5.3241	-5.53861	0.268486	0.26667	0.257255	0.207589	0.107533
933	-4.3937	-4.40099	-4.4396	-4.67	0.2698	0.26784	0.257694	0.204666	0.106383
934	-4.55125	-4.56154	-4.616	-4.94019	0.277404	0.274565	0.260012	0.188019	0.0998193
935	-4.55125	-4.56154	-4.616	-4.94019	0.277404	0.274565	0.260012	0.188019	0.0998193
936	-3.24213	-3.25241	-3.30684	-3.63104	0.277399	0.274562	0.260018	0.188021	0.0998206
937	-20.0889	-20.0973	-20.142	-20.4078	0.272716	0.270426	0.258615	0.198243	0.103852
938	-5.00871	-5.01286	-5.03489	-5.16635	0.261496	0.26041	0.254737	0.223357	0.113729
939	-3.24213	-3.25241	-3.30684	-3.63104	0.277399	0.274562	0.260018	0.188021	0.0998206
940	-3.24213	-3.25241	-3.30684	-3.63104	0.277399	0.274562	0.260018	0.188021	0.0998206
941	-8.23317	-8.23957	-8.27348	-8.4757	0.26747	0.265763	0.256901	0.209867	0.108429
942	-5.73525	-5.73998	-5.76505	-5.9147	0.263044	0.261802	0.25532	0.219834	0.112346
943	-4.06372	-4.07429	-4.13027	-4.46401	0.278146	0.275221	0.260239	0.186393	0.0991786
944	-7.37057	-7.38143	-7.43898	-7.78154	0.278857	0.275842	0.260417	0.184884	0.0985814
945	-12.3025	-12.314	-12.3749	-12.7375	0.280429	0.277221	0.260838	0.181512	0.0972487
946	-3.49535	-3.50551	-3.55928	-3.87964	0.277093	0.274293	0.259932	0.188682	0.100082
947	-4.5784	-4.58697	-4.63233	-4.90268	0.273074	0.270744	0.258736	0.197446	0.103538
948	-23.9607	-20.6651	-17.3788	-14.0994	5.01931e-05	0.00135491	0.036236	0.962359	0.397682
949	-7.4315	-7.44239	-7.50003	-7.84321	0.278905	0.275885	0.260431	0.184779	0.09854
950	-3.49535	-3.50551	-3.55928	-3.87964	0.277093	0.274293	0.259932	0.188682	0.100082
951	-15.5635	-13.9224	-12.3149	-10.8874	0.00718113	0.0370593	0.184933	0.770827	0.329983
952	-13.3479	-11.707	-10.1003	-8.6782	0.00721761	0.0372419	0.185692	0.769848	0.329637
953	-4.5784	-4.58697	-4.63233	-4.90268	0.273074	0.270744	0.258736	0.197446	0.103538
954	-4.45013	-4.4608	-4.51732	-4.8542	0.278396	0.275441	0.260306	0.185857	0.0989666
955	-3.24213	-3.25241	-3.30684	-3.63104	0.277399	0.274562	0.260018	0.188021	0.0998206
956	-20.1856	-18.5431	-16.9281	-15.4566	0.00688089	0.0355605	0.178794	0.778765	0.33279
957	-5.08169	-5.08736	-5.11735	-5.2963	0.265521	0.264021	0.25622	0.214238	0.110147
958	-15.8	-14.1577	-12.5439	-11.0791	0.00692629	0.0357872	0.179721	0.777566	0.332366
959	-10.8198	-10.8257	-10.857	-11.0439	0.266189	0.264619	0.256458	0.212733	0.109556
960	-11.9643	-11.9714	-12.0088	-12.2314	0.269176	0.26728	0.257466	0.206078	0.106937
961	-5.32935	-5.3355	-5.36804	-5.56211	0.266789	0.265155	0.256666	0.21139	0.109028
962	-3.24213	-3.25241	-3.30684	-3.63104	0.277399	0.274562	0.260018	0.188021	0.0998206
963	-4.06372	-4.07429	-4.13027	-4.46401	0.278146	0.275221	0.260239	0.186393	0.0991786
964	-7.95664	-7.96229	-7.99223	-8.17056	0.265476	0.26398	0.256195	0.214348	0.11019
965	-4.45883	-4.46347	-4.48806	-4.63485	0.262801	0.261584	0.25523	0.220384	0.112562
966	-3.24213	-3.25241	-3.30684	-3.63104	0.277399	0.274562	0.260018	0.188021	0.0998206
967	-5.00871	-5.01286	-5.03489	-5.16635	0.261496	0.26041	0.254737	0.223357	0.113729
968	-4.33231	-4.34348	-4.40261	-4.75441	0.279589	0.276484	0.260608	0.183319	0.0979625
969	-3.49535	-3.50551	-3.55928	-3.87964	0.277093	0.274293	0.259932	0.188682	0.100082
970	-4.11874	-4.12994	-4.18921	-4.5427	0.279698	0.276585	0.260667	0.183049	0.0978578
971	-9.58567	-9.5971	-9.65758	-10.0173	0.280213	0.27703	0.260772	0.181985	0.0974355
972	-15.0447	-15.0548	-15.1081	-15.4257	0.276872	0.274097	0.259865	0.189166	0.100273
973	-7.38138	-7.39298	-7.4544	-7.8196	0.280644	0.277407	0.260882	0.181067	0.0970724
974	-4.81574	-4.82079	-4.84749	-5.00674	0.263861	0.262535	0.255618	0.217986	0.11162
975	-4.12815	-4.13934	-4.19859	-4.55096	0.279637	0.276525	0.260619	0.18322	0.0979235
976	-10.3163	-10.3213	-10.3479	-10.5068	0.263828	0.262505	0.255605	0.218062	0.11165
977	-4.11874	-4.12994	-4.18921	-4.5427	0.279698	0.276585	0.260667	0.183049	0.0978578
978	-3.68243	-3.68927	-3.72548	-3.94147	0.268611	0.266781	0.257294	0.207314	0.107424
979	-4.06346	-4.07031	-4.10658	-4.32293	0.268642	0.266808	0.257304	0.207246	0.107398
980	-4.45883	-4.46347	-4.48806	-4.63485	0.262801	0.261584	0.25523	0.220384	0.112562
981	-3.24213	-3.25241	-3.30684	-3.63104	0.277399	0.274562	0.260018	0.188021	0.0998206
982	-4.11874	-4.12994	-4.18921	-4.5427	0.279698	0.276585	0.260667	0.183049	0.0978578
983	-7.16995	-7.18099	-7.23942	-7.58727	0.279274	0.276208	0.26053	0.183988	0.0982274
984	-8.23638	-8.24695	-8.30293	-8.63632	0.278129	0.275204	0.260221	0.186446	0.0991987
985	-5.28137	-5.28816	-5.3241	-5.53861	0.268486	0.26667	0.257255	0.207589	0.107533
986	-4.11874	-4.12994	-4.18921	-4.5427	0.279698	0.276585	0.260667	0.183049	0.0978578
987	-16.4377	-14.7971	-13.1919	-11.7791	0.00728158	0.0375615	0.187005	0.768152	0.329037
988	-5.14483	-5.15192	-5.18945	-5.413	0.269245	0.267344	0.257497	0.205914	0.106873
989	-4.14221	-4.15079	-4.19622	-4.4665	0.27308	0.270747	0.258723	0.19745	0.103539
990	-18.4424	-16.7978	-15.1713	-13.6315	0.00643626	0.0333348	0.169537	0.790692	0.337006
991	-16.1279	-14.4828	-12.8538	-11.2991	0.00634243	0.0328646	0.167567	0.793226	0.337902
992	-3.49535	-3.50551	-3.55928	-3.87964	0.277093	0.274293	0.259932	0.188682	0.100082
993	-8.60617	-8.61532	-8.66376	-8.95216	0.27454	0.27204	0.259177	0.194244	0.102276
994	-14.5619	-12.9204	-11.3102	-9.86727	0.00707409	0.0365257	0.182764	0.773636	0.330977
