Sites	Ll_YN98.omega=0.0547935	Ll_YN98.omega=1	Pr_YN98.omega=0.0547935	Pr_YN98.omega=1	mean
1	-4.16302	-4.96859	0.962208	0.0377918	0.0905145
2	-5.15147	-5.593	0.946501	0.0534995	0.105362
3	-5.36272	-5.79964	0.946267	0.053733	0.105582
4	-3.24911	-3.98581	0.959623	0.0403772	0.0929583
5	-23.5923	-21.2214	0.515155	0.484845	0.513073
6	-11.6367	-12.0773	0.946456	0.0535445	0.105404
7	-4.78412	-5.14336	0.942178	0.0578225	0.109448
8	-10.3389	-8.11704	0.552237	0.447763	0.478022
9	-21.3154	-18.8532	0.492337	0.507663	0.53464
10	-14.4201	-12.0185	0.507498	0.492502	0.52031
11	-7.44951	-7.9615	0.949958	0.0500418	0.102093
12	-22.4378	-20.0548	0.512161	0.487839	0.515903
13	-9.66958	-10.1797	0.949869	0.0501313	0.102178
14	-11.4115	-11.9529	0.951338	0.0486618	0.100789
15	-19.52	-20.0967	0.952946	0.0470539	0.0992691
17	-13.6178	-14.286	0.956883	0.0431165	0.0955475
18	-5.25251	-5.75529	0.949519	0.050481	0.102508
19	-24.3332	-21.9263	0.506175	0.493825	0.52156
20	-7.95802	-8.66397	0.958414	0.0415858	0.0941007
21	-5.35887	-5.79209	0.946078	0.0539216	0.105761
22	-13.666	-14.1627	0.949228	0.0507721	0.102784
23	-15.1295	-15.7252	0.95379	0.0462104	0.0984719
25	-14.329	-14.7881	0.947382	0.0526177	0.104528
26	-20.6348	-18.1374	0.483542	0.516458	0.542953
27	-10.1254	-10.6172	0.948987	0.0510127	0.103011
28	-25.1478	-22.6835	0.491815	0.508185	0.535133
29	-5.01411	-5.09969	0.925335	0.0746646	0.125367
30	-11.2957	-9.10402	0.559694	0.440306	0.470973
31	-11.2957	-9.10402	0.559694	0.440306	0.470973
34	-4.27526	-4.76101	0.948697	0.0513034	0.103286
35	-4.27526	-4.76101	0.948697	0.0513034	0.103286
36	-4.58201	-5.09752	0.950125	0.0498745	0.101935
37	-8.17027	-8.8062	0.955532	0.0444678	0.0968248
38	-12.1034	-9.68478	0.503241	0.496759	0.524333
39	-4.43468	-4.76809	0.940754	0.0592462	0.110793
40	-4.58201	-5.09752	0.950125	0.0498745	0.101935
41	-8.38346	-8.96322	0.953084	0.0469165	0.0991393
42	-11.4875	-11.8935	0.944674	0.055326	0.107088
43	-10.1249	-10.5657	0.946463	0.0535366	0.105397
44	-4.27526	-4.76101	0.948697	0.0513034	0.103286
45	-4.58201	-5.09752	0.950125	0.0498745	0.101935
46	-8.8578	-9.15844	0.938901	0.0610989	0.112545
47	-11.8849	-12.6211	0.959602	0.0403977	0.0929777
48	-12.123	-12.4384	0.939747	0.0602527	0.111745
49	-11.7641	-9.32548	0.498232	0.501768	0.529068
50	-5.09915	-5.5666	0.947798	0.0522019	0.104135
51	-12.3694	-10.1539	0.553798	0.446202	0.476547
52	-4.27526	-4.76101	0.948697	0.0513034	0.103286
53	-4.08295	-4.8424	0.960495	0.039505	0.0921339
54	-3.50343	-4.23163	0.959292	0.0407082	0.0932711
55	-10.822	-8.64668	0.563718	0.436282	0.46717
56	-21.8362	-22.5174	0.957416	0.0425842	0.0950443
57	-3.50343	-4.23163	0.959292	0.0407082	0.0932711
58	-3.50343	-4.23163	0.959292	0.0407082	0.0932711
59	-4.52647	-5.26265	0.959603	0.0403974	0.0929773
60	-3.77072	-4.57253	0.962072	0.0379285	0.0906438
61	-4.08295	-4.8424	0.960495	0.039505	0.0921339
62	-9.69356	-10.5479	0.963944	0.0360563	0.0888741
63	-15.0051	-15.6144	0.954389	0.045611	0.0979053
64	-3.89622	-4.38197	0.948696	0.051304	0.103286
65	-4.70942	-5.31993	0.954439	0.0455607	0.0978578
66	-4.43468	-4.76809	0.940754	0.0592462	0.110793
67	-10.7183	-8.54816	0.564979	0.435021	0.465978
68	-3.89622	-4.38197	0.948696	0.051304	0.103286
69	-7.10634	-7.61757	0.949922	0.0500775	0.102127
70	-11.8134	-9.75366	0.591902	0.408098	0.44053
71	-11.4284	-9.2058	0.552053	0.447947	0.478196
72	-3.77072	-4.57253	0.962072	0.0379285	0.0906438
73	-3.93518	-4.64691	0.958644	0.0413561	0.0938835
74	-4.91035	-5.38923	0.948361	0.0516392	0.103603
75	-4.28884	-4.95761	0.956907	0.0430931	0.0955254
76	-7.20676	-7.77143	0.952404	0.047596	0.0997816
77	-4.28884	-4.95761	0.956907	0.0430931	0.0955254
78	-8.942	-9.76702	0.962909	0.0370907	0.0898519
79	-5.12646	-5.41617	0.938271	0.0617286	0.11314
80	-3.89622	-4.38197	0.948696	0.051304	0.103286
81	-4.19217	-5.04778	0.963987	0.0360132	0.0888334
82	-5.12646	-5.41617	0.938271	0.0617286	0.11314
83	-4.27526	-4.76101	0.948697	0.0513034	0.103286
84	-3.24911	-3.98581	0.959623	0.0403772	0.0929583
85	-4.09841	-4.90561	0.962268	0.0377324	0.0904584
86	-8.43102	-9.05694	0.955105	0.044895	0.0972285
87	-4.44851	-5.19935	0.960167	0.0398331	0.092444
88	-4.70204	-5.17133	0.947889	0.0521108	0.104049
89	-3.77072	-4.57253	0.962072	0.0379285	0.0906438
90	-15.0765	-12.7879	0.535685	0.464315	0.493667
91	-3.99256	-4.73764	0.959946	0.0400538	0.0926526
92	-40.5369	-32.1652	0.00262486	0.997375	0.997519
109	-9.85173	-7.57925	0.53969	0.46031	0.489882
110	-12.4174	-13.094	0.95723	0.0427701	0.0952201
111	-3.57746	-4.1685	0.953585	0.0464147	0.098665
112	-3.84908	-4.71329	0.964284	0.035716	0.0885525
113	-3.68443	-4.17921	0.949134	0.0508658	0.102872
114	-4.03861	-4.53532	0.949227	0.0507729	0.102784
115	-3.25097	-3.99443	0.959884	0.0401161	0.0927115
116	-20.1138	-20.6346	0.950376	0.0496238	0.101698
117	-8.53856	-9.26759	0.959325	0.0406753	0.0932401
118	-10.0381	-10.343	0.939147	0.0608527	0.112312
119	-5.12661	-5.41897	0.938424	0.0615758	0.112995
120	-4.57078	-5.19194	0.9549	0.0450996	0.0974219
121	-16.1438	-16.7061	0.952298	0.0477015	0.0998813
122	-4.71057	-5.32666	0.954681	0.0453185	0.0976289
123	-4.66625	-5.19516	0.950757	0.0492435	0.101339
124	-4.08434	-4.85073	0.960758	0.0392421	0.0918854
125	-3.84908	-4.71329	0.964284	0.035716	0.0885525
126	-9.1918	-10.0005	0.962321	0.037679	0.0904079
127	-32.4921	-27.4834	0.0706224	0.929378	0.933247
128	-4.10112	-4.91573	0.962536	0.0374643	0.0902049
129	-4.58451	-5.10473	0.950348	0.0496518	0.101725
130	-18.0803	-15.6649	0.50403	0.49597	0.523588
131	-3.77246	-4.58162	0.962339	0.0376612	0.0903911
132	-4.27777	-4.76796	0.948912	0.0510877	0.103082
133	-4.17254	-5.14122	0.967713	0.0322874	0.0853118
134	-30.5441	-25.4812	0.0671479	0.932852	0.936531
135	-8.83976	-9.42784	0.953454	0.0465458	0.0987888
136	-4.279	-5.3075	0.96953	0.0304698	0.0835937
145	-4.11168	-5.01548	0.965623	0.0343775	0.0872873
146	-4.27366	-5.29149	0.969213	0.0307867	0.0838933
147	-11.231	-11.8778	0.955992	0.0440076	0.0963898
148	-8.8782	-9.3453	0.947781	0.0522189	0.104151
149	-4.4766	-4.87345	0.944193	0.0558074	0.107543
150	-3.28761	-4.16422	0.964708	0.0352915	0.0881513
151	-26.9569	-21.7669	0.0596105	0.94039	0.943656
152	-17.4946	-15.5944	0.629817	0.370183	0.404693
153	-3.54282	-4.41836	0.964672	0.035328	0.0881858
154	-11.9859	-9.67785	0.530842	0.469158	0.498245
155	-4.49953	-5.41707	0.966076	0.0339242	0.0868589
156	-4.98541	-5.55902	0.952808	0.0471922	0.0993998
157	-19.8169	-14.7164	0.0648362	0.935164	0.938716
158	-3.28918	-4.17148	0.964902	0.0350982	0.0879685
159	-8.28948	-8.88723	0.953881	0.0461187	0.0983852
160	-4.11285	-5.02251	0.965817	0.0341835	0.0871039
161	-20.4732	-15.2483	0.0576889	0.942311	0.945472
162	-7.3238	-7.90103	0.952971	0.0470295	0.0992461
163	-12.3351	-12.8985	0.952349	0.0476511	0.0998336
164	-13.1838	-14.0145	0.963112	0.0368885	0.0896607
165	-3.54191	-4.41404	0.964556	0.0354444	0.0882958
166	-13.6617	-14.6648	0.968771	0.0312286	0.084311
167	-7.49121	-8.4239	0.966569	0.0334313	0.086393
168	-15.1647	-15.8002	0.955515	0.0444853	0.0968413
169	-13.9389	-14.824	0.964997	0.0350029	0.0878785
170	-7.84844	-8.48783	0.955679	0.0443213	0.0966863
171	-3.28918	-4.17148	0.964902	0.0350982	0.0879685
172	-4.1569	-5.12359	0.96765	0.0323498	0.0853708
173	-3.80816	-4.76849	0.96745	0.0325496	0.0855595
174	-3.59212	-4.56516	0.967848	0.0321516	0.0851834
175	-4.48181	-5.50656	0.969419	0.0305808	0.0836987
176	-4.17232	-5.13724	0.967595	0.0324052	0.0854231
177	-12.6311	-13.3441	0.958695	0.0413047	0.093835
178	-4.32896	-5.12995	0.962042	0.0379585	0.0906721
179	-13.6553	-14.0563	0.944415	0.0555851	0.107333
180	-4.78499	-5.18784	0.944508	0.0554921	0.107245
181	-4.09279	-4.68239	0.953522	0.0464785	0.0987252
182	-4.09279	-4.68239	0.953522	0.0464785	0.0987252
183	-3.60618	-4.30766	0.958236	0.0417645	0.0942696
184	-25.212	-17.3538	0.0043789	0.995621	0.995861
185	-4.05113	-4.94348	0.96524	0.0347597	0.0876486
186	-14.1859	-14.5893	0.944533	0.0554667	0.107221
187	-21.7712	-16.6807	0.0654411	0.934559	0.938145
188	-4.37877	-5.33529	0.96733	0.0326696	0.085673
189	-10.2295	-10.7091	0.948393	0.0516065	0.103572
190	-13.1583	-10.7367	0.502492	0.497508	0.525042
191	-5.31106	-5.89599	0.953314	0.0466855	0.0989209
192	-3.28918	-4.17148	0.964902	0.0350982	0.0879685
193	-9.37826	-9.90632	0.950717	0.0492829	0.101376
194	-3.54191	-4.41404	0.964556	0.0354444	0.0882958
195	-5.15223	-5.71438	0.95229	0.0477103	0.0998896
196	-8.58149	-9.51692	0.966657	0.0333429	0.0863094
197	-10.2989	-11.0276	0.95931	0.0406896	0.0932536
198	-3.54282	-4.41836	0.964672	0.035328	0.0881858
199	-23.8381	-18.8565	0.0724221	0.927578	0.931546
200	-3.6736	-4.75062	0.970931	0.0290687	0.0822694
201	-3.6069	-4.31111	0.958345	0.041655	0.094166
202	-8.65817	-9.05734	0.944315	0.0556851	0.107427
203	-9.93408	-7.97927	0.616983	0.383017	0.416824
204	-9.48893	-10.0763	0.953422	0.0465779	0.0988192
205	-5.45456	-5.97995	0.950591	0.0494087	0.101495
206	-22.9031	-17.6852	0.0580655	0.941935	0.945116
207	-10.5179	-8.52974	0.60908	0.39092	0.424293
208	-5.12251	-5.61081	0.94882	0.0511798	0.103169
209	-3.6736	-4.75062	0.970931	0.0290687	0.0822694
210	-4.51571	-5.41844	0.965587	0.034413	0.0873209
211	-4.279	-5.3075	0.96953	0.0304698	0.0835937
212	-8.41966	-9.28841	0.96444	0.0355601	0.0884051
213	-3.6736	-4.75062	0.970931	0.0290687	0.0822694
214	-3.59304	-4.56989	0.967967	0.0320334	0.0850717
215	-4.51571	-5.41844	0.965587	0.034413	0.0873209
216	-38.6223	-27.7273	0.000211002	0.999789	0.999801
217	-15.0966	-12.5983	0.483323	0.516677	0.54316
218	-4.77524	-5.33956	0.952388	0.0476117	0.0997963
219	-7.70828	-8.27449	0.952474	0.0475259	0.0997152
220	-9.4414	-7.40508	0.597547	0.402453	0.435194
221	-18.0847	-13.2425	0.0823642	0.917636	0.922149
222	-4.51571	-5.41844	0.965587	0.034413	0.0873209
223	-5.12987	-5.47831	0.941586	0.0584139	0.110007
224	-7.74194	-8.40153	0.956527	0.0434732	0.0958847
225	-12.7469	-13.708	0.967474	0.0325258	0.0855371
226	-8.02648	-8.9114	0.96499	0.0350096	0.0878848
227	-3.96209	-4.54616	0.953276	0.0467238	0.0989571
228	-3.96209	-4.54616	0.953276	0.0467238	0.0989571
229	-4.48375	-5.51253	0.969538	0.0304615	0.0835859
230	-3.29013	-4.17588	0.965019	0.0349814	0.0878582
231	-19.4106	-19.9101	0.949364	0.0506363	0.102655
232	-11.0077	-8.92315	0.585887	0.414113	0.446216
233	-4.04864	-4.9347	0.965029	0.0349713	0.0878486
234	-3.95781	-4.53553	0.952992	0.0470081	0.0992258
235	-3.71208	-4.29528	0.953237	0.0467632	0.0989944
236	-4.17193	-5.13007	0.967382	0.0326185	0.0856247
237	-3.54027	-4.40625	0.964345	0.0356552	0.088495
238	-3.80656	-4.76013	0.967237	0.0327632	0.0857615
239	-3.80656	-4.76013	0.967237	0.0327632	0.0857615
240	-5.01879	-5.37488	0.942005	0.0579945	0.10961
241	-4.77051	-5.32869	0.952109	0.0478909	0.10006
242	-8.17462	-9.01034	0.96329	0.0367104	0.0894924
243	-4.17529	-4.9055	0.95937	0.0406296	0.0931968
244	-4.11158	-5.01484	0.965605	0.0343953	0.0873042
245	-4.47644	-4.87306	0.94418	0.0558196	0.107555
246	-3.95781	-4.53553	0.952992	0.0470081	0.0992258
247	-4.17193	-5.13007	0.967382	0.0326185	0.0856247
248	-18.9012	-19.4464	0.951516	0.0484837	0.100621
249	-4.73318	-5.45933	0.959212	0.0407882	0.0933468
250	-8.582	-9.16669	0.953304	0.0466964	0.0989313
251	-4.29038	-5.10874	0.962671	0.0373291	0.0900772
252	-4.6336	-5.24679	0.954556	0.045444	0.0977474
253	-3.6049	-4.30143	0.958037	0.0419626	0.0944568
254	-8.08536	-8.96201	0.96471	0.0352898	0.0881497
255	-8.17462	-9.01034	0.96329	0.0367104	0.0894924
256	-3.28747	-4.16355	0.964691	0.0353094	0.0881682
257	-11.4692	-12.018	0.951677	0.0483234	0.100469
258	-4.17529	-4.9055	0.95937	0.0406296	0.0931968
259	-4.59189	-5.46728	0.964667	0.0353333	0.0881908
260	-18.724	-19.5483	0.962884	0.0371164	0.0898761
261	-31.581	-26.4659	0.0639477	0.936052	0.939556
262	-10.1195	-10.5211	0.944442	0.0555576	0.107307
263	-11.9227	-12.4061	0.948582	0.0514182	0.103394
264	-3.28747	-4.16355	0.964691	0.0353094	0.0881682
265	-3.54027	-4.40625	0.964345	0.0356552	0.088495
266	-4.49149	-5.36521	0.96461	0.03539	0.0882444
267	-3.6049	-4.30143	0.958037	0.0419626	0.0944568
268	-25.5522	-20.6023	0.0745829	0.925417	0.929504
269	-15.2353	-13.2754	0.615779	0.384221	0.417962
270	-4.48375	-5.51253	0.969538	0.0304615	0.0835859
271	-20.7544	-21.68	0.966337	0.0336631	0.0866121
272	-3.6736	-4.75062	0.970931	0.0290687	0.0822694
273	-5.45456	-5.97995	0.950591	0.0494087	0.101495
274	-13.4899	-11.4547	0.597813	0.402187	0.434943
275	-3.59304	-4.56989	0.967967	0.0320334	0.0850717
276	-4.81603	-5.6229	0.962256	0.0377444	0.0904698
277	-4.1795	-4.9178	0.959684	0.0403156	0.0929
278	-4.59643	-5.4815	0.964995	0.0350048	0.0878803
279	-4.83625	-5.27194	0.946204	0.053796	0.105642
280	-4.17642	-5.13795	0.967488	0.0325118	0.0855238
281	-9.72581	-10.2771	0.951792	0.0482079	0.10036
282	-5.15223	-5.71438	0.95229	0.0477103	0.0998896
283	-15.6892	-16.1361	0.94677	0.0532303	0.105107
284	-10.5584	-11.3221	0.960653	0.0393471	0.0919846
285	-4.47933	-4.8803	0.944409	0.0555907	0.107338
286	-4.42651	-5.05672	0.955288	0.0447116	0.0970552
287	-5.15223	-5.71438	0.95229	0.0477103	0.0998896
288	-4.50031	-5.42143	0.966193	0.033807	0.0867481
289	-4.38072	-5.341	0.967449	0.0325511	0.085561
290	-5.6006	-5.9766	0.943084	0.0569161	0.108591
291	-3.6736	-4.75062	0.970931	0.0290687	0.0822694
292	-9.73469	-10.6419	0.965735	0.034265	0.087181
293	-3.29013	-4.17588	0.965019	0.0349814	0.0878582
294	-3.7141	-4.3037	0.953522	0.0464781	0.0987249
295	-4.41017	-4.97859	0.952574	0.0474263	0.0996211
296	-3.54282	-4.41836	0.964672	0.035328	0.0881858
297	-7.17016	-8.1173	0.967033	0.0329673	0.0859544
298	-3.80905	-4.77313	0.967568	0.0324316	0.085448
299	-8.85013	-9.80521	0.967285	0.0327152	0.0857161
300	-12.7987	-13.6017	0.962113	0.0378874	0.0906049
301	-3.90097	-4.93053	0.969561	0.0304385	0.0835642
302	-3.90097	-4.93053	0.969561	0.0304385	0.0835642
303	-3.54282	-4.41836	0.964672	0.035328	0.0881858
304	-11.4006	-9.46747	0.622088	0.377912	0.411999
305	-5.10528	-5.59579	0.948927	0.0510729	0.103068
306	-4.73482	-5.46896	0.959523	0.0404768	0.0930524
307	-3.29013	-4.17588	0.965019	0.0349814	0.0878582
308	-7.09964	-7.95003	0.963805	0.036195	0.0890052
309	-15.229	-16.0745	0.963633	0.0363671	0.0891679
310	-3.54282	-4.41836	0.964672	0.035328	0.0881858
311	-4.73482	-5.46896	0.959523	0.0404768	0.0930524
312	-3.59304	-4.56989	0.967967	0.0320334	0.0850717
313	-3.6736	-4.75062	0.970931	0.0290687	0.0822694
314	-3.80905	-4.77313	0.967568	0.0324316	0.085448
315	-4.33078	-4.91492	0.953279	0.046721	0.0989545
316	-4.77524	-5.33956	0.952388	0.0476117	0.0997963
317	-3.29013	-4.17588	0.965019	0.0349814	0.0878582
318	-3.59304	-4.56989	0.967967	0.0320334	0.0850717
319	-4.15829	-5.12876	0.967768	0.0322315	0.0852589
320	-3.6069	-4.31111	0.958345	0.041655	0.094166
321	-18.5897	-16.2676	0.52735	0.47265	0.501545
322	-3.29013	-4.17588	0.965019	0.0349814	0.0878582
323	-3.59304	-4.56989	0.967967	0.0320334	0.0850717
324	-4.11356	-5.02676	0.965933	0.0340665	0.0869934
325	-3.6736	-4.75062	0.970931	0.0290687	0.0822694
326	-4.59643	-5.4815	0.964995	0.0350048	0.0878803
327	-4.11356	-5.02676	0.965933	0.0340665	0.0869934
328	-4.17254	-5.14122	0.967713	0.0322874	0.0853118
329	-3.59304	-4.56989	0.967967	0.0320334	0.0850717
330	-4.51571	-5.41844	0.965587	0.034413	0.0873209
331	-4.29362	-5.12101	0.962994	0.0370061	0.0897719
332	-4.61669	-5.35679	0.959754	0.0402459	0.0928341
333	-11.8238	-9.80755	0.602376	0.397624	0.430631
334	-9.82205	-7.81014	0.603404	0.396596	0.429659
335	-22.0217	-17.0885	0.0757424	0.924258	0.928408
336	-8.04435	-8.9184	0.964621	0.0353787	0.0882337
337	-3.59304	-4.56989	0.967967	0.0320334	0.0850717
338	-10.8957	-11.6326	0.959628	0.0403716	0.092953
339	-4.29362	-5.12101	0.962994	0.0370061	0.0897719
340	-4.49609	-5.37946	0.964938	0.0350619	0.0879342
341	-4.33078	-4.91492	0.953279	0.046721	0.0989545
342	-4.1569	-5.12359	0.96765	0.0323498	0.0853708
343	-3.54191	-4.41404	0.964556	0.0354444	0.0882958
344	-28.5137	-20.7149	0.00464564	0.995354	0.995609
345	-18.2822	-18.6982	0.945191	0.0548092	0.1066
346	-4.51416	-5.41336	0.96547	0.0345301	0.0874316
347	-3.28918	-4.17148	0.964902	0.0350982	0.0879685
348	-16.2405	-13.7558	0.486731	0.513269	0.539939
349	-19.7646	-20.4081	0.955853	0.0441467	0.0965212
350	-3.54191	-4.41404	0.964556	0.0354444	0.0882958
351	-3.54191	-4.41404	0.964556	0.0354444	0.0882958
352	-3.89971	-4.92526	0.969443	0.0305573	0.0836765
353	-3.60618	-4.30766	0.958236	0.0417645	0.0942696
354	-13.1908	-13.9532	0.960608	0.0393921	0.0920272
355	-3.28918	-4.17148	0.964902	0.0350982	0.0879685
356	-7.90035	-8.71346	0.962482	0.0375185	0.0902562
357	-9.37038	-10.2507	0.964835	0.035165	0.0880317
358	-3.80816	-4.76849	0.96745	0.0325496	0.0855595
359	-4.40815	-4.97436	0.952474	0.0475261	0.0997155
360	-3.80816	-4.76849	0.96745	0.0325496	0.0855595
361	-24.798	-19.9399	0.0811784	0.918822	0.92327
362	-4.32896	-5.12995	0.962042	0.0379585	0.0906721
363	-20.3077	-20.8705	0.952318	0.047682	0.0998629
364	-4.11285	-5.02251	0.965817	0.0341835	0.0871039
365	-8.09464	-8.50909	0.945113	0.0548874	0.106673
366	-3.80816	-4.76849	0.96745	0.0325496	0.0855595
367	-3.96692	-4.81941	0.963878	0.0361219	0.0889362
368	-3.80816	-4.76849	0.96745	0.0325496	0.0855595
369	-17.456	-15.3949	0.591577	0.408423	0.440838
370	-4.27699	-5.30145	0.969411	0.0305892	0.0837066
371	-4.29246	-5.11663	0.962879	0.0371211	0.0898806
372	-4.4783	-4.87772	0.944328	0.0556722	0.107415
373	-4.27699	-5.30145	0.969411	0.0305892	0.0837066
374	-3.80816	-4.76849	0.96745	0.0325496	0.0855595
375	-11.2448	-9.20789	0.597411	0.402589	0.435323
376	-3.67282	-4.74564	0.970813	0.0291875	0.0823817
377	-4.63589	-5.25342	0.954744	0.0452563	0.09757
381	-4.50031	-5.42143	0.966193	0.033807	0.0867481
382	-4.11356	-5.02676	0.965933	0.0340665	0.0869934
383	-3.54282	-4.41836	0.964672	0.035328	0.0881858
384	-21.0108	-15.4532	0.0420467	0.957953	0.960257
385	-7.81401	-8.22654	0.945013	0.054987	0.106768
386	-11.2877	-9.1548	0.574112	0.425888	0.457346
387	-4.17642	-5.13795	0.967488	0.0325118	0.0855238
388	-10.8215	-11.6832	0.964198	0.0358023	0.0886341
389	-11.0149	-8.55045	0.49178	0.50822	0.535166
390	-3.29013	-4.17588	0.965019	0.0349814	0.0878582
391	-16.2557	-11.3629	0.0786188	0.921381	0.925689
392	-7.52638	-8.17883	0.956229	0.0437713	0.0961664
393	-24.0817	-16.1596	0.00410867	0.995891	0.996116
394	-18.0212	-13.0665	0.0742566	0.925743	0.929812
395	-3.54282	-4.41836	0.964672	0.035328	0.0881858
396	-13.9263	-14.5307	0.954173	0.0458266	0.0981091
397	-11.2303	-8.91544	0.529152	0.470848	0.499842
398	-3.59304	-4.56989	0.967967	0.0320334	0.0850717
399	-40.4875	-35.2906	0.059227	0.940773	0.944018
400	-3.90097	-4.93053	0.969561	0.0304385	0.0835642
401	-22.4012	-17.3706	0.0692013	0.930799	0.93459
402	-9.39783	-10.2749	0.964724	0.0352758	0.0881364
403	-4.77733	-5.31506	0.951168	0.0488318	0.10095
404	-7.50317	-8.50163	0.96863	0.0313698	0.0844444
405	-4.49609	-5.37946	0.964938	0.0350619	0.0879342
406	-4.15829	-5.12876	0.967768	0.0322315	0.0852589
407	-5.15223	-5.71438	0.95229	0.0477103	0.0998896
408	-4.279	-5.3075	0.96953	0.0304698	0.0835937
409	-4.15829	-5.12876	0.967768	0.0322315	0.0852589
410	-4.17254	-5.14122	0.967713	0.0322874	0.0853118
411	-21.4525	-19.3368	0.578311	0.421689	0.453377
412	-4.279	-5.3075	0.96953	0.0304698	0.0835937
413	-4.7352	-5.36544	0.95529	0.0447101	0.0970538
414	-11.1241	-11.6547	0.950836	0.0491635	0.101263
415	-3.7141	-4.3037	0.953522	0.0464781	0.0987249
416	-3.96209	-4.54616	0.953276	0.0467238	0.0989571
417	-4.17254	-5.14122	0.967713	0.0322874	0.0853118
418	-4.17254	-5.14122	0.967713	0.0322874	0.0853118
419	-3.90097	-4.93053	0.969561	0.0304385	0.0835642
420	-3.96209	-4.54616	0.953276	0.0467238	0.0989571
421	-3.59304	-4.56989	0.967967	0.0320334	0.0850717
422	-14.6981	-15.4194	0.959019	0.0409805	0.0935286
423	-12.5125	-10.4353	0.587684	0.412316	0.444517
424	-4.50031	-5.42143	0.966193	0.033807	0.0867481
425	-3.80905	-4.77313	0.967568	0.0324316	0.085448
426	-8.33355	-8.89347	0.952188	0.0478117	0.0999855
427	-13.6926	-14.551	0.964081	0.0359186	0.088744
428	-4.1795	-4.9178	0.959684	0.0403156	0.0929
429	-3.54282	-4.41836	0.964672	0.035328	0.0881858
430	-3.59304	-4.56989	0.967967	0.0320334	0.0850717
431	-5.02412	-5.38412	0.942219	0.0577812	0.109409
432	-3.90097	-4.93053	0.969561	0.0304385	0.0835642
433	-5.35372	-5.88508	0.950871	0.0491286	0.10123
434	-3.6069	-4.31111	0.958345	0.041655	0.094166
435	-4.11356	-5.02676	0.965933	0.0340665	0.0869934
436	-17.4399	-18.2854	0.963635	0.036365	0.0891659
437	-8.95104	-9.58674	0.955523	0.0444775	0.0968339
438	-5.56248	-5.99767	0.946179	0.0538209	0.105665
439	-4.17642	-5.13795	0.967488	0.0325118	0.0855238
440	-9.96045	-10.5864	0.955107	0.0448929	0.0972265
441	-3.59304	-4.56989	0.967967	0.0320334	0.0850717
442	-12.5861	-13.4509	0.964307	0.0356934	0.0885311
443	-3.29013	-4.17588	0.965019	0.0349814	0.0878582
444	-3.54282	-4.41836	0.964672	0.035328	0.0881858
445	-16.1653	-14.116	0.594425	0.405575	0.438146
446	-15.1308	-15.9904	0.964124	0.0358758	0.0887035
447	-10.2121	-10.5725	0.942238	0.0577618	0.10939
448	-6.79775	-7.65808	0.96415	0.0358501	0.0886792
449	-4.32991	-5.13403	0.962156	0.0378443	0.0905642
450	-4.77524	-5.33956	0.952388	0.0476117	0.0997963
451	-4.09413	-4.68603	0.953623	0.0463768	0.0986291
452	-3.80905	-4.77313	0.967568	0.0324316	0.085448
453	-16.7566	-14.8607	0.630813	0.369187	0.403751
454	-11.7411	-12.4785	0.95965	0.0403504	0.092933
455	-7.95137	-8.49756	0.95156	0.0484403	0.10058
456	-8.66444	-9.38844	0.959128	0.0408724	0.0934263
457	-4.11356	-5.02676	0.965933	0.0340665	0.0869934
458	-3.29013	-4.17588	0.965019	0.0349814	0.0878582
459	-4.33078	-4.91492	0.953279	0.046721	0.0989545
460	-3.29013	-4.17588	0.965019	0.0349814	0.0878582
461	-8.08733	-8.97394	0.965047	0.0349528	0.0878311
462	-14.2108	-15.1857	0.967905	0.0320945	0.0851295
463	-10.1359	-8.10114	0.597924	0.402076	0.434838
464	-9.00885	-9.9345	0.966341	0.0336592	0.0866084
465	-4.77524	-5.33956	0.952388	0.0476117	0.0997963
466	-4.61669	-5.35679	0.959754	0.0402459	0.0928341
467	-7.75277	-8.16603	0.945051	0.0549493	0.106732
468	-11.4447	-12.1884	0.959897	0.0401034	0.0926995
469	-4.73482	-5.46896	0.959523	0.0404768	0.0930524
470	-14.5375	-15.3924	0.963963	0.0360375	0.0888564
471	-3.54282	-4.41836	0.964672	0.035328	0.0881858
472	-3.90097	-4.93053	0.969561	0.0304385	0.0835642
473	-4.61669	-5.35679	0.959754	0.0402459	0.0928341
474	-7.63702	-8.35631	0.958943	0.0410571	0.093601
475	-4.47933	-4.8803	0.944409	0.0555907	0.107338
476	-4.83625	-5.27194	0.946204	0.053796	0.105642
477	-8.65709	-9.13967	0.948542	0.0514582	0.103432
478	-3.29013	-4.17588	0.965019	0.0349814	0.0878582
479	-4.29362	-5.12101	0.962994	0.0370061	0.0897719
480	-9.23356	-9.97813	0.959926	0.0400735	0.0926713
481	-9.10808	-9.98172	0.964607	0.0353928	0.088247
482	-10.6101	-11.0318	0.945487	0.0545131	0.10632
483	-4.78655	-5.19097	0.94459	0.0554101	0.107167
484	-3.6069	-4.31111	0.958345	0.041655	0.094166
485	-4.57635	-4.99032	0.945088	0.0549121	0.106697
486	-4.83625	-5.27194	0.946204	0.053796	0.105642
487	-11.5118	-12.4025	0.965185	0.0348152	0.0877011
488	-4.17254	-5.14122	0.967713	0.0322874	0.0853118
489	-3.54282	-4.41836	0.964672	0.035328	0.0881858
490	-9.26412	-9.88324	0.954813	0.0451873	0.0975048
491	-4.17254	-5.14122	0.967713	0.0322874	0.0853118
492	-4.29362	-5.12101	0.962994	0.0370061	0.0897719
493	-3.29013	-4.17588	0.965019	0.0349814	0.0878582
494	-4.1795	-4.9178	0.959684	0.0403156	0.0929
495	-3.54282	-4.41836	0.964672	0.035328	0.0881858
496	-3.54282	-4.41836	0.964672	0.035328	0.0881858
497	-3.54282	-4.41836	0.964672	0.035328	0.0881858
498	-9.36314	-9.80876	0.946707	0.0532926	0.105166
499	-3.96209	-4.54616	0.953276	0.0467238	0.0989571
500	-5.35372	-5.88508	0.950871	0.0491286	0.10123
501	-3.90097	-4.93053	0.969561	0.0304385	0.0835642
502	-3.7141	-4.3037	0.953522	0.0464781	0.0987249
503	-3.59304	-4.56989	0.967967	0.0320334	0.0850717
504	-10.1905	-11.1005	0.965826	0.0341741	0.0870951
505	-5.31216	-5.89937	0.953416	0.0465843	0.0988253
506	-3.29013	-4.17588	0.965019	0.0349814	0.0878582
507	-13.6463	-14.305	0.95649	0.0435097	0.0959191
508	-12.5139	-12.9255	0.944963	0.0550369	0.106815
509	-8.03465	-8.9572	0.96624	0.0337604	0.086704
510	-4.63716	-5.25709	0.954847	0.0451525	0.0974719
511	-12.4209	-10.1454	0.538929	0.461071	0.490601
512	-16.0404	-13.9813	0.592047	0.407953	0.440393
513	-4.11356	-5.02676	0.965933	0.0340665	0.0869934
514	-3.96767	-4.82349	0.963994	0.0360063	0.0888269
515	-4.17254	-5.14122	0.967713	0.0322874	0.0853118
516	-10.4747	-11.3728	0.965432	0.0345676	0.087467
517	-3.96209	-4.54616	0.953276	0.0467238	0.0989571
518	-8.65817	-9.05734	0.944315	0.0556851	0.107427
519	-19.6948	-20.3048	0.954418	0.0455816	0.0978775
520	-10.9636	-11.6594	0.958008	0.0419923	0.0944849
521	-4.48375	-5.51253	0.969538	0.0304615	0.0835859
522	-4.29362	-5.12101	0.962994	0.0370061	0.0897719
523	-18.9905	-16.6735	0.528614	0.471386	0.500351
524	-11.9748	-10.0406	0.621839	0.378161	0.412234
525	-4.05252	-4.94835	0.965357	0.0346427	0.087538
526	-4.17254	-5.14122	0.967713	0.0322874	0.0853118
527	-8.23787	-9.03734	0.961986	0.0380142	0.0907248
528	-4.17642	-5.13795	0.967488	0.0325118	0.0855238
529	-3.6069	-4.31111	0.958345	0.041655	0.094166
530	-5.31216	-5.89937	0.953416	0.0465843	0.0988253
531	-4.32991	-5.13403	0.962156	0.0378443	0.0905642
532	-9.13801	-10.0072	0.964455	0.035545	0.0883909
533	-9.4078	-10.3707	0.967531	0.0324688	0.0854832
534	-9.36669	-10.2617	0.96533	0.0346704	0.0875641
535	-4.47933	-4.8803	0.944409	0.0555907	0.107338
536	-3.59304	-4.56989	0.967967	0.0320334	0.0850717
537	-4.29362	-5.12101	0.962994	0.0370061	0.0897719
538	-3.80905	-4.77313	0.967568	0.0324316	0.085448
539	-4.51571	-5.41844	0.965587	0.034413	0.0873209
540	-4.61669	-5.35679	0.959754	0.0402459	0.0928341
541	-4.17642	-5.13795	0.967488	0.0325118	0.0855238
542	-3.80905	-4.77313	0.967568	0.0324316	0.085448
543	-4.78655	-5.19097	0.94459	0.0554101	0.107167
544	-9.87579	-10.5183	0.955812	0.0441877	0.09656
545	-4.91186	-5.48831	0.952936	0.0470644	0.0992791
546	-4.49609	-5.37946	0.964938	0.0350619	0.0879342
547	-5.12987	-5.47831	0.941586	0.0584139	0.110007
548	-3.90097	-4.93053	0.969561	0.0304385	0.0835642
549	-5.02412	-5.38412	0.942219	0.0577812	0.109409
550	-3.59304	-4.56989	0.967967	0.0320334	0.0850717
551	-21.0533	-21.8381	0.961446	0.0385536	0.0912346
552	-4.29362	-5.12101	0.962994	0.0370061	0.0897719
553	-3.59304	-4.56989	0.967967	0.0320334	0.0850717
554	-9.74929	-10.3094	0.952199	0.0478014	0.0999757
555	-3.29013	-4.17588	0.965019	0.0349814	0.0878582
556	-5.36868	-5.98026	0.954486	0.045514	0.0978137
557	-4.11356	-5.02676	0.965933	0.0340665	0.0869934
558	-3.80905	-4.77313	0.967568	0.0324316	0.085448
559	-4.11356	-5.02676	0.965933	0.0340665	0.0869934
560	-4.57635	-4.99032	0.945088	0.0549121	0.106697
561	-3.29013	-4.17588	0.965019	0.0349814	0.0878582
562	-4.77524	-5.33956	0.952388	0.0476117	0.0997963
563	-9.7046	-10.7116	0.96889	0.03111	0.0841989
564	-3.54282	-4.41836	0.964672	0.035328	0.0881858
565	-4.50031	-5.42143	0.966193	0.033807	0.0867481
566	-4.11356	-5.02676	0.965933	0.0340665	0.0869934
567	-11.5742	-12.2088	0.955475	0.0445249	0.0968787
568	-8.68998	-9.57184	0.964887	0.0351131	0.0879826
569	-4.38072	-5.341	0.967449	0.0325511	0.085561
570	-3.54282	-4.41836	0.964672	0.035328	0.0881858
571	-13.7232	-11.3353	0.510914	0.489086	0.517081
572	-13.1058	-10.8249	0.537603	0.462397	0.491854
573	-4.78655	-5.19097	0.94459	0.0554101	0.107167
574	-4.17642	-5.13795	0.967488	0.0325118	0.0855238
575	-4.32991	-5.13403	0.962156	0.0378443	0.0905642
576	-3.54282	-4.41836	0.964672	0.035328	0.0881858
577	-4.17254	-5.14122	0.967713	0.0322874	0.0853118
578	-3.6736	-4.75062	0.970931	0.0290687	0.0822694
579	-3.29013	-4.17588	0.965019	0.0349814	0.0878582
580	-9.69655	-10.5103	0.962504	0.0374956	0.0902345
581	-3.96209	-4.54616	0.953276	0.0467238	0.0989571
582	-3.54282	-4.41836	0.964672	0.035328	0.0881858
583	-15.6122	-16.0444	0.946029	0.0539711	0.105807
584	-4.73482	-5.46896	0.959523	0.0404768	0.0930524
585	-3.54282	-4.41836	0.964672	0.035328	0.0881858
586	-3.96767	-4.82349	0.963994	0.0360063	0.0888269
587	-4.83625	-5.27194	0.946204	0.053796	0.105642
588	-4.7352	-5.36544	0.95529	0.0447101	0.0970538
589	-4.17254	-5.14122	0.967713	0.0322874	0.0853118
590	-3.54282	-4.41836	0.964672	0.035328	0.0881858
591	-5.35372	-5.88508	0.950871	0.0491286	0.10123
592	-4.29362	-5.12101	0.962994	0.0370061	0.0897719
593	-18.1226	-19.0479	0.96633	0.0336697	0.0866183
594	-5.12987	-5.47831	0.941586	0.0584139	0.110007
595	-14.5736	-12.1548	0.50321	0.49679	0.524363
596	-4.1795	-4.9178	0.959684	0.0403156	0.0929
597	-3.80905	-4.77313	0.967568	0.0324316	0.085448
598	-9.5298	-10.2651	0.95957	0.0404301	0.0930083
599	-4.59643	-5.4815	0.964995	0.0350048	0.0878803
600	-7.829	-8.39712	0.95256	0.0474398	0.0996339
601	-4.11356	-5.02676	0.965933	0.0340665	0.0869934
602	-3.80905	-4.77313	0.967568	0.0324316	0.085448
603	-4.29362	-5.12101	0.962994	0.0370061	0.0897719
604	-3.90097	-4.93053	0.969561	0.0304385	0.0835642
605	-3.29013	-4.17588	0.965019	0.0349814	0.0878582
606	-8.85683	-9.39938	0.951391	0.0486089	0.100739
607	-4.1795	-4.9178	0.959684	0.0403156	0.0929
608	-4.09413	-4.68603	0.953623	0.0463768	0.0986291
609	-8.65218	-9.35226	0.95818	0.0418202	0.0943222
610	-15.9364	-12.8511	0.342133	0.657867	0.676614
611	-3.54282	-4.41836	0.964672	0.035328	0.0881858
612	-4.61669	-5.35679	0.959754	0.0402459	0.0928341
613	-14.4323	-12.3896	0.596018	0.403982	0.43664
614	-11.2948	-9.19925	0.583221	0.416779	0.448735
615	-3.80905	-4.77313	0.967568	0.0324316	0.085448
616	-4.77733	-5.31506	0.951168	0.0488318	0.10095
617	-20.6709	-15.6861	0.072207	0.927793	0.931749
618	-3.54282	-4.41836	0.964672	0.035328	0.0881858
619	-11.3502	-9.29823	0.593767	0.406233	0.438768
620	-4.48375	-5.51253	0.969538	0.0304615	0.0835859
621	-4.73482	-5.46896	0.959523	0.0404768	0.0930524
622	-4.59643	-5.4815	0.964995	0.0350048	0.0878803
623	-13.4408	-11.3596	0.586719	0.413281	0.44543
624	-3.59304	-4.56989	0.967967	0.0320334	0.0850717
625	-21.7941	-16.8123	0.0724091	0.927591	0.931558
626	-12.7888	-10.7576	0.598767	0.401233	0.434041
627	-5.10528	-5.59579	0.948927	0.0510729	0.103068
628	-7.81401	-8.22654	0.945013	0.054987	0.106768
629	-3.59304	-4.56989	0.967967	0.0320334	0.0850717
630	-3.59304	-4.56989	0.967967	0.0320334	0.0850717
631	-11.2095	-11.8032	0.953705	0.0462947	0.0985516
632	-7.50317	-8.50163	0.96863	0.0313698	0.0844444
633	-4.38072	-5.341	0.967449	0.0325511	0.085561
634	-4.38072	-5.341	0.967449	0.0325511	0.085561
635	-8.36711	-9.31597	0.967088	0.0329125	0.0859026
636	-4.17254	-5.14122	0.967713	0.0322874	0.0853118
637	-3.6069	-4.31111	0.958345	0.041655	0.094166
638	-4.29362	-5.12101	0.962994	0.0370061	0.0897719
639	-8.68737	-9.57774	0.965174	0.0348259	0.0877112
640	-4.59643	-5.4815	0.964995	0.0350048	0.0878803
641	-4.05252	-4.94835	0.965357	0.0346427	0.087538
642	-4.32991	-5.13403	0.962156	0.0378443	0.0905642
643	-17.7147	-18.3558	0.955751	0.0442494	0.0966183
644	-4.49609	-5.37946	0.964938	0.0350619	0.0879342
645	-4.09413	-4.68603	0.953623	0.0463768	0.0986291
646	-8.53261	-9.41381	0.964865	0.0351355	0.0880038
647	-3.29013	-4.17588	0.965019	0.0349814	0.0878582
683	-4.81529	-5.62013	0.962182	0.0378184	0.0905396
684	-4.17853	-4.91495	0.959612	0.040388	0.0929685
685	-10.7256	-8.82462	0.629615	0.370385	0.404883
686	-10.9817	-11.9091	0.966397	0.0336033	0.0865556
687	-4.96072	-5.65732	0.95804	0.04196	0.0944544
688	-4.05162	-4.9452	0.965282	0.0347185	0.0876096
689	-3.59245	-4.56682	0.96789	0.0321099	0.085144
690	-9.21723	-10.1114	0.965303	0.0346975	0.0875898
691	-4.2777	-5.30359	0.969453	0.030547	0.0836668
692	-4.37946	-5.3373	0.967372	0.0326278	0.0856335
693	-3.59245	-4.56682	0.96789	0.0321099	0.085144
694	-4.37946	-5.3373	0.967372	0.0326278	0.0856335
695	-4.32995	-4.91262	0.953213	0.0467865	0.0990164
696	-4.1751	-5.13419	0.967411	0.0325885	0.0855964
697	-3.71363	-4.30176	0.953456	0.0465439	0.0987871
698	-20.0714	-18.122	0.618245	0.381755	0.415631
699	-5.17056	-5.78059	0.954418	0.0455815	0.0978774
700	-4.17853	-4.91495	0.959612	0.040388	0.0929685
701	-5.36704	-5.97707	0.954419	0.0455811	0.0978771
702	-4.91122	-5.48623	0.952871	0.0471294	0.0993405
703	-4.47866	-4.87862	0.944356	0.0556435	0.107388
704	-16.3827	-14.0875	0.53404	0.46596	0.495222
705	-4.47866	-4.87862	0.944356	0.0556435	0.107388
706	-4.09326	-4.68367	0.953557	0.0464427	0.0986914
707	-9.5968	-10.4779	0.96486	0.0351401	0.0880081
708	-4.78554	-5.18894	0.944537	0.0554633	0.107218
709	-6.79714	-7.65523	0.964073	0.0359274	0.0887524
710	-4.5147	-5.41515	0.965511	0.0344888	0.0873926
711	-5.17056	-5.78059	0.954418	0.0455815	0.0978774
712	-8.77697	-9.5081	0.959407	0.0405934	0.0931627
713	-11.1169	-11.9358	0.96269	0.0373103	0.0900594
714	-9.66107	-10.3949	0.959511	0.0404885	0.0930635
715	-10.7296	-11.1489	0.945362	0.0546382	0.106438
716	-4.1131	-5.024	0.965858	0.0341423	0.087065
717	-11.0888	-11.7035	0.954621	0.0453791	0.0976862
718	-3.28951	-4.17303	0.964943	0.035057	0.0879296
719	-11.8851	-9.84114	0.595702	0.404298	0.436939
720	-4.77414	-5.33704	0.952324	0.0476761	0.0998572
721	-8.20775	-8.77751	0.952634	0.0473656	0.0995638
722	-11.8293	-12.21	0.943338	0.0566617	0.10835
723	-9.94923	-10.5134	0.952379	0.0476206	0.0998048
724	-30.1908	-30.9388	0.960058	0.039942	0.092547
725	-3.60643	-4.30887	0.958274	0.0417259	0.0942331
726	-5.10433	-5.5936	0.948867	0.0511327	0.103124
727	-12.613	-13.0016	0.943756	0.0562437	0.107955
728	-10.2394	-10.8042	0.952412	0.047588	0.099774
729	-17.4704	-15.5087	0.615359	0.384641	0.418359
730	-18.1603	-18.8966	0.959606	0.0403937	0.0929739
731	-25.3551	-25.9032	0.951647	0.0483526	0.100497
732	-11.9128	-12.6439	0.959409	0.0405909	0.0931603
733	-12.0049	-9.97849	0.599925	0.400075	0.432947
734	-5.75421	-6.16324	0.944831	0.0551691	0.10694
735	-4.29287	-5.11817	0.962919	0.0370806	0.0898423
736	-14.2248	-14.6124	0.943705	0.0562953	0.108004
737	-4.5147	-5.41515	0.965511	0.0344888	0.0873926
738	-27.5544	-22.3673	0.0597778	0.940222	0.943498
739	-4.77664	-5.31302	0.951105	0.0488945	0.101009
740	-4.49502	-5.37617	0.964862	0.0351375	0.0880057
741	-3.54223	-4.41556	0.964597	0.0354034	0.088257
742	-9.96712	-10.5346	0.952532	0.0474682	0.0996608
743	-12.0369	-12.8798	0.963542	0.036458	0.0892538
744	-14.8975	-15.4566	0.952149	0.0478507	0.100022
745	-4.73412	-5.36277	0.955222	0.0447779	0.0971179
746	-4.73412	-5.36277	0.955222	0.0447779	0.0971179
747	-5.12982	-5.47738	0.941538	0.058462	0.110052
748	-5.17056	-5.78059	0.954418	0.0455815	0.0978774
749	-17.5639	-18.3847	0.962757	0.0372426	0.0899955
750	-8.28982	-8.88836	0.953916	0.0460842	0.0983525
751	-4.47866	-4.87862	0.944356	0.0556435	0.107388
752	-16.1143	-16.6733	0.952151	0.0478493	0.100021
753	-21.834	-22.5083	0.957133	0.042867	0.0953117
754	-5.02289	-5.38199	0.94217	0.0578304	0.109455
755	-7.99151	-8.4762	0.948645	0.0513554	0.103335
756	-14.4103	-12.4786	0.622414	0.377586	0.411691
757	-11.7952	-12.4029	0.954314	0.0456861	0.0979763
758	-3.60643	-4.30887	0.958274	0.0417259	0.0942331
759	-3.54223	-4.41556	0.964597	0.0354034	0.088257
760	-9.66863	-10.1649	0.949205	0.0507949	0.102805
761	-4.1724	-5.13864	0.967636	0.0323637	0.0853839
762	-10.2635	-8.15772	0.580745	0.419255	0.451076
763	-4.63634	-5.25471	0.95478	0.0452197	0.0975355
764	-5.15144	-5.71217	0.952225	0.0477745	0.0999503
765	-3.96719	-4.82085	0.963919	0.0360812	0.0888977
766	-4.78554	-5.18894	0.944537	0.0554633	0.107218
767	-4.63634	-5.25471	0.95478	0.0452197	0.0975355
768	-8.85637	-9.39743	0.951322	0.0486775	0.100804
769	-3.90015	-4.92711	0.969485	0.0305155	0.0836369
770	-4.1724	-5.13864	0.967636	0.0323638	0.0853839
771	-4.1724	-5.13864	0.967636	0.0323638	0.0853839
772	-4.73444	-5.46673	0.959451	0.0405487	0.0931204
773	-5.35244	-5.88246	0.950809	0.0491911	0.101289
774	-4.1724	-5.13864	0.967636	0.0323638	0.0853839
775	-3.60643	-4.30887	0.958274	0.041726	0.0942332
776	-12.7392	-13.2157	0.948249	0.0517511	0.103709
777	-3.67309	-4.74739	0.970854	0.0291457	0.0823422
778	-5.56194	-5.99604	0.946123	0.0538766	0.105718
779	-3.28951	-4.17303	0.964943	0.0350571	0.0879297
780	-8.49223	-9.0678	0.952896	0.0471042	0.0993167
781	-4.09326	-4.68367	0.953557	0.0464427	0.0986915
782	-3.59244	-4.56682	0.96789	0.03211	0.0851441
783	-3.67309	-4.74739	0.970854	0.0291457	0.0823422
784	-7.78173	-8.42228	0.955728	0.0442719	0.0966396
785	-4.29287	-5.11817	0.962919	0.0370806	0.0898423
786	-3.28951	-4.17303	0.964943	0.0350571	0.0879297
787	-4.91122	-5.48623	0.952871	0.0471294	0.0993406
788	-3.28951	-4.17303	0.964943	0.0350571	0.0879297
789	-4.73412	-5.36277	0.955222	0.044778	0.097118
790	-9.37238	-10.3465	0.967882	0.0321176	0.0851512
791	-4.05162	-4.94519	0.965281	0.0347185	0.0876097
792	-4.1751	-5.13419	0.967411	0.0325886	0.0855964
793	-4.37945	-5.3373	0.967372	0.0326278	0.0856335
794	-15.4756	-15.9692	0.949077	0.0509227	0.102926
795	-7.9619	-8.59592	0.955451	0.0445492	0.0969017
796	-3.80848	-4.77012	0.967492	0.032508	0.0855203
797	-4.29287	-5.11817	0.962919	0.0370806	0.0898423
798	-4.59538	-5.4782	0.964919	0.0350806	0.0879519
799	-3.96719	-4.82085	0.963919	0.0360813	0.0888977
800	-4.48249	-5.50866	0.969461	0.0305388	0.083659
801	-9.81647	-7.87572	0.620299	0.379701	0.413689
802	-4.47866	-4.87862	0.944356	0.0556436	0.107388
803	-4.32995	-4.91262	0.953213	0.0467866	0.0990165
804	-8.93924	-9.90854	0.967732	0.0322683	0.0852937
805	-4.91122	-5.48623	0.952871	0.0471294	0.0993405
806	-3.28951	-4.17303	0.964943	0.035057	0.0879296
807	-4.96072	-5.65732	0.95804	0.04196	0.0944544
808	-4.15739	-5.12541	0.967692	0.0323081	0.0853313
809	-4.78554	-5.18894	0.944537	0.0554633	0.107218
810	-11.3587	-11.9897	0.95532	0.0446799	0.0970252
811	-10.763	-8.67882	0.585986	0.414014	0.446122
812	-3.54223	-4.41556	0.964597	0.0354035	0.0882571
813	-8.31283	-8.96327	0.956145	0.0438552	0.0962457
814	-7.4602	-8.06135	0.954031	0.0459693	0.098244
815	-3.60643	-4.30887	0.958274	0.041726	0.0942332
816	-3.80848	-4.77012	0.967492	0.032508	0.0855203
817	-8.77697	-9.5081	0.959407	0.0405935	0.0931627
818	-3.90015	-4.92711	0.969485	0.0305155	0.0836369
819	-3.67309	-4.74739	0.970854	0.0291457	0.0823422
820	-4.05162	-4.94519	0.965281	0.0347185	0.0876097
821	-4.91122	-5.48623	0.952871	0.0471294	0.0993406
822	-3.60643	-4.30887	0.958274	0.041726	0.0942332
823	-4.42565	-5.05427	0.955221	0.0447794	0.0971193
824	-13.2564	-13.8823	0.955106	0.044894	0.0972276
825	-4.98603	-5.56043	0.952843	0.0471569	0.0993665
826	-4.91122	-5.48623	0.952871	0.0471294	0.0993406
827	-4.1724	-5.13864	0.967636	0.0323638	0.0853839
828	-4.47866	-4.87862	0.944356	0.0556436	0.107388
829	-8.19589	-8.97824	0.961355	0.0386451	0.0913211
830	-5.02289	-5.38198	0.94217	0.0578305	0.109455
831	-3.28951	-4.17303	0.964943	0.0350571	0.0879297
832	-4.1751	-5.13419	0.967411	0.0325886	0.0855964
833	-3.59244	-4.56682	0.96789	0.03211	0.0851441
834	-3.90015	-4.92711	0.969485	0.0305155	0.0836369
835	-10.1177	-10.5227	0.94462	0.0553803	0.107139
836	-9.77967	-10.1813	0.944443	0.0555573	0.107307
837	-3.60643	-4.30887	0.958274	0.041726	0.0942332
838	-4.48249	-5.50866	0.969461	0.0305388	0.083659
839	-13.087	-13.6439	0.95205	0.04795	0.100116
840	-5.17056	-5.78059	0.954418	0.0455816	0.0978775
841	-5.15144	-5.71217	0.952225	0.0477746	0.0999503
842	-5.45319	-5.97725	0.950529	0.0494709	0.101554
843	-10.0084	-10.8875	0.964793	0.0352071	0.0880715
844	-9.93987	-10.6328	0.957894	0.0421062	0.0945926
845	-4.78554	-5.18894	0.944537	0.0554633	0.107218
846	-4.17853	-4.91495	0.959612	0.040388	0.0929685
847	-7.91716	-8.77115	0.96393	0.0360696	0.0888867
848	-8.03314	-9.09032	0.970366	0.0296338	0.0828036
849	-4.59538	-5.4782	0.964919	0.0350806	0.0879519
850	-4.77664	-5.31302	0.951105	0.0488946	0.101009
851	-3.90015	-4.92711	0.969485	0.0305155	0.0836369
852	-10.2027	-11.0824	0.964815	0.0351848	0.0880504
853	-4.83551	-5.27009	0.946148	0.0538519	0.105695
854	-14.2503	-14.891	0.955737	0.0442628	0.096631
855	-7.98627	-8.84146	0.963972	0.0360281	0.0888475
856	-17.5375	-17.9813	0.946616	0.0533839	0.105252
857	-10.0153	-10.6568	0.955767	0.0442333	0.0966031
858	-4.1131	-5.024	0.965858	0.0341423	0.0870651
859	-10.7942	-8.74792	0.595141	0.404859	0.437469
860	-13.7605	-11.7721	0.609008	0.390992	0.424362
861	-10.5387	-11.2597	0.959008	0.0409919	0.0935393
862	-11.0454	-11.6377	0.953642	0.046358	0.0986114
863	-3.9611	-4.5437	0.953211	0.0467895	0.0990192
864	-5.59973	-5.97479	0.943033	0.0569669	0.108639
865	-3.90015	-4.92711	0.969485	0.0305155	0.0836369
866	-4.59538	-5.4782	0.964919	0.0350806	0.0879519
867	-13.9964	-14.6911	0.957964	0.0420362	0.0945263
868	-10.7686	-11.259	0.94892	0.0510804	0.103075
869	-9.49399	-10.1258	0.955357	0.044643	0.0969903
870	-9.10755	-9.75661	0.956087	0.0439131	0.0963005
871	-7.47961	-8.16102	0.957425	0.0425749	0.0950356
872	-9.58537	-10.6425	0.970365	0.0296354	0.0828051
873	-4.17853	-4.91495	0.959612	0.040388	0.0929685
874	-8.36418	-8.91431	0.951741	0.0482593	0.100408
875	-8.93082	-9.29779	0.942597	0.0574027	0.109051
876	-4.09326	-4.68367	0.953557	0.0464427	0.0986915
877	-4.4998	-5.4186	0.966117	0.033883	0.0868199
878	-9.9452	-10.8227	0.964739	0.0352611	0.0881225
879	-3.60643	-4.30887	0.958274	0.041726	0.0942332
880	-3.28951	-4.17303	0.964943	0.0350571	0.0879297
881	-3.90015	-4.92711	0.969485	0.0305155	0.0836369
882	-9.65652	-10.3903	0.959511	0.040489	0.093064
883	-3.54223	-4.41556	0.964597	0.0354035	0.0882571
884	-10.7975	-11.5994	0.962074	0.037926	0.0906414
885	-25.3584	-22.8192	0.473118	0.526882	0.552805
886	-9.65542	-10.5317	0.964698	0.0353025	0.0881616
887	-15.8307	-16.682	0.963837	0.0361635	0.0889755
888	-22.0845	-22.9646	0.964829	0.0351712	0.0880375
889	-10.0102	-10.9571	0.967025	0.0329752	0.0859619
890	-3.28951	-4.17303	0.964943	0.0350571	0.0879297
891	-4.1724	-5.13864	0.967636	0.0323638	0.0853839
892	-8.26905	-9.28942	0.969289	0.0307107	0.0838214
893	-4.49502	-5.37616	0.964862	0.0351376	0.0880058
894	-11.3988	-9.27557	0.576492	0.423508	0.455096
895	-11.9997	-9.83867	0.567233	0.432767	0.463847
896	-10.5633	-11.3621	0.961964	0.0380365	0.0907458
897	-4.73412	-5.36277	0.955222	0.044778	0.097118
898	-3.9611	-4.5437	0.953211	0.0467895	0.0990192
899	-4.05162	-4.94519	0.965281	0.0347185	0.0876097
900	-4.17853	-4.91495	0.959612	0.040388	0.0929685
901	-3.90015	-4.92711	0.969485	0.0305155	0.0836369
902	-4.81529	-5.62012	0.962182	0.0378184	0.0905397
903	-3.54223	-4.41556	0.964597	0.0354035	0.0882571
904	-4.17853	-4.91495	0.959612	0.040388	0.0929685
905	-10.2813	-11.1741	0.965253	0.0347465	0.0876362
906	-5.43318	-5.91156	0.948336	0.0516638	0.103626
907	-10.3309	-11.3561	0.969432	0.0305683	0.0836868
908	-4.5147	-5.41515	0.965511	0.0344889	0.0873926
909	-7.93165	-8.52421	0.953653	0.0463475	0.0986014
910	-8.00935	-8.66801	0.956488	0.0435119	0.0959212
911	-4.91122	-5.48623	0.952871	0.0471294	0.0993406
912	-4.47866	-4.87862	0.944356	0.0556436	0.107388
913	-3.28951	-4.17303	0.964943	0.0350571	0.0879297
914	-3.67309	-4.74739	0.970854	0.0291457	0.0823422
915	-3.59244	-4.56682	0.96789	0.03211	0.0851441
916	-4.47866	-4.87862	0.944356	0.0556436	0.107388
917	-4.1724	-5.13864	0.967636	0.0323638	0.0853839
918	-19.2708	-20.1025	0.963149	0.0368515	0.0896258
919	-4.73444	-5.46673	0.959451	0.0405487	0.0931204
920	-8.95018	-9.58429	0.955455	0.0445449	0.0968976
921	-12.5592	-13.2241	0.956748	0.0432515	0.0956751
922	-12.3377	-10.0486	0.535557	0.464443	0.493788
923	-4.96072	-5.65732	0.95804	0.0419601	0.0944545
924	-10.936	-8.59164	0.521794	0.478206	0.506797
925	-5.10432	-5.59359	0.948867	0.0511328	0.103125
926	-3.28951	-4.17303	0.964943	0.0350571	0.0879297
927	-4.3293	-5.13139	0.962082	0.0379183	0.0906341
928	-16.002	-16.8676	0.964331	0.0356691	0.0885082
929	-4.48249	-5.50866	0.969461	0.0305388	0.083659
930	-3.54223	-4.41556	0.964597	0.0354035	0.0882571
931	-4.61597	-5.3542	0.959682	0.0403181	0.0929024
932	-5.31144	-5.89718	0.95335	0.04665	0.0988873
933	-4.42565	-5.05427	0.955221	0.0447794	0.0971193
934	-4.59538	-5.4782	0.964919	0.0350806	0.0879519
935	-4.59538	-5.4782	0.964919	0.0350806	0.0879519
936	-3.28951	-4.17303	0.964943	0.0350571	0.0879297
937	-20.1533	-20.8775	0.959136	0.0408638	0.0934182
938	-5.02289	-5.38198	0.94217	0.0578305	0.109455
939	-3.28951	-4.17303	0.964943	0.0350571	0.0879297
940	-3.28951	-4.17303	0.964943	0.0350571	0.0879297
941	-8.26765	-8.81942	0.951816	0.0481844	0.100338
942	-5.75421	-6.16324	0.944831	0.0551692	0.10694
943	-4.1131	-5.024	0.965858	0.0341423	0.0870651
944	-7.43051	-8.36277	0.966555	0.033445	0.086406
945	-12.3735	-13.3617	0.968319	0.0316805	0.0847381
946	-3.54223	-4.41556	0.964597	0.0354035	0.0882571
947	-4.61597	-5.3542	0.959682	0.0403181	0.0929024
948	-17.8997	-12.7757	0.0634219	0.936578	0.940053
949	-7.49152	-8.42553	0.966611	0.0333887	0.0863527
950	-3.54223	-4.41556	0.964597	0.0354035	0.0882571
951	-12.5616	-10.5767	0.609862	0.390138	0.423554
952	-10.3403	-8.37071	0.613497	0.386503	0.420119
953	-4.61597	-5.3542	0.959682	0.0403181	0.0929024
954	-4.4998	-5.4186	0.966117	0.033883	0.0868199
955	-3.28951	-4.17303	0.964943	0.0350571	0.0879297
956	-17.1802	-15.0772	0.581407	0.418593	0.45045
957	-5.10432	-5.59359	0.948867	0.0511328	0.103125
958	-12.7938	-10.7086	0.585739	0.414261	0.446355
959	-10.8534	-11.3646	0.949919	0.0500814	0.102131
960	-12.0146	-12.6204	0.954231	0.0457692	0.0980549
961	-5.35244	-5.88246	0.950809	0.0491911	0.101289
962	-3.28951	-4.17303	0.964943	0.0350571	0.0879297
963	-4.1131	-5.024	0.965858	0.0341423	0.0870651
964	-7.99151	-8.4762	0.948645	0.0513554	0.103335
965	-4.47866	-4.87862	0.944356	0.0556436	0.107388
966	-3.28951	-4.17303	0.964943	0.0350571	0.0879297
967	-5.02289	-5.38198	0.94217	0.0578305	0.109455
968	-4.37945	-5.3373	0.967372	0.0326278	0.0856335
969	-3.54223	-4.41556	0.964597	0.0354035	0.0882571
970	-4.1724	-5.13864	0.967636	0.0323638	0.0853839
971	-9.65504	-10.6343	0.968041	0.0319591	0.0850015
972	-15.1184	-15.9837	0.964321	0.0356795	0.088518
973	-7.44027	-8.43424	0.968493	0.0315067	0.0845738
974	-4.83551	-5.27009	0.946148	0.0538519	0.105695
975	-4.1751	-5.13419	0.967411	0.0325886	0.0855964
976	-10.3456	-10.7791	0.946094	0.0539061	0.105746
977	-4.1724	-5.13864	0.967636	0.0323638	0.0853839
978	-3.71363	-4.30175	0.953456	0.046544	0.0987871
979	-4.09326	-4.68367	0.953557	0.0464427	0.0986915
980	-4.47866	-4.87862	0.944356	0.0556436	0.107388
981	-3.28951	-4.17303	0.964943	0.0350571	0.0879297
982	-4.1724	-5.13864	0.967636	0.0323638	0.0853839
983	-7.23061	-8.17705	0.96701	0.0329897	0.0859756
984	-8.29488	-9.2027	0.965756	0.0342439	0.0871611
985	-5.31144	-5.89718	0.95335	0.04665	0.0988873
986	-4.1724	-5.13864	0.967636	0.0323638	0.0853839
987	-13.4315	-11.4884	0.619753	0.380247	0.414205
988	-5.17056	-5.78059	0.954418	0.0455816	0.0978775
989	-4.17853	-4.91495	0.959612	0.040388	0.0929685
990	-15.4362	-13.1468	0.535486	0.464514	0.493855
991	-13.1096	-10.7805	0.525591	0.474409	0.503208
992	-3.54223	-4.41556	0.964597	0.0354035	0.0882571
993	-8.65806	-9.44352	0.961471	0.0385295	0.0912118
994	-11.5621	-9.53714	0.600269	0.399731	0.432621
