2020-01-23 18:29:32,260 - main - INFO - Starting /home/lpicard/DGINN/lib/Init.py (v1.0)
2020-01-23 18:29:32,260 - main - INFO - Reading input file /home/lpicard/2019_validation/20191211/21genes_APOBEC3F_CCDS_results_201912111831/APOBEC3F_sequences_filtered_longestORFs_D426gp2_prank.best.fas
2020-01-23 18:29:32,261 - main - INFO - Output directory: /home/lpicard/2019_validation/20191211/21genes_APOBEC3F_CCDS_results_201912111831/APOBEC3F_sequences_filtered_longestORFs_D426gp2_prank_results_202001231829/
2020-01-23 18:29:32,261 - main - INFO - Analysis will begin at the positiveSelection step
2020-01-23 18:29:32,261 - main - WARNING - queryName is not provided, coverage check will not run.
2020-01-23 18:29:32,261 - main.positiveSelection - INFO - Starting positive selection analyses.
2020-01-23 18:29:32,261 - main.positiveSelection - INFO - Alignement file: /home/lpicard/2019_validation/20191211/21genes_APOBEC3F_CCDS_results_201912111831/APOBEC3F_sequences_filtered_longestORFs_D426gp2_prank.best.fas
2020-01-23 18:29:32,261 - main.positiveSelection - INFO - Gene Tree file: /home/lpicard/2019_validation/20191211/21genes_APOBEC3F_CCDS_results_201912111831/APOBEC3F_sequences_filtered_longestORFs_D426gp2_prank.phylip_phyml_tree.txt
2020-01-23 18:29:32,264 - main.positiveSelection - INFO - Location of entry files: /home/lpicard/2019_validation/20191211/21genes_APOBEC3F_CCDS_results_201912111831/APOBEC3F_sequences_filtered_longestORFs_D426gp2_prank_results_202001231829/positive_selection_results_202001231829/
2020-01-23 18:29:32,264 - main.positiveSelection - INFO - Alignement: /home/lpicard/2019_validation/20191211/21genes_APOBEC3F_CCDS_results_201912111831/APOBEC3F_sequences_filtered_longestORFs_D426gp2_prank.best.fas
2020-01-23 18:29:32,264 - main.positiveSelection - INFO - Alignement is in Fasta format.
2020-01-23 18:29:32,264 - main.positiveSelection - INFO - Tree: /home/lpicard/2019_validation/20191211/21genes_APOBEC3F_CCDS_results_201912111831/APOBEC3F_sequences_filtered_longestORFs_D426gp2_prank.phylip_phyml_tree.txt
2020-01-23 18:29:32,265 - main.positiveSelection - INFO - There are 28 nodes in the provided tree.
2020-01-23 18:29:32,265 - main.positiveSelection - INFO - POSITIVE SELECTION ANALYSIS: 
2020-01-23 18:29:32,265 - main.positiveSelection - INFO - Analysis to be run:
2020-01-23 18:29:32,265 - main.positiveSelection - INFO - Site (Optimization)
2020-01-23 18:29:32,265 - main.positiveSelection - INFO - Site (Results)
2020-01-23 18:29:32,265 - main.positiveSelection - INFO - Site (codeml)
2020-01-23 18:29:32,265 - main.positiveSelection - INFO - Whole-Gene
2020-01-23 18:29:32,265 - main.positiveSelection - INFO - Branch-site
2020-01-23 18:29:32,266 - main.positiveSelection - INFO - Whole Gene (BUSTED, HYPHY)
2020-01-23 18:29:32,277 - main.positiveSelection - INFO - Batch file: /home/lpicard/2019_validation/20191211/21genes_APOBEC3F_CCDS_results_201912111831/APOBEC3F_sequences_filtered_longestORFs_D426gp2_prank_results_202001231829/positive_selection_results_202001231829/busted/APOBEC3F_sequences_filtered_longestORFs_D426gp2_prank_busted.bf
2020-01-23 18:31:38,732 - main.positiveSelection - INFO - PAML codeml
2020-01-23 18:31:38,733 - main.positiveSelection - INFO - Running M0
2020-01-23 18:32:44,103 - main.positiveSelection - INFO - Running M1
2020-01-23 18:34:55,081 - main.positiveSelection - INFO - Running M2
2020-01-23 18:41:53,931 - main.positiveSelection - INFO - Running M7
2020-01-23 19:00:25,243 - main.positiveSelection - INFO - Running M8
2020-01-23 19:37:19,984 - main.positiveSelection - INFO - LRT of M1 vs M2 = 3.194691899053434e-07
2020-01-23 19:37:19,985 - main.positiveSelection - INFO - LRT of M7 vs M8 = 2.5080301668761725e-07
2020-01-23 19:37:19,985 - main.positiveSelection - INFO - /home/lpicard
2020-01-23 19:37:19,985 - main.positiveSelection - INFO - Bio++ Site Analysis
2020-01-23 19:37:19,985 - main.positiveSelection - INFO - Models to be run: M0, M1, M2, M7, M8
2020-01-23 19:37:19,985 - main.positiveSelection - INFO - Bppml parameter file: /home/lpicard/2019_validation/20191211/21genes_APOBEC3F_CCDS_results_201912111831/bppml_params.bpp
2020-01-23 19:37:19,986 - main.positiveSelection - INFO - Bppmixedlikelihood parameter file: /home/lpicard/2019_validation/20191211/21genes_APOBEC3F_CCDS_results_201912111831/mixedlikelihood_params.bpp
2020-01-23 19:37:19,986 - main.positiveSelection - INFO - There are 28 nodes in the provided tree.
2020-01-23 19:37:20,055 - main.positiveSelection - INFO - Running M0 optimization
2020-01-23 19:38:53,682 - main.positiveSelection - INFO - Log Likelihood = -2521.110820854642
2020-01-23 19:38:53,683 - main.positiveSelection - INFO - Optimization for model M1 uses optimized parameters from model M0
2020-01-23 19:38:53,685 - main.positiveSelection - INFO - Running M1 optimization
2020-01-23 19:41:41,831 - main.positiveSelection - INFO - Log Likelihood = -2507.369502831158
2020-01-23 19:41:41,832 - main.positiveSelection - INFO - Optimization for model M2 uses optimized parameters from model M1
2020-01-23 19:41:41,835 - main.positiveSelection - INFO - Optimization for model M2 uses optimized parameters from model M0
2020-01-23 19:41:41,837 - main.positiveSelection - INFO - Running M2 optimization
2020-01-23 21:16:35,272 - main.positiveSelection - INFO - Log Likelihood = -2491.4330468268417
2020-01-23 21:16:35,273 - main.positiveSelection - INFO - Optimization for model M7 uses optimized parameters from model M2
2020-01-23 21:16:35,275 - main.positiveSelection - INFO - Optimization for model M7 uses optimized parameters from model M1
2020-01-23 21:16:35,276 - main.positiveSelection - INFO - Optimization for model M7 uses optimized parameters from model M0
2020-01-23 21:16:35,278 - main.positiveSelection - INFO - Running M7 optimization
2020-01-23 21:22:52,511 - main.positiveSelection - INFO - Log Likelihood = -2511.0145103476093
2020-01-23 21:22:52,512 - main.positiveSelection - INFO - Optimization for model M8 uses optimized parameters from model M7
2020-01-23 21:22:52,513 - main.positiveSelection - INFO - Optimization for model M8 uses optimized parameters from model M2
2020-01-23 21:22:52,514 - main.positiveSelection - INFO - Optimization for model M8 uses optimized parameters from model M1
2020-01-23 21:22:52,514 - main.positiveSelection - INFO - Optimization for model M8 uses optimized parameters from model M0
2020-01-23 21:22:52,516 - main.positiveSelection - INFO - Running M8 optimization
2020-01-23 22:22:32,498 - main.positiveSelection - INFO - Log Likelihood = -2491.4719110276396
2020-01-23 22:22:32,500 - main.positiveSelection - INFO - LRT of M1 vs M2: 1.1991819867550621e-07
2020-01-23 22:22:32,501 - main.positiveSelection - INFO - LRT of M7 vs M8: 3.2565440215747386e-09
2020-01-23 22:22:32,501 - main.positiveSelection - INFO - M0 is not a mixed model, skipping.
2020-01-23 22:22:32,502 - main.positiveSelection - INFO - Running mixed likelihoods with model M1
2020-01-23 22:22:32,628 - main.positiveSelection - INFO - Running mixed likelihoods with model M2
2020-01-23 22:22:32,663 - main.positiveSelection - INFO - Running mixed likelihoods with model M7
2020-01-23 22:22:32,697 - main.positiveSelection - INFO - Running mixed likelihoods with model M8
2020-01-23 22:22:32,731 - main.positiveSelection - INFO - Episodic selection (MEME, HYPHY)
2020-01-23 22:22:32,797 - main.positiveSelection - INFO - MEME batch file: /home/lpicard/2019_validation/20191211/21genes_APOBEC3F_CCDS_results_201912111831/APOBEC3F_sequences_filtered_longestORFs_D426gp2_prank_results_202001231829/positive_selection_results_202001231829/meme/APOBEC3F_sequences_filtered_longestORFs_D426gp2_prank_meme.bf
2020-01-23 22:40:50,535 - main.positiveSelection - INFO - End analysis
2020-01-23 22:40:50,536 - main.positiveSelection - INFO -  Ouput in file /home/lpicard/2019_validation/20191211/21genes_APOBEC3F_CCDS_results_201912111831/APOBEC3F_sequences_filtered_longestORFs_D426gp2_prank_results_202001231829/files_list.txt
2020-01-23 22:40:50,536 - main.positiveSelection - INFO - Finished positive selection analyses.
