2020-01-30 16:06:32,198 - main - INFO - Starting /home/lpicard/DGINN/lib/Init.py (v1.0)
2020-01-30 16:06:32,205 - main - INFO - Reading input file /home/lpicard/2019_validation/20191211/21genes_FOXP2_CCDS_results_201912111825/FOXP2_sequences_filtered_longestORFs_prank_mincov_prank_part1_prank.best.fas
2020-01-30 16:06:32,205 - main - INFO - Output directory: /home/lpicard/2019_validation/20191211/21genes_FOXP2_CCDS_results_201912111825/FOXP2_sequences_filtered_longestORFs_prank_mincov_prank_part1_prank_results_202001301606/
2020-01-30 16:06:32,206 - main - INFO - Analysis will begin at the positiveSelection step
2020-01-30 16:06:32,206 - main - WARNING - queryName is not provided, coverage check will not run.
2020-01-30 16:06:32,206 - main.positiveSelection - INFO - Starting positive selection analyses.
2020-01-30 16:06:32,206 - main.positiveSelection - INFO - Alignement file: /home/lpicard/2019_validation/20191211/21genes_FOXP2_CCDS_results_201912111825/FOXP2_sequences_filtered_longestORFs_prank_mincov_prank_part1_prank.best.fas
2020-01-30 16:06:32,206 - main.positiveSelection - INFO - Gene Tree file: /home/lpicard/2019_validation/20191211/21genes_FOXP2_CCDS_results_201912111825/FOXP2_sequences_filtered_longestORFs_prank_mincov_prank_part1_prank.phylip_phyml_tree.txt
2020-01-30 16:06:32,208 - main.positiveSelection - INFO - Location of entry files: /home/lpicard/2019_validation/20191211/21genes_FOXP2_CCDS_results_201912111825/FOXP2_sequences_filtered_longestORFs_prank_mincov_prank_part1_prank_results_202001301606/positive_selection_results_202001301606/
2020-01-30 16:06:32,208 - main.positiveSelection - INFO - Alignement: /home/lpicard/2019_validation/20191211/21genes_FOXP2_CCDS_results_201912111825/FOXP2_sequences_filtered_longestORFs_prank_mincov_prank_part1_prank.best.fas
2020-01-30 16:06:32,208 - main.positiveSelection - INFO - Alignement is in Fasta format.
2020-01-30 16:06:32,208 - main.positiveSelection - INFO - Tree: /home/lpicard/2019_validation/20191211/21genes_FOXP2_CCDS_results_201912111825/FOXP2_sequences_filtered_longestORFs_prank_mincov_prank_part1_prank.phylip_phyml_tree.txt
2020-01-30 16:06:32,208 - main.positiveSelection - INFO - There are 150 nodes in the provided tree.
2020-01-30 16:06:32,208 - main.positiveSelection - INFO - POSITIVE SELECTION ANALYSIS: 
2020-01-30 16:06:32,208 - main.positiveSelection - INFO - Analysis to be run:
2020-01-30 16:06:32,208 - main.positiveSelection - INFO - Site (codeml)
2020-01-30 16:06:32,241 - main.positiveSelection - INFO - PAML codeml
2020-01-30 16:06:32,241 - main.positiveSelection - INFO - Running M7
2020-01-31 18:05:55,891 - main.positiveSelection - INFO - Running M8
2020-02-02 19:02:41,379 - main.positiveSelection - INFO - LRT of M7 vs M8 = 0.04070090300193432
2020-02-02 19:02:41,379 - main.positiveSelection - ERROR - Part of parameters for Bio++ site analysis are completed but not all.
2020-02-02 19:02:41,379 - main.positiveSelection - ERROR - Analysis ignored (if unexpected, check paths to Bio++/bpp parameter files).
2020-02-02 19:02:41,379 - main.positiveSelection - INFO - End analysis
2020-02-02 19:02:41,379 - main.positiveSelection - INFO -  Ouput in file /home/lpicard/2019_validation/20191211/21genes_FOXP2_CCDS_results_201912111825/FOXP2_sequences_filtered_longestORFs_prank_mincov_prank_part1_prank_results_202001301606/files_list.txt
2020-02-02 19:02:41,379 - main.positiveSelection - INFO - Finished positive selection analyses.
