2020-01-23 18:44:31,889 - main - INFO - Starting /home/lpicard/DGINN/lib/Init.py (v1.0)
2020-01-23 18:44:31,889 - main - INFO - Reading input file /home/lpicard/2019_validation/20191211/21genes_GADD45A_CCDS_results_201912111853/GADD45A_sequences_filtered_longestORFs_prank_part1_prank.best.fas
2020-01-23 18:44:31,890 - main - INFO - Output directory: /home/lpicard/2019_validation/20191211/21genes_GADD45A_CCDS_results_201912111853/GADD45A_sequences_filtered_longestORFs_prank_part1_prank_results_202001231844/
2020-01-23 18:44:31,890 - main - INFO - Analysis will begin at the positiveSelection step
2020-01-23 18:44:31,890 - main - WARNING - queryName is not provided, coverage check will not run.
2020-01-23 18:44:31,890 - main.positiveSelection - INFO - Starting positive selection analyses.
2020-01-23 18:44:31,890 - main.positiveSelection - INFO - Alignement file: /home/lpicard/2019_validation/20191211/21genes_GADD45A_CCDS_results_201912111853/GADD45A_sequences_filtered_longestORFs_prank_part1_prank.best.fas
2020-01-23 18:44:31,890 - main.positiveSelection - INFO - Gene Tree file: /home/lpicard/2019_validation/20191211/21genes_GADD45A_CCDS_results_201912111853/GADD45A_sequences_filtered_longestORFs_prank_part1_prank.phylip_phyml_tree.txt
2020-01-23 18:44:31,893 - main.positiveSelection - INFO - Location of entry files: /home/lpicard/2019_validation/20191211/21genes_GADD45A_CCDS_results_201912111853/GADD45A_sequences_filtered_longestORFs_prank_part1_prank_results_202001231844/positive_selection_results_202001231844/
2020-01-23 18:44:31,893 - main.positiveSelection - INFO - Alignement: /home/lpicard/2019_validation/20191211/21genes_GADD45A_CCDS_results_201912111853/GADD45A_sequences_filtered_longestORFs_prank_part1_prank.best.fas
2020-01-23 18:44:31,893 - main.positiveSelection - INFO - Alignement is in Fasta format.
2020-01-23 18:44:31,893 - main.positiveSelection - INFO - Tree: /home/lpicard/2019_validation/20191211/21genes_GADD45A_CCDS_results_201912111853/GADD45A_sequences_filtered_longestORFs_prank_part1_prank.phylip_phyml_tree.txt
2020-01-23 18:44:31,893 - main.positiveSelection - INFO - There are 56 nodes in the provided tree.
2020-01-23 18:44:31,893 - main.positiveSelection - INFO - POSITIVE SELECTION ANALYSIS: 
2020-01-23 18:44:31,893 - main.positiveSelection - INFO - Analysis to be run:
2020-01-23 18:44:31,894 - main.positiveSelection - INFO - Site (Optimization)
2020-01-23 18:44:31,894 - main.positiveSelection - INFO - Site (Results)
2020-01-23 18:44:31,894 - main.positiveSelection - INFO - Site (codeml)
2020-01-23 18:44:31,894 - main.positiveSelection - INFO - Whole-Gene
2020-01-23 18:44:31,894 - main.positiveSelection - INFO - Branch-site
2020-01-23 18:44:31,894 - main.positiveSelection - INFO - Whole Gene (BUSTED, HYPHY)
2020-01-23 18:44:31,905 - main.positiveSelection - INFO - Batch file: /home/lpicard/2019_validation/20191211/21genes_GADD45A_CCDS_results_201912111853/GADD45A_sequences_filtered_longestORFs_prank_part1_prank_results_202001231844/positive_selection_results_202001231844/busted/GADD45A_sequences_filtered_longestORFs_prank_part1_prank_busted.bf
2020-01-23 18:45:31,610 - main.positiveSelection - INFO - PAML codeml
2020-01-23 18:45:31,610 - main.positiveSelection - INFO - Running M0
2020-01-23 18:49:07,735 - main.positiveSelection - INFO - Running M1
2020-01-23 18:55:36,329 - main.positiveSelection - INFO - Running M2
2020-01-23 19:06:50,396 - main.positiveSelection - INFO - Running M7
2020-01-23 19:36:37,057 - main.positiveSelection - INFO - Running M8
2020-01-23 20:10:36,104 - main.positiveSelection - INFO - LRT of M1 vs M2 = 1
2020-01-23 20:10:36,105 - main.positiveSelection - INFO - LRT of M7 vs M8 = 0.08882092631912253
2020-01-23 20:10:36,105 - main.positiveSelection - INFO - /home/lpicard
2020-01-23 20:10:36,105 - main.positiveSelection - INFO - Bio++ Site Analysis
2020-01-23 20:10:36,105 - main.positiveSelection - INFO - Models to be run: M0, M1, M2, M7, M8
2020-01-23 20:10:36,105 - main.positiveSelection - INFO - Bppml parameter file: /home/lpicard/2019_validation/20191211/21genes_GADD45A_CCDS_results_201912111853/bppml_params.bpp
2020-01-23 20:10:36,105 - main.positiveSelection - INFO - Bppmixedlikelihood parameter file: /home/lpicard/2019_validation/20191211/21genes_GADD45A_CCDS_results_201912111853/mixedlikelihood_params.bpp
2020-01-23 20:10:36,106 - main.positiveSelection - INFO - There are 56 nodes in the provided tree.
2020-01-23 20:10:36,226 - main.positiveSelection - INFO - Running M0 optimization
2020-01-23 20:15:34,613 - main.positiveSelection - INFO - Log Likelihood = -1247.7669492754508
2020-01-23 20:15:34,614 - main.positiveSelection - INFO - Optimization for model M1 uses optimized parameters from model M0
2020-01-23 20:15:34,615 - main.positiveSelection - INFO - Running M1 optimization
2020-01-23 20:20:09,774 - main.positiveSelection - INFO - Log Likelihood = -1239.9947872702658
2020-01-23 20:20:09,775 - main.positiveSelection - INFO - Optimization for model M2 uses optimized parameters from model M1
2020-01-23 20:20:09,776 - main.positiveSelection - INFO - Optimization for model M2 uses optimized parameters from model M0
2020-01-23 20:20:09,777 - main.positiveSelection - INFO - Running M2 optimization
2020-01-23 20:32:06,576 - main.positiveSelection - INFO - Log Likelihood = -1239.9947856717608
2020-01-23 20:32:06,577 - main.positiveSelection - INFO - Optimization for model M7 uses optimized parameters from model M2
2020-01-23 20:32:06,578 - main.positiveSelection - INFO - Optimization for model M7 uses optimized parameters from model M1
2020-01-23 20:32:06,579 - main.positiveSelection - INFO - Optimization for model M7 uses optimized parameters from model M0
2020-01-23 20:32:06,580 - main.positiveSelection - INFO - Running M7 optimization
2020-01-23 20:36:33,654 - main.positiveSelection - INFO - Log Likelihood = -1241.2836942447097
2020-01-23 20:36:33,655 - main.positiveSelection - INFO - Optimization for model M8 uses optimized parameters from model M7
2020-01-23 20:36:33,656 - main.positiveSelection - INFO - Optimization for model M8 uses optimized parameters from model M2
2020-01-23 20:36:33,656 - main.positiveSelection - INFO - Optimization for model M8 uses optimized parameters from model M1
2020-01-23 20:36:33,657 - main.positiveSelection - INFO - Optimization for model M8 uses optimized parameters from model M0
2020-01-23 20:36:33,658 - main.positiveSelection - INFO - Running M8 optimization
2020-01-23 20:53:15,694 - main.positiveSelection - INFO - Log Likelihood = -1238.6909849947606
2020-01-23 20:53:15,695 - main.positiveSelection - INFO - LRT of M1 vs M2: 0.9999984014963545
2020-01-23 20:53:15,696 - main.positiveSelection - INFO - LRT of M7 vs M8: 0.07481706712193709
2020-01-23 20:53:15,696 - main.positiveSelection - INFO - M0 is not a mixed model, skipping.
2020-01-23 20:53:15,696 - main.positiveSelection - INFO - Running mixed likelihoods with model M1
2020-01-23 20:53:15,755 - main.positiveSelection - INFO - Running mixed likelihoods with model M2
2020-01-23 20:53:15,782 - main.positiveSelection - INFO - Running mixed likelihoods with model M7
2020-01-23 20:53:15,809 - main.positiveSelection - INFO - Running mixed likelihoods with model M8
2020-01-23 20:53:15,835 - main.positiveSelection - INFO - Episodic selection (MEME, HYPHY)
2020-01-23 20:53:15,919 - main.positiveSelection - INFO - MEME batch file: /home/lpicard/2019_validation/20191211/21genes_GADD45A_CCDS_results_201912111853/GADD45A_sequences_filtered_longestORFs_prank_part1_prank_results_202001231844/positive_selection_results_202001231844/meme/GADD45A_sequences_filtered_longestORFs_prank_part1_prank_meme.bf
2020-01-23 21:02:30,208 - main.positiveSelection - INFO - End analysis
2020-01-23 21:02:30,209 - main.positiveSelection - INFO -  Ouput in file /home/lpicard/2019_validation/20191211/21genes_GADD45A_CCDS_results_201912111853/GADD45A_sequences_filtered_longestORFs_prank_part1_prank_results_202001231844/files_list.txt
2020-01-23 21:02:30,209 - main.positiveSelection - INFO - Finished positive selection analyses.
