2020-01-23 18:47:02,306 - main - INFO - Starting /home/lpicard/DGINN/lib/Init.py (v1.0)
2020-01-23 18:47:02,327 - main - INFO - Reading input file /home/lpicard/2019_validation/20191211/21genes_GBP5_CCDS_results_201912111827/GBP5_sequences_filtered_longestORFs_duplication_remainingsequences_prank.best.fas
2020-01-23 18:47:02,327 - main - INFO - Output directory: /home/lpicard/2019_validation/20191211/21genes_GBP5_CCDS_results_201912111827/GBP5_sequences_filtered_longestORFs_duplication_remainingsequences_prank_results_202001231847/
2020-01-23 18:47:02,327 - main - INFO - Analysis will begin at the positiveSelection step
2020-01-23 18:47:02,327 - main - WARNING - queryName is not provided, coverage check will not run.
2020-01-23 18:47:02,328 - main.positiveSelection - INFO - Starting positive selection analyses.
2020-01-23 18:47:02,328 - main.positiveSelection - INFO - Alignement file: /home/lpicard/2019_validation/20191211/21genes_GBP5_CCDS_results_201912111827/GBP5_sequences_filtered_longestORFs_duplication_remainingsequences_prank.best.fas
2020-01-23 18:47:02,328 - main.positiveSelection - INFO - Gene Tree file: /home/lpicard/2019_validation/20191211/21genes_GBP5_CCDS_results_201912111827/GBP5_sequences_filtered_longestORFs_duplication_remainingsequences_prank.phylip_phyml_tree.txt
2020-01-23 18:47:02,330 - main.positiveSelection - INFO - Location of entry files: /home/lpicard/2019_validation/20191211/21genes_GBP5_CCDS_results_201912111827/GBP5_sequences_filtered_longestORFs_duplication_remainingsequences_prank_results_202001231847/positive_selection_results_202001231847/
2020-01-23 18:47:02,331 - main.positiveSelection - INFO - Alignement: /home/lpicard/2019_validation/20191211/21genes_GBP5_CCDS_results_201912111827/GBP5_sequences_filtered_longestORFs_duplication_remainingsequences_prank.best.fas
2020-01-23 18:47:02,331 - main.positiveSelection - INFO - Alignement is in Fasta format.
2020-01-23 18:47:02,331 - main.positiveSelection - INFO - Tree: /home/lpicard/2019_validation/20191211/21genes_GBP5_CCDS_results_201912111827/GBP5_sequences_filtered_longestORFs_duplication_remainingsequences_prank.phylip_phyml_tree.txt
2020-01-23 18:47:02,331 - main.positiveSelection - INFO - There are 44 nodes in the provided tree.
2020-01-23 18:47:02,331 - main.positiveSelection - INFO - POSITIVE SELECTION ANALYSIS: 
2020-01-23 18:47:02,331 - main.positiveSelection - INFO - Analysis to be run:
2020-01-23 18:47:02,331 - main.positiveSelection - INFO - Site (Optimization)
2020-01-23 18:47:02,332 - main.positiveSelection - INFO - Site (Results)
2020-01-23 18:47:02,332 - main.positiveSelection - INFO - Site (codeml)
2020-01-23 18:47:02,332 - main.positiveSelection - INFO - Whole-Gene
2020-01-23 18:47:02,332 - main.positiveSelection - INFO - Branch-site
2020-01-23 18:47:02,332 - main.positiveSelection - INFO - Whole Gene (BUSTED, HYPHY)
2020-01-23 18:47:02,342 - main.positiveSelection - INFO - Batch file: /home/lpicard/2019_validation/20191211/21genes_GBP5_CCDS_results_201912111827/GBP5_sequences_filtered_longestORFs_duplication_remainingsequences_prank_results_202001231847/positive_selection_results_202001231847/busted/GBP5_sequences_filtered_longestORFs_duplication_remainingsequences_prank_busted.bf
2020-01-23 18:54:59,326 - main.positiveSelection - INFO - PAML codeml
2020-01-23 18:54:59,327 - main.positiveSelection - INFO - Running M0
2020-01-23 19:01:37,271 - main.positiveSelection - INFO - Running M1
2020-01-23 19:11:52,723 - main.positiveSelection - INFO - Running M2
2020-01-23 19:42:50,831 - main.positiveSelection - INFO - Running M7
2020-01-23 20:35:32,218 - main.positiveSelection - INFO - Running M8
2020-01-23 22:00:09,263 - main.positiveSelection - INFO - LRT of M1 vs M2 = 9.378816271288677e-06
2020-01-23 22:00:09,263 - main.positiveSelection - INFO - LRT of M7 vs M8 = 3.978061172295578e-06
2020-01-23 22:00:09,263 - main.positiveSelection - INFO - /home/lpicard
2020-01-23 22:00:09,263 - main.positiveSelection - INFO - Bio++ Site Analysis
2020-01-23 22:00:09,264 - main.positiveSelection - INFO - Models to be run: M0, M1, M2, M7, M8
2020-01-23 22:00:09,264 - main.positiveSelection - INFO - Bppml parameter file: /home/lpicard/2019_validation/20191211/21genes_GBP5_CCDS_results_201912111827/bppml_params.bpp
2020-01-23 22:00:09,264 - main.positiveSelection - INFO - Bppmixedlikelihood parameter file: /home/lpicard/2019_validation/20191211/21genes_GBP5_CCDS_results_201912111827/mixedlikelihood_params.bpp
2020-01-23 22:00:09,264 - main.positiveSelection - INFO - There are 44 nodes in the provided tree.
2020-01-23 22:00:09,362 - main.positiveSelection - INFO - Running M0 optimization
2020-01-23 22:02:26,739 - main.positiveSelection - INFO - Log Likelihood = -6179.09146460248
2020-01-23 22:02:26,740 - main.positiveSelection - INFO - Optimization for model M1 uses optimized parameters from model M0
2020-01-23 22:02:26,742 - main.positiveSelection - INFO - Running M1 optimization
2020-01-23 22:07:50,659 - main.positiveSelection - INFO - Log Likelihood = -6138.601438238374
2020-01-23 22:07:50,659 - main.positiveSelection - INFO - Optimization for model M2 uses optimized parameters from model M1
2020-01-23 22:07:50,660 - main.positiveSelection - INFO - Optimization for model M2 uses optimized parameters from model M0
2020-01-23 22:07:50,661 - main.positiveSelection - INFO - Running M2 optimization
2020-01-23 22:26:52,279 - main.positiveSelection - INFO - Log Likelihood = -6131.366011480094
2020-01-23 22:26:52,280 - main.positiveSelection - INFO - Optimization for model M7 uses optimized parameters from model M2
2020-01-23 22:26:52,281 - main.positiveSelection - INFO - Optimization for model M7 uses optimized parameters from model M1
2020-01-23 22:26:52,282 - main.positiveSelection - INFO - Optimization for model M7 uses optimized parameters from model M0
2020-01-23 22:26:52,283 - main.positiveSelection - INFO - Running M7 optimization
2020-01-23 23:22:52,000 - main.positiveSelection - INFO - Log Likelihood = -6139.827722706847
2020-01-23 23:22:52,000 - main.positiveSelection - INFO - Optimization for model M8 uses optimized parameters from model M7
2020-01-23 23:22:52,002 - main.positiveSelection - INFO - Optimization for model M8 uses optimized parameters from model M2
2020-01-23 23:22:52,003 - main.positiveSelection - INFO - Optimization for model M8 uses optimized parameters from model M1
2020-01-23 23:22:52,004 - main.positiveSelection - INFO - Optimization for model M8 uses optimized parameters from model M0
2020-01-23 23:22:52,005 - main.positiveSelection - INFO - Running M8 optimization
2020-01-24 00:17:30,412 - main.positiveSelection - INFO - Log Likelihood = -6131.775638987077
2020-01-24 00:17:30,414 - main.positiveSelection - INFO - LRT of M1 vs M2: 0.0007205997127477902
2020-01-24 00:17:30,414 - main.positiveSelection - INFO - LRT of M7 vs M8: 0.0003184376957681674
2020-01-24 00:17:30,414 - main.positiveSelection - INFO - M0 is not a mixed model, skipping.
2020-01-24 00:17:30,415 - main.positiveSelection - INFO - Running mixed likelihoods with model M1
2020-01-24 00:17:30,740 - main.positiveSelection - INFO - Running mixed likelihoods with model M2
2020-01-24 00:17:30,769 - main.positiveSelection - INFO - Running mixed likelihoods with model M7
2020-01-24 00:17:30,797 - main.positiveSelection - INFO - Running mixed likelihoods with model M8
2020-01-24 00:17:30,826 - main.positiveSelection - INFO - Episodic selection (MEME, HYPHY)
2020-01-24 00:17:30,878 - main.positiveSelection - INFO - MEME batch file: /home/lpicard/2019_validation/20191211/21genes_GBP5_CCDS_results_201912111827/GBP5_sequences_filtered_longestORFs_duplication_remainingsequences_prank_results_202001231847/positive_selection_results_202001231847/meme/GBP5_sequences_filtered_longestORFs_duplication_remainingsequences_prank_meme.bf
2020-01-24 01:30:08,233 - main.positiveSelection - INFO - End analysis
2020-01-24 01:30:08,233 - main.positiveSelection - INFO -  Ouput in file /home/lpicard/2019_validation/20191211/21genes_GBP5_CCDS_results_201912111827/GBP5_sequences_filtered_longestORFs_duplication_remainingsequences_prank_results_202001231847/files_list.txt
2020-01-24 01:30:08,234 - main.positiveSelection - INFO - Finished positive selection analyses.
