2020-01-23 18:49:32,645 - main - INFO - Starting /home/lpicard/DGINN/lib/Init.py (v1.0)
2020-01-23 18:49:32,645 - main - INFO - Reading input file /home/lpicard/2019_validation/20191211/21genes_HERC5_CCDS_results_201912111833/HERC5_sequences_filtered_longestORFs_D300gp2_prank.best.fas
2020-01-23 18:49:32,646 - main - INFO - Output directory: /home/lpicard/2019_validation/20191211/21genes_HERC5_CCDS_results_201912111833/HERC5_sequences_filtered_longestORFs_D300gp2_prank_results_202001231849/
2020-01-23 18:49:32,646 - main - INFO - Analysis will begin at the positiveSelection step
2020-01-23 18:49:32,646 - main - WARNING - queryName is not provided, coverage check will not run.
2020-01-23 18:49:32,646 - main.positiveSelection - INFO - Starting positive selection analyses.
2020-01-23 18:49:32,646 - main.positiveSelection - INFO - Alignement file: /home/lpicard/2019_validation/20191211/21genes_HERC5_CCDS_results_201912111833/HERC5_sequences_filtered_longestORFs_D300gp2_prank.best.fas
2020-01-23 18:49:32,646 - main.positiveSelection - INFO - Gene Tree file: /home/lpicard/2019_validation/20191211/21genes_HERC5_CCDS_results_201912111833/HERC5_sequences_filtered_longestORFs_D300gp2_prank.phylip_phyml_tree.txt
2020-01-23 18:49:32,650 - main.positiveSelection - INFO - Location of entry files: /home/lpicard/2019_validation/20191211/21genes_HERC5_CCDS_results_201912111833/HERC5_sequences_filtered_longestORFs_D300gp2_prank_results_202001231849/positive_selection_results_202001231849/
2020-01-23 18:49:32,650 - main.positiveSelection - INFO - Alignement: /home/lpicard/2019_validation/20191211/21genes_HERC5_CCDS_results_201912111833/HERC5_sequences_filtered_longestORFs_D300gp2_prank.best.fas
2020-01-23 18:49:32,650 - main.positiveSelection - INFO - Alignement is in Fasta format.
2020-01-23 18:49:32,650 - main.positiveSelection - INFO - Tree: /home/lpicard/2019_validation/20191211/21genes_HERC5_CCDS_results_201912111833/HERC5_sequences_filtered_longestORFs_D300gp2_prank.phylip_phyml_tree.txt
2020-01-23 18:49:32,651 - main.positiveSelection - INFO - There are 60 nodes in the provided tree.
2020-01-23 18:49:32,651 - main.positiveSelection - INFO - POSITIVE SELECTION ANALYSIS: 
2020-01-23 18:49:32,651 - main.positiveSelection - INFO - Analysis to be run:
2020-01-23 18:49:32,651 - main.positiveSelection - INFO - Site (Optimization)
2020-01-23 18:49:32,651 - main.positiveSelection - INFO - Site (Results)
2020-01-23 18:49:32,651 - main.positiveSelection - INFO - Site (codeml)
2020-01-23 18:49:32,652 - main.positiveSelection - INFO - Whole-Gene
2020-01-23 18:49:32,652 - main.positiveSelection - INFO - Branch-site
2020-01-23 18:49:32,652 - main.positiveSelection - INFO - Whole Gene (BUSTED, HYPHY)
2020-01-23 18:49:32,668 - main.positiveSelection - INFO - Batch file: /home/lpicard/2019_validation/20191211/21genes_HERC5_CCDS_results_201912111833/HERC5_sequences_filtered_longestORFs_D300gp2_prank_results_202001231849/positive_selection_results_202001231849/busted/HERC5_sequences_filtered_longestORFs_D300gp2_prank_busted.bf
2020-01-23 18:56:35,389 - main.positiveSelection - INFO - PAML codeml
2020-01-23 18:56:35,390 - main.positiveSelection - INFO - Running M0
2020-01-23 19:21:58,032 - main.positiveSelection - INFO - Running M1
2020-01-23 19:55:55,142 - main.positiveSelection - INFO - Running M2
2020-01-23 21:05:52,085 - main.positiveSelection - INFO - Running M7
2020-01-23 23:40:48,587 - main.positiveSelection - INFO - Running M8
2020-01-24 03:08:13,668 - main.positiveSelection - INFO - LRT of M1 vs M2 = 0.008665600988972386
2020-01-24 03:08:13,669 - main.positiveSelection - INFO - LRT of M7 vs M8 = 0.004968392161326575
2020-01-24 03:08:13,669 - main.positiveSelection - INFO - /home/lpicard
2020-01-24 03:08:13,670 - main.positiveSelection - INFO - Bio++ Site Analysis
2020-01-24 03:08:13,670 - main.positiveSelection - INFO - Models to be run: M0, M1, M2, M7, M8
2020-01-24 03:08:13,670 - main.positiveSelection - INFO - Bppml parameter file: /home/lpicard/2019_validation/20191211/21genes_HERC5_CCDS_results_201912111833/bppml_params.bpp
2020-01-24 03:08:13,670 - main.positiveSelection - INFO - Bppmixedlikelihood parameter file: /home/lpicard/2019_validation/20191211/21genes_HERC5_CCDS_results_201912111833/mixedlikelihood_params.bpp
2020-01-24 03:08:13,671 - main.positiveSelection - INFO - There are 60 nodes in the provided tree.
2020-01-24 03:08:13,774 - main.positiveSelection - INFO - Running M0 optimization
2020-01-24 03:11:19,170 - main.positiveSelection - INFO - Log Likelihood = -10479.356340110284
2020-01-24 03:11:19,171 - main.positiveSelection - INFO - Optimization for model M1 uses optimized parameters from model M0
2020-01-24 03:11:19,174 - main.positiveSelection - INFO - Running M1 optimization
2020-01-24 03:20:10,593 - main.positiveSelection - INFO - Log Likelihood = -10433.561366806813
2020-01-24 03:20:10,594 - main.positiveSelection - INFO - Optimization for model M2 uses optimized parameters from model M1
2020-01-24 03:20:10,596 - main.positiveSelection - INFO - Optimization for model M2 uses optimized parameters from model M0
2020-01-24 03:20:10,598 - main.positiveSelection - INFO - Running M2 optimization
2020-01-24 04:53:22,367 - main.positiveSelection - INFO - Log Likelihood = -10430.057661643348
2020-01-24 04:53:22,368 - main.positiveSelection - INFO - Optimization for model M7 uses optimized parameters from model M2
2020-01-24 04:53:22,369 - main.positiveSelection - INFO - Optimization for model M7 uses optimized parameters from model M1
2020-01-24 04:53:22,370 - main.positiveSelection - INFO - Optimization for model M7 uses optimized parameters from model M0
2020-01-24 04:53:22,371 - main.positiveSelection - INFO - Running M7 optimization
2020-01-24 06:22:34,513 - main.positiveSelection - INFO - Log Likelihood = -10434.327455600178
2020-01-24 06:22:34,514 - main.positiveSelection - INFO - Optimization for model M8 uses optimized parameters from model M7
2020-01-24 06:22:34,515 - main.positiveSelection - INFO - Optimization for model M8 uses optimized parameters from model M2
2020-01-24 06:22:34,516 - main.positiveSelection - INFO - Optimization for model M8 uses optimized parameters from model M1
2020-01-24 06:22:34,517 - main.positiveSelection - INFO - Optimization for model M8 uses optimized parameters from model M0
2020-01-24 06:22:34,518 - main.positiveSelection - INFO - Running M8 optimization
2020-01-24 08:02:02,346 - main.positiveSelection - INFO - Log Likelihood = -10430.373000430865
2020-01-24 08:02:02,348 - main.positiveSelection - INFO - LRT of M1 vs M2: 0.030085704203183846
2020-01-24 08:02:02,348 - main.positiveSelection - INFO - LRT of M7 vs M8: 0.019169109624251696
2020-01-24 08:02:02,348 - main.positiveSelection - INFO - M0 is not a mixed model, skipping.
2020-01-24 08:02:02,348 - main.positiveSelection - INFO - Running mixed likelihoods with model M1
2020-01-24 08:02:02,464 - main.positiveSelection - INFO - Running mixed likelihoods with model M2
2020-01-24 08:02:02,515 - main.positiveSelection - INFO - Running mixed likelihoods with model M7
2020-01-24 08:02:02,566 - main.positiveSelection - INFO - Running mixed likelihoods with model M8
2020-01-24 08:02:02,614 - main.positiveSelection - INFO - Episodic selection (MEME, HYPHY)
2020-01-24 08:02:02,678 - main.positiveSelection - INFO - MEME batch file: /home/lpicard/2019_validation/20191211/21genes_HERC5_CCDS_results_201912111833/HERC5_sequences_filtered_longestORFs_D300gp2_prank_results_202001231849/positive_selection_results_202001231849/meme/HERC5_sequences_filtered_longestORFs_D300gp2_prank_meme.bf
2020-01-24 10:26:12,078 - main.positiveSelection - INFO - End analysis
2020-01-24 10:26:12,079 - main.positiveSelection - INFO -  Ouput in file /home/lpicard/2019_validation/20191211/21genes_HERC5_CCDS_results_201912111833/HERC5_sequences_filtered_longestORFs_D300gp2_prank_results_202001231849/files_list.txt
2020-01-24 10:26:12,079 - main.positiveSelection - INFO - Finished positive selection analyses.
