2019-12-11 18:45:28,587 - main - INFO - Starting /home/lpicard/DGINN/lib/Init.py (v1.0)
2019-12-11 18:45:28,587 - main - INFO - Reading input file /home/lpicard/2019_validation/21genes_IFI16_CCDS.fasta
2019-12-11 18:45:28,587 - main - INFO - Output directory: /home/lpicard/2019_validation/21genes_IFI16_CCDS_results_201912111845/
2019-12-11 18:45:28,587 - main - INFO - Analysis will begin at the blast step
2019-12-11 18:45:28,615 - main - INFO - Running Blast
2019-12-11 18:45:28,615 - main - INFO - Database search on nr will be limited to Primates[Organism]
2019-12-11 19:51:16,653 - main - INFO - Blast results written to: /home/lpicard/2019_validation/21genes_IFI16_CCDS_results_201912111845/21genes_IFI16_CCDS_blastres.tsv, 237 sequences retrieved.
2019-12-11 19:51:16,707 - main - INFO - Extracted gene accessions from blast results
2019-12-11 19:51:16,708 - main - INFO - Wrote all accessions to /home/lpicard/2019_validation/21genes_IFI16_CCDS_results_201912111845/IFI16_accns.txt
2019-12-11 19:51:22,774 - main - INFO - Remote option on, downloaded gene IDs and sequences from NCBI databases (27 different species represented in the retrieved sequences).
2019-12-11 19:51:22,775 - main - INFO - Deleted 1 sequences due to excessive length.
2019-12-11 19:51:22,988 - main - INFO - Deleted 57 sequences as duplicates
2019-12-11 19:51:22,991 - main - INFO - Extracted longest ORFs: /home/lpicard/2019_validation/21genes_IFI16_CCDS_results_201912111845/IFI16_sequences_filtered_longestORFs.fasta
2019-12-11 19:51:22,992 - main - INFO - Started Prank codon alignment
2019-12-11 22:25:02,306 - main - INFO - Finished Prank codon alignment: /home/lpicard/2019_validation/21genes_IFI16_CCDS_results_201912111845/IFI16_sequences_filtered_longestORFs_prank.best.fas
2019-12-11 22:25:02,467 - main - INFO - Discarding sequences with less than 50% coverage of query.
2019-12-11 22:25:02,511 - main - INFO - Discarded 71 sequences
2019-12-11 22:25:02,512 - main - INFO - Started Prank codon alignment
2019-12-11 23:24:24,431 - main - INFO - Finished Prank codon alignment: /home/lpicard/2019_validation/21genes_IFI16_CCDS_results_201912111845/IFI16_sequences_filtered_longestORFs_prank_mincov_prank.best.fas
2019-12-11 23:24:24,562 - main - INFO - Running PhyML to produce gene phylogenetic tree
2019-12-11 23:29:09,501 - main - INFO - Reconstructed tree using PhyML: /home/lpicard/2019_validation/21genes_IFI16_CCDS_results_201912111845/IFI16_sequences_filtered_longestORFs_prank_mincov_prank.phylip_phyml_tree.txt
2019-12-11 23:29:09,528 - main - INFO - Looking for long branches.
2019-12-11 23:29:09,534 - main - INFO - No long branches found.
2019-12-11 23:29:09,634 - main - INFO - Cleaning the tree
2019-12-11 23:29:09,634 - main - INFO - Running Treerecs
2019-12-11 23:29:11,073 - main - INFO - Ignoring remaining sequences [] as they do not compose a group of enough orthologs.
2019-12-11 23:29:11,074 - main - INFO - 46 duplications detected by Treerecs, extracting 2 groups of at least 8 orthologs.
2019-12-11 23:29:11,074 - main - INFO - Started Prank codon alignment
2019-12-12 00:23:16,972 - main - INFO - Finished Prank codon alignment: /home/lpicard/2019_validation/21genes_IFI16_CCDS_results_201912111845/IFI16_sequences_filtered_longestORFs_D390gp1_prank.best.fas
2019-12-12 00:24:40,835 - main - INFO - Started Prank codon alignment
2019-12-12 00:27:04,433 - main - INFO - Finished Prank codon alignment: /home/lpicard/2019_validation/21genes_IFI16_CCDS_results_201912111845/IFI16_sequences_filtered_longestORFs_D390gp2_prank.best.fas
2019-12-12 00:27:13,236 - main - INFO - Running GARD on /home/lpicard/2019_validation/21genes_IFI16_CCDS_results_201912111845/IFI16_sequences_filtered_longestORFs_prank_mincov_prank.best.fas
2019-12-12 00:27:46,721 - main - INFO - Checked for recombination using HYPHY GARD.
2019-12-12 00:29:24,219 - main - INFO - Extracted GARD results.
2019-12-12 00:29:24,220 - main - INFO - There are no significant breakpoints in alignement /home/lpicard/2019_validation/21genes_IFI16_CCDS_results_201912111845/IFI16_sequences_filtered_longestORFs_prank_mincov_prank.best.fas.
2019-12-12 00:29:24,220 - main - INFO - Parsed GARD results.
2019-12-12 00:29:24,220 - main - INFO - No fragments of recombination identified.
2019-12-12 00:29:24,220 - main - INFO - Running GARD on /home/lpicard/2019_validation/21genes_IFI16_CCDS_results_201912111845/IFI16_sequences_filtered_longestORFs_D390gp1_prank.best.fas
2019-12-12 00:29:41,826 - main - INFO - Checked for recombination using HYPHY GARD.
2019-12-12 00:30:03,542 - main - INFO - Extracted GARD results.
2019-12-12 00:30:03,543 - main - INFO - There are no significant breakpoints in alignement /home/lpicard/2019_validation/21genes_IFI16_CCDS_results_201912111845/IFI16_sequences_filtered_longestORFs_D390gp1_prank.best.fas.
2019-12-12 00:30:03,543 - main - INFO - Parsed GARD results.
2019-12-12 00:30:03,543 - main - INFO - No fragments of recombination identified.
2019-12-12 00:30:03,543 - main - INFO - Running GARD on /home/lpicard/2019_validation/21genes_IFI16_CCDS_results_201912111845/IFI16_sequences_filtered_longestORFs_D390gp2_prank.best.fas
2019-12-12 00:30:41,920 - main - INFO - Checked for recombination using HYPHY GARD.
2019-12-12 00:30:44,634 - main - INFO - Extracted GARD results.
2019-12-12 00:30:44,634 - main - INFO - There are no significant breakpoints in alignement /home/lpicard/2019_validation/21genes_IFI16_CCDS_results_201912111845/IFI16_sequences_filtered_longestORFs_D390gp2_prank.best.fas.
2019-12-12 00:30:44,635 - main - INFO - Parsed GARD results.
2019-12-12 00:30:44,635 - main - INFO - No fragments of recombination identified.
