2019-12-11 18:55:28,889 - main - INFO - Starting /home/lpicard/DGINN/lib/Init.py (v1.0)
2019-12-11 18:55:28,889 - main - INFO - Reading input file /home/lpicard/2019_validation/21genes_MX1_CCDS.fasta
2019-12-11 18:55:28,889 - main - INFO - Output directory: /home/lpicard/2019_validation/21genes_MX1_CCDS_results_201912111855/
2019-12-11 18:55:28,889 - main - INFO - Analysis will begin at the blast step
2019-12-11 18:55:28,907 - main - INFO - Running Blast
2019-12-11 18:55:28,907 - main - INFO - Database search on nr will be limited to Primates[Organism]
2019-12-11 19:03:16,894 - main - INFO - Blast results written to: /home/lpicard/2019_validation/21genes_MX1_CCDS_results_201912111855/21genes_MX1_CCDS_blastres.tsv, 246 sequences retrieved.
2019-12-11 19:03:16,896 - main - INFO - Extracted gene accessions from blast results
2019-12-11 19:03:16,897 - main - INFO - Wrote all accessions to /home/lpicard/2019_validation/21genes_MX1_CCDS_results_201912111855/MX1_accns.txt
2019-12-11 19:03:23,661 - main - INFO - Remote option on, downloaded gene IDs and sequences from NCBI databases (48 different species represented in the retrieved sequences).
2019-12-11 19:03:23,661 - main - INFO - Deleted 0 sequences due to excessive length.
2019-12-11 19:03:23,894 - main - INFO - Deleted 110 sequences as duplicates
2019-12-11 19:03:23,898 - main - INFO - Extracted longest ORFs: /home/lpicard/2019_validation/21genes_MX1_CCDS_results_201912111855/MX1_sequences_filtered_longestORFs.fasta
2019-12-11 19:03:23,898 - main - INFO - Started Prank codon alignment
2019-12-11 19:52:50,803 - main - INFO - Finished Prank codon alignment: /home/lpicard/2019_validation/21genes_MX1_CCDS_results_201912111855/MX1_sequences_filtered_longestORFs_prank.best.fas
2019-12-11 19:52:50,880 - main - INFO - Discarding sequences with less than 50% coverage of query.
2019-12-11 19:52:50,939 - main - INFO - Discarded 1 sequences
2019-12-11 19:52:50,939 - main - INFO - Started Prank codon alignment
2019-12-11 20:36:05,774 - main - INFO - Finished Prank codon alignment: /home/lpicard/2019_validation/21genes_MX1_CCDS_results_201912111855/MX1_sequences_filtered_longestORFs_prank_mincov_prank.best.fas
2019-12-11 20:36:05,890 - main - INFO - Running PhyML to produce gene phylogenetic tree
2019-12-11 20:43:20,528 - main - INFO - Reconstructed tree using PhyML: /home/lpicard/2019_validation/21genes_MX1_CCDS_results_201912111855/MX1_sequences_filtered_longestORFs_prank_mincov_prank.phylip_phyml_tree.txt
2019-12-11 20:43:20,549 - main - INFO - Looking for long branches.
2019-12-11 20:43:20,562 - main - INFO - 1 long branches found, separating alignments.
2019-12-11 20:43:20,631 - main - INFO - Reconstructing alignments and phylogenies following long branch parsing.
2019-12-11 20:43:20,631 - main - INFO - Started Prank codon alignment
2019-12-11 20:57:28,539 - main - INFO - Finished Prank codon alignment: /home/lpicard/2019_validation/21genes_MX1_CCDS_results_201912111855/MX1_sequences_filtered_longestORFs_prank_mincov_prank_part1_prank.best.fas
2019-12-11 20:59:09,828 - main - INFO - Reconstructing alignments and phylogenies following long branch parsing.
2019-12-11 20:59:09,828 - main - INFO - Started Prank codon alignment
2019-12-11 21:19:43,097 - main - INFO - Finished Prank codon alignment: /home/lpicard/2019_validation/21genes_MX1_CCDS_results_201912111855/MX1_sequences_filtered_longestORFs_prank_mincov_prank_part2_prank.best.fas
2019-12-11 21:20:44,920 - main - INFO - Cleaning the tree
2019-12-11 21:20:44,920 - main - INFO - Running Treerecs
2019-12-11 21:20:45,847 - main - INFO - 25 duplications detected by Treerecs, extracting 0 groups of at least 8 orthologs.
2019-12-11 21:20:45,908 - main - INFO - Cleaning the tree
2019-12-11 21:20:45,909 - main - INFO - Running Treerecs
2019-12-11 21:20:46,720 - main - INFO - 27 duplications detected by Treerecs, extracting 0 groups of at least 8 orthologs.
2019-12-11 21:20:46,720 - main - INFO - Running GARD on /home/lpicard/2019_validation/21genes_MX1_CCDS_results_201912111855/MX1_sequences_filtered_longestORFs_prank_mincov_prank_part1_prank.best.fas
2019-12-11 21:25:40,183 - main - INFO - Checked for recombination using HYPHY GARD.
2019-12-11 21:25:56,882 - main - INFO - Extracted GARD results.
2019-12-11 21:25:56,883 - main - INFO - There are no significant breakpoints in alignement /home/lpicard/2019_validation/21genes_MX1_CCDS_results_201912111855/MX1_sequences_filtered_longestORFs_prank_mincov_prank_part1_prank.best.fas.
2019-12-11 21:25:56,883 - main - INFO - Parsed GARD results.
2019-12-11 21:25:56,883 - main - INFO - No fragments of recombination identified.
2019-12-11 21:25:56,883 - main - INFO - Running GARD on /home/lpicard/2019_validation/21genes_MX1_CCDS_results_201912111855/MX1_sequences_filtered_longestORFs_prank_mincov_prank_part2_prank.best.fas
2019-12-11 21:29:50,039 - main - INFO - Checked for recombination using HYPHY GARD.
2019-12-11 21:30:10,309 - main - INFO - Extracted GARD results.
2019-12-11 21:30:10,310 - main - INFO - There are no significant breakpoints in alignement /home/lpicard/2019_validation/21genes_MX1_CCDS_results_201912111855/MX1_sequences_filtered_longestORFs_prank_mincov_prank_part2_prank.best.fas.
2019-12-11 21:30:10,310 - main - INFO - Parsed GARD results.
2019-12-11 21:30:10,310 - main - INFO - No fragments of recombination identified.
