2019-12-11 18:39:26,595 - main - INFO - Starting /home/lpicard/DGINN/lib/Init.py (v1.0)
2019-12-11 18:39:26,595 - main - INFO - Reading input file /home/lpicard/2019_validation/21genes_NT5C3A_CCDS.fasta
2019-12-11 18:39:26,595 - main - INFO - Output directory: /home/lpicard/2019_validation/21genes_NT5C3A_CCDS_results_201912111839/
2019-12-11 18:39:26,595 - main - INFO - Analysis will begin at the blast step
2019-12-11 18:39:26,628 - main - INFO - Running Blast
2019-12-11 18:39:26,628 - main - INFO - Database search on nr will be limited to Primates[Organism]
2019-12-11 18:45:15,149 - main - INFO - Blast results written to: /home/lpicard/2019_validation/21genes_NT5C3A_CCDS_results_201912111839/21genes_NT5C3A_CCDS_blastres.tsv, 146 sequences retrieved.
2019-12-11 18:45:15,165 - main - INFO - Extracted gene accessions from blast results
2019-12-11 18:45:15,166 - main - INFO - Wrote all accessions to /home/lpicard/2019_validation/21genes_NT5C3A_CCDS_results_201912111839/NT5C3A_accns.txt
2019-12-11 18:45:20,303 - main - INFO - Remote option on, downloaded gene IDs and sequences from NCBI databases (26 different species represented in the retrieved sequences).
2019-12-11 18:45:20,304 - main - INFO - Deleted 4 sequences due to excessive length.
2019-12-11 18:45:20,485 - main - INFO - Deleted 45 sequences as duplicates
2019-12-11 18:45:20,487 - main - INFO - Extracted longest ORFs: /home/lpicard/2019_validation/21genes_NT5C3A_CCDS_results_201912111839/NT5C3A_sequences_filtered_longestORFs.fasta
2019-12-11 18:45:20,487 - main - INFO - Started Prank codon alignment
2019-12-11 19:07:55,761 - main - INFO - Finished Prank codon alignment: /home/lpicard/2019_validation/21genes_NT5C3A_CCDS_results_201912111839/NT5C3A_sequences_filtered_longestORFs_prank.best.fas
2019-12-11 19:07:55,873 - main - INFO - Discarding sequences with less than 50% coverage of query.
2019-12-11 19:07:55,893 - main - INFO - Discarded 3 sequences
2019-12-11 19:07:55,893 - main - INFO - Started Prank codon alignment
2019-12-11 19:26:25,612 - main - INFO - Finished Prank codon alignment: /home/lpicard/2019_validation/21genes_NT5C3A_CCDS_results_201912111839/NT5C3A_sequences_filtered_longestORFs_prank_mincov_prank.best.fas
2019-12-11 19:26:25,689 - main - INFO - Running PhyML to produce gene phylogenetic tree
2019-12-11 19:26:49,959 - main - INFO - Reconstructed tree using PhyML: /home/lpicard/2019_validation/21genes_NT5C3A_CCDS_results_201912111839/NT5C3A_sequences_filtered_longestORFs_prank_mincov_prank.phylip_phyml_tree.txt
2019-12-11 19:26:49,960 - main - INFO - Looking for long branches.
2019-12-11 19:26:49,965 - main - INFO - No long branches found.
2019-12-11 19:26:50,046 - main - INFO - Cleaning the tree
2019-12-11 19:26:50,047 - main - INFO - Running Treerecs
2019-12-11 19:26:50,731 - main - INFO - 49 duplications detected by Treerecs, extracting 0 groups of at least 8 orthologs.
2019-12-11 19:26:50,731 - main - INFO - Running GARD on /home/lpicard/2019_validation/21genes_NT5C3A_CCDS_results_201912111839/NT5C3A_sequences_filtered_longestORFs_prank_mincov_prank.best.fas
2019-12-11 19:33:03,260 - main - INFO - Checked for recombination using HYPHY GARD.
2019-12-11 19:33:14,925 - main - INFO - Extracted GARD results.
2019-12-11 19:33:14,925 - main - INFO - There are no significant breakpoints in alignement /home/lpicard/2019_validation/21genes_NT5C3A_CCDS_results_201912111839/NT5C3A_sequences_filtered_longestORFs_prank_mincov_prank.best.fas.
2019-12-11 19:33:14,925 - main - INFO - Parsed GARD results.
2019-12-11 19:33:14,925 - main - INFO - No fragments of recombination identified.
