2019-12-11 18:41:29,500 - main - INFO - Starting /home/lpicard/DGINN/lib/Init.py (v1.0)
2019-12-11 18:41:29,501 - main - INFO - Reading input file /home/lpicard/2019_validation/21genes_RSAD2_CCDS.fasta
2019-12-11 18:41:29,501 - main - INFO - Output directory: /home/lpicard/2019_validation/21genes_RSAD2_CCDS_results_201912111841/
2019-12-11 18:41:29,501 - main - INFO - Analysis will begin at the blast step
2019-12-11 18:41:29,531 - main - INFO - Running Blast
2019-12-11 18:41:29,531 - main - INFO - Database search on nr will be limited to Primates[Organism]
2019-12-11 19:45:17,743 - main - INFO - Blast results written to: /home/lpicard/2019_validation/21genes_RSAD2_CCDS_results_201912111841/21genes_RSAD2_CCDS_blastres.tsv, 65 sequences retrieved.
2019-12-11 19:45:17,816 - main - INFO - Extracted gene accessions from blast results
2019-12-11 19:45:17,816 - main - INFO - Wrote all accessions to /home/lpicard/2019_validation/21genes_RSAD2_CCDS_results_201912111841/RSAD2_accns.txt
2019-12-11 19:45:20,347 - main - INFO - Remote option on, downloaded gene IDs and sequences from NCBI databases (40 different species represented in the retrieved sequences).
2019-12-11 19:45:20,347 - main - INFO - Deleted 0 sequences due to excessive length.
2019-12-11 19:45:20,435 - main - INFO - Deleted 5 sequences as duplicates
2019-12-11 19:45:20,437 - main - INFO - Extracted longest ORFs: /home/lpicard/2019_validation/21genes_RSAD2_CCDS_results_201912111841/RSAD2_sequences_filtered_longestORFs.fasta
2019-12-11 19:45:20,437 - main - INFO - Started Prank codon alignment
2019-12-11 19:50:47,735 - main - INFO - Finished Prank codon alignment: /home/lpicard/2019_validation/21genes_RSAD2_CCDS_results_201912111841/RSAD2_sequences_filtered_longestORFs_prank.best.fas
2019-12-11 19:50:47,840 - main - INFO - Discarding sequences with less than 50% coverage of query.
2019-12-11 19:50:47,846 - main - INFO - Discarded 0 sequences
2019-12-11 19:50:47,846 - main - INFO - Running PhyML to produce gene phylogenetic tree
2019-12-11 19:51:27,909 - main - INFO - Reconstructed tree using PhyML: /home/lpicard/2019_validation/21genes_RSAD2_CCDS_results_201912111841/RSAD2_sequences_filtered_longestORFs_prank.phylip_phyml_tree.txt
2019-12-11 19:51:27,910 - main - INFO - Looking for long branches.
2019-12-11 19:51:27,914 - main - INFO - No long branches found.
2019-12-11 19:51:27,956 - main - INFO - Cleaning the tree
2019-12-11 19:51:27,956 - main - INFO - Running Treerecs
2019-12-11 19:51:28,760 - main - INFO - 18 duplications detected by Treerecs, extracting 0 groups of at least 8 orthologs.
2019-12-11 19:51:28,760 - main - INFO - Running GARD on /home/lpicard/2019_validation/21genes_RSAD2_CCDS_results_201912111841/RSAD2_sequences_filtered_longestORFs_prank.best.fas
2019-12-11 19:52:52,782 - main - INFO - Checked for recombination using HYPHY GARD.
2019-12-11 19:53:00,325 - main - INFO - Extracted GARD results.
2019-12-11 19:53:00,326 - main - INFO - There are no significant breakpoints in alignement /home/lpicard/2019_validation/21genes_RSAD2_CCDS_results_201912111841/RSAD2_sequences_filtered_longestORFs_prank.best.fas.
2019-12-11 19:53:00,326 - main - INFO - Parsed GARD results.
2019-12-11 19:53:00,326 - main - INFO - No fragments of recombination identified.
