2019-12-11 19:01:26,651 - main - INFO - Starting /home/lpicard/DGINN/lib/Init.py (v1.0)
2019-12-11 19:01:26,651 - main - INFO - Reading input file /home/lpicard/2019_validation/21genes_SAMHD1_CCDS.fasta
2019-12-11 19:01:26,651 - main - INFO - Output directory: /home/lpicard/2019_validation/21genes_SAMHD1_CCDS_results_201912111901/
2019-12-11 19:01:26,651 - main - INFO - Analysis will begin at the blast step
2019-12-11 19:01:26,689 - main - INFO - Running Blast
2019-12-11 19:01:26,689 - main - INFO - Database search on nr will be limited to Primates[Organism]
2019-12-11 19:05:19,174 - main - INFO - Blast results written to: /home/lpicard/2019_validation/21genes_SAMHD1_CCDS_results_201912111901/21genes_SAMHD1_CCDS_blastres.tsv, 105 sequences retrieved.
2019-12-11 19:05:19,195 - main - INFO - Extracted gene accessions from blast results
2019-12-11 19:05:19,195 - main - INFO - Wrote all accessions to /home/lpicard/2019_validation/21genes_SAMHD1_CCDS_results_201912111901/SAMHD1_accns.txt
2019-12-11 19:05:22,779 - main - INFO - Remote option on, downloaded gene IDs and sequences from NCBI databases (57 different species represented in the retrieved sequences).
2019-12-11 19:05:22,779 - main - INFO - Deleted 0 sequences due to excessive length.
2019-12-11 19:05:22,976 - main - INFO - Deleted 9 sequences as duplicates
2019-12-11 19:05:22,978 - main - INFO - Extracted longest ORFs: /home/lpicard/2019_validation/21genes_SAMHD1_CCDS_results_201912111901/SAMHD1_sequences_filtered_longestORFs.fasta
2019-12-11 19:05:22,979 - main - INFO - Started Prank codon alignment
2019-12-11 19:24:33,870 - main - INFO - Finished Prank codon alignment: /home/lpicard/2019_validation/21genes_SAMHD1_CCDS_results_201912111901/SAMHD1_sequences_filtered_longestORFs_prank.best.fas
2019-12-11 19:24:33,976 - main - INFO - Discarding sequences with less than 50% coverage of query.
2019-12-11 19:24:34,009 - main - INFO - Discarded 1 sequences
2019-12-11 19:24:34,010 - main - INFO - Started Prank codon alignment
2019-12-11 19:45:17,759 - main - INFO - Finished Prank codon alignment: /home/lpicard/2019_validation/21genes_SAMHD1_CCDS_results_201912111901/SAMHD1_sequences_filtered_longestORFs_prank_mincov_prank.best.fas
2019-12-11 19:45:17,849 - main - INFO - Running PhyML to produce gene phylogenetic tree
2019-12-11 19:47:00,494 - main - INFO - Reconstructed tree using PhyML: /home/lpicard/2019_validation/21genes_SAMHD1_CCDS_results_201912111901/SAMHD1_sequences_filtered_longestORFs_prank_mincov_prank.phylip_phyml_tree.txt
2019-12-11 19:47:00,494 - main - INFO - Looking for long branches.
2019-12-11 19:47:00,500 - main - INFO - No long branches found.
2019-12-11 19:47:00,602 - main - INFO - Cleaning the tree
2019-12-11 19:47:00,602 - main - INFO - Running Treerecs
2019-12-11 19:47:01,888 - main - INFO - 35 duplications detected by Treerecs, extracting 0 groups of at least 8 orthologs.
2019-12-11 19:47:01,888 - main - INFO - Running GARD on /home/lpicard/2019_validation/21genes_SAMHD1_CCDS_results_201912111901/SAMHD1_sequences_filtered_longestORFs_prank_mincov_prank.best.fas
2019-12-11 19:52:44,588 - main - INFO - Checked for recombination using HYPHY GARD.
2019-12-11 19:53:10,305 - main - INFO - Extracted GARD results.
2019-12-11 19:53:10,306 - main - INFO - There are no significant breakpoints in alignement /home/lpicard/2019_validation/21genes_SAMHD1_CCDS_results_201912111901/SAMHD1_sequences_filtered_longestORFs_prank_mincov_prank.best.fas.
2019-12-11 19:53:10,306 - main - INFO - Parsed GARD results.
2019-12-11 19:53:10,306 - main - INFO - No fragments of recombination identified.
