2019-12-11 18:35:26,926 - main - INFO - Starting /home/lpicard/DGINN/lib/Init.py (v1.0)
2019-12-11 18:35:26,926 - main - INFO - Reading input file /home/lpicard/2019_validation/21genes_SERINC3_CCDS.fasta
2019-12-11 18:35:26,927 - main - INFO - Output directory: /home/lpicard/2019_validation/21genes_SERINC3_CCDS_results_201912111835/
2019-12-11 18:35:26,927 - main - INFO - Analysis will begin at the blast step
2019-12-11 18:35:26,960 - main - INFO - Running Blast
2019-12-11 18:35:26,960 - main - INFO - Database search on nr will be limited to Primates[Organism]
2019-12-11 19:37:14,859 - main - INFO - Blast results written to: /home/lpicard/2019_validation/21genes_SERINC3_CCDS_results_201912111835/21genes_SERINC3_CCDS_blastres.tsv, 60 sequences retrieved.
2019-12-11 19:37:14,869 - main - INFO - Extracted gene accessions from blast results
2019-12-11 19:37:14,870 - main - INFO - Wrote all accessions to /home/lpicard/2019_validation/21genes_SERINC3_CCDS_results_201912111835/SERINC3_accns.txt
2019-12-11 19:37:18,383 - main - INFO - Remote option on, downloaded gene IDs and sequences from NCBI databases (26 different species represented in the retrieved sequences).
2019-12-11 19:37:18,384 - main - INFO - Deleted 0 sequences due to excessive length.
2019-12-11 19:37:18,537 - main - INFO - Deleted 18 sequences as duplicates
2019-12-11 19:37:18,539 - main - INFO - Extracted longest ORFs: /home/lpicard/2019_validation/21genes_SERINC3_CCDS_results_201912111835/SERINC3_sequences_filtered_longestORFs.fasta
2019-12-11 19:37:18,539 - main - INFO - Started Prank codon alignment
2019-12-11 19:45:51,580 - main - INFO - Finished Prank codon alignment: /home/lpicard/2019_validation/21genes_SERINC3_CCDS_results_201912111835/SERINC3_sequences_filtered_longestORFs_prank.best.fas
2019-12-11 19:45:51,629 - main - INFO - Discarding sequences with less than 50% coverage of query.
2019-12-11 19:45:51,635 - main - INFO - Discarded 2 sequences
2019-12-11 19:45:51,635 - main - INFO - Started Prank codon alignment
2019-12-11 19:55:33,884 - main - INFO - Finished Prank codon alignment: /home/lpicard/2019_validation/21genes_SERINC3_CCDS_results_201912111835/SERINC3_sequences_filtered_longestORFs_prank_mincov_prank.best.fas
2019-12-11 19:55:33,972 - main - INFO - Running PhyML to produce gene phylogenetic tree
2019-12-11 19:55:55,953 - main - INFO - Reconstructed tree using PhyML: /home/lpicard/2019_validation/21genes_SERINC3_CCDS_results_201912111835/SERINC3_sequences_filtered_longestORFs_prank_mincov_prank.phylip_phyml_tree.txt
2019-12-11 19:55:55,953 - main - INFO - Looking for long branches.
2019-12-11 19:55:55,956 - main - INFO - No long branches found.
2019-12-11 19:55:55,996 - main - INFO - Cleaning the tree
2019-12-11 19:55:55,996 - main - INFO - Running Treerecs
2019-12-11 19:55:56,587 - main - INFO - 14 duplications detected by Treerecs, extracting 0 groups of at least 8 orthologs.
2019-12-11 19:55:56,587 - main - INFO - Running GARD on /home/lpicard/2019_validation/21genes_SERINC3_CCDS_results_201912111835/SERINC3_sequences_filtered_longestORFs_prank_mincov_prank.best.fas
2019-12-11 19:57:04,724 - main - INFO - Checked for recombination using HYPHY GARD.
2019-12-11 19:57:12,477 - main - INFO - Extracted GARD results.
2019-12-11 19:57:12,477 - main - INFO - There are no significant breakpoints in alignement /home/lpicard/2019_validation/21genes_SERINC3_CCDS_results_201912111835/SERINC3_sequences_filtered_longestORFs_prank_mincov_prank.best.fas.
2019-12-11 19:57:12,478 - main - INFO - Parsed GARD results.
2019-12-11 19:57:12,478 - main - INFO - No fragments of recombination identified.
