2020-01-23 18:26:35,949 - main - INFO - Starting /home/lpicard/DGINN/lib/Init.py (v1.0)
2020-01-23 18:26:35,949 - main - INFO - Reading input file /home/lpicard/2019_validation/20191211/21genes_SERINC3_CCDS_results_201912111835/SERINC3_sequences_filtered_longestORFs_prank_mincov_prank.best.fas
2020-01-23 18:26:35,949 - main - INFO - Output directory: /home/lpicard/2019_validation/20191211/21genes_SERINC3_CCDS_results_201912111835/SERINC3_sequences_filtered_longestORFs_prank_mincov_prank_results_202001231826/
2020-01-23 18:26:35,949 - main - INFO - Analysis will begin at the positiveSelection step
2020-01-23 18:26:35,949 - main - WARNING - queryName is not provided, coverage check will not run.
2020-01-23 18:26:35,950 - main.positiveSelection - INFO - Starting positive selection analyses.
2020-01-23 18:26:35,950 - main.positiveSelection - INFO - Alignement file: /home/lpicard/2019_validation/20191211/21genes_SERINC3_CCDS_results_201912111835/SERINC3_sequences_filtered_longestORFs_prank_mincov_prank.best.fas
2020-01-23 18:26:35,950 - main.positiveSelection - INFO - Gene Tree file: /home/lpicard/2019_validation/20191211/21genes_SERINC3_CCDS_results_201912111835/SERINC3_sequences_filtered_longestORFs_prank_mincov_prank.phylip_phyml_tree.txt
2020-01-23 18:26:35,952 - main.positiveSelection - INFO - Location of entry files: /home/lpicard/2019_validation/20191211/21genes_SERINC3_CCDS_results_201912111835/SERINC3_sequences_filtered_longestORFs_prank_mincov_prank_results_202001231826/positive_selection_results_202001231826/
2020-01-23 18:26:35,952 - main.positiveSelection - INFO - Alignement: /home/lpicard/2019_validation/20191211/21genes_SERINC3_CCDS_results_201912111835/SERINC3_sequences_filtered_longestORFs_prank_mincov_prank.best.fas
2020-01-23 18:26:35,953 - main.positiveSelection - INFO - Alignement is in Fasta format.
2020-01-23 18:26:35,953 - main.positiveSelection - INFO - Tree: /home/lpicard/2019_validation/20191211/21genes_SERINC3_CCDS_results_201912111835/SERINC3_sequences_filtered_longestORFs_prank_mincov_prank.phylip_phyml_tree.txt
2020-01-23 18:26:35,953 - main.positiveSelection - INFO - There are 66 nodes in the provided tree.
2020-01-23 18:26:35,953 - main.positiveSelection - INFO - POSITIVE SELECTION ANALYSIS: 
2020-01-23 18:26:35,953 - main.positiveSelection - INFO - Analysis to be run:
2020-01-23 18:26:35,953 - main.positiveSelection - INFO - Site (Optimization)
2020-01-23 18:26:35,954 - main.positiveSelection - INFO - Site (Results)
2020-01-23 18:26:35,954 - main.positiveSelection - INFO - Site (codeml)
2020-01-23 18:26:35,954 - main.positiveSelection - INFO - Whole-Gene
2020-01-23 18:26:35,954 - main.positiveSelection - INFO - Branch-site
2020-01-23 18:26:35,954 - main.positiveSelection - INFO - Whole Gene (BUSTED, HYPHY)
2020-01-23 18:26:35,973 - main.positiveSelection - INFO - Batch file: /home/lpicard/2019_validation/20191211/21genes_SERINC3_CCDS_results_201912111835/SERINC3_sequences_filtered_longestORFs_prank_mincov_prank_results_202001231826/positive_selection_results_202001231826/busted/SERINC3_sequences_filtered_longestORFs_prank_mincov_prank_busted.bf
2020-01-23 18:32:33,707 - main.positiveSelection - INFO - PAML codeml
2020-01-23 18:32:33,708 - main.positiveSelection - INFO - Running M0
2020-01-23 18:50:28,821 - main.positiveSelection - INFO - Running M1
2020-01-23 19:19:07,924 - main.positiveSelection - INFO - Running M2
2020-01-23 20:28:19,888 - main.positiveSelection - INFO - Running M7
2020-01-23 22:32:16,352 - main.positiveSelection - INFO - Running M8
2020-01-24 01:52:21,291 - main.positiveSelection - INFO - LRT of M1 vs M2 = 0.0438838898524925
2020-01-24 01:52:21,291 - main.positiveSelection - INFO - LRT of M7 vs M8 = 0.004908396347471403
2020-01-24 01:52:21,292 - main.positiveSelection - INFO - /home/lpicard
2020-01-24 01:52:21,292 - main.positiveSelection - INFO - Bio++ Site Analysis
2020-01-24 01:52:21,292 - main.positiveSelection - INFO - Models to be run: M0, M1, M2, M7, M8
2020-01-24 01:52:21,292 - main.positiveSelection - INFO - Bppml parameter file: /home/lpicard/2019_validation/20191211/21genes_SERINC3_CCDS_results_201912111835/bppml_params.bpp
2020-01-24 01:52:21,292 - main.positiveSelection - INFO - Bppmixedlikelihood parameter file: /home/lpicard/2019_validation/20191211/21genes_SERINC3_CCDS_results_201912111835/mixedlikelihood_params.bpp
2020-01-24 01:52:21,292 - main.positiveSelection - INFO - There are 66 nodes in the provided tree.
2020-01-24 01:52:21,391 - main.positiveSelection - INFO - Running M0 optimization
2020-01-24 01:55:34,951 - main.positiveSelection - INFO - Log Likelihood = -4812.821799356306
2020-01-24 01:55:34,951 - main.positiveSelection - INFO - Optimization for model M1 uses optimized parameters from model M0
2020-01-24 01:55:34,953 - main.positiveSelection - INFO - Running M1 optimization
2020-01-24 02:02:19,720 - main.positiveSelection - INFO - Log Likelihood = -4751.866114271665
2020-01-24 02:02:19,721 - main.positiveSelection - INFO - Optimization for model M2 uses optimized parameters from model M1
2020-01-24 02:02:19,722 - main.positiveSelection - INFO - Optimization for model M2 uses optimized parameters from model M0
2020-01-24 02:02:19,723 - main.positiveSelection - INFO - Running M2 optimization
2020-01-24 02:52:31,117 - main.positiveSelection - INFO - Log Likelihood = -4749.227161314866
2020-01-24 02:52:31,118 - main.positiveSelection - INFO - Optimization for model M7 uses optimized parameters from model M2
2020-01-24 02:52:31,120 - main.positiveSelection - INFO - Optimization for model M7 uses optimized parameters from model M1
2020-01-24 02:52:31,120 - main.positiveSelection - INFO - Optimization for model M7 uses optimized parameters from model M0
2020-01-24 02:52:31,121 - main.positiveSelection - INFO - Running M7 optimization
2020-01-24 03:05:15,011 - main.positiveSelection - INFO - Log Likelihood = -4755.821383086706
2020-01-24 03:05:15,011 - main.positiveSelection - INFO - Optimization for model M8 uses optimized parameters from model M7
2020-01-24 03:05:15,013 - main.positiveSelection - INFO - Optimization for model M8 uses optimized parameters from model M2
2020-01-24 03:05:15,013 - main.positiveSelection - INFO - Optimization for model M8 uses optimized parameters from model M1
2020-01-24 03:05:15,014 - main.positiveSelection - INFO - Optimization for model M8 uses optimized parameters from model M0
2020-01-24 03:05:15,015 - main.positiveSelection - INFO - Running M8 optimization
2020-01-24 05:22:35,524 - main.positiveSelection - INFO - Log Likelihood = -4749.687575912025
2020-01-24 05:22:35,525 - main.positiveSelection - INFO - LRT of M1 vs M2: 0.07143602701882965
2020-01-24 05:22:35,525 - main.positiveSelection - INFO - LRT of M7 vs M8: 0.002168310091102501
2020-01-24 05:22:35,525 - main.positiveSelection - INFO - M0 is not a mixed model, skipping.
2020-01-24 05:22:35,525 - main.positiveSelection - INFO - Running mixed likelihoods with model M1
2020-01-24 05:22:35,607 - main.positiveSelection - INFO - Running mixed likelihoods with model M2
2020-01-24 05:22:35,638 - main.positiveSelection - INFO - Running mixed likelihoods with model M7
2020-01-24 05:22:35,668 - main.positiveSelection - INFO - Running mixed likelihoods with model M8
2020-01-24 05:22:35,699 - main.positiveSelection - INFO - Episodic selection (MEME, HYPHY)
2020-01-24 05:22:35,768 - main.positiveSelection - INFO - MEME batch file: /home/lpicard/2019_validation/20191211/21genes_SERINC3_CCDS_results_201912111835/SERINC3_sequences_filtered_longestORFs_prank_mincov_prank_results_202001231826/positive_selection_results_202001231826/meme/SERINC3_sequences_filtered_longestORFs_prank_mincov_prank_meme.bf
2020-01-24 06:21:51,038 - main.positiveSelection - INFO - End analysis
2020-01-24 06:21:51,038 - main.positiveSelection - INFO -  Ouput in file /home/lpicard/2019_validation/20191211/21genes_SERINC3_CCDS_results_201912111835/SERINC3_sequences_filtered_longestORFs_prank_mincov_prank_results_202001231826/files_list.txt
2020-01-24 06:21:51,038 - main.positiveSelection - INFO - Finished positive selection analyses.
