2019-12-11 18:57:26,329 - main - INFO - Starting /home/lpicard/DGINN/lib/Init.py (v1.0)
2019-12-11 18:57:26,329 - main - INFO - Reading input file /home/lpicard/2019_validation/21genes_SHH_CCDS.fasta
2019-12-11 18:57:26,329 - main - INFO - Output directory: /home/lpicard/2019_validation/21genes_SHH_CCDS_results_201912111857/
2019-12-11 18:57:26,330 - main - INFO - Analysis will begin at the blast step
2019-12-11 18:57:26,358 - main - INFO - Running Blast
2019-12-11 18:57:26,358 - main - INFO - Database search on nr will be limited to Primates[Organism]
2019-12-11 20:11:13,593 - main - INFO - Blast results written to: /home/lpicard/2019_validation/21genes_SHH_CCDS_results_201912111857/21genes_SHH_CCDS_blastres.tsv, 77 sequences retrieved.
2019-12-11 20:11:13,609 - main - INFO - Extracted gene accessions from blast results
2019-12-11 20:11:13,609 - main - INFO - Wrote all accessions to /home/lpicard/2019_validation/21genes_SHH_CCDS_results_201912111857/SHH_accns.txt
2019-12-11 20:11:16,696 - main - INFO - Remote option on, downloaded gene IDs and sequences from NCBI databases (39 different species represented in the retrieved sequences).
2019-12-11 20:11:16,696 - main - INFO - Deleted 6 sequences due to excessive length.
2019-12-11 20:11:16,797 - main - INFO - Deleted 3 sequences as duplicates
2019-12-11 20:11:16,798 - main - INFO - Extracted longest ORFs: /home/lpicard/2019_validation/21genes_SHH_CCDS_results_201912111857/SHH_sequences_filtered_longestORFs.fasta
2019-12-11 20:11:16,799 - main - INFO - Started Prank codon alignment
2019-12-11 20:27:54,165 - main - INFO - Finished Prank codon alignment: /home/lpicard/2019_validation/21genes_SHH_CCDS_results_201912111857/SHH_sequences_filtered_longestORFs_prank.best.fas
2019-12-11 20:27:54,261 - main - INFO - Discarding sequences with less than 50% coverage of query.
2019-12-11 20:27:54,279 - main - INFO - Discarded 9 sequences
2019-12-11 20:27:54,279 - main - INFO - Started Prank codon alignment
2019-12-11 20:38:48,664 - main - INFO - Finished Prank codon alignment: /home/lpicard/2019_validation/21genes_SHH_CCDS_results_201912111857/SHH_sequences_filtered_longestORFs_prank_mincov_prank.best.fas
2019-12-11 20:38:48,731 - main - INFO - Running PhyML to produce gene phylogenetic tree
2019-12-11 20:39:52,060 - main - INFO - Reconstructed tree using PhyML: /home/lpicard/2019_validation/21genes_SHH_CCDS_results_201912111857/SHH_sequences_filtered_longestORFs_prank_mincov_prank.phylip_phyml_tree.txt
2019-12-11 20:39:52,061 - main - INFO - Looking for long branches.
2019-12-11 20:39:52,064 - main - INFO - 1 long branches found, separating alignments.
2019-12-11 20:39:52,109 - main - INFO - Reconstructing alignments and phylogenies following long branch parsing.
2019-12-11 20:39:52,110 - main - INFO - Started Prank codon alignment
2019-12-11 20:45:39,225 - main - INFO - Finished Prank codon alignment: /home/lpicard/2019_validation/21genes_SHH_CCDS_results_201912111857/SHH_sequences_filtered_longestORFs_prank_mincov_prank_part1_prank.best.fas
2019-12-11 20:45:46,340 - main - INFO - Reconstructing alignments and phylogenies following long branch parsing.
2019-12-11 20:45:46,341 - main - INFO - Started Prank codon alignment
2019-12-11 20:50:07,922 - main - INFO - Finished Prank codon alignment: /home/lpicard/2019_validation/21genes_SHH_CCDS_results_201912111857/SHH_sequences_filtered_longestORFs_prank_mincov_prank_part2_prank.best.fas
2019-12-11 20:50:23,014 - main - INFO - Cleaning the tree
2019-12-11 20:50:23,014 - main - INFO - Running Treerecs
2019-12-11 20:50:23,506 - main - INFO - 3 duplications detected by Treerecs, extracting 0 groups of at least 8 orthologs.
2019-12-11 20:50:23,524 - main - INFO - Cleaning the tree
2019-12-11 20:50:23,524 - main - INFO - Running Treerecs
2019-12-11 20:50:23,735 - main - INFO - 2 duplications detected by Treerecs, extracting 0 groups of at least 8 orthologs.
2019-12-11 20:50:23,735 - main - INFO - Running GARD on /home/lpicard/2019_validation/21genes_SHH_CCDS_results_201912111857/SHH_sequences_filtered_longestORFs_prank_mincov_prank_part1_prank.best.fas
2019-12-11 20:50:51,795 - main - INFO - Checked for recombination using HYPHY GARD.
2019-12-11 20:50:57,887 - main - INFO - Extracted GARD results.
2019-12-11 20:50:57,888 - main - INFO - There are no significant breakpoints in alignement /home/lpicard/2019_validation/21genes_SHH_CCDS_results_201912111857/SHH_sequences_filtered_longestORFs_prank_mincov_prank_part1_prank.best.fas.
2019-12-11 20:50:57,888 - main - INFO - Parsed GARD results.
2019-12-11 20:50:57,888 - main - INFO - No fragments of recombination identified.
2019-12-11 20:50:57,888 - main - INFO - Running GARD on /home/lpicard/2019_validation/21genes_SHH_CCDS_results_201912111857/SHH_sequences_filtered_longestORFs_prank_mincov_prank_part2_prank.best.fas
2019-12-11 20:52:04,473 - main - INFO - Checked for recombination using HYPHY GARD.
2019-12-11 20:52:10,255 - main - INFO - Extracted GARD results.
2019-12-11 20:52:10,256 - main - INFO - There are no significant breakpoints in alignement /home/lpicard/2019_validation/21genes_SHH_CCDS_results_201912111857/SHH_sequences_filtered_longestORFs_prank_mincov_prank_part2_prank.best.fas.
2019-12-11 20:52:10,256 - main - INFO - Parsed GARD results.
2019-12-11 20:52:10,256 - main - INFO - No fragments of recombination identified.
