2020-01-23 18:48:33,038 - main - INFO - Starting /home/lpicard/DGINN/lib/Init.py (v1.0)
2020-01-23 18:48:33,040 - main - INFO - Reading input file /home/lpicard/2019_validation/20191211/21genes_SHH_CCDS_results_201912111857/SHH_sequences_filtered_longestORFs_prank_mincov_prank_part2_prank.best.fas
2020-01-23 18:48:33,040 - main - INFO - Output directory: /home/lpicard/2019_validation/20191211/21genes_SHH_CCDS_results_201912111857/SHH_sequences_filtered_longestORFs_prank_mincov_prank_part2_prank_results_202001231848/
2020-01-23 18:48:33,040 - main - INFO - Analysis will begin at the positiveSelection step
2020-01-23 18:48:33,040 - main - WARNING - queryName is not provided, coverage check will not run.
2020-01-23 18:48:33,040 - main.positiveSelection - INFO - Starting positive selection analyses.
2020-01-23 18:48:33,040 - main.positiveSelection - INFO - Alignement file: /home/lpicard/2019_validation/20191211/21genes_SHH_CCDS_results_201912111857/SHH_sequences_filtered_longestORFs_prank_mincov_prank_part2_prank.best.fas
2020-01-23 18:48:33,041 - main.positiveSelection - INFO - Gene Tree file: /home/lpicard/2019_validation/20191211/21genes_SHH_CCDS_results_201912111857/SHH_sequences_filtered_longestORFs_prank_mincov_prank_part2_prank.phylip_phyml_tree.txt
2020-01-23 18:48:33,044 - main.positiveSelection - INFO - Location of entry files: /home/lpicard/2019_validation/20191211/21genes_SHH_CCDS_results_201912111857/SHH_sequences_filtered_longestORFs_prank_mincov_prank_part2_prank_results_202001231848/positive_selection_results_202001231848/
2020-01-23 18:48:33,044 - main.positiveSelection - INFO - Alignement: /home/lpicard/2019_validation/20191211/21genes_SHH_CCDS_results_201912111857/SHH_sequences_filtered_longestORFs_prank_mincov_prank_part2_prank.best.fas
2020-01-23 18:48:33,044 - main.positiveSelection - INFO - Alignement is in Fasta format.
2020-01-23 18:48:33,044 - main.positiveSelection - INFO - Tree: /home/lpicard/2019_validation/20191211/21genes_SHH_CCDS_results_201912111857/SHH_sequences_filtered_longestORFs_prank_mincov_prank_part2_prank.phylip_phyml_tree.txt
2020-01-23 18:48:33,045 - main.positiveSelection - INFO - There are 40 nodes in the provided tree.
2020-01-23 18:48:33,045 - main.positiveSelection - INFO - POSITIVE SELECTION ANALYSIS: 
2020-01-23 18:48:33,045 - main.positiveSelection - INFO - Analysis to be run:
2020-01-23 18:48:33,045 - main.positiveSelection - INFO - Site (Optimization)
2020-01-23 18:48:33,045 - main.positiveSelection - INFO - Site (Results)
2020-01-23 18:48:33,045 - main.positiveSelection - INFO - Site (codeml)
2020-01-23 18:48:33,046 - main.positiveSelection - INFO - Whole-Gene
2020-01-23 18:48:33,046 - main.positiveSelection - INFO - Branch-site
2020-01-23 18:48:33,046 - main.positiveSelection - INFO - Whole Gene (BUSTED, HYPHY)
2020-01-23 18:48:33,061 - main.positiveSelection - INFO - Batch file: /home/lpicard/2019_validation/20191211/21genes_SHH_CCDS_results_201912111857/SHH_sequences_filtered_longestORFs_prank_mincov_prank_part2_prank_results_202001231848/positive_selection_results_202001231848/busted/SHH_sequences_filtered_longestORFs_prank_mincov_prank_part2_prank_busted.bf
2020-01-23 18:53:19,442 - main.positiveSelection - INFO - PAML codeml
2020-01-23 18:53:19,443 - main.positiveSelection - INFO - Running M0
2020-01-23 18:59:29,477 - main.positiveSelection - INFO - Running M1
2020-01-23 19:11:00,575 - main.positiveSelection - INFO - Running M2
2020-01-23 19:55:49,173 - main.positiveSelection - INFO - Running M7
2020-01-23 20:31:02,507 - main.positiveSelection - INFO - Running M8
2020-01-23 23:11:33,758 - main.positiveSelection - INFO - LRT of M1 vs M2 = 9.238926053826358e-07
2020-01-23 23:11:33,759 - main.positiveSelection - INFO - LRT of M7 vs M8 = 1.3323184910854232e-07
2020-01-23 23:11:33,759 - main.positiveSelection - INFO - /home/lpicard
2020-01-23 23:11:33,759 - main.positiveSelection - INFO - Bio++ Site Analysis
2020-01-23 23:11:33,760 - main.positiveSelection - INFO - Models to be run: M0, M1, M2, M7, M8
2020-01-23 23:11:33,760 - main.positiveSelection - INFO - Bppml parameter file: /home/lpicard/2019_validation/20191211/21genes_SHH_CCDS_results_201912111857/bppml_params.bpp
2020-01-23 23:11:33,760 - main.positiveSelection - INFO - Bppmixedlikelihood parameter file: /home/lpicard/2019_validation/20191211/21genes_SHH_CCDS_results_201912111857/mixedlikelihood_params.bpp
2020-01-23 23:11:33,761 - main.positiveSelection - INFO - There are 40 nodes in the provided tree.
2020-01-23 23:11:33,852 - main.positiveSelection - INFO - Running M0 optimization
2020-01-23 23:16:16,638 - main.positiveSelection - INFO - Log Likelihood = -3608.002816450875
2020-01-23 23:16:16,640 - main.positiveSelection - INFO - Optimization for model M1 uses optimized parameters from model M0
2020-01-23 23:16:16,641 - main.positiveSelection - INFO - Running M1 optimization
2020-01-23 23:19:48,679 - main.positiveSelection - INFO - Log Likelihood = -3576.790944053429
2020-01-23 23:19:48,680 - main.positiveSelection - INFO - Optimization for model M2 uses optimized parameters from model M1
2020-01-23 23:19:48,682 - main.positiveSelection - INFO - Optimization for model M2 uses optimized parameters from model M0
2020-01-23 23:19:48,683 - main.positiveSelection - INFO - Running M2 optimization
2020-01-23 23:29:41,482 - main.positiveSelection - INFO - Log Likelihood = -3576.790944044441
2020-01-23 23:29:41,483 - main.positiveSelection - INFO - Optimization for model M7 uses optimized parameters from model M2
2020-01-23 23:29:41,484 - main.positiveSelection - INFO - Optimization for model M7 uses optimized parameters from model M1
2020-01-23 23:29:41,485 - main.positiveSelection - INFO - Optimization for model M7 uses optimized parameters from model M0
2020-01-23 23:29:41,486 - main.positiveSelection - INFO - Running M7 optimization
2020-01-23 23:32:38,461 - main.positiveSelection - INFO - Log Likelihood = -3580.0700606933447
2020-01-23 23:32:38,462 - main.positiveSelection - INFO - Optimization for model M8 uses optimized parameters from model M7
2020-01-23 23:32:38,463 - main.positiveSelection - INFO - Optimization for model M8 uses optimized parameters from model M2
2020-01-23 23:32:38,464 - main.positiveSelection - INFO - Optimization for model M8 uses optimized parameters from model M1
2020-01-23 23:32:38,465 - main.positiveSelection - INFO - Optimization for model M8 uses optimized parameters from model M0
2020-01-23 23:32:38,467 - main.positiveSelection - INFO - Running M8 optimization
2020-01-24 00:27:01,134 - main.positiveSelection - INFO - Log Likelihood = -3575.889571856758
2020-01-24 00:27:01,136 - main.positiveSelection - INFO - LRT of M1 vs M2: 0.9999999910119186
2020-01-24 00:27:01,137 - main.positiveSelection - INFO - LRT of M7 vs M8: 0.015291030924079876
2020-01-24 00:27:01,137 - main.positiveSelection - INFO - M0 is not a mixed model, skipping.
2020-01-24 00:27:01,137 - main.positiveSelection - INFO - Running mixed likelihoods with model M1
2020-01-24 00:27:01,232 - main.positiveSelection - INFO - Running mixed likelihoods with model M2
2020-01-24 00:27:01,270 - main.positiveSelection - INFO - Running mixed likelihoods with model M7
2020-01-24 00:27:01,308 - main.positiveSelection - INFO - Running mixed likelihoods with model M8
2020-01-24 00:27:01,348 - main.positiveSelection - INFO - Episodic selection (MEME, HYPHY)
2020-01-24 00:27:01,399 - main.positiveSelection - INFO - MEME batch file: /home/lpicard/2019_validation/20191211/21genes_SHH_CCDS_results_201912111857/SHH_sequences_filtered_longestORFs_prank_mincov_prank_part2_prank_results_202001231848/positive_selection_results_202001231848/meme/SHH_sequences_filtered_longestORFs_prank_mincov_prank_part2_prank_meme.bf
2020-01-24 01:01:23,928 - main.positiveSelection - INFO - End analysis
2020-01-24 01:01:23,929 - main.positiveSelection - INFO -  Ouput in file /home/lpicard/2019_validation/20191211/21genes_SHH_CCDS_results_201912111857/SHH_sequences_filtered_longestORFs_prank_mincov_prank_part2_prank_results_202001231848/files_list.txt
2020-01-24 01:01:23,929 - main.positiveSelection - INFO - Finished positive selection analyses.
