2019-12-11 18:29:29,222 - main - INFO - Starting /home/lpicard/DGINN/lib/Init.py (v1.0)
2019-12-11 18:29:29,223 - main - INFO - Reading input file /home/lpicard/2019_validation/21genes_TREX1_CCDS.fasta
2019-12-11 18:29:29,223 - main - INFO - Output directory: /home/lpicard/2019_validation/21genes_TREX1_CCDS_results_201912111829/
2019-12-11 18:29:29,223 - main - INFO - Analysis will begin at the blast step
2019-12-11 18:29:29,254 - main - INFO - Running Blast
2019-12-11 18:29:29,254 - main - INFO - Database search on nr will be limited to Primates[Organism]
2019-12-11 18:30:02,912 - main - INFO - Blast results written to: /home/lpicard/2019_validation/21genes_TREX1_CCDS_results_201912111829/21genes_TREX1_CCDS_blastres.tsv, 72 sequences retrieved.
2019-12-11 18:30:02,913 - main - INFO - Extracted gene accessions from blast results
2019-12-11 18:30:02,920 - main - INFO - Wrote all accessions to /home/lpicard/2019_validation/21genes_TREX1_CCDS_results_201912111829/TREX1_accns.txt
2019-12-11 18:30:06,564 - main - INFO - Remote option on, downloaded gene IDs and sequences from NCBI databases (25 different species represented in the retrieved sequences).
2019-12-11 18:30:06,565 - main - INFO - Deleted 8 sequences due to excessive length.
2019-12-11 18:30:06,855 - main - INFO - Deleted 4 sequences as duplicates
2019-12-11 18:30:06,857 - main - INFO - Extracted longest ORFs: /home/lpicard/2019_validation/21genes_TREX1_CCDS_results_201912111829/TREX1_sequences_filtered_longestORFs.fasta
2019-12-11 18:30:06,857 - main - INFO - Started Prank codon alignment
2019-12-11 18:52:22,208 - main - INFO - Finished Prank codon alignment: /home/lpicard/2019_validation/21genes_TREX1_CCDS_results_201912111829/TREX1_sequences_filtered_longestORFs_prank.best.fas
2019-12-11 18:52:22,311 - main - INFO - Discarding sequences with less than 50% coverage of query.
2019-12-11 18:52:22,335 - main - INFO - Discarded 1 sequences
2019-12-11 18:52:22,336 - main - INFO - Started Prank codon alignment
2019-12-11 19:14:54,991 - main - INFO - Finished Prank codon alignment: /home/lpicard/2019_validation/21genes_TREX1_CCDS_results_201912111829/TREX1_sequences_filtered_longestORFs_prank_mincov_prank.best.fas
2019-12-11 19:14:55,091 - main - INFO - Running PhyML to produce gene phylogenetic tree
2019-12-11 19:15:48,061 - main - INFO - Reconstructed tree using PhyML: /home/lpicard/2019_validation/21genes_TREX1_CCDS_results_201912111829/TREX1_sequences_filtered_longestORFs_prank_mincov_prank.phylip_phyml_tree.txt
2019-12-11 19:15:48,061 - main - INFO - Looking for long branches.
2019-12-11 19:15:48,065 - main - INFO - 1 long branches found, separating alignments.
2019-12-11 19:15:48,137 - main - INFO - Reconstructing alignments and phylogenies following long branch parsing.
2019-12-11 19:15:48,137 - main - INFO - Started Prank codon alignment
2019-12-11 19:22:22,492 - main - INFO - Finished Prank codon alignment: /home/lpicard/2019_validation/21genes_TREX1_CCDS_results_201912111829/TREX1_sequences_filtered_longestORFs_prank_mincov_prank_part1_prank.best.fas
2019-12-11 19:22:38,221 - main - INFO - Reconstructing alignments and phylogenies following long branch parsing.
2019-12-11 19:22:38,221 - main - INFO - Started Prank codon alignment
2019-12-11 19:29:10,796 - main - INFO - Finished Prank codon alignment: /home/lpicard/2019_validation/21genes_TREX1_CCDS_results_201912111829/TREX1_sequences_filtered_longestORFs_prank_mincov_prank_part2_prank.best.fas
2019-12-11 19:29:13,084 - main - INFO - Cleaning the tree
2019-12-11 19:29:13,084 - main - INFO - Running Treerecs
2019-12-11 19:29:13,579 - main - INFO - 13 duplications detected by Treerecs, extracting 0 groups of at least 8 orthologs.
2019-12-11 19:29:13,592 - main - INFO - Cleaning the tree
2019-12-11 19:29:13,592 - main - INFO - Running Treerecs
2019-12-11 19:29:13,653 - main - INFO - 9 duplications detected by Treerecs, extracting 0 groups of at least 8 orthologs.
2019-12-11 19:29:13,653 - main - INFO - Running GARD on /home/lpicard/2019_validation/21genes_TREX1_CCDS_results_201912111829/TREX1_sequences_filtered_longestORFs_prank_mincov_prank_part1_prank.best.fas
2019-12-11 19:30:17,415 - main - INFO - Checked for recombination using HYPHY GARD.
2019-12-11 19:30:21,754 - main - INFO - Extracted GARD results.
2019-12-11 19:30:21,755 - main - INFO - There are no significant breakpoints in alignement /home/lpicard/2019_validation/21genes_TREX1_CCDS_results_201912111829/TREX1_sequences_filtered_longestORFs_prank_mincov_prank_part1_prank.best.fas.
2019-12-11 19:30:21,755 - main - INFO - Parsed GARD results.
2019-12-11 19:30:21,755 - main - INFO - No fragments of recombination identified.
2019-12-11 19:30:21,755 - main - INFO - Running GARD on /home/lpicard/2019_validation/21genes_TREX1_CCDS_results_201912111829/TREX1_sequences_filtered_longestORFs_prank_mincov_prank_part2_prank.best.fas
2019-12-11 19:30:32,712 - main - INFO - Checked for recombination using HYPHY GARD.
2019-12-11 19:30:33,669 - main - INFO - Extracted GARD results.
2019-12-11 19:30:33,669 - main - INFO - There are no significant breakpoints in alignement /home/lpicard/2019_validation/21genes_TREX1_CCDS_results_201912111829/TREX1_sequences_filtered_longestORFs_prank_mincov_prank_part2_prank.best.fas.
2019-12-11 19:30:33,670 - main - INFO - Parsed GARD results.
2019-12-11 19:30:33,670 - main - INFO - No fragments of recombination identified.
