Sites	Ll_YN98.omega=0.001	Ll_YN98.omega=1	Pr_YN98.omega=0.001	Pr_YN98.omega=1	mean
1	-3.95291	-4.35936	0.593567	0.406433	0.407026
2	-17.1039	-10.6946	0.00159858	0.998401	0.998403
3	-5.22181	-5.46351	0.553291	0.446709	0.447262
4	-29.1034	-15.693	1.4585e-06	0.999999	0.999999
5	-30.6294	-17.1052	1.3015e-06	0.999999	0.999999
6	-4.75969	-5.11193	0.580425	0.419575	0.420155
41	-3.53726	-4.02139	0.612161	0.387839	0.388451
42	-5.02654	-5.34558	0.572319	0.427681	0.428253
43	-4.07267	-4.42068	0.579396	0.420604	0.421183
44	-3.68024	-4.18895	0.61798	0.38202	0.382638
45	-16.2666	-9.63535	0.00128083	0.998719	0.99872
46	-3.95292	-4.37188	0.596581	0.403419	0.404015
47	-3.8896	-4.17989	0.565266	0.434734	0.435299
48	-27.7168	-14.1848	1.29151e-06	0.999999	0.999999
49	-38.7321	-18.4024	1.44164e-09	1	1
50	-5.03302	-5.36193	0.574732	0.425268	0.425843
51	-3.68987	-3.99403	0.568674	0.431326	0.431895
52	-3.68987	-3.99403	0.568674	0.431326	0.431895
53	-3.0459	-3.45358	0.593864	0.406136	0.40673
54	-3.54038	-4.03951	0.615716	0.384284	0.3849
55	-4.33486	-4.55798	0.548693	0.451307	0.451856
56	-4.21404	-4.59634	0.587728	0.412272	0.41286
57	-3.54038	-4.03951	0.615716	0.384284	0.3849
58	-4.76453	-5.12768	0.583078	0.416922	0.417505
59	-4.547	-4.89497	0.579384	0.420616	0.421195
60	-3.80441	-4.11834	0.571067	0.428933	0.429504
61	-4.68906	-4.93557	0.55448	0.44552	0.446074
62	-4.84694	-5.10492	0.557311	0.442689	0.443246
63	-5.03658	-5.33064	0.566193	0.433807	0.434373
64	-4.62621	-5.10908	0.611863	0.388137	0.388748
65	-4.21404	-4.59634	0.587728	0.412272	0.41286
66	-4.30136	-4.65006	0.579562	0.420438	0.421018
67	-3.86729	-4.17696	0.570023	0.429977	0.430547
68	-3.87892	-4.20301	0.573553	0.426447	0.42702
69	-4.29718	-4.64836	0.580168	0.419832	0.420412
70	-3.80979	-4.22651	0.596042	0.403958	0.404554
71	-3.0459	-3.45358	0.593864	0.406136	0.40673
72	-15.9667	-9.49918	0.00150832	0.998492	0.998493
73	-4.07516	-4.43388	0.582004	0.417996	0.418578
74	-4.20324	-4.6441	0.601841	0.398159	0.398761
75	-5.03302	-5.36193	0.574732	0.425268	0.425843
76	-4.3406	-4.79926	0.606096	0.393904	0.39451
77	-10.4886	-10.8727	0.588158	0.411842	0.41243
78	-4.547	-4.89497	0.579384	0.420616	0.421195
79	-4.78479	-5.05758	0.560963	0.439037	0.439598
80	-16.8198	-10.3288	0.00147332	0.998527	0.998528
81	-9.759	-10.0831	0.57355	0.42645	0.427024
82	-4.97222	-5.22181	0.55524	0.44476	0.445315
83	-3.87892	-4.20301	0.573553	0.426447	0.42702
84	-35.0275	-21.5973	1.42995e-06	0.999999	0.999999
85	-27.6097	-14.0902	1.30778e-06	0.999999	0.999999
86	-3.62559	-4.1473	0.621046	0.378954	0.379575
87	-3.80441	-4.11834	0.571067	0.428933	0.429504
88	-4.33486	-4.55798	0.548693	0.451307	0.451856
89	-5.0622	-5.35933	0.566948	0.433052	0.433619
90	-4.17896	-4.56369	0.588317	0.411683	0.412271
91	-3.89695	-4.33042	0.600069	0.399931	0.400531
92	-9.69367	-10.0501	0.581441	0.418559	0.41914
93	-16.3835	-9.76187	0.00129322	0.998707	0.998708
94	-16.4268	-9.81727	0.00130892	0.998691	0.998692
95	-39.3051	-19.0132	1.49727e-09	1	1
96	-16.5654	-16.8238	0.557422	0.442578	0.443136
97	-17.2587	-10.7752	0.00148448	0.998516	0.998517
98	-15.2051	-8.68747	0.00143469	0.998565	0.998567
99	-3.76428	-4.32278	0.629664	0.370336	0.370966
100	-5.09124	-5.42073	0.574873	0.425127	0.425701
101	-4.26489	-4.71132	0.603174	0.396826	0.397429
102	-3.95292	-4.37188	0.596581	0.403419	0.404015
103	-3.80979	-4.22651	0.596042	0.403958	0.404554
104	-3.68987	-3.99403	0.568674	0.431326	0.431895
105	-4.03586	-4.38051	0.578577	0.421423	0.422001
106	-4.84694	-5.10492	0.557311	0.442689	0.443246
107	-39.9712	-19.4085	1.14212e-09	1	1
108	-3.68987	-3.99403	0.568674	0.431326	0.431895
109	-4.53837	-4.84042	0.568155	0.431845	0.432413
110	-4.17896	-4.56369	0.588317	0.411683	0.412271
111	-3.54038	-4.03951	0.615716	0.384284	0.3849
112	-3.89695	-4.33042	0.600069	0.399931	0.400531
113	-10.1322	-10.4795	0.579226	0.420774	0.421353
114	-5.23012	-5.4793	0.555139	0.444861	0.445416
115	-17.5533	-10.8926	0.00124374	0.998756	0.998757
116	-3.0459	-3.45358	0.593864	0.406136	0.40673
117	-3.62559	-4.1473	0.621046	0.378954	0.379575
118	-16.3477	-9.84331	0.00145388	0.998546	0.998548
119	-3.68987	-3.99403	0.568674	0.431326	0.431895
120	-3.89695	-4.33042	0.600069	0.399931	0.400531
121	-3.80441	-4.11834	0.571067	0.428933	0.429504
122	-4.30136	-4.65006	0.579562	0.420438	0.421018
123	-3.87892	-4.20301	0.573553	0.426447	0.42702
124	-4.33486	-4.55798	0.548693	0.451307	0.451856
125	-4.5747	-4.86494	0.565255	0.434745	0.43531
126	-4.1838	-4.54702	0.583095	0.416905	0.417488
127	-3.87892	-4.20301	0.573553	0.426447	0.42702
128	-15.6504	-9.0893	0.00137375	0.998626	0.998628
129	-4.547	-4.89497	0.579384	0.420616	0.421195
130	-3.80979	-4.22651	0.596042	0.403958	0.404554
131	-23.4729	-16.966	0.00145021	0.99855	0.998551
132	-3.58865	-4.09814	0.618166	0.381834	0.382453
133	-4.53837	-4.84042	0.568155	0.431845	0.432413
134	-4.07516	-4.43388	0.582004	0.417996	0.418578
135	-41.1104	-20.6322	1.24282e-09	1	1
136	-8.38267	-8.90144	0.620353	0.379647	0.380267
137	-4.07516	-4.43388	0.582004	0.417996	0.418578
138	-41.3838	-20.9784	1.33657e-09	1	1
139	-4.26489	-4.71132	0.603174	0.396826	0.397429
140	-3.68987	-3.99403	0.568674	0.431326	0.431895
141	-13.8602	-14.1566	0.566767	0.433233	0.433799
142	-5.02998	-5.27889	0.555072	0.444928	0.445483
143	-3.6852	-4.2098	0.621723	0.378277	0.378898
144	-3.76428	-4.32278	0.629664	0.370336	0.370966
145	-5.23012	-5.4793	0.555139	0.444861	0.445416
146	-4.21404	-4.59634	0.587728	0.412272	0.41286
147	-3.86729	-4.17696	0.570023	0.429977	0.430547
148	-4.30136	-4.65006	0.579562	0.420438	0.421018
149	-4.29718	-4.64836	0.580168	0.419832	0.420412
150	-4.30136	-4.65006	0.579562	0.420438	0.421018
151	-3.80441	-4.11834	0.571067	0.428933	0.429504
152	-18.0343	-18.3365	0.568204	0.431796	0.432364
153	-9.49829	-9.83552	0.576765	0.423235	0.423812
154	-4.3557	-4.7034	0.579319	0.420681	0.421261
155	-4.36396	-4.77702	0.59516	0.40484	0.405436
156	-4.03586	-4.38051	0.578577	0.421423	0.422001
157	-3.0459	-3.45358	0.593864	0.406136	0.40673
158	-3.0459	-3.45358	0.593864	0.406136	0.40673
159	-3.0459	-3.45358	0.593864	0.406136	0.40673
160	-3.87892	-4.20301	0.573553	0.426447	0.42702
161	-20.1926	-13.0324	0.000755084	0.999245	0.999246
162	-16.6842	-10.0816	0.00131801	0.998682	0.998683
163	-4.26597	-4.6584	0.590178	0.409822	0.410412
164	-30.7972	-17.3135	1.35546e-06	0.999999	0.999999
165	-8.69077	-9.11305	0.597378	0.402622	0.403219
166	-4.3406	-4.79926	0.606096	0.393904	0.39451
167	-4.57188	-4.9764	0.593099	0.406901	0.407494
168	-4.03586	-4.38051	0.578577	0.421423	0.422001
169	-25.6876	-12.28	1.46255e-06	0.999999	0.999999
170	-4.3406	-4.79926	0.606096	0.393904	0.39451
171	-4.29718	-4.64836	0.580168	0.419832	0.420412
172	-26.3394	-12.8452	1.34126e-06	0.999999	0.999999
173	-3.89695	-4.33042	0.600069	0.399931	0.400531
174	-5.09124	-5.42073	0.574873	0.425127	0.425701
175	-4.40128	-4.86641	0.607641	0.392359	0.392967
176	-9.33058	-9.60015	0.56017	0.43983	0.440391
177	-26.1954	-19.668	0.00142088	0.998579	0.998581
178	-4.07516	-4.43388	0.582004	0.417996	0.418578
179	-3.62559	-4.1473	0.621046	0.378954	0.379575
180	-3.80441	-4.11834	0.571067	0.428933	0.429504
181	-3.95292	-4.37188	0.596581	0.403419	0.404015
182	-3.58865	-4.09814	0.618166	0.381834	0.382453
183	-40.7219	-20.2894	1.30088e-09	1	1
184	-4.26489	-4.71132	0.603174	0.396826	0.397429
185	-4.26489	-4.71132	0.603174	0.396826	0.397429
186	-4.33486	-4.55798	0.548693	0.451307	0.451856
187	-5.09124	-5.42073	0.574873	0.425127	0.425701
188	-3.0459	-3.45358	0.593864	0.406136	0.40673
189	-3.80979	-4.22651	0.596042	0.403958	0.404554
190	-3.87892	-4.20301	0.573553	0.426447	0.42702
191	-4.26489	-4.71132	0.603174	0.396826	0.397429
192	-3.54038	-4.03951	0.615716	0.384284	0.3849
193	-4.33486	-4.55798	0.548693	0.451307	0.451856
194	-4.07516	-4.43388	0.582004	0.417996	0.418578
195	-3.0459	-3.45358	0.593864	0.406136	0.40673
196	-4.21404	-4.59634	0.587728	0.412272	0.41286
197	-4.26489	-4.71132	0.603174	0.396826	0.397429
198	-30.0677	-16.5279	1.28144e-06	0.999999	0.999999
199	-3.89695	-4.33042	0.600069	0.399931	0.400531
200	-4.78479	-5.05758	0.560963	0.439037	0.439598
201	-3.68987	-3.99403	0.568674	0.431326	0.431895
202	-17.3713	-10.8754	0.00146609	0.998534	0.998535
203	-5.23012	-5.4793	0.555139	0.444861	0.445416
204	-3.87892	-4.20301	0.573553	0.426447	0.42702
205	-3.58865	-4.09814	0.618166	0.381834	0.382453
206	-4.20324	-4.6441	0.601841	0.398159	0.398761
207	-3.68987	-3.99403	0.568674	0.431326	0.431895
208	-17.6233	-11.1077	0.00143764	0.998562	0.998564
209	-3.58865	-4.09814	0.618166	0.381834	0.382453
210	-4.21404	-4.59634	0.587728	0.412272	0.41286
211	-3.8896	-4.17989	0.565266	0.434734	0.435299
212	-5.09124	-5.42073	0.574873	0.425127	0.425701
213	-3.68987	-3.99403	0.568674	0.431326	0.431895
214	-4.29718	-4.64836	0.580168	0.419832	0.420412
215	-3.76428	-4.32278	0.629664	0.370336	0.370966
216	-66.5293	-32.2457	1.25543e-15	1	1
217	-17.8591	-11.4651	0.00162328	0.998377	0.998378
218	-4.79092	-5.07624	0.564046	0.435954	0.436518
219	-3.62559	-4.1473	0.621046	0.378954	0.379575
220	-3.6852	-4.2098	0.621723	0.378277	0.378898
221	-4.45258	-4.68201	0.550257	0.449743	0.450294
222	-4.03586	-4.38051	0.578577	0.421423	0.422001
223	-4.76453	-5.12768	0.583078	0.416922	0.417505
224	-3.54038	-4.03951	0.615716	0.384284	0.3849
225	-13.2758	-13.6412	0.583639	0.416361	0.416945
226	-15.2269	-8.73609	0.00147361	0.998526	0.998528
227	-3.6852	-4.2098	0.621723	0.378277	0.378898
228	-16.8188	-10.2313	0.00133799	0.998662	0.998663
229	-15.1738	-8.67773	0.00146587	0.998534	0.998536
230	-16.7463	-10.1229	0.00129093	0.998709	0.99871
231	-5.29256	-5.64157	0.579638	0.420362	0.420941
232	-49.3812	-22.2224	1.55978e-12	1	1
233	-29.974	-16.1746	9.8848e-07	0.999999	0.999999
234	-3.68987	-3.99403	0.568674	0.431326	0.431895
235	-3.0459	-3.45358	0.593864	0.406136	0.40673
236	-3.68987	-3.99403	0.568674	0.431326	0.431895
237	-3.76428	-4.32278	0.629664	0.370336	0.370966
238	-4.33486	-4.55798	0.548693	0.451307	0.451856
239	-4.20324	-4.6441	0.601841	0.398159	0.398761
240	-3.54038	-4.03951	0.615716	0.384284	0.3849
241	-4.79092	-5.07624	0.564046	0.435954	0.436518
242	-4.62621	-5.10908	0.611863	0.388137	0.388748
243	-4.20324	-4.6441	0.601841	0.398159	0.398761
244	-4.3557	-4.7034	0.579319	0.420681	0.421261
245	-3.8896	-4.17989	0.565266	0.434734	0.435299
246	-4.84456	-5.11946	0.56148	0.43852	0.439081
247	-4.62621	-5.10908	0.611863	0.388137	0.388748
248	-9.3743	-9.86199	0.613007	0.386993	0.387606
249	-4.26489	-4.71132	0.603174	0.396826	0.397429
250	-40.8428	-20.475	1.38776e-09	1	1
251	-17.5044	-10.9106	0.00132972	0.99867	0.998672
252	-4.29718	-4.64836	0.580168	0.419832	0.420412
253	-3.80979	-4.22651	0.596042	0.403958	0.404554
254	-3.68987	-3.99403	0.568674	0.431326	0.431895
255	-4.30136	-4.65006	0.579562	0.420438	0.421018
256	-26.9898	-13.5746	1.45149e-06	0.999999	0.999999
257	-4.26489	-4.71132	0.603174	0.396826	0.397429
258	-4.45258	-4.68201	0.550257	0.449743	0.450294
259	-15.9651	-9.39528	0.00136189	0.998638	0.998639
260	-3.62559	-4.1473	0.621046	0.378954	0.379575
261	-16.8835	-10.3926	0.00147356	0.998526	0.998528
262	-36.1607	-15.867	1.49462e-09	1	1
263	-4.78479	-5.05758	0.560963	0.439037	0.439598
264	-4.97222	-5.22181	0.55524	0.44476	0.445315
265	-3.86729	-4.17696	0.570023	0.429977	0.430547
266	-4.1838	-4.54702	0.583095	0.416905	0.417488
267	-3.87892	-4.20301	0.573553	0.426447	0.42702
268	-25.3072	-11.9654	1.56197e-06	0.999998	0.999998
269	-28.1275	-14.7028	1.43783e-06	0.999999	0.999999
270	-4.17896	-4.56369	0.588317	0.411683	0.412271
271	-3.86729	-4.17696	0.570023	0.429977	0.430547
272	-3.68987	-3.99403	0.568674	0.431326	0.431895
273	-5.0622	-5.35933	0.566948	0.433052	0.433619
274	-3.54038	-4.03951	0.615716	0.384284	0.3849
275	-3.89695	-4.33042	0.600069	0.399931	0.400531
276	-10.7333	-10.993	0.557739	0.442261	0.442818
277	-16.9323	-10.41	0.00142804	0.998572	0.998573
278	-5.23012	-5.4793	0.555139	0.444861	0.445416
279	-14.7229	-8.3254	0.00161755	0.998382	0.998384
280	-18.1318	-11.5873	0.00139682	0.998603	0.998605
281	-16.056	-9.54665	0.0014466	0.998553	0.998555
282	-10.1777	-10.4817	0.568649	0.431351	0.43192
283	-4.45107	-4.88207	0.599475	0.400525	0.401124
284	-5.09124	-5.42073	0.574873	0.425127	0.425701
285	-4.26489	-4.71132	0.603174	0.396826	0.397429
286	-15.2431	-8.79121	0.00153209	0.998468	0.998469
287	-3.80979	-4.22651	0.596042	0.403958	0.404554
288	-3.68987	-3.99403	0.568674	0.431326	0.431895
289	-4.03586	-4.38051	0.578577	0.421423	0.422001
290	-10.4584	-10.7624	0.568639	0.431361	0.43193
291	-3.87892	-4.20301	0.573553	0.426447	0.42702
292	-3.68987	-3.99403	0.568674	0.431326	0.431895
293	-13.9266	-7.43209	0.00146819	0.998532	0.998533
294	-14.9128	-8.52733	0.00163706	0.998363	0.998365
295	-13.6604	-7.25668	0.00160758	0.998392	0.998394
296	-26.2664	-12.7612	1.32659e-06	0.999999	0.999999
297	-4.29718	-4.64836	0.580168	0.419832	0.420412
298	-9.96106	-10.222	0.558039	0.441961	0.442519
299	-5.23012	-5.4793	0.555139	0.444861	0.445416
300	-14.6135	-8.20741	0.00160379	0.998396	0.998398
301	-16.3589	-9.77304	0.00134025	0.99866	0.998661
302	-28.37	-14.9758	1.48235e-06	0.999999	0.999999
303	-3.0459	-3.45358	0.593864	0.406136	0.40673
304	-27.55	-14.1521	1.47683e-06	0.999999	0.999999
305	-3.86729	-4.17696	0.570023	0.429977	0.430547
306	-4.30136	-4.65006	0.579562	0.420438	0.421018
307	-3.87892	-4.20301	0.573553	0.426447	0.42702
308	-3.0459	-3.45358	0.593864	0.406136	0.40673
309	-5.03302	-5.36193	0.574732	0.425268	0.425843
310	-4.84694	-5.10492	0.557311	0.442689	0.443246
311	-3.87892	-4.20301	0.573553	0.426447	0.42702
312	-4.06411	-4.50408	0.601626	0.398374	0.398975
313	-5.23012	-5.4793	0.555139	0.444861	0.445416
314	-7.77338	-8.17216	0.591714	0.408286	0.408878
315	-14.7789	-8.1615	0.00129863	0.998701	0.998703
316	-15.2276	-8.73097	0.00146515	0.998535	0.998536
317	-4.53837	-4.84042	0.568155	0.431845	0.432413
318	-5.09124	-5.42073	0.574873	0.425127	0.425701
319	-4.40128	-4.86641	0.607641	0.392359	0.392967
320	-8.39096	-8.90642	0.619574	0.380426	0.381046
321	-4.07516	-4.43388	0.582004	0.417996	0.418578
322	-14.551	-14.914	0.583023	0.416977	0.41756
323	-3.6852	-4.2098	0.621723	0.378277	0.378898
324	-3.68987	-3.99403	0.568674	0.431326	0.431895
325	-4.29718	-4.64836	0.580168	0.419832	0.420412
326	-4.3557	-4.7034	0.579319	0.420681	0.421261
327	-4.3406	-4.79926	0.606096	0.393904	0.39451
328	-13.8535	-7.47886	0.00165484	0.998345	0.998347
329	-12.6487	-13.0068	0.581846	0.418154	0.418736
330	-11.5258	-11.9349	0.594214	0.405786	0.40638
331	-4.07516	-4.43388	0.582004	0.417996	0.418578
332	-37.8061	-17.5371	1.53195e-09	1	1
333	-4.03586	-4.38051	0.578577	0.421423	0.422001
334	-14.4984	-7.93512	0.00137072	0.998629	0.998631
335	-3.80441	-4.11834	0.571067	0.428933	0.429504
336	-21.7963	-15.1198	0.00122422	0.998776	0.998777
337	-24.9163	-18.3125	0.00131646	0.998684	0.998685
338	-4.3557	-4.7034	0.579319	0.420681	0.421261
339	-4.36396	-4.77702	0.59516	0.40484	0.405436
340	-9.84504	-10.1868	0.577882	0.422118	0.422696
341	-3.0459	-3.45358	0.593864	0.406136	0.40673
342	-3.0459	-3.45358	0.593864	0.406136	0.40673
343	-3.68987	-3.99403	0.568674	0.431326	0.431895
344	-3.87892	-4.20301	0.573553	0.426447	0.42702
345	-4.26597	-4.6584	0.590178	0.409822	0.410412
346	-42.6391	-22.2252	1.32535e-09	1	1
347	-18.3529	-11.8343	0.00143323	0.998567	0.998568
348	-3.0459	-3.45358	0.593864	0.406136	0.40673
349	-3.89695	-4.33042	0.600069	0.399931	0.400531
350	-14.8984	-8.41057	0.001478	0.998522	0.998523
351	-4.40128	-4.86641	0.607641	0.392359	0.392967
352	-4.03586	-4.38051	0.578577	0.421423	0.422001
353	-4.36396	-4.77702	0.59516	0.40484	0.405436
354	-4.06411	-4.50408	0.601626	0.398374	0.398975
355	-8.24653	-8.58789	0.577773	0.422227	0.422805
356	-4.72697	-5.05931	0.575571	0.424429	0.425004
357	-3.6852	-4.2098	0.621723	0.378277	0.378898
358	-16.9604	-10.4386	0.00142865	0.998571	0.998573
359	-4.40128	-4.86641	0.607641	0.392359	0.392967
360	-4.3557	-4.7034	0.579319	0.420681	0.421261
361	-4.1838	-4.54702	0.583095	0.416905	0.417488
362	-17.961	-11.4071	0.00138367	0.998616	0.998618
363	-28.9433	-15.6165	1.58557e-06	0.999998	0.999998
364	-3.80441	-4.11834	0.571067	0.428933	0.429504
365	-3.95292	-4.37188	0.596581	0.403419	0.404015
366	-15.2785	-8.75982	0.00143324	0.998567	0.998568
367	-15.9755	-9.46708	0.00144794	0.998552	0.998554
368	-26.7342	-13.3466	1.49197e-06	0.999999	0.999999
369	-4.26597	-4.65839	0.590177	0.409823	0.410413
370	-4.33486	-4.55797	0.548693	0.451307	0.451856
371	-4.20323	-4.64409	0.60184	0.39816	0.398762
372	-3.8896	-4.17989	0.565266	0.434734	0.4353
373	-4.53836	-4.84041	0.568154	0.431846	0.432414
374	-3.87892	-4.20301	0.573552	0.426448	0.427021
375	-4.26489	-4.71132	0.603173	0.396827	0.39743
376	-3.54038	-4.0395	0.615715	0.384285	0.384901
377	-4.33486	-4.55797	0.548693	0.451307	0.451856
378	-4.07516	-4.43388	0.582003	0.417997	0.418579
379	-3.0459	-3.45358	0.593863	0.406137	0.406731
380	-9.0011	-9.38607	0.588374	0.411626	0.412215
381	-4.84456	-5.11945	0.561479	0.438521	0.439082
382	-4.26597	-4.65839	0.590177	0.409823	0.410413
383	-3.6852	-4.20979	0.621722	0.378278	0.3789
384	-16.1712	-9.66705	0.0014541	0.998546	0.998547
385	-3.68987	-3.99403	0.568673	0.431327	0.431895
386	-3.62558	-4.14729	0.621045	0.378955	0.379576
387	-5.23012	-5.4793	0.555138	0.444862	0.445417
388	-3.87892	-4.20301	0.573552	0.426448	0.427021
389	-3.62558	-4.14729	0.621045	0.378955	0.379576
390	-4.83193	-5.19308	0.582595	0.417405	0.417987
391	-4.79091	-5.07623	0.564045	0.435955	0.436519
392	-4.20323	-4.64409	0.60184	0.39816	0.398762
393	-3.0459	-3.45358	0.593863	0.406137	0.406731
394	-3.54038	-4.0395	0.615715	0.384285	0.384901
395	-4.33486	-4.55797	0.548693	0.451307	0.451856
396	-4.79091	-5.07623	0.564045	0.435955	0.436519
397	-3.68987	-3.99403	0.568673	0.431327	0.431895
398	-4.29717	-4.64836	0.580167	0.419833	0.420413
399	-3.58865	-4.09814	0.618164	0.381836	0.382454
400	-4.06411	-4.50408	0.601625	0.398375	0.398976
401	-8.68692	-9.18837	0.616264	0.383736	0.384352
402	-4.29717	-4.64836	0.580167	0.419833	0.420413
403	-3.89694	-4.33041	0.600068	0.399932	0.400532
404	-3.6852	-4.20979	0.621722	0.378278	0.3789
405	-4.45258	-4.68201	0.550256	0.449744	0.450294
406	-9.69778	-10.0391	0.577769	0.422231	0.422809
407	-10.8272	-11.3515	0.621665	0.378335	0.378957
