Sites	Ll_YN98.omega=0.196997	Ll_YN98.omega=1	Ll_YN98.omega=4.75398	Pr_YN98.omega=0.196997	Pr_YN98.omega=1	Pr_YN98.omega=4.75398	mean
1	-4.00436	-4.21532	-5.19139	0.826525	0.11678	0.0566959	0.549133
2	-12.3986	-11.0317	-10.6396	0.334468	0.22894	0.436591	2.37037
3	-5.15692	-5.27954	-5.84235	0.788883	0.121756	0.0893612	0.701984
4	-19.6481	-16.5993	-14.3864	0.0208231	0.0766203	0.902557	4.37146
5	-21.2081	-18.1087	-15.6856	0.0163585	0.0633156	0.920326	4.44175
6	-4.75183	-4.9375	-5.78931	0.816615	0.118334	0.0650513	0.588457
41	-3.56638	-3.8125	-4.93882	0.837947	0.114302	0.0477512	0.506383
42	-4.99393	-5.15685	-5.90468	0.807321	0.119679	0.0730002	0.62576
43	-4.08824	-4.26858	-5.10249	0.814854	0.11871	0.0664366	0.595071
44	-3.69567	-3.95799	-5.14419	0.842441	0.113069	0.0444907	0.490534
45	-11.308	-9.82731	-8.92321	0.23766	0.182282	0.580058	2.98668
46	-4.00595	-4.22339	-5.23015	0.828865	0.116353	0.0547816	0.540068
47	-3.88262	-4.03456	-4.7343	0.802694	0.120307	0.0769988	0.644486
48	-17.8507	-14.7479	-12.2996	0.0159289	0.0618668	0.922204	4.44914
49	-24.1921	-19.5233	-15.7852	0.000974468	0.0181181	0.980907	4.68152
50	-4.99937	-5.16732	-5.93916	0.809498	0.1194	0.0711022	0.616887
51	-3.71805	-3.87444	-4.60095	0.805029	0.120122	0.0748492	0.634541
52	-3.71805	-3.87444	-4.60095	0.805029	0.120122	0.0748492	0.634541
53	-3.06841	-3.28195	-4.25814	0.826901	0.116531	0.0565683	0.548352
54	-3.57036	-3.82409	-4.98686	0.840405	0.113768	0.0458269	0.497185
55	-4.34881	-4.46321	-4.99563	0.785331	0.122208	0.0924608	0.716472
56	-4.21613	-4.40919	-5.29964	0.819729	0.11791	0.0623616	0.575859
57	-3.57036	-3.82409	-4.98686	0.840405	0.113768	0.0458269	0.497185
58	-4.7564	-4.9478	-5.82704	0.818907	0.117987	0.0631065	0.579316
59	-4.50838	-4.68497	-5.49081	0.812745	0.118848	0.0684075	0.604164
60	-3.82562	-3.98781	-4.73986	0.807455	0.119787	0.0727584	0.624744
61	-4.67973	-4.80758	-5.40056	0.791847	0.121575	0.0865772	0.689153
62	-4.81582	-4.94895	-5.56422	0.794225	0.121299	0.0844759	0.679355
63	-4.99413	-5.14781	-5.85504	0.80343	0.120208	0.0763617	0.641503
64	-4.60102	-4.85716	-6.02097	0.840767	0.113544	0.0456889	0.496376
65	-4.21613	-4.40919	-5.29964	0.819729	0.11791	0.0623616	0.575859
66	-4.28281	-4.46166	-5.28161	0.813868	0.118743	0.0673891	0.599439
67	-3.87847	-4.03935	-4.78457	0.806849	0.119854	0.0732977	0.627256
68	-3.91886	-4.08248	-4.83651	0.807793	0.119666	0.0725408	0.623656
69	-4.28928	-4.46914	-5.30028	0.814631	0.118734	0.0666351	0.595995
70	-3.84253	-4.06001	-5.06179	0.828645	0.116317	0.0550382	0.541208
71	-3.06841	-3.28195	-4.25814	0.826901	0.116531	0.0565683	0.548352
72	-11.0524	-9.65422	-9.12678	0.30786	0.217416	0.474724	2.53489
73	-4.0912	-4.27708	-5.13724	0.817089	0.118377	0.0645342	0.586135
74	-4.20098	-4.42854	-5.46877	0.831783	0.115587	0.0526299	0.529647
75	-4.99937	-5.16732	-5.93916	0.809498	0.1194	0.0711022	0.616887
76	-4.34712	-4.58723	-5.68824	0.8361	0.114738	0.0491619	0.513161
77	-11.0441	-11.245	-12.1661	0.822417	0.117379	0.060204	0.565601
78	-4.50838	-4.68497	-5.49081	0.812745	0.118848	0.0684075	0.604164
79	-4.75628	-4.9004	-5.56102	0.798984	0.120691	0.0803253	0.659953
80	-11.9657	-10.5574	-9.99961	0.301275	0.214936	0.483789	2.57421
81	-10.1034	-10.268	-11.0186	0.807739	0.119549	0.0727123	0.624343
82	-4.92906	-5.05704	-5.64712	0.79167	0.121533	0.0867978	0.690124
83	-3.91886	-4.08248	-4.83651	0.807793	0.119666	0.0725408	0.623656
84	-25.772	-22.7237	-20.526	0.0211202	0.0776762	0.901204	4.36614
85	-17.7563	-14.6571	-12.2319	0.0163301	0.063196	0.920474	4.44233
86	-3.64575	-3.91563	-5.14169	0.844902	0.112545	0.0425539	0.481288
87	-3.82562	-3.98781	-4.73986	0.807455	0.119787	0.0727584	0.624744
88	-4.34881	-4.46321	-4.99563	0.785331	0.122208	0.0924608	0.716472
89	-5.00954	-5.16484	-5.87445	0.803833	0.120073	0.0760941	0.640175
90	-4.17274	-4.37388	-5.29718	0.822565	0.117367	0.0600682	0.564972
91	-3.88694	-4.10095	-5.07347	0.826796	0.116462	0.0567424	0.54909
92	-10.0877	-10.2724	-11.1268	0.816605	0.118449	0.0649454	0.588067
93	-11.4701	-9.99517	-9.12531	0.243457	0.18565	0.570893	2.94762
94	-11.5438	-10.0722	-9.2243	0.247127	0.187824	0.565049	2.92274
95	-24.958	-20.3025	-16.6125	0.00103516	0.0189926	0.979972	4.67796
96	-17.632	-17.763	-18.3652	0.793003	0.121364	0.0856331	0.68468
97	-12.5256	-11.1119	-10.5104	0.293789	0.210725	0.495485	2.62413
98	-10.3174	-8.89538	-8.266	0.288009	0.208318	0.503673	2.6595
99	-3.79145	-4.07419	-5.36137	0.848696	0.111607	0.039697	0.467516
100	-5.05097	-5.21861	-5.98808	0.809313	0.11941	0.0712766	0.61769
101	-4.25747	-4.48719	-5.53525	0.832426	0.115427	0.052147	0.527318
102	-4.00595	-4.22339	-5.23015	0.828865	0.116353	0.0547816	0.540068
103	-3.84253	-4.06001	-5.06179	0.828645	0.116317	0.0550382	0.541208
104	-3.71805	-3.87444	-4.60095	0.805029	0.120122	0.0748492	0.634541
105	-4.04555	-4.22433	-5.05085	0.814216	0.118802	0.0669818	0.59763
106	-4.81582	-4.94895	-5.56422	0.794225	0.121299	0.0844759	0.679355
107	-25.2075	-20.4129	-16.2029	0.000539931	0.0113845	0.988076	4.70878
108	-3.71805	-3.87444	-4.60095	0.805029	0.120122	0.0748492	0.634541
109	-4.5473	-4.70418	-5.43027	0.80508	0.120071	0.074849	0.634499
110	-4.17274	-4.37388	-5.29718	0.822565	0.117367	0.0600682	0.564972
111	-3.57036	-3.82409	-4.98686	0.840405	0.113768	0.0458269	0.497185
112	-3.88694	-4.10095	-5.07347	0.826796	0.116462	0.0567424	0.54909
113	-10.502	-10.6799	-11.4991	0.813685	0.118827	0.0674881	0.599957
114	-5.16319	-5.28959	-5.87049	0.790776	0.121586	0.0876374	0.693993
115	-12.597	-11.0987	-10.1211	0.224509	0.175254	0.600237	3.07299
116	-3.06841	-3.28195	-4.25814	0.826901	0.116531	0.0565683	0.548352
117	-3.64575	-3.91563	-5.14169	0.844902	0.112545	0.0425539	0.481288
118	-11.4272	-10.0135	-9.41655	0.294441	0.211208	0.494351	2.61935
119	-3.71805	-3.87444	-4.60095	0.805029	0.120122	0.0748492	0.634541
120	-3.88694	-4.10095	-5.07347	0.826796	0.116462	0.0567424	0.54909
121	-3.82562	-3.98781	-4.73986	0.807455	0.119787	0.0727584	0.624744
122	-4.28281	-4.46166	-5.28161	0.813868	0.118743	0.0673891	0.599439
123	-3.91886	-4.08248	-4.83651	0.807793	0.119666	0.0725408	0.623656
124	-4.34881	-4.46321	-4.99563	0.785331	0.122208	0.0924608	0.716472
125	-4.57766	-4.72781	-5.42412	0.802199	0.120448	0.0773533	0.646214
126	-4.17566	-4.36298	-5.22472	0.817386	0.11825	0.0643635	0.585255
127	-3.91886	-4.08248	-4.83651	0.807793	0.119666	0.0725408	0.623656
128	-10.9122	-9.46422	-8.71459	0.26551	0.197086	0.537404	2.8042
129	-4.50838	-4.68497	-5.49081	0.812745	0.118848	0.0684075	0.604164
130	-3.84253	-4.06001	-5.06179	0.828645	0.116317	0.0550382	0.541208
131	-19.0907	-17.6696	-17.0356	0.287535	0.20777	0.504695	2.66372
132	-3.61694	-3.87515	-5.05655	0.841713	0.113437	0.0448501	0.492468
133	-4.5473	-4.70418	-5.43027	0.80508	0.120071	0.074849	0.634499
134	-4.0912	-4.27708	-5.13724	0.817089	0.118377	0.0645342	0.586135
135	-26.5401	-21.7885	-17.7085	0.000640787	0.0129432	0.986416	4.70247
136	-8.78164	-9.05003	-10.2648	0.844297	0.112632	0.0430714	0.483716
137	-4.0912	-4.27708	-5.13724	0.817089	0.118377	0.0645342	0.586135
138	-27.0202	-22.3097	-18.3865	0.000779219	0.0151048	0.984116	4.69372
139	-4.25747	-4.48719	-5.53525	0.832426	0.115427	0.052147	0.527318
140	-3.71805	-3.87444	-4.60095	0.805029	0.120122	0.0748492	0.634541
141	-14.599	-14.7506	-15.4492	0.802573	0.12033	0.0770977	0.644955
142	-4.9801	-5.1073	-5.69325	0.791258	0.121563	0.0871789	0.691885
143	-3.70104	-3.97152	-5.19734	0.844971	0.112487	0.0425421	0.481188
144	-3.79145	-4.07419	-5.36137	0.848696	0.111607	0.039697	0.467516
145	-5.16319	-5.28959	-5.87049	0.790776	0.121586	0.0876374	0.693993
146	-4.21613	-4.40919	-5.29964	0.819729	0.11791	0.0623616	0.575859
147	-3.87847	-4.03935	-4.78457	0.806849	0.119854	0.0732977	0.627256
148	-4.28281	-4.46166	-5.28161	0.813868	0.118743	0.0673891	0.599439
149	-4.28928	-4.46914	-5.30028	0.814631	0.118734	0.0666351	0.595995
150	-4.28281	-4.46166	-5.28161	0.813868	0.118743	0.0673891	0.599439
151	-3.82562	-3.98781	-4.73986	0.807455	0.119787	0.0727584	0.624744
152	-19.1482	-19.3041	-20.0211	0.804383	0.12008	0.0755363	0.637639
153	-9.85152	-10.0239	-10.8132	0.811176	0.119115	0.0697094	0.610311
154	-4.33142	-4.50917	-5.32299	0.813363	0.1188	0.0678367	0.601524
155	-4.3495	-4.56552	-5.55317	0.827787	0.116367	0.0558452	0.544926
156	-4.04555	-4.22433	-5.05085	0.814216	0.118802	0.0669818	0.59763
157	-3.06841	-3.28195	-4.25814	0.826901	0.116531	0.0565683	0.548352
158	-3.06841	-3.28195	-4.25814	0.826901	0.116531	0.0565683	0.548352
159	-3.06841	-3.28195	-4.25814	0.826901	0.116531	0.0565683	0.548352
160	-3.91886	-4.08248	-4.83651	0.807793	0.119666	0.0725408	0.623656
161	-15.6766	-13.7694	-12.1686	0.103311	0.12139	0.775299	3.8275
162	-11.9269	-10.4578	-9.61683	0.248568	0.188443	0.562989	2.91385
163	-4.26521	-4.46271	-5.37271	0.821371	0.117623	0.0610058	0.56945
164	-21.563	-18.4872	-16.1637	0.0183423	0.0693438	0.912314	4.41008
165	-9.24544	-9.4669	-10.4418	0.827972	0.115761	0.0562666	0.54636
166	-4.34712	-4.58723	-5.68824	0.8361	0.114738	0.0491619	0.513161
167	-4.55169	-4.75794	-5.69989	0.824221	0.117003	0.0587762	0.558792
168	-4.04555	-4.22433	-5.05085	0.814216	0.118802	0.0669818	0.59763
169	-15.8987	-12.8627	-10.726	0.0225803	0.0820256	0.895394	4.34316
170	-4.34712	-4.58723	-5.68824	0.8361	0.114738	0.0491619	0.513161
171	-4.28928	-4.46914	-5.30028	0.814631	0.118734	0.0666351	0.595995
172	-16.493	-13.4094	-11.0555	0.0177044	0.0674482	0.914847	4.4201
173	-3.88694	-4.10095	-5.07347	0.826796	0.116462	0.0567424	0.54909
174	-5.05097	-5.21861	-5.98808	0.809313	0.11941	0.0712766	0.61769
175	-4.40079	-4.64462	-5.76052	0.837216	0.114464	0.0483199	0.509105
176	-9.66466	-9.80242	-10.4371	0.796272	0.121048	0.08268	0.67097
177	-22.2093	-20.7833	-20.1273	0.283361	0.205751	0.510888	2.69032
178	-4.0912	-4.27708	-5.13724	0.817089	0.118377	0.0645342	0.586135
179	-3.64575	-3.91563	-5.14169	0.844902	0.112545	0.0425539	0.481288
180	-3.82562	-3.98781	-4.73986	0.807455	0.119787	0.0727584	0.624744
181	-4.00595	-4.22339	-5.23015	0.828865	0.116353	0.0547816	0.540068
182	-3.61694	-3.87515	-5.05655	0.841713	0.113437	0.0448501	0.492468
183	-26.3595	-21.6319	-17.6334	0.000711265	0.0140257	0.985263	4.69808
184	-4.25747	-4.48719	-5.53525	0.832426	0.115427	0.052147	0.527318
185	-4.25747	-4.48719	-5.53525	0.832426	0.115427	0.052147	0.527318
186	-4.34881	-4.46321	-4.99563	0.785331	0.122208	0.0924608	0.716472
187	-5.05097	-5.21861	-5.98808	0.809313	0.11941	0.0712766	0.61769
188	-3.06841	-3.28195	-4.25814	0.826901	0.116531	0.0565683	0.548352
189	-3.84253	-4.06001	-5.06179	0.828645	0.116317	0.0550382	0.541208
190	-3.91886	-4.08248	-4.83651	0.807793	0.119666	0.0725408	0.623656
191	-4.25747	-4.48719	-5.53525	0.832426	0.115427	0.052147	0.527318
192	-3.57036	-3.82409	-4.98686	0.840405	0.113768	0.0458269	0.497185
193	-4.34881	-4.46321	-4.99563	0.785331	0.122208	0.0924608	0.716472
194	-4.0912	-4.27708	-5.13724	0.817089	0.118377	0.0645342	0.586135
195	-3.06841	-3.28195	-4.25814	0.826901	0.116531	0.0565683	0.548352
196	-4.21613	-4.40919	-5.29964	0.819729	0.11791	0.0623616	0.575859
197	-4.25747	-4.48719	-5.53525	0.832426	0.115427	0.052147	0.527318
198	-20.2251	-17.1197	-14.6654	0.0158012	0.0615269	0.922672	4.451
199	-3.88694	-4.10095	-5.07347	0.826796	0.116462	0.0567424	0.54909
200	-4.75628	-4.9004	-5.56102	0.798984	0.120691	0.0803253	0.659953
201	-3.71805	-3.87444	-4.60095	0.805029	0.120122	0.0748492	0.634541
202	-12.517	-11.106	-10.5354	0.29884	0.213778	0.487382	2.58965
203	-5.16319	-5.28959	-5.87049	0.790776	0.121586	0.0876374	0.693993
204	-3.91886	-4.08248	-4.83651	0.807793	0.119666	0.0725408	0.623656
205	-3.61694	-3.87515	-5.05655	0.841713	0.113437	0.0448501	0.492468
206	-4.20098	-4.42854	-5.46877	0.831783	0.115587	0.0526299	0.529647
207	-3.71805	-3.87444	-4.60095	0.805029	0.120122	0.0748492	0.634541
208	-12.7162	-11.2891	-10.6396	0.284053	0.206509	0.509437	2.68432
209	-3.61694	-3.87515	-5.05655	0.841713	0.113437	0.0448501	0.492468
210	-4.21613	-4.40919	-5.29964	0.819729	0.11791	0.0623616	0.575859
211	-3.88262	-4.03456	-4.7343	0.802694	0.120307	0.0769988	0.644486
212	-5.05097	-5.21861	-5.98808	0.809313	0.11941	0.0712766	0.61769
213	-3.71805	-3.87444	-4.60095	0.805029	0.120122	0.0748492	0.634541
214	-4.28928	-4.46914	-5.30028	0.814631	0.118734	0.0666351	0.595995
215	-3.79145	-4.07419	-5.36137	0.848696	0.111607	0.039697	0.467516
216	-42.369	-34.3729	-27.224	1.1764e-06	0.000609425	0.999389	4.75168
217	-13.1556	-11.7967	-11.4442	0.342021	0.232242	0.425737	2.32356
218	-4.77215	-4.918	-5.59365	0.800218	0.120669	0.0791131	0.654411
219	-3.64575	-3.91563	-5.14169	0.844902	0.112545	0.0425539	0.481288
220	-3.70104	-3.97152	-5.19734	0.844971	0.112487	0.0425421	0.481188
221	-4.45807	-4.57631	-5.12588	0.787212	0.122031	0.0907568	0.708565
222	-4.04555	-4.22433	-5.05085	0.814216	0.118802	0.0669818	0.59763
223	-4.7564	-4.9478	-5.82704	0.818907	0.117987	0.0631065	0.579316
224	-3.57036	-3.82409	-4.98686	0.840405	0.113768	0.0458269	0.497185
225	-13.9927	-14.1784	-15.0265	0.816414	0.118308	0.0652779	0.589469
226	-10.3707	-8.96249	-8.40499	0.301343	0.214963	0.483694	2.5738
227	-3.70104	-3.97152	-5.19734	0.844971	0.112487	0.0425421	0.481188
228	-11.8713	-10.4094	-9.59563	0.253744	0.190989	0.555267	2.8807
229	-10.3059	-8.89442	-8.32096	0.298322	0.213516	0.488162	2.593
230	-12.0147	-10.5384	-9.66223	0.242322	0.185046	0.572632	2.95506
231	-5.23782	-5.41519	-6.22594	0.813136	0.118812	0.0680519	0.602515
232	-30.1349	-23.8754	-18.7353	4.9591e-05	0.00452511	0.995425	4.73676
233	-20.1081	-16.856	-13.9724	0.00914233	0.0412237	0.949634	4.55756
234	-3.71805	-3.87444	-4.60095	0.805029	0.120122	0.0748492	0.634541
235	-3.06841	-3.28195	-4.25814	0.826901	0.116531	0.0565683	0.548352
236	-3.71805	-3.87444	-4.60095	0.805029	0.120122	0.0748492	0.634541
237	-3.79145	-4.07419	-5.36137	0.848696	0.111607	0.039697	0.467516
238	-4.34881	-4.46321	-4.99563	0.785331	0.122208	0.0924608	0.716472
239	-4.20098	-4.42854	-5.46877	0.831783	0.115587	0.0526299	0.529647
240	-3.57036	-3.82409	-4.98686	0.840405	0.113768	0.0458269	0.497185
241	-4.77215	-4.918	-5.59365	0.800218	0.120669	0.0791131	0.654411
242	-4.60102	-4.85716	-6.02097	0.840767	0.113544	0.0456889	0.496376
243	-4.20098	-4.42854	-5.46877	0.831783	0.115587	0.0526299	0.529647
244	-4.33142	-4.50917	-5.32299	0.813363	0.1188	0.0678367	0.601524
245	-3.88262	-4.03456	-4.7343	0.802694	0.120307	0.0769988	0.644486
246	-4.81379	-4.95749	-5.62064	0.799078	0.120756	0.0801663	0.65928
247	-4.60102	-4.85716	-6.02097	0.840767	0.113544	0.0456889	0.496376
248	-9.78783	-10.0357	-11.1681	0.838425	0.114167	0.047408	0.50471
249	-4.25747	-4.48719	-5.53525	0.832426	0.115427	0.052147	0.527318
250	-26.6755	-21.983	-18.1394	0.000858006	0.0163367	0.982805	4.68874
251	-12.8179	-11.3517	-10.5227	0.250791	0.189584	0.559625	2.89944
252	-4.28928	-4.46914	-5.30028	0.814631	0.118734	0.0666351	0.595995
253	-3.84253	-4.06001	-5.06179	0.828645	0.116317	0.0550382	0.541208
254	-3.71805	-3.87444	-4.60095	0.805029	0.120122	0.0748492	0.634541
255	-4.28281	-4.46166	-5.28161	0.813868	0.118743	0.0673891	0.599439
256	-17.2219	-14.1805	-12.0235	0.0220572	0.0805596	0.897383	4.35104
257	-4.25747	-4.48719	-5.53525	0.832426	0.115427	0.052147	0.527318
258	-4.45807	-4.57631	-5.12588	0.787212	0.122031	0.0907568	0.708565
259	-11.088	-9.64055	-8.90264	0.267278	0.198301	0.534421	2.79158
260	-3.64575	-3.91563	-5.14169	0.844902	0.112545	0.0425539	0.481288
261	-12.153	-10.7357	-10.1202	0.291001	0.209478	0.499521	2.64152
262	-21.464	-16.8132	-13.1615	0.00107971	0.0197192	0.979201	4.67503
263	-4.75628	-4.9004	-5.56102	0.798984	0.120691	0.0803253	0.659953
264	-4.92906	-5.05704	-5.64712	0.79167	0.121533	0.0867978	0.690124
265	-3.87847	-4.03935	-4.78457	0.806849	0.119854	0.0732977	0.627256
266	-4.17566	-4.36298	-5.22472	0.817386	0.11825	0.0643635	0.585255
267	-3.91886	-4.08248	-4.83651	0.807793	0.119666	0.0725408	0.623656
268	-15.6874	-12.6805	-10.672	0.0260331	0.0918649	0.882102	4.29049
269	-18.6731	-15.6256	-13.4366	0.0213032	0.0782835	0.900413	4.36302
270	-4.17274	-4.37388	-5.29718	0.822565	0.117367	0.0600682	0.564972
271	-3.87847	-4.03935	-4.78457	0.806849	0.119854	0.0732977	0.627256
272	-3.71805	-3.87444	-4.60095	0.805029	0.120122	0.0748492	0.634541
273	-5.00954	-5.16484	-5.87445	0.803833	0.120073	0.0760941	0.640175
274	-3.57036	-3.82409	-4.98686	0.840405	0.113768	0.0458269	0.497185
275	-3.88694	-4.10095	-5.07347	0.826796	0.116462	0.0567424	0.54909
276	-11.1199	-11.2547	-11.8809	0.795237	0.121243	0.0835199	0.674954
277	-12.2067	-10.7758	-10.1084	0.280695	0.204849	0.514457	2.70586
278	-5.16319	-5.28959	-5.87049	0.790776	0.121586	0.0876374	0.693993
279	-9.83109	-8.46935	-8.09914	0.338811	0.230717	0.430471	2.34391
280	-13.4085	-11.9716	-11.271	0.274719	0.201676	0.523605	2.745
281	-11.1354	-9.71187	-9.07551	0.286693	0.207675	0.505632	2.66792
282	-10.5642	-10.7222	-11.4519	0.805465	0.119999	0.074536	0.633016
283	-4.44474	-4.66091	-5.65389	0.828056	0.116387	0.0555576	0.54363
284	-5.05097	-5.21861	-5.98808	0.809313	0.11941	0.0712766	0.61769
285	-4.25747	-4.48719	-5.53525	0.832426	0.115427	0.052147	0.527318
286	-10.3435	-8.95706	-8.48927	0.319108	0.222729	0.458163	2.46369
287	-3.84253	-4.06001	-5.06179	0.828645	0.116317	0.0550382	0.541208
288	-3.71805	-3.87444	-4.60095	0.805029	0.120122	0.0748492	0.634541
289	-4.04555	-4.22433	-5.05085	0.814216	0.118802	0.0669818	0.59763
290	-10.8284	-10.9851	-11.7091	0.804928	0.120068	0.0750035	0.635201
291	-3.91886	-4.08248	-4.83651	0.807793	0.119666	0.0725408	0.623656
292	-3.71805	-3.87444	-4.60095	0.805029	0.120122	0.0748492	0.634541
293	-9.04598	-7.63746	-7.07345	0.300328	0.214307	0.485365	2.58088
294	-10.2189	-8.86303	-8.52958	0.345475	0.233887	0.420639	2.30165
295	-8.78211	-7.41348	-7.03174	0.335589	0.230104	0.434307	2.3609
296	-16.6519	-13.5643	-11.1962	0.0174073	0.0665856	0.916007	4.42469
297	-4.28928	-4.46914	-5.30028	0.814631	0.118734	0.0666351	0.595995
298	-10.3086	-10.4432	-11.0655	0.794938	0.121224	0.0838379	0.676388
299	-5.16319	-5.28959	-5.87049	0.790776	0.121586	0.0876374	0.693993
300	-9.92966	-8.56088	-8.17136	0.33442	0.229339	0.436242	2.3691
301	-11.6033	-10.1426	-9.33532	0.25488	0.191624	0.553496	2.87314
302	-18.7603	-15.7217	-13.5793	0.0224076	0.0816188	0.895974	4.34547
303	-3.06841	-3.28195	-4.25814	0.826901	0.116531	0.0565683	0.548352
304	-17.7244	-14.6814	-12.4953	0.0214536	0.0784815	0.900065	4.3616
305	-3.87847	-4.03935	-4.78457	0.806849	0.119854	0.0732977	0.627256
306	-4.28281	-4.46166	-5.28161	0.813868	0.118743	0.0673891	0.599439
307	-3.91886	-4.08248	-4.83651	0.807793	0.119666	0.0725408	0.623656
308	-3.06841	-3.28195	-4.25814	0.826901	0.116531	0.0565683	0.548352
309	-4.99937	-5.16732	-5.93916	0.809498	0.1194	0.0711022	0.616887
310	-4.81582	-4.94895	-5.56422	0.794225	0.121299	0.0844759	0.679355
311	-3.91886	-4.08248	-4.83651	0.807793	0.119666	0.0725408	0.623656
312	-4.09558	-4.32179	-5.36299	0.831636	0.115723	0.0526405	0.529805
313	-5.16319	-5.28959	-5.87049	0.790776	0.121586	0.0876374	0.693993
314	-8.17963	-8.38772	-9.3364	0.824811	0.116872	0.0583164	0.556592
315	-9.8484	-8.37259	-7.50234	0.243237	0.185649	0.571114	2.94863
316	-10.52	-9.10332	-8.4976	0.292555	0.21047	0.496975	2.63071
317	-4.5473	-4.70418	-5.43027	0.80508	0.120071	0.074849	0.634499
318	-5.05097	-5.21861	-5.98808	0.809313	0.11941	0.0712766	0.61769
319	-4.40079	-4.64462	-5.76052	0.837216	0.114464	0.0483199	0.509105
320	-8.78533	-9.05112	-10.2492	0.843344	0.112797	0.043859	0.487438
321	-4.0912	-4.27708	-5.13724	0.817089	0.118377	0.0645342	0.586135
322	-15.6611	-15.8466	-16.6941	0.81635	0.118324	0.0653265	0.589703
323	-3.70104	-3.97152	-5.19734	0.844971	0.112487	0.0425421	0.481188
324	-3.71805	-3.87444	-4.60095	0.805029	0.120122	0.0748492	0.634541
325	-4.28928	-4.46914	-5.30028	0.814631	0.118734	0.0666351	0.595995
326	-4.33142	-4.50917	-5.32299	0.813363	0.1188	0.0678367	0.601524
327	-4.34712	-4.58723	-5.68824	0.8361	0.114738	0.0491619	0.513161
328	-8.97317	-7.61979	-7.30512	0.348775	0.235524	0.415701	2.28046
329	-13.4185	-13.6021	-14.4234	0.814656	0.1183	0.0670443	0.597511
330	-12.2914	-12.4987	-13.4154	0.823135	0.116728	0.0601366	0.564771
331	-4.0912	-4.27708	-5.13724	0.817089	0.118377	0.0645342	0.586135
332	-23.2784	-18.6364	-15.0139	0.00112097	0.020291	0.978588	4.6727
333	-4.04555	-4.22433	-5.05085	0.814216	0.118802	0.0669818	0.59763
334	-9.56827	-8.12019	-7.37454	0.266057	0.197513	0.53643	2.8001
335	-3.82562	-3.98781	-4.73986	0.807455	0.119787	0.0727584	0.624744
336	-17.467	-15.9607	-14.9494	0.218621	0.172023	0.609356	3.11195
337	-20.7536	-19.285	-18.445	0.248792	0.188528	0.56268	2.91251
338	-4.33142	-4.50917	-5.32299	0.813363	0.1188	0.0678367	0.601524
339	-4.3495	-4.56552	-5.55317	0.827787	0.116367	0.0558452	0.544926
340	-10.2323	-10.4096	-11.2292	0.813616	0.11889	0.0674949	0.600038
341	-3.06841	-3.28195	-4.25814	0.826901	0.116531	0.0565683	0.548352
342	-3.06841	-3.28195	-4.25814	0.826901	0.116531	0.0565683	0.548352
343	-3.71805	-3.87444	-4.60095	0.805029	0.120122	0.0748492	0.634541
344	-3.91886	-4.08248	-4.83651	0.807793	0.119666	0.0725408	0.623656
345	-4.26521	-4.46271	-5.37271	0.821371	0.117623	0.0610058	0.56945
346	-28.2485	-23.5322	-19.5767	0.000750455	0.0146335	0.984616	4.69562
347	-13.6251	-12.1966	-11.5384	0.282522	0.205663	0.511815	2.69448
348	-3.06841	-3.28195	-4.25814	0.826901	0.116531	0.0565683	0.548352
349	-3.88694	-4.10095	-5.07347	0.826796	0.116462	0.0567424	0.54909
350	-10.1648	-8.74763	-8.13523	0.291472	0.209804	0.498723	2.63814
351	-4.40079	-4.64462	-5.76052	0.837216	0.114464	0.0483199	0.509105
352	-4.04555	-4.22433	-5.05085	0.814216	0.118802	0.0669818	0.59763
353	-4.3495	-4.56552	-5.55317	0.827787	0.116367	0.0558452	0.544926
354	-4.09558	-4.32179	-5.36299	0.831636	0.115723	0.0526405	0.529805
355	-8.61475	-8.78956	-9.59567	0.812489	0.119022	0.0684889	0.604674
356	-4.73504	-4.90491	-5.69064	0.810588	0.119331	0.0700811	0.612178
357	-3.70104	-3.97152	-5.19734	0.844971	0.112487	0.0425421	0.481188
358	-12.0406	-10.6127	-9.94657	0.281503	0.204801	0.513696	2.70235
359	-4.40079	-4.64462	-5.76052	0.837216	0.114464	0.0483199	0.509105
360	-4.33142	-4.50917	-5.32299	0.813363	0.1188	0.0678367	0.601524
361	-4.17566	-4.36298	-5.22472	0.817386	0.11825	0.0643635	0.585255
362	-13.2533	-11.8121	-11.1014	0.272412	0.200843	0.526745	2.75864
363	-19.5048	-16.5067	-14.5235	0.0268493	0.093913	0.879238	4.27908
364	-3.82562	-3.98781	-4.73986	0.807455	0.119787	0.0727584	0.624744
365	-4.00595	-4.22339	-5.23015	0.828865	0.116353	0.0547816	0.540068
366	-10.3684	-8.94626	-8.31621	0.28789	0.208254	0.503856	2.66029
367	-11.0908	-9.67519	-9.0708	0.292968	0.210544	0.496489	2.62855
368	-16.9138	-13.8847	-11.766	0.0231017	0.0833487	0.89355	4.33581
369	-4.26521	-4.46271	-5.3727	0.82137	0.117623	0.0610065	0.569454
370	-4.34881	-4.46321	-4.99562	0.785331	0.122208	0.0924613	0.716475
371	-4.20098	-4.42854	-5.46875	0.831782	0.115587	0.0526305	0.52965
372	-3.88262	-4.03456	-4.73429	0.802694	0.120307	0.0769994	0.644488
373	-4.5473	-4.70418	-5.43026	0.80508	0.120071	0.0748496	0.634502
374	-3.91886	-4.08247	-4.8365	0.807792	0.119667	0.0725414	0.623659
375	-4.25747	-4.48719	-5.53523	0.832425	0.115427	0.0521477	0.527321
376	-3.57036	-3.82409	-4.98685	0.840404	0.113768	0.0458275	0.497188
377	-4.34881	-4.46321	-4.99562	0.785331	0.122208	0.0924613	0.716475
378	-4.0912	-4.27708	-5.13723	0.817088	0.118377	0.0645348	0.586138
379	-3.06841	-3.28195	-4.25813	0.8269	0.116531	0.0565689	0.548355
380	-9.38232	-9.5768	-10.4678	0.819964	0.117776	0.0622597	0.575287
381	-4.81379	-4.95749	-5.62063	0.799077	0.120756	0.080167	0.659284
382	-4.26521	-4.46271	-5.3727	0.82137	0.117623	0.0610065	0.569454
383	-3.70103	-3.97151	-5.19732	0.84497	0.112487	0.0425428	0.481191
384	-11.2304	-9.81034	-9.17928	0.288175	0.208023	0.503802	2.65986
385	-3.71805	-3.87444	-4.60094	0.805029	0.120122	0.0748498	0.634544
386	-3.64575	-3.91563	-5.14167	0.844901	0.112545	0.0425546	0.481291
387	-5.16319	-5.28959	-5.87048	0.790775	0.121587	0.0876383	0.693997
388	-3.91886	-4.08247	-4.8365	0.807792	0.119667	0.0725414	0.623659
389	-3.64575	-3.91563	-5.14167	0.844901	0.112545	0.0425546	0.481291
390	-4.81403	-5.00493	-5.88009	0.818621	0.118005	0.0633738	0.580549
391	-4.77215	-4.918	-5.59364	0.800218	0.120669	0.0791137	0.654413
392	-4.20098	-4.42854	-5.46875	0.831782	0.115587	0.0526305	0.52965
393	-3.06841	-3.28195	-4.25813	0.8269	0.116531	0.0565689	0.548355
394	-3.57036	-3.82409	-4.98685	0.840404	0.113768	0.0458275	0.497188
395	-4.34881	-4.46321	-4.99562	0.785331	0.122208	0.0924613	0.716475
396	-4.77215	-4.918	-5.59364	0.800218	0.120669	0.0791137	0.654413
397	-3.71805	-3.87444	-4.60094	0.805029	0.120122	0.0748498	0.634544
398	-4.28928	-4.46914	-5.30027	0.81463	0.118734	0.0666357	0.595998
399	-3.61694	-3.87514	-5.05653	0.841712	0.113437	0.0448507	0.492471
400	-4.09558	-4.32179	-5.36297	0.831635	0.115723	0.0526412	0.529808
401	-9.09208	-9.35149	-10.5248	0.841566	0.113281	0.0451523	0.49372
402	-4.28928	-4.46914	-5.30027	0.81463	0.118734	0.0666357	0.595998
403	-3.88694	-4.10094	-5.07345	0.826795	0.116462	0.0567432	0.549094
404	-3.70103	-3.97151	-5.19732	0.84497	0.112487	0.0425428	0.481191
405	-4.45807	-4.5763	-5.12587	0.787211	0.122031	0.0907573	0.708568
406	-10.0854	-10.2625	-11.081	0.813518	0.118904	0.0675783	0.60043
407	-11.2199	-11.4902	-12.715	0.844919	0.112494	0.0425871	0.481398
