Sites	Ll_YN98.omega=0.00613664	Ll_YN98.omega=0.0681821	Ll_YN98.omega=0.3908	Ll_YN98.omega=0.900765	Ll_YN98.omega=4.85212	Pr_YN98.omega=0.00613664	Pr_YN98.omega=0.0681821	Pr_YN98.omega=0.3908	Pr_YN98.omega=0.900765	Pr_YN98.omega=4.85212	mean
1	-3.95411	-3.9704	-4.05501	-4.18851	-5.21253	0.257393	0.253235	0.23269	0.20361	0.0530711	0.550693
2	-15.8087	-13.4208	-11.7784	-11.1064	-10.6468	0.00327873	0.0357077	0.184508	0.361314	0.415191	2.41458
3	-5.12709	-5.13658	-5.18582	-5.26341	-5.8539	0.240561	0.23829	0.22684	0.209906	0.0844035	0.704984
4	-26.5439	-21.7436	-18.3323	-16.7889	-14.3707	6.19226e-06	0.000752615	0.0228091	0.106753	0.869679	4.32491
5	-28.1166	-23.3123	-19.8803	-18.305	-15.6662	4.82006e-06	0.000588184	0.0181972	0.0879338	0.893276	4.42064
6	-4.70717	-4.72154	-4.79611	-4.91359	-5.80727	0.2528	0.249195	0.231288	0.205652	0.0610653	0.590469
41	-3.50738	-3.52643	-3.62532	-3.78105	-4.96278	0.263173	0.258207	0.233895	0.200165	0.0445606	0.507141
42	-4.9546	-4.9672	-5.03263	-5.13572	-5.92033	0.248568	0.245455	0.229909	0.207389	0.068678	0.628152
43	-4.0451	-4.05902	-4.13137	-4.24549	-5.12038	0.251917	0.248434	0.231096	0.206171	0.0623814	0.597191
44	-3.63252	-3.65288	-3.75847	-3.92441	-5.16902	0.26564	0.260286	0.234204	0.198394	0.0414751	0.490852
45	-14.7454	-12.3486	-10.6605	-9.91643	-8.91963	0.00226005	0.0248321	0.134329	0.282684	0.555895	3.0061
46	-3.95416	-3.97094	-4.05814	-4.19575	-5.25197	0.258518	0.254216	0.232987	0.203035	0.0512444	0.541501
47	-3.84606	-3.8578	-3.91879	-4.01494	-4.74906	0.24649	0.243612	0.229198	0.208188	0.0725126	0.647061
48	-24.7598	-19.9553	-16.5221	-14.9446	-12.2793	4.69043e-06	0.000572497	0.0177342	0.0858866	0.895802	4.43087
49	-34.5595	-27.3517	-22.196	-19.8205	-15.7537	9.13896e-09	1.23375e-05	0.00213956	0.0230134	0.974835	4.75158
50	-4.95884	-4.97182	-5.03926	-5.14553	-5.95533	0.249536	0.246316	0.230253	0.207039	0.0668568	0.619199
51	-3.68075	-3.69281	-3.7555	-3.85448	-4.61667	0.247453	0.244486	0.229631	0.207991	0.0704388	0.637056
52	-3.68075	-3.69281	-3.7555	-3.85448	-4.61667	0.247453	0.244486	0.229631	0.207991	0.0704388	0.637056
53	-3.01718	-3.03372	-3.11953	-3.25464	-4.27884	0.257701	0.253475	0.23263	0.203231	0.0529628	0.549821
54	-3.50955	-3.52918	-3.63111	-3.79166	-5.01163	0.264418	0.259277	0.234152	0.199422	0.0427297	0.49777
55	-4.32149	-4.33031	-4.37615	-4.44855	-5.00712	0.238988	0.236889	0.226275	0.210471	0.0873764	0.719592
56	-4.16977	-4.18468	-4.26216	-4.38434	-5.31857	0.254201	0.250437	0.231766	0.205111	0.0584845	0.57774
57	-3.50955	-3.52918	-3.63111	-3.79166	-5.01163	0.264418	0.259277	0.234152	0.199422	0.0427297	0.49777
58	-4.71037	-4.72517	-4.80204	-4.92315	-5.84559	0.253854	0.250124	0.231619	0.2052	0.0592035	0.581228
59	-4.46571	-4.47939	-4.55038	-4.6621	-5.5076	0.251069	0.247658	0.230688	0.206302	0.0642823	0.606314
60	-3.78688	-3.7994	-3.86443	-3.96707	-4.75607	0.248546	0.245455	0.230001	0.207564	0.0684353	0.627168
61	-4.64904	-4.65891	-4.71017	-4.79108	-5.41318	0.241751	0.239378	0.227417	0.209741	0.0817131	0.692088
62	-4.78373	-4.79401	-4.84741	-4.93166	-5.57716	0.242788	0.240305	0.227809	0.209403	0.0796945	0.682212
63	-4.957	-4.96888	-5.03057	-5.12781	-5.8698	0.246819	0.243904	0.229312	0.208063	0.0719016	0.644051
64	-4.53926	-4.55911	-4.66213	-4.82416	-6.04522	0.264706	0.259502	0.2341	0.199081	0.0426103	0.49688
65	-4.16977	-4.18468	-4.26216	-4.38434	-5.31857	0.254201	0.250437	0.231766	0.205111	0.0584845	0.57774
66	-4.23976	-4.2536	-4.32543	-4.4386	-5.29889	0.251541	0.248085	0.230888	0.206184	0.0633024	0.601564
67	-3.83999	-3.85241	-3.91693	-4.01874	-4.80057	0.248283	0.245219	0.229899	0.207645	0.0689541	0.6297
68	-3.87985	-3.89249	-3.95817	-4.0617	-4.85282	0.248748	0.245622	0.23001	0.207388	0.0682318	0.626038
69	-4.24608	-4.25997	-4.33213	-4.44595	-5.31794	0.251821	0.248348	0.231059	0.206201	0.0625714	0.598118
70	-3.79052	-3.80733	-3.89462	-4.03224	-5.08324	0.258466	0.254158	0.232913	0.202968	0.051495	0.542624
71	-3.01718	-3.03372	-3.11953	-3.25464	-4.27884	0.257701	0.253475	0.23263	0.203231	0.0529628	0.549821
72	-14.4701	-12.0797	-10.4247	-9.73293	-9.13131	0.00299132	0.0326576	0.170898	0.341337	0.452116	2.57022
73	-4.04674	-4.06109	-4.13564	-4.25328	-5.1557	0.252941	0.249337	0.231423	0.20574	0.06056	0.58816
74	-4.14621	-4.16383	-4.25527	-4.39925	-5.49064	0.260089	0.255547	0.233215	0.201943	0.049207	0.530821
75	-4.95884	-4.97182	-5.03926	-5.14553	-5.95533	0.249536	0.246316	0.230253	0.207039	0.0668568	0.619199
76	-4.28948	-4.30806	-4.4045	-4.55643	-5.71157	0.262212	0.257386	0.233721	0.200779	0.045902	0.514073
77	-10.9991	-11.0146	-11.0953	-11.2224	-12.1888	0.25552	0.25158	0.232083	0.204386	0.0564316	0.567336
78	-4.46571	-4.47939	-4.55038	-4.6621	-5.5076	0.251069	0.247658	0.230688	0.206302	0.0642823	0.606314
79	-4.72147	-4.73262	-4.79051	-4.8817	-5.5748	0.2449	0.242184	0.228561	0.208641	0.0757138	0.662646
80	-15.3865	-12.9953	-11.336	-10.6378	-10.0042	0.00291848	0.0318894	0.167596	0.336885	0.460712	2.60657
81	-10.0671	-10.0798	-10.146	-10.2501	-11.0377	0.248805	0.245654	0.229932	0.207201	0.0684079	0.626697
82	-4.8981	-4.90799	-4.95935	-5.04033	-5.65942	0.241713	0.239335	0.227353	0.209667	0.0819311	0.693052
83	-3.87985	-3.89249	-3.95817	-4.0617	-4.85282	0.248748	0.245622	0.23001	0.207388	0.0682318	0.626038
84	-32.6715	-27.8713	-24.4599	-22.9169	-20.5146	6.27997e-06	0.000763286	0.0231323	0.10823	0.867868	4.31758
85	-24.6646	-19.8604	-16.4285	-14.8533	-12.2123	4.8119e-06	0.000587176	0.0181642	0.0877664	0.893477	4.42145
86	-3.58087	-3.60179	-3.71035	-3.88108	-5.16749	0.26688	0.261354	0.234468	0.197667	0.0396315	0.481436
87	-3.78688	-3.7994	-3.86443	-3.96707	-4.75607	0.248546	0.245455	0.230001	0.207564	0.0684353	0.627168
88	-4.32149	-4.33031	-4.37615	-4.44855	-5.00712	0.238988	0.236889	0.226275	0.210471	0.0873764	0.719592
89	-4.9719	-4.98392	-5.04634	-5.1446	-5.88911	0.247053	0.244099	0.229329	0.207867	0.0716527	0.642687
90	-4.12442	-4.13998	-4.22076	-4.34803	-5.31672	0.255583	0.251637	0.232109	0.204372	0.0562997	0.566698
91	-3.8353	-3.85189	-3.93798	-4.07337	-5.09381	0.257714	0.253473	0.232565	0.203116	0.0531322	0.550514
92	-10.0469	-10.0612	-10.1352	-10.2521	-11.1485	0.252719	0.249141	0.231353	0.205833	0.0609538	0.590113
93	-14.9064	-12.51	-10.8241	-10.0837	-9.1228	0.00231827	0.0254612	0.137427	0.288139	0.546655	2.96743
94	-14.9796	-12.5835	-10.8988	-10.1606	-9.22263	0.00235494	0.0258581	0.139397	0.291649	0.540741	2.9427
95	-35.3218	-28.115	-22.9648	-20.5977	-16.5815	9.74513e-09	1.31416e-05	0.00226644	0.0241748	0.973546	4.74642
96	-17.6066	-17.6168	-17.6694	-17.7523	-18.3841	0.242304	0.239861	0.227566	0.209456	0.0808135	0.687561
97	-15.9468	-13.5552	-11.8941	-11.1924	-10.5132	0.00284292	0.0310742	0.16362	0.330029	0.472433	2.65566
98	-13.7412	-11.3489	-9.68425	-8.97734	-8.26872	0.00278016	0.0304093	0.160684	0.325823	0.480303	2.68886
99	-3.72357	-3.74548	-3.85915	-4.03803	-5.38858	0.268888	0.263061	0.234794	0.196337	0.0369192	0.467334
100	-5.01046	-5.02343	-5.09075	-5.19682	-6.00415	0.249463	0.246249	0.230216	0.207047	0.0670252	0.620004
101	-4.20211	-4.21991	-4.31225	-4.45759	-5.55721	0.260429	0.255836	0.23327	0.201716	0.0487489	0.528437
102	-3.95416	-3.97094	-4.05814	-4.19575	-5.25197	0.258518	0.254216	0.232987	0.203035	0.0512444	0.541501
103	-3.79052	-3.80733	-3.89462	-4.03224	-5.08324	0.258466	0.254158	0.232913	0.202968	0.051495	0.542624
104	-3.68075	-3.69281	-3.7555	-3.85448	-4.61667	0.247453	0.244486	0.229631	0.207991	0.0704388	0.637056
105	-4.00275	-4.01656	-4.08827	-4.20141	-5.06854	0.251627	0.248177	0.231002	0.206291	0.0629036	0.599777
106	-4.78373	-4.79401	-4.84741	-4.93166	-5.57716	0.242788	0.240305	0.227809	0.209403	0.0796945	0.682212
107	-35.6067	-28.3885	-23.1803	-20.7256	-16.1629	4.87693e-09	6.65228e-06	0.00121589	0.0141556	0.984622	4.79073
108	-3.68075	-3.69281	-3.7555	-3.85448	-4.61667	0.247453	0.244486	0.229631	0.207991	0.0704388	0.637056
109	-4.50972	-4.52183	-4.58474	-4.68402	-5.44578	0.247504	0.244525	0.229614	0.207914	0.0704433	0.637005
110	-4.12442	-4.13998	-4.22076	-4.34803	-5.31672	0.255583	0.251637	0.232109	0.204372	0.0562997	0.566698
111	-3.50955	-3.52918	-3.63111	-3.79166	-5.01163	0.264418	0.259277	0.234152	0.199422	0.0427297	0.49777
112	-3.8353	-3.85189	-3.93798	-4.07337	-5.09381	0.257714	0.253473	0.232565	0.203116	0.0531322	0.550514
113	-10.4626	-10.4764	-10.5478	-10.6604	-11.5198	0.251419	0.247986	0.230894	0.206308	0.0633937	0.602113
114	-5.13244	-5.14222	-5.19297	-5.27296	-5.88243	0.241355	0.239007	0.227179	0.209716	0.0827423	0.696939
115	-16.0387	-13.6405	-11.9452	-11.1901	-10.1161	0.00212543	0.0233855	0.127415	0.27113	0.575944	3.09017
116	-3.01718	-3.03372	-3.11953	-3.25464	-4.27884	0.257701	0.253475	0.23263	0.203231	0.0529628	0.549821
117	-3.58087	-3.60179	-3.71035	-3.88108	-5.16749	0.26688	0.261354	0.234468	0.197667	0.0396315	0.481436
118	-14.8488	-12.4572	-10.7959	-10.0943	-9.41971	0.00284884	0.0311397	0.163981	0.330771	0.471259	2.65078
119	-3.68075	-3.69281	-3.7555	-3.85448	-4.61667	0.247453	0.244486	0.229631	0.207991	0.0704388	0.637056
120	-3.8353	-3.85189	-3.93798	-4.07337	-5.09381	0.257714	0.253473	0.232565	0.203116	0.0531322	0.550514
121	-3.78688	-3.7994	-3.86443	-3.96707	-4.75607	0.248546	0.245455	0.230001	0.207564	0.0684353	0.627168
122	-4.23976	-4.2536	-4.32543	-4.4386	-5.29889	0.251541	0.248085	0.230888	0.206184	0.0633024	0.601564
123	-3.87985	-3.89249	-3.95817	-4.0617	-4.85282	0.248748	0.245622	0.23001	0.207388	0.0682318	0.626038
124	-4.32149	-4.33031	-4.37615	-4.44855	-5.00712	0.238988	0.236889	0.226275	0.210471	0.0873764	0.719592
125	-4.54169	-4.55328	-4.61348	-4.70851	-5.43903	0.24622	0.243383	0.229163	0.208389	0.0728449	0.648824
126	-4.13067	-4.14516	-4.22036	-4.33889	-5.24299	0.253133	0.249493	0.231419	0.205552	0.0604032	0.58724
127	-3.87985	-3.89249	-3.95817	-4.0617	-4.85282	0.248748	0.245622	0.23001	0.207388	0.0682318	0.626038
128	-14.3418	-11.9476	-10.2725	-9.54918	-8.71443	0.0025458	0.0279016	0.148972	0.307069	0.513511	2.82835
129	-4.46571	-4.47939	-4.55038	-4.6621	-5.5076	0.251069	0.247658	0.230688	0.206302	0.0642823	0.606314
130	-3.79052	-3.80733	-3.89462	-4.03224	-5.08324	0.258466	0.254158	0.232913	0.202968	0.051495	0.542624
131	-22.517	-20.1249	-18.4607	-17.7544	-17.041	0.00277678	0.0303689	0.160387	0.325023	0.481444	2.69356
132	-3.55503	-3.57502	-3.67876	-3.84213	-5.08166	0.265115	0.259869	0.234261	0.198952	0.0418033	0.492938
133	-4.50972	-4.52183	-4.58474	-4.68402	-5.44578	0.247504	0.244525	0.229614	0.207914	0.0704433	0.637005
134	-4.04674	-4.06109	-4.13564	-4.25328	-5.1557	0.252941	0.249337	0.231423	0.20574	0.06056	0.58816
135	-36.9278	-29.7133	-24.5237	-22.0959	-17.6702	5.86181e-09	7.96577e-06	0.00142907	0.0161964	0.982367	4.7817
136	-8.72047	-8.74129	-8.84931	-9.01909	-10.2936	0.266607	0.261111	0.234376	0.197779	0.0401274	0.483888
137	-4.04674	-4.06109	-4.13564	-4.25328	-5.1557	0.252941	0.249337	0.231423	0.20574	0.06056	0.58816
138	-37.4012	-30.1901	-25.0175	-22.6157	-18.3546	7.21599e-09	9.77325e-06	0.00172364	0.0190351	0.979231	4.76916
139	-4.20211	-4.21991	-4.31225	-4.45759	-5.55721	0.260429	0.255836	0.23327	0.201716	0.0487489	0.528437
140	-3.68075	-3.69281	-3.7555	-3.85448	-4.61667	0.247453	0.244486	0.229631	0.207991	0.0704388	0.637056
141	-14.5692	-14.581	-14.6418	-14.7377	-15.4707	0.246431	0.243561	0.229183	0.208219	0.0726059	0.647532
142	-4.94928	-4.95911	-5.01017	-5.09066	-5.70542	0.241545	0.239182	0.227276	0.209699	0.0822988	0.694823
143	-3.63595	-3.65693	-3.76577	-3.93687	-5.22304	0.266948	0.261405	0.234448	0.197577	0.0396227	0.481307
144	-3.72357	-3.74548	-3.85915	-4.03803	-5.38858	0.268888	0.263061	0.234794	0.196337	0.0369192	0.467334
145	-5.13244	-5.14222	-5.19297	-5.27296	-5.88243	0.241355	0.239007	0.227179	0.209716	0.0827423	0.696939
146	-4.16977	-4.18468	-4.26216	-4.38434	-5.31857	0.254201	0.250437	0.231766	0.205111	0.0584845	0.57774
147	-3.83999	-3.85241	-3.91693	-4.01874	-4.80057	0.248283	0.245219	0.229899	0.207645	0.0689541	0.6297
148	-4.23976	-4.2536	-4.32543	-4.4386	-5.29889	0.251541	0.248085	0.230888	0.206184	0.0633024	0.601564
149	-4.24608	-4.25997	-4.33213	-4.44595	-5.31794	0.251821	0.248348	0.231059	0.206201	0.0625714	0.598118
150	-4.23976	-4.2536	-4.32543	-4.4386	-5.29889	0.251541	0.248085	0.230888	0.206184	0.0633024	0.601564
151	-3.78688	-3.7994	-3.86443	-3.96707	-4.75607	0.248546	0.245455	0.230001	0.207564	0.0684353	0.627168
152	-19.1208	-19.1328	-19.1954	-19.2941	-20.0464	0.247246	0.244284	0.229459	0.207901	0.0711097	0.640148
153	-9.81336	-9.8267	-9.89597	-10.0051	-10.8331	0.250327	0.247009	0.230478	0.206659	0.0655264	0.612541
154	-4.28859	-4.30235	-4.37376	-4.48623	-5.34008	0.251323	0.247889	0.230804	0.206252	0.0637324	0.603664
155	-4.29752	-4.31425	-4.40106	-4.53773	-5.57395	0.258129	0.253848	0.232741	0.20301	0.0522727	0.546345
156	-4.00275	-4.01656	-4.08827	-4.20141	-5.06854	0.251627	0.248177	0.231002	0.206291	0.0629036	0.599777
157	-3.01718	-3.03372	-3.11953	-3.25464	-4.27884	0.257701	0.253475	0.23263	0.203231	0.0529628	0.549821
158	-3.01718	-3.03372	-3.11953	-3.25464	-4.27884	0.257701	0.253475	0.23263	0.203231	0.0529628	0.549821
159	-3.01718	-3.03372	-3.11953	-3.25464	-4.27884	0.257701	0.253475	0.23263	0.203231	0.0529628	0.549821
160	-3.87985	-3.89249	-3.95817	-4.0617	-4.85282	0.248748	0.245622	0.23001	0.207388	0.0682318	0.626038
161	-19.2675	-16.8188	-14.9045	-13.9023	-12.1592	0.000839034	0.00971082	0.06586	0.179417	0.744173	3.79883
162	-15.3615	-12.9656	-11.282	-10.5453	-9.61468	0.00237036	0.0260218	0.140128	0.292715	0.538765	2.93437
163	-4.21775	-4.23302	-4.31229	-4.43727	-5.39202	0.254982	0.25112	0.231982	0.204727	0.0571896	0.571246
164	-28.4693	-23.6669	-20.2444	-18.684	-16.1497	5.42854e-06	0.000661209	0.0202618	0.0964661	0.882605	4.37736
165	-9.19536	-9.21252	-9.30162	-9.44172	-10.4642	0.258541	0.254141	0.232478	0.202085	0.0527547	0.54777
166	-4.28948	-4.30806	-4.4045	-4.55643	-5.71157	0.262212	0.257386	0.233721	0.200779	0.045902	0.514073
167	-4.50199	-4.51796	-4.60086	-4.73135	-5.71965	0.256422	0.252359	0.232283	0.203866	0.0550704	0.560399
168	-4.00275	-4.01656	-4.08827	-4.20141	-5.06854	0.251627	0.248177	0.231002	0.206291	0.0629036	0.599777
169	-22.7922	-17.9929	-14.5864	-13.0512	-10.7128	6.72668e-06	0.000816813	0.0246333	0.114354	0.86019	4.28643
170	-4.28948	-4.30806	-4.4045	-4.55643	-5.71157	0.262212	0.257386	0.233721	0.200779	0.045902	0.514073
171	-4.24608	-4.25997	-4.33213	-4.44595	-5.31794	0.251821	0.248348	0.231059	0.206201	0.0625714	0.598118
172	-23.3976	-18.5946	-15.169	-13.6037	-11.0375	5.2323e-06	0.000637699	0.0196031	0.0937835	0.88597	4.39101
173	-3.8353	-3.85189	-3.93798	-4.07337	-5.09381	0.257714	0.253473	0.232565	0.203116	0.0531322	0.550514
174	-5.01046	-5.02343	-5.09075	-5.19682	-6.00415	0.249463	0.246249	0.230216	0.207047	0.0670252	0.620004
175	-4.34219	-4.36107	-4.45904	-4.61331	-5.78408	0.2628	0.257886	0.233819	0.200392	0.0451031	0.509924
176	-9.63473	-9.64538	-9.70067	-9.78785	-10.4537	0.24369	0.241109	0.228139	0.209093	0.07797	0.673754
177	-25.6403	-23.2478	-21.5816	-20.8722	-20.1357	0.0027327	0.0298985	0.158217	0.321613	0.487539	2.71918
178	-4.04674	-4.06109	-4.13564	-4.25328	-5.1557	0.252941	0.249337	0.231423	0.20574	0.06056	0.58816
179	-3.58087	-3.60179	-3.71035	-3.88108	-5.16749	0.26688	0.261354	0.234468	0.197667	0.0396315	0.481436
180	-3.78688	-3.7994	-3.86443	-3.96707	-4.75607	0.248546	0.245455	0.230001	0.207564	0.0684353	0.627168
181	-3.95416	-3.97094	-4.05814	-4.19575	-5.25197	0.258518	0.254216	0.232987	0.203035	0.0512444	0.541501
182	-3.55503	-3.57502	-3.67876	-3.84213	-5.08166	0.265115	0.259869	0.234261	0.198952	0.0418033	0.492938
183	-36.7409	-29.5285	-24.349	-21.9363	-17.5963	6.55232e-09	8.88626e-06	0.0015781	0.0176175	0.980796	4.77542
184	-4.20211	-4.21991	-4.31225	-4.45759	-5.55721	0.260429	0.255836	0.23327	0.201716	0.0487489	0.528437
185	-4.20211	-4.21991	-4.31225	-4.45759	-5.55721	0.260429	0.255836	0.23327	0.201716	0.0487489	0.528437
186	-4.32149	-4.33031	-4.37615	-4.44855	-5.00712	0.238988	0.236889	0.226275	0.210471	0.0873764	0.719592
187	-5.01046	-5.02343	-5.09075	-5.19682	-6.00415	0.249463	0.246249	0.230216	0.207047	0.0670252	0.620004
188	-3.01718	-3.03372	-3.11953	-3.25464	-4.27884	0.257701	0.253475	0.23263	0.203231	0.0529628	0.549821
189	-3.79052	-3.80733	-3.89462	-4.03224	-5.08324	0.258466	0.254158	0.232913	0.202968	0.051495	0.542624
190	-3.87985	-3.89249	-3.95817	-4.0617	-4.85282	0.248748	0.245622	0.23001	0.207388	0.0682318	0.626038
191	-4.20211	-4.21991	-4.31225	-4.45759	-5.55721	0.260429	0.255836	0.23327	0.201716	0.0487489	0.528437
192	-3.50955	-3.52918	-3.63111	-3.79166	-5.01163	0.264418	0.259277	0.234152	0.199422	0.0427297	0.49777
193	-4.32149	-4.33031	-4.37615	-4.44855	-5.00712	0.238988	0.236889	0.226275	0.210471	0.0873764	0.719592
194	-4.04674	-4.06109	-4.13564	-4.25328	-5.1557	0.252941	0.249337	0.231423	0.20574	0.06056	0.58816
195	-3.01718	-3.03372	-3.11953	-3.25464	-4.27884	0.257701	0.253475	0.23263	0.203231	0.0529628	0.549821
196	-4.16977	-4.18468	-4.26216	-4.38434	-5.31857	0.254201	0.250437	0.231766	0.205111	0.0584845	0.57774
197	-4.20211	-4.21991	-4.31225	-4.45759	-5.55721	0.260429	0.255836	0.23327	0.201716	0.0487489	0.528437
198	-27.135	-22.3303	-18.8959	-17.3168	-14.6452	4.65039e-06	0.000567735	0.0176061	0.085402	0.89642	4.43338
199	-3.8353	-3.85189	-3.93798	-4.07337	-5.09381	0.257714	0.253473	0.232565	0.203116	0.0531322	0.550514
200	-4.72147	-4.73262	-4.79051	-4.8817	-5.5748	0.2449	0.242184	0.228561	0.208641	0.0757138	0.662646
201	-3.68075	-3.69281	-3.7555	-3.85448	-4.61667	0.247453	0.244486	0.229631	0.207991	0.0704388	0.637056
202	-15.9385	-13.547	-11.8867	-11.1868	-10.5398	0.0028928	0.0316154	0.166336	0.334928	0.464228	2.62136
203	-5.13244	-5.14222	-5.19297	-5.27296	-5.88243	0.241355	0.239007	0.227179	0.209716	0.0827423	0.696939
204	-3.87985	-3.89249	-3.95817	-4.0617	-4.85282	0.248748	0.245622	0.23001	0.207388	0.0682318	0.626038
205	-3.55503	-3.57502	-3.67876	-3.84213	-5.08166	0.265115	0.259869	0.234261	0.198952	0.0418033	0.492938
206	-4.14621	-4.16383	-4.25527	-4.39925	-5.49064	0.260089	0.255547	0.233215	0.201943	0.049207	0.530821
207	-3.68075	-3.69281	-3.7555	-3.85448	-4.61667	0.247453	0.244486	0.229631	0.207991	0.0704388	0.637056
208	-16.1411	-13.7485	-12.0817	-11.3715	-10.6418	0.00273818	0.0299624	0.158654	0.322745	0.4859	2.71242
209	-3.55503	-3.57502	-3.67876	-3.84213	-5.08166	0.265115	0.259869	0.234261	0.198952	0.0418033	0.492938
210	-4.16977	-4.18468	-4.26216	-4.38434	-5.31857	0.254201	0.250437	0.231766	0.205111	0.0584845	0.57774
211	-3.84606	-3.8578	-3.91879	-4.01494	-4.74906	0.24649	0.243612	0.229198	0.208188	0.0725126	0.647061
212	-5.01046	-5.02343	-5.09075	-5.19682	-6.00415	0.249463	0.246249	0.230216	0.207047	0.0670252	0.620004
213	-3.68075	-3.69281	-3.7555	-3.85448	-4.61667	0.247453	0.244486	0.229631	0.207991	0.0704388	0.637056
214	-4.24608	-4.25997	-4.33213	-4.44595	-5.31794	0.251821	0.248348	0.231059	0.206201	0.0625714	0.598118
215	-3.72357	-3.74548	-3.85915	-4.03803	-5.38858	0.268888	0.263061	0.234794	0.196337	0.0369192	0.467334
216	-59.7005	-47.6705	-38.9901	-34.8953	-27.1529	1.00858e-14	1.69164e-09	9.95716e-06	0.000597685	0.999392	4.84971
217	-16.5639	-14.1766	-12.5374	-11.8704	-11.4523	0.0033603	0.0365738	0.188383	0.367033	0.40465	2.37015
218	-4.73706	-4.74831	-4.8068	-4.89911	-5.60796	0.245362	0.242615	0.228832	0.208655	0.0745357	0.65708
219	-3.58087	-3.60179	-3.71035	-3.88108	-5.16749	0.26688	0.261354	0.234468	0.197667	0.0396315	0.481436
220	-3.63595	-3.65693	-3.76577	-3.93687	-5.22304	0.266948	0.261405	0.234448	0.197577	0.0396227	0.481307
221	-4.42978	-4.4389	-4.48629	-4.56112	-5.13768	0.239781	0.237605	0.226608	0.21027	0.0857357	0.711634
222	-4.00275	-4.01656	-4.08827	-4.20141	-5.06854	0.251627	0.248177	0.231002	0.206291	0.0629036	0.599777
223	-4.71037	-4.72517	-4.80204	-4.92315	-5.84559	0.253854	0.250124	0.231619	0.2052	0.0592035	0.581228
224	-3.50955	-3.52918	-3.63111	-3.79166	-5.01163	0.264418	0.259277	0.234152	0.199422	0.0427297	0.49777
225	-13.9546	-13.969	-14.0436	-14.1611	-15.0509	0.252746	0.249139	0.231228	0.205603	0.0612853	0.591465
226	-13.7914	-11.4002	-9.74099	-9.04287	-8.40962	0.00291922	0.0318972	0.16763	0.336932	0.460622	2.60619
227	-3.63595	-3.65693	-3.76577	-3.93687	-5.22304	0.266948	0.261405	0.234448	0.197577	0.0396227	0.481307
228	-15.3042	-12.9089	-11.2282	-10.4961	-9.59409	0.00242436	0.0265992	0.142813	0.296973	0.53119	2.90254
229	-13.7274	-11.3359	-9.67538	-8.97515	-8.32517	0.00288742	0.0315578	0.166066	0.334491	0.464998	2.62459
230	-15.4511	-13.0547	-11.3682	-10.6269	-9.6594	0.00230663	0.0253362	0.13683	0.287145	0.548382	2.97468
231	-5.19485	-5.20858	-5.27986	-5.39208	-6.24272	0.251232	0.247806	0.230759	0.206263	0.0639402	0.604658
232	-43.9665	-34.3533	-27.4651	-24.2759	-18.69	1.44369e-11	2.1598e-07	0.000211797	0.00513988	0.994648	4.83086
233	-27.0579	-22.2401	-18.7411	-17.0703	-13.946	2.59704e-06	0.00032124	0.0106272	0.056495	0.932554	4.57992
234	-3.68075	-3.69281	-3.7555	-3.85448	-4.61667	0.247453	0.244486	0.229631	0.207991	0.0704388	0.637056
235	-3.01718	-3.03372	-3.11953	-3.25464	-4.27884	0.257701	0.253475	0.23263	0.203231	0.0529628	0.549821
236	-3.68075	-3.69281	-3.7555	-3.85448	-4.61667	0.247453	0.244486	0.229631	0.207991	0.0704388	0.637056
237	-3.72357	-3.74548	-3.85915	-4.03803	-5.38858	0.268888	0.263061	0.234794	0.196337	0.0369192	0.467334
238	-4.32149	-4.33031	-4.37615	-4.44855	-5.00712	0.238988	0.236889	0.226275	0.210471	0.0873764	0.719592
239	-4.14621	-4.16383	-4.25527	-4.39925	-5.49064	0.260089	0.255547	0.233215	0.201943	0.049207	0.530821
240	-3.50955	-3.52918	-3.63111	-3.79166	-5.01163	0.264418	0.259277	0.234152	0.199422	0.0427297	0.49777
241	-4.73706	-4.74831	-4.8068	-4.89911	-5.60796	0.245362	0.242615	0.228832	0.208655	0.0745357	0.65708
242	-4.53926	-4.55911	-4.66213	-4.82416	-6.04522	0.264706	0.259502	0.2341	0.199081	0.0426103	0.49688
243	-4.14621	-4.16383	-4.25527	-4.39925	-5.49064	0.260089	0.255547	0.233215	0.201943	0.049207	0.530821
244	-4.28859	-4.30235	-4.37376	-4.48623	-5.34008	0.251323	0.247889	0.230804	0.206252	0.0637324	0.603664
245	-3.84606	-3.8578	-3.91879	-4.01494	-4.74906	0.24649	0.243612	0.229198	0.208188	0.0725126	0.647061
246	-4.77914	-4.79024	-4.8479	-4.93884	-5.63457	0.244893	0.242189	0.228619	0.208747	0.0755529	0.661983
247	-4.53926	-4.55911	-4.66213	-4.82416	-6.04522	0.264706	0.259502	0.2341	0.199081	0.0426103	0.49688
248	-9.73183	-9.75102	-9.85064	-10.0075	-11.1955	0.263438	0.25843	0.233925	0.19997	0.0442367	0.505423
249	-4.20211	-4.21991	-4.31225	-4.45759	-5.55721	0.260429	0.255836	0.23327	0.201716	0.0487489	0.528437
250	-37.0484	-29.8387	-24.6733	-22.2828	-18.1055	7.98928e-09	1.08055e-05	0.00189196	0.0206585	0.977439	4.76199
251	-16.2522	-13.8566	-12.1741	-11.4393	-10.5213	0.00239337	0.0262684	0.14129	0.294609	0.535439	2.92041
252	-4.24608	-4.25997	-4.33213	-4.44595	-5.31794	0.251821	0.248348	0.231059	0.206201	0.0625714	0.598118
253	-3.79052	-3.80733	-3.89462	-4.03224	-5.08324	0.258466	0.254158	0.232913	0.202968	0.051495	0.542624
254	-3.68075	-3.69281	-3.7555	-3.85448	-4.61667	0.247453	0.244486	0.229631	0.207991	0.0704388	0.637056
255	-4.23976	-4.2536	-4.32543	-4.4386	-5.29889	0.251541	0.248085	0.230888	0.206184	0.0633024	0.601564
256	-24.1169	-19.3172	-15.9085	-14.3699	-12.0102	6.56516e-06	0.000797547	0.0241061	0.112287	0.862802	4.29704
257	-4.20211	-4.21991	-4.31225	-4.45759	-5.55721	0.260429	0.255836	0.23327	0.201716	0.0487489	0.528437
258	-4.42978	-4.4389	-4.48629	-4.56112	-5.13768	0.239781	0.237605	0.226608	0.21027	0.0857357	0.711634
259	-14.5181	-12.1239	-10.4488	-9.72587	-8.90333	0.00256263	0.0280861	0.149948	0.308977	0.510427	2.8155
260	-3.58087	-3.60179	-3.71035	-3.88108	-5.16749	0.26688	0.261354	0.234468	0.197667	0.0396315	0.481436
261	-15.5751	-13.1833	-11.5207	-10.8167	-10.1227	0.00281314	0.0307576	0.162192	0.327892	0.476346	2.67214
262	-31.8275	-24.6211	-19.4725	-17.1083	-13.1322	1.01818e-08	1.37265e-05	0.00236355	0.0251364	0.972486	4.74218
263	-4.72147	-4.73262	-4.79051	-4.8817	-5.5748	0.2449	0.242184	0.228561	0.208641	0.0757138	0.662646
264	-4.8981	-4.90799	-4.95935	-5.04033	-5.65942	0.241713	0.239335	0.227353	0.209667	0.0819311	0.693052
265	-3.83999	-3.85241	-3.91693	-4.01874	-4.80057	0.248283	0.245219	0.229899	0.207645	0.0689541	0.6297
266	-4.13067	-4.14516	-4.22036	-4.33889	-5.24299	0.253133	0.249493	0.231419	0.205552	0.0604032	0.58724
267	-3.87985	-3.89249	-3.95817	-4.0617	-4.85282	0.248748	0.245622	0.23001	0.207388	0.0682318	0.626038
268	-22.5737	-17.7766	-14.3819	-12.865	-10.6612	7.78744e-06	0.000943483	0.0281221	0.128176	0.84275	4.21563
269	-25.5688	-20.7686	-17.3575	-15.8151	-13.4218	6.33493e-06	0.000769932	0.0233275	0.109084	0.866813	4.3133
270	-4.12442	-4.13998	-4.22076	-4.34803	-5.31672	0.255583	0.251637	0.232109	0.204372	0.0562997	0.566698
271	-3.83999	-3.85241	-3.91693	-4.01874	-4.80057	0.248283	0.245219	0.229899	0.207645	0.0689541	0.6297
272	-3.68075	-3.69281	-3.7555	-3.85448	-4.61667	0.247453	0.244486	0.229631	0.207991	0.0704388	0.637056
273	-4.9719	-4.98392	-5.04634	-5.1446	-5.88911	0.247053	0.244099	0.229329	0.207867	0.0716527	0.642687
274	-3.50955	-3.52918	-3.63111	-3.79166	-5.01163	0.264418	0.259277	0.234152	0.199422	0.0427297	0.49777
275	-3.8353	-3.85189	-3.93798	-4.07337	-5.09381	0.257714	0.253473	0.232565	0.203116	0.0531322	0.550514
276	-11.091	-11.1014	-11.1555	-11.2409	-11.8978	0.243191	0.240674	0.228009	0.209356	0.0787704	0.677792
277	-15.6323	-13.2394	-11.5711	-10.8585	-10.1101	0.00270311	0.0295873	0.156908	0.319966	0.490835	2.73316
278	-5.13244	-5.14222	-5.19297	-5.27296	-5.88243	0.241355	0.239007	0.227179	0.209716	0.0827423	0.696939
279	-13.2401	-10.8526	-9.21237	-8.54358	-8.10698	0.00332634	0.0362115	0.186717	0.364449	0.409296	2.38969
280	-16.8355	-14.4422	-12.7716	-12.0552	-11.2719	0.00264173	0.028928	0.153763	0.314733	0.499934	2.77132
281	-14.5593	-12.1669	-10.5017	-9.7938	-9.07789	0.0027664	0.0302624	0.160003	0.324746	0.482222	2.69693
282	-10.5298	-10.542	-10.6053	-10.7053	-11.4708	0.247689	0.244686	0.229662	0.207817	0.0701455	0.635504
283	-4.39273	-4.40945	-4.49625	-4.63304	-5.67487	0.25821	0.253929	0.232817	0.203052	0.0519914	0.545054
284	-5.01046	-5.02343	-5.09075	-5.19682	-6.00415	0.249463	0.246249	0.230216	0.207047	0.0670252	0.620004
285	-4.20211	-4.21991	-4.31225	-4.45759	-5.55721	0.260429	0.255836	0.23327	0.201716	0.0487489	0.528437
286	-13.7586	-11.3691	-9.71876	-9.0344	-8.49532	0.00311031	0.0339265	0.176715	0.350341	0.435907	2.50204
287	-3.79052	-3.80733	-3.89462	-4.03224	-5.08324	0.258466	0.254158	0.232913	0.202968	0.051495	0.542624
288	-3.68075	-3.69281	-3.7555	-3.85448	-4.61667	0.247453	0.244486	0.229631	0.207991	0.0704388	0.637056
289	-4.00275	-4.01656	-4.08827	-4.20141	-5.06854	0.251627	0.248177	0.231002	0.206291	0.0629036	0.599777
290	-10.7942	-10.8063	-10.8691	-10.9683	-11.7279	0.247451	0.244474	0.229578	0.207903	0.0705935	0.637706
291	-3.87985	-3.89249	-3.95817	-4.0617	-4.85282	0.248748	0.245622	0.23001	0.207388	0.0682318	0.626038
292	-3.68075	-3.69281	-3.7555	-3.85448	-4.61667	0.247453	0.244486	0.229631	0.207991	0.0704388	0.637056
293	-12.4666	-10.0754	-8.41607	-7.71772	-7.07767	0.0029094	0.03179	0.167076	0.335891	0.462333	2.61333
294	-13.6266	-11.2395	-9.60147	-8.9364	-8.53831	0.00339683	0.0369637	0.190176	0.369823	0.39964	2.34909
295	-12.1931	-9.80498	-8.16172	-7.48862	-7.03983	0.00328706	0.0358058	0.185189	0.363025	0.412693	2.40427
296	-23.5577	-18.7543	-15.3271	-13.7592	-11.1781	5.14052e-06	0.00062672	0.0192981	0.0925605	0.887509	4.39726
297	-4.24608	-4.25997	-4.33213	-4.44595	-5.31794	0.251821	0.248348	0.231059	0.206201	0.0625714	0.598118
298	-10.2795	-10.2899	-10.3439	-10.4291	-11.082	0.243094	0.24058	0.22793	0.209314	0.0790809	0.679223
299	-5.13244	-5.14222	-5.19297	-5.27296	-5.88243	0.241355	0.239007	0.227179	0.209716	0.0827423	0.696939
300	-13.3405	-10.9524	-9.30918	-8.63597	-8.17905	0.00327589	0.0356836	0.18455	0.361816	0.414675	2.41254
301	-15.0358	-12.6406	-10.9604	-10.229	-9.33381	0.00243589	0.0267234	0.143416	0.29801	0.529415	2.8951
302	-25.6544	-20.8548	-17.4472	-15.9103	-13.566	6.67211e-06	0.000810381	0.0244685	0.113779	0.860935	4.28946
303	-3.01718	-3.03372	-3.11953	-3.25464	-4.27884	0.257701	0.253475	0.23263	0.203231	0.0529628	0.549821
304	-24.6192	-19.8194	-16.4103	-14.8707	-12.4806	6.38563e-06	0.000775769	0.0234561	0.109377	0.866385	4.31154
305	-3.83999	-3.85241	-3.91693	-4.01874	-4.80057	0.248283	0.245219	0.229899	0.207645	0.0689541	0.6297
306	-4.23976	-4.2536	-4.32543	-4.4386	-5.29889	0.251541	0.248085	0.230888	0.206184	0.0633024	0.601564
307	-3.87985	-3.89249	-3.95817	-4.0617	-4.85282	0.248748	0.245622	0.23001	0.207388	0.0682318	0.626038
308	-3.01718	-3.03372	-3.11953	-3.25464	-4.27884	0.257701	0.253475	0.23263	0.203231	0.0529628	0.549821
309	-4.95884	-4.97182	-5.03926	-5.14553	-5.95533	0.249536	0.246316	0.230253	0.207039	0.0668568	0.619199
310	-4.78373	-4.79401	-4.84741	-4.93166	-5.57716	0.242788	0.240305	0.227809	0.209403	0.0796945	0.682212
311	-3.87985	-3.89249	-3.95817	-4.0617	-4.85282	0.248748	0.245622	0.23001	0.207388	0.0682318	0.626038
312	-4.04146	-4.05894	-4.14975	-4.29289	-5.38527	0.259941	0.255435	0.233262	0.202153	0.0492093	0.531032
313	-5.13244	-5.14222	-5.19297	-5.27296	-5.88243	0.241355	0.239007	0.227179	0.209716	0.0827423	0.696939
314	-8.13312	-8.14925	-8.2329	-8.36455	-9.35985	0.256721	0.252616	0.232342	0.203684	0.054637	0.558175
315	-13.2849	-10.8884	-9.20209	-8.46118	-7.49984	0.00231552	0.0254332	0.137333	0.288103	0.546815	2.96814
316	-13.9422	-11.5504	-9.88789	-9.18439	-8.50063	0.0028282	0.0309218	0.163035	0.329466	0.473749	2.66129
317	-4.50972	-4.52183	-4.58474	-4.68402	-5.44578	0.247504	0.244525	0.229614	0.207914	0.0704433	0.637005
318	-5.01046	-5.02343	-5.09075	-5.19682	-6.00415	0.249463	0.246249	0.230216	0.207047	0.0670252	0.620004
319	-4.34219	-4.36107	-4.45904	-4.61331	-5.78408	0.2628	0.257886	0.233819	0.200392	0.0451031	0.509924
320	-8.72469	-8.74534	-8.85238	-9.0205	-10.2776	0.266154	0.260716	0.23425	0.198	0.0408796	0.487659
321	-4.04674	-4.06109	-4.13564	-4.25328	-5.1557	0.252941	0.249337	0.231423	0.20574	0.06056	0.58816
322	-15.6229	-15.6373	-15.7118	-15.8291	-16.7183	0.25271	0.249109	0.231223	0.205626	0.0613326	0.591711
323	-3.63595	-3.65693	-3.76577	-3.93687	-5.22304	0.266948	0.261405	0.234448	0.197577	0.0396227	0.481307
324	-3.68075	-3.69281	-3.7555	-3.85448	-4.61667	0.247453	0.244486	0.229631	0.207991	0.0704388	0.637056
325	-4.24608	-4.25997	-4.33213	-4.44595	-5.31794	0.251821	0.248348	0.231059	0.206201	0.0625714	0.598118
326	-4.28859	-4.30235	-4.37376	-4.48623	-5.34008	0.251323	0.247889	0.230804	0.206252	0.0637324	0.603664
327	-4.28948	-4.30806	-4.4045	-4.55643	-5.71157	0.262212	0.257386	0.233721	0.200779	0.045902	0.514073
328	-12.3804	-9.99351	-8.35642	-7.69297	-7.31455	0.00343135	0.0373331	0.191901	0.372571	0.394763	2.3286
329	-13.381	-13.3953	-13.4693	-13.5854	-14.4472	0.252121	0.248545	0.230813	0.205516	0.0630058	0.599528
330	-12.248	-12.2642	-12.3479	-12.479	-13.4408	0.256227	0.252115	0.231863	0.203382	0.0564134	0.566298
331	-4.04674	-4.06109	-4.13564	-4.25328	-5.1557	0.252941	0.249337	0.231423	0.20574	0.06056	0.58816
332	-33.6393	-26.4335	-21.2887	-18.9302	-14.9848	1.05967e-08	1.42754e-05	0.00244888	0.0258981	0.971639	4.73879
333	-4.00275	-4.01656	-4.08827	-4.20141	-5.06854	0.251627	0.248177	0.231002	0.206291	0.0629036	0.599777
334	-12.9981	-10.6038	-8.92865	-8.20528	-7.37467	0.00255078	0.0279569	0.149283	0.307726	0.512483	2.82408
335	-3.78688	-3.7994	-3.86443	-3.96707	-4.75607	0.248546	0.245455	0.230001	0.207564	0.0684353	0.627168
336	-20.9142	-18.5155	-16.8169	-16.0567	-14.9474	0.00206551	0.0227406	0.124303	0.265845	0.585045	3.12831
337	-24.1953	-21.7994	-20.116	-19.3796	-18.45	0.0023728	0.0260476	0.14024	0.292866	0.538474	2.93314
338	-4.28859	-4.30235	-4.37376	-4.48623	-5.34008	0.251323	0.247889	0.230804	0.206252	0.0637324	0.603664
339	-4.29752	-4.31425	-4.40106	-4.53773	-5.57395	0.258129	0.253848	0.232741	0.20301	0.0522727	0.546345
340	-10.1932	-10.2069	-10.278	-10.3902	-11.2501	0.251353	0.247935	0.230913	0.206404	0.063395	0.60221
341	-3.01718	-3.03372	-3.11953	-3.25464	-4.27884	0.257701	0.253475	0.23263	0.203231	0.0529628	0.549821
342	-3.01718	-3.03372	-3.11953	-3.25464	-4.27884	0.257701	0.253475	0.23263	0.203231	0.0529628	0.549821
343	-3.68075	-3.69281	-3.7555	-3.85448	-4.61667	0.247453	0.244486	0.229631	0.207991	0.0704388	0.637056
344	-3.87985	-3.89249	-3.95817	-4.0617	-4.85282	0.248748	0.245622	0.23001	0.207388	0.0682318	0.626038
345	-4.21775	-4.23302	-4.31229	-4.43727	-5.39202	0.254982	0.25112	0.231982	0.204727	0.0571896	0.571246
346	-38.627	-31.4155	-26.2406	-23.835	-19.5402	6.93614e-09	9.39833e-06	0.00166134	0.0184161	0.979913	4.77189
347	-17.05	-14.6573	-12.99	-12.2791	-11.5402	0.00272261	0.0297947	0.157843	0.32136	0.48828	2.72239
348	-3.01718	-3.03372	-3.11953	-3.25464	-4.27884	0.257701	0.253475	0.23263	0.203231	0.0529628	0.549821
349	-3.8353	-3.85189	-3.93798	-4.07337	-5.09381	0.257714	0.253473	0.232565	0.203116	0.0531322	0.550514
350	-13.587	-11.1951	-9.53245	-8.82859	-8.13787	0.00281758	0.0308064	0.162453	0.328404	0.47552	2.6687
351	-4.34219	-4.36107	-4.45904	-4.61331	-5.78408	0.2628	0.257886	0.233819	0.200392	0.0451031	0.509924
352	-4.00275	-4.01656	-4.08827	-4.20141	-5.06854	0.251627	0.248177	0.231002	0.206291	0.0629036	0.599777
353	-4.29752	-4.31425	-4.40106	-4.53773	-5.57395	0.258129	0.253848	0.232741	0.20301	0.0522727	0.546345
354	-4.04146	-4.05894	-4.14975	-4.29289	-5.38527	0.259941	0.255435	0.233262	0.202153	0.0492093	0.531032
355	-8.57612	-8.58963	-8.65978	-8.7704	-9.61614	0.250861	0.247496	0.230728	0.206566	0.064349	0.606879
356	-4.69432	-4.70744	-4.77558	-4.88308	-5.70742	0.249974	0.246716	0.230465	0.206974	0.0658709	0.61447
357	-3.63595	-3.65693	-3.76577	-3.93687	-5.22304	0.266948	0.261405	0.234448	0.197577	0.0396227	0.481307
358	-15.4654	-13.0727	-11.4058	-10.6952	-9.94812	0.00271372	0.0296947	0.157252	0.320049	0.490291	2.73073
359	-4.34219	-4.36107	-4.45904	-4.61331	-5.78408	0.2628	0.257886	0.233819	0.200392	0.0451031	0.509924
360	-4.28859	-4.30235	-4.37376	-4.48623	-5.34008	0.251323	0.247889	0.230804	0.206252	0.0637324	0.603664
361	-4.13067	-4.14516	-4.22036	-4.33889	-5.24299	0.253133	0.249493	0.231419	0.205552	0.0604032	0.58724
362	-16.6815	-14.2878	-12.6153	-11.8963	-11.1023	0.00261619	0.028659	0.152616	0.313228	0.50288	2.78379
363	-26.3886	-21.5923	-18.2013	-16.69	-14.5128	8.04262e-06	0.000973677	0.0289135	0.131055	0.83905	4.20058
364	-3.78688	-3.7994	-3.86443	-3.96707	-4.75607	0.248546	0.245455	0.230001	0.207564	0.0684353	0.627168
365	-3.95416	-3.97094	-4.05814	-4.19575	-5.25197	0.258518	0.254216	0.232987	0.203035	0.0512444	0.541501
366	-13.7921	-11.3999	-9.73514	-9.02815	-8.31883	0.00277896	0.0303964	0.160621	0.325718	0.480485	2.68963
367	-14.513	-12.1212	-10.4592	-9.75636	-9.07398	0.00283311	0.0309724	0.163225	0.329634	0.473335	2.65952
368	-23.8053	-19.0065	-15.603	-14.0721	-11.7527	6.89027e-06	0.000836191	0.0251441	0.116225	0.857788	4.27666
369	-4.21775	-4.23302	-4.31229	-4.43727	-5.39201	0.254982	0.251119	0.231982	0.204727	0.0571902	0.57125
370	-4.32149	-4.33031	-4.37615	-4.44855	-5.00712	0.238987	0.236889	0.226275	0.210472	0.0873769	0.719595
371	-4.14621	-4.16382	-4.25527	-4.39924	-5.49062	0.260088	0.255546	0.233215	0.201943	0.0492077	0.530825
372	-3.84606	-3.8578	-3.91879	-4.01493	-4.74905	0.246489	0.243611	0.229198	0.208188	0.0725131	0.647064
373	-4.50972	-4.52183	-4.58474	-4.68402	-5.44577	0.247504	0.244525	0.229614	0.207914	0.0704439	0.637008
374	-3.87985	-3.89249	-3.95816	-4.0617	-4.85281	0.248747	0.245622	0.23001	0.207388	0.0682324	0.626041
375	-4.20211	-4.21991	-4.31225	-4.45758	-5.55719	0.260429	0.255836	0.23327	0.201716	0.0487496	0.528441
376	-3.50955	-3.52918	-3.63111	-3.79165	-5.01162	0.264418	0.259277	0.234152	0.199423	0.0427304	0.497773
377	-4.32149	-4.33031	-4.37615	-4.44855	-5.00712	0.238987	0.236889	0.226275	0.210472	0.0873769	0.719595
378	-4.04674	-4.06109	-4.13564	-4.25328	-5.15569	0.25294	0.249336	0.231423	0.20574	0.0605606	0.588163
379	-3.01718	-3.03372	-3.11953	-3.25463	-4.27882	0.257701	0.253475	0.23263	0.203231	0.0529634	0.549824
380	-9.33895	-9.354	-9.43213	-9.55519	-10.49	0.254376	0.250576	0.231743	0.20491	0.0583962	0.577132
381	-4.77914	-4.79024	-4.8479	-4.93884	-5.63456	0.244892	0.242189	0.228619	0.208747	0.0755535	0.661986
382	-4.21775	-4.23302	-4.31229	-4.43727	-5.39201	0.254982	0.251119	0.231982	0.204727	0.0571902	0.57125
383	-3.63594	-3.65693	-3.76577	-3.93687	-5.22303	0.266948	0.261404	0.234448	0.197577	0.0396233	0.481311
384	-14.6533	-12.2612	-10.5975	-9.8918	-9.1815	0.00278377	0.0304429	0.160709	0.325471	0.480594	2.68997
385	-3.68075	-3.69281	-3.7555	-3.85448	-4.61666	0.247453	0.244486	0.229631	0.207991	0.0704394	0.637059
386	-3.58087	-3.60179	-3.71035	-3.88108	-5.16747	0.26688	0.261353	0.234468	0.197667	0.0396321	0.481439
387	-5.13244	-5.14222	-5.19297	-5.27295	-5.88241	0.241355	0.239007	0.227179	0.209716	0.082743	0.696943
388	-3.87985	-3.89249	-3.95816	-4.0617	-4.85281	0.248747	0.245622	0.23001	0.207388	0.0682324	0.626041
389	-3.58087	-3.60179	-3.71035	-3.88108	-5.16747	0.26688	0.261353	0.234468	0.197667	0.0396321	0.481439
390	-4.76805	-4.78282	-4.85951	-4.9803	-5.89848	0.25374	0.250019	0.231563	0.205216	0.0594616	0.582465
391	-4.73705	-4.74831	-4.8068	-4.8991	-5.60795	0.245362	0.242615	0.228832	0.208656	0.0745362	0.657083
392	-4.14621	-4.16382	-4.25527	-4.39924	-5.49062	0.260088	0.255546	0.233215	0.201943	0.0492077	0.530825
393	-3.01718	-3.03372	-3.11953	-3.25463	-4.27882	0.257701	0.253475	0.23263	0.203231	0.0529634	0.549824
394	-3.50955	-3.52918	-3.63111	-3.79165	-5.01162	0.264418	0.259277	0.234152	0.199423	0.0427304	0.497773
395	-4.32149	-4.33031	-4.37615	-4.44855	-5.00712	0.238987	0.236889	0.226275	0.210472	0.0873769	0.719595
396	-4.73705	-4.74831	-4.8068	-4.8991	-5.60795	0.245362	0.242615	0.228832	0.208656	0.0745362	0.657083
397	-3.68075	-3.69281	-3.7555	-3.85448	-4.61666	0.247453	0.244486	0.229631	0.207991	0.0704394	0.637059
398	-4.24608	-4.25997	-4.33213	-4.44595	-5.31793	0.251821	0.248347	0.231059	0.206201	0.062572	0.598121
399	-3.55503	-3.57502	-3.67876	-3.84213	-5.08165	0.265115	0.259869	0.234261	0.198952	0.0418039	0.492941
400	-4.04146	-4.05894	-4.14975	-4.29289	-5.38526	0.25994	0.255435	0.233262	0.202153	0.04921	0.531035
401	-9.03312	-9.05325	-9.15766	-9.32175	-10.5528	0.265179	0.259894	0.234127	0.198695	0.0421045	0.494118
402	-4.24608	-4.25997	-4.33213	-4.44595	-5.31793	0.251821	0.248347	0.231059	0.206201	0.062572	0.598121
403	-3.8353	-3.85189	-3.93798	-4.07336	-5.09379	0.257714	0.253472	0.232565	0.203117	0.0531329	0.550517
404	-3.63594	-3.65693	-3.76577	-3.93687	-5.22303	0.266948	0.261404	0.234448	0.197577	0.0396233	0.481311
405	-4.42978	-4.4389	-4.48628	-4.56111	-5.13768	0.239781	0.237605	0.226608	0.21027	0.0857362	0.711636
406	-10.0464	-10.0601	-10.1311	-10.2432	-11.1019	0.251309	0.247896	0.230898	0.206422	0.0634749	0.602605
407	-11.1582	-11.1792	-11.2879	-11.459	-12.7441	0.266925	0.261384	0.23444	0.197586	0.0396658	0.48152
