Sites	Ll_YN98.omega=0.00982781	Ll_YN98.omega=0.238431	Ll_YN98.omega=0.893371	Ll_YN98.omega=0.999683	Pr_YN98.omega=0.00982781	Pr_YN98.omega=0.238431	Pr_YN98.omega=0.893371	Pr_YN98.omega=0.999683	mean
1	-3.95639	-4.04695	-4.30567	-4.34757	0.3035	0.277225	0.214028	0.205246	0.46547
2	-14.8525	-11.7752	-10.7713	-10.7099	0.00690226	0.149776	0.40873	0.434591	0.83538
3	-5.21622	-5.27012	-5.42381	-5.44865	0.281479	0.266707	0.228713	0.223101	0.493713
4	-24.5981	-18.311	-15.9264	-15.743	7.4713e-05	0.0401657	0.435986	0.523774	0.922682
5	-26.1271	-19.8142	-17.3577	-17.1628	6.75425e-05	0.0372596	0.434592	0.528081	0.92505
6	-4.75836	-4.83704	-5.06131	-5.09756	0.296268	0.273852	0.218835	0.211045	0.474685
41	-3.5388	-3.64685	-3.95468	-4.00441	0.313962	0.281807	0.20714	0.197092	0.452359
42	-5.02338	-5.09455	-5.29746	-5.33026	0.291773	0.27173	0.221827	0.214669	0.480432
43	-4.07335	-4.15089	-4.3724	-4.40826	0.295656	0.273596	0.219236	0.211512	0.475444
44	-3.68051	-3.79441	-4.11791	-4.17002	0.31736	0.283196	0.204925	0.194519	0.448173
45	-14.0036	-10.8766	-9.73163	-9.64758	0.00576629	0.131506	0.413246	0.449482	0.849933
46	-3.95651	-4.04984	-4.31652	-4.35972	0.305181	0.277989	0.212915	0.203914	0.463342
47	-3.88837	-3.95314	-4.13794	-4.16783	0.287967	0.269908	0.224366	0.217759	0.485317
48	-23.1955	-16.881	-14.4196	-14.2238	6.70873e-05	0.0370645	0.434467	0.528401	0.925212
49	-31.9627	-22.484	-18.7717	-18.4748	7.8786e-07	0.0103038	0.421933	0.567762	0.946982
50	-5.02977	-5.10311	-5.31231	-5.34613	0.293089	0.272361	0.220949	0.213601	0.478743
51	-3.69163	-3.75931	-3.95288	-3.98426	0.289776	0.270812	0.223152	0.21626	0.482967
52	-3.69163	-3.75931	-3.95288	-3.98426	0.289776	0.270812	0.223152	0.21626	0.482967
53	-3.0469	-3.13802	-3.3975	-3.4394	0.303717	0.277266	0.213897	0.20512	0.465238
54	-3.54197	-3.65333	-3.97071	-4.02199	0.315985	0.282685	0.20581	0.195521	0.44983
55	-4.33559	-4.38521	-4.5272	-4.55022	0.279013	0.265506	0.230362	0.225119	0.496894
56	-4.21351	-4.29867	-4.54175	-4.58109	0.300213	0.275707	0.21621	0.20787	0.469648
57	-3.54197	-3.65333	-3.97071	-4.02199	0.315985	0.282685	0.20581	0.195521	0.44983
58	-4.76316	-4.84425	-5.07547	-5.11285	0.297728	0.274539	0.217863	0.20987	0.472821
59	-4.54344	-4.62115	-4.84237	-4.87808	0.295644	0.27354	0.219253	0.211562	0.475496
60	-3.8056	-3.8755	-4.0753	-4.10767	0.291088	0.271438	0.222277	0.215197	0.481285
61	-4.68789	-4.74278	-4.8997	-4.92513	0.282126	0.267058	0.228274	0.222543	0.492853
62	-4.84402	-4.9015	-5.06567	-5.09225	0.283646	0.267802	0.227256	0.221295	0.490889
63	-5.03265	-5.09826	-5.28545	-5.31572	0.288469	0.270149	0.224031	0.217351	0.484672
64	-4.6233	-4.73141	-5.03883	-5.08842	0.313913	0.281749	0.20718	0.197158	0.452447
65	-4.21351	-4.29867	-4.54175	-4.58109	0.300213	0.275707	0.21621	0.20787	0.469648
66	-4.29937	-4.37719	-4.59898	-4.63483	0.295749	0.273607	0.21918	0.211464	0.475349
67	-3.8677	-3.93667	-4.1338	-4.16573	0.29053	0.271166	0.222651	0.215654	0.482005
68	-3.88171	-3.95391	-4.15997	-4.19331	0.292423	0.272052	0.221392	0.214133	0.47959
69	-4.29593	-4.37416	-4.59759	-4.63376	0.296062	0.273785	0.218966	0.211187	0.474927
70	-3.81165	-3.9046	-4.16987	-4.21279	0.304905	0.27784	0.213103	0.204152	0.463709
71	-3.0469	-3.13802	-3.3975	-3.4394	0.303717	0.277266	0.213897	0.20512	0.465238
72	-13.7069	-10.6164	-9.57548	-9.50823	0.00658543	0.144798	0.410046	0.438571	0.839344
73	-4.07586	-4.15577	-4.3841	-4.42108	0.297089	0.274271	0.218282	0.210358	0.473613
74	-4.20214	-4.30061	-4.58107	-4.62636	0.308158	0.279259	0.210963	0.201621	0.459637
75	-5.02977	-5.10311	-5.31231	-5.34613	0.293089	0.272361	0.220949	0.213601	0.478743
76	-4.3403	-4.44273	-4.73468	-4.78185	0.310581	0.280343	0.209362	0.199714	0.456583
77	-10.5209	-10.6067	-10.8511	-10.8907	0.300528	0.27583	0.216006	0.207637	0.469264
78	-4.54344	-4.62115	-4.84237	-4.87808	0.295644	0.27354	0.219253	0.211562	0.475496
79	-4.78193	-4.84288	-5.01658	-5.04464	0.285658	0.268768	0.225913	0.219661	0.488305
80	-14.5651	-11.4691	-10.4134	-10.3439	0.00646136	0.142862	0.410569	0.440108	0.840885
81	-9.78295	-9.85533	-10.0614	-10.0946	0.29245	0.272031	0.22138	0.214139	0.479581
82	-4.96834	-5.02397	-5.18275	-5.20844	0.282529	0.267242	0.228006	0.222222	0.492341
83	-3.88171	-3.95391	-4.15997	-4.19331	0.292423	0.272052	0.221392	0.214133	0.47959
84	-30.5434	-24.2517	-21.8551	-21.6699	7.34532e-05	0.0396688	0.435785	0.524473	0.923083
85	-23.0894	-16.7776	-14.324	-14.1296	6.78241e-05	0.0373737	0.434646	0.527912	0.924957
86	-3.62621	-3.74291	-4.07476	-4.12828	0.319114	0.283964	0.20377	0.193152	0.445975
87	-3.8056	-3.8755	-4.0753	-4.10767	0.291088	0.271438	0.222277	0.215197	0.481285
88	-4.33559	-4.38521	-4.5272	-4.55022	0.279013	0.265506	0.230362	0.225119	0.496894
89	-5.05744	-5.12385	-5.31295	-5.34349	0.288892	0.27033	0.223753	0.217024	0.484145
90	-4.17783	-4.26373	-4.50862	-4.54821	0.300615	0.27587	0.215948	0.207567	0.469153
91	-3.89542	-3.99224	-4.26752	-4.3119	0.30709	0.278752	0.211674	0.202483	0.461004
92	-9.72143	-9.80083	-10.0277	-10.0644	0.296779	0.274126	0.218488	0.210607	0.474008
93	-14.124	-10.999	-9.86021	-9.77724	0.00581174	0.132278	0.413087	0.448824	0.849317
94	-14.1699	-11.0474	-9.91627	-9.8346	0.00586801	0.133224	0.412886	0.448022	0.848562
95	-32.5422	-23.0722	-19.3835	-19.0904	8.15272e-07	0.0105702	0.422711	0.566718	0.946696
96	-16.6273	-16.6849	-16.8492	-16.8758	0.283693	0.267809	0.227228	0.22127	0.490841
97	-15.0052	-11.9112	-10.8597	-10.7907	0.00649883	0.143406	0.410391	0.439704	0.840453
98	-12.9476	-9.84581	-8.77314	-8.70083	0.0063242	0.140637	0.411106	0.441932	0.842657
99	-3.76554	-3.89031	-4.24532	-4.3026	0.324034	0.286027	0.200552	0.189386	0.439876
100	-5.08746	-5.16094	-5.37047	-5.40434	0.293163	0.272392	0.220901	0.213544	0.478651
101	-4.26337	-4.36311	-4.64707	-4.6929	0.308908	0.279582	0.21047	0.201041	0.458702
102	-3.95651	-4.04984	-4.31652	-4.35972	0.305181	0.277989	0.212915	0.203914	0.463342
103	-3.81165	-3.9046	-4.16987	-4.21279	0.304905	0.27784	0.213103	0.204152	0.463709
104	-3.69163	-3.75931	-3.95288	-3.98426	0.289776	0.270812	0.223152	0.21626	0.482967
105	-4.03609	-4.11289	-4.33226	-4.36778	0.295208	0.273385	0.219534	0.211873	0.476016
106	-4.84402	-4.9015	-5.06567	-5.09225	0.283646	0.267802	0.227256	0.221295	0.490889
107	-33.1926	-23.6586	-19.7996	-19.4804	6.36479e-07	0.00879735	0.417166	0.574036	0.948636
108	-3.69163	-3.75931	-3.95288	-3.98426	0.289776	0.270812	0.223152	0.21626	0.482967
109	-4.53848	-4.60577	-4.79804	-4.82918	0.289515	0.270674	0.223329	0.216482	0.483311
110	-4.17783	-4.26373	-4.50862	-4.54821	0.300615	0.27587	0.215948	0.207567	0.469153
111	-3.54197	-3.65333	-3.97071	-4.02199	0.315985	0.282685	0.20581	0.195521	0.44983
112	-3.89542	-3.99224	-4.26752	-4.3119	0.30709	0.278752	0.211674	0.202483	0.461004
113	-10.158	-10.2354	-10.4563	-10.4921	0.295551	0.273533	0.219308	0.211607	0.475587
114	-5.22435	-5.27991	-5.43836	-5.46398	0.282468	0.267203	0.228049	0.222281	0.492428
115	-15.2906	-12.1568	-10.9931	-10.906	0.00562808	0.129225	0.413766	0.451382	0.851751
116	-3.0469	-3.13802	-3.3975	-3.4394	0.303717	0.277266	0.213897	0.20512	0.465238
117	-3.62621	-3.74291	-4.07476	-4.12828	0.319114	0.283964	0.20377	0.193152	0.445975
118	-14.0876	-10.9889	-9.92474	-9.85375	0.00639357	0.141736	0.410822	0.441049	0.841782
119	-3.69163	-3.75931	-3.95288	-3.98426	0.289776	0.270812	0.223152	0.21626	0.482967
120	-3.89542	-3.99224	-4.26752	-4.3119	0.30709	0.278752	0.211674	0.202483	0.461004
121	-3.8056	-3.8755	-4.0753	-4.10767	0.291088	0.271438	0.222277	0.215197	0.481285
122	-4.29937	-4.37719	-4.59898	-4.63483	0.295749	0.273607	0.21918	0.211464	0.475349
123	-3.88171	-3.95391	-4.15997	-4.19331	0.292423	0.272052	0.221392	0.214133	0.47959
124	-4.33559	-4.38521	-4.5272	-4.55022	0.279013	0.265506	0.230362	0.225119	0.496894
125	-4.57445	-4.63907	-4.82381	-4.85374	0.287932	0.269914	0.224385	0.217769	0.485344
126	-4.18261	-4.26362	-4.49473	-4.5321	0.297696	0.274531	0.217883	0.20989	0.472857
127	-3.88171	-3.95391	-4.15997	-4.19331	0.292423	0.272052	0.221392	0.214133	0.47959
128	-13.3968	-10.2853	-9.18478	-9.10796	0.00610402	0.137066	0.411968	0.444862	0.845502
129	-4.54344	-4.62115	-4.84237	-4.87808	0.295644	0.27354	0.219253	0.211562	0.475496
130	-3.81165	-3.9046	-4.16987	-4.21279	0.304905	0.27784	0.213103	0.204152	0.463709
131	-21.2444	-18.1452	-17.0791	-17.0077	0.00637856	0.141487	0.410877	0.441258	0.841981
132	-3.59009	-3.70379	-4.02771	-4.08004	0.317384	0.283274	0.204894	0.194449	0.448093
133	-4.53848	-4.60577	-4.79804	-4.82918	0.289515	0.270674	0.223329	0.216482	0.483311
134	-4.07586	-4.15577	-4.3841	-4.42108	0.297089	0.274271	0.218282	0.210358	0.473613
135	-34.3388	-24.826	-21.0194	-20.7077	6.87746e-07	0.00930698	0.418773	0.57192	0.948077
136	-8.41042	-8.52656	-8.85649	-8.90966	0.318727	0.28378	0.204028	0.193465	0.446471
137	-4.07586	-4.15577	-4.3841	-4.42108	0.297089	0.274271	0.218282	0.210358	0.473613
138	-34.6338	-25.138	-21.3775	-21.0729	7.35192e-07	0.00978059	0.420287	0.569932	0.947555
139	-4.26337	-4.36311	-4.64707	-4.6929	0.308908	0.279582	0.21047	0.201041	0.458702
140	-3.69163	-3.75931	-3.95288	-3.98426	0.289776	0.270812	0.223152	0.21626	0.482967
141	-13.9124	-13.9784	-14.167	-14.1975	0.288748	0.270289	0.223844	0.217119	0.484309
142	-5.02557	-5.08105	-5.23937	-5.26499	0.282437	0.267194	0.228069	0.222301	0.492464
143	-3.68548	-3.80287	-4.13649	-4.19026	0.319504	0.284114	0.203518	0.192864	0.445501
144	-3.76554	-3.89031	-4.24532	-4.3026	0.324034	0.286027	0.200552	0.189386	0.439876
145	-5.22435	-5.27991	-5.43836	-5.46398	0.282468	0.267203	0.228049	0.222281	0.492428
146	-4.21351	-4.29867	-4.54175	-4.58109	0.300213	0.275707	0.21621	0.20787	0.469648
147	-3.8677	-3.93667	-4.1338	-4.16573	0.29053	0.271166	0.222651	0.215654	0.482005
148	-4.29937	-4.37719	-4.59898	-4.63483	0.295749	0.273607	0.21918	0.211464	0.475349
149	-4.29593	-4.37416	-4.59759	-4.63376	0.296062	0.273785	0.218966	0.211187	0.474927
150	-4.29937	-4.37719	-4.59898	-4.63483	0.295749	0.273607	0.21918	0.211464	0.475349
151	-3.8056	-3.8755	-4.0753	-4.10767	0.291088	0.271438	0.222277	0.215197	0.481285
152	-18.1133	-18.1808	-18.3731	-18.4042	0.289544	0.270666	0.223314	0.216476	0.48329
153	-9.52288	-9.59815	-9.81262	-9.84727	0.294212	0.272878	0.220204	0.212706	0.477316
154	-4.35326	-4.43087	-4.652	-4.68772	0.295613	0.273538	0.219272	0.211577	0.475526
155	-4.36213	-4.45444	-4.71733	-4.75978	0.304437	0.277593	0.213421	0.20455	0.464327
156	-4.03609	-4.11289	-4.33226	-4.36778	0.295208	0.273385	0.219534	0.211873	0.476016
157	-3.0469	-3.13802	-3.3975	-3.4394	0.303717	0.277266	0.213897	0.20512	0.465238
158	-3.0469	-3.13802	-3.3975	-3.4394	0.303717	0.277266	0.213897	0.20512	0.465238
159	-3.0469	-3.13802	-3.3975	-3.4394	0.303717	0.277266	0.213897	0.20512	0.465238
160	-3.88171	-3.95391	-4.15997	-4.19331	0.292423	0.272052	0.221392	0.214133	0.47959
161	-17.9585	-14.666	-13.1992	-13.0767	0.00361723	0.0973481	0.42201	0.477024	0.877131
162	-14.429	-11.3081	-10.1813	-10.1003	0.00590118	0.13376	0.412754	0.447585	0.848136
163	-4.2652	-4.35262	-4.60211	-4.64247	0.301568	0.276325	0.215312	0.206795	0.467931
164	-26.3148	-20.0111	-17.5805	-17.3898	7.00435e-05	0.0382819	0.435106	0.526542	0.924214
165	-8.72297	-8.81747	-9.08626	-9.12955	0.305705	0.278138	0.212582	0.203576	0.462747
166	-4.3403	-4.44273	-4.73468	-4.78185	0.310581	0.280343	0.209362	0.199714	0.456583
167	-4.56964	-4.65998	-4.91719	-4.95872	0.303239	0.277048	0.214213	0.205499	0.465843
168	-4.03609	-4.11289	-4.33226	-4.36778	0.295208	0.273385	0.219534	0.211873	0.476016
169	-21.1722	-14.8855	-12.5033	-12.3205	7.49392e-05	0.0402712	0.436074	0.52358	0.922592
170	-4.3403	-4.44273	-4.73468	-4.78185	0.310581	0.280343	0.209362	0.199714	0.456583
171	-4.29593	-4.37416	-4.59759	-4.63376	0.296062	0.273785	0.218966	0.211187	0.474927
172	-21.8196	-15.5135	-13.0761	-12.8843	6.93787e-05	0.0380129	0.434978	0.526939	0.924433
173	-3.89542	-3.99224	-4.26752	-4.3119	0.30709	0.278752	0.211674	0.202483	0.461004
174	-5.08746	-5.16094	-5.37047	-5.40434	0.293163	0.272392	0.220901	0.213544	0.478651
175	-4.4004	-4.50433	-4.8004	-4.84822	0.311465	0.28072	0.208782	0.199033	0.455483
176	-9.35367	-9.41376	-9.58523	-9.61297	0.285179	0.268548	0.226231	0.220042	0.488913
177	-23.9954	-20.8916	-19.8128	-19.7394	0.00627553	0.139836	0.41129	0.442598	0.843295
178	-4.07586	-4.15577	-4.3841	-4.42108	0.297089	0.274271	0.218282	0.210358	0.473613
179	-3.62621	-3.74291	-4.07476	-4.12828	0.319114	0.283964	0.20377	0.193152	0.445975
180	-3.8056	-3.8755	-4.0753	-4.10767	0.291088	0.271438	0.222277	0.215197	0.481285
181	-3.95651	-4.04984	-4.31652	-4.35972	0.305181	0.277989	0.212915	0.203914	0.463342
182	-3.59009	-3.70379	-4.02771	-4.08004	0.317384	0.283274	0.204894	0.194449	0.448093
183	-33.9584	-24.4565	-20.6786	-20.3713	7.17111e-07	0.00959907	0.419695	0.570705	0.947756
184	-4.26337	-4.36311	-4.64707	-4.6929	0.308908	0.279582	0.21047	0.201041	0.458702
185	-4.26337	-4.36311	-4.64707	-4.6929	0.308908	0.279582	0.21047	0.201041	0.458702
186	-4.33559	-4.38521	-4.5272	-4.55022	0.279013	0.265506	0.230362	0.225119	0.496894
187	-5.08746	-5.16094	-5.37047	-5.40434	0.293163	0.272392	0.220901	0.213544	0.478651
188	-3.0469	-3.13802	-3.3975	-3.4394	0.303717	0.277266	0.213897	0.20512	0.465238
189	-3.81165	-3.9046	-4.16987	-4.21279	0.304905	0.27784	0.213103	0.204152	0.463709
190	-3.88171	-3.95391	-4.15997	-4.19331	0.292423	0.272052	0.221392	0.214133	0.47959
191	-4.26337	-4.36311	-4.64707	-4.6929	0.308908	0.279582	0.21047	0.201041	0.458702
192	-3.54197	-3.65333	-3.97071	-4.02199	0.315985	0.282685	0.20581	0.195521	0.44983
193	-4.33559	-4.38521	-4.5272	-4.55022	0.279013	0.265506	0.230362	0.225119	0.496894
194	-4.07586	-4.15577	-4.3841	-4.42108	0.297089	0.274271	0.218282	0.210358	0.473613
195	-3.0469	-3.13802	-3.3975	-3.4394	0.303717	0.277266	0.213897	0.20512	0.465238
196	-4.21351	-4.29867	-4.54175	-4.58109	0.300213	0.275707	0.21621	0.20787	0.469648
197	-4.26337	-4.36311	-4.64707	-4.6929	0.308908	0.279582	0.21047	0.201041	0.458702
198	-25.5483	-19.232	-16.7657	-16.5692	6.66248e-05	0.0368768	0.434377	0.528679	0.925365
199	-3.89542	-3.99224	-4.26752	-4.3119	0.30709	0.278752	0.211674	0.202483	0.461004
200	-4.78193	-4.84288	-5.01658	-5.04464	0.285658	0.268768	0.225913	0.219661	0.488305
201	-3.69163	-3.75931	-3.95288	-3.98426	0.289776	0.270812	0.223152	0.21626	0.482967
202	-15.1166	-12.0195	-10.9607	-10.8907	0.00643563	0.142449	0.410672	0.440444	0.841214
203	-5.22435	-5.27991	-5.43836	-5.46398	0.282468	0.267203	0.228049	0.222281	0.492428
204	-3.88171	-3.95391	-4.15997	-4.19331	0.292423	0.272052	0.221392	0.214133	0.47959
205	-3.59009	-3.70379	-4.02771	-4.08004	0.317384	0.283274	0.204894	0.194449	0.448093
206	-4.20214	-4.30061	-4.58107	-4.62636	0.308158	0.279259	0.210963	0.201621	0.459637
207	-3.69163	-3.75931	-3.95288	-3.98426	0.289776	0.270812	0.223152	0.21626	0.482967
208	-15.3642	-12.2627	-11.1911	-11.119	0.0063324	0.140778	0.411078	0.441812	0.842545
209	-3.59009	-3.70379	-4.02771	-4.08004	0.317384	0.283274	0.204894	0.194449	0.448093
210	-4.21351	-4.29867	-4.54175	-4.58109	0.300213	0.275707	0.21621	0.20787	0.469648
211	-3.88837	-3.95314	-4.13794	-4.16783	0.287967	0.269908	0.224366	0.217759	0.485317
212	-5.08746	-5.16094	-5.37047	-5.40434	0.293163	0.272392	0.220901	0.213544	0.478651
213	-3.69163	-3.75931	-3.95288	-3.98426	0.289776	0.270812	0.223152	0.21626	0.482967
214	-4.29593	-4.37416	-4.59759	-4.63376	0.296062	0.273785	0.218966	0.211187	0.474927
215	-3.76554	-3.89031	-4.24532	-4.3026	0.324034	0.286027	0.200552	0.189386	0.439876
216	-55.2504	-39.3611	-32.9194	-32.3843	7.39542e-11	0.000588274	0.369111	0.6303	0.959994
217	-15.6078	-12.5338	-11.5397	-11.48	0.00698771	0.15112	0.408376	0.433516	0.83431
218	-4.78889	-4.8524	-5.03393	-5.06333	0.287263	0.269585	0.224833	0.218318	0.486209
219	-3.62621	-3.74291	-4.07476	-4.12828	0.319114	0.283964	0.20377	0.193152	0.445975
220	-3.68548	-3.80287	-4.13649	-4.19026	0.319504	0.284114	0.203518	0.192864	0.445501
221	-4.45262	-4.50367	-4.64969	-4.67336	0.279854	0.265927	0.229797	0.224421	0.4958
222	-4.03609	-4.11289	-4.33226	-4.36778	0.295208	0.273385	0.219534	0.211873	0.476016
223	-4.76316	-4.84425	-5.07547	-5.11285	0.297728	0.274539	0.217863	0.20987	0.472821
224	-3.54197	-3.65333	-3.97071	-4.02199	0.315985	0.282685	0.20581	0.195521	0.44983
225	-13.3261	-13.4077	-13.6401	-13.6776	0.297985	0.274637	0.217697	0.209681	0.472509
226	-12.972	-9.87604	-8.8205	-8.75104	0.0064624	0.142878	0.410564	0.440095	0.840872
227	-3.68548	-3.80287	-4.13649	-4.19026	0.319504	0.284114	0.203518	0.192864	0.445501
228	-14.5567	-11.4393	-10.322	-10.2424	0.00597417	0.134943	0.412468	0.446615	0.847193
229	-12.918	-9.82085	-8.76193	-8.69192	0.00643476	0.142434	0.410675	0.440457	0.841226
230	-14.493	-11.3676	-10.2277	-10.1445	0.00580316	0.132136	0.41312	0.448941	0.84943
231	-5.28757	-5.36548	-5.58739	-5.62322	0.295782	0.273612	0.219161	0.211446	0.475315
232	-40.3611	-27.7109	-22.7275	-22.3263	8.78648e-09	0.0027397	0.399922	0.597339	0.955081
233	-25.4533	-19.0706	-16.4428	-16.2234	5.26934e-05	0.0311678	0.431467	0.537312	0.930034
234	-3.69163	-3.75931	-3.95288	-3.98426	0.289776	0.270812	0.223152	0.21626	0.482967
235	-3.0469	-3.13802	-3.3975	-3.4394	0.303717	0.277266	0.213897	0.20512	0.465238
236	-3.69163	-3.75931	-3.95288	-3.98426	0.289776	0.270812	0.223152	0.21626	0.482967
237	-3.76554	-3.89031	-4.24532	-4.3026	0.324034	0.286027	0.200552	0.189386	0.439876
238	-4.33559	-4.38521	-4.5272	-4.55022	0.279013	0.265506	0.230362	0.225119	0.496894
239	-4.20214	-4.30061	-4.58107	-4.62636	0.308158	0.279259	0.210963	0.201621	0.459637
240	-3.54197	-3.65333	-3.97071	-4.02199	0.315985	0.282685	0.20581	0.195521	0.44983
241	-4.78889	-4.8524	-5.03393	-5.06333	0.287263	0.269585	0.224833	0.218318	0.486209
242	-4.6233	-4.73141	-5.03883	-5.08842	0.313913	0.281749	0.20718	0.197158	0.452447
243	-4.20214	-4.30061	-4.58107	-4.62636	0.308158	0.279259	0.210963	0.201621	0.459637
244	-4.35326	-4.43087	-4.652	-4.68772	0.295613	0.273538	0.219272	0.211577	0.475526
245	-3.88837	-3.95314	-4.13794	-4.16783	0.287967	0.269908	0.224366	0.217759	0.485317
246	-4.8416	-4.9029	-5.07791	-5.10623	0.285913	0.268913	0.225739	0.219436	0.487962
247	-4.6233	-4.73141	-5.03883	-5.08842	0.313913	0.281749	0.20718	0.197158	0.452447
248	-9.40343	-9.51231	-9.82239	-9.87246	0.314448	0.282008	0.206822	0.196722	0.451758
249	-4.26337	-4.36311	-4.64707	-4.6929	0.308908	0.279582	0.21047	0.201041	0.458702
250	-34.0867	-24.5993	-20.8626	-20.5619	7.60758e-07	0.0100359	0.421105	0.568859	0.947274
251	-15.255	-12.1361	-11.0148	-10.9347	0.00594341	0.13445	0.412591	0.447015	0.847586
252	-4.29593	-4.37416	-4.59759	-4.63376	0.296062	0.273785	0.218966	0.211187	0.474927
253	-3.81165	-3.9046	-4.16987	-4.21279	0.304905	0.27784	0.213103	0.204152	0.463709
254	-3.69163	-3.75931	-3.95288	-3.98426	0.289776	0.270812	0.223152	0.21626	0.482967
255	-4.29937	-4.37719	-4.59898	-4.63483	0.295749	0.273607	0.21918	0.211464	0.475349
256	-22.4762	-16.1877	-13.8007	-13.6171	7.44265e-05	0.0400685	0.435991	0.523866	0.922756
257	-4.26337	-4.36311	-4.64707	-4.6929	0.308908	0.279582	0.21047	0.201041	0.458702
258	-4.45262	-4.50367	-4.64969	-4.67336	0.279854	0.265927	0.229797	0.224421	0.4958
259	-13.7086	-10.5951	-9.48934	-9.41177	0.00606221	0.136409	0.412143	0.445386	0.846025
260	-3.62621	-3.74291	-4.07476	-4.12828	0.319114	0.283964	0.20377	0.193152	0.445975
261	-14.6303	-11.5345	-10.4784	-10.4087	0.0064601	0.142793	0.41055	0.440197	0.84094
262	-29.3869	-19.9162	-16.2268	-15.9337	8.14135e-07	0.0105632	0.422733	0.566703	0.946699
263	-4.78193	-4.84288	-5.01658	-5.04464	0.285658	0.268768	0.225913	0.219661	0.488305
264	-4.96834	-5.02397	-5.18275	-5.20844	0.282529	0.267242	0.228006	0.222222	0.492341
265	-3.8677	-3.93667	-4.1338	-4.16573	0.29053	0.271166	0.222651	0.215654	0.482005
266	-4.18261	-4.26362	-4.49473	-4.5321	0.297696	0.274531	0.217883	0.20989	0.472857
267	-3.88171	-3.95391	-4.15997	-4.19331	0.292423	0.272052	0.221392	0.214133	0.47959
268	-20.7969	-14.5249	-12.1843	-12.0081	7.94193e-05	0.0420557	0.436846	0.521018	0.921147
269	-23.6223	-17.3317	-14.9386	-14.754	7.38012e-05	0.0398135	0.435864	0.524249	0.922964
270	-4.17783	-4.26373	-4.50862	-4.54821	0.300615	0.27587	0.215948	0.207567	0.469153
271	-3.8677	-3.93667	-4.1338	-4.16573	0.29053	0.271166	0.222651	0.215654	0.482005
272	-3.69163	-3.75931	-3.95288	-3.98426	0.289776	0.270812	0.223152	0.21626	0.482967
273	-5.05744	-5.12385	-5.31295	-5.34349	0.288892	0.27033	0.223753	0.217024	0.484145
274	-3.54197	-3.65333	-3.97071	-4.02199	0.315985	0.282685	0.20581	0.195521	0.44983
275	-3.89542	-3.99224	-4.26752	-4.3119	0.30709	0.278752	0.211674	0.202483	0.461004
276	-10.7606	-10.8184	-10.9838	-11.0106	0.283876	0.267929	0.2271	0.221095	0.490582
277	-14.6795	-11.5765	-10.5006	-10.4278	0.00629798	0.140222	0.411214	0.442266	0.842987
278	-5.22435	-5.27991	-5.43836	-5.46398	0.282468	0.267203	0.228049	0.222281	0.492428
279	-12.4648	-9.39021	-8.39376	-8.3336	0.00696781	0.150796	0.408454	0.433782	0.834568
280	-15.8793	-12.7715	-11.6818	-11.6066	0.0061882	0.138429	0.411638	0.443745	0.844416
281	-13.7959	-10.6958	-9.6282	-9.5567	0.00636474	0.141289	0.410944	0.441402	0.842138
282	-10.2048	-10.2725	-10.4661	-10.4974	0.289787	0.270799	0.223149	0.216265	0.482966
283	-4.44978	-4.54584	-4.8198	-4.86409	0.306756	0.278659	0.211882	0.202703	0.461384
284	-5.08746	-5.16094	-5.37047	-5.40434	0.293163	0.272392	0.220901	0.213544	0.478651
285	-4.26337	-4.36311	-4.64707	-4.6929	0.308908	0.279582	0.21047	0.201041	0.458702
286	-12.9845	-9.89749	-8.86673	-8.80117	0.00667012	0.146157	0.409707	0.437466	0.838261
287	-3.81165	-3.9046	-4.16987	-4.21279	0.304905	0.27784	0.213103	0.204152	0.463709
288	-3.69163	-3.75931	-3.95288	-3.98426	0.289776	0.270812	0.223152	0.21626	0.482967
289	-4.03609	-4.11289	-4.33226	-4.36778	0.295208	0.273385	0.219534	0.211873	0.476016
290	-10.4844	-10.5522	-10.7456	-10.7769	0.289769	0.270791	0.22316	0.21628	0.482989
291	-3.88171	-3.95391	-4.15997	-4.19331	0.292423	0.272052	0.221392	0.214133	0.47959
292	-3.69163	-3.75931	-3.95288	-3.98426	0.289776	0.270812	0.223152	0.21626	0.482967
293	-11.6697	-8.573	-7.51513	-7.44525	0.00644403	0.14257	0.410631	0.440355	0.841118
294	-12.6623	-9.59014	-8.60141	-8.54259	0.00703444	0.151865	0.408186	0.432914	0.833717
295	-11.4035	-8.32703	-7.32666	-7.26606	0.00693064	0.150272	0.408634	0.434163	0.834985
296	-21.7569	-15.4483	-13.004	-12.8112	6.8708e-05	0.0377407	0.434847	0.527343	0.924655
297	-4.29593	-4.37416	-4.59759	-4.63376	0.296062	0.273785	0.218966	0.211187	0.474927
298	-9.98524	-10.0434	-10.2094	-10.2363	0.284038	0.267996	0.226994	0.220973	0.490382
299	-5.22435	-5.27991	-5.43836	-5.46398	0.282468	0.267203	0.228049	0.222281	0.492428
300	-12.3639	-9.28704	-8.28515	-8.22423	0.00691831	0.15006	0.408677	0.434344	0.835154
301	-14.1038	-10.9867	-9.87053	-9.79118	0.00598245	0.135082	0.412437	0.446498	0.847083
302	-23.8608	-17.5767	-15.2028	-15.0213	7.57908e-05	0.0406188	0.436246	0.523059	0.922308
303	-3.0469	-3.13802	-3.3975	-3.4394	0.303717	0.277266	0.213897	0.20512	0.465238
304	-23.0317	-16.7474	-14.3707	-14.1886	7.55425e-05	0.0404997	0.43614	0.523285	0.922411
305	-3.8677	-3.93667	-4.1338	-4.16573	0.29053	0.271166	0.222651	0.215654	0.482005
306	-4.29937	-4.37719	-4.59898	-4.63483	0.295749	0.273607	0.21918	0.211464	0.475349
307	-3.88171	-3.95391	-4.15997	-4.19331	0.292423	0.272052	0.221392	0.214133	0.47959
308	-3.0469	-3.13802	-3.3975	-3.4394	0.303717	0.277266	0.213897	0.20512	0.465238
309	-5.02977	-5.10311	-5.31231	-5.34613	0.293089	0.272361	0.220949	0.213601	0.478743
310	-4.84402	-4.9015	-5.06567	-5.09225	0.283646	0.267802	0.227256	0.221295	0.490889
311	-3.88171	-3.95391	-4.15997	-4.19331	0.292423	0.272052	0.221392	0.214133	0.47959
312	-4.06588	-4.16399	-4.4439	-4.48917	0.308009	0.279227	0.211053	0.201711	0.4598
313	-5.22435	-5.27991	-5.43836	-5.46398	0.282468	0.267203	0.228049	0.222281	0.492428
314	-7.80195	-7.8911	-8.14485	-8.18581	0.302513	0.276711	0.214696	0.20608	0.466768
315	-12.5182	-9.39398	-8.25778	-8.17526	0.00583043	0.132596	0.413022	0.448551	0.849063
316	-12.9762	-9.87905	-8.81952	-8.74932	0.00643093	0.142349	0.410679	0.440542	0.841294
317	-4.53848	-4.60577	-4.79804	-4.82918	0.289515	0.270674	0.223329	0.216482	0.483311
318	-5.08746	-5.16094	-5.37047	-5.40434	0.293163	0.272392	0.220901	0.213544	0.478651
319	-4.4004	-4.50433	-4.8004	-4.84822	0.311465	0.28072	0.208782	0.199033	0.455483
320	-8.41835	-8.53383	-8.86159	-8.91435	0.318284	0.28357	0.204324	0.193822	0.447038
321	-4.07586	-4.15577	-4.3841	-4.42108	0.297089	0.274271	0.218282	0.210358	0.473613
322	-14.6163	-14.6974	-14.9282	-14.9654	0.297653	0.274489	0.217916	0.209942	0.472927
323	-3.68548	-3.80287	-4.13649	-4.19026	0.319504	0.284114	0.203518	0.192864	0.445501
324	-3.69163	-3.75931	-3.95288	-3.98426	0.289776	0.270812	0.223152	0.21626	0.482967
325	-4.29593	-4.37416	-4.59759	-4.63376	0.296062	0.273785	0.218966	0.211187	0.474927
326	-4.35326	-4.43087	-4.652	-4.68772	0.295613	0.273538	0.219272	0.211577	0.475526
327	-4.3403	-4.44273	-4.73468	-4.78185	0.310581	0.280343	0.209362	0.199714	0.456583
328	-11.5964	-8.5265	-7.54457	-7.48692	0.00709401	0.152811	0.407943	0.432151	0.832964
329	-12.7033	-12.7836	-13.0111	-13.0477	0.297051	0.274124	0.218333	0.210492	0.473757
330	-11.58	-11.6719	-11.9317	-11.9734	0.303921	0.277217	0.213792	0.20507	0.465085
331	-4.07586	-4.15577	-4.3841	-4.42108	0.297089	0.274271	0.218282	0.210358	0.473613
332	-31.0375	-21.5724	-17.8985	-17.6078	8.32501e-07	0.0107401	0.423233	0.566026	0.946511
333	-4.03609	-4.11289	-4.33226	-4.36778	0.295208	0.273385	0.219534	0.211873	0.476016
334	-12.2378	-9.12569	-8.02388	-7.94689	0.00609315	0.1369	0.412016	0.44499	0.845634
335	-3.8056	-3.8755	-4.0753	-4.10767	0.291088	0.271438	0.222277	0.215197	0.481285
336	-19.5723	-16.4349	-15.2611	-15.1725	0.00555539	0.128016	0.414034	0.452395	0.852715
337	-22.7108	-19.5897	-18.4621	-18.381	0.00589599	0.13367	0.412771	0.447662	0.848207
338	-4.35326	-4.43087	-4.652	-4.68772	0.295613	0.273538	0.219272	0.211577	0.475526
339	-4.36213	-4.45444	-4.71733	-4.75978	0.304437	0.277593	0.213421	0.20455	0.464327
340	-9.87229	-9.94845	-10.166	-10.2012	0.294827	0.273205	0.219788	0.212181	0.476503
341	-3.0469	-3.13802	-3.3975	-3.4394	0.303717	0.277266	0.213897	0.20512	0.465238
342	-3.0469	-3.13802	-3.3975	-3.4394	0.303717	0.277266	0.213897	0.20512	0.465238
343	-3.69163	-3.75931	-3.95288	-3.98426	0.289776	0.270812	0.223152	0.21626	0.482967
344	-3.88171	-3.95391	-4.15997	-4.19331	0.292423	0.272052	0.221392	0.214133	0.47959
345	-4.2652	-4.35262	-4.60211	-4.64247	0.301568	0.276325	0.215312	0.206795	0.467931
346	-35.8734	-26.3758	-22.6098	-22.3043	7.29516e-07	0.00972252	0.420085	0.570192	0.947621
347	-16.0999	-12.9978	-11.9242	-11.8518	0.00631691	0.140521	0.411135	0.442027	0.84275
348	-3.0469	-3.13802	-3.3975	-3.4394	0.303717	0.277266	0.213897	0.20512	0.465238
349	-3.89542	-3.99224	-4.26752	-4.3119	0.30709	0.278752	0.211674	0.202483	0.461004
350	-12.645	-9.54978	-8.49555	-8.42617	0.00647503	0.143042	0.410495	0.439988	0.840742
351	-4.4004	-4.50433	-4.8004	-4.84822	0.311465	0.28072	0.208782	0.199033	0.455483
352	-4.03609	-4.11289	-4.33226	-4.36778	0.295208	0.273385	0.219534	0.211873	0.476016
353	-4.36213	-4.45444	-4.71733	-4.75978	0.304437	0.277593	0.213421	0.20455	0.464327
354	-4.06588	-4.16399	-4.4439	-4.48917	0.308009	0.279227	0.211053	0.201711	0.4598
355	-8.27219	-8.34826	-8.56543	-8.60056	0.294751	0.27316	0.21984	0.212249	0.476606
356	-4.727	-4.80101	-5.01244	-5.04667	0.293536	0.272596	0.220647	0.213221	0.478153
357	-3.68548	-3.80287	-4.13649	-4.19026	0.319504	0.284114	0.203518	0.192864	0.445501
358	-14.7003	-11.5977	-10.5221	-10.4492	0.00630195	0.14025	0.41118	0.442268	0.842966
359	-4.4004	-4.50433	-4.8004	-4.84822	0.311465	0.28072	0.208782	0.199033	0.455483
360	-4.35326	-4.43087	-4.652	-4.68772	0.295613	0.273538	0.219272	0.211577	0.475526
361	-4.18261	-4.26362	-4.49473	-4.5321	0.297696	0.274531	0.217883	0.20989	0.472857
362	-15.7097	-12.5997	-11.504	-11.4281	0.00614046	0.13768	0.411837	0.444342	0.845013
363	-24.4392	-18.1708	-15.8397	-15.6649	8.0495e-05	0.0424688	0.436986	0.520465	0.920817
364	-3.8056	-3.8755	-4.0753	-4.10767	0.291088	0.271438	0.222277	0.215197	0.481285
365	-3.95651	-4.04984	-4.31652	-4.35972	0.305181	0.277989	0.212915	0.203914	0.463342
366	-13.0193	-9.91728	-8.84399	-8.77157	0.0063192	0.140555	0.411125	0.442001	0.842723
367	-13.7182	-10.6186	-9.55181	-9.48041	0.00637241	0.141399	0.410908	0.44132	0.84205
368	-22.2162	-15.9342	-13.5644	-13.3834	7.62666e-05	0.0407935	0.436282	0.522848	0.922171
369	-4.2652	-4.35262	-4.6021	-4.64246	0.301567	0.276325	0.215313	0.206795	0.467932
370	-4.33559	-4.38521	-4.52719	-4.55022	0.279012	0.265506	0.230362	0.225119	0.496894
371	-4.20214	-4.30061	-4.58107	-4.62636	0.308157	0.279259	0.210963	0.201621	0.459638
372	-3.88837	-3.95314	-4.13793	-4.16783	0.287967	0.269908	0.224367	0.217759	0.485317
373	-4.53848	-4.60576	-4.79803	-4.82917	0.289514	0.270674	0.223329	0.216482	0.483312
374	-3.88171	-3.95391	-4.15997	-4.19331	0.292422	0.272052	0.221392	0.214133	0.479591
375	-4.26336	-4.36311	-4.64706	-4.69289	0.308907	0.279581	0.21047	0.201041	0.458702
376	-3.54197	-3.65333	-3.9707	-4.02199	0.315984	0.282684	0.20581	0.195522	0.44983
377	-4.33559	-4.38521	-4.52719	-4.55022	0.279012	0.265506	0.230362	0.225119	0.496894
378	-4.07586	-4.15577	-4.3841	-4.42107	0.297088	0.274271	0.218282	0.210359	0.473614
379	-3.0469	-3.13801	-3.39749	-3.4394	0.303716	0.277266	0.213898	0.20512	0.465239
380	-9.02772	-9.11359	-9.35832	-9.39786	0.300586	0.275851	0.215968	0.207595	0.469194
381	-4.8416	-4.9029	-5.0779	-5.10622	0.285912	0.268912	0.22574	0.219436	0.487962
382	-4.2652	-4.35262	-4.6021	-4.64246	0.301567	0.276325	0.215313	0.206795	0.467932
383	-3.68548	-3.80287	-4.13649	-4.19026	0.319504	0.284113	0.203519	0.192864	0.445502
384	-13.9096	-10.811	-9.74656	-9.67548	0.00639238	0.141704	0.410819	0.441084	0.841808
385	-3.69163	-3.75931	-3.95288	-3.98426	0.289775	0.270812	0.223153	0.21626	0.482967
386	-3.62621	-3.74291	-4.07476	-4.12827	0.319113	0.283963	0.203771	0.193153	0.445976
387	-5.22435	-5.27991	-5.43835	-5.46397	0.282467	0.267202	0.228049	0.222281	0.492429
388	-3.88171	-3.95391	-4.15997	-4.19331	0.292422	0.272052	0.221392	0.214133	0.479591
389	-3.62621	-3.74291	-4.07476	-4.12827	0.319113	0.283963	0.203771	0.193153	0.445976
390	-4.82977	-4.91046	-5.14043	-5.17759	0.297471	0.274411	0.218036	0.210082	0.473154
391	-4.78889	-4.8524	-5.03393	-5.06333	0.287263	0.269585	0.224833	0.218319	0.48621
392	-4.20214	-4.30061	-4.58107	-4.62636	0.308157	0.279259	0.210963	0.201621	0.459638
393	-3.0469	-3.13801	-3.39749	-3.4394	0.303716	0.277266	0.213898	0.20512	0.465239
394	-3.54197	-3.65333	-3.9707	-4.02199	0.315984	0.282684	0.20581	0.195522	0.44983
395	-4.33559	-4.38521	-4.52719	-4.55022	0.279012	0.265506	0.230362	0.225119	0.496894
396	-4.78889	-4.8524	-5.03393	-5.06333	0.287263	0.269585	0.224833	0.218319	0.48621
397	-3.69163	-3.75931	-3.95288	-3.98426	0.289775	0.270812	0.223153	0.21626	0.482967
398	-4.29593	-4.37416	-4.59758	-4.63375	0.296062	0.273784	0.218966	0.211188	0.474927
399	-3.59009	-3.70379	-4.02771	-4.08003	0.317383	0.283273	0.204894	0.194449	0.448094
400	-4.06588	-4.16399	-4.4439	-4.48917	0.308008	0.279226	0.211054	0.201712	0.4598
401	-8.71523	-8.8275	-9.14642	-9.1978	0.316383	0.282782	0.205565	0.19527	0.449387
402	-4.29593	-4.37416	-4.59758	-4.63375	0.296062	0.273784	0.218966	0.211188	0.474927
403	-3.89542	-3.99224	-4.26751	-4.3119	0.30709	0.278752	0.211674	0.202484	0.461005
404	-3.68548	-3.80287	-4.13649	-4.19026	0.319504	0.284113	0.203519	0.192864	0.445502
405	-4.45262	-4.50367	-4.64969	-4.67336	0.279854	0.265927	0.229797	0.224422	0.4958
406	-9.72506	-9.80112	-10.0184	-10.0536	0.294765	0.273176	0.219829	0.212231	0.476583
407	-10.8544	-10.9718	-11.3052	-11.359	0.319472	0.284098	0.20354	0.19289	0.445543
