
Analysis Description
--------------------
MEME (Mixed Effects Model of Evolution) estimates a site-wise synonymous
(&alpha;) and a two-category mixture of non-synonymous (&beta;-, with
proportion p-, and &beta;+ with proportion [1-p-]) rates, and uses a
likelihood ratio test to determine if &beta;+ > &alpha; at a site. The
estimates aggregate information over a proportion of branches at a site,
so the signal is derived from episodic diversification, which is a
combination of strength of selection [effect size] and the proportion of
the tree affected. A subset of branches can be selected for testing as
well, in which case an additional (nuisance) parameter will be inferred
-- the non-synonymous rate on branches NOT selected for testing.
Multiple partitions within a NEXUS file are also supported for
recombination - aware analysis. 

- __Requirements__: in-frame codon alignment and a phylogenetic tree

- __Citation__: Detecting Individual Sites Subject to Episodic Diversifying Selection.
_PLoS Genet_ 8(7): e1002764.

- __Written by__: Sergei L. Kosakovsky Pond, Steven Weaver

- __Contact Information__: spond@temple.edu

- __Analysis Version__: 2.0.1


>Loaded a multiple sequence alignment with **24** sequences, **654** codons, and **1** partitions from `/home/lpicard/2019_validation/20191211/21genes_GBP5_CCDS_results_201912111827/GBP5_sequences_filtered_longestORFs_duplication_remainingsequences_prank.best.fas`

>Select the p-value threshold to use when testing for selection (permissible range = [0,1], default value = 0.1): 0.1


### Branches to include in the MEME analysis
Selected 45 branches to include in the MEME analysis: `homSap_GBP5_AY358953, homSap_GBP5_AF288815, homSap_FLJ00401_BC033761, Node11, homSap_GBP5_CCDS722, Node10, Node8, homSap_FLJ00401_AK090479, Node7, homSap_GBP5_AF328727, Node6, panTro_GBP5_XM_003308206, panTro_GBP5_XM_016922023, Node18, panPan_GBP5_XM_024928888, Node17, Node5, gorGorGor_GBP5_XM_004026101, gorGorGor_GBP5_XM_019027239, Node23, gorGorGor_GBP5_XM_019027285, Node22, Node4, ponAbe_GBP5_XM_009248130, ponAbe_GBP5_XR_656340, Node27, Node3, calJac_GBP5_XM_009001646, calJac_GBP5_XM_017974906, Node31, aotNan_GBP5_XM_012464816, aotNan_GBP5_XM_012464819, Node35, saiBolBol_GBP5_XM_003943256, cebCapImi_GBP5_XM_017498361, cebCapImi_GBP5_XM_017498360, Node40, Node38, Node34, Node30, Node2, carSyr_LOC103267819_XM_008065396, Node1, otoGar_GBP5_XM_012801702, micMur_GBP5_XM_012749233`


### Obtaining branch lengths and nucleotide substitution biases under the nucleotide GTR model
* Log(L) = -6659.71, AIC-c = 13425.54 (53 estimated parameters)

### Obtaining the global omega estimate based on relative GTR branch lengths and nucleotide substitution biases
* Log(L) = -6503.81, AIC-c = 13128.09 (60 estimated parameters)
* non-synonymous/synonymous rate ratio for *test* =   0.4747

### Improving branch lengths, nucleotide substitution biases, and global dN/dS ratios under a full codon model
* Log(L) = -6503.81
* non-synonymous/synonymous rate ratio for *test* =   0.4747

### For partition 1 these sites are significant at p <=0.1

|   Codon    | Partition  |   alpha    |   beta+    |     p+     |    LRT     |Episodic selection detected?| # branches |
|:----------:|:----------:|:----------:|:----------:|:----------:|:----------:|:--------------------------:|:----------:|
|     52     |     1      |    1.699   |   20.524   |    0.185   |    3.287   |      Yes, p =  0.0918      |     2      |
|    392     |     1      |    0.000   |   16.398   |    0.265   |    4.544   |      Yes, p =  0.0477      |     0      |
|    433     |     1      |    3.957   |  292.334   |    0.053   |    3.219   |      Yes, p =  0.0952      |     1      |
|    489     |     1      |    0.000   |  161.278   |    0.055   |    3.401   |      Yes, p =  0.0865      |     1      |
|    518     |     1      |    0.000   |   53.267   |    0.136   |    4.503   |      Yes, p =  0.0487      |     2      |
|    535     |     1      |    0.000   |   23.356   |    0.095   |    5.392   |      Yes, p =  0.0308      |     1      |
|    537     |     1      |    0.000   |   52.425   |    0.145   |    6.681   |      Yes, p =  0.0159      |     2      |
|    543     |     1      |    0.000   |   67.606   |    0.137   |    5.051   |      Yes, p =  0.0367      |     0      |
|    552     |     1      |    0.000   |   35.904   |    0.179   |    3.197   |      Yes, p =  0.0963      |     1      |
|    580     |     1      |    0.000   |  175.764   |    0.055   |    3.831   |      Yes, p =  0.0691      |     1      |
|    626     |     1      |    0.000   |    6.373   |    0.590   |    3.688   |      Yes, p =  0.0744      |     1      |

### ** Found _11_ sites under episodic diversifying positive selection at p <= 0.1**
