Sites	Ll_YN98.omega=0.0598079	Ll_YN98.omega=1	Pr_YN98.omega=0.0598079	Pr_YN98.omega=1	mean
63	-4.23986	-5.52373	0.905391	0.0946091	0.148759
64	-4.30363	-5.09085	0.853455	0.146545	0.197588
65	-18.1512	-13.1666	0.0178128	0.982187	0.983253
66	-18.1929	-19.0853	0.86612	0.13388	0.185681
67	-31.4909	-29.7463	0.316517	0.683483	0.702413
68	-66.2462	-50.0998	2.57657e-07	1	1
69	-12.583	-10.6661	0.280463	0.719537	0.736311
72	-4.30363	-5.09085	0.853455	0.146545	0.197588
73	-5.36028	-6.23958	0.864601	0.135399	0.187109
74	-18.5443	-19.4083	0.862797	0.137203	0.188805
75	-4.15222	-5.20234	0.883383	0.116617	0.16945
76	-36.2807	-37.1747	0.866314	0.133686	0.185498
77	-14.5101	-12.5714	0.276079	0.723921	0.740433
78	-13.1066	-13.8266	0.844856	0.155144	0.205673
79	-29.8907	-22.257	0.00128084	0.998719	0.998796
80	-3.68721	-4.59904	0.868364	0.131636	0.183571
81	-10.6763	-8.89626	0.308901	0.691099	0.709574
82	-5.03778	-6.07424	0.881968	0.118032	0.170781
83	-13.2292	-14.1809	0.872853	0.127147	0.179351
84	-21.9042	-20.0416	0.291556	0.708444	0.725882
85	-11.0848	-11.977	0.866105	0.133895	0.185695
86	-9.02026	-9.91718	0.86665	0.13335	0.185182
87	-19.2088	-14.4253	0.0216927	0.978307	0.979605
88	-29.2107	-21.7235	0.00148266	0.998517	0.998606
89	-7.30323	-8.16748	0.862829	0.137171	0.188775
90	-15.6093	-13.4944	0.242295	0.757705	0.772196
91	-11.5507	-12.4424	0.866049	0.133951	0.185748
92	-4.78694	-5.71097	0.869752	0.130248	0.182266
93	-11.7938	-9.94562	0.294547	0.705453	0.723069
94	-12.5909	-10.6979	0.285303	0.714697	0.73176
95	-10.6763	-8.89626	0.308901	0.691099	0.709574
96	-75.5791	-59.0608	1.77626e-07	1	1
97	-16.4897	-14.5657	0.279039	0.720961	0.73765
98	-24.9444	-19.2195	0.00857616	0.991424	0.991937
99	-18.7811	-19.6487	0.863217	0.136783	0.18841
100	-35.4851	-27.6694	0.00106797	0.998932	0.998996
101	-27.9721	-20.542	0.00156974	0.99843	0.998524
102	-4.90487	-5.76111	0.861879	0.138121	0.189669
103	-16.9753	-15.1436	0.297974	0.702026	0.719847
104	-26.1948	-24.2544	0.275756	0.724244	0.740736
105	-4.26092	-5.35432	0.887767	0.112233	0.165328
106	-26.4005	-21.7779	0.0253856	0.974614	0.976133
107	-4.15222	-5.20234	0.883383	0.116617	0.16945
108	-21.111	-22.0405	0.870364	0.129636	0.181691
109	-4.86688	-5.55269	0.840313	0.159687	0.209945
110	-47.4834	-37.0131	7.51778e-05	0.999925	0.999929
111	-10.011	-10.953	0.871776	0.128224	0.180363
112	-4.05709	-5.09581	0.882203	0.117797	0.17056
113	-4.30363	-5.09085	0.853455	0.146545	0.197588
114	-4.54002	-5.4181	0.864459	0.135541	0.187243
115	-5.32751	-6.30533	0.875725	0.124275	0.17665
116	-32.3511	-24.7054	0.00126564	0.998734	0.99881
117	-7.4803	-8.41888	0.871392	0.128608	0.180724
118	-10.8719	-11.7239	0.861374	0.138626	0.190143
119	-33.6766	-25.3509	0.000641579	0.999358	0.999397
120	-15.3326	-13.4048	0.278256	0.721744	0.738386
121	-10.6044	-8.5056	0.24525	0.75475	0.769418
122	-5.10396	-5.97299	0.863394	0.136606	0.188244
123	-8.8908	-9.79016	0.866933	0.133067	0.184917
124	-25.7963	-18.3019	0.00147205	0.998528	0.998616
125	-4.05709	-5.09581	0.882203	0.117797	0.17056
126	-34.629	-32.7387	0.285872	0.714128	0.731226
127	-47.245	-34.0186	4.7772e-06	0.999995	0.999996
128	-5.02418	-5.67913	0.836128	0.163872	0.213879
129	-22.8743	-17.9827	0.0195145	0.980485	0.981653
130	-12.3156	-10.5459	0.311107	0.688893	0.7075
131	-12.131	-10.431	0.326229	0.673771	0.693283
132	-12.2162	-10.2952	0.279634	0.720366	0.737091
133	-52.0249	-38.551	3.72973e-06	0.999996	0.999996
134	-3.82452	-4.88044	0.883979	0.116021	0.16889
135	-12.4945	-13.4963	0.878313	0.121687	0.174217
136	-11.9463	-10.1927	0.314559	0.685441	0.704254
137	-4.68724	-5.62374	0.871159	0.128841	0.180943
138	-4.8812	-5.81443	0.870792	0.129208	0.181289
139	-20.3457	-21.2143	0.86334	0.13666	0.188295
140	-41.0011	-33.3358	0.00124104	0.998759	0.998833
141	-4.70803	-5.30259	0.827684	0.172316	0.221818
142	-5.02418	-5.67913	0.836128	0.163872	0.213879
143	-17.0938	-15.1401	0.273095	0.726905	0.743238
144	-9.86088	-7.80803	0.253864	0.746136	0.761319
145	-4.32292	-5.01141	0.840672	0.159328	0.209607
146	-3.68721	-4.59904	0.868364	0.131636	0.183571
147	-13.267	-14.3051	0.882134	0.117866	0.170624
148	-4.9551	-5.66891	0.844034	0.155966	0.206446
149	-21.7667	-17.0636	0.0234687	0.976531	0.977935
150	-10.3672	-8.3232	0.255544	0.744456	0.759739
151	-3.82452	-4.88044	0.883979	0.116021	0.16889
152	-20.1251	-15.3944	0.0228443	0.977156	0.978522
153	-4.32292	-5.01141	0.840672	0.159328	0.209607
154	-10.8241	-11.7124	0.865656	0.134344	0.186117
155	-21.0243	-16.2507	0.0219052	0.978095	0.979405
156	-13.4756	-11.5228	0.273291	0.726709	0.743054
157	-13.8455	-11.8973	0.27419	0.72581	0.742209
158	-31.425	-26.4096	0.0172819	0.982718	0.983752
159	-12.8244	-10.7438	0.248641	0.751359	0.76623
160	-8.25557	-9.26617	0.879249	0.120751	0.173337
161	-11.4421	-12.4257	0.876352	0.123648	0.176061
162	-4.13941	-5.16164	0.880478	0.119522	0.172181
163	-11.0759	-9.14562	0.277781	0.722219	0.738832
164	-5.0051	-5.64269	0.833735	0.166265	0.216129
165	-4.31036	-4.98061	0.838212	0.161788	0.211919
166	-4.44833	-5.28748	0.859832	0.140168	0.191593
167	-15.8921	-13.8045	0.247352	0.752648	0.767442
168	-4.67775	-5.58942	0.868346	0.131654	0.183588
169	-9.80719	-10.574	0.850884	0.149116	0.200005
170	-20.1657	-17.9567	0.225431	0.774569	0.788052
171	-41.6746	-33.7118	0.000921933	0.999078	0.999133
172	-31.9281	-24.2205	0.00118966	0.99881	0.998881
173	-6.86897	-7.65184	0.85291	0.14709	0.198101
174	-21.3101	-16.5289	0.0217432	0.978257	0.979557
175	-25.898	-21.2612	0.0250368	0.974963	0.976461
176	-48.9839	-35.6147	4.14152e-06	0.999996	0.999996
177	-13.8907	-14.7855	0.866408	0.133592	0.18541
178	-17.7989	-18.7072	0.867962	0.132038	0.183949
179	-13.5744	-12.2123	0.404364	0.595636	0.61982
180	-16.1302	-14.5096	0.343933	0.656067	0.676637
181	-10.7933	-11.7495	0.873353	0.126647	0.17888
182	-4.1609	-5.03421	0.863899	0.136101	0.187769
183	-3.82679	-4.89293	0.885023	0.114977	0.167909
184	-3.74156	-4.78058	0.882234	0.117766	0.17053
185	-4.87856	-5.68446	0.855776	0.144224	0.195406
186	-4.73716	-5.80425	0.885119	0.114881	0.167818
187	-3.97917	-5.07232	0.887743	0.112257	0.165351
188	-5.16272	-6.15291	0.877066	0.122934	0.17539
189	-4.53932	-5.85906	0.908419	0.091581	0.145912
190	-4.1609	-5.03421	0.863899	0.136101	0.187769
191	-9.97075	-11.1546	0.896469	0.103531	0.157147
192	-4.96461	-5.94022	0.875485	0.124515	0.176875
193	-10.677	-11.9959	0.908341	0.0916589	0.145985
194	-4.87856	-5.68446	0.855776	0.144224	0.195406
195	-7.85307	-8.80265	0.87262	0.12738	0.17957
196	-16.5795	-17.5499	0.874915	0.125085	0.177412
197	-20.8167	-16.1183	0.0235769	0.976423	0.977833
198	-16.8784	-17.6307	0.849033	0.150967	0.201746
199	-4.73716	-5.80425	0.885119	0.114881	0.167818
200	-14.1719	-15.0713	0.866936	0.133064	0.184913
201	-14.8425	-15.9191	0.886083	0.113917	0.166911
202	-12.7764	-13.8393	0.884692	0.115308	0.16822
203	-4.87856	-5.68447	0.855777	0.144223	0.195406
204	-9.50947	-10.4349	0.869916	0.130084	0.182112
205	-4.39995	-5.31653	0.868906	0.131094	0.183061
206	-7.67629	-8.59041	0.868626	0.131374	0.183324
207	-10.6329	-11.5225	0.865805	0.134195	0.185977
208	-12.0944	-12.8787	0.8531	0.1469	0.197922
209	-5.03403	-5.7408	0.843105	0.156895	0.20732
210	-11.3742	-12.2718	0.866732	0.133268	0.185106
211	-7.87207	-8.87179	0.87809	0.12191	0.174427
212	-3.98875	-5.21029	0.899915	0.100085	0.153907
213	-4.36885	-5.2658	0.866654	0.133346	0.185178
214	-8.95384	-9.69104	0.847088	0.152912	0.203574
215	-4.69573	-5.7077	0.879395	0.120605	0.1732
216	-12.9628	-13.786	0.857898	0.142102	0.193411
217	-4.58414	-5.37918	0.854431	0.145569	0.196671
218	-8.70423	-9.68503	0.876049	0.123951	0.176345
219	-3.94046	-4.75507	0.856847	0.143153	0.194399
220	-4.14775	-4.92636	0.852375	0.147625	0.198604
221	-9.47399	-10.3956	0.869475	0.130525	0.182526
222	-9.38718	-10.4964	0.88933	0.11067	0.163859
223	-4.69573	-5.7077	0.879395	0.120605	0.1732
224	-8.85107	-9.68465	0.859159	0.140841	0.192226
225	-16.9203	-17.8051	0.865236	0.134764	0.186512
226	-4.53932	-5.85906	0.908419	0.0915808	0.145911
227	-3.82679	-4.89293	0.885023	0.114977	0.167909
228	-5.03403	-5.7408	0.843105	0.156895	0.20732
229	-4.39995	-5.31653	0.868906	0.131094	0.183061
230	-7.08511	-8.26918	0.89649	0.10351	0.157127
231	-3.97917	-5.07232	0.887743	0.112257	0.165351
232	-4.5068	-5.48905	0.876206	0.123794	0.176198
233	-4.93707	-5.67995	0.847823	0.152177	0.202884
234	-5.06609	-6.12635	0.884423	0.115577	0.168472
235	-19.2829	-20.2637	0.876051	0.123949	0.176344
236	-5.06609	-6.12635	0.884423	0.115577	0.168472
237	-3.94046	-4.75507	0.856847	0.143153	0.194399
238	-22.6563	-23.4031	0.84832	0.15168	0.202416
239	-9.08255	-10.1325	0.883364	0.116636	0.169468
240	-11.9894	-13.0015	0.879416	0.120584	0.17318
241	-4.74704	-5.646	0.866886	0.133114	0.18496
242	-4.93707	-5.67995	0.847823	0.152177	0.202884
243	-7.28518	-8.07726	0.854062	0.145938	0.197018
244	-28.9546	-24.2037	0.0223974	0.977603	0.978942
245	-10.7781	-11.824	0.882941	0.117059	0.169866
246	-15.3309	-16.0778	0.84834	0.15166	0.202397
247	-12.8102	-10.8288	0.267623	0.732377	0.748383
248	-10.9329	-9.31802	0.345206	0.654794	0.67544
249	-6.64169	-7.85825	0.899465	0.100535	0.15433
250	-4.14087	-5.06671	0.869957	0.130043	0.182073
251	-5.11963	-6.22958	0.889406	0.110594	0.163787
252	-11.0997	-12.2831	0.896427	0.103573	0.157186
253	-10.6509	-11.3971	0.848259	0.151741	0.202474
254	-11.536	-9.62609	0.281873	0.718127	0.734985
255	-10.5801	-11.9032	0.9087	0.0913003	0.145648
256	-4.5068	-5.48905	0.876206	0.123794	0.176198
257	-3.88701	-5.09003	0.898235	0.101765	0.155487
258	-5.03403	-5.7408	0.843105	0.156895	0.20732
259	-6.63458	-7.68449	0.883361	0.116639	0.169471
260	-21.4849	-17.0886	0.031629	0.968371	0.970263
261	-9.37143	-10.3304	0.873658	0.126342	0.178594
262	-10.4181	-11.3191	0.867116	0.132884	0.184745
263	-4.14775	-4.92636	0.852375	0.147625	0.198604
264	-4.36885	-5.2658	0.866654	0.133346	0.185178
265	-4.1609	-5.03422	0.863899	0.136101	0.187769
266	-4.62574	-5.44241	0.8571	0.1429	0.194161
267	-8.52293	-9.56526	0.882578	0.117422	0.170207
268	-4.38908	-5.17361	0.853118	0.146882	0.197905
269	-4.75572	-5.67559	0.86928	0.13072	0.18271
270	-3.99044	-5.10903	0.890253	0.109747	0.162991
271	-6.63458	-7.68449	0.883361	0.116639	0.169471
272	-36.8244	-37.6993	0.864085	0.135915	0.187594
273	-4.58414	-5.37918	0.854431	0.145569	0.196671
274	-3.97917	-5.07232	0.887743	0.112257	0.165351
275	-5.079	-6.16394	0.886922	0.113078	0.166123
276	-5.13565	-6.27147	0.891925	0.108075	0.161419
277	-4.40762	-5.3455	0.871314	0.128686	0.180798
278	-5.04479	-5.87708	0.859003	0.140997	0.192372
279	-13.7321	-14.9988	0.903911	0.0960889	0.15015
280	-4.25351	-5.75043	0.922131	0.0778692	0.13302
281	-4.40762	-5.3455	0.871314	0.128686	0.180798
282	-3.75191	-4.81509	0.884722	0.115278	0.168191
283	-4.70786	-5.7434	0.881873	0.118127	0.17087
284	-15.9559	-16.7985	0.860242	0.139758	0.191207
285	-4.40762	-5.3455	0.871314	0.128686	0.180798
286	-4.17158	-5.06521	0.866269	0.133731	0.18554
287	-17.868	-19.0036	0.891908	0.108092	0.161435
288	-4.40164	-5.20442	0.85539	0.14461	0.195769
289	-4.64039	-5.47607	0.859412	0.140588	0.191987
290	-12.3821	-13.4193	0.882045	0.117955	0.170708
291	-21.0976	-22.2093	0.889573	0.110427	0.163631
292	-8.72838	-9.93912	0.898938	0.101062	0.154826
293	-12.8046	-10.9513	0.293476	0.706524	0.724076
294	-4.00171	-5.25173	0.902452	0.0975481	0.151522
295	-4.87416	-5.6738	0.855002	0.144998	0.196134
296	-32.0717	-30.3415	0.319619	0.680381	0.699497
297	-10.0904	-11.2097	0.890321	0.109679	0.162927
298	-3.89893	-5.12999	0.900769	0.0992305	0.153104
299	-16.5226	-14.6474	0.288962	0.711038	0.72832
300	-5.17388	-6.18712	0.879529	0.120471	0.173073
301	-25.4636	-26.3761	0.868433	0.131567	0.183506
302	-4.1593	-4.95601	0.854639	0.145361	0.196475
303	-11.7965	-10.2664	0.364617	0.635383	0.65719
304	-4.25351	-5.75043	0.922131	0.0778692	0.13302
305	-4.40762	-5.3455	0.871314	0.128686	0.180798
306	-4.13064	-5.34165	0.898962	0.101038	0.154803
307	-14.1611	-15.5015	0.910123	0.0898774	0.14431
308	-15.5811	-16.3567	0.852006	0.147994	0.198951
309	-20.3379	-15.5785	0.022214	0.977786	0.979115
310	-3.83795	-4.92889	0.887523	0.112477	0.165558
311	-5.04479	-5.87708	0.859003	0.140997	0.192372
312	-16.9182	-18.0097	0.88758	0.11242	0.165504
313	-4.70786	-5.7434	0.881873	0.118127	0.17087
314	-22.2162	-20.3885	0.298804	0.701196	0.719067
315	-16.0029	-14.4035	0.348721	0.651279	0.672135
316	-12.3637	-10.3502	0.261393	0.738607	0.75424
317	-24.6216	-19.9748	0.0247934	0.975207	0.976689
318	-4.25351	-5.75043	0.922131	0.0778692	0.13302
319	-3.89893	-5.12999	0.900769	0.0992305	0.153104
320	-62.771	-44.1146	2.09387e-08	1	1
321	-3.95181	-4.78538	0.859158	0.140842	0.192227
322	-4.59644	-5.40997	0.856715	0.143285	0.194523
323	-8.38847	-9.38064	0.877279	0.122721	0.175189
324	-23.0269	-21.2747	0.314873	0.685127	0.703958
325	-11.2048	-12.0306	0.858213	0.141787	0.193115
326	-3.89893	-5.12999	0.900769	0.0992305	0.153104
327	-3.89893	-5.12999	0.900769	0.0992305	0.153104
328	-10.8586	-11.9231	0.884853	0.115147	0.168068
329	-4.17158	-5.06521	0.866269	0.133731	0.18554
330	-10.8734	-12.0115	0.892148	0.107852	0.161209
331	-4.40762	-5.3455	0.871314	0.128686	0.180798
332	-31.3272	-29.6044	0.321253	0.678747	0.69796
333	-4.23209	-5.45637	0.900161	0.0998393	0.153676
334	-3.89893	-5.12999	0.900769	0.0992305	0.153104
335	-14.3646	-12.4918	0.289445	0.710555	0.727866
336	-4.17158	-5.06521	0.866269	0.133731	0.18554
337	-17.5538	-12.913	0.02494	0.97506	0.976552
338	-11.77	-12.8054	0.881859	0.118141	0.170883
339	-5.13565	-6.27147	0.891925	0.108075	0.161419
340	-15.342	-13.3417	0.263939	0.736061	0.751847
341	-6.64879	-7.87537	0.900368	0.0996323	0.153481
342	-20.2539	-18.3434	0.281772	0.718228	0.73508
343	-14.7617	-12.7693	0.265471	0.734529	0.750406
344	-38.4992	-31.0719	0.00157393	0.998426	0.99852
346	-38.5828	-28.5534	0.00011683	0.999883	0.99989
347	-23.241	-18.6396	0.0259143	0.974086	0.975636
348	-37.0495	-28.3982	0.000463341	0.999537	0.999564
349	-12.6063	-10.5437	0.252023	0.747977	0.76305
350	-4.87416	-5.6738	0.855002	0.144998	0.196134
351	-10.0957	-11.2304	0.891825	0.108175	0.161513
352	-8.88869	-9.72394	0.859361	0.140639	0.192035
353	-6.65465	-7.89969	0.902012	0.0979879	0.151935
354	-5.079	-6.16394	0.886922	0.113078	0.166123
355	-4.84368	-5.67533	0.858925	0.141075	0.192446
356	-4.8945	-5.71917	0.858077	0.141923	0.193243
357	-17.7341	-13.3192	0.031065	0.968935	0.970793
358	-41.34	-31.2468	0.000109605	0.99989	0.999897
359	-4.00171	-5.25173	0.902452	0.0975481	0.151522
360	-5.08832	-6.29679	0.898731	0.101269	0.15502
361	-4.99312	-6.12832	0.891866	0.108134	0.161475
362	-7.4447	-8.26105	0.857062	0.142938	0.194197
363	-3.95181	-4.78538	0.859158	0.140842	0.192227
364	-4.13064	-5.34165	0.898962	0.101038	0.154803
365	-13.0994	-11.6413	0.381452	0.618548	0.641361
366	-13.8824	-14.9058	0.880597	0.119403	0.17207
367	-15.3948	-13.3959	0.264216	0.735784	0.751586
368	-10.171	-11.263	0.887629	0.112371	0.165459
369	-4.00171	-5.25173	0.902452	0.0975481	0.151522
370	-12.5412	-13.6546	0.889743	0.110257	0.16347
371	-3.83795	-4.92889	0.887523	0.112477	0.165558
372	-5.17388	-6.18712	0.879529	0.120471	0.173073
373	-15.2591	-13.3227	0.276564	0.723436	0.739976
374	-3.75191	-4.81509	0.884722	0.115278	0.168191
375	-4.61185	-5.63566	0.880645	0.119355	0.172025
376	-4.31662	-5.59145	0.904614	0.0953864	0.149489
377	-9.66209	-10.8978	0.901184	0.0988159	0.152714
378	-4.87416	-5.6738	0.855002	0.144998	0.196134
379	-3.75191	-4.81509	0.884722	0.115278	0.168191
380	-3.95181	-4.78538	0.859158	0.140842	0.192227
381	-4.40762	-5.3455	0.871314	0.128686	0.180798
382	-5.20335	-6.24233	0.88223	0.11777	0.170535
383	-5.11443	-6.29274	0.895953	0.104047	0.157632
384	-9.26601	-10.5378	0.90435	0.0956503	0.149738
385	-5.37405	-6.51414	0.892336	0.107664	0.161032
386	-3.99044	-5.10903	0.890253	0.109747	0.162991
387	-3.99044	-5.10903	0.890253	0.109747	0.162991
388	-4.40164	-5.20442	0.85539	0.14461	0.195769
389	-10.9	-11.9357	0.881888	0.118112	0.170855
390	-4.74665	-5.83857	0.88762	0.11238	0.165466
391	-9.39303	-10.34	0.87233	0.12767	0.179842
392	-3.83795	-4.92889	0.887522	0.112478	0.165558
393	-3.83795	-4.92889	0.887522	0.112478	0.165558
394	-9.16111	-10.1018	0.871629	0.128371	0.180501
395	-3.75191	-4.81509	0.884722	0.115278	0.168192
396	-17.8153	-18.8551	0.882315	0.117685	0.170454
397	-34.6064	-27.3481	0.00186317	0.998137	0.998248
398	-9.73432	-10.7328	0.877954	0.122046	0.174555
399	-15.9821	-16.9543	0.875112	0.124888	0.177227
400	-4.17158	-5.0652	0.866269	0.133731	0.185541
401	-7.63877	-8.86261	0.900122	0.0998785	0.153713
402	-4.40762	-5.3455	0.871314	0.128686	0.180798
403	-8.44774	-9.48027	0.881559	0.118441	0.171165
404	-4.84368	-5.67533	0.858925	0.141075	0.192446
405	-4.73938	-5.73027	0.877142	0.122858	0.175318
406	-4.75572	-5.67558	0.86928	0.13072	0.18271
407	-16.9174	-15.3274	0.350871	0.649129	0.670114
408	-8.8898	-9.90774	0.880026	0.119974	0.172606
409	-50.2803	-37.3087	6.16385e-06	0.999994	0.999994
410	-31.8039	-24.4143	0.00163436	0.998366	0.998463
411	-19.7543	-15.304	0.030016	0.969984	0.971779
412	-28.5579	-23.8965	0.0244433	0.975557	0.977019
413	-45.3974	-35.1129	9.0532e-05	0.999909	0.999915
414	-4.17158	-5.0652	0.866269	0.133731	0.185541
415	-4.75572	-5.67558	0.86928	0.13072	0.18271
416	-16.5286	-14.5389	0.266005	0.733995	0.749904
417	-15.5361	-13.8316	0.325233	0.674767	0.694218
418	-6.64492	-7.71899	0.885827	0.114173	0.167152
419	-4.23209	-5.45636	0.900161	0.0998394	0.153676
420	-13.9546	-15.1769	0.899982	0.100018	0.153844
421	-4.15929	-4.95601	0.854639	0.145361	0.196476
422	-11.2996	-12.3353	0.881883	0.118117	0.17086
423	-10.2107	-11.3102	0.888374	0.111626	0.164758
424	-5.14352	-5.90717	0.850483	0.149517	0.200382
425	-3.95181	-4.78538	0.859157	0.140843	0.192227
426	-4.31662	-5.59145	0.904613	0.0953866	0.14949
427	-4.25351	-5.75043	0.922131	0.0778693	0.13302
428	-4.99312	-6.12831	0.891865	0.108135	0.161475
429	-4.54903	-5.89951	0.910945	0.0890554	0.143537
430	-4.74303	-5.58415	0.860069	0.139931	0.19137
431	-12.023	-13.0502	0.881002	0.118998	0.171689
432	-4.396	-5.70004	0.907104	0.0928958	0.147148
433	-22.0799	-17.3029	0.0218325	0.978167	0.979473
434	-12.9356	-13.0455	0.74738	0.25262	0.297319
435	-4.54903	-5.89951	0.910945	0.0890554	0.143537
436	-4.84368	-5.67533	0.858925	0.141075	0.192446
437	-4.75104	-5.86438	0.889739	0.110261	0.163475
438	-10.3466	-11.1896	0.860299	0.139701	0.191154
439	-3.95181	-4.78538	0.859157	0.140843	0.192227
440	-8.7749	-9.72153	0.872291	0.127709	0.179879
441	-10.4534	-11.7617	0.907462	0.0925376	0.146811
442	-4.0017	-5.25173	0.902452	0.0975482	0.151522
443	-4.15929	-4.95601	0.854639	0.145361	0.196476
444	-5.17388	-6.18711	0.879529	0.120471	0.173074
445	-4.396	-5.70004	0.907104	0.0928958	0.147148
446	-15.0943	-16.1126	0.880071	0.119929	0.172564
447	-4.17158	-5.0652	0.866269	0.133731	0.185541
448	-3.75191	-4.81509	0.884722	0.115278	0.168192
449	-11.6174	-9.86543	0.314915	0.685085	0.703919
450	-4.25351	-5.75043	0.922131	0.0778693	0.13302
451	-4.16717	-5.05241	0.865295	0.134705	0.186457
452	-4.97364	-6.05145	0.886205	0.113795	0.166797
453	-3.74763	-4.80084	0.8837	0.1163	0.169152
454	-22.1193	-22.9944	0.864109	0.135891	0.187572
455	-12.7137	-10.9621	0.314998	0.685002	0.703842
456	-12.0408	-13.0242	0.876336	0.123664	0.176075
457	-9.71364	-8.10447	0.346507	0.653493	0.674217
458	-10.0304	-11.0976	0.88513	0.11487	0.167808
459	-37.32	-35.7477	0.354914	0.645086	0.666312
460	-53.6947	-37.7476	3.14461e-07	1	1
461	-16.4695	-14.5905	0.288179	0.711821	0.729057
462	-18.477	-16.9835	0.373149	0.626851	0.649169
463	-8.96056	-10.1601	0.897914	0.102086	0.155788
464	-10.0493	-10.9353	0.865383	0.134617	0.186374
465	-12.3995	-10.6025	0.305297	0.694703	0.712962
466	-4.59136	-5.39726	0.855776	0.144224	0.195407
467	-11.6125	-9.58506	0.258699	0.741301	0.756773
468	-10.1962	-8.51091	0.329474	0.670526	0.690231
469	-16.8815	-15.0944	0.307401	0.692599	0.710984
470	-15.6056	-14.0195	0.351738	0.648262	0.669299
471	-7.63348	-8.84578	0.89908	0.10092	0.154692
472	-3.94712	-4.77286	0.858207	0.141793	0.193121
473	-87.8501	-60.6789	4.19803e-12	1	1
474	-4.16717	-5.05241	0.865295	0.134705	0.186457
475	-8.00459	-8.84363	0.859818	0.140182	0.191605
476	-4.97364	-6.05145	0.886205	0.113795	0.166797
477	-4.87261	-5.9398	0.885131	0.114869	0.167807
478	-4.16717	-5.05241	0.865295	0.134705	0.186457
479	-9.57287	-10.6531	0.886445	0.113555	0.166571
480	-4.31294	-5.57579	0.903575	0.0964253	0.150466
481	-4.25262	-5.73547	0.921115	0.0788852	0.133975
482	-6.64386	-7.85885	0.899323	0.100677	0.154463
483	-5.19791	-6.22711	0.88121	0.11879	0.171493
484	-16.304	-14.4376	0.290758	0.709242	0.726631
485	-4.73648	-5.5697	0.859115	0.140885	0.192267
486	-15.3506	-16.5639	0.899165	0.100835	0.154612
487	-11.6063	-12.3632	0.849626	0.150374	0.201189
488	-7.74983	-8.8276	0.8862	0.1138	0.166802
489	-10.3536	-11.4071	0.883728	0.116272	0.169125
490	-4.39204	-5.68382	0.906066	0.093934	0.148124
491	-4.16717	-5.05241	0.865295	0.134705	0.186457
492	-9.16129	-10.1549	0.877435	0.122565	0.175043
493	-5.13564	-5.89212	0.849569	0.150431	0.201242
494	-4.12577	-5.32538	0.897922	0.102078	0.155781
495	-4.16717	-5.05241	0.865295	0.134705	0.186457
496	-9.99145	-10.6786	0.840492	0.159508	0.209776
497	-15.1465	-13.3534	0.306111	0.693889	0.712197
498	-5.03888	-5.86336	0.858054	0.141946	0.193264
499	-19.9598	-17.976	0.267152	0.732848	0.748826
500	-3.74763	-4.80084	0.8837	0.1163	0.169152
501	-11.2405	-9.42122	0.300586	0.699414	0.717391
502	-14.616	-12.2093	0.192801	0.807199	0.81873
503	-10.275	-11.0092	0.846691	0.153309	0.203948
504	-20.5903	-15.9437	0.024798	0.975202	0.976685
505	-73.5156	-65.7155	0.00108473	0.998915	0.99898
506	-4.87261	-5.9398	0.885131	0.114869	0.167807
507	-56.0351	-42.653	4.08839e-06	0.999996	0.999996
508	-6.88698	-8.08496	0.897773	0.102227	0.155921
509	-4.16717	-5.05241	0.865295	0.134705	0.186457
510	-12.0561	-12.7432	0.840478	0.159522	0.20979
511	-15.0869	-13.5022	0.352068	0.647932	0.668988
512	-29.9293	-22.4614	0.00151143	0.998489	0.998579
513	-11.0926	-11.9781	0.865327	0.134673	0.186426
514	-13.9138	-12.3164	0.349179	0.650821	0.671705
515	-11.7466	-9.91837	0.2987	0.7013	0.719165
516	-4.83813	-5.66197	0.857976	0.142024	0.193338
517	-3.83334	-4.91404	0.886496	0.113504	0.166523
518	-12.0802	-12.819	0.8473	0.1527	0.203375
519	-15.5013	-13.7025	0.304921	0.695079	0.713315
520	-4.2268	-5.43954	0.89912	0.10088	0.154655
521	-11.6338	-12.48	0.860672	0.139328	0.190803
522	-4.60711	-5.62131	0.87963	0.12037	0.172978
523	-4.59136	-5.39726	0.855776	0.144224	0.195407
524	-4.12577	-5.32538	0.897922	0.102078	0.155781
525	-18.0772	-19.0798	0.878395	0.121605	0.17414
526	-4.37616	-5.28537	0.868065	0.131935	0.183853
527	-9.51983	-10.6047	0.886916	0.113084	0.166129
528	-40.9512	-35.6636	0.0132179	0.986782	0.987573
529	-18.6003	-14.0045	0.0260568	0.973943	0.975502
530	-14.6648	-12.7836	0.287731	0.712269	0.729477
531	-40.613	-30.1966	7.93441e-05	0.999921	0.999925
532	-10.0479	-8.41969	0.342204	0.657796	0.678262
533	-12.1326	-13.018	0.865306	0.134694	0.186446
534	-19.495	-17.9146	0.353055	0.646945	0.668061
535	-12.2605	-10.6106	0.337343	0.662657	0.682833
536	-7.2989	-8.50336	0.898367	0.101633	0.155363
537	-28.4907	-21.2223	0.00184458	0.998155	0.998266
538	-8.884	-9.71142	0.858412	0.141588	0.192928
539	-6.64386	-7.85885	0.899323	0.100677	0.154463
540	-19.9063	-17.9806	0.278685	0.721315	0.737983
541	-4.39646	-5.19169	0.854455	0.145545	0.196648
542	-14.2064	-15.3234	0.890102	0.109898	0.163133
543	-3.99635	-5.2346	0.90141	0.0985896	0.152501
544	-4.12577	-5.32538	0.897922	0.102078	0.155781
545	-4.15453	-4.94377	0.853707	0.146293	0.197351
546	-18.7963	-19.7626	0.87447	0.12553	0.177831
547	-46.5627	-36.0591	7.27136e-05	0.999927	0.999932
548	-4.63434	-5.46217	0.858461	0.141539	0.192882
549	-6.64929	-7.88256	0.900966	0.0990335	0.152918
550	-8.29872	-9.24752	0.872533	0.127467	0.179651
552	-47.5983	-34.6671	6.41807e-06	0.999994	0.999994
553	-42.2409	-34.8187	0.00158218	0.998418	0.998512
554	-33.2381	-27.1741	0.00612451	0.993875	0.994242
555	-19.6836	-20.432	0.848531	0.151469	0.202218
556	-13.4015	-11.8053	0.349439	0.650561	0.671461
557	-32.5029	-27.7329	0.0219818	0.978018	0.979333
558	-15.9103	-14.2121	0.326634	0.673366	0.692901
559	-5.13563	-5.89212	0.849569	0.150431	0.201242
560	-31.4387	-24.163	0.00183112	0.998169	0.998278
561	-10.1066	-10.9356	0.858594	0.141406	0.192756
562	-8.83083	-10.0498	0.899682	0.100318	0.154126
563	-19.9913	-18.2259	0.31201	0.68799	0.706651
564	-4.40445	-5.33354	0.870324	0.129676	0.181728
565	-4.17492	-5.52217	0.910682	0.0893182	0.143784
566	-11.0502	-12.0644	0.879629	0.120371	0.17298
567	-3.74763	-4.80084	0.8837	0.1163	0.169152
577	-4.15453	-4.94376	0.853707	0.146293	0.197351
578	-4.74273	-5.82439	0.886593	0.113407	0.166433
579	-4.39204	-5.68381	0.906065	0.0939346	0.148124
580	-4.25262	-5.73546	0.921114	0.0788859	0.133976
581	-3.74763	-4.80083	0.8837	0.1163	0.169153
582	-9.29234	-10.1192	0.858343	0.141657	0.192992
583	-4.70285	-5.72865	0.880854	0.119146	0.171828
584	-4.25262	-5.73546	0.921114	0.0788859	0.133976
585	-11.5248	-9.69858	0.299119	0.700881	0.718771
586	-21.8793	-17.4901	0.0318487	0.968151	0.970056
587	-25.922	-21.4821	0.0303202	0.96968	0.971493
588	-3.83334	-4.91403	0.886495	0.113505	0.166524
589	-7.89672	-9.01922	0.890634	0.109366	0.162633
590	-4.16717	-5.0524	0.865294	0.134706	0.186457
591	-6.64065	-7.70473	0.884814	0.115186	0.168105
592	-27.9609	-26.2603	0.326099	0.673901	0.693405
593	-8.65125	-9.45596	0.855629	0.144371	0.195544
594	-18.4453	-16.6277	0.300928	0.699072	0.71707
595	-15.5267	-13.8334	0.327723	0.672277	0.691878
596	-3.94712	-4.77285	0.858206	0.141794	0.193121
597	-4.75213	-5.66336	0.868296	0.131704	0.183635
598	-6.89039	-8.10181	0.899	0.101	0.154768
599	-12.3249	-10.4189	0.282666	0.717334	0.734239
600	-13.8357	-12.2574	0.353547	0.646453	0.667598
601	-11.3108	-9.48845	0.299941	0.700059	0.717997
602	-18.9836	-14.5626	0.0308823	0.969118	0.970965
603	-20.882	-16.416	0.0295617	0.970438	0.972206
604	-38.5533	-31.1456	0.00160509	0.998395	0.998491
605	-10.2712	-11.3973	0.890978	0.109022	0.16231
606	-30.7702	-22.9706	0.0010853	0.998915	0.99898
607	-4.16717	-5.0524	0.865294	0.134706	0.186457
608	-37.1645	-32.3667	0.0213928	0.978607	0.979887
609	-3.99634	-5.23459	0.90141	0.0985901	0.152502
610	-7.03866	-8.29904	0.903359	0.0966408	0.150669
611	-4.37616	-5.28536	0.868064	0.131936	0.183853
612	-4.15453	-4.94377	0.853707	0.146293	0.197351
613	-5.14157	-6.03784	0.866576	0.133424	0.185252
614	-47.5136	-34.2317	4.5195e-06	0.999995	0.999996
615	-7.43951	-8.24833	0.856136	0.143864	0.195068
616	-5.13563	-5.89212	0.849569	0.150431	0.201242
617	-5.12903	-6.25416	0.89089	0.10911	0.162392
618	-4.12577	-5.32538	0.897922	0.102078	0.155781
619	-42.4646	-29.5143	6.29567e-06	0.999994	0.999994
620	-4.40445	-5.33354	0.870324	0.129676	0.181728
621	-14.3561	-12.6065	0.315419	0.684581	0.703445
622	-4.12577	-5.32538	0.897922	0.102078	0.155781
623	-4.37616	-5.28537	0.868064	0.131936	0.183853
624	-9.69663	-10.453	0.849559	0.150441	0.201251
625	-4.16717	-5.05241	0.865295	0.134705	0.186457
626	-5.04279	-5.75922	0.844378	0.155622	0.206122
627	-8.44129	-9.45308	0.879376	0.120624	0.173218
628	-9.90287	-10.8072	0.867507	0.132493	0.184377
629	-4.75213	-5.66337	0.868296	0.131704	0.183635
630	-4.2268	-5.43954	0.89912	0.10088	0.154655
631	-16.007	-14.3787	0.342197	0.657803	0.678269
632	-25.9789	-21.268	0.0232905	0.97671	0.978102
633	-9.77142	-10.9197	0.893123	0.106877	0.160293
634	-32.259	-24.8718	0.00163823	0.998362	0.99846
635	-21.8166	-17.3941	0.0308359	0.969164	0.971008
636	-4.51229	-5.50794	0.877653	0.122347	0.174837
637	-5.16993	-5.90408	0.846693	0.153307	0.203946
638	-3.94712	-4.77286	0.858207	0.141793	0.193121
639	-17.1968	-18.1059	0.868046	0.131954	0.18387
640	-11.1007	-12.1676	0.885092	0.114908	0.167844
641	-36.2122	-28.7656	0.00154399	0.998456	0.998548
642	-6.79179	-7.72501	0.87079	0.12921	0.18129
643	-24.7562	-23.0458	0.323938	0.676062	0.695436
644	-11.1004	-12.0299	0.870364	0.129636	0.181691
645	-4.15453	-4.94377	0.853707	0.146293	0.197351
646	-13.5954	-14.5089	0.868555	0.131445	0.183391
647	-4.87368	-5.66582	0.854069	0.145931	0.197011
648	-29.39	-30.4542	0.884824	0.115176	0.168095
649	-48.5909	-40.9268	0.00124248	0.998758	0.998832
650	-31.6922	-24.358	0.00172729	0.998273	0.998376
651	-25.2489	-17.9117	0.00172221	0.998278	0.998381
652	-7.94393	-9.05011	0.889035	0.110965	0.164136
653	-10.2729	-11.3948	0.89057	0.10943	0.162693
654	-5.2933	-6.32906	0.881895	0.118105	0.170849
655	-4.2268	-5.43953	0.899119	0.100881	0.154655
656	-20.6928	-21.7455	0.88365	0.11635	0.1692
657	-21.7137	-16.9743	0.0226504	0.97735	0.978704
665	-6.63854	-7.69769	0.88431	0.11569	0.168579
666	-30.7706	-31.754	0.876325	0.123675	0.176087
667	-13.9884	-12.2205	0.31148	0.68852	0.707149
668	-4.15218	-4.93772	0.853245	0.146755	0.197786
669	-10.6721	-8.96887	0.32552	0.67448	0.693949
670	-24.5752	-25.5998	0.88072	0.11928	0.171954
671	-5.12575	-6.24554	0.89037	0.10963	0.162881
672	-8.09456	-9.01345	0.869169	0.130831	0.182814
673	-11.4221	-12.7588	0.909814	0.0901858	0.1446
674	-15.1418	-16.2145	0.885684	0.114316	0.167287
675	-4.88467	-5.69772	0.856656	0.143344	0.194578
676	-19.113	-17.1394	0.269168	0.730832	0.74693
677	-7.54171	-8.76365	0.899952	0.100048	0.153873
678	-52.9368	-36.8989	2.87175e-07	1	1
679	-7.54623	-8.75148	0.898438	0.101562	0.155295
680	-4.87345	-5.66186	0.853604	0.146396	0.197448
681	-12.4839	-13.6926	0.898754	0.101246	0.154999
682	-51.4092	-41.0821	8.67512e-05	0.999913	0.999918
683	-49.0457	-35.8067	4.71751e-06	0.999995	0.999996
684	-58.363	-42.178	2.47892e-07	1	1
685	-9.46353	-10.3571	0.866266	0.133734	0.185544
686	-40.5828	-33.1161	0.00151336	0.998487	0.998577
687	-24.8042	-20.085	0.0231033	0.976897	0.978278
688	-40.7372	-30.2636	7.49338e-05	0.999925	0.99993
689	-20.5586	-18.852	0.324784	0.675216	0.694641
690	-20.034	-15.2113	0.0208777	0.979122	0.980371
691	-39.6635	-32.2024	0.00152187	0.998478	0.998569
692	-36.5461	-26.1661	8.22838e-05	0.999918	0.999923
693	-27.1425	-21.3795	0.00825818	0.991742	0.992236
694	-3.89155	-5.10527	0.899208	0.100792	0.154571
695	-12.7333	-13.795	0.884575	0.115425	0.168329
696	-25.7425	-18.2631	0.00149421	0.998506	0.998595
697	-11.6738	-10.0873	0.351647	0.648353	0.669385
698	-18.965	-14.4161	0.0272744	0.972726	0.974357
699	-23.4173	-21.6854	0.319263	0.680737	0.699831
700	-49.5938	-36.4541	5.20996e-06	0.999995	0.999995
701	-23.4807	-18.7464	0.0227633	0.977237	0.978598
702	-12.3354	-13.1269	0.853981	0.146019	0.197094
703	-7.63406	-8.5696	0.871051	0.128949	0.181045
704	-27.3916	-22.9278	0.0296249	0.970375	0.972147
705	-8.1508	-9.20211	0.883506	0.116494	0.169335
706	-14.7485	-12.9678	0.308747	0.691253	0.709718
707	-35.4942	-30.7765	0.0231358	0.976864	0.978248
708	-131.116	-95.5808	9.78497e-16	1	1
