Sites	Ll_YN98.omega=0.0736263	Ll_YN98.omega=1	Ll_YN98.omega=3.78371	Pr_YN98.omega=0.0736263	Pr_YN98.omega=1	Pr_YN98.omega=3.78371	mean
63	-4.24615	-5.35301	-8.60272	0.903028	0.0964119	0.000559896	0.165017
64	-4.26392	-4.92557	-6.86976	0.854545	0.142404	0.00305122	0.216866
65	-17.898	-13.2288	-12.2061	0.0200939	0.691841	0.288066	1.78328
66	-18.525	-19.2937	-21.5437	0.867987	0.129962	0.002051	0.201629
67	-31.7784	-30.0858	-31.443	0.354301	0.621741	0.0239585	0.738479
68	-65.7083	-50.7032	-44.6033	1.39104e-08	0.014761	0.985239	3.74262
69	-12.539	-10.7031	-11.6187	0.317825	0.643602	0.0385736	0.812953
72	-4.26392	-4.92557	-6.86976	0.854545	0.142404	0.00305122	0.216866
73	-5.30219	-6.05803	-8.26622	0.866432	0.131405	0.0021623	0.203379
74	-18.9091	-19.6525	-21.8341	0.864929	0.132826	0.00224443	0.205
75	-4.1152	-5.01628	-7.63978	0.882936	0.115806	0.00125796	0.185573
76	-36.9781	-37.7538	-39.9426	0.868673	0.12916	0.00216692	0.201316
77	-14.3521	-12.498	-13.3719	0.31336	0.646259	0.0403811	0.82212
78	-13.3562	-13.9774	-15.7776	0.849026	0.147328	0.00364559	0.223633
79	-29.6542	-22.526	-20.6063	0.00122748	0.494193	0.50458	2.40347
80	-3.65733	-4.43404	-6.72696	0.868979	0.129069	0.00195131	0.200432
81	-10.5497	-8.82689	-10.1084	0.346772	0.627158	0.0260698	0.75133
82	-5.01817	-5.90475	-8.51358	0.881412	0.117296	0.00129296	0.187083
83	-13.3857	-14.2043	-16.5935	0.87383	0.124462	0.00170898	0.195265
84	-21.9546	-20.1709	-21.2536	0.331164	0.636557	0.0322792	0.783074
85	-11.1349	-11.9028	-14.1457	0.867887	0.130046	0.00206691	0.201766
86	-9.15843	-9.92962	-12.1801	0.868276	0.129678	0.00204553	0.201346
87	-18.949	-14.4656	-13.9417	0.0271584	0.776517	0.196325	1.52135
88	-28.8882	-21.8812	-20.3325	0.00164226	0.585712	0.412646	2.14716
89	-7.35407	-8.09786	-10.2784	0.864979	0.132775	0.00224618	0.204959
90	-15.5263	-13.521	-13.9629	0.275489	0.660902	0.0636095	0.921865
91	-11.6056	-12.3725	-14.6238	0.867777	0.130172	0.00205161	0.201826
92	-4.73035	-5.52454	-7.85124	0.871012	0.12713	0.00185815	0.19829
93	-11.7385	-9.96122	-11.062	0.33278	0.635566	0.0316537	0.779836
94	-12.434	-10.6191	-11.6141	0.323324	0.641183	0.0354937	0.799286
95	-10.5497	-8.82689	-10.1084	0.346772	0.627158	0.0260698	0.75133
96	-75.7376	-60.3625	-53.504	4.53508e-09	0.00696757	0.993032	3.76431
97	-16.3363	-14.4952	-15.4182	0.316765	0.644869	0.0383659	0.813356
98	-24.7739	-19.3847	-17.4582	0.00692266	0.489692	0.503385	2.39486
99	-18.9533	-19.7018	-21.905	0.865571	0.132242	0.00218709	0.204246
100	-35.2775	-27.9905	-25.6413	0.000824314	0.388984	0.610192	2.69783
101	-27.7201	-20.7711	-19.3258	0.00181371	0.610375	0.387811	2.07787
102	-4.86084	-5.59877	-7.76844	0.864272	0.133446	0.0022821	0.205714
103	-17.0352	-15.2662	-16.3613	0.33456	0.6337	0.0317399	0.778427
104	-26.3383	-24.4828	-25.3523	0.313005	0.646427	0.0405684	0.822971
105	-4.23862	-5.17161	-7.91127	0.886313	0.112598	0.00108897	0.181974
106	-26.2826	-21.9306	-21.7927	0.032916	0.825251	0.141833	1.36433
107	-4.1152	-5.01628	-7.63978	0.882936	0.115806	0.00125796	0.185573
108	-21.4604	-22.259	-24.5875	0.871504	0.126648	0.00184772	0.197805
109	-4.86925	-5.44819	-7.15943	0.843236	0.152636	0.00412837	0.230341
110	-47.1475	-37.3993	-34.0962	3.56493e-05	0.197154	0.80281	3.23476
111	-10.0572	-10.8674	-13.2307	0.872852	0.125382	0.00176673	0.196331
112	-4.02388	-4.91656	-7.52199	0.882044	0.116665	0.0012904	0.18649
113	-4.26392	-4.92557	-6.86976	0.854545	0.142404	0.00305122	0.216866
114	-4.49768	-5.2548	-7.48547	0.866622	0.131266	0.00211198	0.203064
115	-5.31015	-6.15209	-8.62862	0.8765	0.121965	0.00153462	0.192305
116	-32.088	-24.9499	-23.0127	0.00120465	0.489847	0.508949	2.41565
117	-7.57258	-8.37535	-10.7248	0.872009	0.126189	0.00180293	0.197213
118	-11.0226	-11.7569	-13.9154	0.863818	0.133867	0.00231509	0.206227
119	-33.5892	-25.7739	-23.0883	0.000390771	0.312775	0.686834	2.91158
120	-15.2673	-13.425	-14.3455	0.316485	0.645043	0.0384723	0.813912
121	-10.4589	-8.46804	-8.96792	0.279381	0.660618	0.0600012	0.908214
122	-5.06072	-5.81051	-8.01751	0.865728	0.132095	0.00217624	0.20407
123	-8.98315	-9.75213	-12.008	0.868032	0.12993	0.0020384	0.201552
124	-25.458	-18.4521	-16.8573	0.00161272	0.57454	0.423847	2.17837
125	-4.02388	-4.91656	-7.52199	0.882044	0.116665	0.0012904	0.18649
126	-34.8875	-33.0753	-34.0702	0.32391	0.640621	0.0354687	0.798673
127	-46.8622	-34.557	-30.0665	9.76964e-07	0.0696824	0.930317	3.58973
128	-4.94898	-5.50748	-7.15482	0.840281	0.155243	0.00447593	0.234045
129	-22.7817	-18.1996	-17.4251	0.0233589	0.737171	0.23947	1.64497
130	-12.1784	-10.4679	-11.7524	0.349596	0.624521	0.0258826	0.748193
131	-12.0062	-10.349	-11.8075	0.36328	0.615292	0.0214277	0.723115
132	-12.1704	-10.3293	-11.2602	0.31687	0.645056	0.0380741	0.812447
133	-51.6235	-39.103	-33.9827	4.33782e-07	0.0383727	0.961627	3.67689
134	-3.79103	-4.69921	-7.34956	0.883697	0.115086	0.00121702	0.184754
135	-12.6838	-13.5368	-16.0265	0.877708	0.120792	0.00150008	0.191091
136	-11.809	-10.1131	-11.4385	0.353289	0.621968	0.0247431	0.7416
137	-4.65633	-5.46094	-7.82825	0.872242	0.12599	0.0017682	0.1969
138	-4.81927	-5.62054	-7.96414	0.871832	0.126352	0.00181584	0.197412
139	-20.5177	-21.2671	-23.473	0.86568	0.13214	0.00217954	0.204124
140	-41.0366	-33.8893	-31.8665	0.0011417	0.468535	0.530323	2.47521
141	-4.6553	-5.16552	-6.66847	0.833093	0.161527	0.00538051	0.243223
142	-4.94898	-5.50748	-7.15482	0.840281	0.155243	0.00447593	0.234045
143	-17.0439	-15.1769	-16.0296	0.310326	0.648299	0.0413747	0.827697
144	-9.73423	-7.78242	-8.39653	0.289161	0.657562	0.0532767	0.880435
145	-4.27228	-4.86557	-6.61793	0.845263	0.150822	0.00391496	0.227869
146	-3.65733	-4.43404	-6.72696	0.868979	0.129069	0.00195131	0.200432
147	-13.453	-14.3453	-16.9378	0.881989	0.116704	0.00130751	0.186588
148	-4.89493	-5.50886	-7.3201	0.84813	0.148242	0.00362801	0.224414
149	-21.5313	-17.1066	-16.7783	0.0297906	0.803208	0.167002	1.43729
150	-10.2406	-8.29263	-8.92265	0.290196	0.657383	0.0524213	0.877096
151	-3.79103	-4.69921	-7.34956	0.883697	0.115086	0.00121702	0.184754
152	-19.892	-15.4415	-15.041	0.0286951	0.793888	0.177417	1.46729
153	-4.27228	-4.86557	-6.61793	0.845263	0.150822	0.00391496	0.227869
154	-10.887	-11.658	-13.918	0.868274	0.129699	0.00202652	0.201295
155	-20.7817	-16.3044	-15.8331	0.0275981	0.78428	0.188122	1.49811
156	-13.4323	-11.5613	-12.412	0.309452	0.649042	0.0415063	0.828873
157	-13.6936	-11.8316	-12.6925	0.311508	0.647504	0.0409876	0.825524
158	-31.3933	-26.7023	-25.5891	0.0191468	0.673754	0.307099	1.83714
159	-12.7879	-10.807	-11.3329	0.281825	0.65979	0.0583853	0.901452
160	-8.34186	-9.21052	-11.7353	0.879425	0.119146	0.00142853	0.1893
161	-11.5087	-12.3552	-14.8395	0.877002	0.121481	0.00151672	0.19179
162	-4.10338	-4.98054	-7.533	0.880357	0.118263	0.00137923	0.188299
163	-10.9377	-9.08631	-10.0106	0.314562	0.646995	0.0384425	0.815611
164	-4.93191	-5.4756	-7.0788	0.838113	0.157151	0.00473545	0.236776
165	-4.26106	-4.83863	-6.54409	0.843035	0.152808	0.004157	0.230606
166	-4.42256	-5.13915	-7.2573	0.861643	0.13591	0.00244713	0.208609
167	-15.8658	-13.8837	-14.4043	0.281505	0.659798	0.0586968	0.902616
168	-4.64766	-5.43094	-7.73468	0.869744	0.128337	0.00191936	0.199635
169	-9.87625	-10.5208	-12.4126	0.852265	0.144472	0.00326223	0.219565
170	-20.1927	-18.1059	-18.294	0.25474	0.663009	0.0822507	0.992977
171	-41.6235	-34.1996	-31.655	0.000635242	0.343756	0.655609	2.82444
172	-31.7815	-24.5905	-22.474	0.00103884	0.445364	0.553597	2.54009
173	-6.93917	-7.59863	-9.50888	0.854183	0.142655	0.00316213	0.21751
174	-21.1818	-16.6967	-16.193	0.0272198	0.779613	0.193167	1.5125
175	-25.9429	-21.5756	-21.4043	0.0322765	0.821703	0.14602	1.37658
176	-48.4443	-36.0137	-31.1683	6.17231e-07	0.049903	0.950096	3.64479
177	-14.0802	-14.8426	-17.0773	0.867243	0.130663	0.00209397	0.202438
178	-18.0374	-18.8173	-21.0973	0.86932	0.128709	0.00197117	0.200172
179	-13.5639	-12.2092	-14.5554	0.440604	0.551491	0.00790541	0.613842
180	-16.0706	-14.4882	-16.1394	0.38214	0.600609	0.017251	0.694017
181	-10.9353	-11.7593	-14.1837	0.874469	0.123888	0.00164218	0.194486
182	-4.11818	-4.86776	-7.08145	0.865716	0.132122	0.00216215	0.204042
183	-3.78945	-4.69632	-7.36743	0.883585	0.115222	0.00119341	0.184792
184	-3.70753	-4.59261	-7.20295	0.881256	0.117451	0.00129272	0.187226
185	-4.80292	-5.49558	-7.52866	0.858575	0.138706	0.00271923	0.212208
186	-4.70195	-5.61877	-8.31305	0.884629	0.114216	0.0011559	0.183721
187	-3.9417	-4.87286	-7.6121	0.886128	0.112781	0.00109119	0.182152
188	-5.11345	-5.96781	-8.47954	0.877883	0.120651	0.00146556	0.190832
189	-4.51139	-5.63836	-8.93075	0.904795	0.0946782	0.000526848	0.163288
190	-4.11818	-4.86776	-7.08145	0.865716	0.132122	0.00216215	0.204042
191	-10.0414	-11.0589	-14.022	0.894733	0.104459	0.000808	0.173392
192	-4.91445	-5.75528	-8.2244	0.87637	0.122083	0.00154751	0.192462
193	-10.7567	-11.8829	-15.1714	0.904725	0.0947455	0.000529285	0.16336
194	-4.80292	-5.49558	-7.52866	0.858575	0.138706	0.00271923	0.212208
195	-7.91408	-8.73255	-11.1374	0.873835	0.124483	0.0016827	0.195187
196	-16.745	-17.5813	-20.037	0.875863	0.122562	0.00157465	0.193007
197	-20.5748	-16.1608	-15.8713	0.0302946	0.808079	0.161626	1.42186
198	-17.1069	-17.7548	-19.6493	0.85269	0.144066	0.00324404	0.219121
199	-4.70195	-5.61877	-8.31305	0.884629	0.114216	0.0011559	0.183721
200	-14.3494	-15.1216	-17.3908	0.868417	0.129577	0.00200597	0.201105
201	-15.0262	-15.9436	-18.6437	0.8847	0.114151	0.00114858	0.183634
202	-12.9356	-13.8484	-16.5089	0.884188	0.114612	0.0011998	0.184251
203	-4.80292	-5.49558	-7.52866	0.858575	0.138706	0.00271922	0.212208
204	-9.57167	-10.3513	-12.6325	0.869289	0.128742	0.00196933	0.200196
205	-4.37631	-5.15908	-7.47951	0.869714	0.128398	0.00188848	0.199577
206	-7.7494	-8.51904	-10.7605	0.868081	0.129852	0.00206678	0.201586
207	-10.7632	-11.5327	-13.7673	0.868045	0.129874	0.00208129	0.20166
208	-12.2272	-12.9031	-14.8976	0.856436	0.140697	0.00286671	0.2146
209	-4.95901	-5.5667	-7.34564	0.847222	0.149012	0.0037665	0.225641
210	-11.5637	-12.3374	-14.6084	0.868596	0.129404	0.0019998	0.200922
211	-7.94857	-8.80721	-11.3343	0.878362	0.120201	0.0014379	0.190312
212	-3.94632	-4.99557	-8.04294	0.897745	0.101533	0.000721863	0.170362
213	-4.32365	-5.07755	-7.28964	0.866214	0.131628	0.00215752	0.203568
214	-8.99064	-9.61911	-11.4511	0.850056	0.146433	0.00351017	0.222301
215	-4.6448	-5.52318	-8.09388	0.880508	0.118139	0.00135288	0.188087
216	-13.0513	-13.7613	-15.8589	0.860818	0.13667	0.00251211	0.209554
217	-4.52759	-5.21354	-7.23945	0.857741	0.139504	0.00275454	0.213079
218	-8.78732	-9.63334	-12.0968	0.876923	0.121528	0.00154927	0.191955
219	-3.90045	-4.60277	-6.66429	0.859809	0.137569	0.00262133	0.210792
220	-4.09551	-4.76751	-6.7533	0.855932	0.141166	0.00290147	0.215164
221	-9.55933	-10.3465	-12.6708	0.870218	0.127908	0.00187405	0.19907
222	-9.43097	-10.3856	-13.1653	0.888511	0.110462	0.00102639	0.179764
223	-4.6448	-5.52318	-8.09388	0.880508	0.118139	0.00135288	0.188087
224	-8.97943	-9.6973	-11.8029	0.861768	0.135757	0.00247514	0.208571
225	-17.073	-17.8433	-20.0756	0.868136	0.129779	0.00208463	0.201585
226	-4.51139	-5.63836	-8.93076	0.904795	0.0946781	0.000526845	0.163288
227	-3.78945	-4.69632	-7.36744	0.883585	0.115222	0.00119341	0.184792
228	-4.95901	-5.5667	-7.34564	0.847222	0.149012	0.0037665	0.225641
229	-4.37631	-5.15908	-7.47951	0.869714	0.128398	0.00188848	0.199577
230	-7.16047	-8.17843	-11.1268	0.894768	0.104413	0.000819594	0.173392
231	-3.9417	-4.87286	-7.61211	0.886128	0.112781	0.00109119	0.182152
232	-4.47665	-5.31544	-7.79336	0.876161	0.122303	0.00153673	0.192626
233	-4.84825	-5.48128	-7.34765	0.850737	0.145884	0.00337881	0.221305
234	-5.01192	-5.92751	-8.61688	0.884498	0.114339	0.00116285	0.183861
235	-19.7341	-20.5798	-23.0571	0.87691	0.121562	0.00152833	0.191908
236	-5.01192	-5.92751	-8.61688	0.884498	0.114339	0.00116285	0.183861
237	-3.90045	-4.60277	-6.66429	0.859809	0.137569	0.00262133	0.210792
238	-22.9849	-23.6222	-25.4983	0.851305	0.145361	0.00333398	0.220654
239	-9.21458	-10.1172	-12.7567	0.883111	0.115653	0.00123632	0.185351
240	-12.0461	-12.9246	-15.4958	0.880525	0.118123	0.00135206	0.188069
241	-4.71924	-5.49213	-7.77537	0.868526	0.129497	0.0019768	0.200923
242	-4.84825	-5.48128	-7.34765	0.850737	0.145884	0.00337881	0.221305
243	-7.34268	-8.02631	-10.042	0.857433	0.139779	0.00278823	0.213458
244	-29.0104	-24.5533	-24.1232	0.0283593	0.789837	0.181804	1.47982
245	-10.9064	-11.8057	-14.4359	0.882758	0.11599	0.00125157	0.18572
246	-15.5489	-16.186	-18.0622	0.851276	0.145389	0.00333416	0.220681
247	-12.7541	-10.8638	-11.6525	0.304522	0.65117	0.0443079	0.841239
248	-10.8836	-9.30803	-10.996	0.384003	0.599403	0.0165946	0.690464
249	-6.70871	-7.75393	-10.7648	0.897351	0.101898	0.000751407	0.17081
250	-4.09541	-4.87532	-7.15917	0.869327	0.128709	0.00196361	0.200144
251	-5.04889	-6.00417	-8.78567	0.888578	0.110398	0.00102393	0.179695
252	-11.1695	-12.1865	-15.1491	0.894693	0.104498	0.000808689	0.173431
253	-10.673	-11.3094	-13.1843	0.851184	0.145475	0.00334044	0.220784
254	-11.4803	-9.63462	-10.5504	0.315695	0.645619	0.0386863	0.81524
255	-10.7522	-11.8985	-15.2283	0.906467	0.0930343	0.000498688	0.161661
256	-4.47665	-5.31544	-7.79336	0.876161	0.122303	0.00153673	0.192626
257	-3.84888	-4.88362	-7.89773	0.896384	0.10286	0.000756038	0.171718
258	-4.95901	-5.5667	-7.34564	0.847222	0.149012	0.0037665	0.225641
259	-6.71	-7.60484	-10.2089	0.882268	0.116443	0.00128967	0.186281
260	-21.3584	-17.2064	-17.6621	0.0425989	0.874393	0.083008	1.19161
261	-9.51397	-10.34	-12.7634	0.874692	0.123668	0.00164086	0.194276
262	-10.4982	-11.2728	-13.5603	0.868731	0.129303	0.00196555	0.200702
263	-4.09551	-4.76751	-6.7533	0.855932	0.141166	0.00290147	0.215164
264	-4.32365	-5.07755	-7.28964	0.866214	0.131628	0.00215752	0.203568
265	-4.11818	-4.86776	-7.08146	0.865716	0.132122	0.00216214	0.204042
266	-4.55723	-5.26068	-7.32887	0.859959	0.137439	0.00260143	0.210598
267	-8.57927	-9.48106	-12.1273	0.883034	0.115737	0.00122891	0.185401
268	-4.33138	-5.00744	-7.00241	0.856455	0.140679	0.00286505	0.214578
269	-4.72727	-5.51813	-7.85502	0.870653	0.127502	0.0018447	0.198585
270	-3.95209	-4.90491	-7.70875	0.888355	0.110642	0.00100354	0.179845
271	-6.71	-7.60484	-10.2089	0.882268	0.116443	0.00128967	0.186281
272	-37.5171	-38.2712	-40.4895	0.866244	0.131612	0.00214372	0.203502
273	-4.52759	-5.21354	-7.23945	0.857741	0.139504	0.00275454	0.213079
274	-3.9417	-4.87286	-7.61211	0.886128	0.112781	0.00109119	0.182152
275	-5.02356	-5.96046	-8.7133	0.886719	0.11221	0.00107101	0.181548
276	-5.06325	-6.04078	-8.88843	0.89082	0.10824	0.000939672	0.177384
277	-4.38342	-5.18439	-7.55919	0.871846	0.126393	0.00176062	0.197246
278	-4.97464	-5.69048	-7.80085	0.861537	0.135995	0.00246778	0.208764
279	-13.9236	-15.0045	-18.1582	0.900681	0.0986883	0.000630837	0.167389
280	-4.26084	-5.55141	-9.3371	0.918147	0.0815762	0.000277182	0.150225
281	-4.38342	-5.18439	-7.55919	0.871846	0.126393	0.00176062	0.197246
282	-3.71708	-4.62273	-7.29449	0.88346	0.115346	0.00119393	0.184909
283	-4.65574	-5.55457	-8.18612	0.882712	0.116037	0.00125036	0.185759
284	-16.1916	-16.9179	-18.8557	0.862383	0.134712	0.00290494	0.209197
285	-4.38342	-5.18439	-7.55919	0.871846	0.126393	0.00176062	0.197246
286	-4.12787	-4.89487	-7.16059	0.867823	0.130155	0.00202198	0.201701
287	-18.0113	-18.9887	-21.8359	0.890804	0.108256	0.000940249	0.1774
288	-4.34259	-5.03438	-7.07626	0.858488	0.138814	0.00269749	0.212228
289	-4.57029	-5.2901	-7.40707	0.862024	0.135533	0.00244322	0.208245
290	-12.5169	-13.4114	-16.036	0.882261	0.116475	0.0012638	0.186215
291	-21.36	-22.3163	-25.1019	0.888686	0.110295	0.00101882	0.179581
292	-8.79735	-9.83794	-12.8669	0.896936	0.102323	0.000741008	0.171165
293	-12.7372	-10.9583	-12.0629	0.332467	0.635981	0.0315524	0.779844
294	-3.95828	-5.03198	-8.15196	0.900013	0.0993303	0.000656746	0.16808
295	-4.87693	-5.55197	-7.54571	0.856326	0.140803	0.00287109	0.214715
296	-32.2299	-30.5548	-31.947	0.358607	0.618383	0.0230105	0.731851
297	-10.1597	-11.1131	-13.9175	0.888417	0.110581	0.00100242	0.179784
298	-3.8599	-4.91875	-8.00449	0.898647	0.100664	0.000688745	0.169434
299	-16.5725	-14.757	-15.7335	0.322968	0.640892	0.0361396	0.801413
300	-5.12346	-5.9977	-8.56867	0.880071	0.118571	0.00135745	0.188504
301	-25.8326	-26.6265	-28.9316	0.870939	0.127162	0.00189917	0.198472
302	-4.10584	-4.79346	-6.82589	0.85796	0.139307	0.00273278	0.212816
303	-11.7543	-10.2511	-12.1378	0.402424	0.584315	0.0132611	0.66412
304	-4.26084	-5.55141	-9.3371	0.918147	0.0815762	0.000277182	0.150225
305	-4.38342	-5.18439	-7.55919	0.871846	0.126393	0.00176062	0.197246
306	-4.09194	-5.13271	-8.16611	0.896955	0.102308	0.000737602	0.171138
307	-14.354	-15.4988	-18.83	0.90634	0.0931618	0.000498659	0.161779
308	-15.8038	-16.4676	-18.4247	0.854845	0.142148	0.00300671	0.216463
309	-20.0929	-15.6257	-15.1815	0.0280101	0.788011	0.183979	1.4862
310	-3.79973	-4.72769	-7.46172	0.8858	0.1131	0.0011	0.18248
311	-4.97464	-5.69048	-7.80085	0.861537	0.135995	0.00246778	0.208764
312	-17.0953	-18.0238	-20.7575	0.885852	0.113048	0.00109979	0.182431
313	-4.65574	-5.55457	-8.18612	0.882712	0.116037	0.00125036	0.185759
314	-22.3695	-20.6116	-21.7807	0.337797	0.632773	0.0294301	0.768998
315	-15.973	-14.4091	-16.0965	0.386737	0.596734	0.0165286	0.687748
316	-12.2733	-10.3553	-11.0532	0.297421	0.653859	0.04872	0.860099
317	-24.3748	-20.0087	-19.8522	0.0323811	0.82345	0.144169	1.37133
318	-4.26084	-5.55141	-9.3371	0.918147	0.0815762	0.000277182	0.150225
319	-3.8599	-4.91875	-8.00449	0.898647	0.100664	0.000688745	0.169434
320	-62.2004	-44.8447	-38.1391	7.28294e-10	0.00810868	0.991891	3.76113
321	-3.91085	-4.62952	-6.73972	0.861874	0.135664	0.0024622	0.208437
322	-4.53857	-5.24047	-7.31399	0.859784	0.137624	0.00259108	0.210731
323	-8.44655	-9.30167	-11.8137	0.877966	0.12057	0.00146418	0.190751
324	-23.19	-21.4956	-22.8384	0.353786	0.6219	0.024314	0.739945
325	-11.2351	-11.9448	-14.0288	0.860751	0.136702	0.00254693	0.209713
326	-3.8599	-4.91875	-8.00449	0.898647	0.100664	0.000688745	0.169434
327	-3.8599	-4.91875	-8.00449	0.898647	0.100664	0.000688745	0.169434
328	-10.9315	-11.8382	-14.5129	0.883578	0.115233	0.00118933	0.184788
329	-4.12787	-4.89487	-7.16059	0.867823	0.130155	0.00202198	0.201701
330	-10.9607	-11.9407	-14.8194	0.891086	0.108005	0.000908971	0.177052
331	-4.38342	-5.18439	-7.55919	0.871846	0.126393	0.00176062	0.197246
332	-31.5978	-29.9293	-31.3416	0.360287	0.617202	0.0225107	0.728903
333	-4.18896	-5.23951	-8.29324	0.897868	0.101415	0.000716459	0.170233
334	-3.8599	-4.91875	-8.00449	0.898647	0.100664	0.000688745	0.169434
335	-14.3005	-12.4867	-13.4845	0.323597	0.641019	0.0353846	0.798729
336	-4.12787	-4.89487	-7.16059	0.867823	0.130155	0.00202198	0.201701
337	-17.292	-12.9271	-12.7625	0.032383	0.822438	0.145179	1.37414
338	-11.9087	-12.8074	-15.4384	0.882697	0.116051	0.00125125	0.185775
339	-5.06325	-6.04078	-8.88843	0.89082	0.10824	0.000939672	0.177384
340	-15.2924	-13.387	-14.1283	0.300698	0.652733	0.0465691	0.851076
341	-6.71907	-7.77431	-10.8257	0.898297	0.100988	0.000715091	0.169832
342	-20.1971	-18.3773	-19.3341	0.321798	0.641315	0.0368863	0.804575
343	-14.7822	-12.8823	-13.6323	0.301963	0.65193	0.0461076	0.84862
344	-38.4324	-31.4857	-30.066	0.00183592	0.616438	0.381726	2.06091
346	-38.2214	-28.8489	-26.6093	0.000109426	0.415607	0.584283	2.62637
347	-23.0859	-18.7482	-18.68	0.0336955	0.832809	0.133496	1.3404
348	-36.9403	-28.824	-25.7993	0.000226459	0.24488	0.754893	3.10119
349	-12.5275	-10.5621	-11.1306	0.285673	0.658487	0.0558406	0.890804
350	-4.87693	-5.55197	-7.54571	0.856326	0.140803	0.00287109	0.214715
351	-10.1313	-11.1079	-13.9529	0.890729	0.108328	0.000942986	0.177477
352	-8.95546	-9.67558	-11.7901	0.862056	0.135496	0.00244858	0.20823
353	-6.72067	-7.79034	-10.8738	0.899628	0.0996887	0.000683634	0.168512
354	-5.02356	-5.96046	-8.7133	0.886719	0.11221	0.00107101	0.181548
355	-4.77972	-5.4968	-7.61158	0.861694	0.135851	0.00245432	0.208581
356	-4.81709	-5.52587	-7.60697	0.860629	0.136815	0.0025564	0.209852
357	-17.4916	-13.3207	-13.6953	0.0415437	0.868989	0.0894672	1.21057
358	-41.1734	-31.7463	-29.3537	9.44841e-05	0.37899	0.620915	2.72836
359	-3.95828	-5.03198	-8.15196	0.900013	0.0993303	0.000656746	0.16808
360	-5.06547	-6.09919	-9.13842	0.896306	0.102956	0.000737972	0.17174
361	-4.97548	-5.94628	-8.8135	0.89018	0.108893	0.000927012	0.177942
362	-7.49556	-8.19906	-10.2712	0.859974	0.137435	0.00259106	0.210555
363	-3.91085	-4.62952	-6.73972	0.861874	0.135664	0.0024622	0.208437
364	-4.09194	-5.13271	-8.16611	0.896955	0.102308	0.000737602	0.171138
365	-12.9802	-11.5486	-13.6694	0.420882	0.568902	0.0102164	0.638545
366	-14.0501	-14.9324	-17.5166	0.880939	0.117731	0.00133021	0.187624
367	-15.4174	-13.512	-14.2441	0.300568	0.652449	0.0469831	0.852349
368	-10.2405	-11.1694	-13.9052	0.885896	0.113007	0.00109717	0.182384
369	-3.95828	-5.03198	-8.15196	0.900013	0.0993303	0.000656746	0.16808
370	-12.6063	-13.5692	-16.3823	0.88936	0.109655	0.000985393	0.178863
371	-3.79973	-4.72769	-7.46172	0.8858	0.1131	0.0011	0.18248
372	-5.12346	-5.9977	-8.56867	0.880071	0.118571	0.00135745	0.188504
373	-15.2238	-13.3709	-14.2689	0.31392	0.646637	0.0394428	0.81899
374	-3.71708	-4.62273	-7.29449	0.88346	0.115346	0.00119393	0.184909
375	-4.56249	-5.44527	-8.04398	0.881003	0.117686	0.00131046	0.18751
376	-4.29064	-5.37847	-8.56971	0.901317	0.0980788	0.000603866	0.166724
377	-9.83796	-10.8994	-13.9494	0.89886	0.100428	0.000712121	0.169302
378	-4.87693	-5.55197	-7.54571	0.856326	0.140803	0.00287109	0.214715
379	-3.71708	-4.62273	-7.29449	0.88346	0.115346	0.00119393	0.184909
380	-3.91085	-4.62952	-6.73972	0.861874	0.135664	0.0024622	0.208437
381	-4.38342	-5.18439	-7.55919	0.871846	0.126393	0.00176062	0.197246
382	-5.14222	-6.03727	-8.65421	0.882305	0.116422	0.00127298	0.1862
383	-5.06532	-6.07938	-9.05451	0.89442	0.104779	0.000800757	0.173662
384	-9.34759	-10.4329	-13.6115	0.901082	0.0983048	0.000612907	0.166967
385	-5.35381	-6.33549	-9.22062	0.891254	0.107844	0.0009018	0.176876
386	-3.95209	-4.90491	-7.70875	0.888355	0.110642	0.00100354	0.179845
387	-3.95209	-4.90491	-7.70875	0.888355	0.110642	0.00100354	0.179845
388	-4.34259	-5.03438	-7.07626	0.858488	0.138814	0.00269749	0.212228
389	-10.9555	-11.8545	-14.4864	0.882725	0.116025	0.00124979	0.185746
390	-4.71061	-5.64877	-8.40662	0.88685	0.112086	0.00106448	0.181409
391	-9.45445	-10.2522	-12.587	0.871421	0.126741	0.0018374	0.197853
392	-3.79973	-4.72769	-7.46172	0.8858	0.1131	0.00110001	0.18248
393	-3.79973	-4.72769	-7.46172	0.8858	0.1131	0.00110001	0.18248
394	-9.24809	-10.0515	-12.4276	0.872122	0.126124	0.00175455	0.196973
395	-3.71708	-4.62273	-7.29449	0.88346	0.115346	0.00119393	0.18491
396	-18.001	-18.8978	-21.5109	0.882479	0.116245	0.00127602	0.186046
397	-34.3712	-27.5673	-26.5577	0.0024289	0.707031	0.29054	1.80653
398	-9.78965	-10.6509	-13.1769	0.878638	0.119926	0.00143604	0.190051
399	-16.175	-17.0056	-19.4635	0.875234	0.123187	0.00157905	0.193602
400	-4.12787	-4.89487	-7.16059	0.867823	0.130156	0.00202199	0.201701
401	-7.70589	-8.75622	-11.7989	0.897842	0.101434	0.000724525	0.17028
402	-4.38342	-5.18438	-7.55918	0.871846	0.126393	0.00176063	0.197246
403	-8.49635	-9.38589	-11.987	0.881713	0.116988	0.00129951	0.186822
404	-4.77972	-5.4968	-7.61158	0.861694	0.135852	0.00245433	0.208581
405	-4.69305	-5.54836	-8.06534	0.877992	0.120551	0.00145668	0.190706
406	-4.72727	-5.51813	-7.85501	0.870653	0.127503	0.0018447	0.198585
407	-16.8859	-15.3322	-17.0737	0.3895	0.594891	0.0156096	0.682631
408	-9.03484	-9.91188	-12.4907	0.880376	0.11828	0.00134357	0.188183
409	-50.1082	-38.0123	-34.1393	2.10801e-06	0.121954	0.878044	3.44422
410	-31.5811	-24.6566	-23.2898	0.00191467	0.628758	0.369327	2.02632
411	-19.5121	-15.3096	-15.5931	0.0399602	0.862749	0.0972904	1.23381
412	-28.5926	-24.2088	-23.9517	0.0313562	0.811508	0.157135	1.40837
413	-45.2256	-35.6288	-32.74	5.70023e-05	0.270928	0.729015	3.02931
414	-4.12787	-4.89487	-7.16059	0.867823	0.130156	0.00202199	0.201701
415	-4.72727	-5.51813	-7.85501	0.870653	0.127503	0.0018447	0.198585
416	-16.4621	-14.5651	-15.321	0.302656	0.651535	0.0458091	0.847147
417	-15.4719	-13.8249	-15.3043	0.365796	0.613289	0.0209153	0.719358
418	-6.71954	-7.63496	-10.3005	0.884455	0.114354	0.00119109	0.18398
419	-4.18896	-5.23951	-8.29323	0.897868	0.101415	0.000716462	0.170233
420	-14.1425	-15.1937	-18.2415	0.897926	0.101354	0.000720282	0.17019
421	-4.10584	-4.79346	-6.82589	0.85796	0.139308	0.00273279	0.212816
422	-11.3553	-12.2542	-14.886	0.882721	0.116029	0.00124998	0.18575
423	-10.2806	-11.216	-13.9711	0.886563	0.112367	0.00107007	0.18169
424	-5.05586	-5.70706	-7.62625	0.853174	0.14367	0.00315627	0.218428
425	-3.91085	-4.62952	-6.73972	0.861874	0.135664	0.0024622	0.208437
426	-4.29064	-5.37847	-8.56971	0.901317	0.0980789	0.000603869	0.166724
427	-4.26084	-5.55141	-9.33709	0.918147	0.0815763	0.000277184	0.150225
428	-4.97548	-5.94627	-8.8135	0.89018	0.108893	0.000927016	0.177942
429	-4.52044	-5.67364	-9.04412	0.907066	0.0924577	0.000475849	0.161042
430	-4.66642	-5.39026	-7.5154	0.86252	0.135065	0.00241499	0.207707
431	-12.0762	-12.9622	-15.5612	0.881336	0.117357	0.00130637	0.18719
432	-4.3673	-5.47856	-8.73278	0.903414	0.0960304	0.000555167	0.164646
433	-22.0007	-17.5188	-17.027	0.0273684	0.781322	0.191309	1.5072
434	-13.1766	-13.1874	-13.0571	0.72781	0.232529	0.0396617	0.436183
435	-4.52044	-5.67364	-9.04412	0.907066	0.0924577	0.000475849	0.161042
436	-4.77972	-5.4968	-7.61158	0.861694	0.135852	0.00245433	0.208581
437	-4.70419	-5.66706	-8.4806	0.889357	0.109658	0.000985015	0.178865
438	-10.4699	-11.196	-13.3309	0.862804	0.134809	0.00238682	0.207365
439	-3.91085	-4.62952	-6.73972	0.861874	0.135664	0.0024622	0.208437
440	-8.83605	-9.63349	-11.9658	0.871385	0.126772	0.00184251	0.197901
441	-10.6418	-11.7591	-14.9887	0.903931	0.0955027	0.000565917	0.164197
442	-3.95828	-5.03198	-8.15196	0.900013	0.0993304	0.00065675	0.16808
443	-4.10584	-4.79346	-6.82589	0.85796	0.139308	0.00273279	0.212816
444	-5.12346	-5.99769	-8.56867	0.880071	0.118571	0.00135745	0.188504
445	-4.3673	-5.47856	-8.73278	0.903414	0.0960304	0.000555167	0.164646
446	-15.2724	-16.1472	-18.7098	0.880125	0.118506	0.00136811	0.188483
447	-4.12787	-4.89487	-7.16059	0.867823	0.130156	0.00202199	0.201701
448	-3.71708	-4.62273	-7.29449	0.88346	0.115346	0.00119393	0.18491
449	-11.5313	-9.83668	-11.1601	0.353563	0.621658	0.024779	0.741446
450	-4.26084	-5.55141	-9.33709	0.918147	0.0815763	0.000277184	0.150225
451	-4.12387	-4.88368	-7.12784	0.866957	0.130964	0.0020789	0.202661
452	-4.90214	-5.82757	-8.53025	0.885512	0.11335	0.00113755	0.182851
453	-3.71314	-4.61029	-7.25659	0.882555	0.116211	0.00123391	0.185859
454	-22.4608	-23.2143	-25.4307	0.866177	0.131674	0.00214912	0.203579
455	-12.6753	-10.9774	-12.3353	0.353101	0.62291	0.0239889	0.739674
456	-12.0976	-12.9452	-15.4342	0.877126	0.121366	0.00150814	0.191652
457	-9.56996	-7.99862	-9.69057	0.385024	0.598474	0.0165024	0.689262
458	-10.0729	-10.9902	-13.674	0.884666	0.114167	0.0011676	0.183719
459	-37.6245	-36.0776	-37.8527	0.39134	0.593597	0.0150625	0.679403
460	-53.2897	-38.4506	-32.8116	2.58145e-08	0.0232024	0.976798	3.71912
461	-16.4465	-14.6448	-15.6686	0.326552	0.639076	0.0343721	0.793173
462	-18.5495	-17.0868	-19.0304	0.412488	0.575181	0.0123308	0.652207
463	-9.02986	-10.0608	-13.0618	0.896022	0.103209	0.000768657	0.172088
464	-10.1139	-10.8744	-13.1198	0.867035	0.13089	0.00207507	0.202578
465	-12.2281	-10.4938	-11.7209	0.343653	0.628749	0.0275978	0.758473
466	-4.53404	-5.22935	-7.28314	0.858944	0.138398	0.00265758	0.211695
467	-11.4413	-9.51145	-10.1654	0.294298	0.654725	0.0509771	0.869275
468	-10.0526	-8.41978	-9.91974	0.369243	0.610364	0.0203926	0.71471
469	-16.839	-15.1236	-16.4071	0.348455	0.625593	0.0259517	0.749442
470	-15.5769	-14.0251	-15.7538	0.389892	0.594313	0.0157951	0.682784
471	-7.70101	-8.74145	-11.7546	0.896912	0.102336	0.000752903	0.171221
472	-3.90655	-4.61848	-6.70846	0.861025	0.136448	0.002527	0.209404
473	-87.1839	-61.9486	-51.1464	4.61964e-15	0.000135925	0.999864	3.78333
474	-4.12387	-4.88368	-7.12784	0.866957	0.130964	0.0020789	0.202661
475	-8.04536	-8.76699	-10.8898	0.862253	0.135322	0.00242526	0.207983
476	-4.90214	-5.82757	-8.53025	0.885512	0.11335	0.00113755	0.182851
477	-4.80726	-5.72453	-8.40823	0.884663	0.114169	0.00116771	0.183722
478	-4.12387	-4.88368	-7.12784	0.866957	0.130964	0.0020789	0.202661
479	-9.65823	-10.5786	-13.2898	0.885003	0.113864	0.00113292	0.18331
480	-4.2872	-5.36481	-8.52546	0.900388	0.0989839	0.000628376	0.167654
481	-4.25988	-5.53832	-9.28771	0.917222	0.0824878	0.000290641	0.151119
482	-6.71452	-7.7598	-10.7814	0.897364	0.101893	0.000743324	0.170775
483	-5.13735	-6.02399	-8.61574	0.881399	0.117286	0.00131512	0.187156
484	-16.3659	-14.5742	-15.6231	0.329034	0.637523	0.0334429	0.788286
485	-4.6606	-5.37764	-7.48242	0.861669	0.135852	0.00247902	0.208674
486	-15.5236	-16.5648	-19.5868	0.896985	0.102269	0.000745825	0.171133
487	-11.711	-12.3565	-14.2587	0.852418	0.144356	0.00322579	0.219322
488	-7.78846	-8.71392	-11.405	0.885504	0.113345	0.00115082	0.182896
489	-10.4267	-11.3242	-13.9704	0.88258	0.116186	0.00123368	0.185835
490	-4.36362	-5.46444	-8.6874	0.902483	0.0969383	0.000578212	0.165573
491	-4.12387	-4.88368	-7.12784	0.866957	0.130964	0.0020789	0.202661
492	-9.25326	-10.1026	-12.5966	0.87732	0.121182	0.00149835	0.191445
493	-5.04881	-5.69389	-7.59478	0.852357	0.144412	0.00323121	0.219394
494	-4.08744	-5.11841	-8.12253	0.896027	0.103207	0.000766207	0.172078
495	-4.12387	-4.88368	-7.12784	0.866957	0.130964	0.0020789	0.202661
496	-10.0382	-10.6278	-12.3606	0.84472	0.151276	0.00400421	0.228621
497	-15.0171	-13.2903	-14.5289	0.345464	0.627317	0.0272192	0.755741
498	-4.96939	-5.67852	-7.76876	0.86069	0.136777	0.00253244	0.209729
499	-19.9745	-18.0823	-18.8548	0.303891	0.651087	0.0450214	0.843809
500	-3.71314	-4.61029	-7.25659	0.882555	0.116211	0.00123391	0.185859
501	-11.0734	-9.32196	-10.5014	0.339346	0.631579	0.0290746	0.766574
502	-14.645	-12.2988	-12.8894	0.214907	0.724959	0.0601346	0.968313
503	-10.318	-10.9432	-12.7861	0.849665	0.146853	0.00348191	0.222585
504	-20.5421	-16.1636	-16.0106	0.0320149	0.824183	0.143802	1.37064
505	-74.4213	-67.099	-65.1159	0.000978891	0.478518	0.520504	2.44802
506	-4.80726	-5.72453	-8.40823	0.884663	0.114169	0.00116771	0.183722
507	-55.6531	-43.2094	-38.0891	4.68422e-07	0.0383679	0.961632	3.6769
508	-6.95792	-7.98787	-10.9645	0.895911	0.1033	0.000788275	0.172246
509	-4.12387	-4.88368	-7.12784	0.866957	0.130964	0.0020789	0.202661
510	-12.1033	-12.6928	-14.4274	0.844715	0.151287	0.00399767	0.228607
511	-15.0532	-13.5029	-15.222	0.390182	0.593881	0.0159364	0.682908
512	-29.8757	-22.8826	-21.2881	0.00163351	0.5746	0.423766	2.17813
513	-11.1572	-11.9172	-14.1618	0.866985	0.130937	0.0020775	0.202631
514	-13.7749	-12.2148	-13.9394	0.3879	0.59619	0.0159108	0.684951
515	-11.6198	-9.86109	-11.0357	0.337684	0.633032	0.0292836	0.768695
516	-4.77477	-5.48513	-7.57975	0.860847	0.136634	0.00251874	0.209545
517	-3.79548	-4.71474	-7.42267	0.88489	0.113972	0.00113779	0.183428
518	-12.218	-12.8486	-14.6924	0.850361	0.146176	0.00346278	0.221887
519	-15.5672	-13.8331	-15.0583	0.34368	0.628675	0.0276443	0.758577
520	-4.18408	-5.22474	-8.24889	0.896939	0.102317	0.000744525	0.171172
521	-11.8112	-12.5407	-14.6784	0.863217	0.134409	0.00237332	0.206945
522	-4.55822	-5.43271	-8.0066	0.880102	0.118544	0.0013532	0.188463
523	-4.53404	-5.22935	-7.28314	0.858944	0.138398	0.00265758	0.211695
524	-4.08744	-5.11841	-8.12253	0.896027	0.103207	0.000766207	0.172078
525	-18.5109	-19.3734	-21.8933	0.878773	0.119783	0.00144329	0.189945
526	-4.33034	-5.09453	-7.33718	0.867459	0.130467	0.00207413	0.202182
527	-9.64453	-10.5782	-13.3006	0.886361	0.112531	0.00110721	0.18198
528	-41.281	-36.276	-35.2278	0.0143378	0.690685	0.294977	1.80785
529	-18.3503	-14.0316	-14.0068	0.0345143	0.837014	0.128472	1.32565
530	-14.716	-12.8977	-13.8617	0.322209	0.641179	0.0366116	0.80343
531	-40.3433	-30.64	-27.5163	4.29527e-05	0.227088	0.772869	3.1514
532	-9.90436	-8.31535	-9.9599	0.38054	0.602053	0.0174068	0.695934
533	-12.197	-12.9569	-15.2012	0.866966	0.130955	0.00207842	0.202651
534	-19.5422	-17.9953	-19.7461	0.391194	0.59338	0.0154262	0.68055
535	-12.1125	-10.5072	-12.1182	0.376471	0.605429	0.0181004	0.701634
536	-7.37793	-8.41359	-11.4148	0.896461	0.102774	0.000765226	0.171673
537	-28.2716	-21.4523	-20.3579	0.00233185	0.68933	0.308338	1.85616
538	-8.95116	-9.66453	-11.7588	0.861208	0.136279	0.00251304	0.209196
539	-6.71452	-7.7598	-10.7814	0.897363	0.101893	0.000743328	0.170775
540	-20.0659	-18.2232	-19.125	0.31617	0.644656	0.0391741	0.816158
541	-4.33796	-5.02325	-7.04568	0.857652	0.139582	0.0027657	0.213192
542	-14.4394	-15.4007	-18.2028	0.889193	0.10981	0.000997741	0.179053
543	-3.95334	-5.01693	-8.10668	0.899081	0.100235	0.000683072	0.169016
544	-4.08744	-5.11841	-8.12252	0.896026	0.103207	0.00076621	0.172078
545	-4.10158	-4.78275	-6.79585	0.857126	0.140073	0.00280143	0.21378
546	-19.0735	-19.9066	-22.34	0.875472	0.122914	0.00161467	0.193481
547	-46.3929	-36.5972	-33.2436	3.26401e-05	0.18928	0.810687	3.25669
548	-4.5649	-5.27795	-7.37468	0.861175	0.136318	0.00250762	0.209211
549	-6.71573	-7.77529	-10.8285	0.898692	0.100597	0.000711034	0.169454
550	-8.34487	-9.16025	-11.5527	0.873476	0.124815	0.00170823	0.19559
552	-47.2199	-35.1646	-31.3897	2.39164e-06	0.132853	0.867145	3.41387
553	-42.4436	-35.5023	-34.1109	0.00186566	0.623064	0.375071	2.04236
554	-33.3649	-27.6325	-26.052	0.00577361	0.57559	0.418637	2.16001
555	-20.0337	-20.6719	-22.4954	0.851272	0.145217	0.00351067	0.221177
556	-13.347	-11.7873	-13.5132	0.388006	0.596105	0.0158883	0.68479
557	-32.5672	-28.0914	-27.6278	0.0276792	0.785377	0.186944	1.49476
558	-15.9869	-14.3365	-15.7998	0.364867	0.613859	0.0212734	0.721215
559	-5.04881	-5.69389	-7.59477	0.852357	0.144412	0.00323122	0.219394
560	-31.203	-24.3844	-23.3275	0.00236018	0.697252	0.300388	1.83401
561	-10.1451	-10.8591	-12.9587	0.861294	0.136208	0.00249858	0.209076
562	-8.89981	-9.94828	-13.0002	0.897677	0.101604	0.000719085	0.170417
563	-20.1557	-18.4429	-19.7038	0.34884	0.624655	0.0265052	0.750627
564	-4.38049	-5.17394	-7.52623	0.87097	0.127218	0.00181246	0.198202
565	-4.15623	-5.32364	-8.74598	0.908278	0.0912757	0.000446023	0.159837
566	-11.1089	-11.9834	-14.5573	0.880101	0.118546	0.00135329	0.188465
567	-3.71314	-4.61029	-7.25658	0.882555	0.116211	0.00123391	0.185859
577	-4.10158	-4.78274	-6.79583	0.857126	0.140073	0.00280146	0.21378
578	-4.70703	-5.63638	-8.36782	0.885937	0.112962	0.0011015	0.182358
579	-4.36362	-5.46443	-8.68737	0.902483	0.0969389	0.000578228	0.165573
580	-4.25988	-5.53832	-9.28768	0.917221	0.0824884	0.00029065	0.15112
581	-3.71313	-4.61029	-7.25656	0.882554	0.116212	0.00123393	0.18586
582	-9.35968	-10.0726	-12.1654	0.861146	0.136336	0.00251767	0.209265
583	-4.65122	-5.5416	-8.14784	0.881806	0.116902	0.00129196	0.186715
584	-4.25988	-5.53832	-9.28768	0.917221	0.0824884	0.00029065	0.15112
585	-11.4636	-9.69693	-10.7887	0.335037	0.633147	0.0318161	0.778198
586	-21.8175	-17.6647	-18.1245	0.0425792	0.874724	0.0826965	1.19076
587	-25.9601	-21.7661	-22.059	0.0403236	0.863237	0.0964397	1.23111
588	-3.79548	-4.71473	-7.42265	0.88489	0.113972	0.00113782	0.183429
589	-7.93513	-8.90115	-11.7164	0.889668	0.109352	0.000980618	0.178565
590	-4.12387	-4.88367	-7.12781	0.866956	0.130965	0.00207893	0.202662
591	-6.7156	-7.62252	-10.2625	0.883556	0.115213	0.00123101	0.184924
592	-28.1216	-26.4635	-27.9287	0.36313	0.615576	0.021294	0.722882
593	-8.79372	-9.48813	-11.534	0.858817	0.138503	0.00268066	0.211877
594	-18.5742	-16.8233	-18.0031	0.339472	0.631469	0.0290592	0.766415
595	-15.4918	-13.8437	-15.35	0.365757	0.613862	0.020381	0.717907
596	-3.90655	-4.61847	-6.70844	0.861024	0.136449	0.00252705	0.209405
597	-4.72395	-5.50739	-7.82203	0.869778	0.128323	0.00189834	0.199545
598	-6.95709	-7.99701	-10.993	0.896851	0.102383	0.000766248	0.171314
599	-12.2604	-10.4306	-11.3964	0.319732	0.643585	0.0366833	0.805924
600	-13.7897	-12.2383	-14.0069	0.390235	0.594579	0.0151861	0.68077
601	-11.1444	-9.39048	-10.5621	0.338708	0.63197	0.029322	0.767853
602	-18.7585	-14.5765	-14.9577	0.0411254	0.869908	0.0889662	1.20956
603	-20.7198	-16.5071	-16.7534	0.0394238	0.85993	0.100646	1.24365
604	-38.5421	-31.6115	-30.2337	0.00189524	0.62624	0.371865	2.03341
605	-10.432	-11.4011	-14.1782	0.889935	0.109049	0.00101583	0.178415
606	-30.6266	-23.296	-21.5022	0.00106645	0.525709	0.473224	2.31633
607	-4.12387	-4.88367	-7.12781	0.866956	0.130965	0.00207893	0.202662
608	-37.298	-32.7985	-32.2497	0.0266042	0.77303	0.200365	1.53311
609	-3.95333	-5.01693	-8.10666	0.899081	0.100236	0.000683086	0.169017
610	-7.12174	-8.19596	-11.3207	0.900063	0.099284	0.000653308	0.168024
611	-4.33033	-5.09452	-7.33716	0.867459	0.130467	0.00207417	0.202183
612	-4.10158	-4.78275	-6.79584	0.857126	0.140073	0.00280144	0.21378
613	-5.07779	-5.85813	-8.12015	0.869339	0.128655	0.0020061	0.200252
614	-47.0767	-34.7082	-29.9946	7.4408e-07	0.0565349	0.943464	3.62633
615	-7.49093	-8.18794	-10.2406	0.859147	0.138197	0.0026566	0.211504
616	-5.04881	-5.69389	-7.59477	0.852357	0.144412	0.00323122	0.219394
617	-5.05732	-6.02565	-8.84579	0.889899	0.109127	0.000973802	0.178332
618	-4.08744	-5.11841	-8.12252	0.896026	0.103207	0.000766211	0.172078
619	-42.0837	-30.0146	-26.2162	2.31103e-06	0.130165	0.869833	3.42136
620	-4.38049	-5.17394	-7.52623	0.87097	0.127218	0.00181246	0.198202
621	-14.1906	-12.4989	-13.8514	0.354483	0.621455	0.0240625	0.7386
622	-4.08744	-5.11841	-8.12252	0.896026	0.103207	0.000766211	0.172078
623	-4.33034	-5.09453	-7.33717	0.867459	0.130467	0.00207414	0.202182
624	-9.72276	-10.3678	-12.2683	0.852346	0.144421	0.00323264	0.219407
625	-4.12387	-4.88368	-7.12783	0.866957	0.130964	0.0020789	0.202661
626	-4.96675	-5.58274	-7.38629	0.848371	0.14798	0.00364953	0.224251
627	-8.5069	-9.37879	-11.9397	0.879812	0.118814	0.00137405	0.18879
628	-10.0851	-10.8649	-13.1427	0.869308	0.128716	0.00197571	0.200196
629	-4.72396	-5.50739	-7.82205	0.869779	0.128323	0.00189831	0.199544
630	-4.18408	-5.22474	-8.24888	0.896939	0.102317	0.000744529	0.171172
631	-15.9711	-14.3821	-16.0256	0.38053	0.602045	0.0174246	0.695992
632	-25.9459	-21.4931	-21.203	0.0291708	0.808932	0.161897	1.42365
633	-9.95827	-10.9378	-13.7724	0.891008	0.108042	0.000950303	0.177239
634	-32.2247	-25.3136	-23.9598	0.00194982	0.631758	0.366292	2.01784
635	-21.6572	-17.4785	-17.8354	0.0411635	0.867895	0.0909412	1.21502
636	-4.48172	-5.33196	-7.84396	0.877442	0.121087	0.00147047	0.191254
637	-5.10566	-5.73078	-7.5768	0.84967	0.146859	0.00347128	0.222551
638	-3.90655	-4.61847	-6.70845	0.861024	0.136449	0.00252701	0.209404
639	-17.5455	-18.3283	-20.6255	0.869684	0.128383	0.00193266	0.199728
640	-11.2266	-12.1435	-14.8263	0.884631	0.1142	0.00116913	0.183756
641	-36.1664	-29.192	-27.6755	0.00171914	0.593447	0.404834	2.12535
642	-6.85517	-7.64144	-9.92223	0.870043	0.127999	0.00195873	0.199468
643	-24.8336	-23.1673	-24.6061	0.361011	0.617073	0.0219161	0.726577
644	-11.1842	-11.9779	-14.3304	0.871005	0.127183	0.00181157	0.198167
645	-4.10158	-4.78275	-6.79584	0.857126	0.140073	0.00280144	0.21378
646	-13.7722	-14.5404	-16.7829	0.867926	0.130007	0.00206707	0.20173
647	-4.87643	-5.54513	-7.51989	0.855497	0.141561	0.00294186	0.215679
648	-29.8056	-30.7219	-33.4053	0.884562	0.114269	0.00116907	0.183819
649	-48.9151	-41.7613	-39.7856	0.0011628	0.480256	0.518581	2.4425
650	-31.56	-24.6819	-23.4822	0.00212621	0.666596	0.331278	1.92021
651	-24.9034	-18.0345	-16.8099	0.00212801	0.661065	0.336807	1.9356
652	-8.01941	-8.96081	-11.7079	0.887164	0.111763	0.00107289	0.181141
653	-10.3631	-11.3225	-14.1519	0.889029	0.109999	0.000972474	0.179134
654	-5.227	-6.11849	-8.71853	0.881915	0.116787	0.00129872	0.186633
655	-4.18408	-5.22473	-8.24888	0.896938	0.102317	0.000744533	0.171172
656	-21.0385	-21.9441	-24.5782	0.883415	0.115345	0.00123981	0.185078
657	-21.5486	-17.0831	-16.6227	0.0279722	0.785625	0.186403	1.49298
665	-6.71365	-7.61637	-10.2436	0.883109	0.115639	0.00125151	0.185394
666	-31.1531	-32.0015	-34.4974	0.877229	0.121274	0.00149672	0.191525
667	-13.9368	-12.2214	-13.5252	0.34864	0.625917	0.0254432	0.747856
668	-4.09948	-4.77746	-6.78084	0.856712	0.140452	0.00283645	0.214261
669	-10.5335	-8.88617	-10.3898	0.365908	0.613664	0.0204285	0.717899
670	-25.0078	-25.8904	-28.4693	0.88096	0.117703	0.00133677	0.187623
671	-5.05437	-6.01812	-8.82377	0.889436	0.109572	0.000992037	0.178812
672	-8.15591	-8.9477	-11.2823	0.870755	0.127398	0.00184743	0.198498
673	-11.5941	-12.7522	-16.1297	0.907483	0.0920466	0.000470397	0.160641
674	-15.2931	-16.2141	-18.9015	0.885051	0.11379	0.00115949	0.18334
675	-4.80835	-5.50716	-7.55795	0.85936	0.137982	0.00265754	0.211309
676	-19.1898	-17.2881	-17.9891	0.300875	0.650787	0.0483378	0.855835
677	-7.61742	-8.66687	-11.6991	0.897754	0.101513	0.00073277	0.170384
678	-52.6774	-37.756	-32.029	2.18132e-08	0.0212897	0.97871	3.72444
679	-7.6254	-8.66197	-11.6662	0.896547	0.10269	0.000762295	0.171584
680	-4.87618	-5.54174	-7.50682	0.855084	0.141937	0.00297838	0.216163
681	-12.6761	-13.7057	-16.7102	0.895896	0.103337	0.000766827	0.1722
682	-51.4396	-41.8135	-38.827	5.15005e-05	0.252074	0.747874	3.08182
683	-48.848	-36.5282	-31.8972	8.44351e-07	0.0611088	0.93889	3.61359
684	-58.054	-43.016	-36.8339	1.24127e-08	0.0136111	0.986389	3.74582
685	-9.51514	-10.293	-12.5471	0.869043	0.12893	0.00202638	0.200582
686	-40.6138	-33.6349	-32.1137	0.00170814	0.592314	0.405978	2.12854
687	-24.8377	-20.3915	-19.9812	0.028764	0.792413	0.178823	1.47115
688	-40.4906	-30.7251	-27.4759	3.65812e-05	0.20583	0.794133	3.2106
689	-20.6611	-19.0075	-20.4569	0.364041	0.614369	0.0215906	0.722864
690	-19.762	-15.2423	-14.6292	0.0257428	0.763261	0.210996	1.5635
691	-39.5289	-32.5549	-31.0625	0.00173646	0.5992	0.399064	2.10927
692	-36.3417	-26.6684	-23.5709	4.51637e-05	0.231719	0.768235	3.1385
693	-27.0518	-21.6165	-19.7913	0.00695008	0.514839	0.478211	2.32476
694	-3.85309	-4.89703	-7.9377	0.897253	0.102017	0.000730185	0.170841
695	-12.8589	-13.7715	-16.4407	0.884172	0.114638	0.00118968	0.184238
696	-25.385	-18.3918	-16.8445	0.00166605	0.586032	0.412302	2.14618
697	-11.5307	-9.97866	-11.7162	0.389878	0.594461	0.0156612	0.682423
698	-18.819	-14.5287	-14.5699	0.0357693	0.843085	0.121146	1.3041
699	-23.5951	-21.924	-23.2988	0.359389	0.617239	0.0233721	0.732133
700	-49.293	-37.0632	-32.7985	1.29752e-06	0.0858234	0.914175	3.54479
701	-23.4267	-18.966	-18.5145	0.0281496	0.786818	0.185033	1.489
702	-12.4677	-13.1497	-15.1621	0.857226	0.139973	0.00280149	0.213687
703	-7.71917	-8.51851	-10.8601	0.871613	0.126565	0.00182253	0.197634
704	-27.5352	-23.3216	-23.5353	0.0392593	0.857101	0.10364	1.25213
705	-8.2292	-9.12481	-11.7576	0.88238	0.116368	0.00125238	0.186073
706	-14.7257	-13.0015	-14.2956	0.346561	0.627674	0.0257646	0.750676
707	-35.8136	-31.3822	-31.0055	0.0293534	0.796781	0.173866	1.4568
708	-129.969	-96.9859	-82.4263	4.65586e-20	3.17324e-06	0.999997	3.7837
