Sites	Ll_YN98.omega=0.00354832	Ll_YN98.omega=0.0301838	Ll_YN98.omega=0.222238	Ll_YN98.omega=0.803584	Ll_YN98.omega=3.19602	Pr_YN98.omega=0.00354832	Pr_YN98.omega=0.0301838	Pr_YN98.omega=0.222238	Pr_YN98.omega=0.803584	Pr_YN98.omega=3.19602	mean
63	-4.16192	-4.19377	-4.42311	-5.11435	-7.90777	0.319476	0.309462	0.246039	0.123255	0.00176785	0.169849
64	-4.21167	-4.23071	-4.3678	-4.78096	-6.45142	0.291761	0.286259	0.249586	0.165115	0.00727984	0.221093
65	-23.9297	-19.6637	-15.784	-13.5556	-12.1974	1.54518e-05	0.00110069	0.0532843	0.494722	0.450878	1.85044
66	-18.4753	-18.4975	-18.6569	-19.1369	-21.0721	0.298901	0.292357	0.249281	0.154242	0.00521874	0.205911
67	-34.7609	-32.6464	-30.8399	-30.1266	-31.0566	0.00580695	0.0481115	0.292975	0.597834	0.0552728	0.723646
68	-83.8883	-71.062	-59.2177	-51.9101	-45.2492	7.03199e-17	2.61504e-11	3.64216e-06	0.00543298	0.994563	3.18301
69	-15.5165	-13.398	-11.5621	-10.7595	-11.3141	0.00516649	0.0429797	0.269527	0.601396	0.0809305	0.803143
72	-4.21167	-4.23071	-4.3678	-4.78096	-6.45142	0.291761	0.286259	0.249586	0.165115	0.00727984	0.221093
73	-5.24243	-5.2642	-5.421	-5.89305	-7.79309	0.298069	0.291648	0.249325	0.155509	0.00544983	0.207652
74	-18.8664	-18.8877	-19.0418	-19.506	-21.3815	0.297232	0.290942	0.24941	0.156785	0.00563087	0.209251
75	-4.0446	-4.07059	-4.25763	-4.82042	-7.07959	0.307307	0.299425	0.248345	0.141462	0.00346178	0.19006
76	-36.9375	-36.9601	-37.1222	-37.6069	-39.5042	0.299481	0.2928	0.248981	0.15335	0.00538901	0.205686
77	-17.33	-15.211	-13.3711	-12.557	-13.0734	0.00508807	0.0423508	0.266636	0.60179	0.0841352	0.81304
78	-13.3176	-13.3354	-13.4642	-13.8521	-15.4065	0.288947	0.283828	0.249544	0.169298	0.00838298	0.227888
79	-38.7134	-32.311	-26.4661	-23.0459	-20.6802	4.44704e-08	2.68299e-05	0.00926881	0.283388	0.707316	2.49038
80	-3.59678	-3.6191	-3.77988	-4.26488	-6.2331	0.299394	0.292786	0.249302	0.153494	0.00502471	0.204708
81	-13.5187	-11.4033	-9.59031	-8.85822	-9.72046	0.00567362	0.047049	0.288351	0.599606	0.0593208	0.736947
82	-4.94965	-4.97515	-5.15879	-5.71243	-7.95349	0.306363	0.29865	0.248547	0.142879	0.00356037	0.191532
83	-13.3312	-13.3548	-13.5246	-14.0359	-16.0924	0.302123	0.29508	0.248993	0.149329	0.00447524	0.199615
84	-24.9331	-22.816	-20.9907	-20.2206	-20.916	0.00539994	0.0448559	0.278322	0.60115	0.0702726	0.770894
85	-11.0793	-11.1014	-11.2607	-11.7403	-13.6704	0.298858	0.292318	0.24927	0.154306	0.00524802	0.206052
86	-9.1031	-9.12532	-9.2853	-9.76695	-11.7042	0.299069	0.292497	0.249255	0.153981	0.00519913	0.205637
87	-24.9659	-20.7055	-16.865	-14.7528	-13.8321	2.1429e-05	0.00151813	0.0706645	0.584115	0.343681	1.58355
88	-37.9379	-31.5389	-25.7187	-22.3742	-20.3257	6.1021e-08	3.66899e-05	0.012366	0.35054	0.637057	2.32049
89	-7.30041	-7.32182	-7.47602	-7.94052	-9.81523	0.29727	0.290972	0.249394	0.15673	0.00563359	0.209213
90	-18.5158	-16.3923	-14.5209	-13.6124	-13.7551	0.00442884	0.0370255	0.240568	0.596748	0.12123	0.921586
91	-11.5504	-11.5725	-11.7314	-12.2103	-14.1452	0.298772	0.292251	0.249309	0.154441	0.00522684	0.206099
92	-4.66765	-4.69051	-4.85517	-5.35115	-7.35191	0.300549	0.293754	0.249159	0.151731	0.00480797	0.2026
93	-14.7113	-12.5944	-10.7704	-10.0043	-10.7152	0.0054283	0.0450829	0.279353	0.600965	0.069171	0.767461
94	-15.409	-13.291	-11.4592	-10.6696	-11.2889	0.00526221	0.0437516	0.273251	0.601824	0.0759106	0.788294
95	-13.5187	-11.4033	-9.59031	-8.85822	-9.72046	0.00567362	0.047049	0.288351	0.599606	0.0593208	0.736947
96	-93.9567	-81.1182	-69.1887	-61.648	-54.2875	2.51697e-17	9.47496e-12	1.43715e-06	0.00270637	0.997292	3.18954
97	-19.3136	-17.1949	-15.3575	-14.5516	-15.1079	0.0051473	0.042829	0.268963	0.60217	0.0808907	0.803507
98	-30.8929	-26.5948	-22.5089	-19.8316	-17.5808	4.76754e-06	0.000350716	0.0208656	0.303512	0.675266	2.40671
99	-18.905	-18.9265	-19.0816	-19.549	-21.4413	0.29757	0.291232	0.249401	0.156278	0.00551937	0.208495
100	-44.3475	-37.9403	-32.0616	-28.5422	-25.8024	2.93545e-08	1.77941e-05	0.00635844	0.214693	0.778931	2.66342
101	-36.7646	-30.3674	-24.5603	-21.2523	-19.305	6.8406e-08	4.10538e-05	0.0136566	0.373259	0.613043	2.26228
102	-4.80301	-4.82424	-4.97713	-5.43796	-7.30207	0.296877	0.290641	0.249434	0.157333	0.00571549	0.209957
103	-20.0126	-17.896	-16.0741	-15.3133	-16.025	0.00546033	0.0453349	0.280319	0.599896	0.0689905	0.766247
104	-29.327	-27.2079	-25.3677	-24.5528	-25.0655	0.00508186	0.0423008	0.266397	0.601777	0.0844431	0.813959
105	-4.16641	-4.19326	-4.38658	-4.96922	-7.32386	0.309221	0.301031	0.248113	0.138553	0.00308188	0.186512
106	-32.2957	-28.039	-24.2257	-22.1956	-21.6066	2.63898e-05	0.00186253	0.0843675	0.642452	0.271291	1.40212
107	-4.0446	-4.07059	-4.25763	-4.82042	-7.07959	0.307307	0.299425	0.248345	0.141462	0.00346178	0.19006
108	-21.413	-21.436	-21.6017	-22.1004	-24.1055	0.300835	0.293992	0.249113	0.151286	0.00477331	0.202131
109	-4.82525	-4.84189	-4.96171	-5.3232	-6.79149	0.285998	0.28128	0.249517	0.173823	0.00938096	0.23462
110	-59.2494	-50.7058	-42.8623	-38.1498	-34.3626	6.04775e-11	3.1047e-07	0.000791404	0.0881049	0.911103	2.98288
111	-9.99821	-10.0216	-10.1896	-10.6956	-12.7301	0.301583	0.294624	0.249042	0.150151	0.00460029	0.200671
112	-3.95413	-3.97986	-4.16507	-4.72258	-6.96496	0.306777	0.298985	0.248436	0.142262	0.00354033	0.190959
113	-4.21167	-4.23071	-4.3678	-4.78096	-6.45142	0.291761	0.286259	0.249586	0.165115	0.00727984	0.221093
114	-4.43839	-4.46016	-4.61698	-5.08978	-7.00531	0.298131	0.29171	0.249372	0.155423	0.00536312	0.207319
115	-5.24511	-5.26932	-5.44373	-5.96951	-8.09719	0.303576	0.296313	0.248888	0.147117	0.00410611	0.196677
116	-41.1474	-34.7446	-28.8973	-25.4709	-23.0892	4.35784e-08	2.6301e-05	0.00910817	0.280217	0.710649	2.49845
117	-7.51568	-7.5388	-7.70527	-8.2066	-10.2271	0.301104	0.294222	0.249101	0.150886	0.00468776	0.201541
118	-10.9706	-10.9917	-11.1438	-11.6024	-13.457	0.296635	0.290434	0.249446	0.157701	0.0057837	0.210466
119	-42.7366	-36.3014	-30.2506	-26.4031	-23.2667	1.25668e-08	7.83419e-06	0.00332536	0.155872	0.840795	2.81319
120	-18.2451	-16.1263	-14.2887	-13.482	-14.036	0.00514244	0.0427899	0.268781	0.602194	0.0810924	0.80413
121	-13.4478	-11.3247	-9.45612	-8.55661	-8.74607	0.00449586	0.0375716	0.243438	0.598466	0.116028	0.906998
122	-5.00203	-5.0236	-5.17892	-5.64715	-7.54276	0.297655	0.291304	0.249396	0.156149	0.00549659	0.20832
123	-8.92887	-8.951	-9.11038	-9.5906	-11.5298	0.298912	0.292369	0.249295	0.154226	0.0051974	0.205833
124	-34.5065	-28.1077	-22.2886	-18.9449	-16.8653	5.9944e-08	3.60355e-05	0.0121319	0.343608	0.644224	2.33777
125	-3.95413	-3.97986	-4.16507	-4.72258	-6.96496	0.306777	0.298985	0.248436	0.142262	0.00354033	0.190959
126	-37.8784	-35.7605	-33.9293	-33.1414	-33.7625	0.00527265	0.0438344	0.273594	0.601555	0.0757434	0.787623
127	-61.9929	-51.31	-41.4809	-35.5154	-30.4724	8.49545e-14	3.7043e-09	6.87716e-05	0.0268027	0.973129	3.13169
128	-4.90345	-4.91951	-5.03515	-5.3839	-6.79806	0.284542	0.28001	0.24943	0.175991	0.0100262	0.238362
129	-28.8069	-24.5435	-20.6819	-18.508	-17.3647	1.81876e-05	0.0012923	0.061435	0.540179	0.397076	1.71683
130	-15.1456	-13.0307	-11.2207	-10.4964	-11.3679	0.0057247	0.047452	0.289945	0.598237	0.0586409	0.734041
131	-14.9701	-12.8567	-11.0575	-10.3664	-11.384	0.0059659	0.0493778	0.298477	0.595723	0.0504562	0.707817
132	-15.1487	-13.0299	-11.1925	-10.3865	-10.9481	0.00514886	0.0428427	0.269078	0.602428	0.0805024	0.8025
133	-66.7701	-56.081	-46.2073	-40.1073	-34.5227	4.15333e-14	1.82226e-09	3.53766e-05	0.0157719	0.984193	3.15818
134	-3.72008	-3.74625	-3.93468	-4.50188	-6.78303	0.307734	0.299784	0.248299	0.140813	0.00337101	0.18925
135	-12.6277	-12.6523	-12.8293	-13.362	-15.5043	0.304303	0.296912	0.248749	0.146019	0.0040162	0.195498
136	-14.7751	-12.6606	-10.8537	-10.1385	-11.0456	0.00578997	0.0479727	0.292236	0.597486	0.0565159	0.72717
137	-4.59377	-4.61691	-4.78359	-5.28605	-7.31972	0.301203	0.294313	0.249129	0.150733	0.00462169	0.201216
138	-4.75581	-4.77889	-4.94508	-5.44549	-7.46143	0.301011	0.294142	0.249106	0.151028	0.00471362	0.201735
139	-20.4693	-20.4909	-20.6461	-21.1141	-23.0087	0.297629	0.291282	0.249397	0.156188	0.00550352	0.208373
140	-50.1068	-43.7039	-37.8557	-34.4237	-31.9788	4.13767e-08	2.49744e-05	0.00865665	0.26781	0.723508	2.52948
141	-4.614	-4.62867	-4.73435	-5.05297	-6.34358	0.281034	0.27694	0.249165	0.181182	0.0116793	0.247653
142	-4.90345	-4.91951	-5.03515	-5.3839	-6.79806	0.284542	0.28001	0.24943	0.175991	0.0100262	0.238362
143	-20.0281	-17.9086	-16.0658	-15.2437	-15.7385	0.0050346	0.041923	0.264708	0.602296	0.086038	0.819086
144	-12.7206	-10.5987	-8.73814	-7.86301	-8.15074	0.00466563	0.0389465	0.250312	0.600542	0.105534	0.876697
145	-4.22524	-4.24229	-4.3651	-4.73558	-6.23958	0.287016	0.282164	0.249555	0.172293	0.00897212	0.232123
146	-3.59678	-3.6191	-3.77988	-4.26488	-6.2331	0.299394	0.292786	0.249302	0.153494	0.00502471	0.204708
147	-13.3936	-13.4193	-13.6046	-14.1619	-16.3955	0.306773	0.298976	0.248405	0.142274	0.00357203	0.191064
148	-4.84603	-4.86367	-4.99078	-5.37416	-6.92911	0.288464	0.283419	0.249589	0.170109	0.00841839	0.228649
149	-27.5446	-23.2857	-19.457	-17.3814	-16.6246	2.36935e-05	0.00167584	0.0770917	0.614359	0.30685	1.49157
150	-13.2268	-11.105	-9.24517	-8.37242	-8.67293	0.00468342	0.0390912	0.251061	0.600907	0.104257	0.87308
151	-3.72008	-3.74625	-3.93468	-4.50188	-6.78303	0.307734	0.299784	0.248299	0.140813	0.00337101	0.18925
152	-25.9073	-21.6477	-17.8136	-15.7219	-14.902	2.27473e-05	0.00161011	0.0744664	0.603081	0.32082	1.52657
153	-4.22524	-4.24229	-4.3651	-4.73558	-6.23958	0.287016	0.282164	0.249555	0.172293	0.00897212	0.232123
154	-10.8316	-10.8538	-11.0136	-11.4952	-13.4382	0.299054	0.292488	0.249276	0.154011	0.00517026	0.205573
155	-26.799	-22.5386	-18.6989	-16.5905	-15.7084	2.18047e-05	0.00154462	0.0718443	0.591669	0.334921	1.56188
156	-16.4128	-14.2931	-12.4494	-11.6248	-12.116	0.005019	0.0417989	0.26418	0.602606	0.086396	0.820359
157	-16.6725	-14.5531	-12.7115	-11.8925	-12.3957	0.00505544	0.0420897	0.26546	0.602101	0.0852942	0.816724
158	-37.4366	-33.1701	-29.2863	-27.0444	-25.6132	1.46839e-05	0.00104656	0.0508712	0.478747	0.46932	1.89601
159	-15.7773	-13.6545	-11.788	-10.8947	-11.1069	0.0045383	0.0379148	0.245137	0.598904	0.113506	0.899676
160	-8.27954	-8.3046	-8.48497	-9.02751	-11.2026	0.3053	0.297744	0.248604	0.144505	0.00384659	0.193736
161	-11.4476	-11.4719	-11.6474	-12.176	-14.3114	0.303873	0.296559	0.248839	0.146667	0.00406222	0.196173
162	-4.03465	-4.05995	-4.24205	-4.78989	-6.98818	0.305826	0.298186	0.248544	0.143707	0.0037375	0.192747
163	-13.9162	-11.797	-9.95696	-9.14448	-9.69651	0.00510747	0.0425144	0.267708	0.603279	0.0813916	0.805711
164	-4.88758	-4.90321	-5.0158	-5.3553	-6.73166	0.283476	0.279079	0.249362	0.177577	0.0105062	0.241123
165	-4.21527	-4.23187	-4.35143	-4.7121	-6.17593	0.285904	0.281198	0.249508	0.17396	0.00943021	0.234883
166	-4.36679	-4.38738	-4.53568	-4.98313	-6.80078	0.295448	0.289428	0.249537	0.159517	0.00607046	0.212827
167	-18.8592	-16.7364	-14.8697	-13.9757	-14.184	0.00453282	0.0378704	0.244911	0.598772	0.113915	0.900824
168	-4.58676	-4.60929	-4.77156	-5.2607	-7.23993	0.299833	0.293153	0.249243	0.152824	0.004948	0.203924
169	-9.83046	-9.84901	-9.9826	-10.3851	-12.0109	0.290592	0.285251	0.249581	0.166882	0.0076937	0.2238
170	-23.1936	-21.0678	-19.1798	-18.2204	-18.1477	0.00407111	0.0341133	0.22537	0.588209	0.148236	0.997572
171	-50.7178	-44.3054	-38.3915	-34.7855	-31.8541	2.22101e-08	1.35337e-05	0.00500964	0.184438	0.810539	2.73982
172	-40.85	-34.4458	-28.5879	-25.1286	-22.5966	3.73698e-08	2.25864e-05	0.00790432	0.251329	0.740744	2.57116
173	-6.89211	-6.91116	-7.04824	-7.46011	-9.10634	0.291644	0.286141	0.249487	0.165262	0.00746507	0.221778
174	-27.205	-22.9444	-19.1032	-16.9899	-16.0817	2.14794e-05	0.00152187	0.070891	0.586669	0.340897	1.57675
175	-31.9577	-27.7005	-23.8839	-21.8442	-21.2243	2.58391e-05	0.00182452	0.082923	0.637547	0.27768	1.41828
176	-63.5844	-52.8978	-43.0426	-36.9988	-31.6484	5.64713e-14	2.47134e-09	4.70989e-05	0.0198515	0.980101	3.14839
177	-14.031	-14.053	-14.2111	-14.6872	-16.6084	0.29849	0.292009	0.249316	0.15487	0.00531388	0.206715
178	-17.9861	-18.0086	-18.1704	-18.6574	-20.6189	0.299634	0.292977	0.249217	0.153125	0.00504666	0.20447
179	-16.5064	-14.4017	-12.6651	-12.1629	-13.944	0.00736357	0.060418	0.343036	0.56681	0.0223726	0.605068
180	-19.0281	-16.9169	-15.1335	-14.4892	-15.678	0.00630293	0.0520518	0.30969	0.589854	0.0421017	0.678973
181	-10.8761	-10.8998	-11.0705	-11.5851	-13.6677	0.302441	0.295357	0.249009	0.148848	0.00434582	0.198829
182	-4.05938	-4.08092	-4.23608	-4.70414	-6.60422	0.297627	0.291285	0.249423	0.156192	0.00547357	0.208286
183	-3.71861	-3.74469	-3.93249	-4.49878	-6.79287	0.30761	0.299693	0.248379	0.140986	0.00333178	0.189279
184	-3.63853	-3.66397	-3.84721	-4.39988	-6.64111	0.306259	0.298566	0.248577	0.143034	0.00356363	0.191671
185	-4.74734	-4.76727	-4.91082	-5.34339	-7.09093	0.293865	0.288065	0.249545	0.161915	0.00660919	0.216432
186	-4.63065	-4.65703	-4.84698	-5.41953	-7.7348	0.308232	0.300209	0.248272	0.140047	0.0032402	0.188226
187	-3.86899	-3.89577	-4.08862	-4.67009	-7.02357	0.309098	0.300931	0.248148	0.138733	0.00308949	0.186686
188	-5.04656	-5.07115	-5.24817	-5.78171	-7.93972	0.304362	0.296972	0.248792	0.145923	0.00395109	0.195224
189	-4.42403	-4.45649	-4.6902	-5.39402	-8.22757	0.320648	0.310407	0.245716	0.121554	0.00167488	0.168146
190	-4.05938	-4.08092	-4.23608	-4.70414	-6.60422	0.297627	0.291285	0.249423	0.156192	0.00547357	0.208286
191	-9.96706	-9.9964	-10.2076	-10.8431	-13.3947	0.31433	0.305243	0.247134	0.130902	0.00239098	0.178084
192	-4.84854	-4.87273	-5.04698	-5.57208	-7.69416	0.303514	0.296258	0.248883	0.147213	0.00413189	0.196834
193	-10.6745	-10.707	-10.9405	-11.6439	-14.4743	0.320606	0.310373	0.245723	0.121617	0.00168088	0.168216
194	-4.74734	-4.76727	-4.91082	-5.34339	-7.09093	0.293865	0.288065	0.249545	0.161915	0.00660919	0.216432
195	-7.85515	-7.8787	-8.0483	-8.55943	-10.626	0.302094	0.295063	0.249035	0.149375	0.00443195	0.199523
196	-16.6897	-16.7138	-16.8871	-17.4094	-19.5199	0.30323	0.296019	0.248913	0.147645	0.00419203	0.197372
197	-26.5873	-22.3288	-18.5022	-16.4333	-15.7084	2.413e-05	0.00170621	0.0783221	0.62	0.299948	1.47432
198	-17.0656	-17.0843	-17.2186	-17.6233	-19.253	0.290828	0.285451	0.249559	0.166515	0.0076466	0.223357
199	-4.63065	-4.65703	-4.84698	-5.41953	-7.7348	0.308232	0.300209	0.248272	0.140047	0.0032402	0.188226
200	-14.2993	-14.3215	-14.4815	-14.9637	-16.9135	0.299114	0.292543	0.249291	0.15392	0.00513233	0.205384
201	-14.965	-14.9914	-15.1814	-15.7543	-18.0737	0.308265	0.300237	0.248275	0.139997	0.00322591	0.188141
202	-12.8741	-12.9004	-13.0898	-13.6599	-15.9511	0.308017	0.30002	0.248258	0.140378	0.00332698	0.18876
203	-4.74734	-4.76727	-4.91082	-5.34339	-7.09093	0.293865	0.288065	0.249545	0.161915	0.00660917	0.216431
204	-9.51524	-9.53768	-9.69932	-10.1862	-12.1485	0.299604	0.292954	0.249231	0.153167	0.00504378	0.204497
205	-4.31563	-4.3381	-4.5	-4.98876	-6.97874	0.299773	0.293112	0.2493	0.152917	0.00489809	0.203851
206	-7.69415	-7.71634	-7.87608	-8.35673	-10.2866	0.298975	0.292413	0.249243	0.154127	0.00524267	0.205888
207	-10.7077	-10.7299	-10.8895	-11.37	-13.2976	0.298945	0.292391	0.249258	0.15415	0.00525535	0.20595
208	-12.1789	-12.1984	-12.3383	-12.7604	-14.4726	0.292725	0.287093	0.249602	0.16366	0.00692045	0.218808
209	-4.91005	-4.92755	-5.05357	-5.43308	-6.96297	0.288039	0.283042	0.249529	0.170727	0.00866329	0.229902
210	-11.5137	-11.536	-11.6964	-12.1795	-14.1313	0.29922	0.29263	0.249274	0.15376	0.00511671	0.205204
211	-7.88703	-7.91173	-8.08958	-8.62578	-10.7965	0.304624	0.297193	0.24877	0.145523	0.00389059	0.194712
212	-3.86411	-3.89438	-4.11225	-4.7676	-7.39365	0.31621	0.306782	0.246722	0.128114	0.00217232	0.175106
213	-4.2641	-4.2858	-4.44204	-4.91282	-6.81418	0.297926	0.291532	0.249362	0.155731	0.00545043	0.207836
214	-8.94489	-8.96299	-9.09331	-9.48581	-11.0639	0.289477	0.284285	0.24955	0.168538	0.00814956	0.226548
215	-4.57583	-4.60113	-4.7833	-5.33188	-7.54294	0.305882	0.29824	0.248573	0.143617	0.00368775	0.192524
216	-13.002	-13.0224	-13.1693	-13.6127	-15.4129	0.295017	0.289059	0.249547	0.160174	0.00620309	0.213769
217	-4.47329	-4.493	-4.635	-5.06334	-6.80213	0.293402	0.287675	0.249594	0.162632	0.00669685	0.217285
218	-8.72659	-8.75099	-8.92663	-9.45503	-11.5762	0.303875	0.296551	0.248784	0.14667	0.00412017	0.196348
219	-3.845	-3.86522	-4.01079	-4.44939	-6.22123	0.294517	0.288623	0.249523	0.160926	0.00641114	0.215018
220	-4.04243	-4.06174	-4.20082	-4.62045	-6.32464	0.292457	0.286864	0.249615	0.16407	0.00699384	0.219367
221	-9.50345	-9.52607	-9.68901	-10.1805	-12.1755	0.30007	0.293359	0.24925	0.152462	0.00485908	0.203358
222	-9.36085	-9.38837	-9.58646	-10.1827	-12.5769	0.310568	0.302138	0.247841	0.136533	0.00291908	0.184347
223	-4.57583	-4.60113	-4.7833	-5.33188	-7.54294	0.305882	0.29824	0.248573	0.143617	0.00368775	0.192524
224	-8.92783	-8.94849	-9.09728	-9.54559	-11.3558	0.295551	0.289508	0.249485	0.159348	0.00610894	0.212806
225	-17.0219	-17.0442	-17.2042	-17.6853	-19.6099	0.299034	0.292458	0.249208	0.154032	0.00526749	0.205885
226	-4.42403	-4.45649	-4.6902	-5.39402	-8.22757	0.320648	0.310407	0.245716	0.121554	0.00167487	0.168146
227	-3.71861	-3.74469	-3.93249	-4.49878	-6.79287	0.30761	0.299693	0.248379	0.140986	0.00333176	0.189279
228	-4.91005	-4.92755	-5.05357	-5.43308	-6.96297	0.288039	0.283042	0.249529	0.170727	0.00866329	0.229902
229	-4.31563	-4.3381	-4.5	-4.98876	-6.97874	0.299773	0.293112	0.2493	0.152917	0.00489809	0.203851
230	-7.08617	-7.11556	-7.32707	-7.96289	-10.505	0.314388	0.305283	0.247085	0.130832	0.0024126	0.178087
231	-3.86899	-3.89577	-4.08863	-4.6701	-7.02358	0.309098	0.300931	0.248148	0.138733	0.00308948	0.186686
232	-4.41136	-4.43546	-4.60907	-5.13283	-7.25953	0.30336	0.296137	0.248941	0.147444	0.00411929	0.196988
233	-4.79648	-4.81468	-4.94577	-5.34106	-6.94344	0.289792	0.284566	0.249604	0.168104	0.00793375	0.225531
234	-4.94004	-4.96638	-5.15612	-5.72791	-8.03912	0.308162	0.300149	0.248277	0.140156	0.00325591	0.188363
235	-19.684	-19.7083	-19.8835	-20.4116	-22.5435	0.303807	0.296507	0.248859	0.146749	0.00407853	0.196294
236	-4.94004	-4.96638	-5.15612	-5.72791	-8.03912	0.308162	0.300149	0.248277	0.140156	0.00325591	0.188363
237	-3.845	-3.86522	-4.01079	-4.44939	-6.22123	0.294517	0.288623	0.249523	0.160926	0.00641114	0.215018
238	-22.9488	-22.9672	-23.0992	-23.4971	-25.1086	0.290088	0.28482	0.249599	0.167652	0.0078412	0.22488
239	-9.14894	-9.17493	-9.3621	-9.9258	-12.1968	0.307378	0.29949	0.248368	0.141346	0.00341841	0.189836
240	-11.9822	-12.0075	-12.1897	-12.7384	-14.9498	0.305892	0.298249	0.248571	0.143602	0.00368589	0.192506
241	-4.65907	-4.68127	-4.84124	-5.32386	-7.28352	0.299145	0.292576	0.249325	0.153874	0.00508045	0.20519
242	-4.79648	-4.81468	-4.94577	-5.34106	-6.94344	0.289792	0.284566	0.249604	0.168104	0.00793375	0.225531
243	-7.29387	-7.31352	-7.45508	-7.88199	-9.61272	0.293249	0.287542	0.249587	0.162862	0.0067605	0.217668
244	-35.0363	-30.7765	-26.9411	-24.8453	-24.0029	2.24632e-05	0.00159029	0.0736465	0.598902	0.325839	1.53907
245	-10.8408	-10.8667	-11.0532	-11.6149	-13.8776	0.307175	0.299321	0.248396	0.141654	0.00345418	0.190198
246	-15.5077	-15.526	-15.658	-16.0558	-17.6671	0.290072	0.284806	0.249601	0.167678	0.00784319	0.224907
247	-15.7357	-13.6155	-11.7678	-10.9311	-11.3702	0.00493319	0.0411066	0.260829	0.602174	0.0909576	0.833824
248	-13.8411	-11.73	-9.94786	-9.30781	-10.5248	0.00633544	0.052312	0.310864	0.58958	0.0409083	0.675208
249	-6.63184	-6.66206	-6.87947	-7.53237	-10.1316	0.316024	0.306617	0.246704	0.128419	0.00223677	0.175547
250	-4.03385	-4.0563	-4.21797	-4.705	-6.66926	0.299621	0.292969	0.249235	0.153142	0.00503311	0.204444
251	-4.97329	-5.00082	-5.19906	-5.79569	-8.1915	0.310608	0.302172	0.247834	0.136473	0.00291317	0.184279
252	-11.0951	-11.1244	-11.3355	-11.9707	-14.5218	0.314304	0.305222	0.247141	0.130941	0.002393	0.178122
253	-10.6262	-10.6445	-10.7763	-11.1737	-12.7837	0.290024	0.284765	0.249602	0.167752	0.00785689	0.225009
254	-14.4583	-12.3394	-10.501	-9.69218	-10.2411	0.00512817	0.0426761	0.268283	0.602386	0.0815266	0.805557
255	-10.6694	-10.7025	-10.9406	-11.6566	-14.5254	0.321798	0.311327	0.245367	0.119912	0.00159507	0.166526
256	-4.41136	-4.43546	-4.60907	-5.13283	-7.25953	0.30336	0.296137	0.248941	0.147444	0.00411929	0.196988
257	-3.76802	-3.79785	-4.01259	-4.65885	-7.25441	0.315345	0.306077	0.246927	0.12939	0.0022619	0.176439
258	-4.91005	-4.92755	-5.05357	-5.43308	-6.96297	0.288039	0.283042	0.249529	0.170727	0.00866329	0.229902
259	-6.64521	-6.67102	-6.85682	-7.41569	-9.65791	0.306927	0.299106	0.248389	0.142043	0.00353542	0.190761
260	-27.3522	-23.1012	-19.3293	-17.4241	-17.3447	3.46974e-05	0.00243486	0.10583	0.711262	0.180438	1.17184
261	-9.45466	-9.47843	-9.64961	-10.1655	-12.2489	0.302575	0.295468	0.248981	0.14864	0.00433611	0.198628
262	-10.443	-10.4653	-10.6256	-11.1093	-13.0727	0.299259	0.292672	0.249314	0.1537	0.00505556	0.204972
263	-4.04243	-4.06174	-4.20082	-4.62045	-6.32464	0.292457	0.286864	0.249615	0.16407	0.00699384	0.219367
264	-4.2641	-4.2858	-4.44204	-4.91282	-6.81418	0.297926	0.291532	0.249362	0.155731	0.00545043	0.207836
265	-4.05938	-4.08092	-4.23608	-4.70414	-6.60422	0.297627	0.291285	0.249423	0.156191	0.00547356	0.208286
266	-4.50111	-4.52135	-4.66708	-5.10638	-6.88341	0.294585	0.288684	0.249534	0.160823	0.00637379	0.21482
267	-8.51366	-8.53962	-8.72653	-9.28971	-11.5644	0.307319	0.299445	0.248394	0.141435	0.00340783	0.189877
268	-4.27777	-4.2972	-4.43717	-4.85934	-6.57197	0.292735	0.287102	0.249602	0.163644	0.00691713	0.218785
269	-4.6657	-4.68843	-4.8521	-5.34594	-7.35153	0.300305	0.293559	0.249236	0.152103	0.00479655	0.202874
270	-3.8777	-3.9051	-4.10243	-4.69742	-7.10622	0.31041	0.302021	0.247935	0.136752	0.00288149	0.184419
271	-6.64521	-6.67102	-6.85682	-7.41569	-9.65791	0.306927	0.299106	0.248389	0.142043	0.00353542	0.190761
272	-37.4889	-37.5106	-37.6668	-38.1377	-40.0434	0.297934	0.291541	0.249377	0.155722	0.00542649	0.207757
273	-4.47329	-4.493	-4.635	-5.06334	-6.80213	0.293402	0.287675	0.249594	0.162632	0.00669685	0.217285
274	-3.86899	-3.89577	-4.08863	-4.6701	-7.02358	0.309098	0.300931	0.248148	0.138733	0.00308948	0.186686
275	-4.95001	-4.97697	-5.17111	-5.7562	-8.12178	0.309461	0.30123	0.248076	0.138192	0.00304039	0.186088
276	-4.9859	-5.01407	-5.2169	-5.82743	-8.27993	0.311945	0.303279	0.247601	0.134463	0.00271209	0.182008
277	-4.32134	-4.34433	-4.50999	-5.0101	-7.04662	0.300941	0.294101	0.249204	0.151132	0.0046208	0.201543
278	-4.91761	-4.93819	-5.08642	-5.53343	-7.34554	0.295406	0.289389	0.249521	0.159577	0.0061065	0.212986
279	-13.8501	-13.8813	-14.1055	-14.7806	-17.4953	0.31802	0.308268	0.246345	0.12542	0.00194613	0.172186
280	-4.16263	-4.19976	-4.46721	-5.27317	-8.5281	0.329671	0.317652	0.243109	0.108586	0.000981713	0.155182
281	-4.32134	-4.34433	-4.50999	-5.0101	-7.04662	0.300941	0.294101	0.249204	0.151132	0.0046208	0.201543
282	-3.64647	-3.6725	-3.85999	-4.42551	-6.71933	0.307528	0.299627	0.248402	0.141108	0.00333554	0.189392
283	-4.58517	-4.61106	-4.79745	-5.35881	-7.62201	0.307148	0.299299	0.248402	0.141698	0.00345362	0.190232
284	-16.1435	-16.1648	-16.3176	-16.7717	-18.4768	0.29626	0.290019	0.248922	0.158067	0.0067315	0.213659
285	-4.32134	-4.34433	-4.50999	-5.0101	-7.04662	0.300941	0.294101	0.249204	0.151132	0.0046208	0.201543
286	-4.06771	-4.08975	-4.2485	-4.72744	-6.67207	0.298763	0.292251	0.249351	0.154457	0.00517696	0.205961
287	-17.9442	-17.9724	-18.1752	-18.7856	-21.2377	0.311935	0.303271	0.247603	0.134478	0.00271347	0.182024
288	-4.28775	-4.30763	-4.45084	-4.88283	-6.63562	0.293795	0.288011	0.249582	0.162033	0.00657934	0.216437
289	-4.51286	-4.53357	-4.68269	-5.1322	-6.95101	0.295676	0.289617	0.249495	0.159163	0.00604989	0.212474
290	-12.452	-12.4778	-12.6632	-13.2219	-15.4779	0.306873	0.299072	0.248455	0.142111	0.00348843	0.190679
291	-21.3002	-21.3277	-21.5262	-22.1235	-24.5225	0.310671	0.302224	0.247825	0.136379	0.00290176	0.184167
292	-8.72112	-8.75113	-8.96713	-9.61705	-12.2257	0.315693	0.306361	0.246846	0.128876	0.00222357	0.175895
293	-15.7098	-13.5929	-11.7685	-11.0014	-11.7138	0.00542265	0.0450388	0.279198	0.601243	0.0690972	0.767413
294	-3.87416	-3.90513	-4.12806	-4.79868	-7.48697	0.31763	0.307943	0.246407	0.126011	0.00200774	0.172861
295	-4.82562	-4.84502	-4.98475	-5.40625	-7.11727	0.292662	0.287039	0.249608	0.163758	0.00693306	0.218926
296	-35.2093	-33.0954	-31.2926	-30.5904	-31.554	0.00588375	0.0487215	0.295555	0.596514	0.0533253	0.716953
297	-10.0904	-10.1178	-10.3153	-10.9106	-13.3202	0.31045	0.302054	0.247925	0.136693	0.00287818	0.18436
298	-3.77717	-3.80769	-4.02742	-4.68873	-7.34568	0.316752	0.30723	0.246625	0.127301	0.00209287	0.174193
299	-19.5531	-17.4351	-15.6034	-14.8134	-15.42	0.00525623	0.043701	0.272911	0.601311	0.0768207	0.790713
300	-5.05502	-5.08017	-5.26131	-5.80725	-8.01601	0.305604	0.298013	0.248641	0.144035	0.00370702	0.192929
301	-25.79	-25.813	-25.9778	-26.4737	-28.4601	0.300557	0.29375	0.249101	0.151715	0.00487687	0.202795
302	-4.05152	-4.07128	-4.21359	-4.64297	-6.3871	0.293512	0.28777	0.249597	0.162466	0.00665434	0.21702
303	-14.7065	-12.5976	-10.8306	-10.2358	-11.6264	0.0066672	0.0549352	0.321538	0.582863	0.033997	0.650174
304	-4.16263	-4.19976	-4.46721	-5.27317	-8.5281	0.329671	0.317652	0.243109	0.108586	0.000981713	0.155182
305	-4.32134	-4.34433	-4.50999	-5.0101	-7.04662	0.300941	0.294101	0.249204	0.151132	0.0046208	0.201543
306	-4.0106	-4.04061	-4.25658	-4.9066	-7.51836	0.315695	0.306365	0.246855	0.128868	0.00221656	0.175868
307	-14.2757	-14.3087	-14.5463	-15.2613	-18.1309	0.321686	0.311242	0.245419	0.120057	0.00159571	0.166653
308	-15.7608	-15.7799	-15.9173	-16.3318	-18.0122	0.291903	0.286386	0.249606	0.164906	0.00719904	0.220676
309	-26.1093	-21.8492	-18.0116	-15.9094	-15.051	2.21586e-05	0.00156922	0.072833	0.596049	0.329527	1.54838
310	-3.72725	-3.75393	-3.94609	-4.52555	-6.87351	0.308899	0.300767	0.248186	0.139034	0.00311329	0.187006
311	-4.91761	-4.93819	-5.08642	-5.53343	-7.34554	0.295406	0.289389	0.249521	0.159577	0.0061065	0.212986
312	-17.033	-17.0597	-17.252	-17.8318	-20.1798	0.308934	0.300796	0.248176	0.138982	0.00311182	0.186959
313	-4.58517	-4.61106	-4.79745	-5.35881	-7.62201	0.307148	0.299299	0.248402	0.141698	0.00345362	0.190232
314	-25.3511	-23.2348	-21.4146	-20.6606	-21.4283	0.00551602	0.0457874	0.282634	0.600734	0.0653278	0.755743
315	-18.9341	-16.8234	-15.0442	-14.4114	-15.6348	0.00638615	0.0527088	0.312325	0.588037	0.0405435	0.673139
316	-15.2559	-13.1349	-11.2816	-10.4276	-10.7905	0.0048097	0.0401086	0.255928	0.60116	0.097994	0.854378
317	-30.3836	-26.1264	-22.3099	-20.2708	-19.6616	2.59333e-05	0.00183116	0.0832195	0.63939	0.275533	1.41296
318	-4.16263	-4.19976	-4.46721	-5.27317	-8.5281	0.329671	0.317652	0.243109	0.108586	0.000981713	0.155182
319	-3.77717	-3.80769	-4.02742	-4.68873	-7.34568	0.316752	0.30723	0.246625	0.127301	0.00209287	0.174193
320	-83.3935	-68.4339	-54.6473	-46.2156	-38.8027	1.8346e-19	5.76001e-13	5.59596e-07	0.00256874	0.997431	3.18987
321	-3.85413	-3.87481	-4.02375	-4.47257	-6.2861	0.295606	0.289555	0.249485	0.159268	0.00608591	0.21267
322	-4.48301	-4.50318	-4.64847	-5.08677	-6.86632	0.294473	0.288593	0.249566	0.161003	0.00636497	0.214941
323	-8.3847	-8.40931	-8.58651	-9.12053	-11.2793	0.304411	0.297013	0.248782	0.145847	0.00394612	0.195146
324	-26.1669	-24.0525	-22.2457	-21.5314	-22.4508	0.0057983	0.048041	0.292608	0.597704	0.0558488	0.725298
325	-11.1832	-11.2037	-11.3507	-11.794	-13.5851	0.295009	0.289045	0.249511	0.160176	0.00625922	0.213941
326	-3.77717	-3.80769	-4.02742	-4.68873	-7.34568	0.316752	0.30723	0.246625	0.127301	0.00209287	0.174193
327	-3.77717	-3.80769	-4.02742	-4.68873	-7.34568	0.316752	0.30723	0.246625	0.127301	0.00209287	0.174193
328	-10.8659	-10.892	-11.0797	-11.6459	-13.9423	0.307597	0.299684	0.248391	0.141003	0.0033246	0.189272
329	-4.06771	-4.08975	-4.2485	-4.72744	-6.67207	0.298763	0.292251	0.249351	0.154457	0.00517696	0.205961
330	-10.8901	-10.9183	-11.1214	-11.7334	-14.2074	0.312058	0.303382	0.247629	0.13428	0.0026507	0.181674
331	-4.32134	-4.34433	-4.50999	-5.0101	-7.04662	0.300941	0.294101	0.249204	0.151132	0.0046208	0.201543
332	-34.5779	-32.4642	-30.6629	-29.9647	-30.9449	0.00591361	0.0489592	0.296581	0.59613	0.0524162	0.713974
333	-4.10664	-4.13694	-4.35505	-5.0112	-7.6421	0.316282	0.306842	0.246711	0.128005	0.00215997	0.174979
334	-3.77717	-3.80769	-4.02742	-4.68873	-7.34568	0.316752	0.30723	0.246625	0.127301	0.00209287	0.174193
335	-17.2756	-15.1577	-13.326	-12.5371	-13.1591	0.00526673	0.043788	0.273425	0.601812	0.0757085	0.787678
336	-4.06771	-4.08975	-4.2485	-4.72744	-6.67207	0.298763	0.292251	0.249351	0.154457	0.00517696	0.205961
337	-23.3	-19.0428	-15.2268	-13.1886	-12.5743	2.59311e-05	0.00183088	0.0831672	0.638455	0.276521	1.41536
338	-11.8436	-11.8694	-12.0558	-12.6171	-14.8798	0.307139	0.299292	0.248403	0.14171	0.00345549	0.190248
339	-4.9859	-5.01407	-5.2169	-5.82743	-8.27993	0.311945	0.303279	0.247601	0.134463	0.00271209	0.182008
340	-18.2794	-16.1588	-14.3081	-13.462	-13.8609	0.00486666	0.0405693	0.258207	0.601738	0.0946184	0.844575
341	-6.64164	-6.67213	-6.89147	-7.5506	-10.1823	0.316591	0.307086	0.246603	0.127569	0.0021508	0.174583
342	-23.1771	-21.0591	-19.2265	-18.434	-19.0252	0.00523636	0.0435403	0.272118	0.601125	0.077981	0.794091
343	-17.7687	-15.6482	-13.7986	-12.956	-13.3643	0.00488877	0.040747	0.259034	0.601614	0.0937157	0.84178
344	-47.4823	-41.0852	-35.2783	-31.9716	-30.0428	6.92895e-08	4.15833e-05	0.01383	0.377481	0.608648	2.25166
346	-50.289	-41.7563	-33.9912	-29.5135	-26.6487	1.85274e-10	9.4082e-07	0.00221742	0.195206	0.802576	2.72241
347	-29.0928	-24.8364	-21.0257	-19.0044	-18.4701	2.70704e-05	0.00190991	0.0862947	0.65135	0.260419	1.37495
348	-46.1383	-39.6825	-33.5188	-29.4923	-26.0388	7.00161e-09	4.45565e-06	0.00211717	0.1187	0.879178	2.90573
349	-15.5136	-13.3913	-11.5281	-10.6445	-10.8941	0.00460514	0.038456	0.247832	0.599636	0.109471	0.887983
350	-4.82562	-4.84502	-4.98475	-5.40625	-7.11727	0.292662	0.287039	0.249608	0.163758	0.00693306	0.218926
351	-10.0591	-10.0873	-10.2899	-10.8999	-13.3501	0.311891	0.303234	0.247611	0.134545	0.00272005	0.182099
352	-8.90374	-8.92446	-9.07371	-9.52343	-11.3407	0.295703	0.289637	0.249481	0.159121	0.00605789	0.212464
353	-6.6419	-6.67282	-6.89528	-7.56345	-10.2249	0.317447	0.307782	0.246392	0.126313	0.00206733	0.173284
354	-4.95001	-4.97697	-5.17111	-5.7562	-8.12178	0.309461	0.30123	0.248076	0.138192	0.00304039	0.186088
355	-4.72277	-4.74338	-4.89187	-5.33966	-7.15533	0.295489	0.28946	0.249519	0.159452	0.00607999	0.212803
356	-4.76023	-4.78062	-4.9275	-5.37013	-7.1588	0.294945	0.28899	0.249513	0.160274	0.00627853	0.21408
357	-23.4848	-19.2334	-15.4579	-13.541	-13.3965	3.37896e-05	0.00237228	0.103472	0.703614	0.190508	1.19735
358	-53.2508	-44.7165	-36.9401	-32.4283	-29.43	1.5861e-10	8.06694e-07	0.00192304	0.175164	0.822913	2.77123
359	-3.87416	-3.90513	-4.12806	-4.79868	-7.48697	0.31763	0.307943	0.246407	0.126011	0.00200774	0.172861
360	-4.98557	-5.0153	-5.22945	-5.87498	-8.48636	0.315234	0.305999	0.24701	0.129528	0.00222876	0.17646
361	-4.90069	-4.92858	-5.12951	-5.73571	-8.19674	0.311477	0.30291	0.247771	0.135139	0.00270255	0.182545
362	-7.445	-7.46523	-7.61093	-8.05024	-9.82985	0.294586	0.288686	0.249545	0.160826	0.00635753	0.214773
363	-3.85413	-3.87481	-4.02375	-4.47257	-6.2861	0.295606	0.289555	0.249485	0.159268	0.00608591	0.21267
364	-4.0106	-4.04061	-4.25658	-4.9066	-7.51836	0.315695	0.306365	0.246855	0.128868	0.00221656	0.175868
365	-15.9276	-13.8206	-12.0682	-11.518	-13.1051	0.00700101	0.0575702	0.332107	0.575733	0.0275895	0.626396
366	-13.9913	-14.0167	-14.1995	-14.7505	-16.9739	0.3061	0.298429	0.248572	0.143266	0.00363375	0.192076
367	-18.4043	-16.2837	-14.4331	-13.587	-13.9799	0.0048646	0.0405513	0.258062	0.601384	0.0951381	0.845918
368	-10.173	-10.1998	-10.3921	-10.9722	-13.3218	0.308958	0.300815	0.248175	0.138946	0.0031061	0.186912
369	-3.87416	-3.90513	-4.12806	-4.79868	-7.48697	0.31763	0.307943	0.246407	0.126011	0.00200774	0.172861
370	-12.5362	-12.5639	-12.7637	-13.365	-15.7857	0.311062	0.302551	0.247769	0.13579	0.00282752	0.183455
371	-3.72725	-3.75393	-3.94609	-4.52555	-6.87351	0.308899	0.300767	0.248186	0.139034	0.00311329	0.187006
372	-5.05502	-5.08017	-5.26131	-5.80725	-8.01601	0.305604	0.298013	0.248641	0.144035	0.00370702	0.192929
373	-18.2072	-16.0881	-14.2482	-13.4349	-13.9678	0.00509726	0.0424279	0.26713	0.602494	0.0828511	0.809613
374	-3.64647	-3.6725	-3.85999	-4.42551	-6.71933	0.307528	0.299627	0.248402	0.141108	0.00333554	0.189392
375	-4.49335	-4.51874	-4.70161	-5.25289	-7.48495	0.306131	0.298456	0.248578	0.143234	0.00360145	0.191949
376	-4.20643	-4.23773	-4.46318	-5.14251	-7.88601	0.318389	0.308576	0.246293	0.124859	0.00188253	0.171531
377	-9.76498	-9.79569	-10.0166	-10.6796	-13.3142	0.316984	0.307399	0.246476	0.127005	0.00213523	0.174063
378	-4.82562	-4.84502	-4.98475	-5.40625	-7.11727	0.292662	0.287039	0.249608	0.163758	0.00693306	0.218926
379	-3.64647	-3.6725	-3.85999	-4.42551	-6.71933	0.307528	0.299627	0.248402	0.141108	0.00333554	0.189392
380	-3.85413	-3.87481	-4.02375	-4.47257	-6.2861	0.295606	0.289555	0.249485	0.159268	0.00608591	0.21267
381	-4.32134	-4.34433	-4.50999	-5.0101	-7.04662	0.300941	0.294101	0.249204	0.151132	0.0046208	0.201543
382	-5.07172	-5.0975	-5.28314	-5.84213	-8.09363	0.306916	0.299104	0.24843	0.142048	0.0035029	0.190671
383	-4.98597	-5.01515	-5.22533	-5.85861	-8.41618	0.31409	0.305056	0.24723	0.131241	0.00238309	0.178346
384	-9.26866	-9.2999	-9.52489	-10.2026	-12.9363	0.318252	0.308462	0.246314	0.125068	0.00190438	0.171769
385	-5.27796	-5.3062	-5.50959	-6.12264	-8.60192	0.312156	0.303463	0.247615	0.134132	0.00263392	0.181501
386	-3.8777	-3.9051	-4.10243	-4.69742	-7.10622	0.31041	0.302021	0.247935	0.136752	0.00288149	0.184419
387	-3.8777	-3.9051	-4.10243	-4.69742	-7.10622	0.31041	0.302021	0.247935	0.136752	0.00288149	0.184419
388	-4.28775	-4.30763	-4.45084	-4.88283	-6.63562	0.293795	0.288011	0.249582	0.162033	0.00657934	0.216437
389	-10.89	-10.9159	-11.1024	-11.6638	-13.9273	0.307155	0.299305	0.248401	0.141687	0.00345231	0.190219
390	-4.63767	-4.66465	-4.85901	-5.44488	-7.8146	0.309532	0.30129	0.24807	0.138082	0.00302543	0.185953
391	-9.3966	-9.41957	-9.58495	-10.0831	-12.0914	0.300772	0.293943	0.249137	0.151387	0.00476091	0.202176
392	-3.72725	-3.75393	-3.94609	-4.52555	-6.87351	0.308899	0.300767	0.248186	0.139034	0.00311331	0.187006
393	-3.72725	-3.75393	-3.94609	-4.52555	-6.87351	0.308899	0.300767	0.248186	0.139034	0.00311331	0.187006
394	-9.19107	-9.21414	-9.38039	-9.88205	-11.9208	0.301107	0.294238	0.249173	0.15088	0.00460265	0.20128
395	-3.64647	-3.6725	-3.85999	-4.42551	-6.71933	0.307528	0.299627	0.248402	0.141108	0.00333556	0.189392
396	-17.9413	-17.9672	-18.1533	-18.7134	-20.9631	0.307041	0.299203	0.248385	0.141866	0.00350476	0.190523
397	-43.4092	-37.0162	-31.239	-28.0215	-26.4469	9.55904e-08	5.71309e-05	0.0184445	0.460476	0.521022	2.03933
398	-9.72725	-9.75204	-9.93057	-10.4684	-12.6399	0.304803	0.297339	0.248723	0.145254	0.00388023	0.194457
399	-16.121	-16.1448	-16.3167	-16.8353	-18.9439	0.302831	0.295694	0.249009	0.148249	0.00421721	0.197948
400	-4.06771	-4.08974	-4.2485	-4.72744	-6.67206	0.298763	0.292251	0.249351	0.154457	0.00517698	0.205962
401	-7.62875	-7.65907	-7.8773	-8.53333	-11.1567	0.31629	0.306843	0.246685	0.128006	0.00217623	0.175025
402	-4.32134	-4.34433	-4.50999	-5.0101	-7.04661	0.300941	0.294101	0.249204	0.151132	0.00462082	0.201543
403	-8.43148	-8.45711	-8.64159	-9.19714	-11.435	0.306574	0.298818	0.248478	0.142566	0.00356399	0.191283
404	-4.72277	-4.74338	-4.89187	-5.33966	-7.15532	0.295489	0.28946	0.249519	0.159452	0.00608001	0.212803
405	-4.6262	-4.6508	-4.82798	-5.3621	-7.52424	0.304417	0.297019	0.248793	0.145838	0.00393253	0.195098
406	-4.6657	-4.68842	-4.8521	-5.34594	-7.35153	0.300305	0.293559	0.249236	0.152104	0.00479656	0.202874
407	-19.8463	-17.7358	-15.9584	-15.3319	-16.5971	0.00643441	0.0530947	0.314052	0.587568	0.0388508	0.667748
408	-8.9717	-8.99692	-9.1786	-9.72629	-11.9422	0.305772	0.298156	0.248624	0.143774	0.0036738	0.192614
409	-65.2289	-54.552	-44.7661	-38.9312	-34.4182	1.69571e-13	7.34968e-09	0.000130678	0.0446965	0.955173	3.0887
410	-40.6288	-34.2323	-28.4303	-25.1375	-23.256	7.26744e-08	4.35852e-05	0.0144261	0.388321	0.597209	2.22395
411	-25.5078	-21.2554	-17.4734	-15.5367	-15.3134	3.24421e-05	0.00227976	0.100093	0.694232	0.203363	1.23014
412	-34.6079	-30.3503	-26.5308	-24.4809	-23.7952	2.50415e-05	0.00176889	0.0806312	0.626251	0.291323	1.45229
413	-57.3158	-48.7767	-40.965	-36.3472	-32.9221	9.53114e-11	4.87132e-07	0.00120285	0.121814	0.876982	2.90101
414	-4.06771	-4.08974	-4.2485	-4.72744	-6.67206	0.298763	0.292251	0.249351	0.154457	0.00517698	0.205962
415	-4.6657	-4.68842	-4.8521	-5.34594	-7.35153	0.300305	0.293559	0.249236	0.152104	0.00479656	0.202874
416	-19.4479	-17.3275	-15.4787	-14.6378	-15.0512	0.00490104	0.0408451	0.259478	0.601546	0.0932303	0.840275
417	-18.4345	-16.3214	-14.5244	-13.8397	-14.8771	0.00601117	0.0497367	0.29997	0.594885	0.0493973	0.704102
418	-6.65315	-6.67955	-6.8696	-7.44132	-9.73613	0.308193	0.300162	0.248209	0.140128	0.0033091	0.188495
419	-4.10664	-4.13694	-4.35505	-5.0112	-7.6421	0.316282	0.306842	0.246711	0.128006	0.00215998	0.174979
420	-14.071	-14.1013	-14.3197	-14.9763	-17.6036	0.316336	0.306882	0.246682	0.127934	0.00216648	0.174937
421	-4.05152	-4.07128	-4.21359	-4.64297	-6.3871	0.293512	0.28777	0.249597	0.162466	0.00665436	0.21702
422	-11.2898	-11.3157	-11.5021	-12.0635	-14.3269	0.307153	0.299303	0.248402	0.14169	0.00345275	0.190223
423	-10.2127	-10.2396	-10.4333	-11.0174	-13.3836	0.309349	0.301141	0.248113	0.138355	0.00304217	0.18623
424	-5.00277	-5.02149	-5.15635	-5.56298	-7.21087	0.291043	0.285644	0.249607	0.16621	0.00749541	0.222646
425	-3.85412	-3.87481	-4.02375	-4.47256	-6.2861	0.295606	0.289555	0.249485	0.159268	0.00608593	0.21267
426	-4.20643	-4.23773	-4.46318	-5.14251	-7.88601	0.318389	0.308576	0.246293	0.124859	0.00188254	0.171531
427	-4.16263	-4.19976	-4.46721	-5.27317	-8.5281	0.329671	0.317652	0.243109	0.108587	0.000981718	0.155182
428	-4.90069	-4.92858	-5.12951	-5.73571	-8.19674	0.311477	0.30291	0.247771	0.135139	0.00270256	0.182546
429	-4.43106	-4.46427	-4.7034	-5.4236	-8.32405	0.32213	0.311607	0.245332	0.119392	0.00153863	0.16593
430	-4.60843	-4.62926	-4.77926	-5.2313	-7.05785	0.295948	0.289847	0.249472	0.158746	0.0059876	0.211943
431	-12.0119	-12.0374	-12.221	-12.7743	-15.0085	0.306342	0.298628	0.248527	0.142916	0.00358599	0.191639
432	-4.28115	-4.31315	-4.54353	-5.23751	-8.03628	0.319743	0.309675	0.245954	0.122875	0.00175298	0.169485
433	-28.0186	-23.7581	-19.9175	-17.8063	-16.9079	2.16074e-05	0.00153082	0.0712629	0.588553	0.338632	1.57111
434	-13.1426	-13.1594	-13.2462	-13.2382	-12.9802	0.245733	0.24164	0.221557	0.223338	0.0677326	0.453349
435	-4.43106	-4.46427	-4.7034	-5.4236	-8.32405	0.32213	0.311607	0.245332	0.119392	0.00153863	0.16593
436	-4.72277	-4.74338	-4.89187	-5.33966	-7.15532	0.295489	0.28946	0.249519	0.159452	0.00608001	0.212803
437	-4.62879	-4.65653	-4.85627	-5.45763	-7.87852	0.311059	0.302548	0.247771	0.135795	0.00282689	0.183457
438	-10.4175	-10.4384	-10.5888	-11.0422	-12.8766	0.296091	0.289971	0.249476	0.158529	0.00593282	0.211599
439	-3.85412	-3.87481	-4.02375	-4.47256	-6.2861	0.295606	0.289555	0.249485	0.159268	0.00608593	0.21267
440	-8.7782	-8.80116	-8.96651	-9.4645	-11.471	0.300756	0.293928	0.249133	0.151412	0.00477058	0.202225
441	-10.5652	-10.5975	-10.8297	-11.5276	-14.3134	0.320175	0.310006	0.245756	0.122296	0.00176763	0.169034
442	-3.87416	-3.90513	-4.12806	-4.79867	-7.48696	0.31763	0.307943	0.246407	0.126012	0.00200775	0.172861
443	-4.05152	-4.07128	-4.21359	-4.64297	-6.3871	0.293512	0.28777	0.249597	0.162466	0.00665436	0.21702
444	-5.05502	-5.08017	-5.2613	-5.80725	-8.01601	0.305604	0.298013	0.248641	0.144035	0.00370703	0.192929
445	-4.28115	-4.31315	-4.54353	-5.23751	-8.03628	0.319743	0.309675	0.245954	0.122875	0.00175298	0.169485
446	-15.2144	-15.2395	-15.4209	-15.9673	-18.1709	0.305655	0.298052	0.248609	0.14396	0.0037241	0.192917
447	-4.06771	-4.08974	-4.2485	-4.72744	-6.67206	0.298763	0.292251	0.249351	0.154457	0.00517698	0.205962
448	-3.64647	-3.6725	-3.85999	-4.42551	-6.71933	0.307528	0.299627	0.248402	0.141108	0.00333556	0.189392
449	-14.4966	-12.3822	-10.5757	-9.86131	-10.7675	0.00579531	0.048014	0.292369	0.59727	0.0565518	0.727143
450	-4.16263	-4.19976	-4.46721	-5.27317	-8.5281	0.329671	0.317652	0.243109	0.108587	0.000981718	0.155182
451	-4.06427	-4.0861	-4.24337	-4.71783	-6.644	0.298295	0.291854	0.249382	0.155171	0.00529774	0.206915
452	-4.82883	-4.85549	-5.04747	-5.62544	-7.95121	0.308788	0.300663	0.248144	0.139218	0.00318739	0.187378
453	-3.64319	-3.66898	-3.85471	-4.41493	-6.68696	0.307005	0.29919	0.248476	0.141901	0.00342815	0.190326
454	-22.4166	-22.4383	-22.5944	-23.065	-24.9691	0.297896	0.291509	0.24938	0.155777	0.00543694	0.207834
455	-15.6428	-13.5282	-11.7203	-11.0037	-11.931	0.00578513	0.0479398	0.292315	0.598481	0.0554789	0.724673
456	-12.0363	-12.0607	-12.2363	-12.7656	-14.9048	0.303939	0.296616	0.248835	0.146566	0.00404409	0.196035
457	-12.5263	-10.4154	-8.63427	-7.99687	-9.21877	0.00635424	0.0524596	0.311427	0.589085	0.0406745	0.674192
458	-10.0056	-10.032	-10.2223	-10.7951	-13.1038	0.30828	0.300243	0.248236	0.139981	0.00326019	0.18823
459	-40.6004	-38.4901	-36.7139	-36.0917	-37.3829	0.00646661	0.0533515	0.315178	0.587175	0.0378285	0.664423
460	-71.452	-58.6306	-46.8212	-39.6173	-33.3569	1.20826e-16	4.47144e-11	6.01423e-06	0.00808716	0.991907	3.17665
461	-19.4261	-17.3086	-15.4797	-14.6984	-15.3439	0.00531935	0.0442081	0.275288	0.601303	0.0738814	0.781857
462	-21.5041	-19.3965	-17.6388	-17.0694	-18.52	0.00685418	0.0564007	0.327046	0.577949	0.0317497	0.640313
463	-8.95439	-8.98411	-9.19811	-9.84201	-12.4265	0.315127	0.305897	0.246966	0.129717	0.00229273	0.176803
464	-10.0594	-10.0812	-10.2386	-10.7135	-12.6409	0.29834	0.291891	0.249377	0.155104	0.005289	0.206833
465	-15.1964	-13.0808	-11.2657	-10.5265	-11.3458	0.00561967	0.0466144	0.286278	0.599568	0.0619197	0.744749
466	-4.479	-4.49898	-4.64291	-5.0771	-6.83976	0.294032	0.288215	0.249579	0.161674	0.00650032	0.215903
467	-14.4245	-12.3033	-10.4477	-9.58634	-9.91282	0.00475567	0.0396704	0.25371	0.60037	0.101494	0.864422
468	-13.0138	-10.9011	-9.10738	-8.4316	-9.49087	0.00607327	0.0502276	0.301958	0.593523	0.048218	0.699695
469	-19.8117	-17.6966	-15.8854	-15.158	-16.026	0.00570422	0.0472905	0.289309	0.598798	0.0588989	0.735169
470	-18.537	-16.4267	-14.6499	-14.0248	-15.2827	0.00644241	0.0531553	0.314203	0.587096	0.0391026	0.668209
471	-7.62464	-7.65468	-7.87086	-8.52072	-11.1188	0.315713	0.30637	0.246808	0.128862	0.00224695	0.175951
472	-3.85036	-3.87085	-4.0184	-4.463	-6.25924	0.295157	0.289171	0.249502	0.159951	0.00621866	0.213634
473	-117.495	-96.1112	-76.3233	-64.0022	-52.3486	2.17501e-28	4.21045e-19	1.65225e-10	3.70753e-05	0.999963	3.19593
474	-4.06427	-4.0861	-4.24337	-4.71783	-6.644	0.298295	0.291854	0.249382	0.155171	0.00529774	0.206915
475	-7.99309	-8.01385	-8.16334	-8.61399	-10.4377	0.295797	0.28972	0.24949	0.158979	0.00601363	0.212213
476	-4.82883	-4.85549	-5.04747	-5.62544	-7.95121	0.308788	0.300663	0.248144	0.139218	0.00318739	0.187378
477	-4.73482	-4.76124	-4.95145	-5.52431	-7.83289	0.308279	0.300242	0.248236	0.139983	0.00326045	0.188232
478	-4.06427	-4.0861	-4.24337	-4.71783	-6.644	0.298295	0.291854	0.249382	0.155171	0.00529774	0.206915
479	-9.59216	-9.61862	-9.80921	-10.3839	-12.7124	0.308434	0.30038	0.248257	0.139738	0.00319068	0.187822
480	-4.20378	-4.2348	-4.45813	-5.13109	-7.8484	0.317801	0.308096	0.246429	0.125728	0.00194592	0.172445
481	-4.16258	-4.19937	-4.46431	-5.26271	-8.48658	0.329018	0.317134	0.24332	0.109506	0.00102126	0.156076
482	-6.63786	-6.66806	-6.88535	-7.53825	-10.1445	0.31601	0.30661	0.246728	0.12843	0.00222124	0.175512
483	-5.06751	-5.09306	-5.27695	-5.83069	-8.06064	0.306396	0.298669	0.2485	0.142837	0.00359908	0.191612
484	-19.3452	-17.2279	-15.4011	-14.626	-15.2943	0.00536289	0.044557	0.276881	0.601008	0.0721909	0.776582
485	-4.60315	-4.62379	-4.77239	-5.22018	-7.02931	0.295497	0.289461	0.24949	0.159433	0.00611916	0.212906
486	-15.4523	-15.4823	-15.6986	-16.3489	-18.9532	0.315743	0.306398	0.246817	0.128811	0.00223196	0.175864
487	-11.6638	-11.6823	-11.816	-12.2191	-13.8525	0.290655	0.28531	0.249606	0.166797	0.00763203	0.223542
488	-7.72035	-7.74702	-7.939	-8.51702	-10.8364	0.308784	0.300659	0.24814	0.13921	0.00320756	0.187435
489	-10.3619	-10.3877	-10.5735	-11.1339	-13.406	0.307022	0.299204	0.248471	0.141876	0.00342717	0.190303
490	-4.27828	-4.30997	-4.53819	-5.22566	-7.99768	0.319147	0.30919	0.246099	0.123751	0.00181334	0.170397
491	-4.06427	-4.0861	-4.24337	-4.71783	-6.644	0.298295	0.291854	0.249382	0.155171	0.00529774	0.206915
492	-9.19285	-9.21729	-9.39327	-9.92366	-12.0672	0.304044	0.296704	0.248826	0.146404	0.00402187	0.195835
493	-4.99621	-5.01476	-5.14836	-5.55118	-7.1834	0.290624	0.285283	0.249606	0.166845	0.00764281	0.223614
494	-4.00686	-4.03658	-4.25054	-4.89444	-7.48113	0.315122	0.305895	0.246975	0.129721	0.00228786	0.176792
495	-4.06427	-4.0861	-4.24337	-4.71783	-6.644	0.298295	0.291854	0.249382	0.155171	0.00529774	0.206915
496	-9.99551	-10.0125	-10.1347	-10.5029	-11.9917	0.286765	0.281941	0.249512	0.172653	0.00912832	0.232894
497	-17.9859	-15.8705	-14.0572	-13.3227	-14.1542	0.00565184	0.0468702	0.287367	0.599003	0.0611076	0.74195
498	-4.9129	-4.93328	-5.08012	-5.52294	-7.31783	0.294959	0.289007	0.249537	0.160258	0.00623908	0.213948
499	-22.9601	-20.8399	-18.992	-18.1541	-18.5813	0.00492248	0.0410186	0.260336	0.601748	0.0919747	0.836621
500	-3.64319	-3.66898	-3.85471	-4.41493	-6.68696	0.307005	0.29919	0.248476	0.141901	0.00342815	0.190326
501	-14.0433	-11.9271	-10.1085	-9.35853	-10.1367	0.00554358	0.0460066	0.28357	0.600281	0.0645983	0.753263
502	-17.6936	-15.5489	-13.55	-12.4297	-12.5959	0.00328785	0.0280785	0.207234	0.635322	0.126078	0.960397
503	-10.2726	-10.2906	-10.42	-10.8104	-12.3927	0.289246	0.284094	0.249597	0.168928	0.00813437	0.226817
504	-26.5573	-22.2996	-18.4798	-16.4327	-15.8187	2.5612e-05	0.00180936	0.0825006	0.638977	0.276687	1.41616
505	-83.5402	-77.1286	-71.2249	-67.6819	-65.2069	3.40051e-08	2.07036e-05	0.0075859	0.262249	0.730144	2.54598
506	-4.73482	-4.76124	-4.95145	-5.52431	-7.83289	0.308279	0.300242	0.248236	0.139983	0.00326045	0.188232
507	-70.7967	-60.1105	-50.2564	-44.2052	-38.6579	4.62681e-14	2.02421e-09	3.85332e-05	0.0163623	0.983599	3.15676
508	-6.88245	-6.91221	-7.12632	-7.76965	-10.3372	0.315111	0.305873	0.246918	0.129766	0.00233294	0.176959
509	-4.06427	-4.0861	-4.24337	-4.71783	-6.644	0.298295	0.291854	0.249382	0.155171	0.00529774	0.206915
510	-12.0607	-12.0776	-12.1998	-12.5679	-14.0579	0.286758	0.281936	0.249519	0.172667	0.00911895	0.232877
511	-18.013	-15.9027	-14.1264	-13.5022	-14.7543	0.00644852	0.0532014	0.31431	0.586733	0.0393074	0.668597
512	-38.9292	-32.5309	-26.7149	-23.3793	-21.3069	6.09233e-08	3.66075e-05	0.0122857	0.345188	0.642489	2.33353
513	-11.1027	-11.1245	-11.2818	-11.7564	-13.6831	0.298311	0.291867	0.24938	0.155147	0.00529455	0.206885
514	-16.7306	-14.62	-12.8412	-12.2108	-13.4611	0.00640564	0.052867	0.313121	0.588136	0.0394698	0.669969
515	-14.5914	-12.475	-10.6545	-9.90004	-10.6711	0.00551364	0.0457698	0.282608	0.600973	0.0651349	0.755312
516	-4.71836	-4.73878	-4.88588	-5.32947	-7.12788	0.295042	0.289078	0.249535	0.160133	0.00621223	0.213764
517	-3.72368	-3.75011	-3.94047	-4.5145	-6.84014	0.308368	0.300325	0.248267	0.139837	0.00320198	0.187938
518	-12.177	-12.1951	-12.3259	-12.7197	-14.3063	0.289629	0.284417	0.24956	0.168324	0.00807063	0.22613
519	-18.5423	-16.4267	-14.6117	-13.8725	-14.6911	0.00562004	0.0466174	0.286288	0.599513	0.0619617	0.744841
520	-4.10252	-4.13254	-4.34861	-4.99859	-7.60418	0.315705	0.306369	0.246834	0.128862	0.00223017	0.175903
521	-11.764	-11.785	-11.9363	-12.3919	-14.2299	0.296332	0.290172	0.249438	0.158161	0.00589764	0.211189
522	-4.48973	-4.51488	-4.69604	-5.24214	-7.45297	0.305617	0.298025	0.248644	0.144015	0.00369884	0.192888
523	-4.479	-4.49898	-4.64291	-5.0771	-6.83976	0.294032	0.288215	0.249579	0.161674	0.00650032	0.215903
524	-4.00686	-4.03658	-4.25054	-4.89444	-7.48113	0.315122	0.305895	0.246975	0.129721	0.00228786	0.176792
525	-18.4588	-18.4836	-18.6626	-19.2013	-21.3699	0.304895	0.297413	0.248693	0.145112	0.00388762	0.194362
526	-4.26998	-4.29197	-4.45034	-4.92755	-6.85511	0.298598	0.292103	0.249319	0.154706	0.00527456	0.206461
527	-9.57618	-9.60308	-9.79678	-10.3799	-12.724	0.309289	0.301079	0.248061	0.138458	0.0031125	0.186524
528	-47.3814	-43.0966	-39.1014	-36.6633	-35.1966	1.05191e-05	0.000763552	0.041491	0.475113	0.482622	1.93351
529	-24.3551	-20.0993	-16.2928	-14.2834	-13.7887	2.7776e-05	0.00195856	0.0881273	0.657304	0.252582	1.3551
530	-17.6968	-15.5788	-13.7465	-12.9548	-13.5514	0.00524315	0.0435951	0.272388	0.601196	0.0775781	0.792922
531	-52.4379	-43.8954	-36.0602	-31.3757	-27.736	7.17429e-11	3.67898e-07	0.000930094	0.100688	0.898382	2.95236
532	-12.8621	-10.7507	-8.96582	-8.31736	-9.49758	0.00627383	0.0518226	0.308793	0.590596	0.0425141	0.680682
533	-12.1425	-12.1643	-12.3216	-12.7961	-14.7224	0.298301	0.291858	0.249381	0.155163	0.00529665	0.206904
534	-22.502	-20.3918	-18.6159	-17.9938	-19.2691	0.00646539	0.0533384	0.314998	0.586792	0.0384067	0.665923
535	-15.0716	-12.9597	-11.1712	-10.5125	-11.6612	0.00620046	0.0512426	0.306439	0.592129	0.0439887	0.686085
536	-7.30245	-7.33235	-7.5475	-8.19438	-10.7819	0.315427	0.306137	0.246875	0.129283	0.0022783	0.176396
537	-37.3112	-30.9179	-25.1382	-21.9111	-20.2704	9.11799e-08	5.45129e-05	0.0176442	0.444714	0.537587	2.07943
538	-8.89997	-8.9205	-9.06836	-9.51386	-11.3138	0.295254	0.289254	0.249498	0.159804	0.00619006	0.213426
539	-6.63786	-6.66806	-6.88535	-7.53825	-10.1445	0.31601	0.30661	0.246728	0.12843	0.00222125	0.175512
540	-23.054	-20.9353	-19.0978	-18.2909	-18.8323	0.00513731	0.0427461	0.268467	0.601617	0.0820325	0.806599
541	-4.28363	-4.30332	-4.4452	-4.87313	-6.60928	0.293358	0.287637	0.249591	0.162697	0.00671717	0.2174
542	-14.3741	-14.4018	-14.6013	-15.2017	-17.6147	0.310966	0.30247	0.24778	0.135932	0.0028522	0.183647
543	-3.87	-3.90069	-4.12153	-4.78583	-7.44825	0.317045	0.307465	0.246539	0.126877	0.00207451	0.173782
544	-4.00686	-4.03658	-4.25054	-4.89444	-7.48113	0.315122	0.305894	0.246975	0.129721	0.00228787	0.176792
545	-4.04777	-4.06734	-4.20832	-4.63368	-6.36126	0.293077	0.287397	0.249606	0.163127	0.00679284	0.217983
546	-19.0238	-19.0478	-19.2206	-19.7409	-21.8349	0.30304	0.295853	0.248901	0.147936	0.00427019	0.197847
547	-58.4994	-49.9541	-42.0989	-37.3561	-33.5106	5.48854e-11	2.82244e-07	0.000727972	0.0835328	0.915739	2.99401
548	-4.50801	-4.52852	-4.67624	-5.12154	-6.92303	0.295226	0.289233	0.249512	0.159847	0.00618205	0.213437
549	-6.63774	-6.66837	-6.88875	-7.5506	-10.1862	0.316861	0.307302	0.246522	0.127179	0.00213608	0.174212
550	-8.28566	-8.30913	-8.47813	-8.98734	-11.0439	0.301901	0.294899	0.249046	0.149669	0.00448517	0.199926
552	-62.3311	-51.6555	-41.8785	-36.0692	-31.6447	1.91228e-13	8.27806e-09	0.000145887	0.0486368	0.951217	3.07923
553	-51.4987	-45.1017	-39.2957	-35.9923	-34.0857	7.05277e-08	4.23213e-05	0.0140627	0.382557	0.603338	2.23882
554	-39.6173	-35.2693	-30.9586	-28.0997	-26.0959	3.55972e-06	0.000275253	0.0205057	0.357644	0.621571	2.27852
555	-20.0021	-20.0205	-20.1532	-20.5519	-22.1312	0.290153	0.284854	0.249466	0.16744	0.00808721	0.225467
556	-16.303	-14.1924	-12.4136	-11.7835	-13.035	0.00640754	0.0528821	0.313184	0.588102	0.039425	0.669813
557	-38.5954	-34.335	-30.4955	-28.388	-27.5122	2.1875e-05	0.00154955	0.0720563	0.592854	0.333518	1.5584
558	-18.9599	-16.8466	-15.049	-14.3621	-15.3872	0.00599438	0.0496027	0.299378	0.595005	0.0500199	0.706053
559	-4.99621	-5.01476	-5.14836	-5.55118	-7.1834	0.290624	0.285283	0.249606	0.166845	0.00764283	0.223614
560	-40.2421	-33.8487	-28.0685	-24.8418	-23.2273	9.24459e-08	5.52745e-05	0.0178989	0.450988	0.531058	2.06366
561	-10.0933	-10.1138	-10.2618	-10.7076	-12.5115	0.295289	0.289286	0.24951	0.159751	0.00616351	0.213302
562	-8.82298	-8.85321	-9.07084	-9.72568	-12.3542	0.316154	0.306739	0.246748	0.128192	0.00216829	0.17516
563	-23.1337	-21.0188	-19.2086	-18.4828	-19.3369	0.00571194	0.0473473	0.289373	0.597928	0.0596405	0.736856
564	-4.31899	-4.34176	-4.50586	-5.0013	-7.01855	0.30046	0.293694	0.249245	0.151867	0.00473356	0.202489
565	-4.06671	-4.10031	-4.34229	-5.07136	-8.01413	0.322916	0.312246	0.245135	0.118242	0.00146066	0.164735
566	-11.0456	-11.0707	-11.2519	-11.798	-14.0088	0.305616	0.298025	0.248644	0.144016	0.00369902	0.192889
567	-3.64319	-3.66898	-3.85471	-4.41493	-6.68696	0.307005	0.29919	0.248476	0.141901	0.00342816	0.190326
577	-4.04777	-4.06734	-4.20832	-4.63367	-6.36125	0.293077	0.287397	0.249606	0.163127	0.00679289	0.217983
578	-4.63477	-4.6615	-4.85404	-5.4344	-7.78154	0.308996	0.300845	0.248155	0.138892	0.00311268	0.186886
579	-4.27827	-4.30997	-4.53819	-5.22565	-7.99766	0.319147	0.30919	0.246099	0.123751	0.00181338	0.170398
580	-4.16258	-4.19937	-4.46431	-5.2627	-8.48655	0.329018	0.317133	0.24332	0.109507	0.00102129	0.156077
581	-3.64319	-3.66897	-3.85471	-4.41492	-6.68694	0.307005	0.29919	0.248476	0.141901	0.00342821	0.190327
582	-9.30854	-9.32906	-9.47681	-9.92201	-11.7207	0.295222	0.289226	0.249499	0.159853	0.00619957	0.213495
583	-4.58131	-4.60696	-4.79161	-5.34768	-7.58923	0.306626	0.298863	0.248474	0.142488	0.00354892	0.191173
584	-4.16258	-4.19937	-4.46431	-5.2627	-8.48655	0.329018	0.317133	0.24332	0.109507	0.00102129	0.156077
585	-14.435	-12.3185	-10.4973	-9.73799	-10.4485	0.00546939	0.0454054	0.280562	0.599534	0.0690292	0.766136
586	-27.8108	-23.5598	-19.7876	-17.8819	-17.8044	3.46826e-05	0.00243392	0.105815	0.711559	0.180157	1.17117
587	-31.9611	-27.709	-23.9289	-21.9975	-21.7856	3.27455e-05	0.00230044	0.100805	0.695448	0.201413	1.22504
588	-3.72368	-3.75011	-3.94047	-4.51449	-6.84011	0.308368	0.300325	0.248267	0.139838	0.00320203	0.187939
589	-7.86389	-7.89173	-8.09217	-8.69551	-11.1198	0.311253	0.302707	0.247727	0.135502	0.00281122	0.183168
590	-4.06427	-4.0861	-4.24337	-4.71782	-6.64398	0.298295	0.291853	0.249382	0.155172	0.00529782	0.206915
591	-6.64987	-6.67603	-6.86432	-7.43073	-9.70374	0.307671	0.299727	0.248285	0.140916	0.00340104	0.189425
592	-31.0955	-28.982	-27.1825	-26.4908	-27.5126	0.00596275	0.0493542	0.298433	0.59598	0.0502703	0.707419
593	-8.74446	-8.76443	-8.90821	-9.34185	-11.0991	0.293973	0.288162	0.249569	0.161757	0.00653926	0.21609
594	-21.5504	-19.4342	-17.6156	-16.866	-17.6452	0.00554566	0.0460235	0.283652	0.600252	0.0645261	0.753027
595	-18.4557	-16.3424	-14.5448	-13.8594	-14.9139	0.00600892	0.0497233	0.300087	0.595568	0.0486131	0.70217
596	-3.85035	-3.87084	-4.0184	-4.46299	-6.25922	0.295157	0.289171	0.249502	0.159952	0.00621875	0.213634
597	-4.66296	-4.68547	-4.84762	-5.33682	-7.32338	0.299827	0.293154	0.249274	0.152833	0.00491216	0.203824
598	-6.88062	-6.91069	-7.12699	-7.77657	-10.3628	0.315713	0.306362	0.246771	0.12888	0.00227406	0.176043
599	-15.2371	-13.1186	-11.2835	-10.4846	-11.0759	0.00519884	0.0432448	0.270979	0.602433	0.0781451	0.795404
600	-16.7456	-14.6352	-12.858	-12.233	-13.5173	0.00644638	0.0531924	0.314562	0.587679	0.0381197	0.665617
601	-14.1145	-11.9983	-10.1791	-9.42762	-10.1991	0.00553239	0.0459169	0.283162	0.600351	0.0650378	0.75463
602	-24.7537	-20.5018	-16.7235	-14.7994	-14.6528	3.34518e-05	0.00234955	0.102776	0.703866	0.190975	1.19889
603	-26.7165	-22.4639	-18.6798	-16.7367	-16.4831	3.19819e-05	0.00224805	0.0989024	0.690355	0.208463	1.24306
604	-47.5901	-41.1934	-35.3899	-32.0932	-30.2016	7.18439e-08	4.3096e-05	0.0142848	0.386007	0.599665	2.22991
605	-10.3618	-10.3899	-10.5918	-11.1972	-13.5962	0.311542	0.302918	0.247542	0.135124	0.00287501	0.183034
606	-39.7199	-33.306	-27.3902	-23.8422	-21.5099	3.69422e-08	2.25439e-05	0.00836058	0.290472	0.701144	2.47615
607	-4.06427	-4.0861	-4.24337	-4.71782	-6.64398	0.298295	0.291853	0.249382	0.155172	0.00529782	0.206915
608	-43.3316	-39.0705	-35.2264	-33.1041	-32.1577	2.09516e-05	0.00148508	0.0693804	0.579347	0.349767	1.59888
609	-3.87	-3.90068	-4.12153	-4.78583	-7.44823	0.317045	0.307465	0.246539	0.126877	0.00207455	0.173782
610	-7.04358	-7.07457	-7.29758	-7.96849	-10.6599	0.317656	0.307966	0.246405	0.125973	0.00200093	0.172808
611	-4.26997	-4.29197	-4.45034	-4.92754	-6.85509	0.298598	0.292103	0.249319	0.154706	0.00527464	0.206462
612	-4.04777	-4.06734	-4.20832	-4.63367	-6.36126	0.293077	0.287397	0.249606	0.163127	0.00679286	0.217983
613	-5.01567	-5.0382	-5.20032	-5.68774	-7.63778	0.299689	0.293014	0.24916	0.153036	0.00510162	0.204562
614	-62.2165	-51.5319	-41.6904	-35.6855	-30.4567	6.71856e-14	2.93451e-09	5.51624e-05	0.0223625	0.977582	3.14236
615	-7.44088	-7.46092	-7.60529	-8.04055	-9.80352	0.294151	0.288314	0.249557	0.161487	0.00649079	0.21572
616	-4.99621	-5.01476	-5.14836	-5.55118	-7.1834	0.290624	0.285283	0.249606	0.166845	0.00764283	0.223614
617	-4.98069	-5.0086	-5.20953	-5.81432	-8.24327	0.311394	0.302823	0.247698	0.135291	0.00279379	0.18294
618	-4.00686	-4.03658	-4.25054	-4.89444	-7.48113	0.315122	0.305894	0.246975	0.129721	0.00228787	0.176792
619	-57.1961	-46.52	-36.7399	-30.9219	-26.4741	1.84737e-13	8.00061e-09	0.000141441	0.0475661	0.952292	3.0818
620	-4.31899	-4.34176	-4.50586	-5.0013	-7.01855	0.30046	0.293694	0.249245	0.151867	0.00473356	0.202489
621	-17.1558	-15.0414	-13.2351	-12.5225	-13.4501	0.00581048	0.0481386	0.293053	0.597613	0.0553853	0.723846
622	-4.00686	-4.03658	-4.25054	-4.89444	-7.48113	0.315122	0.305894	0.246975	0.129721	0.00228787	0.176792
623	-4.26998	-4.29197	-4.45034	-4.92755	-6.8551	0.298598	0.292103	0.249319	0.154706	0.00527458	0.206461
624	-9.67551	-9.69406	-9.82764	-10.2304	-11.8624	0.290619	0.285278	0.249605	0.166852	0.00764535	0.223628
625	-4.06427	-4.0861	-4.24337	-4.71782	-6.644	0.298295	0.291854	0.249382	0.155171	0.00529775	0.206915
626	-4.91711	-4.93486	-5.06259	-5.44729	-6.99828	0.28862	0.283544	0.249543	0.169854	0.00843904	0.228504
627	-8.44403	-8.46911	-8.64972	-9.19422	-11.3956	0.305452	0.297887	0.248662	0.144258	0.00374016	0.193215
628	-10.0342	-10.0567	-10.2185	-10.7055	-12.6653	0.299636	0.292977	0.249208	0.153124	0.00505499	0.204494
629	-4.66296	-4.68547	-4.84762	-5.33683	-7.3234	0.299827	0.293154	0.249274	0.152833	0.0049121	0.203823
630	-4.10252	-4.13254	-4.34861	-4.99858	-7.60418	0.315705	0.306369	0.246834	0.128862	0.00223018	0.175903
631	-18.934	-16.8226	-15.0377	-14.3893	-15.5688	0.00627372	0.0518216	0.308783	0.590579	0.0425428	0.680757
632	-31.9732	-27.7128	-23.8743	-21.7802	-21.0426	2.3165e-05	0.00164097	0.0762334	0.618899	0.303204	1.48337
633	-9.89218	-9.92048	-10.1241	-10.7359	-13.1798	0.312115	0.303407	0.247509	0.134238	0.00273114	0.181872
634	-41.2761	-34.8801	-29.0812	-25.7969	-23.9317	7.42708e-08	4.45223e-05	0.0146895	0.392068	0.593198	2.2142
635	-27.6514	-23.3997	-19.6225	-17.7006	-17.5401	3.34695e-05	0.00235039	0.102697	0.701829	0.193089	1.20399
636	-4.41554	-4.43997	-4.61594	-5.14686	-7.30275	0.30408	0.296742	0.24886	0.146346	0.00397097	0.195635
637	-5.05512	-5.07309	-5.20249	-5.59284	-7.17717	0.289241	0.284092	0.249608	0.168941	0.00811843	0.226778
638	-3.85036	-3.87085	-4.0184	-4.463	-6.25923	0.295157	0.289171	0.249502	0.159951	0.00621868	0.213634
639	-17.4994	-17.5219	-17.6842	-18.173	-20.1478	0.299811	0.293132	0.249231	0.152855	0.00497126	0.20402
640	-11.1596	-11.186	-11.3761	-11.9488	-14.2566	0.30826	0.300226	0.248239	0.140012	0.00326372	0.188266
641	-45.2227	-38.8248	-33.0124	-29.6884	-27.679	6.44005e-08	3.86783e-05	0.0129348	0.359202	0.627825	2.29807
642	-6.79813	-6.82083	-6.98419	-7.47525	-9.44053	0.300071	0.293336	0.249128	0.15246	0.00500555	0.203796
643	-27.8079	-25.6942	-23.893	-23.1961	-24.1956	0.00592531	0.0490558	0.297129	0.596447	0.0514429	0.711243
644	-11.1278	-11.1506	-11.3147	-11.8104	-13.8279	0.300481	0.293712	0.249241	0.151835	0.00473107	0.202455
645	-4.04777	-4.06734	-4.20832	-4.63367	-6.36126	0.293077	0.287397	0.249606	0.163127	0.00679286	0.217983
646	-13.722	-13.7441	-13.9035	-14.3833	-16.313	0.29888	0.292335	0.249263	0.154274	0.00524834	0.206026
647	-4.8256	-4.84482	-4.98324	-5.40078	-7.09556	0.292232	0.28667	0.249613	0.164411	0.00707463	0.219891
648	-29.7554	-29.7818	-29.9718	-30.544	-32.8519	0.308215	0.30019	0.248252	0.140079	0.00326517	0.188326
649	-57.9963	-51.593	-45.7422	-42.3061	-39.8904	4.19564e-08	2.53346e-05	0.00880414	0.273519	0.717651	2.51538
650	-40.605	-34.2098	-28.4168	-25.1529	-23.4096	8.18564e-08	4.9031e-05	0.0160819	0.420577	0.563292	2.14184
651	-33.9411	-27.5463	-21.756	-18.498	-16.7427	8.20344e-08	4.91171e-05	0.0160656	0.417672	0.566213	2.14884
652	-7.95113	-7.97826	-8.17359	-8.76151	-11.1257	0.309764	0.301472	0.247981	0.137749	0.00303487	0.185702
653	-10.2942	-10.3218	-10.5204	-11.1195	-13.5489	0.3108	0.302347	0.24788	0.136162	0.00281059	0.183718
654	-5.15656	-5.18225	-5.36723	-5.92402	-8.16226	0.306705	0.298925	0.248442	0.14237	0.00355769	0.191101
655	-4.10252	-4.13254	-4.34861	-4.99858	-7.60417	0.315705	0.306369	0.246834	0.128862	0.00223019	0.175903
656	-20.9828	-21.0089	-21.1969	-21.7625	-24.0318	0.307583	0.299655	0.248306	0.141039	0.00341661	0.189575
657	-27.5647	-23.3047	-19.4677	-17.3666	-16.4984	2.21251e-05	0.00156669	0.0726698	0.594072	0.331669	1.55361
665	-6.64825	-6.67429	-6.86172	-7.42551	-9.6876	0.307414	0.299512	0.24832	0.141306	0.00344792	0.189888
666	-31.1072	-31.1316	-31.3073	-31.8372	-33.9813	0.303989	0.296659	0.24884	0.14649	0.00402191	0.195906
667	-16.9051	-14.7899	-12.9784	-12.2509	-13.1324	0.00570642	0.0473112	0.289525	0.599295	0.0581619	0.733263
668	-4.04592	-4.0654	-4.20572	-4.62909	-6.34839	0.292862	0.287212	0.249609	0.163454	0.00686306	0.218464
669	-13.4965	-11.3833	-9.586	-8.90105	-9.95407	0.00601212	0.0497478	0.300155	0.59541	0.0486747	0.702256
670	-24.9542	-24.9797	-25.1627	-25.714	-27.9331	0.306146	0.29846	0.248531	0.143216	0.00364782	0.192073
671	-4.9781	-5.00588	-5.20588	-5.80781	-8.22452	0.31112	0.302595	0.247744	0.135704	0.00283684	0.183411
672	-8.09909	-8.12186	-8.28581	-8.78025	-10.7848	0.300374	0.293614	0.249215	0.151999	0.00479821	0.202792
673	-11.5105	-11.5439	-11.7842	-12.5075	-15.4151	0.322433	0.311847	0.245228	0.11897	0.00152241	0.165523
674	-15.2306	-15.2572	-15.4483	-16.0235	-18.3368	0.30852	0.300439	0.248182	0.139621	0.00323661	0.18786
675	-4.75228	-4.77239	-4.91721	-5.35362	-7.11645	0.294278	0.288419	0.249532	0.161287	0.00648363	0.215534
676	-22.1818	-20.0614	-18.2121	-17.3684	-17.7421	0.00487087	0.040595	0.257988	0.59982	0.0967266	0.849723
677	-7.54068	-7.571	-7.78914	-8.44465	-11.0607	0.316251	0.306808	0.246678	0.128069	0.00219344	0.175129
678	-70.8529	-58.0285	-46.1991	-38.9432	-32.5824	1.01467e-16	3.76598e-11	5.1684e-06	0.00732015	0.992675	3.17849
679	-7.54986	-7.57978	-7.79512	-8.44256	-11.0326	0.31548	0.306181	0.246864	0.129204	0.00227122	0.176309
680	-4.82559	-4.84471	-4.98249	-5.39808	-7.08463	0.292019	0.286487	0.249613	0.164734	0.00714712	0.220377
681	-12.6066	-12.6363	-12.8499	-13.4929	-16.0787	0.315031	0.305821	0.247001	0.129854	0.00229213	0.176916
682	-63.5378	-54.9979	-47.1804	-42.5443	-39.0369	8.64627e-11	4.42261e-07	0.00109844	0.113293	0.885608	2.92171
683	-63.9832	-53.3005	-43.4719	-37.4975	-32.3403	7.53799e-14	3.28615e-09	6.0985e-05	0.0239803	0.975959	3.13847
684	-76.2363	-63.409	-51.5578	-44.2296	-37.495	6.3515e-17	2.36428e-11	3.31595e-06	0.00504899	0.994948	3.18393
685	-9.45866	-9.48112	-9.64274	-10.1286	-12.072	0.29953	0.292878	0.24917	0.153279	0.00514404	0.204891
686	-49.6711	-43.273	-37.4595	-34.1328	-32.1182	6.39371e-08	3.84061e-05	0.0128578	0.35807	0.629034	2.301
687	-30.8579	-26.5985	-22.7656	-20.6766	-19.853	2.28072e-05	0.00161407	0.0745626	0.602225	0.321576	1.52832
688	-52.5949	-44.0504	-36.2012	-31.4776	-27.7203	6.10531e-11	3.13705e-07	0.000804283	0.0905398	0.908656	2.97702
689	-23.6288	-21.5155	-19.7172	-19.0285	-20.0427	0.00598017	0.0494888	0.298856	0.595102	0.0505724	0.707777
690	-25.7815	-21.5199	-17.6717	-15.5368	-14.5361	2.02163e-05	0.00143378	0.0672604	0.568762	0.362523	1.63067
691	-48.5854	-42.1874	-36.3748	-33.051	-31.058	6.50621e-08	3.90776e-05	0.0130715	0.362926	0.623964	2.28875
692	-48.433	-39.8916	-32.0639	-27.3983	-23.7904	7.5873e-11	3.88649e-07	0.000975165	0.10359	0.895435	2.94529
693	-33.188	-28.8828	-24.7627	-22.0607	-19.8933	4.72072e-06	0.000349714	0.021532	0.321031	0.657082	2.36282
694	-3.7715	-3.8016	-4.01826	-4.67027	-7.28873	0.315885	0.306519	0.246811	0.128588	0.00219696	0.175576
695	-12.7922	-12.8185	-13.0078	-13.5777	-15.874	0.307995	0.300005	0.248276	0.140413	0.00331101	0.18874
696	-34.4324	-28.0339	-22.2173	-18.8815	-16.8411	6.21212e-08	3.73319e-05	0.0125377	0.352299	0.635126	2.31576
697	-14.4856	-12.3752	-10.5982	-9.97286	-11.2365	0.00644164	0.0531507	0.314237	0.587277	0.0388932	0.667693
698	-24.8224	-20.5675	-16.7671	-14.7756	-14.3406	2.88508e-05	0.00203257	0.0908931	0.665959	0.241086	1.32593
699	-26.5745	-24.4608	-22.6593	-21.9597	-22.9134	0.0058991	0.0488388	0.295878	0.595611	0.0537733	0.717734
700	-64.4182	-53.7375	-43.924	-38.0056	-33.156	1.09359e-13	4.75818e-09	8.69751e-05	0.0323383	0.967575	3.11839
701	-29.4476	-25.1878	-21.3519	-19.2538	-18.3942	2.22772e-05	0.00157722	0.0730791	0.595619	0.329702	1.54865
702	-12.419	-12.4386	-12.5798	-13.0057	-14.7333	0.293136	0.287446	0.249594	0.163034	0.00678903	0.217895
703	-7.66222	-7.68524	-7.85097	-8.35015	-10.3635	0.30088	0.294034	0.249127	0.151227	0.0047321	0.201956
704	-33.5425	-29.29	-25.5061	-23.5626	-23.2867	3.18285e-05	0.00223714	0.0983985	0.687166	0.212166	1.25222
705	-8.16467	-8.19043	-8.37597	-8.93525	-11.1974	0.306925	0.299119	0.248464	0.142028	0.00346534	0.190542
706	-17.7	-15.5845	-13.7709	-13.0379	-13.9082	0.00566893	0.0470147	0.288317	0.600105	0.0588946	0.735977
707	-41.843	-37.5841	-33.7546	-31.6749	-30.8811	2.33128e-05	0.00164907	0.0759234	0.607544	0.31486	1.51143
708	-169.391	-141.587	-115.826	-99.6983	-84.1037	3.89239e-37	4.62766e-25	7.13163e-14	7.2037e-07	0.999999	3.19602
