Sites	Ll_YN98.omega=0.00415467	Ll_YN98.omega=0.0438851	Ll_YN98.omega=0.340887	Ll_YN98.omega=0.909108	Pr_YN98.omega=0.00415467	Pr_YN98.omega=0.0438851	Pr_YN98.omega=0.340887	Pr_YN98.omega=0.909108	mean
63	-4.16334	-4.21743	-4.62096	-5.38888	0.34798	0.329658	0.220196	0.102166	0.183855
64	-4.25221	-4.28543	-4.53327	-5.00485	0.313143	0.302911	0.236417	0.147529	0.229305
65	-23.4638	-18.7764	-14.8799	-13.3068	3.20236e-05	0.00347702	0.171177	0.825314	0.808804
66	-18.1479	-18.1855	-18.4662	-18.9998	0.320821	0.308971	0.233356	0.136852	0.218853
67	-34.1302	-31.8181	-30.1054	-29.766	0.00686532	0.0693117	0.384273	0.53955	0.624573
68	-82.276	-68.1638	-56.1012	-50.6662	1.86272e-14	2.50613e-08	0.00434225	0.995658	0.90664
69	-15.1988	-12.8795	-11.1129	-10.67	0.00612338	0.0622668	0.364301	0.567309	0.642688
72	-4.25221	-4.28543	-4.53327	-5.00485	0.313143	0.302911	0.236417	0.147529	0.229305
73	-5.30351	-5.34062	-5.61734	-6.14323	0.319893	0.308239	0.233728	0.13814	0.220115
74	-18.5165	-18.5529	-18.8245	-19.3413	0.318729	0.307334	0.234236	0.139701	0.221663
75	-4.08502	-4.12939	-4.4601	-5.08813	0.332163	0.317748	0.228273	0.121817	0.203884
76	-36.2457	-36.2837	-36.5666	-37.1001	0.321163	0.309173	0.232996	0.136668	0.218574
77	-17.1313	-14.811	-13.0373	-12.5815	0.00603218	0.0613993	0.361804	0.570765	0.64494
78	-13.0766	-13.107	-13.3334	-13.764	0.308015	0.298811	0.238277	0.154897	0.236437
79	-37.8683	-30.8306	-24.937	-22.4828	1.91542e-07	0.000218117	0.0791126	0.920669	0.863965
80	-3.62935	-3.66775	-3.9543	-4.50021	0.322218	0.310081	0.232823	0.134878	0.216931
81	-13.2895	-10.9758	-9.2516	-8.89113	0.00670556	0.0678037	0.380233	0.545258	0.628318
82	-4.97346	-5.01713	-5.34297	-5.96324	0.331126	0.316976	0.228832	0.123065	0.205172
83	-13.1896	-13.2298	-13.5292	-14.0984	0.325135	0.312335	0.2315	0.13103	0.213094
84	-24.5273	-22.2102	-20.4603	-20.0498	0.00634743	0.0644024	0.370574	0.558676	0.637073
85	-11.0382	-11.0758	-11.3566	-11.8902	0.320832	0.308975	0.233337	0.136856	0.21885
86	-8.96886	-9.00671	-9.28898	-9.8254	0.321177	0.309247	0.233195	0.136381	0.218384
87	-24.5089	-19.8302	-15.9977	-14.5438	3.79497e-05	0.00408488	0.188615	0.807263	0.798364
88	-37.1844	-30.1528	-24.3047	-21.9387	2.18671e-07	0.000247509	0.0857814	0.913971	0.860151
89	-7.25836	-7.29481	-7.5666	-8.08353	0.318764	0.307357	0.234209	0.13967	0.221627
90	-18.2353	-15.9075	-14.0781	-13.517	0.00534429	0.0548059	0.341435	0.598415	0.662842
91	-11.5048	-11.5424	-11.8227	-12.3562	0.320763	0.30893	0.233398	0.136909	0.218918
92	-4.72726	-4.76623	-5.05687	-5.60958	0.323122	0.310773	0.232391	0.133715	0.215761
93	-14.4046	-12.0882	-10.343	-9.94132	0.00641097	0.0650058	0.372286	0.556297	0.635521
94	-15.2091	-12.8907	-11.1312	-10.7028	0.00622011	0.0631921	0.367109	0.563479	0.640205
95	-13.2895	-10.9758	-9.2516	-8.89113	0.00670556	0.0678037	0.380233	0.545258	0.628318
96	-91.6095	-77.4795	-65.2894	-59.6355	1.29519e-14	1.77393e-08	0.00349162	0.996508	0.907124
97	-19.1105	-16.7908	-15.0215	-14.5746	0.00609128	0.0619653	0.363541	0.568403	0.64341
98	-30.3337	-25.5984	-21.4011	-19.422	1.59982e-05	0.00182211	0.121191	0.876971	0.838653
99	-18.7481	-18.7847	-19.0573	-19.5762	0.318969	0.307524	0.234147	0.13936	0.221332
100	-43.4649	-36.4193	-30.4672	-27.905	1.62196e-07	0.000186173	0.0715952	0.928218	0.868265
101	-35.9355	-28.9066	-23.078	-20.745	2.3042e-07	0.000260097	0.0884024	0.911337	0.85865
102	-4.85052	-4.88659	-5.1557	-5.66786	0.318151	0.306879	0.234473	0.140497	0.222445
103	-19.5964	-17.2808	-15.5416	-15.1496	0.00648702	0.065721	0.37413	0.553662	0.633786
104	-28.8332	-26.5128	-24.7386	-24.2818	0.0060256	0.0613365	0.361617	0.571021	0.645107
105	-4.19288	-4.23898	-4.58289	-5.23728	0.335132	0.320033	0.226901	0.117934	0.2
106	-31.7037	-27.0317	-23.25	-21.8927	4.34165e-05	0.00464164	0.203715	0.7916	0.789297
107	-4.08502	-4.12939	-4.4601	-5.08813	0.332163	0.317748	0.228273	0.121817	0.203884
108	-21.0789	-21.1182	-21.4107	-21.9666	0.323536	0.311091	0.232196	0.133178	0.215222
109	-4.82606	-4.85495	-5.07058	-5.48141	0.305449	0.296751	0.239192	0.158608	0.240022
110	-58.1551	-48.7593	-40.8096	-37.3621	9.03896e-10	1.08811e-05	0.0308445	0.969145	0.891572
111	-9.96077	-10.0005	-10.297	-10.8604	0.324445	0.311797	0.231798	0.131961	0.214015
112	-3.99102	-4.03487	-4.36181	-4.98303	0.331333	0.317118	0.228681	0.122868	0.204948
113	-4.25221	-4.28543	-4.53327	-5.00485	0.313143	0.302911	0.236417	0.147529	0.229305
114	-4.48423	-4.5212	-4.79708	-5.32233	0.319736	0.308129	0.23384	0.138295	0.220289
115	-5.26689	-5.30808	-5.61537	-6.20031	0.326945	0.313753	0.230745	0.128558	0.210658
116	-40.3285	-33.2902	-27.3923	-24.9313	1.89403e-07	0.000215817	0.07862	0.921164	0.864247
117	-7.43317	-7.47278	-7.76818	-8.32968	0.324204	0.311612	0.231912	0.132271	0.214327
118	-10.8239	-10.8598	-11.1276	-11.6372	0.317842	0.306635	0.234596	0.140926	0.222865
119	-41.7245	-34.639	-28.453	-25.6259	9.62566e-08	0.00011498	0.0558699	0.944015	0.877262
120	-17.9489	-15.629	-13.8584	-13.4091	0.00607465	0.0618066	0.36307	0.569048	0.64383
121	-13.2359	-10.9087	-9.08406	-8.53266	0.00540233	0.0553676	0.343325	0.595905	0.661229
122	-5.04895	-5.08555	-5.35863	-5.87841	0.319078	0.30761	0.234103	0.139209	0.221184
123	-8.84607	-8.884	-9.16692	-9.70507	0.321347	0.309386	0.233148	0.136119	0.218136
124	-33.7685	-26.7368	-20.8877	-18.5164	2.17392e-07	0.00024607	0.0853664	0.914387	0.860388
125	-3.99102	-4.03487	-4.36181	-4.98303	0.331333	0.317118	0.228681	0.122868	0.204948
126	-37.276	-34.9577	-33.1993	-32.7724	0.0062324	0.063308	0.367413	0.563046	0.63992
127	-60.5692	-48.8186	-38.8382	-34.4459	4.46161e-12	5.65846e-07	0.0122216	0.987778	0.902163
128	-4.9785	-5.00609	-5.21197	-5.60403	0.303072	0.294825	0.239967	0.162137	0.243399
129	-28.1706	-23.4871	-19.6198	-18.102	3.4636e-05	0.00374596	0.179111	0.817109	0.804061
130	-14.9265	-12.6134	-10.8931	-10.5383	0.00675451	0.0682597	0.381297	0.543689	0.627274
131	-14.7392	-12.429	-10.7303	-10.4177	0.00706898	0.0712327	0.389389	0.53231	0.61982
132	-14.8329	-12.5133	-10.7448	-10.2998	0.00610322	0.0620808	0.363924	0.567892	0.643082
133	-65.3631	-53.6021	-43.5439	-39.0037	3.52887e-12	4.52249e-07	0.0105589	0.989441	0.903107
134	-3.75737	-3.80194	-4.13429	-4.76576	0.332538	0.31804	0.228111	0.121311	0.203384
135	-12.4534	-12.4957	-12.8113	-13.4107	0.328771	0.315144	0.22986	0.126225	0.208304
136	-14.5562	-12.2438	-10.5286	-10.1833	0.00682608	0.0689361	0.383131	0.541107	0.625582
137	-4.62857	-4.66802	-4.96237	-5.52267	0.323992	0.311459	0.232044	0.132506	0.214577
138	-4.82054	-4.85992	-5.15359	-5.71179	0.323807	0.311303	0.232084	0.132807	0.214857
139	-20.3127	-20.3492	-20.6222	-21.1417	0.319045	0.307584	0.234116	0.139255	0.221229
140	-48.9961	-41.9573	-36.0546	-33.5807	1.86171e-07	0.000212248	0.0776908	0.922097	0.864778
141	-4.66669	-4.69174	-4.87861	-5.23436	0.298406	0.291024	0.241419	0.169151	0.250084
142	-4.9785	-5.00609	-5.21197	-5.60403	0.303072	0.294825	0.239967	0.162137	0.243399
143	-19.727	-17.406	-15.6272	-15.1626	0.0059694	0.0608031	0.360114	0.573113	0.646473
144	-12.4901	-10.1649	-8.35467	-7.8308	0.00557702	0.057047	0.348655	0.588721	0.656589
145	-4.278	-4.30697	-4.52318	-4.93509	0.305589	0.296863	0.239143	0.158405	0.239826
146	-3.62935	-3.66775	-3.9543	-4.50021	0.322218	0.310081	0.232823	0.134878	0.216931
147	-13.2232	-13.2671	-13.5941	-14.2148	0.331326	0.317102	0.228651	0.122921	0.204985
148	-4.90817	-4.93822	-5.16245	-5.58954	0.307522	0.298419	0.238476	0.155583	0.237109
149	-27.0631	-22.3876	-18.5801	-17.175	4.05957e-05	0.0043553	0.196153	0.799451	0.793844
150	-12.9963	-10.6714	-8.86398	-8.34562	0.00561158	0.0573798	0.349726	0.587283	0.655662
151	-3.75737	-3.80194	-4.13429	-4.76576	0.332538	0.31804	0.228111	0.121311	0.203384
152	-25.4232	-20.7466	-16.9304	-15.509	3.96756e-05	0.00426154	0.193598	0.8021	0.795378
153	-4.278	-4.30697	-4.52318	-4.93509	0.305589	0.296863	0.239143	0.158405	0.239826
154	-10.7783	-10.8157	-11.095	-11.626	0.320495	0.308716	0.233495	0.137294	0.21929
155	-26.3254	-21.6469	-17.8168	-16.3693	3.82466e-05	0.0041158	0.189603	0.806243	0.797776
156	-16.0938	-13.7728	-11.9942	-11.5305	0.00597356	0.0608449	0.360298	0.572884	0.646329
157	-16.4679	-14.1472	-12.3703	-11.9088	0.00599237	0.0610212	0.360733	0.572254	0.645912
158	-36.7606	-32.072	-28.1664	-26.5744	3.12046e-05	0.00339207	0.16852	0.828057	0.810388
159	-15.4517	-13.1254	-11.3067	-10.7663	0.00547311	0.0560474	0.345467	0.593013	0.65936
160	-8.20333	-8.24604	-8.56439	-9.16864	0.329382	0.315609	0.229559	0.12545	0.20752
161	-11.3904	-11.4319	-11.7412	-12.3295	0.327379	0.314083	0.230534	0.128004	0.210099
162	-4.07399	-4.11718	-4.43915	-5.05047	0.330202	0.316243	0.229189	0.124365	0.206439
163	-13.6968	-11.3767	-9.60471	-9.15464	0.00606272	0.0617005	0.36296	0.569277	0.643995
164	-4.96063	-4.98749	-5.18793	-5.56959	0.301741	0.293744	0.240393	0.164122	0.245296
165	-4.26663	-4.29483	-4.50532	-4.90631	0.3042	0.295741	0.239605	0.160454	0.241791
166	-4.39527	-4.43059	-4.69421	-5.19655	0.316891	0.305895	0.235009	0.142206	0.224132
167	-18.5335	-16.2069	-14.3859	-13.8412	0.00544564	0.0557834	0.344631	0.59414	0.660088
168	-4.62064	-4.65904	-4.9456	-5.49103	0.3222	0.31006	0.232807	0.134933	0.216975
169	-9.76805	-9.80042	-10.0419	-10.5012	0.311625	0.301698	0.236976	0.149701	0.231411
170	-22.8087	-20.4771	-18.6185	-18.0009	0.0050048	0.0515248	0.330522	0.612948	0.672188
171	-49.6946	-42.6405	-36.6313	-33.9847	1.40423e-07	0.000162558	0.0661865	0.933651	0.871358
172	-39.92	-32.8792	-26.9625	-24.4639	1.79119e-07	0.000204602	0.0759455	0.92385	0.865777
173	-6.82879	-6.86197	-7.10913	-7.57764	0.312911	0.302699	0.236412	0.147979	0.229702
174	-26.6229	-21.9441	-18.1119	-16.6598	3.80139e-05	0.00409185	0.1889	0.80697	0.798196
175	-31.192	-26.5194	-22.7331	-21.3675	4.29057e-05	0.00459	0.202396	0.792971	0.790092
176	-62.3272	-50.5706	-40.545	-36.0676	3.89655e-12	4.97198e-07	0.0112354	0.988764	0.902723
177	-13.8561	-13.8938	-14.1754	-14.7109	0.321039	0.309143	0.233269	0.13655	0.218557
178	-17.7568	-17.7951	-18.0809	-18.6242	0.322008	0.309897	0.232849	0.135247	0.217267
179	-16.1605	-13.8644	-12.2717	-12.1608	0.00874396	0.0868692	0.427135	0.477252	0.583327
180	-18.7264	-16.4197	-14.7465	-14.4808	0.00744278	0.0747413	0.398307	0.519508	0.611378
181	-10.7383	-10.7786	-11.0791	-11.651	0.325397	0.312552	0.231429	0.130622	0.212709
182	-4.10495	-4.1417	-4.41601	-4.93863	0.319383	0.307858	0.234003	0.138756	0.22075
183	-3.75886	-3.80378	-4.139	-4.77728	0.333222	0.318584	0.227846	0.120348	0.202445
184	-3.67562	-3.71938	-4.04596	-4.66799	0.331303	0.317118	0.228766	0.122813	0.204927
185	-4.82473	-4.8587	-5.1121	-5.5942	0.314456	0.303953	0.235916	0.145675	0.2275
186	-4.6703	-4.71526	-5.05071	-5.6891	0.333262	0.318609	0.227812	0.120316	0.202406
187	-3.90958	-3.95565	-4.29937	-4.95375	0.335103	0.320016	0.226931	0.11795	0.200024
188	-5.10002	-5.14174	-5.45295	-6.04518	0.327826	0.314432	0.230341	0.1274	0.209502
189	-4.457	-4.5127	-4.92809	-5.71777	0.350438	0.331452	0.218784	0.0993259	0.18088
190	-4.10495	-4.1417	-4.41601	-4.93863	0.319383	0.307858	0.234003	0.138756	0.22075
191	-9.90645	-9.95645	-10.3292	-11.0372	0.341382	0.324732	0.223687	0.1102	0.192105
192	-4.90267	-4.94378	-5.25047	-5.834	0.326799	0.313636	0.230798	0.128768	0.210861
193	-10.6057	-10.6614	-11.0765	-11.8656	0.350382	0.331409	0.218812	0.0993963	0.180952
194	-4.82473	-4.8587	-5.1121	-5.5942	0.314456	0.303953	0.235916	0.145675	0.2275
195	-7.80398	-7.84399	-8.14247	-8.71045	0.324932	0.312187	0.231626	0.131255	0.213334
196	-16.5398	-16.5807	-16.8857	-17.4661	0.326427	0.313347	0.230963	0.129263	0.211354
197	-26.1134	-21.438	-17.6317	-16.2293	4.07343e-05	0.00436952	0.196559	0.799031	0.793601
198	-16.8457	-16.8774	-17.1141	-17.564	0.310469	0.30077	0.237381	0.15138	0.23303
199	-4.6703	-4.71526	-5.05071	-5.6891	0.333262	0.318609	0.227812	0.120316	0.202406
200	-14.1367	-14.1746	-14.4574	-14.9954	0.32132	0.309368	0.233169	0.136142	0.218164
201	-14.7964	-14.8418	-15.1803	-15.8247	0.333953	0.319139	0.227487	0.119422	0.201507
202	-12.7307	-12.7755	-13.1101	-13.7458	0.333029	0.318417	0.227879	0.120675	0.202745
203	-4.82473	-4.8587	-5.1121	-5.5942	0.314456	0.303953	0.235916	0.145675	0.2275
204	-9.46004	-9.49913	-9.79062	-10.3449	0.323314	0.310921	0.232305	0.133461	0.215508
205	-4.34251	-4.38106	-4.66884	-5.21761	0.32252	0.310325	0.232722	0.134433	0.216505
206	-7.62862	-7.66729	-7.95552	-8.50281	0.322536	0.310303	0.2326	0.134562	0.216579
207	-10.5811	-10.6186	-10.8985	-11.4304	0.320621	0.308812	0.233428	0.137139	0.219131
208	-12.0491	-12.0821	-12.3285	-12.7977	0.312813	0.302655	0.236568	0.147965	0.22974
209	-4.98666	-5.01648	-5.23883	-5.66156	0.307036	0.298016	0.238602	0.156346	0.237826
210	-11.3394	-11.3772	-11.6594	-12.1962	0.321183	0.309259	0.233218	0.13634	0.218355
211	-7.82064	-7.86275	-8.17696	-8.77508	0.328511	0.314964	0.230039	0.126486	0.208594
212	-3.91061	-3.96223	-4.34704	-5.07748	0.343955	0.326647	0.222312	0.107086	0.1889
213	-4.31025	-4.34812	-4.63056	-5.16785	0.321239	0.309303	0.233195	0.136264	0.21828
214	-8.91414	-8.94526	-9.17731	-9.61845	0.309366	0.299888	0.237781	0.152965	0.234564
215	-4.63112	-4.67378	-4.99198	-5.59689	0.329382	0.315623	0.229603	0.125392	0.207483
216	-12.9244	-12.959	-13.2175	-13.7099	0.315681	0.304935	0.235477	0.143907	0.225791
217	-4.53246	-4.56592	-4.81557	-5.29119	0.313597	0.30328	0.236276	0.146846	0.228655
218	-8.65345	-8.69488	-9.00369	-9.59007	0.327237	0.313957	0.230545	0.128261	0.21033
219	-3.8872	-3.92153	-4.17764	-4.66484	0.315093	0.304458	0.235668	0.144781	0.226628
220	-4.09732	-4.13007	-4.37453	-4.84032	0.312368	0.302302	0.236742	0.148588	0.230349
221	-9.42728	-9.46608	-9.75566	-10.3073	0.322912	0.310623	0.232528	0.133937	0.216002
222	-9.32691	-9.37374	-9.7229	-10.3862	0.33625	0.320866	0.226301	0.116582	0.198607
223	-4.63112	-4.67378	-4.99198	-5.59689	0.329382	0.315623	0.229603	0.125392	0.207483
224	-8.80261	-8.83774	-9.09983	-9.59841	0.316499	0.305571	0.23512	0.14281	0.224704
225	-16.8841	-16.9215	-17.2001	-17.7286	0.320295	0.30854	0.233514	0.13765	0.219612
226	-4.457	-4.5127	-4.9281	-5.71778	0.350438	0.331452	0.218784	0.0993257	0.18088
227	-3.75886	-3.80379	-4.139	-4.77729	0.333222	0.318584	0.227846	0.120348	0.202445
228	-4.98666	-5.01648	-5.23883	-5.66156	0.307036	0.298016	0.238602	0.156346	0.237826
229	-4.34251	-4.38106	-4.66884	-5.21761	0.32252	0.310325	0.232722	0.134433	0.216505
230	-7.02119	-7.07127	-7.44448	-8.15234	0.341449	0.324768	0.22361	0.110172	0.192055
231	-3.90958	-3.95565	-4.29937	-4.95376	0.335103	0.320016	0.226931	0.11795	0.200023
232	-4.44469	-4.48603	-4.79463	-5.38263	0.327262	0.314007	0.23063	0.128101	0.210217
233	-4.88489	-4.91619	-5.14973	-5.59444	0.309753	0.300208	0.237682	0.152357	0.233993
234	-4.99832	-5.043	-5.37624	-6.01033	0.33277	0.318231	0.228042	0.120958	0.203048
235	-19.2435	-19.2848	-19.593	-20.1797	0.32715	0.313913	0.230655	0.128282	0.210385
236	-4.99832	-5.043	-5.37624	-6.01033	0.33277	0.318231	0.228042	0.120958	0.203048
237	-3.8872	-3.92153	-4.17764	-4.66484	0.315093	0.304458	0.235668	0.144781	0.226628
238	-22.6327	-22.6642	-22.8989	-23.3459	0.310044	0.30044	0.237572	0.151944	0.233592
239	-9.02121	-9.0655	-9.39582	-10.0238	0.332098	0.31771	0.228337	0.121855	0.203939
240	-11.9357	-11.9784	-12.2966	-12.9017	0.329396	0.315634	0.229597	0.125373	0.207464
241	-4.69012	-4.72794	-5.01026	-5.54818	0.321242	0.309318	0.233238	0.136202	0.218239
242	-4.88489	-4.91619	-5.14973	-5.59444	0.309753	0.300208	0.237682	0.152357	0.233993
243	-7.24501	-7.27835	-7.52714	-8.00094	0.313385	0.303109	0.236347	0.147158	0.228954
244	-34.2696	-29.5921	-25.7694	-24.3354	3.89882e-05	0.00419135	0.191655	0.804115	0.796544
245	-10.7167	-10.7608	-11.0898	-11.7154	0.331811	0.317489	0.228471	0.122228	0.204313
246	-15.2962	-15.3277	-15.5625	-16.0096	0.310057	0.300451	0.237568	0.151924	0.233573
247	-15.4295	-13.1073	-11.3197	-10.8385	0.00585711	0.0597307	0.356912	0.577501	0.649322
248	-13.53	-11.2234	-9.55155	-9.28937	0.00746668	0.0749694	0.39898	0.518584	0.610777
249	-6.57481	-6.62636	-7.01022	-7.73732	0.343705	0.326438	0.222379	0.107477	0.189268
250	-4.08048	-4.11957	-4.41113	-4.96562	0.323334	0.310938	0.232302	0.133426	0.215476
251	-5.04765	-5.09451	-5.44391	-6.10764	0.336304	0.320907	0.226275	0.116515	0.198539
252	-11.0353	-11.0853	-11.4579	-12.1656	0.341348	0.324707	0.223706	0.110238	0.192145
253	-10.6098	-10.6412	-10.8759	-11.3226	0.310009	0.300413	0.237587	0.151992	0.233639
254	-14.1504	-11.8313	-10.0666	-9.6289	0.00615343	0.0625592	0.365323	0.565965	0.641828
255	-10.506	-10.5619	-10.9785	-11.7692	0.350647	0.331586	0.218619	0.0991478	0.180669
256	-4.44469	-4.48603	-4.79463	-5.38263	0.327262	0.314007	0.23063	0.128101	0.210217
257	-3.81048	-3.86128	-4.24003	-4.95943	0.342672	0.325698	0.223012	0.108617	0.190484
258	-4.98666	-5.01648	-5.23883	-5.66156	0.307036	0.298016	0.238602	0.156346	0.237826
259	-6.57888	-6.62328	-6.95417	-7.58221	0.332191	0.317764	0.228245	0.1218	0.20386
260	-26.7606	-22.098	-18.3872	-17.1651	5.22602e-05	0.00553447	0.226305	0.768108	0.775681
261	-9.31658	-9.35699	-9.65847	-10.2321	0.325611	0.312715	0.231323	0.130351	0.212435
262	-10.372	-10.41	-10.6929	-11.232	0.32139	0.309433	0.233173	0.136004	0.218043
263	-4.09732	-4.13007	-4.37453	-4.84032	0.312368	0.302302	0.236742	0.148588	0.230349
264	-4.31025	-4.34812	-4.63056	-5.16785	0.321239	0.309303	0.233195	0.136264	0.21828
265	-4.10495	-4.1417	-4.41601	-4.93863	0.319383	0.307858	0.234003	0.138756	0.22075
266	-4.57179	-4.6062	-4.86287	-5.35138	0.315235	0.304574	0.235625	0.144565	0.226423
267	-8.46743	-8.51136	-8.839	-9.46226	0.331513	0.317267	0.22863	0.12259	0.204685
268	-4.33789	-4.3709	-4.61731	-5.08665	0.312823	0.302663	0.236564	0.14795	0.229726
269	-4.69748	-4.73618	-5.02505	-5.57548	0.322755	0.310502	0.232602	0.134141	0.216207
270	-3.91924	-3.96638	-4.31808	-4.9877	0.336859	0.32135	0.226066	0.115724	0.197771
271	-6.57888	-6.62328	-6.95417	-7.58221	0.332191	0.317764	0.228245	0.1218	0.20386
272	-36.8283	-36.8652	-37.1402	-37.6635	0.319513	0.307952	0.233924	0.138611	0.220596
273	-4.53246	-4.56592	-4.81557	-5.29119	0.313597	0.30328	0.236276	0.146846	0.228655
274	-3.90958	-3.95565	-4.29937	-4.95376	0.335103	0.320016	0.226931	0.11795	0.200023
275	-5.00966	-5.05537	-5.39635	-6.04521	0.334487	0.319543	0.227217	0.118753	0.200828
276	-5.06199	-5.10995	-5.46746	-6.14668	0.338083	0.322254	0.225388	0.114275	0.196267
277	-4.34885	-4.38829	-4.68274	-5.24428	0.324055	0.311524	0.232066	0.132355	0.214451
278	-4.99007	-5.02511	-5.28658	-5.78455	0.316377	0.305483	0.235195	0.142944	0.224847
279	-13.6752	-13.7287	-14.1276	-14.8855	0.346961	0.328888	0.220711	0.10344	0.18515
280	-4.16428	-4.22735	-4.69791	-5.59323	0.361677	0.339568	0.212112	0.0866433	0.167479
281	-4.34885	-4.38829	-4.68274	-5.24428	0.324055	0.311524	0.232066	0.132355	0.214451
282	-3.68444	-3.72921	-4.06337	-4.69988	0.332995	0.318414	0.227966	0.120625	0.202729
283	-4.64175	-4.6854	-5.01099	-5.63	0.331042	0.3169	0.228835	0.123223	0.205312
284	-15.9168	-15.953	-16.2212	-16.7235	0.317625	0.306344	0.234262	0.141769	0.223504
285	-4.34885	-4.38829	-4.68274	-5.24428	0.324055	0.311524	0.232066	0.132355	0.214451
286	-4.11434	-4.15194	-4.43261	-4.96739	0.320862	0.30902	0.233395	0.136723	0.218752
287	-17.8163	-17.8642	-18.2217	-18.9008	0.33807	0.322244	0.225394	0.114291	0.196283
288	-4.34926	-4.38304	-4.63516	-5.11543	0.314179	0.303742	0.236053	0.146027	0.227856
289	-4.58519	-4.62039	-4.88302	-5.38291	0.316637	0.305685	0.23508	0.142599	0.224504
290	-12.3221	-12.3658	-12.6919	-13.3122	0.331169	0.317002	0.22879	0.123039	0.205134
291	-21.0595	-21.1064	-21.4564	-22.1211	0.336422	0.320996	0.226218	0.116364	0.198387
292	-8.66227	-8.71341	-9.09467	-9.81868	0.343206	0.326094	0.222723	0.107978	0.189823
293	-15.4156	-13.0989	-11.3519	-10.9471	0.0063872	0.0647814	0.371687	0.557144	0.636077
294	-3.92175	-3.97458	-4.36832	-5.11581	0.345858	0.328063	0.221288	0.104791	0.186535
295	-4.82656	-4.86025	-5.11169	-5.5907	0.314019	0.303615	0.236116	0.14625	0.228075
296	-34.7126	-32.4011	-30.693	-30.3618	0.00693013	0.0699204	0.385827	0.537322	0.623104
297	-10.0301	-10.0773	-10.4292	-11.0992	0.336912	0.321389	0.226036	0.115663	0.197707
298	-3.82063	-3.87261	-4.26015	-4.99633	0.344555	0.327102	0.222012	0.106331	0.188133
299	-19.1455	-16.828	-15.0749	-14.6576	0.00630208	0.0639684	0.369253	0.560477	0.638241
300	-5.10973	-5.15241	-5.47084	-6.07687	0.329458	0.315692	0.229599	0.12525	0.207356
301	-25.4477	-25.4863	-25.7735	-26.3187	0.322298	0.310112	0.232687	0.134902	0.216909
302	-4.10769	-4.14121	-4.39134	-4.86796	0.313714	0.303375	0.236238	0.146674	0.22849
303	-14.3892	-12.0862	-10.4413	-10.2297	0.00788242	0.0788567	0.408502	0.504759	0.601627
304	-4.16428	-4.22735	-4.69791	-5.59323	0.361677	0.339568	0.212112	0.0866433	0.167479
305	-4.34885	-4.38829	-4.68274	-5.24428	0.324055	0.311524	0.232066	0.132355	0.214451
306	-4.05359	-4.10473	-4.48597	-5.21019	0.34321	0.326101	0.222731	0.107958	0.189808
307	-14.0999	-14.1566	-14.5788	-15.3807	0.351833	0.33246	0.217956	0.0977512	0.179217
308	-15.5453	-15.5779	-15.8217	-16.2859	0.312195	0.302161	0.236792	0.148852	0.2306
309	-25.6375	-20.9596	-17.1341	-15.6953	3.87146e-05	0.00416356	0.190919	0.804878	0.796986
310	-3.76844	-3.81441	-4.1574	-4.81055	0.334947	0.319899	0.227014	0.11814	0.200218
311	-4.99007	-5.02511	-5.28658	-5.78455	0.316377	0.305483	0.235195	0.142944	0.224847
312	-16.8706	-16.9166	-17.2598	-17.9133	0.334993	0.319933	0.226987	0.118088	0.200163
313	-4.64175	-4.6854	-5.01099	-5.63	0.331042	0.3169	0.228835	0.123223	0.205312
314	-24.8484	-22.5327	-20.7936	-20.4042	0.00649634	0.0658192	0.374664	0.55302	0.633389
315	-18.6143	-16.3085	-14.6424	-14.3891	0.00754683	0.0757123	0.400637	0.516103	0.60912
316	-14.983	-12.6595	-10.8621	-10.3616	0.00573155	0.0585266	0.353176	0.582566	0.6526
317	-29.915	-25.2419	-21.4519	-20.0801	4.25161e-05	0.00455064	0.201396	0.794011	0.790695
318	-4.16428	-4.22735	-4.69791	-5.59323	0.361677	0.339568	0.212112	0.0866433	0.167479
319	-3.82063	-3.87261	-4.26015	-4.99633	0.344555	0.327102	0.222012	0.106331	0.188133
320	-81.4385	-64.982	-50.9669	-44.7342	1.14472e-16	1.60559e-09	0.00196025	0.99804	0.907994
321	-3.89731	-3.93244	-4.19449	-4.69304	0.316492	0.305566	0.235124	0.142817	0.224712
322	-4.54356	-4.57779	-4.83325	-5.31992	0.314967	0.304369	0.235754	0.14491	0.22677
323	-8.33658	-8.37838	-8.69026	-9.2837	0.327976	0.314547	0.230271	0.127207	0.209308
324	-25.6549	-23.3425	-21.6274	-21.2832	0.00683074	0.0689829	0.383331	0.540855	0.625424
325	-11.1606	-11.1954	-11.455	-11.949	0.315926	0.305119	0.235349	0.143605	0.225483
326	-3.82063	-3.87261	-4.26015	-4.99633	0.344555	0.327102	0.222012	0.106331	0.188133
327	-3.82063	-3.87261	-4.26015	-4.99633	0.344555	0.327102	0.222012	0.106331	0.188133
328	-10.802	-10.8468	-11.1814	-11.8187	0.333087	0.318483	0.227921	0.120509	0.202612
329	-4.11434	-4.15194	-4.43261	-4.96739	0.320862	0.30902	0.233395	0.136723	0.218752
330	-10.8138	-10.8617	-11.2195	-11.9003	0.338172	0.322338	0.225392	0.114097	0.196111
331	-4.34885	-4.38829	-4.68274	-5.24428	0.324055	0.311524	0.232066	0.132355	0.214451
332	-33.9643	-31.6532	-29.9475	-29.6207	0.00696398	0.0702397	0.386679	0.536117	0.622314
333	-4.15374	-4.20547	-4.59111	-5.32325	0.344137	0.326784	0.222219	0.10686	0.18867
334	-3.82063	-3.87261	-4.26015	-4.99633	0.344555	0.327102	0.222012	0.106331	0.188133
335	-16.9759	-14.6584	-12.9056	-12.4899	0.00630984	0.0640463	0.369586	0.560058	0.637977
336	-4.11434	-4.15194	-4.43261	-4.96739	0.320862	0.30902	0.233395	0.136723	0.218752
337	-22.8453	-18.1725	-14.3849	-13.0166	4.27518e-05	0.00457433	0.201973	0.79341	0.790346
338	-11.7098	-11.7535	-12.079	-12.698	0.331033	0.316893	0.228839	0.123234	0.205324
339	-5.06199	-5.10995	-5.46746	-6.14668	0.338083	0.322254	0.225388	0.114275	0.196267
340	-17.9777	-15.6548	-13.8613	-13.3686	0.00578226	0.0590134	0.354702	0.580503	0.651266
341	-6.58171	-6.63363	-7.02037	-7.75352	0.344338	0.326918	0.222066	0.106679	0.188459
342	-22.8831	-20.5641	-18.7995	-18.3599	0.00614768	0.0624973	0.364949	0.566406	0.642099
343	-17.3912	-15.0685	-13.2776	-12.7897	0.00581424	0.0593189	0.355615	0.579251	0.650454
344	-46.4692	-39.4404	-33.6121	-31.2809	2.30895e-07	0.000260627	0.0885488	0.91119	0.858567
346	-49.21	-39.8329	-32.0228	-28.8388	1.36545e-09	1.61319e-05	0.0397734	0.96021	0.886494
347	-28.526	-23.8548	-20.0791	-18.735	4.41681e-05	0.0047184	0.20584	0.789398	0.788023
348	-45.1389	-38.0228	-31.6797	-28.6922	6.85284e-08	8.44042e-05	0.0479898	0.951926	0.881766
349	-15.2276	-12.902	-11.089	-10.5595	0.00554186	0.0567081	0.347554	0.590196	0.65754
350	-4.82656	-4.86025	-5.11169	-5.5907	0.314019	0.303615	0.236116	0.14625	0.228075
351	-10.0331	-10.081	-10.4382	-11.1167	0.338012	0.3222	0.225424	0.114364	0.196357
352	-8.84505	-8.88025	-9.14283	-9.64239	0.316616	0.305665	0.235075	0.142644	0.224542
353	-6.58596	-6.6387	-7.0315	-7.77565	0.345612	0.327856	0.221358	0.105175	0.186897
354	-5.00966	-5.05537	-5.39635	-6.04521	0.334487	0.319543	0.227217	0.118753	0.200828
355	-4.78927	-4.82428	-5.08551	-5.58301	0.31632	0.305438	0.235218	0.143024	0.224926
356	-4.83942	-4.87418	-5.13346	-5.62679	0.315843	0.305054	0.235382	0.143721	0.225596
357	-23.0118	-18.3487	-14.6327	-13.3993	5.15116e-05	0.0054587	0.224353	0.770137	0.776856
358	-51.9777	-42.5979	-34.7675	-31.5454	1.2865e-09	1.52404e-05	0.0383416	0.961643	0.887308
359	-3.92175	-3.97458	-4.36832	-5.11581	0.345858	0.328063	0.221288	0.104791	0.186535
360	-5.01331	-5.06424	-5.4442	-6.16739	0.342979	0.325949	0.222913	0.108158	0.190045
361	-4.92315	-4.97093	-5.32755	-6.00705	0.337953	0.322185	0.225541	0.11432	0.196357
362	-7.40259	-7.43697	-7.69346	-8.1818	0.315199	0.304548	0.235648	0.144604	0.226465
363	-3.89731	-3.93244	-4.19449	-4.69304	0.316492	0.305566	0.235124	0.142817	0.224712
364	-4.05359	-4.10473	-4.48597	-5.21019	0.34321	0.326101	0.222731	0.107958	0.189808
365	-15.6954	-13.3953	-11.7723	-11.6036	0.00823875	0.0821829	0.416522	0.493056	0.593869
366	-13.8394	-13.8825	-14.2041	-14.8162	0.330175	0.316245	0.229269	0.124311	0.206417
367	-18.0246	-15.7018	-13.9089	-13.4171	0.00578923	0.0590785	0.354853	0.580279	0.651118
368	-10.1124	-10.1584	-10.5018	-11.1555	0.335024	0.319957	0.226974	0.118045	0.200122
369	-3.92175	-3.97458	-4.36832	-5.11581	0.345858	0.328063	0.221288	0.104791	0.186535
370	-12.4818	-12.5288	-12.879	-13.5446	0.336501	0.32106	0.226189	0.11625	0.198276
371	-3.76844	-3.81441	-4.1574	-4.81055	0.334947	0.319899	0.227014	0.11814	0.200218
372	-5.10973	-5.15241	-5.47084	-6.07687	0.329458	0.315692	0.229599	0.12525	0.207356
373	-17.8915	-15.5713	-13.7979	-13.3437	0.00603993	0.0614773	0.362145	0.570338	0.644672
374	-3.68444	-3.72921	-4.06337	-4.69988	0.332995	0.318414	0.227966	0.120625	0.202729
375	-4.54679	-4.58991	-4.91161	-5.52401	0.3302	0.316265	0.229263	0.124272	0.206381
376	-4.23728	-4.29104	-4.69207	-5.45502	0.347447	0.329261	0.220483	0.102809	0.184517
377	-9.6051	-9.65749	-10.0476	-10.786	0.345018	0.327408	0.221657	0.105917	0.187652
378	-4.82656	-4.86025	-5.11169	-5.5907	0.314019	0.303615	0.236116	0.14625	0.228075
379	-3.68444	-3.72921	-4.06337	-4.69988	0.332995	0.318414	0.227966	0.120625	0.202729
380	-3.89731	-3.93244	-4.19449	-4.69304	0.316492	0.305566	0.235124	0.142817	0.224712
381	-4.34885	-4.38829	-4.68274	-5.24428	0.324055	0.311524	0.232066	0.132355	0.214451
382	-5.1368	-5.18063	-5.50749	-6.12882	0.331323	0.317115	0.228699	0.122863	0.20495
383	-5.03946	-5.08913	-5.45962	-6.16443	0.34093	0.32441	0.223971	0.110688	0.192629
384	-9.19776	-9.25141	-9.65161	-10.4127	0.347262	0.32912	0.220572	0.103046	0.184756
385	-5.30336	-5.35139	-5.70973	-6.39171	0.338302	0.322437	0.225331	0.11393	0.195943
386	-3.91924	-3.96638	-4.31808	-4.9877	0.336859	0.32135	0.226066	0.115724	0.197771
387	-3.91924	-3.96638	-4.31808	-4.9877	0.336859	0.32135	0.226066	0.115724	0.197771
388	-4.34926	-4.38304	-4.63516	-5.11543	0.314179	0.303742	0.236053	0.146027	0.227856
389	-10.8448	-10.8885	-11.2141	-11.8332	0.331053	0.316908	0.22883	0.123209	0.205298
390	-4.67824	-4.72424	-5.06747	-5.72074	0.334988	0.319926	0.226979	0.118107	0.200178
391	-9.34224	-9.38223	-9.68047	-10.2476	0.324863	0.312129	0.231636	0.131372	0.213441
392	-3.76844	-3.81441	-4.1574	-4.81054	0.334947	0.319899	0.227014	0.11814	0.200219
393	-3.76844	-3.81441	-4.1574	-4.81054	0.334947	0.319899	0.227014	0.11814	0.200219
394	-9.11347	-9.15305	-9.44853	-10.0117	0.324277	0.311691	0.231953	0.132079	0.214169
395	-3.68443	-3.72921	-4.06337	-4.69987	0.332995	0.318414	0.227966	0.120625	0.202729
396	-17.7714	-17.8153	-18.1426	-18.7643	0.331411	0.317173	0.228631	0.122786	0.204859
397	-42.5748	-35.5531	-29.7783	-27.5482	2.68869e-07	0.000301322	0.0970503	0.902648	0.853701
398	-9.68197	-9.72406	-10.038	-10.6351	0.328435	0.314898	0.23005	0.126617	0.208714
399	-15.9434	-15.9843	-16.2896	-16.8716	0.326529	0.313442	0.230968	0.12906	0.211176
400	-4.11434	-4.15194	-4.43261	-4.96739	0.320862	0.30902	0.233395	0.136723	0.218752
401	-7.5716	-7.62337	-8.00912	-8.74086	0.344142	0.326779	0.222189	0.10689	0.188686
402	-4.34885	-4.38829	-4.68274	-5.24428	0.324055	0.311524	0.232066	0.132355	0.214451
403	-8.39271	-8.43627	-8.7611	-9.37859	0.330869	0.316767	0.228912	0.123452	0.20554
404	-4.78927	-4.82428	-5.08551	-5.58301	0.31632	0.305438	0.235218	0.143024	0.224926
405	-4.67681	-4.71854	-5.02988	-5.62255	0.327864	0.314464	0.230333	0.127339	0.209445
406	-4.69748	-4.73618	-5.02505	-5.57548	0.322755	0.310502	0.232602	0.134141	0.216207
407	-19.5282	-17.2226	-15.5589	-15.3115	0.00758809	0.076105	0.40177	0.514537	0.608099
408	-8.8314	-8.87427	-9.19415	-9.80307	0.329789	0.315949	0.229453	0.124809	0.206918
409	-63.596	-51.8561	-41.9556	-37.7157	5.6769e-12	7.1231e-07	0.0142034	0.985796	0.901036
410	-39.7815	-32.7543	-26.9385	-24.6301	2.39099e-07	0.00026943	0.0904058	0.909325	0.857504
411	-25.0343	-20.3696	-16.6425	-15.388	5.00446e-05	0.00531119	0.220735	0.773903	0.779041
412	-33.8518	-29.1783	-25.3849	-24.004	4.20533e-05	0.00450287	0.199962	0.795493	0.791551
413	-56.0464	-46.6586	-38.7682	-35.4319	1.07662e-09	1.28572e-05	0.0343477	0.965639	0.889579
414	-4.11434	-4.15194	-4.43261	-4.96739	0.320862	0.30902	0.233395	0.136723	0.218752
415	-4.69748	-4.73618	-5.02505	-5.57548	0.322755	0.310502	0.232602	0.134141	0.216207
416	-19.1624	-16.84	-15.05	-14.5637	0.0058257	0.0594273	0.35591	0.578837	0.650182
417	-18.1382	-15.8278	-14.1276	-13.8116	0.00704488	0.0710033	0.388727	0.533225	0.620416
418	-6.58769	-6.6331	-6.97157	-7.61409	0.333878	0.319054	0.227441	0.119627	0.201674
419	-4.15373	-4.20547	-4.59111	-5.32325	0.344136	0.326784	0.222219	0.10686	0.18867
420	-13.8999	-13.9515	-14.3367	-15.0674	0.344019	0.326689	0.222261	0.107031	0.188835
421	-4.10769	-4.14121	-4.39134	-4.86796	0.313714	0.303375	0.236238	0.146674	0.22849
422	-11.2445	-11.2881	-11.6138	-12.2328	0.331049	0.316906	0.228832	0.123214	0.205303
423	-10.1516	-10.198	-10.5437	-11.2019	0.335542	0.320351	0.226721	0.117386	0.199455
424	-5.09025	-5.12243	-5.3625	-5.81962	0.311312	0.301455	0.237115	0.150119	0.231826
425	-3.89731	-3.93244	-4.19449	-4.69304	0.316492	0.305566	0.235124	0.142817	0.224712
426	-4.23728	-4.29104	-4.69207	-5.45502	0.347447	0.329261	0.220483	0.102809	0.184517
427	-4.16428	-4.22735	-4.69791	-5.59323	0.361677	0.339568	0.212112	0.0866434	0.167479
428	-4.92315	-4.97093	-5.32755	-6.00705	0.337953	0.322185	0.225541	0.11432	0.196357
429	-4.46479	-4.52179	-4.94683	-5.75492	0.35244	0.332915	0.217641	0.0970044	0.178453
430	-4.68701	-4.72246	-4.9869	-5.49003	0.317054	0.306011	0.234904	0.142031	0.223944
431	-11.9687	-12.012	-12.335	-12.9493	0.330467	0.316463	0.229117	0.123953	0.206051
432	-4.31459	-4.36961	-4.78	-5.56043	0.349401	0.330695	0.219381	0.100522	0.182134
433	-27.3704	-22.6918	-18.8608	-17.4113	3.81462e-05	0.00410543	0.189291	0.806566	0.797962
434	-12.907	-12.9353	-13.0679	-13.0633	0.271841	0.26424	0.231429	0.23249	0.302975
435	-4.46479	-4.52179	-4.94683	-5.75492	0.35244	0.332915	0.217641	0.0970044	0.178453
436	-4.78927	-4.82428	-5.08551	-5.58301	0.31632	0.305438	0.235218	0.143024	0.224926
437	-4.68023	-4.7272	-5.07742	-5.74303	0.336496	0.321056	0.226193	0.116254	0.198282
438	-10.2971	-10.3326	-10.5976	-11.1019	0.31718	0.306114	0.234864	0.141843	0.223764
439	-3.89731	-3.93244	-4.19449	-4.69304	0.316492	0.305566	0.235124	0.142817	0.224712
440	-8.72408	-8.76407	-9.06225	-9.62914	0.324844	0.312112	0.231639	0.131405	0.213471
441	-10.3935	-10.4489	-10.8616	-11.6439	0.349812	0.330959	0.219048	0.10018	0.181723
442	-3.92175	-3.97458	-4.36832	-5.11581	0.345858	0.328062	0.221288	0.104791	0.186535
443	-4.10769	-4.14121	-4.39134	-4.86796	0.313714	0.303375	0.236238	0.146674	0.22849
444	-5.10973	-5.15241	-5.47084	-6.07687	0.329458	0.315692	0.229599	0.12525	0.207356
445	-4.31459	-4.36961	-4.78	-5.56043	0.349401	0.330695	0.219381	0.100522	0.182134
446	-15.052	-15.0949	-15.4153	-16.0244	0.329871	0.316002	0.229384	0.124743	0.206837
447	-4.11434	-4.15194	-4.43261	-4.96739	0.320862	0.30902	0.233395	0.136723	0.218752
448	-3.68443	-3.72921	-4.06337	-4.69987	0.332995	0.318414	0.227966	0.120625	0.202729
449	-14.2208	-11.9085	-10.1941	-9.84971	0.00683488	0.0690169	0.383293	0.540855	0.625413
450	-4.16428	-4.22735	-4.69791	-5.59323	0.361677	0.339568	0.212112	0.0866434	0.167479
451	-4.11046	-4.14772	-4.42576	-4.95552	0.320252	0.308541	0.233647	0.137559	0.219574
452	-4.90357	-4.94906	-5.28829	-5.93294	0.33407	0.319211	0.22738	0.119339	0.2014
453	-3.6808	-3.72515	-4.05618	-4.68671	0.332298	0.317881	0.228297	0.121524	0.203633
454	-22.09	-22.1268	-22.4018	-22.9253	0.31953	0.307966	0.233919	0.138586	0.220572
455	-15.3204	-13.0079	-11.2926	-10.9491	0.00683133	0.0689941	0.383506	0.540669	0.625315
456	-11.9893	-12.0307	-12.3399	-12.9281	0.327357	0.314068	0.230548	0.128027	0.210124
457	-12.3142	-10.0079	-8.3381	-8.07926	0.00749593	0.0752412	0.399605	0.517658	0.61016
458	-9.97246	-10.0175	-10.3532	-10.9915	0.333305	0.318633	0.227762	0.120299	0.202374
459	-39.9641	-37.6593	-36.001	-35.7647	0.00767509	0.0769226	0.403871	0.511532	0.606119
460	-69.6853	-55.5816	-43.5826	-38.2666	2.25381e-14	3.00644e-08	0.0048885	0.995111	0.90633
461	-19.0986	-16.7808	-15.0261	-14.6058	0.00628039	0.0637629	0.368685	0.561272	0.638761
462	-21.0805	-18.7793	-17.147	-16.9563	0.00807142	0.0806045	0.412331	0.498993	0.597768
463	-8.89516	-8.94584	-9.32356	-10.0409	0.342448	0.325528	0.223124	0.1089	0.19077
464	-10.0035	-10.0408	-10.3191	-10.8493	0.32031	0.308586	0.233621	0.137483	0.219498
465	-15.0108	-12.6965	-10.9675	-10.5965	0.00663338	0.067115	0.378196	0.548055	0.630137
466	-4.53898	-4.57289	-4.82595	-5.30806	0.314403	0.303921	0.23597	0.145707	0.227546
467	-14.2378	-11.9138	-10.1122	-9.60319	0.00567811	0.0580118	0.351518	0.584792	0.654036
468	-12.8018	-10.4923	-8.79875	-8.49409	0.00713727	0.071869	0.390887	0.530107	0.618356
469	-19.5047	-17.1908	-15.4645	-15.099	0.00667283	0.0674896	0.379259	0.546579	0.629173
470	-18.2164	-15.9111	-14.249	-14.0037	0.00760976	0.0763034	0.402152	0.513934	0.60769
471	-7.56704	-7.61832	-8.00046	-8.72529	0.343369	0.326202	0.2226	0.107829	0.189652
472	-3.89313	-3.92793	-4.18753	-4.68139	0.315915	0.30511	0.235349	0.143626	0.225501
473	-114.543	-91.0112	-70.8244	-61.6107	1.02768e-23	1.70391e-13	9.9652e-05	0.9999	0.909051
474	-4.11046	-4.14772	-4.42576	-4.95552	0.320252	0.308541	0.233647	0.137559	0.219574
475	-7.96061	-7.99595	-8.25966	-8.76161	0.31689	0.305885	0.23498	0.142246	0.224159
476	-4.90357	-4.94906	-5.28829	-5.93294	0.33407	0.319211	0.22738	0.119339	0.2014
477	-4.80366	-4.84868	-5.18442	-5.82274	0.333306	0.318633	0.227762	0.120299	0.202374
478	-4.11046	-4.14772	-4.42576	-4.95552	0.320252	0.308541	0.233647	0.137559	0.219574
479	-9.51664	-9.56215	-9.90174	-10.5484	0.334193	0.319325	0.227379	0.119104	0.201191
480	-4.23434	-4.2876	-4.68487	-5.44065	0.346654	0.328675	0.220918	0.103753	0.185495
481	-4.16421	-4.2267	-4.69286	-5.57975	0.360799	0.338943	0.212657	0.0876004	0.168504
482	-6.57752	-6.62895	-7.01205	-7.73827	0.343561	0.326339	0.222479	0.107621	0.189428
483	-5.13197	-5.17539	-5.49919	-6.11467	0.330637	0.316588	0.229018	0.123757	0.205845
484	-18.9275	-16.6103	-14.8595	-14.4468	0.00633396	0.0642718	0.370132	0.559262	0.63745
485	-4.68099	-4.71611	-4.97807	-5.47648	0.316472	0.305551	0.235133	0.142843	0.224738
486	-15.2949	-15.3462	-15.7285	-16.4539	0.34341	0.326239	0.222595	0.107756	0.189586
487	-11.5595	-11.5914	-11.8293	-12.2824	0.310808	0.301052	0.237298	0.150842	0.232526
488	-7.6909	-7.73639	-8.07561	-8.72024	0.334066	0.31921	0.227381	0.119343	0.201403
489	-10.2977	-10.3421	-10.6732	-11.3039	0.33232	0.317897	0.228284	0.121499	0.203607
490	-4.31139	-4.3659	-4.77245	-5.54554	0.348596	0.330103	0.219831	0.101471	0.18312
491	-4.11046	-4.14772	-4.42576	-4.95552	0.320252	0.308541	0.233647	0.137559	0.219574
492	-9.11089	-9.15278	-9.46527	-10.0599	0.328115	0.314654	0.230207	0.127024	0.209125
493	-5.08287	-5.11475	-5.35258	-5.8054	0.310775	0.301026	0.23731	0.150889	0.232572
494	-4.04944	-4.1001	-4.47777	-5.19517	0.342443	0.325528	0.223135	0.108894	0.190769
495	-4.11046	-4.14772	-4.42576	-4.95552	0.320252	0.308541	0.233647	0.137559	0.219574
496	-9.9546	-9.98357	-10.1996	-10.6107	0.305531	0.296809	0.239134	0.158526	0.23993
497	-17.7596	-15.4455	-13.7178	-13.3488	0.00664967	0.0672677	0.378577	0.547506	0.629773
498	-4.98467	-5.01938	-5.27841	-5.77169	0.315801	0.305027	0.23542	0.143752	0.225636
499	-22.5882	-20.2659	-18.4778	-17.995	0.00584873	0.0596484	0.356602	0.577901	0.649577
500	-3.6808	-3.72515	-4.05618	-4.68671	0.332298	0.317881	0.228297	0.121524	0.203633
501	-13.8539	-11.5386	-9.80243	-9.41808	0.00653453	0.0661794	0.375622	0.551664	0.632498
502	-17.2922	-14.9356	-12.9474	-12.2483	0.00410314	0.0433092	0.316283	0.636305	0.688204
503	-10.2351	-10.266	-10.4968	-10.9363	0.309097	0.299682	0.237916	0.153305	0.234909
504	-25.8889	-21.2155	-17.4243	-16.0528	4.24657e-05	0.00454631	0.201444	0.793967	0.790671
505	-81.5597	-74.5099	-68.5408	-65.9979	1.61673e-07	0.000186357	0.0728933	0.92692	0.867527
506	-4.80366	-4.84868	-5.18442	-5.82274	0.333306	0.318633	0.227762	0.120299	0.202374
507	-69.3818	-57.6257	-47.6016	-43.1136	3.86386e-12	4.92751e-07	0.0111184	0.988881	0.902789
508	-6.82169	-6.87241	-7.25018	-7.96625	0.342418	0.325486	0.223082	0.109014	0.190858
509	-4.11046	-4.14772	-4.42576	-4.95552	0.320252	0.308541	0.233647	0.137559	0.219574
510	-12.0194	-12.0483	-12.2643	-12.6754	0.305517	0.296799	0.239145	0.15854	0.239946
511	-17.6969	-15.3918	-13.7305	-13.4859	0.00761902	0.076386	0.402258	0.513737	0.60755
512	-37.9017	-30.8713	-25.0316	-22.6761	2.2292e-07	0.000251996	0.0866044	0.913143	0.859679
513	-11.0468	-11.0841	-11.3622	-11.8922	0.320273	0.308558	0.233637	0.137531	0.219547
514	-16.5141	-14.2082	-12.5421	-12.2903	0.00755187	0.0757662	0.400934	0.515748	0.6089
515	-14.3623	-12.0465	-10.3071	-9.9175	0.00649312	0.0657905	0.374633	0.553083	0.633434
516	-4.78423	-4.81891	-5.0777	-5.57053	0.315745	0.304982	0.235442	0.143831	0.225713
517	-3.76448	-3.81002	-4.1498	-4.79681	0.334236	0.319358	0.227359	0.119047	0.201134
518	-12.0508	-12.082	-12.3145	-12.7567	0.309481	0.299981	0.237744	0.152793	0.2344
519	-18.1212	-15.8068	-14.0771	-13.705	0.00662473	0.0670335	0.377979	0.548362	0.630338
520	-4.14917	-4.20043	-4.58245	-5.30769	0.343363	0.326208	0.22263	0.1078	0.189635
521	-11.6008	-11.6365	-11.9026	-12.4086	0.317433	0.306306	0.234739	0.141523	0.22344
522	-4.54266	-4.58538	-4.90407	-5.51071	0.329522	0.315743	0.229575	0.12516	0.207269
523	-4.53898	-4.57289	-4.82595	-5.30806	0.314403	0.303921	0.23597	0.145707	0.227546
524	-4.04944	-4.1001	-4.47777	-5.19517	0.342443	0.325528	0.223135	0.108894	0.190769
525	-18.0355	-18.0778	-18.3932	-18.9928	0.32876	0.315143	0.229885	0.126213	0.208302
526	-4.31676	-4.35514	-4.64144	-5.18607	0.322129	0.309999	0.232822	0.13505	0.217084
527	-9.4557	-9.50149	-9.84293	-10.4917	0.334555	0.319581	0.227142	0.118723	0.200776
528	-46.3332	-41.6199	-37.574	-35.8479	2.36585e-05	0.00263591	0.150683	0.846657	0.821184
529	-23.8898	-19.2189	-15.445	-14.1034	4.43484e-05	0.00473644	0.206262	0.788957	0.787767
530	-17.2881	-14.9703	-13.2154	-12.7944	0.00627678	0.0637266	0.368525	0.561472	0.638886
531	-51.2614	-41.8675	-33.9332	-30.5189	9.49731e-10	1.14108e-05	0.031853	0.968136	0.890998
532	-12.6497	-10.3425	-8.66668	-8.39654	0.00740469	0.0743863	0.397468	0.520741	0.612197
533	-12.0869	-12.1241	-12.4022	-12.932	0.32026	0.308547	0.233644	0.13755	0.219565
534	-22.0997	-19.7946	-18.1341	-17.8924	0.00763662	0.0765568	0.40283	0.512977	0.607062
535	-14.864	-12.5559	-10.8728	-10.5898	0.00729913	0.0733986	0.395034	0.524268	0.61453
536	-7.23415	-7.28508	-7.66466	-8.38474	0.342823	0.325797	0.222894	0.108485	0.190329
537	-36.461	-29.4391	-23.6624	-21.426	2.66785e-07	0.000299041	0.0965005	0.9032	0.854015
538	-8.84087	-8.87574	-9.13587	-9.63074	0.316039	0.305208	0.235301	0.143452	0.225331
539	-6.57752	-6.62895	-7.01205	-7.73827	0.343561	0.326339	0.222479	0.107621	0.189428
540	-22.5442	-20.2245	-18.455	-18.0068	0.00608597	0.0619112	0.363283	0.568719	0.643608
541	-4.34456	-4.37803	-4.62779	-5.10355	0.31362	0.303297	0.236264	0.146818	0.228626
542	-14.1514	-14.1986	-14.5501	-15.2182	0.336784	0.321273	0.226045	0.115899	0.197918
543	-3.91714	-3.96947	-4.35952	-5.09997	0.345074	0.32748	0.221711	0.105735	0.187508
544	-4.04944	-4.1001	-4.47777	-5.19516	0.342443	0.325527	0.223135	0.108895	0.190769
545	-4.10341	-4.13661	-4.3844	-4.85655	0.313159	0.302933	0.236446	0.147462	0.229256
546	-18.7685	-18.8092	-19.1133	-19.6912	0.326182	0.313147	0.23104	0.129631	0.211705
547	-57.226	-47.8281	-39.865	-36.3985	8.73726e-10	1.05391e-05	0.0302807	0.969709	0.891892
548	-4.57966	-4.61453	-4.8747	-5.36989	0.316059	0.305227	0.235306	0.143409	0.225295
549	-6.58135	-6.6336	-7.0227	-7.75981	0.344826	0.327273	0.22178	0.106121	0.187873
550	-8.24873	-8.28872	-8.58707	-9.15464	0.324895	0.312157	0.231634	0.131314	0.213389
552	-60.9036	-49.1656	-39.2785	-35.0629	5.9041e-12	7.39458e-07	0.0145478	0.985451	0.900841
553	-50.2111	-43.1824	-37.3555	-35.0275	2.31916e-07	0.00026174	0.088812	0.910926	0.858416
554	-38.7552	-33.949	-29.4836	-27.4052	1.04476e-05	0.00127741	0.111074	0.887638	0.844878
555	-19.6754	-19.7071	-19.9432	-20.3907	0.310278	0.300602	0.237387	0.151733	0.233345
556	-15.9969	-13.6911	-12.0253	-11.7742	0.00755759	0.0758197	0.401068	0.515554	0.608772
557	-37.8217	-33.1433	-29.3143	-27.8691	3.83613e-05	0.00412759	0.189946	0.805888	0.797571
558	-18.5387	-16.2285	-14.5307	-14.2187	0.00707737	0.0713087	0.38951	0.532104	0.619678
559	-5.08287	-5.11474	-5.35257	-5.8054	0.310775	0.301026	0.23731	0.150889	0.232572
560	-39.408	-32.3856	-26.6054	-24.3649	2.64727e-07	0.000296891	0.0961384	0.903564	0.854223
561	-10.0629	-10.0978	-10.3583	-10.8541	0.31614	0.305291	0.235274	0.143295	0.225184
562	-8.76422	-8.81571	-9.19953	-9.92842	0.343754	0.326503	0.222432	0.107311	0.189138
563	-22.6191	-20.3063	-18.5879	-18.2356	0.00677762	0.0684735	0.381758	0.542991	0.626807
564	-4.34623	-4.3853	-4.677	-5.23327	0.323423	0.31103	0.232338	0.13321	0.215296
565	-4.09371	-4.15048	-4.57394	-5.37945	0.352126	0.332692	0.217838	0.097344	0.178818
566	-10.9967	-11.0394	-11.3581	-11.9647	0.329521	0.315742	0.229576	0.125161	0.20727
567	-3.68079	-3.72515	-4.05618	-4.68671	0.332298	0.31788	0.228297	0.121525	0.203633
577	-4.10341	-4.13661	-4.3844	-4.85655	0.313159	0.302933	0.236446	0.147462	0.229256
578	-4.67496	-4.72053	-5.06055	-5.70767	0.334277	0.319384	0.227324	0.119016	0.201095
579	-4.31139	-4.3659	-4.77244	-5.54553	0.348595	0.330102	0.219832	0.101471	0.183121
580	-4.16421	-4.2267	-4.69285	-5.57974	0.360799	0.338943	0.212657	0.0876011	0.168504
581	-3.68079	-3.72515	-4.05618	-4.6867	0.332298	0.31788	0.228297	0.121525	0.203634
582	-9.24926	-9.28411	-9.54407	-10.0386	0.315998	0.305175	0.235317	0.14351	0.225388
583	-4.63735	-4.6806	-5.00314	-5.61631	0.330357	0.316374	0.229153	0.124116	0.206207
584	-4.16421	-4.2267	-4.69285	-5.57974	0.360799	0.338943	0.212657	0.0876011	0.168504
585	-14.1332	-11.8178	-10.0807	-9.69206	0.00651325	0.0659671	0.374755	0.552765	0.633194
586	-27.1472	-22.485	-18.7764	-17.559	5.25818e-05	0.00556685	0.227108	0.767273	0.775196
587	-31.2029	-26.5387	-22.8152	-21.5667	5.04857e-05	0.0053553	0.221768	0.772826	0.778415
588	-3.76448	-3.81002	-4.1498	-4.7968	0.334236	0.319358	0.227359	0.119048	0.201135
589	-7.83505	-7.88244	-8.23574	-8.907	0.337164	0.32156	0.225851	0.115425	0.197436
590	-4.11046	-4.14771	-4.42576	-4.95551	0.320252	0.308541	0.233647	0.13756	0.219575
591	-6.58405	-6.62904	-6.96438	-7.60092	0.333182	0.318523	0.227774	0.12052	0.202574
592	-30.5847	-28.2744	-26.5754	-26.2625	0.00706488	0.0711965	0.389355	0.532384	0.619874
593	-8.60556	-8.63943	-8.89219	-9.37355	0.314324	0.303856	0.235991	0.145829	0.227661
594	-21.0608	-18.7455	-17.0098	-16.6265	0.00654152	0.0662463	0.375825	0.551387	0.632319
595	-18.1302	-15.8202	-14.1231	-13.8146	0.00709611	0.0714933	0.390201	0.53121	0.619108
596	-3.89313	-3.92793	-4.18753	-4.68138	0.315915	0.305109	0.23535	0.143626	0.225502
597	-4.69444	-4.73278	-5.01894	-5.5642	0.322131	0.310014	0.232865	0.134989	0.217044
598	-6.8238	-6.87513	-7.25738	-7.98145	0.343362	0.326183	0.222563	0.107893	0.189696
599	-14.939	-12.62	-10.8562	-10.4203	0.00616543	0.0626743	0.365682	0.565478	0.641513
600	-16.4312	-14.1261	-12.4657	-12.2259	0.00764466	0.0766396	0.403217	0.512499	0.606763
601	-13.9244	-11.609	-9.87186	-9.48566	0.00652129	0.0660537	0.375266	0.552159	0.632821
602	-24.2638	-19.6003	-15.8816	-14.6453	5.12355e-05	0.00543171	0.223845	0.770672	0.777168
603	-26.1579	-21.4926	-17.7606	-16.4965	4.94013e-05	0.0052463	0.219104	0.7756	0.780024
604	-46.5151	-39.4871	-33.6652	-31.3457	2.35047e-07	0.000265089	0.0895004	0.910234	0.858022
605	-10.2069	-10.2547	-10.6102	-11.2829	0.337555	0.321815	0.225537	0.115093	0.19704
606	-38.7795	-31.7267	-25.7453	-23.2096	1.60281e-07	0.000185309	0.0733795	0.926435	0.867251
607	-4.11046	-4.14771	-4.42576	-4.95551	0.320252	0.308541	0.233647	0.13756	0.219575
608	-42.4928	-37.8133	-33.9759	-32.5139	3.74913e-05	0.00403836	0.18739	0.808534	0.799101
609	-3.91714	-3.96947	-4.35952	-5.09996	0.345073	0.32748	0.221712	0.105735	0.187508
610	-6.97112	-7.02441	-7.42158	-8.17561	0.346586	0.328601	0.22089	0.103922	0.185636
611	-4.31676	-4.35514	-4.64144	-5.18606	0.322129	0.309999	0.232822	0.13505	0.217084
612	-4.10341	-4.13661	-4.3844	-4.85655	0.313159	0.302933	0.236446	0.147462	0.229256
613	-5.08265	-5.12053	-5.40276	-5.93819	0.321135	0.309199	0.233166	0.1365	0.21848
614	-60.8616	-49.1089	-39.1126	-34.6873	4.24102e-12	5.38981e-07	0.0118286	0.988171	0.902386
615	-7.39789	-7.43195	-7.68608	-8.16991	0.314642	0.304106	0.235862	0.14539	0.22723
616	-5.08287	-5.11474	-5.35257	-5.8054	0.310775	0.301026	0.23731	0.150889	0.232572
617	-5.05606	-5.10357	-5.45773	-6.13055	0.33735	0.321699	0.225755	0.115196	0.197202
618	-4.04944	-4.1001	-4.47777	-5.19516	0.342443	0.325527	0.223135	0.108895	0.190769
619	-55.7713	-44.0324	-34.1388	-29.9117	5.7946e-12	7.26401e-07	0.0143848	0.985614	0.900933
620	-4.34623	-4.3853	-4.677	-5.23327	0.323423	0.31103	0.232338	0.13321	0.215296
621	-16.965	-14.6527	-12.9384	-12.5957	0.00684166	0.0690867	0.383627	0.540445	0.625156
622	-4.04944	-4.1001	-4.47777	-5.19516	0.342443	0.325527	0.223135	0.108895	0.190769
623	-4.31676	-4.35514	-4.64144	-5.18607	0.322129	0.309999	0.232822	0.13505	0.217084
624	-9.65537	-9.68724	-9.92505	-10.3778	0.31077	0.301021	0.237311	0.150897	0.23258
625	-4.11046	-4.14771	-4.42576	-4.95552	0.320252	0.308541	0.233647	0.137559	0.219574
626	-4.99478	-5.025	-5.25039	-5.67889	0.307767	0.298604	0.238349	0.15528	0.236799
627	-8.38863	-8.43125	-8.74921	-9.35444	0.329356	0.315615	0.229651	0.125378	0.207486
628	-9.86677	-9.90494	-10.1895	-10.7303	0.321713	0.309663	0.232964	0.13566	0.21767
629	-4.69444	-4.73278	-5.01894	-5.56421	0.322131	0.310015	0.232865	0.134989	0.217044
630	-4.14917	-4.20043	-4.58245	-5.30768	0.343363	0.326208	0.22263	0.1078	0.189635
631	-18.6197	-16.3126	-14.6367	-14.3666	0.00740469	0.0743861	0.39746	0.520749	0.612201
632	-31.2992	-26.6223	-22.8071	-21.3984	4.0113e-05	0.00430952	0.19559	0.800061	0.794205
633	-9.72103	-9.76967	-10.1319	-10.8186	0.339068	0.322972	0.224819	0.113141	0.195078
634	-40.2404	-33.2134	-27.3988	-25.091	2.39551e-07	0.000269887	0.0904573	0.909273	0.857474
635	-27.0899	-22.4264	-18.7078	-17.4701	5.11885e-05	0.00542638	0.223591	0.770931	0.777317
636	-4.44932	-4.49123	-4.80404	-5.40006	0.328215	0.314744	0.230201	0.12684	0.20896
637	-5.11906	-5.14997	-5.38071	-5.82025	0.309088	0.299678	0.237929	0.153306	0.234914
638	-3.89313	-3.92793	-4.18753	-4.68139	0.315915	0.30511	0.235349	0.143626	0.225501
639	-17.1662	-17.2045	-17.4903	-18.0341	0.322015	0.309911	0.232872	0.135202	0.217234
640	-11.0378	-11.0828	-11.4184	-12.0565	0.333279	0.318613	0.227775	0.120333	0.202408
641	-44.1977	-37.1681	-31.3345	-28.9921	2.27158e-07	0.000256584	0.0876423	0.912101	0.859085
642	-6.74187	-6.7814	-7.07589	-7.63445	0.323951	0.311397	0.231962	0.13269	0.214714
643	-27.3856	-25.0749	-23.3728	-23.054	0.00701999	0.0707729	0.38822	0.533987	0.620926
644	-11.0532	-11.0922	-11.3841	-11.9405	0.32345	0.311051	0.232324	0.133175	0.215261
645	-4.10341	-4.13661	-4.3844	-4.85655	0.313159	0.302933	0.236446	0.147462	0.229256
646	-13.5584	-13.597	-13.8849	-14.432	0.32248	0.310262	0.232637	0.134621	0.216643
647	-4.82653	-4.85991	-5.10899	-5.58349	0.313461	0.303172	0.236326	0.147041	0.228844
648	-29.3682	-29.4131	-29.7478	-30.3843	0.333082	0.318464	0.227874	0.120579	0.202659
649	-56.6023	-49.5631	-43.6587	-41.1869	1.86162e-07	0.000212316	0.0778401	0.921947	0.864693
650	-39.6625	-32.6375	-26.8384	-24.5636	2.51187e-07	0.000282436	0.0932061	0.906511	0.855901
651	-33.2109	-26.1861	-20.3871	-18.1094	2.50598e-07	0.000281742	0.09296	0.906758	0.856042
652	-7.88492	-7.93166	-8.28009	-8.94198	0.336091	0.320745	0.226381	0.116784	0.198812
653	-10.2147	-10.262	-10.6145	-11.2859	0.337048	0.321497	0.225983	0.115471	0.19752
654	-5.22655	-5.27028	-5.59629	-6.21567	0.331122	0.316955	0.228777	0.123146	0.205225
655	-4.14917	-4.20043	-4.58245	-5.30768	0.343363	0.326208	0.22263	0.1078	0.189636
656	-20.6532	-20.6976	-21.0291	-21.6586	0.332331	0.317878	0.228195	0.121596	0.203664
657	-27.0058	-22.3289	-18.5105	-17.084	3.94165e-05	0.00423488	0.192816	0.80291	0.795846
665	-6.58225	-6.62704	-6.96084	-7.59441	0.332839	0.31826	0.227937	0.120964	0.20302
666	-30.7522	-30.7937	-31.1027	-31.6908	0.327333	0.314052	0.230568	0.128047	0.210148
667	-16.5947	-14.2815	-12.5611	-12.208	0.00675965	0.068316	0.381652	0.543273	0.62702
668	-4.1013	-4.13434	-4.38098	-4.85092	0.312885	0.302714	0.236548	0.147853	0.229635
669	-13.2808	-10.9703	-9.27004	-8.95507	0.00704806	0.0710386	0.388957	0.532957	0.620252
670	-24.5326	-24.5758	-24.8982	-25.5109	0.33031	0.316335	0.229168	0.124186	0.206274
671	-5.05312	-5.1004	-5.45291	-6.12252	0.336985	0.321422	0.225935	0.115658	0.19767
672	-8.04743	-8.08611	-8.37475	-8.92446	0.322692	0.310449	0.232613	0.134246	0.216303
673	-11.3474	-11.4038	-11.8243	-12.6232	0.351487	0.332212	0.218168	0.0981322	0.179623
674	-15.0947	-15.14	-15.4776	-16.1192	0.333713	0.318939	0.227549	0.119799	0.201861
675	-4.83035	-4.86463	-5.12028	-5.60665	0.314987	0.304375	0.235711	0.144927	0.226772
676	-21.7579	-19.4363	-17.653	-17.1765	0.00590069	0.0601353	0.3578	0.576164	0.648428
677	-7.4755	-7.52723	-7.91254	-8.64303	0.344036	0.326694	0.222229	0.107042	0.188834
678	-68.9438	-54.8354	-42.8032	-37.4354	2.06091e-14	2.76229e-08	0.00464285	0.995357	0.906469
679	-7.48144	-7.53241	-7.91223	-8.63277	0.342874	0.325835	0.222868	0.108423	0.190265
680	-4.82651	-4.85973	-5.10766	-5.57993	0.313185	0.302952	0.236429	0.147434	0.229225
681	-12.4306	-12.4817	-12.8624	-13.5856	0.343093	0.326014	0.222796	0.108098	0.189954
682	-62.0675	-52.6779	-44.7743	-41.4121	1.03435e-09	1.23739e-05	0.0334953	0.966492	0.890064
683	-62.3744	-50.6242	-40.6443	-36.2421	4.42176e-12	5.60557e-07	0.0121019	0.987898	0.902231
684	-74.3774	-60.2635	-48.1885	-42.7305	1.79501e-14	2.4191e-08	0.00424391	0.995756	0.906696
685	-9.41653	-9.45429	-9.7357	-10.2695	0.320942	0.309048	0.233245	0.136765	0.21874
686	-48.5659	-41.5354	-35.6949	-33.3401	2.22853e-07	0.000251961	0.0866602	0.913088	0.859647
687	-30.1017	-25.4256	-21.6137	-20.1992	4.00889e-05	0.00430336	0.194672	0.800984	0.794731
688	-51.4042	-42.0076	-34.0538	-30.6067	8.99778e-10	1.08402e-05	0.0308554	0.969134	0.891566
689	-23.1654	-20.8549	-19.1544	-18.8372	0.00703803	0.0709373	0.388514	0.533511	0.6206
690	-25.3359	-20.6554	-16.8103	-15.3332	3.67157e-05	0.00395891	0.185135	0.810869	0.800452
691	-47.6564	-40.6261	-34.7871	-32.4357	2.23939e-07	0.000253142	0.0869371	0.91281	0.859489
692	-47.1855	-37.7936	-29.8727	-26.4792	9.84061e-10	1.18001e-05	0.0324984	0.96749	0.890631
693	-32.5387	-27.7942	-23.5595	-21.5735	1.51796e-05	0.00174481	0.120463	0.877777	0.839135
694	-3.81434	-3.8656	-4.24772	-4.97351	0.343395	0.326237	0.222629	0.107739	0.189582
695	-12.6706	-12.7154	-13.0494	-13.6845	0.332928	0.318344	0.227941	0.120788	0.202865
696	-33.7141	-26.683	-20.8383	-18.4761	2.20299e-07	0.00024922	0.0860819	0.913669	0.859978
697	-14.273	-11.9676	-10.3051	-10.0598	0.00760628	0.0762734	0.402141	0.51398	0.607726
698	-24.2477	-19.5789	-15.8205	-14.5073	4.61508e-05	0.00491853	0.210893	0.784142	0.784976
699	-26.0588	-23.7474	-22.0395	-21.7067	0.00692548	0.0698684	0.385483	0.537724	0.62335
700	-62.908	-51.1611	-41.2078	-36.8674	4.84278e-12	6.11968e-07	0.0128644	0.987135	0.901797
701	-28.7838	-24.1071	-20.2904	-18.8669	3.95877e-05	0.00425224	0.19327	0.802438	0.795573
702	-12.2897	-12.323	-12.5716	-13.045	0.313338	0.303073	0.23637	0.14722	0.229016
703	-7.58637	-7.62584	-7.92025	-8.47999	0.323981	0.311441	0.232015	0.132563	0.214619
704	-32.6845	-28.0194	-24.2889	-23.0258	4.95244e-05	0.00525818	0.219283	0.77541	0.779912
705	-8.09552	-8.13984	-8.47049	-9.09976	0.332195	0.317793	0.228321	0.121691	0.203788
706	-17.3728	-15.059	-13.3341	-12.9735	0.00669965	0.0677529	0.380223	0.545325	0.628373
707	-40.8091	-36.1332	-32.3218	-30.9074	4.01189e-05	0.00430609	0.19468	0.800974	0.794725
708	-165.866	-135.266	-108.956	-96.8509	1.06424e-30	2.07211e-17	5.52988e-06	0.999994	0.909104
