Sites	Ll_YN98.omega=0.00354869	Ll_YN98.omega=0.0301915	Ll_YN98.omega=0.222308	Ll_YN98.omega=0.803676	Pr_YN98.omega=0.00354869	Pr_YN98.omega=0.0301915	Pr_YN98.omega=0.222308	Pr_YN98.omega=0.803676	mean
24	-3.48125	-3.52	-3.79913	-4.64111	0.332976	0.320322	0.242304	0.104398	0.148621
25	-4.61784	-4.6469	-4.85623	-5.48756	0.314631	0.30562	0.247897	0.131853	0.17142
26	-129.793	-108.408	-88.622	-76.3091	5.9173e-24	1.14686e-14	4.49364e-06	0.999996	0.803673
27	-30.9545	-30.9824	-31.1836	-31.7904	0.312393	0.303787	0.248411	0.135409	0.174329
28	-3.94151	-3.96559	-4.13913	-4.66301	0.304607	0.29736	0.249987	0.148046	0.184614
29	-3.73735	-3.7615	-3.93553	-4.46073	0.304742	0.29747	0.249955	0.147833	0.18444
30	-19.9601	-17.8178	-15.8283	-14.6843	0.00374028	0.0318643	0.232997	0.731398	0.640579
31	-42.2136	-35.8204	-30.0455	-26.8374	2.01806e-07	0.000120627	0.0388552	0.961024	0.780993
32	-24.9398	-20.6801	-16.8474	-14.7609	3.36899e-05	0.00238491	0.110155	0.887427	0.737764
33	-4.16413	-4.18988	-4.37545	-4.93539	0.308022	0.300191	0.249349	0.142438	0.180063
34	-14.3071	-12.1972	-10.4246	-9.81371	0.00679264	0.0560215	0.329764	0.607422	0.563195
35	-4.22192	-4.25005	-4.45275	-5.06458	0.312822	0.304145	0.248343	0.13469	0.173749
36	-5.57516	-5.6006	-5.78384	-6.33635	0.307347	0.299627	0.249461	0.143565	0.180974
37	-5.36268	-5.39417	-5.62092	-6.30388	0.319329	0.30943	0.246652	0.124589	0.165437
38	-21.2212	-19.1112	-17.3376	-16.7239	0.00677395	0.0558746	0.329207	0.608144	0.563647
39	-21.0704	-18.9543	-17.1369	-16.3924	0.0059548	0.0494179	0.304189	0.640438	0.583842
40	-25.7174	-23.6037	-21.8037	-21.1112	0.00627109	0.0519171	0.314069	0.627743	0.575912
41	-53.4962	-44.957	-37.1495	-32.5479	7.90592e-10	4.04072e-06	0.00993598	0.99006	0.797896
42	-14.9984	-12.8841	-11.0794	-10.3729	0.00618436	0.0512331	0.311406	0.631177	0.578058
43	-51.5502	-45.1434	-39.2709	-35.7684	1.3588e-07	8.23297e-05	0.0292402	0.970677	0.786613
44	-5.30627	-5.32379	-5.45	-5.83104	0.290659	0.285612	0.251747	0.171982	0.203838
45	-20.5302	-18.4097	-16.5609	-15.7212	0.00540835	0.0450796	0.286368	0.663144	0.597995
46	-4.4271	-4.45714	-4.6736	-5.32669	0.316589	0.307219	0.247424	0.128768	0.168891
47	-14.1654	-12.0446	-10.1937	-9.34809	0.00537522	0.0448164	0.285281	0.664527	0.598857
48	-21.2493	-19.1361	-17.3397	-16.6587	0.00634106	0.0524705	0.316274	0.624914	0.574145
49	-17.2102	-15.1003	-13.328	-12.7182	0.00679921	0.056073	0.329955	0.607173	0.563039
50	-41.1512	-36.8982	-33.1137	-31.1715	4.04013e-05	0.0028409	0.125041	0.872078	0.728751
51	-3.73735	-3.7615	-3.93553	-4.46073	0.304742	0.29747	0.249955	0.147833	0.18444
52	-4.63748	-4.66827	-4.88999	-5.55788	0.317977	0.308336	0.247019	0.126669	0.167152
53	-14.1846	-12.0642	-10.2159	-9.3784	0.00541976	0.0451711	0.286773	0.662636	0.597679
54	-16.3617	-16.3874	-16.5728	-17.132	0.307962	0.300139	0.249353	0.142546	0.180148
55	-14.0645	-11.9531	-10.1696	-9.52714	0.0065852	0.0543934	0.323677	0.615345	0.568159
56	-42.7691	-36.3697	-30.5501	-27.2068	1.68375e-07	0.000101271	0.0341136	0.965785	0.783765
57	-39.1397	-32.7426	-26.9394	-23.6458	1.79974e-07	0.000108	0.0357845	0.964107	0.782788
58	-73.917	-63.1926	-53.1079	-46.6093	1.3797e-12	6.27094e-08	0.00150339	0.998497	0.802802
59	-13.2865	-11.1696	-9.34663	-8.58509	0.00585387	0.0486186	0.300972	0.644556	0.586411
60	-34.4987	-30.2451	-26.4633	-24.5875	4.28914e-05	0.00301791	0.132462	0.864478	0.724298
61	-3.29699	-3.3308	-3.57387	-4.30175	0.323517	0.312762	0.245272	0.118449	0.160312
76	-27.4872	-23.2279	-19.4033	-17.3861	3.61202e-05	0.00255605	0.117104	0.880304	0.733589
77	-17.8419	-15.7394	-14.0187	-13.5583	0.00784676	0.0642442	0.358999	0.56891	0.538995
78	-11.3426	-11.366	-11.5344	-12.0388	0.302957	0.295945	0.250082	0.151016	0.186973
79	-18.0802	-15.9694	-14.1902	-13.555	0.0066457	0.0548564	0.325031	0.613467	0.566965
80	-16.9733	-14.8739	-13.1759	-12.7823	0.00834468	0.0681056	0.372059	0.551491	0.528018
81	-12.7357	-10.6196	-8.80219	-8.05497	0.00594423	0.049329	0.303661	0.641066	0.584226
82	-26.4303	-26.4614	-26.6853	-27.3547	0.318369	0.308606	0.246714	0.126311	0.166807
83	-8.91968	-8.95349	-9.19658	-9.92441	0.323518	0.312762	0.245267	0.118454	0.160314
84	-3.29699	-3.3308	-3.57387	-4.30175	0.323517	0.312762	0.245272	0.118449	0.160312
85	-3.54708	-3.58295	-3.84067	-4.6108	0.327277	0.315746	0.244011	0.112966	0.155728
86	-8.13088	-8.16569	-8.41578	-9.16342	0.32531	0.314183	0.244664	0.115843	0.158132
87	-4.9722	-5.00402	-5.2328	-5.91753	0.319712	0.309697	0.246366	0.124225	0.16509
88	-5.26093	-5.30035	-5.58312	-6.42252	0.333457	0.320567	0.241609	0.104368	0.148451
89	-5.21541	-5.24926	-5.49267	-6.22174	0.323611	0.31284	0.245251	0.118298	0.160188
90	-9.4174	-9.46362	-9.79529	-10.7818	0.345341	0.329744	0.236664	0.088251	0.134719
91	-3.60813	-3.64785	-3.9334	-4.7879	0.334366	0.321344	0.241523	0.102767	0.147172
92	-11.4058	-11.4428	-11.7089	-12.5031	0.329393	0.317414	0.243257	0.109936	0.153183
93	-20.4654	-18.3705	-16.7052	-16.4051	0.00908514	0.0738082	0.390243	0.526863	0.512442
94	-3.60813	-3.64785	-3.9334	-4.7879	0.334366	0.321344	0.241523	0.102767	0.147172
95	-12.138	-12.178	-12.465	-13.3192	0.334583	0.321468	0.241262	0.102687	0.147054
96	-12.0195	-12.043	-12.2114	-12.7158	0.302959	0.295946	0.250081	0.151014	0.186971
97	-8.36785	-8.39416	-8.58332	-9.14894	0.308822	0.300805	0.248962	0.141412	0.179173
98	-8.65122	-8.69542	-9.0125	-9.95395	0.341841	0.32706	0.23819	0.0929086	0.138708
99	-10.2908	-10.3143	-10.4827	-10.9874	0.302982	0.295966	0.250078	0.150974	0.186939
100	-11.1215	-11.1565	-11.4084	-12.1611	0.325759	0.31454	0.244516	0.115185	0.157582
101	-15.3419	-13.2357	-11.4891	-10.9513	0.00729786	0.0599659	0.343888	0.588848	0.551528
102	-9.4478	-9.48161	-9.7247	-10.4525	0.323517	0.312762	0.245269	0.118452	0.160313
103	-3.72121	-3.7459	-3.92356	-4.45731	0.30568	0.298225	0.249681	0.146414	0.183264
104	-3.60813	-3.64785	-3.9334	-4.7879	0.334366	0.321344	0.241523	0.102767	0.147172
105	-4.60861	-4.63203	-4.80041	-5.30481	0.302956	0.295944	0.250082	0.151017	0.186974
106	-4.89367	-4.93801	-5.2559	-6.1978	0.341978	0.327146	0.23806	0.0928157	0.138607
107	-4.60861	-4.63203	-4.80041	-5.30481	0.302956	0.295944	0.250082	0.151017	0.186974
108	-38.5352	-38.5704	-38.8234	-39.5767	0.325958	0.314671	0.244334	0.115036	0.157427
109	-10.4854	-10.5297	-10.8476	-11.7896	0.341983	0.32715	0.238058	0.0928088	0.138601
110	-8.06305	-8.10927	-8.44096	-9.42724	0.345338	0.329739	0.236658	0.0882647	0.134728
111	-20.642	-20.6862	-21.003	-21.9416	0.341716	0.326945	0.238174	0.0931653	0.138906
112	-4.07303	-4.11396	-4.40786	-5.28433	0.336341	0.322854	0.240639	0.100166	0.144938
113	-20.1645	-20.2107	-20.5424	-21.5287	0.345339	0.329741	0.23666	0.0882595	0.134724
114	-4.45882	-4.48856	-4.70243	-5.3432	0.315711	0.306459	0.247451	0.130379	0.170165
115	-3.60674	-3.64633	-3.93088	-4.78237	0.334117	0.321149	0.241617	0.103117	0.147468
116	-3.71999	-3.7446	-3.92164	-4.45352	0.305503	0.298078	0.249713	0.146707	0.183501
117	-4.65565	-4.69712	-4.99509	-5.88504	0.33738	0.323675	0.240271	0.0986739	0.143686
118	-10.7342	-10.7664	-10.997	-11.6834	0.320064	0.309944	0.24611	0.123882	0.164767
119	-4.59524	-4.62952	-4.87594	-5.61288	0.32436	0.313427	0.244974	0.117239	0.159296
120	-3.54552	-3.58126	-3.83809	-4.6055	0.327044	0.315561	0.244086	0.113309	0.156014
121	-4.65565	-4.69712	-4.99509	-5.88504	0.33738	0.323675	0.240271	0.0986739	0.143686
122	-30.2597	-30.3002	-30.5912	-31.4571	0.335566	0.322233	0.240874	0.101327	0.145902
123	-3.90866	-3.94333	-4.19248	-4.93732	0.325066	0.313988	0.244741	0.116206	0.158433
124	-14.1459	-14.17	-14.3435	-14.8622	0.304378	0.29712	0.249803	0.148699	0.18509
125	-3.29574	-3.32943	-3.57165	-4.29697	0.323293	0.312582	0.245339	0.118786	0.160591
126	-16.3974	-16.4353	-16.708	-17.5187	0.330954	0.318617	0.24259	0.107839	0.151391
127	-9.76022	-9.78356	-9.95137	-10.454	0.30279	0.295805	0.250109	0.151296	0.1872
128	-21.8277	-21.8605	-22.0956	-22.7941	0.32121	0.310857	0.245729	0.122204	0.163365
129	-5.06701	-5.09607	-5.30493	-5.92976	0.314304	0.305303	0.247756	0.132637	0.172008
130	-8.16933	-8.21072	-8.5079	-9.39362	0.33713	0.323462	0.240304	0.0991047	0.144032
131	-9.46331	-9.5075	-9.82433	-10.7631	0.341725	0.326952	0.238169	0.0931544	0.138897
132	-11.5014	-11.5389	-11.8087	-12.6137	0.330324	0.318146	0.242917	0.108613	0.152069
133	-5.25787	-5.29716	-5.57894	-6.41535	0.333208	0.320372	0.241701	0.10472	0.148748
134	-18.6207	-18.6552	-18.9032	-19.644	0.324751	0.31373	0.24481	0.116709	0.158844
135	-4.59524	-4.62952	-4.87594	-5.61288	0.32436	0.313427	0.244974	0.117239	0.159296
136	-42.1439	-37.8997	-34.1777	-32.4171	5.07245e-05	0.00353566	0.14619	0.850223	0.71591
137	-6.70566	-6.73541	-6.94923	-7.58922	0.315674	0.306422	0.247433	0.130471	0.170234
138	-21.2642	-19.1701	-17.5103	-17.2257	0.00921346	0.074792	0.393259	0.522736	0.509825
139	-3.9107	-3.9455	-4.19552	-4.943	0.325294	0.31417	0.24467	0.115866	0.15815
140	-11.5036	-11.5473	-11.8606	-12.7892	0.340897	0.326318	0.238535	0.0942499	0.139837
141	-5.18627	-5.22091	-5.4698	-6.21323	0.324974	0.313909	0.244746	0.116372	0.158565
142	-12.9732	-13.0071	-13.2512	-13.9805	0.323724	0.312912	0.245139	0.118225	0.160107
143	-13.2883	-13.3241	-13.5811	-14.345	0.326943	0.315444	0.243967	0.113646	0.156254
144	-7.86383	-7.8894	-8.07296	-8.61929	0.307141	0.299386	0.24918	0.144293	0.181489
145	-3.9107	-3.9455	-4.19552	-4.943	0.325294	0.31417	0.24467	0.115866	0.15815
146	-11.3347	-11.3582	-11.5265	-12.0309	0.302957	0.295945	0.250082	0.151016	0.186973
147	-4.29153	-4.32863	-4.59518	-5.39136	0.32953	0.317528	0.243232	0.10971	0.153
148	-4.60861	-4.63203	-4.80041	-5.30481	0.302956	0.295944	0.250082	0.151017	0.186974
149	-3.54708	-3.58295	-3.84067	-4.6108	0.327277	0.315746	0.244011	0.112966	0.155728
150	-4.29153	-4.32863	-4.59518	-5.39136	0.32953	0.317528	0.243232	0.10971	0.153
151	-18.7496	-18.7872	-19.0571	-19.8628	0.330369	0.318185	0.242915	0.108532	0.152005
152	-15.0462	-12.9399	-11.1926	-10.652	0.00727972	0.0598234	0.343352	0.589545	0.551965
153	-20.2377	-20.2805	-20.5874	-21.5028	0.339522	0.325318	0.239337	0.0958231	0.141244
154	-31.5612	-27.3128	-23.5611	-21.7132	4.55137e-05	0.00318561	0.135678	0.861091	0.722296
155	-31.3475	-27.103	-23.3789	-21.6121	5.03374e-05	0.00350968	0.145415	0.851025	0.716381
156	-33.3733	-26.9827	-21.2256	-18.0664	2.15857e-07	0.0001287	0.0407255	0.959146	0.7799
157	-4.70895	-4.7323	-4.90038	-5.40581	0.302953	0.295961	0.250171	0.150915	0.186913
158	-14.2085	-12.0996	-10.3339	-9.74091	0.00691795	0.0569979	0.333194	0.60289	0.560345
159	-11.2185	-11.2529	-11.4999	-12.2386	0.324516	0.313552	0.244927	0.117006	0.159102
160	-7.58079	-7.61668	-7.87452	-8.64444	0.327289	0.31575	0.243984	0.112977	0.155731
161	-4.07303	-4.11396	-4.40786	-5.28433	0.336341	0.322854	0.240639	0.100166	0.144938
162	-5.38189	-5.42432	-5.72921	-6.63958	0.33906	0.324972	0.239571	0.0963982	0.141746
163	-4.34556	-4.3766	-4.59967	-5.26684	0.318162	0.308438	0.246769	0.126631	0.167071
164	-14.7819	-12.6654	-10.8454	-10.0906	0.00589836	0.0489661	0.302214	0.642922	0.585385
165	-3.60813	-3.64785	-3.9334	-4.7879	0.334366	0.321344	0.241523	0.102767	0.147172
166	-27.6588	-23.4131	-19.6807	-17.886	4.86943e-05	0.00339894	0.142006	0.854547	0.71845
167	-3.29699	-3.3308	-3.57387	-4.30175	0.323517	0.312762	0.245272	0.118449	0.160312
168	-53.1089	-44.5904	-36.931	-32.7665	1.44111e-09	7.2148e-06	0.0152989	0.984694	0.794776
169	-14.464	-12.3569	-10.6041	-10.0487	0.00717437	0.0590038	0.340496	0.593326	0.554343
170	-4.96352	-5.0107	-5.34925	-6.3558	0.346935	0.330948	0.235901	0.0862165	0.132956
171	-29.2336	-27.1249	-25.3602	-24.7638	0.00691215	0.0569375	0.33249	0.60366	0.560806
172	-26.4881	-22.2464	-18.5431	-16.8359	5.42108e-05	0.00376876	0.152947	0.84323	0.711799
173	-7.28492	-7.33011	-7.65403	-8.61374	0.343411	0.328239	0.237418	0.0909323	0.136989
174	-8.0863	-8.11745	-8.34095	-9.00558	0.318134	0.308378	0.246615	0.126874	0.167229
175	-3.29699	-3.3308	-3.57387	-4.30175	0.323517	0.312762	0.245272	0.118449	0.160312
176	-11.2934	-11.3285	-11.5811	-12.3354	0.325925	0.31467	0.244434	0.114971	0.157396
177	-4.04544	-4.08013	-4.32954	-5.07626	0.325171	0.314084	0.244752	0.115993	0.158268
178	-26.8909	-22.6444	-18.9057	-17.0953	4.77028e-05	0.00333277	0.140117	0.856502	0.7196
179	-4.04544	-4.08013	-4.32954	-5.07626	0.325171	0.314084	0.244752	0.115993	0.158268
180	-16.5548	-14.453	-12.7381	-12.2977	0.00798452	0.0653229	0.362936	0.563757	0.535762
181	-12.1483	-10.0501	-8.36119	-7.99785	0.00856575	0.0698243	0.377999	0.543611	0.523058
182	-16.5999	-14.496	-12.7665	-12.2788	0.00765191	0.0627263	0.353657	0.575965	0.543431
183	-4.89367	-4.93801	-5.2559	-6.1978	0.341978	0.327146	0.23806	0.0928157	0.138607
184	-3.72121	-3.7459	-3.92356	-4.45731	0.30568	0.298225	0.249681	0.146414	0.183264
185	-7.87827	-7.92102	-8.22803	-9.14385	0.339548	0.32534	0.239333	0.095779	0.141208
186	-50.3353	-39.6735	-30.0015	-24.5061	6.03579e-12	2.5767e-07	0.00408858	0.995911	0.801299
187	-14.4017	-14.448	-14.7804	-15.7687	0.345496	0.32986	0.236586	0.0880574	0.13455
188	-15.2886	-15.3332	-15.6528	-16.5995	0.34238	0.327451	0.237872	0.0922965	0.138159
189	-4.4607	-4.49054	-4.70516	-5.3482	0.315916	0.306626	0.247401	0.130057	0.169902
190	-4.04544	-4.08013	-4.32954	-5.07626	0.325171	0.314084	0.244752	0.115993	0.158268
191	-7.41114	-7.44041	-7.65079	-8.28024	0.314724	0.305646	0.247658	0.131973	0.171464
192	-3.48518	-3.55336	-4.04329	-5.50654	0.378953	0.353976	0.216869	0.0502019	0.10059
193	-9.00805	-9.04425	-9.30452	-10.0836	0.327975	0.316317	0.24383	0.111878	0.154833
194	-4.384	-4.44045	-4.84572	-6.05299	0.361826	0.34197	0.228023	0.0681815	0.117096
195	-7.73829	-7.79003	-8.16166	-9.27009	0.35454	0.336663	0.232165	0.0766324	0.124622
196	-18.4405	-16.3459	-14.6827	-14.3941	0.00916064	0.0744044	0.392549	0.523886	0.51058
197	-3.37617	-3.41747	-3.71452	-4.60491	0.337251	0.323606	0.240443	0.0987002	0.143742
198	-11.7254	-11.7559	-11.9737	-12.6121	0.316239	0.306749	0.24671	0.130302	0.16995
199	-8.23341	-8.29002	-8.69647	-9.907	0.362071	0.342144	0.227871	0.0679143	0.116853
200	-17.5264	-15.4354	-13.7962	-13.5665	0.00968655	0.0784002	0.403823	0.50809	0.500514
201	-31.8977	-29.786	-28.0005	-27.3476	0.00652917	0.0539427	0.321641	0.617888	0.569736
202	-3.37617	-3.41747	-3.71452	-4.60491	0.337251	0.323606	0.240443	0.0987002	0.143742
203	-23.3463	-19.1187	-15.5161	-14.1097	7.78127e-05	0.00533427	0.195738	0.79885	0.685692
204	-4.76051	-4.81136	-5.17679	-6.26966	0.353229	0.335719	0.232954	0.0780985	0.125943
205	-17.4571	-15.3648	-13.7176	-13.4738	0.00953545	0.0772733	0.401207	0.511984	0.503028
206	-29.7572	-25.5039	-21.7148	-19.7379	3.90055e-05	0.00274375	0.121308	0.875909	0.730998
207	-17.2171	-15.1221	-13.4553	-13.1495	0.00904392	0.0734872	0.389119	0.528349	0.513377
208	-4.21153	-4.26153	-4.62073	-5.69334	0.351786	0.33463	0.233649	0.0799348	0.127535
209	-17.3873	-17.4308	-17.7439	-18.6777	0.341006	0.326461	0.238703	0.0938307	0.139542
210	-8.93024	-8.97973	-9.33558	-10.401	0.351099	0.334145	0.234095	0.0806622	0.128202
211	-4.80765	-4.83625	-5.04201	-5.65897	0.313508	0.304666	0.248007	0.13382	0.172993
212	-6.18062	-6.23607	-6.63335	-7.80673	0.359888	0.340475	0.228849	0.0707871	0.119322
213	-16.8767	-16.9176	-17.2116	-18.0888	0.33638	0.322889	0.240637	0.100093	0.14488
214	-4.54351	-4.60343	-5.03385	-6.31776	0.367125	0.345772	0.224834	0.0622687	0.111769
215	-3.69551	-3.74404	-4.09299	-5.13838	0.349542	0.332984	0.234895	0.0825788	0.129879
216	-10.1037	-10.1502	-10.4845	-11.4832	0.346073	0.330343	0.236479	0.0871047	0.133777
217	-13.4152	-13.4643	-13.817	-14.8658	0.350188	0.333398	0.234319	0.0820952	0.129377
218	-20.5727	-20.6112	-20.8876	-21.7148	0.332082	0.319555	0.242374	0.105989	0.149889
219	-8.07869	-8.13827	-8.56415	-9.81199	0.365727	0.344575	0.225073	0.0646242	0.113674
220	-5.46656	-5.52078	-5.90934	-7.05762	0.358016	0.339119	0.229934	0.0729308	0.121238
221	-8.43224	-8.47509	-8.78301	-9.70277	0.339803	0.325549	0.239271	0.095377	0.140879
222	-4.04044	-4.08294	-4.38851	-5.30303	0.339287	0.325168	0.239554	0.0959912	0.141422
223	-7.79384	-7.84912	-8.24559	-9.42205	0.359839	0.340489	0.229042	0.0706296	0.119238
224	-8.26062	-8.30313	-8.60876	-9.52345	0.339302	0.325179	0.239547	0.0959721	0.141405
225	-4.71931	-4.76134	-5.06354	-5.96835	0.33848	0.324548	0.239903	0.097069	0.142344
226	-10.2909	-10.3437	-10.7224	-11.8511	0.356089	0.337796	0.2313	0.0748154	0.123009
227	-19.2473	-19.2776	-19.4955	-20.1499	0.316863	0.307412	0.247225	0.128499	0.168638
228	-8.13365	-8.18279	-8.53549	-9.5845	0.350201	0.333408	0.234314	0.0820765	0.129362
229	-25.1737	-23.0874	-21.4832	-21.3616	0.0105969	0.085358	0.424587	0.479458	0.482333
230	-3.69551	-3.74404	-4.09299	-5.13838	0.349542	0.332984	0.234895	0.0825788	0.129879
231	-9.85179	-9.90883	-10.3182	-11.5352	0.362645	0.342537	0.227464	0.0673543	0.116327
232	-4.57993	-4.61639	-4.87867	-5.66525	0.328543	0.316779	0.243698	0.11098	0.154098
233	-69.1346	-56.3249	-44.6055	-37.6672	2.15516e-14	7.88251e-09	0.000969009	0.999031	0.803112
234	-25.4967	-21.2511	-17.5198	-15.737	4.92461e-05	0.0034373	0.14345	0.853064	0.717581
235	-4.384	-4.44045	-4.84572	-6.05299	0.361826	0.34197	0.228023	0.0681815	0.117096
236	-3.64533	-3.68915	-4.00413	-4.94645	0.341545	0.326902	0.238575	0.0929781	0.138843
237	-62.6019	-51.9396	-42.2627	-36.7432	5.86132e-12	2.50363e-07	0.00399206	0.996008	0.801355
238	-4.58156	-4.62707	-4.95412	-5.93159	0.344387	0.329065	0.237271	0.0892759	0.135653
239	-13.7054	-13.7618	-14.1672	-15.3746	0.361847	0.341982	0.228001	0.0681703	0.117082
240	-63.7145	-50.9088	-39.2193	-32.3769	2.45356e-14	8.93761e-09	0.00106645	0.998934	0.803056
241	-3.64533	-3.68915	-4.00413	-4.94645	0.341545	0.326902	0.238575	0.0929781	0.138843
242	-4.43378	-4.4717	-4.74431	-5.56054	0.331133	0.318812	0.24274	0.107315	0.15101
243	-4.384	-4.44045	-4.84572	-6.05299	0.361826	0.34197	0.228023	0.0681815	0.117096
244	-42.2394	-33.7083	-25.958	-21.5233	9.95375e-10	5.04678e-06	0.01172	0.988275	0.796858
245	-17.6608	-15.5619	-13.8686	-13.4921	0.00846452	0.0690414	0.375415	0.54708	0.525247
246	-3.79809	-3.82825	-4.04533	-4.69797	0.316671	0.307262	0.247304	0.128764	0.168862
247	-22.937	-20.8348	-19.1173	-18.6678	0.00792152	0.0648296	0.361141	0.566108	0.537237
248	-28.5315	-28.5788	-28.918	-29.9243	0.347022	0.330997	0.235787	0.0861945	0.132914
249	-4.384	-4.44045	-4.84572	-6.05299	0.361826	0.34197	0.228023	0.0681815	0.117096
250	-23.0263	-18.7899	-15.1253	-13.5429	6.28512e-05	0.00434653	0.169703	0.825888	0.701604
251	-4.80765	-4.83625	-5.04201	-5.65897	0.313508	0.304666	0.248007	0.13382	0.172993
252	-16.0296	-13.9311	-12.2399	-11.8684	0.00850693	0.0693659	0.376391	0.545736	0.524394
253	-10.0342	-10.0767	-10.3825	-11.2979	0.339351	0.325217	0.239527	0.0959049	0.141348
254	-24.7432	-22.6517	-21.0109	-20.7876	0.00969916	0.0785331	0.405204	0.506563	0.499598
255	-5.45323	-5.5014	-5.84706	-6.87485	0.348581	0.33219	0.235108	0.0841207	0.131139
256	-15.0198	-12.9273	-11.279	-11.0338	0.00951706	0.0771382	0.40096	0.512385	0.50329
257	-15.3962	-15.4485	-15.8244	-16.9446	0.355462	0.337334	0.231642	0.0755627	0.12367
258	-4.04044	-4.08294	-4.38851	-5.30303	0.339287	0.325168	0.239554	0.0959912	0.141422
259	-3.69551	-3.74404	-4.09299	-5.13838	0.349542	0.332984	0.234895	0.0825788	0.129879
260	-18.3908	-18.4473	-18.8526	-20.0601	0.361842	0.341981	0.228012	0.0681643	0.11708
261	-8.98912	-9.04331	-9.43203	-10.5858	0.358169	0.339277	0.230003	0.0725505	0.120953
262	-5.46656	-5.52078	-5.90934	-7.05762	0.358016	0.339119	0.229934	0.0729308	0.121238
263	-18.7146	-18.7616	-19.0985	-20.0994	0.346536	0.33064	0.236059	0.086764	0.13342
264	-3.37617	-3.41747	-3.71452	-4.60491	0.337251	0.323606	0.240443	0.0987002	0.143742
265	-35.0085	-35.0559	-35.3961	-36.4098	0.347381	0.331305	0.235758	0.085556	0.132406
266	-11.6501	-11.6795	-11.8915	-12.5271	0.31521	0.306057	0.247604	0.131129	0.170789
267	-4.76051	-4.81136	-5.17679	-6.26966	0.353229	0.335719	0.232954	0.0780985	0.125943
268	-3.48518	-3.55336	-4.04329	-5.50654	0.378953	0.353976	0.216869	0.0502019	0.10059
269	-7.61405	-7.66863	-8.06016	-9.2217	0.358764	0.339706	0.229648	0.0718813	0.120351
270	-3.79809	-3.82825	-4.04533	-4.69797	0.316671	0.307262	0.247304	0.128764	0.168862
271	-8.56933	-8.61066	-8.90783	-9.79823	0.337271	0.323618	0.240421	0.0986906	0.14373
272	-4.04044	-4.08294	-4.38851	-5.30303	0.339287	0.325168	0.239554	0.0959912	0.141422
273	-3.69551	-3.74404	-4.09299	-5.13838	0.349542	0.332984	0.234895	0.0825788	0.129879
274	-23.0933	-23.1415	-23.4882	-24.5192	0.348812	0.332368	0.235009	0.0838115	0.130874
275	-19.8034	-17.7039	-16.006	-15.6155	0.00835909	0.0682251	0.37269	0.550726	0.527547
276	-17.0619	-17.0986	-17.3628	-18.1542	0.328997	0.317134	0.243508	0.110361	0.153571
277	-9.58299	-9.63152	-9.98049	-11.0258	0.349542	0.332984	0.234892	0.0825809	0.12988
278	-4.68568	-4.72949	-5.04458	-5.98847	0.341607	0.326962	0.238592	0.0928391	0.138737
279	-10.8576	-10.9119	-11.3005	-12.4488	0.35802	0.339123	0.229932	0.0729251	0.121233
280	-12.5091	-12.5669	-12.9805	-14.198	0.363278	0.342888	0.226726	0.0671076	0.115977
281	-5.18154	-5.21717	-5.4733	-6.24042	0.326926	0.315485	0.244197	0.113392	0.156103
282	-4.384	-4.44045	-4.84572	-6.05299	0.361826	0.34197	0.228023	0.0681815	0.117096
283	-5.02261	-5.05402	-5.28001	-5.95845	0.319042	0.309176	0.246637	0.125145	0.165872
284	-14.4237	-14.4711	-14.8114	-15.8212	0.347278	0.331193	0.235673	0.085856	0.132624
285	-3.64533	-3.68915	-4.00413	-4.94645	0.341545	0.326902	0.238575	0.0929781	0.138843
286	-8.18244	-8.23158	-8.58431	-9.63333	0.350205	0.33341	0.23431	0.0820744	0.129359
287	-21.6008	-19.5093	-17.8685	-17.6484	0.00971522	0.0786656	0.405862	0.505757	0.499101
288	-4.80765	-4.83625	-5.04201	-5.65897	0.313508	0.304666	0.248007	0.13382	0.172993
289	-4.04044	-4.08294	-4.38851	-5.30303	0.339287	0.325168	0.239554	0.0959912	0.141422
290	-3.69551	-3.74404	-4.09299	-5.13838	0.349542	0.332984	0.234895	0.0825788	0.129879
291	-36.8668	-30.4875	-24.8116	-21.8955	2.98599e-07	0.000176031	0.0513528	0.948471	0.773685
292	-11.3602	-11.3982	-11.6711	-12.4869	0.331156	0.318822	0.24269	0.107332	0.151013
293	-15.8825	-15.9368	-16.3264	-17.4806	0.3583	0.339356	0.229867	0.0724764	0.120866
294	-4.1241	-4.16649	-4.47128	-5.38475	0.339138	0.325065	0.239662	0.0961357	0.141558
295	-3.69551	-3.74404	-4.09299	-5.13838	0.349542	0.332984	0.234895	0.0825788	0.129879
296	-32.4517	-28.2108	-24.5131	-22.8262	5.54957e-05	0.00385524	0.155578	0.840511	0.710201
297	-46.5244	-40.15	-34.5084	-31.6819	3.37993e-07	0.000198276	0.0558959	0.943905	0.771026
298	-9.76181	-9.80532	-10.118	-11.0518	0.340943	0.326427	0.238777	0.0938525	0.139574
299	-30.8078	-28.7157	-27.0701	-26.8328	0.00958287	0.0776418	0.402479	0.510296	0.501965
300	-4.04044	-4.08294	-4.38851	-5.30303	0.339287	0.325168	0.239554	0.0959912	0.141422
301	-25.6301	-23.5309	-21.8352	-21.4507	0.00840644	0.0685898	0.373843	0.54916	0.526556
302	-7.64232	-7.67235	-7.88835	-8.53637	0.316325	0.306967	0.247332	0.129375	0.16935
303	-7.89916	-7.95102	-8.32375	-9.43762	0.354836	0.336901	0.232075	0.076187	0.124253
304	-19.3978	-19.4403	-19.7458	-20.6578	0.339204	0.325082	0.239506	0.0962087	0.141583
305	-4.04044	-4.08294	-4.38851	-5.30303	0.339287	0.325168	0.239554	0.0959912	0.141422
306	-17.7041	-15.6078	-13.9314	-13.6003	0.00883312	0.0718729	0.384232	0.535062	0.517636
307	-8.47048	-8.51646	-8.84712	-9.83784	0.345304	0.329786	0.236934	0.0879756	0.134558
308	-4.80765	-4.83625	-5.04201	-5.65897	0.313508	0.304666	0.248007	0.13382	0.172993
309	-3.64533	-3.68915	-4.00413	-4.94645	0.341545	0.326902	0.238575	0.0929781	0.138843
310	-7.65846	-7.7023	-8.0174	-8.9595	0.341557	0.326906	0.238549	0.0929877	0.138845
311	-17.9681	-18.0102	-18.3124	-19.2173	0.338488	0.324554	0.2399	0.0970585	0.142335
312	-10.3085	-10.3465	-10.6191	-11.4354	0.331137	0.318816	0.242738	0.107308	0.151004
313	-3.48518	-3.55336	-4.04329	-5.50654	0.378953	0.353976	0.216869	0.0502019	0.10059
314	-31.3193	-29.2346	-27.6423	-27.561	0.010936	0.0879472	0.432249	0.468867	0.475604
315	-4.21153	-4.26153	-4.62073	-5.69334	0.351786	0.33463	0.233649	0.0799348	0.127535
316	-3.64533	-3.68915	-4.00413	-4.94645	0.341545	0.326902	0.238575	0.0929781	0.138843
317	-5.29371	-5.33507	-5.63252	-6.52436	0.337358	0.323691	0.240408	0.0985431	0.143611
318	-29.1345	-29.1665	-29.3972	-30.0888	0.320253	0.310149	0.246272	0.123326	0.164363
319	-7.1524	-7.19453	-7.49736	-8.40376	0.338625	0.324657	0.239832	0.096886	0.142185
320	-15.7548	-13.644	-11.8644	-11.2316	0.00665263	0.0549185	0.325508	0.612921	0.566635
321	-3.79809	-3.82825	-4.04533	-4.69797	0.316671	0.307262	0.247304	0.128764	0.168862
322	-14.9981	-12.8967	-11.1853	-10.7558	0.00806299	0.0659338	0.36508	0.560923	0.53398
323	-4.384	-4.44045	-4.84572	-6.05299	0.361826	0.34197	0.228023	0.0681815	0.117096
324	-3.79809	-3.82825	-4.04533	-4.69797	0.316671	0.307262	0.247304	0.128764	0.168862
325	-3.69551	-3.74404	-4.09299	-5.13838	0.349542	0.332984	0.234895	0.0825788	0.129879
326	-12.214	-10.1023	-8.31598	-7.66353	0.00652522	0.0539177	0.321741	0.617817	0.569701
327	-15.669	-15.6976	-15.9034	-16.5205	0.31352	0.304676	0.248004	0.1338	0.172976
328	-4.76051	-4.81136	-5.17679	-6.26966	0.353229	0.335719	0.232954	0.0780985	0.125943
329	-4.80765	-4.83625	-5.04201	-5.65897	0.313508	0.304666	0.248007	0.13382	0.172993
330	-31.5297	-29.4341	-27.7632	-27.4467	0.00895416	0.0728008	0.387068	0.531177	0.515172
331	-6.6921	-6.73438	-7.03818	-7.94611	0.338819	0.324794	0.239701	0.0966855	0.142
332	-7.00264	-7.05693	-7.44639	-8.60218	0.358323	0.339388	0.229911	0.0723777	0.120797
333	-4.80765	-4.83625	-5.04201	-5.65897	0.313508	0.304666	0.248007	0.13382	0.172993
334	-31.325	-27.0758	-23.3185	-21.4542	4.45859e-05	0.00312316	0.133774	0.863058	0.723452
335	-7.7758	-7.81825	-8.12316	-9.03236	0.339028	0.324935	0.23954	0.0964973	0.141818
336	-15.8678	-13.7681	-12.0686	-11.6737	0.00832448	0.067958	0.371823	0.551894	0.528285
337	-13.5286	-11.4313	-9.74876	-9.40303	0.00870677	0.0709093	0.381423	0.538961	0.520115
338	-66.3845	-53.5806	-41.9034	-35.0958	2.5764e-14	9.36867e-09	0.00110409	0.998896	0.803034
339	-4.78813	-4.83856	-5.20128	-6.28821	0.352674	0.335327	0.233314	0.0786854	0.126481
340	-8.05809	-8.10946	-8.47861	-9.58189	0.354042	0.336315	0.232503	0.0771401	0.125093
341	-33.4641	-29.2219	-25.515	-23.8021	5.37254e-05	0.0037371	0.152203	0.844006	0.712256
342	-44.7078	-38.3319	-32.6805	-29.8378	3.29099e-07	0.000193357	0.05505	0.944756	0.771522
343	-11.0103	-11.0563	-11.3869	-12.3778	0.345305	0.32979	0.236945	0.0879608	0.134549
344	-12.6511	-12.6961	-13.0193	-13.9825	0.343401	0.328288	0.237618	0.0906935	0.136843
345	-29.3385	-25.0958	-21.3852	-19.663	5.30862e-05	0.00369458	0.151019	0.845234	0.712978
346	-4.78813	-4.83856	-5.20128	-6.28821	0.352674	0.335327	0.233314	0.0786854	0.126481
347	-7.00866	-7.05232	-7.36599	-8.30228	0.34117	0.326594	0.238661	0.0935745	0.139331
348	-23.3531	-19.1163	-15.4485	-13.8521	6.19079e-05	0.00428293	0.167755	0.8279	0.702786
349	-9.10876	-9.14419	-9.39862	-10.1566	0.326344	0.314982	0.244225	0.114449	0.156941
350	-9.2913	-9.31991	-9.52569	-10.1427	0.313514	0.304671	0.248005	0.13381	0.172985
351	-16.1567	-14.0571	-12.3575	-11.9627	0.00832486	0.067961	0.371833	0.551881	0.528276
352	-8.36555	-8.40792	-8.71253	-9.62498	0.33908	0.325015	0.239668	0.0962365	0.141639
353	-13.5343	-13.5702	-13.8285	-14.6022	0.327491	0.315934	0.244012	0.112562	0.15541
354	-29.6539	-25.4103	-21.6938	-19.9578	5.21172e-05	0.00363031	0.149268	0.847049	0.714046
355	-5.09076	-5.14493	-5.53354	-6.687	0.358143	0.339259	0.230018	0.0725803	0.12098
356	-28.1292	-28.1765	-28.5159	-29.5227	0.347071	0.331032	0.235757	0.0861403	0.132866
357	-53.8443	-47.4695	-41.8258	-39.0047	3.38871e-07	0.000198878	0.056181	0.94362	0.77086
358	-5.45323	-5.5014	-5.84706	-6.87485	0.348581	0.33219	0.235108	0.0841207	0.131139
359	-13.3933	-11.2924	-9.58401	-9.16316	0.00812846	0.0664403	0.366761	0.55867	0.532559
360	-11.6676	-11.6963	-11.9025	-12.5201	0.313606	0.304739	0.247949	0.133706	0.172891
361	-5.62956	-5.67659	-6.01422	-7.01999	0.346774	0.330846	0.236044	0.0863359	0.13308
362	-19.9671	-17.8665	-16.1605	-15.7466	0.00818092	0.0668468	0.36812	0.556853	0.531412
363	-20.8495	-18.7466	-17.0244	-16.568	0.00785093	0.0643004	0.35987	0.567979	0.538442
364	-19.5664	-19.6113	-19.9339	-20.8981	0.343341	0.328267	0.23774	0.0906524	0.136836
365	-5.46656	-5.52078	-5.90934	-7.05762	0.358016	0.339119	0.229934	0.0729308	0.121238
366	-20.1667	-18.0661	-16.3579	-15.9115	0.00801629	0.065503	0.361533	0.564948	0.536413
367	-3.37617	-3.41747	-3.71452	-4.60491	0.337251	0.323606	0.240443	0.0987002	0.143742
368	-11.1147	-11.1602	-11.4872	-12.4647	0.34439	0.329067	0.23727	0.0892727	0.135651
369	-23.7003	-21.6156	-20.0232	-19.9416	0.0109323	0.0879203	0.432201	0.468947	0.475656
370	-50.2684	-43.8915	-38.2321	-35.3567	3.16235e-07	0.000185984	0.0533736	0.94644	0.772502
371	-24.2903	-24.3363	-24.6672	-25.6582	0.345345	0.329814	0.236902	0.0879392	0.134523
372	-8.24419	-8.30065	-8.70604	-9.91336	0.361844	0.34198	0.228004	0.0681724	0.117085
373	-26.9803	-24.8819	-23.19	-22.8027	0.00842896	0.0687246	0.373166	0.54968	0.526827
374	-4.38901	-4.43433	-4.7601	-5.73438	0.344102	0.328855	0.237424	0.0896195	0.135956
375	-6.58319	-6.63323	-6.99253	-8.06313	0.351749	0.334582	0.233592	0.0800765	0.127635
376	-32.1253	-27.8747	-24.1068	-22.2093	4.28083e-05	0.00300302	0.13	0.866955	0.725741
377	-12.6814	-12.7289	-13.0697	-14.0832	0.347465	0.331351	0.235656	0.0855286	0.132363
378	-31.2161	-26.963	-23.1778	-21.2302	4.01849e-05	0.00282581	0.124457	0.872677	0.729102
379	-14.663	-14.6937	-14.9138	-15.5709	0.317319	0.307744	0.246932	0.128005	0.168187
380	-4.1241	-4.16649	-4.47128	-5.38475	0.339138	0.325065	0.239662	0.0961357	0.141558
381	-50.3547	-41.8407	-34.2137	-30.1477	1.6474e-09	8.21074e-06	0.016857	0.983135	0.793869
382	-4.53929	-4.5704	-4.79429	-5.46717	0.318504	0.308749	0.246814	0.125933	0.16653
383	-15.9777	-16.0346	-16.4412	-17.6249	0.361494	0.341483	0.227408	0.0696146	0.118095
384	-15.5491	-13.4519	-11.7701	-11.4263	0.00872235	0.0710295	0.381812	0.538436	0.519783
385	-12.9244	-10.8222	-9.10465	-8.65508	0.0079205	0.0648223	0.361134	0.566123	0.537248
386	-25.2194	-20.9879	-17.3579	-15.8749	7.09181e-05	0.00488049	0.184054	0.810994	0.692841
387	-9.98444	-10.0304	-10.361	-11.3519	0.345301	0.329786	0.236945	0.087968	0.134555
388	-16.7918	-14.6809	-12.9013	-12.2682	0.00665123	0.0549075	0.325466	0.612975	0.566668
389	-39.9647	-33.5837	-27.8946	-24.9327	2.81632e-07	0.000166321	0.0491661	0.950667	0.774963
390	-4.54351	-4.60343	-5.03385	-6.31776	0.367125	0.345772	0.224834	0.0622687	0.111769
391	-16.8067	-14.7123	-13.0499	-12.7563	0.00914492	0.0742623	0.391507	0.525086	0.511308
392	-8.79972	-8.84102	-9.13809	-10.0284	0.337253	0.323606	0.240437	0.0987048	0.143745
393	-19.1843	-17.085	-15.3884	-15.0023	0.00839064	0.068471	0.373558	0.54958	0.526826
394	-27.6148	-25.5034	-23.7192	-23.0661	0.00653778	0.054001	0.321558	0.617903	0.569732
395	-8.22248	-8.25333	-8.47536	-9.14218	0.317984	0.308322	0.246933	0.126761	0.167207
396	-3.64533	-3.68915	-4.00413	-4.94645	0.341545	0.326902	0.238575	0.0929781	0.138843
397	-11.4805	-11.5193	-11.7982	-12.633	0.332715	0.320053	0.242153	0.105079	0.149126
398	-7.95204	-7.99494	-8.30334	-9.22637	0.339974	0.325698	0.239264	0.0950633	0.14063
399	-17.6254	-17.671	-17.9991	-18.9793	0.344614	0.329239	0.237161	0.0889857	0.135402
400	-16.4069	-14.3142	-12.6648	-12.4197	0.00950635	0.077066	0.401014	0.512413	0.503323
401	-27.7393	-25.6577	-24.0875	-24.0701	0.0115229	0.092382	0.444164	0.451931	0.464778
402	-43.2868	-43.3304	-43.6436	-44.5771	0.341022	0.326466	0.238668	0.0938441	0.139545
403	-10.8547	-10.8971	-11.2018	-12.1152	0.339133	0.325061	0.239662	0.0961441	0.141565
404	-12.439	-12.4884	-12.8433	-13.9037	0.350828	0.333922	0.234157	0.0810923	0.128554
405	-18.7514	-16.6527	-14.9603	-14.584	0.00847412	0.0691088	0.375438	0.546979	0.525173
406	-28.7712	-24.5236	-20.7815	-18.9965	4.85336e-05	0.00339437	0.143192	0.853365	0.717764
407	-6.6921	-6.73438	-7.03818	-7.94611	0.338819	0.324794	0.239701	0.0966855	0.142
408	-4.38901	-4.43433	-4.7601	-5.73438	0.344102	0.328855	0.237424	0.0896195	0.135956
409	-3.48518	-3.55336	-4.04329	-5.50654	0.378953	0.353976	0.216869	0.0502019	0.10059
410	-4.78813	-4.83856	-5.20128	-6.28821	0.352674	0.335327	0.233314	0.0786854	0.126481
411	-9.01274	-9.06332	-9.42703	-10.5165	0.352887	0.335481	0.23319	0.0784418	0.126263
412	-7.42037	-7.44924	-7.65666	-8.27581	0.313855	0.304924	0.247804	0.133418	0.172633
413	-4.54351	-4.60343	-5.03385	-6.31776	0.367125	0.345772	0.224834	0.0622687	0.111769
414	-11.259	-11.3077	-11.6579	-12.704	0.349741	0.333106	0.234699	0.0824533	0.129739
477	-33.3704	-29.1135	-25.3083	-23.3591	3.91876e-05	0.00276623	0.124294	0.872901	0.729244
478	-40.065	-35.8405	-32.2598	-30.9172	8.39163e-05	0.00573501	0.205869	0.788312	0.679487
479	-13.3836	-11.2854	-9.59621	-9.22938	0.00854722	0.0696736	0.377291	0.544488	0.523601
480	-7.89145	-7.9354	-8.25056	-9.18548	0.341359	0.326682	0.23837	0.0935882	0.139281
481	-5.43633	-5.47896	-5.78538	-6.70179	0.339474	0.325306	0.239452	0.0957688	0.141225
482	-4.56717	-4.61096	-4.92548	-5.86356	0.341352	0.326726	0.238557	0.0933653	0.139144
483	-3.72494	-3.74992	-3.92968	-4.46951	0.306267	0.298711	0.249564	0.145458	0.182487
484	-17.368	-17.4083	-17.698	-18.56	0.335233	0.321976	0.241013	0.101778	0.146286
485	-4.24719	-4.29394	-4.62937	-5.62607	0.346193	0.330381	0.236233	0.0871923	0.133794
486	-47.2499	-40.8668	-35.1629	-32.1589	2.66037e-07	0.00015744	0.0472358	0.952607	0.776092
487	-5.62361	-5.66949	-5.99826	-6.97075	0.344511	0.329062	0.23686	0.0895661	0.135796
488	-30.8054	-26.1852	-21.2711	-18.3442	3.67582e-06	0.000373121	0.050819	0.948804	0.77384
489	-51.2647	-42.7431	-35.0607	-30.8232	1.30661e-09	6.56207e-06	0.014239	0.985754	0.795393
490	-20.1805	-18.0593	-16.2061	-15.3608	0.00536235	0.0447285	0.285381	0.664528	0.598877
491	-9.79289	-9.823	-10.0395	-10.6877	0.316411	0.307025	0.247258	0.129306	0.16928
492	-16.0808	-13.974	-12.2234	-11.6741	0.00721697	0.0593358	0.341668	0.591779	0.553371
493	-8.57955	-8.61457	-8.86633	-9.61942	0.325759	0.314547	0.244538	0.115156	0.157564
494	-5.95556	-6.00148	-6.3301	-7.29731	0.344339	0.328884	0.23677	0.0900067	0.136124
495	-11.0617	-11.0972	-11.3528	-12.1152	0.326667	0.315255	0.24417	0.113909	0.156504
496	-34.3938	-30.1425	-26.3698	-24.4588	4.2078e-05	0.00295376	0.128479	0.868525	0.726664
497	-16.5305	-14.4249	-12.6825	-12.1574	0.00738549	0.0606516	0.346386	0.585577	0.549476
498	-32.6758	-28.4292	-24.6907	-22.8818	4.77705e-05	0.00333748	0.140298	0.856317	0.719492
499	-3.61232	-3.65251	-3.94141	-4.80538	0.33518	0.321975	0.241188	0.101657	0.146228
500	-87.5289	-72.5545	-58.6877	-50.1474	5.82576e-17	1.8563e-10	0.000195397	0.999805	0.803562
501	-9.26606	-9.29036	-9.46498	-9.98734	0.304716	0.297402	0.24975	0.148132	0.184632
502	-8.96047	-8.98422	-9.15485	-9.66525	0.303573	0.29645	0.249946	0.150032	0.18617
503	-14.1267	-14.1692	-14.4749	-15.3887	0.339288	0.325157	0.23951	0.0960456	0.141456
504	-5.23788	-5.28279	-5.60421	-6.55083	0.342656	0.327608	0.237554	0.0921827	0.138002
505	-35.0936	-28.7026	-22.9431	-19.7764	2.13721e-07	0.00012747	0.040435	0.959437	0.780069
506	-9.32773	-9.36545	-9.63636	-10.4444	0.330601	0.318362	0.24281	0.108227	0.151743
507	-7.91484	-7.93378	-8.06989	-8.47709	0.293467	0.287962	0.251318	0.167253	0.200023
508	-51.4558	-45.072	-39.3631	-36.3387	2.59458e-07	0.000153642	0.0463278	0.953518	0.776623
509	-8.44448	-8.4787	-8.72466	-9.46056	0.324252	0.313344	0.245021	0.117384	0.15942
510	-10.1887	-10.2304	-10.5308	-11.4292	0.338002	0.324169	0.240068	0.0977608	0.142924
511	-45.0105	-36.4787	-28.7238	-24.2772	9.78544e-10	4.96479e-06	0.0115834	0.988412	0.796938
512	-15.5555	-13.4516	-11.7215	-11.2315	0.0076374	0.0626116	0.353202	0.576549	0.543796
513	-4.70899	-4.73262	-4.90269	-5.41391	0.303518	0.29643	0.25007	0.149983	0.186157
514	-40.7086	-34.3271	-28.6355	-25.6677	2.79241e-07	0.000164973	0.048894	0.950941	0.775123
515	-67.9017	-57.2276	-47.4669	-41.7062	4.18854e-12	1.81036e-07	0.00313903	0.996861	0.801851
516	-19.2365	-17.1397	-15.4593	-15.1076	0.00869938	0.0708173	0.38014	0.540343	0.520938
517	-20.6972	-18.6038	-16.9491	-16.6789	0.00933215	0.0757021	0.396052	0.518914	0.507403
518	-4.04925	-4.08435	-4.33669	-5.0917	0.325917	0.314674	0.244495	0.114914	0.157364
519	-23.6913	-19.4513	-15.7596	-14.0896	5.66722e-05	0.00393365	0.157798	0.838211	0.708849
520	-4.56717	-4.61096	-4.92548	-5.86356	0.341352	0.326726	0.238557	0.0933653	0.139144
521	-16.82	-14.7188	-13.0084	-12.5782	0.00806894	0.0659696	0.364903	0.561059	0.534051
522	-25.276	-21.0204	-17.2165	-15.214	3.74942e-05	0.00264349	0.11862	0.878699	0.732639
523	-49.2201	-40.5237	-32.0424	-26.7083	1.66408e-10	9.95355e-07	0.00480119	0.995198	0.800884
608	-28.4449	-24.1987	-20.4625	-18.6547	4.79445e-05	0.00334828	0.140423	0.856181	0.71941
609	-22.2855	-18.0407	-14.3154	-12.5484	5.02596e-05	0.00350501	0.145399	0.851046	0.716394
610	-22.9818	-18.7326	-14.9752	-13.1148	4.47334e-05	0.00313371	0.134237	0.862585	0.723175
611	-13.9557	-11.8575	-10.1681	-9.79919	0.00853567	0.0695803	0.376873	0.545011	0.523925
612	-35.1641	-28.7899	-23.1503	-20.3343	3.42101e-07	0.000200645	0.0564542	0.943345	0.7707
613	-16.7619	-14.6636	-12.9737	-12.6033	0.00852446	0.0694935	0.376578	0.545404	0.524173
614	-25.737	-21.4911	-17.7575	-15.9645	4.86964e-05	0.0033999	0.142221	0.85433	0.718324
615	-4.29553	-4.33302	-4.60233	-5.40613	0.330211	0.318061	0.242969	0.108759	0.152195
616	-15.1692	-13.0765	-11.4264	-11.1714	0.00945163	0.0766226	0.398999	0.514927	0.504882
617	-35.9132	-29.5166	-23.7159	-20.4271	1.81338e-07	0.000108776	0.0359511	0.96394	0.782691
618	-4.29553	-4.33302	-4.60233	-5.40613	0.330211	0.318061	0.242969	0.108759	0.152195
619	-5.43584	-5.47842	-5.78443	-6.69962	0.339375	0.32523	0.239493	0.0959025	0.141339
620	-4.04877	-4.08383	-4.33583	-5.08984	0.32583	0.314604	0.244523	0.115043	0.157471
621	-4.56654	-4.61027	-4.92437	-5.8612	0.341252	0.326649	0.2386	0.0934997	0.139259
622	-3.72448	-3.74943	-3.92895	-4.46806	0.3062	0.298654	0.249576	0.14557	0.182577
623	-5.14898	-5.18107	-5.41167	-6.10068	0.320156	0.310044	0.246192	0.123607	0.164567
624	-12.8393	-12.8722	-13.1087	-13.8159	0.321745	0.31133	0.24576	0.121166	0.162553
625	-7.45805	-7.49348	-7.74805	-8.50843	0.326451	0.315086	0.24427	0.114193	0.156749
626	-19.6181	-17.4803	-15.5338	-14.5723	0.00445936	0.0378178	0.264882	0.692841	0.616863
627	-15.4801	-13.3804	-11.6803	-11.2836	0.0083114	0.0678567	0.371482	0.55235	0.528572
628	-4.80644	-4.83502	-5.04055	-5.65683	0.313445	0.304615	0.248021	0.133919	0.173073
629	-18.1821	-18.2268	-18.5478	-19.5047	0.342887	0.327897	0.237856	0.0913589	0.137417
630	-10.9732	-11.0105	-11.2792	-12.0844	0.330164	0.318054	0.243107	0.108676	0.152159
631	-8.0576	-8.10891	-8.47766	-9.57971	0.353951	0.336248	0.23255	0.0772505	0.12519
632	-4.03965	-4.08211	-4.38734	-5.30085	0.339206	0.325105	0.239587	0.0961019	0.141516
633	-4.6656	-4.71841	-5.09796	-6.23238	0.356347	0.338016	0.231261	0.0743759	0.122655
634	-24.6929	-22.5899	-20.8668	-20.4	0.00779726	0.0638627	0.357773	0.570567	0.540043
635	-51.3086	-42.7867	-35.103	-30.8684	1.30828e-09	6.57216e-06	0.014279	0.985714	0.795369
636	-12.4542	-12.5014	-12.8396	-13.8444	0.346841	0.330871	0.235915	0.0863741	0.133083
637	-5.51256	-5.56398	-5.93368	-7.04125	0.35423	0.336479	0.232486	0.0768044	0.124825
638	-3.37569	-3.41695	-3.71366	-4.60308	0.337171	0.323544	0.240475	0.0988104	0.143836
639	-23.6634	-21.569	-19.906	-19.6088	0.00912228	0.0740822	0.390772	0.526024	0.511893
640	-9.16233	-9.21873	-9.62373	-10.8299	0.361762	0.341921	0.228053	0.0682642	0.117167
641	-61.2259	-52.7064	-45.0394	-40.852	1.39693e-09	7.00101e-06	0.0149583	0.985035	0.794974
642	-16.7532	-14.6574	-12.9863	-12.6743	0.00897228	0.0729558	0.387991	0.530081	0.514501
643	-6.38599	-6.4162	-6.63342	-7.28403	0.316615	0.307193	0.247214	0.128978	0.169013
644	-11.7554	-11.7863	-12.009	-12.6755	0.318069	0.308369	0.246819	0.126743	0.167169
645	-4.38313	-4.43951	-4.84434	-6.05027	0.361731	0.341901	0.228078	0.0682898	0.117193
646	-14.6683	-12.5701	-10.8808	-10.5132	0.00854283	0.0696384	0.377137	0.544682	0.523721
647	-47.3569	-45.2554	-43.5442	-43.1236	0.00810396	0.0662765	0.366904	0.558715	0.532621
648	-4.80644	-4.83502	-5.04055	-5.65683	0.313445	0.304615	0.248021	0.133919	0.173073
649	-6.64019	-6.68242	-6.98584	-7.8925	0.338723	0.324718	0.239736	0.0968222	0.142115
650	-7.63121	-7.67248	-7.96928	-8.85846	0.337176	0.323543	0.240456	0.0988254	0.143844
651	-11.3117	-11.3547	-11.6638	-12.5855	0.340041	0.325718	0.239113	0.0951279	0.140649
652	-14.0027	-14.058	-14.4545	-15.631	0.359848	0.340494	0.22903	0.0706276	0.119234
653	-7.63321	-7.67647	-7.98737	-8.91636	0.340531	0.326115	0.238971	0.0943828	0.140033
654	-38.5233	-34.2906	-30.6516	-29.1393	6.85462e-05	0.00472302	0.179723	0.815485	0.695483
655	-3.48517	-3.55327	-4.04267	-5.50429	0.37885	0.353907	0.216943	0.0503005	0.100683
656	-17.8523	-17.881	-18.0875	-18.7067	0.313713	0.304833	0.247952	0.133502	0.172731
657	-26.2737	-22.0375	-18.373	-16.7874	6.2704e-05	0.004336	0.169257	0.826344	0.701871
658	-32.4084	-28.161	-24.4181	-22.6179	4.78785e-05	0.00334805	0.141352	0.855252	0.71887
659	-4.03965	-4.08211	-4.38734	-5.30085	0.339206	0.325105	0.239587	0.0961019	0.141516
660	-48.44	-46.3484	-44.706	-44.4679	0.00961168	0.0778329	0.402227	0.510329	0.501941
661	-4.41928	-4.46873	-4.82431	-5.88925	0.351044	0.334107	0.234132	0.0807168	0.128253
662	-15.6411	-13.5142	-11.6802	-11.2148	0.00687216	0.0576472	0.360825	0.574656	0.543816
663	-4.21069	-4.26063	-4.61945	-5.69086	0.351697	0.334564	0.233694	0.0800455	0.127632
664	-7.64149	-7.67148	-7.88724	-8.53452	0.316258	0.306913	0.247349	0.129479	0.169436
665	-43.7966	-39.5196	-35.6	-33.4793	2.94511e-05	0.0021213	0.106871	0.890978	0.73988
666	-5.80744	-5.86277	-6.25969	-7.43725	0.359929	0.340553	0.228984	0.070534	0.119151
667	-4.78763	-4.83801	-5.20033	-6.28606	0.352584	0.33526	0.23336	0.0787955	0.126577
668	-15.1193	-13.0215	-11.334	-10.9645	0.00855104	0.069681	0.376683	0.545085	0.523946
669	-22.9761	-20.8827	-19.228	-18.9643	0.00936292	0.0759576	0.397375	0.517305	0.506411
670	-24.8662	-20.6351	-17.0076	-15.5285	7.13497e-05	0.00490825	0.184637	0.810384	0.69248
671	-22.72	-22.759	-23.0388	-23.8726	0.332813	0.320097	0.241979	0.105111	0.149114
672	-56.6732	-45.9914	-36.2035	-30.5438	4.47338e-12	1.94837e-07	0.00347158	0.996528	0.801657
673	-11.1027	-11.1478	-11.4717	-12.4373	0.343574	0.328421	0.237551	0.0904546	0.13664
674	-14.1158	-12.0242	-10.3824	-10.1565	0.00967704	0.0783635	0.404683	0.507277	0.500051
675	-5.51256	-5.56398	-5.93368	-7.04125	0.35423	0.336479	0.232486	0.0768043	0.124825
676	-30.1	-25.8602	-22.1705	-20.5065	5.70877e-05	0.00396137	0.158588	0.837394	0.708368
677	-9.74167	-9.78379	-10.0867	-10.9944	0.338676	0.324707	0.239847	0.0967701	0.142097
678	-15.2737	-13.1831	-11.5488	-11.3484	0.00987871	0.0799174	0.409652	0.500552	0.495798
679	-5.51052	-5.56169	-5.92971	-7.03216	0.353852	0.336198	0.232685	0.0772647	0.12523
680	-18.842	-16.7524	-15.125	-14.943	0.0100423	0.0811614	0.41318	0.495617	0.492654
681	-4.57731	-4.62257	-4.94777	-5.91963	0.343948	0.32873	0.237469	0.0898532	0.13615
682	-13.8856	-11.79	-10.1202	-9.81426	0.00901369	0.0732807	0.389195	0.52851	0.513517
683	-5.28692	-5.329	-5.63145	-6.53594	0.338509	0.32456	0.239851	0.0970799	0.142342
684	-16.3283	-16.3829	-16.7736	-17.9288	0.358497	0.339475	0.229682	0.0723462	0.120724
685	-25.1514	-23.0646	-21.457	-21.3253	0.0105084	0.0846851	0.422661	0.482146	0.484044
686	-3.64223	-3.6858	-3.999	-4.93591	0.341115	0.326572	0.238759	0.0935541	0.139336
688	-46.2598	-39.8849	-34.2404	-31.4131	3.366e-07	0.00019756	0.055857	0.943945	0.771049
689	-4.38594	-4.431	-4.75493	-5.72361	0.343664	0.32852	0.23762	0.0901963	0.136452
690	-25.4975	-25.5538	-25.9581	-27.1596	0.361551	0.341745	0.228102	0.068602	0.117444
691	-4.12163	-4.16377	-4.46685	-5.37509	0.338717	0.324739	0.239835	0.0967092	0.142046
692	-3.69276	-3.74101	-4.08799	-5.1274	0.349087	0.332642	0.235118	0.0831531	0.130379
693	-7.25652	-7.31371	-7.72416	-8.94443	0.362872	0.3427	0.227331	0.0670972	0.116096
694	-9.25398	-9.29409	-9.58089	-10.4212	0.334105	0.320968	0.240939	0.103988	0.148012
695	-47.3188	-38.7961	-31.1055	-26.8443	1.26459e-09	6.35826e-06	0.0139093	0.986084	0.795584
696	-8.36308	-8.4052	-8.7081	-9.61532	0.338659	0.324689	0.239841	0.0968105	0.142128
697	-23.8662	-19.6148	-15.8423	-13.9345	4.22004e-05	0.00296242	0.128839	0.868156	0.726448
698	-12.6016	-12.6427	-12.9386	-13.8224	0.336864	0.323277	0.240491	0.0993683	0.144279
699	-20.6068	-18.5035	-16.7779	-16.3045	0.0077476	0.0634775	0.356461	0.572313	0.541143
700	-4.12163	-4.16377	-4.46685	-5.37509	0.338717	0.324739	0.239835	0.0967092	0.142046
701	-45.8381	-39.4556	-33.7564	-30.7675	2.71351e-07	0.000160484	0.0479261	0.951913	0.775689
702	-12.7554	-10.6558	-8.95689	-8.56412	0.00834015	0.06808	0.372251	0.551328	0.527929
703	-14.4771	-12.3794	-10.6938	-10.339	0.00863616	0.0703637	0.379634	0.541366	0.521634
704	-26.9302	-22.6749	-18.8715	-16.8489	3.68657e-05	0.00259828	0.116542	0.880823	0.733883
705	-9.05702	-9.11311	-9.51588	-10.7154	0.361285	0.341576	0.228333	0.0688061	0.117653
706	-9.82703	-9.85893	-10.0885	-10.7785	0.320034	0.309985	0.246389	0.123591	0.164596
707	-25.3444	-25.3878	-25.6996	-26.631	0.340749	0.326276	0.238863	0.0941118	0.139797
708	-16.2101	-14.1136	-12.4374	-12.112	0.00886062	0.072101	0.385411	0.533627	0.516752
709	-4.78471	-4.83478	-5.19479	-6.27353	0.352062	0.334871	0.233628	0.0794391	0.12714
710	-3.7949	-3.82484	-4.04031	-4.68805	0.316229	0.306903	0.247414	0.129453	0.169429
711	-3.48511	-3.55278	-4.03906	-5.49123	0.378251	0.3535	0.217371	0.0508782	0.101228
712	-9.04213	-9.08317	-9.37836	-10.263	0.336791	0.323247	0.240622	0.0993408	0.144284
713	-3.7949	-3.82484	-4.04031	-4.68805	0.316229	0.306903	0.247414	0.129453	0.169429
714	-11.1207	-11.1777	-11.5873	-12.8045	0.362671	0.342553	0.227441	0.0673344	0.116306
715	-4.2058	-4.25542	-4.61195	-5.67644	0.351176	0.334174	0.233957	0.0806928	0.128197
716	-4.43013	-4.46776	-4.73834	-5.54841	0.330615	0.318404	0.242922	0.108059	0.151634
717	-5.29047	-5.33152	-5.62675	-6.51188	0.336812	0.323266	0.240626	0.0992967	0.144251
718	-8.05619	-8.08614	-8.30167	-8.94915	0.31623	0.306899	0.247395	0.129477	0.169443
719	-6.09943	-6.14769	-6.49444	-7.53043	0.348963	0.332524	0.235086	0.0834267	0.130587
720	-27.2557	-23.0038	-19.2271	-17.3071	4.15614e-05	0.00291925	0.127488	0.869552	0.727267
721	-23.9397	-23.9828	-24.2928	-25.219	0.340311	0.325944	0.239061	0.0946842	0.140289
722	-14.8009	-14.8385	-15.1092	-15.9197	0.330648	0.31843	0.242911	0.108011	0.151594
723	-8.78674	-8.82905	-9.13052	-10.0027	0.337371	0.323395	0.239225	0.100009	0.144517
724	-63.939	-53.2751	-43.5876	-38.0421	5.64207e-12	2.41368e-07	0.00388959	0.99611	0.801414
725	-60.2019	-60.2481	-60.5795	-61.5667	0.345324	0.329745	0.236719	0.0882115	0.134699
726	-16.1491	-16.1799	-16.4013	-17.0621	0.317663	0.308022	0.246835	0.12748	0.167753
727	-3.7949	-3.82484	-4.04031	-4.68805	0.316229	0.306903	0.247414	0.129453	0.169429
728	-11.6881	-11.7316	-12.0445	-12.9793	0.341003	0.326474	0.238766	0.093756	0.139496
729	-4.2058	-4.25542	-4.61195	-5.67644	0.351176	0.334174	0.233957	0.0806928	0.128197
730	-13.9692	-14.0045	-14.2567	-14.9908	0.32516	0.313866	0.24391	0.117064	0.158935
731	-3.37289	-3.41389	-3.70872	-4.59241	0.336705	0.323181	0.24066	0.0994538	0.144381
732	-23.6278	-19.388	-15.6986	-14.0377	5.7252e-05	0.00397274	0.159	0.83697	0.708119
733	-5.88226	-5.92336	-6.21864	-7.1009	0.336732	0.323174	0.240545	0.099549	0.144432
734	-62.1721	-51.4937	-41.7058	-35.8977	3.87164e-12	1.68064e-07	0.00299432	0.997006	0.801935
735	-4.12085	-4.16291	-4.46544	-5.37203	0.338583	0.324636	0.23989	0.0968916	0.142202
736	-4.12085	-4.16291	-4.46544	-5.37203	0.338583	0.324636	0.23989	0.0968916	0.142202
737	-28.1303	-26.0308	-24.3323	-23.9369	0.00833165	0.0680042	0.371705	0.551959	0.528312
738	-6.59412	-6.63814	-6.95433	-7.89758	0.341758	0.32704	0.238385	0.0928176	0.138677
739	-55.5777	-44.8961	-35.0872	-29.2335	3.61085e-12	1.57245e-07	0.00286099	0.997139	0.802012
741	-26.9837	-22.7441	-19.0556	-17.3974	5.74418e-05	0.00398536	0.159348	0.836609	0.707908
742	-6.72623	-6.77107	-7.09308	-8.05326	0.343132	0.328087	0.23776	0.0910207	0.13713
743	-50.9114	-42.3858	-34.6754	-30.3568	1.16821e-09	5.8901e-06	0.0131434	0.986851	0.79603
752	-4.70674	-4.71351	-4.76222	-4.90884	0.266219	0.264424	0.251852	0.217505	0.23972
753	-4.02711	-4.04109	-4.14182	-4.44555	0.282821	0.278894	0.25217	0.186116	0.21506
754	-68.7559	-60.1751	-52.0886	-46.7878	2.86556e-10	1.52677e-06	0.00496274	0.995036	0.800789
755	-4.12739	-4.13582	-4.19681	-4.38331	0.270362	0.268092	0.252231	0.209316	0.233349
756	-24.2587	-19.9885	-16.0806	-13.7713	2.53211e-05	0.00181139	0.0901965	0.907967	0.749817
757	-4.47834	-4.49128	-4.58458	-4.86699	0.280558	0.276952	0.25228	0.19021	0.218308
758	-11.6467	-11.6556	-11.7195	-11.9122	0.271155	0.268763	0.252138	0.207944	0.232249
759	-26.3103	-22.0368	-18.1052	-15.7262	2.31289e-05	0.00166005	0.084641	0.913676	0.753166
760	-76.5778	-63.7721	-52.0811	-45.2237	2.41331e-14	8.79161e-09	0.00105052	0.998949	0.803065
779	-36.8675	-34.7687	-33.0746	-32.6889	0.00841646	0.0686507	0.373561	0.549372	0.526665
781	-43.8319	-35.309	-27.6168	-23.3505	1.25594e-09	6.31615e-06	0.0138392	0.986155	0.795625
782	-73.4683	-60.6674	-49.0117	-42.2644	2.80423e-14	1.01663e-08	0.00117271	0.998827	0.802994
783	-29.1128	-24.8802	-21.2418	-19.7278	6.85019e-05	0.00471943	0.179489	0.815723	0.695622
784	-15.7364	-15.7839	-16.1252	-17.1427	0.347653	0.331517	0.235646	0.0851843	0.132089
785	-3.48511	-3.55278	-4.03906	-5.49123	0.378251	0.3535	0.217371	0.0508782	0.101228
786	-18.2184	-16.1054	-14.3125	-13.65	0.0064371	0.0532534	0.319873	0.620437	0.571371
787	-13.4045	-11.3043	-9.601	-9.19478	0.0082399	0.0673024	0.369614	0.554843	0.530144
788	-16.1742	-14.0888	-12.4913	-12.3942	0.0107956	0.0868827	0.429288	0.473034	0.478262
789	-5.50971	-5.5608	-5.92815	-7.02859	0.353703	0.336088	0.232763	0.0774462	0.125389
790	-8.09461	-8.12456	-8.34009	-8.98758	0.31623	0.306899	0.247395	0.129476	0.169443
791	-4.06891	-4.11453	-4.44268	-5.4261	0.344718	0.329344	0.237214	0.0887242	0.135207
792	-10.8439	-10.8723	-11.0765	-11.6889	0.313084	0.304319	0.248104	0.134493	0.173543
793	-28.4922	-24.2324	-20.4418	-18.7331	4.87393e-05	0.00345069	0.152805	0.843695	0.712132
794	-13.614	-13.6678	-14.0537	-15.1989	0.357547	0.338821	0.230346	0.0732851	0.121604
795	-20.6907	-18.588	-16.8661	-16.4032	0.007825	0.0640784	0.358522	0.569575	0.539418
796	-4.06891	-4.11453	-4.44268	-5.4261	0.344718	0.329344	0.237214	0.0887242	0.135207
797	-25.1875	-20.9351	-17.1553	-15.2257	4.10653e-05	0.00288567	0.126422	0.870651	0.727913
909	-3.37289	-3.41389	-3.70871	-4.5924	0.336705	0.323181	0.24066	0.099454	0.144382
910	-42.3591	-35.9818	-30.3212	-27.4551	3.18529e-07	0.000187399	0.0538459	0.945966	0.772226
911	-10.1089	-10.1593	-10.522	-11.6066	0.352615	0.335261	0.233267	0.0788577	0.126607
912	-3.64125	-3.68474	-3.99737	-4.93257	0.340978	0.326466	0.238818	0.0937375	0.139492
913	-5.08641	-5.125	-5.40249	-6.23387	0.332383	0.3198	0.242305	0.105511	0.149498
914	-22.099	-19.9804	-18.1678	-17.5876	0.00660801	0.0549767	0.336783	0.601632	0.56007
915	-5.85533	-5.90388	-6.25251	-7.29153	0.349325	0.332772	0.234823	0.0830801	0.130259
916	-14.9468	-12.8549	-11.2116	-10.9812	0.00963918	0.078075	0.403847	0.508438	0.50079
917	-4.06891	-4.11453	-4.44267	-5.4261	0.344718	0.329344	0.237214	0.0887244	0.135207
918	-4.37803	-4.43406	-4.83631	-6.0344	0.361177	0.3415	0.2284	0.0689236	0.117759
919	-8.75595	-8.80446	-9.15265	-10.1882	0.349168	0.332634	0.234828	0.0833702	0.130489
920	-11.9682	-11.9992	-12.1806	-12.4197	0.292832	0.283914	0.236801	0.186453	0.212101
921	-35.0803	-28.7014	-23.0304	-20.1468	3.09562e-07	0.000182425	0.0529603	0.946857	0.772745
922	-4.37803	-4.43406	-4.83631	-6.0344	0.361177	0.3415	0.2284	0.0689236	0.117759
923	-3.7949	-3.82484	-4.04031	-4.68805	0.316229	0.306903	0.247414	0.129454	0.169429
924	-14.2939	-12.1993	-10.5361	-10.2486	0.00916535	0.0744439	0.392772	0.523618	0.510416
925	-9.89925	-9.94959	-10.3115	-11.3957	0.352488	0.335184	0.233394	0.0789335	0.126693
926	-27.5004	-23.2368	-19.4005	-17.4681	3.82909e-05	0.00272128	0.126131	0.87111	0.728212
927	-12.9463	-12.9914	-13.3159	-14.2856	0.343778	0.3286	0.237545	0.090077	0.136342
928	-3.7949	-3.82484	-4.04031	-4.68805	0.316229	0.306903	0.247414	0.129454	0.169429
929	-50.7365	-46.4955	-42.7969	-41.1005	5.50007e-05	0.00382093	0.154336	0.841788	0.71095
930	-52.616	-48.3699	-44.6343	-42.834	4.8285e-05	0.00337203	0.141331	0.855249	0.718864
931	-14.3517	-14.3928	-14.6885	-15.5739	0.336888	0.323318	0.240553	0.0992407	0.144191
932	-21.7556	-17.5021	-13.7142	-11.7617	3.98878e-05	0.00280612	0.12393	0.873224	0.729424
933	-24.6013	-20.3489	-16.5684	-14.6373	4.09858e-05	0.00288032	0.12626	0.870819	0.728012
934	-10.0815	-10.1209	-10.4041	-11.2536	0.333844	0.320955	0.241798	0.103402	0.147731
935	-10.9253	-10.9552	-11.1707	-11.8184	0.316229	0.306902	0.247412	0.129457	0.169431
936	-3.64125	-3.68474	-3.99737	-4.93257	0.340978	0.326466	0.238818	0.0937375	0.139492
937	-15.2521	-13.1578	-11.4971	-11.2126	0.00920423	0.0747296	0.393306	0.52276	0.509854
938	-3.48511	-3.55278	-4.03906	-5.49123	0.378251	0.3535	0.217371	0.0508785	0.101228
939	-13.9884	-11.8781	-10.1021	-9.47621	0.00670712	0.0553379	0.326815	0.61114	0.565506
940	-3.7949	-3.82484	-4.04031	-4.68805	0.316229	0.306903	0.247414	0.129454	0.169429
941	-10.3961	-10.4397	-10.7531	-11.6889	0.341103	0.326549	0.238712	0.0936359	0.13939
942	-10.4333	-10.4617	-10.6659	-11.2783	0.313085	0.304319	0.248103	0.134492	0.173543
943	-3.7949	-3.82484	-4.04031	-4.68805	0.316229	0.306903	0.247414	0.129454	0.169429
944	-22.9851	-18.7503	-15.0969	-13.5441	6.52316e-05	0.00450388	0.173889	0.821542	0.699047
945	-10.2934	-10.337	-10.6502	-11.5873	0.341132	0.326584	0.23875	0.0935345	0.139318
946	-3.69189	-3.74005	-4.08641	-5.12391	0.348942	0.332533	0.235188	0.083336	0.130537
947	-16.4546	-14.3639	-12.7281	-12.5097	0.00977626	0.0790911	0.40602	0.505112	0.498631
948	-8.5806	-8.61836	-8.88979	-9.70245	0.330833	0.318576	0.242845	0.107745	0.151371
949	-4.75622	-4.80669	-5.16939	-6.254	0.352614	0.335261	0.233271	0.0788535	0.126604
950	-4.70961	-4.73793	-4.94176	-5.55503	0.313059	0.304319	0.248201	0.134421	0.173507
951	-14.2265	-14.2717	-14.5967	-15.5678	0.343893	0.328688	0.237493	0.0899264	0.136212
952	-11.065	-11.0934	-11.2976	-11.9099	0.313084	0.304319	0.248104	0.134494	0.173544
953	-7.89221	-7.93572	-8.24845	-9.18348	0.340988	0.32647	0.238797	0.093745	0.139494
954	-8.60376	-8.64476	-8.93962	-9.82322	0.336707	0.323181	0.240653	0.0994597	0.144385
955	-8.90303	-8.93443	-9.16029	-9.83701	0.318955	0.309095	0.246605	0.125345	0.166023
956	-22.8821	-20.7916	-19.1579	-18.9542	0.00986881	0.0798259	0.40895	0.501356	0.496285
957	-3.69189	-3.74005	-4.08641	-5.12391	0.348942	0.332533	0.235188	0.083336	0.130537
958	-5.45654	-5.51036	-5.89601	-7.03547	0.357376	0.33865	0.230285	0.0736892	0.121909
959	-23.2902	-23.3407	-23.7036	-24.7875	0.352622	0.335256	0.233227	0.0788957	0.126628
960	-18.6662	-16.5726	-14.9163	-14.6506	0.00933778	0.0757728	0.397034	0.517855	0.506773
961	-5.9233	-5.96694	-6.2803	-7.21458	0.341064	0.326502	0.238668	0.0937655	0.139483
962	-14.9445	-14.9783	-15.2192	-15.9101	0.321835	0.311114	0.244517	0.122534	0.163371
963	-34.6603	-28.2793	-22.5904	-19.6324	2.82729e-07	0.00016697	0.0493469	0.950486	0.774858
964	-4.78471	-4.83478	-5.19479	-6.27353	0.352062	0.334871	0.233628	0.0794393	0.12714
965	-9.39791	-9.42631	-9.63055	-10.2429	0.313089	0.304322	0.248102	0.134487	0.173538
966	-5.9233	-5.96694	-6.2803	-7.21458	0.341064	0.326502	0.238668	0.0937655	0.139483
967	-7.9604	-8.00141	-8.29629	-9.17982	0.336709	0.323181	0.240646	0.0994646	0.144387
968	-22.1496	-22.1816	-22.4088	-23.0579	0.318129	0.308113	0.24549	0.128269	0.168092
969	-17.3691	-17.4147	-17.7426	-18.7219	0.344565	0.329193	0.237164	0.0890777	0.135475
970	-26.9557	-22.7159	-19.0252	-17.3537	5.66712e-05	0.00393279	0.1576	0.83841	0.708965
971	-18.9023	-18.9331	-19.1547	-19.8166	0.317728	0.308079	0.246848	0.127344	0.167649
972	-8.40662	-8.4366	-8.65209	-9.29624	0.316095	0.306758	0.247293	0.129855	0.16972
973	-33.0281	-28.7902	-25.1136	-23.4863	5.97491e-05	0.00413837	0.163513	0.832289	0.705366
974	-8.08543	-8.1155	-8.33184	-8.98178	0.316451	0.307079	0.24734	0.129131	0.169159
975	-17.5216	-17.5762	-17.9679	-19.1299	0.358798	0.33973	0.229628	0.0718429	0.120317
976	-5.06574	-5.09646	-5.31742	-5.97982	0.317649	0.308039	0.246972	0.127341	0.167672
977	-5.08641	-5.125	-5.40249	-6.23387	0.332383	0.3198	0.242305	0.105511	0.149498
978	-10.6607	-10.6915	-10.9134	-11.5785	0.317895	0.308239	0.246907	0.12696	0.167358
979	-50.58	-50.6239	-50.9399	-51.8837	0.341739	0.327037	0.238439	0.0927851	0.138662
980	-5.08255	-5.13632	-5.52202	-6.66668	0.357506	0.338791	0.230369	0.0733343	0.121647
981	-16.2806	-14.1732	-12.4173	-11.8418	0.00706593	0.0581286	0.336486	0.598319	0.557438
982	-4.78471	-4.83478	-5.19479	-6.27353	0.352062	0.334871	0.233628	0.0794393	0.12714
1078	-55.6626	-53.5693	-51.9149	-51.6472	0.00934695	0.0758206	0.396546	0.518286	0.507012
1079	-47.2183	-47.2609	-47.5671	-48.4837	0.33945	0.325294	0.239487	0.095769	0.141233
