Sites	Ll_YN98.omega=0.0769152	Ll_YN98.omega=1	Pr_YN98.omega=0.0769152	Pr_YN98.omega=1	mean
24	-3.58787	-4.92384	0.936913	0.063087	0.13515
25	-4.6977	-5.69996	0.914069	0.0859308	0.156237
26	-99.1689	-74.373	6.6504e-11	1	1
27	-31.0185	-31.9808	0.910883	0.0891174	0.159178
28	-4.00834	-4.83901	0.899599	0.100401	0.169594
29	-3.80341	-4.63715	0.899876	0.100124	0.169338
30	-16.8862	-14.5435	0.272772	0.727228	0.748208
31	-33.0573	-26.3894	0.00493795	0.995062	0.995442
32	-18.8531	-14.4908	0.0474197	0.95258	0.956228
33	-4.23567	-5.12314	0.904614	0.0953865	0.164965
34	-11.3138	-9.8188	0.466818	0.533182	0.569087
35	-4.2999	-5.26967	0.911483	0.0885174	0.158624
36	-5.64452	-6.52095	0.903656	0.0963438	0.165849
37	-5.44913	-6.53292	0.920261	0.0797394	0.150521
38	-18.2344	-16.7348	0.465674	0.534326	0.570144
39	-18.0764	-16.3688	0.414485	0.585515	0.617396
40	-22.7272	-21.102	0.434618	0.565382	0.598811
41	-41.2573	-31.851	0.00032085	0.999679	0.999704
42	-12.0026	-10.3547	0.42905	0.57095	0.60395
43	-42.3822	-35.2464	0.0030988	0.996901	0.99714
44	-5.3556	-5.95965	0.877198	0.122802	0.190272
45	-17.5242	-15.6655	0.378359	0.621641	0.650742
46	-4.51046	-5.54522	0.916588	0.083412	0.153912
47	-11.142	-9.27458	0.376286	0.623714	0.652656
48	-18.2451	-16.6376	0.438962	0.561038	0.594801
49	-14.2264	-12.7329	0.46719	0.53281	0.568744
50	-35.0761	-30.9411	0.0588042	0.941196	0.945719
51	-3.80341	-4.63715	0.899876	0.100124	0.169338
52	-4.72203	-5.78191	0.918488	0.0815118	0.152157
53	-11.1725	-9.31611	0.378887	0.621113	0.650255
54	-16.4281	-17.3144	0.904512	0.0954884	0.165059
55	-11.0679	-9.52117	0.453971	0.546029	0.580946
56	-33.595	-26.7121	0.00398678	0.996013	0.99632
57	-30.0029	-23.1988	0.00431195	0.995688	0.99602
58	-58.4661	-45.5159	9.27613e-06	0.999991	0.999991
59	-10.2738	-8.53991	0.408115	0.591885	0.623275
60	-28.4211	-24.3935	0.0650356	0.934964	0.939967
61	-3.39076	-4.5441	0.925218	0.0747823	0.145946
76	-21.409	-17.1547	0.0525411	0.947459	0.9515
77	-14.8765	-13.617	0.525644	0.474356	0.514786
78	-11.4046	-12.2038	0.896717	0.103283	0.172254
79	-15.0855	-13.5498	0.456705	0.543295	0.578423
80	-14.0099	-12.8565	0.551985	0.448015	0.490471
81	-9.73553	-8.02096	0.412783	0.587217	0.618966
82	-26.5067	-27.5677	0.91857	0.08143	0.152082
83	-9.01096	-10.1642	0.925211	0.0747893	0.145952
84	-3.39076	-4.5441	0.925218	0.0747823	0.145946
85	-3.64665	-4.8662	0.929672	0.0703282	0.141834
86	-8.22352	-9.40965	0.927455	0.0725451	0.14388
87	-5.05944	-6.14446	0.920351	0.0796494	0.150438
88	-5.36894	-6.69861	0.93654	0.0634605	0.135495
89	-5.30929	-6.46448	0.925346	0.0746541	0.145827
90	-9.54247	-11.106	0.949098	0.0509022	0.123902
91	-3.7182	-5.07171	0.937942	0.062058	0.1342
92	-11.5143	-12.7736	0.932225	0.0677751	0.139477
93	-17.5115	-16.5076	0.5886	0.4114	0.456672
94	-3.7182	-5.07171	0.937942	0.062058	0.1342
95	-12.2542	-13.6076	0.937938	0.0620617	0.134203
96	-12.0815	-12.8807	0.896718	0.103282	0.172253
97	-8.44581	-9.34205	0.905368	0.0946323	0.164269
98	-8.77884	-10.2712	0.94555	0.0544504	0.127178
99	-10.3529	-11.1525	0.896756	0.103244	0.172219
100	-11.2127	-12.406	0.927931	0.0720691	0.143441
101	-12.3583	-10.9788	0.495653	0.504347	0.54247
102	-9.53908	-10.6924	0.925214	0.0747864	0.145949
103	-3.78973	-4.63359	0.900784	0.0992161	0.1685
104	-3.7182	-5.07171	0.937942	0.062058	0.1342
105	-4.67312	-5.47227	0.896716	0.103284	0.172255
106	-5.01527	-6.50817	0.945577	0.0544233	0.127153
107	-4.67312	-5.47227	0.896716	0.103284	0.172255
108	-38.616	-39.8096	0.927958	0.0720423	0.143416
109	-10.6045	-12.0975	0.945582	0.054418	0.127148
110	-8.18814	-9.75134	0.949083	0.050917	0.123916
111	-20.765	-22.2527	0.945308	0.054692	0.127401
112	-4.18543	-5.57575	0.94005	0.05995	0.132254
113	-20.2846	-21.8479	0.949089	0.0509115	0.123911
114	-4.54012	-5.5561	0.91514	0.0848596	0.155248
115	-3.71643	-5.06517	0.937663	0.0623366	0.134457
116	-3.78828	-4.62917	0.900519	0.0994811	0.168745
117	-4.77065	-6.17975	0.9411	0.0589002	0.131285
118	-10.8196	-11.9077	0.920583	0.0794174	0.150224
119	-4.68928	-5.85752	0.926242	0.0737582	0.145
120	-3.64474	-4.85999	0.929389	0.0706106	0.142095
121	-4.77065	-6.17975	0.9411	0.0589002	0.131285
122	-30.358	-31.73	0.939009	0.0609907	0.133215
123	-4.00342	-5.1851	0.927155	0.0728451	0.144157
124	-14.2076	-15.0292	0.898774	0.101226	0.170355
125	-3.38918	-4.53846	0.924936	0.0750641	0.146206
126	-16.4931	-17.7783	0.933842	0.0661585	0.137985
127	-9.82203	-10.6184	0.89646	0.10354	0.172492
128	-21.9164	-23.0235	0.921952	0.0780481	0.14896
129	-5.1464	-6.13754	0.913192	0.0868081	0.157046
130	-8.28024	-9.68518	0.940869	0.0591313	0.131498
131	-9.58202	-11.0699	0.945316	0.054684	0.127393
132	-11.6113	-12.8875	0.933286	0.0667136	0.138497
133	-5.36551	-6.69044	0.936257	0.0637429	0.135755
134	-18.7109	-19.8846	0.926615	0.0733853	0.144656
135	-4.68928	-5.85752	0.926242	0.0737582	0.145
136	-36.0905	-32.2422	0.0768358	0.923164	0.929074
137	-6.78461	-7.79935	0.915045	0.0849554	0.155336
138	-18.3215	-17.3422	0.594538	0.405462	0.451191
139	-4.0058	-5.19167	0.927437	0.0725627	0.143897
140	-11.6271	-13.0984	0.944454	0.0555456	0.128188
141	-5.2818	-6.45968	0.926898	0.0731017	0.144394
142	-13.0624	-14.2177	0.925353	0.0746472	0.145821
143	-13.3898	-14.6001	0.929069	0.0709315	0.142391
144	-7.9408	-8.80614	0.902687	0.0973132	0.166744
145	-4.0058	-5.19167	0.927437	0.0725627	0.143897
146	-11.3968	-12.1959	0.896717	0.103283	0.172254
147	-4.39449	-5.65542	0.932329	0.0676706	0.139381
148	-4.67312	-5.47227	0.896716	0.103284	0.172255
149	-3.64665	-4.8662	0.929672	0.0703282	0.141834
150	-4.39449	-5.65542	0.932329	0.0676706	0.139381
151	-18.845	-20.1224	0.933364	0.0666364	0.138426
152	-12.0624	-10.6783	0.494507	0.505493	0.543528
153	-20.3484	-21.7975	0.943278	0.0567224	0.129275
154	-25.4946	-21.5091	0.0676478	0.932352	0.937555
155	-25.3102	-21.4528	0.0761915	0.923809	0.929669
156	-24.227	-17.6351	0.00532606	0.994674	0.995084
157	-4.77299	-5.57227	0.896728	0.103272	0.172244
158	-11.2186	-9.74996	0.473384	0.526616	0.563026
159	-11.3196	-12.4907	0.926436	0.0735637	0.144821
160	-7.67791	-8.89711	0.929648	0.0703518	0.141856
161	-4.18543	-5.57575	0.94005	0.05995	0.132254
162	-5.49952	-6.94093	0.942865	0.0571345	0.129655
163	-4.43183	-5.48913	0.918295	0.0817046	0.152335
164	-11.7713	-10.0446	0.409853	0.590147	0.621671
165	-3.7182	-5.07171	0.937942	0.062058	0.1342
166	-21.6209	-17.7194	0.0731422	0.926858	0.932484
167	-3.39076	-4.5441	0.925218	0.0747823	0.145946
168	-40.9356	-32.2225	0.000641531	0.999358	0.999408
169	-11.4887	-10.08	0.488357	0.511643	0.549205
170	-5.0937	-6.68902	0.950613	0.049387	0.122504
171	-26.2544	-24.7803	0.472035	0.527965	0.564272
172	-20.4401	-16.6768	0.0830854	0.916915	0.923305
173	-7.40654	-8.92765	0.94701	0.0529897	0.125829
174	-8.16905	-9.22305	0.918047	0.0819532	0.152565
175	-3.39076	-4.5441	0.925218	0.0747823	0.145946
176	-11.3846	-12.5806	0.928119	0.0718811	0.143268
177	-4.14164	-5.3249	0.927261	0.0727385	0.144059
178	-20.8319	-16.9052	0.0714459	0.928554	0.934049
179	-4.14164	-5.3249	0.927261	0.0727385	0.144059
180	-13.5816	-12.3561	0.534119	0.465881	0.506963
181	-9.18829	-8.08319	0.5639	0.4361	0.479473
182	-13.6337	-12.3315	0.51498	0.48502	0.52463
183	-5.01527	-6.50817	0.945577	0.0544233	0.127153
184	-3.78973	-4.63359	0.900784	0.0992161	0.1685
185	-7.99395	-9.44375	0.943316	0.0566841	0.129239
186	-35.0607	-23.711	4.59655e-05	0.999954	0.999958
187	-14.5245	-16.0909	0.94924	0.0507601	0.123771
188	-15.4034	-16.9039	0.945967	0.0540326	0.126792
189	-4.54228	-5.56185	0.915419	0.0845812	0.154991
190	-4.14164	-5.3249	0.927261	0.0727385	0.144059
191	-7.48875	-8.48714	0.913764	0.0862357	0.156518
192	-3.6727	-5.99235	0.97544	0.0245604	0.0995865
193	-9.11374	-10.349	0.930694	0.0693055	0.14089
194	-4.53982	-6.45333	0.963583	0.0364173	0.110531
195	-7.87913	-9.634	0.957587	0.0424128	0.116066
196	-15.4971	-14.5099	0.592628	0.407372	0.452954
197	-3.49073	-4.90162	0.941199	0.0588009	0.131193
198	-11.8137	-12.8235	0.914665	0.0853348	0.155686
199	-8.38718	-10.3058	0.963763	0.0362367	0.110365
200	-14.5919	-13.6985	0.615084	0.384916	0.432226
201	-28.914	-27.3505	0.449814	0.550186	0.584783
202	-3.49073	-4.90162	0.941199	0.0588009	0.131193
203	-17.3391	-14.054	0.127529	0.872471	0.882279
204	-4.90151	-6.63197	0.956585	0.0434151	0.116991
205	-14.5209	-13.6057	0.609917	0.390083	0.436995
206	-23.6932	-19.5011	0.0557249	0.944275	0.948561
207	-14.2726	-13.2578	0.585967	0.414033	0.459103
208	-4.34886	-6.05033	0.955365	0.0446349	0.118117
209	-17.4982	-18.9779	0.944891	0.0551093	0.127786
210	-9.06483	-10.7525	0.954773	0.0452265	0.118663
211	-4.88646	-5.86397	0.912105	0.087895	0.15805
212	-6.33248	-8.19096	0.961602	0.0383981	0.11236
213	-16.9912	-18.3816	0.940053	0.0599466	0.132251
214	-4.7062	-6.74325	0.967678	0.0323218	0.106751
215	-3.82999	-5.48593	0.953382	0.0466175	0.119947
216	-10.2289	-11.8124	0.950059	0.0499412	0.123015
217	-13.5448	-15.2062	0.953624	0.0463761	0.119724
218	-20.6898	-22.0011	0.93544	0.0645601	0.13651
219	-8.2473	-10.2245	0.965752	0.0342479	0.108529
220	-5.6151	-7.43393	0.96011	0.0398898	0.113737
221	-8.54758	-10.0046	0.943699	0.0563009	0.128886
222	-4.15662	-5.60753	0.943375	0.056625	0.129185
223	-7.94293	-9.80747	0.961825	0.0381752	0.112154
224	-8.37435	-9.82551	0.943389	0.0566111	0.129172
225	-4.83461	-6.269	0.942486	0.0575138	0.130005
226	-10.432	-12.2187	0.95886	0.0411398	0.114891
227	-19.3239	-20.3585	0.916574	0.0834263	0.153925
228	-8.26582	-9.92754	0.953639	0.0463612	0.119711
229	-22.2495	-21.5285	0.655007	0.344993	0.395373
230	-3.82999	-5.48593	0.953382	0.0466175	0.119947
231	-10.0042	-11.9329	0.964114	0.0358864	0.110041
232	-4.67961	-5.92681	0.931458	0.0685417	0.140185
233	-50.7693	-36.6024	2.7475e-06	0.999997	0.999997
234	-19.4592	-15.5759	0.074384	0.925616	0.931337
235	-4.53982	-6.45333	0.963583	0.0364173	0.110531
236	-3.76699	-5.25926	0.945544	0.0544557	0.127182
237	-47.3291	-35.9395	4.41625e-05	0.999956	0.999959
238	-4.70649	-6.25636	0.948436	0.0515643	0.124513
239	-13.8562	-15.7698	0.963586	0.0364143	0.110529
240	-45.3542	-31.3393	3.19857e-06	0.999997	0.999997
241	-3.76699	-5.25926	0.945544	0.0544557	0.127182
242	-4.53918	-5.83271	0.934358	0.0656422	0.137509
243	-4.53982	-6.45333	0.963583	0.0364173	0.110531
244	-30.0448	-20.9012	0.000417218	0.999583	0.999615
245	-14.696	-13.5703	0.558827	0.441173	0.484155
246	-3.8818	-4.91365	0.916365	0.0836346	0.154117
247	-19.9704	-18.729	0.530157	0.469843	0.51062
248	-28.6662	-30.2603	0.950556	0.049444	0.122556
249	-4.53982	-6.45333	0.963583	0.0364173	0.110531
250	-16.9957	-13.4296	0.0993981	0.900602	0.908247
251	-4.88646	-5.86397	0.912105	0.087895	0.15805
252	-13.0671	-11.9515	0.561322	0.438678	0.481852
253	-10.1479	-11.6	0.943441	0.0565587	0.129124
254	-21.8168	-20.9361	0.618097	0.381903	0.429444
255	-5.58522	-7.21327	0.952128	0.0478724	0.121106
256	-12.0849	-11.1662	0.609059	0.390941	0.437787
257	-15.5337	-17.307	0.958328	0.0416719	0.115382
258	-4.15662	-5.60753	0.943375	0.056625	0.129185
259	-3.82999	-5.48593	0.953382	0.0466175	0.119947
260	-18.5417	-20.4555	0.963594	0.0364058	0.110521
261	-9.13525	-10.964	0.960487	0.0395131	0.113389
262	-5.6151	-7.43393	0.96011	0.0398898	0.113737
263	-18.8323	-20.4179	0.950154	0.0498459	0.122927
264	-3.49073	-4.90162	0.941199	0.0588009	0.131193
265	-35.1321	-36.739	0.951153	0.0488474	0.122005
266	-11.7381	-12.7453	0.914458	0.0855422	0.155878
267	-4.90151	-6.63197	0.956585	0.0434151	0.116991
268	-3.6727	-5.99235	0.97544	0.0245604	0.0995865
269	-7.7608	-9.60166	0.960945	0.0390545	0.112966
270	-3.8818	-4.91365	0.916365	0.0836346	0.154117
271	-8.68145	-10.0923	0.941198	0.058802	0.131194
272	-4.15662	-5.60753	0.943375	0.056625	0.129185
273	-3.82999	-5.48593	0.953382	0.0466175	0.119947
274	-23.2156	-24.8489	0.952366	0.047634	0.120885
275	-16.8467	-15.6993	0.553455	0.446545	0.489114
276	-17.1639	-18.4184	0.931924	0.0680763	0.139755
277	-9.71498	-11.3709	0.95338	0.0466204	0.11995
278	-4.80666	-6.30174	0.945689	0.0543108	0.127049
279	-11.0037	-12.8226	0.960114	0.0398858	0.113733
280	-12.6721	-14.5999	0.964079	0.0359206	0.110073
281	-5.27887	-6.49575	0.929497	0.0705032	0.141996
282	-4.53982	-6.45333	0.963583	0.0364173	0.110531
283	-5.11097	-6.18532	0.919565	0.0804349	0.151163
284	-14.5553	-16.1548	0.950807	0.049193	0.122325
285	-3.76699	-5.25926	0.945544	0.0544557	0.127182
286	-8.3146	-9.97632	0.953639	0.0463608	0.11971
287	-18.6567	-17.7788	0.618732	0.381268	0.428858
288	-4.88646	-5.86397	0.912105	0.087895	0.15805
289	-4.15662	-5.60753	0.943375	0.056625	0.129185
290	-3.82999	-5.48593	0.953382	0.0466175	0.119947
291	-27.7613	-21.554	0.0078041	0.992196	0.992796
292	-11.4707	-12.7642	0.934356	0.0656439	0.13751
293	-16.0337	-17.8622	0.960477	0.0395232	0.113398
294	-4.24164	-5.68919	0.943196	0.0568044	0.12935
295	-3.82999	-5.48593	0.953382	0.0466175	0.119947
296	-26.4248	-22.6934	0.0855453	0.914455	0.921034
297	-37.424	-31.3601	0.00899696	0.991003	0.991695
298	-9.88577	-11.3666	0.94495	0.05505	0.127731
299	-27.8638	-26.9582	0.612183	0.387817	0.434904
300	-4.15662	-5.60753	0.943375	0.056625	0.129185
301	-22.6584	-21.5219	0.556166	0.443834	0.486612
302	-7.72103	-8.74867	0.916042	0.083958	0.154416
303	-8.04048	-9.80392	0.957934	0.0420655	0.115745
304	-19.5169	-20.9627	0.943104	0.0568959	0.129435
305	-4.15662	-5.60753	0.943375	0.056625	0.129185
306	-14.7559	-13.7022	0.576483	0.423517	0.467857
307	-8.5954	-10.1643	0.949356	0.0506436	0.123664
308	-4.88646	-5.86397	0.912105	0.087895	0.15805
309	-3.76699	-5.25926	0.945544	0.0544557	0.127182
310	-7.77767	-9.26957	0.945525	0.0544748	0.1272
311	-18.0878	-19.5224	0.942494	0.0575056	0.129998
312	-10.4114	-11.7051	0.934363	0.0656368	0.137504
313	-3.6727	-5.99235	0.97544	0.0245604	0.0995865
314	-28.3886	-27.7315	0.66931	0.33069	0.382171
315	-4.34886	-6.05033	0.955365	0.0446349	0.118117
316	-3.76699	-5.25926	0.945544	0.0544557	0.127182
317	-5.40841	-6.82157	0.941325	0.0586754	0.131078
318	-29.2208	-30.3175	0.921202	0.0787977	0.149652
319	-7.26547	-8.70234	0.942621	0.0573793	0.129881
320	-12.7598	-11.2261	0.457192	0.542808	0.577973
321	-3.8818	-4.91365	0.916365	0.0836346	0.154117
322	-12.0362	-10.8276	0.538316	0.461684	0.503089
323	-4.53982	-6.45333	0.963583	0.0364173	0.110531
324	-3.8818	-4.91365	0.916365	0.0836346	0.154117
325	-3.82999	-5.48593	0.953382	0.0466175	0.119947
326	-9.21632	-7.65186	0.449583	0.550417	0.584997
327	-15.7429	-16.7206	0.912122	0.0878776	0.158034
328	-4.90151	-6.63197	0.956585	0.0434151	0.116991
329	-4.88646	-5.86397	0.912105	0.087895	0.15805
330	-28.5745	-27.5439	0.582128	0.417872	0.462647
331	-6.80676	-8.24534	0.942713	0.0572871	0.129796
332	-7.14909	-8.98091	0.960605	0.0393949	0.11328
333	-4.88646	-5.86397	0.912105	0.087895	0.15805
334	-25.2749	-21.2616	0.0659185	0.934081	0.939152
335	-7.8903	-9.33062	0.942807	0.0571932	0.129709
336	-12.9037	-11.7493	0.551721	0.448279	0.490715
337	-10.5712	-9.49383	0.570699	0.429301	0.473197
338	-48.0375	-34.0787	3.38326e-06	0.999997	0.999997
339	-4.92785	-6.65025	0.956249	0.0437508	0.117301
340	-8.19776	-9.9458	0.957309	0.0426907	0.116322
341	-27.436	-23.6643	0.0824426	0.917557	0.923898
342	-35.6091	-29.518	0.00875844	0.991242	0.991915
343	-11.1352	-12.7044	0.949374	0.0506263	0.123648
344	-12.7779	-14.3042	0.947267	0.0527328	0.125592
345	-23.2878	-19.5016	0.0813536	0.918646	0.924904
346	-4.92785	-6.65025	0.956249	0.0437508	0.117301
347	-7.12662	-8.60945	0.945057	0.0549435	0.127633
348	-17.3397	-13.7522	0.0974878	0.902512	0.91001
349	-9.21328	-10.4142	0.928443	0.0715569	0.142968
350	-9.36764	-10.3452	0.912113	0.0878867	0.158042
351	-13.1927	-12.0383	0.55174	0.44826	0.490697
352	-8.48053	-9.92644	0.943107	0.056893	0.129432
353	-13.6394	-14.8667	0.930177	0.0698233	0.141368
354	-23.6006	-19.7917	0.0796786	0.920321	0.92645
355	-5.23934	-7.06749	0.960466	0.0395341	0.113409
356	-28.2545	-29.8494	0.950592	0.049408	0.122523
357	-44.7332	-38.6783	0.00907853	0.990921	0.99162
358	-5.58522	-7.21327	0.952128	0.0478724	0.121106
359	-10.4259	-9.2304	0.541567	0.458433	0.500088
360	-11.7417	-12.7201	0.912174	0.0878256	0.157986
361	-5.75772	-7.35197	0.950563	0.0494374	0.12255
362	-17.0047	-15.8208	0.544431	0.455569	0.497444
363	-17.8713	-16.6191	0.527458	0.472542	0.513112
364	-19.6913	-21.2199	0.947386	0.0526137	0.125482
365	-5.6151	-7.43393	0.96011	0.0398898	0.113737
366	-17.2166	-15.9758	0.53029	0.46971	0.510497
367	-3.49073	-4.90162	0.941199	0.0588009	0.131193
368	-11.2371	-12.787	0.948438	0.0515619	0.124511
369	-20.7745	-20.1171	0.669212	0.330788	0.382261
370	-41.1497	-35.0071	0.00832168	0.991678	0.992318
371	-24.4078	-25.9771	0.949376	0.0506239	0.123645
372	-8.39756	-10.3111	0.963585	0.036415	0.110529
373	-24.0208	-22.8773	0.554434	0.445566	0.48821
374	-4.5148	-6.05783	0.948099	0.0519006	0.124824
375	-6.72001	-8.41629	0.955143	0.044857	0.118322
376	-26.0705	-22.0061	0.0628425	0.937158	0.941991
377	-12.8158	-14.4213	0.95109	0.0489105	0.122064
378	-25.1546	-21.0111	0.0583355	0.941665	0.946151
379	-14.744	-15.7845	0.917026	0.0829738	0.153507
380	-4.24164	-5.68919	0.943196	0.0568044	0.12935
381	-38.1853	-29.6267	0.000748611	0.999251	0.999309
382	-4.62561	-5.68961	0.918796	0.0812037	0.151873
383	-16.1369	-18.0101	0.962139	0.0378608	0.111864
384	-12.592	-11.5178	0.571469	0.428531	0.472485
385	-9.96266	-8.72148	0.530194	0.469806	0.510586
386	-19.2115	-15.8032	0.114435	0.885565	0.894367
387	-10.1093	-11.6784	0.949367	0.0506327	0.123653
388	-13.8062	-12.2721	0.457107	0.542893	0.578052
389	-30.8516	-24.571	0.00725701	0.992743	0.993301
390	-4.7062	-6.74325	0.967678	0.0323218	0.106751
391	-13.8641	-12.8698	0.590949	0.409051	0.454504
392	-8.9118	-10.3226	0.941192	0.0588077	0.1312
393	-16.228	-15.0876	0.555196	0.444804	0.487507
394	-24.6197	-23.0552	0.449586	0.550414	0.584994
395	-8.3055	-9.35982	0.918071	0.081929	0.152543
396	-3.76699	-5.25926	0.945544	0.0544557	0.127182
397	-11.5857	-12.9088	0.936144	0.0638556	0.135859
398	-8.0672	-9.53041	0.944029	0.0559712	0.128581
399	-17.7613	-19.316	0.948673	0.0513275	0.124295
400	-13.4621	-12.5444	0.60931	0.39069	0.437556
401	-24.836	-24.2818	0.691674	0.308326	0.361526
402	-43.3957	-44.8747	0.944857	0.0551426	0.127816
403	-10.9697	-12.4171	0.943188	0.0568117	0.129357
404	-12.5708	-14.2503	0.954418	0.0455817	0.118991
405	-15.7969	-14.6718	0.558983	0.441017	0.484011
406	-22.7349	-18.8483	0.0741569	0.925843	0.931547
407	-6.80676	-8.24534	0.942713	0.0572871	0.129796
408	-4.5148	-6.05783	0.948099	0.0519006	0.124824
409	-3.6727	-5.99235	0.97544	0.0245604	0.0995865
410	-4.92785	-6.65025	0.956249	0.0437508	0.117301
411	-9.15035	-10.8768	0.956418	0.0435818	0.117145
412	-7.49748	-8.4779	0.912338	0.0876619	0.157835
413	-4.7062	-6.74325	0.967678	0.0323218	0.106751
414	-11.3888	-13.0456	0.95342	0.0465801	0.119913
477	-27.2973	-23.1504	0.0581523	0.941848	0.946321
478	-34.0612	-30.8768	0.139157	0.860843	0.871547
479	-10.4326	-9.32155	0.562433	0.437567	0.480826
480	-8.01836	-9.50025	0.945008	0.0549923	0.127678
481	-5.55437	-7.00643	0.943436	0.0565639	0.129128
482	-4.68853	-6.17357	0.94517	0.0548295	0.127528
483	-3.79428	-4.64772	0.901637	0.0983626	0.167712
484	-17.4723	-18.8374	0.938612	0.0613881	0.133582
485	-4.37623	-5.95585	0.949871	0.0501288	0.123188
486	-38.1274	-31.7815	0.00680157	0.993198	0.993722
487	-5.74939	-7.29057	0.948009	0.0519913	0.124908
488	-23.9422	-17.9608	0.00976339	0.990237	0.990988
489	-39.0929	-30.2651	0.000572074	0.999428	0.999472
490	-17.164	-15.2962	0.3762	0.6238	0.652736
491	-9.87262	-10.9005	0.91606	0.0839402	0.154399
492	-13.097	-11.6979	0.490739	0.509261	0.547006
493	-8.6741	-9.86737	0.927934	0.0720657	0.143438
494	-6.08129	-7.61327	0.947553	0.0524468	0.125328
495	-11.1541	-12.363	0.928975	0.0710245	0.142477
496	-28.3132	-24.2284	0.0616475	0.938352	0.943094
497	-13.5565	-12.1957	0.500329	0.499671	0.538154
498	-26.6235	-22.6999	0.0716536	0.928346	0.933858
499	-3.72369	-5.09214	0.938806	0.0611944	0.133403
500	-66.0356	-48.7989	1.27574e-07	1	1
501	-9.3292	-10.1574	0.899371	0.100629	0.169804
502	-9.0234	-9.83197	0.897585	0.102415	0.171453
503	-14.2394	-15.6872	0.94321	0.0567903	0.129337
504	-5.36087	-6.86031	0.945912	0.0540878	0.126843
505	-25.9462	-19.342	0.00526108	0.994739	0.995144
506	-9.42878	-10.7099	0.933594	0.0664062	0.138214
507	-7.96322	-8.60822	0.881541	0.118459	0.186263
508	-42.3299	-35.9499	0.00657451	0.993425	0.993931
509	-8.53689	-9.70286	0.926087	0.0739129	0.145143
510	-10.3019	-11.7254	0.941894	0.0581064	0.130552
511	-32.8032	-23.642	0.000409945	0.99959	0.999622
512	-12.5892	-11.2832	0.514034	0.485966	0.525503
513	-4.77379	-5.58222	0.897572	0.102428	0.171465
514	-31.5851	-25.2952	0.00719082	0.992809	0.993362
515	-52.6058	-40.834	3.01386e-05	0.99997	0.999972
516	-16.2851	-15.2	0.568816	0.431184	0.474935
517	-17.7474	-16.7908	0.600015	0.399985	0.446135
518	-4.14658	-5.34294	0.92814	0.0718598	0.143248
519	-17.6687	-13.9641	0.0876648	0.912335	0.919078
520	-4.68853	-6.17357	0.94517	0.0548295	0.127528
521	-13.8611	-12.6505	0.537799	0.462201	0.503566
522	-19.2105	-14.9782	0.0536471	0.946353	0.950479
523	-36.621	-25.915	8.74857e-05	0.999913	0.999919
608	-22.3841	-18.461	0.0716888	0.928311	0.933825
609	-16.2314	-12.3738	0.0761772	0.923823	0.929682
610	-16.9245	-12.9191	0.0664008	0.933599	0.938706
611	-11.0044	-9.89163	0.562013	0.437987	0.481215
612	-26.0717	-20.0234	0.00913803	0.990862	0.991565
613	-13.8109	-12.6941	0.561012	0.438988	0.482139
614	-19.686	-15.7878	0.0733615	0.926639	0.932281
615	-4.39956	-5.67249	0.933083	0.0669174	0.138686
616	-12.233	-11.3006	0.60579	0.39421	0.440805
617	-26.7686	-19.9695	0.00433366	0.995666	0.996
618	-4.39956	-5.67249	0.933083	0.0669174	0.138686
619	-5.55373	-7.00384	0.943332	0.0566676	0.129224
620	-4.14598	-5.34074	0.928033	0.0719666	0.143346
621	-4.68774	-6.17078	0.945067	0.054933	0.127623
622	-3.79372	-4.64603	0.901537	0.0984634	0.167805
623	-5.23812	-6.32995	0.920849	0.0791512	0.149978
624	-12.927	-14.0476	0.922917	0.0770832	0.14807
625	-7.55285	-8.75814	0.928733	0.0712667	0.1427
626	-16.5672	-14.508	0.332454	0.667546	0.693117
627	-12.5158	-11.3586	0.551037	0.448963	0.491346
628	-4.88517	-5.8616	0.912018	0.0879816	0.15813
629	-18.2989	-19.8152	0.946768	0.0532318	0.126053
630	-11.0823	-12.3593	0.933334	0.0666662	0.138454
631	-8.19711	-9.94321	0.95723	0.0427701	0.116396
632	-4.15571	-5.60501	0.943289	0.0567109	0.129264
633	-4.812	-6.60798	0.959226	0.0407737	0.114553
634	-21.7243	-20.4562	0.523484	0.476516	0.51678
635	-39.1052	-30.28	0.000573532	0.999426	0.999471
636	-12.5774	-14.1691	0.950443	0.049557	0.12266
637	-5.65494	-7.41004	0.957597	0.0424031	0.116057
638	-3.49013	-4.89946	0.941113	0.0588873	0.131273
639	-20.7329	-19.7326	0.589493	0.410507	0.455848
640	-9.31554	-11.2273	0.963522	0.0364778	0.110587
641	-49.0436	-40.2951	0.000619189	0.999381	0.999428
642	-13.8002	-12.7763	0.583751	0.416249	0.461148
643	-6.46726	-7.49575	0.916107	0.0838928	0.154355
644	-11.8362	-12.8899	0.918025	0.0819755	0.152586
645	-4.53878	-6.45016	0.963508	0.0364922	0.110601
646	-11.7055	-10.5934	0.562194	0.437806	0.481047
647	-44.3881	-43.1938	0.541831	0.458169	0.499844
648	-4.88517	-5.8616	0.912018	0.0879816	0.15813
649	-6.75472	-8.19128	0.942604	0.0573961	0.129897
650	-7.74319	-9.15212	0.941091	0.0589094	0.131294
651	-11.424	-12.8845	0.943888	0.0561125	0.128712
652	-14.1493	-16.0138	0.961822	0.0381778	0.112157
653	-7.75822	-9.23156	0.944561	0.0554388	0.12809
654	-32.504	-29.0494	0.109825	0.890175	0.898623
655	-3.67249	-5.98956	0.975378	0.0246222	0.0996436
656	-17.9236	-18.9045	0.912373	0.0876266	0.157802
657	-20.2431	-16.6723	0.0989745	0.901025	0.908638
658	-26.3628	-22.4542	0.0726588	0.927341	0.93293
659	-4.15571	-5.60501	0.943289	0.0567109	0.129264
660	-45.5094	-44.6028	0.611946	0.388054	0.435122
661	-4.55628	-6.24316	0.954739	0.045261	0.118695
662	-12.615	-11.3304	0.519369	0.480631	0.520579
663	-4.34787	-6.04745	0.955285	0.0447155	0.118191
664	-7.72011	-8.74658	0.915952	0.0840479	0.154499
665	-37.6741	-33.2463	0.044546	0.955454	0.95888
666	-5.95918	-7.82543	0.961888	0.0381124	0.112096
667	-4.9272	-6.6477	0.95617	0.0438304	0.117374
668	-12.1672	-11.0525	0.561553	0.438447	0.481639
669	-20.0242	-19.0765	0.602153	0.397847	0.444162
670	-18.8487	-15.4494	0.115352	0.884648	0.89352
671	-22.8166	-24.1386	0.936081	0.0639185	0.135917
672	-41.3424	-29.7272	3.52479e-05	0.999965	0.999967
673	-11.2228	-12.7517	0.947401	0.0525985	0.125468
674	-11.1834	-10.2949	0.616229	0.383771	0.431168
675	-5.65494	-7.41004	0.957597	0.0424031	0.116057
676	-24.0759	-20.3817	0.0885026	0.911497	0.918305
677	-9.85599	-11.2943	0.9427	0.0573001	0.129808
678	-12.3345	-11.4884	0.626232	0.373768	0.421935
679	-5.65224	-7.39922	0.957266	0.0427341	0.116362
680	-15.9033	-15.0849	0.632659	0.367341	0.416002
681	-4.70154	-6.2425	0.947998	0.0520018	0.124917
682	-10.9329	-9.91838	0.58604	0.41396	0.459035
683	-5.40298	-6.83606	0.942415	0.0575849	0.130071
684	-16.4703	-18.3002	0.960534	0.0394661	0.113346
685	-22.2254	-21.4883	0.651372	0.348628	0.398728
686	-3.7632	-5.24691	0.945102	0.0548984	0.127591
688	-37.1622	-31.096	0.00897678	0.991023	0.991714
689	-4.51102	-6.04518	0.947662	0.0523383	0.125228
690	-25.6405	-27.5445	0.96325	0.0367499	0.110838
691	-4.2385	-5.67777	0.94275	0.05725	0.129762
692	-3.82648	-5.47293	0.952959	0.0470409	0.120338
693	-7.41181	-9.34568	0.964291	0.0357093	0.109878
694	-9.37125	-10.7002	0.936498	0.0635017	0.135533
695	-35.1233	-26.2568	0.000550352	0.99945	0.999492
696	-8.4774	-9.91501	0.942661	0.0573392	0.129844
697	-17.8033	-13.7208	0.0617804	0.93822	0.942971
698	-12.7107	-14.111	0.940611	0.0593892	0.131736
699	-17.6273	-16.3477	0.520616	0.479384	0.519427
700	-4.2385	-5.67777	0.94275	0.05725	0.129762
701	-36.7201	-30.3978	0.00696335	0.993037	0.993572
702	-9.80069	-8.64969	0.55258	0.44742	0.489922
703	-11.5186	-10.4267	0.567137	0.432863	0.476485
704	-20.8535	-16.5881	0.0519884	0.948012	0.95201
705	-9.2093	-11.1105	0.963148	0.0368522	0.110933
706	-9.92103	-11.0143	0.920955	0.0790448	0.14988
707	-25.4822	-26.959	0.944738	0.0552623	0.127927
708	-13.2642	-12.2189	0.578539	0.421461	0.465959
709	-4.9234	-6.63282	0.955703	0.0442973	0.117805
710	-3.87799	-4.90211	0.91577	0.0842298	0.154666
711	-3.67124	-5.97331	0.975015	0.024985	0.0999784
712	-9.15348	-10.5553	0.940694	0.0593056	0.131659
713	-3.87799	-4.90211	0.91577	0.0842298	0.154666
714	-11.2731	-13.2022	0.964123	0.0358767	0.110032
715	-4.3421	-6.03068	0.954812	0.045188	0.118628
716	-4.53474	-5.81851	0.933756	0.0662437	0.138064
717	-5.40431	-6.80683	0.940734	0.0592662	0.131623
718	-8.13682	-9.16048	0.915736	0.0842644	0.154698
719	-6.23058	-7.87137	0.952705	0.047295	0.120573
720	-21.2006	-17.0986	0.0606648	0.939335	0.944001
721	-24.0567	-25.5255	0.944324	0.0556756	0.128308
722	-14.9005	-16.1849	0.933795	0.066205	0.138028
723	-8.91011	-10.2879	0.939342	0.0606579	0.132908
724	-48.6539	-37.2228	4.2373e-05	0.999958	0.999961
725	-60.3215	-61.8863	0.949161	0.0508392	0.123844
726	-16.228	-17.2738	0.917429	0.0825712	0.153135
727	-3.87799	-4.90211	0.91577	0.0842298	0.154666
728	-11.804	-13.2842	0.944923	0.0550774	0.127756
729	-4.3421	-6.03068	0.954812	0.045188	0.118628
730	-14.0797	-15.2409	0.925759	0.0742412	0.145446
731	-3.4866	-4.88686	0.940608	0.0593921	0.131739
732	-17.5971	-13.9072	0.0888496	0.91115	0.917984
733	-5.99367	-7.39146	0.94047	0.0595304	0.131867
734	-46.8774	-35.0317	2.7992e-05	0.999972	0.999974
735	-4.23751	-5.67415	0.942608	0.0573919	0.129893
736	-4.23751	-5.67415	0.942608	0.0573919	0.129893
737	-25.1685	-24.0131	0.551494	0.448506	0.490924
738	-6.71338	-8.20692	0.94561	0.0543903	0.127122
739	-40.2762	-28.3569	2.60044e-05	0.999974	0.999976
741	-20.9601	-17.2748	0.0892191	0.910781	0.917643
742	-6.84807	-8.36855	0.946978	0.0530216	0.125859
743	-38.7275	-29.7697	0.000502343	0.999498	0.999536
752	-4.72529	-4.95712	0.831169	0.168831	0.232761
753	-4.06574	-4.54727	0.863378	0.136622	0.203029
754	-56.4175	-45.9005	0.000105687	0.999894	0.999902
755	-4.15042	-4.44632	0.83997	0.16003	0.224637
756	-18.1338	-13.4182	0.0337833	0.966217	0.968815
757	-4.51428	-4.96228	0.859374	0.140626	0.206725
758	-11.6689	-11.9737	0.841167	0.158833	0.223531
759	-20.1763	-15.35	0.0303471	0.969653	0.971987
760	-58.2671	-44.2278	3.12148e-06	0.999997	0.999997
779	-33.9128	-32.7733	0.555406	0.444594	0.487313
781	-31.6484	-22.7734	0.000545713	0.999454	0.999496
782	-55.1655	-41.3011	3.7183e-06	0.999996	0.999997
783	-23.1	-19.6434	0.109641	0.890359	0.898792
784	-15.8704	-17.4826	0.9514	0.0486004	0.121778
785	-3.67124	-5.97331	0.975015	0.024985	0.0999784
786	-15.2343	-13.6541	0.445683	0.554317	0.588597
787	-10.4389	-9.26657	0.547293	0.452707	0.494802
788	-13.2584	-12.5764	0.663763	0.336237	0.38729
789	-5.65118	-7.39497	0.957135	0.0428647	0.116483
790	-8.17523	-9.19892	0.915737	0.084263	0.154697
791	-4.19535	-5.75268	0.948799	0.0512012	0.124178
792	-10.9196	-11.8898	0.911515	0.0884852	0.158595
793	-22.4065	-18.6306	0.0821287	0.917871	0.924188
794	-13.7566	-15.5716	0.959966	0.0400338	0.11387
795	-17.7154	-16.4534	0.525008	0.474992	0.515373
796	-4.19535	-5.75268	0.948799	0.0512012	0.124178
797	-19.1218	-15.0046	0.0597992	0.940201	0.9448
909	-3.4866	-4.88686	0.940608	0.0593923	0.131739
910	-33.2649	-27.1387	0.00845906	0.991541	0.992192
911	-10.2463	-11.9636	0.956033	0.0439671	0.117501
912	-3.762	-5.24299	0.94496	0.0550395	0.127721
913	-5.1922	-6.50963	0.935808	0.064192	0.13617
914	-19.0979	-17.6459	0.477551	0.522449	0.55918
915	-5.9881	-7.6344	0.952952	0.0470476	0.120344
916	-12.0019	-11.107	0.614725	0.385275	0.432556
917	-4.19535	-5.75267	0.948799	0.0512014	0.124178
918	-4.53269	-6.43165	0.963068	0.0369316	0.111006
919	-8.88593	-10.5264	0.952688	0.0473115	0.120588
920	-12.0556	-12.4608	0.854125	0.145875	0.21157
921	-25.9658	-19.8113	0.00822483	0.991775	0.992408
922	-4.53269	-6.43165	0.963068	0.0369316	0.111006
923	-3.87799	-4.9021	0.91577	0.08423	0.154667
924	-11.3532	-10.3686	0.593283	0.406717	0.45235
925	-10.0361	-11.754	0.956061	0.0439387	0.117474
926	-21.4012	-17.2795	0.0595439	0.940456	0.945036
927	-13.0771	-14.6146	0.947828	0.0521716	0.125074
928	-3.87799	-4.9021	0.91577	0.08423	0.154667
929	-44.6853	-40.9404	0.0844894	0.915511	0.922009
930	-46.5619	-42.6516	0.0725501	0.92745	0.93303
931	-14.478	-15.8812	0.940772	0.0592281	0.131588
932	-15.6866	-11.5337	0.0578196	0.94218	0.946628
933	-18.5448	-14.4254	0.0596745	0.940325	0.944915
934	-10.1968	-11.5437	0.937557	0.0624427	0.134555
935	-11.0059	-12.0299	0.915766	0.0842345	0.154671
936	-3.762	-5.24299	0.94496	0.0550395	0.127721
937	-12.3111	-11.3325	0.594729	0.405271	0.451014
938	-3.67124	-5.9733	0.975015	0.0249851	0.0999786
939	-11.0035	-9.48269	0.460396	0.539604	0.575015
940	-3.87799	-4.9021	0.91577	0.08423	0.154667
941	-10.5208	-12.0046	0.945105	0.0548951	0.127588
942	-10.509	-11.4792	0.911516	0.0884844	0.158594
943	-3.87799	-4.9021	0.91577	0.08423	0.154667
944	-16.9679	-13.4497	0.103763	0.896237	0.904218
945	-10.4118	-11.8958	0.945116	0.054884	0.127578
946	-3.82537	-5.46881	0.952824	0.047176	0.120463
947	-13.5209	-12.6456	0.619354	0.380646	0.428284
948	-8.68303	-9.97091	0.93401	0.0659901	0.13783
949	-4.89617	-6.61354	0.956038	0.043962	0.117496
950	-4.78726	-5.75709	0.911487	0.0885127	0.15862
951	-14.3456	-15.8855	0.947943	0.0520574	0.124969
952	-11.1407	-12.1108	0.911514	0.0884856	0.158595
953	-8.01051	-9.4912	0.944945	0.0550547	0.127735
954	-8.71499	-10.1151	0.940599	0.0594007	0.131747
955	-8.99485	-10.0676	0.919449	0.0805508	0.15127
956	-19.9385	-19.0854	0.62459	0.37541	0.423451
957	-3.82537	-5.46881	0.952824	0.047176	0.120463
958	-5.60398	-7.4088	0.959571	0.0404295	0.114235
959	-23.4203	-25.1364	0.955986	0.0440141	0.117544
960	-15.7254	-14.7754	0.601583	0.398417	0.444688
961	-6.04185	-7.52116	0.944873	0.0551271	0.127802
962	-15.0503	-16.142	0.920837	0.0791625	0.149989
963	-25.5381	-19.2639	0.00730324	0.992697	0.993258
964	-4.9234	-6.63281	0.955703	0.0442975	0.117806
965	-9.47365	-10.4439	0.91152	0.0884797	0.158589
966	-6.04185	-7.52116	0.944873	0.0551271	0.127802
967	-8.07163	-9.4716	0.940592	0.0594082	0.131754
968	-22.2475	-23.2731	0.915885	0.0841148	0.15456
969	-17.4962	-19.0487	0.948567	0.0514332	0.124392
970	-20.9197	-17.2141	0.0875831	0.912417	0.919153
971	-18.9995	-20.0489	0.917699	0.0823012	0.152886
972	-8.4959	-9.51637	0.915489	0.0845113	0.154926
973	-26.9833	-23.3476	0.0933339	0.906666	0.913845
974	-8.16637	-9.19395	0.916037	0.083963	0.15442
975	-17.6732	-19.5148	0.960972	0.0390281	0.112941
976	-5.14885	-6.19936	0.917784	0.0822164	0.152808
977	-5.1922	-6.50963	0.935808	0.064192	0.13617
978	-10.751	-11.8058	0.918109	0.0818912	0.152508
979	-50.6876	-52.184	0.945757	0.0542429	0.126986
980	-5.23003	-7.04419	0.959932	0.0400685	0.113902
981	-13.302	-11.8587	0.479702	0.520298	0.557194
982	-4.9234	-6.63281	0.955703	0.0442975	0.117806
1078	-52.7227	-51.7693	0.60077	0.39923	0.445438
1079	-47.327	-48.78	0.943485	0.0565149	0.129083
