Sites	Ll_YN98.omega=0.0788849	Ll_YN98.omega=1	Ll_YN98.omega=4.46415	Pr_YN98.omega=0.0788849	Pr_YN98.omega=1	Pr_YN98.omega=4.46415	mean
24	-3.58793	-4.88859	-9.68786	0.93648	0.0635076	1.28006e-05	0.137439
25	-4.68749	-5.66377	-9.26542	0.914192	0.0857512	5.72487e-05	0.158123
26	-99.2156	-74.6504	-62.7425	2.37089e-14	0.000275205	0.999725	4.4632
27	-31.115	-32.0516	-35.5005	0.911015	0.0889162	6.91601e-05	0.16109
28	-4.00304	-4.81115	-7.80916	0.899998	0.0998801	0.000121944	0.171421
29	-3.7934	-4.60545	-7.61291	0.900353	0.0995262	0.00012037	0.171088
30	-16.9052	-14.5674	-15.0593	0.276412	0.712919	0.0106695	0.782354
31	-33.0591	-26.4401	-25.64	0.00505784	0.943546	0.051396	1.17338
32	-18.8453	-14.5134	-14.2935	0.0487269	0.923123	0.0281497	1.05263
33	-4.22906	-5.09211	-8.28495	0.904853	0.0950514	9.55044e-05	0.166857
34	-11.296	-9.79822	-12.1156	0.472567	0.526164	0.00126876	0.569107
35	-4.29412	-5.23724	-8.73284	0.911548	0.0883866	6.5609e-05	0.160587
36	-5.63047	-6.48353	-9.6244	0.903985	0.0959134	0.000101512	0.167677
37	-5.43448	-6.48991	-10.3509	0.920211	0.0797477	4.10765e-05	0.152522
38	-18.2479	-16.7456	-19.043	0.471435	0.527268	0.00129717	0.570248
39	-18.1031	-16.3979	-17.989	0.420693	0.576433	0.00287374	0.622449
40	-22.7731	-21.1481	-23.0173	0.440662	0.557234	0.00210341	0.601386
41	-41.269	-31.9401	-29.034	0.000246362	0.69069	0.309064	2.07042
42	-11.9981	-10.3504	-12.1517	0.435023	0.562703	0.00227345	0.607169
43	-42.4284	-35.3531	-32.8808	0.00262613	0.773146	0.224228	1.77434
44	-5.34537	-5.93291	-8.11357	0.878156	0.121508	0.000335934	0.192281
45	-17.5488	-15.6965	-16.7384	0.384476	0.610255	0.00526872	0.664105
46	-4.50338	-5.50937	-9.228	0.916499	0.0834512	4.95628e-05	0.15597
47	-11.1301	-9.2696	-10.2929	0.38251	0.612105	0.00538428	0.666316
48	-18.258	-16.6495	-18.6048	0.444814	0.553269	0.00191625	0.596913
49	-14.2178	-12.7215	-15.0423	0.472915	0.525821	0.00126356	0.568768
50	-35.1372	-31.0252	-31.5776	0.0608986	0.926057	0.0130443	0.989093
51	-3.7934	-4.60545	-7.61291	0.900353	0.0995262	0.00012037	0.171088
52	-4.70717	-5.7393	-9.5176	0.918481	0.0814733	4.55849e-05	0.154131
53	-11.1722	-9.32089	-10.3784	0.384743	0.610071	0.00518565	0.663571
54	-16.4657	-17.3276	-20.511	0.904753	0.09515	9.65088e-05	0.166952
55	-11.0575	-9.50775	-11.6729	0.459523	0.538963	0.00151337	0.581969
56	-33.5927	-26.7639	-25.1848	0.00386987	0.890419	0.105711	1.36263
57	-30.0084	-23.2564	-21.954	0.00428695	0.91348	0.0822329	1.28092
58	-58.499	-45.6596	-39.5223	8.64686e-07	0.0811246	0.918875	4.18312
59	-10.2603	-8.53005	-10.0325	0.414515	0.582313	0.00317208	0.629172
60	-28.4726	-24.4576	-25.9959	0.0672326	0.927891	0.00487632	0.954963
61	-3.38329	-4.50545	-8.47406	0.924979	0.0749859	3.46843e-05	0.148108
76	-21.4318	-17.1933	-17.8435	0.0541213	0.933948	0.0119302	0.991476
77	-14.8921	-13.6218	-16.5948	0.529643	0.469769	0.000588062	0.514175
78	-11.4057	-12.1831	-14.9557	0.897172	0.102671	0.000157042	0.174146
79	-15.0745	-13.5359	-15.5515	0.462188	0.536064	0.00174812	0.580328
80	-13.9968	-12.8299	-16.099	0.555401	0.444185	0.000413565	0.489844
81	-9.73353	-8.01932	-9.49228	0.418363	0.578392	0.00324507	0.625881
82	-26.5874	-27.6199	-31.2593	0.918504	0.0814435	5.23587e-05	0.154133
83	-9.02543	-10.1475	-14.112	0.924973	0.0749924	3.48304e-05	0.148114
84	-3.38329	-4.50545	-8.47406	0.924979	0.0749859	3.46843e-05	0.148108
85	-3.63739	-4.82354	-8.97019	0.929306	0.0706667	2.73557e-05	0.144097
86	-8.23139	-9.38695	-13.4516	0.927268	0.0727018	3.05491e-05	0.145986
87	-5.04671	-6.10249	-9.83244	0.920231	0.0797219	4.68143e-05	0.152523
88	-5.34874	-6.64325	-10.9998	0.936106	0.063874	2.00442e-05	0.137808
89	-5.30189	-6.42583	-10.398	0.925103	0.0748628	3.45047e-05	0.147993
90	-9.55017	-11.0729	-16.2293	0.94848	0.051513	7.26449e-06	0.126366
91	-3.70995	-5.02656	-9.65327	0.937419	0.0625655	1.49858e-05	0.136581
92	-11.531	-12.7574	-17.0177	0.931905	0.0680711	2.35199e-05	0.141689
93	-17.5171	-16.4977	-20.1468	0.591538	0.408202	0.000259891	0.456026
94	-3.70995	-5.02656	-9.65327	0.937419	0.0625655	1.49858e-05	0.136581
95	-12.2664	-13.5841	-18.0762	0.937479	0.0625041	1.71282e-05	0.136533
96	-12.0828	-12.8602	-15.6321	0.897173	0.10267	0.000157149	0.174145
97	-8.46371	-9.33636	-12.208	0.905644	0.0942254	0.000130534	0.16625
98	-8.79255	-10.2464	-15.1138	0.945007	0.0549826	1.03528e-05	0.129576
99	-10.354	-11.1318	-13.9059	0.897209	0.102634	0.00015675	0.17411
100	-11.244	-12.4056	-16.4753	0.927675	0.0722945	3.02238e-05	0.145609
101	-12.3408	-10.956	-13.5263	0.500921	0.498146	0.000932847	0.541826
102	-9.55353	-10.6756	-14.6418	0.924976	0.0749897	3.47702e-05	0.148112
103	-3.78229	-4.60131	-7.55647	0.90097	0.0989035	0.000126038	0.170539
104	-3.70995	-5.02656	-9.65327	0.937419	0.0625655	1.49858e-05	0.136581
105	-4.65228	-5.42967	-8.20226	0.897171	0.102672	0.000157049	0.174147
106	-4.99468	-6.44917	-11.2878	0.945039	0.0549502	1.06481e-05	0.129547
107	-4.65228	-5.42967	-8.20226	0.897171	0.102672	0.000157049	0.174147
108	-38.7301	-39.8922	-43.8498	0.927705	0.0722614	3.37973e-05	0.145594
109	-10.6059	-12.0604	-16.8995	0.945044	0.054945	1.06431e-05	0.129542
110	-8.19584	-9.71826	-14.8668	0.948466	0.0515271	7.32417e-06	0.126379
111	-20.8199	-22.2693	-27.0898	0.944775	0.0552143	1.08956e-05	0.129791
112	-4.1709	-5.52559	-10.2049	0.939617	0.0603689	1.3719e-05	0.134552
113	-20.3361	-21.8586	-27.0098	0.948471	0.0515219	7.30392e-06	0.126374
114	-4.52717	-5.51623	-9.03331	0.915184	0.084754	6.15761e-05	0.157223
115	-3.70821	-5.02018	-9.62946	0.937146	0.0628384	1.53158e-05	0.136833
116	-3.78086	-4.59701	-7.54138	0.900713	0.0991597	0.000127736	0.170783
117	-4.76096	-6.1314	-10.8883	0.940506	0.0594818	1.25086e-05	0.133729
118	-10.8222	-11.8821	-15.5068	0.920527	0.0794213	5.18161e-05	0.152268
119	-4.67633	-5.81361	-9.81851	0.926023	0.0739444	3.29837e-05	0.147141
120	-3.63551	-4.81748	-8.9484	0.92903	0.0709424	2.78978e-05	0.144353
121	-4.76096	-6.1314	-10.8883	0.940506	0.0594818	1.25086e-05	0.133729
122	-30.452	-31.7877	-36.3331	0.938531	0.0614532	1.59674e-05	0.13556
123	-3.98933	-5.14057	-9.19291	0.926975	0.0729944	3.10514e-05	0.146257
124	-14.2351	-15.0341	-17.8291	0.899153	0.100696	0.000150619	0.172298
125	-3.38174	-4.49994	-8.45371	0.924704	0.0752606	3.5332e-05	0.148364
126	-16.5426	-17.7943	-22.0428	0.933499	0.0664779	2.32424e-05	0.140221
127	-9.82318	-10.5979	-13.3603	0.896921	0.10292	0.000159037	0.174383
128	-21.9978	-23.0763	-26.621	0.921871	0.078074	5.51769e-05	0.151042
129	-5.13412	-6.09954	-9.50956	0.913325	0.0866053	7.00317e-05	0.158965
130	-8.29033	-9.65931	-14.3708	0.940423	0.0595635	1.31068e-05	0.133807
131	-9.58344	-11.033	-15.8532	0.944783	0.0552063	1.08973e-05	0.129784
132	-11.6282	-12.8711	-17.1776	0.932945	0.0670326	2.2115e-05	0.140727
133	-5.34538	-6.63527	-10.9746	0.935829	0.0641505	2.04821e-05	0.138065
134	-18.7442	-19.8864	-23.8671	0.926357	0.0736096	3.36388e-05	0.146835
135	-4.67633	-5.81361	-9.81851	0.926023	0.0739444	3.29837e-05	0.147141
136	-36.1689	-32.3358	-33.7106	0.0795158	0.914822	0.00566192	0.946371
137	-6.79379	-7.78174	-11.2708	0.915097	0.0848397	6.33924e-05	0.15731
138	-18.3387	-17.3433	-21.0473	0.597334	0.402423	0.000242532	0.450627
139	-3.99166	-5.14697	-9.21463	0.927251	0.0727189	3.04641e-05	0.146001
140	-11.6592	-13.0922	-17.8177	0.943915	0.0560731	1.21678e-05	0.130588
141	-5.27126	-6.4175	-10.4168	0.926634	0.0733331	3.28957e-05	0.146577
142	-13.0987	-14.2228	-18.1359	0.925112	0.0748517	3.65986e-05	0.147992
143	-13.4276	-14.6061	-18.577	0.928791	0.071176	3.28465e-05	0.14459
144	-7.95414	-8.79623	-11.6647	0.902999	0.096866	0.000134618	0.1687
145	-3.99166	-5.14697	-9.21463	0.927251	0.0727189	3.04641e-05	0.146001
146	-11.3978	-12.1753	-14.9479	0.897172	0.102671	0.000157042	0.174146
147	-4.38532	-5.61189	-9.88372	0.931919	0.0680579	2.32459e-05	0.141676
148	-4.65228	-5.42967	-8.20226	0.897171	0.102672	0.000157049	0.174147
149	-3.63739	-4.82354	-8.97019	0.929306	0.0706667	2.73557e-05	0.144097
150	-4.38532	-5.61189	-9.88372	0.931919	0.0680579	2.32459e-05	0.141676
151	-18.8997	-20.1437	-24.4654	0.933021	0.0669571	2.17578e-05	0.140656
152	-12.046	-10.6566	-13.2035	0.49974	0.499303	0.000957037	0.542997
153	-20.4068	-21.8161	-26.6646	0.942641	0.0573483	1.10037e-05	0.131758
154	-25.5024	-21.5367	-22.4667	0.0701051	0.921002	0.00889335	0.966233
155	-25.3357	-21.4946	-22.819	0.0789091	0.915134	0.00595669	0.94795
156	-24.2082	-17.6624	-17.0015	0.00547606	0.949524	0.0450004	1.15084
157	-4.77282	-5.54868	-8.36518	0.897035	0.102815	0.00015051	0.174249
158	-11.2051	-9.73167	-12.0453	0.478624	0.520117	0.00125888	0.563493
159	-11.3377	-12.4778	-16.4922	0.926213	0.0737547	3.25874e-05	0.146964
160	-7.69067	-8.87649	-13.004	0.929284	0.0706885	2.78916e-05	0.144119
161	-4.1709	-5.52559	-10.2049	0.939617	0.0603689	1.3719e-05	0.134552
162	-5.49002	-6.89191	-11.7496	0.942243	0.0577463	1.09784e-05	0.132124
163	-4.42353	-5.45249	-9.07883	0.918236	0.0817108	5.3221e-05	0.154383
164	-11.7603	-10.0343	-11.4742	0.415447	0.581183	0.00337007	0.629
165	-3.70995	-5.02656	-9.65327	0.937419	0.0625655	1.49858e-05	0.136581
166	-21.6245	-17.7408	-18.8135	0.0757403	0.916586	0.00767417	0.956819
167	-3.38329	-4.50545	-8.47406	0.924979	0.0749859	3.46843e-05	0.148108
168	-40.9518	-32.2993	-31.5318	0.000665965	0.949284	0.0500498	1.17277
169	-11.4872	-10.0725	-12.5563	0.493402	0.505566	0.00103224	0.549096
170	-5.07965	-6.63339	-11.8841	0.949975	0.0500184	6.41932e-06	0.124986
171	-26.3205	-24.8431	-26.8117	0.477381	0.520839	0.00178008	0.566443
172	-20.4469	-16.697	-18.2683	0.0859108	0.909464	0.00462476	0.936887
173	-7.40802	-8.89	-13.8217	0.946451	0.05354	9.45286e-06	0.128243
174	-8.17282	-9.19982	-12.6943	0.918082	0.0818569	6.08319e-05	0.154551
175	-3.38329	-4.50545	-8.47406	0.924979	0.0749859	3.46843e-05	0.148108
176	-11.4146	-12.5797	-16.534	0.927909	0.072057	3.38103e-05	0.145406
177	-4.13423	-5.28561	-9.34934	0.926985	0.0729844	3.06955e-05	0.146247
178	-20.8159	-16.9067	-18.0033	0.0739854	0.918506	0.00750832	0.957861
179	-4.13423	-5.28561	-9.34934	0.926985	0.0729844	3.06955e-05	0.146247
180	-13.5858	-12.3505	-15.4496	0.538414	0.461077	0.000508808	0.505821
181	-9.17517	-8.05522	-11.5888	0.567005	0.432686	0.00030921	0.478794
182	-13.6303	-12.319	-15.1019	0.519367	0.479906	0.00072655	0.52412
183	-4.99468	-6.44917	-11.2878	0.945039	0.0549502	1.06481e-05	0.129547
184	-3.78229	-4.60131	-7.55647	0.90097	0.0989035	0.000126038	0.170539
185	-8.00886	-9.41879	-14.2757	0.942678	0.0573109	1.09045e-05	0.131723
186	-35.0206	-23.759	-21.3714	4.07696e-05	0.789563	0.210397	1.72881
187	-14.5551	-16.0807	-21.2413	0.94862	0.0513725	7.21431e-06	0.126237
188	-15.4506	-16.9125	-21.7722	0.945424	0.0545653	1.03537e-05	0.129191
189	-4.52929	-5.52185	-9.05205	0.915456	0.0844833	6.05793e-05	0.156969
190	-4.13423	-5.28561	-9.34934	0.926985	0.0729844	3.06955e-05	0.146247
191	-7.4984	-8.47079	-11.8974	0.913876	0.0860555	6.84443e-05	0.158452
192	-3.67281	-5.93177	-13.6036	0.974649	0.0253506	2.88974e-07	0.102237
193	-9.13142	-10.3346	-14.3897	0.930412	0.0695587	2.95073e-05	0.143086
194	-4.52228	-6.38582	-12.6593	0.96281	0.0371887	1.71621e-06	0.113147
195	-7.89008	-9.59686	-15.4149	0.956769	0.0432274	3.1456e-06	0.118716
196	-15.5157	-14.5103	-18.3164	0.594913	0.404866	0.000220299	0.452779
197	-3.48158	-4.8543	-9.71084	0.940634	0.0593544	1.12975e-05	0.133607
198	-11.8439	-12.8265	-15.8622	0.914642	0.0852576	0.000100242	0.157857
199	-8.39175	-10.2603	-16.5435	0.962989	0.0370089	1.69142e-06	0.112982
200	-14.5967	-13.6845	-17.5288	0.617191	0.382609	0.000200419	0.432191
201	-28.9499	-27.3842	-29.341	0.45541	0.542713	0.00187696	0.587017
202	-3.48158	-4.8543	-9.71084	0.940634	0.0593544	1.12975e-05	0.133607
203	-17.3147	-14.0321	-17.1817	0.130854	0.868235	0.000910843	0.882623
204	-4.88959	-6.57252	-12.4061	0.955772	0.0442246	3.16849e-06	0.119635
205	-14.5034	-13.5698	-17.5196	0.612128	0.387689	0.000182728	0.436792
206	-23.7088	-19.5429	-19.1803	0.0567804	0.911173	0.0320462	1.05871
207	-14.2911	-13.2596	-16.8442	0.588573	0.411147	0.000279196	0.458823
208	-4.33106	-5.98889	-11.7053	0.954699	0.0452977	3.64886e-06	0.120625
209	-17.5433	-18.9838	-23.8662	0.94431	0.0556795	1.03278e-05	0.130217
210	-9.07705	-10.7187	-16.4687	0.953995	0.0460018	3.58347e-06	0.121274
211	-4.86093	-5.81181	-9.20433	0.912165	0.0877624	7.22197e-05	0.160041
212	-6.30239	-8.11289	-13.8885	0.960862	0.0391352	2.97148e-06	0.114946
213	-17.0485	-18.4024	-23.0403	0.939569	0.0604162	1.43101e-05	0.134598
214	-4.69643	-6.68196	-13.4278	0.96694	0.0330593	9.51252e-07	0.10934
215	-3.81988	-5.43063	-11.0933	0.952618	0.0473782	4.02724e-06	0.122543
216	-10.2336	-11.7758	-17.1161	0.949424	0.0505703	5.93379e-06	0.125492
217	-13.5655	-15.1829	-20.5861	0.952916	0.0470785	5.18772e-06	0.122272
218	-20.7612	-22.038	-26.4028	0.935041	0.0649384	2.02125e-05	0.138789
219	-8.26934	-10.1963	-16.2778	0.965014	0.0349844	1.95621e-06	0.111118
220	-5.58456	-7.35638	-13.0306	0.959381	0.0406159	3.41298e-06	0.116312
221	-8.55965	-9.97733	-14.8649	0.943096	0.056893	1.04986e-05	0.131336
222	-4.13931	-5.5528	-10.5301	0.942872	0.0571186	9.63565e-06	0.13154
223	-7.94124	-9.75779	-15.7178	0.961089	0.0389083	2.45668e-06	0.114735
224	-8.37904	-9.79278	-14.767	0.942885	0.057105	9.66247e-06	0.131528
225	-4.81869	-6.21503	-11.133	0.94194	0.0580493	1.03907e-05	0.132401
226	-10.4647	-12.2022	-18.0959	0.958025	0.0419723	2.8318e-06	0.117559
227	-19.3806	-20.3848	-23.9906	0.916352	0.0835923	5.55764e-05	0.156127
228	-8.26443	-9.88215	-15.2877	0.952931	0.047064	5.17357e-06	0.122259
229	-22.2753	-21.5321	-25.9194	0.656292	0.343604	0.000104565	0.395842
230	-3.81988	-5.43063	-11.0933	0.952618	0.0473782	4.02724e-06	0.122543
231	-10.0317	-11.9102	-18.16	0.963341	0.0366577	1.73228e-06	0.112658
232	-4.6637	-5.87784	-10.2004	0.931127	0.0688511	2.23538e-05	0.142403
233	-50.7672	-36.719	-31.829	7.48094e-07	0.235085	0.764914	3.64978
234	-19.4601	-15.5922	-16.9949	0.0770214	0.917456	0.00552252	0.948185
235	-4.52228	-6.38582	-12.6593	0.96281	0.0371887	1.71621e-06	0.113147
236	-3.75563	-5.207	-10.2719	0.944879	0.0551129	8.51717e-06	0.129688
237	-47.3409	-36.0401	-33.1703	3.46828e-05	0.698529	0.301436	2.04419
238	-4.68903	-6.19838	-11.4366	0.947823	0.0521699	6.77962e-06	0.126969
239	-13.8827	-15.7463	-22.0097	0.962813	0.0371854	1.73356e-06	0.113145
240	-45.321	-31.4199	-27.2057	1.3883e-06	0.376596	0.623403	3.15956
241	-3.75563	-5.207	-10.2719	0.944879	0.0551129	8.51717e-06	0.129688
242	-4.52901	-5.78784	-10.2211	0.93394	0.0660407	1.91937e-05	0.1398
243	-4.52228	-6.38582	-12.6593	0.96281	0.0371887	1.71621e-06	0.113147
244	-30.0507	-20.9764	-18.8281	0.000380227	0.826296	0.173324	1.60007
245	-14.7022	-13.5625	-17.0188	0.562149	0.437513	0.000337778	0.483366
246	-3.87268	-4.87414	-8.49149	0.916147	0.0837978	5.50728e-05	0.156314
247	-20.0108	-18.7586	-21.815	0.534191	0.465273	0.000535816	0.509805
248	-28.7685	-30.321	-35.3237	0.949915	0.0500771	8.23571e-06	0.125048
249	-4.52228	-6.38582	-12.6593	0.96281	0.0371887	1.71621e-06	0.113147
250	-16.9768	-13.4174	-15.8832	0.102373	0.895765	0.00186207	0.912153
251	-4.86093	-5.81181	-9.20433	0.912165	0.0877624	7.22197e-05	0.160041
252	-13.0464	-11.9187	-15.3941	0.565099	0.434572	0.000329173	0.480619
253	-10.1532	-11.5679	-16.5488	0.942936	0.057054	9.59026e-06	0.13148
254	-21.836	-20.9375	-25.0972	0.620429	0.379426	0.000144967	0.429016
255	-5.56045	-7.14541	-12.4286	0.951438	0.0485557	6.03227e-06	0.123637
256	-12.0792	-11.1404	-15.1739	0.610896	0.388935	0.00016859	0.437878
257	-15.5881	-17.3126	-23.1588	0.957497	0.0425004	3.00706e-06	0.118046
258	-4.13931	-5.5528	-10.5301	0.942872	0.0571186	9.63565e-06	0.13154
259	-3.81988	-5.43063	-11.0933	0.952618	0.0473782	4.02724e-06	0.122543
260	-18.568	-20.4319	-26.7056	0.962821	0.0371773	1.71518e-06	0.113137
261	-9.13211	-10.9137	-16.7702	0.959761	0.0402364	2.81773e-06	0.11596
262	-5.58456	-7.35638	-13.0306	0.959381	0.0406159	3.41298e-06	0.116312
263	-18.8925	-20.4365	-25.4732	0.949512	0.0504795	8.02477e-06	0.125418
264	-3.48158	-4.8543	-9.71084	0.940634	0.0593544	1.12975e-05	0.133607
265	-35.252	-36.8171	-42.1005	0.950514	0.0494803	6.14561e-06	0.124489
266	-11.744	-12.7239	-16.2246	0.914466	0.0854711	6.31214e-05	0.15789
267	-4.88959	-6.57252	-12.4061	0.955772	0.0442246	3.16849e-06	0.119635
268	-3.67281	-5.93177	-13.6036	0.974649	0.0253506	2.88974e-07	0.102237
269	-7.76277	-9.55627	-15.4318	0.960218	0.0397793	2.73316e-06	0.115538
270	-3.87268	-4.87414	-8.49149	0.916147	0.0837978	5.50728e-05	0.156314
271	-8.69433	-10.067	-14.9112	0.940634	0.0593547	1.14383e-05	0.133608
272	-4.13931	-5.5528	-10.5301	0.942872	0.0571186	9.63565e-06	0.13154
273	-3.81988	-5.43063	-11.0933	0.952618	0.0473782	4.02724e-06	0.122543
274	-23.28	-24.87	-30.1894	0.951673	0.0483215	5.78979e-06	0.12342
275	-16.8654	-15.7049	-19.0778	0.556986	0.442643	0.000371444	0.488239
276	-17.2275	-18.4489	-22.5809	0.931591	0.068382	2.68629e-05	0.14199
277	-9.72684	-11.3375	-16.9976	0.952615	0.047381	4.03814e-06	0.122546
278	-4.79281	-6.24703	-11.3613	0.945028	0.0549641	8.08512e-06	0.129549
279	-10.9951	-12.767	-18.4416	0.959385	0.040612	3.41129e-06	0.116308
280	-12.7126	-14.5908	-20.4182	0.96333	0.0366669	2.6435e-06	0.112671
281	-5.26379	-6.44906	-10.6363	0.929249	0.0707245	2.629e-05	0.144146
282	-4.52228	-6.38582	-12.6593	0.96281	0.0371887	1.71621e-06	0.113147
283	-5.09258	-6.13702	-9.88645	0.919396	0.0805573	4.63923e-05	0.153291
284	-14.6045	-16.1621	-21.1117	0.950159	0.0498323	8.6421e-06	0.124824
285	-3.75563	-5.207	-10.2719	0.944879	0.0551129	8.51717e-06	0.129688
286	-8.31335	-9.93108	-15.3354	0.952931	0.0470634	5.17969e-06	0.122258
287	-18.6654	-17.7667	-22.0218	0.620415	0.379453	0.000131791	0.428983
288	-4.86093	-5.81181	-9.20433	0.912165	0.0877624	7.22197e-05	0.160041
289	-4.13931	-5.5528	-10.5301	0.942872	0.0571186	9.63565e-06	0.13154
290	-3.81988	-5.43063	-11.0933	0.952618	0.0473782	4.02724e-06	0.122543
291	-27.7489	-21.5767	-22.1869	0.00820272	0.978784	0.0130135	1.03752
292	-11.512	-12.7718	-16.9566	0.933995	0.0659802	2.45861e-05	0.139768
293	-16.0821	-17.8632	-23.5346	0.95974	0.0402568	3.39223e-06	0.115981
294	-4.23256	-5.64109	-10.6142	0.942604	0.0573866	9.72083e-06	0.131787
295	-3.81988	-5.43063	-11.0933	0.952618	0.0473782	4.02724e-06	0.122543
296	-26.4469	-22.7274	-24.5094	0.0884087	0.907852	0.00373956	0.93152
297	-37.4734	-31.4428	-32.1841	0.00945346	0.979129	0.0114172	1.03084
298	-9.92408	-11.3667	-16.1568	0.94442	0.0555692	1.13037e-05	0.13012
299	-27.9484	-27.0229	-31.0765	0.614059	0.385777	0.000163903	0.434949
300	-4.13931	-5.5528	-10.5301	0.942872	0.0571186	9.63565e-06	0.13154
301	-22.7036	-21.5555	-24.9037	0.560029	0.439593	0.000378125	0.485459
302	-7.72457	-8.72514	-12.2892	0.916076	0.0838663	5.81319e-05	0.15639
303	-8.05022	-9.76508	-15.6859	0.957103	0.0428947	2.81667e-06	0.118408
304	-19.5759	-20.9838	-25.8297	0.942571	0.0574184	1.1046e-05	0.131822
305	-4.13931	-5.5528	-10.5301	0.942872	0.0571186	9.63565e-06	0.13154
306	-14.7748	-13.7058	-17.2723	0.579474	0.420236	0.000290602	0.467245
307	-8.60748	-10.1331	-15.4866	0.948621	0.0513728	5.94869e-06	0.126231
308	-4.86093	-5.81181	-9.20433	0.912165	0.0877624	7.22197e-05	0.160041
309	-3.75563	-5.207	-10.2719	0.944879	0.0551129	8.51717e-06	0.129688
310	-7.78829	-9.23931	-14.2848	0.944861	0.0551307	8.68697e-06	0.129705
311	-18.1249	-19.5214	-24.4398	0.941948	0.0580412	1.03849e-05	0.132393
312	-10.4232	-11.6822	-16.1158	0.933945	0.0660354	1.91859e-05	0.139795
313	-3.67281	-5.93177	-13.6036	0.974649	0.0253506	2.88974e-07	0.102237
314	-28.4336	-27.752	-32.4994	0.670078	0.329852	7.00274e-05	0.383024
315	-4.33106	-5.98889	-11.7053	0.954699	0.0452977	3.64886e-06	0.120625
316	-3.75563	-5.207	-10.2719	0.944879	0.0551129	8.51717e-06	0.129688
317	-5.39935	-6.77424	-11.6374	0.940756	0.0592333	1.12004e-05	0.133495
318	-29.2993	-30.367	-34.1538	0.921108	0.0788484	4.37441e-05	0.151705
319	-7.27228	-8.67105	-13.5813	0.942073	0.0579166	1.0447e-05	0.132279
320	-12.7473	-11.2085	-13.3276	0.462206	0.536217	0.00157662	0.579717
321	-3.87268	-4.87414	-8.49149	0.916147	0.0837978	5.50728e-05	0.156314
322	-12.056	-10.8349	-14.0253	0.541959	0.45758	0.000460865	0.50239
323	-4.52228	-6.38582	-12.6593	0.96281	0.0371887	1.71621e-06	0.113147
324	-3.87268	-4.87414	-8.49149	0.916147	0.0837978	5.50728e-05	0.156314
325	-3.81988	-5.43063	-11.0933	0.952618	0.0473782	4.02724e-06	0.122543
326	-9.20296	-7.63442	-9.67519	0.454773	0.543499	0.00172824	0.587089
327	-15.7612	-16.7122	-20.1054	0.912182	0.0877456	7.21598e-05	0.160025
328	-4.88959	-6.57252	-12.4061	0.955772	0.0442246	3.16849e-06	0.119635
329	-4.86093	-5.81181	-9.20433	0.912165	0.0877624	7.22197e-05	0.160041
330	-28.6463	-27.6002	-31.1713	0.58504	0.414674	0.000285416	0.462099
331	-6.82025	-8.22011	-13.0869	0.942132	0.0578572	1.08998e-05	0.132226
332	-7.14693	-8.93158	-14.7949	0.959878	0.0401191	2.79029e-06	0.115851
333	-4.86093	-5.81181	-9.20433	0.912165	0.0877624	7.22197e-05	0.160041
334	-25.2996	-21.305	-22.1578	0.0681979	0.922183	0.00961933	0.970505
335	-7.89998	-9.30158	-14.0984	0.942226	0.0577627	1.16715e-05	0.132142
336	-12.8912	-11.7238	-15.0832	0.555299	0.444323	0.000377979	0.489815
337	-10.5565	-9.46364	-13.0172	0.57364	0.426061	0.000298464	0.472645
338	-48.0058	-34.161	-30.0806	1.5932e-06	0.408465	0.591534	3.04916
339	-4.91836	-6.59434	-12.4878	0.955478	0.0445191	3.00442e-06	0.119905
340	-8.21106	-9.91211	-15.7855	0.956532	0.043465	2.99268e-06	0.118934
341	-27.4382	-23.6803	-25.3533	0.0853162	0.910502	0.00418199	0.935901
342	-35.6193	-29.5603	-30.5541	0.00921449	0.981891	0.00889497	1.02233
343	-11.1472	-12.6731	-18.038	0.948638	0.0513562	5.8794e-06	0.126216
344	-12.8099	-14.2959	-19.2877	0.946656	0.0533355	8.86764e-06	0.128052
345	-23.2931	-19.521	-21.2001	0.0842209	0.911617	0.0041621	0.936841
346	-4.91836	-6.59434	-12.4878	0.955478	0.0445191	3.00442e-06	0.119905
347	-7.13538	-8.57784	-13.5473	0.944413	0.055578	9.44875e-06	0.13012
348	-17.343	-13.7638	-16.0771	0.100533	0.897294	0.00217256	0.914923
349	-9.22476	-10.394	-14.3566	0.92818	0.0717864	3.34024e-05	0.145155
350	-9.36412	-10.3151	-13.7077	0.912173	0.0877544	7.22107e-05	0.160033
351	-13.1801	-12.0128	-15.3724	0.555318	0.444304	0.000377856	0.489797
352	-8.49341	-9.90034	-14.8527	0.942517	0.057473	9.93959e-06	0.131868
353	-13.6553	-14.8507	-19.0757	0.929912	0.0700631	2.50772e-05	0.143531
354	-23.6034	-19.8082	-21.4914	0.0824575	0.913389	0.00415306	0.938434
355	-5.2141	-6.99517	-12.8497	0.95974	0.0402572	2.82445e-06	0.115979
356	-28.348	-29.9012	-34.9037	0.94995	0.0500415	8.2318e-06	0.125015
357	-44.7722	-38.7508	-39.7786	0.00956704	0.981835	0.00859776	1.02097
358	-5.56045	-7.14541	-12.4286	0.951438	0.0485557	6.03227e-06	0.123637
359	-10.4133	-9.20604	-12.4583	0.545396	0.454174	0.000430014	0.499117
360	-11.7609	-12.7127	-16.0726	0.912231	0.0876947	7.45567e-05	0.159989
361	-5.73308	-7.28578	-12.5265	0.949926	0.0500677	6.49023e-06	0.125031
362	-17.0466	-15.8497	-19.1048	0.547962	0.451611	0.000426368	0.496741
363	-17.9008	-16.6374	-19.7853	0.531418	0.46809	0.000491937	0.512207
364	-19.751	-21.2396	-26.3886	0.946788	0.0532049	7.55867e-06	0.127926
365	-5.58456	-7.35638	-13.0306	0.959381	0.0406159	3.41298e-06	0.116312
366	-17.263	-16.005	-18.4197	0.53249	0.466489	0.00102061	0.513051
367	-3.48158	-4.8543	-9.71084	0.940634	0.0593544	1.12975e-05	0.133607
368	-11.2416	-12.751	-17.9893	0.947826	0.0521675	6.7781e-06	0.126967
369	-20.7757	-20.0937	-24.8489	0.669978	0.329952	6.95007e-05	0.383114
370	-41.1822	-35.0748	-35.5211	0.00872619	0.975987	0.0152865	1.04492
371	-24.4856	-26.0116	-31.354	0.948641	0.0513528	6.01307e-06	0.126213
372	-8.40207	-10.2657	-16.5306	0.962812	0.0371861	1.73081e-06	0.113145
373	-24.0793	-22.9238	-25.9285	0.558158	0.441307	0.000535224	0.487726
374	-4.50356	-6.00451	-11.2214	0.947406	0.0525871	6.98078e-06	0.127354
375	-6.6972	-8.34857	-13.9346	0.954418	0.0455778	4.18294e-06	0.120886
376	-26.0821	-22.0395	-22.6518	0.0650431	0.922714	0.0122426	0.982498
377	-12.8458	-14.4089	-19.6285	0.950414	0.0495792	6.5635e-06	0.124582
378	-25.1642	-21.0444	-21.4529	0.0603377	0.924622	0.0150404	0.996524
379	-14.7701	-15.7825	-19.1625	0.916965	0.0829662	6.91321e-05	0.155609
380	-4.23256	-5.64109	-10.6142	0.942604	0.0573866	9.72083e-06	0.131787
381	-38.1933	-29.6889	-29.5285	0.000790248	0.971303	0.0279064	1.09594
382	-4.61656	-5.64941	-9.35901	0.918531	0.0814198	4.87946e-05	0.154096
383	-16.1968	-18.021	-23.5838	0.961375	0.0386212	3.62794e-06	0.114475
384	-12.5773	-11.4875	-15.0509	0.574388	0.425316	0.000295009	0.471944
385	-9.95843	-8.7066	-11.762	0.534277	0.465186	0.00053626	0.509727
386	-19.2018	-15.7966	-18.6843	0.117516	0.881283	0.00120152	0.895917
387	-10.1214	-11.6472	-17.0101	0.948632	0.0513623	5.89186e-06	0.126221
388	-13.8027	-12.2635	-14.3815	0.462121	0.536301	0.00157861	0.579802
389	-30.8601	-24.6171	-24.7806	0.00759008	0.972205	0.020205	1.063
390	-4.69643	-6.68196	-13.4278	0.96694	0.0330593	9.51252e-07	0.10934
391	-13.84	-12.8299	-16.3948	0.593757	0.405962	0.000281169	0.454055
392	-8.92458	-10.2972	-15.1487	0.940628	0.0593608	1.13555e-05	0.133613
393	-16.2482	-15.0946	-18.5134	0.558692	0.440954	0.000353433	0.486604
394	-24.6725	-23.1062	-24.7875	0.454993	0.542535	0.00247139	0.58946
395	-8.31923	-9.34265	-13.0034	0.917821	0.0821273	5.16816e-05	0.15476
396	-3.75563	-5.207	-10.2719	0.944879	0.0551129	8.51717e-06	0.129688
397	-11.5978	-12.8853	-17.4108	0.935692	0.0642909	1.70391e-05	0.138179
398	-8.07429	-9.49871	-14.4968	0.943458	0.0565328	9.34007e-06	0.130999
399	-17.8329	-19.3475	-24.4812	0.948081	0.0519111	7.48893e-06	0.126734
400	-13.4486	-12.5112	-16.6468	0.611238	0.38861	0.000152102	0.437506
401	-24.8845	-24.3046	-29.3429	0.692162	0.307789	4.88472e-05	0.362608
402	-43.56	-44.9998	-49.8484	0.944276	0.0557132	1.06893e-05	0.13025
403	-10.9825	-12.3909	-17.3623	0.942597	0.0573938	9.73902e-06	0.131794
404	-12.6054	-14.2392	-19.8849	0.953646	0.0463498	4.00711e-06	0.121596
405	-15.8162	-14.6776	-18.0535	0.562405	0.437229	0.000365828	0.483228
406	-22.7647	-18.8842	-20.5726	0.0762322	0.919608	0.00415966	0.944191
407	-6.82025	-8.22011	-13.0869	0.942132	0.0578572	1.08998e-05	0.132226
408	-4.50356	-6.00451	-11.2214	0.947406	0.0525871	6.98078e-06	0.127354
409	-3.67281	-5.93177	-13.6036	0.974649	0.0253506	2.88974e-07	0.102237
410	-4.91836	-6.59434	-12.4878	0.955478	0.0445191	3.00442e-06	0.119905
411	-9.16288	-10.8428	-16.7369	0.955646	0.0443514	2.99111e-06	0.119751
412	-7.49522	-8.44893	-11.6457	0.912378	0.0875342	8.76093e-05	0.159898
413	-4.69643	-6.68196	-13.4278	0.96694	0.0330593	9.51252e-07	0.10934
414	-11.4246	-13.0362	-18.6038	0.952658	0.0473375	4.4253e-06	0.122508
477	-27.3424	-23.2094	-24.2001	0.059989	0.931545	0.00846561	0.974069
478	-34.0818	-30.8973	-34.255	0.142445	0.856825	0.000730033	0.871321
479	-10.4312	-9.30545	-12.748	0.565564	0.434096	0.000339779	0.480227
480	-8.03176	-9.47543	-14.2926	0.944474	0.0555146	1.09907e-05	0.130068
481	-5.54674	-6.95974	-11.8927	0.942845	0.0571447	1.00767e-05	0.131566
482	-4.67866	-6.12288	-11.0986	0.944504	0.0554864	9.37495e-06	0.130035
483	-3.78676	-4.61509	-7.59692	0.901801	0.0980769	0.000121696	0.169759
484	-17.5298	-18.8578	-23.3848	0.938083	0.0619003	1.63804e-05	0.135974
485	-4.36178	-5.90025	-11.0815	0.949244	0.0507491	6.98149e-06	0.125661
486	-38.1485	-31.8429	-31.8711	0.00711217	0.969814	0.0230742	1.07338
487	-5.72892	-7.23053	-12.1798	0.947437	0.0525539	9.11754e-06	0.127333
488	-23.9508	-17.9947	-17.8398	0.0100114	0.962487	0.0275015	1.08605
489	-39.1206	-30.3574	-29.1248	0.000579075	0.922019	0.0774016	1.2676
490	-17.1839	-15.3173	-16.4113	0.381192	0.613777	0.00503027	0.666304
491	-9.88223	-10.883	-14.4301	0.916087	0.0838536	5.91194e-05	0.156383
492	-13.0861	-11.6807	-14.1825	0.495735	0.503256	0.00100927	0.546867
493	-8.68922	-9.85036	-13.9269	0.927643	0.0723265	3.00316e-05	0.145638
494	-6.05655	-7.54907	-12.3782	0.946982	0.0530081	1.03704e-05	0.127757
495	-11.1839	-12.3617	-16.3359	0.928748	0.0712191	3.27561e-05	0.14463
496	-28.3601	-24.2983	-24.8987	0.0638741	0.923724	0.0124017	0.984126
497	-13.5789	-12.2109	-14.8338	0.505128	0.493995	0.000877643	0.537759
498	-26.6405	-22.7349	-23.8719	0.0742534	0.918536	0.00721079	0.956583
499	-3.71537	-5.04653	-9.70566	0.938268	0.0617175	1.43111e-05	0.135797
500	-66.0873	-48.9939	-42.0426	5.70095e-09	0.0376492	0.962351	4.33373
501	-9.33546	-10.1418	-12.9782	0.899817	0.10004	0.000143554	0.171662
502	-9.02445	-9.81102	-12.5895	0.898015	0.10183	0.000154852	0.173361
503	-14.2762	-15.6851	-20.5851	0.942623	0.0573664	1.04551e-05	0.131772
504	-5.33575	-6.79654	-11.5362	0.945364	0.054624	1.16867e-05	0.129251
505	-25.926	-19.3677	-18.6433	0.00539286	0.946791	0.0478161	1.16067
506	-9.43632	-10.684	-15.0014	0.933248	0.0667301	2.17782e-05	0.140446
507	-7.96967	-8.59705	-10.8094	0.882364	0.117321	0.000314232	0.188329
508	-42.387	-36.0471	-35.8078	0.00682585	0.963225	0.029949	1.09746
509	-8.55125	-9.68573	-13.6778	0.92583	0.0741362	3.34967e-05	0.14732
510	-10.316	-11.7012	-16.5424	0.941328	0.058661	1.1338e-05	0.132968
511	-32.8014	-23.7108	-21.576	0.000374938	0.828234	0.171391	1.59338
512	-12.5856	-11.2707	-14.0192	0.518429	0.480817	0.000753388	0.525077
513	-4.77362	-5.55836	-8.40176	0.897856	0.101998	0.000145352	0.173474
514	-31.587	-25.3347	-25.5218	0.00752431	0.972733	0.0197431	1.06146
515	-52.6387	-40.9654	-36.9427	1.44527e-05	0.42248	0.577505	3.00055
516	-16.3038	-15.2065	-18.4773	0.5725	0.427103	0.000396937	0.474037
517	-17.7525	-16.7793	-20.5405	0.602664	0.39711	0.000226011	0.44566
518	-4.1391	-5.30325	-9.397	0.927845	0.0721253	2.94372e-05	0.14545
519	-17.6732	-13.98	-15.8322	0.0905657	0.905956	0.00347853	0.928629
520	-4.67866	-6.12288	-11.0986	0.944504	0.0554864	9.37495e-06	0.130035
521	-13.8582	-12.6363	-15.7184	0.541736	0.45775	0.00051383	0.502778
522	-19.2141	-15.0063	-15.1314	0.055261	0.924768	0.0199712	1.01828
523	-36.6407	-26.0128	-22.8717	6.21375e-05	0.638501	0.361437	2.25201
608	-22.3881	-18.4824	-19.5012	0.074181	0.917711	0.00810823	0.959759
609	-16.2165	-12.3747	-13.8075	0.0789001	0.915752	0.00534821	0.945851
610	-16.9208	-12.9348	-13.9134	0.0688287	0.922684	0.00848758	0.966003
611	-10.9958	-9.87003	-13.2868	0.565554	0.434098	0.000348679	0.480268
612	-26.0643	-20.0489	-20.8592	0.00960441	0.979732	0.0106636	1.02809
613	-13.8069	-12.6757	-16.0346	0.5642	0.435429	0.000370566	0.48159
614	-19.7027	-15.8218	-17.0869	0.0760317	0.91763	0.00633794	0.951922
615	-4.39032	-5.6286	-9.9219	0.932658	0.0673196	2.25052e-05	0.140993
616	-12.2273	-11.2776	-15.1589	0.60828	0.391522	0.000197607	0.440389
617	-26.7705	-20.0214	-18.6401	0.00427064	0.907347	0.088382	1.30223
618	-4.39032	-5.6286	-9.9219	0.932658	0.0673196	2.25052e-05	0.140993
619	-5.5461	-6.95722	-11.8831	0.942743	0.0572467	1.01666e-05	0.13166
620	-4.13851	-5.3011	-9.389	0.927741	0.0722296	2.96527e-05	0.145547
621	-4.67788	-6.12016	-11.0886	0.944402	0.0555881	9.46081e-06	0.130129
622	-3.78621	-4.61344	-7.59113	0.901703	0.0981744	0.000122323	0.169851
623	-5.22998	-6.29258	-10.0172	0.92073	0.0792229	4.67714e-05	0.152063
624	-12.9363	-14.0267	-17.8589	0.922739	0.0772199	4.09365e-05	0.150193
625	-7.56189	-8.73527	-12.8295	0.928461	0.0715095	2.91712e-05	0.144881
626	-16.588	-14.5224	-16.0877	0.33616	0.660462	0.00337873	0.702063
627	-12.5033	-11.3332	-14.6824	0.554632	0.444986	0.000382403	0.490445
628	-4.85967	-5.8095	-9.19807	0.912081	0.0878464	7.25747e-05	0.16012
629	-18.3186	-19.795	-24.7599	0.946166	0.0538247	9.19344e-06	0.128504
630	-11.0986	-12.3421	-16.7386	0.93299	0.0669898	2.01996e-05	0.140679
631	-8.21043	-9.90959	-15.7759	0.956453	0.0435436	3.01947e-06	0.119007
632	-4.13842	-5.55034	-10.5217	0.942787	0.057203	9.70678e-06	0.131618
633	-4.80002	-6.54654	-12.5791	0.958384	0.0416131	2.44368e-06	0.117226
634	-21.7643	-20.4867	-23.4329	0.527817	0.471576	0.000606333	0.51592
635	-39.1253	-30.3619	-29.3164	0.000586692	0.934363	0.0650499	1.2248
636	-12.5937	-14.1437	-19.2019	0.949796	0.0501965	7.80951e-06	0.125156
637	-5.64568	-7.35351	-13.3468	0.956813	0.0431839	2.63741e-06	0.118674
638	-3.48099	-4.85219	-9.70303	0.940549	0.0594391	1.13783e-05	0.133685
639	-20.7971	-19.7812	-23.2447	0.59235	0.407338	0.000312245	0.455459
640	-9.32013	-11.182	-17.4417	0.96275	0.0372486	1.74287e-06	0.113203
641	-49.101	-40.4147	-39.444	0.000636676	0.938718	0.0606454	1.2095
642	-13.7856	-12.7449	-16.4589	0.58639	0.413363	0.000246649	0.460722
643	-6.48072	-7.47898	-11.0165	0.915897	0.0840433	5.9825e-05	0.156561
644	-11.8718	-12.8947	-16.4995	0.917778	0.0821668	5.468e-05	0.15481
645	-4.52125	-6.38272	-12.6484	0.962735	0.0372631	1.73311e-06	0.113216
646	-11.7161	-10.5897	-13.986	0.565384	0.43426	0.00035598	0.480449
647	-44.5371	-43.3313	-46.5886	0.545763	0.45381	0.000427516	0.498771
648	-4.85967	-5.8095	-9.19807	0.912081	0.0878464	7.25747e-05	0.16012
649	-6.76813	-8.16603	-13.0232	0.942025	0.0579641	1.10263e-05	0.132325
650	-7.75604	-9.12687	-13.9616	0.940528	0.05946	1.15668e-05	0.133705
651	-11.4451	-12.867	-17.6804	0.943323	0.0566658	1.12617e-05	0.13113
652	-14.1685	-15.985	-21.9335	0.961087	0.0389109	2.48534e-06	0.114737
653	-7.77402	-9.20942	-14.0755	0.944039	0.0559501	1.05488e-05	0.130468
654	-32.5651	-29.1153	-31.7476	0.112927	0.885514	0.00155853	0.90138
655	-3.67259	-5.92905	-13.5914	0.974587	0.0254126	2.92424e-07	0.102294
656	-17.9676	-18.9217	-22.3157	0.912424	0.0875037	7.19022e-05	0.159801
657	-20.2263	-16.6631	-19.0016	0.101995	0.895889	0.0021152	0.913378
658	-26.3968	-22.4973	-24.1049	0.0748833	0.920602	0.00451469	0.946663
659	-4.13842	-5.55034	-10.5217	0.942787	0.057203	9.70678e-06	0.131618
660	-45.6636	-44.7394	-48.3099	0.614299	0.385436	0.000265459	0.43508
661	-4.54641	-6.1873	-11.9443	0.95396	0.0460362	3.56096e-06	0.121305
662	-12.6385	-11.3252	-16.2691	0.519194	0.480722	8.38466e-05	0.522053
663	-4.33009	-5.98608	-11.6956	0.954619	0.0453774	3.68062e-06	0.120699
664	-7.72367	-8.7231	-12.2829	0.915988	0.0839537	5.84418e-05	0.156472
665	-37.7687	-33.3546	-34.3176	0.0459547	0.945214	0.00883123	0.988263
666	-5.93435	-7.75256	-13.7073	0.961152	0.038846	2.46577e-06	0.114677
667	-4.91772	-6.59185	-12.4783	0.955399	0.0445979	3.03074e-06	0.119978
668	-12.1436	-11.0162	-14.2327	0.565121	0.434453	0.000426328	0.480935
669	-20.0557	-19.0891	-23.0282	0.604234	0.395577	0.000188448	0.444083
670	-18.8242	-15.4311	-18.2393	0.118752	0.879949	0.00129891	0.895116
671	-22.8823	-24.17	-28.549	0.935699	0.0642814	1.97254e-05	0.138182
672	-41.3362	-29.8006	-27.9238	3.38468e-05	0.862125	0.137842	1.47747
673	-11.2564	-12.7437	-17.8135	0.946721	0.0532707	8.19206e-06	0.127989
674	-11.1773	-10.2677	-14.3996	0.617816	0.382034	0.000150092	0.43144
675	-5.64568	-7.35351	-13.3468	0.956814	0.0431838	2.63739e-06	0.118674
676	-24.1011	-20.4188	-22.2816	0.0914772	0.905084	0.00343857	0.927651
677	-9.86888	-11.2684	-16.204	0.942117	0.0578733	1.01791e-05	0.132238
678	-12.3208	-11.4539	-15.8145	0.627881	0.372002	0.000116268	0.422052
679	-5.64303	-7.34296	-13.3063	0.956486	0.0435115	2.73808e-06	0.118976
680	-15.9097	-15.0684	-19.4457	0.633832	0.366055	0.000112515	0.416557
681	-4.68418	-6.18486	-11.3902	0.947393	0.0526004	7.06365e-06	0.127367
682	-10.9196	-9.88766	-13.6899	0.588508	0.411267	0.000224675	0.458694
683	-5.39015	-6.78469	-11.6386	0.941841	0.0581477	1.10968e-05	0.132494
684	-16.5074	-18.2901	-24.0245	0.9598	0.0401969	3.18038e-06	0.115925
685	-22.2552	-21.4964	-25.8277	0.652769	0.347119	0.000111723	0.399112
686	-3.75191	-5.19495	-10.2284	0.944443	0.0555481	8.85911e-06	0.13009
688	-37.1602	-31.1267	-32.0085	0.00944022	0.980622	0.00993729	1.02573
689	-4.49984	-5.99217	-11.1765	0.946975	0.0530181	7.27117e-06	0.127753
690	-25.7342	-27.5887	-33.7486	0.962482	0.037516	1.93955e-06	0.11345
691	-4.22948	-5.62994	-10.5726	0.942166	0.0578242	1.00979e-05	0.132192
692	-3.81643	-5.41795	-11.0458	0.9522	0.0477962	4.20692e-06	0.122929
693	-7.41759	-9.30108	-15.5682	0.963517	0.0364811	1.69429e-06	0.112496
694	-9.38909	-10.6821	-14.6525	0.936009	0.0639612	2.95328e-05	0.13793
695	-35.116	-26.3141	-24.992	0.000553104	0.9154	0.0840472	1.29064
696	-8.49033	-9.88919	-14.8111	0.942078	0.0579112	1.03252e-05	0.132273
697	-17.7963	-13.7338	-14.396	0.0638814	0.924451	0.0116678	0.981577
698	-12.746	-14.1085	-18.8413	0.940061	0.0599265	1.29089e-05	0.134141
699	-17.6563	-16.3665	-19.2612	0.524773	0.474584	0.000642482	0.518849
700	-4.22948	-5.62994	-10.5726	0.942166	0.0578242	1.00979e-05	0.132192
701	-36.7253	-30.4421	-30.5888	0.00729101	0.972163	0.020546	1.06446
702	-9.79897	-8.63502	-12.0167	0.556144	0.443487	0.000368918	0.489005
703	-11.5039	-10.3968	-13.8971	0.57017	0.429513	0.000317354	0.475907
704	-20.8605	-16.6205	-16.2119	0.0528603	0.913497	0.033643	1.06785
705	-9.21459	-11.0661	-17.2893	0.962378	0.0376204	1.82574e-06	0.113546
706	-9.93766	-11.001	-14.8028	0.920788	0.0791685	4.32644e-05	0.151998
707	-25.5815	-27.0196	-31.9764	0.944182	0.0558081	9.60912e-06	0.130333
708	-13.2603	-12.1982	-15.8918	0.58119	0.418555	0.000254887	0.46554
709	-4.91398	-6.57733	-12.4231	0.954937	0.0450596	3.18938e-06	0.120404
710	-3.86895	-4.86289	-8.45193	0.915567	0.0843762	5.70458e-05	0.156855
711	-3.67134	-5.9132	-13.5204	0.974223	0.0257768	3.13456e-07	0.10263
712	-9.16634	-10.5302	-15.3498	0.940139	0.0598491	1.18204e-05	0.134065
713	-3.86895	-4.86289	-8.45193	0.915567	0.0843762	5.70458e-05	0.156855
714	-11.301	-13.1798	-19.4206	0.963351	0.0366471	1.74733e-06	0.112649
715	-4.32444	-5.96971	-11.6387	0.954152	0.045844	3.87234e-06	0.121129
716	-4.52465	-5.77398	-10.1714	0.933351	0.0666291	2.00717e-05	0.140346
717	-5.39533	-6.75986	-11.5839	0.940175	0.0598129	1.17606e-05	0.134031
718	-8.14972	-9.14325	-12.7166	0.915533	0.0844087	5.79724e-05	0.156889
719	-6.24309	-7.83919	-13.3552	0.951952	0.0480435	4.72896e-06	0.123159
720	-21.2029	-17.1213	-17.7331	0.0627099	0.925011	0.0122791	0.984774
721	-24.1411	-25.5721	-30.4088	0.943804	0.056185	1.09081e-05	0.130686
722	-14.9344	-16.1844	-20.5841	0.933389	0.0665912	2.00154e-05	0.140311
723	-8.92714	-10.2671	-14.2432	0.938766	0.0612064	2.81e-05	0.135386
724	-48.6672	-37.3249	-34.5698	3.43972e-05	0.722098	0.277868	1.96254
725	-60.536	-62.0601	-67.2002	0.94855	0.0514426	7.37404e-06	0.126302
726	-16.2753	-17.2922	-20.6896	0.917312	0.0826202	6.76564e-05	0.155284
727	-3.86895	-4.86289	-8.45193	0.915567	0.0843762	5.70458e-05	0.156855
728	-11.8367	-13.2764	-18.2614	0.944268	0.0557222	9.32771e-06	0.130252
729	-4.32444	-5.96971	-11.6387	0.954152	0.045844	3.87234e-06	0.121129
730	-14.129	-15.2587	-18.6341	0.92547	0.0744675	6.23327e-05	0.147751
731	-3.47752	-4.8399	-9.65741	0.940054	0.0599344	1.18619e-05	0.134143
732	-17.5885	-13.9096	-15.873	0.0917865	0.905104	0.00310955	0.926226
733	-6.00708	-7.36714	-12.092	0.939922	0.0600651	1.30423e-05	0.134269
734	-46.9149	-35.1636	-31.4607	1.58794e-05	0.50181	0.498174	2.72573
735	-4.2285	-5.62641	-10.5595	0.942026	0.0579635	1.02198e-05	0.132321
736	-4.2285	-5.62641	-10.5595	0.942026	0.0579635	1.02198e-05	0.132321
737	-25.2317	-24.0636	-27.3115	0.555091	0.444486	0.00042267	0.490161
738	-6.72785	-8.18067	-13.1434	0.944953	0.0550372	9.42036e-06	0.129622
739	-40.2971	-28.4678	-24.7862	1.48426e-05	0.507115	0.49287	2.70736
741	-20.9842	-17.3088	-19.2115	0.0920621	0.904635	0.00330256	0.926641
742	-6.85961	-8.33868	-13.3903	0.946304	0.0536875	8.40777e-06	0.128374
743	-38.7446	-29.8534	-28.1949	0.000489412	0.885675	0.113836	1.39389
752	-4.72523	-4.95016	-5.7819	0.832666	0.165571	0.00176386	0.239129
753	-4.06409	-4.5325	-6.25916	0.86464	0.134774	0.00058671	0.2056
754	-56.4926	-46.0675	-40.4825	1.58505e-05	0.132983	0.867001	4.00341
755	-4.14549	-4.43325	-5.55823	0.841596	0.157155	0.00124868	0.229119
756	-18.122	-13.4459	-12.0359	0.0328847	0.879006	0.0881097	1.27493
757	-4.51129	-4.94724	-6.579	0.860744	0.138592	0.0006634	0.209454
758	-11.6879	-11.9838	-13.08	0.842646	0.156078	0.00127639	0.228248
759	-20.1624	-15.3783	-13.6108	0.0285332	0.849689	0.121778	1.39557
760	-58.3277	-44.4041	-39.6672	9.50651e-07	0.263712	0.736287	3.55061
779	-34.0197	-32.8685	-35.915	0.55921	0.440278	0.000512119	0.486677
781	-31.6323	-22.8217	-21.4597	0.000546443	0.912287	0.0871667	1.30145
782	-55.2045	-41.4505	-37.5431	1.92543e-06	0.450848	0.54915	2.90233
783	-23.0796	-19.6293	-22.1397	0.112853	0.885387	0.00176027	0.902147
784	-15.9041	-17.4737	-22.7151	0.950725	0.0492686	6.38201e-06	0.124295
785	-3.67134	-5.9132	-13.5204	0.974223	0.0257768	3.13456e-07	0.10263
786	-15.2617	-13.6695	-15.4916	0.448706	0.549121	0.00217286	0.594217
787	-10.4264	-9.24162	-12.5363	0.550987	0.448606	0.000407123	0.493888
788	-13.2466	-12.5407	-17.207	0.664674	0.335249	7.71861e-05	0.388026
789	-5.64199	-7.33882	-13.2905	0.956356	0.0436407	2.7784e-06	0.119095
790	-8.18817	-9.18172	-12.7556	0.915535	0.0844074	5.79408e-05	0.156888
791	-4.18551	-5.69988	-11.022	0.948071	0.0519225	6.20422e-06	0.126739
792	-10.9163	-11.86	-15.2256	0.91159	0.0883353	7.46765e-05	0.160579
793	-22.4272	-18.6484	-21.9598	0.0839858	0.915197	0.000816763	0.925469
794	-13.7756	-15.544	-21.35	0.959245	0.0407521	3.00127e-06	0.116435
795	-17.7274	-16.4557	-19.4243	0.52931	0.470099	0.000591103	0.514492
796	-4.18551	-5.69988	-11.022	0.948071	0.0519225	6.20422e-06	0.126739
797	-19.1149	-15.0185	-15.5721	0.0617987	0.925186	0.0130158	0.988165
909	-3.47752	-4.83989	-9.6574	0.940054	0.0599346	1.18621e-05	0.134144
910	-33.2725	-27.1808	-28.0825	0.00891346	0.981338	0.00974806	1.02556
911	-10.2564	-11.9265	-17.7077	0.955226	0.0447706	3.38029e-06	0.120139
912	-3.75073	-5.19113	-10.2146	0.944304	0.0556869	8.96978e-06	0.130218
913	-5.17673	-6.45862	-10.9861	0.93535	0.0646328	1.70954e-05	0.138494
914	-19.1395	-17.6691	-21.1498	0.479804	0.519804	0.000391661	0.559402
915	-5.96515	-7.56785	-12.9997	0.952253	0.0477422	5.11192e-06	0.122883
916	-12.0093	-11.0938	-15.2148	0.616418	0.38343	0.000152273	0.432736
917	-4.18551	-5.69988	-11.022	0.948071	0.0519227	6.20434e-06	0.126739
918	-4.51528	-6.36465	-12.5845	0.962299	0.0376994	1.83556e-06	0.113618
919	-8.88852	-10.4855	-15.8252	0.95199	0.0480042	5.63605e-06	0.123127
920	-12.0925	-12.4678	-13.9882	0.85325	0.145969	0.000781029	0.216764
921	-25.9334	-19.8136	-20.7904	0.00867487	0.982274	0.00905126	1.02336
922	-4.51528	-6.36465	-12.5845	0.962299	0.0376994	1.83556e-06	0.113618
923	-3.86894	-4.86289	-8.45191	0.915567	0.0843764	5.70465e-05	0.156855
924	-11.3493	-10.3473	-14.2343	0.595739	0.404058	0.00020278	0.451958
925	-10.0496	-11.7212	-17.5802	0.955293	0.0447041	3.12251e-06	0.120076
926	-21.4357	-17.322	-19.1719	0.0613845	0.935017	0.0035984	0.955923
927	-13.0907	-14.5881	-19.7809	0.947225	0.0527676	7.17581e-06	0.127521
928	-3.86894	-4.86289	-8.45191	0.915567	0.0843764	5.70465e-05	0.156855
929	-44.796	-41.0606	-42.6632	0.0870594	0.908463	0.00447721	0.935318
930	-46.6966	-42.8038	-43.9685	0.0751545	0.917836	0.00700913	0.955055
931	-14.5265	-15.8925	-20.5055	0.940255	0.0597309	1.45051e-05	0.133967
932	-15.679	-11.548	-12.0167	0.0597547	0.926062	0.0141832	0.994092
933	-18.547	-14.4485	-15.0021	0.0616762	0.925306	0.0130182	0.988286
934	-10.2103	-11.5213	-16.2002	0.93709	0.0628953	1.42991e-05	0.136881
935	-11.019	-12.0129	-15.5998	0.915562	0.0843805	5.71717e-05	0.15686
936	-3.75073	-5.19113	-10.2146	0.944304	0.0556869	8.96978e-06	0.130218
937	-12.2951	-11.3005	-15.119	0.597546	0.402238	0.000216196	0.450341
938	-3.67134	-5.91319	-13.5203	0.974223	0.0257769	3.13464e-07	0.10263
939	-10.987	-9.46316	-11.4956	0.465875	0.532418	0.00170722	0.576789
940	-3.86894	-4.86289	-8.45191	0.915567	0.0843764	5.70465e-05	0.156855
941	-10.5582	-12.0031	-16.9858	0.944544	0.0554467	9.30352e-06	0.129998
942	-10.5056	-11.4494	-14.815	0.911591	0.0883346	7.4675e-05	0.160579
943	-3.86894	-4.86289	-8.45191	0.915567	0.0843764	5.70465e-05	0.156855
944	-16.962	-13.4505	-15.9958	0.10687	0.891419	0.00171139	0.907489
945	-10.4231	-11.8664	-16.8989	0.944458	0.0555332	8.86504e-06	0.130076
946	-3.81534	-5.41393	-11.0308	0.952066	0.0479296	4.26529e-06	0.123052
947	-13.5207	-12.6267	-16.5375	0.621475	0.37834	0.000185418	0.428192
948	-8.69499	-9.94831	-14.3606	0.933599	0.066381	1.97026e-05	0.140116
949	-4.88434	-6.55454	-12.3401	0.955231	0.0447657	3.36514e-06	0.120134
950	-4.78706	-5.72846	-9.14819	0.911405	0.0885245	7.08912e-05	0.160737
951	-14.3722	-15.8718	-21.0728	0.947338	0.0526552	7.10191e-06	0.127417
952	-11.1375	-12.0812	-15.4468	0.91159	0.0883357	7.46785e-05	0.16058
953	-8.02125	-9.46138	-14.4694	0.94429	0.055701	9.11174e-06	0.130232
954	-8.72784	-10.0901	-14.9015	0.940046	0.0599425	1.19359e-05	0.134151
955	-9.00902	-10.0536	-13.6003	0.919394	0.0805495	5.68118e-05	0.153329
956	-19.9678	-19.0932	-23.256	0.626039	0.373819	0.000142382	0.42384
957	-3.81534	-5.41393	-11.0308	0.952066	0.0479296	4.26529e-06	0.123052
958	-5.57368	-7.33187	-12.9544	0.958846	0.0411503	3.6412e-06	0.116805
959	-23.4963	-25.1653	-30.9063	0.955181	0.0448158	3.52236e-06	0.120181
960	-15.7449	-14.7762	-18.8249	0.603765	0.396065	0.000169093	0.444448
961	-6.05318	-7.49204	-12.4096	0.944222	0.055768	9.98617e-06	0.130297
962	-15.0954	-16.1578	-19.2052	0.920673	0.0792347	9.20759e-05	0.152273
963	-25.5391	-19.3018	-19.5963	0.00765254	0.97458	0.0177676	1.0545
964	-4.91398	-6.57733	-12.4231	0.954937	0.0450597	3.18944e-06	0.120404
965	-9.47041	-10.4142	-13.7798	0.911595	0.08833	7.46736e-05	0.160574
966	-6.05318	-7.49204	-12.4096	0.944222	0.055768	9.98617e-06	0.130297
967	-8.08463	-9.44674	-14.2525	0.940038	0.0599496	1.20049e-05	0.134158
968	-22.3132	-23.3114	-26.1109	0.915838	0.0840366	0.000125138	0.156841
969	-17.5556	-19.0676	-24.2834	0.947954	0.0520395	6.91574e-06	0.12685
970	-20.9241	-17.2318	-18.9382	0.0905927	0.905385	0.00402205	0.930487
971	-19.0425	-20.0643	-23.6033	0.917691	0.082251	5.84584e-05	0.154904
972	-8.50436	-9.4972	-12.9578	0.915474	0.0844611	6.4932e-05	0.156968
973	-27.0147	-23.3904	-25.3056	0.0964256	0.900328	0.00324605	0.922426
974	-8.17932	-9.17667	-12.7646	0.915829	0.0841143	5.69336e-05	0.156613
975	-17.725	-19.5192	-25.3955	0.960243	0.039754	2.72931e-06	0.115515
976	-5.12987	-6.15278	-9.77642	0.917781	0.0821658	5.36621e-05	0.154804
977	-5.17673	-6.45862	-10.9861	0.93535	0.0646328	1.70954e-05	0.138494
978	-10.7633	-11.7904	-15.4251	0.918097	0.0818506	5.28687e-05	0.154511
979	-50.8814	-52.3387	-57.367	0.945186	0.0548054	8.78534e-06	0.129405
980	-5.20499	-6.97244	-12.7755	0.95921	0.0407865	3.01294e-06	0.116467
981	-13.3204	-11.871	-13.9365	0.484451	0.513954	0.00159436	0.559288
982	-4.91398	-6.57733	-12.4231	0.954937	0.0450597	3.18944e-06	0.120404
1078	-52.8996	-51.9288	-55.6747	0.603217	0.396554	0.000229167	0.445162
1079	-47.4744	-48.8889	-53.8584	0.942923	0.0570674	9.70125e-06	0.131493
