Sites	Ll_YN98.omega=0.00399969	Ll_YN98.omega=0.0298787	Ll_YN98.omega=0.161172	Ll_YN98.omega=0.626257	Ll_YN98.omega=2.19604	Pr_YN98.omega=0.00399969	Pr_YN98.omega=0.0298787	Pr_YN98.omega=0.161172	Pr_YN98.omega=0.626257	Pr_YN98.omega=2.19604	mean
24	-3.48182	-3.51891	-3.70697	-4.37149	-6.59524	0.314539	0.303087	0.251129	0.129211	0.00203455	0.136176
25	-4.61223	-4.64007	-4.78122	-5.27993	-6.94837	0.299041	0.290831	0.252546	0.153374	0.00420818	0.155882
26	-128.838	-108.753	-92.0201	-78.8726	-67.7453	2.01678e-26	1.06584e-17	1.97074e-10	0.000101044	0.999899	2.19588
27	-30.9966	-31.0233	-31.1588	-31.6375	-33.2375	0.297071	0.289237	0.252586	0.156508	0.00459793	0.158651
28	-3.93946	-3.96249	-4.07925	-4.49212	-5.87693	0.290431	0.28382	0.252541	0.167119	0.00608898	0.168376
29	-3.73148	-3.75462	-3.87195	-4.28669	-5.67657	0.290626	0.283979	0.252541	0.166806	0.00604686	0.168093
30	-19.8712	-17.8586	-16.1734	-14.8987	-14.3565	0.00435987	0.0326233	0.175964	0.629507	0.157546	0.769563
31	-41.8891	-35.8848	-30.9735	-27.4126	-25.358	2.38594e-07	9.66664e-05	0.0131292	0.462041	0.524733	1.44381
32	-24.7296	-20.729	-17.4664	-15.1337	-13.9048	4.25547e-05	0.0023247	0.0607175	0.62574	0.311176	1.08508
33	-4.16152	-4.18613	-4.31092	-4.75199	-6.22956	0.293308	0.286178	0.252605	0.162512	0.00539662	0.164062
34	-14.1893	-12.2081	-10.6737	-9.84901	-10.3699	0.00798417	0.0578944	0.268555	0.612612	0.0529548	0.544989
35	-4.21972	-4.24661	-4.38292	-4.86485	-6.48066	0.297383	0.289495	0.252605	0.156006	0.00451168	0.15816
36	-5.56684	-5.59118	-5.71458	-6.15053	-7.60787	0.292796	0.285755	0.252581	0.163333	0.00553466	0.164861
37	-5.3545	-5.38466	-5.5375	-6.07697	-7.8751	0.303001	0.294	0.252331	0.147122	0.00354565	0.150588
38	-21.1283	-19.147	-17.6119	-16.785	-17.2977	0.00796294	0.0577477	0.268044	0.612838	0.0534073	0.546037
39	-20.9948	-19.0077	-17.443	-16.5121	-16.6856	0.0070188	0.0511996	0.244797	0.621013	0.075972	0.596763
40	-25.6498	-23.665	-22.112	-21.2222	-21.5301	0.00738793	0.0537677	0.254083	0.618598	0.0661629	0.575285
41	-53.0797	-45.0597	-38.4384	-33.4334	-29.8375	4.65198e-10	1.41483e-06	0.00106244	0.158459	0.840478	1.94513
42	-14.8983	-12.9128	-11.3565	-10.4551	-10.7272	0.00728416	0.0530475	0.251517	0.619474	0.0686781	0.580921
43	-51.2772	-45.2599	-40.2826	-36.4887	-33.6567	1.08183e-07	4.44047e-05	0.00644251	0.286223	0.70729	1.73353
44	-5.3019	-5.31864	-5.40353	-5.70373	-6.71075	0.278442	0.273819	0.251532	0.186304	0.00990405	0.188259
45	-20.4534	-18.462	-16.8761	-15.8701	-15.7912	0.00635579	0.0465576	0.227376	0.621794	0.0979168	0.642495
46	-4.42436	-4.45305	-4.59855	-5.11276	-6.83473	0.300544	0.292043	0.252499	0.150987	0.00392673	0.153804
47	-14.0506	-12.0591	-10.4719	-9.46151	-9.37031	0.00631897	0.0462996	0.226407	0.621841	0.099134	0.645033
48	-21.1472	-19.1629	-17.6121	-16.7307	-17.0715	0.00746541	0.0543076	0.256054	0.618191	0.0639817	0.570574
49	-17.1073	-15.1262	-13.592	-12.768	-13.2911	0.00799093	0.0579409	0.268713	0.612522	0.0528331	0.544692
50	-40.9735	-36.9793	-33.7488	-31.5291	-30.6699	5.43224e-05	0.00294877	0.0745795	0.68652	0.235898	0.960087
51	-3.73148	-3.75462	-3.87195	-4.28669	-5.67657	0.290626	0.283979	0.252541	0.166806	0.00604686	0.168093
52	-4.62919	-4.65868	-4.80813	-5.33568	-7.09457	0.301855	0.293085	0.252399	0.148928	0.00373279	0.152108
53	-14.0873	-12.096	-10.5102	-9.50483	-9.43052	0.00636254	0.0466059	0.227584	0.621956	0.0974915	0.641698
54	-16.3791	-16.4037	-16.5283	-16.9688	-18.4435	0.293257	0.286134	0.252598	0.162595	0.00541514	0.164152
55	-13.952	-11.9693	-10.4272	-9.57593	-10.0162	0.00774048	0.0562135	0.262779	0.615586	0.0576815	0.556249
56	-42.4415	-36.4312	-31.4896	-27.8218	-25.4081	1.68731e-07	6.87708e-05	0.0096275	0.377087	0.613216	1.58436
57	-38.8485	-32.8405	-27.91	-24.2814	-21.9976	1.92123e-07	7.81325e-05	0.0108168	0.407353	0.581752	1.53441
58	-73.3899	-63.3161	-54.8117	-47.9182	-41.992	1.56041e-13	3.70053e-09	1.82664e-05	0.0180087	0.981973	2.16774
59	-13.1709	-11.183	-9.61465	-8.67082	-8.80184	0.00690398	0.0503985	0.241851	0.621509	0.0793377	0.603966
60	-34.3144	-30.3195	-27.089	-24.908	-24.4064	6.05374e-05	0.00328856	0.0831756	0.736477	0.176998	0.863423
61	-3.2941	-3.32643	-3.49006	-4.06511	-5.95212	0.306467	0.29672	0.25193	0.141756	0.00312576	0.146336
76	-27.3026	-23.3021	-20.0424	-17.7501	-16.839	4.84177e-05	0.00264492	0.0688773	0.681713	0.246716	0.979907
77	-17.7516	-15.7773	-14.2775	-13.5713	-14.4457	0.00910532	0.065571	0.293814	0.595371	0.0361389	0.501568
78	-11.3411	-11.3635	-11.4768	-11.8751	-13.1854	0.288998	0.282602	0.252325	0.169425	0.00665054	0.170976
79	-17.9675	-15.9854	-14.4463	-13.6024	-14.0264	0.00779863	0.0565989	0.263775	0.613412	0.0584154	0.556671
80	-16.8598	-14.8886	-13.4041	-12.7512	-13.7897	0.00962837	0.0691277	0.30504	0.586016	0.0301875	0.484557
81	-12.6377	-10.6505	-9.08524	-8.15092	-8.29529	0.00698235	0.050938	0.243677	0.620273	0.0781301	0.600851
82	-26.4672	-26.497	-26.6477	-27.177	-28.9096	0.302127	0.293261	0.252222	0.148567	0.00382312	0.152059
83	-8.92671	-8.95904	-9.12269	-9.69772	-11.5839	0.306469	0.29672	0.251926	0.141756	0.00312843	0.146341
84	-3.2941	-3.32643	-3.49006	-4.06511	-5.95212	0.306467	0.29672	0.25193	0.141756	0.00312576	0.146336
85	-3.54343	-3.57769	-3.75111	-4.35952	-6.34469	0.309619	0.299189	0.251555	0.1369	0.00273645	0.142465
86	-8.13256	-8.1659	-8.33463	-8.9268	-10.8638	0.308105	0.298002	0.251732	0.13924	0.00292071	0.144323
87	-4.96516	-4.99559	-5.14962	-5.69071	-7.46467	0.303252	0.294163	0.252169	0.146791	0.00362421	0.150533
88	-5.24961	-5.28733	-5.47793	-6.14333	-8.2752	0.314955	0.303299	0.250664	0.128858	0.00222427	0.136305
89	-5.21256	-5.24492	-5.40878	-5.9847	-7.87497	0.306545	0.296783	0.251929	0.141631	0.00311286	0.146231
90	-9.42033	-9.46457	-9.68826	-10.4703	-12.9871	0.325125	0.311055	0.248708	0.113775	0.00133643	0.124866
91	-3.60499	-3.64295	-3.8351	-4.51004	-6.71978	0.31564	0.303883	0.250757	0.127682	0.00203887	0.135196
92	-11.4226	-11.4581	-11.6375	-12.2665	-14.313	0.311534	0.300679	0.251293	0.133975	0.00251873	0.140165
93	-20.3591	-18.3924	-16.9304	-16.354	-17.6118	0.0104025	0.0743512	0.320777	0.570852	0.0236175	0.463328
94	-3.60499	-3.64295	-3.8351	-4.51004	-6.71978	0.31564	0.303883	0.250757	0.127682	0.00203887	0.135196
95	-12.152	-12.1902	-12.3837	-13.0603	-15.2431	0.31591	0.304054	0.250575	0.127372	0.00208945	0.13509
96	-12.0181	-12.0405	-12.1538	-12.5522	-13.8624	0.289	0.282603	0.252324	0.169422	0.00665116	0.170975
97	-8.38415	-8.40932	-8.5368	-8.98453	-10.4268	0.294027	0.286718	0.252401	0.161305	0.00554908	0.163627
98	-8.66582	-8.70815	-8.9221	-9.66918	-12.0627	0.322166	0.308813	0.24933	0.118121	0.00156954	0.128121
99	-10.2893	-10.3117	-10.4251	-10.8236	-12.1346	0.28902	0.282619	0.252326	0.16939	0.00664457	0.170942
100	-11.1345	-11.168	-11.3377	-11.9332	-13.8788	0.308418	0.298247	0.251695	0.138754	0.00288564	0.143944
101	-15.2238	-13.2462	-11.7296	-10.9641	-11.6458	0.00853603	0.0616764	0.281062	0.604253	0.0444722	0.523257
102	-9.45483	-9.48715	-9.6508	-10.2258	-12.1123	0.306468	0.29672	0.251928	0.141756	0.00312733	0.146339
103	-3.71826	-3.74178	-3.86088	-4.28048	-5.66984	0.291166	0.2844	0.252466	0.165949	0.00601889	0.167497
104	-3.60499	-3.64295	-3.8351	-4.51004	-6.71978	0.31564	0.303883	0.250757	0.127682	0.00203887	0.135196
105	-4.59721	-4.61959	-4.73291	-5.13121	-6.44149	0.288998	0.282601	0.252325	0.169426	0.00665071	0.170976
106	-4.88216	-4.92462	-5.13916	-5.88712	-8.27082	0.322294	0.308895	0.24925	0.117978	0.0015831	0.128052
107	-4.59721	-4.61959	-4.73291	-5.13121	-6.44149	0.288998	0.282601	0.252325	0.169426	0.00665071	0.170976
108	-38.5841	-38.6178	-38.7883	-39.385	-41.3103	0.308591	0.298359	0.251583	0.138527	0.00294004	0.143907
109	-10.4838	-10.5263	-10.7408	-11.4888	-13.8727	0.322298	0.308898	0.249249	0.117972	0.00158274	0.128047
110	-8.06598	-8.11023	-8.33393	-9.1159	-11.6309	0.325124	0.311052	0.248703	0.113782	0.00133889	0.124875
111	-20.6754	-20.7177	-20.9315	-21.6768	-24.052	0.32207	0.308725	0.249297	0.118308	0.00160118	0.128299
112	-4.06504	-4.10425	-4.30261	-4.99746	-7.25304	0.317491	0.305283	0.250356	0.124964	0.00190605	0.133187
113	-20.1872	-20.2315	-20.4552	-21.2372	-23.7528	0.325125	0.311054	0.248705	0.113779	0.00133802	0.124872
114	-4.45132	-4.47978	-4.62389	-5.1305	-6.79621	0.299902	0.291487	0.252367	0.152061	0.00418352	0.154999
115	-3.60361	-3.64144	-3.83293	-4.5055	-6.70724	0.315428	0.303719	0.25079	0.128002	0.00206039	0.135443
116	-3.71706	-3.74049	-3.85918	-4.27731	-5.66172	0.291016	0.284277	0.252461	0.16619	0.00605754	0.167727
117	-4.6519	-4.69151	-4.89198	-5.5951	-7.88419	0.318184	0.305825	0.25027	0.123894	0.00182745	0.132349
118	-10.733	-10.7638	-10.9193	-11.4635	-13.2201	0.303626	0.294429	0.252016	0.146256	0.00367408	0.150291
119	-4.58808	-4.62089	-4.78693	-5.36984	-7.27752	0.307231	0.297315	0.251829	0.140589	0.00303661	0.145413
120	-3.54188	-3.57603	-3.74884	-4.35511	-6.33307	0.309421	0.299034	0.251577	0.137205	0.00276241	0.142712
121	-4.6519	-4.69151	-4.89198	-5.5951	-7.88419	0.318184	0.305825	0.25027	0.123894	0.00182745	0.132349
122	-30.3002	-30.339	-30.5351	-31.2211	-33.4326	0.316747	0.304696	0.25043	0.126116	0.00201028	0.134129
123	-3.90039	-3.9336	-4.10171	-4.69165	-6.62155	0.307898	0.297839	0.251753	0.139562	0.00294819	0.144582
124	-14.1572	-14.1802	-14.2969	-14.7067	-16.0458	0.290191	0.283576	0.252338	0.167508	0.00638808	0.169235
125	-3.29286	-3.32507	-3.48814	-4.06116	-5.94137	0.306278	0.29657	0.251946	0.142052	0.00315367	0.146579
126	-16.417	-16.4534	-16.6373	-17.2802	-19.3496	0.312874	0.301699	0.251021	0.131982	0.0024249	0.138703
127	-9.75878	-9.78109	-9.89402	-10.291	-11.5966	0.288855	0.282484	0.252317	0.169653	0.00669057	0.171201
128	-21.873	-21.9044	-22.063	-22.6173	-24.3861	0.304602	0.295195	0.251896	0.144716	0.00359149	0.149153
129	-5.0598	-5.08763	-5.22849	-5.72314	-7.34373	0.298751	0.290551	0.252374	0.153894	0.00442938	0.156656
130	-8.17252	-8.21218	-8.41276	-9.11508	-11.3913	0.318166	0.305796	0.25022	0.123967	0.00185227	0.13244
131	-9.46176	-9.50409	-9.71792	-10.4634	-12.8386	0.322078	0.308731	0.249294	0.118296	0.00160087	0.128291
132	-11.5183	-11.5543	-11.7362	-12.3737	-14.4456	0.312325	0.301293	0.251177	0.132772	0.00243349	0.139227
133	-5.2466	-5.28418	-5.47412	-6.13717	-8.26109	0.314744	0.303135	0.250696	0.129178	0.00224757	0.136555
134	-18.6353	-18.6683	-18.8354	-19.4212	-21.33	0.307527	0.297541	0.251766	0.140142	0.00302352	0.145102
135	-4.58808	-4.62089	-4.78693	-5.36984	-7.27752	0.307231	0.297315	0.251829	0.140589	0.00303661	0.145413
136	-41.9738	-37.9879	-34.7995	-32.7244	-32.3021	7.10892e-05	0.00382677	0.092796	0.739212	0.164095	0.838366
137	-6.70833	-6.7368	-6.8809	-7.38711	-9.04693	0.299877	0.291461	0.252345	0.152108	0.00420955	0.155082
138	-21.1739	-19.2079	-17.7497	-17.1859	-18.4777	0.0105327	0.075225	0.323329	0.568194	0.022719	0.460128
139	-3.9024	-3.93574	-4.10443	-4.69645	-6.63337	0.308092	0.297992	0.251734	0.139261	0.00292126	0.144337
140	-11.5259	-11.5677	-11.7791	-12.5161	-14.8621	0.32134	0.308174	0.249453	0.11937	0.00166341	0.129107
141	-5.1811	-5.21422	-5.38183	-5.96972	-7.88614	0.307716	0.29769	0.251752	0.139848	0.00299431	0.144857
142	-12.9901	-13.0225	-13.1869	-13.7635	-15.6424	0.306647	0.296848	0.251859	0.141502	0.00314535	0.146212
143	-13.3135	-13.3477	-13.5209	-14.1263	-16.072	0.309427	0.299006	0.251455	0.137258	0.00285423	0.142926
144	-7.87867	-7.90312	-8.02676	-8.45923	-9.85527	0.292573	0.285507	0.252302	0.163719	0.00589852	0.165849
145	-3.9024	-3.93574	-4.10443	-4.69645	-6.63337	0.308092	0.297992	0.251734	0.139261	0.00292126	0.144337
146	-11.3333	-11.3556	-11.469	-11.8673	-13.1776	0.288998	0.282602	0.252325	0.169425	0.00665054	0.170976
147	-4.28794	-4.32339	-4.50278	-5.13199	-7.1822	0.311541	0.30069	0.25131	0.133951	0.00250892	0.140132
148	-4.59721	-4.61959	-4.73291	-5.13121	-6.44149	0.288998	0.282601	0.252325	0.169426	0.00665071	0.170976
149	-3.54343	-3.57769	-3.75111	-4.35952	-6.34469	0.309619	0.299189	0.251555	0.1369	0.00273645	0.142465
150	-4.28794	-4.32339	-4.50278	-5.13199	-7.1822	0.311541	0.30069	0.25131	0.133951	0.00250892	0.140132
151	-18.773	-18.809	-18.991	-19.629	-21.7051	0.312363	0.301326	0.251182	0.132707	0.00242223	0.139164
152	-14.9289	-12.9512	-11.4339	-10.6662	-11.3387	0.00851425	0.0615261	0.280545	0.604514	0.0449013	0.524274
153	-20.2648	-20.3056	-20.5121	-21.2356	-23.5815	0.320001	0.307203	0.24989	0.121217	0.00168912	0.130356
154	-31.3488	-27.3591	-24.1509	-22.0072	-21.3679	6.27379e-05	0.00339046	0.083856	0.715395	0.197296	0.894908
155	-31.1645	-27.1785	-23.9889	-21.9095	-21.4709	7.0528e-05	0.00379745	0.0921945	0.737522	0.166416	0.842307
156	-33.0404	-27.0385	-22.139	-18.617	-16.6619	2.64609e-07	0.000106953	0.0143558	0.485943	0.499594	1.40377
157	-4.70928	-4.73152	-4.84423	-5.24155	-6.56059	0.28886	0.282506	0.252394	0.169639	0.00660094	0.171009
158	-14.0941	-12.1138	-10.5837	-9.77264	-10.318	0.00810688	0.0587321	0.271254	0.610419	0.0514885	0.540855
159	-11.2361	-11.269	-11.4354	-12.0197	-13.9321	0.307363	0.29742	0.251817	0.140383	0.00301794	0.145245
160	-7.58709	-7.62138	-7.79488	-8.40328	-10.3846	0.309631	0.299194	0.251537	0.136892	0.00274689	0.14248
161	-4.06504	-4.10425	-4.30261	-4.99746	-7.25304	0.317491	0.305283	0.250356	0.124964	0.00190605	0.133187
162	-5.37823	-5.41877	-5.62391	-6.34323	-8.68324	0.319615	0.306916	0.249995	0.121767	0.00170692	0.130747
163	-4.34226	-4.37194	-4.52218	-5.04963	-6.7761	0.301951	0.29312	0.252231	0.148844	0.0038536	0.152295
164	-14.669	-12.6815	-11.1145	-10.1741	-10.2998	0.0069286	0.0505634	0.242309	0.62056	0.0796382	0.604111
165	-3.60499	-3.64295	-3.8351	-4.51004	-6.71978	0.31564	0.303883	0.250757	0.127682	0.00203887	0.135196
166	-27.4659	-23.4787	-20.2837	-18.1833	-17.6542	6.76813e-05	0.00364804	0.0890548	0.727528	0.179702	0.864715
167	-3.2941	-3.32643	-3.49006	-4.06511	-5.95212	0.306467	0.29672	0.25193	0.141756	0.00312576	0.146336
168	-52.7042	-44.704	-38.1828	-33.5261	-31.0232	1.68211e-09	5.0154e-06	0.00340724	0.358743	0.637844	1.62595
169	-14.3663	-12.3878	-10.8665	-10.0857	-10.7232	0.00839067	0.0606819	0.277802	0.606471	0.0466546	0.528882
170	-4.95662	-5.00178	-5.23012	-6.02821	-8.59405	0.326493	0.312076	0.248368	0.111812	0.00125052	0.12343
171	-29.1748	-27.1948	-25.6658	-24.8546	-25.3394	0.00809067	0.0585995	0.270355	0.608427	0.054528	0.546134
172	-26.2753	-22.292	-19.1163	-17.0845	-16.785	7.6496e-05	0.0041074	0.0983417	0.750183	0.147292	0.809239
173	-7.28361	-7.32689	-7.54551	-8.30762	-10.7362	0.323519	0.309819	0.248978	0.116193	0.00149067	0.12672
174	-8.08579	-8.11563	-8.26648	-8.79383	-10.4923	0.302022	0.293144	0.252095	0.148778	0.00396132	0.15247
175	-3.2941	-3.32643	-3.49006	-4.06511	-5.95212	0.306467	0.29672	0.25193	0.141756	0.00312576	0.146336
176	-11.3052	-11.3389	-11.5093	-12.107	-14.0408	0.308614	0.298397	0.251649	0.138427	0.00291263	0.143796
177	-4.04259	-4.07576	-4.2437	-4.83374	-6.7686	0.307877	0.297832	0.25179	0.139568	0.00293374	0.144559
178	-26.6678	-22.6797	-19.4802	-17.366	-16.8149	6.62132e-05	0.00357216	0.0875924	0.725562	0.183208	0.870944
179	-4.04259	-4.07576	-4.2437	-4.83374	-6.7686	0.307877	0.297832	0.25179	0.139568	0.00293374	0.144559
180	-16.4475	-14.4741	-12.9786	-12.2893	-13.2284	0.00926832	0.0666901	0.297543	0.592772	0.0337269	0.495278
181	-12.0348	-10.0647	-8.58632	-7.95656	-9.09277	0.0098595	0.0707042	0.310111	0.58213	0.0271959	0.476419
182	-16.5014	-14.5259	-13.0203	-12.2932	-13.092	0.00890148	0.0641769	0.289253	0.598489	0.0391801	0.509421
183	-4.88216	-4.92462	-5.13916	-5.88712	-8.27082	0.322294	0.308895	0.24925	0.117978	0.0015831	0.128052
184	-3.71826	-3.74178	-3.86088	-4.28048	-5.66984	0.291166	0.2844	0.252466	0.165949	0.00601889	0.167497
185	-7.88568	-7.9265	-8.13304	-8.85678	-11.205	0.320022	0.307221	0.249891	0.121181	0.00168478	0.130325
186	-49.7736	-39.7603	-31.5431	-25.4927	-21.6376	3.61939e-12	8.07895e-08	0.000299267	0.126973	0.872727	1.99611
187	-14.415	-14.4594	-14.6835	-15.4671	-17.9877	0.325259	0.311154	0.248672	0.113585	0.00132919	0.124729
188	-15.308	-15.3507	-15.5664	-16.3182	-18.7129	0.322639	0.309153	0.249167	0.117481	0.00155926	0.127684
189	-4.45317	-4.48174	-4.62635	-5.13474	-6.80647	0.300076	0.291626	0.252361	0.151786	0.00415091	0.15476
190	-4.04259	-4.07576	-4.2437	-4.83374	-6.7686	0.307877	0.297832	0.25179	0.139568	0.00293374	0.144559
191	-7.414	-7.44203	-7.5839	-8.08213	-9.71419	0.2991	0.290833	0.252365	0.153339	0.00436305	0.156171
192	-3.48618	-3.55145	-3.88177	-5.04041	-8.79806	0.354338	0.331949	0.238569	0.0748902	0.00025435	0.0972451
193	-9.02485	-9.05951	-9.23501	-9.85173	-11.8552	0.310329	0.299758	0.251507	0.135742	0.00266419	0.141593
194	-4.37538	-4.42941	-4.7027	-5.65939	-8.74336	0.339325	0.321478	0.244604	0.0939677	0.000625982	0.110608
195	-7.74402	-7.79345	-8.04351	-8.91972	-11.7566	0.332866	0.316814	0.24672	0.102724	0.000876135	0.116817
196	-18.3521	-16.3855	-14.9244	-14.3541	-15.6637	0.0104624	0.0747699	0.322308	0.570067	0.0223934	0.460408
197	-3.37263	-3.41212	-3.61207	-4.31529	-6.62684	0.31811	0.305794	0.250375	0.123933	0.00178742	0.132302
198	-11.7478	-11.7769	-11.9238	-12.4315	-13.9977	0.3003	0.29168	0.251841	0.151572	0.00460649	0.155545
199	-8.2348	-8.28899	-8.56307	-9.52241	-12.6133	0.339539	0.321629	0.244524	0.0936885	0.000619794	0.110412
200	-17.4292	-15.466	-14.0217	-13.5025	-14.8996	0.0110038	0.0783697	0.33221	0.558322	0.0200948	0.44971
201	-31.8254	-29.8425	-28.2992	-27.441	-27.827	0.0076694	0.0557086	0.260736	0.615043	0.0608426	0.562507
202	-3.37263	-3.41212	-3.61207	-4.31529	-6.62684	0.31811	0.305794	0.250375	0.123933	0.00178742	0.132302
203	-23.1181	-19.1483	-16.0409	-14.2483	-14.7238	0.000111165	0.00588899	0.131695	0.790774	0.0715309	0.673715
204	-4.75589	-4.80446	-5.05029	-5.9134	-8.72895	0.331721	0.315996	0.247125	0.10425	0.000908303	0.11788
205	-17.3489	-15.3845	-13.9346	-13.4018	-14.8106	0.0108518	0.0773795	0.329841	0.561938	0.0199901	0.451333
206	-29.566	-25.5715	-22.3385	-20.0975	-19.0071	5.00408e-05	0.00271721	0.0688942	0.647832	0.280506	1.0329
207	-17.1287	-15.1617	-13.6983	-13.1164	-14.3483	0.0103461	0.0739668	0.319557	0.571852	0.0242782	0.465197
208	-4.20173	-4.24964	-4.49204	-5.34208	-8.10599	0.330698	0.31523	0.247374	0.105727	0.000969993	0.118954
209	-17.4044	-17.4461	-17.6571	-18.3964	-20.7867	0.321377	0.308249	0.24961	0.119174	0.00158864	0.128848
210	-8.9365	-8.9838	-9.22326	-10.0647	-12.8206	0.329913	0.314673	0.247664	0.106763	0.000987442	0.119667
211	-4.79368	-4.82102	-4.95948	-5.44655	-7.05094	0.297972	0.289935	0.252446	0.15511	0.00453728	0.157644
212	-6.1636	-6.21669	-6.48477	-7.41729	-10.3468	0.337692	0.320234	0.24493	0.0963943	0.000749396	0.112408
213	-16.9119	-16.951	-17.1493	-17.8439	-20.0962	0.317453	0.305257	0.250373	0.125004	0.00191287	0.133229
214	-4.53635	-4.59379	-4.88442	-5.90285	-9.19894	0.344045	0.324839	0.242912	0.0877308	0.000472731	0.106213
215	-3.69166	-3.73803	-3.97284	-4.79829	-7.50588	0.328573	0.313684	0.248038	0.10865	0.00105456	0.121022
216	-10.1041	-10.1487	-10.374	-11.1648	-13.74	0.325738	0.311549	0.248682	0.112781	0.0012496	0.124066
217	-13.4221	-13.4691	-13.7067	-14.5377	-17.2043	0.329233	0.314116	0.247669	0.107891	0.00109105	0.120583
218	-20.6255	-20.6623	-20.8487	-21.5031	-23.6367	0.313792	0.302452	0.251037	0.130471	0.00224827	0.137398
219	-8.09692	-8.15402	-8.44194	-9.43722	-12.5106	0.342909	0.323876	0.242849	0.0897621	0.000604331	0.10773
220	-5.44932	-5.50123	-5.76341	-6.67581	-9.54729	0.336066	0.319066	0.24548	0.0985751	0.000812139	0.113959
221	-8.43725	-8.47821	-8.68553	-9.41276	-11.7783	0.320292	0.307436	0.249873	0.12075	0.00164995	0.129983
222	-4.03028	-4.071	-4.27714	-5.00124	-7.37384	0.319979	0.307211	0.249984	0.121181	0.00164423	0.130251
223	-7.79056	-7.84349	-8.11104	-9.04491	-12.0199	0.337653	0.320245	0.245068	0.0963187	0.000715497	0.112309
224	-8.26043	-8.30116	-8.50734	-9.23159	-11.6042	0.319992	0.30722	0.249981	0.121163	0.00164392	0.130238
225	-4.71051	-4.75073	-4.95434	-5.6698	-8.01523	0.319212	0.306629	0.250142	0.122311	0.00170526	0.131097
226	-10.3065	-10.3569	-10.6117	-11.504	-14.3867	0.334193	0.317776	0.246298	0.100911	0.00082206	0.115529
227	-19.2735	-19.3023	-19.4484	-19.9629	-21.6642	0.300635	0.29209	0.252391	0.150878	0.00400606	0.153894
228	-8.13053	-8.17754	-8.41524	-9.24636	-11.9138	0.329243	0.314125	0.247668	0.107874	0.00108993	0.12057
229	-25.0854	-23.1268	-21.7062	-21.2726	-22.9583	0.0119142	0.0844609	0.349648	0.53943	0.0145466	0.428692
230	-3.69166	-3.73803	-3.97284	-4.79829	-7.50588	0.328573	0.313684	0.248038	0.10865	0.00105456	0.121022
231	-9.86362	-9.91823	-10.1943	-11.1594	-14.2528	0.340049	0.321978	0.244295	0.0930642	0.000614134	0.109985
232	-4.57072	-4.60561	-4.78232	-5.40402	-7.45171	0.310774	0.300117	0.251506	0.135066	0.00253618	0.140902
233	-68.4943	-56.4633	-46.5262	-38.9939	-33.4414	4.00252e-15	6.71936e-10	1.38981e-05	0.0259548	0.974031	2.15527
234	-25.3027	-21.3155	-18.1207	-16.0262	-15.577	6.90126e-05	0.0037199	0.0907874	0.737289	0.168135	0.845707
235	-4.37538	-4.42941	-4.7027	-5.65939	-8.74336	0.339325	0.321478	0.244604	0.0939677	0.000625982	0.110608
236	-3.64086	-3.68272	-3.89463	-4.63882	-7.07086	0.321728	0.308538	0.249619	0.118599	0.00151632	0.12834
237	-62.0734	-52.0595	-43.839	-37.7716	-33.7863	3.16118e-12	7.06019e-08	0.000262385	0.113237	0.8865	2.01775
238	-4.57194	-4.61551	-4.83602	-5.60982	-8.13222	0.324294	0.310468	0.24903	0.114866	0.00134173	0.125592
239	-13.7166	-13.7707	-14.0441	-15.0009	-18.0831	0.339345	0.32149	0.244589	0.093949	0.000626978	0.110597
240	-63.0503	-51.0231	-41.1058	-33.6471	-28.3771	5.80221e-15	9.70325e-10	1.96764e-05	0.0341359	0.965844	2.14242
241	-3.64086	-3.68272	-3.89463	-4.63882	-7.07086	0.321728	0.308538	0.249619	0.118599	0.00151632	0.12834
242	-4.42973	-4.46599	-4.64958	-5.29466	-7.40923	0.31294	0.301795	0.251179	0.131772	0.00231426	0.138357
243	-4.37538	-4.42941	-4.7027	-5.65939	-8.74336	0.339325	0.321478	0.244604	0.0939677	0.000625982	0.110608
244	-41.8429	-33.8304	-27.2474	-22.3745	-19.1812	7.70226e-10	2.32479e-06	0.00168016	0.219602	0.778716	1.84789
245	-17.555	-15.5844	-14.1031	-13.4631	-14.5656	0.00975785	0.0700153	0.307978	0.584029	0.0282201	0.479493
246	-3.79447	-3.8232	-3.96872	-4.48167	-6.18234	0.30047	0.291962	0.252421	0.151132	0.0040151	0.154073
247	-22.8583	-20.8844	-19.3869	-18.6894	-19.6008	0.00919071	0.0661577	0.295783	0.594114	0.0347545	0.498076
248	-28.5952	-28.6404	-28.8692	-29.6676	-32.2009	0.326562	0.312113	0.248295	0.111738	0.00129114	0.123462
249	-4.37538	-4.42941	-4.7027	-5.65939	-8.74336	0.339325	0.321478	0.244604	0.0939677	0.000625982	0.110608
250	-22.8021	-18.8237	-15.6737	-13.7371	-13.8071	8.99181e-05	0.00480416	0.112118	0.777485	0.105503	0.736808
251	-4.79368	-4.82102	-4.95948	-5.44655	-7.05094	0.297972	0.289935	0.252446	0.15511	0.00453728	0.157644
252	-15.9097	-13.9395	-12.4601	-11.8262	-12.9417	0.00981873	0.0704243	0.309179	0.58278	0.0277976	0.477989
253	-10.0343	-10.075	-10.2813	-11.0061	-13.3806	0.320033	0.307252	0.249973	0.121102	0.00163988	0.130191
254	-24.6634	-22.6999	-21.2546	-20.7388	-22.2199	0.0110299	0.07858	0.333437	0.558472	0.0184802	0.446463
255	-5.43937	-5.48544	-5.7184	-6.53278	-9.14394	0.327853	0.313091	0.248027	0.109854	0.00117419	0.122016
256	-14.9204	-12.9558	-11.5047	-10.9689	-12.3855	0.0108203	0.0771738	0.329354	0.562788	0.0198642	0.451504
257	-15.4216	-15.4716	-15.7245	-16.6101	-19.4711	0.333651	0.317381	0.246463	0.101658	0.000846367	0.116063
258	-4.03028	-4.071	-4.27714	-5.00124	-7.37384	0.319979	0.307211	0.249984	0.121181	0.00164423	0.130251
259	-3.69166	-3.73803	-3.97284	-4.79829	-7.50588	0.328573	0.313684	0.248038	0.10865	0.00105456	0.121022
260	-18.402	-18.4561	-18.7294	-19.6863	-22.7706	0.339339	0.321488	0.244598	0.0939496	0.000625622	0.110596
261	-8.98502	-9.03691	-9.29922	-10.215	-13.1353	0.336204	0.319202	0.245554	0.0982698	0.000771107	0.113694
262	-5.44932	-5.50123	-5.76341	-6.67581	-9.54729	0.336066	0.319066	0.24548	0.0985751	0.000812139	0.113959
263	-18.7377	-18.7827	-19.0099	-19.8036	-22.333	0.326133	0.311802	0.248433	0.112329	0.00130297	0.123869
264	-3.37263	-3.41212	-3.61207	-4.31529	-6.62684	0.31811	0.305794	0.250375	0.123933	0.00178742	0.132302
265	-35.0704	-35.1158	-35.3453	-36.1487	-38.7403	0.32688	0.312381	0.248326	0.111202	0.00121207	0.122967
266	-11.6611	-11.6892	-11.8319	-12.3337	-13.9878	0.299421	0.291106	0.252408	0.152811	0.00425318	0.155616
267	-4.75589	-4.80446	-5.05029	-5.9134	-8.72895	0.331721	0.315996	0.247125	0.10425	0.000908303	0.11788
268	-3.48618	-3.55145	-3.88177	-5.04041	-8.79806	0.354338	0.331949	0.238569	0.0748902	0.00025435	0.0972451
269	-7.61239	-7.66466	-7.92888	-8.85098	-11.7866	0.336723	0.319573	0.24537	0.0975799	0.000754	0.113208
270	-3.79447	-3.8232	-3.96872	-4.48167	-6.18234	0.30047	0.291962	0.252421	0.151132	0.0040151	0.154073
271	-8.57576	-8.61527	-8.81531	-9.51864	-11.8279	0.318129	0.305806	0.250361	0.123912	0.00179124	0.132295
272	-4.03028	-4.071	-4.27714	-5.00124	-7.37384	0.319979	0.307211	0.249984	0.121181	0.00164423	0.130251
273	-3.69166	-3.73803	-3.97284	-4.79829	-7.50588	0.328573	0.313684	0.248038	0.10865	0.00105456	0.121022
274	-23.1199	-23.1661	-23.3997	-24.2165	-26.8394	0.32805	0.31324	0.247987	0.109566	0.00115741	0.121798
275	-19.7149	-17.7437	-16.2593	-15.6087	-16.6746	0.00965107	0.0692904	0.305713	0.585976	0.0293696	0.48285
276	-17.0996	-17.1347	-17.3128	-17.9388	-19.9764	0.311166	0.300418	0.251425	0.134442	0.00254996	0.140538
277	-9.58907	-9.63545	-9.87026	-10.6957	-13.4027	0.328574	0.313685	0.248035	0.10865	0.00105514	0.121023
278	-4.67904	-4.72091	-4.93291	-5.67817	-8.12264	0.321788	0.308593	0.249641	0.118483	0.00149613	0.128229
279	-10.8503	-10.9022	-11.1644	-12.0769	-14.9486	0.336071	0.319069	0.245479	0.0985695	0.000811948	0.113955
280	-12.5372	-12.5926	-12.8719	-13.8412	-16.8358	0.340694	0.322356	0.243795	0.0924815	0.000673667	0.109684
281	-5.17268	-5.2068	-5.37953	-5.98663	-7.9789	0.309454	0.299075	0.251629	0.13712	0.00272147	0.142578
282	-4.37538	-4.42941	-4.7027	-5.65939	-8.74336	0.339325	0.321478	0.244604	0.0939677	0.000625982	0.110608
283	-5.01475	-5.04474	-5.19666	-5.73155	-7.49884	0.30261	0.293669	0.252279	0.147769	0.00367276	0.151252
284	-14.4535	-14.4989	-14.7284	-15.5295	-18.0676	0.326775	0.312275	0.248248	0.111421	0.00128124	0.12324
285	-3.64086	-3.68272	-3.89463	-4.63882	-7.07086	0.321728	0.308538	0.249619	0.118599	0.00151632	0.12834
286	-8.17938	-8.22639	-8.46411	-9.29525	-11.9624	0.329247	0.314127	0.247666	0.107871	0.00109022	0.120568
287	-21.4972	-19.5336	-18.0876	-17.5715	-19.0723	0.0110235	0.0785458	0.333502	0.558799	0.0181298	0.445907
288	-4.79368	-4.82102	-4.95948	-5.44655	-7.05094	0.297972	0.289935	0.252446	0.15511	0.00453728	0.157644
289	-4.03028	-4.071	-4.27714	-5.00124	-7.37384	0.319979	0.307211	0.249984	0.121181	0.00164423	0.130251
290	-3.69166	-3.73803	-3.97284	-4.79829	-7.50588	0.328573	0.313684	0.248038	0.10865	0.00105456	0.121022
291	-36.5478	-30.5567	-25.7118	-22.3816	-21.0494	4.43618e-07	0.000177382	0.0225434	0.62992	0.347358	1.16094
292	-11.3905	-11.4268	-11.6108	-12.2567	-14.3509	0.313025	0.301853	0.251129	0.131633	0.00235955	0.138364
293	-15.9127	-15.9647	-16.2275	-17.1439	-20.0389	0.336299	0.319258	0.245476	0.098177	0.00079009	0.113667
294	-4.12061	-4.16114	-4.36634	-5.08794	-7.45832	0.319725	0.307027	0.250068	0.121527	0.00165258	0.130493
295	-3.69166	-3.73803	-3.97284	-4.79829	-7.50588	0.328573	0.313684	0.248038	0.10865	0.00105456	0.121022
296	-32.2673	-28.2847	-25.1126	-23.0954	-22.8678	7.86458e-05	0.00421995	0.100672	0.756754	0.138275	0.793932
297	-46.2317	-40.2454	-35.4244	-32.1703	-30.9981	5.1829e-07	0.000206242	0.025593	0.662767	0.311433	1.10311
298	-9.78851	-9.83019	-10.0411	-10.7811	-13.1716	0.32139	0.30827	0.249642	0.11911	0.00158756	0.128811
299	-30.7493	-28.785	-27.3359	-26.807	-28.2432	0.0108912	0.0776494	0.330728	0.561304	0.019427	0.449851
300	-4.03028	-4.071	-4.27714	-5.00124	-7.37384	0.319979	0.307211	0.249984	0.121181	0.00164423	0.130251
301	-25.5401	-23.5692	-22.0868	-21.4425	-22.5188	0.00971235	0.0697037	0.306948	0.584637	0.0289987	0.481408
302	-7.6407	-7.66944	-7.815	-8.32726	-10.0154	0.300431	0.291919	0.252374	0.151208	0.00406787	0.154228
303	-7.90435	-7.95389	-8.2046	-9.08435	-11.9487	0.333096	0.316998	0.246703	0.102354	0.000849308	0.11653
304	-19.4341	-19.4748	-19.6808	-20.4029	-22.7492	0.319862	0.307105	0.249942	0.121399	0.0016912	0.13048
305	-4.03028	-4.071	-4.27714	-5.00124	-7.37384	0.319979	0.307211	0.249984	0.121181	0.00164423	0.130251
306	-17.6158	-15.6475	-14.1779	-13.5756	-14.7662	0.0101382	0.0725737	0.315536	0.576256	0.0254962	0.46994
307	-8.47664	-8.52056	-8.74295	-9.52483	-12.0893	0.324914	0.310953	0.248951	0.113906	0.0012757	0.12485
308	-4.79368	-4.82102	-4.95948	-5.44655	-7.05094	0.297972	0.289935	0.252446	0.15511	0.00453728	0.157644
309	-3.64086	-3.68272	-3.89463	-4.63882	-7.07086	0.321728	0.308538	0.249619	0.118599	0.00151632	0.12834
310	-7.66391	-7.7058	-7.9178	-8.66198	-11.0901	0.321742	0.308544	0.249601	0.118592	0.00152223	0.128346
311	-17.994	-18.0342	-18.2379	-18.9534	-21.2991	0.319219	0.306634	0.250141	0.122301	0.00170472	0.13109
312	-10.3144	-10.3507	-10.5343	-11.1794	-13.2941	0.312944	0.301798	0.251178	0.131766	0.00231381	0.138353
313	-3.48618	-3.55145	-3.88177	-5.04041	-8.79806	0.354338	0.331949	0.238569	0.0748902	0.00025435	0.0972451
314	-31.2307	-29.2737	-27.861	-27.4577	-29.276	0.0122417	0.0866506	0.355886	0.532641	0.0125806	0.421194
315	-4.20173	-4.24964	-4.49204	-5.34208	-8.10599	0.330698	0.31523	0.247374	0.105727	0.000969993	0.118954
316	-3.64086	-3.68272	-3.89463	-4.63882	-7.07086	0.321728	0.308538	0.249619	0.118599	0.00151632	0.12834
317	-5.29022	-5.32975	-5.52997	-6.23426	-8.55015	0.318198	0.305863	0.250366	0.123796	0.0017777	0.132195
318	-29.1776	-29.2083	-29.3637	-29.9104	-31.7097	0.303758	0.294579	0.25218	0.145969	0.00351399	0.149792
319	-7.15399	-7.1943	-7.39834	-8.11514	-10.4624	0.319337	0.306722	0.25011	0.122132	0.00169961	0.130971
320	-15.6414	-13.6592	-12.1193	-11.2747	-11.7198	0.00779758	0.0566016	0.26399	0.614326	0.0572854	0.554797
321	-3.79447	-3.8232	-3.96872	-4.48167	-6.18234	0.30047	0.291962	0.252421	0.151132	0.0040151	0.154073
322	-14.9102	-12.9371	-11.4436	-10.7618	-11.734	0.00934285	0.0671998	0.299212	0.591676	0.03257	0.492336
323	-4.37538	-4.42941	-4.7027	-5.65939	-8.74336	0.339325	0.321478	0.244604	0.0939677	0.000625982	0.110608
324	-3.79447	-3.8232	-3.96872	-4.48167	-6.18234	0.30047	0.291962	0.252421	0.151132	0.0040151	0.154073
325	-3.69166	-3.73803	-3.97284	-4.79829	-7.50588	0.328573	0.313684	0.248038	0.10865	0.00105456	0.121022
326	-12.1	-10.1169	-8.57248	-7.71241	-8.11178	0.00765693	0.0556304	0.260632	0.615958	0.0601231	0.56148
327	-15.6749	-15.7022	-15.8407	-16.3279	-17.9326	0.297983	0.289944	0.252445	0.155093	0.00453524	0.15763
328	-4.75589	-4.80446	-5.05029	-5.9134	-8.72895	0.331721	0.315996	0.247125	0.10425	0.000908303	0.11788
329	-4.79368	-4.82102	-4.95948	-5.44655	-7.05094	0.297972	0.289935	0.252446	0.15511	0.00453728	0.157644
330	-31.462	-29.4945	-28.0286	-27.4385	-28.6547	0.0102624	0.0734074	0.31796	0.573629	0.024741	0.467052
331	-6.69882	-6.73924	-6.94382	-7.6617	-10.0026	0.319466	0.30681	0.250047	0.121969	0.00170816	0.13088
332	-6.99914	-7.05113	-7.31394	-8.23135	-11.1556	0.336338	0.319298	0.245506	0.0980917	0.000766657	0.113568
333	-4.79368	-4.82102	-4.95948	-5.44655	-7.05094	0.297972	0.289935	0.252446	0.15511	0.00453728	0.157644
334	-31.1417	-27.1511	-23.9387	-21.7804	-21.0979	6.10611e-05	0.00330264	0.0820321	0.710123	0.204481	0.907089
335	-7.77969	-7.82028	-8.02563	-8.74503	-11.0753	0.319649	0.306934	0.249955	0.121739	0.0017232	0.130759
336	-15.7546	-13.7831	-12.2977	-11.6435	-12.6998	0.00961542	0.0690494	0.304978	0.586671	0.0296862	0.483854
337	-13.4144	-11.4452	-9.9711	-9.35569	-10.5256	0.0100033	0.0716729	0.312995	0.579169	0.02616	0.472784
338	-65.7296	-53.7042	-43.7957	-36.3664	-31.1733	6.50364e-15	1.08573e-09	2.18249e-05	0.0367668	0.963211	2.13828
339	-4.78457	-4.83279	-5.077	-5.93568	-8.75394	0.331302	0.315703	0.247299	0.104786	0.000910504	0.118238
340	-8.06486	-8.11397	-8.36256	-9.23495	-12.0761	0.332495	0.316559	0.246884	0.103186	0.000876317	0.117124
341	-33.2707	-29.2869	-26.1088	-24.0714	-23.7857	7.60458e-05	0.00408535	0.0980499	0.752147	0.145641	0.806797
342	-44.3991	-38.4112	-33.5827	-30.3104	-29.1689	5.09392e-07	0.000203025	0.0253832	0.669378	0.305035	1.09317
343	-11.0164	-11.0603	-11.2827	-12.0646	-14.6315	0.324913	0.310955	0.24896	0.1139	0.00127254	0.124841
344	-12.673	-12.7161	-12.934	-13.6969	-16.1565	0.32343	0.309796	0.249148	0.116182	0.00144503	0.126638
345	-29.1251	-25.1407	-21.9602	-19.915	-19.6155	7.51443e-05	0.00403895	0.097176	0.751217	0.147493	0.810138
346	-4.78457	-4.83279	-5.077	-5.93568	-8.75394	0.331302	0.315703	0.247299	0.104786	0.000910504	0.118238
347	-7.01224	-7.05396	-7.26509	-8.00528	-10.4099	0.321437	0.308301	0.249622	0.119076	0.00156473	0.128738
348	-23.1602	-19.1816	-16.0297	-14.084	-14.0988	8.84717e-05	0.00472837	0.110551	0.773699	0.110934	0.746108
349	-9.12308	-9.15698	-9.32844	-9.92868	-11.8668	0.308909	0.298613	0.25156	0.138026	0.00289185	0.143493
350	-9.28731	-9.31465	-9.45313	-9.94024	-11.5448	0.297977	0.28994	0.252445	0.155101	0.00453647	0.157637
351	-16.0435	-14.072	-12.5866	-11.9324	-12.9889	0.00961581	0.069052	0.304986	0.586664	0.029682	0.483842
352	-8.37199	-8.4125	-8.61759	-9.3385	-11.7034	0.319678	0.306988	0.250064	0.121608	0.00166279	0.130564
353	-13.5502	-13.5846	-13.7588	-14.3711	-16.3807	0.30993	0.299448	0.251576	0.136385	0.00266017	0.141988
354	-29.4389	-25.4537	-22.2688	-20.211	-19.8925	7.37027e-05	0.00396497	0.0958059	0.750068	0.150088	0.814894
355	-5.07665	-5.12853	-5.39076	-6.30628	-9.22561	0.336182	0.319186	0.245561	0.0982999	0.000772036	0.113715
356	-28.1781	-28.2234	-28.4523	-29.2512	-31.7847	0.326604	0.312143	0.24828	0.111683	0.00129019	0.123424
357	-53.5358	-47.5491	-42.7264	-39.4736	-38.3786	5.30114e-07	0.000211038	0.0262315	0.678438	0.295119	1.0772
358	-5.43937	-5.48544	-5.7184	-6.53278	-9.14394	0.327853	0.313091	0.248027	0.109854	0.00117419	0.122016
359	-13.2801	-11.3074	-9.816	-9.14111	-10.1355	0.00941174	0.0676671	0.30067	0.590462	0.0317889	0.49011
360	-11.6741	-11.7015	-11.8403	-12.328	-13.9281	0.298054	0.289994	0.252415	0.154984	0.00455304	0.157597
361	-5.61493	-5.65994	-5.88764	-6.68471	-9.25503	0.32635	0.311985	0.248454	0.111964	0.00124664	0.123527
362	-19.8891	-17.9168	-16.4271	-15.7578	-16.7663	0.00946626	0.0680371	0.30182	0.589391	0.0312862	0.488531
363	-20.7548	-18.7802	-17.2792	-16.5743	-17.4996	0.00911633	0.0656713	0.294611	0.596208	0.034394	0.498391
364	-19.6024	-19.6454	-19.8629	-20.6262	-23.1121	0.323396	0.30979	0.249228	0.116178	0.00140742	0.126566
365	-5.44932	-5.50123	-5.76341	-6.67581	-9.54729	0.336066	0.319066	0.24548	0.0985751	0.000812139	0.113959
366	-20.1047	-18.1321	-16.6403	-15.9493	-16.697	0.00923234	0.0663699	0.295025	0.588806	0.0405669	0.5074
367	-3.37263	-3.41212	-3.61207	-4.31529	-6.62684	0.31811	0.305794	0.250375	0.123933	0.00178742	0.132302
368	-11.115	-11.1585	-11.379	-12.1529	-14.6754	0.324296	0.31047	0.249029	0.114863	0.00134158	0.12559
369	-23.592	-21.6349	-20.222	-19.8185	-21.6378	0.0122379	0.0866261	0.355835	0.532731	0.0125702	0.421219
370	-49.9545	-43.9657	-39.1324	-35.8378	-34.55	4.72837e-07	0.000188623	0.0236976	0.639037	0.337076	1.14426
371	-24.3262	-24.3701	-24.5927	-25.3749	-27.9377	0.324951	0.310978	0.248932	0.113861	0.00127725	0.124823
372	-8.24555	-8.2996	-8.57297	-9.52977	-12.6122	0.339342	0.321488	0.244592	0.0939523	0.000626828	0.110599
373	-26.9087	-24.9384	-23.4585	-22.8146	-23.8048	0.00971787	0.0696996	0.306155	0.582913	0.0315145	0.485725
374	-4.3846	-4.42791	-4.64713	-5.41682	-7.92894	0.323925	0.310195	0.249131	0.115387	0.00136173	0.125969
375	-6.57011	-6.61798	-6.86012	-7.70792	-10.4439	0.330572	0.31512	0.247353	0.105956	0.00099961	0.119155
376	-31.9335	-27.9416	-24.7225	-22.5398	-21.7641	5.80717e-05	0.00314508	0.0786453	0.697647	0.220505	0.933914
377	-12.7031	-12.7486	-12.9782	-13.7813	-16.3579	0.326897	0.31238	0.248274	0.111218	0.00123049	0.123009
378	-31.0231	-27.0289	-23.7981	-21.5753	-20.6815	5.37078e-05	0.00291548	0.0737579	0.681016	0.242257	0.970473
379	-14.675	-14.7043	-14.8525	-15.3722	-17.049	0.301201	0.292508	0.252214	0.149996	0.00408133	0.153493
380	-4.12061	-4.16114	-4.36634	-5.08794	-7.45832	0.319725	0.307027	0.250068	0.121527	0.00165258	0.130493
381	-49.937	-41.9409	-35.441	-30.8601	-28.6213	2.18403e-09	6.48473e-06	0.00431275	0.420946	0.574734	1.52646
382	-4.53572	-4.56535	-4.71549	-5.24456	-6.99599	0.302032	0.293213	0.252337	0.148664	0.0037541	0.151985
383	-16.0154	-16.0699	-16.3446	-17.2897	-20.1494	0.339164	0.321167	0.244036	0.0948419	0.000790658	0.111416
384	-15.4349	-13.4658	-11.9922	-11.3783	-12.5533	0.0100192	0.0717803	0.313322	0.578862	0.0260163	0.472333
385	-12.8253	-10.8515	-9.35388	-8.65653	-9.56864	0.00919129	0.0661623	0.295808	0.59411	0.0347277	0.498019
386	-25.01	-21.0363	-17.9099	-16.0535	-16.3575	0.000101451	0.00539488	0.122967	0.787025	0.084512	0.698452
387	-9.99059	-10.0345	-10.2569	-11.0388	-13.6052	0.32491	0.310952	0.248959	0.113906	0.00127323	0.124846
388	-16.6932	-14.711	-13.1711	-12.3263	-12.7708	0.00779598	0.0565905	0.263952	0.614343	0.0573186	0.554874
389	-39.6547	-33.662	-28.8083	-25.4436	-23.9537	4.00645e-07	0.000160468	0.0205733	0.595057	0.384209	1.21972
390	-4.53635	-4.59379	-4.88442	-5.90285	-9.19894	0.344045	0.324839	0.242912	0.0877308	0.000472731	0.106213
391	-16.6939	-14.7276	-13.2675	-12.6967	-13.9521	0.0104583	0.0747207	0.321759	0.569449	0.0236134	0.46261
392	-8.8061	-8.84559	-9.04556	-9.74877	-12.0593	0.318112	0.305795	0.250371	0.123933	0.00178929	0.132305
393	-19.0966	-17.1255	-15.642	-14.9947	-16.0759	0.00968437	0.0695182	0.306457	0.585443	0.0288969	0.481605
394	-27.5398	-25.5571	-24.0147	-23.1576	-23.5059	0.0076661	0.0556717	0.260302	0.613355	0.0630052	0.566127
395	-8.22921	-8.2586	-8.40748	-8.93186	-10.6646	0.301589	0.292855	0.252345	0.149368	0.00384304	0.152609
396	-3.64086	-3.68272	-3.89463	-4.63882	-7.07086	0.321728	0.308538	0.249619	0.118599	0.00151632	0.12834
397	-11.4865	-11.5236	-11.7114	-12.3713	-14.5325	0.314283	0.302835	0.250975	0.129732	0.00217458	0.136777
398	-7.95376	-7.99481	-8.20261	-8.93256	-11.3225	0.320486	0.307598	0.249884	0.120426	0.00160592	0.129691
399	-17.6773	-17.721	-17.9424	-18.719	-21.2378	0.324531	0.310646	0.24897	0.114511	0.00134247	0.125368
400	-16.2933	-14.3285	-12.8768	-12.3406	-13.7793	0.0108146	0.0771457	0.32945	0.563147	0.0194431	0.450819
401	-27.6721	-25.7181	-24.3206	-23.9697	-25.9459	0.0128266	0.0905158	0.366139	0.520031	0.0104879	0.410472
402	-43.3696	-43.4113	-43.6224	-44.3616	-46.746	0.321389	0.308252	0.249586	0.119174	0.00159806	0.128865
403	-10.8611	-10.9016	-11.1068	-11.8283	-14.1983	0.319721	0.307024	0.250068	0.121534	0.00165343	0.130499
404	-12.4554	-12.5026	-12.7415	-13.5796	-16.308	0.329693	0.314493	0.247669	0.107127	0.00101832	0.119958
405	-18.6632	-16.6928	-15.2122	-14.5735	-15.6621	0.00976979	0.0700888	0.308066	0.583488	0.0285876	0.479978
406	-28.6008	-24.6115	-21.4077	-19.302	-18.94	6.85273e-05	0.00370163	0.0911531	0.748607	0.15647	0.827237
407	-6.69882	-6.73924	-6.94382	-7.6617	-10.0026	0.319466	0.30681	0.250047	0.121969	0.00170816	0.13088
408	-4.3846	-4.42791	-4.64713	-5.41682	-7.92894	0.323925	0.310195	0.249131	0.115387	0.00136173	0.125969
409	-3.48618	-3.55145	-3.88177	-5.04041	-8.79806	0.354338	0.331949	0.238569	0.0748902	0.00025435	0.0972451
410	-4.78457	-4.83279	-5.077	-5.93568	-8.75394	0.331302	0.315703	0.247299	0.104786	0.000910504	0.118238
411	-9.01914	-9.06751	-9.31239	-10.1732	-12.9957	0.331487	0.315837	0.247236	0.104536	0.000904493	0.118063
412	-7.41719	-7.44478	-7.58439	-8.07396	-9.65527	0.298252	0.290137	0.25233	0.154652	0.00462949	0.157549
413	-4.53635	-4.59379	-4.88442	-5.90285	-9.19894	0.344045	0.324839	0.242912	0.0877308	0.000472731	0.106213
414	-11.2759	-11.3225	-11.5582	-12.3849	-15.0759	0.328759	0.313801	0.247916	0.108454	0.0010703	0.120918
477	-33.1965	-29.1984	-25.9516	-23.7118	-22.9886	5.38768e-05	0.00293613	0.0754821	0.708909	0.212619	0.923132
478	-39.8573	-35.8904	-32.7978	-31.0563	-31.6778	0.000119367	0.00630488	0.138919	0.792694	0.0619627	0.655082
479	-13.2861	-11.316	-9.83745	-9.20549	-10.3169	0.00983798	0.0705506	0.309489	0.582239	0.0278842	0.477894
480	-7.90587	-7.94795	-8.16063	-8.90272	-11.2744	0.321756	0.308497	0.249394	0.11874	0.00161252	0.128603
481	-5.4335	-5.47426	-5.6806	-6.40502	-8.77173	0.320021	0.307238	0.249957	0.12113	0.00165325	0.130235
482	-4.56337	-4.6052	-4.81679	-5.55815	-7.96299	0.32156	0.308388	0.249576	0.118914	0.00156229	0.128627
483	-3.72197	-3.74576	-3.86628	-4.2907	-5.69456	0.291665	0.284808	0.252471	0.165153	0.0059038	0.166761
484	-17.3946	-17.4331	-17.6281	-18.3103	-20.5113	0.316397	0.30443	0.250497	0.126636	0.00203973	0.134521
485	-4.24009	-4.28485	-4.51108	-5.3015	-7.8386	0.325859	0.311598	0.248508	0.112737	0.00129763	0.124118
486	-46.9431	-40.9484	-36.0849	-32.6873	-31.1059	3.69783e-07	0.000148396	0.0192125	0.574309	0.40633	1.25508
487	-5.61214	-5.65608	-5.878	-6.65068	-9.10155	0.324468	0.31052	0.248719	0.114852	0.00144104	0.125754
488	-30.6066	-26.2539	-22.1199	-18.867	-17.1812	4.36884e-06	0.000339403	0.0211891	0.548049	0.430418	1.29186
489	-50.8768	-42.8736	-36.3373	-31.6248	-28.9159	1.36352e-09	4.07754e-06	0.00281252	0.31312	0.684063	1.69878
490	-20.0925	-18.1004	-16.5108	-15.4968	-15.4269	0.00629821	0.0461724	0.226313	0.623851	0.0973655	0.64239
491	-9.79557	-9.82439	-9.97029	-10.483	-12.1661	0.300502	0.291965	0.252329	0.151118	0.00408589	0.154205
492	-15.9681	-13.9899	-12.4701	-11.6943	-12.3445	0.00843653	0.0609956	0.278827	0.605735	0.0460054	0.527171
493	-8.58689	-8.62038	-8.78991	-9.38515	-11.3324	0.308377	0.29822	0.251717	0.138804	0.00288174	0.143969
494	-5.94156	-5.98553	-6.20735	-6.97675	-9.38848	0.324318	0.31037	0.248624	0.115185	0.00150289	0.126078
495	-11.0735	-11.1075	-11.2799	-11.8842	-13.8348	0.309244	0.298888	0.251561	0.137462	0.00284447	0.143045
496	-34.1974	-30.2049	-26.9827	-24.7897	-23.9894	5.70016e-05	0.003089	0.0774784	0.694415	0.224961	0.941486
497	-16.4436	-14.4665	-12.9523	-12.1956	-12.9067	0.00861924	0.0622482	0.282983	0.603052	0.0430979	0.519813
498	-32.4782	-28.4902	-25.2909	-23.1781	-22.6389	6.64574e-05	0.00358522	0.0878944	0.727043	0.18141	0.867975
499	-3.60915	-3.64756	-3.84198	-4.52454	-6.75524	0.316333	0.304413	0.250626	0.126647	0.00198039	0.134417
500	-86.8265	-72.7616	-61.0324	-51.8614	-44.5872	3.09529e-18	3.97226e-12	4.93098e-07	0.00474104	0.995258	2.1886
501	-9.26614	-9.28939	-9.40708	-9.82032	-11.1725	0.290552	0.283874	0.252356	0.166934	0.00628373	0.16866
502	-8.959	-8.98169	-9.09654	-9.49977	-10.8208	0.289521	0.283026	0.252318	0.168588	0.00654699	0.170238
503	-14.144	-14.1846	-14.3905	-15.113	-17.4695	0.319865	0.307115	0.249973	0.121373	0.00167361	0.13043
504	-5.2237	-5.26669	-5.48365	-6.23652	-8.6002	0.322875	0.309288	0.248966	0.117265	0.00160535	0.127623
505	-34.7598	-28.7576	-23.8563	-20.3281	-18.3502	2.59447e-07	0.000104903	0.0141055	0.480447	0.505343	1.41291
506	-9.32973	-9.36584	-9.54853	-10.1886	-12.2673	0.312562	0.301476	0.251138	0.132414	0.00241038	0.138953
507	-7.91501	-7.9331	-8.02469	-8.34632	-9.39973	0.280835	0.275799	0.251661	0.182446	0.00925928	0.184516
508	-51.168	-45.1727	-40.3057	-36.8922	-35.2243	3.497e-07	0.000140429	0.0182461	0.554122	0.427491	1.28876
509	-8.45148	-8.48419	-8.64978	-9.23132	-11.1353	0.307092	0.297208	0.251852	0.140795	0.00305247	0.145577
510	-10.1956	-10.2356	-10.4378	-11.148	-13.4691	0.318767	0.306282	0.250201	0.122993	0.00175702	0.131636
511	-44.5983	-36.5852	-29.9992	-25.1171	-21.9089	7.51628e-10	2.27002e-06	0.00164545	0.217046	0.781306	1.85197
512	-15.457	-13.4815	-11.9755	-11.2467	-12.0351	0.00888468	0.0640599	0.288831	0.598627	0.0395967	0.510352
513	-4.70932	-4.73183	-4.84587	-5.24779	-6.58093	0.28934	0.2829	0.25241	0.168871	0.0064791	0.170276
514	-40.3852	-34.3921	-29.5366	-26.1667	-24.6728	3.97113e-07	0.000159114	0.0204369	0.594231	0.385173	1.2213
515	-67.3946	-57.3694	-49.0922	-42.8316	-38.2615	1.42827e-12	3.22616e-08	0.000126894	0.0664318	0.933441	2.0915
516	-19.1459	-17.1773	-15.7055	-15.0906	-16.1869	0.0100132	0.0717036	0.312421	0.577771	0.0280914	0.476059
517	-20.5907	-18.6254	-17.1706	-16.6183	-17.9435	0.0106525	0.0760295	0.325681	0.565756	0.0218808	0.457164
518	-4.04637	-4.07994	-4.24985	-4.84657	-6.80006	0.30851	0.298326	0.25171	0.138595	0.00285952	0.143792
519	-23.499	-19.5172	-16.3492	-14.3457	-14.1566	8.0421e-05	0.00431171	0.102445	0.759613	0.13355	0.785636
520	-4.56337	-4.6052	-4.81679	-5.55815	-7.96299	0.32156	0.308388	0.249576	0.118914	0.00156229	0.128627
521	-16.7218	-14.7489	-13.2562	-12.5748	-13.5236	0.00934643	0.0672129	0.299039	0.591095	0.0333067	0.493563
522	-25.0831	-21.0863	-17.8426	-15.5747	-14.5396	4.89174e-05	0.00266228	0.0682325	0.659034	0.270022	1.01678
523	-48.829	-40.6563	-33.5191	-27.7608	-23.6176	6.96305e-11	2.46696e-07	0.000310315	0.0983053	0.901384	2.04109
608	-28.2302	-24.2425	-21.0447	-18.9335	-18.3659	6.63348e-05	0.00357735	0.0875705	0.723147	0.185639	0.874768
609	-22.0629	-18.0766	-14.886	-12.8053	-12.3868	7.05931e-05	0.00380181	0.0923907	0.74007	0.163667	0.837898
610	-22.7749	-18.7843	-15.5721	-13.4168	-12.7693	6.1673e-05	0.00333577	0.0828436	0.71495	0.198809	0.897787
611	-13.8536	-11.8836	-10.4053	-9.77334	-10.8768	0.00983887	0.0705525	0.30942	0.582089	0.0280996	0.478262
612	-34.8468	-28.8607	-24.0407	-20.7931	-19.6633	5.29049e-07	0.000210492	0.0260942	0.671319	0.302375	1.08866
613	-16.6632	-14.693	-13.214	-12.5797	-13.6712	0.00981374	0.0703818	0.30888	0.582469	0.0284551	0.479189
614	-25.5388	-21.5514	-18.3553	-16.2548	-15.7647	6.80559e-05	0.00366912	0.0896571	0.732581	0.174025	0.85551
615	-4.29191	-4.32773	-4.50899	-5.14439	-7.21038	0.312121	0.301137	0.251214	0.133075	0.00245347	0.139461
616	-15.0688	-13.104	-11.6524	-11.1118	-12.4834	0.0107735	0.0768462	0.328151	0.563428	0.0208012	0.453759
617	-35.611	-29.6033	-24.6741	-21.0482	-18.7542	1.91785e-07	7.79742e-05	0.0107815	0.404926	0.584214	1.53829
618	-4.29191	-4.32773	-4.50899	-5.14439	-7.21038	0.312121	0.301137	0.251214	0.133075	0.00245347	0.139461
619	-5.43301	-5.47372	-5.67979	-6.40325	-8.76669	0.319937	0.307174	0.249973	0.121255	0.00166035	0.130329
620	-4.0459	-4.07942	-4.24911	-4.84504	-6.79584	0.308436	0.298268	0.251717	0.138709	0.00286956	0.143884
621	-4.56274	-4.60451	-4.81583	-5.5562	-7.95769	0.321474	0.308323	0.249593	0.11904	0.00156918	0.128721
622	-3.72151	-3.74527	-3.86562	-4.28949	-5.69145	0.291607	0.28476	0.25247	0.165245	0.00591832	0.166848
623	-5.14576	-5.17645	-5.33177	-5.87666	-7.65553	0.303644	0.294465	0.252103	0.146196	0.00359186	0.150089
624	-12.8422	-12.8737	-13.0329	-13.592	-15.4202	0.304976	0.29553	0.252023	0.144101	0.00336976	0.148313
625	-7.46097	-7.49487	-7.66643	-8.26813	-10.2302	0.309006	0.298705	0.251615	0.137855	0.00281996	0.143239
626	-19.5406	-17.5322	-15.8735	-14.7326	-14.7248	0.00531818	0.0396281	0.208142	0.651379	0.0955326	0.652476
627	-15.3669	-13.3953	-11.9095	-11.2539	-12.3056	0.0096018	0.0689568	0.304687	0.586918	0.0298368	0.48429
628	-4.79249	-4.8198	-4.95811	-5.44464	-7.04722	0.297919	0.289893	0.252447	0.155194	0.00454795	0.157719
629	-18.1876	-18.2304	-18.4468	-19.2047	-21.6491	0.322992	0.309468	0.249251	0.116814	0.00147512	0.127106
630	-10.9894	-11.0252	-11.2064	-11.8433	-13.9351	0.312182	0.30121	0.2513	0.132919	0.00238798	0.139236
631	-8.06437	-8.11344	-8.36175	-9.23318	-12.0711	0.332417	0.316502	0.246907	0.103295	0.000880103	0.117202
632	-4.0295	-4.07018	-4.27609	-4.9994	-7.36931	0.31991	0.307158	0.249997	0.121285	0.00165007	0.130329
633	-4.66099	-4.71143	-4.96673	-5.86267	-8.78055	0.334399	0.31795	0.246311	0.100549	0.000790852	0.115242
634	-24.6141	-22.6395	-21.1382	-20.4277	-21.2931	0.00906303	0.0652859	0.292958	0.596175	0.0365172	0.502756
635	-50.8849	-42.8813	-36.3434	-31.6294	-28.9606	1.39636e-09	4.17732e-06	0.0028859	0.321783	0.675327	1.68503
636	-12.4575	-12.5026	-12.7307	-13.5275	-16.0668	0.326391	0.311995	0.248369	0.111959	0.00128585	0.123596
637	-5.50912	-5.55828	-5.8072	-6.68228	-9.55211	0.332644	0.316687	0.246903	0.102917	0.000849314	0.116904
638	-3.37216	-3.4116	-3.61133	-4.31378	-6.62272	0.318042	0.305742	0.250387	0.124035	0.00179357	0.132379
639	-23.6135	-21.6471	-20.1868	-19.6136	-20.8459	0.0104344	0.074553	0.321141	0.569695	0.0241762	0.463896
640	-9.16373	-9.21772	-9.49083	-10.4467	-13.5264	0.33927	0.321437	0.244617	0.0940468	0.000629189	0.110666
641	-60.8382	-52.8371	-46.311	-41.6371	-39.0686	1.5757e-09	4.70267e-06	0.00321045	0.343904	0.652881	1.64964
642	-16.639	-14.6713	-13.205	-12.6164	-13.8708	0.0102755	0.0735109	0.318557	0.573835	0.023822	0.465262
643	-6.39259	-6.42136	-6.56703	-7.07902	-8.76053	0.300429	0.291909	0.25234	0.151227	0.00409537	0.154294
644	-11.772	-11.8015	-11.9508	-12.4755	-14.1956	0.30167	0.292901	0.252267	0.149273	0.00388943	0.152641
645	-4.37452	-4.42849	-4.70148	-5.65711	-8.7375	0.339243	0.321419	0.244632	0.0940781	0.000628962	0.110686
646	-14.5655	-12.5954	-11.1168	-10.4846	-11.5898	0.0098348	0.0705277	0.30939	0.582192	0.0280557	0.478225
647	-47.3356	-45.3625	-43.869	-43.193	-44.2108	0.00938946	0.0675412	0.300719	0.591256	0.031095	0.489087
648	-4.79249	-4.8198	-4.95811	-5.44464	-7.04722	0.297919	0.289893	0.252447	0.155194	0.00454795	0.157719
649	-6.64687	-6.68725	-6.89157	-7.60849	-9.94546	0.319385	0.306747	0.250059	0.122093	0.00171668	0.130976
650	-7.63762	-7.67708	-7.87687	-8.57926	-10.8848	0.318049	0.305743	0.250373	0.124035	0.00179963	0.13239
651	-11.318	-11.3592	-11.5675	-12.2973	-14.6559	0.320553	0.307623	0.249775	0.120392	0.00165662	0.129765
652	-14.0087	-14.0617	-14.3293	-15.2632	-18.2364	0.337662	0.320249	0.24506	0.096312	0.000716753	0.112306
653	-7.64888	-7.69032	-7.90008	-8.63614	-11.0226	0.321042	0.30801	0.249728	0.119619	0.0016007	0.129164
654	-38.3459	-34.3711	-31.2387	-29.3602	-29.5726	9.80103e-05	0.00521791	0.119639	0.782917	0.0921287	0.712064
655	-3.48617	-3.55137	-3.88133	-5.03869	-8.79202	0.354247	0.331887	0.238611	0.0749992	0.000255822	0.0973212
656	-17.8699	-17.8974	-18.0363	-18.5251	-20.1336	0.298144	0.290073	0.252436	0.154837	0.00451099	0.157419
657	-26.0504	-22.0722	-18.9225	-16.985	-17.0263	8.96072e-05	0.00478701	0.111675	0.775208	0.10824	0.741321
658	-32.2303	-28.2412	-25.0376	-22.9237	-22.5075	6.74556e-05	0.00364297	0.0896958	0.742722	0.163872	0.83957
659	-4.0295	-4.07018	-4.27609	-4.9994	-7.36931	0.31991	0.307158	0.249997	0.121285	0.00165007	0.130329
660	-48.4332	-46.4695	-45.0231	-44.4976	-45.8571	0.0109294	0.0778743	0.330807	0.559481	0.0209077	0.451981
661	-4.41556	-4.46281	-4.70209	-5.54306	-8.29936	0.329865	0.314639	0.247684	0.106824	0.000987539	0.119708
662	-15.5568	-13.5587	-11.97	-11.196	-12.7229	0.00798168	0.0588672	0.28829	0.625101	0.0197602	0.483123
663	-4.20091	-4.24876	-4.49089	-5.33999	-8.10074	0.330622	0.315173	0.247395	0.105836	0.000974066	0.119032
664	-7.63988	-7.66858	-7.81399	-8.32566	-10.0118	0.300375	0.291874	0.252376	0.151297	0.00407825	0.154305
665	-43.6546	-39.6368	-36.3068	-33.8997	-33.0523	4.0486e-05	0.00224999	0.062861	0.697855	0.236993	0.967683
666	-5.79353	-5.84652	-6.11437	-7.04917	-10.0253	0.337732	0.3203	0.245037	0.0962173	0.000713948	0.112239
667	-4.78407	-4.83225	-5.07619	-5.93392	-8.74899	0.331225	0.315647	0.24732	0.104894	0.000914355	0.118316
668	-15.0069	-13.0372	-11.5603	-10.9294	-11.9911	0.00984956	0.0706057	0.309217	0.581079	0.0292486	0.480122
669	-22.8829	-20.9174	-19.4621	-18.9118	-20.2847	0.0106683	0.0761548	0.326398	0.565914	0.0208651	0.455152
670	-24.637	-20.6639	-17.5399	-15.6901	-15.9899	0.000102303	0.00543735	0.123627	0.786072	0.0847612	0.69851
671	-22.747	-22.7843	-22.973	-23.6339	-25.7696	0.314455	0.30294	0.250841	0.129537	0.00222734	0.136752
672	-56.1279	-46.095	-37.793	-31.5733	-27.7356	2.79478e-12	6.36177e-08	0.000256506	0.12891	0.870833	1.99316
673	-11.1186	-11.1617	-11.3797	-12.1433	-14.6137	0.323489	0.309842	0.249144	0.116096	0.00142851	0.12655
674	-14.0163	-12.0525	-10.6057	-10.085	-11.5497	0.010978	0.0782315	0.332424	0.559545	0.0188216	0.44771
675	-5.50912	-5.55828	-5.8072	-6.68228	-9.55211	0.332644	0.316687	0.246903	0.102917	0.000849311	0.116904
676	-29.917	-25.9355	-22.7691	-20.7711	-20.5977	8.11387e-05	0.00434883	0.103164	0.760744	0.131662	0.782315
677	-9.74811	-9.78838	-9.99233	-10.7094	-13.0636	0.319333	0.306727	0.250138	0.122115	0.00168762	0.130938
678	-15.1597	-13.197	-11.7556	-11.2555	-12.8097	0.0111924	0.079678	0.336776	0.555274	0.0170798	0.441956
679	-5.50709	-5.55603	-5.80381	-6.67485	-9.53104	0.332318	0.316448	0.246997	0.103372	0.000864791	0.11723
680	-18.7375	-16.7756	-15.3385	-14.8525	-16.4365	0.0113422	0.0806739	0.339509	0.551996	0.0164789	0.439055
681	-4.56775	-4.61107	-4.83034	-5.59972	-8.10713	0.323919	0.310185	0.249113	0.115414	0.00136847	0.125998
682	-13.7721	-11.8045	-10.3389	-9.75435	-11.0356	0.010315	0.0737833	0.319489	0.573247	0.023165	0.46361
683	-5.28062	-5.32086	-5.52452	-6.23953	-8.57361	0.319199	0.30661	0.250113	0.122352	0.00172531	0.131162
684	-16.342	-16.3942	-16.6578	-17.5756	-20.4696	0.336481	0.31937	0.245359	0.0980005	0.000789424	0.11354
685	-25.0648	-23.1058	-21.6829	-21.2414	-22.9006	0.0118275	0.083884	0.348046	0.541255	0.0149879	0.430527
686	-3.63778	-3.67941	-3.89012	-4.63006	-7.04772	0.321362	0.30826	0.249693	0.119139	0.0015453	0.128745
688	-45.9423	-39.9555	-35.132	-31.8742	-30.7386	5.20711e-07	0.000207321	0.0257903	0.670337	0.303665	1.09083
689	-4.38155	-4.42462	-4.6426	-5.40788	-7.90512	0.323551	0.309913	0.249213	0.115934	0.0013887	0.126374
690	-25.5393	-25.5933	-25.8659	-26.8188	-29.8707	0.3391	0.321296	0.244619	0.0943362	0.000648889	0.110886
691	-4.11816	-4.15846	-4.3625	-5.07998	-7.43645	0.319367	0.306754	0.250135	0.122061	0.0016831	0.130895
692	-3.68893	-3.73505	-3.96852	-4.78926	-7.48093	0.328184	0.313394	0.248138	0.109207	0.00107698	0.121426
693	-7.25854	-7.31329	-7.59011	-8.55775	-11.6596	0.340247	0.322119	0.244226	0.0928006	0.000607227	0.109798
694	-9.27207	-9.31042	-9.50382	-10.1724	-12.2235	0.315501	0.303629	0.250237	0.128234	0.00239954	0.136242
695	-46.8899	-38.8856	-32.3435	-27.6111	-24.844	1.27531e-09	3.81812e-06	0.00264874	0.300798	0.696549	1.71846
696	-8.36954	-8.40982	-8.61375	-9.33055	-11.6815	0.31932	0.306714	0.250131	0.122142	0.0016935	0.130967
697	-23.6577	-19.6651	-16.4423	-14.2486	-13.4638	5.71244e-05	0.00309613	0.0777072	0.696839	0.222301	0.937199
698	-12.6181	-12.6575	-12.8567	-13.5555	-15.8329	0.317796	0.30553	0.25035	0.124467	0.00185754	0.132777
699	-20.5116	-18.5366	-17.0335	-16.3169	-17.1625	0.00900279	0.064876	0.291656	0.597157	0.0373078	0.504884
700	-4.11816	-4.15846	-4.3625	-5.07998	-7.43645	0.319367	0.306754	0.250135	0.122061	0.0016831	0.130895
701	-45.5252	-39.531	-34.6706	-31.2841	-29.7502	3.82384e-07	0.000153365	0.0197969	0.585207	0.394842	1.23678
702	-12.6577	-10.6863	-9.20134	-8.54878	-9.61254	0.009632	0.0691626	0.305346	0.586405	0.0294541	0.483241
703	-14.3629	-12.3933	-10.9172	-10.2945	-11.4401	0.00993068	0.0711811	0.311481	0.580538	0.0268692	0.47494
704	-26.7268	-22.7303	-19.4874	-17.2092	-16.0108	4.62862e-05	0.0025182	0.0644896	0.629364	0.303582	1.07129
705	-9.05873	-9.11243	-9.38403	-10.3346	-13.397	0.338856	0.32114	0.24476	0.0946006	0.000643953	0.111057
706	-9.84345	-9.87394	-10.0284	-10.5727	-12.373	0.303495	0.294381	0.252243	0.146361	0.00351976	0.150053
707	-25.4205	-25.4621	-25.6723	-26.4098	-28.8084	0.321188	0.308116	0.249688	0.11943	0.00157896	0.128995
708	-16.1114	-14.1431	-12.6731	-12.0731	-13.3034	0.0101586	0.0727275	0.316296	0.576313	0.0245057	0.467927
709	-4.78118	-4.82905	-5.07144	-5.92367	-8.72013	0.330776	0.315316	0.247445	0.105526	0.00093714	0.11877
710	-3.79132	-3.81983	-3.96427	-4.47338	-6.16109	0.300097	0.291663	0.252435	0.151721	0.00408338	0.154584
711	-3.48611	-3.55089	-3.87875	-5.02866	-8.75679	0.353717	0.331528	0.238854	0.0756369	0.000264584	0.0977661
712	-9.04854	-9.08778	-9.28649	-9.98524	-12.2809	0.31772	0.305494	0.25044	0.124521	0.00182469	0.132752
713	-3.79132	-3.81983	-3.96427	-4.47338	-6.16109	0.300097	0.291663	0.252435	0.151721	0.00408338	0.154584
714	-11.1327	-11.1873	-11.4635	-12.4289	-15.521	0.340074	0.321994	0.24428	0.0930376	0.000614718	0.109967
715	-4.19608	-4.24363	-4.48422	-5.32785	-8.0701	0.330174	0.314843	0.247517	0.106468	0.000998189	0.119489
716	-4.4261	-4.4621	-4.64431	-5.28455	-7.38273	0.312501	0.301453	0.251237	0.132444	0.0023645	0.138886
717	-5.28701	-5.32625	-5.52497	-6.22397	-8.52201	0.317734	0.305507	0.250447	0.124492	0.00181993	0.132725
718	-8.06253	-8.09105	-8.23555	-8.74457	-10.4289	0.300098	0.29166	0.25242	0.151725	0.00409731	0.154614
719	-6.10581	-6.15192	-6.3853	-7.20407	-9.86944	0.328092	0.313306	0.248092	0.109402	0.00110765	0.121605
720	-27.0622	-23.069	-19.8434	-17.6399	-16.8252	5.60408e-05	0.00303911	0.0764926	0.692723	0.227689	0.946257
721	-23.9866	-24.0279	-24.237	-24.9709	-27.3487	0.320851	0.307864	0.249763	0.119903	0.0016183	0.129381
722	-14.8167	-14.8528	-15.0351	-15.6756	-17.7748	0.312529	0.301475	0.251234	0.132401	0.00236127	0.138852
723	-8.80462	-8.84505	-9.04843	-9.74471	-11.8168	0.318293	0.305681	0.249425	0.124323	0.00227826	0.133468
724	-63.4031	-53.3877	-45.1597	-39.0693	-35.0614	3.00071e-12	6.71191e-08	0.000251304	0.110976	0.888773	2.02132
725	-60.317	-60.3612	-60.5847	-61.3672	-63.889	0.325118	0.311061	0.248746	0.113746	0.00132944	0.124839
726	-16.1706	-16.2	-16.3489	-16.8711	-18.556	0.301447	0.292703	0.252198	0.149615	0.00403792	0.153163
727	-3.79132	-3.81983	-3.96427	-4.47338	-6.16109	0.300097	0.291663	0.252435	0.151721	0.00408338	0.154584
728	-11.7035	-11.7451	-11.9556	-12.6942	-15.0995	0.321273	0.308183	0.249681	0.119297	0.0015666	0.128885
729	-4.19608	-4.24363	-4.48422	-5.32785	-8.0701	0.330174	0.314843	0.247517	0.106468	0.000998189	0.119489
730	-14.0117	-14.0455	-14.2156	-14.8006	-16.5785	0.307902	0.29767	0.251103	0.139885	0.00344011	0.145755
731	-3.36938	-3.40858	-3.60704	-4.30498	-6.59869	0.317646	0.305438	0.250456	0.124629	0.00182983	0.132831
732	-23.4188	-19.4373	-16.2708	-14.274	-14.1219	8.14435e-05	0.0043653	0.10356	0.762763	0.12923	0.778303
733	-5.88893	-5.92822	-6.12704	-6.8246	-9.09797	0.317683	0.305444	0.250371	0.124635	0.0018675	0.132904
734	-61.681	-51.6516	-43.3547	-37.0472	-32.4931	1.35061e-12	3.06379e-08	0.0001229	0.067435	0.932442	2.08993
735	-4.11738	-4.15761	-4.36128	-5.07746	-7.42953	0.319253	0.306667	0.250156	0.122231	0.00169287	0.131023
736	-4.11738	-4.15761	-4.36128	-5.07746	-7.42953	0.319253	0.306667	0.250156	0.122231	0.00169287	0.131023
737	-28.062	-26.0907	-24.606	-23.9524	-24.987	0.00962098	0.069077	0.304873	0.586119	0.03031	0.484863
738	-6.60132	-6.64338	-6.85618	-7.60191	-10.0182	0.321928	0.308669	0.249503	0.118362	0.00153733	0.128224
739	-55.0796	-45.0469	-36.7346	-30.3843	-25.7741	1.20522e-12	2.7429e-08	0.000111741	0.0639927	0.935896	2.09536
741	-26.8003	-22.8189	-19.6531	-17.6586	-17.5047	8.16557e-05	0.00437608	0.103745	0.762401	0.129397	0.778471
742	-6.73211	-6.77496	-6.9917	-7.751	-10.2095	0.32311	0.309559	0.249237	0.116642	0.00145232	0.126949
743	-50.5162	-42.5092	-35.9537	-31.1753	-28.2614	1.07966e-09	3.24104e-06	0.00227891	0.271002	0.726715	1.76598
752	-4.70683	-4.71328	-4.74592	-4.86107	-5.24543	0.256592	0.254944	0.246756	0.219918	0.0217906	0.233992
753	-4.02657	-4.03993	-4.10771	-4.34714	-5.14772	0.271596	0.267989	0.250428	0.197107	0.0128809	0.201182
754	-68.3894	-60.3292	-53.5147	-47.9259	-42.8686	5.43096e-11	1.71944e-07	0.000156633	0.0418854	0.957958	2.12997
755	-4.12452	-4.13258	-4.17356	-4.31995	-4.82535	0.260498	0.258407	0.24803	0.214255	0.0188092	0.224223
756	-24.0364	-20.0258	-16.7124	-14.2029	-12.4043	2.731e-05	0.00150698	0.0414087	0.509311	0.447746	1.30895
757	-4.47717	-4.48955	-4.55235	-4.77486	-5.52523	0.269627	0.26631	0.2501	0.200206	0.0137572	0.204936
758	-11.6555	-11.664	-11.7068	-11.8581	-12.3653	0.261108	0.258913	0.248064	0.213229	0.0186856	0.223332
759	-26.0868	-22.073	-18.7437	-16.1785	-14.2037	2.33804e-05	0.00129424	0.0361367	0.46988	0.492666	1.38204
760	-76.0181	-63.991	-54.0731	-46.6062	-41.2203	5.14137e-15	8.59827e-10	1.74451e-05	0.0305153	0.969467	2.14811
779	-36.8294	-34.8588	-33.3775	-32.7335	-33.7618	0.00971328	0.0696914	0.306549	0.58367	0.0303757	0.483762
781	-43.411	-35.4065	-28.8633	-24.1266	-21.3431	1.25369e-09	3.75424e-06	0.00260743	0.29737	0.700018	1.72392
782	-72.8909	-60.8683	-50.974	-43.5925	-38.5299	7.86619e-15	1.30946e-09	2.59501e-05	0.0416772	0.958297	2.13057
783	-28.8951	-24.9205	-21.7888	-19.9108	-20.0993	9.79183e-05	0.00521216	0.119425	0.781129	0.0941364	0.715319
784	-15.7597	-15.8051	-16.0352	-16.841	-19.4373	0.327061	0.312521	0.248294	0.110921	0.00120337	0.122771
785	-3.48611	-3.55089	-3.87875	-5.02866	-8.75679	0.353717	0.331528	0.238854	0.0756369	0.000264584	0.0977661
786	-18.1453	-16.1608	-14.6109	-13.7401	-14.0907	0.00752912	0.0547746	0.258058	0.616458	0.0631809	0.568067
787	-13.2911	-11.3192	-9.83126	-9.16815	-10.1947	0.00952744	0.0684514	0.303097	0.588256	0.0306681	0.486682
788	-16.0707	-14.113	-12.6967	-12.2809	-14.0592	0.0121044	0.085739	0.353406	0.535584	0.0131659	0.423896
789	-5.5063	-5.55514	-5.80248	-6.67194	-9.52278	0.33219	0.316354	0.247034	0.103551	0.00087093	0.117358
790	-8.10097	-8.12949	-8.27398	-8.78301	-10.4675	0.300098	0.29166	0.25242	0.151725	0.0040968	0.154613
791	-4.06515	-4.10873	-4.32942	-5.10547	-7.65256	0.324413	0.310578	0.249074	0.114628	0.00130629	0.125376
792	-10.84	-10.8671	-11.0045	-11.488	-13.08	0.297613	0.289645	0.252452	0.15568	0.00461039	0.158153
793	-28.2969	-24.2957	-21.0519	-18.967	-19.2313	7.14992e-05	0.00390854	0.100174	0.805815	0.0900304	0.71862
794	-13.62	-13.6715	-13.9319	-14.8409	-17.7382	0.335666	0.318812	0.245722	0.0990051	0.000794907	0.11422
795	-20.5885	-18.6141	-17.1138	-16.4063	-17.2817	0.00909272	0.0654885	0.293612	0.595685	0.0361221	0.501692
796	-4.06515	-4.10873	-4.32942	-5.10547	-7.65256	0.324413	0.310578	0.249074	0.114628	0.00130629	0.125376
797	-24.9791	-20.9855	-17.7577	-15.5467	-14.7061	5.51812e-05	0.00299374	0.0755112	0.689028	0.232411	0.954154
909	-3.36938	-3.40857	-3.60704	-4.30498	-6.59868	0.317646	0.305438	0.250456	0.124629	0.00182984	0.132831
910	-42.057	-36.0679	-31.2335	-27.9433	-26.7581	4.90339e-07	0.000195667	0.0246074	0.660669	0.314528	1.10844
911	-10.1142	-10.1624	-10.4064	-11.263	-14.0557	0.331194	0.315606	0.24727	0.104993	0.000935962	0.118416
912	-3.63681	-3.67836	-3.88869	-4.62728	-7.04039	0.321246	0.308171	0.249717	0.119311	0.00155459	0.128873
913	-5.07785	-5.11475	-5.30157	-5.95836	-8.11473	0.313985	0.302611	0.251043	0.130169	0.00219251	0.137093
914	-22.0305	-20.0406	-18.4735	-17.6396	-18.5852	0.00777313	0.0568601	0.272508	0.627392	0.0354672	0.516446
915	-5.8422	-5.88864	-6.12358	-6.94631	-9.6035	0.328488	0.313581	0.247923	0.108896	0.00111158	0.121279
916	-14.8426	-12.8787	-11.4309	-10.907	-12.3644	0.0109435	0.078002	0.331787	0.560284	0.0189838	0.44842
917	-4.06515	-4.10873	-4.32942	-5.10547	-7.65255	0.324412	0.310578	0.249074	0.114629	0.0013063	0.125377
918	-4.36948	-4.42311	-4.69436	-5.64381	-8.70332	0.338762	0.321073	0.244795	0.0947234	0.000646644	0.111143
919	-8.75462	-8.80103	-9.03568	-9.85614	-12.4897	0.328356	0.313466	0.247903	0.109134	0.00114066	0.121485
920	-11.9959	-12.0254	-12.1545	-12.3919	-12.7757	0.280587	0.272425	0.23943	0.188836	0.0187215	0.207224
921	-34.7391	-28.7484	-23.9067	-20.5991	-19.4147	4.77919e-07	0.000191019	0.0242011	0.66113	0.314477	1.10855
922	-4.36948	-4.42311	-4.69436	-5.64381	-8.70332	0.338762	0.321073	0.244795	0.0947234	0.000646644	0.111143
923	-3.79132	-3.81983	-3.96427	-4.47338	-6.16108	0.300097	0.291663	0.252435	0.151721	0.00408341	0.154584
924	-14.1954	-12.2288	-10.7678	-10.1987	-11.5235	0.0104748	0.0748571	0.322637	0.56998	0.0220516	0.459658
925	-9.90609	-9.95422	-10.1979	-11.0545	-13.8623	0.331145	0.315584	0.247331	0.105018	0.000922156	0.11841
926	-27.3112	-23.3065	-20.0356	-17.7885	-17.3612	5.4898e-05	0.00301141	0.0793073	0.750243	0.167383	0.850298
927	-12.9614	-13.0047	-13.2234	-13.9911	-16.4928	0.323774	0.310076	0.249145	0.115626	0.00137892	0.126155
928	-3.79132	-3.81983	-3.96427	-4.47338	-6.16108	0.300097	0.291663	0.252435	0.151721	0.00408341	0.154584
929	-50.5777	-46.595	-43.4225	-41.3994	-41.1193	7.76109e-05	0.00416451	0.0993976	0.751627	0.144734	0.804698
930	-52.4825	-48.4948	-45.2975	-43.1913	-42.6715	6.72533e-05	0.00362675	0.0887391	0.72912	0.178447	0.862905
931	-14.3935	-14.4329	-14.6321	-15.3323	-17.6093	0.317851	0.30559	0.250392	0.124311	0.00185595	0.132684
932	-21.5466	-17.5519	-14.3187	-12.0896	-11.1977	5.32669e-05	0.00289299	0.0733633	0.681673	0.242017	0.970293
933	-24.4078	-20.4141	-17.1859	-14.9738	-14.1309	5.50692e-05	0.00298789	0.0753919	0.68874	0.232826	0.954863
934	-10.097	-10.1346	-10.3254	-10.9967	-13.2095	0.315263	0.303608	0.250877	0.128211	0.00204101	0.135542
935	-10.9317	-10.9603	-11.1047	-11.6138	-13.3011	0.300097	0.291662	0.252433	0.151722	0.00408524	0.154588
936	-3.63681	-3.67836	-3.88869	-4.62728	-7.04039	0.321246	0.308171	0.249717	0.119311	0.00155459	0.128873
937	-15.145	-13.1788	-11.72	-11.1557	-12.4697	0.0105269	0.0751944	0.323405	0.568635	0.0222384	0.459361
938	-3.48611	-3.55089	-3.87875	-5.02866	-8.75677	0.353717	0.331528	0.238854	0.0756372	0.000264587	0.0977663
939	-13.8813	-11.8997	-10.3628	-9.52662	-9.97002	0.00786812	0.0570774	0.265401	0.612448	0.0572052	0.553687
940	-3.79132	-3.81983	-3.96427	-4.47338	-6.16108	0.300097	0.291663	0.252435	0.151721	0.00408341	0.154584
941	-10.4228	-10.4646	-10.6758	-11.4168	-13.8272	0.32149	0.308346	0.249627	0.118983	0.00155454	0.128659
942	-10.4294	-10.4565	-10.5939	-11.0774	-12.6694	0.297614	0.289645	0.252452	0.155679	0.00461032	0.158152
943	-3.79132	-3.81983	-3.96427	-4.47338	-6.16108	0.300097	0.291663	0.252435	0.151721	0.00408341	0.154584
944	-22.7774	-18.8007	-15.6585	-13.7473	-13.877	9.3393e-05	0.00498184	0.11535	0.779881	0.0996938	0.726078
945	-10.2991	-10.3408	-10.5515	-11.2916	-13.7094	0.321377	0.308271	0.249689	0.119118	0.00154484	0.12873
946	-3.68807	-3.7341	-3.96715	-4.7864	-7.47302	0.32806	0.313302	0.248169	0.109384	0.00108418	0.121555
947	-16.3541	-14.3913	-12.9493	-12.4391	-13.8691	0.011096	0.0789916	0.334071	0.556463	0.019378	0.447291
948	-8.58655	-8.62265	-8.80545	-9.44773	-11.5528	0.312686	0.301597	0.251213	0.132161	0.00234334	0.138663
949	-4.75164	-4.79984	-5.04384	-5.90045	-8.69403	0.331193	0.315606	0.247274	0.104992	0.000935089	0.118414
950	-4.71001	-4.73698	-4.87366	-5.35567	-6.95733	0.297431	0.289516	0.252531	0.155947	0.00457425	0.158249
951	-14.2368	-14.2801	-14.4992	-15.268	-17.7735	0.323872	0.31015	0.249123	0.115483	0.00137194	0.126049
952	-11.0611	-11.0883	-11.2257	-11.7091	-13.3012	0.297613	0.289644	0.252452	0.15568	0.00461045	0.158153
953	-7.89772	-7.93929	-8.1497	-8.88828	-11.2983	0.321257	0.308176	0.249702	0.119306	0.00155938	0.128878
954	-8.61017	-8.64937	-8.84785	-9.54577	-11.8382	0.317649	0.305439	0.250451	0.124629	0.00183216	0.132836
955	-8.91709	-8.94715	-9.09936	-9.63461	-11.3794	0.302651	0.29369	0.252223	0.147682	0.00375431	0.151368
956	-22.7879	-20.8253	-19.384	-18.8817	-20.3914	0.0111721	0.079527	0.336071	0.555371	0.017859	0.44361
957	-3.68807	-3.7341	-3.96715	-4.7864	-7.47302	0.32806	0.313302	0.248169	0.109384	0.00108418	0.121555
958	-5.43943	-5.49096	-5.75118	-6.65662	-9.50456	0.335514	0.318665	0.245652	0.0993322	0.000837876	0.114503
959	-23.3253	-23.3736	-23.6177	-24.4741	-27.2583	0.331206	0.315607	0.24724	0.105003	0.000944006	0.118435
960	-18.5782	-16.6125	-15.1561	-14.6038	-15.9926	0.0106471	0.0760206	0.326157	0.566612	0.0205634	0.454884
961	-5.92908	-5.97077	-6.18166	-6.92036	-9.31204	0.321336	0.308216	0.249613	0.119248	0.00158743	0.128891
962	-14.9839	-15.0163	-15.1791	-15.7327	-17.3443	0.305119	0.295388	0.251012	0.144291	0.00419045	0.150068
963	-34.3367	-28.3439	-23.4903	-20.1276	-18.6688	4.06227e-07	0.000162707	0.0208597	0.602112	0.376865	1.20806
964	-4.78118	-4.82905	-5.07144	-5.92366	-8.72012	0.330776	0.315316	0.247445	0.105526	0.000937149	0.11877
965	-9.39406	-9.4212	-9.55865	-10.0421	-11.6343	0.297617	0.289648	0.252452	0.155674	0.00460988	0.158148
966	-5.92908	-5.97077	-6.18166	-6.92036	-9.31204	0.321336	0.308216	0.249613	0.119248	0.00158743	0.128891
967	-7.96688	-8.00608	-8.20459	-8.90249	-11.1938	0.317651	0.305439	0.250446	0.124629	0.00183429	0.13284
968	-22.1978	-22.2284	-22.3821	-22.9031	-24.402	0.30197	0.292865	0.251154	0.149162	0.00484892	0.154499
969	-17.4051	-17.4488	-17.6699	-18.4453	-20.9669	0.324448	0.310578	0.248975	0.114659	0.00134032	0.125454
970	-26.7487	-22.7671	-19.6003	-17.5983	-17.3815	8.03424e-05	0.00430631	0.102194	0.756648	0.136771	0.790812
971	-18.9399	-18.9694	-19.1188	-19.6428	-21.3486	0.301629	0.292855	0.252216	0.149352	0.00394734	0.152808
972	-8.41892	-8.44758	-8.59265	-9.10179	-10.7635	0.300176	0.291694	0.252304	0.151638	0.00418851	0.154743
973	-32.8219	-28.8422	-25.6849	-23.7174	-23.6169	8.50631e-05	0.00455092	0.106982	0.765246	0.123137	0.767033
974	-8.0918	-8.12043	-8.26547	-8.77644	-10.4674	0.300287	0.291812	0.252413	0.151426	0.00406227	0.154355
975	-17.5533	-17.6056	-17.8699	-18.7923	-21.7289	0.336752	0.319593	0.24536	0.0975415	0.000752994	0.113181
976	-5.05387	-5.08327	-5.2322	-5.75602	-7.47853	0.301561	0.292822	0.252305	0.149428	0.00388412	0.15273
977	-5.07785	-5.11475	-5.30157	-5.95836	-8.11473	0.313985	0.302611	0.251043	0.130169	0.00219251	0.137093
978	-10.6737	-10.7032	-10.8528	-11.3787	-13.108	0.301768	0.292988	0.252294	0.1491	0.00384947	0.152453
979	-50.6772	-50.7193	-50.9323	-51.6796	-54.1111	0.322032	0.308757	0.249515	0.118184	0.00151189	0.128062
980	-5.06855	-5.12004	-5.38031	-6.28889	-9.18471	0.33563	0.318786	0.245733	0.0990544	0.000796469	0.114255
981	-16.1919	-14.2131	-12.6896	-11.8944	-12.4124	0.00824267	0.059632	0.273606	0.605986	0.0525329	0.54078
982	-4.78118	-4.82905	-5.07144	-5.92366	-8.72012	0.330776	0.315316	0.247445	0.105526	0.000937149	0.11877
1078	-55.6641	-53.6988	-52.244	-51.6928	-53.0251	0.0106605	0.0760875	0.325926	0.565606	0.0217192	0.456757
1079	-47.2941	-47.3349	-47.5412	-48.266	-50.6397	0.32004	0.307258	0.249973	0.121088	0.00164116	0.130186
