Sites	Ll_YN98.omega=0.0207798	Ll_YN98.omega=1	Pr_YN98.omega=0.0207798	Pr_YN98.omega=1	mean
1	-4.1025	-4.43212	0.991902	0.00809795	0.0287095
2	-4.10256	-4.4354	0.991928	0.00807223	0.0286843
3	-3.22112	-3.527	0.991709	0.00829099	0.0288985
4	-3.69009	-4.07573	0.99234	0.00766021	0.0282808
5	-4.76106	-5.02523	0.991359	0.00864104	0.0292413
6	-14.8959	-11.2941	0.706129	0.293871	0.308544
7	-4.26403	-4.5295	0.99137	0.00862985	0.0292303
8	-3.64598	-4.03289	0.992349	0.00765056	0.0282714
9	-4.26403	-4.5295	0.99137	0.00862985	0.0292303
10	-4.16998	-4.47094	0.991669	0.00833147	0.0289381
11	-5.07486	-5.35362	0.991483	0.00851695	0.0291198
12	-4.12577	-4.4661	0.991988	0.00801236	0.0286257
13	-4.8817	-5.21702	0.991948	0.00805233	0.0286648
14	-4.39311	-4.60619	0.99091	0.0090899	0.0296808
15	-4.10261	-4.43755	0.991945	0.00805541	0.0286678
16	-3.92329	-4.33008	0.992499	0.00750108	0.028125
17	-3.2674	-3.5807	0.99177	0.00823017	0.0288389
18	-3.92329	-4.33008	0.992499	0.00750108	0.028125
19	-4.70317	-5.0103	0.991719	0.00828061	0.0288883
20	-4.10261	-4.43755	0.991945	0.00805541	0.0286678
21	-5.07539	-5.35591	0.991498	0.00850209	0.0291052
22	-4.46707	-4.73532	0.991394	0.0086061	0.0292071
23	-3.9663	-4.19224	0.991025	0.00897472	0.029568
24	-5.07539	-5.35591	0.991498	0.00850209	0.0291052
25	-5.07539	-5.35591	0.991498	0.00850209	0.0291052
26	-3.2674	-3.5807	0.99177	0.00823017	0.0288389
27	-4.42329	-4.55599	0.990157	0.00984312	0.0304184
28	-3.99386	-4.40655	0.992543	0.00745727	0.0280821
29	-4.53946	-4.80902	0.991405	0.00859492	0.0291961
30	-5.18929	-5.43402	0.991191	0.00880918	0.0294059
31	-5.07539	-5.35591	0.991498	0.00850209	0.0291052
32	-4.61821	-4.92499	0.991716	0.00828356	0.0288912
33	-3.99386	-4.40655	0.992543	0.00745727	0.0280821
34	-4.70317	-5.0103	0.991719	0.00828061	0.0288883
35	-4.61821	-4.92499	0.991716	0.00828356	0.0288912
36	-4.39385	-4.60827	0.990922	0.00907777	0.0296689
37	-4.88215	-5.21959	0.991965	0.00803542	0.0286482
38	-4.99482	-5.2979	0.991686	0.00831403	0.0289211
39	-4.19929	-4.54793	0.992053	0.0079467	0.0285614
40	-4.66418	-4.88096	0.990943	0.00905656	0.0296482
41	-5.07539	-5.35591	0.991498	0.00850209	0.0291052
42	-4.76173	-5.02757	0.991373	0.00862675	0.0292273
43	-3.69117	-4.07925	0.992358	0.00764167	0.0282627
44	-4.29841	-4.55055	0.991255	0.00874465	0.0293427
45	-5.07539	-5.35591	0.991498	0.00850209	0.0291052
46	-4.26497	-4.53212	0.991384	0.0086155	0.0292163
47	-8.44358	-8.69639	0.991261	0.00873886	0.0293371
48	-3.69117	-4.07925	0.992358	0.00764167	0.0282627
49	-3.92304	-4.15355	0.991066	0.00893414	0.0295283
50	-11.647	-11.8775	0.991065	0.00893465	0.0295288
51	-3.61825	-4.05428	0.992713	0.00728653	0.0279149
52	-3.92304	-4.15355	0.991066	0.00893414	0.0295283
53	-3.2674	-3.5807	0.99177	0.00823017	0.0288389
54	-3.2674	-3.5807	0.99177	0.00823017	0.0288389
55	-3.22236	-3.53017	0.991725	0.00827509	0.0288829
56	-3.22236	-3.53017	0.991725	0.00827509	0.0288829
59	-4.53946	-4.80902	0.991405	0.00859492	0.0291961
60	-4.31768	-4.53428	0.990942	0.00905816	0.0296497
61	-9.07595	-9.3844	0.99173	0.00826985	0.0288778
62	-16.9782	-17.2479	0.991406	0.00859371	0.0291949
63	-4.33857	-4.60815	0.991405	0.00859484	0.029196
64	-4.61821	-4.92499	0.991716	0.00828356	0.0288912
65	-3.2674	-3.5807	0.99177	0.00823017	0.0288389
66	-4.12461	-4.3927	0.991392	0.00860754	0.0292085
67	-4.12461	-4.3927	0.991392	0.00860754	0.0292085
68	-4.42329	-4.55599	0.990157	0.00984312	0.0304184
69	-3.22236	-3.53017	0.991725	0.00827509	0.0288829
70	-3.22236	-3.53017	0.991725	0.00827509	0.0288829
71	-3.2674	-3.5807	0.99177	0.00823017	0.0288389
72	-4.26497	-4.53212	0.991384	0.0086155	0.0292163
73	-4.88215	-5.21959	0.991965	0.00803542	0.0286482
74	-4.70317	-5.0103	0.991719	0.00828061	0.0288883
75	-4.4853	-4.63185	0.990291	0.00970903	0.0302871
76	-3.60771	-3.99346	0.992341	0.00765934	0.02828
77	-4.76173	-5.02757	0.991373	0.00862675	0.0292273
78	-4.16787	-4.43596	0.991392	0.00860754	0.0292085
79	-3.56406	-3.95259	0.992362	0.00763824	0.0282593
80	-5.07539	-5.35591	0.991498	0.00850209	0.0291052
81	-4.88215	-5.21959	0.991965	0.00803542	0.0286482
82	-3.99386	-4.40655	0.992543	0.00745727	0.0280821
83	-3.60771	-3.99346	0.992341	0.00765934	0.02828
84	-3.22236	-3.53017	0.991725	0.00827509	0.0288829
85	-4.61821	-4.92499	0.991716	0.00828356	0.0288912
86	-3.97005	-4.25045	0.991497	0.00850304	0.0291061
87	-3.92304	-4.15355	0.991066	0.00893414	0.0295283
88	-3.22236	-3.53017	0.991725	0.00827509	0.0288829
264	-4.25672	-4.51476	0.991306	0.00869373	0.0292929
265	-4.16787	-4.43596	0.991392	0.00860754	0.0292085
266	-4.25672	-4.51476	0.991306	0.00869373	0.0292929
267	-12.0299	-12.2444	0.990923	0.00907713	0.0296683
268	-4.25672	-4.51476	0.991306	0.00869373	0.0292929
269	-4.73812	-4.95597	0.990953	0.00904691	0.0296387
270	-4.10501	-4.55259	0.992797	0.00720349	0.0278336
271	-4.10501	-4.55259	0.992797	0.00720349	0.0278336
272	-4.51251	-4.87086	0.99213	0.00787048	0.0284867
273	-4.43523	-4.72472	0.991573	0.00842682	0.0290315
274	-3.28742	-3.6981	0.992528	0.00747216	0.0280967
275	-4.29017	-4.63496	0.992023	0.00797705	0.0285911
276	-4.63836	-4.92486	0.991548	0.00845179	0.029056
277	-4.71565	-5.00533	0.991575	0.00842527	0.02903
278	-4.22513	-4.58318	0.992127	0.00787281	0.028489
279	-8.49672	-8.90718	0.992526	0.00747379	0.0280983
280	-6.03516	-6.44896	0.992551	0.00744915	0.0280742
281	-4.10501	-4.55259	0.992797	0.00720349	0.0278336
282	-7.06881	-7.47849	0.99252	0.00747961	0.028104
283	-3.28742	-3.6981	0.992528	0.00747216	0.0280967
284	-4.63836	-4.92486	0.991548	0.00845179	0.029056
285	-4.16082	-4.51893	0.992128	0.00787234	0.0284886
286	-3.28742	-3.6981	0.992528	0.00747216	0.0280967
287	-6.03516	-6.44896	0.992551	0.00744915	0.0280742
288	-3.33468	-3.75267	0.992582	0.00741821	0.0280439
289	-4.73108	-5.00482	0.991441	0.00855949	0.0291614
290	-3.97752	-4.28548	0.991726	0.00827388	0.0288817
291	-16.5996	-16.9524	0.992086	0.00791389	0.0285292
292	-4.22513	-4.58318	0.992127	0.00787281	0.028489
293	-3.28742	-3.6981	0.992528	0.00747216	0.0280967
294	-8.65583	-9.06633	0.992526	0.00747355	0.028098
295	-27.3497	-27.6403	0.991583	0.00841749	0.0290224
296	-3.33468	-3.75267	0.992582	0.00741821	0.0280439
297	-4.79364	-5.08477	0.991587	0.00841307	0.029018
298	-4.16082	-4.51893	0.992128	0.00787234	0.0284886
299	-10.0192	-10.3098	0.991582	0.00841767	0.0290225
300	-6.92431	-7.33808	0.992551	0.00744932	0.0280743
301	-8.80945	-9.2215	0.992538	0.00746199	0.0280867
302	-3.28742	-3.6981	0.992528	0.00747216	0.0280967
303	-3.28742	-3.6981	0.992528	0.00747216	0.0280967
304	-30.1319	-30.4586	0.991878	0.00812181	0.0287328
305	-4.73108	-5.00482	0.991441	0.00855949	0.0291614
306	-4.10501	-4.55259	0.992797	0.00720347	0.0278336
307	-3.97752	-4.28548	0.991726	0.00827387	0.0288817
308	-3.28742	-3.69811	0.992528	0.00747214	0.0280967
309	-3.28742	-3.69811	0.992528	0.00747214	0.0280967
509	-3.33468	-3.75267	0.992582	0.00741819	0.0280438
510	-3.33468	-3.75267	0.992582	0.00741819	0.0280438
511	-4.02208	-4.32394	0.991676	0.00832399	0.0289308
512	-3.33468	-3.75267	0.992582	0.00741819	0.0280438
513	-3.70216	-4.22167	0.993293	0.00670681	0.0273472
514	-4.73065	-5.06566	0.991945	0.00805486	0.0286673
515	-4.34181	-4.69415	0.992082	0.00791753	0.0285328
516	-3.60964	-4.11476	0.993197	0.00680339	0.0274418
517	-3.65479	-4.15633	0.993172	0.00682762	0.0274655
518	-3.28072	-3.68092	0.99245	0.00755033	0.0281732
519	-3.32776	-3.73507	0.992503	0.00749721	0.0281212
520	-3.70216	-4.22167	0.993293	0.00670681	0.0273472
521	-3.28742	-3.69811	0.992528	0.00747214	0.0280967
522	-4.46485	-4.64221	0.990583	0.00941723	0.0300013
523	-3.66642	-4.24816	0.993695	0.00630477	0.0269536
524	-4.16082	-4.51894	0.992128	0.00787232	0.0284885
525	-3.28742	-3.69811	0.992528	0.00747214	0.0280967
526	-4.16082	-4.51894	0.992128	0.00787232	0.0284885
527	-4.52828	-4.72418	0.990754	0.00924588	0.0298336
528	-3.28742	-3.69811	0.992528	0.00747214	0.0280967
529	-9.87546	-10.2861	0.992527	0.00747256	0.0280971
530	-3.28742	-3.69811	0.992528	0.00747214	0.0280967
540	-3.33468	-3.75267	0.992582	0.00741819	0.0280438
541	-8.65583	-9.06633	0.992526	0.00747353	0.028098
551	-3.28742	-3.69811	0.992528	0.00747214	0.0280967
552	-3.28742	-3.69811	0.992528	0.00747214	0.0280967
553	-3.28742	-3.69811	0.992528	0.00747214	0.0280967
554	-3.33321	-3.74893	0.992565	0.00743494	0.0280602
555	-12.2711	-12.6822	0.992532	0.00746848	0.0280931
556	-3.286	-3.69445	0.992511	0.00748871	0.0281129
557	-23.2406	-19.7741	0.733383	0.266617	0.281857
558	-12.5471	-12.9583	0.992532	0.00746791	0.0280925
559	-10.7572	-11.1682	0.99253	0.00747034	0.0280949
560	-3.286	-3.69445	0.992511	0.00748871	0.0281129
561	-3.286	-3.69445	0.992511	0.00748871	0.0281129
562	-3.286	-3.69445	0.992511	0.00748871	0.0281129
563	-19.8586	-20.268	0.992518	0.00748195	0.0281063
565	-11.117	-11.5275	0.992526	0.00747353	0.028098
566	-3.3092	-3.6893	0.992298	0.00770238	0.0283221
572	-3.21773	-3.46355	0.9912	0.00879959	0.0293965
573	-20.1191	-20.356	0.991122	0.00887796	0.0294733
574	-12.7426	-13.1506	0.992509	0.00749149	0.0281156
575	-3.286	-3.69445	0.992511	0.00748871	0.0281129
577	-10.1814	-10.5683	0.992349	0.00765057	0.0282714
578	-17.4328	-17.8436	0.992529	0.00747132	0.0280959
579	-3.286	-3.69445	0.992511	0.00748871	0.0281129
583	-3.286	-3.69445	0.992511	0.00748871	0.0281129
584	-3.286	-3.69445	0.992511	0.00748871	0.0281129
585	-6.02177	-6.42786	0.992494	0.00750629	0.0281301
586	-3.286	-3.69445	0.992511	0.00748871	0.0281129
587	-11.2096	-11.6207	0.992531	0.00746875	0.0280933
588	-3.286	-3.69445	0.992511	0.00748871	0.0281129
589	-3.286	-3.69445	0.992511	0.00748871	0.0281129
590	-3.286	-3.69445	0.992511	0.00748871	0.0281129
591	-3.286	-3.69445	0.992511	0.00748871	0.0281129
593	-7.51387	-7.92175	0.992507	0.00749302	0.0281171
594	-6.92284	-7.33434	0.992534	0.00746612	0.0280908
595	-7.51387	-7.92175	0.992507	0.00749302	0.0281171
596	-3.66537	-4.24394	0.993675	0.00632462	0.026973
597	-4.22389	-4.58	0.992112	0.00788799	0.0285039
598	-9.37487	-9.78407	0.992517	0.00748316	0.0281075
599	-3.61373	-4.12928	0.993267	0.0067333	0.0273732
600	-3.33321	-3.74893	0.992565	0.00743494	0.0280602
601	-38.1562	-26.8496	0.00108158	0.998918	0.998941
602	-16.5684	-13.1723	0.746917	0.253083	0.268604
603	-16.6405	-13.2438	0.746815	0.253185	0.268704
604	-3.28477	-3.69131	0.992497	0.00750298	0.0281269
605	-3.28599	-3.69445	0.992511	0.00748873	0.0281129
606	-3.286	-3.69445	0.992511	0.00748871	0.0281129
607	-6.02177	-6.42786	0.992494	0.00750632	0.0281301
608	-3.28599	-3.69445	0.992511	0.00748873	0.0281129
609	-8.32374	-8.73293	0.992517	0.00748325	0.0281076
610	-9.53245	-9.94131	0.992514	0.00748565	0.0281099
611	-16.517	-16.8244	0.991722	0.00827824	0.028886
612	-3.286	-3.69445	0.992511	0.00748871	0.0281129
613	-8.34469	-8.75362	0.992515	0.00748513	0.0281094
614	-4.52735	-4.72219	0.990744	0.0092556	0.0298431
615	-4.39163	-4.74986	0.992129	0.00787144	0.0284877
616	-4.79244	-5.082	0.991574	0.00842624	0.0290309
617	-3.286	-3.69445	0.992511	0.00748871	0.0281129
618	-3.286	-3.69445	0.992511	0.00748871	0.0281129
619	-4.16005	-4.51622	0.992113	0.0078875	0.0285034
620	-4.73034	-5.00259	0.991428	0.00857206	0.0291737
621	-4.91986	-5.1939	0.991443	0.0085568	0.0291588
622	-3.286	-3.69445	0.992511	0.00748871	0.0281129
623	-3.286	-3.69445	0.992511	0.00748871	0.0281129
624	-3.286	-3.69445	0.992511	0.00748871	0.0281129
625	-4.16082	-4.51894	0.992128	0.00787232	0.0284885
626	-4.35855	-4.64797	0.991573	0.00842733	0.029032
627	-15.3596	-11.8969	0.734134	0.265866	0.281121
628	-4.10501	-4.55259	0.992797	0.00720346	0.0278336
629	-7.52884	-7.94583	0.992574	0.00742554	0.028051
630	-3.33468	-3.75267	0.992582	0.00741817	0.0280438
631	-4.35855	-4.64798	0.991573	0.00842731	0.029032
632	-3.28742	-3.69811	0.992528	0.00747213	0.0280967
633	-3.28742	-3.69811	0.992528	0.00747213	0.0280967
634	-3.28742	-3.69811	0.992528	0.00747213	0.0280967
635	-7.5153	-7.92541	0.992524	0.00747643	0.0281009
636	-3.66642	-4.24816	0.993695	0.00630476	0.0269535
637	-3.97752	-4.28548	0.991726	0.00827385	0.0288817
638	-17.4573	-17.75	0.9916	0.00839984	0.0290051
639	-11.3662	-11.7464	0.992299	0.00770094	0.0283207
640	-11.584	-11.9419	0.992126	0.00787424	0.0284904
641	-3.28742	-3.69811	0.992528	0.00747213	0.0280967
642	-10.8723	-11.3012	0.992661	0.00733887	0.0279662
643	-3.28742	-3.69811	0.992528	0.00747213	0.0280967
644	-4.74741	-5.15782	0.992526	0.00747415	0.0280986
645	-4.35855	-4.64798	0.991573	0.00842731	0.029032
646	-4.63836	-4.92486	0.991548	0.00845177	0.0290559
647	-4.99407	-5.27981	0.991542	0.00845822	0.0290623
648	-4.44481	-4.79443	0.992061	0.00793897	0.0285538
649	-4.03357	-4.4081	0.992255	0.00774516	0.028364
650	-12.755	-13.1131	0.992127	0.00787251	0.0284887
651	-5.23532	-5.56244	0.991882	0.00811811	0.0287292
652	-8.32517	-8.73659	0.992533	0.00746666	0.0280913
653	-10.4997	-10.8654	0.992187	0.00781325	0.0284307
654	-12.1813	-12.5404	0.992135	0.0078649	0.0284813
655	-4.16083	-4.51894	0.992128	0.00787231	0.0284885
656	-4.22513	-4.58318	0.992127	0.00787278	0.028489
657	-4.73109	-5.00482	0.991441	0.00855946	0.0291614
658	-3.33468	-3.75267	0.992582	0.00741817	0.0280438
659	-8.07408	-8.38665	0.991764	0.00823607	0.0288447
660	-3.97752	-4.28548	0.991726	0.00827385	0.0288817
661	-4.22513	-4.58318	0.992127	0.00787278	0.028489
662	-3.33468	-3.75267	0.992582	0.00741817	0.0280438
663	-4.58738	-4.94556	0.992128	0.00787178	0.028488
664	-5.23433	-5.55968	0.991868	0.00813239	0.0287432
665	-4.46396	-4.64036	0.990574	0.00942618	0.0300101
666	-4.9054	-5.35394	0.992803	0.00719662	0.0278269
672	-4.22513	-4.58318	0.992127	0.00787278	0.028489
673	-4.58844	-4.94857	0.992143	0.00785653	0.0284731
674	-3.70216	-4.22168	0.993293	0.00670679	0.0273472
675	-4.44481	-4.79443	0.992061	0.00793897	0.0285538
676	-3.28742	-3.69811	0.992528	0.00747213	0.0280967
677	-3.28742	-3.69811	0.992528	0.00747213	0.0280967
678	-4.46485	-4.64222	0.990583	0.00941722	0.0300013
679	-4.77914	-5.04805	0.991399	0.00860051	0.0292016
680	-3.66016	-4.17485	0.993261	0.00673902	0.0273788
681	-3.74813	-4.26596	0.993282	0.00671804	0.0273582
682	-4.29017	-4.63496	0.992023	0.00797702	0.0285911
683	-4.51252	-4.87087	0.99213	0.00787045	0.0284867
684	-4.74741	-5.15782	0.992526	0.00747415	0.0280986
685	-4.5363	-4.87503	0.991975	0.00802516	0.0286382
686	-3.88714	-4.37905	0.993107	0.00689327	0.0275298
687	-4.90591	-5.35689	0.992821	0.00717918	0.0278098
688	-4.10501	-4.55259	0.992797	0.00720344	0.0278336
689	-3.74813	-4.26597	0.993282	0.00671802	0.0273582
690	-4.24943	-4.71507	0.992925	0.00707542	0.0277082
691	-3.96171	-4.50475	0.993448	0.00655194	0.0271956
692	-5.23533	-5.56245	0.991882	0.00811809	0.0287292
693	-4.44481	-4.79443	0.992061	0.00793895	0.0285538
694	-3.66016	-4.17485	0.993261	0.006739	0.0273788
695	-3.66642	-4.24817	0.993695	0.00630474	0.0269535
696	-4.74741	-5.15783	0.992526	0.00747413	0.0280986
697	-4.80279	-5.2345	0.992682	0.00731782	0.0279456
698	-8.59071	-8.89484	0.991695	0.00830532	0.0289125
699	-4.24943	-4.71507	0.992925	0.00707542	0.0277082
700	-4.35855	-4.64798	0.991573	0.0084273	0.029032
701	-4.51252	-4.87087	0.99213	0.00787044	0.0284867
702	-4.51252	-4.87087	0.99213	0.00787044	0.0284867
703	-4.17319	-4.6306	0.992867	0.00713344	0.027765
704	-3.96171	-4.50475	0.993448	0.00655194	0.0271956
705	-4.99407	-5.27981	0.991542	0.00845821	0.0290622
706	-4.99407	-5.27981	0.991542	0.00845821	0.0290622
707	-4.49941	-4.81586	0.991796	0.00820449	0.0288138
708	-4.51252	-4.87087	0.99213	0.00787044	0.0284867
709	-4.71566	-5.00533	0.991575	0.00842523	0.02903
710	-4.99407	-5.27981	0.991542	0.00845821	0.0290622
711	-4.99407	-5.27981	0.991542	0.00845821	0.0290622
712	-16.1188	-12.5381	0.710465	0.289535	0.304298
713	-4.51252	-4.87087	0.99213	0.00787044	0.0284867
714	-4.99407	-5.27981	0.991542	0.00845821	0.0290622
715	-3.66016	-4.17485	0.993261	0.006739	0.0273788
716	-16.9613	-17.3217	0.992146	0.00785437	0.028471
717	-4.43309	-4.71959	0.991548	0.00845182	0.029056
718	-4.03357	-4.4081	0.992255	0.00774515	0.028364
719	-4.03357	-4.4081	0.992255	0.00774515	0.028364
720	-9.61638	-9.99612	0.992295	0.0077052	0.0283249
721	-4.51252	-4.87087	0.99213	0.00787044	0.0284867
722	-3.66642	-4.24817	0.993695	0.00630474	0.0269535
723	-3.66642	-4.24817	0.993695	0.00630474	0.0269535
724	-4.99407	-5.27981	0.991542	0.00845821	0.0290622
725	-20.9643	-21.3641	0.992447	0.00755346	0.0281763
726	-4.29017	-4.63497	0.992023	0.007977	0.028591
727	-3.96171	-4.50475	0.993448	0.00655194	0.0271956
728	-4.74741	-5.15783	0.992526	0.00747413	0.0280986
729	-3.28742	-3.69812	0.992528	0.00747211	0.0280966
730	-4.79754	-5.15282	0.992106	0.00789447	0.0285102
731	-4.43309	-4.71959	0.991548	0.00845182	0.029056
732	-4.5363	-4.87503	0.991975	0.00802514	0.0286382
733	-10.2436	-10.4691	0.991021	0.00897853	0.0295718
734	-14.3289	-10.9933	0.758191	0.241809	0.257564
735	-4.39281	-4.75299	0.992144	0.00785618	0.0284727
736	-21.5832	-21.9762	0.992395	0.00760453	0.0282263
737	-4.36988	-4.71651	0.992037	0.00796256	0.0285769
738	-4.24943	-4.71507	0.992925	0.00707542	0.0277082
739	-5.10388	-5.47887	0.992258	0.00774164	0.0283606
740	-8.07408	-8.38666	0.991764	0.00823606	0.0288447
741	-4.43309	-4.71959	0.991548	0.00845182	0.029056
742	-3.66642	-4.24817	0.993695	0.00630474	0.0269535
743	-8.11763	-8.63643	0.993288	0.00671159	0.0273519
744	-3.70216	-4.22168	0.993293	0.00670678	0.0273472
745	-8.12694	-8.47671	0.992062	0.00793772	0.0285526
746	-4.80279	-5.2345	0.992682	0.00731782	0.0279456
747	-4.79364	-5.08478	0.991587	0.00841303	0.029018
748	-4.79754	-5.15282	0.992106	0.00789447	0.0285102
749	-3.88714	-4.37905	0.993107	0.00689326	0.0275298
750	-10.7394	-11.098	0.992131	0.00786911	0.0284854
751	-4.35855	-4.64798	0.991573	0.0084273	0.029032
752	-4.10497	-4.54193	0.99272	0.00727975	0.0279083
753	-5.23533	-5.56245	0.991882	0.00811809	0.0287292
754	-3.66642	-4.24817	0.993695	0.00630474	0.0269535
755	-4.74741	-5.15783	0.992526	0.00747413	0.0280986
756	-4.5363	-4.87503	0.991975	0.00802514	0.0286382
757	-5.36095	-5.68957	0.991894	0.00810603	0.0287174
758	-3.66016	-4.17485	0.993261	0.006739	0.0273788
759	-4.77914	-5.04805	0.991399	0.0086005	0.0292016
760	-4.03357	-4.4081	0.992255	0.00774515	0.028364
761	-5.23533	-5.56245	0.991882	0.00811809	0.0287292
762	-5.15732	-5.56373	0.992496	0.00750393	0.0281278
763	-3.74813	-4.26597	0.993282	0.00671802	0.0273582
764	-5.10388	-5.47887	0.992258	0.00774164	0.0283606
765	-4.44481	-4.79443	0.992061	0.00793895	0.0285538
766	-5.15732	-5.56373	0.992496	0.00750393	0.0281278
767	-3.74813	-4.26597	0.993282	0.00671802	0.0273582
768	-4.03517	-4.58611	0.993499	0.00650067	0.0271454
769	-4.73065	-5.06566	0.991945	0.00805483	0.0286673
770	-4.74741	-5.15783	0.992526	0.00747413	0.0280986
771	-6.0232	-6.43153	0.99251	0.00748965	0.0281138
772	-4.73065	-5.06566	0.991945	0.00805483	0.0286673
773	-4.46485	-4.64222	0.990583	0.00941721	0.0300013
774	-3.61484	-4.13321	0.993286	0.00671444	0.0273547
775	-3.88714	-4.37905	0.993107	0.00689326	0.0275298
776	-4.16083	-4.51894	0.992128	0.0078723	0.0284885
777	-12.3971	-12.8628	0.992925	0.00707496	0.0277077
778	-9.09161	-9.63229	0.993433	0.00656725	0.0272106
779	-6.63688	-7.15207	0.993264	0.00673567	0.0273755
780	-17.5733	-18.0806	0.993211	0.0067886	0.0274273
781	-9.53162	-9.89195	0.992145	0.007855	0.0284716
782	-4.52828	-4.72418	0.990754	0.00924587	0.0298335
783	-7.27715	-7.81383	0.993407	0.00659344	0.0272362
784	-4.24943	-4.71507	0.992925	0.00707542	0.0277082
785	-4.36988	-4.71651	0.992037	0.00796256	0.0285769
786	-5.10388	-5.47887	0.992258	0.00774164	0.0283606
787	-20.5924	-20.9103	0.991808	0.0081925	0.0288021
788	-9.02348	-9.35772	0.991939	0.00806102	0.0286733
789	-3.28742	-3.69812	0.992528	0.00747211	0.0280966
790	-5.15732	-5.56373	0.992496	0.00750393	0.0281278
791	-4.36988	-4.71651	0.992037	0.00796256	0.0285769
792	-4.29017	-4.63497	0.992023	0.007977	0.028591
793	-7.08349	-7.49965	0.992568	0.00743166	0.028057
794	-4.10501	-4.55259	0.992797	0.00720344	0.0278336
795	-3.28742	-3.69812	0.992528	0.00747211	0.0280966
796	-4.29017	-4.63497	0.992023	0.007977	0.028591
797	-4.29017	-4.63497	0.992023	0.007977	0.028591
798	-3.33469	-3.75268	0.992582	0.00741816	0.0280438
799	-8.32517	-8.73659	0.992533	0.00746665	0.0280913
800	-4.46485	-4.64222	0.990583	0.00941721	0.0300013
801	-3.74813	-4.26597	0.993282	0.00671802	0.0273582
802	-4.18209	-4.58681	0.992483	0.00751656	0.0281402
803	-3.28742	-3.69812	0.992528	0.00747211	0.0280966
804	-4.16083	-4.51894	0.992128	0.0078723	0.0284885
805	-4.79754	-5.15282	0.992106	0.00789447	0.0285102
806	-3.66016	-4.17485	0.993261	0.006739	0.0273788
807	-3.74813	-4.26597	0.993282	0.00671802	0.0273582
808	-16.0152	-16.364	0.992054	0.00794569	0.0285604
809	-6.63688	-7.15207	0.993264	0.00673567	0.0273755
810	-4.66784	-5.09629	0.992658	0.00734154	0.0279688
811	-4.16083	-4.51894	0.992128	0.0078723	0.0284885
812	-3.33469	-3.75268	0.992582	0.00741816	0.0280438
813	-4.39281	-4.75299	0.992144	0.00785616	0.0284727
814	-4.10501	-4.55259	0.992797	0.00720344	0.0278336
815	-4.10501	-4.55259	0.992797	0.00720344	0.0278336
816	-4.71566	-5.00533	0.991575	0.00842523	0.02903
817	-3.88714	-4.37905	0.993107	0.00689326	0.0275298
818	-4.52828	-4.72418	0.990754	0.00924587	0.0298335
819	-3.88714	-4.37905	0.993107	0.00689326	0.0275298
820	-4.10501	-4.55259	0.992797	0.00720344	0.0278336
821	-4.36988	-4.71651	0.992037	0.00796256	0.0285769
822	-4.43523	-4.72473	0.991573	0.00842679	0.0290315
823	-4.43309	-4.71959	0.991548	0.00845182	0.029056
824	-3.70216	-4.22168	0.993293	0.00670678	0.0273472
825	-4.43523	-4.72473	0.991573	0.00842679	0.0290315
826	-3.66016	-4.17485	0.993261	0.006739	0.0273788
827	-4.03357	-4.4081	0.992255	0.00774515	0.028364
828	-4.79754	-5.15282	0.992106	0.00789447	0.0285102
829	-4.43523	-4.72473	0.991573	0.00842679	0.0290315
830	-3.66016	-4.17485	0.993261	0.006739	0.0273788
831	-4.22513	-4.58318	0.992127	0.00787276	0.028489
852	-4.01399	-4.30486	0.991585	0.00841526	0.0290202
853	-3.95611	-4.47931	0.993318	0.00668226	0.0273232
854	-3.96962	-4.26636	0.991634	0.00836644	0.0289724
855	-4.28533	-4.61756	0.991923	0.00807704	0.028689
856	-4.79236	-5.13469	0.992003	0.00799655	0.0286102
857	-4.90247	-5.33701	0.992703	0.0072973	0.0279255
858	-4.72604	-4.98981	0.991356	0.00864448	0.0292446
859	-4.7082	-4.98731	0.991486	0.00851391	0.0291168
860	-4.10467	-4.53594	0.992679	0.007321	0.0279487
861	-4.49348	-4.79839	0.991701	0.00829891	0.0289063
862	-3.60741	-4.10684	0.993158	0.00684197	0.0274796
863	-9.32604	-9.79666	0.992959	0.0070405	0.027674
864	-4.10467	-4.53594	0.992679	0.007321	0.0279487
865	-4.52206	-4.71083	0.990689	0.00931143	0.0298977
866	-3.69408	-4.19461	0.993166	0.0068345	0.0274723
867	-4.30798	-4.65188	0.992016	0.00798411	0.028598
868	-4.98826	-5.26359	0.991454	0.00854596	0.0291482
869	-4.02433	-4.38519	0.992149	0.00785091	0.0284676
870	-3.27785	-3.67354	0.992416	0.0075842	0.0282064
871	-5.09975	-5.46108	0.992153	0.0078473	0.028464
872	-4.45884	-4.62974	0.990522	0.00947765	0.0300605
873	-4.21681	-4.56179	0.992024	0.00797551	0.0285896
874	-3.32479	-3.72751	0.992469	0.00753144	0.0281547
875	-4.7082	-4.98731	0.991486	0.00851391	0.0291168
876	-4.21681	-4.56179	0.992024	0.00797551	0.0285896
877	-4.7082	-4.98731	0.991486	0.00851391	0.0291168
878	-4.30798	-4.65188	0.992016	0.00798411	0.028598
879	-4.02433	-4.38519	0.992149	0.00785091	0.0284676
880	-4.26412	-4.61524	0.992073	0.00792712	0.0285422
881	-4.78559	-5.06611	0.991498	0.00850205	0.0291052
882	-4.02433	-4.38519	0.992149	0.00785091	0.0284676
883	-4.72604	-4.98981	0.991356	0.00864448	0.0292446
884	-4.7082	-4.98731	0.991486	0.00851391	0.0291168
885	-3.97904	-4.33874	0.99214	0.00785992	0.0284764
886	-12.5278	-12.8645	0.991959	0.00804119	0.0286539
887	-4.7082	-4.98731	0.991486	0.00851391	0.0291168
888	-3.27785	-3.67354	0.992416	0.0075842	0.0282064
889	-4.74099	-5.13643	0.992414	0.00758605	0.0282082
890	-4.42579	-4.70472	0.991485	0.00851548	0.0291183
891	-4.4274	-4.70345	0.99146	0.00853985	0.0291422
892	-4.32766	-4.65233	0.991862	0.0081379	0.0287486
893	-4.63444	-4.91052	0.99146	0.00853964	0.029142
894	-4.7082	-4.98731	0.991486	0.00851391	0.0291168
895	-4.02433	-4.38519	0.992149	0.00785091	0.0284676
896	-4.78559	-5.06611	0.991498	0.00850205	0.0291052
897	-4.90247	-5.33701	0.992703	0.0072973	0.0279255
898	-4.28533	-4.61756	0.991923	0.00807704	0.028689
899	-4.42579	-4.70472	0.991485	0.00851548	0.0291183
900	-11.4462	-8.07935	0.752411	0.247589	0.263224
901	-4.28533	-4.61756	0.991923	0.00807704	0.028689
902	-4.74099	-5.13643	0.992414	0.00758605	0.0282082
903	-4.78559	-5.06611	0.991498	0.00850205	0.0291052
904	-4.18038	-4.57035	0.992373	0.00762737	0.0282487
905	-4.36135	-4.69532	0.991937	0.00806315	0.0286754
906	-4.70608	-5.12273	0.992572	0.00742808	0.0280535
907	-4.36135	-4.69532	0.991937	0.00806315	0.0286754
908	-3.65937	-4.21985	0.993561	0.00643934	0.0270853
909	-4.4274	-4.70345	0.99146	0.00853985	0.0291422
910	-4.24212	-4.69077	0.992804	0.00719578	0.027826
911	-3.65249	-4.14838	0.993134	0.00686606	0.0275032
912	-4.33576	-4.67525	0.991981	0.0080191	0.0286323
913	-4.16641	-4.60714	0.992747	0.00725259	0.0278817
914	-4.44142	-4.7783	0.99196	0.0080399	0.0286526
915	-4.42579	-4.70472	0.991485	0.00851548	0.0291183
916	-4.10467	-4.53594	0.992679	0.007321	0.0279487
917	-9.44397	-9.7286	0.991533	0.00846748	0.0290713
918	-4.4274	-4.70345	0.99146	0.00853985	0.0291422
920	-7.52658	-8.02479	0.99315	0.00685025	0.0274877
921	-4.44142	-4.7783	0.99196	0.0080399	0.0286526
922	-4.78559	-5.06611	0.991498	0.00850205	0.0291052
923	-4.02433	-4.38519	0.992149	0.00785091	0.0284676
924	-4.16641	-4.60714	0.992747	0.00725259	0.0278817
925	-18.0962	-18.457	0.992148	0.00785188	0.0284685
926	-3.73979	-4.2387	0.993154	0.00684552	0.0274831
927	-4.72863	-5.05144	0.991847	0.00815288	0.0287633
928	-4.10013	-4.52114	0.992604	0.00739597	0.0280221
929	-3.65249	-4.14838	0.993134	0.00686606	0.0275032
930	-3.95611	-4.47931	0.993318	0.00668226	0.0273232
931	-4.38493	-4.73198	0.992041	0.00795924	0.0285736
932	-7.27112	-7.78767	0.993273	0.00672654	0.0273666
933	-4.72604	-4.98981	0.991356	0.00864448	0.0292446
934	-4.6509	-5.04587	0.99241	0.00758959	0.0282117
935	-4.21681	-4.56179	0.992024	0.00797551	0.0285896
936	-4.02433	-4.38519	0.992149	0.00785091	0.0284676
937	-4.72863	-5.05144	0.991847	0.00815288	0.0287633
938	-4.50592	-4.85121	0.992027	0.00797317	0.0285873
939	-4.10013	-4.52114	0.992604	0.00739597	0.0280221
940	-4.38493	-4.73198	0.992041	0.00795924	0.0285736
941	-4.50592	-4.85121	0.992027	0.00797317	0.0285873
942	-4.35263	-4.63152	0.991484	0.00851588	0.0291187
943	-4.18038	-4.57035	0.992373	0.00762737	0.0282487
944	-11.5592	-11.9755	0.992569	0.00743086	0.0280563
945	-3.27785	-3.67354	0.992416	0.0075842	0.0282064
946	-4.58133	-4.92833	0.99204	0.00795961	0.028574
947	-4.63444	-4.91052	0.99146	0.00853964	0.029142
948	-4.10467	-4.53594	0.992679	0.007321	0.0279487
949	-3.69408	-4.19461	0.993166	0.0068345	0.0274723
950	-4.4274	-4.70345	0.99146	0.00853985	0.0291422
951	-4.79236	-5.13469	0.992003	0.00799655	0.0286102
952	-4.24212	-4.69077	0.992804	0.00719578	0.027826
953	-4.70608	-5.12273	0.992572	0.00742808	0.0280535
954	-3.27785	-3.67354	0.992416	0.0075842	0.0282064
955	-4.45884	-4.62974	0.990522	0.00947765	0.0300605
956	-4.30798	-4.65188	0.992016	0.00798411	0.028598
957	-4.15558	-4.50064	0.992025	0.00797491	0.028589
958	-3.95611	-4.47931	0.993318	0.00668226	0.0273232
959	-3.73979	-4.2387	0.993154	0.00684552	0.0274831
960	-4.44142	-4.7783	0.99196	0.0080399	0.0286526
961	-4.33576	-4.67525	0.991981	0.0080191	0.0286323
962	-5.09975	-5.46108	0.992153	0.0078473	0.028464
963	-4.77894	-5.03805	0.991316	0.00868443	0.0292838
964	-4.72863	-5.05144	0.991847	0.00815288	0.0287633
965	-7.71165	-8.05649	0.992023	0.00797666	0.0285907
966	-4.45921	-4.88523	0.992641	0.00735929	0.0279862
967	-10.6322	-10.9762	0.992017	0.00798314	0.028597
968	-9.12963	-9.44377	0.991777	0.0082233	0.0288322
969	-4.58133	-4.92833	0.99204	0.00795961	0.028574
970	-4.33576	-4.67525	0.991981	0.0080191	0.0286323
971	-4.91781	-5.18333	0.99137	0.00862952	0.02923
972	-4.70608	-5.12273	0.992572	0.00742808	0.0280535
973	-4.66087	-5.07368	0.992544	0.00745638	0.0280812
974	-3.95611	-4.47931	0.993318	0.00668226	0.0273232
975	-7.70963	-8.0576	0.992048	0.00795196	0.0285665
976	-4.38493	-4.73198	0.992041	0.00795924	0.0285736
977	-4.50592	-4.85121	0.992027	0.00797317	0.0285873
978	-4.77894	-5.03805	0.991316	0.00868443	0.0292838
979	-3.60741	-4.10684	0.993158	0.00684197	0.0274796
980	-3.95611	-4.47931	0.993318	0.00668226	0.0273232
981	-4.38493	-4.73198	0.992041	0.00795924	0.0285736
982	-4.32766	-4.65233	0.991862	0.0081379	0.0287486
983	-4.66087	-5.07368	0.992544	0.00745638	0.0280812
984	-3.65937	-4.21985	0.993561	0.00643934	0.0270853
985	-3.95611	-4.47931	0.993318	0.00668226	0.0273232
986	-4.15558	-4.50064	0.992025	0.00797491	0.028589
987	-9.67288	-10.062	0.992366	0.00763394	0.0282551
988	-3.96962	-4.26636	0.991634	0.00836644	0.0289724
989	-3.87858	-4.35253	0.992983	0.00701727	0.0276513
990	-3.60741	-4.10684	0.993158	0.00684197	0.0274796
991	-5.15455	-5.54615	0.992385	0.00761504	0.0282366
992	-10.6168	-10.9377	0.991831	0.00816871	0.0287788
993	-4.53182	-4.85821	0.991876	0.00812401	0.028735
994	-4.36135	-4.69532	0.991937	0.00806315	0.0286754
995	-4.32766	-4.65233	0.991862	0.0081379	0.0287486
996	-3.73979	-4.2387	0.993154	0.00684552	0.0274831
997	-3.95611	-4.47931	0.993318	0.00668226	0.0273232
998	-4.53182	-4.85821	0.991876	0.00812401	0.028735
999	-7.53199	-8.02801	0.993135	0.00686514	0.0275023
1000	-4.74099	-5.13643	0.992414	0.00758605	0.0282082
1001	-4.38493	-4.73198	0.992041	0.00795924	0.0285736
1002	-9.62794	-9.95283	0.991864	0.00813612	0.0287469
1003	-4.77894	-5.03805	0.991316	0.00868443	0.0292838
1004	-4.50592	-4.85121	0.992027	0.00797317	0.0285873
1005	-4.28533	-4.61756	0.991923	0.00807704	0.028689
1006	-4.02914	-4.55996	0.993368	0.00663191	0.0272739
1007	-3.73979	-4.2387	0.993154	0.00684552	0.0274831
1008	-10.4381	-10.7629	0.991863	0.0081371	0.0287478
1009	-3.73979	-4.2387	0.993154	0.00684552	0.0274831
1010	-4.33576	-4.67525	0.991981	0.0080191	0.0286323
1011	-3.27785	-3.67354	0.992416	0.0075842	0.0282064
1012	-3.60741	-4.10684	0.993158	0.00684197	0.0274796
1013	-4.36135	-4.69532	0.991937	0.00806315	0.0286754
1014	-10.5613	-10.9775	0.992569	0.00743143	0.0280568
1015	-4.4274	-4.70345	0.99146	0.00853985	0.0291422
1016	-3.32479	-3.72751	0.992469	0.00753144	0.0281547
1017	-3.60741	-4.10684	0.993158	0.00684197	0.0274796
1018	-4.18038	-4.57035	0.992373	0.00762737	0.0282487
1019	-4.30798	-4.65188	0.992016	0.00798411	0.028598
1020	-4.74099	-5.13643	0.992414	0.00758605	0.0282082
1021	-10.7847	-11.1726	0.992357	0.00764321	0.0282642
1022	-4.02433	-4.38519	0.992149	0.00785091	0.0284676
1023	-9.91929	-10.1998	0.991498	0.00850184	0.029105
1024	-4.45884	-4.62974	0.990522	0.00947765	0.0300605
1025	-4.33164	-4.66617	0.991941	0.00805868	0.028671
1034	-3.65865	-4.16964	0.993236	0.00676383	0.0274031
1035	-3.95611	-4.47931	0.993318	0.00668226	0.0273232
1036	-4.18038	-4.57035	0.992373	0.00762737	0.0282487
1037	-13.9045	-14.2502	0.99203	0.00797	0.0285842
1038	-4.7082	-4.98731	0.991486	0.00851391	0.0291168
1039	-4.90247	-5.33701	0.992703	0.0072973	0.0279255
1040	-4.45884	-4.62974	0.990522	0.00947765	0.0300605
1041	-5.22866	-5.54386	0.991785	0.00821467	0.0288238
1042	-4.10013	-4.52114	0.992604	0.00739597	0.0280221
1043	-4.74099	-5.13643	0.992414	0.00758605	0.0282082
1044	-4.38493	-4.73198	0.992041	0.00795924	0.0285736
1045	-9.25564	-9.60266	0.992041	0.00795946	0.0285739
1046	-9.84036	-10.1663	0.991872	0.00812772	0.0287386
1047	-3.95611	-4.47931	0.993318	0.00668226	0.0273232
1048	-4.78559	-5.06611	0.991498	0.00850205	0.0291052
1049	-4.90247	-5.33701	0.992703	0.0072973	0.0279255
1050	-4.52206	-4.71083	0.990689	0.00931143	0.0298977
1051	-3.27785	-3.67354	0.992416	0.0075842	0.0282064
1052	-4.58133	-4.92833	0.99204	0.00795961	0.028574
1053	-4.78559	-5.06611	0.991498	0.00850205	0.0291052
1054	-4.52206	-4.71083	0.990689	0.00931143	0.0298977
1055	-4.38493	-4.73198	0.992041	0.00795924	0.0285736
1056	-3.69408	-4.19461	0.993166	0.0068345	0.0274723
1057	-5.09975	-5.46108	0.992153	0.0078473	0.028464
1058	-4.90247	-5.33701	0.992703	0.0072973	0.0279255
1059	-4.45884	-4.62974	0.990522	0.00947765	0.0300605
1060	-8.72167	-9.06877	0.992041	0.00795873	0.0285731
1061	-4.52206	-4.71083	0.990689	0.00931143	0.0298977
1062	-4.01399	-4.30486	0.991585	0.00841526	0.0290202
1063	-9.82321	-10.2534	0.992671	0.00732914	0.0279566
1064	-9.32604	-9.79666	0.992959	0.0070405	0.027674
1065	-4.21681	-4.56179	0.992024	0.00797553	0.0285896
1066	-8.28783	-8.68578	0.992433	0.00756716	0.0281897
1067	-8.91821	-9.22102	0.991684	0.00831625	0.0289232
1068	-12.2125	-12.5001	0.991557	0.0084428	0.0290472
1069	-3.95611	-4.47931	0.993318	0.00668226	0.0273232
1070	-3.95611	-4.47931	0.993318	0.00668226	0.0273232
1071	-9.22526	-9.56383	0.991974	0.00802639	0.0286394
1072	-4.98826	-5.26359	0.991454	0.00854596	0.0291482
1073	-12.3299	-8.88021	0.736663	0.263337	0.278644
1074	-5.22866	-5.54386	0.991785	0.00821467	0.0288238
1075	-4.01399	-4.30486	0.991585	0.00841526	0.0290202
1076	-3.96962	-4.26636	0.991634	0.00836644	0.0289724
1077	-3.27785	-3.67354	0.992416	0.0075842	0.0282064
1078	-27.5782	-27.8743	0.991628	0.00837227	0.0289781
1079	-4.72604	-4.98981	0.991356	0.00864448	0.0292446
1080	-3.87858	-4.35253	0.992983	0.00701727	0.0276513
1081	-3.73979	-4.2387	0.993154	0.00684552	0.0274831
1082	-4.24212	-4.69077	0.992804	0.00719578	0.027826
1083	-4.35263	-4.63152	0.991484	0.00851588	0.0291187
1084	-3.95611	-4.47931	0.993318	0.00668226	0.0273232
1085	-5.0298	-5.42005	0.992375	0.00762519	0.0282465
1086	-11.0325	-11.3641	0.991918	0.00808185	0.0286937
1087	-9.12979	-9.38345	0.991269	0.00873145	0.0293298
1088	-4.02914	-4.55996	0.993368	0.00663191	0.0272739
1089	-3.87858	-4.35253	0.992983	0.00701727	0.0276513
1090	-28.8554	-25.3157	0.718843	0.281157	0.296094
1091	-4.24212	-4.69077	0.992804	0.00719578	0.027826
1092	-5.09975	-5.46108	0.992153	0.0078473	0.028464
1093	-14.6308	-15.1326	0.993174	0.00682639	0.0274643
1094	-16.5215	-16.9302	0.992513	0.00748679	0.028111
1095	-4.16641	-4.60714	0.992747	0.00725259	0.0278817
1096	-9.64014	-10.0452	0.992486	0.00751398	0.0281376
1097	-4.90247	-5.33701	0.992703	0.0072973	0.0279255
1098	-20.039	-20.3995	0.992146	0.00785364	0.0284702
1099	-5.22866	-5.54386	0.991785	0.00821467	0.0288238
1100	-5.3576	-5.67425	0.991797	0.00820284	0.0288122
1101	-20.4416	-20.7413	0.991658	0.00834205	0.0289485
1102	-4.21681	-4.56179	0.992024	0.00797551	0.0285896
1103	-3.27785	-3.67354	0.992416	0.0075842	0.0282064
1104	-3.97904	-4.33874	0.99214	0.00785992	0.0284764
1105	-3.87858	-4.35253	0.992983	0.00701727	0.0276513
1106	-4.18038	-4.57035	0.992373	0.00762737	0.0282487
1107	-9.04566	-9.59159	0.993467	0.0065331	0.0271771
1108	-4.4274	-4.70345	0.99146	0.00853985	0.0291422
1109	-10.538	-10.8151	0.991469	0.00853144	0.029134
1110	-10.0321	-10.5861	0.993519	0.00648113	0.0271263
1111	-4.72604	-4.98981	0.991356	0.00864448	0.0292446
1112	-3.60741	-4.10684	0.993158	0.00684197	0.0274796
1113	-6.62854	-7.1248	0.993137	0.0068635	0.0275007
1114	-3.69408	-4.19461	0.993166	0.0068345	0.0274723
1115	-4.02433	-4.38519	0.992149	0.00785091	0.0284676
1116	-4.28533	-4.61756	0.991923	0.00807704	0.028689
1117	-4.44142	-4.7783	0.99196	0.0080399	0.0286526
1118	-10.3543	-10.7016	0.992043	0.00795686	0.0285713
1119	-13.2423	-13.7413	0.993155	0.00684508	0.0274826
1120	-4.02914	-4.55996	0.993368	0.00663191	0.0272739
1121	-3.73979	-4.2387	0.993154	0.00684552	0.0274831
1122	-4.24212	-4.69077	0.992804	0.00719578	0.027826
1123	-16.766	-17.1099	0.992015	0.00798478	0.0285987
1124	-14.5015	-14.8519	0.992068	0.00793229	0.0285473
1125	-4.10467	-4.53594	0.992679	0.007321	0.0279487
1126	-4.98826	-5.26359	0.991454	0.00854596	0.0291482
1127	-4.45884	-4.62974	0.990522	0.00947765	0.0300605
1128	-12.345	-12.6772	0.991923	0.00807738	0.0286893
1129	-4.30798	-4.65188	0.992016	0.00798411	0.028598
1130	-4.30798	-4.65188	0.992016	0.00798411	0.028598
1131	-4.58133	-4.92833	0.99204	0.00795961	0.028574
1132	-3.95611	-4.47931	0.993318	0.00668226	0.0273232
1133	-3.87858	-4.35253	0.992983	0.00701727	0.0276513
1134	-4.90247	-5.33701	0.992703	0.0072973	0.0279255
1135	-4.02433	-4.38519	0.992149	0.00785091	0.0284676
1136	-12.8149	-13.3111	0.993136	0.0068641	0.0275013
1137	-4.45884	-4.62974	0.990522	0.00947765	0.0300605
1138	-3.73979	-4.2387	0.993154	0.00684552	0.0274831
1139	-25.0123	-21.5907	0.742086	0.257914	0.273335
1140	-4.24212	-4.69077	0.992804	0.00719578	0.027826
1141	-4.6509	-5.04587	0.99241	0.00758959	0.0282117
1142	-3.69408	-4.19461	0.993166	0.0068345	0.0274723
1143	-4.44142	-4.7783	0.99196	0.0080399	0.0286526
1144	-3.73979	-4.2387	0.993154	0.00684552	0.0274831
1145	-3.73979	-4.2387	0.993154	0.00684552	0.0274831
1146	-3.69408	-4.19461	0.993166	0.0068345	0.0274723
1147	-4.21681	-4.56179	0.992024	0.00797551	0.0285896
1148	-4.45884	-4.62974	0.990522	0.00947765	0.0300605
1149	-4.79236	-5.13469	0.992003	0.00799655	0.0286102
1150	-3.73979	-4.2387	0.993154	0.00684552	0.0274831
1151	-4.02914	-4.55996	0.993368	0.00663191	0.0272739
1152	-3.96962	-4.26636	0.991634	0.00836644	0.0289724
1153	-3.73979	-4.2387	0.993154	0.00684552	0.0274831
