Sites	Ll_YN98.omega=0.0266711	Ll_YN98.omega=1	Ll_YN98.omega=8.14461	Pr_YN98.omega=0.0266711	Pr_YN98.omega=1	Pr_YN98.omega=8.14461	mean
1	-4.10434	-inf	-6.75884	0.999896	0	0.000103596	0.0275121
2	-4.10443	-inf	-6.78505	0.999899	0	0.000100925	0.0274904
3	-3.2205	-inf	-5.64209	0.999869	0	0.000130761	0.0277326
4	-3.69026	-inf	-6.72942	0.999929	0	7.05175e-05	0.0272436
5	-4.76087	-inf	-6.87859	0.999823	0	0.000177186	0.0281095
6	-14.6579	-inf	-11.0977	0.950744	0	0.0492563	0.42653
7	-4.26327	-inf	-6.38328	0.999823	0	0.00017678	0.0281062
8	-3.64622	-inf	-6.69199	0.99993	0	7.00529e-05	0.0272398
9	-4.26327	-inf	-6.38328	0.999823	0	0.00017678	0.0281062
10	-4.17102	-inf	-6.5963	0.99987	0	0.000130279	0.0277287
11	-5.07545	-inf	-7.31461	0.999843	0	0.000156926	0.027945
12	-4.12604	-inf	-6.84387	0.999903	0	9.72391e-05	0.0274605
13	-4.88279	-inf	-7.56593	0.999899	0	0.000100671	0.0274884
14	-4.39258	-inf	-6.09454	0.999731	0	0.000268506	0.0288508
15	-4.10448	-inf	-6.80224	0.999901	0	9.92103e-05	0.0274765
16	-3.92424	-inf	-7.15578	0.999942	0	5.81776e-05	0.0271434
17	-3.26672	-inf	-5.74648	0.999877	0	0.000123373	0.0276726
18	-3.92424	-inf	-7.15578	0.999942	0	5.81776e-05	0.0271434
19	-4.70294	-inf	-7.14679	0.999872	0	0.000127883	0.0277093
20	-4.10448	-inf	-6.80224	0.999901	0	9.92103e-05	0.0274765
21	-5.07599	-inf	-7.3295	0.999845	0	0.000154691	0.0279269
22	-4.46645	-inf	-6.60606	0.999827	0	0.000173349	0.0280784
23	-3.96519	-inf	-5.78315	0.999761	0	0.000239103	0.0286121
24	-5.07599	-inf	-7.3295	0.999845	0	0.000154691	0.0279269
25	-5.07599	-inf	-7.3295	0.999845	0	0.000154691	0.0279269
26	-3.26672	-inf	-5.74648	0.999877	0	0.000123373	0.0276726
27	-4.42254	-inf	-5.49556	0.999497	0	0.000503493	0.0307584
28	-3.99474	-inf	-7.26191	0.999944	0	5.61413e-05	0.0271269
29	-4.53868	-inf	-6.68202	0.999827	0	0.000172705	0.0280731
30	-5.18856	-inf	-7.1503	0.999793	0	0.000207089	0.0283523
31	-5.07599	-inf	-7.3295	0.999845	0	0.000154691	0.0279269
32	-4.61832	-inf	-7.0678	0.999873	0	0.000127165	0.0277034
33	-3.99474	-inf	-7.26191	0.999944	0	5.61413e-05	0.0271269
34	-4.70294	-inf	-7.14679	0.999872	0	0.000127883	0.0277093
35	-4.61832	-inf	-7.0678	0.999873	0	0.000127165	0.0277034
36	-4.39331	-inf	-6.10626	0.999734	0	0.000265572	0.028827
37	-4.88325	-inf	-7.58365	0.999901	0	9.89478e-05	0.0274744
38	-4.99463	-inf	-7.41328	0.999869	0	0.000131146	0.0277357
39	-4.19947	-inf	-6.97637	0.999908	0	9.16616e-05	0.0274152
40	-4.66304	-inf	-6.39968	0.999741	0	0.000259356	0.0287766
41	-5.07599	-inf	-7.3295	0.999845	0	0.000154691	0.0279269
42	-4.76154	-inf	-6.89286	0.999825	0	0.000174793	0.0280901
43	-3.69134	-inf	-6.75037	0.999931	0	6.91306e-05	0.0272323
44	-4.29831	-inf	-6.32892	0.999807	0	0.00019331	0.0282404
45	-5.07599	-inf	-7.3295	0.999845	0	0.000154691	0.0279269
46	-4.2642	-inf	-6.39788	0.999826	0	0.000174381	0.0280867
47	-8.45599	-inf	-10.4728	0.999804	0	0.000196001	0.0282622
48	-3.69134	-inf	-6.75037	0.999931	0	6.91306e-05	0.0272323
49	-3.922	-inf	-5.7758	0.999769	0	0.000230688	0.0285438
50	-11.6584	-inf	-13.5118	0.999769	0	0.000230797	0.0285447
51	-3.61901	-inf	-7.05841	0.999953	0	4.72594e-05	0.0270548
52	-3.922	-inf	-5.7758	0.999769	0	0.000230688	0.0285438
53	-3.26672	-inf	-5.74648	0.999877	0	0.000123373	0.0276726
54	-3.26672	-inf	-5.74648	0.999877	0	0.000123373	0.0276726
55	-3.22173	-inf	-5.65902	0.999871	0	0.000128724	0.0277161
56	-3.22173	-inf	-5.65902	0.999871	0	0.000128724	0.0277161
59	-4.53868	-inf	-6.68202	0.999827	0	0.000172705	0.0280731
60	-4.31704	-inf	-6.06233	0.999743	0	0.000257121	0.0287584
61	-9.08804	-inf	-11.5204	0.999871	0	0.000129363	0.0277213
62	-17.0023	-inf	-19.1498	0.999828	0	0.000171988	0.0280673
63	-4.33763	-inf	-6.48404	0.999828	0	0.000172176	0.0280688
64	-4.61832	-inf	-7.0678	0.999873	0	0.000127165	0.0277034
65	-3.26672	-inf	-5.74648	0.999877	0	0.000123373	0.0276726
66	-4.12445	-inf	-6.27814	0.999829	0	0.000170926	0.0280587
67	-4.12445	-inf	-6.27814	0.999829	0	0.000170926	0.0280587
68	-4.42254	-inf	-5.49556	0.999497	0	0.000503493	0.0307584
69	-3.22173	-inf	-5.65902	0.999871	0	0.000128724	0.0277161
70	-3.22173	-inf	-5.65902	0.999871	0	0.000128724	0.0277161
71	-3.26672	-inf	-5.74648	0.999877	0	0.000123373	0.0276726
72	-4.2642	-inf	-6.39788	0.999826	0	0.000174381	0.0280867
73	-4.88325	-inf	-7.58365	0.999901	0	9.89478e-05	0.0274744
74	-4.70294	-inf	-7.14679	0.999872	0	0.000127883	0.0277093
75	-4.48457	-inf	-5.66959	0.99955	0	0.000450171	0.0303256
76	-3.60803	-inf	-6.66237	0.999931	0	6.94553e-05	0.0272349
77	-4.76154	-inf	-6.89286	0.999825	0	0.000174793	0.0280901
78	-4.16667	-inf	-6.29267	0.999824	0	0.000175726	0.0280976
79	-3.56446	-inf	-6.63787	0.999932	0	6.81434e-05	0.0272243
80	-5.07599	-inf	-7.3295	0.999845	0	0.000154691	0.0279269
81	-4.88325	-inf	-7.58365	0.999901	0	9.89478e-05	0.0274744
82	-3.99474	-inf	-7.26191	0.999944	0	5.61413e-05	0.0271269
83	-3.60803	-inf	-6.66237	0.999931	0	6.94553e-05	0.0272349
84	-3.22173	-inf	-5.65902	0.999871	0	0.000128724	0.0277161
85	-4.61832	-inf	-7.0678	0.999873	0	0.000127165	0.0277034
86	-3.96873	-inf	-6.19347	0.999841	0	0.000159207	0.0279635
87	-3.922	-inf	-5.7758	0.999769	0	0.000230688	0.0285438
88	-3.22173	-inf	-5.65902	0.999871	0	0.000128724	0.0277161
264	-4.25669	-inf	-6.33382	0.999815	0	0.000184524	0.0281691
265	-4.16667	-inf	-6.29267	0.999824	0	0.000175726	0.0280976
266	-4.25669	-inf	-6.33382	0.999815	0	0.000184524	0.0281691
267	-12.0419	-inf	-13.7554	0.999735	0	0.00026542	0.0288258
268	-4.25669	-inf	-6.33382	0.999815	0	0.000184524	0.0281691
269	-4.73679	-inf	-6.47761	0.999742	0	0.000258275	0.0287678
270	-4.10752	-inf	-7.68055	0.999959	0	4.13481e-05	0.0270068
271	-4.10752	-inf	-7.68055	0.999959	0	4.13481e-05	0.0270068
272	-4.5117	-inf	-7.3363	0.999913	0	8.73924e-05	0.0273806
273	-4.43285	-inf	-6.71555	0.99985	0	0.000150242	0.0278908
274	-3.2866	-inf	-6.47292	0.999939	0	6.08688e-05	0.0271652
275	-4.29012	-inf	-7.04187	0.999906	0	9.39962e-05	0.0274342
276	-4.63849	-inf	-6.93765	0.999852	0	0.00014779	0.0278709
277	-4.71413	-inf	-7.01341	0.999852	0	0.000147773	0.0278707
278	-4.22353	-inf	-7.02281	0.99991	0	8.96335e-05	0.0273988
279	-8.50839	-inf	-11.6764	0.999938	0	6.1994e-05	0.0271744
280	-6.04683	-inf	-9.10827	0.999931	0	6.8964e-05	0.027231
281	-4.10752	-inf	-7.68055	0.999959	0	4.13481e-05	0.0270068
282	-7.08136	-inf	-10.1764	0.999933	0	6.66869e-05	0.0272125
283	-3.2866	-inf	-6.47292	0.999939	0	6.08688e-05	0.0271652
284	-4.63849	-inf	-6.93765	0.999852	0	0.00014779	0.0278709
285	-4.1606	-inf	-7.00533	0.999914	0	8.56513e-05	0.0273664
286	-3.2866	-inf	-6.47292	0.999939	0	6.08688e-05	0.0271652
287	-6.04683	-inf	-9.10827	0.999931	0	6.8964e-05	0.027231
288	-3.3338	-inf	-6.57038	0.999942	0	5.78848e-05	0.027141
289	-4.73052	-inf	-6.9237	0.999836	0	0.000164309	0.028005
290	-3.97614	-inf	-6.42831	0.999873	0	0.000126824	0.0277007
291	-16.6243	-inf	-19.4294	0.999911	0	8.91184e-05	0.0273946
292	-4.22353	-inf	-7.02281	0.99991	0	8.96335e-05	0.0273988
293	-3.2866	-inf	-6.47292	0.999939	0	6.08688e-05	0.0271652
294	-8.66749	-inf	-11.8382	0.999938	0	6.1829e-05	0.027173
295	-27.4177	-inf	-29.7346	0.999855	0	0.000145195	0.0278498
296	-3.3338	-inf	-6.57038	0.999942	0	5.78848e-05	0.027141
297	-4.79187	-inf	-7.09716	0.999853	0	0.000146887	0.0278635
298	-4.1606	-inf	-7.00533	0.999914	0	8.56513e-05	0.0273664
299	-10.0309	-inf	-12.3515	0.999855	0	0.000144651	0.0278454
300	-6.93659	-inf	-10.0611	0.999935	0	6.47471e-05	0.0271967
301	-8.82118	-inf	-12.0059	0.999939	0	6.09638e-05	0.027166
302	-3.2866	-inf	-6.47292	0.999939	0	6.08688e-05	0.0271652
303	-3.2866	-inf	-6.47292	0.999939	0	6.08688e-05	0.0271652
304	-30.2048	-inf	-32.7714	0.999887	0	0.000113111	0.0275893
305	-4.73052	-inf	-6.9237	0.999836	0	0.000164309	0.028005
306	-4.10752	-inf	-7.68056	0.999959	0	4.13473e-05	0.0270068
307	-3.97614	-inf	-6.42832	0.999873	0	0.000126823	0.0277007
308	-3.2866	-inf	-6.47293	0.999939	0	6.08677e-05	0.0271652
309	-3.2866	-inf	-6.47293	0.999939	0	6.08677e-05	0.0271652
509	-3.3338	-inf	-6.5704	0.999942	0	5.78838e-05	0.027141
510	-3.3338	-inf	-6.5704	0.999942	0	5.78838e-05	0.027141
511	-4.0206	-inf	-6.42659	0.999867	0	0.000132816	0.0277493
512	-3.3338	-inf	-6.5704	0.999942	0	5.78838e-05	0.027141
513	-3.7025	-inf	-7.7018	0.999973	0	2.69982e-05	0.0268903
514	-4.73192	-inf	-7.42419	0.9999	0	9.97565e-05	0.0274809
515	-4.34184	-inf	-7.12518	0.999909	0	9.10728e-05	0.0274104
516	-3.61018	-inf	-7.51299	0.99997	0	2.97328e-05	0.0269125
517	-3.65523	-inf	-7.53601	0.99997	0	3.03951e-05	0.0269179
518	-3.27992	-inf	-6.38093	0.999934	0	6.62887e-05	0.0272092
519	-3.3269	-inf	-6.47661	0.999937	0	6.31383e-05	0.0271837
520	-3.7025	-inf	-7.7018	0.999973	0	2.69982e-05	0.0268903
521	-3.2866	-inf	-6.47293	0.999939	0	6.08677e-05	0.0271652
522	-4.46384	-inf	-5.88926	0.999646	0	0.000354009	0.0295449
523	-3.66745	-inf	-8.14573	0.999983	0	1.67233e-05	0.0268069
524	-4.1606	-inf	-7.00535	0.999914	0	8.565e-05	0.0273664
525	-3.2866	-inf	-6.47293	0.999939	0	6.08677e-05	0.0271652
526	-4.1606	-inf	-7.00535	0.999914	0	8.565e-05	0.0273664
527	-4.52731	-inf	-6.10281	0.999695	0	0.000304689	0.0291446
528	-3.2866	-inf	-6.47293	0.999939	0	6.08677e-05	0.0271652
529	-9.88712	-inf	-13.0688	0.999939	0	6.1153e-05	0.0271675
530	-3.2866	-inf	-6.47293	0.999939	0	6.08677e-05	0.0271652
540	-3.3338	-inf	-6.5704	0.999942	0	5.78838e-05	0.027141
541	-8.6675	-inf	-11.8382	0.999938	0	6.18279e-05	0.027173
551	-3.2866	-inf	-6.47293	0.999939	0	6.08677e-05	0.0271652
552	-3.2866	-inf	-6.47293	0.999939	0	6.08677e-05	0.0271652
553	-3.2866	-inf	-6.47293	0.999939	0	6.08677e-05	0.0271652
554	-3.33233	-inf	-6.55051	0.999941	0	5.89602e-05	0.0271497
555	-12.2958	-inf	-15.3855	0.999933	0	6.70473e-05	0.0272154
556	-3.28518	-inf	-6.45342	0.999938	0	6.19793e-05	0.0271743
557	-23.0381	-inf	-20.3232	0.978236	0	0.0217639	0.20335
558	-12.5718	-inf	-15.6654	0.999933	0	6.6785e-05	0.0272133
559	-10.7814	-inf	-13.7939	0.999928	0	7.24229e-05	0.027259
560	-3.28518	-inf	-6.45342	0.999938	0	6.19793e-05	0.0271743
561	-3.28518	-inf	-6.45342	0.999938	0	6.19793e-05	0.0271743
562	-3.28518	-inf	-6.45342	0.999938	0	6.19793e-05	0.0271743
563	-19.8956	-inf	-23.0274	0.999936	0	6.42785e-05	0.0271929
565	-11.1418	-inf	-14.1977	0.999931	0	6.93442e-05	0.027234
566	-3.30843	-inf	-6.19869	0.999918	0	8.18394e-05	0.0273355
572	-3.21726	-inf	-5.18201	0.999794	0	0.000206468	0.0283472
573	-20.1562	-inf	-22.0068	0.999769	0	0.000231427	0.0285498
574	-12.7668	-inf	-15.8896	0.999935	0	6.48595e-05	0.0271976
575	-3.28518	-inf	-6.45342	0.999938	0	6.19793e-05	0.0271743
577	-10.1944	-inf	-13.1772	0.999925	0	7.46097e-05	0.0272768
578	-17.4701	-inf	-20.5399	0.999932	0	6.83889e-05	0.0272263
579	-3.28518	-inf	-6.45342	0.999938	0	6.19793e-05	0.0271743
583	-3.28518	-inf	-6.45342	0.999938	0	6.19793e-05	0.0271743
584	-3.28518	-inf	-6.45342	0.999938	0	6.19793e-05	0.0271743
585	-6.03349	-inf	-9.03382	0.999927	0	7.33094e-05	0.0272662
586	-3.28518	-inf	-6.45342	0.999938	0	6.19793e-05	0.0271743
587	-11.2338	-inf	-14.2572	0.999928	0	7.16353e-05	0.0272526
588	-3.28518	-inf	-6.45342	0.999938	0	6.19793e-05	0.0271743
589	-3.28518	-inf	-6.45342	0.999938	0	6.19793e-05	0.0271743
590	-3.28518	-inf	-6.45342	0.999938	0	6.19793e-05	0.0271743
591	-3.28518	-inf	-6.45342	0.999938	0	6.19793e-05	0.0271743
593	-7.52554	-inf	-10.6469	0.999935	0	6.4956e-05	0.0271984
594	-6.93513	-inf	-10.0413	0.999934	0	6.595e-05	0.0272065
595	-7.52554	-inf	-10.6469	0.999935	0	6.4956e-05	0.0271984
596	-3.6664	-inf	-8.11898	0.999983	0	1.71585e-05	0.0268104
597	-4.22231	-inf	-7.00579	0.999909	0	9.10602e-05	0.0274103
598	-9.38752	-inf	-12.6079	0.999941	0	5.88285e-05	0.0271487
599	-3.61428	-inf	-7.60225	0.999973	0	2.73057e-05	0.0268928
600	-3.33233	-inf	-6.55051	0.999941	0	5.89602e-05	0.0271497
601	-37.4875	-inf	-22.4114	0.000192409	0	0.999808	8.14305
602	-16.355	-inf	-14.1851	0.987264	0	0.0127361	0.130062
603	-16.427	-inf	-14.2248	0.986851	0	0.0131487	0.133412
604	-3.28396	-inf	-6.43664	0.999937	0	6.2951e-05	0.0271821
605	-3.28518	-inf	-6.4534	0.999938	0	6.19804e-05	0.0271743
606	-3.28518	-inf	-6.45342	0.999938	0	6.19793e-05	0.0271743
607	-6.03349	-inf	-9.03378	0.999927	0	7.3312e-05	0.0272663
608	-3.28518	-inf	-6.4534	0.999938	0	6.19804e-05	0.0271743
609	-8.33587	-inf	-11.4849	0.999937	0	6.31811e-05	0.027184
610	-9.54479	-inf	-12.7067	0.999938	0	6.23748e-05	0.0271775
611	-16.5537	-inf	-18.8475	0.999851	0	0.000148589	0.0278774
612	-3.28518	-inf	-6.45342	0.999938	0	6.19793e-05	0.0271743
613	-8.35638	-inf	-11.5092	0.999937	0	6.29391e-05	0.027182
614	-4.52639	-inf	-6.09326	0.999693	0	0.000307329	0.029166
615	-4.3904	-inf	-7.21094	0.999912	0	8.77476e-05	0.0273834
616	-4.79068	-inf	-7.08314	0.999851	0	0.000148784	0.0278789
617	-3.28518	-inf	-6.45342	0.999938	0	6.19793e-05	0.0271743
618	-3.28518	-inf	-6.45342	0.999938	0	6.19793e-05	0.0271743
619	-4.15983	-inf	-6.98876	0.999913	0	8.70144e-05	0.0273775
620	-4.72977	-inf	-6.91089	0.999834	0	0.000166303	0.0280211
621	-4.92064	-inf	-7.12919	0.999838	0	0.000161804	0.0279846
622	-3.28518	-inf	-6.45342	0.999938	0	6.19793e-05	0.0271743
623	-3.28518	-inf	-6.45342	0.999938	0	6.19793e-05	0.0271743
624	-3.28518	-inf	-6.45342	0.999938	0	6.19793e-05	0.0271743
625	-4.1606	-inf	-7.00535	0.999914	0	8.565e-05	0.0273664
626	-4.35769	-inf	-6.66914	0.999854	0	0.000145985	0.0278562
627	-15.132	-inf	-12.6001	0.981809	0	0.0181907	0.174342
628	-4.10752	-inf	-7.68058	0.999959	0	4.13465e-05	0.0270068
629	-7.54044	-inf	-10.7269	0.999939	0	6.08618e-05	0.0271652
630	-3.3338	-inf	-6.57042	0.999942	0	5.78827e-05	0.027141
631	-4.3577	-inf	-6.66915	0.999854	0	0.000145983	0.0278562
632	-3.2866	-inf	-6.47295	0.999939	0	6.08666e-05	0.0271652
633	-3.2866	-inf	-6.47295	0.999939	0	6.08666e-05	0.0271652
634	-3.2866	-inf	-6.47295	0.999939	0	6.08666e-05	0.0271652
635	-7.52696	-inf	-10.6664	0.999936	0	6.37899e-05	0.027189
636	-3.66745	-inf	-8.14576	0.999983	0	1.67228e-05	0.0268069
637	-3.97614	-inf	-6.42833	0.999873	0	0.000126821	0.0277006
638	-17.4921	-inf	-19.8281	0.999858	0	0.000142457	0.0278276
639	-11.3795	-inf	-14.4083	0.999929	0	7.12532e-05	0.0272495
640	-11.5962	-inf	-14.439	0.999914	0	8.5821e-05	0.0273678
641	-3.2866	-inf	-6.47295	0.999939	0	6.08666e-05	0.0271652
642	-10.8947	-inf	-14.2503	0.999949	0	5.13873e-05	0.0270883
643	-3.2866	-inf	-6.47295	0.999939	0	6.08666e-05	0.0271652
644	-4.74711	-inf	-7.98105	0.999942	0	5.80378e-05	0.0271423
645	-4.3577	-inf	-6.66915	0.999854	0	0.000145983	0.0278562
646	-4.63849	-inf	-6.93768	0.999852	0	0.000147786	0.0278708
647	-4.9932	-inf	-7.27717	0.99985	0	0.000150051	0.0278892
648	-4.4455	-inf	-7.2397	0.99991	0	9.00896e-05	0.0274025
649	-4.03183	-inf	-6.95971	0.999921	0	7.88174e-05	0.0273109
650	-12.7763	-inf	-15.5759	0.99991	0	8.96059e-05	0.0273985
651	-5.23436	-inf	-7.83943	0.999891	0	0.000108844	0.0275547
652	-8.33729	-inf	-11.5045	0.999938	0	6.20458e-05	0.0271748
653	-10.5111	-inf	-13.3862	0.999917	0	8.30834e-05	0.0273456
654	-12.2029	-inf	-15.0303	0.999913	0	8.71503e-05	0.0273786
655	-4.16061	-inf	-7.00536	0.999914	0	8.56486e-05	0.0273664
656	-4.22354	-inf	-7.02284	0.99991	0	8.96307e-05	0.0273987
657	-4.73052	-inf	-6.92373	0.999836	0	0.000164305	0.0280049
658	-3.3338	-inf	-6.57042	0.999942	0	5.78827e-05	0.027141
659	-8.08601	-inf	-10.56	0.999876	0	0.000124086	0.0276784
660	-3.97614	-inf	-6.42833	0.999873	0	0.000126821	0.0277006
661	-4.22354	-inf	-7.02284	0.99991	0	8.96307e-05	0.0273987
662	-3.3338	-inf	-6.57042	0.999942	0	5.78827e-05	0.027141
663	-4.58635	-inf	-7.40041	0.999912	0	8.83184e-05	0.0273881
664	-5.23337	-inf	-7.82399	0.99989	0	0.000110428	0.0275676
665	-4.46296	-inf	-5.88056	0.999643	0	0.000356785	0.0295675
666	-4.90687	-inf	-8.46632	0.999958	0	4.19133e-05	0.0270114
672	-4.22354	-inf	-7.02284	0.99991	0	8.96307e-05	0.0273987
673	-4.5874	-inf	-7.41736	0.999913	0	8.69251e-05	0.0273768
674	-3.7025	-inf	-7.70182	0.999973	0	2.69976e-05	0.0268903
675	-4.4455	-inf	-7.2397	0.99991	0	9.00896e-05	0.0274025
676	-3.2866	-inf	-6.47295	0.999939	0	6.08666e-05	0.0271652
677	-3.2866	-inf	-6.47295	0.999939	0	6.08666e-05	0.0271652
678	-4.46385	-inf	-5.88927	0.999646	0	0.000354006	0.0295449
679	-4.78064	-inf	-6.9325	0.999829	0	0.00017124	0.0280612
680	-3.6606	-inf	-7.64869	0.999973	0	2.73025e-05	0.0268928
681	-3.74838	-inf	-7.74032	0.999973	0	2.71975e-05	0.0268919
682	-4.29012	-inf	-7.0419	0.999906	0	9.39934e-05	0.0274341
683	-4.5117	-inf	-7.33633	0.999913	0	8.73897e-05	0.0273805
684	-4.74711	-inf	-7.98105	0.999942	0	5.80378e-05	0.0271423
685	-4.53631	-inf	-7.23802	0.999901	0	9.88188e-05	0.0274733
686	-3.88713	-inf	-7.7236	0.999968	0	3.17721e-05	0.026929
687	-4.90739	-inf	-8.48675	0.999959	0	4.10872e-05	0.0270047
688	-4.10752	-inf	-7.6806	0.999959	0	4.13457e-05	0.0270068
689	-3.74838	-inf	-7.74034	0.999973	0	2.71969e-05	0.0268919
690	-4.24968	-inf	-7.90733	0.999962	0	3.79931e-05	0.0269795
691	-3.963	-inf	-8.20108	0.999979	0	2.12636e-05	0.0268437
692	-5.23436	-inf	-7.83945	0.999891	0	0.000108842	0.0275547
693	-4.4455	-inf	-7.23971	0.99991	0	9.00883e-05	0.0274024
694	-3.6606	-inf	-7.64872	0.999973	0	2.73018e-05	0.0268927
695	-3.66746	-inf	-8.14578	0.999983	0	1.67224e-05	0.0268069
696	-4.74711	-inf	-7.98107	0.999942	0	5.80368e-05	0.0271423
697	-4.80249	-inf	-8.21511	0.999951	0	4.85417e-05	0.0270652
698	-8.60204	-inf	-11.0215	0.999869	0	0.000131041	0.0277349
699	-4.24968	-inf	-7.90733	0.999962	0	3.79931e-05	0.0269795
700	-4.3577	-inf	-6.66916	0.999854	0	0.000145982	0.0278562
701	-4.5117	-inf	-7.33634	0.999913	0	8.73884e-05	0.0273805
702	-4.5117	-inf	-7.33634	0.999913	0	8.73884e-05	0.0273805
703	-4.17357	-inf	-7.77789	0.99996	0	4.00741e-05	0.0269964
704	-3.963	-inf	-8.20108	0.999979	0	2.12636e-05	0.0268437
705	-4.9932	-inf	-7.27718	0.99985	0	0.000150049	0.0278892
706	-4.9932	-inf	-7.27718	0.99985	0	0.000150049	0.0278892
707	-4.49879	-inf	-7.00771	0.99988	0	0.000119828	0.0276439
708	-4.5117	-inf	-7.33634	0.999913	0	8.73884e-05	0.0273805
709	-4.71414	-inf	-7.01345	0.999852	0	0.000147767	0.0278707
710	-4.9932	-inf	-7.27718	0.99985	0	0.000150049	0.0278892
711	-4.9932	-inf	-7.27718	0.99985	0	0.000150049	0.0278892
712	-15.8906	-inf	-12.4955	0.957923	0	0.0420767	0.368247
713	-4.5117	-inf	-7.33634	0.999913	0	8.73884e-05	0.0273805
714	-4.9932	-inf	-7.27718	0.99985	0	0.000150049	0.0278892
715	-3.6606	-inf	-7.64872	0.999973	0	2.73018e-05	0.0268927
716	-16.985	-inf	-19.8234	0.999914	0	8.61985e-05	0.0273709
717	-4.43238	-inf	-6.69843	0.999847	0	0.000152764	0.0279112
718	-4.03183	-inf	-6.95973	0.999921	0	7.88161e-05	0.0273109
719	-4.03183	-inf	-6.95973	0.999921	0	7.88161e-05	0.0273109
720	-9.64061	-inf	-12.2575	0.999892	0	0.000107566	0.0275443
721	-4.5117	-inf	-7.33634	0.999913	0	8.73884e-05	0.0273805
722	-3.66746	-inf	-8.14578	0.999983	0	1.67224e-05	0.0268069
723	-3.66746	-inf	-8.14578	0.999983	0	1.67224e-05	0.0268069
724	-4.9932	-inf	-7.27718	0.99985	0	0.000150049	0.0278892
725	-21.0114	-inf	-24.1409	0.999936	0	6.44249e-05	0.0271941
726	-4.29012	-inf	-7.04191	0.999906	0	9.3992e-05	0.0274341
727	-3.963	-inf	-8.20108	0.999979	0	2.12636e-05	0.0268437
728	-4.74711	-inf	-7.98107	0.999942	0	5.80368e-05	0.0271423
729	-3.28661	-inf	-6.47297	0.999939	0	6.08655e-05	0.0271652
730	-4.79729	-inf	-7.62242	0.999913	0	8.73458e-05	0.0273802
731	-4.43238	-inf	-6.69843	0.999847	0	0.000152764	0.0279112
732	-4.53631	-inf	-7.23803	0.999901	0	9.88173e-05	0.0274733
733	-10.255	-inf	-12.0575	0.999757	0	0.000242831	0.0286424
734	-14.093	-inf	-12.5696	0.993287	0	0.00671299	0.0811668
735	-4.39156	-inf	-7.22802	0.999914	0	8.63624e-05	0.0273722
736	-21.6313	-inf	-23.7317	0.99982	0	0.000180288	0.0281347
737	-4.36809	-inf	-7.0818	0.999902	0	9.76399e-05	0.0274637
738	-4.24968	-inf	-7.90733	0.999962	0	3.79931e-05	0.0269795
739	-5.10468	-inf	-8.09817	0.999926	0	7.3813e-05	0.0272703
740	-8.08601	-inf	-10.56	0.999876	0	0.000124085	0.0276784
741	-4.43238	-inf	-6.69843	0.999847	0	0.000152764	0.0279112
742	-3.66746	-inf	-8.14578	0.999983	0	1.67224e-05	0.0268069
743	-8.13044	-inf	-12.0872	0.999972	0	2.81705e-05	0.0268998
744	-3.7025	-inf	-7.70184	0.999973	0	2.6997e-05	0.0268903
745	-8.13863	-inf	-10.9057	0.999907	0	9.25673e-05	0.0274226
746	-4.80249	-inf	-8.21511	0.999951	0	4.85417e-05	0.0270652
747	-4.79187	-inf	-7.0972	0.999853	0	0.000146881	0.0278635
748	-4.79729	-inf	-7.62242	0.999913	0	8.73458e-05	0.0273802
749	-3.88713	-inf	-7.72363	0.999968	0	3.17714e-05	0.026929
750	-10.7616	-inf	-13.5852	0.999913	0	8.74767e-05	0.0273812
751	-4.3577	-inf	-6.66916	0.999854	0	0.000145982	0.0278562
752	-4.10591	-inf	-7.5235	0.999952	0	4.83011e-05	0.0270632
753	-5.23436	-inf	-7.83945	0.999891	0	0.000108842	0.0275547
754	-3.66746	-inf	-8.14578	0.999983	0	1.67224e-05	0.0268069
755	-4.74711	-inf	-7.98107	0.999942	0	5.80368e-05	0.0271423
756	-4.53631	-inf	-7.23803	0.999901	0	9.88173e-05	0.0274733
757	-5.36174	-inf	-7.9955	0.999894	0	0.000105766	0.0275297
758	-3.6606	-inf	-7.64872	0.999973	0	2.73018e-05	0.0268927
759	-4.78064	-inf	-6.93251	0.999829	0	0.000171238	0.0280612
760	-4.03183	-inf	-6.95973	0.999921	0	7.88161e-05	0.0273109
761	-5.23436	-inf	-7.83945	0.999891	0	0.000108842	0.0275547
762	-5.15877	-inf	-8.39913	0.999942	0	5.76669e-05	0.0271392
763	-3.74838	-inf	-7.74034	0.999973	0	2.71969e-05	0.0268919
764	-5.10468	-inf	-8.09817	0.999926	0	7.3813e-05	0.0272703
765	-4.4455	-inf	-7.23971	0.99991	0	9.00883e-05	0.0274024
766	-5.15877	-inf	-8.39913	0.999942	0	5.76669e-05	0.0271392
767	-3.74838	-inf	-7.74034	0.999973	0	2.71969e-05	0.0268919
768	-4.03636	-inf	-8.31845	0.99998	0	2.0348e-05	0.0268363
769	-4.73192	-inf	-7.42422	0.9999	0	9.97536e-05	0.0274809
770	-4.74711	-inf	-7.98107	0.999942	0	5.80368e-05	0.0271423
771	-6.03491	-inf	-9.05338	0.999928	0	7.19921e-05	0.0272555
772	-4.73192	-inf	-7.42422	0.9999	0	9.97536e-05	0.0274809
773	-4.46385	-inf	-5.88928	0.999646	0	0.000354003	0.0295449
774	-3.61539	-inf	-7.62632	0.999973	0	2.66858e-05	0.0268877
775	-3.88713	-inf	-7.72363	0.999968	0	3.17714e-05	0.026929
776	-4.16061	-inf	-7.00538	0.999914	0	8.56473e-05	0.0273664
777	-12.4226	-inf	-15.8779	0.999953	0	4.65147e-05	0.0270487
778	-9.10536	-inf	-13.2939	0.999978	0	2.23432e-05	0.0268525
779	-6.64967	-inf	-10.4802	0.999968	0	3.19612e-05	0.0269306
780	-17.6116	-inf	-21.3476	0.999965	0	3.51301e-05	0.0269563
781	-9.54287	-inf	-12.3806	0.999914	0	8.62536e-05	0.0273713
782	-4.52731	-inf	-6.10282	0.999695	0	0.000304684	0.0291445
783	-7.29076	-inf	-11.3013	0.999973	0	2.66973e-05	0.0268878
784	-4.24968	-inf	-7.90733	0.999962	0	3.79931e-05	0.0269795
785	-4.36809	-inf	-7.0818	0.999902	0	9.76399e-05	0.0274637
786	-5.10468	-inf	-8.09817	0.999926	0	7.3813e-05	0.0272703
787	-20.629	-inf	-23.1454	0.999881	0	0.000118935	0.0276366
788	-9.03498	-inf	-11.6848	0.999896	0	0.000104077	0.027516
789	-3.28661	-inf	-6.47297	0.999939	0	6.08655e-05	0.0271652
790	-5.15877	-inf	-8.39913	0.999942	0	5.76669e-05	0.0271392
791	-4.36809	-inf	-7.0818	0.999902	0	9.76399e-05	0.0274637
792	-4.29012	-inf	-7.04191	0.999906	0	9.3992e-05	0.0274341
793	-7.09596	-inf	-10.2363	0.999936	0	6.3735e-05	0.0271885
794	-4.10752	-inf	-7.6806	0.999959	0	4.13457e-05	0.0270068
795	-3.28661	-inf	-6.47297	0.999939	0	6.08655e-05	0.0271652
796	-4.29012	-inf	-7.04191	0.999906	0	9.3992e-05	0.0274341
797	-4.29012	-inf	-7.04191	0.999906	0	9.3992e-05	0.0274341
798	-3.3338	-inf	-6.57044	0.999942	0	5.78817e-05	0.027141
799	-8.33729	-inf	-11.5045	0.999938	0	6.20447e-05	0.0271748
800	-4.46385	-inf	-5.88928	0.999646	0	0.000354003	0.0295449
801	-3.74838	-inf	-7.74034	0.999973	0	2.71969e-05	0.0268919
802	-4.18349	-inf	-7.41686	0.999942	0	5.80714e-05	0.0271425
803	-3.28661	-inf	-6.47297	0.999939	0	6.08655e-05	0.0271652
804	-4.16061	-inf	-7.00538	0.999914	0	8.56473e-05	0.0273664
805	-4.79729	-inf	-7.62242	0.999913	0	8.73458e-05	0.0273802
806	-3.6606	-inf	-7.64872	0.999973	0	2.73018e-05	0.0268927
807	-3.74838	-inf	-7.74034	0.999973	0	2.71969e-05	0.0268919
808	-16.0389	-inf	-18.803	0.999907	0	9.28417e-05	0.0274248
809	-6.64967	-inf	-10.4802	0.999968	0	3.19612e-05	0.0269306
810	-4.66725	-inf	-8.03747	0.999949	0	5.0644e-05	0.0270822
811	-4.16061	-inf	-7.00538	0.999914	0	8.56473e-05	0.0273664
812	-3.3338	-inf	-6.57044	0.999942	0	5.78817e-05	0.027141
813	-4.39156	-inf	-7.22804	0.999914	0	8.63611e-05	0.0273722
814	-4.10752	-inf	-7.6806	0.999959	0	4.13457e-05	0.0270068
815	-4.10752	-inf	-7.6806	0.999959	0	4.13457e-05	0.0270068
816	-4.71414	-inf	-7.01345	0.999852	0	0.000147767	0.0278707
817	-3.88713	-inf	-7.72363	0.999968	0	3.17714e-05	0.026929
818	-4.52731	-inf	-6.10282	0.999695	0	0.000304684	0.0291445
819	-3.88713	-inf	-7.72363	0.999968	0	3.17714e-05	0.026929
820	-4.10752	-inf	-7.6806	0.999959	0	4.13457e-05	0.0270068
821	-4.36809	-inf	-7.0818	0.999902	0	9.76399e-05	0.0274637
822	-4.43286	-inf	-6.71559	0.99985	0	0.000150237	0.0278907
823	-4.43238	-inf	-6.69843	0.999847	0	0.000152764	0.0279112
824	-3.7025	-inf	-7.70184	0.999973	0	2.6997e-05	0.0268903
825	-4.43286	-inf	-6.71559	0.99985	0	0.000150237	0.0278907
826	-3.6606	-inf	-7.64872	0.999973	0	2.73018e-05	0.0268927
827	-4.03183	-inf	-6.95973	0.999921	0	7.88161e-05	0.0273109
828	-4.79729	-inf	-7.62242	0.999913	0	8.73458e-05	0.0273802
829	-4.43286	-inf	-6.71559	0.99985	0	0.000150237	0.0278907
830	-3.6606	-inf	-7.64872	0.999973	0	2.73018e-05	0.0268927
831	-4.22354	-inf	-7.02286	0.99991	0	8.96293e-05	0.0273987
852	-4.01257	-inf	-6.32947	0.999855	0	0.00014519	0.0278498
853	-3.95735	-inf	-8.03552	0.999975	0	2.49505e-05	0.0268737
854	-3.96829	-inf	-6.32959	0.999861	0	0.000138887	0.0277986
855	-4.28528	-inf	-6.93517	0.999896	0	0.000104074	0.027516
856	-4.79212	-inf	-7.51229	0.999903	0	9.70113e-05	0.0274586
857	-4.90389	-inf	-8.35007	0.999953	0	4.69399e-05	0.0270522
858	-4.7255	-inf	-6.83776	0.999822	0	0.000178156	0.0281174
859	-4.70673	-inf	-6.9205	0.999839	0	0.000160962	0.0279778
860	-4.10708	-inf	-7.54784	0.999953	0	4.71951e-05	0.0270542
861	-4.49288	-inf	-6.90828	0.999868	0	0.000131573	0.0277392
862	-3.60794	-inf	-7.46633	0.999969	0	3.10834e-05	0.0269234
863	-9.33935	-inf	-13.0219	0.999963	0	3.70574e-05	0.0269719
864	-4.10708	-inf	-7.54784	0.999953	0	4.71951e-05	0.0270542
865	-4.52113	-inf	-6.03874	0.999677	0	0.000322841	0.0292919
866	-3.69441	-inf	-7.54097	0.999969	0	3.14532e-05	0.0269264
867	-4.307	-inf	-7.02135	0.999902	0	9.75776e-05	0.0274632
868	-4.98742	-inf	-7.18693	0.999837	0	0.000163273	0.0279966
869	-4.02266	-inf	-6.84021	0.999912	0	8.80104e-05	0.0273856
870	-3.27706	-inf	-6.34286	0.999931	0	6.86647e-05	0.0272285
871	-5.10052	-inf	-7.98319	0.999918	0	8.24629e-05	0.0273405
872	-4.45787	-inf	-5.83084	0.999627	0	0.000373063	0.0296996
873	-4.21527	-inf	-6.90912	0.9999	0	9.95986e-05	0.0274796
874	-3.32394	-inf	-6.43784	0.999935	0	6.54403e-05	0.0272024
875	-4.70673	-inf	-6.9205	0.999839	0	0.000160962	0.0279778
876	-4.21527	-inf	-6.90912	0.9999	0	9.95986e-05	0.0274796
877	-4.70673	-inf	-6.9205	0.999839	0	0.000160962	0.0279778
878	-4.307	-inf	-7.02135	0.999902	0	9.75776e-05	0.0274632
879	-4.02266	-inf	-6.84021	0.999912	0	8.80104e-05	0.0273856
880	-4.26324	-inf	-7.03104	0.999908	0	9.24993e-05	0.027422
881	-4.78389	-inf	-7.00328	0.99984	0	0.00016006	0.0279705
882	-4.02266	-inf	-6.84021	0.999912	0	8.80104e-05	0.0273856
883	-4.7255	-inf	-6.83776	0.999822	0	0.000178156	0.0281174
884	-4.70673	-inf	-6.9205	0.999839	0	0.000160962	0.0279778
885	-3.97743	-inf	-6.78324	0.999911	0	8.90501e-05	0.027394
886	-12.541	-inf	-15.2298	0.9999	0	0.0001001	0.0274837
887	-4.70673	-inf	-6.9205	0.999839	0	0.000160962	0.0279778
888	-3.27706	-inf	-6.34286	0.999931	0	6.86647e-05	0.0272285
889	-4.7407	-inf	-7.85342	0.999934	0	6.55169e-05	0.027203
890	-4.4235	-inf	-6.62087	0.999836	0	0.000163624	0.0279994
891	-4.42672	-inf	-6.6081	0.999834	0	0.00016626	0.0280208
892	-4.32754	-inf	-6.91914	0.99989	0	0.000110319	0.0275667
893	-4.63457	-inf	-6.84904	0.999839	0	0.00016085	0.0279769
894	-4.70673	-inf	-6.9205	0.999839	0	0.000160962	0.0279778
895	-4.02266	-inf	-6.84021	0.999912	0	8.80104e-05	0.0273856
896	-4.78389	-inf	-7.00328	0.99984	0	0.00016006	0.0279705
897	-4.90389	-inf	-8.35007	0.999953	0	4.69399e-05	0.0270522
898	-4.28528	-inf	-6.93517	0.999896	0	0.000104074	0.027516
899	-4.4235	-inf	-6.62087	0.999836	0	0.000163624	0.0279994
900	-11.2103	-inf	-9.48557	0.991802	0	0.00819789	0.0932211
901	-4.28528	-inf	-6.93517	0.999896	0	0.000104074	0.027516
902	-4.7407	-inf	-7.85342	0.999934	0	6.55169e-05	0.027203
903	-4.78389	-inf	-7.00328	0.99984	0	0.00016006	0.0279705
904	-4.18173	-inf	-7.29537	0.999935	0	6.54564e-05	0.0272025
905	-4.35963	-inf	-6.97108	0.999892	0	0.000108152	0.0275491
906	-4.70632	-inf	-8.00754	0.999946	0	5.42622e-05	0.0271116
907	-4.35963	-inf	-6.97108	0.999892	0	0.000108152	0.0275491
908	-3.66036	-inf	-7.96769	0.99998	0	1.98409e-05	0.0268322
909	-4.42672	-inf	-6.6081	0.999834	0	0.00016626	0.0280208
910	-4.24236	-inf	-7.76283	0.999956	0	4.35795e-05	0.0270249
911	-3.65292	-inf	-7.48953	0.999968	0	3.17678e-05	0.026929
912	-4.33579	-inf	-7.01514	0.999899	0	0.000101053	0.0274915
913	-4.16678	-inf	-7.63627	0.999954	0	4.58582e-05	0.0270434
914	-4.44208	-inf	-7.13295	0.9999	0	9.98952e-05	0.0274821
915	-4.4235	-inf	-6.62087	0.999836	0	0.000163624	0.0279994
916	-4.10708	-inf	-7.54784	0.999953	0	4.71951e-05	0.0270542
917	-9.46649	-inf	-11.6901	0.999841	0	0.000159386	0.027965
918	-4.42672	-inf	-6.6081	0.999834	0	0.00016626	0.0280208
920	-7.53989	-inf	-11.2932	0.999965	0	3.45287e-05	0.0269514
921	-4.44208	-inf	-7.13295	0.9999	0	9.98952e-05	0.0274821
922	-4.78389	-inf	-7.00328	0.99984	0	0.00016006	0.0279705
923	-4.02266	-inf	-6.84021	0.999912	0	8.80104e-05	0.0273856
924	-4.16678	-inf	-7.63627	0.999954	0	4.58582e-05	0.0270434
925	-18.134	-inf	-20.959	0.999913	0	8.73549e-05	0.0273803
926	-3.74003	-inf	-7.57967	0.999968	0	3.16717e-05	0.0269282
927	-4.72985	-inf	-7.32307	0.99989	0	0.000110142	0.0275652
928	-4.10104	-inf	-7.38979	0.999945	0	5.49425e-05	0.0271171
929	-3.65292	-inf	-7.48953	0.999968	0	3.17678e-05	0.026929
930	-3.95735	-inf	-8.03552	0.999975	0	2.49505e-05	0.0268737
931	-4.38373	-inf	-7.11398	0.999904	0	9.60388e-05	0.0274508
932	-7.28468	-inf	-11.133	0.999969	0	3.13965e-05	0.026926
933	-4.7255	-inf	-6.83776	0.999822	0	0.000178156	0.0281174
934	-4.65104	-inf	-7.7719	0.999935	0	6.49858e-05	0.0271987
935	-4.21527	-inf	-6.90912	0.9999	0	9.95986e-05	0.0274796
936	-4.02266	-inf	-6.84021	0.999912	0	8.80104e-05	0.0273856
937	-4.72985	-inf	-7.32307	0.99989	0	0.000110142	0.0275652
938	-4.50514	-inf	-7.22406	0.999903	0	9.71327e-05	0.0274596
939	-4.10104	-inf	-7.38979	0.999945	0	5.49425e-05	0.0271171
940	-4.38373	-inf	-7.11398	0.999904	0	9.60388e-05	0.0274508
941	-4.50514	-inf	-7.22406	0.999903	0	9.71327e-05	0.0274596
942	-4.35181	-inf	-6.57773	0.999841	0	0.000159018	0.027962
943	-4.18173	-inf	-7.29537	0.999935	0	6.54564e-05	0.0272025
944	-11.572	-inf	-14.8666	0.999945	0	5.46215e-05	0.0271145
945	-3.27706	-inf	-6.34286	0.999931	0	6.86647e-05	0.0272285
946	-4.58033	-inf	-7.3041	0.999903	0	9.66624e-05	0.0274558
947	-4.63457	-inf	-6.84904	0.999839	0	0.00016085	0.0279769
948	-4.10708	-inf	-7.54784	0.999953	0	4.71951e-05	0.0270542
949	-3.69441	-inf	-7.54097	0.999969	0	3.14532e-05	0.0269264
950	-4.42672	-inf	-6.6081	0.999834	0	0.00016626	0.0280208
951	-4.79212	-inf	-7.51229	0.999903	0	9.70113e-05	0.0274586
952	-4.24236	-inf	-7.76283	0.999956	0	4.35795e-05	0.0270249
953	-4.70632	-inf	-8.00754	0.999946	0	5.42622e-05	0.0271116
954	-3.27706	-inf	-6.34286	0.999931	0	6.86647e-05	0.0272285
955	-4.45787	-inf	-5.83084	0.999627	0	0.000373063	0.0296996
956	-4.307	-inf	-7.02135	0.999902	0	9.75776e-05	0.0274632
957	-4.15537	-inf	-6.89437	0.999905	0	9.52018e-05	0.027444
958	-3.95735	-inf	-8.03552	0.999975	0	2.49505e-05	0.0268737
959	-3.74003	-inf	-7.57967	0.999968	0	3.16717e-05	0.0269282
960	-4.44208	-inf	-7.13295	0.9999	0	9.98952e-05	0.0274821
961	-4.33579	-inf	-7.01514	0.999899	0	0.000101053	0.0274915
962	-5.10052	-inf	-7.98319	0.999918	0	8.24629e-05	0.0273405
963	-4.78037	-inf	-6.85285	0.999815	0	0.000185384	0.0281761
964	-4.72985	-inf	-7.32307	0.99989	0	0.000110142	0.0275652
965	-7.72326	-inf	-10.4118	0.9999	0	0.000100134	0.027484
966	-4.45789	-inf	-7.78729	0.999947	0	5.27539e-05	0.0270994
967	-10.6437	-inf	-13.3589	0.999903	0	9.74896e-05	0.0274625
968	-9.14329	-inf	-11.6011	0.999874	0	0.000126116	0.0276949
969	-4.58033	-inf	-7.3041	0.999903	0	9.66624e-05	0.0274558
970	-4.33579	-inf	-7.01514	0.999899	0	0.000101053	0.0274915
971	-4.91858	-inf	-7.05777	0.999827	0	0.000173422	0.0280789
972	-4.70632	-inf	-8.00754	0.999946	0	5.42622e-05	0.0271116
973	-4.6603	-inf	-7.90406	0.999943	0	5.74708e-05	0.0271377
974	-3.95735	-inf	-8.03552	0.999975	0	2.49505e-05	0.0268737
975	-7.72104	-inf	-10.4597	0.999905	0	9.52375e-05	0.0274442
976	-4.38373	-inf	-7.11398	0.999904	0	9.60388e-05	0.0274508
977	-4.50514	-inf	-7.22406	0.999903	0	9.71327e-05	0.0274596
978	-4.78037	-inf	-6.85285	0.999815	0	0.000185384	0.0281761
979	-3.60794	-inf	-7.46633	0.999969	0	3.10834e-05	0.0269234
980	-3.95735	-inf	-8.03552	0.999975	0	2.49505e-05	0.0268737
981	-4.38373	-inf	-7.11398	0.999904	0	9.60388e-05	0.0274508
982	-4.32754	-inf	-6.91914	0.99989	0	0.000110319	0.0275667
983	-4.6603	-inf	-7.90406	0.999943	0	5.74708e-05	0.0271377
984	-3.66036	-inf	-7.96769	0.99998	0	1.98409e-05	0.0268322
985	-3.95735	-inf	-8.03552	0.999975	0	2.49505e-05	0.0268737
986	-4.15537	-inf	-6.89437	0.999905	0	9.52018e-05	0.027444
987	-9.68667	-inf	-12.7182	0.999929	0	7.10565e-05	0.0272479
988	-3.96829	-inf	-6.32959	0.999861	0	0.000138887	0.0277986
989	-3.87857	-inf	-7.57029	0.999963	0	3.67206e-05	0.0269692
990	-3.60794	-inf	-7.46633	0.999969	0	3.10834e-05	0.0269234
991	-5.15595	-inf	-8.27611	0.999935	0	6.50312e-05	0.027199
992	-10.6305	-inf	-13.1936	0.999886	0	0.000113506	0.0275925
993	-4.53183	-inf	-7.13343	0.999891	0	0.000109222	0.0275578
994	-4.35963	-inf	-6.97108	0.999892	0	0.000108152	0.0275491
995	-4.32754	-inf	-6.91914	0.99989	0	0.000110319	0.0275667
996	-3.74003	-inf	-7.57967	0.999968	0	3.16717e-05	0.0269282
997	-3.95735	-inf	-8.03552	0.999975	0	2.49505e-05	0.0268737
998	-4.53183	-inf	-7.13343	0.999891	0	0.000109222	0.0275578
999	-7.54545	-inf	-11.3052	0.999966	0	3.43061e-05	0.0269496
1000	-4.7407	-inf	-7.85342	0.999934	0	6.55169e-05	0.027203
1001	-4.38373	-inf	-7.11398	0.999904	0	9.60388e-05	0.0274508
1002	-9.6403	-inf	-12.2318	0.99989	0	0.000110331	0.0275668
1003	-4.78037	-inf	-6.85285	0.999815	0	0.000185384	0.0281761
1004	-4.50514	-inf	-7.22406	0.999903	0	9.71327e-05	0.0274596
1005	-4.28528	-inf	-6.93517	0.999896	0	0.000104074	0.027516
1006	-4.03028	-inf	-8.15024	0.999976	0	2.39297e-05	0.0268654
1007	-3.74003	-inf	-7.57967	0.999968	0	3.16717e-05	0.0269282
1008	-10.4505	-inf	-13.0425	0.99989	0	0.000110272	0.0275663
1009	-3.74003	-inf	-7.57967	0.999968	0	3.16717e-05	0.0269282
1010	-4.33579	-inf	-7.01514	0.999899	0	0.000101053	0.0274915
1011	-3.27706	-inf	-6.34286	0.999931	0	6.86647e-05	0.0272285
1012	-3.60794	-inf	-7.46633	0.999969	0	3.10834e-05	0.0269234
1013	-4.35963	-inf	-6.97108	0.999892	0	0.000108152	0.0275491
1014	-10.5741	-inf	-13.8621	0.999945	0	5.49845e-05	0.0271175
1015	-4.42672	-inf	-6.6081	0.999834	0	0.00016626	0.0280208
1016	-3.32394	-inf	-6.43784	0.999935	0	6.54403e-05	0.0272024
1017	-3.60794	-inf	-7.46633	0.999969	0	3.10834e-05	0.0269234
1018	-4.18173	-inf	-7.29537	0.999935	0	6.54564e-05	0.0272025
1019	-4.307	-inf	-7.02135	0.999902	0	9.75776e-05	0.0274632
1020	-4.7407	-inf	-7.85342	0.999934	0	6.55169e-05	0.027203
1021	-10.7983	-inf	-13.881	0.999932	0	6.75077e-05	0.0272191
1022	-4.02266	-inf	-6.84021	0.999912	0	8.80104e-05	0.0273856
1023	-9.93034	-inf	-12.1555	0.999841	0	0.000159139	0.027963
1024	-4.45787	-inf	-5.83084	0.999627	0	0.000373063	0.0296996
1025	-4.33151	-inf	-7.00304	0.999898	0	0.000101846	0.0274979
1034	-3.65909	-inf	-7.61712	0.999972	0	2.81356e-05	0.0268995
1035	-3.95735	-inf	-8.03552	0.999975	0	2.49505e-05	0.0268737
1036	-4.18173	-inf	-7.29537	0.999935	0	6.54564e-05	0.0272025
1037	-13.9388	-inf	-16.624	0.9999	0	0.000100463	0.0274867
1038	-4.70673	-inf	-6.9205	0.999839	0	0.000160962	0.0279778
1039	-4.90389	-inf	-8.35007	0.999953	0	4.69399e-05	0.0270522
1040	-4.45787	-inf	-5.83084	0.999627	0	0.000373063	0.0296996
1041	-5.22773	-inf	-7.73609	0.99988	0	0.000119894	0.0276444
1042	-4.10104	-inf	-7.38979	0.999945	0	5.49425e-05	0.0271171
1043	-4.7407	-inf	-7.85342	0.999934	0	6.55169e-05	0.027203
1044	-4.38373	-inf	-7.11398	0.999904	0	9.60388e-05	0.0274508
1045	-9.27789	-inf	-11.9934	0.999903	0	9.74674e-05	0.0274623
1046	-9.86279	-inf	-12.4544	0.99989	0	0.000110322	0.0275667
1047	-3.95735	-inf	-8.03552	0.999975	0	2.49505e-05	0.0268737
1048	-4.78389	-inf	-7.00328	0.99984	0	0.00016006	0.0279705
1049	-4.90389	-inf	-8.35007	0.999953	0	4.69399e-05	0.0270522
1050	-4.52113	-inf	-6.03874	0.999677	0	0.000322841	0.0292919
1051	-3.27706	-inf	-6.34286	0.999931	0	6.86647e-05	0.0272285
1052	-4.58033	-inf	-7.3041	0.999903	0	9.66624e-05	0.0274558
1053	-4.78389	-inf	-7.00328	0.99984	0	0.00016006	0.0279705
1054	-4.52113	-inf	-6.03874	0.999677	0	0.000322841	0.0292919
1055	-4.38373	-inf	-7.11398	0.999904	0	9.60388e-05	0.0274508
1056	-3.69441	-inf	-7.54097	0.999969	0	3.14532e-05	0.0269264
1057	-5.10052	-inf	-7.98319	0.999918	0	8.24629e-05	0.0273405
1058	-4.90389	-inf	-8.35007	0.999953	0	4.69399e-05	0.0270522
1059	-4.45787	-inf	-5.83084	0.999627	0	0.000373063	0.0296996
1060	-8.74347	-inf	-11.4398	0.999901	0	9.93544e-05	0.0274777
1061	-4.52113	-inf	-6.03874	0.999677	0	0.000322841	0.0292919
1062	-4.01257	-inf	-6.32947	0.999855	0	0.00014519	0.0278498
1063	-9.83747	-inf	-13.2032	0.999949	0	5.08697e-05	0.0270841
1064	-9.33935	-inf	-13.0219	0.999963	0	3.70574e-05	0.0269719
1065	-4.21527	-inf	-6.90911	0.9999	0	9.96001e-05	0.0274797
1066	-8.30012	-inf	-11.4187	0.999935	0	6.51317e-05	0.0271998
1067	-8.94017	-inf	-11.311	0.999862	0	0.000137563	0.0277878
1068	-12.2357	-inf	-14.4883	0.999845	0	0.000154833	0.027928
1069	-3.95735	-inf	-8.03552	0.999975	0	2.49505e-05	0.0268737
1070	-3.95735	-inf	-8.03552	0.999975	0	2.49505e-05	0.0268737
1071	-9.2473	-inf	-11.9101	0.999897	0	0.000102743	0.0275052
1072	-4.98742	-inf	-7.18693	0.999837	0	0.000163273	0.0279966
1073	-12.094	-inf	-9.74001	0.98473	0	0.0152701	0.150633
1074	-5.22773	-inf	-7.73609	0.99988	0	0.000119894	0.0276444
1075	-4.01257	-inf	-6.32947	0.999855	0	0.00014519	0.0278498
1076	-3.96829	-inf	-6.32959	0.999861	0	0.000138887	0.0277986
1077	-3.27706	-inf	-6.34286	0.999931	0	6.86647e-05	0.0272285
1078	-27.6376	-inf	-29.9613	0.999856	0	0.000144208	0.0278418
1079	-4.7255	-inf	-6.83776	0.999822	0	0.000178156	0.0281174
1080	-3.87857	-inf	-7.57029	0.999963	0	3.67206e-05	0.0269692
1081	-3.74003	-inf	-7.57967	0.999968	0	3.16717e-05	0.0269282
1082	-4.24236	-inf	-7.76283	0.999956	0	4.35795e-05	0.0270249
1083	-4.35181	-inf	-6.57773	0.999841	0	0.000159018	0.027962
1084	-3.95735	-inf	-8.03552	0.999975	0	2.49505e-05	0.0268737
1085	-5.02955	-inf	-8.11481	0.999933	0	6.73412e-05	0.0272178
1086	-11.0448	-inf	-13.6788	0.999894	0	0.00010574	0.0275295
1087	-9.14127	-inf	-11.1306	0.999799	0	0.000201445	0.0283064
1088	-4.03028	-inf	-8.15024	0.999976	0	2.39297e-05	0.0268654
1089	-3.87857	-inf	-7.57029	0.999963	0	3.67206e-05	0.0269692
1090	-28.6546	-inf	-25.5859	0.969284	0	0.0307163	0.276024
1091	-4.24236	-inf	-7.76283	0.999956	0	4.35795e-05	0.0270249
1092	-5.10052	-inf	-7.98319	0.999918	0	8.24629e-05	0.0273405
1093	-14.657	-inf	-18.4072	0.999965	0	3.46338e-05	0.0269523
1094	-16.5463	-inf	-19.7718	0.999941	0	5.85335e-05	0.0271463
1095	-4.16678	-inf	-7.63627	0.999954	0	4.58582e-05	0.0270434
1096	-9.654	-inf	-12.8395	0.999939	0	6.0919e-05	0.0271657
1097	-4.90389	-inf	-8.35007	0.999953	0	4.69399e-05	0.0270522
1098	-20.075	-inf	-22.8901	0.999912	0	8.82306e-05	0.0273874
1099	-5.22773	-inf	-7.73609	0.99988	0	0.000119894	0.0276444
1100	-5.35837	-inf	-7.89488	0.999883	0	0.000116567	0.0276174
1101	-20.4788	-inf	-22.8508	0.999863	0	0.00013741	0.0277866
1102	-4.21527	-inf	-6.90912	0.9999	0	9.95986e-05	0.0274796
1103	-3.27706	-inf	-6.34286	0.999931	0	6.86647e-05	0.0272285
1104	-3.97743	-inf	-6.78324	0.999911	0	8.90501e-05	0.027394
1105	-3.87857	-inf	-7.57029	0.999963	0	3.67206e-05	0.0269692
1106	-4.18173	-inf	-7.29537	0.999935	0	6.54564e-05	0.0272025
1107	-9.05937	-inf	-13.2189	0.999977	0	2.30006e-05	0.0268578
1108	-4.42672	-inf	-6.6081	0.999834	0	0.00016626	0.0280208
1109	-10.5507	-inf	-12.7677	0.99984	0	0.000160442	0.0279736
1110	-10.0456	-inf	-14.2905	0.999979	0	2.11205e-05	0.0268426
1111	-4.7255	-inf	-6.83776	0.999822	0	0.000178156	0.0281174
1112	-3.60794	-inf	-7.46633	0.999969	0	3.10834e-05	0.0269234
1113	-6.64132	-inf	-10.3195	0.999963	0	3.72198e-05	0.0269733
1114	-3.69441	-inf	-7.54097	0.999969	0	3.14532e-05	0.0269264
1115	-4.02266	-inf	-6.84021	0.999912	0	8.80104e-05	0.0273856
1116	-4.28528	-inf	-6.93517	0.999896	0	0.000104074	0.027516
1117	-4.44208	-inf	-7.13295	0.9999	0	9.98952e-05	0.0274821
1118	-10.3656	-inf	-13.0983	0.999904	0	9.5804e-05	0.0274488
1119	-13.2683	-inf	-17.0185	0.999965	0	3.4635e-05	0.0269523
1120	-4.03028	-inf	-8.15024	0.999976	0	2.39297e-05	0.0268654
1121	-3.74003	-inf	-7.57967	0.999968	0	3.16717e-05	0.0269282
1122	-4.24236	-inf	-7.76283	0.999956	0	4.35795e-05	0.0270249
1123	-16.7922	-inf	-19.5259	0.999904	0	9.57091e-05	0.0274481
1124	-14.5356	-inf	-17.2745	0.999905	0	9.52108e-05	0.027444
1125	-4.10708	-inf	-7.54784	0.999953	0	4.71951e-05	0.0270542
1126	-4.98742	-inf	-7.18693	0.999837	0	0.000163273	0.0279966
1127	-4.45787	-inf	-5.83084	0.999627	0	0.000373063	0.0296996
1128	-12.3678	-inf	-15.0172	0.999896	0	0.000104126	0.0275164
1129	-4.307	-inf	-7.02135	0.999902	0	9.75776e-05	0.0274632
1130	-4.307	-inf	-7.02135	0.999902	0	9.75776e-05	0.0274632
1131	-4.58033	-inf	-7.3041	0.999903	0	9.66624e-05	0.0274558
1132	-3.95735	-inf	-8.03552	0.999975	0	2.49505e-05	0.0268737
1133	-3.87857	-inf	-7.57029	0.999963	0	3.67206e-05	0.0269692
1134	-4.90389	-inf	-8.35007	0.999953	0	4.69399e-05	0.0270522
1135	-4.02266	-inf	-6.84021	0.999912	0	8.80104e-05	0.0273856
1136	-12.8402	-inf	-16.5112	0.999963	0	3.74886e-05	0.0269754
1137	-4.45787	-inf	-5.83084	0.999627	0	0.000373063	0.0296996
1138	-3.74003	-inf	-7.57967	0.999968	0	3.16717e-05	0.0269282
1139	-24.8109	-inf	-22.5895	0.986601	0	0.0133987	0.135441
1140	-4.24236	-inf	-7.76283	0.999956	0	4.35795e-05	0.0270249
1141	-4.65104	-inf	-7.7719	0.999935	0	6.49858e-05	0.0271987
1142	-3.69441	-inf	-7.54097	0.999969	0	3.14532e-05	0.0269264
1143	-4.44208	-inf	-7.13295	0.9999	0	9.98952e-05	0.0274821
1144	-3.74003	-inf	-7.57967	0.999968	0	3.16717e-05	0.0269282
1145	-3.74003	-inf	-7.57967	0.999968	0	3.16717e-05	0.0269282
1146	-3.69441	-inf	-7.54097	0.999969	0	3.14532e-05	0.0269264
1147	-4.21527	-inf	-6.90912	0.9999	0	9.95986e-05	0.0274796
1148	-4.45787	-inf	-5.83084	0.999627	0	0.000373063	0.0296996
1149	-4.79212	-inf	-7.51229	0.999903	0	9.70113e-05	0.0274586
1150	-3.74003	-inf	-7.57967	0.999968	0	3.16717e-05	0.0269282
1151	-4.03028	-inf	-8.15024	0.999976	0	2.39297e-05	0.0268654
1152	-3.96829	-inf	-6.32959	0.999861	0	0.000138887	0.0277986
1153	-3.74003	-inf	-7.57967	0.999968	0	3.16717e-05	0.0269282
