Sites	Ll_YN98.omega=0.00188235	Ll_YN98.omega=0.00606296	Ll_YN98.omega=0.0207407	Ll_YN98.omega=0.109606	Pr_YN98.omega=0.00188235	Pr_YN98.omega=0.00606296	Pr_YN98.omega=0.0207407	Pr_YN98.omega=0.109606	mean
1	-4.09612	-4.09752	-4.10243	-4.13216	0.252722	0.252369	0.251133	0.243776	0.0339338
2	-4.09613	-4.09754	-4.1025	-4.13252	0.252749	0.252392	0.251143	0.243716	0.0339277
3	-3.21451	-3.2158	-3.22035	-3.24789	0.252522	0.252195	0.25105	0.244232	0.0339807
4	-3.68202	-3.68366	-3.68942	-3.72427	0.253189	0.252774	0.251323	0.242714	0.0338247
5	-4.75511	-4.75623	-4.76017	-4.78401	0.252185	0.251902	0.250912	0.245002	0.0340598
6	-17.2946	-16.1261	-14.9003	-13.26	0.0139473	0.0448715	0.152878	0.788303	0.089872
7	-4.25784	-4.25897	-4.26293	-4.28688	0.252195	0.251911	0.250916	0.244977	0.0340573
8	-3.6379	-3.63954	-3.64532	-3.68029	0.2532	0.252783	0.251327	0.24269	0.0338222
9	-4.25784	-4.25897	-4.26293	-4.28688	0.252195	0.251911	0.250916	0.244977	0.0340573
10	-4.16373	-4.16501	-4.16949	-4.19666	0.252488	0.252166	0.251037	0.244309	0.0339886
11	-5.06918	-5.07036	-5.07452	-5.09966	0.252304	0.252005	0.250961	0.24473	0.0340318
12	-4.11869	-4.12014	-4.12521	-4.15588	0.252809	0.252444	0.251168	0.243579	0.0339136
13	-4.87497	-4.8764	-4.8814	-4.91166	0.252771	0.252411	0.251152	0.243665	0.0339225
14	-4.38819	-4.3891	-4.39228	-4.41155	0.251767	0.251539	0.250739	0.245954	0.0341576
15	-4.09613	-4.09755	-4.10254	-4.13275	0.252766	0.252407	0.25115	0.243677	0.0339236
16	-3.91501	-3.91674	-3.92281	-3.95951	0.253357	0.25292	0.251391	0.242332	0.0337855
17	-3.26061	-3.26194	-3.2666	-3.29481	0.252584	0.252249	0.251076	0.244092	0.0339663
18	-3.91501	-3.91674	-3.92281	-3.95951	0.253357	0.25292	0.251391	0.242332	0.0337855
19	-4.6963	-4.69761	-4.7022	-4.72999	0.252546	0.252215	0.25106	0.244179	0.0339752
20	-4.09613	-4.09755	-4.10254	-4.13275	0.252766	0.252407	0.25115	0.243677	0.0339236
21	-5.06968	-5.07087	-5.07505	-5.10035	0.252318	0.252018	0.250967	0.244697	0.0340284
22	-4.46083	-4.46197	-4.46597	-4.49019	0.252219	0.251932	0.250926	0.244923	0.0340517
23	-3.96093	-3.96189	-3.96525	-3.9856	0.251866	0.251625	0.25078	0.245728	0.0341344
24	-5.06968	-5.07087	-5.07505	-5.10035	0.252318	0.252018	0.250967	0.244697	0.0340284
25	-5.06968	-5.07087	-5.07505	-5.10035	0.252318	0.252018	0.250967	0.244697	0.0340284
26	-3.26061	-3.26194	-3.2666	-3.29481	0.252584	0.252249	0.251076	0.244092	0.0339663
27	-4.42028	-4.42084	-4.42282	-4.43478	0.251098	0.250957	0.250461	0.247484	0.0343147
28	-3.98544	-3.98719	-3.99334	-4.03058	0.253406	0.252962	0.251411	0.242221	0.033774
29	-4.53311	-4.53426	-4.53828	-4.56262	0.25223	0.251942	0.250931	0.244897	0.0340491
30	-5.18355	-5.18459	-5.18824	-5.21035	0.252027	0.251765	0.250847	0.245362	0.0340968
31	-5.06968	-5.07087	-5.07505	-5.10035	0.252318	0.252018	0.250967	0.244697	0.0340284
32	-4.61155	-4.61286	-4.61744	-4.64518	0.252541	0.252211	0.251058	0.244189	0.0339763
33	-3.98544	-3.98719	-3.99334	-4.03058	0.253406	0.252962	0.251411	0.242221	0.033774
34	-4.6963	-4.69761	-4.7022	-4.72999	0.252546	0.252215	0.25106	0.244179	0.0339752
35	-4.61155	-4.61286	-4.61744	-4.64518	0.252541	0.252211	0.251058	0.244189	0.0339763
36	-4.3889	-4.38981	-4.39301	-4.4124	0.251778	0.251549	0.250744	0.245929	0.034155
37	-4.87538	-4.87681	-4.88184	-4.9123	0.252789	0.252426	0.25116	0.243625	0.0339184
38	-4.98801	-4.9893	-4.99382	-5.02122	0.252509	0.252184	0.251045	0.244261	0.0339837
39	-4.19202	-4.1935	-4.19869	-4.23012	0.252877	0.252503	0.251196	0.243424	0.0338977
40	-4.65888	-4.6598	-4.66303	-4.68259	0.251794	0.251562	0.25075	0.245894	0.0341514
41	-5.06968	-5.07087	-5.07505	-5.10035	0.252318	0.252018	0.250967	0.244697	0.0340284
42	-4.75574	-4.75687	-4.76084	-4.78482	0.252198	0.251914	0.250917	0.244971	0.0340566
43	-3.68305	-3.6847	-3.69049	-3.72556	0.253209	0.252792	0.251331	0.242669	0.0338201
44	-4.29283	-4.2939	-4.29766	-4.32039	0.252084	0.251815	0.250871	0.245231	0.0340833
45	-5.06968	-5.07087	-5.07505	-5.10035	0.252318	0.252018	0.250967	0.244697	0.0340284
46	-4.25875	-4.25988	-4.26386	-4.28797	0.252209	0.251923	0.250922	0.244946	0.034054
47	-8.4417	-8.44277	-8.44654	-8.46934	0.25209	0.25182	0.250873	0.245217	0.0340819
48	-3.68305	-3.6847	-3.69049	-3.72556	0.253209	0.252792	0.251331	0.242669	0.0338201
49	-3.91759	-3.91857	-3.922	-3.94277	0.251904	0.251658	0.250796	0.245642	0.0341255
50	-11.6452	-11.6462	-11.6497	-11.6704	0.251904	0.251658	0.250796	0.245643	0.0341256
51	-3.6093	-3.61115	-3.61765	-3.657	0.253598	0.253129	0.251488	0.241785	0.0337293
52	-3.91759	-3.91857	-3.922	-3.94277	0.251904	0.251658	0.250796	0.245642	0.0341255
53	-3.26061	-3.26194	-3.2666	-3.29481	0.252584	0.252249	0.251076	0.244092	0.0339663
54	-3.26061	-3.26194	-3.2666	-3.29481	0.252584	0.252249	0.251076	0.244092	0.0339663
55	-3.2157	-3.217	-3.22158	-3.24929	0.252538	0.252209	0.251057	0.244196	0.033977
56	-3.2157	-3.217	-3.22158	-3.24929	0.252538	0.252209	0.251057	0.244196	0.033977
59	-4.53311	-4.53426	-4.53828	-4.56262	0.25223	0.251942	0.250931	0.244897	0.0340491
60	-4.31262	-4.31353	-4.31676	-4.33629	0.251791	0.25156	0.250749	0.2459	0.034152
61	-9.07304	-9.07435	-9.07894	-9.10672	0.252545	0.252215	0.25106	0.244181	0.0339755
62	-16.9792	-16.9804	-16.9844	-17.0088	0.25223	0.251942	0.250931	0.244897	0.034049
63	-4.33221	-4.33336	-4.33738	-4.3617	0.252229	0.251941	0.25093	0.2449	0.0340493
64	-4.61155	-4.61286	-4.61744	-4.64518	0.252541	0.252211	0.251058	0.244189	0.0339763
65	-3.26061	-3.26194	-3.2666	-3.29481	0.252584	0.252249	0.251076	0.244092	0.0339663
66	-4.11861	-4.11975	-4.12374	-4.14792	0.252216	0.251929	0.250925	0.24493	0.0340524
67	-4.11861	-4.11975	-4.12374	-4.14792	0.252216	0.251929	0.250925	0.24493	0.0340524
68	-4.42028	-4.42084	-4.42282	-4.43478	0.251098	0.250957	0.250461	0.247484	0.0343147
69	-3.2157	-3.217	-3.22158	-3.24929	0.252538	0.252209	0.251057	0.244196	0.033977
70	-3.2157	-3.217	-3.22158	-3.24929	0.252538	0.252209	0.251057	0.244196	0.033977
71	-3.26061	-3.26194	-3.2666	-3.29481	0.252584	0.252249	0.251076	0.244092	0.0339663
72	-4.25875	-4.25988	-4.26386	-4.28797	0.252209	0.251923	0.250922	0.244946	0.034054
73	-4.87538	-4.87681	-4.88184	-4.9123	0.252789	0.252426	0.25116	0.243625	0.0339184
74	-4.6963	-4.69761	-4.7022	-4.72999	0.252546	0.252215	0.25106	0.244179	0.0339752
75	-4.482	-4.48262	-4.4848	-4.498	0.251211	0.251055	0.250509	0.247225	0.0342882
76	-3.59968	-3.60132	-3.60708	-3.64193	0.253189	0.252774	0.251323	0.242714	0.0338248
77	-4.75574	-4.75687	-4.76084	-4.78482	0.252198	0.251914	0.250917	0.244971	0.0340566
78	-4.16135	-4.16249	-4.16649	-4.19069	0.252218	0.251931	0.250925	0.244927	0.034052
79	-3.55599	-3.55765	-3.56345	-3.59855	0.253212	0.252794	0.251332	0.242662	0.0338194
80	-5.06968	-5.07087	-5.07505	-5.10035	0.252318	0.252018	0.250967	0.244697	0.0340284
81	-4.87538	-4.87681	-4.88184	-4.9123	0.252789	0.252426	0.25116	0.243625	0.0339184
82	-3.98544	-3.98719	-3.99334	-4.03058	0.253406	0.252962	0.251411	0.242221	0.033774
83	-3.59968	-3.60132	-3.60708	-3.64193	0.253189	0.252774	0.251323	0.242714	0.0338248
84	-3.2157	-3.217	-3.22158	-3.24929	0.252538	0.252209	0.251057	0.244196	0.033977
85	-4.61155	-4.61286	-4.61744	-4.64518	0.252541	0.252211	0.251058	0.244189	0.0339763
86	-3.96327	-3.96446	-3.96865	-3.99395	0.252319	0.252018	0.250967	0.244696	0.0340284
87	-3.91759	-3.91857	-3.922	-3.94277	0.251904	0.251658	0.250796	0.245642	0.0341255
88	-3.2157	-3.217	-3.22158	-3.24929	0.252538	0.252209	0.251057	0.244196	0.033977
264	-4.25104	-4.25213	-4.25598	-4.27925	0.252133	0.251857	0.250891	0.245119	0.0340718
265	-4.16135	-4.16249	-4.16649	-4.19069	0.252218	0.251931	0.250925	0.244927	0.034052
266	-4.25104	-4.25213	-4.25598	-4.27925	0.252133	0.251857	0.250891	0.245119	0.0340718
267	-12.0287	-12.0296	-12.0328	-12.0522	0.251779	0.251549	0.250744	0.245928	0.0341549
268	-4.25104	-4.25213	-4.25598	-4.27925	0.252133	0.251857	0.250891	0.245119	0.0340718
269	-4.7327	-4.73362	-4.73687	-4.75653	0.251803	0.25157	0.250754	0.245873	0.0341493
270	-4.09635	-4.09825	-4.10492	-4.14533	0.253694	0.253212	0.251527	0.241566	0.0337068
271	-4.09635	-4.09825	-4.10492	-4.14533	0.253694	0.253212	0.251527	0.241566	0.0337068
272	-4.50418	-4.5057	-4.51105	-4.54344	0.252965	0.252579	0.251231	0.243225	0.0338772
273	-4.42773	-4.42896	-4.43328	-4.45942	0.252395	0.252085	0.250998	0.244522	0.0340105
274	-3.27852	-3.28026	-3.28639	-3.32344	0.25339	0.252948	0.251404	0.242258	0.0337779
275	-4.28256	-4.28403	-4.28917	-4.3203	0.25285	0.25248	0.251185	0.243486	0.033904
276	-4.63221	-4.63343	-4.6377	-4.66354	0.252368	0.252061	0.250987	0.244585	0.0340169
277	-4.70856	-4.70979	-4.71411	-4.74027	0.252397	0.252086	0.250999	0.244518	0.0340101
278	-4.21641	-4.21793	-4.22328	-4.25565	0.252963	0.252577	0.25123	0.24323	0.0338777
279	-8.49151	-8.49326	-8.49938	-8.53644	0.25339	0.252948	0.251404	0.242257	0.0337778
280	-6.02982	-6.0316	-6.03782	-6.07542	0.253441	0.252992	0.251423	0.242144	0.0337661
281	-4.09635	-4.09825	-4.10492	-4.14533	0.253694	0.253212	0.251527	0.241566	0.0337068
282	-7.06386	-7.06561	-7.07174	-7.10881	0.253392	0.25295	0.251404	0.242253	0.0337774
283	-3.27852	-3.28026	-3.28639	-3.32344	0.25339	0.252948	0.251404	0.242258	0.0337779
284	-4.63221	-4.63343	-4.6377	-4.66354	0.252368	0.252061	0.250987	0.244585	0.0340169
285	-4.15279	-4.15431	-4.15966	-4.192	0.252961	0.252576	0.25123	0.243234	0.0338782
286	-3.27852	-3.28026	-3.28639	-3.32344	0.25339	0.252948	0.251404	0.242258	0.0337779
287	-6.02982	-6.0316	-6.03782	-6.07542	0.253441	0.252992	0.251423	0.242144	0.0337661
288	-3.32561	-3.32738	-3.33362	-3.37135	0.253451	0.253001	0.251429	0.242119	0.0337636
289	-4.7248	-4.72596	-4.73004	-4.75475	0.252264	0.251971	0.250944	0.244821	0.0340412
290	-3.97023	-3.97154	-3.97613	-4.00391	0.252544	0.252214	0.251059	0.244182	0.0339756
291	-16.5991	-16.6006	-16.6058	-16.6377	0.252917	0.252538	0.251212	0.243334	0.0338884
292	-4.21641	-4.21793	-4.22328	-4.25565	0.252963	0.252577	0.25123	0.24323	0.0338777
293	-3.27852	-3.28026	-3.28639	-3.32344	0.25339	0.252948	0.251404	0.242258	0.0337779
294	-8.65062	-8.65237	-8.65849	-8.69555	0.25339	0.252948	0.251404	0.242258	0.0337778
295	-27.3879	-27.3891	-27.3935	-27.4197	0.252403	0.252092	0.251002	0.244504	0.0340086
296	-3.32561	-3.32738	-3.33362	-3.37135	0.253451	0.253001	0.251429	0.242119	0.0337636
297	-4.78639	-4.78763	-4.79197	-4.81827	0.252409	0.252097	0.251004	0.24449	0.0340072
298	-4.15279	-4.15431	-4.15966	-4.192	0.252961	0.252576	0.25123	0.243234	0.0338782
299	-10.0161	-10.0173	-10.0217	-10.0479	0.252403	0.252092	0.251002	0.244504	0.0340086
300	-6.91919	-6.92095	-6.92715	-6.96461	0.253427	0.25298	0.251418	0.242174	0.0337693
301	-8.80423	-8.80598	-8.81213	-8.84932	0.253403	0.252959	0.251409	0.242229	0.0337748
302	-3.27852	-3.28026	-3.28639	-3.32344	0.25339	0.252948	0.251404	0.242258	0.0337779
303	-3.27852	-3.28026	-3.28639	-3.32344	0.25339	0.252948	0.251404	0.242258	0.0337779
304	-30.1552	-30.1566	-30.1615	-30.191	0.252704	0.252353	0.251125	0.243819	0.0339383
305	-4.7248	-4.72596	-4.73004	-4.75475	0.252264	0.251971	0.250944	0.244821	0.0340412
306	-4.09635	-4.09825	-4.10492	-4.14533	0.253694	0.253212	0.251527	0.241566	0.0337068
307	-3.97024	-3.97154	-3.97613	-4.00391	0.252544	0.252214	0.251059	0.244182	0.0339756
308	-3.27852	-3.28026	-3.28639	-3.32344	0.25339	0.252948	0.251404	0.242258	0.0337779
309	-3.27852	-3.28026	-3.28639	-3.32344	0.25339	0.252948	0.251404	0.242258	0.0337779
509	-3.32561	-3.32738	-3.33362	-3.37135	0.253451	0.253001	0.251429	0.242119	0.0337636
510	-3.32561	-3.32738	-3.33362	-3.37135	0.253451	0.253001	0.251429	0.242119	0.0337636
511	-4.01489	-4.01617	-4.02067	-4.04789	0.252494	0.25217	0.251039	0.244297	0.0339874
512	-3.32561	-3.32738	-3.33362	-3.37135	0.253451	0.253001	0.251429	0.242119	0.0337636
513	-3.69129	-3.6935	-3.70128	-3.74834	0.254299	0.253736	0.25177	0.240196	0.0335659
514	-4.72399	-4.72541	-4.7304	-4.76061	0.252765	0.252406	0.25115	0.243678	0.0339238
515	-4.33439	-4.33589	-4.34116	-4.37303	0.252918	0.252539	0.251212	0.243331	0.0338881
516	-3.59913	-3.60129	-3.60885	-3.6546	0.25418	0.253633	0.251722	0.240464	0.0335935
517	-3.64433	-3.64647	-3.65398	-3.6994	0.25415	0.253607	0.25171	0.240532	0.0336005
518	-3.27204	-3.27374	-3.27971	-3.31583	0.253304	0.252874	0.251369	0.242453	0.0337979
519	-3.31891	-3.32064	-3.32672	-3.36349	0.253364	0.252926	0.251393	0.242317	0.033784
520	-3.69129	-3.6935	-3.70128	-3.74834	0.254299	0.253736	0.25177	0.240196	0.0335659
521	-3.27852	-3.28026	-3.28639	-3.32344	0.25339	0.252948	0.251404	0.242258	0.0337779
522	-4.46082	-4.46158	-4.46422	-4.48022	0.251468	0.251279	0.250615	0.246638	0.0342279
523	-3.65445	-3.65693	-3.66563	-3.71824	0.254802	0.254172	0.251971	0.239055	0.0334487
524	-4.15279	-4.15432	-4.15966	-4.192	0.252961	0.252576	0.25123	0.243234	0.0338782
525	-3.27852	-3.28026	-3.28639	-3.32344	0.25339	0.252948	0.251404	0.242258	0.0337779
526	-4.15279	-4.15432	-4.15966	-4.192	0.252961	0.252576	0.25123	0.243234	0.0338782
527	-4.52387	-4.5247	-4.52762	-4.54527	0.251619	0.25141	0.250678	0.246293	0.0341924
528	-3.27852	-3.28026	-3.28639	-3.32344	0.25339	0.252948	0.251404	0.242258	0.0337779
529	-9.87025	-9.872	-9.87812	-9.91518	0.25339	0.252948	0.251404	0.242258	0.0337779
530	-3.27852	-3.28026	-3.28639	-3.32344	0.25339	0.252948	0.251404	0.242258	0.0337779
540	-3.32561	-3.32738	-3.33362	-3.37135	0.253451	0.253001	0.251429	0.242119	0.0337636
541	-8.65062	-8.65237	-8.65849	-8.69555	0.25339	0.252948	0.251404	0.242258	0.0337778
551	-3.27852	-3.28026	-3.28639	-3.32344	0.25339	0.252948	0.251404	0.242258	0.0337779
552	-3.27852	-3.28026	-3.28639	-3.32344	0.25339	0.252948	0.251404	0.242258	0.0337779
553	-3.27852	-3.28026	-3.28639	-3.32344	0.25339	0.252948	0.251404	0.242258	0.0337779
554	-3.32418	-3.32595	-3.33215	-3.36968	0.253432	0.252985	0.251421	0.242161	0.0337679
555	-12.2697	-12.2714	-12.2776	-12.3149	0.253408	0.252964	0.25141	0.242218	0.0337738
556	-3.27714	-3.27888	-3.28497	-3.32182	0.253372	0.252932	0.251396	0.2423	0.0337821
557	-25.6555	-24.4876	-23.2638	-21.636	0.0141202	0.0454013	0.154365	0.786114	0.0896665
558	-12.5457	-12.5475	-12.5536	-12.5909	0.253408	0.252964	0.251411	0.242218	0.0337737
559	-10.7556	-10.7574	-10.7636	-10.801	0.253421	0.252975	0.251415	0.24219	0.0337708
560	-3.27714	-3.27888	-3.28497	-3.32182	0.253372	0.252932	0.251396	0.2423	0.0337821
561	-3.27714	-3.27888	-3.28497	-3.32182	0.253372	0.252932	0.251396	0.2423	0.0337821
562	-3.27714	-3.27888	-3.28497	-3.32182	0.253372	0.252932	0.251396	0.2423	0.0337821
563	-19.8609	-19.8626	-19.8687	-19.9057	0.253385	0.252944	0.251402	0.242269	0.033779
565	-11.1156	-11.1174	-11.1235	-11.1608	0.253406	0.252962	0.25141	0.242222	0.0337742
566	-3.30093	-3.30255	-3.30824	-3.34263	0.253147	0.252738	0.251305	0.24281	0.0338346
572	-3.21243	-3.21347	-3.21712	-3.23924	0.252027	0.251765	0.250847	0.245361	0.0340966
573	-20.1251	-20.1261	-20.1296	-20.151	0.251959	0.251706	0.250819	0.245516	0.0341126
574	-12.7411	-12.7428	-12.7489	-12.7858	0.253374	0.252935	0.251397	0.242294	0.0337816
575	-3.27714	-3.27888	-3.28497	-3.32182	0.253372	0.252932	0.251396	0.2423	0.0337821
577	-10.1771	-10.1787	-10.1845	-10.2195	0.253197	0.252781	0.251325	0.242697	0.0338229
578	-17.4351	-17.4369	-17.4431	-17.4803	0.253407	0.252963	0.25141	0.24222	0.033774
579	-3.27714	-3.27888	-3.28497	-3.32182	0.253372	0.252932	0.251396	0.2423	0.0337821
583	-3.27714	-3.27888	-3.28497	-3.32182	0.253372	0.252932	0.251396	0.2423	0.0337821
584	-3.27714	-3.27888	-3.28497	-3.32182	0.253372	0.252932	0.251396	0.2423	0.0337821
585	-6.01661	-6.01835	-6.02445	-6.06135	0.253377	0.252937	0.251397	0.242289	0.033781
586	-3.27714	-3.27888	-3.28497	-3.32182	0.253372	0.252932	0.251396	0.2423	0.0337821
587	-11.208	-11.2098	-11.216	-11.2533	0.253421	0.252975	0.251415	0.242188	0.0337707
588	-3.27714	-3.27888	-3.28497	-3.32182	0.253372	0.252932	0.251396	0.2423	0.0337821
589	-3.27714	-3.27888	-3.28497	-3.32182	0.253372	0.252932	0.251396	0.2423	0.0337821
590	-3.27714	-3.27888	-3.28497	-3.32182	0.253372	0.252932	0.251396	0.2423	0.0337821
591	-3.27714	-3.27888	-3.28497	-3.32182	0.253372	0.252932	0.251396	0.2423	0.0337821
593	-7.50871	-7.51044	-7.51654	-7.5534	0.253373	0.252933	0.251397	0.242297	0.0337819
594	-6.91777	-6.91952	-6.92568	-6.96294	0.253409	0.252964	0.251411	0.242216	0.0337736
595	-7.50871	-7.51044	-7.51654	-7.5534	0.253373	0.252933	0.251397	0.242297	0.0337819
596	-3.65346	-3.65593	-3.66458	-3.71691	0.254776	0.254149	0.251961	0.239114	0.0334547
597	-4.21522	-4.21674	-4.22206	-4.25424	0.252947	0.252564	0.251224	0.243266	0.0338814
598	-9.36956	-9.3713	-9.37743	-9.41449	0.25339	0.252949	0.251404	0.242257	0.0337777
599	-3.60301	-3.60521	-3.61292	-3.65962	0.254265	0.253707	0.251756	0.240271	0.0335737
600	-3.32418	-3.32595	-3.33215	-3.36968	0.253432	0.252985	0.251421	0.242161	0.0337679
601	-45.4015	-41.8938	-38.209	-33.2438	5.21048e-06	0.000173872	0.00692696	0.992894	0.108972
602	-18.9786	-17.811	-16.5883	-14.967	0.014211	0.0456792	0.155143	0.784967	0.0895587
603	-19.0507	-17.883	-16.6603	-15.039	0.014211	0.045679	0.155142	0.784968	0.0895588
604	-3.27596	-3.27769	-3.28375	-3.32043	0.253356	0.252919	0.25139	0.242335	0.0337858
605	-3.27714	-3.27888	-3.28497	-3.32182	0.253372	0.252932	0.251396	0.2423	0.0337821
606	-3.27714	-3.27888	-3.28497	-3.32182	0.253372	0.252932	0.251396	0.2423	0.0337821
607	-6.0166	-6.01834	-6.02445	-6.06135	0.253377	0.252937	0.251397	0.242289	0.033781
608	-3.27714	-3.27888	-3.28497	-3.32182	0.253372	0.252932	0.251396	0.2423	0.0337821
609	-8.31869	-8.32043	-8.32654	-8.36349	0.253381	0.25294	0.2514	0.242279	0.03378
610	-9.52747	-9.52921	-9.53531	-9.57222	0.253376	0.252936	0.251398	0.242289	0.0337811
611	-16.5213	-16.5226	-16.5273	-16.5552	0.252556	0.252225	0.251064	0.244155	0.0339728
612	-3.27714	-3.27888	-3.28497	-3.32182	0.253372	0.252932	0.251396	0.2423	0.0337821
613	-8.33951	-8.34125	-8.34736	-8.38428	0.253378	0.252938	0.251399	0.242285	0.0337806
614	-4.52297	-4.5238	-4.5267	-4.54425	0.25161	0.251402	0.250674	0.246313	0.0341945
615	-4.38318	-4.3847	-4.39005	-4.42241	0.252962	0.252577	0.25123	0.24323	0.0338777
616	-4.78524	-4.78647	-4.79079	-4.81694	0.252396	0.252086	0.250999	0.24452	0.0340103
617	-3.27714	-3.27888	-3.28497	-3.32182	0.253372	0.252932	0.251396	0.2423	0.0337821
618	-3.27714	-3.27888	-3.28497	-3.32182	0.253372	0.252932	0.251396	0.2423	0.0337821
619	-4.15206	-4.15357	-4.15889	-4.19106	0.252945	0.252562	0.251223	0.24327	0.0338819
620	-4.72408	-4.72524	-4.7293	-4.75387	0.252252	0.25196	0.250939	0.244848	0.034044
621	-4.91433	-4.9155	-4.91958	-4.94427	0.252263	0.25197	0.250944	0.244823	0.0340414
622	-3.27714	-3.27888	-3.28497	-3.32182	0.253372	0.252932	0.251396	0.2423	0.0337821
623	-3.27714	-3.27888	-3.28497	-3.32182	0.253372	0.252932	0.251396	0.2423	0.0337821
624	-3.27714	-3.27888	-3.28497	-3.32182	0.253372	0.252932	0.251396	0.2423	0.0337821
625	-4.15279	-4.15432	-4.15966	-4.192	0.252961	0.252576	0.25123	0.243234	0.0338782
626	-4.35178	-4.35301	-4.35732	-4.38345	0.252393	0.252083	0.250998	0.244526	0.0340108
627	-17.7671	-16.5992	-15.3754	-13.7477	0.0141213	0.0454044	0.154374	0.7861	0.0896652
628	-4.09635	-4.09825	-4.10492	-4.14533	0.253694	0.253212	0.251527	0.241566	0.0337067
629	-7.52346	-7.52524	-7.53147	-7.56917	0.253449	0.252999	0.251427	0.242125	0.0337642
630	-3.32561	-3.32738	-3.33362	-3.37135	0.253451	0.253001	0.251429	0.242119	0.0337636
631	-4.35178	-4.35301	-4.35732	-4.38345	0.252393	0.252083	0.250998	0.244525	0.0340108
632	-3.27852	-3.28027	-3.28639	-3.32345	0.25339	0.252948	0.251404	0.242258	0.0337779
633	-3.27852	-3.28027	-3.28639	-3.32345	0.25339	0.252948	0.251404	0.242258	0.0337779
634	-3.27852	-3.28027	-3.28639	-3.32345	0.25339	0.252948	0.251404	0.242258	0.0337779
635	-7.51009	-7.51183	-7.51796	-7.55503	0.253391	0.252949	0.251404	0.242256	0.0337776
636	-3.65445	-3.65693	-3.66563	-3.71824	0.254802	0.254172	0.251971	0.239055	0.0334487
637	-3.97024	-3.97154	-3.97613	-4.00391	0.252544	0.252214	0.251059	0.244182	0.0339756
638	-17.4692	-17.4705	-17.4748	-17.5013	0.252421	0.252107	0.251009	0.244463	0.0340045
639	-11.3621	-11.3637	-11.3694	-11.4037	0.253142	0.252733	0.251303	0.242822	0.0338358
640	-11.5797	-11.5812	-11.5865	-11.6188	0.252959	0.252574	0.251229	0.243239	0.0338786
641	-3.27852	-3.28027	-3.28639	-3.32345	0.25339	0.252948	0.251404	0.242258	0.0337779
642	-10.8775	-10.8793	-10.8857	-10.9246	0.25355	0.253087	0.251469	0.241894	0.0337404
643	-3.27852	-3.28027	-3.28639	-3.32345	0.25339	0.252948	0.251404	0.242258	0.0337779
644	-4.73823	-4.73998	-4.74612	-4.78329	0.2534	0.252957	0.251408	0.242234	0.0337754
645	-4.35178	-4.35301	-4.35732	-4.38345	0.252393	0.252083	0.250998	0.244525	0.0340108
646	-4.63221	-4.63343	-4.6377	-4.66354	0.252368	0.252061	0.250987	0.244585	0.0340169
647	-4.98735	-4.98856	-4.99282	-5.01861	0.252363	0.252057	0.250985	0.244595	0.034018
648	-4.4375	-4.43898	-4.4442	-4.47575	0.252888	0.252513	0.2512	0.243398	0.033895
649	-4.02452	-4.02611	-4.0317	-4.06555	0.253098	0.252695	0.251285	0.242923	0.0338462
650	-12.7612	-12.7628	-12.7681	-12.8005	0.252963	0.252578	0.25123	0.243229	0.0338776
651	-5.22765	-5.22904	-5.23393	-5.2635	0.252708	0.252357	0.251127	0.243809	0.0339372
652	-8.32007	-8.32182	-8.32796	-8.36512	0.253399	0.252956	0.251407	0.242238	0.0337758
653	-10.4948	-10.4964	-10.5018	-10.5349	0.253025	0.252631	0.251256	0.243088	0.0338632
654	-12.1878	-12.1893	-12.1947	-12.2271	0.252969	0.252583	0.251233	0.243214	0.0338761
655	-4.15279	-4.15432	-4.15966	-4.192	0.252961	0.252576	0.25123	0.243234	0.0338782
656	-4.21641	-4.21794	-4.22328	-4.25565	0.252963	0.252578	0.25123	0.24323	0.0338777
657	-4.7248	-4.72596	-4.73004	-4.75475	0.252264	0.251971	0.250945	0.244821	0.0340412
658	-3.32561	-3.32738	-3.33362	-3.37135	0.253451	0.253001	0.251429	0.242119	0.0337636
659	-8.07067	-8.072	-8.07668	-8.10495	0.25259	0.252254	0.251078	0.244078	0.0339649
660	-3.97024	-3.97154	-3.97613	-4.00391	0.252544	0.252214	0.251059	0.244182	0.0339756
661	-4.21641	-4.21794	-4.22328	-4.25565	0.252963	0.252578	0.25123	0.24323	0.0338777
662	-3.32561	-3.32738	-3.33362	-3.37135	0.253451	0.253001	0.251429	0.242119	0.0337636
663	-4.57894	-4.58046	-4.58581	-4.61819	0.252964	0.252578	0.251231	0.243227	0.0338774
664	-5.2267	-5.22808	-5.23294	-5.26236	0.252694	0.252344	0.251121	0.243842	0.0339406
665	-4.45995	-4.4607	-4.46333	-4.47924	0.25146	0.251272	0.250612	0.246656	0.0342297
666	-4.8964	-4.8983	-4.905	-4.94552	0.253704	0.253221	0.251531	0.241543	0.0337044
672	-4.21641	-4.21794	-4.22328	-4.25565	0.252963	0.252578	0.25123	0.24323	0.0338777
673	-4.57995	-4.58148	-4.58686	-4.61941	0.25298	0.252592	0.251237	0.243191	0.0338737
674	-3.69129	-3.6935	-3.70128	-3.74834	0.254299	0.253736	0.25177	0.240195	0.0335659
675	-4.4375	-4.43898	-4.4442	-4.47575	0.252888	0.252513	0.2512	0.243398	0.033895
676	-3.27852	-3.28027	-3.28639	-3.32345	0.25339	0.252948	0.251404	0.242258	0.0337779
677	-3.27852	-3.28027	-3.28639	-3.32345	0.25339	0.252948	0.251404	0.242258	0.0337779
678	-4.46082	-4.46158	-4.46422	-4.48022	0.251468	0.251279	0.250615	0.246638	0.0342279
679	-4.77394	-4.77508	-4.77908	-4.80331	0.25222	0.251933	0.250927	0.24492	0.0340514
680	-3.64942	-3.65162	-3.65932	-3.70593	0.254258	0.2537	0.251753	0.240289	0.0335754
681	-3.73727	-3.73948	-3.74723	-3.79414	0.254285	0.253724	0.251764	0.240228	0.0335692
682	-4.28257	-4.28403	-4.28917	-4.3203	0.25285	0.25248	0.251185	0.243486	0.033904
683	-4.50418	-4.5057	-4.51105	-4.54344	0.252965	0.252579	0.251231	0.243225	0.0338772
684	-4.73823	-4.73998	-4.74612	-4.78329	0.2534	0.252957	0.251408	0.242234	0.0337754
685	-4.52881	-4.53025	-4.53531	-4.56589	0.252801	0.252437	0.251164	0.243598	0.0339156
686	-3.87677	-3.87887	-3.88621	-3.93062	0.254059	0.253528	0.251674	0.24074	0.0336218
687	-4.89686	-4.89878	-4.90551	-4.94625	0.253724	0.253238	0.251539	0.241498	0.0336997
688	-4.09635	-4.09825	-4.10492	-4.14533	0.253694	0.253212	0.251527	0.241566	0.0337067
689	-3.73727	-3.73948	-3.74723	-3.79414	0.254285	0.253724	0.251764	0.240228	0.0335692
690	-4.2397	-4.24168	-4.24862	-4.29066	0.253842	0.253341	0.251587	0.24123	0.0336722
691	-3.95065	-3.95296	-3.96107	-4.01016	0.254482	0.253895	0.251843	0.23978	0.0335232
692	-5.22765	-5.22904	-5.23393	-5.2635	0.252708	0.252357	0.251127	0.243809	0.0339372
693	-4.4375	-4.43899	-4.4442	-4.47575	0.252888	0.252513	0.2512	0.243398	0.033895
694	-3.64943	-3.65162	-3.65932	-3.70593	0.254258	0.2537	0.251753	0.240289	0.0335754
695	-3.65445	-3.65693	-3.66563	-3.71825	0.254802	0.254172	0.251971	0.239055	0.0334487
696	-4.73823	-4.73998	-4.74612	-4.78329	0.2534	0.252957	0.251408	0.242234	0.0337754
697	-4.79316	-4.795	-4.80146	-4.84052	0.253572	0.253107	0.251478	0.241843	0.0337352
698	-8.58728	-8.58857	-8.5931	-8.62053	0.252513	0.252187	0.251047	0.244254	0.0339829
699	-4.2397	-4.24168	-4.24862	-4.29066	0.253842	0.253341	0.251587	0.24123	0.0336722
700	-4.35178	-4.35301	-4.35732	-4.38345	0.252393	0.252083	0.250998	0.244525	0.0340108
701	-4.50418	-4.5057	-4.51106	-4.54344	0.252965	0.252579	0.251231	0.243225	0.0338772
702	-4.50418	-4.5057	-4.51106	-4.54344	0.252965	0.252579	0.251231	0.243225	0.0338772
703	-4.16367	-4.16561	-4.17244	-4.21373	0.253775	0.253282	0.25156	0.241384	0.033688
704	-3.95065	-3.95296	-3.96107	-4.01016	0.254482	0.253895	0.251843	0.23978	0.0335232
705	-4.98735	-4.98856	-4.99282	-5.01861	0.252363	0.252057	0.250985	0.244595	0.034018
706	-4.98735	-4.98856	-4.99282	-5.01861	0.252363	0.252057	0.250985	0.244595	0.034018
707	-4.49219	-4.49354	-4.49827	-4.52688	0.252621	0.252281	0.251091	0.244007	0.0339576
708	-4.50418	-4.5057	-4.51106	-4.54344	0.252965	0.252579	0.251231	0.243225	0.0338772
709	-4.70856	-4.70979	-4.71412	-4.74028	0.252397	0.252086	0.250999	0.244518	0.0340101
710	-4.98735	-4.98856	-4.99282	-5.01861	0.252363	0.252057	0.250985	0.244595	0.034018
711	-4.98735	-4.98856	-4.99282	-5.01861	0.252363	0.252057	0.250985	0.244595	0.034018
712	-18.5281	-17.3597	-16.1341	-14.4958	0.0139736	0.044952	0.153105	0.78797	0.0898407
713	-4.50418	-4.5057	-4.51106	-4.54344	0.252965	0.252579	0.251231	0.243225	0.0338772
714	-4.98735	-4.98856	-4.99282	-5.01861	0.252363	0.252057	0.250985	0.244595	0.034018
715	-3.64943	-3.65162	-3.65932	-3.70593	0.254258	0.2537	0.251753	0.240289	0.0335754
716	-16.9602	-16.9617	-16.9671	-16.9996	0.25298	0.252593	0.251238	0.243189	0.0338736
717	-4.42647	-4.42769	-4.43198	-4.45791	0.252376	0.252068	0.250991	0.244565	0.0340149
718	-4.02452	-4.02611	-4.03171	-4.06555	0.253098	0.252695	0.251285	0.242923	0.0338462
719	-4.02452	-4.02611	-4.03171	-4.06555	0.253098	0.252695	0.251285	0.242923	0.0338462
720	-9.62325	-9.6249	-9.63072	-9.66581	0.253214	0.252795	0.251329	0.242662	0.0338193
721	-4.50418	-4.5057	-4.51106	-4.54344	0.252965	0.252579	0.251231	0.243225	0.0338772
722	-3.65445	-3.65693	-3.66563	-3.71825	0.254802	0.254172	0.251971	0.239055	0.0334487
723	-3.65445	-3.65693	-3.66563	-3.71825	0.254802	0.254172	0.251971	0.239055	0.0334487
724	-4.98735	-4.98856	-4.99282	-5.01861	0.252363	0.252057	0.250985	0.244595	0.034018
725	-20.9859	-20.9876	-20.9936	-21.0298	0.253313	0.252881	0.251373	0.242434	0.0337959
726	-4.28257	-4.28403	-4.28917	-4.3203	0.25285	0.25248	0.251185	0.243486	0.033904
727	-3.95065	-3.95296	-3.96107	-4.01016	0.254482	0.253895	0.251843	0.23978	0.0335232
728	-4.73823	-4.73998	-4.74612	-4.78329	0.2534	0.252957	0.251408	0.242234	0.0337754
729	-3.27852	-3.28027	-3.28639	-3.32345	0.25339	0.252948	0.251404	0.242258	0.0337779
730	-4.78953	-4.79104	-4.79634	-4.82843	0.252937	0.252555	0.25122	0.243288	0.0338837
731	-4.42647	-4.42769	-4.43198	-4.45791	0.252376	0.252068	0.250991	0.244565	0.0340149
732	-4.52881	-4.53025	-4.53531	-4.56589	0.252801	0.252437	0.251164	0.243598	0.0339156
733	-10.2421	-10.243	-10.2464	-10.2667	0.251865	0.251624	0.25078	0.245731	0.0341347
734	-16.7231	-15.5557	-14.3338	-12.7177	0.0142832	0.0459002	0.155762	0.784054	0.089473
735	-4.3843	-4.38584	-4.39121	-4.42375	0.252978	0.252591	0.251237	0.243194	0.033874
736	-21.5964	-21.5982	-21.6045	-21.6422	0.253454	0.253001	0.251421	0.242124	0.033764
737	-4.36128	-4.36276	-4.36795	-4.39935	0.252874	0.252501	0.251194	0.24343	0.0338983
738	-4.2397	-4.24168	-4.24862	-4.29066	0.253842	0.253341	0.251587	0.24123	0.0336722
739	-5.09623	-5.09783	-5.10342	-5.13726	0.253097	0.252694	0.251285	0.242923	0.0338462
740	-8.07067	-8.07201	-8.07668	-8.10495	0.25259	0.252254	0.251078	0.244078	0.0339649
741	-4.42647	-4.42769	-4.43198	-4.45791	0.252376	0.252068	0.250991	0.244565	0.0340149
742	-3.65445	-3.65693	-3.66563	-3.71825	0.254802	0.254172	0.251971	0.239055	0.0334487
743	-8.11045	-8.11267	-8.12044	-8.16749	0.254298	0.253735	0.251769	0.240198	0.0335661
744	-3.69129	-3.6935	-3.70128	-3.74835	0.254299	0.253736	0.25177	0.240195	0.0335659
745	-8.12252	-8.12401	-8.12923	-8.16083	0.252893	0.252517	0.251202	0.243388	0.033894
746	-4.79316	-4.795	-4.80146	-4.84052	0.253572	0.253107	0.251478	0.241843	0.0337352
747	-4.7864	-4.78763	-4.79198	-4.81827	0.252409	0.252097	0.251004	0.24449	0.0340072
748	-4.78953	-4.79104	-4.79634	-4.82843	0.252937	0.252555	0.25122	0.243288	0.0338837
749	-3.87678	-3.87887	-3.88621	-3.93062	0.254059	0.253528	0.251674	0.24074	0.0336218
750	-10.7461	-10.7476	-10.753	-10.7854	0.252966	0.252581	0.251232	0.243222	0.0338769
751	-4.35178	-4.35301	-4.35732	-4.38345	0.252393	0.252083	0.250998	0.244525	0.0340108
752	-4.09603	-4.09789	-4.10443	-4.14401	0.253619	0.253147	0.251497	0.241737	0.0337244
753	-5.22765	-5.22904	-5.23393	-5.2635	0.252708	0.252357	0.251127	0.243809	0.0339372
754	-3.65445	-3.65693	-3.66563	-3.71825	0.254802	0.254172	0.251971	0.239055	0.0334487
755	-4.73823	-4.73998	-4.74612	-4.78329	0.2534	0.252957	0.251408	0.242234	0.0337754
756	-4.52881	-4.53025	-4.53531	-4.56589	0.252801	0.252437	0.251164	0.243598	0.0339156
757	-5.35427	-5.35567	-5.36057	-5.39025	0.252717	0.252365	0.25113	0.243788	0.033935
758	-3.64943	-3.65162	-3.65932	-3.70593	0.254258	0.2537	0.251753	0.240289	0.0335754
759	-4.77394	-4.77508	-4.77908	-4.80331	0.25222	0.251933	0.250927	0.24492	0.0340514
760	-4.02452	-4.02611	-4.03171	-4.06555	0.253098	0.252695	0.251285	0.242923	0.0338462
761	-5.22765	-5.22904	-5.23393	-5.2635	0.252708	0.252357	0.251127	0.243809	0.0339372
762	-5.1492	-5.15093	-5.157	-5.19373	0.25336	0.252922	0.251392	0.242326	0.0337849
763	-3.73727	-3.73948	-3.74723	-3.79414	0.254285	0.253724	0.251764	0.240228	0.0335692
764	-5.09623	-5.09783	-5.10342	-5.13726	0.253097	0.252694	0.251285	0.242923	0.0338462
765	-4.4375	-4.43899	-4.4442	-4.47575	0.252888	0.252513	0.2512	0.243398	0.033895
766	-5.1492	-5.15093	-5.157	-5.19373	0.25336	0.252922	0.251392	0.242326	0.0337849
767	-3.73727	-3.73948	-3.74723	-3.79414	0.254285	0.253724	0.251764	0.240228	0.0335692
768	-4.02391	-4.02625	-4.03448	-4.08429	0.254547	0.253951	0.251869	0.239632	0.033508
769	-4.72399	-4.72541	-4.7304	-4.76061	0.252765	0.252406	0.25115	0.243678	0.0339238
770	-4.73823	-4.73998	-4.74612	-4.78329	0.2534	0.252957	0.251408	0.242234	0.0337754
771	-6.01799	-6.01974	-6.02587	-6.06298	0.253395	0.252953	0.251405	0.242248	0.0337768
772	-4.72399	-4.72541	-4.7304	-4.76061	0.252765	0.252406	0.25115	0.243678	0.0339238
773	-4.46082	-4.46158	-4.46422	-4.48022	0.251468	0.251279	0.250615	0.246638	0.0342279
774	-3.60406	-3.60627	-3.61403	-3.66097	0.254288	0.253727	0.251766	0.240219	0.0335683
775	-3.87678	-3.87887	-3.88621	-3.93062	0.254059	0.253528	0.251674	0.24074	0.0336218
776	-4.15279	-4.15432	-4.15966	-4.192	0.252961	0.252576	0.25123	0.243234	0.0338781
777	-12.3947	-12.3967	-12.4037	-12.4461	0.253874	0.253367	0.251598	0.241161	0.0336651
778	-9.08427	-9.08657	-9.09466	-9.14358	0.254467	0.253881	0.251837	0.239815	0.0335267
779	-6.62973	-6.63194	-6.63969	-6.68659	0.254284	0.253723	0.251763	0.24023	0.0335694
780	-17.5738	-17.576	-17.5836	-17.6297	0.254214	0.253662	0.251735	0.240389	0.0335857
781	-9.52682	-9.52835	-9.53373	-9.56628	0.25298	0.252592	0.251237	0.243191	0.0338737
782	-4.52388	-4.52471	-4.52762	-4.54527	0.251619	0.25141	0.250678	0.246293	0.0341924
783	-7.26979	-7.27209	-7.28016	-7.32894	0.254455	0.253871	0.251831	0.239843	0.0335296
784	-4.2397	-4.24168	-4.24862	-4.29066	0.253842	0.253341	0.251587	0.24123	0.0336722
785	-4.36128	-4.36276	-4.36795	-4.39935	0.252874	0.252501	0.251194	0.24343	0.0338983
786	-5.09623	-5.09783	-5.10342	-5.13726	0.253097	0.252694	0.251285	0.242923	0.0338462
787	-20.596	-20.5974	-20.6021	-20.6308	0.252631	0.252289	0.251095	0.243985	0.0339554
788	-9.01927	-9.02069	-9.02568	-9.05586	0.252764	0.252405	0.251149	0.243682	0.0339242
789	-3.27852	-3.28027	-3.28639	-3.32345	0.25339	0.252948	0.251404	0.242258	0.0337779
790	-5.1492	-5.15093	-5.157	-5.19373	0.25336	0.252922	0.251392	0.242326	0.0337849
791	-4.36128	-4.36276	-4.36795	-4.39935	0.252874	0.252501	0.251194	0.24343	0.0338983
792	-4.28257	-4.28403	-4.28917	-4.3203	0.25285	0.25248	0.251185	0.243486	0.033904
793	-7.07837	-7.08015	-7.08638	-7.12405	0.253446	0.252997	0.251426	0.24213	0.0337647
794	-4.09635	-4.09825	-4.10492	-4.14533	0.253694	0.253212	0.251527	0.241566	0.0337067
795	-3.27852	-3.28027	-3.28639	-3.32345	0.25339	0.252948	0.251404	0.242258	0.0337779
796	-4.28257	-4.28403	-4.28917	-4.3203	0.25285	0.25248	0.251185	0.243486	0.033904
797	-4.28257	-4.28403	-4.28917	-4.3203	0.25285	0.25248	0.251185	0.243486	0.033904
798	-3.32561	-3.32739	-3.33362	-3.37135	0.253451	0.253001	0.251429	0.242119	0.0337636
799	-8.32007	-8.32182	-8.32796	-8.36512	0.253399	0.252956	0.251407	0.242237	0.0337757
800	-4.46082	-4.46158	-4.46422	-4.48022	0.251468	0.251279	0.250615	0.246638	0.0342279
801	-3.73727	-3.73948	-3.74723	-3.79414	0.254285	0.253724	0.251764	0.240228	0.0335692
802	-4.17368	-4.1754	-4.18144	-4.21801	0.253345	0.252909	0.251386	0.24236	0.0337884
803	-3.27852	-3.28027	-3.28639	-3.32345	0.25339	0.252948	0.251404	0.242258	0.0337779
804	-4.15279	-4.15432	-4.15966	-4.192	0.252961	0.252576	0.25123	0.243234	0.0338781
805	-4.78953	-4.79104	-4.79634	-4.82843	0.252937	0.252555	0.25122	0.243288	0.0338837
806	-3.64943	-3.65162	-3.65932	-3.70593	0.254258	0.2537	0.251753	0.240289	0.0335754
807	-3.73727	-3.73948	-3.74723	-3.79414	0.254285	0.253724	0.251764	0.240228	0.0335692
808	-16.0143	-16.0158	-16.021	-16.0525	0.252888	0.252513	0.2512	0.2434	0.0338952
809	-6.62973	-6.63194	-6.63969	-6.68659	0.254284	0.253723	0.251763	0.24023	0.0335694
810	-4.65803	-4.65986	-4.66627	-4.70505	0.253547	0.253084	0.251468	0.241901	0.0337412
811	-4.15279	-4.15432	-4.15966	-4.192	0.252961	0.252576	0.25123	0.243234	0.0338781
812	-3.32561	-3.32739	-3.33362	-3.37135	0.253451	0.253001	0.251429	0.242119	0.0337636
813	-4.38431	-4.38584	-4.39121	-4.42375	0.252978	0.252591	0.251237	0.243194	0.033874
814	-4.09635	-4.09825	-4.10492	-4.14533	0.253694	0.253212	0.251527	0.241566	0.0337067
815	-4.09635	-4.09825	-4.10492	-4.14533	0.253694	0.253212	0.251527	0.241566	0.0337067
816	-4.70856	-4.70979	-4.71412	-4.74028	0.252397	0.252086	0.250999	0.244518	0.0340101
817	-3.87678	-3.87887	-3.88621	-3.93062	0.254059	0.253528	0.251674	0.24074	0.0336218
818	-4.52388	-4.52471	-4.52762	-4.54527	0.251619	0.25141	0.250678	0.246293	0.0341924
819	-3.87678	-3.87887	-3.88621	-3.93062	0.254059	0.253528	0.251674	0.24074	0.0336218
820	-4.09635	-4.09825	-4.10492	-4.14533	0.253694	0.253212	0.251527	0.241566	0.0337067
821	-4.36128	-4.36276	-4.36795	-4.39935	0.252874	0.252501	0.251194	0.24343	0.0338983
822	-4.42774	-4.42897	-4.43329	-4.45943	0.252395	0.252085	0.250998	0.244522	0.0340104
823	-4.42647	-4.42769	-4.43198	-4.45791	0.252376	0.252068	0.250991	0.244565	0.0340149
824	-3.69129	-3.6935	-3.70128	-3.74835	0.254299	0.253736	0.25177	0.240195	0.0335659
825	-4.42774	-4.42897	-4.43329	-4.45943	0.252395	0.252085	0.250998	0.244522	0.0340104
826	-3.64943	-3.65162	-3.65932	-3.70593	0.254258	0.2537	0.251753	0.240289	0.0335754
827	-4.02452	-4.02611	-4.03171	-4.06555	0.253098	0.252695	0.251285	0.242923	0.0338462
828	-4.78953	-4.79104	-4.79634	-4.82843	0.252937	0.252555	0.25122	0.243288	0.0338837
829	-4.42774	-4.42897	-4.43329	-4.45943	0.252395	0.252085	0.250998	0.244522	0.0340104
830	-3.64943	-3.65162	-3.65932	-3.70593	0.254258	0.2537	0.251753	0.240289	0.0335754
831	-4.21641	-4.21794	-4.22329	-4.25565	0.252963	0.252578	0.25123	0.24323	0.0338777
852	-4.00707	-4.0083	-4.01264	-4.03887	0.252403	0.252092	0.251002	0.244503	0.0340086
853	-3.94544	-3.94767	-3.95549	-4.00279	0.25432	0.253754	0.251779	0.240147	0.0335609
854	-3.9626	-3.96386	-3.96828	-3.99505	0.252452	0.252134	0.251022	0.244392	0.0339971
855	-4.278	-4.27941	-4.28437	-4.31437	0.252747	0.25239	0.251142	0.243721	0.0339282
856	-4.78464	-4.7861	-4.79121	-4.82212	0.252831	0.252463	0.251177	0.24353	0.0339085
857	-4.89374	-4.89559	-4.90208	-4.94133	0.25359	0.253122	0.251485	0.241804	0.0337312
858	-4.71998	-4.72111	-4.72504	-4.74885	0.252182	0.2519	0.250911	0.245008	0.0340604
859	-4.70136	-4.70255	-4.70671	-4.73192	0.25231	0.252011	0.250963	0.244716	0.0340304
860	-4.09631	-4.09815	-4.10458	-4.14352	0.253561	0.253097	0.251473	0.241869	0.0337379
861	-4.48652	-4.48781	-4.49237	-4.51995	0.252526	0.252198	0.251052	0.244224	0.0339798
862	-3.59702	-3.59915	-3.60663	-3.65187	0.254133	0.253593	0.251704	0.24057	0.0336044
863	-9.32006	-9.32206	-9.32909	-9.37161	0.253887	0.253379	0.251605	0.24113	0.0336619
864	-4.09631	-4.09815	-4.10458	-4.14352	0.253561	0.253097	0.251473	0.241869	0.0337379
865	-4.51782	-4.51862	-4.52143	-4.53843	0.25156	0.251359	0.250654	0.246427	0.0342062
866	-3.6836	-3.68574	-3.69324	-3.73859	0.254144	0.253601	0.251708	0.240548	0.0336021
867	-4.29996	-4.30142	-4.30655	-4.33762	0.252844	0.252475	0.251182	0.243498	0.0339053
868	-4.98178	-4.98295	-4.98706	-5.01191	0.252277	0.251982	0.25095	0.24479	0.034038
869	-4.01561	-4.01714	-4.02253	-4.05515	0.252985	0.252597	0.25124	0.243178	0.0338724
870	-3.26927	-3.27095	-3.27686	-3.31256	0.253267	0.252842	0.251354	0.242537	0.0338065
871	-5.09238	-5.09392	-5.09931	-5.13192	0.252985	0.252597	0.25124	0.243178	0.0338724
872	-4.45496	-4.45568	-4.45823	-4.47364	0.251415	0.251232	0.250593	0.24676	0.0342404
873	-4.20841	-4.20988	-4.21503	-4.24622	0.252855	0.252484	0.251186	0.243474	0.0339028
874	-3.31605	-3.31776	-3.32377	-3.36012	0.253326	0.252893	0.251378	0.242403	0.0337928
875	-4.70136	-4.70255	-4.70671	-4.73192	0.25231	0.252011	0.250963	0.244716	0.0340304
876	-4.20841	-4.20988	-4.21503	-4.24622	0.252855	0.252484	0.251186	0.243474	0.0339028
877	-4.70136	-4.70255	-4.70671	-4.73192	0.25231	0.252011	0.250963	0.244716	0.0340304
878	-4.29996	-4.30142	-4.30655	-4.33762	0.252844	0.252475	0.251182	0.243498	0.0339053
879	-4.01561	-4.01714	-4.02253	-4.05515	0.252985	0.252597	0.25124	0.243178	0.0338724
880	-4.25597	-4.25747	-4.26271	-4.29444	0.252905	0.252527	0.251207	0.243361	0.0338912
881	-4.77861	-4.7798	-4.78399	-4.80933	0.252322	0.252021	0.250968	0.244689	0.0340277
882	-4.01561	-4.01714	-4.02253	-4.05515	0.252985	0.252597	0.25124	0.243178	0.0338724
883	-4.71998	-4.72111	-4.72504	-4.74885	0.252182	0.2519	0.250911	0.245008	0.0340604
884	-4.70136	-4.70255	-4.70671	-4.73192	0.25231	0.252011	0.250963	0.244716	0.0340304
885	-3.97036	-3.97189	-3.97726	-4.00977	0.252976	0.252589	0.251236	0.243199	0.0338745
886	-12.5245	-12.5259	-12.5309	-12.5613	0.252783	0.252421	0.251157	0.243639	0.0339198
887	-4.70136	-4.70255	-4.70671	-4.73192	0.25231	0.252011	0.250963	0.244716	0.0340304
888	-3.26927	-3.27095	-3.27686	-3.31256	0.253267	0.252842	0.251354	0.242537	0.0338065
889	-4.73214	-4.73383	-4.73975	-4.77557	0.253277	0.252851	0.251358	0.242514	0.0338041
890	-4.41857	-4.41975	-4.42391	-4.44911	0.252308	0.252009	0.250963	0.244719	0.0340308
891	-4.42102	-4.4222	-4.42633	-4.45132	0.25229	0.251994	0.250955	0.244761	0.034035
892	-4.32047	-4.32185	-4.32669	-4.356	0.252684	0.252336	0.251117	0.243864	0.0339429
893	-4.62852	-4.62969	-4.63381	-4.65871	0.252282	0.251986	0.250952	0.24478	0.034037
894	-4.70136	-4.70255	-4.70671	-4.73192	0.25231	0.252011	0.250963	0.244716	0.0340304
895	-4.01561	-4.01714	-4.02253	-4.05515	0.252985	0.252597	0.25124	0.243178	0.0338724
896	-4.77861	-4.7798	-4.78399	-4.80933	0.252322	0.252021	0.250968	0.244689	0.0340277
897	-4.89374	-4.89559	-4.90208	-4.94133	0.25359	0.253122	0.251485	0.241804	0.0337312
898	-4.278	-4.27941	-4.28437	-4.31437	0.252747	0.25239	0.251142	0.243721	0.0339282
899	-4.41857	-4.41975	-4.42391	-4.44911	0.252308	0.252009	0.250963	0.244719	0.0340308
900	-13.8411	-12.6736	-11.4512	-9.8322	0.0142428	0.0457766	0.155416	0.784564	0.0895209
901	-4.278	-4.27941	-4.28437	-4.31437	0.252747	0.25239	0.251142	0.243721	0.0339282
902	-4.73214	-4.73383	-4.73975	-4.77557	0.253277	0.252851	0.251358	0.242514	0.0338041
903	-4.77861	-4.7798	-4.78399	-4.80933	0.252322	0.252021	0.250968	0.244689	0.0340277
904	-4.17227	-4.17393	-4.17975	-4.21499	0.253224	0.252804	0.251337	0.242635	0.0338166
905	-4.35307	-4.35449	-4.35949	-4.38975	0.25277	0.252411	0.251152	0.243667	0.0339227
906	-4.6971	-4.69888	-4.7051	-4.74279	0.253447	0.252997	0.251427	0.242129	0.0337646
907	-4.35307	-4.35449	-4.35949	-4.38975	0.25277	0.252411	0.251152	0.243667	0.0339227
908	-3.64783	-3.65022	-3.6586	-3.7093	0.254629	0.254022	0.251902	0.239448	0.033489
909	-4.42102	-4.4222	-4.42633	-4.45132	0.25229	0.251994	0.250955	0.244761	0.034035
910	-4.23274	-4.23465	-4.24134	-4.28185	0.253703	0.25322	0.251531	0.241546	0.0337047
911	-3.64215	-3.64426	-3.65169	-3.6966	0.254104	0.253567	0.251692	0.240637	0.0336113
912	-4.32862	-4.33006	-4.33514	-4.36586	0.252812	0.252447	0.251169	0.243571	0.0339128
913	-4.15724	-4.15911	-4.16568	-4.20547	0.253638	0.253164	0.251505	0.241694	0.0337199
914	-4.43437	-4.4358	-4.44082	-4.47123	0.252784	0.252422	0.251158	0.243636	0.0339195
915	-4.41857	-4.41975	-4.42391	-4.44911	0.252308	0.252009	0.250963	0.244719	0.0340308
916	-4.09631	-4.09815	-4.10458	-4.14352	0.253561	0.253097	0.251473	0.241869	0.0337379
917	-9.45245	-9.45366	-9.45792	-9.48369	0.252361	0.252055	0.250984	0.2446	0.0340185
918	-4.42102	-4.4222	-4.42633	-4.45132	0.25229	0.251994	0.250955	0.244761	0.034035
920	-7.51997	-7.5221	-7.52958	-7.57482	0.254134	0.253593	0.251703	0.240569	0.0336043
921	-4.43437	-4.4358	-4.44082	-4.47123	0.252784	0.252422	0.251158	0.243636	0.0339195
922	-4.77861	-4.7798	-4.78399	-4.80933	0.252322	0.252021	0.250968	0.244689	0.0340277
923	-4.01561	-4.01714	-4.02253	-4.05515	0.252985	0.252597	0.25124	0.243178	0.0338724
924	-4.15724	-4.15911	-4.16568	-4.20547	0.253638	0.253164	0.251505	0.241694	0.0337199
925	-18.0998	-18.1013	-18.1067	-18.1394	0.25299	0.252601	0.251241	0.243167	0.0338713
926	-3.72932	-3.73145	-3.73892	-3.78412	0.25413	0.25359	0.251702	0.240579	0.0336053
927	-4.72221	-4.72358	-4.72839	-4.75749	0.252665	0.252319	0.251109	0.243906	0.0339472
928	-4.09151	-4.09331	-4.09961	-4.13775	0.253488	0.253033	0.251444	0.242035	0.0337549
929	-3.64215	-3.64426	-3.65169	-3.6966	0.254104	0.253567	0.251692	0.240637	0.0336113
930	-3.94544	-3.94767	-3.95549	-4.00279	0.25432	0.253754	0.251779	0.240147	0.0335609
931	-4.37674	-4.37821	-4.3834	-4.41475	0.252871	0.252498	0.251193	0.243439	0.0338992
932	-7.26417	-7.26638	-7.27415	-7.32111	0.254291	0.253729	0.251766	0.240215	0.0335678
933	-4.71998	-4.72111	-4.72504	-4.74885	0.252182	0.2519	0.250911	0.245008	0.0340604
934	-4.64232	-4.644	-4.64991	-4.68566	0.253271	0.252845	0.251356	0.242527	0.0338055
935	-4.20841	-4.20988	-4.21503	-4.24622	0.252855	0.252484	0.251186	0.243474	0.0339028
936	-4.01561	-4.01714	-4.02253	-4.05515	0.252985	0.252597	0.25124	0.243178	0.0338724
937	-4.72221	-4.72358	-4.72839	-4.75749	0.252665	0.252319	0.251109	0.243906	0.0339472
938	-4.49789	-4.49936	-4.50452	-4.53573	0.252857	0.252486	0.251187	0.243469	0.0339023
939	-4.09151	-4.09331	-4.09961	-4.13775	0.253488	0.253033	0.251444	0.242035	0.0337549
940	-4.37674	-4.37821	-4.3834	-4.41475	0.252871	0.252498	0.251193	0.243439	0.0338992
941	-4.49789	-4.49936	-4.50452	-4.53573	0.252857	0.252486	0.251187	0.243469	0.0339023
942	-4.34611	-4.3473	-4.35145	-4.37663	0.252307	0.252008	0.250962	0.244723	0.0340312
943	-4.17227	-4.17393	-4.17975	-4.21499	0.253224	0.252804	0.251337	0.242635	0.0338166
944	-11.5539	-11.5557	-11.5619	-11.5996	0.253444	0.252995	0.251426	0.242135	0.0337652
945	-3.26927	-3.27095	-3.27686	-3.31256	0.253267	0.252842	0.251354	0.242537	0.0338065
946	-4.57315	-4.57463	-4.57981	-4.61118	0.252872	0.252499	0.251193	0.243436	0.0338989
947	-4.62852	-4.62969	-4.63381	-4.65871	0.252282	0.251986	0.250952	0.24478	0.034037
948	-4.09631	-4.09815	-4.10458	-4.14352	0.253561	0.253097	0.251473	0.241869	0.0337379
949	-3.6836	-3.68574	-3.69324	-3.73859	0.254144	0.253601	0.251708	0.240548	0.0336021
950	-4.42102	-4.4222	-4.42633	-4.45132	0.25229	0.251994	0.250955	0.244761	0.034035
951	-4.78464	-4.7861	-4.79121	-4.82212	0.252831	0.252463	0.251177	0.24353	0.0339085
952	-4.23274	-4.23465	-4.24134	-4.28185	0.253703	0.25322	0.251531	0.241546	0.0337047
953	-4.6971	-4.69888	-4.7051	-4.74279	0.253447	0.252997	0.251427	0.242129	0.0337646
954	-3.26927	-3.27095	-3.27686	-3.31256	0.253267	0.252842	0.251354	0.242537	0.0338065
955	-4.45496	-4.45568	-4.45823	-4.47364	0.251415	0.251232	0.250593	0.24676	0.0342404
956	-4.29996	-4.30142	-4.30655	-4.33762	0.252844	0.252475	0.251182	0.243498	0.0339053
957	-4.14784	-4.14931	-4.15446	-4.18563	0.252853	0.252483	0.251186	0.243478	0.0339032
958	-3.94544	-3.94767	-3.95549	-4.00279	0.25432	0.253754	0.251779	0.240147	0.0335609
959	-3.72932	-3.73145	-3.73892	-3.78412	0.25413	0.25359	0.251702	0.240579	0.0336053
960	-4.43437	-4.4358	-4.44082	-4.47123	0.252784	0.252422	0.251158	0.243636	0.0339195
961	-4.32862	-4.33006	-4.33514	-4.36586	0.252812	0.252447	0.251169	0.243571	0.0339128
962	-5.09238	-5.09392	-5.09931	-5.13192	0.252985	0.252597	0.25124	0.243178	0.0338724
963	-4.77392	-4.77502	-4.77887	-4.80222	0.25214	0.251863	0.250893	0.245103	0.0340702
964	-4.72221	-4.72358	-4.72839	-4.75749	0.252665	0.252319	0.251109	0.243906	0.0339472
965	-7.70737	-7.70883	-7.71398	-7.74514	0.252852	0.252482	0.251185	0.24348	0.0339035
966	-4.44912	-4.45094	-4.45732	-4.49593	0.253531	0.253071	0.251461	0.241936	0.0337448
967	-10.6279	-10.6293	-10.6345	-10.6655	0.252845	0.252476	0.251183	0.243496	0.0339051
968	-9.12705	-9.12839	-9.13309	-9.1615	0.252602	0.252265	0.251083	0.24405	0.033962
969	-4.57315	-4.57463	-4.57981	-4.61118	0.252872	0.252499	0.251193	0.243436	0.0338989
970	-4.32862	-4.33006	-4.33514	-4.36586	0.252812	0.252447	0.251169	0.243571	0.0339128
971	-4.91247	-4.91359	-4.91754	-4.94147	0.252193	0.251909	0.250915	0.244983	0.0340578
972	-4.6971	-4.69888	-4.7051	-4.74279	0.253447	0.252997	0.251427	0.242129	0.0337646
973	-4.65142	-4.65318	-4.65936	-4.69673	0.253419	0.252973	0.251416	0.242193	0.0337711
974	-3.94544	-3.94767	-3.95549	-4.00279	0.25432	0.253754	0.251779	0.240147	0.0335609
975	-7.70518	-7.70666	-7.71186	-7.74329	0.252878	0.252504	0.251196	0.243422	0.0338975
976	-4.37674	-4.37821	-4.3834	-4.41475	0.252871	0.252498	0.251193	0.243439	0.0338992
977	-4.49789	-4.49936	-4.50452	-4.53573	0.252857	0.252486	0.251187	0.243469	0.0339023
978	-4.77392	-4.77502	-4.77887	-4.80222	0.25214	0.251863	0.250893	0.245103	0.0340702
979	-3.59702	-3.59915	-3.60663	-3.65187	0.254133	0.253593	0.251704	0.24057	0.0336044
980	-3.94544	-3.94767	-3.95549	-4.00279	0.25432	0.253754	0.251779	0.240147	0.0335609
981	-4.37674	-4.37821	-4.3834	-4.41475	0.252871	0.252498	0.251193	0.243439	0.0338992
982	-4.32047	-4.32185	-4.32669	-4.356	0.252684	0.252336	0.251117	0.243864	0.0339429
983	-4.65142	-4.65318	-4.65936	-4.69673	0.253419	0.252973	0.251416	0.242193	0.0337711
984	-3.64783	-3.65022	-3.6586	-3.7093	0.254629	0.254022	0.251902	0.239448	0.033489
985	-3.94544	-3.94767	-3.95549	-4.00279	0.25432	0.253754	0.251779	0.240147	0.0335609
986	-4.14784	-4.14931	-4.15446	-4.18563	0.252853	0.252483	0.251186	0.243478	0.0339032
987	-9.66876	-9.67041	-9.67623	-9.71145	0.253223	0.252803	0.251336	0.242639	0.033817
988	-3.9626	-3.96386	-3.96828	-3.99505	0.252452	0.252134	0.251022	0.244392	0.0339971
989	-3.86859	-3.8706	-3.87768	-3.92048	0.253912	0.253401	0.251615	0.241072	0.033656
990	-3.59702	-3.59915	-3.60663	-3.65187	0.254133	0.253593	0.251704	0.24057	0.0336044
991	-5.14673	-5.14839	-5.15424	-5.18963	0.253238	0.252817	0.251343	0.242603	0.0338133
992	-10.6141	-10.6155	-10.6203	-10.6492	0.252651	0.252307	0.251103	0.243938	0.0339505
993	-4.52461	-4.526	-4.53087	-4.56034	0.252699	0.252349	0.251123	0.243829	0.0339393
994	-4.35307	-4.35449	-4.35949	-4.38975	0.25277	0.252411	0.251152	0.243667	0.0339227
995	-4.32047	-4.32185	-4.32669	-4.356	0.252684	0.252336	0.251117	0.243864	0.0339429
996	-3.72932	-3.73145	-3.73892	-3.78412	0.25413	0.25359	0.251702	0.240579	0.0336053
997	-3.94544	-3.94767	-3.95549	-4.00279	0.25432	0.253754	0.251779	0.240147	0.0335609
998	-4.52461	-4.526	-4.53087	-4.56034	0.252699	0.252349	0.251123	0.243829	0.0339393
999	-7.52548	-7.5276	-7.53504	-7.58007	0.254114	0.253576	0.251696	0.240614	0.0336089
1000	-4.73214	-4.73383	-4.73975	-4.77557	0.253277	0.252851	0.251358	0.242514	0.0338041
1001	-4.37674	-4.37821	-4.3834	-4.41475	0.252871	0.252498	0.251193	0.243439	0.0338992
1002	-9.62444	-9.62582	-9.63067	-9.66	0.252686	0.252337	0.251117	0.24386	0.0339424
1003	-4.77392	-4.77502	-4.77887	-4.80222	0.25214	0.251863	0.250893	0.245103	0.0340702
1004	-4.49789	-4.49936	-4.50452	-4.53573	0.252857	0.252486	0.251187	0.243469	0.0339023
1005	-4.278	-4.27941	-4.28437	-4.31437	0.252747	0.25239	0.251142	0.243721	0.0339282
1006	-4.01828	-4.02054	-4.02847	-4.07647	0.254383	0.253809	0.251804	0.240004	0.0335462
1007	-3.72932	-3.73145	-3.73892	-3.78412	0.25413	0.25359	0.251702	0.240579	0.0336053
1008	-10.4346	-10.436	-10.4409	-10.4702	0.252685	0.252336	0.251117	0.243862	0.0339427
1009	-3.72932	-3.73145	-3.73892	-3.78412	0.25413	0.25359	0.251702	0.240579	0.0336053
1010	-4.32862	-4.33006	-4.33514	-4.36586	0.252812	0.252447	0.251169	0.243571	0.0339128
1011	-3.26927	-3.27095	-3.27686	-3.31256	0.253267	0.252842	0.251354	0.242537	0.0338065
1012	-3.59702	-3.59915	-3.60663	-3.65187	0.254133	0.253593	0.251704	0.24057	0.0336044
1013	-4.35307	-4.35449	-4.35949	-4.38975	0.25277	0.252411	0.251152	0.243667	0.0339227
1014	-10.5561	-10.5578	-10.5641	-10.6017	0.253444	0.252995	0.251426	0.242134	0.0337652
1015	-4.42102	-4.4222	-4.42633	-4.45132	0.25229	0.251994	0.250955	0.244761	0.034035
1016	-3.31605	-3.31776	-3.32377	-3.36012	0.253326	0.252893	0.251378	0.242403	0.0337928
1017	-3.59702	-3.59915	-3.60663	-3.65187	0.254133	0.253593	0.251704	0.24057	0.0336044
1018	-4.17227	-4.17393	-4.17975	-4.21499	0.253224	0.252804	0.251337	0.242635	0.0338166
1019	-4.29996	-4.30142	-4.30655	-4.33762	0.252844	0.252475	0.251182	0.243498	0.0339053
1020	-4.73214	-4.73383	-4.73975	-4.77557	0.253277	0.252851	0.251358	0.242514	0.0338041
1021	-10.7805	-10.7822	-10.788	-10.823	0.253205	0.252788	0.251329	0.242678	0.033821
1022	-4.01561	-4.01714	-4.02253	-4.05515	0.252985	0.252597	0.25124	0.243178	0.0338724
1023	-9.91613	-9.91732	-9.92151	-9.94685	0.252322	0.252021	0.250968	0.244689	0.0340276
1024	-4.45496	-4.45568	-4.45823	-4.47364	0.251415	0.251232	0.250593	0.24676	0.0342404
1025	-4.32423	-4.32565	-4.33064	-4.36084	0.252765	0.252406	0.25115	0.243679	0.0339239
1034	-3.64799	-3.65017	-3.65782	-3.7041	0.254227	0.253674	0.251741	0.240357	0.0335825
1035	-3.94544	-3.94767	-3.95549	-4.00279	0.25432	0.253754	0.251779	0.240147	0.0335609
1036	-4.17227	-4.17393	-4.17975	-4.21499	0.253224	0.252804	0.251337	0.242635	0.0338166
1037	-13.9149	-13.9164	-13.9216	-13.9528	0.25286	0.252488	0.251188	0.243463	0.0339017
1038	-4.70136	-4.70255	-4.70671	-4.73192	0.25231	0.252011	0.250963	0.244716	0.0340304
1039	-4.89374	-4.89559	-4.90208	-4.94133	0.25359	0.253122	0.251485	0.241804	0.0337312
1040	-4.45496	-4.45568	-4.45823	-4.47364	0.251415	0.251232	0.250593	0.24676	0.0342404
1041	-5.22126	-5.2226	-5.22731	-5.25581	0.25261	0.252272	0.251086	0.244032	0.0339601
1042	-4.09151	-4.09331	-4.09961	-4.13775	0.253488	0.253033	0.251444	0.242035	0.0337549
1043	-4.73214	-4.73383	-4.73975	-4.77557	0.253277	0.252851	0.251358	0.242514	0.0338041
1044	-4.37674	-4.37821	-4.3834	-4.41475	0.252871	0.252498	0.251193	0.243439	0.0338992
1045	-9.26254	-9.26402	-9.2692	-9.30056	0.252871	0.252498	0.251193	0.243438	0.0338991
1046	-9.84796	-9.84934	-9.85421	-9.88362	0.252694	0.252344	0.251121	0.243841	0.0339405
1047	-3.94544	-3.94767	-3.95549	-4.00279	0.25432	0.253754	0.251779	0.240147	0.0335609
1048	-4.77861	-4.7798	-4.78399	-4.80933	0.252322	0.252021	0.250968	0.244689	0.0340277
1049	-4.89374	-4.89559	-4.90208	-4.94133	0.25359	0.253122	0.251485	0.241804	0.0337312
1050	-4.51782	-4.51862	-4.52143	-4.53843	0.25156	0.251359	0.250654	0.246427	0.0342062
1051	-3.26927	-3.27095	-3.27686	-3.31256	0.253267	0.252842	0.251354	0.242537	0.0338065
1052	-4.57315	-4.57463	-4.57981	-4.61118	0.252872	0.252499	0.251193	0.243436	0.0338989
1053	-4.77861	-4.7798	-4.78399	-4.80933	0.252322	0.252021	0.250968	0.244689	0.0340277
1054	-4.51782	-4.51862	-4.52143	-4.53843	0.25156	0.251359	0.250654	0.246427	0.0342062
1055	-4.37674	-4.37821	-4.3834	-4.41475	0.252871	0.252498	0.251193	0.243439	0.0338992
1056	-3.6836	-3.68574	-3.69324	-3.73859	0.254144	0.253601	0.251708	0.240548	0.0336021
1057	-5.09238	-5.09392	-5.09931	-5.13192	0.252985	0.252597	0.25124	0.243178	0.0338724
1058	-4.89374	-4.89559	-4.90208	-4.94133	0.25359	0.253122	0.251485	0.241804	0.0337312
1059	-4.45496	-4.45568	-4.45823	-4.47364	0.251415	0.251232	0.250593	0.24676	0.0342404
1060	-8.72833	-8.72981	-8.73499	-8.76636	0.252872	0.252499	0.251193	0.243436	0.0338989
1061	-4.51782	-4.51862	-4.52143	-4.53843	0.25156	0.251359	0.250654	0.246427	0.0342062
1062	-4.00707	-4.0083	-4.01264	-4.03887	0.252403	0.252092	0.251002	0.244503	0.0340086
1063	-9.81836	-9.8202	-9.82663	-9.86554	0.253559	0.253095	0.251472	0.241874	0.0337384
1064	-9.32006	-9.32206	-9.32909	-9.37161	0.253887	0.253379	0.251605	0.24113	0.0336619
1065	-4.20841	-4.20988	-4.21503	-4.24622	0.252855	0.252484	0.251186	0.243474	0.0339028
1066	-8.28268	-8.28437	-8.29033	-8.32639	0.253299	0.252869	0.251367	0.242465	0.0337991
1067	-8.92613	-8.92742	-8.93193	-8.95927	0.252504	0.25218	0.251043	0.244273	0.0339849
1068	-12.2213	-12.2226	-12.2269	-12.2529	0.252384	0.252075	0.250994	0.244547	0.0340131
1069	-3.94544	-3.94767	-3.95549	-4.00279	0.25432	0.253754	0.251779	0.240147	0.0335609
1070	-3.94544	-3.94767	-3.95549	-4.00279	0.25432	0.253754	0.251779	0.240147	0.0335609
1071	-9.23231	-9.23375	-9.2388	-9.26938	0.2528	0.252436	0.251164	0.2436	0.0339158
1072	-4.98178	-4.98295	-4.98706	-5.01191	0.252277	0.251982	0.25095	0.24479	0.034038
1073	-14.7264	-13.5585	-12.335	-10.7085	0.0141383	0.0454568	0.154521	0.785884	0.0896449
1074	-5.22126	-5.2226	-5.22731	-5.25581	0.25261	0.252272	0.251086	0.244032	0.0339601
1075	-4.00707	-4.0083	-4.01264	-4.03887	0.252403	0.252092	0.251002	0.244503	0.0340086
1076	-3.9626	-3.96386	-3.96828	-3.99505	0.252452	0.252134	0.251022	0.244392	0.0339971
1077	-3.26927	-3.27095	-3.27686	-3.31256	0.253267	0.252842	0.251354	0.242537	0.0338065
1078	-27.5972	-27.5985	-27.6029	-27.6296	0.25245	0.252133	0.251021	0.244396	0.0339975
1079	-4.71998	-4.72111	-4.72504	-4.74885	0.252182	0.2519	0.250911	0.245008	0.0340604
1080	-3.86859	-3.8706	-3.87768	-3.92048	0.253912	0.253401	0.251615	0.241072	0.033656
1081	-3.72932	-3.73145	-3.73892	-3.78412	0.25413	0.25359	0.251702	0.240579	0.0336053
1082	-4.23274	-4.23465	-4.24134	-4.28185	0.253703	0.25322	0.251531	0.241546	0.0337047
1083	-4.34611	-4.3473	-4.35145	-4.37663	0.252307	0.252008	0.250962	0.244723	0.0340312
1084	-3.94544	-3.94767	-3.95549	-4.00279	0.25432	0.253754	0.251779	0.240147	0.0335609
1085	-5.02102	-5.02268	-5.02851	-5.06382	0.253231	0.25281	0.25134	0.242619	0.033815
1086	-11.0287	-11.0301	-11.035	-11.065	0.252743	0.252387	0.251141	0.24373	0.0339291
1087	-9.12761	-9.12869	-9.13247	-9.15537	0.252099	0.251828	0.250877	0.245196	0.0340798
1088	-4.01828	-4.02054	-4.02847	-4.07647	0.254383	0.253809	0.251804	0.240004	0.0335462
1089	-3.86859	-3.8706	-3.87768	-3.92048	0.253912	0.253401	0.251615	0.241072	0.033656
1090	-31.2723	-30.104	-28.8791	-27.2445	0.014025	0.0451097	0.153548	0.787318	0.0897795
1091	-4.23274	-4.23465	-4.24134	-4.28185	0.253703	0.25322	0.251531	0.241546	0.0337047
1092	-5.09238	-5.09392	-5.09931	-5.13192	0.252985	0.252597	0.25124	0.243178	0.0338724
1093	-14.6279	-14.6301	-14.6376	-14.6832	0.254167	0.253622	0.251716	0.240494	0.0335966
1094	-16.5198	-16.5216	-16.5277	-16.5647	0.253384	0.252944	0.251402	0.24227	0.0337791
1095	-4.15724	-4.15911	-4.16568	-4.20547	0.253638	0.253164	0.251505	0.241694	0.0337199
1096	-9.6357	-9.63743	-9.64348	-9.68011	0.253351	0.252914	0.251388	0.242347	0.033787
1097	-4.89374	-4.89559	-4.90208	-4.94133	0.25359	0.253122	0.251485	0.241804	0.0337312
1098	-20.0415	-20.043	-20.0484	-20.081	0.252982	0.252595	0.251238	0.243184	0.0338731
1099	-5.22126	-5.2226	-5.22731	-5.25581	0.25261	0.252272	0.251086	0.244032	0.0339601
1100	-5.35117	-5.35252	-5.35724	-5.38584	0.252619	0.252279	0.25109	0.244012	0.0339581
1101	-20.446	-20.4472	-20.4517	-20.4788	0.252483	0.252161	0.251034	0.244321	0.0339898
1102	-4.20841	-4.20988	-4.21503	-4.24622	0.252855	0.252484	0.251186	0.243474	0.0339028
1103	-3.26927	-3.27095	-3.27686	-3.31256	0.253267	0.252842	0.251354	0.242537	0.0338065
1104	-3.97036	-3.97189	-3.97726	-4.00977	0.252976	0.252589	0.251236	0.243199	0.0338745
1105	-3.86859	-3.8706	-3.87768	-3.92048	0.253912	0.253401	0.251615	0.241072	0.033656
1106	-4.17227	-4.17393	-4.17975	-4.21499	0.253224	0.252804	0.251337	0.242635	0.0338166
1107	-9.03818	-9.04051	-9.04868	-9.09811	0.254513	0.253922	0.251856	0.239709	0.0335159
1108	-4.42102	-4.4222	-4.42633	-4.45132	0.25229	0.251994	0.250955	0.244761	0.034035
1109	-10.5358	-10.537	-10.5411	-10.5661	0.25229	0.251994	0.250955	0.24476	0.034035
1110	-10.0244	-10.0268	-10.035	-10.0852	0.254577	0.253977	0.251881	0.239565	0.0335011
1111	-4.71998	-4.72111	-4.72504	-4.74885	0.252182	0.2519	0.250911	0.245008	0.0340604
1112	-3.59702	-3.59915	-3.60663	-3.65187	0.254133	0.253593	0.251704	0.24057	0.0336044
1113	-6.62178	-6.62391	-6.63138	-6.67657	0.254129	0.253589	0.251701	0.240581	0.0336054
1114	-3.6836	-3.68574	-3.69324	-3.73859	0.254144	0.253601	0.251708	0.240548	0.0336021
1115	-4.01561	-4.01714	-4.02253	-4.05515	0.252985	0.252597	0.25124	0.243178	0.0338724
1116	-4.278	-4.27941	-4.28437	-4.31437	0.252747	0.25239	0.251142	0.243721	0.0339282
1117	-4.43437	-4.4358	-4.44082	-4.47123	0.252784	0.252422	0.251158	0.243636	0.0339195
1118	-10.3498	-10.3512	-10.3564	-10.3878	0.252873	0.2525	0.251194	0.243433	0.0338986
1119	-13.2394	-13.2416	-13.2491	-13.2944	0.254141	0.253599	0.251706	0.240554	0.0336027
1120	-4.01828	-4.02054	-4.02847	-4.07647	0.254383	0.253809	0.251804	0.240004	0.0335462
1121	-3.72932	-3.73145	-3.73892	-3.78412	0.25413	0.25359	0.251702	0.240579	0.0336053
1122	-4.23274	-4.23465	-4.24134	-4.28185	0.253703	0.25322	0.251531	0.241546	0.0337047
1123	-16.7665	-16.768	-16.7731	-16.8042	0.252845	0.252476	0.251183	0.243496	0.0339051
1124	-14.5117	-14.5132	-14.5185	-14.5501	0.252898	0.252521	0.251204	0.243377	0.0338928
1125	-4.09631	-4.09815	-4.10458	-4.14352	0.253561	0.253097	0.251473	0.241869	0.0337379
1126	-4.98178	-4.98295	-4.98706	-5.01191	0.252277	0.251982	0.25095	0.24479	0.034038
1127	-4.45496	-4.45568	-4.45823	-4.47364	0.251415	0.251232	0.250593	0.24676	0.0342404
1128	-12.3526	-12.354	-12.359	-12.389	0.252746	0.25239	0.251142	0.243722	0.0339282
1129	-4.29996	-4.30142	-4.30655	-4.33762	0.252844	0.252475	0.251182	0.243498	0.0339053
1130	-4.29996	-4.30142	-4.30655	-4.33762	0.252844	0.252475	0.251182	0.243498	0.0339053
1131	-4.57315	-4.57463	-4.57981	-4.61118	0.252872	0.252499	0.251193	0.243436	0.0338989
1132	-3.94544	-3.94767	-3.95549	-4.00279	0.25432	0.253754	0.251779	0.240147	0.0335609
1133	-3.86859	-3.8706	-3.87768	-3.92048	0.253912	0.253401	0.251615	0.241072	0.033656
1134	-4.89374	-4.89559	-4.90208	-4.94133	0.25359	0.253122	0.251485	0.241804	0.0337312
1135	-4.01561	-4.01714	-4.02253	-4.05515	0.252985	0.252597	0.25124	0.243178	0.0338724
1136	-12.8118	-12.814	-12.8214	-12.8666	0.25413	0.253589	0.251701	0.24058	0.0336054
1137	-4.45496	-4.45568	-4.45823	-4.47364	0.251415	0.251232	0.250593	0.24676	0.0342404
1138	-3.72932	-3.73145	-3.73892	-3.78412	0.25413	0.25359	0.251702	0.240579	0.0336053
1139	-27.4266	-26.2589	-25.0357	-23.4118	0.0141745	0.0455673	0.15483	0.785428	0.089602
1140	-4.23274	-4.23465	-4.24134	-4.28185	0.253703	0.25322	0.251531	0.241546	0.0337047
1141	-4.64232	-4.644	-4.64991	-4.68566	0.253271	0.252845	0.251356	0.242527	0.0338055
1142	-3.6836	-3.68574	-3.69324	-3.73859	0.254144	0.253601	0.251708	0.240548	0.0336021
1143	-4.43437	-4.4358	-4.44082	-4.47123	0.252784	0.252422	0.251158	0.243636	0.0339195
1144	-3.72932	-3.73145	-3.73892	-3.78412	0.25413	0.25359	0.251702	0.240579	0.0336053
1145	-3.72932	-3.73145	-3.73892	-3.78412	0.25413	0.25359	0.251702	0.240579	0.0336053
1146	-3.6836	-3.68574	-3.69324	-3.73859	0.254144	0.253601	0.251708	0.240548	0.0336021
1147	-4.20841	-4.20988	-4.21503	-4.24622	0.252855	0.252484	0.251186	0.243474	0.0339028
1148	-4.45496	-4.45568	-4.45823	-4.47364	0.251415	0.251232	0.250593	0.24676	0.0342404
1149	-4.78464	-4.7861	-4.79121	-4.82212	0.252831	0.252463	0.251177	0.24353	0.0339085
1150	-3.72932	-3.73145	-3.73892	-3.78412	0.25413	0.25359	0.251702	0.240579	0.0336053
1151	-4.01828	-4.02054	-4.02847	-4.07647	0.254383	0.253809	0.251804	0.240004	0.0335462
1152	-3.9626	-3.96386	-3.96828	-3.99505	0.252452	0.252134	0.251022	0.244392	0.0339971
1153	-3.72932	-3.73145	-3.73892	-3.78412	0.25413	0.25359	0.251702	0.240579	0.0336053
