Sites	Ll_YN98.omega=0.00219142	Ll_YN98.omega=0.0072447	Ll_YN98.omega=0.0208813	Ll_YN98.omega=0.0783718	Ll_YN98.omega=8.11647	Pr_YN98.omega=0.00219142	Pr_YN98.omega=0.0072447	Pr_YN98.omega=0.0208813	Pr_YN98.omega=0.0783718	Pr_YN98.omega=8.11647	mean
1	-4.09622	-4.09789	-4.10241	-4.12147	-6.74771	0.25204	0.251618	0.250483	0.245754	0.000104696	0.0277156
2	-4.09622	-4.09791	-4.10248	-4.12172	-6.77381	0.252061	0.251635	0.250488	0.245714	0.000102008	0.0276909
3	-3.21275	-3.2143	-3.21849	-3.23616	-5.63278	0.251882	0.251491	0.25044	0.246055	0.000131882	0.0279576
4	-3.68055	-3.68251	-3.68781	-3.71016	-6.71703	0.252404	0.251909	0.250577	0.245039	7.13446e-05	0.0273937
5	-4.75429	-4.75563	-4.75926	-4.77454	-6.86974	0.251612	0.251275	0.250365	0.246569	0.000178646	0.0283738
6	-17.1513	-15.957	-14.9021	-13.5952	-11.0935	0.0194845	0.0643255	0.184713	0.682436	0.0490405	0.455885
7	-4.25661	-4.25796	-4.2616	-4.27695	-6.37451	0.251621	0.251281	0.250368	0.246552	0.000178214	0.0283691
8	-3.63648	-3.63845	-3.64377	-3.66619	-6.67962	0.252412	0.251915	0.250579	0.245023	7.08737e-05	0.0273887
9	-4.25661	-4.25796	-4.2616	-4.27695	-6.37451	0.251621	0.251281	0.250368	0.246552	0.000178214	0.0283691
10	-4.16359	-4.16512	-4.16925	-4.18666	-6.58598	0.251855	0.25147	0.250433	0.246111	0.000131556	0.027959
11	-5.06849	-5.06991	-5.07373	-5.08985	-7.30525	0.251708	0.251352	0.250393	0.246389	0.000158299	0.0281959
12	-4.11751	-4.11923	-4.1239	-4.14357	-6.83284	0.252108	0.251672	0.250501	0.245621	9.82484e-05	0.0276537
13	-4.87445	-4.87616	-4.88076	-4.90016	-7.55475	0.252078	0.251648	0.250493	0.24568	0.000101739	0.0276862
14	-4.38723	-4.38831	-4.39124	-4.40359	-6.08717	0.251272	0.250999	0.250265	0.247194	0.000270308	0.0291619
15	-4.09623	-4.09793	-4.10252	-4.12189	-6.79093	0.252074	0.251645	0.250492	0.245688	0.000100283	0.027675
16	-3.91409	-3.91616	-3.92174	-3.94527	-7.14274	0.252535	0.252013	0.25061	0.244782	5.89017e-05	0.0272743
17	-3.25878	-3.26037	-3.26466	-3.28276	-5.73688	0.251931	0.25153	0.250453	0.245961	0.000124465	0.0278908
18	-3.91409	-3.91616	-3.92174	-3.94527	-7.14274	0.252535	0.252013	0.25061	0.244782	5.89017e-05	0.0272743
19	-4.69524	-4.69681	-4.70103	-4.71884	-7.13628	0.251899	0.251505	0.250444	0.246023	0.000129149	0.0279332
20	-4.09623	-4.09793	-4.10252	-4.12189	-6.79093	0.252074	0.251645	0.250492	0.245688	0.000100283	0.027675
21	-5.06898	-5.07041	-5.07425	-5.09047	-7.32007	0.25172	0.251361	0.250396	0.246367	0.000156053	0.0281761
22	-4.45974	-4.4611	-4.46479	-4.48031	-6.5972	0.25164	0.251297	0.250373	0.246516	0.000174777	0.0283386
23	-3.95948	-3.96063	-3.96372	-3.97677	-5.77563	0.251355	0.251067	0.250291	0.247046	0.000240732	0.0289115
24	-5.06898	-5.07041	-5.07425	-5.09047	-7.32007	0.25172	0.251361	0.250396	0.246367	0.000156053	0.0281761
25	-5.06898	-5.07041	-5.07425	-5.09047	-7.32007	0.25172	0.251361	0.250396	0.246367	0.000156053	0.0281761
26	-3.25878	-3.26037	-3.26466	-3.28276	-5.73688	0.251931	0.25153	0.250453	0.245961	0.000124465	0.0278908
27	-4.41913	-4.4198	-4.42162	-4.42929	-5.49094	0.250705	0.250536	0.250081	0.248171	0.000505446	0.0311386
28	-3.98443	-3.98653	-3.99219	-4.01607	-7.24884	0.252573	0.252044	0.25062	0.244706	5.68409e-05	0.0272522
29	-4.53192	-4.5333	-4.537	-4.5526	-6.6732	0.251649	0.251304	0.250375	0.246499	0.000174117	0.028332
30	-5.18242	-5.18367	-5.18703	-5.2012	-7.14187	0.251485	0.251172	0.250329	0.246806	0.0002087	0.0286345
31	-5.06898	-5.07041	-5.07425	-5.09047	-7.32007	0.25172	0.251361	0.250396	0.246367	0.000156053	0.0281761
32	-4.61065	-4.61221	-4.61643	-4.63421	-7.05727	0.251896	0.251502	0.250444	0.24603	0.000128427	0.0279279
33	-3.98443	-3.98653	-3.99219	-4.01607	-7.24884	0.252573	0.252044	0.25062	0.244706	5.68409e-05	0.0272522
34	-4.69524	-4.69681	-4.70103	-4.71884	-7.13628	0.251899	0.251505	0.250444	0.246023	0.000129149	0.0279332
35	-4.61065	-4.61221	-4.61643	-4.63421	-7.05727	0.251896	0.251502	0.250444	0.24603	0.000128427	0.0279279
36	-4.38792	-4.38901	-4.39196	-4.40439	-6.09884	0.251281	0.251007	0.250268	0.247177	0.000267367	0.0291368
37	-4.87485	-4.87657	-4.8812	-4.90072	-7.57239	0.252092	0.251659	0.250496	0.245653	0.000100005	0.0276703
38	-4.98706	-4.9886	-4.99277	-5.01032	-7.40299	0.251871	0.251482	0.250437	0.246078	0.000132416	0.0279636
39	-4.19072	-4.19249	-4.19727	-4.21742	-6.96519	0.252161	0.251715	0.250514	0.245517	9.26261e-05	0.0276006
40	-4.65758	-4.65868	-4.66166	-4.67419	-6.3924	0.251295	0.251018	0.250272	0.247154	0.000261068	0.0290841
41	-5.06898	-5.07041	-5.07425	-5.09047	-7.32007	0.25172	0.251361	0.250396	0.246367	0.000156053	0.0281761
42	-4.75491	-4.75627	-4.75991	-4.77529	-6.88395	0.251623	0.251283	0.250369	0.246548	0.000176243	0.0283528
43	-3.68156	-3.68354	-3.68887	-3.71136	-6.73789	0.25242	0.251921	0.250581	0.245009	6.99473e-05	0.0273802
44	-4.29202	-4.2933	-4.29676	-4.31133	-6.32038	0.251532	0.25121	0.250343	0.24672	0.00019484	0.028516
45	-5.06898	-5.07041	-5.07425	-5.09047	-7.32007	0.25172	0.251361	0.250396	0.246367	0.000156053	0.0281761
46	-4.2575	-4.25886	-4.26252	-4.27798	-6.38906	0.251632	0.25129	0.250371	0.246531	0.000175806	0.028348
47	-8.45087	-8.45216	-8.45562	-8.47024	-10.4656	0.251536	0.251213	0.250343	0.246711	0.000197511	0.0285369
48	-3.68156	-3.68354	-3.68887	-3.71136	-6.73789	0.25242	0.251921	0.250581	0.245009	6.99473e-05	0.0273802
49	-3.91618	-3.91735	-3.92051	-3.93383	-5.76813	0.251386	0.251092	0.2503	0.24699	0.000232297	0.028839
50	-11.6538	-11.655	-11.6581	-11.6715	-13.5053	0.251386	0.251092	0.2503	0.24699	0.000232406	0.02884
51	-3.6081	-3.61032	-3.61631	-3.64154	-7.04481	0.252722	0.252162	0.250657	0.244412	4.78733e-05	0.0271582
52	-3.91618	-3.91735	-3.92051	-3.93383	-5.76813	0.251386	0.251092	0.2503	0.24699	0.000232297	0.028839
53	-3.25878	-3.26037	-3.26466	-3.28276	-5.73688	0.251931	0.25153	0.250453	0.245961	0.000124465	0.0278908
54	-3.25878	-3.26037	-3.26466	-3.28276	-5.73688	0.251931	0.25153	0.250453	0.245961	0.000124465	0.0278908
55	-3.21393	-3.2155	-3.21971	-3.23749	-5.64965	0.251895	0.251501	0.250443	0.246031	0.000129836	0.0279393
56	-3.21393	-3.2155	-3.21971	-3.23749	-5.64965	0.251895	0.251501	0.250443	0.246031	0.000129836	0.0279393
59	-4.53192	-4.5333	-4.537	-4.5526	-6.6732	0.251649	0.251304	0.250375	0.246499	0.000174117	0.028332
60	-4.31161	-4.31271	-4.31568	-4.3282	-6.05496	0.251293	0.251017	0.250272	0.247159	0.000258847	0.0290664
61	-9.08144	-9.08301	-9.08723	-9.10505	-11.5123	0.2519	0.251505	0.250444	0.246021	0.000130475	0.0279438
62	-16.9979	-16.9992	-17.0029	-17.0185	-19.1433	0.251649	0.251304	0.250375	0.246499	0.00017339	0.0283261
63	-4.33086	-4.33223	-4.33593	-4.35153	-6.47523	0.251648	0.251303	0.250375	0.2465	0.000173579	0.0283278
64	-4.61065	-4.61221	-4.61643	-4.63421	-7.05727	0.251896	0.251502	0.250444	0.24603	0.000128427	0.0279279
65	-3.25878	-3.26037	-3.26466	-3.28276	-5.73688	0.251931	0.25153	0.250453	0.245961	0.000124465	0.0278908
66	-4.11776	-4.11913	-4.1228	-4.13831	-6.26912	0.251638	0.251295	0.250373	0.246522	0.000172363	0.0283194
67	-4.11776	-4.11913	-4.1228	-4.13831	-6.26912	0.251638	0.251295	0.250373	0.246522	0.000172363	0.0283194
68	-4.41913	-4.4198	-4.42162	-4.42929	-5.49094	0.250705	0.250536	0.250081	0.248171	0.000505446	0.0311386
69	-3.21393	-3.2155	-3.21971	-3.23749	-5.64965	0.251895	0.251501	0.250443	0.246031	0.000129836	0.0279393
70	-3.21393	-3.2155	-3.21971	-3.23749	-5.64965	0.251895	0.251501	0.250443	0.246031	0.000129836	0.0279393
71	-3.25878	-3.26037	-3.26466	-3.28276	-5.73688	0.251931	0.25153	0.250453	0.245961	0.000124465	0.0278908
72	-4.2575	-4.25886	-4.26252	-4.27798	-6.38906	0.251632	0.25129	0.250371	0.246531	0.000175806	0.028348
73	-4.87485	-4.87657	-4.8812	-4.90072	-7.57239	0.252092	0.251659	0.250496	0.245653	0.000100005	0.0276703
74	-4.69524	-4.69681	-4.70103	-4.71884	-7.13628	0.251899	0.251505	0.250444	0.246023	0.000129149	0.0279332
75	-4.48082	-4.48156	-4.48357	-4.49203	-5.6646	0.250805	0.250618	0.250116	0.248009	0.00045208	0.0306942
76	-3.59833	-3.60029	-3.6056	-3.62794	-6.64979	0.252404	0.251909	0.250577	0.24504	7.02841e-05	0.0273852
77	-4.75491	-4.75627	-4.75991	-4.77529	-6.88395	0.251623	0.251283	0.250369	0.246548	0.000176243	0.0283528
78	-4.15994	-4.1613	-4.16498	-4.1805	-6.28404	0.251638	0.251295	0.250372	0.246518	0.000177126	0.0283577
79	-3.55469	-3.55667	-3.56201	-3.58452	-6.62525	0.252422	0.251923	0.250581	0.245005	6.89596e-05	0.0273719
80	-5.06898	-5.07041	-5.07425	-5.09047	-7.32007	0.25172	0.251361	0.250396	0.246367	0.000156053	0.0281761
81	-4.87485	-4.87657	-4.8812	-4.90072	-7.57239	0.252092	0.251659	0.250496	0.245653	0.000100005	0.0276703
82	-3.98443	-3.98653	-3.99219	-4.01607	-7.24884	0.252573	0.252044	0.25062	0.244706	5.68409e-05	0.0272522
83	-3.59833	-3.60029	-3.6056	-3.62794	-6.64979	0.252404	0.251909	0.250577	0.24504	7.02841e-05	0.0273852
84	-3.21393	-3.2155	-3.21971	-3.23749	-5.64965	0.251895	0.251501	0.250443	0.246031	0.000129836	0.0279393
85	-4.61065	-4.61221	-4.61643	-4.63421	-7.05727	0.251896	0.251502	0.250444	0.24603	0.000128427	0.0279279
86	-3.96167	-3.9631	-3.96695	-3.98317	-6.18442	0.251719	0.25136	0.250395	0.246365	0.000160538	0.0282123
87	-3.91618	-3.91735	-3.92051	-3.93383	-5.76813	0.251386	0.251092	0.2503	0.24699	0.000232297	0.028839
88	-3.21393	-3.2155	-3.21971	-3.23749	-5.64965	0.251895	0.251501	0.250443	0.246031	0.000129836	0.0279393
264	-4.25025	-4.25156	-4.2551	-4.27002	-6.32508	0.251571	0.251242	0.250354	0.246647	0.000186024	0.0284392
265	-4.15994	-4.1613	-4.16498	-4.1805	-6.28404	0.251638	0.251295	0.250372	0.246518	0.000177126	0.0283577
266	-4.25025	-4.25156	-4.2551	-4.27002	-6.32508	0.251571	0.251242	0.250354	0.246647	0.000186024	0.0284392
267	-12.0377	-12.0388	-12.0417	-12.0542	-13.7492	0.251282	0.251007	0.250268	0.247176	0.000267214	0.0291355
268	-4.25025	-4.25156	-4.2551	-4.27002	-6.32508	0.251571	0.251242	0.250354	0.246647	0.000186024	0.0284392
269	-4.73129	-4.7324	-4.73539	-4.74799	-6.47035	0.251302	0.251024	0.250274	0.24714	0.00025997	0.0290742
270	-4.09648	-4.09875	-4.1049	-4.1308	-7.66576	0.252796	0.252221	0.250676	0.244266	4.19413e-05	0.0270996
271	-4.09648	-4.09875	-4.1049	-4.1308	-7.66576	0.252796	0.252221	0.250676	0.244266	4.19413e-05	0.0270996
272	-4.50272	-4.50454	-4.50947	-4.53023	-7.32479	0.252229	0.251769	0.250531	0.245383	8.83434e-05	0.0275563
273	-4.42551	-4.42698	-4.43096	-4.44772	-6.7063	0.25178	0.251409	0.250411	0.246249	0.000151523	0.0281308
274	-3.27618	-3.27827	-3.28391	-3.30768	-6.46101	0.252561	0.252033	0.250616	0.244728	6.15465e-05	0.0272919
275	-4.28151	-4.28327	-4.288	-4.30796	-7.03042	0.252139	0.251697	0.250509	0.245559	9.50163e-05	0.0276231
276	-4.63134	-4.63279	-4.63672	-4.65329	-6.92807	0.251759	0.251393	0.250407	0.246293	0.000149115	0.0281145
277	-4.70683	-4.7083	-4.71228	-4.72905	-7.0039	0.251781	0.25141	0.250412	0.246247	0.000149077	0.0281109
278	-4.21453	-4.21635	-4.22127	-4.24203	-7.01169	0.252227	0.251767	0.25053	0.245385	9.05709e-05	0.0275745
279	-8.49915	-8.50124	-8.50689	-8.53066	-11.6658	0.252561	0.252033	0.250615	0.244727	6.26776e-05	0.027301
280	-6.03744	-6.03956	-6.04529	-6.06942	-9.0981	0.252598	0.252062	0.250622	0.244648	6.96937e-05	0.0273521
281	-4.09648	-4.09875	-4.1049	-4.1308	-7.66576	0.252796	0.252221	0.250676	0.244266	4.19413e-05	0.0270996
282	-7.0722	-7.0743	-7.07994	-7.10373	-10.1663	0.252562	0.252034	0.250614	0.244723	6.73941e-05	0.0273389
283	-3.27618	-3.27827	-3.28391	-3.30768	-6.46101	0.252561	0.252033	0.250616	0.244728	6.15465e-05	0.0272919
284	-4.63134	-4.63279	-4.63672	-4.65329	-6.92807	0.251759	0.251393	0.250407	0.246293	0.000149115	0.0281145
285	-4.15166	-4.15349	-4.15841	-4.17914	-6.9936	0.252226	0.251767	0.250531	0.24539	8.66049e-05	0.0275427
286	-3.27618	-3.27827	-3.28391	-3.30768	-6.46101	0.252561	0.252033	0.250616	0.244728	6.15465e-05	0.0272919
287	-6.03744	-6.03956	-6.04529	-6.06942	-9.0981	0.252598	0.252062	0.250622	0.244648	6.96937e-05	0.0273521
288	-3.32318	-3.32531	-3.33105	-3.35525	-6.55826	0.252608	0.252071	0.250628	0.244635	5.85414e-05	0.0272608
289	-4.72366	-4.72505	-4.72881	-4.74465	-6.91447	0.251676	0.251326	0.250383	0.246449	0.000165721	0.0282604
290	-3.96836	-3.96992	-3.97415	-3.99196	-6.41829	0.251899	0.251505	0.250444	0.246024	0.000128004	0.027924
291	-16.6179	-16.6197	-16.6246	-16.645	-19.4202	0.252192	0.251739	0.250522	0.245457	9.00981e-05	0.0275758
292	-4.21453	-4.21635	-4.22127	-4.24203	-7.01169	0.252227	0.251767	0.25053	0.245385	9.05709e-05	0.0275745
293	-3.27618	-3.27827	-3.28391	-3.30768	-6.46101	0.252561	0.252033	0.250616	0.244728	6.15465e-05	0.0272919
294	-8.65826	-8.66035	-8.66599	-8.68977	-11.8275	0.252561	0.252033	0.250615	0.244728	6.25117e-05	0.0272997
295	-27.4106	-27.4121	-27.4161	-27.4329	-29.7252	0.251787	0.251415	0.250414	0.246238	0.000146497	0.0280893
296	-3.32318	-3.32531	-3.33105	-3.35525	-6.55826	0.252608	0.252071	0.250628	0.244635	5.85414e-05	0.0272608
297	-4.78452	-4.786	-4.79	-4.80685	-7.08768	0.251791	0.251418	0.250414	0.246229	0.000148176	0.0281022
298	-4.15166	-4.15349	-4.15841	-4.17914	-6.9936	0.252226	0.251767	0.250531	0.24539	8.66049e-05	0.0275427
299	-10.0248	-10.0262	-10.0302	-10.047	-12.343	0.251787	0.251415	0.250414	0.246239	0.000145957	0.028085
300	-6.9273	-6.92942	-6.93512	-6.95916	-10.0508	0.252588	0.252055	0.250621	0.24467	6.54451e-05	0.0273193
301	-8.81192	-8.81401	-8.81968	-8.84354	-11.9952	0.252571	0.252041	0.250618	0.244708	6.16416e-05	0.0272912
302	-3.27618	-3.27827	-3.28391	-3.30768	-6.46101	0.252561	0.252033	0.250616	0.244728	6.15465e-05	0.0272919
303	-3.27618	-3.27827	-3.28391	-3.30768	-6.46101	0.252561	0.252033	0.250616	0.244728	6.15465e-05	0.0272919
304	-30.2013	-30.2029	-30.2074	-30.2264	-32.7657	0.252024	0.251604	0.250477	0.245781	0.000114211	0.0277946
305	-4.72366	-4.72505	-4.72881	-4.74465	-6.91447	0.251676	0.251326	0.250383	0.246449	0.000165721	0.0282604
306	-4.09648	-4.09875	-4.1049	-4.1308	-7.66578	0.252796	0.252221	0.250676	0.244266	4.19404e-05	0.0270996
307	-3.96836	-3.96992	-3.97415	-3.99196	-6.41831	0.251899	0.251505	0.250444	0.246024	0.000128003	0.0279239
308	-3.27618	-3.27827	-3.28391	-3.30768	-6.46103	0.252561	0.252033	0.250616	0.244728	6.15454e-05	0.0272919
309	-3.27618	-3.27827	-3.28391	-3.30768	-6.46103	0.252561	0.252033	0.250616	0.244728	6.15454e-05	0.0272919
509	-3.32318	-3.32531	-3.33105	-3.35526	-6.55828	0.252608	0.252071	0.250628	0.244635	5.85404e-05	0.0272608
510	-3.32318	-3.32531	-3.33105	-3.35526	-6.55828	0.252608	0.252071	0.250628	0.244635	5.85404e-05	0.0272608
511	-4.01296	-4.01449	-4.01863	-4.03609	-6.41677	0.251859	0.251473	0.250434	0.246101	0.000134026	0.0279783
512	-3.32318	-3.32531	-3.33105	-3.35526	-6.55828	0.252608	0.252071	0.250628	0.244635	5.85404e-05	0.0272608
513	-3.68939	-3.69204	-3.69921	-3.72938	-7.68608	0.253261	0.25259	0.250788	0.243333	2.74044e-05	0.0269146
514	-4.72361	-4.72532	-4.72991	-4.74927	-7.41305	0.252074	0.251645	0.250492	0.245688	0.000100812	0.0276794
515	-4.33294	-4.33474	-4.33959	-4.36002	-7.11349	0.252192	0.251739	0.250522	0.245455	9.20756e-05	0.0275917
516	-3.59745	-3.60003	-3.60699	-3.63633	-7.4975	0.25317	0.252518	0.250766	0.243516	3.01741e-05	0.0269502
517	-3.64258	-3.64515	-3.65206	-3.68118	-7.52055	0.253147	0.252499	0.25076	0.243562	3.08451e-05	0.026959
518	-3.26976	-3.2718	-3.2773	-3.30047	-6.36937	0.252494	0.25198	0.250599	0.24486	6.70043e-05	0.0273456
519	-3.31655	-3.31863	-3.32422	-3.34781	-6.46483	0.25254	0.252017	0.25061	0.244768	6.38325e-05	0.0273133
520	-3.68939	-3.69204	-3.69921	-3.72938	-7.68608	0.253261	0.25259	0.250788	0.243333	2.74044e-05	0.0269146
521	-3.27618	-3.27827	-3.28391	-3.30768	-6.46103	0.252561	0.252033	0.250616	0.244728	6.15454e-05	0.0272919
522	-4.45929	-4.46019	-4.46262	-4.47287	-5.88317	0.251024	0.250797	0.250188	0.247635	0.000355894	0.0298875
523	-3.65286	-3.65583	-3.66383	-3.69758	-8.12869	0.253649	0.252897	0.25088	0.242556	1.6998e-05	0.0267742
524	-4.15167	-4.15349	-4.15841	-4.17914	-6.99362	0.252226	0.251767	0.250531	0.24539	8.66036e-05	0.0275427
525	-3.27618	-3.27827	-3.28391	-3.30768	-6.46103	0.252561	0.252033	0.250616	0.244728	6.15454e-05	0.0272919
526	-4.15167	-4.15349	-4.15841	-4.17914	-6.99362	0.252226	0.251767	0.250531	0.24539	8.66036e-05	0.0275427
527	-4.52229	-4.52328	-4.52597	-4.53728	-6.09622	0.251151	0.250901	0.250229	0.247413	0.000306461	0.0294708
528	-3.27618	-3.27827	-3.28391	-3.30768	-6.46103	0.252561	0.252033	0.250616	0.244728	6.15454e-05	0.0272919
529	-9.87789	-9.87998	-9.88562	-9.90939	-13.0581	0.252561	0.252033	0.250616	0.244728	6.18321e-05	0.0272942
530	-3.27618	-3.27827	-3.28391	-3.30768	-6.46103	0.252561	0.252033	0.250616	0.244728	6.15454e-05	0.0272919
540	-3.32318	-3.32531	-3.33105	-3.35526	-6.55828	0.252608	0.252071	0.250628	0.244635	5.85404e-05	0.0272608
541	-8.65826	-8.66035	-8.66599	-8.68977	-11.8276	0.252561	0.252033	0.250615	0.244728	6.25106e-05	0.0272996
551	-3.27618	-3.27827	-3.28391	-3.30768	-6.46103	0.252561	0.252033	0.250616	0.244728	6.15454e-05	0.0272919
552	-3.27618	-3.27827	-3.28391	-3.30768	-6.46103	0.252561	0.252033	0.250616	0.244728	6.15454e-05	0.0272919
553	-3.27618	-3.27827	-3.28391	-3.30768	-6.46103	0.252561	0.252033	0.250616	0.244728	6.15454e-05	0.0272919
554	-3.32177	-3.32389	-3.3296	-3.35367	-6.53846	0.252594	0.25206	0.250624	0.244663	5.96247e-05	0.0272716
555	-12.2878	-12.2899	-12.2956	-12.3195	-15.3765	0.252573	0.252043	0.250617	0.244699	6.77588e-05	0.0273401
556	-3.27481	-3.27689	-3.2825	-3.30615	-6.44158	0.252547	0.252022	0.250612	0.244756	6.26649e-05	0.027303
557	-25.5292	-24.3356	-23.2826	-21.9838	-20.3181	0.0202067	0.0666627	0.191061	0.700259	0.0218107	0.236423
558	-12.5638	-12.5659	-12.5716	-12.5955	-15.6564	0.252573	0.252043	0.250617	0.244699	6.74952e-05	0.027338
559	-10.7733	-10.7754	-10.7811	-10.8051	-13.7852	0.252582	0.252049	0.250618	0.244678	7.31712e-05	0.0273825
560	-3.27481	-3.27689	-3.2825	-3.30615	-6.44158	0.252547	0.252022	0.250612	0.244756	6.26649e-05	0.027303
561	-3.27481	-3.27689	-3.2825	-3.30615	-6.44158	0.252547	0.252022	0.250612	0.244756	6.26649e-05	0.027303
562	-3.27481	-3.27689	-3.2825	-3.30615	-6.44158	0.252547	0.252022	0.250612	0.244756	6.26649e-05	0.027303
563	-19.8888	-19.8908	-19.8965	-19.9202	-23.0194	0.252557	0.25203	0.250614	0.244735	6.49755e-05	0.0273202
565	-11.1337	-11.1358	-11.1415	-11.1654	-14.1889	0.252572	0.252041	0.250616	0.244701	7.00671e-05	0.027359
566	-3.29876	-3.3007	-3.30593	-3.328	-6.18809	0.252371	0.251882	0.250566	0.245099	8.26437e-05	0.0274896
572	-3.21104	-3.21229	-3.21566	-3.22984	-5.17428	0.251486	0.251173	0.250329	0.246804	0.000207913	0.0286279
573	-20.1537	-20.1549	-20.1582	-20.1719	-22.0032	0.251429	0.251126	0.25031	0.246902	0.00023292	0.0288378
574	-12.7588	-12.7609	-12.7665	-12.7902	-15.8804	0.252548	0.252023	0.250612	0.244752	6.55596e-05	0.0273261
575	-3.27481	-3.27689	-3.2825	-3.30615	-6.44158	0.252547	0.252022	0.250612	0.244756	6.26649e-05	0.027303
577	-10.1859	-10.1879	-10.1932	-10.2156	-13.1674	0.252411	0.251913	0.250577	0.245023	7.5379e-05	0.0274253
578	-17.4632	-17.4653	-17.471	-17.4949	-20.5323	0.252572	0.252042	0.250617	0.2447	6.91067e-05	0.0273511
579	-3.27481	-3.27689	-3.2825	-3.30615	-6.44158	0.252547	0.252022	0.250612	0.244756	6.26649e-05	0.027303
583	-3.27481	-3.27689	-3.2825	-3.30615	-6.44158	0.252547	0.252022	0.250612	0.244756	6.26649e-05	0.027303
584	-3.27481	-3.27689	-3.2825	-3.30615	-6.44158	0.252547	0.252022	0.250612	0.244756	6.26649e-05	0.027303
585	-6.0243	-6.02638	-6.032	-6.05568	-9.02395	0.252548	0.252023	0.25061	0.244745	7.40635e-05	0.0273946
586	-3.27481	-3.27689	-3.2825	-3.30615	-6.44158	0.252547	0.252022	0.250612	0.244756	6.26649e-05	0.027303
587	-11.2256	-11.2277	-11.2334	-11.2574	-14.2484	0.252583	0.25205	0.250618	0.244677	7.23799e-05	0.027376
588	-3.27481	-3.27689	-3.2825	-3.30615	-6.44158	0.252547	0.252022	0.250612	0.244756	6.26649e-05	0.027303
589	-3.27481	-3.27689	-3.2825	-3.30615	-6.44158	0.252547	0.252022	0.250612	0.244756	6.26649e-05	0.027303
590	-3.27481	-3.27689	-3.2825	-3.30615	-6.44158	0.252547	0.252022	0.250612	0.244756	6.26649e-05	0.027303
591	-3.27481	-3.27689	-3.2825	-3.30615	-6.44158	0.252547	0.252022	0.250612	0.244756	6.26649e-05	0.027303
593	-7.51635	-7.51843	-7.52405	-7.5477	-10.6365	0.252547	0.252022	0.250611	0.244754	6.56574e-05	0.027327
594	-6.9259	-6.928	-6.93367	-6.95757	-10.031	0.252574	0.252043	0.250618	0.244698	6.66561e-05	0.0273311
595	-7.51635	-7.51843	-7.52405	-7.5477	-10.6365	0.252547	0.252022	0.250611	0.244754	6.56574e-05	0.027327
596	-3.65188	-3.65483	-3.6628	-3.69636	-8.10205	0.253629	0.252882	0.250876	0.242596	1.74385e-05	0.0267807
597	-4.21335	-4.21516	-4.22006	-4.2407	-6.99474	0.252214	0.251757	0.250527	0.245409	9.20065e-05	0.0275879
598	-9.37849	-9.38058	-9.38621	-9.40997	-12.5955	0.252559	0.252032	0.250616	0.244733	5.95945e-05	0.0272764
599	-3.60129	-3.60392	-3.61103	-3.64097	-7.58639	0.253236	0.25257	0.250782	0.243385	2.7721e-05	0.0269209
600	-3.32177	-3.32389	-3.3296	-3.35367	-6.53846	0.252594	0.25206	0.250624	0.244663	5.96247e-05	0.0272716
601	-44.9779	-41.3924	-38.2211	-34.272	-22.4155	2.69637e-08	9.7263e-07	2.3186e-05	0.00120309	0.998773	8.10661
602	-18.8432	-17.65	-16.598	-15.3033	-14.1761	0.0204785	0.0675347	0.193369	0.705788	0.0128292	0.164014
603	-18.9152	-17.7219	-16.67	-15.3753	-14.2161	0.0204699	0.0675065	0.193289	0.705494	0.0132407	0.167329
604	-3.27364	-3.27571	-3.2813	-3.30483	-6.42486	0.252535	0.252012	0.250609	0.24478	6.36435e-05	0.0273126
605	-3.27481	-3.27689	-3.2825	-3.30615	-6.44156	0.252547	0.252022	0.250612	0.244756	6.2666e-05	0.027303
606	-3.27481	-3.27689	-3.2825	-3.30615	-6.44158	0.252547	0.252022	0.250612	0.244756	6.26649e-05	0.027303
607	-6.02429	-6.02638	-6.032	-6.05568	-9.02391	0.252548	0.252023	0.25061	0.244745	7.40661e-05	0.0273946
608	-3.27481	-3.27689	-3.2825	-3.30615	-6.44156	0.252547	0.252022	0.250612	0.244756	6.26661e-05	0.027303
609	-8.32671	-8.32879	-8.33442	-8.35813	-11.4744	0.252553	0.252027	0.250613	0.244742	6.3872e-05	0.0273117
610	-9.53566	-9.53774	-9.54336	-9.56704	-12.6961	0.25255	0.252025	0.250613	0.244749	6.30619e-05	0.0273057
611	-16.5494	-16.551	-16.5553	-16.5732	-18.8424	0.251904	0.251508	0.250441	0.245998	0.000149764	0.0280985
612	-3.27481	-3.27689	-3.2825	-3.30615	-6.44158	0.252547	0.252022	0.250612	0.244756	6.26649e-05	0.027303
613	-8.34718	-8.34927	-8.35489	-8.37858	-11.4987	0.252552	0.252026	0.250613	0.244746	6.36296e-05	0.02731
614	-4.5214	-4.52239	-4.52506	-4.53631	-6.08671	0.251144	0.250895	0.250226	0.247426	0.000309105	0.0294931
615	-4.38138	-4.38321	-4.38813	-4.40888	-7.19955	0.252227	0.251767	0.250531	0.245386	8.86885e-05	0.0275593
616	-4.78337	-4.78484	-4.78882	-4.80559	-7.07371	0.251781	0.25141	0.250412	0.246248	0.000150082	0.0281191
617	-3.27481	-3.27689	-3.2825	-3.30615	-6.44158	0.252547	0.252022	0.250612	0.244756	6.26649e-05	0.027303
618	-3.27481	-3.27689	-3.2825	-3.30615	-6.44158	0.252547	0.252022	0.250612	0.244756	6.26649e-05	0.027303
619	-4.15094	-4.15275	-4.15764	-4.17826	-6.9771	0.252213	0.251757	0.250528	0.245414	8.79773e-05	0.0275556
620	-4.72295	-4.72434	-4.72807	-4.74383	-6.90171	0.251666	0.251318	0.250381	0.246468	0.000167723	0.0282779
621	-4.91383	-4.91522	-4.91897	-4.93481	-7.12002	0.251676	0.251326	0.250384	0.246451	0.000163191	0.02824
622	-3.27481	-3.27689	-3.2825	-3.30615	-6.44158	0.252547	0.252022	0.250612	0.244756	6.26649e-05	0.027303
623	-3.27481	-3.27689	-3.2825	-3.30615	-6.44158	0.252547	0.252022	0.250612	0.244756	6.26649e-05	0.027303
624	-3.27481	-3.27689	-3.2825	-3.30615	-6.44158	0.252547	0.252022	0.250612	0.244756	6.26649e-05	0.027303
625	-4.15167	-4.15349	-4.15841	-4.17914	-6.99362	0.252226	0.251767	0.250531	0.24539	8.66036e-05	0.0275427
626	-4.35043	-4.3519	-4.35588	-4.37262	-6.6595	0.251779	0.251409	0.250412	0.246253	0.000147298	0.0280969
627	-17.6207	-16.4271	-15.3741	-14.0753	-12.5917	0.0202812	0.0669083	0.191763	0.702802	0.0182451	0.207699
628	-4.09648	-4.09875	-4.1049	-4.1308	-7.6658	0.252796	0.252221	0.250676	0.244266	4.19396e-05	0.0270996
629	-7.53102	-7.53314	-7.53888	-7.56307	-10.7162	0.252606	0.252069	0.250626	0.244637	6.1535e-05	0.0272853
630	-3.32318	-3.32531	-3.33106	-3.35526	-6.5583	0.252608	0.252071	0.250628	0.244635	5.85393e-05	0.0272608
631	-4.35043	-4.3519	-4.35588	-4.37263	-6.65951	0.251779	0.251409	0.250412	0.246253	0.000147296	0.0280969
632	-3.27618	-3.27827	-3.28391	-3.30768	-6.46105	0.252561	0.252033	0.250616	0.244728	6.15443e-05	0.0272919
633	-3.27618	-3.27827	-3.28391	-3.30768	-6.46105	0.252561	0.252033	0.250616	0.244728	6.15443e-05	0.0272919
634	-3.27618	-3.27827	-3.28391	-3.30768	-6.46105	0.252561	0.252033	0.250616	0.244728	6.15443e-05	0.0272919
635	-7.51772	-7.51981	-7.52546	-7.54924	-10.6559	0.252561	0.252033	0.250615	0.244726	6.44832e-05	0.0273155
636	-3.65286	-3.65583	-3.66384	-3.69758	-8.12871	0.253649	0.252897	0.25088	0.242556	1.69976e-05	0.0267742
637	-3.96836	-3.96992	-3.97415	-3.99196	-6.41832	0.251899	0.251505	0.250444	0.246024	0.000128001	0.0279239
638	-17.4861	-17.4876	-17.4916	-17.5085	-19.8196	0.251801	0.251426	0.250418	0.246212	0.000143751	0.0280652
639	-11.3712	-11.3731	-11.3783	-11.4003	-14.3969	0.252368	0.25188	0.250568	0.245113	7.21047e-05	0.0274052
640	-11.5885	-11.5903	-11.5952	-11.616	-14.4285	0.252224	0.251765	0.250531	0.245393	8.67758e-05	0.0275443
641	-3.27618	-3.27827	-3.28391	-3.30768	-6.46105	0.252561	0.252033	0.250616	0.244728	6.15443e-05	0.0272919
642	-10.884	-10.8862	-10.8921	-10.917	-14.2366	0.252683	0.252131	0.250647	0.244487	5.20671e-05	0.0271976
643	-3.27618	-3.27827	-3.28391	-3.30768	-6.46105	0.252561	0.252033	0.250616	0.244728	6.15443e-05	0.0272919
644	-4.73681	-4.73891	-4.74456	-4.76838	-7.96733	0.252567	0.252039	0.250618	0.244718	5.87991e-05	0.0272688
645	-4.35043	-4.3519	-4.35588	-4.37263	-6.65951	0.251779	0.251409	0.250412	0.246253	0.000147296	0.0280969
646	-4.63134	-4.63279	-4.63672	-4.65329	-6.92809	0.251759	0.251393	0.250407	0.246293	0.000149111	0.0281144
647	-4.98603	-4.98749	-4.99141	-5.00794	-7.26762	0.251755	0.251389	0.250405	0.246299	0.000151387	0.0281334
648	-4.4368	-4.43858	-4.44338	-4.4636	-7.22813	0.25217	0.251722	0.250517	0.245501	9.10806e-05	0.0275869
649	-4.02238	-4.02429	-4.02944	-4.05114	-6.94808	0.252332	0.251851	0.250558	0.245179	7.96799e-05	0.0274713
650	-12.7673	-12.7692	-12.7741	-12.7948	-15.5648	0.252227	0.251767	0.25053	0.245385	9.05431e-05	0.0275742
651	-5.22614	-5.2278	-5.2323	-5.25126	-7.82834	0.252028	0.251608	0.250479	0.245776	0.000109981	0.02776
652	-8.32807	-8.33017	-8.33583	-8.35966	-11.4939	0.252568	0.252039	0.250617	0.244714	6.27286e-05	0.0273004
653	-10.5031	-10.5049	-10.5099	-10.5311	-13.3758	0.252276	0.251806	0.250543	0.245291	8.39926e-05	0.0275144
654	-12.194	-12.1958	-12.2007	-12.2215	-15.019	0.252232	0.251772	0.250532	0.245376	8.80874e-05	0.0275537
655	-4.15167	-4.15349	-4.15841	-4.17914	-6.99364	0.252226	0.251767	0.250531	0.24539	8.66022e-05	0.0275427
656	-4.21453	-4.21635	-4.22128	-4.24203	-7.01173	0.252227	0.251767	0.25053	0.245385	9.05681e-05	0.0275745
657	-4.72366	-4.72505	-4.72881	-4.74465	-6.9145	0.251676	0.251326	0.250383	0.246449	0.000165717	0.0282603
658	-3.32318	-3.32531	-3.33106	-3.35526	-6.5583	0.252608	0.252071	0.250628	0.244635	5.85393e-05	0.0272608
659	-8.07934	-8.08094	-8.08524	-8.10336	-10.5508	0.251934	0.251533	0.250453	0.245955	0.000125301	0.0278971
660	-3.96836	-3.96992	-3.97415	-3.99196	-6.41832	0.251899	0.251505	0.250444	0.246024	0.000128001	0.0279239
661	-4.21453	-4.21635	-4.22128	-4.24203	-7.01173	0.252227	0.251767	0.25053	0.245385	9.05681e-05	0.0275745
662	-3.32318	-3.32531	-3.33106	-3.35526	-6.5583	0.252608	0.252071	0.250628	0.244635	5.85393e-05	0.0272608
663	-4.57736	-4.57919	-4.58411	-4.60487	-7.38904	0.252228	0.251768	0.250531	0.245384	8.92666e-05	0.0275638
664	-5.2252	-5.22685	-5.23133	-5.25018	-7.81297	0.252016	0.251599	0.250476	0.245798	0.000111575	0.0277745
665	-4.45842	-4.45932	-4.46174	-4.47194	-5.8745	0.251017	0.250792	0.250186	0.247647	0.000358673	0.0299109
666	-4.8957	-4.89798	-4.90414	-4.93012	-8.45167	0.252804	0.252227	0.250677	0.24425	4.25048e-05	0.027103
672	-4.21453	-4.21635	-4.22128	-4.24203	-7.01173	0.252227	0.251767	0.25053	0.245385	9.05681e-05	0.0275745
673	-4.57836	-4.5802	-4.58515	-4.60602	-7.40592	0.25224	0.251778	0.250534	0.24536	8.78642e-05	0.0275507
674	-3.68939	-3.69205	-3.69921	-3.72938	-7.6861	0.253261	0.25259	0.250788	0.243333	2.74038e-05	0.0269146
675	-4.4368	-4.43858	-4.44338	-4.4636	-7.22813	0.25217	0.251722	0.250517	0.245501	9.10806e-05	0.0275869
676	-3.27618	-3.27827	-3.28391	-3.30768	-6.46105	0.252561	0.252033	0.250616	0.244728	6.15443e-05	0.0272919
677	-3.27618	-3.27827	-3.28391	-3.30768	-6.46105	0.252561	0.252033	0.250616	0.244728	6.15443e-05	0.0272919
678	-4.45929	-4.46019	-4.46262	-4.47288	-5.88318	0.251024	0.250797	0.250188	0.247635	0.000355891	0.0298875
679	-4.77402	-4.77538	-4.77907	-4.7946	-6.92391	0.251642	0.251298	0.250374	0.246514	0.000172619	0.0283209
680	-3.64763	-3.65026	-3.65735	-3.68723	-7.63277	0.25323	0.252565	0.25078	0.243397	2.77193e-05	0.0269218
681	-3.7353	-3.73795	-3.74508	-3.77516	-7.72456	0.25325	0.252581	0.250785	0.243355	2.76075e-05	0.0269178
682	-4.28151	-4.28327	-4.288	-4.30796	-7.03045	0.252139	0.251697	0.250509	0.245559	9.50135e-05	0.0276231
683	-4.50272	-4.50454	-4.50947	-4.53023	-7.32483	0.252229	0.251769	0.250531	0.245383	8.83406e-05	0.0275563
684	-4.73681	-4.73891	-4.74456	-4.76838	-7.96733	0.252567	0.252039	0.250618	0.244718	5.87991e-05	0.0272688
685	-4.52786	-4.52959	-4.53424	-4.55385	-7.22676	0.252101	0.251666	0.250498	0.245635	9.98735e-05	0.0276679
686	-3.87473	-3.87723	-3.88399	-3.91248	-7.70875	0.253078	0.252444	0.250744	0.243702	3.22218e-05	0.0269802
687	-4.89616	-4.89845	-4.90465	-4.93077	-8.47201	0.252819	0.252239	0.250681	0.244219	4.16705e-05	0.0270941
688	-4.09648	-4.09875	-4.1049	-4.1308	-7.66582	0.252796	0.252221	0.250676	0.244266	4.19388e-05	0.0270996
689	-3.7353	-3.73795	-3.74508	-3.77516	-7.72459	0.25325	0.252581	0.250785	0.243355	2.76069e-05	0.0269178
690	-4.23797	-4.24034	-4.24674	-4.27369	-7.89291	0.252911	0.252312	0.250703	0.244036	3.85157e-05	0.0270553
691	-3.94942	-3.95219	-3.95966	-3.99113	-8.18443	0.253403	0.252703	0.250822	0.243051	2.16054e-05	0.0268472
692	-5.22614	-5.22781	-5.2323	-5.25126	-7.82836	0.252028	0.251608	0.250479	0.245776	0.000109979	0.02776
693	-4.4368	-4.43858	-4.44338	-4.4636	-7.22814	0.25217	0.251722	0.250517	0.245501	9.10792e-05	0.0275869
694	-3.64763	-3.65026	-3.65735	-3.68724	-7.6328	0.25323	0.252565	0.25078	0.243397	2.77187e-05	0.0269217
695	-3.65286	-3.65583	-3.66384	-3.69758	-8.12874	0.253649	0.252898	0.25088	0.242556	1.69971e-05	0.0267742
696	-4.73681	-4.73891	-4.74456	-4.76839	-7.96735	0.252567	0.252039	0.250618	0.244718	5.8798e-05	0.0272688
697	-4.79166	-4.79387	-4.79981	-4.82485	-8.20072	0.252701	0.252145	0.250652	0.244453	4.92115e-05	0.0271721
698	-8.59556	-8.59711	-8.60128	-8.61887	-11.0129	0.251874	0.251485	0.250438	0.246071	0.000132239	0.0279617
699	-4.23797	-4.24034	-4.24674	-4.27369	-7.89291	0.252911	0.252312	0.250703	0.244036	3.85157e-05	0.0270553
700	-4.35043	-4.35191	-4.35588	-4.37263	-6.65952	0.251779	0.251409	0.250412	0.246253	0.000147294	0.0280969
701	-4.50272	-4.50454	-4.50947	-4.53024	-7.32484	0.252229	0.251769	0.250531	0.245383	8.83393e-05	0.0275562
702	-4.50272	-4.50454	-4.50947	-4.53024	-7.32484	0.252229	0.251769	0.250531	0.245383	8.83393e-05	0.0275562
703	-4.16208	-4.16441	-4.17069	-4.19717	-7.76355	0.252858	0.25227	0.250691	0.24414	4.06229e-05	0.0270799
704	-3.94942	-3.95219	-3.95966	-3.99113	-8.18443	0.253403	0.252703	0.250822	0.243051	2.16054e-05	0.0268472
705	-4.98603	-4.98749	-4.99141	-5.00794	-7.26763	0.251755	0.251389	0.250405	0.246299	0.000151385	0.0281334
706	-4.98603	-4.98749	-4.99141	-5.00794	-7.26763	0.251755	0.251389	0.250405	0.246299	0.000151385	0.0281334
707	-4.49084	-4.49245	-4.49681	-4.51515	-6.99713	0.251958	0.251552	0.25046	0.245908	0.000121019	0.027859
708	-4.50272	-4.50454	-4.50947	-4.53024	-7.32484	0.252229	0.251769	0.250531	0.245383	8.83393e-05	0.0275562
709	-4.70683	-4.70831	-4.71228	-4.72906	-7.00394	0.251781	0.25141	0.250412	0.246247	0.000149072	0.0281108
710	-4.98603	-4.98749	-4.99141	-5.00794	-7.26763	0.251755	0.251389	0.250405	0.246299	0.000151385	0.0281334
711	-4.98603	-4.98749	-4.99141	-5.00794	-7.26763	0.251755	0.251389	0.250405	0.246299	0.000151385	0.0281334
712	-18.3823	-17.1881	-16.1335	-14.8279	-12.4894	0.0196542	0.0648789	0.186249	0.68727	0.0419485	0.398738
713	-4.50272	-4.50454	-4.50947	-4.53024	-7.32484	0.252229	0.251769	0.250531	0.245383	8.83393e-05	0.0275562
714	-4.98603	-4.98749	-4.99141	-5.00794	-7.26763	0.251755	0.251389	0.250405	0.246299	0.000151385	0.0281334
715	-3.64763	-3.65026	-3.65735	-3.68724	-7.6328	0.25323	0.252565	0.25078	0.243397	2.77187e-05	0.0269217
716	-16.9783	-16.9802	-16.9851	-17.006	-19.8143	0.252241	0.251779	0.250535	0.245359	8.71294e-05	0.0275447
717	-4.42517	-4.42663	-4.43058	-4.4472	-6.68876	0.251764	0.251396	0.250407	0.246279	0.000154143	0.0281542
718	-4.02238	-4.02429	-4.02944	-4.05114	-6.9481	0.252332	0.251851	0.250558	0.245179	7.96786e-05	0.0274713
719	-4.02238	-4.02429	-4.02944	-4.05114	-6.9481	0.252332	0.251851	0.250558	0.245179	7.96786e-05	0.0274713
720	-9.63106	-9.63304	-9.63839	-9.66091	-12.2476	0.252415	0.251915	0.25057	0.244992	0.000108587	0.0276922
721	-4.50272	-4.50454	-4.50947	-4.53024	-7.32484	0.252229	0.251769	0.250531	0.245383	8.83393e-05	0.0275562
722	-3.65286	-3.65583	-3.66384	-3.69758	-8.12874	0.253649	0.252898	0.25088	0.242556	1.69971e-05	0.0267742
723	-3.65286	-3.65583	-3.66384	-3.69758	-8.12874	0.253649	0.252898	0.25088	0.242556	1.69971e-05	0.0267742
724	-4.98603	-4.98749	-4.99141	-5.00794	-7.26763	0.251755	0.251389	0.250405	0.246299	0.000151385	0.0281334
725	-21.0016	-21.0037	-21.0092	-21.0324	-24.1282	0.252499	0.251984	0.2506	0.244851	6.52239e-05	0.0273305
726	-4.28152	-4.28327	-4.288	-4.30796	-7.03047	0.252139	0.251698	0.250509	0.245559	9.50121e-05	0.027623
727	-3.94942	-3.95219	-3.95966	-3.99113	-8.18443	0.253403	0.252703	0.250822	0.243051	2.16054e-05	0.0268472
728	-4.73681	-4.73891	-4.74456	-4.76839	-7.96735	0.252567	0.252039	0.250618	0.244718	5.8798e-05	0.0272688
729	-3.27618	-3.27827	-3.28391	-3.30769	-6.46107	0.252561	0.252033	0.250616	0.244728	6.15432e-05	0.0272919
730	-4.78843	-4.79023	-4.79511	-4.81568	-7.61076	0.252207	0.251752	0.250526	0.245426	8.83135e-05	0.0275591
731	-4.42517	-4.42663	-4.43058	-4.4472	-6.68876	0.251764	0.251396	0.250407	0.246279	0.000154143	0.0281542
732	-4.52786	-4.52959	-4.53424	-4.55385	-7.22678	0.252101	0.251666	0.250498	0.245634	9.9872e-05	0.0276679
733	-10.2504	-10.2516	-10.2547	-10.2677	-12.0511	0.251353	0.251065	0.25029	0.247047	0.000244482	0.0289419
734	-16.5798	-15.3868	-14.3356	-13.0442	-12.5578	0.0206728	0.0681558	0.194996	0.709381	0.0067942	0.115351
735	-4.3825	-4.38433	-4.38928	-4.41015	-7.21657	0.25224	0.251777	0.250534	0.245362	8.72943e-05	0.0275462
736	-21.6233	-21.6254	-21.6312	-21.6554	-23.7268	0.252582	0.252042	0.250593	0.244602	0.000181482	0.0282551
737	-4.35935	-4.36112	-4.3659	-4.38602	-7.0705	0.252157	0.251711	0.250512	0.245521	9.86788e-05	0.02765
738	-4.23797	-4.24034	-4.24674	-4.27369	-7.89291	0.252911	0.252312	0.250703	0.244036	3.85157e-05	0.0270553
739	-5.09531	-5.09722	-5.10236	-5.12406	-8.08575	0.252333	0.251852	0.250559	0.245181	7.46847e-05	0.027431
740	-8.07934	-8.08094	-8.08524	-8.10336	-10.5508	0.251934	0.251533	0.250453	0.245955	0.000125299	0.0278971
741	-4.42517	-4.42663	-4.43058	-4.4472	-6.68876	0.251764	0.251396	0.250407	0.246279	0.000154143	0.0281542
742	-3.65286	-3.65583	-3.66384	-3.69758	-8.12874	0.253649	0.252898	0.25088	0.242556	1.69971e-05	0.0267742
743	-8.11853	-8.12118	-8.12834	-8.15851	-12.073	0.253261	0.252589	0.250787	0.243334	2.85874e-05	0.0269243
744	-3.68939	-3.69205	-3.69921	-3.72938	-7.68613	0.253261	0.25259	0.250788	0.243333	2.74032e-05	0.0269146
745	-8.13105	-8.13283	-8.13764	-8.1579	-10.8956	0.252173	0.251724	0.250517	0.245493	9.35582e-05	0.0276065
746	-4.79166	-4.79387	-4.79981	-4.82485	-8.20072	0.252701	0.252145	0.250652	0.244453	4.92115e-05	0.0271721
747	-4.78452	-4.786	-4.79	-4.80686	-7.08772	0.251791	0.251418	0.250414	0.246228	0.000148171	0.0281022
748	-4.78843	-4.79023	-4.79511	-4.81568	-7.61076	0.252207	0.251752	0.250526	0.245426	8.83135e-05	0.0275591
749	-3.87473	-3.87723	-3.88399	-3.91248	-7.70877	0.253078	0.252444	0.250744	0.243702	3.22211e-05	0.0269802
750	-10.7527	-10.7545	-10.7594	-10.7802	-13.5738	0.25223	0.251769	0.250532	0.245381	8.84264e-05	0.0275568
751	-4.35043	-4.35191	-4.35588	-4.37263	-6.65952	0.251779	0.251409	0.250412	0.246253	0.000147294	0.0280969
752	-4.09495	-4.09718	-4.1032	-4.12857	-7.50942	0.252737	0.252174	0.25066	0.244381	4.89523e-05	0.0271648
753	-5.22614	-5.22781	-5.2323	-5.25126	-7.82836	0.252028	0.251608	0.250479	0.245776	0.000109979	0.02776
754	-3.65286	-3.65583	-3.66384	-3.69758	-8.12874	0.253649	0.252898	0.25088	0.242556	1.69971e-05	0.0267742
755	-4.73681	-4.73891	-4.74456	-4.76839	-7.96735	0.252567	0.252039	0.250618	0.244718	5.8798e-05	0.0272688
756	-4.52786	-4.52959	-4.53424	-4.55385	-7.22678	0.252101	0.251666	0.250498	0.245634	9.9872e-05	0.0276679
757	-5.35353	-5.35521	-5.35972	-5.37874	-7.98431	0.252035	0.251614	0.250481	0.245762	0.000106886	0.0277339
758	-3.64763	-3.65026	-3.65735	-3.68724	-7.6328	0.25323	0.252565	0.25078	0.243397	2.77187e-05	0.0269217
759	-4.77402	-4.77538	-4.77907	-4.7946	-6.92392	0.251642	0.251298	0.250374	0.246514	0.000172617	0.0283209
760	-4.02238	-4.02429	-4.02944	-4.05114	-6.9481	0.252332	0.251851	0.250558	0.245179	7.96786e-05	0.0274713
761	-5.22614	-5.22781	-5.2323	-5.25126	-7.82836	0.252028	0.251608	0.250479	0.245776	0.000109979	0.02776
762	-5.14866	-5.15073	-5.15631	-5.17985	-8.38545	0.252536	0.252014	0.250611	0.24478	5.84243e-05	0.0272703
763	-3.7353	-3.73795	-3.74508	-3.77516	-7.72459	0.25325	0.252581	0.250785	0.243355	2.76069e-05	0.0269178
764	-5.09531	-5.09722	-5.10236	-5.12406	-8.08575	0.252333	0.251852	0.250559	0.245181	7.46847e-05	0.027431
765	-4.4368	-4.43858	-4.44338	-4.4636	-7.22814	0.25217	0.251722	0.250517	0.245501	9.10792e-05	0.0275869
766	-5.14866	-5.15073	-5.15631	-5.17985	-8.38545	0.252536	0.252014	0.250611	0.24478	5.84243e-05	0.0272703
767	-3.7353	-3.73795	-3.74508	-3.77516	-7.72459	0.25325	0.252581	0.250785	0.243355	2.76069e-05	0.0269178
768	-4.02257	-4.02538	-4.03296	-4.06489	-8.30182	0.253453	0.252742	0.250834	0.24295	2.06745e-05	0.0268324
769	-4.72361	-4.72532	-4.72991	-4.74927	-7.41308	0.252074	0.251645	0.250492	0.245688	0.000100809	0.0276793
770	-4.73681	-4.73891	-4.74456	-4.76839	-7.96735	0.252567	0.252039	0.250618	0.244718	5.8798e-05	0.0272688
771	-6.02566	-6.02776	-6.03341	-6.05722	-9.04343	0.252563	0.252034	0.250613	0.244717	7.27378e-05	0.0273818
772	-4.72361	-4.72532	-4.72991	-4.74927	-7.41308	0.252074	0.251645	0.250492	0.245688	0.000100809	0.0276793
773	-4.45929	-4.46019	-4.46262	-4.47288	-5.88319	0.251024	0.250797	0.250188	0.247635	0.000355889	0.0298875
774	-3.60233	-3.60498	-3.61212	-3.64222	-7.61037	0.253253	0.252584	0.250786	0.24335	2.70943e-05	0.0269133
775	-3.87473	-3.87723	-3.88399	-3.91248	-7.70877	0.253078	0.252444	0.250744	0.243702	3.22211e-05	0.0269802
776	-4.15167	-4.15349	-4.15841	-4.17914	-6.99365	0.252226	0.251767	0.250531	0.24539	8.66009e-05	0.0275427
777	-12.4132	-12.4156	-12.422	-12.4492	-15.8669	0.252933	0.252329	0.250706	0.243985	4.71052e-05	0.0271213
778	-9.09302	-9.09578	-9.10322	-9.13459	-13.2787	0.253391	0.252693	0.250819	0.243074	2.26964e-05	0.0268577
779	-6.63779	-6.64044	-6.64758	-6.67765	-10.4664	0.25325	0.25258	0.250783	0.243354	3.24173e-05	0.0269567
780	-17.6023	-17.6049	-17.612	-17.6415	-21.3372	0.253196	0.252538	0.25077	0.243461	3.55964e-05	0.0269902
781	-9.535	-9.53684	-9.54179	-9.56266	-12.3703	0.252241	0.251778	0.250534	0.24536	8.71849e-05	0.0275452
782	-4.52229	-4.52329	-4.52597	-4.53729	-6.09624	0.251151	0.250901	0.250229	0.247413	0.000306456	0.0294707
783	-7.27843	-7.28118	-7.28861	-7.31989	-11.287	0.253382	0.252685	0.250816	0.24309	2.70935e-05	0.0268946
784	-4.23797	-4.24034	-4.24674	-4.27369	-7.89291	0.252911	0.252312	0.250703	0.244036	3.85157e-05	0.0270553
785	-4.35935	-4.36112	-4.3659	-4.38602	-7.0705	0.252157	0.251711	0.250512	0.245521	9.86788e-05	0.02765
786	-5.09531	-5.09722	-5.10236	-5.12406	-8.08575	0.252333	0.251852	0.250559	0.245181	7.46847e-05	0.027431
787	-20.6246	-20.6262	-20.6306	-20.649	-23.1386	0.251966	0.251559	0.250462	0.245893	0.000120088	0.0278503
788	-9.0278	-9.0295	-9.03409	-9.05344	-11.6752	0.252071	0.251643	0.25049	0.24569	0.00010514	0.0277146
789	-3.27618	-3.27827	-3.28391	-3.30769	-6.46107	0.252561	0.252033	0.250616	0.244728	6.15432e-05	0.0272919
790	-5.14866	-5.15073	-5.15631	-5.17985	-8.38545	0.252536	0.252014	0.250611	0.24478	5.84243e-05	0.0272703
791	-4.35935	-4.36112	-4.3659	-4.38602	-7.0705	0.252157	0.251711	0.250512	0.245521	9.86788e-05	0.02765
792	-4.28152	-4.28327	-4.288	-4.30796	-7.03047	0.252139	0.251698	0.250509	0.245559	9.50121e-05	0.027623
793	-7.08663	-7.08876	-7.09449	-7.11866	-10.226	0.252604	0.252067	0.250625	0.24464	6.44232e-05	0.0273088
794	-4.09648	-4.09875	-4.1049	-4.1308	-7.66582	0.252796	0.252221	0.250676	0.244266	4.19388e-05	0.0270996
795	-3.27618	-3.27827	-3.28391	-3.30769	-6.46107	0.252561	0.252033	0.250616	0.244728	6.15432e-05	0.0272919
796	-4.28152	-4.28327	-4.288	-4.30796	-7.03047	0.252139	0.251698	0.250509	0.245559	9.50121e-05	0.027623
797	-4.28152	-4.28327	-4.288	-4.30796	-7.03047	0.252139	0.251698	0.250509	0.245559	9.50121e-05	0.027623
798	-3.32319	-3.32531	-3.33106	-3.35526	-6.55832	0.252608	0.252071	0.250628	0.244635	5.85383e-05	0.0272608
799	-8.32807	-8.33017	-8.33583	-8.35966	-11.4939	0.252568	0.252039	0.250617	0.244714	6.27275e-05	0.0273004
800	-4.45929	-4.46019	-4.46262	-4.47288	-5.88319	0.251024	0.250797	0.250188	0.247635	0.000355889	0.0298875
801	-3.7353	-3.73795	-3.74508	-3.77516	-7.72459	0.25325	0.252581	0.250785	0.243355	2.76069e-05	0.0269178
802	-4.1735	-4.17556	-4.18112	-4.20456	-7.40326	0.252525	0.252005	0.250608	0.244803	5.8834e-05	0.0272753
803	-3.27618	-3.27827	-3.28391	-3.30769	-6.46107	0.252561	0.252033	0.250616	0.244728	6.15432e-05	0.0272919
804	-4.15167	-4.15349	-4.15841	-4.17914	-6.99365	0.252226	0.251767	0.250531	0.24539	8.66009e-05	0.0275427
805	-4.78843	-4.79023	-4.79511	-4.81568	-7.61076	0.252207	0.251752	0.250526	0.245426	8.83135e-05	0.0275591
806	-3.64763	-3.65026	-3.65735	-3.68724	-7.6328	0.25323	0.252565	0.25078	0.243397	2.77187e-05	0.0269217
807	-3.7353	-3.73795	-3.74508	-3.77516	-7.72459	0.25325	0.252581	0.250785	0.243355	2.76069e-05	0.0269178
808	-16.0325	-16.0342	-16.039	-16.0593	-18.7937	0.252168	0.25172	0.250516	0.245502	9.38648e-05	0.0276096
809	-6.63779	-6.64044	-6.64758	-6.67765	-10.4664	0.25325	0.25258	0.250783	0.243354	3.24173e-05	0.0269567
810	-4.65652	-4.65871	-4.6646	-4.68946	-8.02345	0.252681	0.252129	0.250646	0.244492	5.13246e-05	0.027192
811	-4.15167	-4.15349	-4.15841	-4.17914	-6.99365	0.252226	0.251767	0.250531	0.24539	8.66009e-05	0.0275427
812	-3.32319	-3.32531	-3.33106	-3.35526	-6.55832	0.252608	0.252071	0.250628	0.244635	5.85383e-05	0.0272608
813	-4.3825	-4.38434	-4.38929	-4.41015	-7.21658	0.25224	0.251777	0.250534	0.245362	8.7293e-05	0.0275462
814	-4.09648	-4.09875	-4.1049	-4.1308	-7.66582	0.252796	0.252221	0.250676	0.244266	4.19388e-05	0.0270996
815	-4.09648	-4.09875	-4.1049	-4.1308	-7.66582	0.252796	0.252221	0.250676	0.244266	4.19388e-05	0.0270996
816	-4.70683	-4.70831	-4.71228	-4.72906	-7.00394	0.251781	0.25141	0.250412	0.246247	0.000149072	0.0281108
817	-3.87473	-3.87723	-3.88399	-3.91248	-7.70877	0.253078	0.252444	0.250744	0.243702	3.22211e-05	0.0269802
818	-4.52229	-4.52329	-4.52597	-4.53729	-6.09624	0.251151	0.250901	0.250229	0.247413	0.000306456	0.0294707
819	-3.87473	-3.87723	-3.88399	-3.91248	-7.70877	0.253078	0.252444	0.250744	0.243702	3.22211e-05	0.0269802
820	-4.09648	-4.09875	-4.1049	-4.1308	-7.66582	0.252796	0.252221	0.250676	0.244266	4.19388e-05	0.0270996
821	-4.35935	-4.36112	-4.3659	-4.38602	-7.0705	0.252157	0.251711	0.250512	0.245521	9.86788e-05	0.02765
822	-4.42551	-4.42699	-4.43096	-4.44772	-6.70634	0.25178	0.251409	0.250411	0.246249	0.000151517	0.0281308
823	-4.42517	-4.42663	-4.43058	-4.4472	-6.68876	0.251764	0.251396	0.250407	0.246279	0.000154143	0.0281542
824	-3.68939	-3.69205	-3.69921	-3.72938	-7.68613	0.253261	0.25259	0.250788	0.243333	2.74032e-05	0.0269146
825	-4.42551	-4.42699	-4.43096	-4.44772	-6.70634	0.25178	0.251409	0.250411	0.246249	0.000151517	0.0281308
826	-3.64763	-3.65026	-3.65735	-3.68724	-7.6328	0.25323	0.252565	0.25078	0.243397	2.77187e-05	0.0269217
827	-4.02238	-4.02429	-4.02944	-4.05114	-6.9481	0.252332	0.251851	0.250558	0.245179	7.96786e-05	0.0274713
828	-4.78843	-4.79023	-4.79511	-4.81568	-7.61076	0.252207	0.251752	0.250526	0.245426	8.83135e-05	0.0275591
829	-4.42551	-4.42699	-4.43096	-4.44772	-6.70634	0.25178	0.251409	0.250411	0.246249	0.000151517	0.0281308
830	-3.64763	-3.65026	-3.65735	-3.68724	-7.6328	0.25323	0.252565	0.25078	0.243397	2.77187e-05	0.0269217
831	-4.21453	-4.21635	-4.22128	-4.24203	-7.01174	0.252227	0.251767	0.25053	0.245385	9.05667e-05	0.0275745
852	-4.00521	-4.00669	-4.01068	-4.0275	-6.32002	0.251787	0.251415	0.250414	0.246237	0.000146459	0.028089
853	-3.94426	-3.94693	-3.95412	-3.98445	-8.01953	0.253278	0.252604	0.250792	0.2433	2.5335e-05	0.0268954
854	-3.96079	-3.9623	-3.96637	-3.98354	-6.31996	0.251826	0.251446	0.250424	0.246163	0.000140126	0.0280323
855	-4.27699	-4.27868	-4.28324	-4.30247	-6.92415	0.252058	0.251633	0.250487	0.245717	0.000105158	0.0277166
856	-4.78358	-4.78532	-4.79002	-4.80984	-7.50107	0.252124	0.251685	0.250504	0.245588	9.80426e-05	0.0276497
857	-4.89306	-4.89528	-4.90125	-4.92641	-8.33589	0.252715	0.252156	0.250655	0.244426	4.75797e-05	0.0271569
858	-4.71889	-4.72023	-4.72385	-4.73911	-6.82887	0.25161	0.251273	0.250365	0.246573	0.000179625	0.028382
859	-4.69969	-4.70111	-4.70495	-4.72111	-6.91136	0.251712	0.251355	0.250393	0.246378	0.000162324	0.0282277
860	-4.09644	-4.09864	-4.10456	-4.12952	-7.53362	0.252693	0.252139	0.25065	0.244471	4.78453e-05	0.0271623
861	-4.48522	-4.48677	-4.49096	-4.50864	-6.89811	0.251883	0.251492	0.25044	0.246052	0.000132827	0.0279651
862	-3.59536	-3.59791	-3.60479	-3.6338	-7.45102	0.253134	0.252489	0.250757	0.243588	3.15392e-05	0.0269665
863	-9.32875	-9.33115	-9.33762	-9.36489	-13.0085	0.252945	0.252339	0.250711	0.243967	3.75756e-05	0.0270427
864	-4.09644	-4.09864	-4.10456	-4.12952	-7.53362	0.252693	0.252139	0.25065	0.244471	4.78453e-05	0.0271623
865	-4.51629	-4.51725	-4.51984	-4.53074	-6.0324	0.251102	0.250861	0.250213	0.2475	0.000324641	0.0296244
866	-3.68178	-3.68434	-3.69124	-3.72031	-7.5259	0.253142	0.252495	0.250759	0.243572	3.19063e-05	0.0269683
867	-4.29836	-4.30011	-4.30483	-4.32475	-7.01031	0.252135	0.251694	0.250507	0.245566	9.85913e-05	0.0276526
868	-4.98052	-4.98192	-4.9857	-5.00163	-7.17774	0.251686	0.251334	0.250386	0.246429	0.000164668	0.0282504
869	-4.01355	-4.01539	-4.02035	-4.04127	-6.82904	0.252245	0.251781	0.250535	0.24535	8.89331e-05	0.0275587
870	-3.26702	-3.26903	-3.27447	-3.29738	-6.33142	0.252465	0.251957	0.250591	0.244916	6.9397e-05	0.0273691
871	-5.09149	-5.09333	-5.09829	-5.1192	-7.97124	0.252245	0.251782	0.250536	0.245353	8.33978e-05	0.027514
872	-4.45347	-4.45434	-4.45669	-4.46657	-5.82498	0.250978	0.25076	0.250173	0.247713	0.000374967	0.0300477
873	-4.20659	-4.20835	-4.2131	-4.23309	-6.89844	0.252143	0.2517	0.250508	0.245549	0.000100596	0.0276675
874	-3.31371	-3.31576	-3.3213	-3.34462	-6.4262	0.252511	0.251994	0.250603	0.244826	6.61511e-05	0.0273363
875	-4.69969	-4.70111	-4.70495	-4.72111	-6.91136	0.251712	0.251355	0.250393	0.246378	0.000162324	0.0282277
876	-4.20659	-4.20835	-4.2131	-4.23309	-6.89844	0.252143	0.2517	0.250508	0.245549	0.000100596	0.0276675
877	-4.69969	-4.70111	-4.70495	-4.72111	-6.91136	0.251712	0.251355	0.250393	0.246378	0.000162324	0.0282277
878	-4.29836	-4.30011	-4.30483	-4.32475	-7.01031	0.252135	0.251694	0.250507	0.245566	9.85913e-05	0.0276526
879	-4.01355	-4.01539	-4.02035	-4.04127	-6.82904	0.252245	0.251781	0.250535	0.24535	8.89331e-05	0.0275587
880	-4.25442	-4.25621	-4.26103	-4.28138	-7.01978	0.252182	0.251731	0.250519	0.245474	9.34813e-05	0.0276045
881	-4.7768	-4.77823	-4.78208	-4.79833	-6.99416	0.251721	0.251362	0.250395	0.24636	0.000161407	0.028219
882	-4.01355	-4.01539	-4.02035	-4.04127	-6.82904	0.252245	0.251781	0.250535	0.24535	8.89331e-05	0.0275587
883	-4.71889	-4.72023	-4.72385	-4.73911	-6.82887	0.25161	0.251273	0.250365	0.246573	0.000179625	0.028382
884	-4.69969	-4.70111	-4.70495	-4.72111	-6.91136	0.251712	0.251355	0.250393	0.246378	0.000162324	0.0282277
885	-3.96836	-3.97019	-3.97514	-3.99599	-6.77214	0.252237	0.251775	0.250533	0.245364	8.99773e-05	0.0275682
886	-12.5338	-12.5355	-12.5401	-12.5596	-15.2198	0.252087	0.251655	0.250495	0.245662	0.000101156	0.0276802
887	-4.69969	-4.70111	-4.70495	-4.72111	-6.91136	0.251712	0.251355	0.250393	0.246378	0.000162324	0.0282277
888	-3.26702	-3.26903	-3.27447	-3.29738	-6.33142	0.252465	0.251957	0.250591	0.244916	6.9397e-05	0.0273691
889	-4.73078	-4.7328	-4.73825	-4.76121	-7.84024	0.252472	0.251962	0.250594	0.244906	6.63412e-05	0.0273436
890	-4.41642	-4.41784	-4.42168	-4.43783	-6.61198	0.25171	0.251353	0.250392	0.24638	0.000164959	0.0282492
891	-4.41977	-4.42118	-4.42498	-4.441	-6.59879	0.251695	0.251341	0.250387	0.246409	0.000167699	0.0282735
892	-4.31943	-4.32108	-4.32554	-4.34432	-6.90838	0.252009	0.251593	0.250474	0.245812	0.00011144	0.0277744
893	-4.62768	-4.62908	-4.63287	-4.64883	-6.83981	0.25169	0.251338	0.250387	0.246422	0.000162234	0.0282302
894	-4.69969	-4.70111	-4.70495	-4.72111	-6.91136	0.251712	0.251355	0.250393	0.246378	0.000162324	0.0282277
895	-4.01355	-4.01539	-4.02035	-4.04127	-6.82904	0.252245	0.251781	0.250535	0.24535	8.89331e-05	0.0275587
896	-4.7768	-4.77823	-4.78208	-4.79833	-6.99416	0.251721	0.251362	0.250395	0.24636	0.000161407	0.028219
897	-4.89306	-4.89528	-4.90125	-4.92641	-8.33589	0.252715	0.252156	0.250655	0.244426	4.75797e-05	0.0271569
898	-4.27699	-4.27868	-4.28324	-4.30247	-6.92415	0.252058	0.251633	0.250487	0.245717	0.000105158	0.0277166
899	-4.41642	-4.41784	-4.42168	-4.43783	-6.61198	0.25171	0.251353	0.250392	0.24638	0.000164959	0.0282492
900	-13.6979	-12.5048	-11.4531	-10.1599	-9.47421	0.0206031	0.0679371	0.194455	0.70872	0.00828417	0.12738
901	-4.27699	-4.27868	-4.28324	-4.30247	-6.92415	0.252058	0.251633	0.250487	0.245717	0.000105158	0.0277166
902	-4.73078	-4.7328	-4.73825	-4.76121	-7.84024	0.252472	0.251962	0.250594	0.244906	6.63412e-05	0.0273436
903	-4.7768	-4.77823	-4.78208	-4.79833	-6.99416	0.251721	0.251362	0.250395	0.24636	0.000161407	0.028219
904	-4.1721	-4.17408	-4.17944	-4.20202	-7.28229	0.252431	0.25193	0.250584	0.244988	6.62818e-05	0.027349
905	-4.3512	-4.35291	-4.35751	-4.3769	-6.96023	0.252075	0.251646	0.25049	0.245679	0.000109254	0.0277472
906	-4.6959	-4.69802	-4.70375	-4.72791	-7.99366	0.252604	0.252068	0.250627	0.244646	5.49832e-05	0.0272328
907	-4.3512	-4.35291	-4.35751	-4.3769	-6.96023	0.252075	0.251646	0.25049	0.245679	0.000109254	0.0277472
908	-3.6463	-3.64916	-3.65687	-3.68939	-7.95134	0.253516	0.252792	0.250849	0.242823	2.0153e-05	0.0268191
909	-4.41977	-4.42118	-4.42498	-4.441	-6.59879	0.251695	0.251341	0.250387	0.246409	0.000167699	0.0282735
910	-4.23108	-4.23336	-4.23953	-4.2655	-7.74897	0.252803	0.252227	0.250677	0.244249	4.41544e-05	0.0271164
911	-3.64042	-3.64295	-3.64979	-3.67858	-7.47424	0.253111	0.252471	0.250752	0.243634	3.22325e-05	0.0269754
912	-4.32722	-4.32895	-4.33362	-4.35331	-7.0039	0.252109	0.251673	0.2505	0.245616	0.000102121	0.0276848
913	-4.1557	-4.15795	-4.164	-4.18951	-7.62248	0.252753	0.252187	0.250664	0.24435	4.64606e-05	0.0271423
914	-4.43369	-4.43541	-4.44003	-4.45952	-7.12182	0.252088	0.251656	0.250495	0.24566	0.00010095	0.0276784
915	-4.41642	-4.41784	-4.42168	-4.43783	-6.61198	0.25171	0.251353	0.250392	0.24638	0.000164959	0.0282492
916	-4.09644	-4.09864	-4.10456	-4.12952	-7.53362	0.252693	0.252139	0.25065	0.244471	4.78453e-05	0.0271623
917	-9.45943	-9.46088	-9.4648	-9.48132	-11.681	0.251751	0.251385	0.250402	0.246301	0.000160749	0.0282094
918	-4.41977	-4.42118	-4.42498	-4.441	-6.59879	0.251695	0.251341	0.250387	0.246409	0.000167699	0.0282735
920	-7.52852	-7.53108	-7.53796	-7.56697	-11.2798	0.253134	0.252489	0.250756	0.243586	3.50085e-05	0.0269944
921	-4.43369	-4.43541	-4.44003	-4.45952	-7.12182	0.252088	0.251656	0.250495	0.24566	0.00010095	0.0276784
922	-4.7768	-4.77823	-4.78208	-4.79833	-6.99416	0.251721	0.251362	0.250395	0.24636	0.000161407	0.028219
923	-4.01355	-4.01539	-4.02035	-4.04127	-6.82904	0.252245	0.251781	0.250535	0.24535	8.89331e-05	0.0275587
924	-4.1557	-4.15795	-4.164	-4.18951	-7.62248	0.252753	0.252187	0.250664	0.24435	4.64606e-05	0.0271423
925	-18.1285	-18.1303	-18.1353	-18.1562	-20.9509	0.252248	0.251784	0.250536	0.245344	8.83189e-05	0.0275533
926	-3.72743	-3.72998	-3.73685	-3.76584	-7.56455	0.253131	0.252487	0.250756	0.243594	3.21289e-05	0.0269717
927	-4.72185	-4.72349	-4.72791	-4.74657	-7.31235	0.251995	0.251582	0.250471	0.245841	0.000111261	0.027775
928	-4.09047	-4.09262	-4.09843	-4.12287	-7.37626	0.252635	0.252093	0.250635	0.244582	5.56526e-05	0.0272335
929	-3.64042	-3.64295	-3.64979	-3.67858	-7.47424	0.253111	0.252471	0.250752	0.243634	3.22325e-05	0.0269754
930	-3.94426	-3.94693	-3.95412	-3.98445	-8.01953	0.253278	0.252604	0.250792	0.2433	2.5335e-05	0.0268954
931	-4.375	-4.37677	-4.38154	-4.40164	-7.10297	0.252155	0.25171	0.250512	0.245526	9.70323e-05	0.027637
932	-7.27285	-7.2755	-7.28265	-7.31278	-11.1194	0.253255	0.252585	0.250785	0.243343	3.18415e-05	0.0269513
933	-4.71889	-4.72023	-4.72385	-4.73911	-6.82887	0.25161	0.251273	0.250365	0.246573	0.000179625	0.028382
934	-4.64115	-4.64316	-4.6486	-4.67152	-7.75868	0.252467	0.251959	0.250593	0.244915	6.58066e-05	0.0273399
935	-4.20659	-4.20835	-4.2131	-4.23309	-6.89844	0.252143	0.2517	0.250508	0.245549	0.000100596	0.0276675
936	-4.01355	-4.01539	-4.02035	-4.04127	-6.82904	0.252245	0.251781	0.250535	0.24535	8.89331e-05	0.0275587
937	-4.72185	-4.72349	-4.72791	-4.74657	-7.31235	0.251995	0.251582	0.250471	0.245841	0.000111261	0.027775
938	-4.49648	-4.49824	-4.50299	-4.523	-7.213	0.252145	0.251701	0.250509	0.245547	9.81461e-05	0.0276475
939	-4.09047	-4.09262	-4.09843	-4.12287	-7.37626	0.252635	0.252093	0.250635	0.244582	5.56526e-05	0.0272335
940	-4.375	-4.37677	-4.38154	-4.40164	-7.10297	0.252155	0.25171	0.250512	0.245526	9.70323e-05	0.027637
941	-4.49648	-4.49824	-4.50299	-4.523	-7.213	0.252145	0.251701	0.250509	0.245547	9.81461e-05	0.0276475
942	-4.34481	-4.34623	-4.35006	-4.3662	-6.56846	0.25171	0.251353	0.250393	0.246384	0.000160389	0.0282125
943	-4.1721	-4.17408	-4.17944	-4.20202	-7.28229	0.252431	0.25193	0.250584	0.244988	6.62818e-05	0.027349
944	-11.5627	-11.5649	-11.5706	-11.5947	-14.8539	0.252602	0.252066	0.250627	0.24465	5.53456e-05	0.027236
945	-3.26702	-3.26903	-3.27447	-3.29738	-6.33142	0.252465	0.251957	0.250591	0.244916	6.9397e-05	0.0273691
946	-4.57162	-4.57339	-4.57816	-4.59827	-7.29311	0.252156	0.25171	0.250512	0.245524	9.76634e-05	0.027642
947	-4.62768	-4.62908	-4.63287	-4.64883	-6.83981	0.25169	0.251338	0.250387	0.246422	0.000162234	0.0282302
948	-4.09644	-4.09864	-4.10456	-4.12952	-7.53362	0.252693	0.252139	0.25065	0.244471	4.78453e-05	0.0271623
949	-3.68178	-3.68434	-3.69124	-3.72031	-7.5259	0.253142	0.252495	0.250759	0.243572	3.19063e-05	0.0269683
950	-4.41977	-4.42118	-4.42498	-4.441	-6.59879	0.251695	0.251341	0.250387	0.246409	0.000167699	0.0282735
951	-4.78358	-4.78532	-4.79002	-4.80984	-7.50107	0.252124	0.251685	0.250504	0.245588	9.80426e-05	0.0276497
952	-4.23108	-4.23336	-4.23953	-4.2655	-7.74897	0.252803	0.252227	0.250677	0.244249	4.41544e-05	0.0271164
953	-4.6959	-4.69802	-4.70375	-4.72791	-7.99366	0.252604	0.252068	0.250627	0.244646	5.49832e-05	0.0272328
954	-3.26702	-3.26903	-3.27447	-3.29738	-6.33142	0.252465	0.251957	0.250591	0.244916	6.9397e-05	0.0273691
955	-4.45347	-4.45434	-4.45669	-4.46657	-5.82498	0.250978	0.25076	0.250173	0.247713	0.000374967	0.0300477
956	-4.29836	-4.30011	-4.30483	-4.32475	-7.01031	0.252135	0.251694	0.250507	0.245566	9.85913e-05	0.0276526
957	-4.14676	-4.14851	-4.15325	-4.17323	-6.8831	0.252142	0.251699	0.250509	0.245553	9.62189e-05	0.0276324
958	-3.94426	-3.94693	-3.95412	-3.98445	-8.01953	0.253278	0.252604	0.250792	0.2433	2.5335e-05	0.0268954
959	-3.72743	-3.72998	-3.73685	-3.76584	-7.56455	0.253131	0.252487	0.250756	0.243594	3.21289e-05	0.0269717
960	-4.43369	-4.43541	-4.44003	-4.45952	-7.12182	0.252088	0.251656	0.250495	0.24566	0.00010095	0.0276784
961	-4.32722	-4.32895	-4.33362	-4.35331	-7.0039	0.252109	0.251673	0.2505	0.245616	0.000102121	0.0276848
962	-5.09149	-5.09333	-5.09829	-5.1192	-7.97124	0.252245	0.251782	0.250536	0.245353	8.33978e-05	0.027514
963	-4.77399	-4.77531	-4.77886	-4.79383	-6.84459	0.251577	0.251246	0.250355	0.246635	0.000186817	0.0284448
964	-4.72185	-4.72349	-4.72791	-4.74657	-7.31235	0.251995	0.251582	0.250471	0.245841	0.000111261	0.027775
965	-7.71579	-7.71755	-7.72229	-7.74226	-10.4023	0.25214	0.251698	0.250508	0.245553	0.000101135	0.0276723
966	-4.44717	-4.44934	-4.45522	-4.47996	-7.77332	0.252668	0.252119	0.250643	0.244516	5.34582e-05	0.027211
967	-10.6362	-10.638	-10.6427	-10.6626	-13.3491	0.252136	0.251694	0.250507	0.245565	9.85028e-05	0.0276517
968	-9.13666	-9.13826	-9.14259	-9.1608	-11.5922	0.251943	0.25154	0.250455	0.245934	0.000127308	0.0279119
969	-4.57162	-4.57339	-4.57816	-4.59827	-7.29311	0.252156	0.25171	0.250512	0.245524	9.76634e-05	0.027642
970	-4.32722	-4.32895	-4.33362	-4.35331	-7.0039	0.252109	0.251673	0.2505	0.245616	0.000102121	0.0276848
971	-4.91197	-4.91332	-4.91696	-4.9323	-7.04889	0.25162	0.251281	0.250368	0.246557	0.000174858	0.0283422
972	-4.6959	-4.69802	-4.70375	-4.72791	-7.99366	0.252604	0.252068	0.250627	0.244646	5.49832e-05	0.0272328
973	-4.64996	-4.65207	-4.65775	-4.68171	-7.89058	0.252582	0.25205	0.250621	0.244689	5.82115e-05	0.027262
974	-3.94426	-3.94693	-3.95412	-3.98445	-8.01953	0.253278	0.252604	0.250792	0.2433	2.5335e-05	0.0268954
975	-7.71347	-7.71525	-7.72003	-7.74019	-10.4498	0.252161	0.251714	0.250514	0.245515	9.62268e-05	0.0276297
976	-4.375	-4.37677	-4.38154	-4.40164	-7.10297	0.252155	0.25171	0.250512	0.245526	9.70323e-05	0.027637
977	-4.49648	-4.49824	-4.50299	-4.523	-7.213	0.252145	0.251701	0.250509	0.245547	9.81461e-05	0.0276475
978	-4.77399	-4.77531	-4.77886	-4.79383	-6.84459	0.251577	0.251246	0.250355	0.246635	0.000186817	0.0284448
979	-3.59536	-3.59791	-3.60479	-3.6338	-7.45102	0.253134	0.252489	0.250757	0.243588	3.15392e-05	0.0269665
980	-3.94426	-3.94693	-3.95412	-3.98445	-8.01953	0.253278	0.252604	0.250792	0.2433	2.5335e-05	0.0268954
981	-4.375	-4.37677	-4.38154	-4.40164	-7.10297	0.252155	0.25171	0.250512	0.245526	9.70323e-05	0.027637
982	-4.31943	-4.32108	-4.32554	-4.34432	-6.90838	0.252009	0.251593	0.250474	0.245812	0.00011144	0.0277744
983	-4.64996	-4.65207	-4.65775	-4.68171	-7.89058	0.252582	0.25205	0.250621	0.244689	5.82115e-05	0.027262
984	-3.6463	-3.64916	-3.65687	-3.68939	-7.95134	0.253516	0.252792	0.250849	0.242823	2.0153e-05	0.0268191
985	-3.94426	-3.94693	-3.95412	-3.98445	-8.01953	0.253278	0.252604	0.250792	0.2433	2.5335e-05	0.0268954
986	-4.14676	-4.14851	-4.15325	-4.17323	-6.8831	0.252142	0.251699	0.250509	0.245553	9.62189e-05	0.0276324
987	-9.67815	-9.68014	-9.6855	-9.70807	-12.7071	0.252429	0.251929	0.250582	0.244988	7.18893e-05	0.0273944
988	-3.96079	-3.9623	-3.96637	-3.98354	-6.31996	0.251826	0.251446	0.250424	0.246163	0.000140126	0.0280323
989	-3.86661	-3.86903	-3.87554	-3.90299	-7.55602	0.252964	0.252355	0.250716	0.243928	3.72188e-05	0.027037
990	-3.59536	-3.59791	-3.60479	-3.6338	-7.45102	0.253134	0.252489	0.250757	0.243588	3.15392e-05	0.0269665
991	-5.1462	-5.1482	-5.15358	-5.17626	-8.26296	0.252442	0.251939	0.250587	0.244966	6.58512e-05	0.0273439
992	-10.6237	-10.6254	-10.6298	-10.6483	-13.1842	0.251983	0.251573	0.250467	0.245862	0.000114642	0.027804
993	-4.52369	-4.52536	-4.52984	-4.54873	-7.1226	0.252021	0.251603	0.250477	0.245789	0.000110341	0.0277638
994	-4.3512	-4.35291	-4.35751	-4.3769	-6.96023	0.252075	0.251646	0.25049	0.245679	0.000109254	0.0277472
995	-4.31943	-4.32108	-4.32554	-4.34432	-6.90838	0.252009	0.251593	0.250474	0.245812	0.00011144	0.0277744
996	-3.72743	-3.72998	-3.73685	-3.76584	-7.56455	0.253131	0.252487	0.250756	0.243594	3.21289e-05	0.0269717
997	-3.94426	-3.94693	-3.95412	-3.98445	-8.01953	0.253278	0.252604	0.250792	0.2433	2.5335e-05	0.0268954
998	-4.52369	-4.52536	-4.52984	-4.54873	-7.1226	0.252021	0.251603	0.250477	0.245789	0.000110341	0.0277638
999	-7.53416	-7.5367	-7.54355	-7.57243	-11.2917	0.253119	0.252477	0.250753	0.243617	3.47902e-05	0.0269949
1000	-4.73078	-4.7328	-4.73825	-4.76121	-7.84024	0.252472	0.251962	0.250594	0.244906	6.63412e-05	0.0273436
1001	-4.375	-4.37677	-4.38154	-4.40164	-7.10297	0.252155	0.25171	0.250512	0.245526	9.70323e-05	0.027637
1002	-9.63338	-9.63503	-9.63949	-9.65829	-12.2222	0.25201	0.251594	0.250475	0.245809	0.00011145	0.0277743
1003	-4.77399	-4.77531	-4.77886	-4.79383	-6.84459	0.251577	0.251246	0.250355	0.246635	0.000186817	0.0284448
1004	-4.49648	-4.49824	-4.50299	-4.523	-7.213	0.252145	0.251701	0.250509	0.245547	9.81461e-05	0.0276475
1005	-4.27699	-4.27868	-4.28324	-4.30247	-6.92415	0.252058	0.251633	0.250487	0.245717	0.000105158	0.0277166
1006	-4.01699	-4.0197	-4.027	-4.05778	-8.13426	0.253327	0.252642	0.250804	0.243203	2.42977e-05	0.02688
1007	-3.72743	-3.72998	-3.73685	-3.76584	-7.56455	0.253131	0.252487	0.250756	0.243594	3.21289e-05	0.0269717
1008	-10.4436	-10.4452	-10.4497	-10.4685	-13.033	0.25201	0.251594	0.250474	0.245811	0.000111392	0.027774
1009	-3.72743	-3.72998	-3.73685	-3.76584	-7.56455	0.253131	0.252487	0.250756	0.243594	3.21289e-05	0.0269717
1010	-4.32722	-4.32895	-4.33362	-4.35331	-7.0039	0.252109	0.251673	0.2505	0.245616	0.000102121	0.0276848
1011	-3.26702	-3.26903	-3.27447	-3.29738	-6.33142	0.252465	0.251957	0.250591	0.244916	6.9397e-05	0.0273691
1012	-3.59536	-3.59791	-3.60479	-3.6338	-7.45102	0.253134	0.252489	0.250757	0.243588	3.15392e-05	0.0269665
1013	-4.3512	-4.35291	-4.35751	-4.3769	-6.96023	0.252075	0.251646	0.25049	0.245679	0.000109254	0.0277472
1014	-10.5649	-10.567	-10.5727	-10.5968	-13.8495	0.252602	0.252066	0.250627	0.24465	5.57111e-05	0.0272389
1015	-4.41977	-4.42118	-4.42498	-4.441	-6.59879	0.251695	0.251341	0.250387	0.246409	0.000167699	0.0282735
1016	-3.31371	-3.31576	-3.3213	-3.34462	-6.4262	0.252511	0.251994	0.250603	0.244826	6.61511e-05	0.0273363
1017	-3.59536	-3.59791	-3.60479	-3.6338	-7.45102	0.253134	0.252489	0.250757	0.243588	3.15392e-05	0.0269665
1018	-4.1721	-4.17408	-4.17944	-4.20202	-7.28229	0.252431	0.25193	0.250584	0.244988	6.62818e-05	0.027349
1019	-4.29836	-4.30011	-4.30483	-4.32475	-7.01031	0.252135	0.251694	0.250507	0.245566	9.85913e-05	0.0276526
1020	-4.73078	-4.7328	-4.73825	-4.76121	-7.84024	0.252472	0.251962	0.250594	0.244906	6.63412e-05	0.0273436
1021	-10.7898	-10.7917	-10.7971	-10.8195	-13.8695	0.252417	0.251919	0.25058	0.245016	6.83299e-05	0.0273676
1022	-4.01355	-4.01539	-4.02035	-4.04127	-6.82904	0.252245	0.251781	0.250535	0.24535	8.89331e-05	0.0275587
1023	-9.92445	-9.92588	-9.92973	-9.94598	-12.1475	0.251721	0.251362	0.250395	0.246361	0.000160493	0.0282116
1024	-4.45347	-4.45434	-4.45669	-4.46657	-5.82498	0.250978	0.25076	0.250173	0.247713	0.000374967	0.0300477
1025	-4.32315	-4.32486	-4.32945	-4.34881	-6.99194	0.252073	0.251644	0.250491	0.245689	0.000102915	0.0276965
1034	-3.64621	-3.64882	-3.65586	-3.68553	-7.60133	0.253206	0.252547	0.250775	0.243444	2.85615e-05	0.0269319
1035	-3.94426	-3.94693	-3.95412	-3.98445	-8.01953	0.253278	0.252604	0.250792	0.2433	2.5335e-05	0.0268954
1036	-4.1721	-4.17408	-4.17944	-4.20202	-7.28229	0.252431	0.25193	0.250584	0.244988	6.62818e-05	0.027349
1037	-13.9314	-13.9332	-13.9379	-13.958	-16.6148	0.252146	0.251702	0.250509	0.245541	0.000101454	0.027674
1038	-4.69969	-4.70111	-4.70495	-4.72111	-6.91136	0.251712	0.251355	0.250393	0.246378	0.000162324	0.0282277
1039	-4.89306	-4.89528	-4.90125	-4.92641	-8.33589	0.252715	0.252156	0.250655	0.244426	4.75797e-05	0.0271569
1040	-4.45347	-4.45434	-4.45669	-4.46657	-5.82498	0.250978	0.25076	0.250173	0.247713	0.000374967	0.0300477
1041	-5.21981	-5.22141	-5.22575	-5.24401	-7.72542	0.25195	0.251546	0.250458	0.245925	0.000121096	0.0278608
1042	-4.09047	-4.09262	-4.09843	-4.12287	-7.37626	0.252635	0.252093	0.250635	0.244582	5.56526e-05	0.0272335
1043	-4.73078	-4.7328	-4.73825	-4.76121	-7.84024	0.252472	0.251962	0.250594	0.244906	6.63412e-05	0.0273436
1044	-4.375	-4.37677	-4.38154	-4.40164	-7.10297	0.252155	0.25171	0.250512	0.245526	9.70323e-05	0.027637
1045	-9.26929	-9.27106	-9.27583	-9.29594	-11.9826	0.252155	0.25171	0.250512	0.245525	9.84657e-05	0.0276486
1046	-9.8547	-9.85636	-9.86083	-9.87969	-12.4438	0.252017	0.251599	0.250476	0.245796	0.000111426	0.0277732
1047	-3.94426	-3.94693	-3.95412	-3.98445	-8.01953	0.253278	0.252604	0.250792	0.2433	2.5335e-05	0.0268954
1048	-4.7768	-4.77823	-4.78208	-4.79833	-6.99416	0.251721	0.251362	0.250395	0.24636	0.000161407	0.028219
1049	-4.89306	-4.89528	-4.90125	-4.92641	-8.33589	0.252715	0.252156	0.250655	0.244426	4.75797e-05	0.0271569
1050	-4.51629	-4.51725	-4.51984	-4.53074	-6.0324	0.251102	0.250861	0.250213	0.2475	0.000324641	0.0296244
1051	-3.26702	-3.26903	-3.27447	-3.29738	-6.33142	0.252465	0.251957	0.250591	0.244916	6.9397e-05	0.0273691
1052	-4.57162	-4.57339	-4.57816	-4.59827	-7.29311	0.252156	0.25171	0.250512	0.245524	9.76634e-05	0.027642
1053	-4.7768	-4.77823	-4.78208	-4.79833	-6.99416	0.251721	0.251362	0.250395	0.24636	0.000161407	0.028219
1054	-4.51629	-4.51725	-4.51984	-4.53074	-6.0324	0.251102	0.250861	0.250213	0.2475	0.000324641	0.0296244
1055	-4.375	-4.37677	-4.38154	-4.40164	-7.10297	0.252155	0.25171	0.250512	0.245526	9.70323e-05	0.027637
1056	-3.68178	-3.68434	-3.69124	-3.72031	-7.5259	0.253142	0.252495	0.250759	0.243572	3.19063e-05	0.0269683
1057	-5.09149	-5.09333	-5.09829	-5.1192	-7.97124	0.252245	0.251782	0.250536	0.245353	8.33978e-05	0.027514
1058	-4.89306	-4.89528	-4.90125	-4.92641	-8.33589	0.252715	0.252156	0.250655	0.244426	4.75797e-05	0.0271569
1059	-4.45347	-4.45434	-4.45669	-4.46657	-5.82498	0.250978	0.25076	0.250173	0.247713	0.000374967	0.0300477
1060	-8.73484	-8.73661	-8.74139	-8.7615	-11.4293	0.252155	0.25171	0.250511	0.245523	0.000100339	0.0276636
1061	-4.51629	-4.51725	-4.51984	-4.53074	-6.0324	0.251102	0.250861	0.250213	0.2475	0.000324641	0.0296244
1062	-4.00521	-4.00669	-4.01068	-4.0275	-6.32002	0.251787	0.251415	0.250414	0.246237	0.000146459	0.028089
1063	-9.82796	-9.83016	-9.83608	-9.86103	-13.1908	0.252691	0.252137	0.250649	0.244472	5.15395e-05	0.0271923
1064	-9.32875	-9.33115	-9.33762	-9.36489	-13.0085	0.252945	0.252339	0.250711	0.243967	3.75756e-05	0.0270427
1065	-4.20659	-4.20835	-4.2131	-4.23309	-6.89843	0.252143	0.2517	0.250508	0.245549	0.000100598	0.0276676
1066	-8.29132	-8.29335	-8.29884	-8.32195	-11.4068	0.252488	0.251976	0.250598	0.244873	6.59449e-05	0.0273379
1067	-8.93262	-8.93416	-8.93832	-8.95585	-11.3017	0.251866	0.251478	0.250434	0.246083	0.000138764	0.0280155
1068	-12.2286	-12.23	-12.234	-12.2507	-14.4792	0.25177	0.251401	0.250408	0.246265	0.00015616	0.0281696
1069	-3.94426	-3.94693	-3.95412	-3.98445	-8.01953	0.253278	0.252604	0.250792	0.2433	2.5335e-05	0.0268954
1070	-3.94426	-3.94693	-3.95412	-3.98445	-8.01953	0.253278	0.252604	0.250792	0.2433	2.5335e-05	0.0268954
1071	-9.23889	-9.24062	-9.24527	-9.26487	-11.8994	0.252099	0.251665	0.250497	0.245634	0.000103777	0.0276995
1072	-4.98052	-4.98192	-4.9857	-5.00163	-7.17774	0.251686	0.251334	0.250386	0.246429	0.000164668	0.0282504
1073	-14.5836	-13.39	-12.3373	-11.0392	-9.73072	0.0203568	0.0671531	0.19243	0.704704	0.0153563	0.184417
1074	-5.21981	-5.22141	-5.22575	-5.24401	-7.72542	0.25195	0.251546	0.250458	0.245925	0.000121096	0.0278608
1075	-4.00521	-4.00669	-4.01068	-4.0275	-6.32002	0.251787	0.251415	0.250414	0.246237	0.000146459	0.028089
1076	-3.96079	-3.9623	-3.96637	-3.98354	-6.31996	0.251826	0.251446	0.250424	0.246163	0.000140126	0.0280323
1077	-3.26702	-3.26903	-3.27447	-3.29738	-6.33142	0.252465	0.251957	0.250591	0.244916	6.9397e-05	0.0273691
1078	-27.6339	-27.6354	-27.6394	-27.6566	-29.9556	0.251823	0.251444	0.250423	0.246165	0.000145466	0.0280757
1079	-4.71889	-4.72023	-4.72385	-4.73911	-6.82887	0.25161	0.251273	0.250365	0.246573	0.000179625	0.028382
1080	-3.86661	-3.86903	-3.87554	-3.90299	-7.55602	0.252964	0.252355	0.250716	0.243928	3.72188e-05	0.027037
1081	-3.72743	-3.72998	-3.73685	-3.76584	-7.56455	0.253131	0.252487	0.250756	0.243594	3.21289e-05	0.0269717
1082	-4.23108	-4.23336	-4.23953	-4.2655	-7.74897	0.252803	0.252227	0.250677	0.244249	4.41544e-05	0.0271164
1083	-4.34481	-4.34623	-4.35006	-4.3662	-6.56846	0.25171	0.251353	0.250393	0.246384	0.000160389	0.0282125
1084	-3.94426	-3.94693	-3.95412	-3.98445	-8.01953	0.253278	0.252604	0.250792	0.2433	2.5335e-05	0.0268954
1085	-5.01979	-5.02178	-5.02715	-5.04979	-8.10186	0.252436	0.251934	0.250585	0.244977	6.81739e-05	0.0273635
1086	-11.0377	-11.0394	-11.0439	-11.0631	-13.6691	0.252055	0.25163	0.250486	0.245722	0.000106826	0.0277306
1087	-9.13603	-9.13733	-9.14081	-9.15549	-11.1238	0.251542	0.251217	0.250344	0.246694	0.000202918	0.0285796
1088	-4.01699	-4.0197	-4.027	-4.05778	-8.13426	0.253327	0.252642	0.250804	0.243203	2.42977e-05	0.02688
1089	-3.86661	-3.86903	-3.87554	-3.90299	-7.55602	0.252964	0.252355	0.250716	0.243928	3.72188e-05	0.027037
1090	-31.1478	-29.9537	-28.8997	-27.5965	-25.5809	0.0199332	0.065786	0.188746	0.694829	0.0307056	0.308138
1091	-4.23108	-4.23336	-4.23953	-4.2655	-7.74897	0.252803	0.252227	0.250677	0.244249	4.41544e-05	0.0271164
1092	-5.09149	-5.09333	-5.09829	-5.1192	-7.97124	0.252245	0.251782	0.250536	0.245353	8.33978e-05	0.027514
1093	-14.6468	-14.6493	-14.6563	-14.6855	-18.3951	0.25316	0.252509	0.250762	0.243533	3.51153e-05	0.0269915
1094	-16.5385	-16.5406	-16.5462	-16.5699	-19.7605	0.252555	0.252029	0.250615	0.244742	5.92954e-05	0.0272746
1095	-4.1557	-4.15795	-4.164	-4.18951	-7.62248	0.252753	0.252187	0.250664	0.24435	4.64606e-05	0.0271423
1096	-9.64509	-9.64716	-9.65273	-9.67621	-12.8276	0.252529	0.252008	0.250608	0.244792	6.16828e-05	0.0272976
1097	-4.89306	-4.89528	-4.90125	-4.92641	-8.33589	0.252715	0.252156	0.250655	0.244426	4.75797e-05	0.0271569
1098	-20.0695	-20.0714	-20.0763	-20.0972	-22.8825	0.252242	0.251779	0.250534	0.245355	8.91546e-05	0.0275608
1099	-5.21981	-5.22141	-5.22575	-5.24401	-7.72542	0.25195	0.251546	0.250458	0.245925	0.000121096	0.0278608
1100	-5.35046	-5.35207	-5.35642	-5.37475	-7.88411	0.251958	0.251552	0.250461	0.245912	0.000117752	0.0278328
1101	-20.4749	-20.4764	-20.4806	-20.4979	-22.8444	0.251849	0.251465	0.25043	0.246117	0.000138696	0.0280173
1102	-4.20659	-4.20835	-4.2131	-4.23309	-6.89844	0.252143	0.2517	0.250508	0.245549	0.000100596	0.0276675
1103	-3.26702	-3.26903	-3.27447	-3.29738	-6.33142	0.252465	0.251957	0.250591	0.244916	6.9397e-05	0.0273691
1104	-3.96836	-3.97019	-3.97514	-3.99599	-6.77214	0.252237	0.251775	0.250533	0.245364	8.99773e-05	0.0275682
1105	-3.86661	-3.86903	-3.87554	-3.90299	-7.55602	0.252964	0.252355	0.250716	0.243928	3.72188e-05	0.027037
1106	-4.1721	-4.17408	-4.17944	-4.20202	-7.28229	0.252431	0.25193	0.250584	0.244988	6.62818e-05	0.027349
1107	-9.04687	-9.04966	-9.05719	-9.08889	-13.2045	0.253427	0.252721	0.250827	0.243001	2.33461e-05	0.0268577
1108	-4.41977	-4.42118	-4.42498	-4.441	-6.59879	0.251695	0.251341	0.250387	0.246409	0.000167699	0.0282735
1109	-10.5449	-10.5463	-10.5501	-10.5662	-12.7596	0.251697	0.251343	0.250389	0.246409	0.000161823	0.0282259
1110	-10.0329	-10.0357	-10.0434	-10.0755	-14.2756	0.253476	0.25276	0.250839	0.242903	2.14467e-05	0.0268353
1111	-4.71889	-4.72023	-4.72385	-4.73911	-6.82887	0.25161	0.251273	0.250365	0.246573	0.000179625	0.028382
1112	-3.59536	-3.59791	-3.60479	-3.6338	-7.45102	0.253134	0.252489	0.250757	0.243588	3.15392e-05	0.0269665
1113	-6.62992	-6.63247	-6.63935	-6.66832	-10.3064	0.25313	0.252485	0.250754	0.243592	3.77273e-05	0.027017
1114	-3.68178	-3.68434	-3.69124	-3.72031	-7.5259	0.253142	0.252495	0.250759	0.243572	3.19063e-05	0.0269683
1115	-4.01355	-4.01539	-4.02035	-4.04127	-6.82904	0.252245	0.251781	0.250535	0.24535	8.89331e-05	0.0275587
1116	-4.27699	-4.27868	-4.28324	-4.30247	-6.92415	0.252058	0.251633	0.250487	0.245717	0.000105158	0.0277166
1117	-4.43369	-4.43541	-4.44003	-4.45952	-7.12182	0.252088	0.251656	0.250495	0.24566	0.00010095	0.0276784
1118	-10.358	-10.3598	-10.3646	-10.3847	-13.0884	0.252157	0.251711	0.250512	0.245522	9.67962e-05	0.0276348
1119	-13.2582	-13.2607	-13.2676	-13.2967	-17.0065	0.253139	0.252493	0.250757	0.243575	3.51141e-05	0.0269945
1120	-4.01699	-4.0197	-4.027	-4.05778	-8.13426	0.253327	0.252642	0.250804	0.243203	2.42977e-05	0.02688
1121	-3.72743	-3.72998	-3.73685	-3.76584	-7.56455	0.253131	0.252487	0.250756	0.243594	3.21289e-05	0.0269717
1122	-4.23108	-4.23336	-4.23953	-4.2655	-7.74897	0.252803	0.252227	0.250677	0.244249	4.41544e-05	0.0271164
1123	-16.786	-16.7877	-16.7925	-16.8124	-19.5167	0.252135	0.251694	0.250507	0.245567	9.67598e-05	0.0276377
1124	-14.528	-14.5298	-14.5346	-14.5549	-17.2649	0.252176	0.251726	0.250517	0.245484	9.61793e-05	0.0276271
1125	-4.09644	-4.09864	-4.10456	-4.12952	-7.53362	0.252693	0.252139	0.25065	0.244471	4.78453e-05	0.0271623
1126	-4.98052	-4.98192	-4.9857	-5.00163	-7.17774	0.251686	0.251334	0.250386	0.246429	0.000164668	0.0282504
1127	-4.45347	-4.45434	-4.45669	-4.46657	-5.82498	0.250978	0.25076	0.250173	0.247713	0.000374967	0.0300477
1128	-12.3596	-12.3613	-12.3659	-12.3851	-15.0063	0.252058	0.251632	0.250487	0.245717	0.000105211	0.0277171
1129	-4.29836	-4.30011	-4.30483	-4.32475	-7.01031	0.252135	0.251694	0.250507	0.245566	9.85913e-05	0.0276526
1130	-4.29836	-4.30011	-4.30483	-4.32475	-7.01031	0.252135	0.251694	0.250507	0.245566	9.85913e-05	0.0276526
1131	-4.57162	-4.57339	-4.57816	-4.59827	-7.29311	0.252156	0.25171	0.250512	0.245524	9.76634e-05	0.027642
1132	-3.94426	-3.94693	-3.95412	-3.98445	-8.01953	0.253278	0.252604	0.250792	0.2433	2.5335e-05	0.0268954
1133	-3.86661	-3.86903	-3.87554	-3.90299	-7.55602	0.252964	0.252355	0.250716	0.243928	3.72188e-05	0.027037
1134	-4.89306	-4.89528	-4.90125	-4.92641	-8.33589	0.252715	0.252156	0.250655	0.244426	4.75797e-05	0.0271569
1135	-4.01355	-4.01539	-4.02035	-4.04127	-6.82904	0.252245	0.251781	0.250535	0.24535	8.89331e-05	0.0275587
1136	-12.83	-12.8326	-12.8394	-12.8684	-16.4993	0.25313	0.252485	0.250754	0.243592	3.7998e-05	0.0270191
1137	-4.45347	-4.45434	-4.45669	-4.46657	-5.82498	0.250978	0.25076	0.250173	0.247713	0.000374967	0.0300477
1138	-3.72743	-3.72998	-3.73685	-3.76584	-7.56455	0.253131	0.252487	0.250756	0.243594	3.21289e-05	0.0269717
1139	-27.301	-26.1075	-25.0552	-23.7588	-22.5818	0.0204301	0.0673852	0.193018	0.705684	0.0134826	0.1693
1140	-4.23108	-4.23336	-4.23953	-4.2655	-7.74897	0.252803	0.252227	0.250677	0.244249	4.41544e-05	0.0271164
1141	-4.64115	-4.64316	-4.6486	-4.67152	-7.75868	0.252467	0.251959	0.250593	0.244915	6.58066e-05	0.0273399
1142	-3.68178	-3.68434	-3.69124	-3.72031	-7.5259	0.253142	0.252495	0.250759	0.243572	3.19063e-05	0.0269683
1143	-4.43369	-4.43541	-4.44003	-4.45952	-7.12182	0.252088	0.251656	0.250495	0.24566	0.00010095	0.0276784
1144	-3.72743	-3.72998	-3.73685	-3.76584	-7.56455	0.253131	0.252487	0.250756	0.243594	3.21289e-05	0.0269717
1145	-3.72743	-3.72998	-3.73685	-3.76584	-7.56455	0.253131	0.252487	0.250756	0.243594	3.21289e-05	0.0269717
1146	-3.68178	-3.68434	-3.69124	-3.72031	-7.5259	0.253142	0.252495	0.250759	0.243572	3.19063e-05	0.0269683
1147	-4.20659	-4.20835	-4.2131	-4.23309	-6.89844	0.252143	0.2517	0.250508	0.245549	0.000100596	0.0276675
1148	-4.45347	-4.45434	-4.45669	-4.46657	-5.82498	0.250978	0.25076	0.250173	0.247713	0.000374967	0.0300477
1149	-4.78358	-4.78532	-4.79002	-4.80984	-7.50107	0.252124	0.251685	0.250504	0.245588	9.80426e-05	0.0276497
1150	-3.72743	-3.72998	-3.73685	-3.76584	-7.56455	0.253131	0.252487	0.250756	0.243594	3.21289e-05	0.0269717
1151	-4.01699	-4.0197	-4.027	-4.05778	-8.13426	0.253327	0.252642	0.250804	0.243203	2.42977e-05	0.02688
1152	-3.96079	-3.9623	-3.96637	-3.98354	-6.31996	0.251826	0.251446	0.250424	0.246163	0.000140126	0.0280323
1153	-3.72743	-3.72998	-3.73685	-3.76584	-7.56455	0.253131	0.252487	0.250756	0.243594	3.21289e-05	0.0269717
