Sites	Ll_YN98.omega=0.0600007	Ll_YN98.omega=1	Pr_YN98.omega=0.0600007	Pr_YN98.omega=1	mean
5	-4.29228	-5.27808	0.950596	0.0494043	0.106441
6	-5.66373	-6.2853	0.930398	0.0696021	0.125427
7	-3.02525	-3.87637	0.943872	0.0561275	0.112761
8	-4.18168	-4.94417	0.938988	0.0610121	0.117352
9	-6.98495	-7.75897	0.939646	0.0603543	0.116734
10	-3.03512	-3.81619	0.940044	0.0599563	0.11636
11	-6.55644	-7.32956	0.939594	0.0604055	0.116782
12	-3.40531	-4.41735	0.951814	0.0481864	0.105296
13	-13.471	-14.269	0.940995	0.0590054	0.115466
14	-20.3067	-18.1718	0.459168	0.540832	0.568383
15	-11.9578	-9.97915	0.498151	0.501849	0.531738
16	-11.0783	-9.09297	0.496491	0.503509	0.533299
17	-9.3468	-7.33645	0.490223	0.509777	0.53919
18	-3.40531	-4.41735	0.951814	0.0481864	0.105296
19	-5.66373	-6.2853	0.930398	0.0696021	0.125427
20	-13.2684	-11.3039	0.501688	0.498312	0.528414
21	-9.00743	-9.76976	0.938979	0.061021	0.11736
22	-4.96221	-5.75346	0.940615	0.059385	0.115823
23	-4.18168	-4.94417	0.938988	0.0610121	0.117352
24	-3.69041	-4.38914	0.935231	0.0647687	0.120883
25	-9.22171	-7.17172	0.480322	0.519678	0.548498
26	-3.03512	-3.81619	0.940044	0.0599563	0.11636
27	-8.46611	-8.97411	0.922674	0.0773261	0.132687
28	-12.7527	-10.6487	0.466841	0.533159	0.56117
29	-3.41598	-4.342	0.947711	0.052289	0.109152
30	-19.0706	-14.341	0.0596156	0.940384	0.943961
31	-12.1913	-10.3009	0.520202	0.479798	0.511011
32	-7.58657	-8.43517	0.943739	0.056261	0.112886
33	-3.41598	-4.342	0.947711	0.052289	0.109152
34	-4.56555	-5.34012	0.939676	0.0603237	0.116705
35	-23.2396	-21.3006	0.508057	0.491943	0.522426
36	-17.7672	-12.9293	0.0538297	0.94617	0.9494
37	-8.49886	-9.37459	0.945162	0.0548378	0.111548
38	-3.03512	-3.81619	0.940044	0.0599563	0.11636
39	-4.81521	-5.7404	0.94767	0.0523301	0.109191
45	-22.1148	-20.2452	0.525405	0.474595	0.50612
46	-4.56555	-5.34012	0.939676	0.0603237	0.116705
47	-9.95113	-10.7365	0.940287	0.0597129	0.116131
48	-15.9371	-13.8252	0.464901	0.535099	0.562994
49	-12.973	-10.9832	0.49536	0.50464	0.534362
50	-5.08103	-5.59411	0.923035	0.0769648	0.132348
51	-4.55808	-5.39048	0.942873	0.0571273	0.1137
52	-7.67983	-8.38917	0.935871	0.0641287	0.120282
53	-12.0148	-12.7221	0.935745	0.0642545	0.1204
54	-3.03512	-3.81619	0.940044	0.0599563	0.11636
55	-4.00296	-4.74763	0.937959	0.0620406	0.118319
56	-4.23785	-4.88457	0.932009	0.0679912	0.123912
57	-3.64072	-4.544	0.946573	0.0534271	0.110222
58	-16.3939	-17.2499	0.94413	0.0558696	0.112518
59	-3.8934	-4.6076	0.936162	0.0638378	0.120008
60	-4.44359	-5.41433	0.949883	0.0501167	0.10711
61	-9.14265	-10.0085	0.94465	0.05535	0.11203
62	-20.7604	-15.8032	0.0480613	0.951939	0.954822
63	-10.6758	-11.2127	0.92471	0.0752898	0.130773
64	-7.35522	-8.19127	0.943068	0.0569316	0.113516
65	-4.55991	-5.37193	0.941764	0.0582355	0.114742
66	-5.45843	-6.18648	0.936985	0.063015	0.119235
67	-4.29239	-5.27995	0.950678	0.049322	0.106363
68	-8.17285	-9.07933	0.946734	0.0532655	0.11007
69	-11.5951	-12.656	0.954002	0.045998	0.103239
70	-12.3424	-12.9554	0.929845	0.0701546	0.125946
71	-4.29239	-5.27995	0.950678	0.049322	0.106363
72	-4.60005	-5.4118	0.94175	0.0582504	0.114756
73	-4.23843	-4.8863	0.932082	0.0679182	0.123844
74	-11.4881	-12.1583	0.933479	0.0665213	0.122531
75	-4.32685	-5.25006	0.947572	0.0524285	0.109283
76	-6.56532	-7.37364	0.941562	0.0584384	0.114933
77	-4.32685	-5.25006	0.947572	0.0524285	0.109283
78	-16.5403	-17.3114	0.93948	0.0605202	0.11689
79	-4.98317	-5.84472	0.944423	0.0555773	0.112243
80	-3.40584	-4.4197	0.951896	0.0481036	0.105218
81	-5.13184	-5.70355	0.927099	0.072901	0.128528
82	-4.56056	-5.37402	0.941844	0.0581563	0.114668
83	-8.05177	-8.95768	0.946705	0.0532949	0.110098
84	-13.5364	-11.458	0.473248	0.526752	0.555147
85	-8.78407	-9.51688	0.937266	0.062734	0.118971
86	-11.1045	-11.6995	0.928661	0.0713394	0.12706
87	-4.56056	-5.37402	0.941844	0.0581563	0.114668
88	-3.40584	-4.4197	0.951896	0.0481036	0.105218
89	-4.23843	-4.8863	0.932082	0.0679182	0.123844
90	-4.44409	-5.41656	0.949966	0.0500344	0.107033
169	-5.18717	-5.81758	0.930968	0.0690319	0.124891
170	-3.89528	-4.66861	0.939606	0.0603935	0.116771
171	-10.2103	-11.1811	0.949883	0.0501173	0.107111
172	-7.68052	-8.39113	0.935948	0.0640523	0.12021
173	-9.89275	-7.74712	0.456515	0.543485	0.570876
174	-11.6717	-12.2617	0.928323	0.0716766	0.127377
175	-12.3137	-13.0462	0.937245	0.0627549	0.11899
176	-4.52171	-5.33379	0.941768	0.0582318	0.114739
177	-5.74123	-6.36363	0.930451	0.0695491	0.125377
178	-3.64107	-4.54597	0.946654	0.0533457	0.110146
179	-10.9596	-11.7032	0.937898	0.0621024	0.118377
180	-4.56613	-5.34207	0.939754	0.0602456	0.116632
181	-4.60005	-5.4118	0.94175	0.0582504	0.114756
182	-4.56613	-5.34207	0.939754	0.0602456	0.116632
183	-9.0914	-9.73534	0.931833	0.0681674	0.124078
184	-13.9389	-11.9122	0.486152	0.513848	0.543018
185	-15.4593	-16.168	0.935828	0.064172	0.120322
186	-13.855	-11.7785	0.473703	0.526297	0.55472
187	-10.3103	-8.30373	0.491159	0.508841	0.538311
188	-4.55895	-5.39284	0.942953	0.0570472	0.113625
189	-3.40584	-4.4197	0.951896	0.0481036	0.105218
190	-4.18231	-4.94616	0.939066	0.0609342	0.117279
191	-4.23843	-4.8863	0.932082	0.0679182	0.123844
192	-9.84734	-10.655	0.941528	0.0584723	0.114965
193	-4.98317	-5.84472	0.944423	0.0555773	0.112243
194	-4.11115	-4.61775	0.922574	0.077426	0.132781
195	-3.02583	-3.87847	0.943953	0.0560471	0.112685
196	-14.096	-12.0542	0.482367	0.517633	0.546576
197	-4.32685	-5.25006	0.947572	0.0524285	0.109283
198	-4.60918	-5.20488	0.928704	0.071296	0.127019
199	-7.94525	-8.78933	0.943498	0.0565016	0.113112
200	-3.4164	-4.34407	0.947793	0.0522074	0.109076
201	-4.23843	-4.8863	0.932082	0.0679182	0.123844
202	-4.53582	-5.16984	0.9312	0.0688001	0.124673
203	-20.6484	-15.8261	0.0546255	0.945375	0.948652
204	-9.28539	-10.0261	0.937726	0.0622737	0.118538
205	-12.3471	-13.0617	0.936186	0.0638137	0.119986
206	-3.4164	-4.34407	0.947793	0.0522074	0.109076
207	-8.19262	-8.88842	0.935054	0.064946	0.12105
208	-23.1527	-18.1119	0.0443804	0.95562	0.958282
209	-24.4501	-19.694	0.0581522	0.941848	0.945337
210	-4.37927	-5.12392	0.937958	0.0620421	0.11832
211	-12.8862	-13.3936	0.92263	0.0773699	0.132728
212	-5.14658	-5.91487	0.93932	0.0606801	0.11704
213	-4.56056	-5.37402	0.941844	0.0581563	0.114668
214	-11.1541	-11.9179	0.939062	0.0609375	0.117282
215	-4.23843	-4.8863	0.932082	0.0679182	0.123844
216	-3.4164	-4.34407	0.947793	0.0522074	0.109076
217	-3.4164	-4.34407	0.947793	0.0522074	0.109076
218	-5.66449	-6.28716	0.930469	0.0695305	0.125359
219	-17.882	-13.081	0.0557384	0.944262	0.947606
220	-9.03602	-7.06411	0.499834	0.500166	0.530157
221	-9.37881	-10.0465	0.933327	0.0666732	0.122674
222	-17.6909	-13.0353	0.0639007	0.936099	0.939933
223	-7.96621	-8.58878	0.930463	0.0695372	0.125366
224	-3.59852	-4.43175	0.942917	0.0570831	0.113659
225	-8.85131	-9.61944	0.93931	0.0606897	0.117049
226	-11.1066	-9.05646	0.480278	0.519722	0.548539
227	-4.98317	-5.84472	0.944423	0.0555773	0.112243
228	-3.64107	-4.54597	0.946654	0.0533457	0.110146
229	-27.64	-20.0071	0.00346489	0.996535	0.996743
230	-23.4561	-20.7869	0.33228	0.66772	0.687657
231	-18.7912	-16.6322	0.453193	0.546807	0.573999
232	-10.2311	-10.9298	0.935226	0.0647741	0.120888
233	-11.9991	-12.8396	0.943307	0.0566933	0.113292
234	-5.09892	-5.78022	0.934168	0.0658319	0.121883
235	-5.59392	-6.37253	0.939905	0.0600946	0.11649
236	-12.0369	-10.161	0.523803	0.476197	0.507625
237	-3.4164	-4.34407	0.947793	0.0522073	0.109076
238	-4.23843	-4.8863	0.932082	0.0679181	0.123844
239	-10.5515	-8.68482	0.526116	0.473884	0.505451
240	-9.81789	-10.2951	0.920452	0.0795484	0.134776
241	-11.7669	-9.76377	0.492038	0.507962	0.537485
242	-12.2261	-13.0427	0.942016	0.0579842	0.114506
243	-3.02583	-3.87847	0.943953	0.056047	0.112685
244	-9.29226	-9.97256	0.934106	0.065894	0.121941
245	-3.02583	-3.87847	0.943953	0.056047	0.112685
246	-4.44409	-5.41656	0.949966	0.0500343	0.107033
247	-34.0855	-23.4397	0.00017085	0.999829	0.999839
248	-19.4415	-14.5344	0.0504075	0.949592	0.952617
249	-18.4234	-19.0322	0.929564	0.0704356	0.12621
250	-46.7778	-38.9381	0.00281936	0.997181	0.99735
251	-4.60918	-5.20489	0.928704	0.0712959	0.127019
252	-10.0807	-8.01718	0.476946	0.523054	0.551671
253	-19.7737	-20.5835	0.941644	0.0583561	0.114855
254	-15.9263	-16.7419	0.941958	0.0580417	0.11456
255	-30.945	-23.2582	0.00328347	0.996717	0.996914
256	-3.02583	-3.87847	0.943953	0.056047	0.112685
257	-3.03556	-3.81802	0.940122	0.0598779	0.116286
258	-8.13966	-8.87093	0.937175	0.0628248	0.119056
259	-5.3825	-5.87404	0.921491	0.0785086	0.133799
260	-3.95589	-4.82632	0.944887	0.0551132	0.111807
261	-4.33579	-5.05208	0.936287	0.0637129	0.119891
262	-3.95589	-4.82632	0.944887	0.0551132	0.111807
263	-4.60006	-5.4118	0.94175	0.0582503	0.114756
264	-3.4164	-4.34407	0.947793	0.0522073	0.109076
265	-3.99656	-5.05769	0.954015	0.0459845	0.103226
266	-4.32685	-5.25006	0.947572	0.0524284	0.109283
267	-4.56056	-5.37402	0.941844	0.0581562	0.114668
268	-5.09892	-5.78022	0.934168	0.0658318	0.121883
269	-4.53582	-5.16985	0.9312	0.0688	0.124673
297	-4.60851	-5.2029	0.928617	0.071383	0.127101
298	-3.41588	-4.3415	0.947691	0.0523088	0.109171
299	-3.40518	-4.41679	0.951794	0.0482065	0.105315
300	-4.96199	-5.7529	0.940596	0.0594041	0.115841
301	-4.00283	-4.74718	0.937941	0.0620593	0.118336
302	-14.8092	-15.6454	0.943078	0.0569218	0.113507
303	-4.00283	-4.74718	0.937941	0.0620593	0.118336
304	-4.11021	-4.6157	0.922494	0.0775059	0.132856
305	-4.37815	-5.12115	0.937862	0.062138	0.11841
306	-3.69028	-4.3887	0.935213	0.064787	0.1209
307	-7.66492	-8.41146	0.938068	0.0619317	0.118217
308	-4.29225	-5.27764	0.950576	0.049424	0.106459
309	-5.59318	-6.37008	0.939809	0.0601914	0.116581
310	-9.41854	-10.2045	0.940318	0.0596817	0.116101
311	-7.66181	-8.29561	0.931186	0.0688143	0.124686
312	-5.45832	-6.18606	0.936967	0.0630333	0.119252
313	-11.0355	-11.538	0.92228	0.0777202	0.133058
314	-4.53509	-5.16772	0.93111	0.0688895	0.124757
315	-8.97702	-9.8278	0.943855	0.0561454	0.112777
316	-3.02511	-3.87586	0.943853	0.0561467	0.112779
317	-3.40518	-4.4168	0.951794	0.0482062	0.105315
318	-8.76008	-9.52286	0.939005	0.0609949	0.117336
319	-14.2207	-14.8643	0.931811	0.0681888	0.124098
320	-4.55221	-5.28632	0.937342	0.0626582	0.118899
321	-3.02511	-3.87586	0.943853	0.0561467	0.112779
322	-4.94032	-5.57326	0.93113	0.0688698	0.124738
323	-3.02511	-3.87586	0.943853	0.0561467	0.112779
324	-5.45889	-6.18824	0.937062	0.0629383	0.119163
325	-5.45889	-6.18824	0.937062	0.0629383	0.119163
326	-4.29239	-5.27996	0.950678	0.0493216	0.106363
327	-3.02583	-3.87848	0.943953	0.0560467	0.112685
328	-11.0954	-11.8124	0.936329	0.0636708	0.119851
329	-31.8897	-32.5562	0.933249	0.0667512	0.122747
330	-6.75604	-7.44596	0.934696	0.065304	0.121386
331	-4.60006	-5.41181	0.94175	0.05825	0.114756
332	-3.03557	-3.81803	0.940122	0.0598776	0.116286
333	-8.45052	-9.09965	0.932161	0.0678391	0.123769
334	-4.29239	-5.27996	0.950678	0.0493216	0.106363
335	-3.89528	-4.66862	0.939607	0.0603932	0.11677
336	-7.12546	-7.90337	0.939865	0.0601348	0.116527
337	-3.4164	-4.34408	0.947793	0.052207	0.109075
338	-3.59853	-4.43176	0.942917	0.0570827	0.113658
339	-4.63772	-5.2489	0.929722	0.0702781	0.126062
340	-8.48915	-9.1328	0.931814	0.068186	0.124096
341	-3.95589	-4.82632	0.944887	0.0551129	0.111807
342	-4.29239	-5.27996	0.950678	0.0493216	0.106363
343	-3.03557	-3.81803	0.940122	0.0598776	0.116286
344	-18.252	-18.9818	0.937091	0.0629086	0.119135
345	-3.02583	-3.87848	0.943953	0.0560467	0.112685
346	-3.03557	-3.81803	0.940122	0.0598776	0.116286
347	-8.99992	-9.76295	0.939019	0.0609809	0.117323
348	-4.37928	-5.12393	0.937958	0.0620417	0.11832
349	-3.89528	-4.66862	0.939607	0.0603932	0.11677
350	-7.16683	-7.88455	0.936372	0.063628	0.119811
351	-4.53582	-5.16985	0.9312	0.0687997	0.124672
352	-3.64107	-4.54598	0.946655	0.0533453	0.110145
353	-22.1569	-17.4129	0.0588112	0.941189	0.944717
354	-8.3418	-9.03967	0.935179	0.064821	0.120932
355	-10.8194	-11.4672	0.932077	0.0679227	0.123848
356	-3.03557	-3.81803	0.940122	0.0598776	0.116286
357	-3.89387	-4.60934	0.936238	0.0637615	0.119937
358	-11.7225	-12.3208	0.928876	0.0711244	0.126858
359	-9.11983	-9.90373	0.940203	0.0597967	0.11621
360	-4.55896	-5.39286	0.942953	0.0570468	0.113625
361	-9.91257	-10.6948	0.940107	0.0598933	0.1163
362	-19.5391	-20.0691	0.924227	0.0757732	0.131228
363	-3.89528	-4.66862	0.939607	0.0603932	0.11677
364	-6.32306	-6.96872	0.931942	0.0680583	0.123975
365	-4.53582	-5.16985	0.9312	0.0687997	0.124672
366	-34.8025	-35.626	0.942393	0.0576075	0.114152
367	-28.2028	-25.9218	0.423167	0.576833	0.602223
368	-3.89387	-4.60934	0.936238	0.0637615	0.119937
369	-3.02583	-3.87848	0.943953	0.0560467	0.112685
370	-3.89387	-4.60934	0.936238	0.0637615	0.119937
371	-3.03557	-3.81803	0.940122	0.0598776	0.116286
372	-5.1758	-6.02451	0.943745	0.0562553	0.112881
373	-7.89145	-8.79437	0.946554	0.0534455	0.110239
374	-3.69097	-4.39094	0.935307	0.064693	0.120812
375	-19.9631	-18.1149	0.530732	0.469268	0.501113
376	-3.95589	-4.82632	0.944887	0.0551129	0.111807
377	-4.52171	-5.3338	0.941769	0.0582314	0.114738
378	-9.06461	-9.82917	0.939107	0.0608934	0.11724
379	-7.56176	-8.06583	0.922393	0.0776065	0.132951
380	-4.44409	-5.41657	0.949966	0.050034	0.107033
381	-15.032	-15.7829	0.938319	0.0616809	0.117981
382	-4.29239	-5.27996	0.950678	0.0493216	0.106363
383	-3.89528	-4.66862	0.939607	0.0603932	0.11677
384	-11.7769	-9.76639	0.490187	0.509813	0.539225
385	-29.4094	-27.0768	0.410635	0.589365	0.614003
386	-9.92581	-10.4324	0.922572	0.0774285	0.132783
387	-9.95117	-10.6668	0.936248	0.0637525	0.119928
388	-29.359	-21.5408	0.00288043	0.99712	0.997292
389	-8.35876	-8.86878	0.922818	0.0771825	0.132552
390	-3.02583	-3.87848	0.943953	0.0560467	0.112685
391	-3.99657	-5.0577	0.954016	0.0459842	0.103226
392	-3.03557	-3.81803	0.940122	0.0598776	0.116286
393	-4.29239	-5.27996	0.950678	0.0493216	0.106363
394	-4.52171	-5.3338	0.941769	0.0582314	0.114738
395	-5.18696	-5.77158	0.927967	0.0720333	0.127712
396	-4.33579	-5.05209	0.936287	0.0637127	0.119891
397	-4.60918	-5.20489	0.928704	0.0712956	0.127019
398	-5.13184	-5.70356	0.927099	0.0729006	0.128527
399	-10.2024	-8.34192	0.527673	0.472327	0.503988
400	-3.03557	-3.81803	0.940122	0.0598776	0.116286
401	-11.8655	-12.6788	0.941835	0.0581651	0.114676
402	-3.03557	-3.81803	0.940122	0.0598776	0.116286
403	-3.02583	-3.87848	0.943953	0.0560467	0.112685
404	-18.1952	-18.8875	0.934837	0.0651627	0.121254
405	-5.08182	-5.59581	0.9231	0.0768997	0.132286
406	-3.40585	-4.41971	0.951897	0.0481032	0.105218
407	-15.7527	-16.5549	0.941225	0.0587753	0.115249
408	-8.19262	-8.88843	0.935054	0.0649457	0.12105
409	-9.93531	-7.88471	0.480172	0.519828	0.548639
410	-3.4164	-4.34408	0.947793	0.052207	0.109075
411	-3.40585	-4.41971	0.951897	0.0481032	0.105218
412	-10.0174	-10.7012	0.934317	0.0656827	0.121742
413	-10.1503	-8.14736	0.492073	0.507927	0.537452
414	-3.95589	-4.82632	0.944887	0.0551129	0.111807
415	-4.23843	-4.88631	0.932082	0.0679179	0.123843
416	-3.03557	-3.81803	0.940122	0.0598776	0.116286
417	-26.1426	-21.3466	0.0560038	0.943996	0.947356
418	-5.1758	-6.02451	0.943745	0.0562553	0.112881
419	-4.52171	-5.3338	0.941769	0.0582314	0.114738
420	-10.1526	-8.145	0.490905	0.509095	0.538549
421	-7.57591	-8.33653	0.938881	0.0611192	0.117453
422	-4.60006	-5.41181	0.94175	0.05825	0.114756
423	-4.55282	-5.28855	0.937437	0.0625629	0.11881
424	-5.14658	-5.91488	0.93932	0.0606798	0.11704
425	-3.02583	-3.87848	0.943953	0.0560467	0.112685
426	-13.1845	-11.357	0.535865	0.464135	0.496287
427	-10.3555	-8.33451	0.487555	0.512445	0.541699
428	-7.92774	-8.70818	0.940008	0.0599918	0.116393
429	-12.6342	-13.2683	0.93121	0.0687901	0.124663
430	-4.53582	-5.16985	0.9312	0.0687997	0.124672
431	-8.68345	-9.26801	0.927963	0.0720374	0.127716
432	-4.18232	-4.94617	0.939066	0.0609338	0.117278
433	-4.60006	-5.41181	0.94175	0.05825	0.114756
434	-11.4941	-9.6911	0.541976	0.458024	0.490543
435	-9.68406	-10.4655	0.940063	0.0599367	0.116341
436	-4.33579	-5.05209	0.936287	0.0637127	0.119891
437	-3.03557	-3.81803	0.940122	0.0598776	0.116286
438	-10.4824	-8.42579	0.478673	0.521327	0.550048
439	-20.8538	-15.9945	0.0527483	0.947252	0.950417
440	-4.94114	-5.57548	0.93122	0.0687799	0.124654
441	-3.89528	-4.66862	0.939607	0.0603932	0.11677
442	-3.4164	-4.34408	0.947793	0.052207	0.109075
443	-3.95589	-4.82632	0.944887	0.0551129	0.111807
444	-3.69097	-4.39094	0.935307	0.064693	0.120812
445	-7.42194	-8.24734	0.942495	0.0575054	0.114056
446	-3.02583	-3.87848	0.943953	0.0560467	0.112685
447	-9.67295	-10.2102	0.924732	0.0752675	0.130752
448	-8.51372	-9.29505	0.940059	0.0599413	0.116345
449	-6.83129	-7.60697	0.93974	0.0602601	0.116645
450	-7.32519	-8.17752	0.943937	0.0560632	0.1127
451	-11.6796	-12.6419	0.949483	0.0505168	0.107486
452	-15.2169	-13.1213	0.468946	0.531054	0.559191
453	-7.16683	-7.88455	0.936372	0.063628	0.119811
454	-25.3621	-26.1053	0.93787	0.0621301	0.118403
455	-15.2546	-13.4275	0.535976	0.464024	0.496183
456	-9.58582	-10.2982	0.936054	0.0639464	0.12011
457	-14.6268	-15.173	0.925353	0.0746472	0.130169
458	-15.5983	-16.3212	0.936679	0.0633206	0.119522
459	-9.62827	-10.4192	0.940598	0.0594018	0.115838
460	-6.55688	-7.3314	0.939674	0.0603263	0.116707
461	-4.81567	-5.74252	0.947752	0.0522479	0.109114
462	-4.29239	-5.27996	0.950678	0.0493216	0.106363
463	-12.2464	-10.1481	0.468293	0.531707	0.559805
464	-5.08182	-5.59581	0.9231	0.0768997	0.132286
465	-7.35581	-8.19338	0.94315	0.0568497	0.113439
466	-4.33579	-5.05209	0.936287	0.0637127	0.119891
467	-10.8859	-8.98359	0.517222	0.482778	0.513812
468	-21.526	-19.3491	0.448747	0.551253	0.578179
469	-27.2201	-19.5196	0.00323884	0.996761	0.996955
470	-9.71364	-10.523	0.94162	0.0583803	0.114878
471	-3.89528	-4.66862	0.939607	0.0603932	0.11677
472	-3.02583	-3.87848	0.943953	0.0560467	0.112685
473	-12.7692	-10.7231	0.481292	0.518708	0.547586
474	-18.4997	-16.3245	0.449177	0.550823	0.577774
475	-8.07861	-8.87725	0.941027	0.0589731	0.115435
476	-3.40585	-4.41971	0.951897	0.0481032	0.105218
477	-3.03557	-3.81803	0.940122	0.0598776	0.116286
478	-8.92785	-9.73143	0.9413	0.0587002	0.115179
479	-3.89387	-4.60934	0.936238	0.0637615	0.119937
480	-4.00348	-4.74948	0.938037	0.0619632	0.118246
481	-8.2907	-8.79605	0.922485	0.077515	0.132865
482	-3.59853	-4.43176	0.942917	0.0570827	0.113658
483	-7.62154	-8.44578	0.942431	0.0575686	0.114115
484	-11.0291	-11.7815	0.938407	0.0615935	0.117899
485	-9.27663	-9.94712	0.933499	0.0665005	0.122511
486	-9.42723	-9.94014	0.923024	0.076976	0.132358
487	-20.8471	-21.7824	0.94817	0.0518299	0.108721
488	-3.03557	-3.81803	0.940122	0.0598776	0.116286
489	-3.59853	-4.43176	0.942917	0.0570827	0.113658
490	-6.2165	-7.05948	0.94344	0.0565604	0.113168
491	-9.21512	-9.93018	0.936214	0.0637863	0.11996
492	-8.86767	-9.37455	0.922594	0.0774059	0.132762
493	-6.98557	-7.76098	0.939724	0.0602759	0.11666
494	-3.02583	-3.87848	0.943953	0.0560467	0.112685
495	-3.4164	-4.34408	0.947793	0.052207	0.109075
496	-3.4164	-4.34408	0.947793	0.052207	0.109075
497	-3.89387	-4.60934	0.936238	0.0637615	0.119937
498	-12.0258	-9.83067	0.444265	0.555735	0.582392
499	-10.1175	-10.9273	0.941639	0.0583608	0.11486
500	-11.7807	-9.85708	0.511916	0.488084	0.518799
501	-3.02583	-3.87848	0.943953	0.0560467	0.112685
502	-8.99232	-9.59519	0.929177	0.070823	0.126574
503	-3.95589	-4.82632	0.944887	0.0551129	0.111807
504	-3.03557	-3.81803	0.940122	0.0598776	0.116286
505	-8.75777	-9.53183	0.939648	0.0603519	0.116732
506	-13.7435	-14.4	0.932623	0.0673773	0.123335
507	-9.96204	-10.8143	0.943933	0.0560669	0.112704
508	-2.99816	-3.7788	0.94002	0.0599803	0.116382
509	-10.2103	-11.1811	0.949883	0.0501169	0.107111
510	-4.55896	-5.39286	0.942953	0.0570468	0.113625
511	-7.42194	-8.24734	0.942495	0.0575054	0.114056
512	-3.69097	-4.39094	0.935307	0.064693	0.120812
513	-4.98317	-5.84473	0.944423	0.0555769	0.112243
514	-5.08182	-5.59581	0.9231	0.0768997	0.132286
515	-3.03557	-3.81803	0.940122	0.0598776	0.116286
516	-5.14093	-5.98352	0.943419	0.0565814	0.113187
517	-7.66547	-8.41375	0.938169	0.061831	0.118122
518	-5.88025	-6.52236	0.931716	0.0682843	0.124188
519	-5.08182	-5.59581	0.9231	0.0768997	0.132286
520	-3.03557	-3.81803	0.940122	0.0598776	0.116286
521	-9.76277	-10.5293	0.939218	0.0607821	0.117136
522	-3.69097	-4.39094	0.935307	0.064693	0.120812
523	-3.02583	-3.87848	0.943953	0.0560467	0.112685
524	-3.02583	-3.87848	0.943953	0.0560467	0.112685
525	-3.64064	-4.54356	0.946555	0.0534454	0.110239
526	-4.98317	-5.84473	0.944423	0.0555769	0.112243
527	-5.18696	-5.77158	0.927967	0.0720333	0.127712
528	-4.11115	-4.61775	0.922574	0.0774257	0.132781
529	-3.02583	-3.87848	0.943953	0.0560467	0.112685
530	-11.3138	-9.21699	0.468656	0.531344	0.559464
531	-22.7749	-17.8893	0.0514497	0.94855	0.951637
532	-16.1894	-14.0412	0.455877	0.544123	0.571476
533	-12.9675	-13.7424	0.939696	0.0603038	0.116686
534	-18.1247	-15.9344	0.445452	0.554548	0.581275
535	-15.5522	-13.2559	0.419445	0.580555	0.605722
536	-15.7934	-13.6167	0.448825	0.551175	0.578105
537	-15.1593	-13.2971	0.527221	0.472779	0.504413
538	-10.6086	-8.48945	0.463086	0.536914	0.5647
539	-3.03557	-3.81803	0.940122	0.0598776	0.116286
540	-10.3595	-8.50869	0.530082	0.469918	0.501724
541	-4.63772	-5.2489	0.929722	0.0702781	0.126062
542	-14.7948	-12.5508	0.432233	0.567767	0.593702
543	-18.0649	-13.4256	0.0648817	0.935118	0.939011
544	-8.57497	-9.27327	0.935206	0.0647945	0.120907
545	-11.4781	-9.38133	0.468664	0.531336	0.559456
546	-25.717	-23.6657	0.479989	0.520011	0.548811
547	-3.03557	-3.81803	0.940122	0.0598776	0.116286
548	-7.50786	-8.14321	0.931285	0.0687152	0.124593
549	-4.32685	-5.25007	0.947572	0.0524281	0.109283
550	-7.66254	-8.29775	0.931275	0.0687246	0.124602
551	-3.69097	-4.39094	0.935307	0.064693	0.120812
552	-5.66449	-6.28717	0.93047	0.0695302	0.125359
553	-3.64107	-4.54598	0.946655	0.0533453	0.110145
554	-3.03557	-3.81803	0.940122	0.0598776	0.116286
555	-6.98557	-7.76098	0.939724	0.0602759	0.11666
556	-4.55282	-5.28855	0.937437	0.0625629	0.11881
557	-10.1962	-8.19698	0.492998	0.507002	0.536582
558	-3.03557	-3.81803	0.940122	0.0598776	0.116286
559	-7.92774	-8.70818	0.940008	0.0599918	0.116393
560	-18.7536	-14.0364	0.0603121	0.939688	0.943307
561	-33.8192	-23.1468	0.000166366	0.999834	0.999844
562	-15.2472	-13.2199	0.485994	0.514006	0.543166
563	-3.95589	-4.82632	0.944887	0.0551129	0.111807
564	-9.94567	-7.89796	0.480893	0.519107	0.547961
565	-23.5363	-21.4619	0.474227	0.525773	0.554227
566	-3.03557	-3.81803	0.940122	0.0598776	0.116286
567	-13.5719	-14.341	0.93937	0.0606296	0.116993
568	-24.2405	-19.1248	0.041309	0.958691	0.96117
569	-8.6768	-9.60102	0.947622	0.052378	0.109236
570	-13.318	-11.0747	0.4324	0.5676	0.593544
571	-3.89528	-4.66862	0.939607	0.0603932	0.11677
572	-3.99657	-5.0577	0.954016	0.0459842	0.103226
573	-22.2896	-17.1943	0.042129	0.957871	0.960399
574	-16.7639	-14.4664	0.419154	0.580846	0.605996
575	-22.3535	-17.3392	0.0455172	0.954483	0.957214
576	-8.36826	-9.14932	0.940043	0.0599568	0.11636
577	-11.0576	-9.23489	0.537079	0.462921	0.495146
578	-13.2442	-11.0685	0.449056	0.550944	0.577888
579	-25.3244	-20.4506	0.0520254	0.947975	0.951096
580	-14.3985	-12.2617	0.458711	0.541289	0.568812
581	-5.38251	-5.87405	0.921492	0.0785084	0.133799
582	-3.02583	-3.87848	0.943953	0.0560467	0.112685
583	-3.03557	-3.81803	0.940122	0.0598776	0.116286
584	-11.28	-11.7867	0.922585	0.0774154	0.132771
585	-3.02583	-3.87848	0.943953	0.0560467	0.112685
586	-7.05947	-7.9699	0.946933	0.0530672	0.109884
587	-4.44409	-5.41657	0.949966	0.050034	0.107033
588	-3.02583	-3.87848	0.943953	0.0560467	0.112685
589	-4.55896	-5.39286	0.942953	0.0570468	0.113625
590	-9.15017	-7.26377	0.5212	0.4788	0.510072
591	-14.1672	-11.8448	0.41311	0.58689	0.611677
592	-9.58108	-10.1629	0.927782	0.0722179	0.127885
593	-3.02583	-3.87848	0.943953	0.0560467	0.112685
594	-11.7669	-12.4915	0.936782	0.0632183	0.119426
595	-4.32685	-5.25007	0.947572	0.0524281	0.109283
596	-9.13734	-9.74396	0.929423	0.0705766	0.126343
597	-8.40641	-9.23471	0.942651	0.0573486	0.113908
598	-36.9493	-26.5377	0.000215933	0.999784	0.999797
599	-4.00348	-4.74948	0.938037	0.0619632	0.118246
600	-4.96309	-5.75576	0.940694	0.0593057	0.115748
601	-4.52171	-5.3338	0.941769	0.0582314	0.114738
602	-4.60006	-5.41181	0.94175	0.05825	0.114756
603	-4.60006	-5.41181	0.94175	0.05825	0.114756
604	-10.6092	-8.57877	0.485198	0.514802	0.543914
605	-9.37882	-10.0465	0.933327	0.0666729	0.122673
606	-3.64107	-4.54598	0.946655	0.0533453	0.110145
607	-3.4164	-4.34408	0.947793	0.052207	0.109075
608	-21.2394	-16.5189	0.0601308	0.939869	0.943477
609	-4.52171	-5.3338	0.941769	0.0582314	0.114738
610	-6.93606	-7.7548	0.942132	0.0578678	0.114396
611	-9.93531	-7.88471	0.480172	0.519828	0.548639
612	-24.4553	-18.934	0.0279214	0.972079	0.973754
613	-4.23843	-4.88631	0.932082	0.0679179	0.123843
614	-26.1795	-18.6557	0.00386257	0.996137	0.996369
615	-4.32685	-5.25007	0.947572	0.0524281	0.109283
616	-19.2218	-17.0475	0.44941	0.55059	0.577555
617	-14.3396	-12.3447	0.494096	0.505904	0.53555
618	-7.83541	-8.68609	0.943849	0.0561509	0.112783
619	-5.14093	-5.98352	0.943419	0.0565814	0.113187
620	-10.6288	-8.46999	0.453254	0.546746	0.573941
621	-5.69928	-6.29239	0.928532	0.0714676	0.12718
622	-5.14093	-5.98352	0.943419	0.0565814	0.113187
623	-4.11115	-4.61775	0.922574	0.0774257	0.132781
624	-8.66079	-9.31944	0.932761	0.0672393	0.123206
625	-4.52171	-5.3338	0.941769	0.0582314	0.114738
626	-6.01453	-6.72833	0.936138	0.0638616	0.120031
627	-3.95589	-4.82632	0.944887	0.0551129	0.111807
628	-7.21168	-8.24896	0.952958	0.0470422	0.10422
629	-4.60006	-5.41181	0.94175	0.05825	0.114756
630	-5.88025	-6.52236	0.931716	0.0682843	0.124188
631	-4.55282	-5.28855	0.937437	0.0625629	0.11881
632	-28.9402	-29.6919	0.938372	0.0616284	0.117931
633	-7.66547	-8.41375	0.938169	0.061831	0.118122
634	-4.60006	-5.41181	0.94175	0.05825	0.114756
635	-4.52171	-5.3338	0.941769	0.0582314	0.114738
636	-5.08182	-5.59581	0.9231	0.0768997	0.132286
637	-11.8018	-12.6132	0.941731	0.0582687	0.114773
638	-3.95589	-4.82632	0.944887	0.0551129	0.111807
639	-7.92774	-8.70818	0.940008	0.0599918	0.116393
640	-4.98317	-5.84473	0.944423	0.0555769	0.112243
641	-6.01453	-6.72833	0.936138	0.0638616	0.120031
642	-19.6284	-20.1393	0.922876	0.0771242	0.132497
643	-3.02583	-3.87848	0.943953	0.0560467	0.112685
644	-14.1618	-14.8004	0.931494	0.0685064	0.124397
645	-10.4736	-11.2305	0.938669	0.0613311	0.117652
646	-8.48216	-8.99608	0.923095	0.0769048	0.132291
647	-7.26631	-7.92911	0.933021	0.0669791	0.122961
648	-5.66449	-6.28717	0.93047	0.0695302	0.125359
649	-3.59853	-4.43176	0.942917	0.0570827	0.113658
650	-4.81567	-5.74252	0.947752	0.0522479	0.109114
651	-6.01453	-6.72833	0.936138	0.0638616	0.120031
652	-7.21168	-8.24896	0.952958	0.0470422	0.10422
653	-6.75028	-7.74525	0.951025	0.0489753	0.106037
654	-3.99657	-5.0577	0.954016	0.0459842	0.103226
655	-4.52171	-5.3338	0.941769	0.0582314	0.114738
656	-3.4164	-4.34408	0.947793	0.052207	0.109075
657	-3.03557	-3.81803	0.940122	0.0598776	0.116286
658	-27.6705	-22.7178	0.0482707	0.951729	0.954626
659	-11.4169	-11.9985	0.927767	0.0722326	0.127899
660	-9.58561	-10.3939	0.941562	0.0584379	0.114932
661	-13.2983	-11.1225	0.449053	0.550947	0.57789
662	-4.33579	-5.05209	0.936287	0.0637127	0.119891
663	-11.6717	-12.2617	0.928324	0.0716762	0.127376
664	-4.29239	-5.27996	0.950678	0.0493216	0.106363
665	-8.87717	-6.90095	0.498756	0.501244	0.53117
666	-26.4016	-21.4653	0.0490317	0.950968	0.95391
667	-4.32685	-5.25007	0.947572	0.0524281	0.109283
668	-3.59853	-4.43176	0.942917	0.0570827	0.113658
669	-4.11115	-4.61775	0.922574	0.0774257	0.132781
670	-14.077	-14.8807	0.941305	0.058695	0.115174
671	-5.18717	-5.81758	0.930968	0.0690316	0.12489
672	-17.3484	-15.142	0.441487	0.558513	0.585003
673	-4.63772	-5.2489	0.929722	0.0702781	0.126062
674	-18.0906	-18.7086	0.93016	0.0698398	0.12565
675	-9.62827	-10.4192	0.940598	0.0594018	0.115838
676	-13.9855	-11.8057	0.448044	0.551956	0.578839
677	-8.9001	-9.78717	0.945746	0.0542536	0.110999
678	-3.64107	-4.54598	0.946655	0.0533453	0.110145
679	-4.00348	-4.74948	0.938037	0.0619632	0.118246
680	-4.98317	-5.84473	0.944423	0.0555769	0.112243
681	-12.2997	-13.0454	0.938019	0.0619812	0.118263
682	-4.32685	-5.25007	0.947572	0.0524281	0.109283
683	-14.0082	-14.6518	0.93181	0.0681899	0.124099
684	-3.40585	-4.41971	0.951897	0.0481032	0.105218
685	-3.89387	-4.60934	0.936238	0.0637615	0.119937
686	-10.9625	-9.08131	0.522495	0.477505	0.508855
687	-3.59853	-4.43176	0.942917	0.0570827	0.113658
688	-3.4164	-4.34408	0.947793	0.052207	0.109075
689	-3.81345	-4.46515	0.932324	0.0676761	0.123616
690	-4.18232	-4.94617	0.939066	0.0609338	0.117278
691	-5.14764	-5.98744	0.94327	0.0567305	0.113327
709	-4.18232	-4.94617	0.939066	0.0609339	0.117279
710	-4.52171	-5.3338	0.941769	0.0582315	0.114738
711	-4.52171	-5.3338	0.941769	0.0582315	0.114738
712	-3.59853	-4.43176	0.942917	0.0570828	0.113659
713	-8.741	-9.79688	0.953785	0.0462154	0.103443
714	-9.86168	-10.653	0.940618	0.059382	0.11582
715	-21.4123	-16.5184	0.0510425	0.948958	0.95202
716	-9.47519	-10.3942	0.947363	0.0526369	0.109479
717	-4.96309	-5.75576	0.940694	0.0593058	0.115748
718	-8.30028	-9.05236	0.938389	0.0616107	0.117915
719	-4.00347	-4.74948	0.938037	0.0619632	0.118246
720	-20.5665	-21.0612	0.921723	0.078277	0.133581
721	-4.37927	-5.12393	0.937958	0.0620418	0.11832
722	-10.677	-11.488	0.941712	0.0582885	0.114792
723	-7.72224	-8.22667	0.922419	0.0775808	0.132927
724	-3.03556	-3.81803	0.940122	0.0598777	0.116286
725	-3.64107	-4.54597	0.946655	0.0533454	0.110145
726	-3.4164	-4.34408	0.947793	0.0522071	0.109075
727	-8.11869	-9.12767	0.951672	0.0483276	0.105429
728	-25.7007	-26.385	0.934352	0.0656482	0.12171
729	-16.0146	-16.7442	0.937077	0.0629227	0.119148
730	-9.31227	-9.98005	0.933332	0.0666685	0.122669
731	-4.33579	-5.05208	0.936287	0.0637127	0.119891
732	-3.40585	-4.4197	0.951897	0.0481033	0.105218
733	-5.59392	-6.37254	0.939906	0.0600943	0.116489
734	-20.2018	-20.7369	0.92458	0.0754199	0.130895
735	-3.95589	-4.82632	0.944887	0.055113	0.111807
736	-4.55282	-5.28855	0.937437	0.062563	0.11881
737	-4.29239	-5.27996	0.950678	0.0493217	0.106363
738	-8.66305	-9.42691	0.939067	0.0609333	0.117278
739	-18.0795	-13.079	0.0461249	0.953875	0.956643
740	-3.64107	-4.54597	0.946655	0.0533454	0.110145
741	-3.89387	-4.60934	0.936238	0.0637616	0.119937
742	-4.37927	-5.12393	0.937958	0.0620418	0.11832
743	-4.60918	-5.20489	0.928704	0.0712957	0.127019
744	-9.77018	-10.3077	0.924754	0.0752455	0.130731
745	-4.61611	-5.15433	0.924803	0.0751972	0.130686
746	-5.09892	-5.78023	0.934168	0.0658317	0.121882
747	-3.02583	-3.87848	0.943953	0.0560468	0.112685
748	-18.5252	-13.901	0.0658069	0.934193	0.938142
749	-8.7042	-9.71532	0.951771	0.0482287	0.105336
750	-24.6109	-19.6443	0.0476366	0.952363	0.955222
751	-3.81345	-4.46515	0.932324	0.0676761	0.123616
752	-4.52171	-5.3338	0.941769	0.0582315	0.114738
753	-5.1758	-6.0245	0.943745	0.0562554	0.112881
754	-25.0495	-20.1423	0.050407	0.949593	0.952617
755	-13.233	-11.0735	0.453074	0.546926	0.574111
756	-4.29239	-5.27996	0.950678	0.0493217	0.106363
757	-4.53582	-5.16985	0.9312	0.0687998	0.124673
758	-22.5215	-20.3407	0.4478	0.5522	0.579068
759	-6.91695	-7.60832	0.934784	0.0652157	0.121303
760	-16.5	-17.2735	0.939616	0.0603838	0.116761
761	-4.96309	-5.75576	0.940694	0.0593058	0.115748
762	-10.6548	-11.3054	0.932255	0.0677449	0.123681
763	-3.02583	-3.87848	0.943953	0.0560468	0.112685
764	-3.40585	-4.4197	0.951897	0.0481033	0.105218
765	-4.81567	-5.74251	0.947752	0.052248	0.109114
766	-4.18232	-4.94617	0.939066	0.0609339	0.117279
767	-3.03556	-3.81803	0.940122	0.0598777	0.116286
768	-4.52171	-5.3338	0.941769	0.0582315	0.114738
769	-11.5916	-12.5143	0.947546	0.0524543	0.109308
770	-14.0168	-14.8441	0.942597	0.0574025	0.113959
771	-4.52171	-5.3338	0.941769	0.0582315	0.114738
772	-12.6436	-10.7356	0.515788	0.484212	0.51516
773	-10.6316	-11.4062	0.93968	0.0603196	0.116701
774	-3.4164	-4.34408	0.947793	0.0522071	0.109075
775	-3.69097	-4.39094	0.935307	0.0646931	0.120812
776	-4.00347	-4.74948	0.938037	0.0619632	0.118246
777	-4.32685	-5.25007	0.947572	0.0524282	0.109283
778	-19.5711	-14.6166	0.0481875	0.951813	0.954704
779	-4.23843	-4.88631	0.932082	0.067918	0.123844
780	-5.1758	-6.0245	0.943745	0.0562554	0.112881
781	-3.59853	-4.43176	0.942917	0.0570828	0.113659
782	-6.77516	-7.59145	0.941998	0.0580015	0.114522
783	-7.76278	-8.37492	0.929784	0.0702158	0.126004
784	-9.78112	-10.6319	0.943857	0.0561435	0.112776
785	-3.03556	-3.81803	0.940122	0.0598777	0.116286
786	-31.111	-26.3952	0.0603904	0.93961	0.943233
787	-4.37927	-5.12393	0.937958	0.0620418	0.11832
788	-4.18232	-4.94617	0.939066	0.0609339	0.117279
789	-11.9454	-12.7875	0.943394	0.0566058	0.11321
790	-3.89528	-4.66862	0.939607	0.0603932	0.11677
791	-8.74982	-9.49235	0.937835	0.0621654	0.118436
792	-12.5755	-13.1019	0.923979	0.0760214	0.131461
793	-9.45233	-10.2788	0.942551	0.0574488	0.114003
794	-18.0702	-13.0238	0.0441423	0.955858	0.958506
795	-3.4164	-4.34408	0.947793	0.0522071	0.109075
796	-4.60918	-5.20489	0.928704	0.0712957	0.127019
797	-3.4164	-4.34408	0.947793	0.0522071	0.109075
798	-11.0326	-11.893	0.944363	0.0556365	0.112299
799	-6.55688	-7.3314	0.939674	0.0603264	0.116707
800	-3.64107	-4.54597	0.946655	0.0533454	0.110145
801	-8.43003	-9.39209	0.949469	0.0505312	0.1075
802	-8.47704	-9.21957	0.937834	0.0621655	0.118436
803	-5.08182	-5.59581	0.9231	0.0768998	0.132287
804	-7.88064	-8.59738	0.936314	0.0636858	0.119865
805	-27.776	-20.3146	0.00411021	0.99589	0.996136
806	-8.13966	-8.87094	0.937175	0.0628246	0.119056
807	-15.606	-13.5349	0.475063	0.524937	0.553441
808	-22.7113	-17.8644	0.0533694	0.946631	0.949833
809	-3.40585	-4.4197	0.951897	0.0481033	0.105218
810	-6.98557	-7.76098	0.939724	0.060276	0.11666
811	-53.0297	-42.4744	0.000187028	0.999813	0.999824
812	-5.66449	-6.28717	0.93047	0.0695303	0.125359
813	-4.53582	-5.16985	0.9312	0.0687998	0.124673
814	-10.9352	-8.98072	0.504194	0.495806	0.526058
815	-4.11115	-4.61775	0.922574	0.0774258	0.132781
816	-3.40585	-4.4197	0.951897	0.0481033	0.105218
817	-15.4996	-13.4625	0.483544	0.516456	0.545469
818	-14.5209	-12.3701	0.455238	0.544762	0.572076
819	-9.82113	-10.5002	0.93403	0.0659697	0.122012
820	-3.99656	-5.0577	0.954016	0.0459843	0.103226
821	-8.85535	-9.36381	0.922706	0.0772938	0.132657
822	-4.98317	-5.84473	0.944423	0.055577	0.112243
823	-43.7758	-33.1519	0.000174631	0.999825	0.999836
824	-4.60006	-5.41181	0.94175	0.0582501	0.114756
825	-3.03556	-3.81803	0.940122	0.0598777	0.116286
826	-7.32202	-8.13413	0.941769	0.0582305	0.114737
827	-26.7915	-19.259	0.00382947	0.996171	0.9964
828	-16.0886	-11.2878	0.0557487	0.944251	0.947596
829	-8.87717	-6.90095	0.498755	0.501245	0.531171
830	-27.6185	-19.829	0.002964	0.997036	0.997214
831	-12.5524	-10.7219	0.535107	0.464893	0.497
832	-11.1536	-11.906	0.938411	0.0615892	0.117895
833	-3.03556	-3.81803	0.940122	0.0598777	0.116286
834	-17.3328	-12.4727	0.0527106	0.947289	0.950452
835	-9.28182	-10.0698	0.940431	0.0595692	0.115996
836	-14.9599	-12.955	0.491581	0.508419	0.537915
837	-10.4646	-11.2324	0.939291	0.0607085	0.117067
838	-6.01453	-6.72833	0.936138	0.0638617	0.120031
839	-3.69097	-4.39094	0.935307	0.0646931	0.120812
840	-12.8746	-10.5888	0.421994	0.578006	0.603326
841	-3.99656	-5.0577	0.954016	0.0459843	0.103226
842	-3.59853	-4.43176	0.942917	0.0570828	0.113659
843	-3.02583	-3.87848	0.943953	0.0560468	0.112685
844	-3.03556	-3.81803	0.940122	0.0598777	0.116286
845	-13.2636	-13.7799	0.923266	0.0767337	0.13213
846	-11.9548	-9.90256	0.47976	0.52024	0.549026
847	-4.29228	-5.27809	0.950596	0.0494039	0.10644
848	-11.6551	-9.69144	0.501905	0.498095	0.52821
849	-14.1321	-12.2206	0.514924	0.485076	0.515972
850	-25.4927	-23.4184	0.474273	0.525727	0.554184
851	-3.02525	-3.87638	0.943873	0.0561271	0.11276
852	-28.6181	-21.1402	0.00404322	0.995957	0.996199
1243	-19.9908	-15.19	0.0557523	0.944248	0.947593
1244	-4.97484	-5.82027	0.94357	0.0564301	0.113045
1245	-3.03094	-3.79878	0.939294	0.0607062	0.117065
1246	-3.94992	-4.80407	0.944033	0.0559673	0.11261
1247	-8.93016	-9.54572	0.930007	0.0699926	0.125794
1248	-3.03094	-3.79878	0.939294	0.0607062	0.117065
1249	-4.59318	-5.38973	0.940911	0.059089	0.115544
1250	-14.126	-14.8304	0.935575	0.0644252	0.12056
1251	-9.95772	-10.7571	0.941066	0.0589339	0.115399
1252	-3.63735	-4.52533	0.945794	0.0542064	0.110955
1253	-3.03094	-3.79878	0.939294	0.0607062	0.117065
1254	-3.03094	-3.79878	0.939294	0.0607062	0.117065
1255	-5.14104	-5.96514	0.942424	0.0575762	0.114122
1256	-17.8343	-15.6421	0.444986	0.555014	0.581713
1257	-4.97484	-5.82027	0.94357	0.0564301	0.113045
1258	-9.94981	-10.591	0.93166	0.0683401	0.12424
1259	-7.62277	-8.52315	0.946426	0.0535738	0.11036
1260	-13.4367	-11.4773	0.502957	0.497043	0.527221
1261	-4.32857	-5.03147	0.935484	0.064516	0.120646
1262	-8.97793	-9.70391	0.936863	0.063137	0.119349
1263	-5.07357	-5.57797	0.922417	0.0775833	0.132929
1267	-3.02888	-3.79021	0.938922	0.0610783	0.117414
1268	-3.41007	-4.31269	0.946539	0.0534607	0.110254
1269	-6.5502	-7.30358	0.938465	0.0615354	0.117844
1270	-14.4137	-15.1731	0.938812	0.0611876	0.117517
1271	-13.5174	-14.1807	0.933057	0.0669432	0.122927
1272	-3.02888	-3.79021	0.938922	0.0610783	0.117414
1273	-3.39771	-4.38413	0.950625	0.0493751	0.106413
1274	-6.77404	-7.59795	0.942414	0.0575863	0.114132
1275	-5.58484	-6.34244	0.938708	0.0612923	0.117615
1276	-3.01693	-3.8465	0.94272	0.0572802	0.113844
1277	-4.29069	-5.25159	0.949413	0.0505868	0.107552
1278	-3.01693	-3.8465	0.94272	0.0572802	0.113844
1279	-4.29069	-5.25159	0.949413	0.0505868	0.107552
1280	-8.93925	-9.65387	0.936187	0.0638126	0.119985
1281	-7.15979	-7.85819	0.935212	0.0647883	0.120902
1282	-12.0154	-10.0266	0.495626	0.504374	0.534112
1283	-10.8297	-8.99256	0.533485	0.466515	0.498524
1284	-4.29069	-5.25159	0.949413	0.0505868	0.107552
1285	-3.88683	-4.58299	0.935076	0.0649241	0.121029
1286	-3.68259	-4.36366	0.934153	0.0658467	0.121897
1287	-3.68259	-4.36366	0.934153	0.0658467	0.121897
1288	-7.31312	-8.10215	0.940491	0.059509	0.115939
1289	-27.8714	-20.1728	0.00324516	0.996755	0.99695
1290	-19.1359	-14.4632	0.0628913	0.937109	0.940882
1291	-4.29069	-5.25159	0.949413	0.0505868	0.107552
1292	-6.90002	-7.6261	0.936869	0.0631309	0.119344
1293	-25.939	-21.011	0.0494202	0.95058	0.953545
1294	-4.59011	-5.37991	0.940534	0.0594659	0.115899
1295	-18.0108	-12.8501	0.039565	0.960435	0.962809
1296	-14.0092	-12.1346	0.524141	0.475859	0.507308
1297	-9.38386	-9.86422	0.920679	0.0793211	0.134563
1298	-3.01693	-3.8465	0.94272	0.0572802	0.113844
1299	-8.62639	-9.49682	0.944887	0.0551131	0.111807
1300	-10.1849	-8.14412	0.482612	0.517388	0.546345
1301	-4.32535	-5.0223	0.935124	0.0648764	0.120985
1302	-3.02888	-3.79021	0.938922	0.0610783	0.117414
1303	-7.93373	-8.82164	0.94579	0.0542098	0.110958
1304	-8.41113	-9.16404	0.938437	0.0615628	0.11787
1305	-3.59064	-4.40129	0.941689	0.0583109	0.114813
1306	-3.41007	-4.31269	0.946539	0.0534607	0.110254
1307	-18.2144	-13.2592	0.0481568	0.951843	0.954733
1308	-3.94727	-4.79417	0.943649	0.0563514	0.112971
1309	-7.57826	-8.40531	0.942584	0.0574163	0.113972
1310	-21.4379	-19.1177	0.413635	0.586365	0.611184
1311	-3.01693	-3.8465	0.94272	0.0572802	0.113844
1312	-3.94727	-4.79417	0.943649	0.0563514	0.112971
1313	-3.39771	-4.38413	0.950625	0.0493751	0.106413
1314	-3.68259	-4.36366	0.934153	0.0658467	0.121897
1315	-12.5289	-13.0392	0.922839	0.0771614	0.132532
1316	-14.7835	-15.3998	0.930056	0.0699437	0.125748
1317	-7.8736	-8.57103	0.935153	0.064847	0.120957
1318	-18.3074	-13.1668	0.0403385	0.959662	0.962082
1319	-10.7503	-11.439	0.934623	0.0653771	0.121455
1320	-7.41448	-8.22005	0.94141	0.0585901	0.115075
1321	-4.94969	-5.7209	0.939486	0.0605141	0.116884
1322	-21.724	-22.4824	0.938749	0.0612509	0.117577
1323	-3.88582	-4.63825	0.938409	0.0615907	0.117896
1324	-3.41202	-4.32236	0.946928	0.0530716	0.109888
1325	-3.03094	-3.79878	0.939294	0.0607062	0.117065
1326	-4.10326	-4.6004	0.921895	0.0781046	0.133419
1327	-14.1116	-14.9252	0.941853	0.0581474	0.114659
1328	-4.59318	-5.38973	0.940911	0.059089	0.115544
1329	-4.51467	-5.31156	0.940929	0.0590706	0.115527
1330	-8.42434	-9.33026	0.946706	0.0532943	0.110097
1331	-14.1244	-12.1513	0.499557	0.500443	0.530417
1332	-3.03094	-3.79878	0.939294	0.0607062	0.117065
1333	-20.4741	-21.0656	0.928424	0.0715765	0.127283
1334	-3.41202	-4.32236	0.946928	0.0530716	0.109888
1335	-4.55381	-5.35208	0.941006	0.0589941	0.115455
1336	-3.68517	-4.37206	0.934511	0.0654894	0.121561
1337	-6.04931	-6.8747	0.942493	0.0575066	0.114057
1338	-4.96027	-5.42564	0.919577	0.0804234	0.135599
1339	-10.0287	-10.6447	0.930034	0.0699658	0.125769
1340	-6.21034	-7.03735	0.942581	0.0574188	0.113974
1341	-9.41727	-9.96332	0.925345	0.0746551	0.130176
1342	-3.99101	-5.03227	0.953136	0.0468642	0.104053
1343	-3.59307	-4.41067	0.94207	0.0579301	0.114455
1344	-3.03094	-3.79878	0.939294	0.0607062	0.117065
1345	-10.6176	-8.56851	0.480538	0.519462	0.548295
1346	-3.01967	-3.85635	0.943102	0.0568977	0.113485
1347	-9.24043	-9.92644	0.934457	0.065543	0.121611
1348	-3.01967	-3.85635	0.943102	0.0568977	0.113485
1349	-7.92312	-8.68892	0.939178	0.0608219	0.117173
1350	-8.07914	-8.91745	0.94319	0.0568099	0.113402
1351	-38.8614	-36.5522	0.416305	0.583695	0.608674
1352	-29.1855	-24.4403	0.0587481	0.941252	0.944777
1353	-5.71202	-6.33987	0.930804	0.0691965	0.125045
1354	-4.10326	-4.6004	0.921895	0.0781046	0.133419
1355	-3.40021	-4.39509	0.95102	0.0489802	0.106042
1356	-3.01967	-3.85635	0.943102	0.0568977	0.113485
1357	-3.88874	-4.6476	0.93878	0.0612196	0.117547
1358	-6.04931	-6.8747	0.942493	0.0575066	0.114057
1359	-4.96027	-5.42564	0.919577	0.0804234	0.135599
1360	-3.03094	-3.79878	0.939294	0.0607062	0.117065
1361	-5.37207	-5.85443	0.920825	0.0791748	0.134425
1362	-3.41202	-4.32236	0.946928	0.0530716	0.109888
1363	-4.29121	-5.26033	0.949806	0.050194	0.107183
1364	-3.01967	-3.85635	0.943102	0.0568977	0.113485
1365	-3.889	-4.59111	0.935436	0.064564	0.120691
1366	-6.21034	-7.03735	0.942581	0.0574188	0.113974
1367	-3.03094	-3.79878	0.939294	0.0607062	0.117065
1368	-4.60526	-5.13343	0.924101	0.0758992	0.131346
1369	-20.1201	-15.1907	0.0493509	0.950649	0.95361
1370	-18.0908	-15.9749	0.463899	0.536101	0.563936
1371	-3.01967	-3.85635	0.943102	0.0568977	0.113485
1372	-4.29121	-5.26033	0.949806	0.050194	0.107183
1373	-13.6599	-11.4397	0.438066	0.561934	0.588219
1374	-3.68517	-4.37206	0.934511	0.0654894	0.121561
1375	-4.32857	-5.03147	0.935484	0.064516	0.120646
1376	-9.92865	-7.86375	0.476602	0.523398	0.551994
1377	-8.64012	-9.31993	0.934076	0.0659239	0.121969
1378	-5.09205	-5.76064	0.933382	0.0666184	0.122622
1379	-9.0615	-9.77828	0.936316	0.0636837	0.119863
1380	-14.534	-15.3008	0.939232	0.0607682	0.117123
1381	-3.889	-4.59111	0.935436	0.064564	0.120691
1382	-12.6488	-13.3231	0.933736	0.0662636	0.122288
1383	-10.5626	-8.58611	0.498688	0.501312	0.531233
1384	-3.03094	-3.79878	0.939294	0.0607062	0.117065
1385	-3.80845	-4.44915	0.931626	0.0683738	0.124272
1386	-19.932	-15.0884	0.0535386	0.946461	0.949674
1387	-3.02026	-3.85845	0.943184	0.0568164	0.113408
1388	-4.97484	-5.82027	0.94357	0.0564301	0.113045
1389	-4.32857	-5.03147	0.935484	0.064516	0.120646
1390	-9.01783	-9.62199	0.929262	0.0707381	0.126494
1391	-26.189	-18.5656	0.0034978	0.996502	0.996712
1392	-8.47172	-8.97646	0.922441	0.0775588	0.132906
1393	-4.54766	-5.26966	0.936627	0.0633729	0.119571
1394	-3.01967	-3.85635	0.943102	0.0568977	0.113485
1395	-3.03094	-3.79878	0.939294	0.0607062	0.117065
1396	-3.94992	-4.80407	0.944033	0.0559673	0.11261
1397	-3.39824	-4.38647	0.950709	0.0492906	0.106334
1398	-10.1207	-10.5934	0.920118	0.0798822	0.13509
1399	-4.10326	-4.6004	0.921895	0.0781046	0.133419
1400	-12.7775	-13.5255	0.938148	0.0618519	0.118141
1401	-12.0155	-12.6667	0.932291	0.0677091	0.123647
1402	-12.2447	-10.1553	0.470502	0.529498	0.557728
1403	-3.63735	-4.52533	0.945794	0.0542064	0.110955
1404	-7.50168	-8.12518	0.930523	0.0694771	0.125309
1405	-4.32857	-5.03147	0.935484	0.064516	0.120646
1406	-3.03094	-3.79878	0.939294	0.0607062	0.117065
1407	-3.99101	-5.03227	0.953136	0.0468642	0.104053
1408	-8.92081	-9.70918	0.940454	0.0595457	0.115974
1409	-4.43883	-5.3931	0.949094	0.0509064	0.107853
1410	-10.9034	-11.944	0.953108	0.0468925	0.10408
1411	-8.92132	-9.55252	0.931019	0.0689812	0.124843
1412	-3.41202	-4.32236	0.946928	0.0530716	0.109888
1413	-13.2991	-13.7809	0.92078	0.0792199	0.134467
1414	-7.87576	-8.57915	0.935513	0.0644873	0.120619
1415	-3.03094	-3.79878	0.939294	0.0607062	0.117065
1416	-3.63735	-4.52533	0.945794	0.0542064	0.110955
1417	-4.29121	-5.26033	0.949806	0.050194	0.107183
1418	-5.13927	-5.89321	0.938497	0.0615035	0.117814
1427	-4.52964	-5.15183	0.930438	0.0695625	0.125389
1428	-7.92958	-8.56697	0.931415	0.0685845	0.12447
1429	-3.68517	-4.37206	0.934511	0.0654895	0.121561
1430	-3.03094	-3.79877	0.939294	0.0607063	0.117065
1431	-8.40429	-9.10441	0.935316	0.0646842	0.120804
1432	-4.17566	-4.9252	0.938242	0.0617577	0.118053
1433	-8.13478	-8.8527	0.936384	0.0636161	0.1198
1434	-5.71201	-6.33987	0.930803	0.0691966	0.125045
1435	-3.59307	-4.41067	0.94207	0.0579302	0.114455
1436	-4.59317	-5.38973	0.940911	0.0590891	0.115544
1437	-9.87464	-7.96379	0.515094	0.484906	0.515812
1438	-10.5677	-11.0545	0.921152	0.0788479	0.134118
1439	-3.41202	-4.32235	0.946928	0.0530717	0.109888
1440	-13.3838	-11.4742	0.51541	0.48459	0.515515
1441	-3.01967	-3.85635	0.943102	0.0568978	0.113485
1442	-10.3612	-10.9995	0.931473	0.0685274	0.124416
1443	-5.13927	-5.89321	0.938496	0.0615036	0.117814
1444	-8.64483	-9.45541	0.941686	0.058314	0.114816
1445	-4.10326	-4.6004	0.921895	0.0781047	0.133419
1446	-9.09938	-9.9355	0.943072	0.0569276	0.113513
1447	-11.4776	-9.40278	0.474133	0.525867	0.554315
1448	-4.32273	-5.2287	0.946708	0.0532917	0.110095
1449	-3.94992	-4.80407	0.944033	0.0559674	0.11261
1450	-3.01967	-3.85635	0.943102	0.0568978	0.113485
1451	-4.10326	-4.6004	0.921895	0.0781047	0.133419
1452	-10.7008	-11.1848	0.920947	0.0790533	0.134311
1453	-9.76373	-7.63723	0.461264	0.538736	0.566412
1454	-3.03094	-3.79877	0.939294	0.0607063	0.117065
1455	-13.1408	-13.8874	0.93807	0.0619297	0.118215
1456	-4.29121	-5.26033	0.949806	0.0501941	0.107183
1457	-49.4516	-35.9113	9.45367e-06	0.999991	0.999991
1458	-7.73111	-8.65775	0.947742	0.0522581	0.109123
1459	-4.17566	-4.9252	0.938242	0.0617577	0.118053
1460	-17.8424	-15.6645	0.448519	0.551481	0.578392
1461	-9.35685	-10.1927	0.943056	0.0569444	0.113528
1462	-4.36979	-5.10049	0.937142	0.0628583	0.119087
1463	-12.2545	-13.06	0.941405	0.0585949	0.11508
1464	-8.53009	-9.21524	0.934404	0.0655962	0.121661
1465	-3.68517	-4.37206	0.934511	0.0654895	0.121561
1466	-4.32273	-5.2287	0.946708	0.0532917	0.110095
1467	-4.17566	-4.9252	0.938242	0.0617577	0.118053
1518	-24.8449	-22.0413	0.303152	0.696848	0.715037
1519	-4.8087	-5.71046	0.946496	0.0535038	0.110294
1520	-8.50285	-8.99961	0.921868	0.0781316	0.133444
1521	-4.54567	-5.35696	0.941725	0.0582754	0.11478
1522	-4.09975	-4.59267	0.921591	0.0784085	0.133705
1523	-10.9495	-11.4162	0.919679	0.0803207	0.135502
1524	-6.00608	-6.70061	0.934977	0.0650233	0.121123
1525	-3.01693	-3.8465	0.94272	0.0572803	0.113844
1526	-15.3658	-15.8631	0.921911	0.0780889	0.133404
1527	-4.93115	-5.54835	0.930114	0.0698864	0.125694
1528	-4.3209	-5.21919	0.94632	0.0536802	0.11046
1529	-4.54536	-5.26126	0.936263	0.0637366	0.119913
1530	-4.55081	-5.34231	0.940629	0.0593708	0.115809
1531	-4.09975	-4.59267	0.921591	0.0784085	0.133705
1532	-15.3551	-15.8771	0.923672	0.0763275	0.131749
1533	-12.7743	-13.6119	0.943152	0.0568479	0.113438
1534	-4.52689	-5.14381	0.930096	0.0699043	0.125711
1535	-8.92576	-9.53597	0.929659	0.0703414	0.126122
1536	-19.2812	-17.0653	0.43914	0.56086	0.587208
1537	-3.59064	-4.40128	0.941689	0.058311	0.114813
1538	-4.8087	-5.71046	0.946496	0.0535038	0.110294
1539	-4.22964	-4.86002	0.930966	0.0690341	0.124893
1540	-3.01693	-3.8465	0.94272	0.0572803	0.113844
1541	-4.29069	-5.25159	0.949413	0.0505869	0.107552
1542	-3.39771	-4.38413	0.950625	0.0493752	0.106413
1543	-4.3209	-5.21919	0.94632	0.0536802	0.11046
1544	-9.53705	-10.2552	0.936398	0.0636024	0.119787
1545	-5.13811	-5.95522	0.942044	0.0579564	0.11448
1546	-3.88582	-4.63825	0.938409	0.0615908	0.117896
1547	-9.19982	-7.36063	0.532967	0.467033	0.499011
1548	-3.02888	-3.79021	0.938922	0.0610784	0.117414
1549	-9.15057	-9.95816	0.941521	0.0584786	0.114971
1550	-9.65143	-10.3062	0.932519	0.0674807	0.123433
1551	-13.2543	-11.2277	0.486161	0.513839	0.543009
1552	-3.63569	-4.51613	0.945406	0.0545938	0.111319
1553	-10.3099	-10.9092	0.928944	0.0710565	0.126794
1595	-3.99699	-4.7263	0.937059	0.0629408	0.119165
1596	-7.65514	-8.27615	0.930362	0.0696384	0.125461
1597	-12.4199	-13.2429	0.942366	0.0576342	0.114177
1598	-4.23115	-4.86451	0.931158	0.0688422	0.124712
1599	-10.0527	-10.7973	0.937954	0.0620456	0.118324
1600	-4.23115	-4.86451	0.931158	0.0688422	0.124712
1601	-10.2672	-11.2577	0.950817	0.0491826	0.106232
1602	-8.86979	-6.87443	0.493972	0.506028	0.535667
1603	-16.1639	-14.1241	0.482863	0.517137	0.546109
1604	-11.1163	-11.7446	0.930832	0.0691678	0.125018
1605	-5.45313	-6.16617	0.936093	0.0639065	0.120073
1606	-12.1123	-10.2854	0.536004	0.463996	0.496157
1607	-14.3181	-15.0659	0.938143	0.0618565	0.118146
1608	-4.29098	-5.25644	0.949631	0.0503685	0.107347
1609	-4.17434	-4.92105	0.938078	0.061922	0.118207
1610	-5.65498	-6.26373	0.929563	0.0704373	0.126212
1611	-10.5662	-11.0681	0.922238	0.0777621	0.133097
1612	-8.96802	-9.80138	0.942924	0.0570761	0.113652
1613	-4.23115	-4.86451	0.931158	0.0688422	0.124712
1614	-24.7055	-25.3463	0.931629	0.0683705	0.124269
1615	-3.03002	-3.79496	0.939128	0.0608716	0.11722
1616	-10.234	-11.0606	0.942561	0.0574388	0.113993
1617	-16.5978	-17.3391	0.937759	0.0622406	0.118507
1618	-8.90038	-9.62483	0.936772	0.0632279	0.119435
1619	-6.12042	-6.76089	0.931612	0.0683883	0.124286
1620	-36.4704	-37.1857	0.936229	0.0637706	0.119945
1621	-4.6024	-5.1848	0.927818	0.0721823	0.127852
1622	-9.54132	-10.3444	0.941275	0.0587253	0.115202
1623	-8.61501	-9.50761	0.94603	0.05397	0.110732
1624	-3.94874	-4.79966	0.943862	0.056138	0.11277
1625	-4.59181	-5.38536	0.940743	0.0592566	0.115702
1626	-12.2187	-12.8587	0.93158	0.0684203	0.124316
1627	-27.1488	-27.7014	0.925799	0.0742013	0.12975
1628	-5.18613	-5.75768	0.927088	0.072912	0.128538
1629	-16.5254	-17.1758	0.932239	0.0677613	0.123696
1630	-7.84217	-8.59754	0.938579	0.0614213	0.117737
1631	-23.6904	-24.439	0.938186	0.0618137	0.118106
1632	-6.55134	-7.30834	0.938673	0.0613273	0.117648
1633	-12.9994	-13.8388	0.94325	0.0567502	0.113346
1634	-5.13021	-5.95385	0.942399	0.0576009	0.114146
1635	-5.45313	-6.16617	0.936093	0.0639065	0.120073
1636	-4.17434	-4.92105	0.938078	0.061922	0.118207
1637	-9.06034	-9.77448	0.936159	0.0638414	0.120012
1638	-5.37	-5.85055	0.920693	0.0793075	0.13455
1639	-7.05422	-7.94387	0.945879	0.0541209	0.110874
1640	-15.4867	-16.21	0.936705	0.0632952	0.119498
1641	-4.32192	-5.22447	0.946536	0.0534643	0.110257
1642	-3.41115	-4.31805	0.946755	0.0532445	0.110051
1643	-5.12461	-5.68355	0.926231	0.0737689	0.129343
1644	-4.93286	-5.55298	0.930304	0.0696961	0.125515
1645	-4.29098	-5.25644	0.949631	0.0503685	0.107347
1694	-3.41115	-4.31805	0.946756	0.0532444	0.11005
1695	-4.29098	-5.25644	0.949632	0.0503684	0.107347
1696	-3.99699	-4.7263	0.937059	0.0629407	0.119165
1697	-7.886	-8.84095	0.949126	0.0508738	0.107822
1698	-9.13646	-9.88441	0.93815	0.0618503	0.11814
1699	-4.17434	-4.92105	0.938078	0.0619219	0.118207
1700	-10.8897	-11.7395	0.943799	0.0562009	0.11283
1701	-5.65498	-6.26373	0.929563	0.0704372	0.126212
1702	-4.29098	-5.25644	0.949632	0.0503684	0.107347
1703	-4.54664	-5.26592	0.936466	0.0635344	0.119723
1704	-12.4089	-10.3151	0.469383	0.530617	0.558781
1705	-16.0438	-16.9144	0.944894	0.0551061	0.1118
1706	-15.4533	-16.1467	0.934908	0.0650919	0.121187
1707	-7.73634	-8.51082	0.939672	0.0603283	0.116709
1708	-4.29098	-5.25644	0.949632	0.0503684	0.107347
1709	-11.4165	-12.1166	0.935316	0.0646844	0.120804
1710	-3.41115	-4.31805	0.946756	0.0532444	0.11005
1711	-6.12043	-6.7609	0.931612	0.0683882	0.124286
1712	-4.52842	-5.14826	0.930286	0.0697143	0.125532
1713	-14.6671	-15.4756	0.941571	0.0584291	0.114924
1714	-4.32192	-5.22447	0.946536	0.0534642	0.110257
1715	-4.17434	-4.92105	0.938078	0.0619219	0.118207
1716	-8.20787	-8.82851	0.930338	0.0696625	0.125483
1717	-7.88652	-8.76878	0.945499	0.0545005	0.111231
1718	-5.0907	-5.75676	0.933225	0.0667752	0.122769
1719	-10.2401	-10.7415	0.922202	0.0777982	0.133131
1720	-10.3545	-11.1285	0.939643	0.060357	0.116736
1721	-12.8723	-13.6026	0.937116	0.0628842	0.119112
1722	-5.13021	-5.95386	0.942399	0.0576008	0.114145
1723	-8.33486	-9.01704	0.934222	0.0657779	0.121832
1724	-5.58639	-6.34759	0.938914	0.061086	0.117422
1725	-4.29098	-5.25644	0.949632	0.0503684	0.107347
1726	-9.04855	-9.90412	0.944108	0.0558923	0.112539
1727	-4.62775	-5.22518	0.928819	0.0711814	0.126911
1728	-4.59181	-5.38536	0.940744	0.0592565	0.115702
1729	-32.3922	-33.153	0.938891	0.0611089	0.117443
1730	-11.4253	-12.027	0.929103	0.0708967	0.126644
1731	-10.073	-10.974	0.94646	0.0535397	0.110328
1732	-3.01846	-3.85197	0.942932	0.0570677	0.113644
1733	-16.6243	-17.1136	0.921332	0.0786684	0.133949
1734	-3.63661	-4.52124	0.945622	0.0543784	0.111116
1735	-4.17434	-4.92105	0.938078	0.0619219	0.118207
1736	-8.51857	-9.35708	0.943201	0.0567991	0.113392
1737	-8.51544	-9.21439	0.935245	0.0647548	0.12087
1738	-4.95847	-5.42208	0.919447	0.0805534	0.135721
1739	-4.29098	-5.25644	0.949632	0.0503684	0.107347
1740	-14.2111	-15.0334	0.94233	0.0576699	0.11421
1741	-3.41115	-4.31805	0.946756	0.0532444	0.11005
1742	-18.0238	-18.8389	0.941934	0.0580664	0.114583
1743	-6.55134	-7.30834	0.938673	0.0613272	0.117648
1744	-4.17434	-4.92105	0.938078	0.0619219	0.118207
1745	-4.23115	-4.86452	0.931158	0.0688421	0.124712
1746	-3.68402	-4.36832	0.934352	0.0656482	0.12171
1747	-9.40119	-10.2134	0.941778	0.0582219	0.114729
1748	-21.7486	-22.462	0.936114	0.0638856	0.120053
1749	-8.45701	-8.95444	0.921916	0.0780838	0.133399
1750	-5.13021	-5.95386	0.942399	0.0576008	0.114145
1751	-5.45313	-6.16618	0.936094	0.0639064	0.120073
1752	-4.17434	-4.92105	0.938078	0.0619219	0.118207
1753	-5.13021	-5.95386	0.942399	0.0576008	0.114145
1754	-16.5584	-14.3118	0.431592	0.568408	0.594304
1755	-14.7518	-12.693	0.478121	0.521879	0.550567
1756	-3.68402	-4.36832	0.934352	0.0656482	0.12171
1757	-26.1709	-21.2746	0.0509289	0.949071	0.952127
1758	-9.72082	-10.4838	0.939015	0.0609847	0.117326
1759	-20.1729	-15.3183	0.052984	0.947016	0.950195
1760	-7.05422	-7.94387	0.945879	0.0541208	0.110874
1761	-4.54664	-5.26592	0.936466	0.0635344	0.119723
1762	-15.2802	-12.8556	0.388564	0.611436	0.634751
1763	-27.0365	-25.0137	0.4871	0.5129	0.542127
