Sites	Ll_YN98.omega=0.00281626	Ll_YN98.omega=0.0170954	Ll_YN98.omega=0.102111	Ll_YN98.omega=0.543303	Pr_YN98.omega=0.00281626	Pr_YN98.omega=0.0170954	Pr_YN98.omega=0.102111	Pr_YN98.omega=0.543303	mean
5	-4.23199	-4.24731	-4.33848	-4.81009	0.290297	0.285883	0.260973	0.162846	0.120828
6	-5.63161	-5.64127	-5.69873	-5.99599	0.276235	0.27358	0.258303	0.191882	0.13608
7	-2.97516	-2.98844	-3.06746	-3.47565	0.285318	0.281553	0.260162	0.172968	0.126156
8	-4.13916	-4.15104	-4.2217	-4.58676	0.281839	0.278511	0.259511	0.18014	0.129924
9	-6.93178	-6.94391	-7.01607	-7.38805	0.282427	0.27902	0.259596	0.178957	0.129301
10	-2.98885	-3.001	-3.07327	-3.44703	0.282533	0.279122	0.259662	0.178683	0.129161
11	-6.50277	-6.51483	-6.58661	-6.9571	0.28229	0.278904	0.259587	0.179218	0.12944
12	-3.34508	-3.36089	-3.45495	-3.94093	0.29143	0.286858	0.261107	0.160605	0.119644
13	-13.4076	-13.4201	-13.4943	-13.8773	0.283301	0.279789	0.259783	0.177127	0.128341
14	-23.3134	-21.5205	-19.7961	-18.4492	0.00587329	0.0352783	0.197899	0.760949	0.434254
15	-14.9647	-13.1744	-11.4646	-10.193	0.00631944	0.0378644	0.209309	0.746507	0.427618
16	-14.0855	-12.2951	-10.5847	-9.31008	0.00630133	0.0377592	0.208837	0.747102	0.427891
17	-12.3507	-10.5598	-8.84696	-7.56006	0.00622623	0.0373251	0.206955	0.749494	0.42899
18	-3.34508	-3.36089	-3.45495	-3.94093	0.29143	0.286858	0.261107	0.160605	0.119644
19	-5.63161	-5.64127	-5.69873	-5.99599	0.276235	0.27358	0.258303	0.191882	0.13608
20	-16.2475	-14.4573	-12.7489	-11.4844	0.00636284	0.0381158	0.210412	0.745109	0.426975
21	-8.95682	-8.96871	-9.03945	-9.40475	0.281865	0.278532	0.259508	0.180096	0.129901
22	-4.92126	-4.93359	-5.00694	-5.38585	0.282963	0.279496	0.259729	0.177812	0.128702
23	-4.13916	-4.15104	-4.2217	-4.58676	0.281839	0.278511	0.259511	0.18014	0.129924
24	-3.64968	-3.66061	-3.72563	-4.06183	0.279468	0.276431	0.25903	0.185071	0.132512
25	-12.228	-10.4365	-8.71986	-7.41344	0.00610928	0.0366475	0.203974	0.753269	0.430725
26	-2.98885	-3.001	-3.07327	-3.44703	0.282533	0.279122	0.259662	0.178683	0.129161
27	-8.43066	-8.43862	-8.48595	-8.7302	0.27178	0.269626	0.257162	0.201432	0.141073
28	-15.7401	-13.9477	-12.2261	-10.894	0.00595849	0.0357729	0.2001	0.758169	0.432976
29	-3.36068	-3.3751	-3.46091	-3.90472	0.288126	0.284001	0.260646	0.167227	0.123136
30	-25.0976	-21.5047	-18.0133	-15.0998	4.30887e-05	0.00156572	0.0514072	0.946984	0.519776
31	-15.1652	-13.3761	-11.6744	-10.4452	0.00658059	0.0393758	0.215912	0.738131	0.423768
32	-7.52885	-7.54211	-7.62097	-8.02815	0.285244	0.281486	0.26014	0.17313	0.126241
33	-3.36068	-3.3751	-3.46091	-3.90472	0.288126	0.284001	0.260646	0.167227	0.123136
34	-4.52285	-4.53489	-4.60652	-4.97697	0.282264	0.278886	0.259608	0.179241	0.129454
35	-26.223	-24.4333	-22.7272	-21.4749	0.00643766	0.0385489	0.212308	0.742706	0.425871
36	-23.778	-20.1834	-16.6819	-13.7163	4.05308e-05	0.00147527	0.0489284	0.949556	0.520918
37	-8.43869	-8.45235	-8.53359	-8.95352	0.286245	0.282363	0.260331	0.171062	0.125154
38	-2.98885	-3.001	-3.07327	-3.44703	0.282533	0.279122	0.259662	0.178683	0.129161
39	-4.76002	-4.77443	-4.86014	-5.30305	0.288068	0.283947	0.260622	0.167363	0.123207
45	-25.0721	-23.2835	-21.5841	-20.366	0.00665221	0.0397884	0.217662	0.735897	0.42274
46	-4.52285	-4.53489	-4.60652	-4.97697	0.282264	0.278886	0.259608	0.179241	0.129454
47	-9.8998	-9.91205	-9.98496	-10.3614	0.282771	0.279326	0.259687	0.178216	0.128914
48	-18.9208	-17.1283	-15.4062	-14.0709	0.00594054	0.035668	0.199615	0.758776	0.433255
49	-15.981	-14.1904	-12.4797	-11.2031	0.0062893	0.0376896	0.208535	0.747486	0.428067
50	-5.05284	-5.06083	-5.10837	-5.35448	0.271914	0.26975	0.257226	0.20111	0.140907
51	-4.51425	-4.52725	-4.60459	-5.00377	0.284607	0.28093	0.260022	0.174441	0.12693
52	-7.6343	-7.64533	-7.71097	-8.05046	0.279736	0.276667	0.25909	0.184507	0.132217
53	-11.969	-11.98	-12.0454	-12.3839	0.279654	0.276595	0.259072	0.184679	0.132307
54	-2.98885	-3.001	-3.07327	-3.44703	0.282533	0.279122	0.259662	0.178683	0.129161
55	-3.96147	-3.97303	-4.04183	-4.39773	0.281077	0.277846	0.259374	0.181703	0.130746
56	-4.20312	-4.21315	-4.27284	-4.58156	0.277193	0.274426	0.258524	0.189858	0.135021
57	-3.58972	-3.60375	-3.68722	-4.11882	0.287167	0.283166	0.260489	0.169179	0.124164
58	-16.2842	-16.2978	-16.3784	-16.7912	0.285797	0.281947	0.26012	0.172136	0.125708
59	-3.85139	-3.86249	-3.92856	-4.27037	0.279923	0.276832	0.259134	0.184111	0.132009
60	-4.38579	-4.40094	-4.49107	-4.95687	0.289859	0.285501	0.260894	0.163746	0.121301
61	-9.08541	-9.09891	-9.17917	-9.59398	0.28584	0.282009	0.260258	0.171892	0.125591
62	-26.8029	-23.2065	-19.6941	-16.6723	3.79378e-05	0.00138342	0.0463837	0.952195	0.522091
63	-10.6426	-10.6509	-10.7007	-10.9582	0.272886	0.270613	0.257474	0.199028	0.139818
64	-7.29811	-7.31118	-7.38892	-7.79016	0.284772	0.281074	0.260053	0.174101	0.126751
65	-4.51262	-4.52528	-4.60063	-4.99039	0.283823	0.280251	0.25991	0.176016	0.12776
66	-5.41561	-5.42692	-5.49427	-5.84295	0.280478	0.277322	0.25926	0.18294	0.131396
67	-4.232	-4.24734	-4.33867	-4.81112	0.290362	0.28594	0.260982	0.162716	0.120759
68	-8.11102	-8.12516	-8.20927	-8.6435	0.287396	0.28336	0.260501	0.168742	0.123932
69	-11.5241	-11.5407	-11.6392	-12.148	0.293189	0.288374	0.261326	0.157112	0.117799
70	-12.2955	-12.305	-12.3617	-12.6546	0.27589	0.273271	0.258198	0.192642	0.136476
71	-4.232	-4.24734	-4.33867	-4.81112	0.290362	0.28594	0.260982	0.162716	0.120759
72	-4.55562	-4.56825	-4.64339	-5.03176	0.28372	0.28016	0.25988	0.17624	0.127877
73	-4.20363	-4.21368	-4.27348	-4.58274	0.277238	0.274466	0.258534	0.189761	0.13497
74	-11.4468	-11.4572	-11.5193	-11.8402	0.278208	0.275321	0.258748	0.187723	0.133902
75	-4.27164	-4.28601	-4.3715	-4.81376	0.288	0.283892	0.26063	0.167477	0.123269
76	-6.50994	-6.5226	-6.5979	-6.98619	0.283742	0.280172	0.259851	0.176235	0.127871
77	-4.27164	-4.28601	-4.3715	-4.81376	0.288	0.283892	0.26063	0.167477	0.123269
78	-16.4595	-16.4715	-16.5428	-16.9116	0.28213	0.278769	0.259582	0.179519	0.1296
79	-4.93726	-4.95069	-5.03057	-5.44326	0.285676	0.281865	0.260225	0.172234	0.12577
80	-3.34551	-3.36135	-3.45557	-3.94242	0.291496	0.286916	0.261116	0.160472	0.119574
81	-5.10134	-5.1102	-5.16295	-5.43603	0.274199	0.271779	0.257815	0.196206	0.138344
82	-4.51318	-4.52586	-4.60135	-4.9918	0.283879	0.2803	0.25992	0.175901	0.1277
83	-7.98976	-8.0039	-8.08802	-8.5225	0.287409	0.283373	0.260511	0.168708	0.123914
84	-16.5388	-14.7468	-13.0276	-11.7074	0.0060285	0.0361789	0.201896	0.755897	0.431933
85	-8.71323	-8.7246	-8.7923	-9.14256	0.280615	0.277441	0.25928	0.182664	0.13125
86	-11.0655	-11.0747	-11.1296	-11.414	0.275153	0.272624	0.258049	0.194174	0.137281
87	-4.51318	-4.52586	-4.60135	-4.9918	0.283879	0.2803	0.25992	0.175901	0.1277
88	-3.34551	-3.36135	-3.45557	-3.94242	0.291496	0.286916	0.261116	0.160472	0.119574
89	-4.20363	-4.21368	-4.27348	-4.58274	0.277238	0.274466	0.258534	0.189761	0.13497
90	-4.38619	-4.40136	-4.49166	-4.95828	0.289924	0.285557	0.260903	0.163616	0.121232
169	-5.15373	-5.16351	-5.22173	-5.52302	0.276567	0.273875	0.258387	0.191171	0.135709
170	-3.85021	-3.86227	-3.93404	-4.30499	0.282312	0.278927	0.25961	0.179152	0.129406
171	-10.1448	-10.1599	-10.2501	-10.716	0.289867	0.285507	0.260892	0.163735	0.121295
172	-7.63492	-7.64597	-7.71173	-8.05182	0.279786	0.276711	0.259101	0.184403	0.132162
173	-12.9075	-11.1145	-9.38888	-8.0364	0.00584077	0.0350895	0.197056	0.762014	0.434743
174	-11.61	-11.6191	-11.6737	-11.9558	0.27497	0.272461	0.258001	0.194568	0.137486
175	-12.2382	-12.2496	-12.3175	-12.6687	0.280699	0.277512	0.259283	0.182506	0.131167
176	-4.47739	-4.49003	-4.56524	-4.9539	0.283745	0.280181	0.259883	0.176191	0.127851
177	-5.70893	-5.71859	-5.77611	-6.07366	0.276259	0.273602	0.25831	0.19183	0.136053
178	-3.58998	-3.60403	-3.68766	-4.12003	0.287227	0.283219	0.260498	0.169055	0.124099
179	-10.9105	-10.922	-10.9907	-11.3461	0.281036	0.27781	0.259366	0.181789	0.130791
180	-4.52336	-4.53542	-4.60717	-4.97828	0.282317	0.278933	0.259619	0.17913	0.129396
181	-4.55562	-4.56825	-4.64339	-5.03176	0.28372	0.28016	0.25988	0.17624	0.127877
182	-4.52336	-4.53542	-4.60717	-4.97828	0.282317	0.278933	0.259619	0.17913	0.129396
183	-9.02676	-9.03675	-9.09619	-9.40364	0.277087	0.274333	0.258501	0.19008	0.135137
184	-16.9371	-15.146	-13.4319	-12.1378	0.00618397	0.0370793	0.20585	0.750886	0.42963
185	-15.3832	-15.3942	-15.4598	-15.7989	0.279707	0.276642	0.259084	0.184567	0.132248
186	-16.8574	-15.0654	-13.3463	-12.027	0.00603366	0.0362088	0.202028	0.75573	0.431856
187	-13.3177	-11.5269	-9.81432	-8.52883	0.00623489	0.037375	0.20717	0.74922	0.428865
188	-4.51504	-4.52807	-4.60554	-5.00544	0.284664	0.28098	0.260033	0.174324	0.126868
189	-3.34551	-3.36135	-3.45557	-3.94242	0.291496	0.286916	0.261116	0.160472	0.119574
190	-4.13972	-4.15162	-4.2224	-4.58812	0.281891	0.278557	0.259521	0.18003	0.129867
191	-4.20363	-4.21368	-4.27348	-4.58274	0.277238	0.274466	0.258534	0.189761	0.13497
192	-9.79674	-9.80934	-9.88425	-10.2712	0.283614	0.280064	0.25985	0.176472	0.127998
193	-4.93726	-4.95069	-5.03057	-5.44326	0.285676	0.281865	0.260225	0.172234	0.12577
194	-4.08315	-4.09103	-4.13793	-4.3805	0.271619	0.269486	0.25714	0.201755	0.141243
195	-2.97565	-2.98896	-3.06812	-3.47704	0.285375	0.281603	0.260172	0.172849	0.126094
196	-17.0826	-15.2911	-13.5753	-12.2727	0.00613227	0.0367807	0.204561	0.752526	0.430384
197	-4.27164	-4.28601	-4.3715	-4.81376	0.288	0.283892	0.26063	0.167477	0.123269
198	-4.57723	-4.58647	-4.64144	-4.92606	0.27517	0.272639	0.258055	0.194136	0.137261
199	-7.88779	-7.90098	-7.97941	-8.38438	0.285066	0.281332	0.260111	0.173492	0.126431
200	-3.361	-3.37544	-3.46141	-3.90601	0.288188	0.284054	0.260656	0.167102	0.12307
201	-4.20363	-4.21368	-4.27348	-4.58274	0.277238	0.274466	0.258534	0.189761	0.13497
202	-4.49928	-4.50919	-4.56818	-4.87336	0.276895	0.274164	0.258459	0.190483	0.135348
203	-26.6818	-23.0875	-19.5877	-16.6307	4.09468e-05	0.00148998	0.0493319	0.949137	0.520732
204	-9.21648	-9.22801	-9.29661	-9.65095	0.280967	0.277746	0.259331	0.181956	0.130877
205	-12.2793	-12.2904	-12.3565	-12.6985	0.279943	0.276849	0.259134	0.184073	0.131989
206	-3.361	-3.37544	-3.46141	-3.90601	0.288188	0.284054	0.260656	0.167102	0.12307
207	-8.14609	-8.15694	-8.22151	-8.55501	0.279258	0.276243	0.258971	0.185528	0.132751
208	-29.1955	-25.5978	-22.0778	-19.015	3.61602e-05	0.00132029	0.0446084	0.954035	0.522908
209	-30.473	-26.8798	-23.3864	-20.4607	4.24987e-05	0.00154477	0.0508189	0.947594	0.520047
210	-4.34145	-4.35307	-4.42217	-4.77923	0.281186	0.277939	0.25938	0.181496	0.130636
211	-12.8426	-12.8505	-12.8977	-13.1414	0.271733	0.269583	0.257147	0.201536	0.141127
212	-5.10375	-5.11571	-5.18689	-5.55501	0.282075	0.278721	0.259572	0.179632	0.129659
213	-4.51318	-4.52586	-4.60135	-4.9918	0.283879	0.2803	0.25992	0.175901	0.1277
214	-11.1038	-11.1157	-11.1865	-11.5522	0.281892	0.278558	0.259521	0.18003	0.129867
215	-4.20363	-4.21368	-4.27348	-4.58274	0.277238	0.274466	0.258534	0.189761	0.13497
216	-3.361	-3.37544	-3.46141	-3.90601	0.288188	0.284054	0.260656	0.167102	0.12307
217	-3.361	-3.37544	-3.46141	-3.90601	0.288188	0.284054	0.260656	0.167102	0.12307
218	-5.63231	-5.64199	-5.69955	-5.99733	0.276279	0.273619	0.258314	0.191788	0.136031
219	-23.8909	-20.297	-16.799	-13.8518	4.1416e-05	0.00150658	0.0497879	0.948664	0.520522
220	-12.0379	-10.2477	-8.53848	-7.27028	0.00633988	0.037983	0.209834	0.745843	0.427312
221	-9.31361	-9.324	-9.38578	-9.7053	0.27809	0.275217	0.258727	0.187966	0.13403
222	-23.7356	-20.144	-16.6597	-13.7829	4.49865e-05	0.00163269	0.0532207	0.945102	0.518939
223	-7.92467	-7.93433	-7.99182	-8.28937	0.276255	0.273599	0.258314	0.191832	0.136055
224	-3.54917	-3.56216	-3.63947	-4.03847	0.284592	0.280917	0.26002	0.17447	0.126945
225	-8.80119	-8.81313	-8.88416	-9.25152	0.282014	0.278667	0.259559	0.17976	0.129726
226	-14.1133	-12.3218	-10.6053	-9.29969	0.00611405	0.0366753	0.204103	0.753107	0.430651
227	-4.93726	-4.95069	-5.03057	-5.44326	0.285676	0.281865	0.260225	0.172234	0.12577
228	-3.58998	-3.60403	-3.68766	-4.12003	0.287227	0.283219	0.260498	0.169055	0.124099
229	-36.7257	-31.3282	-26.0417	-21.4146	2.2194e-07	4.90182e-05	0.00968801	0.990263	0.539003
230	-26.4961	-24.6927	-22.9073	-21.2859	0.00441733	0.0268144	0.15987	0.808899	0.456273
231	-21.7665	-19.9734	-18.2476	-16.8921	0.00582584	0.0350008	0.196604	0.76257	0.434997
232	-10.1827	-10.1936	-10.2586	-10.5948	0.279468	0.276431	0.259029	0.185072	0.132513
233	-11.9423	-11.9554	-12.0333	-12.4363	0.28489	0.281183	0.260103	0.173824	0.126608
234	-5.06129	-5.07188	-5.13492	-5.46109	0.278635	0.275699	0.258855	0.186811	0.133425
235	-5.54851	-5.56064	-5.63283	-6.0063	0.282505	0.279099	0.259661	0.178736	0.129189
236	-15.0319	-13.243	-11.5425	-10.3194	0.00661915	0.0395987	0.216878	0.736904	0.423204
237	-3.361	-3.37545	-3.46141	-3.90601	0.288188	0.284054	0.260656	0.167101	0.12307
238	-4.20364	-4.21369	-4.27348	-4.58275	0.277238	0.274466	0.258534	0.189761	0.13497
239	-13.5467	-11.758	-10.0587	-8.8412	0.0066555	0.0398082	0.217772	0.735765	0.42268
240	-9.7898	-9.79724	-9.84147	-10.0701	0.27043	0.268427	0.256812	0.204331	0.142587
241	-14.7532	-12.9624	-11.2503	-9.967	0.00624796	0.0374507	0.207502	0.748799	0.428671
242	-12.1624	-12.1751	-12.2508	-12.6418	0.283943	0.280351	0.259905	0.175801	0.127645
243	-2.97565	-2.98896	-3.06812	-3.47704	0.285375	0.281603	0.260172	0.172849	0.126094
244	-9.22676	-9.23733	-9.30025	-9.62583	0.278586	0.275655	0.258845	0.186914	0.133479
245	-2.97565	-2.98896	-3.06812	-3.47704	0.285375	0.281603	0.260172	0.172849	0.126094
246	-4.38619	-4.40136	-4.49166	-4.95828	0.289924	0.285557	0.260903	0.163616	0.121232
247	-46.1678	-38.9636	-31.8709	-25.4757	1.03002e-09	1.38537e-06	0.00166685	0.998332	0.542567
248	-25.5074	-21.9118	-18.4041	-15.4059	3.90121e-05	0.00142147	0.047438	0.951102	0.521605
249	-18.3299	-18.3394	-18.3956	-18.6865	0.275702	0.273109	0.258178	0.193012	0.136672
250	-55.8122	-50.4114	-45.1054	-40.3786	1.9653e-07	4.35489e-05	0.00877664	0.99118	0.539408
251	-4.57723	-4.58647	-4.64144	-4.92606	0.27517	0.272639	0.258055	0.194136	0.137261
252	-13.0901	-11.2983	-9.58037	-8.26719	0.00606932	0.0364158	0.20295	0.754565	0.431321
253	-19.7074	-19.72	-19.7951	-20.1831	0.283695	0.280136	0.259866	0.176304	0.127909
254	-15.8456	-15.8584	-15.9342	-16.3253	0.28396	0.280365	0.259904	0.17577	0.127628
255	-40.0485	-34.6501	-29.3585	-24.7055	2.1503e-07	4.75328e-05	0.00944261	0.99051	0.539112
256	-2.97565	-2.98896	-3.06812	-3.47704	0.285375	0.281603	0.260172	0.172849	0.126094
257	-2.98921	-3.00138	-3.07377	-3.4482	0.282587	0.279169	0.259672	0.178572	0.129102
258	-8.08753	-8.09892	-8.16669	-8.51693	0.280626	0.277447	0.259267	0.182659	0.131247
259	-5.35963	-5.36728	-5.41281	-5.64842	0.27102	0.268955	0.256984	0.203041	0.141915
260	-3.90613	-3.91968	-4.00034	-4.41727	0.286006	0.282155	0.26029	0.171549	0.125411
261	-4.29778	-4.30892	-4.37521	-4.71803	0.28001	0.276908	0.259148	0.183934	0.131917
262	-3.90613	-3.91968	-4.00034	-4.41727	0.286006	0.282155	0.26029	0.171549	0.125411
263	-4.55562	-4.56825	-4.64339	-5.03176	0.283721	0.28016	0.25988	0.17624	0.127877
264	-3.361	-3.37545	-3.46141	-3.90601	0.288188	0.284054	0.260656	0.167101	0.12307
265	-3.93326	-3.94982	-4.04833	-4.55728	0.293198	0.288383	0.261327	0.157091	0.117788
266	-4.27164	-4.28601	-4.3715	-4.81376	0.288	0.283892	0.26063	0.167477	0.123268
267	-4.51318	-4.52586	-4.60135	-4.9918	0.283879	0.2803	0.25992	0.175901	0.1277
268	-5.06129	-5.07188	-5.13492	-5.46109	0.278635	0.275699	0.258855	0.186811	0.133425
269	-4.49928	-4.5092	-4.56818	-4.87336	0.276895	0.274164	0.258459	0.190483	0.135348
297	-4.57663	-4.58585	-4.6407	-4.92469	0.275117	0.272593	0.258042	0.194248	0.13732
298	-3.3606	-3.37502	-3.46079	-3.90441	0.288111	0.283988	0.260644	0.167257	0.123152
299	-3.34498	-3.36078	-3.4548	-3.94057	0.291414	0.286844	0.261105	0.160638	0.119661
300	-4.92106	-4.93339	-5.0067	-5.38545	0.28295	0.279484	0.259727	0.177839	0.128716
301	-3.96136	-3.97292	-4.04169	-4.39743	0.281065	0.277835	0.259372	0.181729	0.13076
302	-14.7269	-14.7399	-14.8174	-15.2179	0.2847	0.281014	0.260053	0.174233	0.126822
303	-3.96136	-3.97292	-4.04169	-4.39743	0.281065	0.277835	0.259372	0.181729	0.13076
304	-4.08228	-4.09015	-4.13694	-4.37897	0.271573	0.269446	0.257128	0.201853	0.141294
305	-4.34041	-4.352	-4.42096	-4.77723	0.281122	0.277882	0.259366	0.18163	0.130706
306	-3.64957	-3.66049	-3.72548	-4.06154	0.279456	0.276421	0.259028	0.185096	0.132525
307	-7.6129	-7.62453	-7.69375	-8.05134	0.281231	0.277977	0.259387	0.181405	0.130588
308	-4.23199	-4.2473	-4.33843	-4.80984	0.290282	0.28587	0.260971	0.162878	0.120845
309	-5.54787	-5.55998	-5.63201	-6.00465	0.282439	0.27904	0.259647	0.178873	0.129261
310	-9.35669	-9.36907	-9.44263	-9.82094	0.282968	0.279488	0.259667	0.177876	0.128731
311	-7.61725	-7.62721	-7.6865	-7.99224	0.276973	0.274225	0.258441	0.190361	0.135282
312	-5.41551	-5.42683	-5.49415	-5.84267	0.280466	0.277311	0.259257	0.182965	0.131409
313	-10.9923	-11.0002	-11.0472	-11.289	0.271596	0.269456	0.25708	0.201869	0.141298
314	-4.49863	-4.50853	-4.56739	-4.87189	0.276839	0.274114	0.258446	0.190601	0.13541
315	-8.92388	-8.93714	-9.01602	-9.42354	0.285263	0.281505	0.260153	0.173079	0.126215
316	-2.97504	-2.98832	-3.0673	-3.47532	0.285304	0.281541	0.260159	0.172996	0.126171
317	-3.34498	-3.36078	-3.4548	-3.94058	0.291414	0.286844	0.261105	0.160637	0.119661
318	-8.70511	-8.717	-8.78771	-9.15304	0.281861	0.27853	0.259515	0.180094	0.129901
319	-14.1705	-14.1805	-14.2399	-14.5472	0.277076	0.274322	0.258497	0.190105	0.13515
320	-4.50913	-4.52055	-4.5885	-4.94024	0.280731	0.277543	0.25931	0.182416	0.131121
321	-2.97504	-2.98832	-3.0673	-3.47532	0.285304	0.281541	0.260159	0.172996	0.126171
322	-4.90408	-4.91392	-4.97249	-5.27524	0.276701	0.27399	0.258404	0.190904	0.135568
323	-2.97504	-2.98832	-3.0673	-3.47532	0.285304	0.281541	0.260159	0.172996	0.126171
324	-5.41599	-5.42733	-5.49479	-5.84409	0.280529	0.277367	0.259271	0.182834	0.13134
325	-5.41599	-5.42733	-5.49479	-5.84409	0.280529	0.277367	0.259271	0.182834	0.13134
326	-4.232	-4.24734	-4.33867	-4.81112	0.290363	0.28594	0.260982	0.162715	0.120759
327	-2.97566	-2.98896	-3.06812	-3.47705	0.285376	0.281604	0.260172	0.172849	0.126094
328	-11.0273	-11.0385	-11.1048	-11.448	0.280037	0.276932	0.259154	0.183877	0.131886
329	-31.793	-31.8034	-31.8652	-32.1845	0.27808	0.275207	0.258718	0.187995	0.134044
330	-6.70788	-6.71873	-6.78328	-7.11601	0.279215	0.276201	0.258936	0.185647	0.132811
331	-4.55562	-4.56825	-4.6434	-5.03177	0.283721	0.28016	0.25988	0.17624	0.127877
332	-2.98921	-3.00138	-3.07378	-3.44821	0.282587	0.279169	0.259672	0.178571	0.129102
333	-8.40359	-8.41377	-8.47434	-8.78715	0.277547	0.274735	0.258588	0.189129	0.134638
334	-4.232	-4.24734	-4.33867	-4.81112	0.290363	0.28594	0.260982	0.162715	0.120759
335	-3.85021	-3.86228	-3.93405	-4.305	0.282312	0.278927	0.25961	0.179151	0.129406
336	-7.07153	-7.08365	-7.15577	-7.52832	0.282448	0.279045	0.25963	0.178878	0.129262
337	-3.361	-3.37545	-3.46141	-3.90602	0.288188	0.284055	0.260656	0.167101	0.12307
338	-3.54917	-3.56217	-3.63947	-4.03848	0.284593	0.280918	0.26002	0.17447	0.126945
339	-4.60681	-4.61633	-4.67289	-4.96482	0.275812	0.273201	0.258176	0.192812	0.136565
340	-8.44421	-8.45422	-8.51379	-8.82169	0.277131	0.27437	0.258503	0.189996	0.135093
341	-3.90613	-3.91969	-4.00035	-4.41728	0.286006	0.282155	0.26029	0.171549	0.12541
342	-4.232	-4.24734	-4.33867	-4.81112	0.290363	0.28594	0.260982	0.162715	0.120759
343	-2.98921	-3.00138	-3.07378	-3.44821	0.282587	0.279169	0.259672	0.178571	0.129102
344	-18.1692	-18.1805	-18.2483	-18.5981	0.280598	0.277423	0.259261	0.182717	0.131277
345	-2.97566	-2.98896	-3.06812	-3.47705	0.285376	0.281604	0.260172	0.172849	0.126094
346	-2.98921	-3.00138	-3.07378	-3.44821	0.282587	0.279169	0.259672	0.178571	0.129102
347	-8.9496	-8.9615	-9.03228	-9.39777	0.28188	0.278546	0.259511	0.180064	0.129884
348	-4.34145	-4.35307	-4.42218	-4.77924	0.281186	0.277939	0.25938	0.181495	0.130636
349	-3.85021	-3.86228	-3.93405	-4.305	0.282312	0.278927	0.25961	0.179151	0.129406
350	-7.11663	-7.12785	-7.19454	-7.53867	0.280142	0.277019	0.259146	0.183693	0.131787
351	-4.49928	-4.5092	-4.56819	-4.87336	0.276895	0.274164	0.258459	0.190482	0.135348
352	-3.58998	-3.60404	-3.68766	-4.12003	0.287228	0.283219	0.260499	0.169055	0.124098
353	-28.185	-24.592	-21.0994	-18.1802	4.27976e-05	0.00155544	0.051127	0.947275	0.519905
354	-8.29336	-8.30429	-8.3693	-8.70526	0.279455	0.276418	0.259019	0.185108	0.132531
355	-10.7769	-10.7869	-10.8467	-11.1559	0.277236	0.274464	0.258534	0.189767	0.134973
356	-2.98921	-3.00138	-3.07378	-3.44821	0.282587	0.279169	0.259672	0.178571	0.129102
357	-3.85178	-3.8629	-3.92909	-4.2715	0.279973	0.276876	0.259144	0.184006	0.131954
358	-11.6788	-11.6881	-11.7434	-12.0293	0.275288	0.272741	0.258068	0.193903	0.137137
359	-9.04708	-9.05928	-9.13184	-9.50692	0.282646	0.279219	0.259676	0.178458	0.129042
360	-4.51505	-4.52807	-4.60555	-5.00545	0.284664	0.28098	0.260033	0.174323	0.126868
361	-9.85851	-9.87067	-9.94305	-10.3174	0.282578	0.279162	0.25967	0.17859	0.129112
362	-19.4901	-19.4985	-19.5479	-19.8028	0.272693	0.270435	0.257389	0.199483	0.140053
363	-3.85021	-3.86228	-3.93405	-4.305	0.282312	0.278927	0.25961	0.179151	0.129406
364	-6.29027	-6.3003	-6.36002	-6.66882	0.277201	0.274433	0.258525	0.189841	0.135012
365	-4.49928	-4.5092	-4.56819	-4.87336	0.276895	0.274164	0.258459	0.190482	0.135348
366	-34.7149	-34.7278	-34.8043	-35.1989	0.284245	0.280614	0.259955	0.175187	0.127321
367	-31.1793	-29.3842	-27.6465	-26.2304	0.0054866	0.033029	0.187753	0.773732	0.440123
368	-3.85178	-3.8629	-3.92909	-4.2715	0.279973	0.276876	0.259144	0.184006	0.131954
369	-2.97566	-2.98896	-3.06812	-3.47705	0.285376	0.281604	0.260172	0.172849	0.126094
370	-3.85178	-3.8629	-3.92909	-4.2715	0.279973	0.276876	0.259144	0.184006	0.131954
371	-2.98921	-3.00138	-3.07378	-3.44821	0.282587	0.279169	0.259672	0.178571	0.129102
372	-5.12996	-5.14318	-5.22182	-5.62806	0.285161	0.281417	0.260134	0.173288	0.126324
373	-7.82959	-7.84369	-7.92757	-8.3607	0.287306	0.283283	0.26049	0.168922	0.124027
374	-3.65017	-3.66111	-3.72624	-4.06305	0.279518	0.276474	0.259041	0.184967	0.132458
375	-22.949	-21.1606	-19.463	-18.2545	0.00671288	0.0401396	0.219202	0.733946	0.421843
376	-3.90613	-3.91969	-4.00035	-4.41728	0.286006	0.282155	0.26029	0.171549	0.12541
377	-4.47739	-4.49004	-4.56524	-4.95391	0.283745	0.280181	0.259883	0.17619	0.127851
378	-8.9924	-9.00428	-9.07498	-9.44068	0.281878	0.278548	0.259533	0.180041	0.129874
379	-7.52601	-7.5339	-7.58083	-7.82279	0.271591	0.269456	0.257104	0.201849	0.14129
380	-4.38619	-4.40136	-4.49166	-4.95829	0.289924	0.285557	0.260903	0.163615	0.121232
381	-14.9558	-14.9675	-15.0372	-15.3973	0.281431	0.278153	0.259428	0.180988	0.130369
382	-4.232	-4.24734	-4.33867	-4.81112	0.290363	0.28594	0.260982	0.162715	0.120759
383	-3.85021	-3.86228	-3.93405	-4.305	0.282312	0.278927	0.25961	0.179151	0.129406
384	-14.7858	-12.9949	-11.2823	-9.99586	0.00622995	0.0373458	0.207023	0.749402	0.428948
385	-32.347	-30.5493	-28.7973	-27.3424	0.00523755	0.0316132	0.182273	0.780877	0.44342
386	-9.89011	-9.89799	-9.94491	-10.1875	0.271624	0.26949	0.257139	0.201747	0.141239
387	-9.90133	-9.91246	-9.97868	-10.3212	0.279984	0.276885	0.259145	0.183986	0.131944
388	-38.4118	-33.0112	-27.7072	-22.9905	1.98954e-07	4.4072e-05	0.00886516	0.991091	0.539369
389	-8.32281	-8.3308	-8.37833	-8.62352	0.271862	0.269698	0.257181	0.201259	0.140982
390	-2.97566	-2.98896	-3.06812	-3.47705	0.285376	0.281604	0.260172	0.172849	0.126094
391	-3.93326	-3.94982	-4.04833	-4.55728	0.293199	0.288383	0.261327	0.157091	0.117788
392	-2.98921	-3.00138	-3.07378	-3.44821	0.282587	0.279169	0.259672	0.178571	0.129102
393	-4.232	-4.24734	-4.33867	-4.81112	0.290363	0.28594	0.260982	0.162715	0.120759
394	-4.47739	-4.49004	-4.56524	-4.95391	0.283745	0.280181	0.259883	0.17619	0.127851
395	-5.15126	-5.16038	-5.2147	-5.49582	0.274879	0.272381	0.257981	0.194759	0.137586
396	-4.29779	-4.30893	-4.37521	-4.71803	0.28001	0.276908	0.259148	0.183934	0.131916
397	-4.57723	-4.58647	-4.64145	-4.92606	0.27517	0.272639	0.258055	0.194136	0.137261
398	-5.10134	-5.1102	-5.16295	-5.43603	0.274199	0.27178	0.257815	0.196206	0.138343
399	-13.1753	-11.3868	-9.68811	-8.47417	0.00667779	0.039937	0.218329	0.735056	0.422354
400	-2.98921	-3.00138	-3.07378	-3.44821	0.282587	0.279169	0.259672	0.178571	0.129102
401	-11.8035	-11.8162	-11.8917	-12.2816	0.283859	0.280277	0.259889	0.175975	0.127736
402	-2.98921	-3.00138	-3.07378	-3.44821	0.282587	0.279169	0.259672	0.178571	0.129102
403	-2.97566	-2.98896	-3.06812	-3.47705	0.285376	0.281604	0.260172	0.172849	0.126094
404	-18.1315	-18.1424	-18.207	-18.5407	0.279288	0.276266	0.25896	0.185486	0.132727
405	-5.05358	-5.06159	-5.10921	-5.35575	0.271951	0.269783	0.257236	0.201029	0.140865
406	-3.34551	-3.36135	-3.45558	-3.94243	0.291497	0.286916	0.261116	0.160471	0.119573
407	-15.6711	-15.6836	-15.7579	-16.1419	0.283363	0.279847	0.259812	0.176977	0.128264
408	-8.14609	-8.15694	-8.22151	-8.55502	0.279258	0.276243	0.258971	0.185528	0.132751
409	-12.9438	-11.1523	-9.43577	-8.12951	0.00611107	0.0366572	0.203999	0.753233	0.430708
410	-3.361	-3.37545	-3.46141	-3.90602	0.288188	0.284055	0.260656	0.167101	0.12307
411	-3.34551	-3.36135	-3.45558	-3.94243	0.291497	0.286916	0.261116	0.160471	0.119573
412	-9.97188	-9.98252	-10.0458	-10.3732	0.278737	0.275788	0.258875	0.1866	0.133314
413	-13.1322	-11.3415	-9.62946	-8.34659	0.00625072	0.0374667	0.207573	0.748709	0.42863
414	-3.90613	-3.91969	-4.00035	-4.41728	0.286006	0.282155	0.26029	0.171549	0.12541
415	-4.20364	-4.21369	-4.27349	-4.58275	0.277239	0.274466	0.258534	0.189761	0.13497
416	-2.98921	-3.00138	-3.07378	-3.44821	0.282587	0.279169	0.259672	0.178571	0.129102
417	-32.143	-28.5492	-25.0521	-22.108	4.15828e-05	0.00151242	0.049937	0.948509	0.520453
418	-5.12996	-5.14318	-5.22182	-5.62806	0.285161	0.281417	0.260134	0.173288	0.126324
419	-4.47739	-4.49004	-4.56524	-4.95391	0.283745	0.280181	0.259883	0.17619	0.127851
420	-13.1601	-11.3692	-9.65657	-8.37054	0.00623151	0.0373556	0.207087	0.749326	0.428913
421	-7.52558	-7.53748	-7.60825	-7.97307	0.281846	0.278511	0.25948	0.180163	0.129934
422	-4.55562	-4.56825	-4.6434	-5.03177	0.283721	0.28016	0.25988	0.17624	0.127877
423	-4.50965	-4.52109	-4.58919	-4.94171	0.280794	0.277599	0.259324	0.182284	0.131052
424	-5.10375	-5.11571	-5.18689	-5.55502	0.282075	0.278721	0.259572	0.179631	0.129659
425	-2.97566	-2.98896	-3.06812	-3.47705	0.285376	0.281604	0.260172	0.172849	0.126094
426	-16.1533	-14.3652	-12.6691	-11.4692	0.0067664	0.0404493	0.220551	0.732233	0.421056
427	-13.3374	-11.5463	-9.83241	-8.54001	0.00619293	0.0371323	0.206112	0.750562	0.429482
428	-7.87374	-7.88589	-7.95816	-8.33176	0.282525	0.279114	0.259653	0.178707	0.129173
429	-12.5899	-12.5998	-12.6588	-12.964	0.276902	0.274169	0.25846	0.190469	0.135341
430	-4.49928	-4.5092	-4.56819	-4.87336	0.276895	0.274164	0.258459	0.190482	0.135348
431	-8.64423	-8.6533	-8.70726	-8.98653	0.274723	0.272244	0.257943	0.19509	0.13776
432	-4.13972	-4.15162	-4.22241	-4.58812	0.281892	0.278557	0.259521	0.18003	0.129867
433	-4.55562	-4.56825	-4.6434	-5.03177	0.283721	0.28016	0.25988	0.17624	0.127877
434	-14.4851	-12.6975	-11.0042	-9.81781	0.00685496	0.0409596	0.222722	0.729463	0.419782
435	-9.63004	-9.64219	-9.71451	-10.0885	0.282549	0.279136	0.259664	0.178651	0.129144
436	-4.29779	-4.30893	-4.37521	-4.71803	0.28001	0.276908	0.259148	0.183934	0.131916
437	-2.98921	-3.00138	-3.07378	-3.44821	0.282587	0.279169	0.259672	0.178571	0.129102
438	-13.4671	-11.6755	-9.95872	-8.65092	0.00610193	0.0366042	0.203765	0.753529	0.430845
439	-26.8808	-23.286	-19.7833	-16.8095	4.01614e-05	0.0014621	0.0485485	0.949949	0.521093
440	-4.90481	-4.91468	-4.97338	-5.2768	0.276757	0.27404	0.258417	0.190786	0.135506
441	-3.85021	-3.86228	-3.93405	-4.305	0.282312	0.278927	0.25961	0.179151	0.129406
442	-3.361	-3.37545	-3.46141	-3.90602	0.288188	0.284055	0.260656	0.167101	0.12307
443	-3.90613	-3.91969	-4.00035	-4.41728	0.286006	0.282155	0.26029	0.171549	0.12541
444	-3.65017	-3.66111	-3.72624	-4.06305	0.279518	0.276474	0.259041	0.184967	0.132458
445	-7.36504	-7.37794	-7.45464	-7.85072	0.284352	0.280709	0.259984	0.174955	0.127201
446	-2.97566	-2.98896	-3.06812	-3.47705	0.285376	0.281604	0.260172	0.172849	0.126094
447	-9.6396	-9.64798	-9.69781	-9.95549	0.272907	0.270631	0.257476	0.198987	0.139797
448	-8.45968	-8.47184	-8.54417	-8.91813	0.282552	0.279138	0.259662	0.178647	0.129142
449	-6.77802	-6.79019	-6.86256	-7.23546	0.282507	0.279089	0.259605	0.178799	0.129218
450	-7.26865	-7.28195	-7.36105	-7.76957	0.285347	0.281578	0.260162	0.172913	0.126127
451	-11.6143	-11.6293	-11.7186	-12.1805	0.28955	0.285233	0.260848	0.16437	0.12163
452	-18.1959	-16.4037	-14.6833	-13.3565	0.0059905	0.0359578	0.200898	0.757153	0.432509
453	-7.11663	-7.12785	-7.19454	-7.53867	0.280142	0.277019	0.259146	0.183693	0.131787
454	-25.2407	-25.2523	-25.3213	-25.6776	0.281128	0.277888	0.259368	0.181616	0.130699
455	-18.2171	-16.4292	-14.7339	-13.5367	0.00678622	0.0405618	0.220983	0.731669	0.420796
456	-9.51798	-9.52906	-9.59498	-9.93593	0.279856	0.276772	0.259115	0.184256	0.132085
457	-14.5403	-14.5491	-14.6011	-14.866	0.273648	0.271259	0.257506	0.197587	0.139052
458	-15.522	-15.5332	-15.6001	-15.9462	0.280273	0.277139	0.259202	0.183386	0.131629
459	-9.57958	-9.5919	-9.66522	-10.044	0.282951	0.279486	0.259727	0.177836	0.128715
460	-6.50313	-6.51521	-6.58712	-6.95827	0.282344	0.278952	0.259598	0.179106	0.129381
461	-4.76038	-4.77482	-4.86068	-5.30438	0.28813	0.284001	0.260632	0.167237	0.123141
462	-4.232	-4.24734	-4.33867	-4.81112	0.290363	0.28594	0.260982	0.162715	0.120759
463	-15.2597	-13.4674	-11.7463	-10.417	0.00597469	0.0358668	0.200514	0.757644	0.432735
464	-5.05358	-5.06159	-5.10921	-5.35575	0.271951	0.269783	0.257236	0.201029	0.140865
465	-7.29861	-7.31171	-7.38958	-7.79156	0.28483	0.281125	0.260063	0.173982	0.126688
466	-4.29779	-4.30893	-4.37521	-4.71803	0.28001	0.276908	0.259148	0.183934	0.131916
467	-13.8604	-12.0712	-10.3683	-9.13331	0.00654428	0.039166	0.215004	0.739286	0.424299
468	-24.5273	-22.7338	-21.0053	-19.6377	0.00575511	0.0345918	0.19483	0.764823	0.436033
469	-36.3335	-30.935	-25.6425	-20.9836	2.13553e-07	4.72129e-05	0.00938732	0.990565	0.539137
470	-9.66173	-9.67433	-9.74929	-10.1367	0.283641	0.28009	0.259864	0.176405	0.127964
471	-3.85021	-3.86228	-3.93405	-4.305	0.282312	0.278927	0.25961	0.179151	0.129406
472	-2.97566	-2.98896	-3.06812	-3.47705	0.285376	0.281604	0.260172	0.172849	0.126094
473	-15.7777	-13.9862	-12.27	-10.9661	0.00612389	0.0367322	0.204348	0.752796	0.430508
474	-21.4876	-19.6941	-17.9659	-16.5996	0.00576244	0.0346341	0.19501	0.764594	0.435927
475	-8.02357	-8.03603	-8.11014	-8.49261	0.283262	0.279755	0.259773	0.17721	0.128385
476	-3.34551	-3.36135	-3.45558	-3.94243	0.291497	0.286916	0.261116	0.160471	0.119573
477	-2.98921	-3.00138	-3.07378	-3.44821	0.282587	0.279169	0.259672	0.178571	0.129102
478	-8.85391	-8.86642	-8.94082	-9.3254	0.283414	0.279892	0.259823	0.176871	0.128208
479	-3.85178	-3.8629	-3.92909	-4.2715	0.279973	0.276876	0.259144	0.184006	0.131954
480	-3.96191	-3.9735	-4.04241	-4.39895	0.281129	0.277892	0.259385	0.181595	0.13069
481	-8.25493	-8.26282	-8.30973	-8.552	0.271605	0.269472	0.257122	0.201801	0.141266
482	-3.54917	-3.56217	-3.63947	-4.03848	0.284593	0.280918	0.26002	0.17447	0.126945
483	-7.5654	-7.57832	-7.65518	-8.05162	0.284395	0.280743	0.259974	0.174888	0.127164
484	-10.9595	-10.9712	-11.041	-11.4013	0.281459	0.278177	0.259427	0.180937	0.130342
485	-9.23499	-9.24542	-9.30749	-9.62843	0.27821	0.275322	0.258752	0.187716	0.133899
486	-9.39037	-9.39837	-9.446	-9.69198	0.271921	0.269753	0.257207	0.201119	0.14091
487	-20.7604	-20.7751	-20.8625	-21.3127	0.288683	0.284471	0.260667	0.166179	0.122579
488	-2.98921	-3.00138	-3.07378	-3.44821	0.282587	0.279169	0.259672	0.178571	0.129102
489	-3.54917	-3.56217	-3.63947	-4.03848	0.284593	0.280918	0.26002	0.17447	0.126945
490	-6.15898	-6.1722	-6.25076	-6.65572	0.285088	0.281346	0.260088	0.173479	0.126422
491	-9.16942	-9.18054	-9.24671	-9.58894	0.279961	0.276865	0.259138	0.184035	0.131969
492	-8.83179	-8.83969	-8.8867	-9.12965	0.271658	0.26952	0.257143	0.201679	0.141203
493	-6.93232	-6.94448	-7.01677	-7.38941	0.282481	0.279067	0.259606	0.178846	0.129243
494	-2.97566	-2.98896	-3.06812	-3.47705	0.285376	0.281604	0.260172	0.172849	0.126094
495	-3.361	-3.37545	-3.46141	-3.90602	0.288188	0.284055	0.260656	0.167101	0.12307
496	-3.361	-3.37545	-3.46141	-3.90602	0.288188	0.284055	0.260656	0.167101	0.12307
497	-3.85178	-3.8629	-3.92909	-4.2715	0.279973	0.276876	0.259144	0.184006	0.131954
498	-15.0192	-13.2255	-11.4958	-10.1217	0.00571847	0.0343787	0.193868	0.766035	0.436589
499	-10.0655	-10.0781	-10.153	-10.5404	0.283643	0.280092	0.259865	0.1764	0.127961
500	-14.7567	-12.9672	-11.2624	-10.017	0.00648041	0.0387961	0.213382	0.741342	0.425243
501	-2.97566	-2.98896	-3.06812	-3.47705	0.285376	0.281604	0.260172	0.172849	0.126094
502	-8.93132	-8.94089	-8.99772	-9.28868	0.275804	0.273178	0.258087	0.192931	0.136621
503	-3.90613	-3.91969	-4.00035	-4.41728	0.286006	0.282155	0.26029	0.171549	0.12541
504	-2.98921	-3.00138	-3.07378	-3.44821	0.282587	0.279169	0.259672	0.178571	0.129102
505	-8.7041	-8.71614	-8.78779	-9.15829	0.282271	0.278892	0.259607	0.179231	0.129448
506	-13.6703	-13.6806	-13.7415	-14.0561	0.277692	0.274864	0.258625	0.188819	0.134476
507	-9.90414	-9.91744	-9.99657	-10.4053	0.285363	0.281593	0.260169	0.172875	0.126107
508	-2.95218	-2.96437	-3.03689	-3.41141	0.282611	0.279187	0.259656	0.178545	0.129087
509	-10.1448	-10.1599	-10.2501	-10.716	0.289867	0.285507	0.260892	0.163735	0.121295
510	-4.51505	-4.52807	-4.60555	-5.00545	0.284664	0.28098	0.260033	0.174323	0.126868
511	-7.36504	-7.37794	-7.45464	-7.85072	0.284352	0.280709	0.259984	0.174955	0.127201
512	-3.65017	-3.66111	-3.72624	-4.06305	0.279518	0.276474	0.259041	0.184967	0.132458
513	-4.93726	-4.95069	-5.03058	-5.44327	0.285676	0.281865	0.260225	0.172234	0.12577
514	-5.05358	-5.06159	-5.10921	-5.35575	0.271951	0.269783	0.257236	0.201029	0.140865
515	-2.98921	-3.00138	-3.07378	-3.44821	0.282587	0.279169	0.259672	0.178571	0.129102
516	-5.09627	-5.10943	-5.18767	-5.59155	0.284982	0.281258	0.260091	0.173669	0.126524
517	-7.61334	-7.62501	-7.69438	-8.0528	0.281298	0.278037	0.259401	0.181264	0.130515
518	-5.84975	-5.85972	-5.91903	-6.22562	0.277021	0.274273	0.258479	0.190228	0.135214
519	-5.05358	-5.06159	-5.10921	-5.35575	0.271951	0.269783	0.257236	0.201029	0.140865
520	-2.98921	-3.00138	-3.07378	-3.44821	0.282587	0.279169	0.259672	0.178571	0.129102
521	-9.71201	-9.72396	-9.79503	-10.1623	0.282017	0.278668	0.259551	0.179763	0.129727
522	-3.65017	-3.66111	-3.72624	-4.06305	0.279518	0.276474	0.259041	0.184967	0.132458
523	-2.97566	-2.98896	-3.06812	-3.47705	0.285376	0.281604	0.260172	0.172849	0.126094
524	-2.97566	-2.98896	-3.06812	-3.47705	0.285376	0.281604	0.260172	0.172849	0.126094
525	-3.58966	-3.60368	-3.68712	-4.11855	0.287153	0.283154	0.260486	0.169206	0.124178
526	-4.93726	-4.95069	-5.03058	-5.44327	0.285676	0.281865	0.260225	0.172234	0.12577
527	-5.15126	-5.16038	-5.2147	-5.49582	0.274879	0.272381	0.257981	0.194759	0.137586
528	-4.08316	-4.09104	-4.13793	-4.38051	0.271619	0.269487	0.25714	0.201754	0.141243
529	-2.97566	-2.98896	-3.06812	-3.47705	0.285376	0.281604	0.260172	0.172849	0.126094
530	-14.3004	-12.5081	-10.7872	-9.45852	0.00597845	0.0358887	0.200617	0.757516	0.432676
531	-28.8056	-25.2105	-21.7055	-18.7191	3.95777e-05	0.00144141	0.0479738	0.950545	0.521358
532	-19.1965	-17.4035	-15.6776	-14.324	0.00583382	0.0350491	0.196875	0.762242	0.434847
533	-12.9063	-12.9185	-12.9906	-13.3628	0.282434	0.279029	0.259609	0.178928	0.129287
534	-21.1357	-19.342	-17.6123	-16.2387	0.00572094	0.034393	0.19393	0.765957	0.436553
535	-18.5525	-16.7572	-15.0178	-13.5936	0.00544198	0.0327698	0.186595	0.775193	0.440794
536	-18.8004	-17.007	-15.2793	-13.9145	0.00577204	0.0346892	0.195238	0.764301	0.435793
537	-18.1462	-16.3576	-14.6586	-13.4434	0.00666966	0.0398901	0.218127	0.735313	0.422472
538	-13.5972	-11.8047	-10.082	-8.74439	0.00592653	0.0355872	0.19927	0.759216	0.433457
539	-2.98921	-3.00138	-3.07378	-3.44821	0.282587	0.279169	0.259672	0.178571	0.129102
540	-13.3318	-11.5434	-9.8456	-8.6363	0.00670741	0.0401081	0.219066	0.734119	0.421923
541	-4.60681	-4.61633	-4.67289	-4.96482	0.275812	0.273201	0.258176	0.192812	0.136565
542	-17.7936	-15.999	-14.2643	-12.8647	0.00557586	0.0335494	0.190135	0.77074	0.43875
543	-24.1087	-20.5173	-17.0345	-14.1654	4.5393e-05	0.00164705	0.0536105	0.944697	0.51876
544	-8.5265	-8.53744	-8.60247	-8.93861	0.279468	0.27643	0.259023	0.185079	0.132516
545	-14.4647	-12.6725	-10.9515	-9.6229	0.00597861	0.0358897	0.200621	0.757511	0.432674
546	-28.6874	-26.8959	-25.1794	-23.8731	0.00611094	0.0366564	0.203994	0.753239	0.430711
547	-2.98921	-3.00138	-3.07378	-3.44821	0.282587	0.279169	0.259672	0.178571	0.129102
548	-7.4632	-7.47321	-7.53269	-7.83929	0.277049	0.274292	0.258452	0.190207	0.1352
549	-4.27164	-4.28601	-4.3715	-4.81376	0.288001	0.283892	0.26063	0.167477	0.123268
550	-7.6179	-7.62789	-7.6873	-7.99372	0.277029	0.274275	0.258454	0.190243	0.13522
551	-3.65017	-3.66111	-3.72624	-4.06305	0.279518	0.276474	0.259041	0.184967	0.132458
552	-5.63232	-5.64199	-5.69955	-5.99734	0.276279	0.273619	0.258314	0.191788	0.136031
553	-3.58998	-3.60404	-3.68766	-4.12003	0.287228	0.283219	0.260499	0.169055	0.124098
554	-2.98921	-3.00138	-3.07378	-3.44821	0.282587	0.279169	0.259672	0.178571	0.129102
555	-6.93232	-6.94448	-7.01677	-7.38941	0.282481	0.279067	0.259606	0.178846	0.129243
556	-4.50965	-4.52109	-4.58919	-4.94171	0.280794	0.277599	0.259324	0.182284	0.131052
557	-13.2	-11.4093	-9.69766	-8.41662	0.00626217	0.0375327	0.207854	0.748351	0.428465
558	-2.98921	-3.00138	-3.07378	-3.44821	0.282587	0.279169	0.259672	0.178571	0.129102
559	-7.87374	-7.88589	-7.95816	-8.33176	0.282525	0.279114	0.259653	0.178707	0.129173
560	-24.802	-21.2094	-17.7194	-14.8123	4.3423e-05	0.00157748	0.0517198	0.946659	0.519631
561	-45.9723	-38.7677	-31.6725	-25.264	1.01347e-09	1.36369e-06	0.00164493	0.998354	0.542577
562	-18.2454	-16.4543	-14.7403	-13.4463	0.00618508	0.0370851	0.205857	0.750873	0.429623
563	-3.90613	-3.91969	-4.00035	-4.41728	0.286006	0.282155	0.26029	0.171549	0.12541
564	-12.9525	-11.161	-9.44477	-8.14026	0.00612078	0.036714	0.204265	0.7529	0.430556
565	-26.5064	-24.7146	-22.9962	-21.6796	0.00605116	0.0363085	0.202422	0.755218	0.43162
566	-2.98921	-3.00138	-3.07378	-3.44821	0.282587	0.279169	0.259672	0.178571	0.129102
567	-13.5107	-13.5227	-13.5939	-13.9623	0.282102	0.278742	0.259565	0.179591	0.129636
568	-30.3074	-26.7086	-23.1814	-20.0829	3.46594e-05	0.00126701	0.043113	0.955585	0.523597
569	-8.61385	-8.62826	-8.71395	-9.15701	0.288072	0.283952	0.260632	0.167344	0.123197
570	-16.3171	-14.5225	-12.788	-11.3889	0.00557892	0.0335672	0.190213	0.770641	0.438704
571	-3.85021	-3.86228	-3.93405	-4.305	0.282312	0.278927	0.25961	0.179151	0.129406
572	-3.93326	-3.94982	-4.04833	-4.55728	0.293199	0.288383	0.261327	0.157091	0.117788
573	-28.3551	-24.7573	-21.2362	-18.1563	3.55343e-05	0.00129755	0.0438842	0.954783	0.52324
574	-19.7592	-17.9639	-16.2249	-14.8014	0.00544738	0.0328	0.186696	0.775056	0.440731
575	-28.4217	-24.8242	-21.3055	-18.2545	3.66241e-05	0.00133697	0.0451118	0.953515	0.522677
576	-8.31418	-8.32636	-8.39885	-8.77294	0.282585	0.279162	0.259641	0.178612	0.129121
577	-14.0276	-12.2397	-10.5446	-9.34902	0.00679551	0.0406164	0.221244	0.731344	0.420647
578	-16.2364	-14.443	-12.7151	-11.3504	0.0057712	0.0346851	0.195243	0.764301	0.435793
579	-31.3849	-27.7898	-24.2851	-21.3027	3.9743e-05	0.00144738	0.0481578	0.950355	0.521273
580	-17.4031	-15.6103	-13.886	-12.54	0.00587832	0.0353071	0.198015	0.7608	0.434185
581	-5.35963	-5.36728	-5.41281	-5.64842	0.27102	0.268955	0.256984	0.20304	0.141915
582	-2.97566	-2.98896	-3.06812	-3.47705	0.285376	0.281604	0.260172	0.172849	0.126094
583	-2.98921	-3.00138	-3.07378	-3.44821	0.282587	0.279169	0.259672	0.178571	0.129102
584	-11.2363	-11.2443	-11.2917	-11.5355	0.271759	0.269603	0.257137	0.201502	0.141107
585	-2.97566	-2.98896	-3.06812	-3.47705	0.285376	0.281604	0.260172	0.172849	0.126094
586	-6.99726	-7.01148	-7.09608	-7.53294	0.287601	0.283539	0.260537	0.168323	0.123712
587	-4.38619	-4.40136	-4.49166	-4.95829	0.289924	0.285557	0.260903	0.163615	0.121232
588	-2.97566	-2.98896	-3.06812	-3.47705	0.285376	0.281604	0.260172	0.172849	0.126094
589	-4.51505	-4.52807	-4.60555	-5.00545	0.284664	0.28098	0.260033	0.174323	0.126868
590	-12.1461	-10.3571	-8.65575	-7.4284	0.00659255	0.0394449	0.216212	0.737751	0.423593
591	-17.1887	-15.393	-13.6513	-12.2152	0.00537818	0.0323975	0.184883	0.777341	0.44178
592	-9.52181	-9.53085	-9.58468	-9.86321	0.274662	0.272189	0.257925	0.195224	0.137829
593	-2.97566	-2.98896	-3.06812	-3.47705	0.285376	0.281604	0.260172	0.172849	0.126094
594	-11.688	-11.6997	-11.7687	-12.1201	0.280892	0.277641	0.259115	0.182351	0.131068
595	-4.27164	-4.28601	-4.3715	-4.81376	0.288001	0.283892	0.26063	0.167477	0.123268
596	-9.09742	-9.10683	-9.16288	-9.45287	0.275625	0.273041	0.25816	0.193174	0.136757
597	-8.35475	-8.36768	-8.44455	-8.8415	0.284423	0.28077	0.259995	0.174812	0.127125
598	-49.0376	-41.8371	-34.7663	-28.4837	1.18243e-09	1.58451e-06	0.00186513	0.998133	0.54248
599	-3.96191	-3.9735	-4.04241	-4.39895	0.281129	0.277892	0.259385	0.181595	0.13069
600	-4.92207	-4.93442	-5.0079	-5.38749	0.283018	0.279544	0.25974	0.177699	0.128642
601	-4.47739	-4.49004	-4.56524	-4.95391	0.283745	0.280181	0.259883	0.17619	0.127851
602	-4.55562	-4.56825	-4.6434	-5.03177	0.283721	0.28016	0.25988	0.17624	0.127877
603	-4.55562	-4.56825	-4.6434	-5.03177	0.283721	0.28016	0.25988	0.17624	0.127877
604	-13.6141	-11.8229	-10.1081	-8.81111	0.00616573	0.0369747	0.205418	0.751442	0.429886
605	-9.31362	-9.324	-9.38579	-9.7053	0.27809	0.275217	0.258727	0.187966	0.13403
606	-3.58998	-3.60404	-3.68766	-4.12003	0.287228	0.283219	0.260499	0.169055	0.124098
607	-3.361	-3.37545	-3.46141	-3.90602	0.288188	0.284055	0.260656	0.167101	0.12307
608	-27.2432	-23.6505	-20.1599	-17.251	4.33204e-05	0.00157391	0.0516303	0.946752	0.519673
609	-4.47739	-4.49004	-4.56524	-4.95391	0.283745	0.280181	0.259883	0.17619	0.127851
610	-6.87993	-6.8927	-6.96862	-7.3606	0.284025	0.280423	0.25992	0.175632	0.127556
611	-12.9438	-11.1523	-9.43577	-8.12951	0.00611107	0.0366572	0.203999	0.753233	0.430708
612	-30.5372	-26.9287	-23.347	-20.029	2.63326e-05	0.00097196	0.034926	0.964076	0.527369
613	-4.20364	-4.21369	-4.27349	-4.58275	0.277239	0.274466	0.258534	0.189761	0.13497
614	-35.2579	-29.862	-24.5855	-20.0104	2.36398e-07	5.21244e-05	0.0102001	0.989747	0.538776
615	-4.27164	-4.28601	-4.3715	-4.81376	0.288001	0.283892	0.26063	0.167477	0.123268
616	-22.2118	-20.4183	-18.6903	-17.3248	0.0057674	0.0346628	0.195133	0.764437	0.435855
617	-17.3347	-15.5441	-13.8327	-12.553	0.00627014	0.0375788	0.208053	0.748098	0.428349
618	-7.77759	-7.79087	-7.86991	-8.27804	0.285318	0.281552	0.260155	0.172975	0.12616
619	-5.09627	-5.10943	-5.18767	-5.59155	0.284982	0.281258	0.260091	0.173669	0.126524
620	-13.6443	-11.8511	-10.1243	-8.76564	0.00580552	0.0348846	0.196138	0.763172	0.435274
621	-5.66814	-5.67734	-5.73211	-6.01558	0.275076	0.272556	0.25803	0.194339	0.137367
622	-5.09627	-5.10943	-5.18767	-5.59155	0.284982	0.281258	0.260091	0.173669	0.126524
623	-4.08316	-4.09104	-4.13793	-4.38051	0.271619	0.269487	0.25714	0.201754	0.141243
624	-8.59517	-8.6054	-8.66623	-8.98082	0.277681	0.274857	0.258636	0.188826	0.13448
625	-4.47739	-4.49004	-4.56524	-4.95391	0.283745	0.280181	0.259883	0.17619	0.127851
626	-5.97293	-5.98403	-6.05005	-6.39158	0.279902	0.276813	0.259128	0.184157	0.132033
627	-3.90613	-3.91969	-4.00035	-4.41728	0.286006	0.282155	0.26029	0.171549	0.12541
628	-7.14188	-7.15813	-7.25479	-7.75309	0.292415	0.2877	0.261193	0.158692	0.11863
629	-4.55562	-4.56825	-4.6434	-5.03177	0.283721	0.28016	0.25988	0.17624	0.127877
630	-5.84975	-5.85972	-5.91903	-6.22562	0.277021	0.274273	0.258479	0.190228	0.135214
631	-4.50965	-4.52109	-4.58919	-4.94171	0.280794	0.277599	0.259324	0.182284	0.131052
632	-28.8452	-28.8569	-28.9267	-29.2868	0.28144	0.27816	0.259427	0.180973	0.130361
633	-7.61334	-7.62501	-7.69438	-8.0528	0.281298	0.278037	0.259401	0.181264	0.130515
634	-4.55562	-4.56825	-4.6434	-5.03177	0.283721	0.28016	0.25988	0.17624	0.127877
635	-4.47739	-4.49004	-4.56524	-4.95391	0.283745	0.280181	0.259883	0.17619	0.127851
636	-5.05358	-5.06159	-5.10921	-5.35575	0.271951	0.269783	0.257236	0.201029	0.140865
637	-11.7498	-11.7624	-11.8376	-12.2259	0.283719	0.280158	0.259878	0.176244	0.127879
638	-3.90613	-3.91969	-4.00035	-4.41728	0.286006	0.282155	0.26029	0.171549	0.12541
639	-7.87374	-7.88589	-7.95816	-8.33176	0.282525	0.279114	0.259653	0.178707	0.129173
640	-4.93726	-4.95069	-5.03058	-5.44327	0.285676	0.281865	0.260225	0.172234	0.12577
641	-5.97293	-5.98403	-6.05005	-6.39158	0.279902	0.276813	0.259128	0.184157	0.132033
642	-19.5755	-19.5835	-19.6311	-19.8764	0.271876	0.269711	0.257182	0.201231	0.140967
643	-2.97566	-2.98896	-3.06812	-3.47705	0.285376	0.281604	0.260172	0.172849	0.126094
644	-14.1121	-14.122	-14.181	-14.4861	0.276891	0.274159	0.258455	0.190495	0.135354
645	-10.4026	-10.4144	-10.4845	-10.8468	0.281612	0.278312	0.259468	0.180608	0.13017
646	-8.45003	-8.45803	-8.50566	-8.75208	0.271945	0.269777	0.257229	0.201049	0.140874
647	-7.21987	-7.23028	-7.2922	-7.61173	0.278113	0.275232	0.258706	0.187949	0.134019
648	-5.63232	-5.64199	-5.69955	-5.99734	0.276279	0.273619	0.258314	0.191788	0.136031
649	-3.54917	-3.56217	-3.63947	-4.03848	0.284593	0.280918	0.26002	0.17447	0.126945
650	-4.76038	-4.77482	-4.86068	-5.30438	0.28813	0.284001	0.260632	0.167237	0.123141
651	-5.97293	-5.98403	-6.05005	-6.39158	0.279902	0.276813	0.259128	0.184157	0.132033
652	-7.14188	-7.15813	-7.25479	-7.75309	0.292415	0.2877	0.261193	0.158692	0.11863
653	-6.68319	-6.69879	-6.79158	-7.27005	0.290879	0.286375	0.260999	0.161748	0.120244
654	-3.93326	-3.94982	-4.04833	-4.55728	0.293199	0.288383	0.261327	0.157091	0.117788
655	-4.47739	-4.49004	-4.56524	-4.95391	0.283745	0.280181	0.259883	0.17619	0.127851
656	-3.361	-3.37545	-3.46141	-3.90602	0.288188	0.284055	0.260656	0.167101	0.12307
657	-2.98921	-3.00138	-3.07378	-3.44821	0.282587	0.279169	0.259672	0.178571	0.129102
658	-33.4117	-30.0497	-26.5802	-23.5592	5.0096e-05	0.00144519	0.0464185	0.952086	0.522036
659	-11.378	-11.387	-11.4406	-11.7185	0.274598	0.272133	0.257915	0.195353	0.137898
660	-9.53363	-9.54621	-9.62103	-10.0078	0.283589	0.280045	0.259855	0.176511	0.128019
661	-16.2905	-14.4971	-12.7691	-11.4044	0.00577118	0.0346851	0.195243	0.764301	0.435793
662	-4.29779	-4.30893	-4.37521	-4.71803	0.28001	0.276908	0.259148	0.183934	0.131916
663	-11.61	-11.6191	-11.6737	-11.9559	0.27497	0.272462	0.258001	0.194568	0.137486
664	-4.232	-4.24734	-4.33867	-4.81112	0.290363	0.28594	0.260982	0.162715	0.120759
665	-11.8794	-10.089	-8.37944	-7.10911	0.00632677	0.0379071	0.209505	0.746261	0.427505
666	-32.4258	-28.8303	-25.3228	-22.3176	3.87658e-05	0.00141236	0.0471206	0.951428	0.52175
667	-4.27164	-4.28601	-4.3715	-4.81376	0.288001	0.283892	0.26063	0.167477	0.123268
668	-3.54917	-3.56217	-3.63947	-4.03848	0.284593	0.280918	0.26002	0.17447	0.126945
669	-4.08316	-4.09104	-4.13793	-4.38051	0.271619	0.269487	0.25714	0.201754	0.141243
670	-13.9739	-13.9864	-14.061	-14.446	0.283463	0.279932	0.259818	0.176787	0.128163
671	-5.15373	-5.16352	-5.22173	-5.52302	0.276567	0.273875	0.258387	0.191171	0.135709
672	-20.3404	-18.5465	-16.8155	-15.4347	0.0056811	0.0341612	0.192884	0.767274	0.437158
673	-4.60681	-4.61633	-4.67289	-4.96482	0.275812	0.273201	0.258176	0.192812	0.136565
674	-17.9993	-18.0095	-18.0695	-18.3714	0.276896	0.274103	0.258135	0.190866	0.135522
675	-9.57958	-9.5919	-9.66522	-10.044	0.282951	0.279486	0.259727	0.177836	0.128715
676	-16.9787	-15.1852	-13.4569	-12.09	0.00575922	0.0346155	0.194929	0.764697	0.435975
677	-8.8196	-8.83351	-8.91619	-9.34167	0.286746	0.282785	0.260346	0.170123	0.124655
678	-3.58998	-3.60404	-3.68766	-4.12003	0.287228	0.283219	0.260499	0.169055	0.124098
679	-3.96191	-3.9735	-4.04241	-4.39895	0.281129	0.277892	0.259385	0.181595	0.13069
680	-4.93726	-4.95069	-5.03058	-5.44327	0.285676	0.281865	0.260225	0.172234	0.12577
681	-12.24	-12.2516	-12.3209	-12.6782	0.28122	0.277966	0.259376	0.181438	0.130605
682	-4.27164	-4.28601	-4.3715	-4.81376	0.288001	0.283892	0.26063	0.167477	0.123268
683	-13.9477	-13.9577	-14.0172	-14.3245	0.27708	0.274325	0.258493	0.190103	0.135148
684	-3.34551	-3.36135	-3.45558	-3.94243	0.291497	0.286916	0.261116	0.160471	0.119573
685	-3.85178	-3.8629	-3.92909	-4.2715	0.279973	0.276876	0.259144	0.184006	0.131954
686	-13.9587	-12.1698	-10.4689	-9.24326	0.00660389	0.0395101	0.216483	0.737403	0.423433
687	-3.54917	-3.56217	-3.63947	-4.03848	0.284593	0.280918	0.26002	0.17447	0.126945
688	-3.361	-3.37545	-3.46141	-3.90602	0.288188	0.284055	0.260656	0.167101	0.12307
689	-3.77798	-3.78809	-3.84827	-4.15975	0.277415	0.274624	0.258585	0.189377	0.13477
690	-4.13972	-4.15162	-4.22241	-4.58812	0.281892	0.278557	0.259521	0.18003	0.129867
691	-5.09857	-5.11165	-5.18951	-5.59219	0.284861	0.281158	0.260099	0.173882	0.126638
709	-4.13972	-4.15162	-4.2224	-4.58812	0.281892	0.278557	0.259521	0.18003	0.129867
710	-4.47739	-4.49004	-4.56524	-4.95391	0.283745	0.280181	0.259883	0.17619	0.127851
711	-4.47739	-4.49004	-4.56524	-4.95391	0.283745	0.280181	0.259883	0.17619	0.127851
712	-3.54917	-3.56216	-3.63947	-4.03847	0.284593	0.280918	0.26002	0.17447	0.126945
713	-8.67024	-8.68673	-8.78485	-9.29147	0.293028	0.288235	0.261298	0.15744	0.117972
714	-9.81297	-9.8253	-9.89865	-10.2776	0.282965	0.279498	0.25973	0.177808	0.1287
715	-27.427	-23.8316	-20.3249	-17.3325	3.92751e-05	0.00143081	0.0477	0.95083	0.521484
716	-9.41247	-9.42679	-9.51195	-9.95233	0.287858	0.283767	0.260602	0.167773	0.123424
717	-4.92207	-4.93442	-5.0079	-5.38749	0.283018	0.279544	0.25974	0.177699	0.128643
718	-8.23167	-8.2434	-8.31321	-8.67385	0.281479	0.278196	0.259438	0.180887	0.130317
719	-3.96191	-3.9735	-4.04241	-4.39895	0.281129	0.277891	0.259385	0.181595	0.13069
720	-20.5199	-20.5276	-20.5735	-20.8108	0.271171	0.269087	0.257018	0.202725	0.141749
721	-4.34145	-4.35307	-4.42218	-4.77924	0.281186	0.277939	0.25938	0.181495	0.130636
722	-10.625	-10.6376	-10.7127	-11.1009	0.283705	0.280146	0.259876	0.176273	0.127894
723	-7.68651	-7.6944	-7.74132	-7.98336	0.271595	0.26946	0.257109	0.201836	0.141283
724	-2.98921	-3.00138	-3.07378	-3.44821	0.282587	0.279169	0.259672	0.178572	0.129102
725	-3.58998	-3.60404	-3.68766	-4.12003	0.287228	0.283219	0.260499	0.169055	0.124099
726	-3.361	-3.37545	-3.46141	-3.90601	0.288188	0.284055	0.260656	0.167101	0.12307
727	-8.05088	-8.06666	-8.16052	-8.64521	0.291339	0.286778	0.261085	0.160798	0.119745
728	-25.6335	-25.6442	-25.7075	-26.035	0.278748	0.275797	0.258874	0.18658	0.133303
729	-15.9585	-15.9699	-16.0373	-16.386	0.280491	0.277331	0.259252	0.182926	0.131388
730	-9.24555	-9.25592	-9.31764	-9.63687	0.278064	0.275195	0.258725	0.188016	0.134056
731	-4.29779	-4.30893	-4.37521	-4.71803	0.28001	0.276908	0.259148	0.183934	0.131916
732	-3.34551	-3.36135	-3.45558	-3.94242	0.291497	0.286916	0.261116	0.160472	0.119573
733	-5.54851	-5.56064	-5.63284	-6.0063	0.282505	0.279099	0.259661	0.178735	0.129189
734	-20.1308	-20.1391	-20.1887	-20.4452	0.272805	0.270542	0.257454	0.199199	0.139908
735	-3.90613	-3.91969	-4.00035	-4.41727	0.286006	0.282155	0.26029	0.171549	0.125411
736	-4.50965	-4.52109	-4.58919	-4.9417	0.280794	0.277599	0.259324	0.182284	0.131052
737	-4.232	-4.24734	-4.33867	-4.81112	0.290363	0.28594	0.260982	0.162715	0.120759
738	-8.61249	-8.62442	-8.69537	-9.0616	0.281945	0.278601	0.259519	0.179935	0.129816
739	-24.148	-20.551	-17.0344	-13.9908	3.69789e-05	0.0013494	0.0454336	0.95318	0.522528
740	-3.58998	-3.60404	-3.68766	-4.12003	0.287228	0.283219	0.260499	0.169055	0.124099
741	-3.85178	-3.8629	-3.92909	-4.2715	0.279973	0.276876	0.259144	0.184006	0.131955
742	-4.34145	-4.35307	-4.42218	-4.77924	0.281186	0.277939	0.25938	0.181495	0.130636
743	-4.57723	-4.58647	-4.64145	-4.92606	0.27517	0.272639	0.258055	0.194136	0.137261
744	-9.73687	-9.74524	-9.79506	-10.0528	0.272907	0.270632	0.257481	0.19898	0.139793
745	-4.59052	-4.5989	-4.64878	-4.90685	0.272935	0.270657	0.257488	0.198919	0.139761
746	-5.06129	-5.07188	-5.13493	-5.4611	0.278635	0.275699	0.258855	0.186811	0.133425
747	-2.97566	-2.98896	-3.06812	-3.47705	0.285376	0.281603	0.260172	0.172849	0.126094
748	-24.568	-20.9769	-17.4956	-14.634	4.57977e-05	0.0016613	0.0539926	0.9443	0.518583
749	-8.63627	-8.65208	-8.7461	-9.23174	0.291408	0.286839	0.261099	0.160654	0.119669
750	-30.6279	-27.0313	-23.5178	-20.4907	3.76989e-05	0.00137497	0.046153	0.952434	0.522197
751	-3.77798	-3.78809	-3.84827	-4.15975	0.277415	0.274624	0.258585	0.189377	0.13477
752	-4.47739	-4.49004	-4.56524	-4.95391	0.283745	0.280181	0.259883	0.17619	0.127851
753	-5.12996	-5.14318	-5.22182	-5.62806	0.285161	0.281417	0.260134	0.173288	0.126324
754	-31.0613	-27.4657	-23.9578	-20.9591	3.89865e-05	0.00142058	0.0474151	0.951125	0.521616
755	-16.2486	-14.4554	-12.7285	-11.3694	0.00580304	0.0348704	0.196078	0.763249	0.43531
756	-4.232	-4.24734	-4.33867	-4.81112	0.290363	0.28594	0.260982	0.162715	0.120759
757	-4.49928	-4.5092	-4.56819	-4.87336	0.276895	0.274164	0.258459	0.190483	0.135348
758	-25.4812	-23.6876	-21.9589	-20.5902	0.00574881	0.0345549	0.194654	0.765043	0.436133
759	-6.86874	-6.87961	-6.94424	-7.27757	0.27926	0.276241	0.258951	0.185548	0.13276
760	-16.4395	-16.4515	-16.5233	-16.8944	0.282326	0.278938	0.25961	0.179127	0.129393
761	-4.92207	-4.93442	-5.0079	-5.38749	0.283018	0.279544	0.25974	0.177699	0.128643
762	-10.5923	-10.6024	-10.6627	-10.9742	0.277434	0.274637	0.258572	0.189357	0.134757
763	-2.97566	-2.98896	-3.06812	-3.47705	0.285376	0.281603	0.260172	0.172849	0.126094
764	-3.34551	-3.36135	-3.45558	-3.94242	0.291497	0.286916	0.261116	0.160472	0.119573
765	-4.76038	-4.77482	-4.86068	-5.30438	0.28813	0.284001	0.260632	0.167238	0.123141
766	-4.13972	-4.15162	-4.2224	-4.58812	0.281892	0.278557	0.259521	0.18003	0.129867
767	-2.98921	-3.00138	-3.07378	-3.44821	0.282587	0.279169	0.259672	0.178572	0.129102
768	-4.47739	-4.49004	-4.56524	-4.95391	0.283745	0.280181	0.259883	0.17619	0.127851
769	-11.5286	-11.543	-11.6284	-12.0705	0.287983	0.283877	0.260627	0.167514	0.123288
770	-13.9578	-13.9707	-14.0476	-14.4443	0.28441	0.280759	0.259987	0.174844	0.127142
771	-4.47739	-4.49004	-4.56524	-4.95391	0.283745	0.280181	0.259883	0.17619	0.127851
772	-15.6186	-13.8293	-12.126	-10.8882	0.0065275	0.0390688	0.214579	0.739824	0.424546
773	-10.5812	-10.5932	-10.6648	-11.0353	0.282267	0.278889	0.259609	0.179235	0.129451
774	-3.361	-3.37545	-3.46141	-3.90601	0.288188	0.284055	0.260656	0.167101	0.12307
775	-3.65016	-3.66111	-3.72624	-4.06305	0.279517	0.276474	0.259041	0.184967	0.132458
776	-3.96191	-3.9735	-4.04241	-4.39895	0.281129	0.277891	0.259385	0.181595	0.13069
777	-4.27164	-4.28601	-4.3715	-4.81376	0.288001	0.283892	0.26063	0.167477	0.123268
778	-25.5943	-21.998	-18.4858	-15.4647	3.7972e-05	0.00138462	0.0464145	0.952163	0.522076
779	-4.20364	-4.21369	-4.27349	-4.58275	0.277239	0.274466	0.258534	0.189761	0.13497
780	-5.12996	-5.14318	-5.22182	-5.62806	0.285161	0.281417	0.260134	0.173288	0.126324
781	-3.54917	-3.56216	-3.63947	-4.03847	0.284593	0.280918	0.26002	0.17447	0.126945
782	-6.71919	-6.73191	-6.80759	-7.19836	0.283926	0.280336	0.259904	0.175834	0.127662
783	-7.7239	-7.73342	-7.79006	-8.08241	0.275845	0.273231	0.258187	0.192737	0.136527
784	-9.70563	-9.71889	-9.79777	-10.2053	0.285263	0.281505	0.260152	0.17308	0.126215
785	-2.98921	-3.00138	-3.07378	-3.44821	0.282587	0.279169	0.259672	0.178572	0.129102
786	-37.0995	-33.507	-30.0173	-27.1118	4.35079e-05	0.00158047	0.0517988	0.946577	0.519595
787	-4.34145	-4.35307	-4.42218	-4.77924	0.281186	0.277939	0.25938	0.181495	0.130636
788	-4.13972	-4.15162	-4.2224	-4.58812	0.281892	0.278557	0.259521	0.18003	0.129867
789	-11.8929	-11.9061	-11.9843	-12.3879	0.284964	0.281243	0.260088	0.173705	0.126543
790	-3.85021	-3.86228	-3.93404	-4.30499	0.282312	0.278927	0.25961	0.179151	0.129406
791	-8.69811	-8.70971	-8.77872	-9.13503	0.281132	0.27789	0.25936	0.181618	0.1307
792	-12.5335	-12.5418	-12.5909	-12.8439	0.272538	0.270298	0.25735	0.199814	0.140226
793	-9.39461	-9.40753	-9.48437	-9.88126	0.284415	0.280764	0.259997	0.174824	0.127132
794	-24.1421	-20.544	-17.0216	-13.9533	3.58705e-05	0.00131029	0.0443749	0.954279	0.523017
795	-3.361	-3.37545	-3.46141	-3.90601	0.288188	0.284055	0.260656	0.167101	0.12307
796	-4.57723	-4.58647	-4.64145	-4.92606	0.27517	0.272639	0.258055	0.194136	0.137261
797	-3.361	-3.37545	-3.46141	-3.90601	0.288188	0.284055	0.260656	0.167101	0.12307
798	-10.979	-10.9924	-11.0722	-11.4844	0.285633	0.281828	0.260217	0.172322	0.125817
799	-6.50312	-6.51521	-6.58712	-6.95827	0.282344	0.278951	0.259598	0.179106	0.129381
800	-3.58998	-3.60404	-3.68766	-4.12003	0.287228	0.283219	0.260499	0.169055	0.124099
801	-8.36489	-8.37993	-8.46943	-8.93143	0.289579	0.285255	0.260835	0.164331	0.121608
802	-8.42543	-8.43701	-8.50589	-8.862	0.281102	0.277866	0.25937	0.181662	0.130724
803	-5.05358	-5.06158	-5.10921	-5.35575	0.271951	0.269783	0.257236	0.20103	0.140865
804	-7.83045	-7.84162	-7.90807	-8.2514	0.280062	0.276952	0.259147	0.183839	0.131866
805	-36.8048	-31.4099	-26.1392	-21.5945	2.45277e-07	5.40293e-05	0.0105115	0.989434	0.538637
806	-8.08753	-8.09892	-8.16669	-8.51693	0.280626	0.277447	0.259267	0.182659	0.131247
807	-18.5858	-16.7939	-15.0754	-13.7588	0.00604986	0.0363026	0.202441	0.755207	0.431616
808	-28.7232	-25.1285	-21.6262	-18.6562	4.03242e-05	0.00146796	0.048726	0.949766	0.521012
809	-3.34551	-3.36135	-3.45558	-3.94242	0.291497	0.286916	0.261116	0.160472	0.119573
810	-6.93232	-6.94448	-7.01677	-7.38941	0.282481	0.279067	0.259606	0.178846	0.129243
811	-65.1415	-57.9389	-50.8554	-44.5056	1.08938e-09	1.46292e-06	0.001744	0.998255	0.542533
812	-5.63232	-5.64199	-5.69955	-5.99734	0.276279	0.273619	0.258314	0.191788	0.136031
813	-4.49928	-4.5092	-4.56819	-4.87336	0.276895	0.274164	0.258459	0.190483	0.135348
814	-13.9161	-12.126	-10.4182	-9.15708	0.00638294	0.0382326	0.210935	0.744449	0.426672
815	-4.08316	-4.09104	-4.13793	-4.3805	0.271619	0.269487	0.25714	0.201754	0.141243
816	-3.34551	-3.36135	-3.45558	-3.94242	0.291497	0.286916	0.261116	0.160472	0.119573
817	-18.4784	-16.6871	-14.9718	-13.6718	0.00614829	0.0368731	0.204957	0.752022	0.430152
818	-17.503	-15.71	-13.9849	-12.6332	0.00584746	0.0351264	0.197166	0.76186	0.434671
819	-9.76576	-9.77649	-9.84029	-10.1684	0.278857	0.27588	0.258829	0.186434	0.133221
820	-3.93326	-3.94982	-4.04833	-4.55728	0.293199	0.288383	0.261327	0.157091	0.117788
821	-8.81942	-8.82736	-8.87459	-9.11856	0.271749	0.269599	0.257162	0.20149	0.141103
822	-4.93726	-4.95069	-5.03058	-5.44327	0.285676	0.281865	0.260225	0.172234	0.12577
823	-55.9174	-48.7136	-41.6229	-35.2377	1.04279e-09	1.40207e-06	0.0016836	0.998315	0.54256
824	-4.55562	-4.56825	-4.64339	-5.03177	0.283721	0.28016	0.25988	0.17624	0.127877
825	-2.98921	-3.00138	-3.07378	-3.44821	0.282587	0.279169	0.259672	0.178572	0.129102
826	-7.26642	-7.27913	-7.3547	-7.74462	0.283867	0.280283	0.259882	0.175968	0.127732
827	-35.8913	-30.4952	-25.2175	-20.6376	2.34955e-07	5.18166e-05	0.0101515	0.989796	0.538797
828	-22.1442	-18.5503	-15.0522	-12.1042	4.13808e-05	0.00150534	0.049755	0.948698	0.520537
829	-11.8794	-10.089	-8.37944	-7.10911	0.00632676	0.0379071	0.209505	0.746261	0.427505
830	-36.7378	-31.3378	-26.0365	-21.3337	2.0236e-07	4.48055e-05	0.00898777	0.990967	0.539314
831	-15.5374	-13.7494	-12.0537	-10.8545	0.00677342	0.0404881	0.220673	0.732066	0.420978
832	-11.0932	-11.1049	-11.1749	-11.5357	0.281508	0.278217	0.259424	0.180851	0.130296
833	-2.98921	-3.00138	-3.07378	-3.44821	0.282587	0.279169	0.259672	0.178572	0.129102
834	-23.371	-19.7761	-16.2726	-13.2963	4.00301e-05	0.00145754	0.0484374	0.950065	0.521144
835	-9.20885	-9.22111	-9.29405	-9.67108	0.282804	0.279358	0.259706	0.178132	0.128871
836	-17.9342	-16.1434	-14.4313	-13.1476	0.00624615	0.0374401	0.20745	0.748864	0.428701
837	-10.414	-10.426	-10.4972	-10.8651	0.282065	0.278711	0.259566	0.179658	0.129673
838	-5.97293	-5.98403	-6.05005	-6.39158	0.279902	0.276813	0.259128	0.184157	0.132033
839	-3.65016	-3.66111	-3.72624	-4.06305	0.279517	0.276474	0.259041	0.184967	0.132458
840	-15.8785	-14.0833	-12.345	-10.9264	0.00547221	0.0329458	0.187392	0.77419	0.440333
841	-3.93326	-3.94982	-4.04833	-4.55728	0.293199	0.288383	0.261327	0.157091	0.117788
842	-3.54917	-3.56216	-3.63947	-4.03847	0.284593	0.280918	0.26002	0.17447	0.126945
843	-2.97566	-2.98896	-3.06812	-3.47705	0.285376	0.281603	0.260172	0.172849	0.126094
844	-2.98921	-3.00138	-3.07378	-3.44821	0.282587	0.279169	0.259672	0.178572	0.129102
845	-13.2215	-13.2295	-13.2775	-13.5253	0.272079	0.269892	0.257245	0.200784	0.140734
846	-14.9616	-13.1701	-11.4535	-10.147	0.00610948	0.0366483	0.203967	0.753275	0.430728
847	-4.23199	-4.24731	-4.33848	-4.81009	0.290298	0.285884	0.260973	0.162846	0.120828
848	-14.6563	-12.8662	-11.1578	-9.89374	0.00636533	0.0381302	0.210475	0.745029	0.426939
849	-17.1102	-15.3208	-13.6169	-12.3763	0.0065093	0.0389635	0.214119	0.740408	0.424815
850	-28.4426	-26.6509	-24.9329	-23.6171	0.00605744	0.0363439	0.202548	0.75505	0.431542
851	-2.97516	-2.98844	-3.06746	-3.47566	0.285318	0.281553	0.260162	0.172967	0.126156
852	-37.6922	-32.2971	-27.025	-22.4727	2.43023e-07	5.35454e-05	0.0104321	0.989514	0.538672
1243	-26.0014	-22.4075	-18.9096	-15.9624	4.14207e-05	0.00150674	0.0497913	0.948661	0.520521
1244	-4.92979	-4.94297	-5.02137	-5.42636	0.285062	0.281329	0.260116	0.173493	0.126432
1245	-2.98544	-2.99739	-3.06844	-3.43589	0.282021	0.278674	0.25956	0.179745	0.129718
1246	-3.90109	-3.91439	-3.99355	-4.4027	0.285387	0.281615	0.260181	0.172816	0.126077
1247	-8.89316	-8.90271	-8.95958	-9.25355	0.275967	0.273342	0.258232	0.19246	0.136383
1248	-2.98544	-2.99739	-3.06844	-3.43589	0.282021	0.278674	0.25956	0.179745	0.129718
1249	-4.54956	-4.56196	-4.63571	-5.01683	0.283137	0.279649	0.259768	0.177446	0.12851
1250	-14.0688	-14.0799	-14.1453	-14.4831	0.279623	0.276562	0.259034	0.18478	0.132358
1251	-9.90336	-9.91584	-9.99005	-10.3738	0.283344	0.279832	0.259815	0.177009	0.128281
1252	-3.5872	-3.601	-3.68307	-4.10738	0.28659	0.282664	0.260392	0.170354	0.124782
1253	-2.98544	-2.99739	-3.06844	-3.43589	0.282021	0.278674	0.25956	0.179745	0.129718
1254	-2.98544	-2.99739	-3.06844	-3.43589	0.282021	0.278674	0.25956	0.179745	0.129718
1255	-5.09288	-5.10572	-5.18213	-5.57731	0.28426	0.280633	0.259989	0.175118	0.127288
1256	-20.8118	-19.0183	-17.2894	-15.9179	0.00573551	0.0344759	0.194253	0.765535	0.436359
1257	-4.92979	-4.94297	-5.02137	-5.42636	0.285062	0.281329	0.260116	0.173493	0.126432
1258	-9.88496	-9.89491	-9.95412	-10.2606	0.277	0.274257	0.258489	0.190255	0.135229
1259	-7.56115	-7.5752	-7.65879	-8.09065	0.287197	0.28319	0.260482	0.169131	0.124138
1260	-16.4391	-14.649	-12.9409	-11.6784	0.00637436	0.0381827	0.210711	0.744732	0.426802
1261	-4.29126	-4.3022	-4.36725	-4.70368	0.279485	0.276446	0.259035	0.185033	0.132492
1262	-8.93288	-8.94419	-9.01148	-9.35927	0.280425	0.277271	0.259226	0.183078	0.131467
1263	-5.04585	-5.0537	-5.10045	-5.3424	0.27156	0.269436	0.257132	0.201873	0.141305
1267	-2.98377	-2.99561	-3.06606	-3.43041	0.281769	0.278452	0.25951	0.180269	0.129993
1268	-3.35615	-3.37021	-3.45387	-3.88649	0.287245	0.283235	0.260504	0.169016	0.124078
1269	-6.49768	-6.50945	-6.5794	-6.94047	0.281525	0.278233	0.259434	0.180807	0.130274
1270	-14.3568	-14.3687	-14.439	-14.8025	0.281711	0.278399	0.259487	0.180402	0.130062
1271	-13.4629	-13.4733	-13.5352	-13.8547	0.278108	0.27523	0.258715	0.187947	0.134018
1272	-2.98377	-2.99561	-3.06606	-3.43041	0.281769	0.278452	0.25951	0.180269	0.129993
1273	-3.33899	-3.35441	-3.4461	-3.91982	0.290481	0.286038	0.260976	0.162505	0.120646
1274	-6.71765	-6.73054	-6.80723	-7.20282	0.284326	0.280683	0.259962	0.175029	0.127238
1275	-5.54065	-5.55246	-5.62271	-5.98612	0.28169	0.278384	0.259498	0.180429	0.130078
1276	-2.9681	-2.98105	-3.05808	-3.45598	0.284494	0.280834	0.260013	0.174659	0.127045
1277	-4.23191	-4.24685	-4.33573	-4.79545	0.289372	0.285082	0.260838	0.164708	0.121809
1278	-2.9681	-2.98105	-3.05808	-3.45598	0.284494	0.280834	0.260013	0.174659	0.127045
1279	-4.23191	-4.24685	-4.33573	-4.79545	0.289372	0.285082	0.260838	0.164708	0.121809
1280	-8.86944	-8.88053	-8.94656	-9.28814	0.279905	0.276817	0.259129	0.184149	0.132029
1281	-7.11072	-7.12163	-7.18655	-7.52146	0.279386	0.276353	0.258984	0.185278	0.132618
1282	-15.018	-13.2275	-11.5169	-10.2408	0.00629247	0.0377083	0.208625	0.747374	0.428016
1283	-13.8005	-12.0124	-10.3159	-9.11314	0.0067495	0.0403507	0.220099	0.732801	0.421316
1284	-4.23191	-4.24685	-4.33573	-4.79545	0.289372	0.285082	0.260838	0.164708	0.121809
1285	-3.84586	-3.85669	-3.9211	-4.25429	0.279216	0.27621	0.258981	0.185593	0.132787
1286	-3.64288	-3.65354	-3.71692	-4.04465	0.278771	0.275817	0.258877	0.186536	0.13328
1287	-3.64288	-3.65354	-3.71692	-4.04465	0.278771	0.275817	0.258877	0.186536	0.13328
1288	-7.25887	-7.27122	-7.34466	-7.72355	0.282978	0.279505	0.259712	0.177804	0.128696
1289	-36.9144	-31.5158	-26.2226	-21.5629	2.13203e-07	4.71417e-05	0.00937949	0.990573	0.53914
1290	-25.1592	-21.5673	-18.0815	-15.1965	4.45591e-05	0.00161762	0.0528132	0.945525	0.519127
1291	-4.23191	-4.24685	-4.33573	-4.79545	0.289372	0.285082	0.260838	0.164708	0.121809
1292	-6.84918	-6.86051	-6.92789	-7.27583	0.280447	0.277288	0.259219	0.183047	0.131449
1293	-31.9947	-28.3983	-24.886	-21.8734	3.82739e-05	0.00139572	0.0467891	0.951777	0.521905
1294	-4.54687	-4.55916	-4.63228	-5.01019	0.282877	0.279421	0.259718	0.177984	0.128793
1295	-24.0914	-20.491	-16.9556	-13.8283	3.33906e-05	0.00122244	0.0419414	0.956803	0.524138
1296	-16.9823	-15.1936	-13.4935	-12.2725	0.00663276	0.0396768	0.217201	0.736489	0.423013
1297	-9.35347	-9.36095	-9.40546	-9.63573	0.270564	0.268549	0.25686	0.204027	0.14243
1298	-2.9681	-2.98105	-3.05808	-3.45598	0.284494	0.280834	0.260013	0.174659	0.127045
1299	-8.54673	-8.56038	-8.64155	-9.05915	0.286121	0.282241	0.260239	0.1714	0.125326
1300	-13.1679	-11.3766	-9.66081	-8.35896	0.00613656	0.0368056	0.204671	0.752387	0.43032
1301	-4.28836	-4.2992	-4.36371	-4.6973	0.279252	0.276241	0.258984	0.185523	0.132749
1302	-2.98377	-2.99561	-3.06606	-3.43041	0.281769	0.278452	0.25951	0.180269	0.129993
1303	-7.87339	-7.88729	-7.96992	-8.39658	0.286795	0.282838	0.260405	0.169963	0.124574
1304	-8.35946	-8.37122	-8.44118	-8.80253	0.28154	0.278248	0.259446	0.180766	0.130253
1305	-3.54261	-3.55526	-3.63048	-4.01872	0.283728	0.280162	0.259859	0.176251	0.127881
1306	-3.35615	-3.37021	-3.45387	-3.88649	0.287245	0.283235	0.260504	0.169016	0.124078
1307	-24.2356	-20.6393	-17.1271	-14.1057	3.79622e-05	0.00138426	0.0464038	0.952174	0.522081
1308	-3.89884	-3.91204	-3.99053	-4.39622	0.285111	0.281374	0.260132	0.173383	0.126375
1309	-7.52179	-7.53472	-7.6116	-8.00847	0.28442	0.280767	0.259991	0.174823	0.127131
1310	-24.4239	-22.6283	-20.8871	-19.4527	0.0053887	0.032458	0.185134	0.777019	0.441631
1311	-2.9681	-2.98105	-3.05808	-3.45598	0.284494	0.280834	0.260013	0.174659	0.127045
1312	-3.89884	-3.91204	-3.99053	-4.39622	0.285111	0.281374	0.260132	0.173383	0.126375
1313	-3.33899	-3.35441	-3.4461	-3.91982	0.290481	0.286038	0.260976	0.162505	0.120646
1314	-3.64288	-3.65354	-3.71692	-4.04465	0.278771	0.275817	0.258877	0.186536	0.13328
1315	-12.4889	-12.4969	-12.5442	-12.7889	0.2718	0.269648	0.25719	0.201362	0.141038
1316	-14.7141	-14.7237	-14.7808	-15.0754	0.276032	0.273396	0.258228	0.192343	0.13632
1317	-7.82454	-7.83541	-7.90008	-8.23419	0.279305	0.276286	0.258984	0.185425	0.132697
1318	-24.3416	-20.7424	-17.2131	-14.1039	3.42205e-05	0.00125141	0.0426712	0.956043	0.5238
1319	-10.6839	-10.6946	-10.7583	-11.088	0.278927	0.275955	0.258913	0.186205	0.133107
1320	-7.35875	-7.37134	-7.4462	-7.83281	0.283589	0.280042	0.259842	0.176526	0.128026
1321	-4.90977	-4.92179	-4.99329	-5.36264	0.28219	0.278818	0.259577	0.179415	0.129544
1322	-21.6368	-21.6486	-21.7188	-22.0816	0.281651	0.278347	0.259479	0.180523	0.130126
1323	-3.84196	-3.8537	-3.92355	-4.28449	0.2815	0.278215	0.259447	0.180838	0.130291
1324	-3.35764	-3.37182	-3.45619	-3.89251	0.287536	0.283488	0.260552	0.168424	0.123767
1325	-2.98544	-2.99739	-3.06844	-3.43589	0.282021	0.278674	0.25956	0.179745	0.129718
1326	-4.07578	-4.08352	-4.12954	-4.3676	0.271233	0.269143	0.257037	0.202587	0.141677
1327	-14.0483	-14.0611	-14.137	-14.5286	0.284009	0.280404	0.259893	0.175695	0.127587
1328	-4.54956	-4.56196	-4.63571	-5.01683	0.283137	0.279649	0.259768	0.177446	0.12851
1329	-4.47117	-4.48358	-4.55739	-4.9388	0.283161	0.27967	0.259772	0.177397	0.128484
1330	-8.36247	-8.3766	-8.46062	-8.89495	0.287386	0.283356	0.260521	0.168738	0.123931
1331	-17.1086	-15.3183	-13.609	-12.34	0.00633511	0.0379552	0.209709	0.746001	0.427385
1332	-2.98544	-2.99739	-3.06844	-3.43589	0.282021	0.278674	0.25956	0.179745	0.129718
1333	-20.3963	-20.4055	-20.4601	-20.7428	0.275009	0.272497	0.258014	0.194479	0.13744
1334	-3.35764	-3.37182	-3.45619	-3.89251	0.287536	0.283488	0.260552	0.168424	0.123767
1335	-4.50731	-4.51976	-4.59384	-4.97702	0.283293	0.279788	0.259809	0.17711	0.128335
1336	-3.64513	-3.65587	-3.71979	-4.05032	0.279001	0.27602	0.258928	0.186052	0.133026
1337	-5.99278	-6.00573	-6.08272	-6.47937	0.284427	0.280768	0.259963	0.174843	0.127139
1338	-4.94051	-4.94777	-4.99091	-5.21385	0.269944	0.267994	0.256678	0.205384	0.143137
1339	-9.96592	-9.97548	-10.0324	-10.3268	0.275996	0.27337	0.258251	0.192382	0.136343
1340	-6.15375	-6.16672	-6.24381	-6.64114	0.284477	0.280812	0.259977	0.174734	0.127082
1341	-9.38452	-9.39302	-9.44357	-9.70474	0.27321	0.270898	0.257545	0.198347	0.139461
1342	-3.92888	-3.94513	-4.04182	-4.54127	0.292471	0.287756	0.261237	0.158536	0.118551
1343	-3.54463	-3.55738	-3.63325	-4.0248	0.283995	0.280395	0.259909	0.175701	0.127592
1344	-2.98544	-2.99739	-3.06844	-3.43589	0.282021	0.278674	0.25956	0.179745	0.129718
1345	-13.6012	-11.8097	-10.0932	-8.78729	0.00611257	0.0366666	0.204059	0.753162	0.430676
1346	-2.97043	-2.98349	-3.06117	-3.46247	0.284766	0.281071	0.260063	0.1741	0.126751
1347	-9.19264	-9.20337	-9.26725	-9.59742	0.278975	0.275996	0.258919	0.18611	0.133057
1348	-2.97043	-2.98349	-3.06117	-3.46247	0.284766	0.281071	0.260063	0.1741	0.126751
1349	-7.86998	-7.8819	-7.95283	-8.31944	0.28196	0.278618	0.259541	0.179881	0.129789
1350	-8.02199	-8.03513	-8.1133	-8.51626	0.284926	0.281205	0.26006	0.173809	0.126596
1351	-41.8323	-40.0368	-38.2964	-36.8668	0.00541308	0.0326012	0.185821	0.776164	0.44124
1352	-35.1976	-31.6046	-28.1121	-25.1921	4.27713e-05	0.00155446	0.0510918	0.947311	0.519921
1353	-5.68134	-5.69112	-5.74933	-6.05012	0.27654	0.273848	0.258363	0.191248	0.135748
1354	-4.07578	-4.08352	-4.12954	-4.3676	0.271233	0.269143	0.257037	0.202587	0.141677
1355	-3.341	-3.35654	-3.44902	-3.92678	0.290794	0.286309	0.26102	0.161877	0.120315
1356	-2.97043	-2.98349	-3.06117	-3.46247	0.284766	0.281071	0.260063	0.1741	0.126751
1357	-3.8445	-3.85634	-3.92678	-4.29081	0.281751	0.278435	0.259498	0.180317	0.130018
1358	-5.99278	-6.00573	-6.08272	-6.47937	0.284427	0.280768	0.259963	0.174843	0.127139
1359	-4.94051	-4.94777	-4.99091	-5.21385	0.269944	0.267994	0.256678	0.205384	0.143137
1360	-2.98544	-2.99739	-3.06844	-3.43589	0.282021	0.278674	0.25956	0.179745	0.129718
1361	-5.34962	-5.35713	-5.40181	-5.63303	0.270645	0.26862	0.256882	0.203852	0.142339
1362	-3.35764	-3.37182	-3.45619	-3.89251	0.287536	0.283488	0.260552	0.168424	0.123767
1363	-4.23194	-4.247	-4.33664	-4.80028	0.289678	0.285347	0.260883	0.164092	0.121485
1364	-2.97043	-2.98349	-3.06117	-3.46247	0.284766	0.281071	0.260063	0.1741	0.126751
1365	-3.84769	-3.8586	-3.92356	-4.25959	0.279449	0.276416	0.259032	0.185103	0.13253
1366	-6.15375	-6.16672	-6.24381	-6.64114	0.284477	0.280812	0.259977	0.174734	0.127082
1367	-2.98544	-2.99739	-3.06844	-3.43589	0.282021	0.278674	0.25956	0.179745	0.129718
1368	-4.58014	-4.58837	-4.63732	-4.89059	0.272528	0.270295	0.257382	0.199795	0.140219
1369	-26.1594	-22.5635	-19.0535	-16.0441	3.84974e-05	0.00140325	0.0469355	0.951623	0.521837
1370	-21.0711	-19.2785	-17.5558	-16.2181	0.00592588	0.0355835	0.199255	0.759236	0.433466
1371	-2.97043	-2.98349	-3.06117	-3.46247	0.284766	0.281071	0.260063	0.1741	0.126751
1372	-4.23194	-4.247	-4.33664	-4.80028	0.289678	0.285347	0.260883	0.164092	0.121485
1373	-16.659	-14.8649	-13.1325	-11.7443	0.00564007	0.033922	0.19179	0.768648	0.437789
1374	-3.64513	-3.65587	-3.71979	-4.05032	0.279001	0.27602	0.258928	0.186052	0.133026
1375	-4.29126	-4.3022	-4.36725	-4.70368	0.279485	0.276446	0.259035	0.185033	0.132492
1376	-12.9379	-11.1462	-9.42836	-8.11528	0.00607071	0.0364232	0.202963	0.754543	0.43131
1377	-8.59271	-8.60335	-8.66668	-8.99395	0.278738	0.275787	0.258864	0.186612	0.133319
1378	-5.05512	-5.06552	-5.12739	-5.44749	0.278133	0.275256	0.258742	0.187868	0.133979
1379	-9.01173	-9.02292	-9.08943	-9.43286	0.280078	0.276964	0.259141	0.183817	0.131853
1380	-14.4788	-14.4908	-14.5619	-14.9291	0.282017	0.278667	0.259543	0.179773	0.129732
1381	-3.84769	-3.8586	-3.92356	-4.25959	0.279449	0.276416	0.259032	0.185103	0.13253
1382	-12.5752	-12.5857	-12.6481	-12.9707	0.278353	0.275449	0.258783	0.187415	0.13374
1383	-13.5445	-11.7541	-10.0442	-8.77271	0.00631938	0.0378646	0.209326	0.74649	0.42761
1384	-2.98544	-2.99739	-3.06844	-3.43589	0.282021	0.278674	0.25956	0.179745	0.129718
1385	-3.77358	-3.78352	-3.84268	-4.14892	0.276979	0.274238	0.258484	0.190299	0.135253
1386	-25.988	-22.3935	-18.8919	-15.9245	4.04603e-05	0.00147273	0.0488498	0.949637	0.520954
1387	-2.97092	-2.98401	-3.06183	-3.46385	0.284824	0.281122	0.260073	0.173981	0.126689
1388	-4.92979	-4.94297	-5.02137	-5.42636	0.285062	0.281329	0.260116	0.173493	0.126432
1389	-4.29126	-4.3022	-4.36725	-4.70368	0.279485	0.276446	0.259035	0.185033	0.132492
1390	-8.95704	-8.96644	-9.02234	-9.31095	0.27553	0.272953	0.258113	0.193404	0.136875
1391	-35.2519	-29.8545	-24.5684	-19.945	2.22852e-07	4.92165e-05	0.00972307	0.990227	0.538988
1392	-8.44001	-8.44788	-8.49466	-8.73669	0.271571	0.269444	0.257129	0.201855	0.141296
1393	-4.50529	-4.51652	-4.58336	-4.92931	0.280257	0.277127	0.259211	0.183404	0.131639
1394	-2.97043	-2.98349	-3.06117	-3.46247	0.284766	0.281071	0.260063	0.1741	0.126751
1395	-2.98544	-2.99739	-3.06844	-3.43589	0.282021	0.278674	0.25956	0.179745	0.129718
1396	-3.90109	-3.91439	-3.99355	-4.4027	0.285387	0.281615	0.260181	0.172816	0.126077
1397	-3.33942	-3.35486	-3.44672	-3.92131	0.290548	0.286096	0.260985	0.162371	0.120575
1398	-10.0703	-10.0776	-10.1214	-10.3479	0.270245	0.268262	0.256762	0.204732	0.142797
1399	-4.07578	-4.08352	-4.12954	-4.3676	0.271233	0.269143	0.257037	0.202587	0.141677
1400	-12.7201	-12.7318	-12.8014	-13.1603	0.281363	0.278088	0.259386	0.181162	0.130459
1401	-11.962	-11.9722	-12.0331	-12.3472	0.277667	0.274838	0.258598	0.188896	0.134514
1402	-15.2316	-13.4395	-11.7195	-10.3955	0.00600631	0.0360499	0.201316	0.756628	0.432268
1403	-3.5872	-3.601	-3.68307	-4.10738	0.28659	0.282664	0.260392	0.170354	0.124782
1404	-7.4577	-7.46752	-7.52591	-7.82682	0.276576	0.273874	0.258341	0.191209	0.135725
1405	-4.29126	-4.3022	-4.36725	-4.70368	0.279485	0.276446	0.259035	0.185033	0.132492
1406	-2.98544	-2.99739	-3.06844	-3.43589	0.282021	0.278674	0.25956	0.179745	0.129718
1407	-3.92888	-3.94513	-4.04182	-4.54127	0.292471	0.287756	0.261237	0.158536	0.118551
1408	-8.84769	-8.85996	-8.93297	-9.31029	0.282829	0.27938	0.25971	0.178081	0.128844
1409	-4.382	-4.3969	-4.48551	-4.94343	0.289245	0.284969	0.260803	0.164983	0.121953
1410	-10.8335	-10.8498	-10.9464	-11.4456	0.292451	0.287738	0.261233	0.158578	0.118573
1411	-8.8573	-8.8671	-8.92537	-9.22678	0.276583	0.273887	0.258384	0.191146	0.135695
1412	-3.35764	-3.37182	-3.45619	-3.89251	0.287536	0.283488	0.260552	0.168424	0.123767
1413	-13.2396	-13.2473	-13.2926	-13.525	0.270817	0.268757	0.256841	0.203585	0.142192
1414	-7.82636	-7.83732	-7.90254	-8.23949	0.279539	0.276491	0.259035	0.184936	0.13244
1415	-2.98544	-2.99739	-3.06844	-3.43589	0.282021	0.278674	0.25956	0.179745	0.129718
1416	-3.5872	-3.601	-3.68307	-4.10738	0.28659	0.282664	0.260392	0.170354	0.124782
1417	-4.23194	-4.247	-4.33664	-4.80028	0.289678	0.285347	0.260883	0.164092	0.121485
1418	-5.09723	-5.10898	-5.17883	-5.54009	0.281518	0.278232	0.25946	0.18079	0.130267
1427	-4.49378	-4.50351	-4.5614	-4.86089	0.276422	0.273745	0.258347	0.191486	0.135873
1428	-7.88513	-7.89505	-7.95407	-8.25904	0.276889	0.274156	0.258444	0.190511	0.135362
1429	-3.64512	-3.65587	-3.71979	-4.05032	0.279001	0.27602	0.258928	0.186052	0.133026
1430	-2.98544	-2.99739	-3.06844	-3.43589	0.282021	0.278674	0.25956	0.179745	0.129718
1431	-8.3593	-8.37019	-8.43498	-8.77008	0.279376	0.27635	0.259012	0.185263	0.132613
1432	-4.13385	-4.14553	-4.215	-4.57389	0.281337	0.27807	0.259409	0.181184	0.130473
1433	-8.08343	-8.09462	-8.16116	-8.50502	0.280104	0.276989	0.259157	0.18375	0.131819
1434	-5.68134	-5.69112	-5.74933	-6.05012	0.27654	0.273848	0.258363	0.191248	0.135748
1435	-3.54463	-3.55738	-3.63325	-4.0248	0.283995	0.280395	0.259909	0.175701	0.127592
1436	-4.54956	-4.56196	-4.6357	-5.01683	0.283137	0.279649	0.259768	0.177446	0.12851
1437	-12.8719	-11.0826	-9.37909	-8.14031	0.00652136	0.039033	0.214415	0.740031	0.424641
1438	-10.5372	-10.5448	-10.5899	-10.8232	0.27083	0.268785	0.256932	0.203453	0.14213
1439	-3.35764	-3.37182	-3.45619	-3.8925	0.287536	0.283488	0.260552	0.168424	0.123767
1440	-16.3815	-14.5922	-12.8888	-11.6513	0.00652878	0.0390764	0.214617	0.739778	0.424525
1441	-2.97043	-2.98349	-3.06117	-3.46246	0.284766	0.281071	0.260063	0.1741	0.126751
1442	-10.3187	-10.3286	-10.3875	-10.6926	0.276883	0.274154	0.258461	0.190502	0.135359
1443	-5.09723	-5.10897	-5.17883	-5.54009	0.281518	0.278232	0.259459	0.18079	0.130267
1444	-8.57199	-8.58465	-8.65993	-9.04859	0.283757	0.280189	0.259871	0.176183	0.127845
1445	-4.07578	-4.08352	-4.12954	-4.36759	0.271233	0.269143	0.257037	0.202587	0.141677
1446	-9.04244	-9.05549	-9.13314	-9.53421	0.28475	0.281057	0.260058	0.174136	0.12677
1447	-14.4866	-12.6948	-10.9762	-9.65919	0.00604771	0.0362896	0.202368	0.755295	0.431656
1448	-4.26855	-4.28265	-4.36655	-4.80057	0.287351	0.283328	0.260526	0.168795	0.123962
1449	-3.90108	-3.91439	-3.99355	-4.4027	0.285387	0.281615	0.260181	0.172816	0.126077
1450	-2.97043	-2.98349	-3.06117	-3.46246	0.284766	0.281071	0.260063	0.1741	0.126751
1451	-4.07578	-4.08352	-4.12954	-4.36759	0.271233	0.269143	0.257037	0.202587	0.141677
1452	-10.67	-10.6776	-10.7225	-10.9546	0.270726	0.268692	0.2569	0.203683	0.14225
1453	-12.776	-10.9833	-9.25962	-7.9165	0.00589507	0.0354044	0.19845	0.760251	0.433933
1454	-2.98544	-2.99739	-3.06844	-3.43589	0.282021	0.278674	0.25956	0.179745	0.129718
1455	-13.0373	-13.0493	-13.1206	-13.4829	0.281799	0.278434	0.259283	0.180485	0.130087
1456	-4.23194	-4.247	-4.33664	-4.80028	0.289678	0.285347	0.260883	0.164092	0.121485
1457	-64.5846	-55.5758	-46.6885	-38.5831	5.10009e-12	4.1691e-08	0.000301832	0.999698	0.54317
1458	-7.66824	-7.68276	-7.76909	-8.21428	0.288276	0.284121	0.260622	0.166981	0.123003
1459	-4.13385	-4.14553	-4.215	-4.57389	0.281337	0.27807	0.259409	0.181184	0.130473
1460	-20.8263	-19.0328	-17.3045	-15.9374	0.00575863	0.0346114	0.194893	0.764737	0.435993
1461	-9.29991	-9.31296	-9.39058	-9.79149	0.284737	0.281045	0.260056	0.174162	0.126784
1462	-4.33267	-4.34407	-4.41189	-4.76229	0.280643	0.277461	0.259267	0.18263	0.131231
1463	-12.1914	-12.2039	-12.2787	-12.6644	0.283525	0.279984	0.259823	0.176668	0.1281
1464	-8.48239	-8.49311	-8.55694	-8.88676	0.278949	0.275973	0.25891	0.186168	0.133087
1465	-3.64512	-3.65587	-3.71979	-4.05032	0.279001	0.27602	0.258928	0.186052	0.133026
1466	-4.26855	-4.28265	-4.36655	-4.80057	0.287351	0.283328	0.260526	0.168795	0.123962
1467	-4.13385	-4.14553	-4.215	-4.57389	0.281337	0.27807	0.259409	0.181184	0.130473
1518	-27.8937	-26.0843	-24.2669	-22.5552	0.00395387	0.0241472	0.148642	0.823257	0.46288
1519	-4.75489	-4.76894	-4.8525	-5.28423	0.287187	0.283181	0.26048	0.169152	0.124149
1520	-8.46762	-8.4754	-8.52166	-8.76042	0.27131	0.269208	0.257038	0.202444	0.141601
1521	-4.50294	-4.51562	-4.59101	-4.98011	0.283797	0.280223	0.259872	0.176107	0.127805
1522	-4.0725	-4.08017	-4.12581	-4.36185	0.271061	0.26899	0.25699	0.202958	0.141871
1523	-10.8996	-10.9069	-10.9501	-11.1737	0.270001	0.268044	0.256694	0.205261	0.143073
1524	-5.9656	-5.9764	-6.04064	-6.37298	0.279146	0.276148	0.258965	0.185741	0.132864
1525	-2.9681	-2.98105	-3.05808	-3.45598	0.284494	0.280834	0.260013	0.174659	0.127045
1526	-15.323	-15.3308	-15.377	-15.6159	0.27131	0.26921	0.257049	0.202432	0.141596
1527	-4.8958	-4.9054	-4.96252	-5.25777	0.276075	0.273437	0.258256	0.192233	0.136263
1528	-4.26717	-4.28115	-4.36435	-4.7947	0.287062	0.283076	0.260478	0.169385	0.124273
1529	-4.50335	-4.51449	-4.58076	-4.92379	0.280018	0.276917	0.25916	0.183905	0.131902
1530	-4.5047	-4.51704	-4.5905	-4.97044	0.283032	0.279559	0.259759	0.17765	0.128619
1531	-4.0725	-4.08017	-4.12581	-4.36185	0.271061	0.26899	0.25699	0.202958	0.141871
1532	-15.3147	-15.3228	-15.3712	-15.6216	0.272287	0.27008	0.257316	0.200317	0.140492
1533	-12.6997	-12.7128	-12.7905	-13.1917	0.284763	0.281069	0.260062	0.174106	0.126755
1534	-4.49133	-4.50098	-4.55839	-4.85534	0.27621	0.273558	0.258297	0.191934	0.136108
1535	-8.889	-8.89848	-8.95486	-9.24628	0.275754	0.273153	0.25818	0.192912	0.136619
1536	-22.2717	-20.4776	-18.7457	-17.36	0.00565374	0.034002	0.192165	0.768179	0.437574
1537	-3.54261	-3.55526	-3.63048	-4.01871	0.283728	0.280162	0.259859	0.176251	0.127881
1538	-4.75489	-4.76894	-4.8525	-5.28423	0.287187	0.283181	0.26048	0.169152	0.124149
1539	-4.19578	-4.20556	-4.26376	-4.56469	0.276545	0.273854	0.258372	0.191229	0.135738
1540	-2.9681	-2.98105	-3.05808	-3.45598	0.284494	0.280834	0.260013	0.174659	0.127045
1541	-4.23191	-4.24685	-4.33573	-4.79545	0.289372	0.285082	0.260838	0.164708	0.121809
1542	-3.33899	-3.35441	-3.4461	-3.91982	0.290481	0.286038	0.260976	0.162506	0.120646
1543	-4.26717	-4.28115	-4.36435	-4.7947	0.287062	0.283076	0.260478	0.169385	0.124273
1544	-9.48714	-9.49832	-9.56485	-9.90906	0.28012	0.277005	0.259176	0.183699	0.131794
1545	-5.09035	-5.10308	-5.17885	-5.57068	0.283992	0.280399	0.259939	0.175671	0.127578
1546	-3.84196	-3.8537	-3.92354	-4.28449	0.2815	0.278215	0.259447	0.180838	0.130291
1547	-12.1931	-10.4049	-8.70815	-7.50419	0.00674148	0.0403048	0.219914	0.73304	0.421427
1548	-2.98377	-2.99561	-3.06606	-3.43041	0.281769	0.278452	0.25951	0.180269	0.129993
1549	-9.10029	-9.11291	-9.18796	-9.57529	0.283655	0.280098	0.259846	0.176402	0.12796
1550	-9.58722	-9.59744	-9.65818	-9.97199	0.277627	0.274807	0.25861	0.188956	0.134547
1551	-16.2377	-14.4466	-12.733	-11.4396	0.00619045	0.0371154	0.205967	0.750727	0.429556
1552	-3.58597	-3.59964	-3.68102	-4.10174	0.286305	0.282416	0.260344	0.170935	0.125088
1553	-10.2496	-10.2589	-10.3144	-10.6007	0.275342	0.272785	0.258062	0.19381	0.137088
1595	-3.95635	-3.96768	-4.03506	-4.38363	0.280479	0.277321	0.259249	0.182951	0.131401
1596	-7.6113	-7.62107	-7.67918	-7.97878	0.276461	0.273773	0.25832	0.191445	0.135849
1597	-12.3463	-12.3592	-12.4356	-12.8302	0.284234	0.280605	0.259955	0.175206	0.127332
1598	-4.19712	-4.20695	-4.26542	-4.56777	0.276664	0.273959	0.2584	0.190977	0.135607
1599	-9.99286	-10.0045	-10.0738	-10.4311	0.28123	0.27797	0.259355	0.181446	0.130607
1600	-4.19712	-4.20695	-4.26542	-4.56777	0.276664	0.273959	0.2584	0.190977	0.135607
1601	-10.2005	-10.216	-10.3081	-10.7838	0.290636	0.286172	0.260997	0.162195	0.120483
1602	-11.8731	-10.0825	-8.37112	-7.09164	0.00627125	0.0375856	0.208095	0.748048	0.428326
1603	-19.1652	-17.3738	-15.6582	-14.3569	0.00613985	0.0368243	0.204746	0.75229	0.430275
1604	-11.0757	-11.0855	-11.1436	-11.4441	0.276504	0.273818	0.258367	0.191311	0.135782
1605	-5.41118	-5.42226	-5.48823	-5.82973	0.279891	0.276806	0.259135	0.184168	0.13204
1606	-15.1049	-13.3169	-11.6213	-10.4235	0.00678101	0.0405327	0.220887	0.731799	0.420856
1607	-14.2584	-14.2701	-14.3394	-14.698	0.281302	0.278042	0.259413	0.181243	0.130504
1608	-4.23193	-4.24694	-4.33623	-4.79813	0.289542	0.285229	0.260863	0.164366	0.121629
1609	-4.13269	-4.14432	-4.21353	-4.57107	0.281227	0.277974	0.259386	0.181414	0.130593
1610	-5.62352	-5.63298	-5.68926	-5.9804	0.275724	0.273128	0.258181	0.192968	0.136649
1611	-10.5309	-10.5387	-10.5853	-10.8261	0.271466	0.269351	0.257103	0.202079	0.141412
1612	-8.9158	-8.92879	-9.00607	-9.40527	0.284598	0.280925	0.260033	0.174445	0.126933
1613	-4.19712	-4.20695	-4.26542	-4.56777	0.276664	0.273959	0.2584	0.190977	0.135607
1614	-24.6399	-24.6499	-24.7092	-25.0157	0.277011	0.274265	0.258479	0.190245	0.135223
1615	-2.9847	-2.9966	-3.06738	-3.43345	0.281909	0.278575	0.259538	0.179978	0.129841
1616	-10.1816	-10.1944	-10.271	-10.6668	0.284319	0.280681	0.259981	0.175019	0.127235
1617	-16.5437	-16.5553	-16.6239	-16.9786	0.280988	0.277767	0.259351	0.181894	0.130846
1618	-8.84975	-8.86106	-8.92835	-9.27589	0.280412	0.277258	0.259216	0.183114	0.131485
1619	-6.08851	-6.09847	-6.15774	-6.46426	0.277011	0.274265	0.258481	0.190244	0.135223
1620	-36.3376	-36.3488	-36.4152	-36.7582	0.280036	0.276928	0.259141	0.183896	0.131895
1621	-4.57116	-4.58019	-4.63395	-4.91221	0.274637	0.272167	0.257923	0.195273	0.137856
1622	-9.48603	-9.49853	-9.5729	-9.95732	0.283402	0.279881	0.25982	0.176897	0.128222
1623	-8.55379	-8.56771	-8.65052	-9.07844	0.286882	0.282917	0.260434	0.169768	0.124473
1624	-3.90009	-3.91334	-3.99221	-4.39982	0.285264	0.281508	0.26016	0.173068	0.12621
1625	-4.54836	-4.56071	-4.63418	-5.01387	0.283021	0.279548	0.259746	0.177685	0.128636
1626	-12.1569	-12.1669	-12.2261	-12.5323	0.27699	0.274247	0.258476	0.190287	0.135245
1627	-27.0649	-27.0735	-27.1247	-27.3894	0.273501	0.271159	0.257634	0.197706	0.139128
1628	-5.15122	-5.16014	-5.21325	-5.4881	0.274351	0.271914	0.25785	0.195885	0.138175
1629	-16.477	-16.4871	-16.5473	-16.8586	0.277407	0.274615	0.258571	0.189407	0.134784
1630	-7.79164	-7.80342	-7.87355	-8.23566	0.281604	0.278304	0.259457	0.180635	0.130184
1631	-23.5948	-23.6065	-23.6758	-24.0341	0.281287	0.278028	0.259403	0.181283	0.130525
1632	-6.49861	-6.51043	-6.58072	-6.94351	0.281666	0.278356	0.259462	0.180516	0.130121
1633	-12.9248	-12.9378	-13.0157	-13.4178	0.284832	0.281129	0.260075	0.173964	0.12668
1634	-5.08654	-5.0994	-5.1759	-5.57074	0.284258	0.280625	0.259959	0.175157	0.127306
1635	-5.41118	-5.42226	-5.48823	-5.82973	0.279891	0.276806	0.259135	0.184168	0.13204
1636	-4.13269	-4.14432	-4.21353	-4.57107	0.281227	0.277974	0.259386	0.181414	0.130593
1637	-9.01073	-9.02187	-9.08814	-9.43031	0.279975	0.276873	0.259119	0.184033	0.131967
1638	-5.34764	-5.35512	-5.39963	-5.62998	0.270571	0.268554	0.256862	0.204014	0.142423
1639	-6.99324	-7.00714	-7.08983	-7.51676	0.286816	0.282857	0.260408	0.169919	0.124551
1640	-15.4204	-15.4318	-15.4991	-15.8463	0.280406	0.277247	0.259183	0.183165	0.131509
1641	-4.26794	-4.28198	-4.36557	-4.79796	0.287222	0.283216	0.260505	0.169057	0.1241
1642	-3.35698	-3.37111	-3.45516	-3.88983	0.287407	0.283375	0.260531	0.168687	0.123905
1643	-5.09478	-5.10345	-5.15502	-5.42201	0.273685	0.271324	0.257686	0.197305	0.138918
1644	-4.89734	-4.90699	-4.96438	-5.26102	0.276192	0.27354	0.258284	0.191985	0.136134
1645	-4.23193	-4.24694	-4.33623	-4.79813	0.289542	0.285229	0.260863	0.164366	0.121629
1694	-3.35698	-3.37111	-3.45516	-3.88983	0.287407	0.283375	0.260531	0.168687	0.123905
1695	-4.23193	-4.24694	-4.33623	-4.79813	0.289542	0.285229	0.260863	0.164366	0.121629
1696	-3.95635	-3.96768	-4.03506	-4.38364	0.280479	0.277321	0.259249	0.182951	0.131401
1697	-7.82133	-7.83628	-7.92517	-8.38407	0.289337	0.285045	0.260799	0.16482	0.121865
1698	-9.08552	-9.0972	-9.16667	-9.52536	0.281327	0.27806	0.259399	0.181214	0.130487
1699	-4.13269	-4.14432	-4.21353	-4.57107	0.281227	0.277974	0.259386	0.181413	0.130593
1700	-10.8112	-10.8244	-10.9033	-11.3106	0.285251	0.281494	0.260145	0.173111	0.126231
1701	-5.62352	-5.63298	-5.68926	-5.9804	0.275724	0.273128	0.258181	0.192967	0.136649
1702	-4.23193	-4.24694	-4.33623	-4.79813	0.289542	0.285229	0.260863	0.164366	0.121629
1703	-4.50443	-4.51562	-4.5822	-4.92685	0.280151	0.277034	0.259188	0.183627	0.131756
1704	-15.3954	-13.6032	-11.8827	-10.556	0.0059904	0.0359576	0.200909	0.757143	0.432505
1705	-15.9345	-15.9481	-16.0291	-16.4464	0.286082	0.28221	0.260248	0.17146	0.125359
1706	-15.3558	-15.3666	-15.4309	-15.7629	0.279135	0.276135	0.258947	0.185783	0.132885
1707	-7.68161	-7.69373	-7.76581	-8.13774	0.282412	0.27901	0.259606	0.178973	0.12931
1708	-4.23193	-4.24694	-4.33623	-4.79813	0.289542	0.285229	0.260863	0.164366	0.121629
1709	-11.3716	-11.3825	-11.4473	-11.7824	0.279376	0.27635	0.259012	0.185262	0.132613
1710	-3.35698	-3.37111	-3.45516	-3.88983	0.287407	0.283375	0.260531	0.168687	0.123905
1711	-6.08851	-6.09847	-6.15774	-6.46426	0.277011	0.274265	0.258481	0.190243	0.135222
1712	-4.49269	-4.50239	-4.56006	-4.85842	0.276328	0.273662	0.258325	0.191685	0.135978
1713	-14.5858	-14.5984	-14.6733	-15.0603	0.283616	0.280067	0.259856	0.176461	0.127993
1714	-4.26794	-4.28198	-4.36557	-4.79796	0.287222	0.283216	0.260505	0.169057	0.1241
1715	-4.13269	-4.14432	-4.21353	-4.57107	0.281227	0.277974	0.259386	0.181413	0.130593
1716	-8.16397	-8.17371	-8.23165	-8.5308	0.276411	0.273732	0.258323	0.191533	0.135896
1717	-7.82588	-7.83966	-7.92164	-8.34489	0.286525	0.282603	0.26036	0.170513	0.124864
1718	-5.0539	-5.06426	-5.1259	-5.44479	0.278034	0.275169	0.25872	0.188078	0.134089
1719	-10.2047	-10.2125	-10.259	-10.4996	0.271444	0.269332	0.257096	0.202128	0.141438
1720	-10.3044	-10.3165	-10.3881	-10.7585	0.282265	0.278885	0.259598	0.179252	0.129459
1721	-12.7832	-12.7946	-12.8624	-13.2125	0.280627	0.277447	0.259262	0.182664	0.131249
1722	-5.08654	-5.0994	-5.1759	-5.57074	0.284258	0.280626	0.259959	0.175157	0.127306
1723	-8.28732	-8.298	-8.36157	-8.69	0.278836	0.275873	0.258883	0.186409	0.133213
1724	-5.54199	-5.55386	-5.62444	-5.98957	0.28183	0.278506	0.259526	0.180138	0.129925
1725	-4.23193	-4.24694	-4.33623	-4.79813	0.289542	0.285229	0.260863	0.164366	0.121629
1726	-8.99011	-9.00348	-9.08301	-9.49378	0.285526	0.281734	0.260195	0.172546	0.125934
1727	-4.59753	-4.60683	-4.66213	-4.94752	0.275264	0.272716	0.258043	0.193976	0.137174
1728	-4.54837	-4.56071	-4.63418	-5.01387	0.283021	0.279548	0.259746	0.177685	0.128636
1729	-32.2687	-32.2806	-32.3513	-32.716	0.281819	0.278491	0.259493	0.180197	0.129953
1730	-11.3648	-11.3741	-11.4299	-11.7174	0.275444	0.272876	0.258087	0.193592	0.136974
1731	-10.0093	-10.0234	-10.1073	-10.54	0.287281	0.28326	0.260482	0.168977	0.124055
1732	-2.96939	-2.9824	-3.0598	-3.45958	0.284645	0.280966	0.260041	0.174349	0.126882
1733	-16.5768	-16.5845	-16.6302	-16.8658	0.271053	0.268975	0.256949	0.203024	0.141902
1734	-3.58665	-3.60039	-3.68216	-4.10487	0.286463	0.282554	0.260371	0.170612	0.124918
1735	-4.13269	-4.14432	-4.21353	-4.57107	0.281227	0.277974	0.259386	0.181413	0.130593
1736	-8.43983	-8.45311	-8.53203	-8.93643	0.285119	0.281356	0.260005	0.173521	0.126437
1737	-8.47005	-8.48093	-8.54567	-8.88015	0.279335	0.276312	0.258991	0.185362	0.132664
1738	-4.93878	-4.94601	-4.98899	-5.21109	0.269872	0.26793	0.256658	0.20554	0.143219
1739	-4.23193	-4.24694	-4.33623	-4.79813	0.289542	0.285229	0.260863	0.164366	0.121629
1740	-14.1295	-14.1423	-14.2186	-14.6125	0.28417	0.280552	0.259957	0.175321	0.127394
1741	-3.35698	-3.37111	-3.45516	-3.88983	0.287407	0.283375	0.260531	0.168687	0.123905
1742	-17.9652	-17.9779	-18.0536	-18.4443	0.28393	0.280339	0.259898	0.175833	0.127661
1743	-6.49861	-6.51043	-6.58072	-6.94352	0.281666	0.278356	0.259462	0.180516	0.130121
1744	-4.13269	-4.14432	-4.21353	-4.57107	0.281227	0.277974	0.259386	0.181413	0.130593
1745	-4.19712	-4.20695	-4.26542	-4.56778	0.276664	0.273959	0.2584	0.190977	0.135607
1746	-3.64413	-3.65483	-3.71851	-4.0478	0.278899	0.275929	0.258905	0.186267	0.133139
1747	-9.35067	-9.36336	-9.43884	-9.8284	0.283834	0.280255	0.25988	0.176031	0.127765
1748	-21.6585	-21.6696	-21.7358	-22.0778	0.279953	0.276856	0.259126	0.184066	0.131984
1749	-8.42214	-8.42993	-8.47628	-8.71548	0.271348	0.269242	0.257047	0.202363	0.141559
1750	-5.08654	-5.0994	-5.1759	-5.57074	0.284258	0.280626	0.259959	0.175157	0.127306
1751	-5.41118	-5.42226	-5.48823	-5.82973	0.279891	0.276806	0.259135	0.184167	0.13204
1752	-4.13269	-4.14432	-4.21353	-4.57107	0.281227	0.277974	0.259386	0.181413	0.130593
1753	-5.08654	-5.0994	-5.1759	-5.57074	0.284258	0.280626	0.259959	0.175157	0.127306
1754	-19.5265	-17.7321	-15.9981	-14.5995	0.0055852	0.0336008	0.190286	0.770528	0.438651
1755	-17.7338	-15.9421	-14.2249	-12.9152	0.00609014	0.036536	0.203466	0.753908	0.431018
1756	-3.64413	-3.65483	-3.71851	-4.0478	0.278899	0.275929	0.258905	0.186267	0.133139
1757	-32.1925	-28.5972	-25.0906	-22.0977	3.9262e-05	0.00143029	0.0476766	0.950854	0.521495
1758	-9.66784	-9.67971	-9.75032	-10.1155	0.281836	0.278511	0.259522	0.180132	0.129921
1759	-26.185	-22.5902	-19.0871	-16.1135	4.01524e-05	0.00146188	0.0485587	0.949939	0.521089
1760	-6.99324	-7.00714	-7.08983	-7.51676	0.286816	0.282857	0.260408	0.169919	0.124551
1761	-4.50443	-4.51562	-4.5822	-4.92685	0.280151	0.277034	0.259188	0.183627	0.131756
1762	-18.277	-16.4808	-14.7356	-13.2639	0.00521085	0.0314045	0.179845	0.78354	0.444616
1763	-30.003	-28.212	-26.4982	-25.2061	0.00619534	0.0371457	0.206156	0.750503	0.429454
