Sites	Ll_YN98.omega=0.0600064	Ll_YN98.omega=1	Ll_YN98.omega=1.001	Pr_YN98.omega=0.0600064	Pr_YN98.omega=1	Pr_YN98.omega=1.001	mean
5	-4.29228	-5.27797	-inf	0.950563	0.0494366	0	0.106476
6	-5.66369	-6.28519	-inf	0.930356	0.0696441	0	0.125471
7	-3.02521	-3.87624	-inf	0.943837	0.0561629	0	0.112799
8	-4.18165	-4.94405	-inf	0.93895	0.06105	0	0.117393
9	-6.98503	-7.75898	-inf	0.939608	0.0603917	0	0.116774
10	-3.0351	-3.81608	-inf	0.940006	0.0599937	0	0.1164
11	-6.55654	-7.32958	-inf	0.939557	0.0604432	0	0.116823
12	-3.40528	-4.41722	-inf	0.951782	0.0482177	0	0.105331
13	-13.4712	-14.2692	-inf	0.940958	0.0590423	0	0.115506
14	-20.3068	-18.1719	-inf	0.459029	0.540971	0	0.568516
15	-11.9578	-9.97914	-inf	0.498008	0.501992	0	0.531876
16	-11.0782	-9.09297	-inf	0.496347	0.503653	0	0.533437
17	-9.34681	-7.33646	-inf	0.490081	0.509919	0	0.539327
18	-3.40528	-4.41722	-inf	0.951782	0.0482177	0	0.105331
19	-5.66369	-6.28519	-inf	0.930356	0.0696441	0	0.125471
20	-13.2683	-11.3038	-inf	0.501544	0.498456	0	0.528552
21	-9.00752	-9.76977	-inf	0.938941	0.061059	0	0.117401
22	-4.96216	-5.75332	-inf	0.940578	0.0594221	0	0.115863
23	-4.18165	-4.94405	-inf	0.93895	0.06105	0	0.117393
24	-3.69038	-4.38904	-inf	0.935192	0.0648079	0	0.120925
25	-9.22172	-7.17173	-inf	0.48018	0.51982	0	0.548634
26	-3.0351	-3.81608	-inf	0.940006	0.0599937	0	0.1164
27	-8.46619	-8.97413	-inf	0.922629	0.0773712	0	0.132735
28	-12.7527	-10.6486	-inf	0.466701	0.533299	0	0.561304
29	-3.41596	-4.34188	-inf	0.947677	0.0523226	0	0.109189
30	-19.0706	-14.3411	-inf	0.0595884	0.940412	0	0.943987
31	-12.1912	-10.3008	-inf	0.520057	0.479943	0	0.51115
32	-7.58666	-8.43517	-inf	0.943704	0.0562965	0	0.112925
33	-3.41596	-4.34188	-inf	0.947677	0.0523226	0	0.109189
34	-4.56552	-5.34	-inf	0.939639	0.0603614	0	0.116746
35	-23.2399	-21.3009	-inf	0.507913	0.492087	0	0.522565
36	-17.7671	-12.9294	-inf	0.0538054	0.946195	0	0.949423
37	-8.49897	-9.37461	-inf	0.945127	0.0548726	0	0.111586
38	-3.0351	-3.81608	-inf	0.940006	0.0599937	0	0.1164
39	-4.81518	-5.74027	-inf	0.947636	0.0523638	0	0.109228
45	-22.115	-20.2454	-inf	0.52526	0.47474	0	0.506259
46	-4.56552	-5.34	-inf	0.939639	0.0603614	0	0.116746
47	-9.95125	-10.7366	-inf	0.94025	0.0597501	0	0.116171
48	-15.9372	-13.8253	-inf	0.464761	0.535239	0	0.563127
49	-12.973	-10.9832	-inf	0.495217	0.504783	0	0.5345
50	-5.08098	-5.594	-inf	0.92299	0.0770097	0	0.132395
51	-4.55803	-5.39035	-inf	0.942837	0.0571633	0	0.11374
52	-7.67992	-8.38918	-inf	0.935832	0.0641681	0	0.120324
53	-12.0149	-12.7221	-inf	0.935706	0.064294	0	0.120442
54	-3.0351	-3.81608	-inf	0.940006	0.0599937	0	0.1164
55	-4.00293	-4.74752	-inf	0.937921	0.0620791	0	0.11836
56	-4.23782	-4.88447	-inf	0.931967	0.0680326	0	0.123957
57	-3.64071	-4.54389	-inf	0.946538	0.0534615	0	0.11026
58	-16.394	-17.2499	-inf	0.944095	0.055905	0	0.112557
59	-3.89338	-4.6075	-inf	0.936123	0.063877	0	0.12005
60	-4.44356	-5.4142	-inf	0.949851	0.0501491	0	0.107146
61	-9.14275	-10.0085	-inf	0.944615	0.0553852	0	0.112068
62	-20.7604	-15.8033	-inf	0.0480403	0.95196	0	0.954842
63	-10.6759	-11.2127	-inf	0.924666	0.075334	0	0.13082
64	-7.35532	-8.19127	-inf	0.943033	0.0569674	0	0.113555
65	-4.55988	-5.37181	-inf	0.941728	0.0582718	0	0.114782
66	-5.45841	-6.18638	-inf	0.936946	0.0630538	0	0.119277
67	-4.29239	-5.27984	-inf	0.950646	0.0493542	0	0.106399
68	-8.17294	-9.07933	-inf	0.9467	0.0532997	0	0.110108
69	-11.5952	-12.656	-inf	0.953972	0.0460283	0	0.103273
70	-12.3426	-12.9556	-inf	0.929803	0.070197	0	0.125991
71	-4.29239	-5.27984	-inf	0.950646	0.0493542	0	0.106399
72	-4.60002	-5.41168	-inf	0.941713	0.0582871	0	0.114796
73	-4.2384	-4.8862	-inf	0.93204	0.0679596	0	0.123888
74	-11.4882	-12.1583	-inf	0.933438	0.0665617	0	0.122574
75	-4.32683	-5.24994	-inf	0.947538	0.0524621	0	0.10932
76	-6.56541	-7.37365	-inf	0.941525	0.0584749	0	0.114972
77	-4.32683	-5.24994	-inf	0.947538	0.0524621	0	0.10932
78	-16.5404	-17.3115	-inf	0.939442	0.060558	0	0.116931
79	-4.98313	-5.84459	-inf	0.944387	0.0556126	0	0.112282
80	-3.40581	-4.41956	-inf	0.951865	0.0481349	0	0.105253
81	-5.13181	-5.70346	-inf	0.927056	0.0729444	0	0.128574
82	-4.56052	-5.37389	-inf	0.941807	0.0581926	0	0.114707
83	-8.05188	-8.95768	-inf	0.946671	0.053329	0	0.110135
84	-13.5365	-11.4582	-inf	0.473107	0.526893	0	0.555283
85	-8.78412	-9.51685	-inf	0.937227	0.0627729	0	0.119012
86	-11.1046	-11.6995	-inf	0.928618	0.0713822	0	0.127105
87	-4.56052	-5.37389	-inf	0.941807	0.0581926	0	0.114707
88	-3.40581	-4.41956	-inf	0.951865	0.0481349	0	0.105253
89	-4.2384	-4.8862	-inf	0.93204	0.0679596	0	0.123888
90	-4.44406	-5.41643	-inf	0.949933	0.0500667	0	0.107069
169	-5.18713	-5.81747	-inf	0.930926	0.0690736	0	0.124935
170	-3.89524	-4.6685	-inf	0.939569	0.060431	0	0.116811
171	-10.2104	-11.181	-inf	0.94985	0.0501496	0	0.107147
172	-7.68061	-8.39115	-inf	0.935908	0.0640917	0	0.120252
173	-9.89275	-7.74715	-inf	0.456376	0.543624	0	0.571009
174	-11.6718	-12.2617	-inf	0.928281	0.0717194	0	0.127422
175	-12.3139	-13.0463	-inf	0.937206	0.0627936	0	0.119032
176	-4.52168	-5.33367	-inf	0.941732	0.0582684	0	0.114778
177	-5.74119	-6.36352	-inf	0.930409	0.069591	0	0.125422
178	-3.64106	-4.54585	-inf	0.94662	0.0533801	0	0.110183
179	-10.9597	-11.7033	-inf	0.937859	0.062141	0	0.118419
180	-4.5661	-5.34196	-inf	0.939717	0.0602832	0	0.116672
181	-4.60002	-5.41168	-inf	0.941713	0.0582871	0	0.114796
182	-4.5661	-5.34196	-inf	0.939717	0.0602832	0	0.116672
183	-9.09145	-9.73531	-inf	0.931791	0.0682089	0	0.124122
184	-13.939	-11.9124	-inf	0.48601	0.51399	0	0.543154
185	-15.4595	-16.168	-inf	0.935789	0.0642114	0	0.120365
186	-13.8551	-11.7786	-inf	0.473561	0.526439	0	0.554855
187	-10.3103	-8.30373	-inf	0.491015	0.508985	0	0.538449
188	-4.55891	-5.39271	-inf	0.942917	0.0570832	0	0.113664
189	-3.40581	-4.41956	-inf	0.951865	0.0481349	0	0.105253
190	-4.18228	-4.94604	-inf	0.939028	0.0609721	0	0.11732
191	-4.2384	-4.8862	-inf	0.93204	0.0679596	0	0.123888
192	-9.84743	-10.655	-inf	0.941491	0.058509	0	0.115004
193	-4.98313	-5.84459	-inf	0.944387	0.0556126	0	0.112282
194	-4.1111	-4.61764	-inf	0.922529	0.0774713	0	0.132829
195	-3.0258	-3.87835	-inf	0.943918	0.0560825	0	0.112724
196	-14.096	-12.0542	-inf	0.482224	0.517776	0	0.546712
197	-4.32683	-5.24994	-inf	0.947538	0.0524621	0	0.10932
198	-4.60915	-5.20479	-inf	0.928661	0.0713387	0	0.127064
199	-7.94534	-8.78933	-inf	0.943463	0.0565372	0	0.113151
200	-3.41638	-4.34395	-inf	0.947759	0.0522408	0	0.109112
201	-4.2384	-4.8862	-inf	0.93204	0.0679596	0	0.123888
202	-4.53579	-5.16975	-inf	0.931159	0.068841	0	0.124717
203	-20.6484	-15.8261	-inf	0.0546011	0.945399	0	0.948675
204	-9.28542	-10.026	-inf	0.937688	0.0623123	0	0.11858
205	-12.3471	-13.0617	-inf	0.936147	0.0638529	0	0.120028
206	-3.41638	-4.34395	-inf	0.947759	0.0522408	0	0.109112
207	-8.19271	-8.88844	-inf	0.935014	0.0649857	0	0.121093
208	-23.1528	-18.1121	-inf	0.044361	0.955639	0	0.958301
209	-24.4502	-19.6942	-inf	0.0581255	0.941875	0	0.945362
210	-4.37922	-5.12379	-inf	0.93792	0.0620803	0	0.118362
211	-12.8864	-13.3937	-inf	0.922585	0.077415	0	0.132776
212	-5.14654	-5.91475	-inf	0.939282	0.0607178	0	0.117081
213	-4.56052	-5.37389	-inf	0.941807	0.0581926	0	0.114707
214	-11.1542	-11.9179	-inf	0.939025	0.0609754	0	0.117323
215	-4.2384	-4.8862	-inf	0.93204	0.0679596	0	0.123888
216	-3.41638	-4.34395	-inf	0.947759	0.0522408	0	0.109112
217	-3.41638	-4.34395	-inf	0.947759	0.0522408	0	0.109112
218	-5.66444	-6.28705	-inf	0.930428	0.0695724	0	0.125404
219	-17.8819	-13.081	-inf	0.0557133	0.944287	0	0.94763
220	-9.03602	-7.06411	-inf	0.49969	0.50031	0	0.530294
221	-9.37885	-10.0465	-inf	0.933286	0.0667138	0	0.122717
222	-17.691	-13.0354	-inf	0.0638713	0.936129	0	0.939961
223	-7.9663	-8.58881	-inf	0.930421	0.0695791	0	0.12541
224	-3.5985	-4.43163	-inf	0.942881	0.0571193	0	0.113698
225	-8.85141	-9.61945	-inf	0.939272	0.0607276	0	0.11709
226	-11.1066	-9.05647	-inf	0.480138	0.519862	0	0.548673
227	-4.98313	-5.84459	-inf	0.944387	0.0556126	0	0.112282
228	-3.64106	-4.54585	-inf	0.94662	0.0533801	0	0.110183
229	-27.64	-20.0073	-inf	0.00346357	0.996536	0	0.996744
230	-23.4563	-20.7872	-inf	0.332157	0.667843	0	0.687775
231	-18.7914	-16.6324	-inf	0.453058	0.546942	0	0.574129
232	-10.2312	-10.9298	-inf	0.935187	0.0648133	0	0.12093
233	-11.9992	-12.8396	-inf	0.943271	0.056729	0	0.113331
234	-5.09888	-5.78011	-inf	0.934128	0.065872	0	0.121926
235	-5.59388	-6.37242	-inf	0.939868	0.0601318	0	0.11653
236	-12.0369	-10.161	-inf	0.523657	0.476343	0	0.507766
237	-3.41638	-4.34395	-inf	0.947759	0.0522407	0	0.109112
238	-4.2384	-4.8862	-inf	0.93204	0.0679595	0	0.123888
239	-10.5515	-8.68481	-inf	0.525971	0.474029	0	0.505591
240	-9.81797	-10.2952	-inf	0.920405	0.0795945	0	0.134825
241	-11.7668	-9.76372	-inf	0.491895	0.508105	0	0.537622
242	-12.2263	-13.0428	-inf	0.941979	0.0580207	0	0.114546
243	-3.0258	-3.87835	-inf	0.943918	0.0560824	0	0.112723
244	-9.29229	-9.97251	-inf	0.934066	0.0659342	0	0.121984
245	-3.0258	-3.87835	-inf	0.943918	0.0560824	0	0.112723
246	-4.44406	-5.41643	-inf	0.949933	0.0500666	0	0.107069
247	-34.0854	-23.4399	-inf	0.000170804	0.999829	0	0.999839
248	-19.4416	-14.5345	-inf	0.0503852	0.949615	0	0.952638
249	-18.4236	-19.0323	-inf	0.929522	0.070478	0	0.126255
250	-46.778	-38.9386	-inf	0.00281834	0.997182	0	0.997351
251	-4.60915	-5.20479	-inf	0.928661	0.0713386	0	0.127064
252	-10.0807	-8.01719	-inf	0.476804	0.523196	0	0.551807
253	-19.774	-20.5837	-inf	0.941607	0.0583928	0	0.114895
254	-15.9265	-16.7419	-inf	0.941922	0.0580781	0	0.114599
255	-30.9452	-23.2586	-inf	0.00328223	0.996718	0	0.996915
256	-3.0258	-3.87835	-inf	0.943918	0.0560824	0	0.112723
257	-3.03554	-3.81791	-inf	0.940085	0.0599153	0	0.116326
258	-8.13978	-8.87097	-inf	0.937136	0.0628635	0	0.119098
259	-5.38244	-5.87393	-inf	0.921446	0.0785542	0	0.133847
260	-3.95586	-4.82619	-inf	0.944852	0.0551483	0	0.111845
261	-4.33575	-5.05197	-inf	0.936248	0.0637521	0	0.119933
262	-3.95586	-4.82619	-inf	0.944852	0.0551483	0	0.111845
263	-4.60002	-5.41168	-inf	0.941713	0.058287	0	0.114796
264	-3.41638	-4.34395	-inf	0.947759	0.0522407	0	0.109112
265	-3.99653	-5.05755	-inf	0.953985	0.0460148	0	0.10326
266	-4.32683	-5.24994	-inf	0.947538	0.052462	0	0.10932
267	-4.56052	-5.3739	-inf	0.941808	0.0581925	0	0.114707
268	-5.09888	-5.78011	-inf	0.934128	0.0658719	0	0.121926
269	-4.53579	-5.16975	-inf	0.931159	0.0688409	0	0.124716
297	-4.60848	-5.20281	-inf	0.928574	0.0714257	0	0.127146
298	-3.41586	-4.34138	-inf	0.947658	0.0523424	0	0.109208
299	-3.40515	-4.41666	-inf	0.951762	0.0482378	0	0.10535
300	-4.96195	-5.75277	-inf	0.940559	0.0594413	0	0.115881
301	-4.00281	-4.74708	-inf	0.937902	0.0620978	0	0.118378
302	-14.8094	-15.6455	-inf	0.943042	0.0569578	0	0.113546
303	-4.00281	-4.74708	-inf	0.937902	0.0620978	0	0.118378
304	-4.11017	-4.61559	-inf	0.922449	0.0775512	0	0.132904
305	-4.3781	-5.12103	-inf	0.937824	0.0621763	0	0.118452
306	-3.69025	-4.3886	-inf	0.935174	0.0648261	0	0.120943
307	-7.66502	-8.41148	-inf	0.93803	0.0619701	0	0.118258
308	-4.29225	-5.27753	-inf	0.950544	0.0494563	0	0.106495
309	-5.59314	-6.36996	-inf	0.939771	0.0602287	0	0.116621
310	-9.41875	-10.2046	-inf	0.940281	0.0597188	0	0.116142
311	-7.6619	-8.29564	-inf	0.931145	0.0688553	0	0.12473
312	-5.4583	-6.18596	-inf	0.936928	0.063072	0	0.119294
313	-11.0357	-11.5382	-inf	0.922234	0.0777656	0	0.133106
314	-4.53506	-5.16763	-inf	0.931069	0.0689305	0	0.124801
315	-8.9771	-9.82779	-inf	0.943819	0.056181	0	0.112816
316	-3.02507	-3.87574	-inf	0.943818	0.0561822	0	0.112817
317	-3.40515	-4.41666	-inf	0.951763	0.0482375	0	0.105349
318	-8.76021	-9.52291	-inf	0.938967	0.0610329	0	0.117377
319	-14.2209	-14.8644	-inf	0.93177	0.0682303	0	0.124142
320	-4.55218	-5.28621	-inf	0.937303	0.0626967	0	0.118941
321	-3.02507	-3.87574	-inf	0.943818	0.0561822	0	0.112817
322	-4.94028	-5.57315	-inf	0.931089	0.0689115	0	0.124783
323	-3.02507	-3.87574	-inf	0.943818	0.0561822	0	0.112817
324	-5.45887	-6.18814	-inf	0.937023	0.062977	0	0.119204
325	-5.45887	-6.18814	-inf	0.937023	0.062977	0	0.119204
326	-4.29239	-5.27985	-inf	0.950646	0.0493538	0	0.106399
327	-3.0258	-3.87836	-inf	0.943918	0.0560821	0	0.112723
328	-11.0954	-11.8123	-inf	0.93629	0.06371	0	0.119893
329	-31.8903	-32.5566	-inf	0.933208	0.0667917	0	0.12279
330	-6.75613	-7.44598	-inf	0.934657	0.0653435	0	0.121429
331	-4.60003	-5.41169	-inf	0.941713	0.0582867	0	0.114796
332	-3.03554	-3.81792	-inf	0.940085	0.059915	0	0.116326
333	-8.45064	-9.0997	-inf	0.93212	0.0678797	0	0.123813
334	-4.29239	-5.27985	-inf	0.950646	0.0493538	0	0.106399
335	-3.89524	-4.6685	-inf	0.939569	0.0604306	0	0.116811
336	-7.12556	-7.90338	-inf	0.939828	0.0601723	0	0.116568
337	-3.41638	-4.34396	-inf	0.94776	0.0522405	0	0.109112
338	-3.5985	-4.43164	-inf	0.942881	0.0571189	0	0.113698
339	-4.63768	-5.24879	-inf	0.929679	0.0703206	0	0.126107
340	-8.48924	-9.13282	-inf	0.931773	0.0682274	0	0.12414
341	-3.95586	-4.8262	-inf	0.944852	0.055148	0	0.111845
342	-4.29239	-5.27985	-inf	0.950646	0.0493538	0	0.106399
343	-3.03554	-3.81792	-inf	0.940085	0.059915	0	0.116326
344	-18.2523	-18.982	-inf	0.937053	0.0629473	0	0.119176
345	-3.0258	-3.87836	-inf	0.943918	0.0560821	0	0.112723
346	-3.03554	-3.81792	-inf	0.940085	0.059915	0	0.116326
347	-9.00001	-9.76296	-inf	0.938981	0.0610189	0	0.117364
348	-4.37923	-5.1238	-inf	0.93792	0.06208	0	0.118361
349	-3.89524	-4.6685	-inf	0.939569	0.0604306	0	0.116811
350	-7.16693	-7.88457	-inf	0.936333	0.0636672	0	0.119853
351	-4.53579	-5.16976	-inf	0.931159	0.0688407	0	0.124716
352	-3.64106	-4.54586	-inf	0.94662	0.0533797	0	0.110183
353	-22.1569	-17.413	-inf	0.0587847	0.941215	0	0.944743
354	-8.34189	-9.03969	-inf	0.93514	0.0648602	0	0.120975
355	-10.8195	-11.4672	-inf	0.932036	0.0679641	0	0.123892
356	-3.03554	-3.81792	-inf	0.940085	0.059915	0	0.116326
357	-3.89384	-4.60924	-inf	0.936199	0.0638007	0	0.119979
358	-11.7227	-12.3209	-inf	0.928833	0.0711671	0	0.126903
359	-9.11987	-9.90368	-inf	0.940166	0.0598341	0	0.11625
360	-4.55891	-5.39272	-inf	0.942917	0.0570828	0	0.113664
361	-9.91267	-10.6948	-inf	0.940069	0.0599307	0	0.116341
362	-19.5395	-20.0694	-inf	0.924182	0.0758177	0	0.131275
363	-3.89524	-4.6685	-inf	0.939569	0.0604306	0	0.116811
364	-6.32301	-6.9686	-inf	0.9319	0.0680995	0	0.124019
365	-4.53579	-5.16976	-inf	0.931159	0.0688407	0	0.124716
366	-34.8031	-35.6265	-inf	0.942356	0.0576438	0	0.114191
367	-28.2031	-25.9221	-inf	0.423035	0.576965	0	0.60235
368	-3.89384	-4.60924	-inf	0.936199	0.0638007	0	0.119979
369	-3.0258	-3.87836	-inf	0.943918	0.0560821	0	0.112723
370	-3.89384	-4.60924	-inf	0.936199	0.0638007	0	0.119979
371	-3.03554	-3.81792	-inf	0.940085	0.059915	0	0.116326
372	-5.17576	-6.02438	-inf	0.943709	0.056291	0	0.11292
373	-7.89156	-8.79438	-inf	0.94652	0.0534797	0	0.110277
374	-3.69093	-4.39084	-inf	0.935268	0.0647321	0	0.120854
375	-19.9632	-18.1151	-inf	0.530586	0.469414	0	0.501253
376	-3.95586	-4.8262	-inf	0.944852	0.055148	0	0.111845
377	-4.52168	-5.33368	-inf	0.941732	0.058268	0	0.114778
378	-9.06465	-9.82913	-inf	0.939069	0.0609313	0	0.117281
379	-7.56184	-8.06586	-inf	0.922348	0.0776519	0	0.132999
380	-4.44406	-5.41644	-inf	0.949934	0.0500663	0	0.107068
381	-15.0322	-15.783	-inf	0.938281	0.061719	0	0.118022
382	-4.29239	-5.27985	-inf	0.950646	0.0493538	0	0.106399
383	-3.89524	-4.6685	-inf	0.939569	0.0604306	0	0.116811
384	-11.7769	-9.76639	-inf	0.490044	0.509956	0	0.539361
385	-29.4096	-27.077	-inf	0.410496	0.589504	0	0.614136
386	-9.92588	-10.4324	-inf	0.922526	0.0774737	0	0.132831
387	-9.95127	-10.6668	-inf	0.936208	0.0637917	0	0.11997
388	-29.3589	-21.5409	-inf	0.00287938	0.997121	0	0.997293
389	-8.35884	-8.8688	-inf	0.922773	0.0772275	0	0.1326
390	-3.0258	-3.87836	-inf	0.943918	0.0560821	0	0.112723
391	-3.99654	-5.05756	-inf	0.953985	0.0460145	0	0.10326
392	-3.03554	-3.81792	-inf	0.940085	0.059915	0	0.116326
393	-4.29239	-5.27985	-inf	0.950646	0.0493538	0	0.106399
394	-4.52168	-5.33368	-inf	0.941732	0.058268	0	0.114778
395	-5.18696	-5.77153	-inf	0.927924	0.0720758	0	0.127757
396	-4.33576	-5.05197	-inf	0.936248	0.0637518	0	0.119933
397	-4.60915	-5.2048	-inf	0.928662	0.0713384	0	0.127064
398	-5.13181	-5.70347	-inf	0.927056	0.0729441	0	0.128573
399	-10.2023	-8.34187	-inf	0.527528	0.472472	0	0.504127
400	-3.03554	-3.81792	-inf	0.940085	0.059915	0	0.116326
401	-11.8657	-12.6789	-inf	0.941798	0.0582016	0	0.114716
402	-3.03554	-3.81792	-inf	0.940085	0.059915	0	0.116326
403	-3.0258	-3.87836	-inf	0.943918	0.0560821	0	0.112723
404	-18.1956	-18.8877	-inf	0.934798	0.065202	0	0.121296
405	-5.08177	-5.59571	-inf	0.923055	0.0769446	0	0.132334
406	-3.40582	-4.41958	-inf	0.951865	0.0481345	0	0.105253
407	-15.7529	-16.555	-inf	0.941188	0.0588122	0	0.115289
408	-8.19271	-8.88844	-inf	0.935015	0.0649854	0	0.121092
409	-9.93531	-7.88472	-inf	0.48003	0.51997	0	0.548775
410	-3.41638	-4.34396	-inf	0.94776	0.0522405	0	0.109112
411	-3.40582	-4.41958	-inf	0.951865	0.0481345	0	0.105253
412	-10.0175	-10.7012	-inf	0.934277	0.0657227	0	0.121785
413	-10.1503	-8.14732	-inf	0.49193	0.50807	0	0.537589
414	-3.95586	-4.8262	-inf	0.944852	0.055148	0	0.111845
415	-4.2384	-4.88621	-inf	0.932041	0.0679593	0	0.123888
416	-3.03554	-3.81792	-inf	0.940085	0.059915	0	0.116326
417	-26.1426	-21.3468	-inf	0.055978	0.944022	0	0.947381
418	-5.17576	-6.02438	-inf	0.943709	0.056291	0	0.11292
419	-4.52168	-5.33368	-inf	0.941732	0.058268	0	0.114778
420	-10.1526	-8.145	-inf	0.490762	0.509238	0	0.538687
421	-7.576	-8.33653	-inf	0.938843	0.0611572	0	0.117494
422	-4.60003	-5.41169	-inf	0.941713	0.0582867	0	0.114796
423	-4.55279	-5.28845	-inf	0.937399	0.0626014	0	0.118851
424	-5.14654	-5.91476	-inf	0.939283	0.0607174	0	0.11708
425	-3.0258	-3.87836	-inf	0.943918	0.0560821	0	0.112723
426	-13.1845	-11.3569	-inf	0.535718	0.464282	0	0.496429
427	-10.3555	-8.33448	-inf	0.487412	0.512588	0	0.541836
428	-7.92784	-8.70819	-inf	0.939971	0.0600293	0	0.116434
429	-12.6343	-13.2684	-inf	0.931169	0.068831	0	0.124707
430	-4.53579	-5.16976	-inf	0.931159	0.0688407	0	0.124716
431	-8.68354	-9.26804	-inf	0.927919	0.0720805	0	0.127762
432	-4.18228	-4.94605	-inf	0.939028	0.0609717	0	0.117319
433	-4.60003	-5.41169	-inf	0.941713	0.0582867	0	0.114796
434	-11.4941	-9.6911	-inf	0.54183	0.45817	0	0.490684
435	-9.68416	-10.4655	-inf	0.940026	0.0599741	0	0.116382
436	-4.33576	-5.05197	-inf	0.936248	0.0637518	0	0.119933
437	-3.03554	-3.81792	-inf	0.940085	0.059915	0	0.116326
438	-10.4823	-8.42575	-inf	0.478533	0.521467	0	0.550182
439	-20.8539	-15.9947	-inf	0.0527247	0.947275	0	0.950439
440	-4.9411	-5.57537	-inf	0.931179	0.0688215	0	0.124698
441	-3.89524	-4.6685	-inf	0.939569	0.0604306	0	0.116811
442	-3.41638	-4.34396	-inf	0.94776	0.0522405	0	0.109112
443	-3.95586	-4.8262	-inf	0.944852	0.055148	0	0.111845
444	-3.69093	-4.39084	-inf	0.935268	0.0647321	0	0.120854
445	-7.42204	-8.24736	-inf	0.942458	0.0575415	0	0.114095
446	-3.0258	-3.87836	-inf	0.943918	0.0560821	0	0.112723
447	-9.67302	-10.2102	-inf	0.924688	0.0753117	0	0.130799
448	-8.51382	-9.29506	-inf	0.940021	0.0599787	0	0.116386
449	-6.83137	-7.60698	-inf	0.939702	0.0602975	0	0.116686
450	-7.32529	-8.17753	-inf	0.943901	0.0560987	0	0.112739
451	-11.6797	-12.6419	-inf	0.949451	0.0505493	0	0.107522
452	-15.217	-13.1214	-inf	0.468807	0.531193	0	0.559325
453	-7.16693	-7.88457	-inf	0.936333	0.0636672	0	0.119853
454	-25.3625	-26.1055	-inf	0.937832	0.0621684	0	0.118444
455	-15.2547	-13.4276	-inf	0.535831	0.464169	0	0.496322
456	-9.58586	-10.2982	-inf	0.936014	0.0639857	0	0.120152
457	-14.6269	-15.173	-inf	0.925309	0.0746913	0	0.130216
458	-15.5985	-16.3213	-inf	0.93664	0.0633596	0	0.119564
459	-9.62835	-10.4192	-inf	0.940561	0.059439	0	0.115879
460	-6.55698	-7.33142	-inf	0.939636	0.0603639	0	0.116748
461	-4.81564	-5.74239	-inf	0.947718	0.0522816	0	0.109151
462	-4.29239	-5.27985	-inf	0.950646	0.0493538	0	0.106399
463	-12.2464	-10.1482	-inf	0.468153	0.531847	0	0.559939
464	-5.08177	-5.59571	-inf	0.923055	0.0769446	0	0.132334
465	-7.35591	-8.19339	-inf	0.943114	0.0568855	0	0.113478
466	-4.33576	-5.05197	-inf	0.936248	0.0637518	0	0.119933
467	-10.8859	-8.98355	-inf	0.517077	0.482923	0	0.513951
468	-21.5263	-19.3493	-inf	0.448609	0.551391	0	0.57831
469	-27.2202	-19.5199	-inf	0.00323762	0.996762	0	0.996957
470	-9.71373	-10.523	-inf	0.941583	0.058417	0	0.114918
471	-3.89524	-4.6685	-inf	0.939569	0.0604306	0	0.116811
472	-3.0258	-3.87836	-inf	0.943918	0.0560821	0	0.112723
473	-12.7692	-10.7231	-inf	0.481151	0.518849	0	0.547721
474	-18.4998	-16.3246	-inf	0.449039	0.550961	0	0.577906
475	-8.07871	-8.87726	-inf	0.94099	0.0590102	0	0.115476
476	-3.40582	-4.41958	-inf	0.951865	0.0481345	0	0.105253
477	-3.03554	-3.81792	-inf	0.940085	0.059915	0	0.116326
478	-8.92789	-9.73138	-inf	0.941263	0.0587371	0	0.115219
479	-3.89384	-4.60924	-inf	0.936199	0.0638007	0	0.119979
480	-4.00345	-4.74937	-inf	0.937998	0.0620017	0	0.118288
481	-8.29078	-8.79608	-inf	0.92244	0.0775603	0	0.132913
482	-3.5985	-4.43164	-inf	0.942881	0.0571189	0	0.113698
483	-7.62163	-8.44579	-inf	0.942395	0.0576046	0	0.114154
484	-11.0292	-11.7815	-inf	0.938368	0.0616317	0	0.11794
485	-9.27671	-9.94713	-inf	0.933459	0.066541	0	0.122555
486	-9.42733	-9.94019	-inf	0.922979	0.077021	0	0.132406
487	-20.8476	-21.7828	-inf	0.948137	0.051863	0	0.108757
488	-3.03554	-3.81792	-inf	0.940085	0.059915	0	0.116326
489	-3.5985	-4.43164	-inf	0.942881	0.0571189	0	0.113698
490	-6.21659	-7.05948	-inf	0.943404	0.0565961	0	0.113206
491	-9.21521	-9.93019	-inf	0.936175	0.0638255	0	0.120002
492	-8.86775	-9.37457	-inf	0.922549	0.0774511	0	0.13281
493	-6.98566	-7.76099	-inf	0.939687	0.0603133	0	0.1167
494	-3.0258	-3.87836	-inf	0.943918	0.0560821	0	0.112723
495	-3.41638	-4.34396	-inf	0.94776	0.0522405	0	0.109112
496	-3.41638	-4.34396	-inf	0.94776	0.0522405	0	0.109112
497	-3.89384	-4.60924	-inf	0.936199	0.0638007	0	0.119979
498	-12.0257	-9.83065	-inf	0.44413	0.55587	0	0.58252
499	-10.1176	-10.9273	-inf	0.941602	0.0583975	0	0.1149
500	-11.7806	-9.85703	-inf	0.511771	0.488229	0	0.518938
501	-3.0258	-3.87836	-inf	0.943918	0.0560821	0	0.112723
502	-8.99235	-9.59516	-inf	0.929135	0.0708654	0	0.126619
503	-3.95586	-4.8262	-inf	0.944852	0.055148	0	0.111845
504	-3.03554	-3.81792	-inf	0.940085	0.059915	0	0.116326
505	-8.75787	-9.53185	-inf	0.93961	0.0603895	0	0.116772
506	-13.7437	-14.4001	-inf	0.932582	0.0674181	0	0.123379
507	-9.96213	-10.8143	-inf	0.943898	0.0561023	0	0.112742
508	-2.99813	-3.77868	-inf	0.939982	0.0600176	0	0.116423
509	-10.2104	-11.1811	-inf	0.949851	0.0501492	0	0.107146
510	-4.55891	-5.39272	-inf	0.942917	0.0570828	0	0.113664
511	-7.42204	-8.24736	-inf	0.942458	0.0575415	0	0.114095
512	-3.69093	-4.39084	-inf	0.935268	0.0647321	0	0.120854
513	-4.98313	-5.8446	-inf	0.944388	0.0556122	0	0.112282
514	-5.08177	-5.59571	-inf	0.923055	0.0769446	0	0.132334
515	-3.03554	-3.81792	-inf	0.940085	0.059915	0	0.116326
516	-5.14089	-5.98338	-inf	0.943383	0.0566171	0	0.113226
517	-7.66557	-8.41377	-inf	0.938131	0.0618693	0	0.118163
518	-5.88021	-6.52223	-inf	0.931674	0.0683259	0	0.124232
519	-5.08177	-5.59571	-inf	0.923055	0.0769446	0	0.132334
520	-3.03554	-3.81792	-inf	0.940085	0.059915	0	0.116326
521	-9.76286	-10.5293	-inf	0.93918	0.0608198	0	0.117177
522	-3.69093	-4.39084	-inf	0.935268	0.0647321	0	0.120854
523	-3.0258	-3.87836	-inf	0.943918	0.0560821	0	0.112723
524	-3.0258	-3.87836	-inf	0.943918	0.0560821	0	0.112723
525	-3.64063	-4.54345	-inf	0.94652	0.0534798	0	0.110277
526	-4.98313	-5.8446	-inf	0.944388	0.0556122	0	0.112282
527	-5.18696	-5.77153	-inf	0.927924	0.0720758	0	0.127757
528	-4.1111	-4.61765	-inf	0.922529	0.0774709	0	0.132829
529	-3.0258	-3.87836	-inf	0.943918	0.0560821	0	0.112723
530	-11.3137	-9.21696	-inf	0.468516	0.531484	0	0.559598
531	-22.775	-17.8895	-inf	0.0514267	0.948573	0	0.951659
532	-16.1895	-14.0413	-inf	0.455738	0.544262	0	0.571609
533	-12.9677	-13.7425	-inf	0.939659	0.0603412	0	0.116727
534	-18.1248	-15.9345	-inf	0.445316	0.554684	0	0.581406
535	-15.5522	-13.2559	-inf	0.419313	0.580687	0	0.605848
536	-15.7935	-13.6169	-inf	0.44869	0.55131	0	0.578234
537	-15.1595	-13.2972	-inf	0.527075	0.472925	0	0.504553
538	-10.6086	-8.48942	-inf	0.462949	0.537051	0	0.564831
539	-3.03554	-3.81792	-inf	0.940085	0.059915	0	0.116326
540	-10.3594	-8.50863	-inf	0.529936	0.470064	0	0.501863
541	-4.63768	-5.24879	-inf	0.929679	0.0703206	0	0.126107
542	-14.7948	-12.5508	-inf	0.432098	0.567902	0	0.59383
543	-18.065	-13.4257	-inf	0.0648518	0.935148	0	0.93904
544	-8.57506	-9.27329	-inf	0.935166	0.0648336	0	0.12095
545	-11.478	-9.3813	-inf	0.468524	0.531476	0	0.55959
546	-25.7172	-23.6659	-inf	0.479847	0.520153	0	0.548947
547	-3.03554	-3.81792	-inf	0.940085	0.059915	0	0.116326
548	-7.50795	-8.14324	-inf	0.931244	0.0687562	0	0.124637
549	-4.32683	-5.24995	-inf	0.947538	0.0524617	0	0.10932
550	-7.66263	-8.29778	-inf	0.931234	0.0687655	0	0.124646
551	-3.69093	-4.39084	-inf	0.935268	0.0647321	0	0.120854
552	-5.66445	-6.28706	-inf	0.930428	0.0695721	0	0.125404
553	-3.64106	-4.54586	-inf	0.94662	0.0533797	0	0.110183
554	-3.03554	-3.81792	-inf	0.940085	0.059915	0	0.116326
555	-6.98566	-7.76099	-inf	0.939687	0.0603133	0	0.1167
556	-4.55279	-5.28845	-inf	0.937399	0.0626014	0	0.118851
557	-10.1962	-8.19698	-inf	0.492856	0.507144	0	0.536719
558	-3.03554	-3.81792	-inf	0.940085	0.059915	0	0.116326
559	-7.92784	-8.70819	-inf	0.939971	0.0600293	0	0.116434
560	-18.7537	-14.0365	-inf	0.0602844	0.939716	0	0.943333
561	-33.8192	-23.1472	-inf	0.000166321	0.999834	0	0.999844
562	-15.2473	-13.22	-inf	0.485852	0.514148	0	0.543302
563	-3.95586	-4.8262	-inf	0.944852	0.055148	0	0.111845
564	-9.94567	-7.89797	-inf	0.480751	0.519249	0	0.548097
565	-23.5366	-21.4622	-inf	0.474086	0.525914	0	0.554362
566	-3.03554	-3.81792	-inf	0.940085	0.059915	0	0.116326
567	-13.5721	-14.3412	-inf	0.939333	0.0606674	0	0.117033
568	-24.2407	-19.1251	-inf	0.0412913	0.958709	0	0.961186
569	-8.6769	-9.60103	-inf	0.947588	0.0524116	0	0.109273
570	-13.318	-11.0747	-inf	0.432266	0.567734	0	0.593673
571	-3.89524	-4.6685	-inf	0.939569	0.0604306	0	0.116811
572	-3.99654	-5.05756	-inf	0.953985	0.0460145	0	0.10326
573	-22.2897	-17.1946	-inf	0.042111	0.957889	0	0.960416
574	-16.764	-14.4665	-inf	0.419022	0.580978	0	0.606122
575	-22.3535	-17.3393	-inf	0.0454976	0.954502	0	0.957233
576	-8.36836	-9.14933	-inf	0.940006	0.0599943	0	0.116401
577	-11.0575	-9.23484	-inf	0.536933	0.463067	0	0.495286
578	-13.2442	-11.0685	-inf	0.448921	0.551079	0	0.578017
579	-25.3244	-20.4507	-inf	0.0520022	0.947998	0	0.951118
580	-14.3986	-12.2619	-inf	0.458575	0.541425	0	0.568943
581	-5.38245	-5.87394	-inf	0.921446	0.078554	0	0.133847
582	-3.0258	-3.87836	-inf	0.943918	0.0560821	0	0.112723
583	-3.03554	-3.81792	-inf	0.940085	0.059915	0	0.116326
584	-11.2802	-11.7869	-inf	0.922539	0.0774606	0	0.132819
585	-3.0258	-3.87836	-inf	0.943918	0.0560821	0	0.112723
586	-7.05957	-7.9699	-inf	0.946899	0.0531011	0	0.109921
587	-4.44406	-5.41644	-inf	0.949934	0.0500663	0	0.107068
588	-3.0258	-3.87836	-inf	0.943918	0.0560821	0	0.112723
589	-4.55891	-5.39272	-inf	0.942917	0.0570828	0	0.113664
590	-9.15017	-7.26378	-inf	0.521055	0.478945	0	0.510212
591	-14.1673	-11.845	-inf	0.41298	0.58702	0	0.611802
592	-9.5811	-10.1629	-inf	0.927739	0.0722609	0	0.127931
593	-3.0258	-3.87836	-inf	0.943918	0.0560821	0	0.112723
594	-11.7671	-12.4916	-inf	0.936743	0.0632573	0	0.119468
595	-4.32683	-5.24995	-inf	0.947538	0.0524617	0	0.10932
596	-9.13743	-9.74399	-inf	0.929381	0.070619	0	0.126388
597	-8.40649	-9.2347	-inf	0.942615	0.0573848	0	0.113948
598	-36.9492	-26.5379	-inf	0.00021587	0.999784	0	0.999797
599	-4.00345	-4.74937	-inf	0.937998	0.0620017	0	0.118288
600	-4.96305	-5.75563	-inf	0.940657	0.0593429	0	0.115788
601	-4.52168	-5.33368	-inf	0.941732	0.058268	0	0.114778
602	-4.60003	-5.41169	-inf	0.941713	0.0582867	0	0.114796
603	-4.60003	-5.41169	-inf	0.941713	0.0582867	0	0.114796
604	-10.6092	-8.57879	-inf	0.485056	0.514944	0	0.544051
605	-9.37885	-10.0465	-inf	0.933287	0.0667135	0	0.122717
606	-3.64106	-4.54586	-inf	0.94662	0.0533797	0	0.110183
607	-3.41638	-4.34396	-inf	0.94776	0.0522405	0	0.109112
608	-21.2393	-16.5189	-inf	0.0601034	0.939897	0	0.943503
609	-4.52168	-5.33368	-inf	0.941732	0.058268	0	0.114778
610	-6.93615	-7.7548	-inf	0.942096	0.0579043	0	0.114436
611	-9.93531	-7.88472	-inf	0.48003	0.51997	0	0.548775
612	-24.4554	-18.9342	-inf	0.0279091	0.972091	0	0.973766
613	-4.2384	-4.88621	-inf	0.932041	0.0679593	0	0.123888
614	-26.1795	-18.6559	-inf	0.00386105	0.996139	0	0.996371
615	-4.32683	-5.24995	-inf	0.947538	0.0524617	0	0.10932
616	-19.2218	-17.0475	-inf	0.449273	0.550727	0	0.577686
617	-14.3397	-12.3449	-inf	0.493952	0.506048	0	0.535688
618	-7.8355	-8.68609	-inf	0.943814	0.0561863	0	0.112821
619	-5.14089	-5.98338	-inf	0.943383	0.0566171	0	0.113226
620	-10.6288	-8.47001	-inf	0.453116	0.546884	0	0.574074
621	-5.69924	-6.29229	-inf	0.92849	0.0715104	0	0.127226
622	-5.14089	-5.98338	-inf	0.943383	0.0566171	0	0.113226
623	-4.1111	-4.61765	-inf	0.922529	0.0774709	0	0.132829
624	-8.66084	-9.31941	-inf	0.93272	0.0672803	0	0.123249
625	-4.52168	-5.33368	-inf	0.941732	0.058268	0	0.114778
626	-6.01449	-6.72822	-inf	0.936099	0.0639008	0	0.120073
627	-3.95586	-4.8262	-inf	0.944852	0.055148	0	0.111845
628	-7.21177	-8.24894	-inf	0.952927	0.047073	0	0.104255
629	-4.60003	-5.41169	-inf	0.941713	0.0582867	0	0.114796
630	-5.88021	-6.52223	-inf	0.931674	0.0683259	0	0.124232
631	-4.55279	-5.28845	-inf	0.937399	0.0626014	0	0.118851
632	-28.9406	-29.6923	-inf	0.938333	0.0616667	0	0.117973
633	-7.66557	-8.41377	-inf	0.938131	0.0618693	0	0.118163
634	-4.60003	-5.41169	-inf	0.941713	0.0582867	0	0.114796
635	-4.52168	-5.33368	-inf	0.941732	0.058268	0	0.114778
636	-5.08177	-5.59571	-inf	0.923055	0.0769446	0	0.132334
637	-11.8019	-12.6132	-inf	0.941695	0.0583054	0	0.114813
638	-3.95586	-4.8262	-inf	0.944852	0.055148	0	0.111845
639	-7.92784	-8.70819	-inf	0.939971	0.0600293	0	0.116434
640	-4.98313	-5.8446	-inf	0.944388	0.0556122	0	0.112282
641	-6.01449	-6.72822	-inf	0.936099	0.0639008	0	0.120073
642	-19.6288	-20.1396	-inf	0.922831	0.0771693	0	0.132545
643	-3.0258	-3.87836	-inf	0.943918	0.0560821	0	0.112723
644	-14.162	-14.8006	-inf	0.931452	0.0685479	0	0.124441
645	-10.4736	-11.2304	-inf	0.938631	0.0613692	0	0.117693
646	-8.48223	-8.99609	-inf	0.92305	0.0769497	0	0.132339
647	-7.2664	-7.92914	-inf	0.932981	0.0670193	0	0.123004
648	-5.66445	-6.28706	-inf	0.930428	0.0695721	0	0.125404
649	-3.5985	-4.43164	-inf	0.942881	0.0571189	0	0.113698
650	-4.81564	-5.74239	-inf	0.947718	0.0522816	0	0.109151
651	-6.01449	-6.72822	-inf	0.936099	0.0639008	0	0.120073
652	-7.21177	-8.24894	-inf	0.952927	0.047073	0	0.104255
653	-6.75037	-7.74525	-inf	0.950993	0.049007	0	0.106073
654	-3.99654	-5.05756	-inf	0.953985	0.0460145	0	0.10326
655	-4.52168	-5.33368	-inf	0.941732	0.058268	0	0.114778
656	-3.41638	-4.34396	-inf	0.94776	0.0522405	0	0.109112
657	-3.03554	-3.81792	-inf	0.940085	0.059915	0	0.116326
658	-27.6706	-22.718	-inf	0.0482485	0.951751	0	0.954647
659	-11.417	-11.9986	-inf	0.927724	0.0722757	0	0.127945
660	-9.5857	-10.3939	-inf	0.941525	0.0584747	0	0.114972
661	-13.2982	-11.1225	-inf	0.448918	0.551082	0	0.57802
662	-4.33576	-5.05197	-inf	0.936248	0.0637518	0	0.119933
663	-11.6718	-12.2617	-inf	0.928281	0.071719	0	0.127422
664	-4.29239	-5.27985	-inf	0.950646	0.0493538	0	0.106399
665	-8.87717	-6.90095	-inf	0.498612	0.501388	0	0.531308
666	-26.4018	-21.4657	-inf	0.0490101	0.95099	0	0.953931
667	-4.32683	-5.24995	-inf	0.947538	0.0524617	0	0.10932
668	-3.5985	-4.43164	-inf	0.942881	0.0571189	0	0.113698
669	-4.1111	-4.61765	-inf	0.922529	0.0774709	0	0.132829
670	-14.0771	-14.8807	-inf	0.941268	0.0587318	0	0.115214
671	-5.18714	-5.81748	-inf	0.930927	0.0690733	0	0.124935
672	-17.3484	-15.1421	-inf	0.441351	0.558649	0	0.585133
673	-4.63768	-5.24879	-inf	0.929679	0.0703206	0	0.126107
674	-18.0907	-18.7086	-inf	0.930118	0.069882	0	0.125695
675	-9.62835	-10.4192	-inf	0.940561	0.059439	0	0.115879
676	-13.9855	-11.8057	-inf	0.447909	0.552091	0	0.578968
677	-8.90017	-9.78713	-inf	0.945712	0.0542884	0	0.111037
678	-3.64106	-4.54586	-inf	0.94662	0.0533797	0	0.110183
679	-4.00345	-4.74937	-inf	0.937998	0.0620017	0	0.118288
680	-4.98313	-5.8446	-inf	0.944388	0.0556122	0	0.112282
681	-12.3	-13.0456	-inf	0.93798	0.0620196	0	0.118304
682	-4.32683	-5.24995	-inf	0.947538	0.0524617	0	0.10932
683	-14.0083	-14.6518	-inf	0.931769	0.0682314	0	0.124144
684	-3.40582	-4.41958	-inf	0.951865	0.0481345	0	0.105253
685	-3.89384	-4.60924	-inf	0.936199	0.0638007	0	0.119979
686	-10.9625	-9.08133	-inf	0.522348	0.477652	0	0.508996
687	-3.5985	-4.43164	-inf	0.942881	0.0571189	0	0.113698
688	-3.41638	-4.34396	-inf	0.94776	0.0522405	0	0.109112
689	-3.81342	-4.46505	-inf	0.932283	0.0677171	0	0.12366
690	-4.18228	-4.94605	-inf	0.939028	0.0609717	0	0.117319
691	-5.1476	-5.98731	-inf	0.943234	0.0567661	0	0.113366
709	-4.18228	-4.94605	-inf	0.939028	0.0609718	0	0.11732
710	-4.52168	-5.33368	-inf	0.941732	0.0582681	0	0.114778
711	-4.52168	-5.33368	-inf	0.941732	0.0582681	0	0.114778
712	-3.5985	-4.43163	-inf	0.942881	0.057119	0	0.113698
713	-8.7411	-9.79687	-inf	0.953754	0.0462459	0	0.103477
714	-9.86175	-10.653	-inf	0.940581	0.0594192	0	0.11586
715	-21.4123	-16.5184	-inf	0.0510197	0.94898	0	0.952042
716	-9.47529	-10.3942	-inf	0.947329	0.0526706	0	0.109516
717	-4.96305	-5.75563	-inf	0.940657	0.059343	0	0.115788
718	-8.30031	-9.05231	-inf	0.938351	0.0616488	0	0.117956
719	-4.00345	-4.74937	-inf	0.937998	0.0620017	0	0.118288
720	-20.5668	-21.0615	-inf	0.921678	0.0783225	0	0.133629
721	-4.37923	-5.1238	-inf	0.93792	0.0620801	0	0.118361
722	-10.6771	-11.488	-inf	0.941675	0.0583252	0	0.114832
723	-7.72232	-8.2267	-inf	0.922374	0.0776261	0	0.132974
724	-3.03554	-3.81792	-inf	0.940085	0.0599151	0	0.116326
725	-3.64106	-4.54586	-inf	0.94662	0.0533798	0	0.110183
726	-3.41638	-4.34396	-inf	0.947759	0.0522406	0	0.109112
727	-8.11879	-9.12766	-inf	0.951641	0.048359	0	0.105464
728	-25.7012	-26.3854	-inf	0.934312	0.0656883	0	0.121753
729	-16.0148	-16.7443	-inf	0.937038	0.0629617	0	0.11919
730	-9.31232	-9.98003	-inf	0.933291	0.0667091	0	0.122713
731	-4.33576	-5.05197	-inf	0.936248	0.0637519	0	0.119933
732	-3.40582	-4.41957	-inf	0.951865	0.0481346	0	0.105253
733	-5.59388	-6.37242	-inf	0.939868	0.0601315	0	0.11653
734	-20.2021	-20.7371	-inf	0.924536	0.0754641	0	0.130942
735	-3.95586	-4.8262	-inf	0.944852	0.0551481	0	0.111845
736	-4.55279	-5.28844	-inf	0.937399	0.0626015	0	0.118851
737	-4.29239	-5.27985	-inf	0.950646	0.0493539	0	0.106399
738	-8.66314	-9.42692	-inf	0.939029	0.0609711	0	0.117319
739	-18.0795	-13.0792	-inf	0.0461047	0.953895	0	0.956662
740	-3.64106	-4.54586	-inf	0.94662	0.0533798	0	0.110183
741	-3.89384	-4.60924	-inf	0.936199	0.0638008	0	0.119979
742	-4.37923	-5.1238	-inf	0.93792	0.0620801	0	0.118361
743	-4.60915	-5.2048	-inf	0.928662	0.0713385	0	0.127064
744	-9.77025	-10.3077	-inf	0.92471	0.0752897	0	0.130778
745	-4.61605	-5.15421	-inf	0.924759	0.0752414	0	0.130733
746	-5.09888	-5.78012	-inf	0.934128	0.0658718	0	0.121925
747	-3.0258	-3.87835	-inf	0.943918	0.0560822	0	0.112723
748	-18.5253	-13.9012	-inf	0.0657766	0.934223	0	0.93817
749	-8.70429	-9.71532	-inf	0.95174	0.04826	0	0.10537
750	-24.6109	-19.6445	-inf	0.0476158	0.952384	0	0.955241
751	-3.81342	-4.46505	-inf	0.932283	0.0677172	0	0.12366
752	-4.52168	-5.33368	-inf	0.941732	0.0582681	0	0.114778
753	-5.17576	-6.02437	-inf	0.943709	0.0562911	0	0.11292
754	-25.0495	-20.1425	-inf	0.0503845	0.949615	0	0.952639
755	-13.233	-11.0735	-inf	0.452936	0.547064	0	0.574243
756	-4.29239	-5.27985	-inf	0.950646	0.0493539	0	0.106399
757	-4.53579	-5.16976	-inf	0.931159	0.0688408	0	0.124716
758	-22.5216	-20.3409	-inf	0.447664	0.552336	0	0.579199
759	-6.91704	-7.60834	-inf	0.934745	0.0652551	0	0.121346
760	-16.5003	-17.2737	-inf	0.939579	0.0604212	0	0.116802
761	-4.96305	-5.75563	-inf	0.940657	0.059343	0	0.115788
762	-10.6548	-11.3053	-inf	0.932214	0.067786	0	0.123725
763	-3.0258	-3.87835	-inf	0.943918	0.0560822	0	0.112723
764	-3.40582	-4.41957	-inf	0.951865	0.0481346	0	0.105253
765	-4.81564	-5.74239	-inf	0.947718	0.0522817	0	0.109151
766	-4.18228	-4.94605	-inf	0.939028	0.0609718	0	0.11732
767	-3.03554	-3.81792	-inf	0.940085	0.0599151	0	0.116326
768	-4.52168	-5.33368	-inf	0.941732	0.0582681	0	0.114778
769	-11.5917	-12.5143	-inf	0.947512	0.0524879	0	0.109345
770	-14.017	-14.8442	-inf	0.942561	0.0574387	0	0.113998
771	-4.52168	-5.33368	-inf	0.941732	0.0582681	0	0.114778
772	-12.6436	-10.7355	-inf	0.515643	0.484357	0	0.515299
773	-10.6317	-11.4062	-inf	0.939643	0.0603572	0	0.116742
774	-3.41638	-4.34396	-inf	0.947759	0.0522406	0	0.109112
775	-3.69093	-4.39084	-inf	0.935268	0.0647322	0	0.120854
776	-4.00345	-4.74937	-inf	0.937998	0.0620017	0	0.118288
777	-4.32683	-5.24995	-inf	0.947538	0.0524618	0	0.10932
778	-19.571	-14.6166	-inf	0.0481663	0.951834	0	0.954724
779	-4.2384	-4.8862	-inf	0.932041	0.0679593	0	0.123888
780	-5.17576	-6.02437	-inf	0.943709	0.0562911	0	0.11292
781	-3.5985	-4.43163	-inf	0.942881	0.057119	0	0.113698
782	-6.77525	-7.59145	-inf	0.941962	0.0580381	0	0.114562
783	-7.76287	-8.37493	-inf	0.929742	0.0702583	0	0.126049
784	-9.78115	-10.6319	-inf	0.943821	0.0561791	0	0.112814
785	-3.03554	-3.81792	-inf	0.940085	0.0599151	0	0.116326
786	-31.1112	-26.3954	-inf	0.0603629	0.939637	0	0.943259
787	-4.37923	-5.1238	-inf	0.93792	0.0620801	0	0.118361
788	-4.18228	-4.94605	-inf	0.939028	0.0609718	0	0.11732
789	-11.9454	-12.7875	-inf	0.943358	0.0566416	0	0.113249
790	-3.89524	-4.6685	-inf	0.939569	0.0604307	0	0.116811
791	-8.74992	-9.49237	-inf	0.937796	0.0622038	0	0.118478
792	-12.5757	-13.1021	-inf	0.923934	0.0760659	0	0.131508
793	-9.45245	-10.2788	-inf	0.942515	0.0574848	0	0.114042
794	-18.0703	-13.0239	-inf	0.0441232	0.955877	0	0.958524
795	-3.41638	-4.34396	-inf	0.947759	0.0522406	0	0.109112
796	-4.60915	-5.2048	-inf	0.928662	0.0713385	0	0.127064
797	-3.41638	-4.34396	-inf	0.947759	0.0522406	0	0.109112
798	-11.0327	-11.893	-inf	0.944328	0.0556719	0	0.112338
799	-6.55698	-7.33141	-inf	0.939636	0.060364	0	0.116748
800	-3.64106	-4.54586	-inf	0.94662	0.0533798	0	0.110183
801	-8.43012	-9.39209	-inf	0.949436	0.0505637	0	0.107536
802	-8.47714	-9.21959	-inf	0.937796	0.0622038	0	0.118478
803	-5.08177	-5.59571	-inf	0.923055	0.0769446	0	0.132334
804	-7.88074	-8.59741	-inf	0.936275	0.063725	0	0.119907
805	-27.7759	-20.3147	-inf	0.00410859	0.995891	0	0.996138
806	-8.13978	-8.87098	-inf	0.937137	0.0628633	0	0.119098
807	-15.6061	-13.535	-inf	0.474922	0.525078	0	0.553577
808	-22.7113	-17.8645	-inf	0.0533454	0.946655	0	0.949856
809	-3.40582	-4.41957	-inf	0.951865	0.0481346	0	0.105253
810	-6.98566	-7.76099	-inf	0.939687	0.0603134	0	0.116701
811	-53.0303	-42.4753	-inf	0.000186976	0.999813	0	0.999824
812	-5.66445	-6.28706	-inf	0.930428	0.0695722	0	0.125404
813	-4.53579	-5.16976	-inf	0.931159	0.0688408	0	0.124716
814	-10.9352	-8.98069	-inf	0.504049	0.495951	0	0.526198
815	-4.1111	-4.61765	-inf	0.922529	0.077471	0	0.132829
816	-3.40582	-4.41957	-inf	0.951865	0.0481346	0	0.105253
817	-15.4997	-13.4626	-inf	0.483401	0.516599	0	0.545606
818	-14.5209	-12.3702	-inf	0.455102	0.544898	0	0.572207
819	-9.82135	-10.5004	-inf	0.933991	0.0660095	0	0.122055
820	-3.99654	-5.05756	-inf	0.953985	0.0460146	0	0.10326
821	-8.85543	-9.36383	-inf	0.922661	0.0773389	0	0.132704
822	-4.98313	-5.8446	-inf	0.944388	0.0556123	0	0.112282
823	-43.776	-33.1524	-inf	0.000174583	0.999825	0	0.999836
824	-4.60002	-5.41168	-inf	0.941713	0.0582868	0	0.114796
825	-3.03554	-3.81792	-inf	0.940085	0.0599151	0	0.116326
826	-7.32211	-8.13413	-inf	0.941733	0.058267	0	0.114777
827	-26.7915	-19.2593	-inf	0.00382797	0.996172	0	0.996402
828	-16.0886	-11.288	-inf	0.0557233	0.944277	0	0.94762
829	-8.87717	-6.90095	-inf	0.498612	0.501388	0	0.531308
830	-27.6186	-19.8293	-inf	0.00296291	0.997037	0	0.997215
831	-12.5526	-10.722	-inf	0.534961	0.465039	0	0.49714
832	-11.1538	-11.9062	-inf	0.938373	0.0616274	0	0.117936
833	-3.03554	-3.81792	-inf	0.940085	0.0599151	0	0.116326
834	-17.3328	-12.4728	-inf	0.0526869	0.947313	0	0.950475
835	-9.28186	-10.0697	-inf	0.940393	0.0596065	0	0.116036
836	-14.96	-12.955	-inf	0.491438	0.508562	0	0.538051
837	-10.4647	-11.2324	-inf	0.939254	0.0607462	0	0.117107
838	-6.01449	-6.72821	-inf	0.936099	0.0639009	0	0.120073
839	-3.69093	-4.39084	-inf	0.935268	0.0647322	0	0.120854
840	-12.8745	-10.5887	-inf	0.421862	0.578138	0	0.603452
841	-3.99654	-5.05756	-inf	0.953985	0.0460146	0	0.10326
842	-3.5985	-4.43163	-inf	0.942881	0.057119	0	0.113698
843	-3.0258	-3.87835	-inf	0.943918	0.0560822	0	0.112723
844	-3.03554	-3.81792	-inf	0.940085	0.0599151	0	0.116326
845	-13.2638	-13.78	-inf	0.923221	0.0767786	0	0.132178
846	-11.9548	-9.90257	-inf	0.47962	0.52038	0	0.549161
847	-4.29228	-5.27798	-inf	0.950564	0.0494362	0	0.106476
848	-11.6551	-9.69144	-inf	0.501762	0.498238	0	0.528347
849	-14.1321	-12.2205	-inf	0.514777	0.485223	0	0.516113
850	-25.4928	-23.4186	-inf	0.474132	0.525868	0	0.554319
851	-3.02522	-3.87625	-inf	0.943837	0.0561626	0	0.112799
852	-28.6182	-21.1404	-inf	0.00404163	0.995958	0	0.996201
1243	-19.9907	-15.1901	-inf	0.0557271	0.944273	0	0.947617
1244	-4.9748	-5.82014	-inf	0.943534	0.0564658	0	0.113084
1245	-3.03091	-3.79867	-inf	0.939256	0.060744	0	0.117105
1246	-3.94989	-4.80395	-inf	0.943997	0.0560028	0	0.112649
1247	-8.93024	-9.54573	-inf	0.929965	0.0700349	0	0.125839
1248	-3.03091	-3.79867	-inf	0.939256	0.060744	0	0.117105
1249	-4.59314	-5.38961	-inf	0.940874	0.0591261	0	0.115585
1250	-14.1262	-14.8306	-inf	0.935535	0.0644647	0	0.120603
1251	-9.95781	-10.7571	-inf	0.941029	0.0589705	0	0.115438
1252	-3.63734	-4.52521	-inf	0.945759	0.0542412	0	0.110993
1253	-3.03091	-3.79867	-inf	0.939256	0.060744	0	0.117105
1254	-3.03091	-3.79867	-inf	0.939256	0.060744	0	0.117105
1255	-5.14101	-5.96502	-inf	0.942388	0.0576123	0	0.114162
1256	-17.8345	-15.6424	-inf	0.444852	0.555148	0	0.581842
1257	-4.9748	-5.82014	-inf	0.943534	0.0564658	0	0.113084
1258	-9.94986	-10.591	-inf	0.931619	0.0683815	0	0.124285
1259	-7.62287	-8.52316	-inf	0.946392	0.0536079	0	0.110398
1260	-13.4367	-11.4773	-inf	0.502813	0.497187	0	0.527359
1261	-4.32853	-5.03136	-inf	0.935444	0.0645555	0	0.120688
1262	-8.97801	-9.70392	-inf	0.936824	0.0631759	0	0.119391
1263	-5.07352	-5.57787	-inf	0.922372	0.0776284	0	0.132977
1267	-3.02886	-3.7901	-inf	0.938884	0.0611163	0	0.117455
1268	-3.41005	-4.31257	-inf	0.946505	0.0534948	0	0.110291
1269	-6.5503	-7.3036	-inf	0.938426	0.0615736	0	0.117885
1270	-14.4139	-15.1733	-inf	0.938774	0.0612257	0	0.117558
1271	-13.5176	-14.1809	-inf	0.933017	0.0669834	0	0.12297
1272	-3.02886	-3.7901	-inf	0.938884	0.0611163	0	0.117455
1273	-3.39768	-4.38401	-inf	0.950593	0.0494071	0	0.106449
1274	-6.77413	-7.59796	-inf	0.942378	0.0576225	0	0.114171
1275	-5.5848	-6.34233	-inf	0.93867	0.0613301	0	0.117656
1276	-3.0169	-3.84638	-inf	0.942684	0.0573162	0	0.113883
1277	-4.29069	-5.25149	-inf	0.94938	0.0506197	0	0.107589
1278	-3.0169	-3.84638	-inf	0.942684	0.0573162	0	0.113883
1279	-4.29069	-5.25149	-inf	0.94938	0.0506197	0	0.107589
1280	-8.9393	-9.65384	-inf	0.936148	0.063852	0	0.120027
1281	-7.15989	-7.85821	-inf	0.935172	0.064828	0	0.120944
1282	-12.0154	-10.0266	-inf	0.495483	0.504517	0	0.534249
1283	-10.8296	-8.9925	-inf	0.533339	0.466661	0	0.498664
1284	-4.29069	-5.25149	-inf	0.94938	0.0506197	0	0.107589
1285	-3.8868	-4.58289	-inf	0.935036	0.0649638	0	0.121072
1286	-3.68256	-4.36356	-inf	0.934114	0.0658863	0	0.121939
1287	-3.68256	-4.36356	-inf	0.934114	0.0658863	0	0.121939
1288	-7.31322	-8.10216	-inf	0.940454	0.0595461	0	0.115979
1289	-27.8713	-20.1729	-inf	0.00324395	0.996756	0	0.996951
1290	-19.1359	-14.4633	-inf	0.0628625	0.937137	0	0.94091
1291	-4.29069	-5.25149	-inf	0.94938	0.0506197	0	0.107589
1292	-6.90012	-7.62613	-inf	0.93683	0.0631698	0	0.119386
1293	-25.9391	-21.0113	-inf	0.0493984	0.950602	0	0.953566
1294	-4.59008	-5.37979	-inf	0.940497	0.0595032	0	0.115939
1295	-18.0108	-12.8503	-inf	0.0395483	0.960452	0	0.962825
1296	-14.0091	-12.1345	-inf	0.523996	0.476004	0	0.507447
1297	-9.38393	-9.86424	-inf	0.920633	0.0793671	0	0.134611
1298	-3.0169	-3.84638	-inf	0.942684	0.0573162	0	0.113883
1299	-8.62645	-9.49678	-inf	0.944852	0.0551484	0	0.111846
1300	-10.1849	-8.14408	-inf	0.48247	0.51753	0	0.546482
1301	-4.32532	-5.02219	-inf	0.935084	0.0649162	0	0.121027
1302	-3.02886	-3.7901	-inf	0.938884	0.0611163	0	0.117455
1303	-7.93382	-8.82165	-inf	0.945756	0.0542441	0	0.110996
1304	-8.41122	-9.16405	-inf	0.938399	0.0616008	0	0.117911
1305	-3.59062	-4.40117	-inf	0.941652	0.0583476	0	0.114853
1306	-3.41005	-4.31257	-inf	0.946505	0.0534948	0	0.110291
1307	-18.2143	-13.2592	-inf	0.0481355	0.951864	0	0.954753
1308	-3.94724	-4.79405	-inf	0.943613	0.0563871	0	0.11301
1309	-7.57835	-8.40531	-inf	0.942548	0.0574523	0	0.114011
1310	-21.4381	-19.1179	-inf	0.413504	0.586496	0	0.611309
1311	-3.0169	-3.84638	-inf	0.942684	0.0573162	0	0.113883
1312	-3.94724	-4.79405	-inf	0.943613	0.0563871	0	0.11301
1313	-3.39768	-4.38401	-inf	0.950593	0.0494071	0	0.106449
1314	-3.68256	-4.36356	-inf	0.934114	0.0658863	0	0.121939
1315	-12.5291	-13.0394	-inf	0.922794	0.0772064	0	0.13258
1316	-14.7837	-15.3999	-inf	0.930014	0.069986	0	0.125793
1317	-7.8737	-8.57106	-inf	0.935113	0.0648867	0	0.120999
1318	-18.3073	-13.1669	-inf	0.0403215	0.959678	0	0.962098
1319	-10.7504	-11.439	-inf	0.934583	0.0654171	0	0.121498
1320	-7.41458	-8.22007	-inf	0.941373	0.0586267	0	0.115115
1321	-4.94965	-5.72077	-inf	0.939448	0.0605518	0	0.116925
1322	-21.7243	-22.4826	-inf	0.938711	0.061289	0	0.117618
1323	-3.88579	-4.63814	-inf	0.938371	0.0616287	0	0.117937
1324	-3.412	-4.32224	-inf	0.946894	0.0531056	0	0.109925
1325	-3.03091	-3.79867	-inf	0.939256	0.060744	0	0.117105
1326	-4.10321	-4.6003	-inf	0.92185	0.0781502	0	0.133467
1327	-14.1118	-14.9254	-inf	0.941816	0.0581837	0	0.114699
1328	-4.59314	-5.38961	-inf	0.940874	0.0591261	0	0.115585
1329	-4.51464	-5.31144	-inf	0.940892	0.0591077	0	0.115567
1330	-8.42445	-9.33026	-inf	0.946672	0.0533283	0	0.110135
1331	-14.1243	-12.1513	-inf	0.499413	0.500587	0	0.530555
1332	-3.03091	-3.79867	-inf	0.939256	0.060744	0	0.117105
1333	-20.4744	-21.0659	-inf	0.928381	0.0716193	0	0.127328
1334	-3.412	-4.32224	-inf	0.946894	0.0531056	0	0.109925
1335	-4.55377	-5.35196	-inf	0.940969	0.0590308	0	0.115495
1336	-3.68514	-4.37196	-inf	0.934471	0.0655289	0	0.121603
1337	-6.0494	-6.8747	-inf	0.942457	0.0575427	0	0.114096
1338	-4.96023	-5.42554	-inf	0.91953	0.0804699	0	0.135648
1339	-10.0288	-10.6447	-inf	0.929992	0.0700079	0	0.125813
1340	-6.21043	-7.03735	-inf	0.942545	0.0574549	0	0.114014
1341	-9.41736	-9.96334	-inf	0.925301	0.0746993	0	0.130223
1342	-3.99099	-5.03213	-inf	0.953105	0.0468949	0	0.104087
1343	-3.59304	-4.41055	-inf	0.942033	0.0579667	0	0.114495
1344	-3.03091	-3.79867	-inf	0.939256	0.060744	0	0.117105
1345	-10.6176	-8.56848	-inf	0.480396	0.519604	0	0.548431
1346	-3.01964	-3.85623	-inf	0.943066	0.0569335	0	0.113524
1347	-9.24052	-9.92647	-inf	0.934417	0.0655825	0	0.121654
1348	-3.01964	-3.85623	-inf	0.943066	0.0569335	0	0.113524
1349	-7.92322	-8.68894	-inf	0.93914	0.0608598	0	0.117214
1350	-8.07922	-8.91745	-inf	0.943154	0.0568456	0	0.113441
1351	-38.8618	-36.5527	-inf	0.416174	0.583826	0	0.608799
1352	-29.1858	-24.4407	-inf	0.0587213	0.941279	0	0.944802
1353	-5.71196	-6.33975	-inf	0.930762	0.0692381	0	0.12509
1354	-4.10321	-4.6003	-inf	0.92185	0.0781502	0	0.133467
1355	-3.40019	-4.39496	-inf	0.950988	0.0490119	0	0.106077
1356	-3.01964	-3.85623	-inf	0.943066	0.0569335	0	0.113524
1357	-3.8887	-4.64749	-inf	0.938743	0.0612575	0	0.117588
1358	-6.0494	-6.8747	-inf	0.942457	0.0575427	0	0.114096
1359	-4.96023	-5.42554	-inf	0.91953	0.0804699	0	0.135648
1360	-3.03091	-3.79867	-inf	0.939256	0.060744	0	0.117105
1361	-5.37201	-5.85433	-inf	0.920779	0.0792207	0	0.134473
1362	-3.412	-4.32224	-inf	0.946894	0.0531056	0	0.109925
1363	-4.29121	-5.26022	-inf	0.949773	0.0502266	0	0.107219
1364	-3.01964	-3.85623	-inf	0.943066	0.0569335	0	0.113524
1365	-3.88897	-4.591	-inf	0.935396	0.0646036	0	0.120733
1366	-6.21043	-7.03735	-inf	0.942545	0.0574549	0	0.114014
1367	-3.03091	-3.79867	-inf	0.939256	0.060744	0	0.117105
1368	-4.6052	-5.13332	-inf	0.924056	0.0759436	0	0.131393
1369	-20.1201	-15.1907	-inf	0.049329	0.950671	0	0.953631
1370	-18.0908	-15.9749	-inf	0.463759	0.536241	0	0.564069
1371	-3.01964	-3.85623	-inf	0.943066	0.0569335	0	0.113524
1372	-4.29121	-5.26022	-inf	0.949773	0.0502266	0	0.107219
1373	-13.6599	-11.4396	-inf	0.437929	0.562071	0	0.588349
1374	-3.68514	-4.37196	-inf	0.934471	0.0655289	0	0.121603
1375	-4.32853	-5.03136	-inf	0.935444	0.0645555	0	0.120688
1376	-9.92865	-7.86376	-inf	0.476461	0.523539	0	0.55213
1377	-8.64021	-9.31996	-inf	0.934036	0.0659636	0	0.122012
1378	-5.09202	-5.76053	-inf	0.933341	0.0666589	0	0.122665
1379	-9.06159	-9.77829	-inf	0.936277	0.0637229	0	0.119906
1380	-14.5342	-15.3009	-inf	0.939194	0.060806	0	0.117164
1381	-3.88897	-4.591	-inf	0.935396	0.0646036	0	0.120733
1382	-12.6489	-13.3232	-inf	0.933696	0.066304	0	0.122332
1383	-10.5626	-8.58608	-inf	0.498544	0.501456	0	0.531372
1384	-3.03091	-3.79867	-inf	0.939256	0.060744	0	0.117105
1385	-3.80842	-4.44905	-inf	0.931585	0.0684152	0	0.124316
1386	-19.932	-15.0885	-inf	0.0535145	0.946485	0	0.949697
1387	-3.02023	-3.85833	-inf	0.943148	0.0568521	0	0.113447
1388	-4.9748	-5.82014	-inf	0.943534	0.0564658	0	0.113084
1389	-4.32853	-5.03136	-inf	0.935444	0.0645555	0	0.120688
1390	-9.01786	-9.62195	-inf	0.929219	0.0707808	0	0.12654
1391	-26.1889	-18.5658	-inf	0.00349647	0.996504	0	0.996713
1392	-8.47179	-8.97648	-inf	0.922396	0.077604	0	0.132954
1393	-4.54763	-5.26956	-inf	0.936588	0.0634118	0	0.119613
1394	-3.01964	-3.85623	-inf	0.943066	0.0569335	0	0.113524
1395	-3.03091	-3.79867	-inf	0.939256	0.060744	0	0.117105
1396	-3.94989	-4.80395	-inf	0.943997	0.0560028	0	0.112649
1397	-3.39821	-4.38634	-inf	0.950678	0.0493225	0	0.106369
1398	-10.1207	-10.5933	-inf	0.920071	0.0799285	0	0.135139
1399	-4.10321	-4.6003	-inf	0.92185	0.0781502	0	0.133467
1400	-12.7778	-13.5256	-inf	0.93811	0.0618902	0	0.118183
1401	-12.0157	-12.6668	-inf	0.93225	0.0677496	0	0.123691
1402	-12.2446	-10.1552	-inf	0.470363	0.529637	0	0.557862
1403	-3.63734	-4.52521	-inf	0.945759	0.0542412	0	0.110993
1404	-7.50177	-8.12522	-inf	0.930482	0.0695183	0	0.125353
1405	-4.32853	-5.03136	-inf	0.935444	0.0645555	0	0.120688
1406	-3.03091	-3.79867	-inf	0.939256	0.060744	0	0.117105
1407	-3.99099	-5.03213	-inf	0.953105	0.0468949	0	0.104087
1408	-8.92085	-9.70914	-inf	0.940417	0.059583	0	0.116014
1409	-4.4388	-5.39298	-inf	0.949061	0.0509391	0	0.107889
1410	-10.9035	-11.944	-inf	0.953077	0.0469233	0	0.104114
1411	-8.92136	-9.55249	-inf	0.930977	0.0690231	0	0.124888
1412	-3.412	-4.32224	-inf	0.946894	0.0531056	0	0.109925
1413	-13.2993	-13.781	-inf	0.920734	0.079266	0	0.134516
1414	-7.87587	-8.57917	-inf	0.935473	0.0645269	0	0.120661
1415	-3.03091	-3.79867	-inf	0.939256	0.060744	0	0.117105
1416	-3.63734	-4.52521	-inf	0.945759	0.0542412	0	0.110993
1417	-4.29121	-5.26022	-inf	0.949773	0.0502266	0	0.107219
1418	-5.13923	-5.89309	-inf	0.938459	0.0615415	0	0.117855
1427	-4.52961	-5.15173	-inf	0.930396	0.0696038	0	0.125433
1428	-7.92966	-8.56699	-inf	0.931374	0.068626	0	0.124514
1429	-3.68514	-4.37196	-inf	0.934471	0.065529	0	0.121603
1430	-3.03091	-3.79867	-inf	0.939256	0.0607441	0	0.117105
1431	-8.40438	-9.10443	-inf	0.935276	0.0647238	0	0.120846
1432	-4.17562	-4.92509	-inf	0.938204	0.061796	0	0.118094
1433	-8.1349	-8.85274	-inf	0.936345	0.0636552	0	0.119842
1434	-5.71196	-6.33974	-inf	0.930762	0.0692382	0	0.12509
1435	-3.59304	-4.41055	-inf	0.942033	0.0579668	0	0.114495
1436	-4.59314	-5.38961	-inf	0.940874	0.0591262	0	0.115585
1437	-9.87465	-7.9638	-inf	0.514949	0.485051	0	0.515951
1438	-10.5677	-11.0545	-inf	0.921106	0.0788936	0	0.134166
1439	-3.412	-4.32224	-inf	0.946894	0.0531057	0	0.109925
1440	-13.3838	-11.4742	-inf	0.515267	0.484733	0	0.515653
1441	-3.01964	-3.85623	-inf	0.943066	0.0569336	0	0.113524
1442	-10.3613	-10.9995	-inf	0.931431	0.0685689	0	0.124461
1443	-5.13923	-5.89309	-inf	0.938458	0.0615416	0	0.117855
1444	-8.64486	-9.45536	-inf	0.941649	0.0583506	0	0.114856
1445	-4.10321	-4.6003	-inf	0.92185	0.0781502	0	0.133467
1446	-9.09947	-9.9355	-inf	0.943037	0.0569634	0	0.113552
1447	-11.4776	-9.40279	-inf	0.473993	0.526007	0	0.554449
1448	-4.32271	-5.22858	-inf	0.946674	0.0533258	0	0.110132
1449	-3.94989	-4.80395	-inf	0.943997	0.0560029	0	0.112649
1450	-3.01964	-3.85623	-inf	0.943066	0.0569336	0	0.113524
1451	-4.10321	-4.6003	-inf	0.92185	0.0781502	0	0.133467
1452	-10.7008	-11.1848	-inf	0.920901	0.0790991	0	0.134359
1453	-9.76373	-7.63725	-inf	0.461125	0.538875	0	0.566546
1454	-3.03091	-3.79867	-inf	0.939256	0.0607441	0	0.117105
1455	-13.141	-13.8875	-inf	0.938032	0.0619681	0	0.118256
1456	-4.29121	-5.26022	-inf	0.949773	0.0502267	0	0.107219
1457	-49.4517	-35.9117	-inf	9.45212e-06	0.999991	0	0.999991
1458	-7.73121	-8.65775	-inf	0.947708	0.0522916	0	0.10916
1459	-4.17562	-4.92509	-inf	0.938204	0.061796	0	0.118094
1460	-17.8425	-15.6646	-inf	0.448382	0.551618	0	0.578524
1461	-9.35695	-10.1927	-inf	0.94302	0.0569803	0	0.113567
1462	-4.36974	-5.10037	-inf	0.937103	0.062897	0	0.119129
1463	-12.2548	-13.0601	-inf	0.941368	0.0586318	0	0.11512
1464	-8.53018	-9.21526	-inf	0.934364	0.0656357	0	0.121704
1465	-3.68514	-4.37196	-inf	0.934471	0.065529	0	0.121603
1466	-4.32271	-5.22858	-inf	0.946674	0.0533258	0	0.110132
1467	-4.17562	-4.92509	-inf	0.938204	0.061796	0	0.118094
1518	-24.845	-22.0414	-inf	0.303034	0.696966	0	0.71515
1519	-4.80867	-5.71034	-inf	0.946462	0.0535381	0	0.110332
1520	-8.50292	-8.99964	-inf	0.921823	0.078177	0	0.133492
1521	-4.54563	-5.35683	-inf	0.941688	0.0583119	0	0.114819
1522	-4.0997	-4.59257	-inf	0.921546	0.0784542	0	0.133753
1523	-10.9495	-11.4162	-inf	0.919633	0.0803672	0	0.135551
1524	-6.00605	-6.7005	-inf	0.934937	0.0650631	0	0.121165
1525	-3.0169	-3.84638	-inf	0.942684	0.0573163	0	0.113883
1526	-15.366	-15.8633	-inf	0.921866	0.0781343	0	0.133452
1527	-4.93111	-5.54824	-inf	0.930072	0.0699285	0	0.125739
1528	-4.32088	-5.21908	-inf	0.946285	0.0537145	0	0.110498
1529	-4.54534	-5.26116	-inf	0.936224	0.0637756	0	0.119955
1530	-4.55077	-5.34219	-inf	0.940592	0.0594076	0	0.115849
1531	-4.0997	-4.59257	-inf	0.921546	0.0784542	0	0.133753
1532	-15.3553	-15.8773	-inf	0.923628	0.0763722	0	0.131796
1533	-12.7743	-13.6118	-inf	0.943116	0.0568839	0	0.113477
1534	-4.52686	-5.14372	-inf	0.930054	0.0699458	0	0.125755
1535	-8.92584	-9.53598	-inf	0.929616	0.0703838	0	0.126167
1536	-19.2813	-17.0654	-inf	0.439005	0.560995	0	0.587338
1537	-3.59062	-4.40117	-inf	0.941652	0.0583477	0	0.114853
1538	-4.80867	-5.71034	-inf	0.946462	0.0535381	0	0.110332
1539	-4.22962	-4.85992	-inf	0.930924	0.069076	0	0.124937
1540	-3.0169	-3.84638	-inf	0.942684	0.0573163	0	0.113883
1541	-4.29069	-5.25149	-inf	0.94938	0.0506198	0	0.107589
1542	-3.39768	-4.384	-inf	0.950593	0.0494072	0	0.106449
1543	-4.32088	-5.21908	-inf	0.946285	0.0537145	0	0.110498
1544	-9.53715	-10.2552	-inf	0.936359	0.0636414	0	0.119829
1545	-5.13807	-5.9551	-inf	0.942007	0.0579926	0	0.114519
1546	-3.88579	-4.63814	-inf	0.938371	0.0616288	0	0.117937
1547	-9.19982	-7.36063	-inf	0.532822	0.467178	0	0.499151
1548	-3.02885	-3.7901	-inf	0.938884	0.0611164	0	0.117455
1549	-9.15065	-9.95816	-inf	0.941485	0.0585152	0	0.11501
1550	-9.65146	-10.3062	-inf	0.932478	0.0675216	0	0.123476
1551	-13.2542	-11.2276	-inf	0.486019	0.513981	0	0.543145
1552	-3.63568	-4.51603	-inf	0.945371	0.0546288	0	0.111357
1553	-10.3099	-10.9092	-inf	0.928901	0.0710993	0	0.126839
1595	-3.99696	-4.72619	-inf	0.93702	0.0629797	0	0.119207
1596	-7.65523	-8.27618	-inf	0.93032	0.0696797	0	0.125505
1597	-12.4199	-13.2428	-inf	0.94233	0.0576705	0	0.114216
1598	-4.23112	-4.86441	-inf	0.931116	0.068884	0	0.124757
1599	-10.0529	-10.7974	-inf	0.937916	0.062084	0	0.118365
1600	-4.23112	-4.86441	-inf	0.931116	0.068884	0	0.124757
1601	-10.2673	-11.2577	-inf	0.950786	0.0492144	0	0.106268
1602	-8.86979	-6.87444	-inf	0.493829	0.506171	0	0.535804
1603	-16.164	-14.1242	-inf	0.482721	0.517279	0	0.546245
1604	-11.1164	-11.7446	-inf	0.930791	0.0692095	0	0.125063
1605	-5.4531	-6.16607	-inf	0.936054	0.0639457	0	0.120115
1606	-12.1123	-10.2854	-inf	0.535858	0.464142	0	0.496297
1607	-14.3183	-15.0661	-inf	0.938105	0.0618947	0	0.118187
1608	-4.29098	-5.25633	-inf	0.949599	0.0504013	0	0.107383
1609	-4.1743	-4.92093	-inf	0.93804	0.0619604	0	0.118249
1610	-5.65494	-6.26362	-inf	0.92952	0.0704796	0	0.126257
1611	-10.5663	-11.0681	-inf	0.922193	0.0778073	0	0.133145
1612	-8.96811	-9.80138	-inf	0.942888	0.0571122	0	0.113691
1613	-4.23112	-4.86441	-inf	0.931116	0.068884	0	0.124757
1614	-24.706	-25.3467	-inf	0.931588	0.0684119	0	0.124313
1615	-3.03	-3.79485	-inf	0.939091	0.0609095	0	0.117261
1616	-10.234	-11.0606	-inf	0.942525	0.057475	0	0.114033
1617	-16.598	-17.3392	-inf	0.937721	0.0622791	0	0.118548
1618	-8.90048	-9.62485	-inf	0.936733	0.0632668	0	0.119477
1619	-6.12038	-6.76078	-inf	0.93157	0.0684297	0	0.12433
1620	-36.471	-37.1862	-inf	0.93619	0.0638097	0	0.119987
1621	-4.60237	-5.1847	-inf	0.927775	0.0722254	0	0.127898
1622	-9.54142	-10.3444	-inf	0.941238	0.0587622	0	0.115242
1623	-8.61512	-9.50762	-inf	0.945996	0.0540044	0	0.11077
1624	-3.94871	-4.79954	-inf	0.943826	0.0561736	0	0.112809
1625	-4.59178	-5.38524	-inf	0.940706	0.0592937	0	0.115742
1626	-12.2188	-12.8587	-inf	0.931538	0.0684617	0	0.12436
1627	-27.1492	-27.7017	-inf	0.925755	0.0742451	0	0.129796
1628	-5.18613	-5.75762	-inf	0.927045	0.0729549	0	0.128584
1629	-16.5256	-17.1759	-inf	0.932198	0.0678024	0	0.12374
1630	-7.84227	-8.59755	-inf	0.938541	0.0614594	0	0.117778
1631	-23.6908	-24.4393	-inf	0.938148	0.0618521	0	0.118147
1632	-6.55144	-7.30835	-inf	0.938635	0.0613654	0	0.117689
1633	-12.9994	-13.8388	-inf	0.943214	0.0567861	0	0.113385
1634	-5.13017	-5.95372	-inf	0.942363	0.0576371	0	0.114185
1635	-5.4531	-6.16607	-inf	0.936054	0.0639457	0	0.120115
1636	-4.1743	-4.92093	-inf	0.93804	0.0619604	0	0.118249
1637	-9.06043	-9.77449	-inf	0.936119	0.0638807	0	0.120054
1638	-5.36994	-5.85044	-inf	0.920647	0.0793534	0	0.134598
1639	-7.05432	-7.94388	-inf	0.945845	0.0541553	0	0.110912
1640	-15.4871	-16.2103	-inf	0.936666	0.0633342	0	0.11954
1641	-4.3219	-5.22435	-inf	0.946502	0.0534984	0	0.110295
1642	-3.41113	-4.31794	-inf	0.946721	0.0532785	0	0.110088
1643	-5.12458	-5.68346	-inf	0.926187	0.0738128	0	0.12939
1644	-4.93282	-5.55287	-inf	0.930262	0.0697381	0	0.12556
1645	-4.29098	-5.25633	-inf	0.949599	0.0504013	0	0.107383
1694	-3.41113	-4.31794	-inf	0.946722	0.0532784	0	0.110088
1695	-4.29098	-5.25634	-inf	0.949599	0.0504012	0	0.107383
1696	-3.99697	-4.72619	-inf	0.93702	0.0629796	0	0.119207
1697	-7.8861	-8.84095	-inf	0.949094	0.0509065	0	0.107858
1698	-9.13657	-9.88444	-inf	0.938111	0.0618885	0	0.118181
1699	-4.1743	-4.92094	-inf	0.93804	0.0619603	0	0.118249
1700	-10.8898	-11.7394	-inf	0.943764	0.0562365	0	0.112868
1701	-5.65494	-6.26362	-inf	0.929521	0.0704795	0	0.126257
1702	-4.29098	-5.25634	-inf	0.949599	0.0504012	0	0.107383
1703	-4.54661	-5.26582	-inf	0.936427	0.0635734	0	0.119765
1704	-12.4089	-10.315	-inf	0.469243	0.530757	0	0.558915
1705	-16.0439	-16.9144	-inf	0.944859	0.0551414	0	0.111839
1706	-15.4534	-16.1467	-inf	0.934868	0.0651318	0	0.12123
1707	-7.73646	-8.51086	-inf	0.939634	0.0603657	0	0.11675
1708	-4.29098	-5.25634	-inf	0.949599	0.0504012	0	0.107383
1709	-11.4166	-12.1167	-inf	0.935276	0.064724	0	0.120847
1710	-3.41113	-4.31794	-inf	0.946722	0.0532784	0	0.110088
1711	-6.12038	-6.76078	-inf	0.93157	0.0684296	0	0.12433
1712	-4.52839	-5.14817	-inf	0.930244	0.0697557	0	0.125576
1713	-14.6673	-15.4757	-inf	0.941534	0.0584659	0	0.114964
1714	-4.3219	-5.22436	-inf	0.946502	0.0534983	0	0.110294
1715	-4.1743	-4.92094	-inf	0.93804	0.0619603	0	0.118249
1716	-8.20797	-8.82855	-inf	0.930296	0.0697038	0	0.125528
1717	-7.88662	-8.76879	-inf	0.945465	0.0545352	0	0.111269
1718	-5.09066	-5.75666	-inf	0.933184	0.0668158	0	0.122813
1719	-10.2401	-10.7415	-inf	0.922157	0.0778434	0	0.133179
1720	-10.3546	-11.1285	-inf	0.939605	0.0603947	0	0.116777
1721	-12.8725	-13.6027	-inf	0.937077	0.0629229	0	0.119154
1722	-5.13017	-5.95373	-inf	0.942363	0.057637	0	0.114185
1723	-8.33495	-9.01707	-inf	0.934182	0.0658175	0	0.121874
1724	-5.58636	-6.34747	-inf	0.938876	0.0611237	0	0.117462
1725	-4.29098	-5.25634	-inf	0.949599	0.0504012	0	0.107383
1726	-9.04865	-9.90413	-inf	0.944072	0.0559275	0	0.112578
1727	-4.62771	-5.22507	-inf	0.928776	0.0712243	0	0.126957
1728	-4.59178	-5.38524	-inf	0.940706	0.0592936	0	0.115742
1729	-32.3927	-33.1534	-inf	0.938853	0.0611469	0	0.117484
1730	-11.4253	-12.027	-inf	0.929061	0.0709394	0	0.126689
1731	-10.0731	-10.9741	-inf	0.946426	0.0535738	0	0.110365
1732	-3.01842	-3.85185	-inf	0.942896	0.0571035	0	0.113683
1733	-16.6246	-17.1139	-inf	0.921286	0.0787141	0	0.133997
1734	-3.6366	-4.52113	-inf	0.945587	0.0544133	0	0.111155
1735	-4.1743	-4.92094	-inf	0.93804	0.0619603	0	0.118249
1736	-8.51862	-9.35704	-inf	0.943165	0.056835	0	0.113431
1737	-8.51553	-9.21441	-inf	0.935205	0.0647945	0	0.120913
1738	-4.95843	-5.42198	-inf	0.9194	0.0806	0	0.13577
1739	-4.29098	-5.25634	-inf	0.949599	0.0504012	0	0.107383
1740	-14.2112	-15.0335	-inf	0.942294	0.0577062	0	0.11425
1741	-3.41113	-4.31794	-inf	0.946722	0.0532784	0	0.110088
1742	-18.024	-18.839	-inf	0.941897	0.0581029	0	0.114623
1743	-6.55144	-7.30836	-inf	0.938635	0.0613653	0	0.117689
1744	-4.1743	-4.92094	-inf	0.93804	0.0619603	0	0.118249
1745	-4.23112	-4.86441	-inf	0.931116	0.0688839	0	0.124757
1746	-3.68399	-4.36822	-inf	0.934312	0.0656877	0	0.121752
1747	-9.40127	-10.2134	-inf	0.941742	0.0582584	0	0.114769
1748	-21.749	-22.4624	-inf	0.936075	0.0639248	0	0.120095
1749	-8.45709	-8.95446	-inf	0.921871	0.0781292	0	0.133447
1750	-5.13017	-5.95373	-inf	0.942363	0.057637	0	0.114185
1751	-5.4531	-6.16608	-inf	0.936054	0.0639456	0	0.120115
1752	-4.1743	-4.92094	-inf	0.93804	0.0619603	0	0.118249
1753	-5.13017	-5.95373	-inf	0.942363	0.057637	0	0.114185
1754	-16.5585	-14.3119	-inf	0.431457	0.568543	0	0.594433
1755	-14.7518	-12.693	-inf	0.47798	0.52202	0	0.550702
1756	-3.68399	-4.36822	-inf	0.934312	0.0656877	0	0.121752
1757	-26.1712	-21.275	-inf	0.0509062	0.949094	0	0.952149
1758	-9.72092	-10.4838	-inf	0.938977	0.0610226	0	0.117367
1759	-20.1728	-15.3183	-inf	0.0529602	0.94704	0	0.950218
1760	-7.05432	-7.94388	-inf	0.945845	0.0541552	0	0.110912
1761	-4.54661	-5.26582	-inf	0.936427	0.0635734	0	0.119765
1762	-15.2802	-12.8557	-inf	0.38844	0.61156	0	0.634869
1763	-27.0368	-25.0139	-inf	0.486958	0.513042	0	0.542262
