Sites	Ll_YN98.omega=0.0551536	Ll_YN98.omega=1	Pr_YN98.omega=0.0551536	Pr_YN98.omega=1	mean
92	-3.72583	-5.36694	0.94545	0.0545504	0.106695
93	-4.03943	-4.77807	0.875454	0.124546	0.172831
94	-26.4441	-21.5114	0.0236292	0.976371	0.977674
95	-15.9282	-16.894	0.898185	0.101815	0.151353
96	-56.6972	-45.9586	7.2843e-05	0.999927	0.999931
97	-8.87174	-9.85365	0.89965	0.10035	0.149969
98	-30.8679	-22.9629	0.00123728	0.998763	0.998831
99	-27.2135	-22.4326	0.0273979	0.972602	0.974113
100	-8.67736	-9.69208	0.902573	0.0974274	0.147208
101	-25.5886	-20.8166	0.0276372	0.972363	0.973887
102	-15.2258	-13.3855	0.347748	0.652252	0.671432
103	-3.75117	-4.9505	0.917644	0.0823563	0.132968
104	-51.5033	-37.8345	3.88899e-06	0.999996	0.999996
105	-10.7811	-11.6368	0.887672	0.112328	0.161287
106	-8.17256	-9.22159	0.905549	0.0944513	0.144396
107	-34.3758	-23.2817	5.10513e-05	0.999949	0.999952
108	-25.6301	-20.8558	0.027575	0.972425	0.973946
109	-24.1314	-19.4347	0.0297341	0.970266	0.971906
110	-45.2076	-40.1682	0.0212905	0.97871	0.979884
111	-8.59987	-9.5616	0.897813	0.102187	0.151704
112	-9.34055	-10.1838	0.886418	0.113582	0.162471
113	-18.6789	-13.7386	0.0234567	0.976543	0.977837
114	-17.2498	-15.3359	0.331264	0.668736	0.687006
115	-7.73412	-8.58222	0.886906	0.113094	0.16201
116	-4.03943	-4.77807	0.875454	0.124546	0.172831
117	-20.7967	-16.1221	0.0303771	0.969623	0.971298
118	-20.0071	-18.1199	0.337216	0.662784	0.681383
119	-11.7379	-12.6019	0.88849	0.11151	0.160513
120	-8.38225	-9.40235	0.903045	0.0969549	0.146761
121	-48.9877	-41.2751	0.0014995	0.998501	0.998583
122	-4.73135	-5.58937	0.887898	0.112102	0.161073
123	-29.0753	-21.1832	0.00125335	0.998747	0.998816
124	-23.2981	-21.31	0.315036	0.684964	0.702339
125	-4.03943	-4.77807	0.875454	0.124546	0.172831
126	-18.5715	-19.421	0.887042	0.112958	0.161881
127	-15.0475	-10.3889	0.030853	0.969147	0.970849
128	-11.2073	-9.42651	0.361373	0.638627	0.658558
129	-34.8519	-27.1548	0.00152274	0.998477	0.998561
131	-11.3248	-9.13738	0.273692	0.726308	0.741403
132	-20.3656	-18.2958	0.297681	0.702319	0.718738
133	-32.5501	-24.7425	0.00136375	0.998636	0.998711
134	-25.7777	-23.8332	0.324524	0.675476	0.693375
135	-34.1093	-26.471	0.00161491	0.998385	0.998474
136	-30.3245	-22.6953	0.00162969	0.99837	0.99846
137	-21.3007	-16.6396	0.0307761	0.969224	0.970921
138	-55.1344	-38.7753	2.63921e-07	1	1
148	-11.8277	-9.92562	0.333892	0.666108	0.684523
149	-18.3926	-13.5103	0.0248229	0.975177	0.976546
150	-22.3214	-17.3253	0.0222117	0.977788	0.979013
151	-12.2549	-10.1794	0.296487	0.703513	0.719865
152	-28.4312	-23.5885	0.0257998	0.9742	0.975623
153	-71.4548	-57.4045	2.65541e-06	0.999997	0.999997
154	-16.4193	-11.6087	0.0266195	0.97338	0.974849
155	-12.4969	-10.7723	0.374444	0.625556	0.646208
156	-6.04144	-7.18197	0.91309	0.0869103	0.137271
157	-45.3668	-33.993	3.85943e-05	0.999961	0.999964
158	-23.9186	-19.2691	0.0311244	0.968876	0.970592
159	-27.4268	-19.6338	0.00138368	0.998616	0.998693
160	-32.2588	-21.705	8.76231e-05	0.999912	0.999917
161	-21.4002	-19.6749	0.374298	0.625702	0.646346
162	-21.0946	-19.3323	0.365667	0.634333	0.654501
164	-15.8176	-11.0909	0.028882	0.971118	0.972711
165	-9.40171	-7.66518	0.371658	0.628342	0.64884
166	-3.77574	-4.89252	0.911186	0.0888139	0.139069
167	-22.5563	-17.7369	0.0263915	0.973609	0.975064
168	-30.9541	-22.9491	0.0011197	0.99888	0.998942
169	-35.1762	-27.3478	0.00133567	0.998664	0.998738
170	-33.0729	-25.3063	0.00142065	0.998579	0.998658
171	-12.9151	-11.0959	0.352557	0.647443	0.666888
172	-13.4664	-11.6475	0.352654	0.647346	0.666796
173	-13.8739	-14.8985	0.903438	0.0965618	0.14639
174	-5.24194	-6.32263	0.908222	0.091778	0.14187
175	-9.66205	-10.7323	0.907344	0.0926555	0.142699
176	-4.09019	-5.09915	0.902065	0.0979354	0.147688
177	-3.89506	-5.03923	0.913378	0.0866223	0.136998
178	-8.38088	-9.23189	0.887198	0.112802	0.161734
179	-7.2626	-8.37034	0.910452	0.0895483	0.139763
180	-4.26875	-5.31494	0.905305	0.0946947	0.144626
181	-9.88247	-10.9268	0.905145	0.0948546	0.144777
182	-10.6293	-11.5055	0.889694	0.110306	0.159376
183	-4.04844	-4.9213	0.889366	0.110634	0.159685
184	-4.41309	-5.33046	0.89367	0.10633	0.155619
185	-6.67285	-7.80901	0.912742	0.0872577	0.137599
186	-6.8394	-7.69617	0.887773	0.112227	0.161191
187	-14.1808	-12.4156	0.364997	0.635003	0.655134
188	-16.5479	-17.4642	0.89357	0.10643	0.155714
189	-8.62994	-9.54199	0.893164	0.106836	0.156097
190	-4.26875	-5.31494	0.905305	0.0946947	0.144626
191	-8.28346	-9.16013	0.889741	0.110259	0.159332
192	-4.26875	-5.31494	0.905305	0.0946947	0.144626
193	-4.17381	-5.28771	0.910953	0.0890475	0.13929
194	-13.5609	-14.7822	0.919292	0.0807076	0.13141
224	-5.09338	-6.17765	0.90852	0.0914804	0.141589
225	-4.33968	-5.47187	0.912426	0.0875744	0.137898
226	-18.0066	-19.2285	0.919332	0.080668	0.131372
227	-5.37905	-6.40831	0.903845	0.0961554	0.146006
228	-8.38752	-9.41192	0.903421	0.0965789	0.146406
229	-4.05001	-5.20629	0.914332	0.0856682	0.136097
230	-4.73135	-5.58937	0.887898	0.112102	0.161073
231	-5.50645	-6.51069	0.901648	0.0983522	0.148081
232	-18.5137	-19.4573	0.89614	0.10386	0.153285
233	-20.7335	-15.9096	0.0262767	0.973723	0.975173
234	-7.1706	-8.32017	0.913804	0.0861956	0.136595
235	-12.1604	-13.268	0.910443	0.0895573	0.139771
236	-3.75117	-4.9505	0.917644	0.0823562	0.132968
237	-7.65376	-8.68435	0.90396	0.0960401	0.145897
238	-4.71557	-5.65807	0.896034	0.103966	0.153385
239	-29.1432	-29.9826	0.886033	0.113967	0.162835
240	-24.4935	-19.5232	0.0227796	0.97722	0.978477
241	-4.51075	-5.29026	0.879842	0.120158	0.168684
242	-18.3086	-19.2252	0.893599	0.106401	0.155686
243	-3.75117	-4.9505	0.917644	0.0823562	0.132968
244	-12.934	-11.1618	0.363374	0.636626	0.656668
245	-9.96379	-10.9977	0.904248	0.0957521	0.145625
246	-9.3072	-10.1743	0.888798	0.111202	0.160223
247	-3.72632	-5.37592	0.945885	0.0541145	0.106284
248	-3.61065	-4.80188	0.917029	0.0829707	0.133548
249	-3.75376	-4.95931	0.918112	0.0818876	0.132525
250	-4.14003	-5.26203	0.911607	0.0883929	0.138671
251	-6.95479	-8.09867	0.913355	0.0866451	0.13702
252	-10.4767	-11.4843	0.901945	0.0980545	0.1478
253	-17.5676	-18.572	0.901657	0.0983432	0.148073
254	-12.3015	-13.1914	0.891032	0.108968	0.158112
255	-4.71815	-5.6655	0.896487	0.103513	0.152958
256	-3.61065	-4.80188	0.917029	0.0829707	0.133548
257	-18.8942	-20.0613	0.915171	0.0848291	0.135304
258	-8.38905	-9.41861	0.903869	0.0961306	0.145982
259	-27.4045	-22.6382	0.0277907	0.972209	0.973742
260	-36.4788	-28.8573	0.00164204	0.998358	0.998449
261	-3.77775	-4.90029	0.911651	0.088349	0.13863
262	-4.79643	-5.78824	0.90054	0.0994598	0.149128
263	-12.492	-13.4381	0.896371	0.103629	0.153067
264	-6.74948	-7.87152	0.911611	0.0883888	0.138667
265	-12.6567	-13.5177	0.888194	0.111806	0.160793
266	-12.1606	-10.1134	0.302439	0.697561	0.714242
267	-4.3296	-5.23251	0.892288	0.107712	0.156925
268	-26.0249	-21.3799	0.0312621	0.968738	0.970462
269	-11.9285	-12.7576	0.884992	0.115008	0.163818
270	-4.05264	-5.2149	0.914799	0.0852015	0.135656
271	-35.2456	-24.7724	9.49833e-05	0.999905	0.99991
272	-10.2806	-11.3318	0.905731	0.0942695	0.144224
273	-14.236	-12.2576	0.317144	0.682856	0.700347
274	-11.7513	-12.8942	0.913276	0.0867239	0.137094
275	-45.6191	-32.1772	4.87956e-06	0.999995	0.999995
276	-10.7815	-9.06782	0.377003	0.622997	0.64379
277	-24.7409	-25.6291	0.890865	0.109135	0.15827
278	-42.678	-31.9208	7.15014e-05	0.999928	0.999932
279	-10.4867	-11.3485	0.888274	0.111726	0.160717
280	-20.2406	-21.2805	0.904767	0.0952331	0.145134
281	-4.30378	-5.38017	0.907862	0.0921376	0.142209
282	-8.40372	-9.55268	0.913756	0.0862438	0.136641
283	-4.30378	-5.38017	0.907862	0.0921376	0.142209
284	-7.10166	-8.21769	0.911126	0.0888742	0.139126
285	-18.853	-16.3901	0.222454	0.777546	0.789815
286	-4.30378	-5.38017	0.907862	0.0921376	0.142209
287	-17.0982	-18.2452	0.913599	0.0864009	0.136789
288	-11.7915	-12.7502	0.89753	0.10247	0.151972
289	-4.30378	-5.38017	0.907862	0.0921376	0.142209
290	-4.73554	-5.59799	0.888338	0.111662	0.160657
291	-4.14003	-5.26203	0.911607	0.0883929	0.138671
292	-15.4477	-16.4162	0.898436	0.101564	0.151116
293	-3.61065	-4.80188	0.917029	0.0829707	0.133548
294	-23.6795	-21.1355	0.208723	0.791277	0.802788
295	-4.03965	-4.78209	0.875867	0.124133	0.17244
296	-4.27024	-5.32181	0.905766	0.0942344	0.144191
297	-18.9048	-13.9704	0.0235908	0.976409	0.97771
298	-13.2159	-11.4055	0.354574	0.645426	0.664982
299	-12.9283	-13.7736	0.886623	0.113377	0.162278
300	-5.00156	-5.86128	0.888067	0.111933	0.160913
301	-25.7848	-21.1132	0.030469	0.969531	0.971211
302	-15.4821	-13.3855	0.2921	0.7079	0.724011
303	-7.28528	-8.07162	0.880562	0.119438	0.168004
304	-9.96064	-11.0829	0.911628	0.088372	0.138652
305	-4.81388	-5.8865	0.907547	0.092453	0.142508
306	-18.2671	-19.229	0.897829	0.102171	0.151689
307	-12.7111	-13.7774	0.907014	0.0929858	0.143011
308	-12.6236	-10.8342	0.359415	0.640585	0.660408
309	-5.38235	-6.41694	0.904306	0.095694	0.14557
310	-8.28497	-9.16614	0.890181	0.109819	0.158916
311	-3.77775	-4.90029	0.911651	0.088349	0.13863
312	-4.30378	-5.38017	0.907862	0.0921376	0.142209
313	-4.94015	-5.94708	0.901886	0.0981141	0.147856
314	-41.2949	-39.5027	0.358749	0.641251	0.661038
315	-9.60325	-10.7941	0.917003	0.0829972	0.133573
316	-35.4975	-27.2319	0.000863044	0.999137	0.999185
317	-16.1502	-14.2578	0.336053	0.663947	0.682482
318	-11.7577	-12.8621	0.910179	0.0898205	0.14002
319	-4.09275	-5.10691	0.902524	0.0974765	0.147254
320	-17.3602	-15.3933	0.319646	0.680354	0.697984
321	-4.81388	-5.8865	0.907547	0.092453	0.142508
322	-4.3296	-5.23251	0.892288	0.107712	0.156925
323	-5.40506	-6.24326	0.88591	0.11409	0.162951
324	-12.4827	-13.3814	0.89189	0.10811	0.157301
325	-4.63322	-5.47128	0.885897	0.114103	0.162964
326	-14.1302	-12.1466	0.316005	0.683995	0.701423
327	-21.272	-16.6454	0.0318241	0.968176	0.969931
328	-9.08934	-10.2943	0.918067	0.0819328	0.132568
329	-14.3016	-12.5447	0.366917	0.633083	0.653319
330	-25.1954	-26.2759	0.908209	0.0917911	0.141882
331	-9.45689	-10.6156	0.91452	0.0854796	0.135919
332	-6.74948	-7.87152	0.911611	0.0883888	0.138667
333	-19.2668	-17.4622	0.355891	0.644109	0.663737
334	-10.1755	-11.0855	0.892972	0.107028	0.156279
335	-7.12237	-7.96082	0.885934	0.114066	0.162928
336	-7.66114	-8.83005	0.915315	0.0846847	0.135168
337	-4.73554	-5.59799	0.888338	0.111662	0.160657
338	-19.3711	-20.4837	0.91085	0.0891497	0.139386
339	-47.0161	-42.417	0.0326815	0.967318	0.969121
340	-4.03965	-4.78209	0.875867	0.124133	0.17244
341	-14.5365	-15.4177	0.890192	0.109808	0.158906
342	-23.9239	-19.2656	0.0308621	0.969138	0.97084
343	-22.3678	-17.6293	0.0285495	0.971451	0.973025
344	-7.95332	-8.7893	0.885685	0.114315	0.163163
345	-12.0219	-10.1533	0.341364	0.658636	0.677463
346	-30.9593	-29.0798	0.338927	0.661073	0.679766
347	-15.9495	-14.0876	0.342868	0.657132	0.676043
348	-9.23285	-10.2833	0.905665	0.0943346	0.144285
349	-3.75376	-4.95931	0.918112	0.0818876	0.132525
350	-8.68904	-10.0682	0.930251	0.0697494	0.121056
351	-4.57344	-5.67804	0.910195	0.0898046	0.140005
352	-6.05842	-7.04322	0.89991	0.10009	0.149723
353	-4.09275	-5.10691	0.902524	0.0974765	0.147254
354	-19.6348	-17.8092	0.351094	0.648906	0.66827
355	-7.81738	-8.9342	0.911189	0.0888105	0.139066
356	-10.5421	-11.2778	0.875135	0.124865	0.173132
357	-4.27024	-5.32181	0.905766	0.0942344	0.144191
358	-24.0894	-25.2305	0.913138	0.0868618	0.137225
359	-11.3666	-9.63854	0.373641	0.626359	0.646967
360	-18.0002	-13.2696	0.0287716	0.971228	0.972815
361	-3.61065	-4.80188	0.917029	0.0829707	0.133548
362	-3.77775	-4.90029	0.911651	0.088349	0.13863
363	-3.72632	-5.37592	0.945886	0.0541144	0.106283
364	-28.5328	-23.7901	0.0284336	0.971566	0.973135
365	-11.801	-12.9254	0.911795	0.0882054	0.138494
366	-10.9824	-8.9449	0.30447	0.69553	0.712322
367	-9.84347	-10.9512	0.910448	0.0895519	0.139766
368	-23.8936	-19.1695	0.0289539	0.971046	0.972643
369	-17.5174	-18.7428	0.919599	0.080401	0.13112
370	-9.90401	-10.6751	0.878952	0.121048	0.169526
371	-10.0065	-8.23325	0.363122	0.636878	0.656906
372	-22.664	-23.6558	0.900538	0.0994616	0.14913
373	-12.1219	-10.2382	0.33798	0.66202	0.680661
374	-4.73231	-5.61323	0.890157	0.109843	0.158939
375	-4.03965	-4.78209	0.875867	0.124133	0.17244
376	-4.34249	-5.48054	0.912893	0.0871074	0.137457
377	-4.05264	-5.2149	0.914799	0.0852015	0.135656
378	-4.27024	-5.32181	0.905766	0.0942344	0.144191
379	-6.72049	-7.59175	0.889209	0.110791	0.159834
380	-9.60166	-10.523	0.89405	0.10595	0.15526
381	-4.49552	-5.47494	0.899425	0.100575	0.150182
382	-8.08662	-8.79691	0.87233	0.12767	0.175782
383	-18.8016	-16.9911	0.35456	0.64544	0.664996
384	-14.0265	-15.2157	0.916876	0.083124	0.133693
385	-12.9707	-13.834	0.888427	0.111573	0.160573
386	-10.371	-11.536	0.915008	0.0849916	0.135458
387	-13.5826	-14.6882	0.910283	0.0897173	0.139923
388	-38.5362	-30.742	0.00138217	0.998618	0.998694
389	-7.59138	-8.54941	0.897473	0.102527	0.152026
390	-9.73812	-7.95212	0.360183	0.639817	0.659683
391	-7.79554	-8.88533	0.908978	0.0910222	0.141156
392	-8.5095	-9.55188	0.904978	0.0950218	0.144935
393	-24.0125	-24.776	0.878137	0.121863	0.170295
394	-12.3056	-13.3351	0.903861	0.0961388	0.14599
395	-4.19731	-5.31615	0.911352	0.0886477	0.138912
396	-13.6628	-14.799	0.912739	0.087261	0.137602
397	-11.5697	-9.49345	0.296337	0.703663	0.720007
398	-4.79877	-5.82669	0.903727	0.0962725	0.146116
399	-4.94015	-5.94708	0.901886	0.0981141	0.147856
400	-18.0929	-16.167	0.328621	0.671379	0.689503
401	-7.9214	-8.99591	0.907706	0.0922942	0.142357
402	-24.0827	-19.2765	0.0267334	0.973267	0.974741
403	-10.1696	-11.248	0.908031	0.0919695	0.142051
404	-4.19731	-5.31615	0.911352	0.0886477	0.138912
405	-13.0458	-11.267	0.361851	0.638149	0.658106
406	-8.16322	-9.17084	0.901946	0.0980537	0.147799
407	-4.19731	-5.31615	0.911352	0.0886477	0.138912
408	-16.9697	-12.1131	0.0254507	0.974549	0.975953
409	-14.6053	-12.7592	0.346453	0.653547	0.672656
410	-24.6613	-25.4348	0.879199	0.120801	0.169292
411	-20.2976	-18.5818	0.376521	0.623479	0.644246
412	-7.79314	-8.67054	0.889812	0.110188	0.159264
413	-4.17591	-5.29556	0.911418	0.0885824	0.13885
414	-7.06273	-8.20309	0.913076	0.086924	0.137283
415	-17.1581	-12.4528	0.0294859	0.970514	0.97214
416	-4.05264	-5.2149	0.914799	0.0852015	0.135656
417	-5.38235	-6.41694	0.904306	0.095694	0.14557
418	-11.9566	-12.8403	0.890427	0.109573	0.158683
419	-4.51432	-5.29784	0.880266	0.119734	0.168284
420	-4.05264	-5.2149	0.914799	0.0852015	0.135656
421	-6.1924	-7.1542	0.897819	0.102181	0.151699
422	-4.19731	-5.31615	0.911352	0.0886477	0.138912
423	-6.05842	-7.04322	0.89991	0.10009	0.149723
424	-3.89723	-5.0473	0.913844	0.0861562	0.136558
425	-6.72049	-7.59175	0.889209	0.110791	0.159834
426	-3.75376	-4.95931	0.918112	0.0818876	0.132525
427	-3.72632	-5.37592	0.945886	0.0541144	0.106283
428	-4.34249	-5.48054	0.912893	0.0871074	0.137457
429	-3.77775	-4.90029	0.911651	0.088349	0.13863
430	-5.38235	-6.41694	0.904306	0.095694	0.14557
431	-9.05804	-9.92214	0.888502	0.111498	0.160502
432	-12.6133	-13.5507	0.895554	0.104446	0.153839
433	-7.72322	-8.79783	0.907715	0.0922853	0.142349
434	-4.73554	-5.59799	0.888338	0.111662	0.160657
435	-4.45251	-5.52995	0.907951	0.0920495	0.142126
436	-4.19731	-5.31615	0.911352	0.0886477	0.138912
437	-26.4309	-27.2674	0.885739	0.114261	0.163113
438	-3.72632	-5.37592	0.945886	0.0541144	0.106283
439	-4.73231	-5.61323	0.890157	0.109843	0.158939
440	-8.09491	-9.10261	0.901954	0.0980463	0.147792
441	-9.06879	-9.93996	0.889199	0.110801	0.159843
442	-3.89723	-5.0473	0.913844	0.0861562	0.136558
443	-15.6017	-16.4976	0.891614	0.108386	0.157562
444	-24.2553	-18.6477	0.0121753	0.987825	0.988496
445	-22.0009	-17.3422	0.0308527	0.969147	0.970849
446	-14.4963	-15.4525	0.897313	0.102687	0.152177
447	-4.79643	-5.78824	0.90054	0.0994598	0.149128
448	-6.32979	-7.52649	0.917445	0.0825552	0.133156
449	-24.2625	-19.5573	0.0294899	0.97051	0.972137
450	-6.1924	-7.1542	0.897819	0.102181	0.151699
451	-12.612	-13.6464	0.904288	0.0957122	0.145587
452	-3.75376	-4.95931	0.918112	0.0818876	0.132525
453	-8.20874	-9.23919	0.903948	0.0960521	0.145908
454	-4.14003	-5.26203	0.911607	0.0883929	0.138671
455	-4.73554	-5.59799	0.888338	0.111662	0.160657
456	-4.45251	-5.52995	0.907951	0.0920495	0.142126
457	-4.76537	-5.7313	0.898197	0.101803	0.151341
458	-15.1149	-16.0218	0.892665	0.107335	0.156569
459	-7.46744	-8.53517	0.907136	0.0928639	0.142896
460	-6.74948	-7.87152	0.911611	0.0883888	0.138667
461	-7.01804	-8.13957	0.91157	0.0884297	0.138706
462	-8.24648	-9.28973	0.905053	0.0949467	0.144864
463	-4.38125	-5.82029	0.934039	0.0659605	0.117476
464	-20.0759	-18.3083	0.364437	0.635563	0.655663
465	-4.27024	-5.32181	0.905766	0.0942344	0.144191
466	-4.97688	-6.00922	0.904111	0.0958891	0.145754
467	-4.71815	-5.6655	0.896487	0.103513	0.152958
468	-8.16322	-9.17084	0.901946	0.0980537	0.147799
469	-7.24912	-8.32663	0.907957	0.0920429	0.14212
470	-4.19731	-5.31615	0.911352	0.0886477	0.138912
471	-3.75376	-4.95931	0.918112	0.0818876	0.132525
472	-3.72632	-5.37592	0.945886	0.0541144	0.106283
473	-4.94015	-5.94708	0.901886	0.0981141	0.147856
474	-4.73554	-5.59799	0.888338	0.111662	0.160657
475	-3.75376	-4.95931	0.918112	0.0818876	0.132525
476	-9.79906	-10.4529	0.865913	0.134087	0.181845
477	-4.71815	-5.6655	0.896487	0.103513	0.152958
478	-4.71815	-5.6655	0.896487	0.103513	0.152958
479	-7.06273	-8.20309	0.913076	0.086924	0.137283
480	-9.79813	-10.6538	0.887661	0.112339	0.161297
481	-87.4572	-61.9559	2.82498e-11	1	1
482	-4.03965	-4.78209	0.875867	0.124133	0.17244
483	-8.17444	-9.22876	0.906	0.0939999	0.143969
484	-3.75376	-4.95931	0.918112	0.0818876	0.132525
485	-19.8991	-18.0836	0.353433	0.646567	0.66606
486	-7.24912	-8.32663	0.907957	0.0920429	0.14212
487	-4.73554	-5.59799	0.888338	0.111662	0.160657
488	-3.75376	-4.95931	0.918112	0.0818876	0.132525
489	-4.73554	-5.59799	0.888338	0.111662	0.160657
490	-27.9983	-29.0836	0.908607	0.0913932	0.141506
491	-4.03965	-4.78209	0.875867	0.124133	0.17244
