Sites	Ll_YN98.omega=0.00340777	Ll_YN98.omega=0.027371	Ll_YN98.omega=0.196232	Ll_YN98.omega=0.766558	Pr_YN98.omega=0.00340777	Pr_YN98.omega=0.027371	Pr_YN98.omega=0.196232	Pr_YN98.omega=0.766558	mean
92	-3.63497	-3.67857	-3.98502	-5.00992	0.343072	0.328436	0.241746	0.0867465	0.124093
93	-3.99881	-4.01852	-4.15723	-4.62319	0.296775	0.290982	0.253293	0.15895	0.180525
94	-31.8513	-27.7053	-23.9162	-21.736	3.62603e-05	0.00229104	0.101302	0.89637	0.707061
95	-15.8088	-15.8344	-16.0146	-16.6179	0.30922	0.301397	0.251703	0.13768	0.164235
96	-67.5665	-59.2546	-51.5302	-46.6139	7.893e-10	3.21398e-06	0.00727303	0.992724	0.762407
97	-8.81843	-8.84468	-9.02912	-9.64417	0.310364	0.302321	0.251402	0.135912	0.16285
98	-39.0094	-32.7799	-27.0168	-23.4226	1.65559e-07	8.40219e-05	0.0267469	0.973169	0.751241
99	-32.6068	-28.467	-24.7176	-22.6266	4.11076e-05	0.00258106	0.109683	0.887695	0.702063
100	-8.60193	-8.62886	-8.8183	-9.45393	0.311971	0.303682	0.251273	0.133074	0.160692
101	-31.0061	-26.8666	-23.1186	-21.033	4.13737e-05	0.00259725	0.110212	0.887149	0.701749
102	-17.9208	-15.8654	-14.0929	-13.391	0.00677881	0.0529407	0.311601	0.62868	0.544537
103	-3.69414	-3.7262	-3.95146	-4.70352	0.321956	0.311798	0.24891	0.117335	0.14842
104	-65.1233	-54.7275	-45.0294	-38.7311	3.44524e-12	1.12732e-07	0.0018361	0.998164	0.76551
105	-10.7335	-10.7563	-10.9164	-11.4528	0.303274	0.296443	0.252565	0.147718	0.171943
106	-8.09785	-8.1258	-8.32233	-8.98075	0.313976	0.305323	0.250846	0.129854	0.158192
107	-45.3505	-37.0246	-29.2101	-24.0717	5.70375e-10	2.35545e-06	0.00583242	0.994165	0.763229
108	-31.0435	-26.9038	-23.1546	-21.0687	4.13059e-05	0.00259352	0.110181	0.887185	0.70177
109	-29.5458	-25.4082	-21.6745	-19.6373	4.38902e-05	0.00274969	0.115036	0.88217	0.698884
110	-50.4273	-46.2807	-42.4837	-40.2363	3.3848e-05	0.00213975	0.0953625	0.902464	0.710562
111	-8.54863	-8.57431	-8.75477	-9.35713	0.309226	0.301384	0.251622	0.137768	0.164287
112	-9.29191	-9.31437	-9.47232	-10.0009	0.302588	0.295866	0.252637	0.148909	0.172852
113	-24.165	-20.0205	-16.239	-14.0507	3.6331e-05	0.00229186	0.100571	0.897101	0.707478
114	-19.9554	-17.8981	-16.1122	-15.3649	0.00649203	0.050797	0.303004	0.639707	0.551244
115	-7.68633	-7.70899	-7.86823	-8.40002	0.302929	0.296141	0.252546	0.148384	0.17244
116	-3.99881	-4.01852	-4.15723	-4.62319	0.296775	0.290982	0.253293	0.15895	0.180525
117	-26.2477	-22.1107	-18.3808	-16.357	4.46071e-05	0.00279309	0.116403	0.880759	0.698071
118	-22.6381	-20.5816	-18.8012	-18.073	0.0066105	0.0516842	0.306614	0.635091	0.548439
119	-11.6529	-11.6758	-11.8375	-12.3788	0.303715	0.296813	0.252514	0.146957	0.171362
120	-8.28107	-8.3081	-8.49818	-9.1346	0.312102	0.303778	0.251193	0.132926	0.160566
121	-57.1025	-50.8785	-45.1539	-41.6808	1.94603e-07	9.82139e-05	0.0300841	0.969817	0.749327
122	-4.70649	-4.72933	-4.88991	-5.42768	0.303396	0.296546	0.252553	0.147504	0.17178
123	-37.2897	-31.06	-25.2966	-21.7107	1.66813e-07	8.46723e-05	0.0269634	0.972952	0.751117
124	-25.9694	-23.9101	-22.11	-21.3167	0.00620547	0.0486543	0.294389	0.650752	0.55796
125	-3.99881	-4.01852	-4.15723	-4.62319	0.296775	0.290982	0.253293	0.15895	0.180525
126	-18.4391	-18.4618	-18.6215	-19.1541	0.303033	0.296223	0.252504	0.14824	0.172325
127	-20.5196	-16.383	-12.6558	-10.6423	4.51502e-05	0.00282602	0.11745	0.879679	0.697449
128	-13.9315	-11.8779	-10.1178	-9.45402	0.00703617	0.0548514	0.318856	0.619257	0.538791
129	-42.9932	-36.7696	-31.0473	-27.5833	1.96856e-07	9.93184e-05	0.0303508	0.96955	0.749174
131	-14.0119	-11.9474	-10.1108	-9.19637	0.00550201	0.0433631	0.272105	0.67903	0.575117
132	-23.0193	-20.958	-19.1439	-18.3006	0.00591465	0.0464645	0.285078	0.662543	0.565111
133	-40.7359	-34.5099	-28.7705	-25.2391	1.80823e-07	9.14436e-05	0.0284285	0.97148	0.750276
134	-28.3203	-26.2621	-24.4703	-23.7034	0.00636952	0.0498811	0.299321	0.644428	0.554115
135	-42.2644	-36.0423	-30.3309	-26.9027	2.06347e-07	0.000103945	0.0314208	0.968475	0.74856
136	-38.4405	-32.2188	-26.51	-23.0902	2.08645e-07	0.000105064	0.0316779	0.968217	0.748413
137	-26.7371	-22.6004	-18.8729	-16.8578	4.50695e-05	0.0028211	0.117288	0.879846	0.697546
138	-71.5183	-59.0453	-47.4196	-39.8861	1.82841e-14	4.77568e-09	0.000534585	0.999465	0.766253
148	-14.5069	-12.4501	-10.6674	-9.93148	0.00656184	0.0513202	0.305146	0.636972	0.549582
149	-23.8389	-19.6965	-15.9286	-13.779	3.82065e-05	0.00240529	0.104116	0.893441	0.70537
150	-27.7375	-23.5921	-19.8032	-17.5839	3.50407e-05	0.00221263	0.0978168	0.899935	0.709108
151	-14.9496	-12.8882	-11.0735	-10.2291	0.00590646	0.0464045	0.284888	0.662801	0.56527
152	-33.836	-29.6944	-25.9323	-23.8016	3.91102e-05	0.00246017	0.105884	0.891617	0.704321
153	-84.9931	-74.5898	-64.8368	-58.3132	2.58495e-12	8.52167e-08	0.00146624	0.998534	0.765721
154	-21.9003	-17.7597	-14.0042	-11.8948	4.01621e-05	0.0025239	0.107903	0.889533	0.703121
155	-15.2023	-13.1502	-11.4003	-10.7727	0.00727416	0.056625	0.325805	0.610296	0.533335
156	-6.00387	-6.03437	-6.24859	-6.96252	0.318847	0.309269	0.249635	0.122249	0.152249
157	-56.2812	-47.9402	-40.0394	-34.7428	4.40344e-10	1.84608e-06	0.00498344	0.995015	0.763714
158	-29.3644	-25.2282	-21.5042	-19.4972	4.55747e-05	0.00285123	0.118136	0.878968	0.697039
159	-35.5898	-29.3636	-23.6233	-20.0989	1.81862e-07	9.19898e-05	0.0286234	0.971284	0.750165
160	-43.1997	-34.8938	-27.2092	-22.4088	9.26925e-10	3.75221e-06	0.00815931	0.991837	0.761901
161	-24.0235	-21.9714	-20.2218	-19.5938	0.00727466	0.0566259	0.325723	0.610377	0.533381
162	-23.7346	-21.6815	-19.9249	-19.2734	0.00711693	0.0554532	0.321215	0.616215	0.536939
164	-21.2917	-17.1533	-13.4139	-11.358	4.28905e-05	0.00268924	0.113148	0.88412	0.700006
165	-12.1082	-10.0557	-8.30348	-7.66811	0.007221	0.0562308	0.324322	0.612226	0.534513
166	-3.72134	-3.75111	-3.96041	-4.66194	0.317618	0.308305	0.250081	0.123996	0.153645
167	-27.9837	-23.8429	-20.0863	-17.9721	3.99408e-05	0.00251039	0.10745	0.89	0.70339
168	-39.1293	-32.8969	-27.1138	-23.4571	1.52256e-07	7.74939e-05	0.0251659	0.974756	0.752147
169	-43.278	-37.0508	-31.3035	-27.7573	1.76627e-07	8.94317e-05	0.0280228	0.971888	0.750509
170	-41.2718	-35.0463	-29.311	-25.8037	1.85966e-07	9.39993e-05	0.0291029	0.970803	0.74989
171	-15.6428	-13.5882	-11.8208	-11.1327	0.00687617	0.0536595	0.314199	0.625265	0.54245
172	-16.1935	-14.139	-12.3717	-11.6838	0.0068781	0.0536737	0.314253	0.625195	0.542407
173	-13.7543	-13.7817	-13.974	-14.6157	0.312666	0.304221	0.250989	0.132123	0.159925
174	-5.20792	-5.23681	-5.43969	-6.1156	0.315645	0.306657	0.250348	0.127351	0.156217
175	-9.58705	-9.61553	-9.81583	-10.4875	0.315077	0.306231	0.250645	0.128046	0.156795
176	-4.05004	-4.07675	-4.26461	-4.89395	0.311473	0.303262	0.251324	0.133941	0.161353
177	-3.83974	-3.87027	-4.08498	-4.80425	0.319121	0.309524	0.249716	0.121639	0.151805
178	-8.31783	-8.34043	-8.49937	-9.03181	0.302908	0.296139	0.252622	0.148332	0.172415
179	-7.18619	-7.21583	-7.42415	-8.12077	0.31728	0.308015	0.250092	0.124613	0.154111
180	-4.21629	-4.24402	-4.43915	-5.09442	0.313633	0.305055	0.250978	0.130333	0.158576
181	-9.78931	-9.81721	-10.0132	-10.6664	0.313684	0.305054	0.250769	0.130492	0.158657
182	-10.5742	-10.5975	-10.761	-11.3094	0.304321	0.297326	0.252461	0.145892	0.170551
183	-4.00947	-4.0329	-4.19769	-4.74981	0.304672	0.297615	0.2524	0.145314	0.170104
184	-4.36773	-4.39204	-4.56308	-5.13736	0.306587	0.299224	0.252182	0.142007	0.167577
185	-6.5952	-6.62562	-6.83942	-7.55373	0.318795	0.309243	0.249718	0.122244	0.15226
186	-6.77637	-6.79912	-6.9591	-7.49513	0.303227	0.296407	0.252586	0.147779	0.171993
187	-16.8669	-14.8138	-13.0569	-12.4043	0.00710964	0.0553989	0.321	0.616492	0.537107
188	-16.4577	-16.4819	-16.6528	-17.2265	0.306536	0.29918	0.252184	0.1421	0.167648
189	-8.53412	-8.55831	-8.72848	-9.29881	0.306285	0.298964	0.252183	0.142568	0.168
190	-4.21629	-4.24402	-4.43915	-5.09442	0.313633	0.305055	0.250978	0.130333	0.158576
191	-8.2177	-8.24096	-8.40463	-8.95352	0.304358	0.297358	0.252464	0.145821	0.170498
192	-4.21629	-4.24402	-4.43915	-5.09442	0.313633	0.305055	0.250978	0.130333	0.158576
193	-4.11995	-4.14967	-4.3587	-5.05912	0.317533	0.308234	0.250092	0.124141	0.153756
194	-13.4724	-13.5051	-13.735	-14.4995	0.323121	0.312709	0.248483	0.115686	0.147101
224	-5.05716	-5.08609	-5.28929	-5.96705	0.315767	0.306763	0.250352	0.127117	0.156042
225	-4.2875	-4.31772	-4.5301	-5.2399	0.318407	0.308929	0.249818	0.122846	0.152732
226	-17.8955	-17.9283	-18.1583	-18.9231	0.323148	0.312731	0.248476	0.115645	0.147068
227	-5.34371	-5.37109	-5.56357	-6.20742	0.312772	0.304324	0.251041	0.131863	0.159738
228	-8.31309	-8.34028	-8.53155	-9.17324	0.312496	0.304114	0.251172	0.132217	0.160029
229	-4.0012	-4.03187	-4.24747	-4.96905	0.319345	0.3097	0.249636	0.121319	0.15155
230	-4.70649	-4.72933	-4.88991	-5.42768	0.303397	0.296546	0.252553	0.147504	0.17178
231	-5.47599	-5.50284	-5.69147	-6.32051	0.311582	0.303327	0.251184	0.133907	0.161302
232	-18.3698	-18.3949	-18.5709	-19.1604	0.308007	0.30039	0.251895	0.139708	0.165795
233	-26.1751	-22.0341	-18.2766	-16.1604	3.98252e-05	0.00250349	0.107258	0.890199	0.703505
234	-7.09201	-7.12272	-7.33849	-8.05874	0.319323	0.309665	0.249566	0.121446	0.151632
235	-12.0348	-12.0643	-12.2719	-12.9645	0.317014	0.307785	0.250093	0.125108	0.154483
236	-3.69414	-3.7262	-3.95146	-4.70352	0.321957	0.311798	0.24891	0.117335	0.14842
237	-7.58641	-7.61387	-7.80678	-8.45114	0.312861	0.304388	0.250985	0.131766	0.159655
238	-4.67833	-4.7033	-4.87889	-5.46689	0.307871	0.300278	0.251923	0.139928	0.165966
239	-28.9643	-28.9868	-29.1447	-29.671	0.302476	0.295753	0.252563	0.149208	0.173063
240	-29.8913	-25.7464	-21.9606	-19.7515	3.54879e-05	0.00223986	0.0987089	0.899016	0.708579
241	-4.48226	-4.50299	-4.64876	-5.13779	0.298928	0.292797	0.253081	0.155194	0.177661
242	-18.1261	-18.1504	-18.3215	-18.8943	0.306533	0.299165	0.252122	0.14218	0.167696
243	-3.69414	-3.7262	-3.95146	-4.70352	0.321957	0.311798	0.24891	0.117335	0.14842
244	-15.6158	-13.5624	-11.8038	-11.1464	0.0070753	0.0551452	0.320076	0.617703	0.537848
245	-9.90837	-9.93593	-10.1296	-10.7758	0.313047	0.304537	0.250927	0.131489	0.159436
246	-9.21416	-9.23714	-9.39882	-9.94093	0.303755	0.296853	0.252536	0.146855	0.171289
247	-3.635	-3.67882	-3.98684	-5.01703	0.343455	0.32873	0.241584	0.0862307	0.123675
248	-3.55336	-3.58514	-3.80847	-4.55481	0.321451	0.311396	0.249069	0.118084	0.149012
249	-3.69644	-3.72866	-3.95508	-4.71103	0.322275	0.312055	0.248829	0.116841	0.148033
250	-4.08979	-4.11958	-4.32899	-5.03041	0.317631	0.308311	0.250059	0.124	0.153644
251	-6.87663	-6.90724	-7.12234	-7.84149	0.319178	0.309558	0.249645	0.121619	0.151777
252	-10.4041	-10.4308	-10.6188	-11.2499	0.311555	0.303345	0.251375	0.133724	0.1612
253	-17.4643	-17.4911	-17.6792	-18.3057	0.311401	0.30317	0.251185	0.134244	0.161555
254	-12.221	-12.2446	-12.4105	-12.9668	0.305026	0.297915	0.252371	0.144688	0.169629
255	-4.68072	-4.70582	-4.8823	-5.47333	0.308137	0.300499	0.251882	0.139482	0.165623
256	-3.55336	-3.58514	-3.80847	-4.55481	0.321451	0.311396	0.249069	0.118084	0.149012
257	-18.7819	-18.8131	-19.0325	-19.7631	0.320267	0.310417	0.249272	0.120045	0.150524
258	-8.31438	-8.3417	-8.53392	-9.17884	0.312773	0.304342	0.25112	0.131764	0.159679
259	-32.7876	-28.6481	-24.9008	-22.8188	4.15381e-05	0.00260735	0.110564	0.886787	0.701541
260	-44.578	-38.3563	-32.6481	-29.2342	2.09977e-07	0.00010573	0.0318596	0.968034	0.748309
261	-3.72308	-3.75299	-3.96336	-4.66852	0.31792	0.308551	0.250013	0.123515	0.153271
262	-4.76225	-4.78857	-4.97358	-5.59274	0.31062	0.302552	0.251448	0.135379	0.162458
263	-12.3954	-12.4205	-12.5967	-13.187	0.308072	0.300445	0.251892	0.139591	0.165707
264	-6.67383	-6.70381	-6.91444	-7.61741	0.31788	0.308491	0.2499	0.123728	0.15341
265	-12.5709	-12.5938	-12.7545	-13.2932	0.303464	0.296606	0.252558	0.147372	0.171682
266	-14.8602	-12.7994	-10.9887	-10.159	0.00598997	0.0470345	0.287604	0.659372	0.563191
267	-4.29485	-4.31878	-4.4871	-5.05155	0.305748	0.298518	0.252273	0.14346	0.168687
268	-31.4344	-27.2984	-23.5751	-21.5717	4.57602e-05	0.00286252	0.118502	0.87859	0.696822
269	-11.8555	-11.8777	-12.0334	-12.5535	0.301873	0.295254	0.252666	0.150208	0.173834
270	-4.00358	-4.03441	-4.25111	-4.97641	0.319654	0.309951	0.249563	0.120833	0.15117
271	-46.1802	-37.8764	-30.2075	-25.458	9.92476e-10	4.00862e-06	0.00858209	0.991414	0.76166
272	-10.2054	-10.2333	-10.4294	-11.0878	0.313903	0.305276	0.250922	0.129899	0.158239
273	-16.9155	-14.8564	-13.058	-12.2709	0.00624196	0.0489284	0.29553	0.649299	0.557078
274	-11.6528	-11.6834	-11.8983	-12.6149	0.319058	0.309442	0.249594	0.121905	0.151982
275	-59.2824	-48.8933	-39.241	-33.0831	4.17705e-12	1.35767e-07	0.00211216	0.997888	0.765353
276	-13.4482	-11.3963	-9.64834	-9.02755	0.00731911	0.0569604	0.32713	0.60859	0.532297
277	-24.5465	-24.5701	-24.7364	-25.2926	0.305079	0.297947	0.252305	0.144668	0.169602
278	-53.6668	-45.3556	-37.6339	-32.7101	7.8609e-10	3.19894e-06	0.00721872	0.992778	0.762438
279	-10.4391	-10.4621	-10.6234	-11.1635	0.303614	0.296727	0.252523	0.147136	0.171497
280	-20.0625	-20.0903	-20.2856	-20.937	0.313513	0.304915	0.250814	0.130759	0.158866
281	-4.25097	-4.2796	-4.481	-5.15652	0.315398	0.306496	0.250585	0.127521	0.156389
282	-8.29493	-8.32541	-8.53967	-9.25673	0.318969	0.309395	0.249725	0.121911	0.152011
283	-4.25097	-4.2796	-4.481	-5.15652	0.315398	0.306496	0.250585	0.127521	0.156389
284	-7.02894	-7.05861	-7.26718	-7.96492	0.317362	0.308084	0.250084	0.12447	0.154002
285	-21.6036	-19.5225	-17.5888	-16.5088	0.00439398	0.0352103	0.243479	0.716917	0.598315
286	-4.25097	-4.2796	-4.481	-5.15652	0.315398	0.306496	0.250585	0.127521	0.156389
287	-16.9976	-17.0283	-17.2435	-17.9646	0.319274	0.309647	0.249675	0.121404	0.151621
288	-11.6676	-11.693	-11.8717	-12.4702	0.308793	0.301044	0.251776	0.138387	0.16478
289	-4.25097	-4.2796	-4.481	-5.15652	0.315398	0.306496	0.250585	0.127521	0.156389
290	-4.71056	-4.73352	-4.89492	-5.43546	0.303645	0.296754	0.252523	0.147078	0.171454
291	-4.08979	-4.11958	-4.32899	-5.03041	0.317631	0.308311	0.250059	0.124	0.153644
292	-15.3694	-15.3951	-15.5757	-16.1805	0.309356	0.301507	0.251668	0.137469	0.16407
293	-3.55336	-3.58514	-3.80847	-4.55481	0.321451	0.311396	0.249069	0.118084	0.149012
294	-26.2534	-24.1985	-22.3974	-21.2682	0.00494277	0.0385833	0.233675	0.722799	0.600995
295	-3.99882	-4.01863	-4.15806	-4.62641	0.296996	0.291169	0.253276	0.15856	0.180228
296	-4.21752	-4.24539	-4.44151	-5.10015	0.31392	0.305291	0.250922	0.129866	0.158215
297	-24.3905	-20.2468	-16.4697	-14.2886	3.67548e-05	0.00231693	0.101225	0.896421	0.707086
298	-15.9024	-13.8481	-12.0827	-11.4035	0.00692958	0.0540622	0.315928	0.62308	0.541125
299	-12.8427	-12.8652	-13.023	-13.5519	0.302584	0.295867	0.252661	0.148888	0.172841
300	-4.96952	-4.99229	-5.1525	-5.68994	0.303323	0.296493	0.252603	0.147581	0.171847
301	-31.2317	-27.0948	-23.3656	-21.3444	4.47415e-05	0.00280122	0.116656	0.880498	0.697921
302	-18.1447	-16.0825	-14.2623	-13.4012	0.00580607	0.0456527	0.28183	0.666711	0.567646
303	-7.23436	-7.25538	-7.40306	-7.89659	0.29943	0.293205	0.252948	0.154417	0.177052
304	-9.88352	-9.91343	-10.1238	-10.8287	0.317909	0.308541	0.250013	0.123537	0.153287
305	-4.76676	-4.79522	-4.99534	-5.66592	0.315008	0.306171	0.250641	0.12818	0.156895
306	-18.0881	-18.1136	-18.2931	-18.8941	0.309024	0.301233	0.251728	0.138015	0.164492
307	-12.6294	-12.6579	-12.8577	-13.5242	0.314809	0.305979	0.250554	0.128658	0.157238
308	-15.336	-13.282	-11.5191	-10.8492	0.00698815	0.054501	0.317717	0.620793	0.539736
309	-5.34684	-5.37436	-5.56782	-6.215	0.313057	0.304559	0.250987	0.131397	0.159378
310	-8.21899	-8.24238	-8.40688	-8.95858	0.304609	0.297567	0.252432	0.145393	0.17017
311	-3.72308	-3.75299	-3.96336	-4.66852	0.31792	0.308551	0.250013	0.123515	0.153271
312	-4.25097	-4.2796	-4.481	-5.15652	0.315398	0.306496	0.250585	0.127521	0.156389
313	-4.89017	-4.91685	-5.10461	-5.73535	0.311513	0.303311	0.251388	0.133788	0.16125
314	-43.8292	-41.7754	-40.0136	-39.3453	0.00700342	0.0546101	0.318001	0.620385	0.539482
315	-9.52351	-9.55529	-9.77857	-10.5247	0.321436	0.311383	0.249071	0.11811	0.149032
316	-43.6198	-37.3784	-31.5367	-27.7264	1.2247e-07	6.2895e-05	0.0216586	0.978278	0.754158
317	-18.849	-16.7922	-15.0096	-14.2741	0.00656431	0.0513388	0.305225	0.636872	0.549522
318	-11.6593	-11.6889	-11.8968	-12.5912	0.317136	0.307889	0.250092	0.124883	0.154314
319	-4.05239	-4.07924	-4.26805	-4.90064	0.311752	0.303493	0.251274	0.133481	0.160998
320	-20.0272	-17.9685	-16.1722	-15.391	0.00628055	0.049215	0.296621	0.647884	0.556215
321	-4.76676	-4.79522	-4.99534	-5.66592	0.315008	0.306171	0.250641	0.12818	0.156895
322	-4.29485	-4.31878	-4.4871	-5.05155	0.305748	0.298518	0.252273	0.14346	0.168687
323	-5.37508	-5.39732	-5.55373	-6.07833	0.302171	0.295526	0.252736	0.149567	0.173365
324	-12.4028	-12.4266	-12.5942	-13.1561	0.305519	0.298327	0.252304	0.143849	0.168985
325	-4.59726	-4.61972	-4.77776	-5.30753	0.302651	0.295926	0.252668	0.148755	0.172742
326	-16.7972	-14.738	-12.9389	-12.1471	0.00621817	0.0487458	0.294644	0.650392	0.557737
327	-26.7017	-22.5661	-18.8459	-16.8539	4.6377e-05	0.00289988	0.119685	0.877369	0.696119
328	-9.00959	-9.0418	-9.26813	-10.0237	0.322249	0.312034	0.248832	0.116886	0.148067
329	-16.9854	-14.9325	-13.1772	-12.5318	0.00715368	0.0557298	0.32238	0.614736	0.536042
330	-25.0521	-25.081	-25.2843	-25.9639	0.315847	0.306843	0.250401	0.126908	0.155894
331	-9.38552	-9.41625	-9.6323	-10.3554	0.31947	0.309802	0.249607	0.121122	0.151396
332	-6.67383	-6.70381	-6.91444	-7.61741	0.31788	0.308491	0.2499	0.123728	0.15341
333	-21.8904	-19.8363	-18.0721	-17.3966	0.00695458	0.0542476	0.316624	0.622173	0.540572
334	-10.0816	-10.1057	-10.2756	-10.8445	0.306175	0.298869	0.252188	0.142768	0.168151
335	-7.06314	-7.08571	-7.24429	-7.77441	0.302754	0.295998	0.25259	0.148658	0.172655
336	-7.58208	-7.61332	-7.8328	-8.56569	0.320364	0.310512	0.249321	0.119803	0.150352
337	-4.71056	-4.73352	-4.89492	-5.43546	0.303645	0.296754	0.252523	0.147078	0.171454
338	-19.2483	-19.278	-19.4862	-20.1825	0.317258	0.307994	0.250088	0.124659	0.154145
339	-52.2858	-48.151	-44.436	-42.4593	4.72863e-05	0.00295448	0.121302	0.875696	0.695156
340	-3.99882	-4.01863	-4.15806	-4.62641	0.296996	0.291169	0.253276	0.15856	0.180228
341	-14.448	-14.4714	-14.6359	-15.1877	0.304616	0.297573	0.252429	0.145381	0.170161
342	-29.3741	-25.2375	-21.5109	-19.4974	4.51773e-05	0.00282747	0.117453	0.879674	0.697446
343	-27.8173	-23.6787	-19.9379	-17.8769	4.26316e-05	0.00267353	0.112645	0.884638	0.700304
344	-7.88892	-7.91112	-8.06721	-8.59024	0.302053	0.295422	0.252728	0.149797	0.173537
345	-14.7391	-12.683	-10.9054	-10.1859	0.00666734	0.0521078	0.308272	0.632953	0.547137
346	-33.5516	-31.4951	-29.715	-28.9876	0.00661585	0.0517236	0.306752	0.634908	0.548327
347	-18.6416	-16.5858	-14.8099	-14.0947	0.00669816	0.0523341	0.30905	0.631918	0.546502
348	-9.15771	-9.18556	-9.38154	-10.0395	0.313869	0.305247	0.250923	0.12996	0.158286
349	-3.69644	-3.72866	-3.95508	-4.71103	0.322275	0.312055	0.248829	0.116841	0.148033
350	-8.56035	-8.59771	-8.85924	-9.7203	0.331293	0.319146	0.245701	0.103861	0.137694
351	-4.52079	-4.55025	-4.75746	-5.45193	0.317026	0.307821	0.250212	0.124941	0.15438
352	-6.02611	-6.05229	-6.23634	-6.85233	0.310342	0.302322	0.2515	0.135836	0.162811
353	-4.05239	-4.07924	-4.26805	-4.90064	0.311752	0.303493	0.251274	0.133481	0.160998
354	-22.3269	-20.2719	-18.5021	-17.8097	0.00683938	0.053393	0.313402	0.626366	0.543129
355	-7.73787	-7.76772	-7.97759	-8.67977	0.317731	0.308386	0.250005	0.123878	0.153542
356	-10.4597	-10.4792	-10.6166	-11.0775	0.296335	0.290602	0.253292	0.15977	0.181141
357	-4.21752	-4.24539	-4.44151	-5.10015	0.31392	0.305291	0.250922	0.129866	0.158215
358	-23.9441	-23.9746	-24.1894	-24.9069	0.319067	0.309462	0.249646	0.121825	0.151932
359	-14.0785	-12.0261	-10.2743	-9.64157	0.00723647	0.0563477	0.32483	0.611586	0.534125
360	-23.4362	-19.2976	-15.5568	-13.4982	4.27216e-05	0.00267922	0.112878	0.8844	0.700167
361	-3.55336	-3.58514	-3.80847	-4.55481	0.321451	0.311396	0.249069	0.118084	0.149012
362	-3.72308	-3.75299	-3.96336	-4.66852	0.31792	0.308551	0.250013	0.123515	0.153271
363	-3.635	-3.67882	-3.98684	-5.01703	0.343456	0.32873	0.241584	0.0862305	0.123675
364	-33.8917	-29.7529	-26.0107	-23.9457	4.24136e-05	0.00266039	0.112243	0.885055	0.700544
365	-11.7027	-11.7327	-11.9438	-12.6482	0.318006	0.308592	0.249867	0.123535	0.153258
366	-13.6691	-11.6087	-9.80121	-8.98251	0.00605442	0.0475193	0.289645	0.656781	0.561619
367	-9.74852	-9.77801	-9.98527	-10.6778	0.316963	0.307751	0.250142	0.125144	0.15452
368	-29.2866	-25.1486	-21.411	-19.3578	4.30868e-05	0.00270075	0.113425	0.883832	0.699839
369	-17.4031	-17.4359	-17.6659	-18.4325	0.323222	0.312803	0.248513	0.115462	0.146938
370	-9.86005	-9.88056	-10.0248	-10.5081	0.298431	0.292371	0.253095	0.156103	0.178346
371	-12.7138	-10.6604	-8.90173	-8.24599	0.00708203	0.0551994	0.320415	0.617304	0.537609
372	-22.5421	-22.5686	-22.7548	-23.376	0.310886	0.302755	0.251323	0.135036	0.162176
373	-14.8432	-12.7866	-11.0055	-10.2754	0.00659777	0.0515892	0.306237	0.635576	0.548734
374	-4.69962	-4.723	-4.88745	-5.4388	0.304585	0.297546	0.252428	0.145442	0.170206
375	-3.99882	-4.01863	-4.15806	-4.62641	0.296996	0.291169	0.253276	0.15856	0.180228
376	-4.29004	-4.32042	-4.53388	-5.24735	0.318712	0.309178	0.249748	0.122362	0.152355
377	-4.00358	-4.03441	-4.25111	-4.97641	0.319654	0.309951	0.249563	0.120833	0.15117
378	-4.21752	-4.24539	-4.44151	-5.10015	0.31392	0.305291	0.250922	0.129866	0.158215
379	-6.65894	-6.68241	-6.84729	-7.39843	0.304646	0.297582	0.252347	0.145425	0.170179
380	-9.53364	-9.55806	-9.72987	-10.3067	0.306813	0.299411	0.252146	0.141631	0.167288
381	-4.45794	-4.48391	-4.66653	-5.27821	0.309942	0.301997	0.25159	0.136471	0.163305
382	-8.03908	-8.058	-8.19095	-8.63561	0.29489	0.289365	0.253342	0.162402	0.18313
383	-21.4894	-19.4349	-17.6681	-16.9852	0.00690281	0.0538646	0.315214	0.624018	0.541699
384	-13.9244	-13.9561	-14.1791	-14.9242	0.321362	0.311322	0.24908	0.118236	0.149128
385	-12.8924	-12.9153	-13.0762	-13.6159	0.303531	0.296667	0.252574	0.147229	0.171577
386	-10.2691	-10.3002	-10.519	-11.2489	0.320152	0.310332	0.249344	0.120172	0.150633
387	-13.4836	-13.5132	-13.7211	-14.4164	0.317166	0.307921	0.250114	0.124799	0.154255
388	-46.5933	-40.367	-34.6263	-31.1011	1.81633e-07	9.18801e-05	0.0286014	0.971306	0.750177
389	-7.53023	-7.55562	-7.73418	-8.332	0.308742	0.301	0.251778	0.13848	0.164851
390	-12.4479	-10.3941	-8.63247	-7.96624	0.00701355	0.0546887	0.318404	0.619894	0.539186
391	-7.71716	-7.74625	-7.95076	-8.63544	0.316233	0.307168	0.250357	0.126242	0.155385
392	-8.45211	-8.47989	-8.6751	-9.32663	0.313502	0.304911	0.250839	0.130749	0.158863
393	-23.8963	-23.9167	-24.0599	-24.5385	0.298054	0.292042	0.253077	0.156827	0.178888
394	-12.2388	-12.2661	-12.4583	-13.1019	0.312721	0.304286	0.251069	0.131924	0.159789
395	-4.14507	-4.17487	-4.38439	-5.08527	0.317627	0.3083	0.250023	0.124049	0.153674
396	-13.4994	-13.5297	-13.7426	-14.4533	0.31853	0.309019	0.249744	0.122707	0.152614
397	-14.2991	-12.2367	-10.416	-9.5683	0.00585395	0.0460407	0.284345	0.663761	0.565888
398	-4.75445	-4.78175	-4.9737	-5.61623	0.312637	0.304217	0.251085	0.132061	0.159895
399	-4.89017	-4.91685	-5.10461	-5.73535	0.311513	0.303311	0.251388	0.133788	0.16125
400	-20.731	-18.6735	-16.8863	-16.1304	0.00644724	0.050454	0.301368	0.641731	0.552465
401	-7.85058	-7.87913	-8.07986	-8.75166	0.31515	0.306279	0.250579	0.127992	0.156742
402	-29.5344	-25.3939	-21.6397	-19.535	4.039e-05	0.00253782	0.108369	0.889053	0.702845
403	-10.0951	-10.1238	-10.3259	-11.0034	0.315578	0.306641	0.250537	0.127244	0.156172
404	-4.14507	-4.17487	-4.38439	-5.08527	0.317627	0.3083	0.250023	0.124049	0.153674
405	-15.7181	-13.6645	-11.9042	-11.2425	0.00704379	0.0549137	0.319274	0.618769	0.538501
406	-8.09044	-8.11722	-8.30554	-8.93679	0.311622	0.303388	0.25131	0.13368	0.161154
407	-4.14507	-4.17487	-4.38439	-5.08527	0.317627	0.3083	0.250023	0.124049	0.153674
408	-22.4542	-18.3123	-14.5485	-12.4099	3.87599e-05	0.00243869	0.105145	0.892377	0.704758
409	-17.3142	-15.2586	-13.4849	-12.7809	0.00676138	0.0528141	0.311212	0.629212	0.544866
410	-24.5211	-24.5419	-24.6877	-25.173	0.298768	0.292627	0.252919	0.155685	0.178
411	-22.957	-20.9052	-19.1573	-18.5352	0.00731467	0.0569233	0.326865	0.608897	0.532479
412	-7.73779	-7.76108	-7.92486	-8.47401	0.304387	0.297381	0.252454	0.145778	0.170464
413	-4.12178	-4.15165	-4.36175	-5.06578	0.317835	0.30848	0.250024	0.12366	0.153382
414	-6.98641	-7.01691	-7.23122	-7.94621	0.318901	0.309319	0.249652	0.122129	0.152161
415	-22.593	-18.4551	-14.7193	-12.6766	4.3574e-05	0.00273072	0.114477	0.882748	0.699216
416	-4.00358	-4.03441	-4.25111	-4.97641	0.319654	0.309951	0.249563	0.120833	0.15117
417	-5.34684	-5.37436	-5.56782	-6.215	0.313057	0.304559	0.250987	0.131397	0.159378
418	-11.8902	-11.9137	-12.0784	-12.6316	0.304707	0.297657	0.252453	0.145183	0.170016
419	-4.48569	-4.50652	-4.65304	-5.14459	0.299157	0.292991	0.25306	0.154791	0.177354
420	-4.00358	-4.03441	-4.25111	-4.97641	0.319654	0.309951	0.249563	0.120833	0.15117
421	-6.16503	-6.19072	-6.37123	-6.97364	0.309236	0.301392	0.251615	0.137757	0.164277
422	-4.14507	-4.17487	-4.38439	-5.08527	0.317627	0.3083	0.250023	0.124049	0.153674
423	-6.02611	-6.05229	-6.23634	-6.85233	0.310342	0.302322	0.2515	0.135836	0.162811
424	-3.84162	-3.87231	-4.08812	-4.8111	0.319429	0.309774	0.249643	0.121154	0.151427
425	-6.65894	-6.68241	-6.84729	-7.39843	0.304646	0.297582	0.252347	0.145425	0.170179
426	-3.69644	-3.72866	-3.95508	-4.71103	0.322275	0.312055	0.248829	0.116841	0.148033
427	-3.635	-3.67882	-3.98684	-5.01703	0.343456	0.32873	0.241584	0.0862305	0.123675
428	-4.29004	-4.32042	-4.53388	-5.24735	0.318712	0.309178	0.249748	0.122362	0.152355
429	-3.72308	-3.75299	-3.96336	-4.66852	0.31792	0.308551	0.250013	0.123515	0.153271
430	-5.34684	-5.37436	-5.56782	-6.215	0.313057	0.304559	0.250987	0.131397	0.159378
431	-8.9947	-9.01765	-9.17901	-9.71964	0.303642	0.296754	0.252533	0.147071	0.17145
432	-12.5326	-12.5575	-12.7322	-13.3177	0.307635	0.300083	0.251967	0.140315	0.166265
433	-7.65305	-7.68162	-7.88243	-8.55431	0.315166	0.30629	0.250567	0.127977	0.156728
434	-4.71056	-4.73352	-4.89492	-5.43546	0.303645	0.296754	0.252523	0.147078	0.171454
435	-4.40073	-4.42943	-4.63129	-5.30819	0.315523	0.306596	0.250553	0.127329	0.156238
436	-4.14507	-4.17487	-4.38439	-5.08527	0.317627	0.3083	0.250023	0.124049	0.153674
437	-26.279	-26.3012	-26.4574	-26.9807	0.302082	0.295447	0.252726	0.149746	0.173498
438	-3.635	-3.67882	-3.98684	-5.01703	0.343456	0.32873	0.241584	0.0862305	0.123675
439	-4.69962	-4.723	-4.88745	-5.4388	0.304585	0.297546	0.252428	0.145442	0.170206
440	-8.02188	-8.04867	-8.23704	-8.86834	0.311632	0.303396	0.251304	0.133668	0.161145
441	-8.98241	-9.00561	-9.16869	-9.71456	0.304138	0.297164	0.252446	0.146251	0.170818
442	-3.84162	-3.87231	-4.08812	-4.8111	0.319429	0.309774	0.249643	0.121154	0.151427
443	-15.5103	-15.534	-15.7012	-16.2621	0.305411	0.298241	0.252338	0.14401	0.169112
444	-29.7047	-25.5339	-21.5859	-18.9916	2.06761e-05	0.00133915	0.0694109	0.929229	0.725965
445	-27.3961	-23.2595	-19.5329	-17.5212	4.52514e-05	0.00283215	0.117644	0.879478	0.697334
446	-14.3761	-14.4015	-14.5797	-15.1765	0.308646	0.300921	0.251795	0.138638	0.164973
447	-4.76225	-4.78857	-4.97358	-5.59274	0.31062	0.302552	0.251448	0.135379	0.162458
448	-6.25024	-6.2823	-6.50746	-7.2579	0.321882	0.311726	0.24888	0.117511	0.148546
449	-29.6312	-25.4935	-21.7587	-19.7181	4.37019e-05	0.00273831	0.11468	0.882538	0.699095
450	-6.16503	-6.19072	-6.37123	-6.97364	0.309236	0.301392	0.251615	0.137757	0.164277
451	-12.5172	-12.5447	-12.7381	-13.3851	0.313045	0.304549	0.250989	0.131417	0.159393
452	-3.69644	-3.72866	-3.95508	-4.71103	0.322275	0.312055	0.248829	0.116841	0.148033
453	-8.15044	-8.17785	-8.37054	-9.01513	0.312834	0.304375	0.25103	0.13176	0.159659
454	-4.08979	-4.11958	-4.32899	-5.03041	0.317631	0.308311	0.250059	0.124	0.153644
455	-4.71056	-4.73352	-4.89492	-5.43546	0.303645	0.296754	0.252523	0.147078	0.171454
456	-4.40073	-4.42943	-4.63129	-5.30819	0.315523	0.306596	0.250553	0.127329	0.156238
457	-4.72804	-4.7536	-4.93336	-5.53584	0.30912	0.301319	0.251744	0.137818	0.164346
458	-14.9971	-15.0211	-15.1902	-15.7565	0.305954	0.298682	0.252208	0.143156	0.168447
459	-7.40148	-7.42979	-7.62884	-8.29538	0.314685	0.305902	0.250688	0.128724	0.157313
460	-6.67383	-6.70381	-6.91444	-7.61741	0.31788	0.308491	0.2499	0.123728	0.15341
461	-6.942	-6.97195	-7.18236	-7.885	0.317834	0.308457	0.249926	0.123783	0.153456
462	-8.18954	-8.21735	-8.41273	-9.0648	0.313549	0.30495	0.250829	0.130672	0.158804
463	-4.31075	-4.34885	-4.61674	-5.51305	0.333389	0.320924	0.245504	0.100183	0.134892
464	-22.7263	-20.673	-18.9152	-18.2611	0.00709595	0.0553002	0.32072	0.616884	0.537351
465	-4.21752	-4.24539	-4.44151	-5.10015	0.31392	0.305291	0.250922	0.129866	0.158215
466	-4.92686	-4.95431	-5.14742	-5.79536	0.313031	0.304555	0.251072	0.131341	0.159352
467	-4.68072	-4.70582	-4.8823	-5.47333	0.308137	0.300499	0.251882	0.139482	0.165623
468	-8.09044	-8.11722	-8.30554	-8.93679	0.311622	0.303388	0.25131	0.13368	0.161154
469	-7.17413	-7.20293	-7.4054	-8.08243	0.315623	0.306661	0.250455	0.127262	0.15617
470	-4.14507	-4.17487	-4.38439	-5.08527	0.317627	0.3083	0.250023	0.124049	0.153674
471	-3.69644	-3.72866	-3.95508	-4.71103	0.322275	0.312055	0.248829	0.116841	0.148033
472	-3.635	-3.67882	-3.98684	-5.01703	0.343456	0.32873	0.241584	0.0862305	0.123675
473	-4.89017	-4.91685	-5.10461	-5.73535	0.311513	0.303311	0.251388	0.133788	0.16125
474	-4.71056	-4.73352	-4.89492	-5.43546	0.303645	0.296754	0.252523	0.147078	0.171454
475	-3.69644	-3.72866	-3.95508	-4.71103	0.322275	0.312055	0.248829	0.116841	0.148033
476	-9.76115	-9.77854	-9.90084	-10.3107	0.291577	0.28655	0.253563	0.168309	0.187612
477	-4.68072	-4.70582	-4.8823	-5.47333	0.308137	0.300499	0.251882	0.139482	0.165623
478	-4.68072	-4.70582	-4.8823	-5.47333	0.308137	0.300499	0.251882	0.139482	0.165623
479	-6.98641	-7.01691	-7.23122	-7.94621	0.318901	0.309319	0.249652	0.122129	0.152161
480	-9.71268	-9.73539	-9.89514	-10.4305	0.30316	0.296351	0.252598	0.147891	0.172079
481	-112.183	-93.4444	-75.8055	-63.91	1.08409e-21	1.4906e-13	6.82042e-06	0.999993	0.766554
482	-3.99882	-4.01863	-4.15806	-4.62641	0.296996	0.291169	0.253276	0.15856	0.180228
483	-8.09948	-8.12757	-8.32508	-8.98682	0.314259	0.305555	0.25079	0.129395	0.157836
484	-3.69644	-3.72866	-3.95508	-4.71103	0.322275	0.312055	0.248829	0.116841	0.148033
485	-22.5312	-20.4767	-18.7098	-18.0239	0.00688911	0.0537574	0.314632	0.624722	0.542121
486	-7.17413	-7.20293	-7.4054	-8.08243	0.315623	0.306661	0.250455	0.127262	0.15617
487	-4.71056	-4.73352	-4.89492	-5.43546	0.303645	0.296754	0.252523	0.147078	0.171454
488	-3.69644	-3.72866	-3.95508	-4.71103	0.322275	0.312055	0.248829	0.116841	0.148033
489	-4.71056	-4.73352	-4.89492	-5.43546	0.303645	0.296754	0.252523	0.147078	0.171454
490	-27.8292	-27.8582	-28.0624	-28.7444	0.316075	0.307024	0.250329	0.126573	0.155628
491	-3.99882	-4.01863	-4.15806	-4.62641	0.296996	0.291169	0.253276	0.15856	0.180228
