Sites	Ll_YN98.omega=0.00322967	Ll_YN98.omega=0.0240093	Ll_YN98.omega=0.164954	Ll_YN98.omega=0.711122	Ll_YN98.omega=3.55982	Pr_YN98.omega=0.00322967	Pr_YN98.omega=0.0240093	Pr_YN98.omega=0.164954	Pr_YN98.omega=0.711122	Pr_YN98.omega=3.55982	mean
92	-3.63455	-3.67177	-3.92367	-4.891	-9.6813	0.33365	0.321461	0.249879	0.0949779	3.22456e-05	0.11767
93	-3.9986	-4.01532	-4.12862	-4.56545	-6.78708	0.291433	0.2866	0.255901	0.165334	0.000732429	0.170214
94	-32.0144	-28.0198	-24.2873	-21.8715	-21.5414	3.4272e-05	0.00186104	0.0777632	0.87085	0.0494913	0.808334
95	-15.8415	-15.8634	-16.0115	-16.5807	-19.4262	0.30296	0.296406	0.255616	0.144675	0.000343419	0.154364
96	-67.8811	-59.8754	-52.2931	-46.949	-43.2174	2.99414e-10	8.97647e-07	0.00176223	0.368952	0.629284	2.5028
97	-8.81609	-8.83847	-8.98986	-9.56968	-12.3921	0.303935	0.297209	0.255455	0.143054	0.000347525	0.153222
98	-39.2525	-33.2519	-27.5902	-23.6712	-21.1752	1.12862e-07	4.55551e-05	0.0131034	0.65978	0.327071	1.63566
99	-32.7746	-28.7855	-25.0874	-22.7636	-22.4656	3.8864e-05	0.00209873	0.0847296	0.865497	0.047636	0.799077
100	-8.61002	-8.63296	-8.78834	-9.38682	-12.4084	0.305363	0.298438	0.25549	0.140429	0.000279532	0.151153
101	-31.1633	-27.1744	-23.4775	-21.1588	-20.8901	3.91534e-05	0.00211399	0.0852437	0.866301	0.0463018	0.794985
102	-17.9866	-16.0044	-14.2393	-13.4012	-14.9105	0.00668518	0.0485223	0.283495	0.655379	0.00591932	0.535076
103	-3.68972	-3.71703	-3.90178	-4.61013	-8.09318	0.314383	0.305914	0.254309	0.125237	0.000157149	0.139928
104	-65.5182	-55.506	-45.9933	-39.1704	-33.6339	3.17371e-13	7.07624e-09	9.57445e-05	0.0879541	0.91195	3.30894
105	-10.7324	-10.7519	-10.8832	-11.3882	-13.9193	0.297483	0.291766	0.255847	0.154402	0.000501964	0.161755
106	-8.10475	-8.12853	-8.28957	-8.90897	-12.0122	0.307124	0.299906	0.255299	0.137419	0.000252104	0.148924
107	-45.6378	-37.62	-29.9622	-24.4003	-20.2043	1.60855e-10	4.88102e-07	0.00103336	0.269	0.729967	2.79002
108	-31.1984	-27.2093	-23.5112	-21.1909	-21.0122	3.91979e-05	0.00211683	0.0854614	0.869889	0.0424939	0.784016
109	-29.6979	-25.7107	-22.0252	-19.7512	-19.7434	4.17609e-05	0.00225099	0.0897366	0.872061	0.03591	0.762832
110	-50.694	-46.6991	-42.961	-40.4863	-39.5041	3.08573e-05	0.00167625	0.0704301	0.836591	0.0912717	0.931488
111	-8.54595	-8.56784	-8.71596	-9.28374	-12.0639	0.302903	0.296344	0.255547	0.14484	0.000367059	0.154552
112	-9.29177	-9.3109	-9.44043	-9.93816	-12.4244	0.296857	0.291231	0.255849	0.155534	0.000528822	0.16264
113	-24.2871	-20.294	-16.5689	-14.1504	-13.5724	3.40179e-05	0.00184451	0.0765013	0.85906	0.06256	0.846263
114	-20.0178	-18.034	-16.2578	-15.3768	-16.6508	0.00640839	0.046589	0.27522	0.664192	0.0075905	0.545881
115	-7.68556	-7.70486	-7.83547	-8.33641	-10.7793	0.297165	0.291485	0.255796	0.155003	0.000550363	0.162338
116	-3.9986	-4.01532	-4.12862	-4.56545	-6.78708	0.291433	0.2866	0.255901	0.165334	0.000732429	0.170214
117	-26.3779	-22.3912	-18.7089	-16.4477	-16.5162	4.25146e-05	0.00229054	0.0910215	0.873329	0.0333169	0.754715
118	-22.7388	-20.7557	-18.9836	-18.1191	-19.4974	0.00651398	0.047328	0.278434	0.660919	0.00680508	0.541305
119	-11.6733	-11.6929	-11.8255	-12.3353	-14.8928	0.297891	0.292114	0.255842	0.153666	0.000486531	0.161185
120	-8.30473	-8.32782	-8.48414	-9.08506	-12.0711	0.30561	0.298635	0.255419	0.140047	0.000288874	0.150909
121	-57.3475	-51.3517	-45.7217	-41.9178	-39.8351	1.47414e-07	5.92195e-05	0.016502	0.740602	0.242837	1.39384
122	-4.69566	-4.71511	-4.84681	-5.35314	-7.89274	0.297594	0.291861	0.255848	0.1542	0.000497049	0.161596
123	-37.4966	-31.4959	-25.8336	-21.9208	-19.6378	1.21066e-07	4.88743e-05	0.0140659	0.703888	0.281997	1.50673
124	-26.0497	-24.0642	-22.2762	-21.3512	-22.4524	0.00613181	0.0446567	0.266941	0.673126	0.00914361	0.55635
125	-3.9986	-4.01532	-4.12862	-4.56545	-6.78708	0.291433	0.2866	0.255901	0.165334	0.000732429	0.170214
126	-18.4803	-18.4997	-18.6307	-19.1325	-21.5601	0.297265	0.291565	0.255767	0.154844	0.00055827	0.162251
127	-20.6405	-16.6541	-12.9741	-10.7222	-10.8577	4.30785e-05	0.00232018	0.0919941	0.874444	0.0311983	0.748128
128	-13.9826	-12.002	-10.247	-9.44505	-11.0458	0.00692582	0.050192	0.290278	0.647269	0.0053351	0.528389
129	-43.2258	-37.2303	-31.6023	-27.807	-25.8591	1.53713e-07	6.17321e-05	0.017168	0.763889	0.218881	1.32523
131	-14.0958	-12.1058	-10.2874	-9.24619	-9.78208	0.00543055	0.0397278	0.244809	0.693454	0.016578	0.593499
132	-23.1139	-21.1267	-19.3272	-18.3553	-19.0917	0.00583874	0.0425935	0.257545	0.680706	0.0133166	0.574994
133	-40.9564	-34.9589	-29.3168	-25.4588	-22.9313	1.21343e-07	4.88301e-05	0.0137725	0.652404	0.333775	1.65439
134	-28.4713	-26.4868	-24.7058	-23.8066	-24.9629	0.0062908	0.0457669	0.271674	0.667686	0.00858273	0.551292
135	-42.4942	-36.5001	-30.8812	-27.1202	-25.3016	1.65036e-07	6.61904e-05	0.0182414	0.784226	0.197466	1.26364
136	-38.6886	-32.6947	-27.0775	-23.3229	-21.5644	1.68343e-07	6.74992e-05	0.0185703	0.793268	0.188094	1.23676
137	-26.8789	-22.8925	-19.2121	-16.9588	-17.0742	4.29814e-05	0.00231504	0.091817	0.874009	0.0318164	0.749989
138	-71.9747	-59.9618	-48.5572	-40.3963	-33.6721	5.51528e-16	9.09294e-11	8.15946e-06	0.0285677	0.971424	3.47842
148	-14.5874	-12.6039	-10.8297	-9.95711	-11.2956	0.00646198	0.0469646	0.276873	0.662601	0.00709892	0.543281
149	-23.9821	-19.9908	-16.2767	-13.8944	-13.3869	3.57731e-05	0.00193641	0.0794315	0.860214	0.0583824	0.832698
150	-27.9022	-23.9082	-20.1766	-17.7277	-16.9012	3.22614e-05	0.00175087	0.0730923	0.846125	0.079	0.895023
151	-15.0271	-13.0397	-11.2393	-10.2647	-11.0571	0.00582624	0.0425081	0.257264	0.681791	0.0126111	0.573206
152	-33.9953	-30.0047	-26.2962	-23.935	-23.5247	3.69049e-05	0.00199603	0.0814237	0.863377	0.0531668	0.81671
153	-85.4348	-75.4162	-65.8582	-58.8257	-51.3239	3.70452e-14	8.31324e-10	1.17695e-05	0.0133331	0.986655	3.5218
154	-22.0209	-18.0311	-14.328	-11.9864	-11.651	3.79498e-05	0.0020509	0.0832151	0.86526	0.049436	0.805065
155	-15.2615	-13.2821	-11.5353	-10.7666	-12.5775	0.00714743	0.0517357	0.296751	0.64009	0.00427606	0.52062
156	-5.99105	-6.01706	-6.19297	-6.86638	-10.1186	0.311636	0.303636	0.254656	0.129867	0.000205277	0.143385
157	-56.6151	-48.5839	-40.8501	-35.1223	-30.6921	1.04501e-10	3.21361e-07	0.000734113	0.225579	0.773686	2.91472
158	-29.4966	-25.5106	-21.833	-19.5875	-19.665	4.33706e-05	0.002335	0.0923539	0.872287	0.0329804	0.752998
159	-35.8201	-29.8225	-24.1797	-20.3275	-18.0906	1.33138e-07	5.3586e-05	0.0151247	0.712312	0.272509	1.47912
160	-43.4788	-35.4781	-27.9289	-22.6965	-19.2769	4.1827e-10	1.24767e-06	0.00236966	0.443721	0.553908	2.28775
161	-24.1235	-22.1441	-20.3976	-19.6288	-21.4117	0.00714785	0.0517364	0.296683	0.640036	0.00439666	0.521
162	-23.8226	-21.8424	-20.0902	-19.2994	-20.9753	0.00699995	0.0507085	0.292452	0.644909	0.00493047	0.525642
164	-21.4136	-17.4257	-13.7356	-11.4439	-11.3557	4.0752e-05	0.00219813	0.0880394	0.870862	0.0388595	0.772198
165	-12.1672	-10.1875	-8.43879	-7.66287	-9.45003	0.00709835	0.0513955	0.295379	0.641737	0.00438988	0.521962
166	-3.71793	-3.74324	-3.91466	-4.57424	-7.88599	0.310387	0.302629	0.254957	0.13183	0.000196331	0.144771
167	-28.1326	-24.1427	-20.4385	-18.0922	-17.7024	3.76372e-05	0.00203431	0.0826278	0.863222	0.0520784	0.812925
168	-39.36	-33.3571	-27.6789	-23.7001	-21.0158	9.77686e-08	3.95603e-05	0.0115684	0.618357	0.370035	1.7589
169	-43.5417	-37.5432	-31.8945	-28.0213	-25.7258	1.27438e-07	5.13367e-05	0.0145746	0.701008	0.284366	1.5132
170	-41.4804	-35.4833	-29.8445	-26.0081	-23.8349	1.38169e-07	5.55781e-05	0.0156242	0.72431	0.26001	1.44324
171	-15.693	-13.7115	-11.9506	-11.126	-12.5969	0.00677453	0.0491384	0.285868	0.652099	0.00612012	0.533865
172	-16.244	-14.2625	-12.5017	-11.6773	-13.1488	0.00677628	0.0491505	0.285917	0.65204	0.00611623	0.533818
173	-13.7859	-13.8092	-13.9671	-14.572	-17.5224	0.306022	0.298963	0.255297	0.13942	0.000298008	0.150484
174	-5.19483	-5.21947	-5.38616	-6.02403	-9.11239	0.308764	0.301247	0.254995	0.134743	0.000250899	0.147005
175	-9.59359	-9.61783	-9.78195	-10.4137	-13.5928	0.308119	0.300742	0.255221	0.135687	0.000230751	0.147627
176	-4.04214	-4.06496	-4.21945	-4.81364	-7.79479	0.305041	0.29816	0.25548	0.141027	0.000292318	0.151614
177	-3.83604	-3.862	-4.03778	-4.71382	-8.0977	0.311724	0.303736	0.254774	0.129586	0.000179557	0.143116
178	-8.32447	-8.34374	-8.47422	-8.97603	-11.4943	0.297195	0.291523	0.255863	0.154908	0.000510105	0.162139
179	-7.19235	-7.21754	-7.38808	-8.04291	-11.2886	0.310057	0.302343	0.25494	0.132449	0.000210722	0.145251
180	-4.2138	-4.23743	-4.39747	-5.01438	-8.14385	0.306867	0.299703	0.255379	0.137805	0.000246264	0.149185
181	-9.80823	-9.83203	-9.99302	-10.6094	-13.5786	0.306984	0.299764	0.255189	0.137774	0.000289024	0.149286
182	-10.5759	-10.5957	-10.7299	-11.2466	-13.8472	0.298465	0.292607	0.25585	0.152616	0.000462852	0.160369
183	-4.00526	-4.02511	-4.15953	-4.67656	-7.27046	0.298508	0.292641	0.255835	0.15255	0.000465744	0.160331
184	-4.36527	-4.38598	-4.52632	-5.06717	-7.80749	0.300508	0.294347	0.255807	0.148945	0.000392798	0.15755
185	-6.60117	-6.62704	-6.80209	-7.47375	-10.7965	0.311436	0.303483	0.254748	0.130141	0.000191696	0.143543
186	-6.78287	-6.80226	-6.93359	-7.43878	-9.97589	0.297485	0.29177	0.255861	0.154385	0.000498885	0.161734
187	-16.9353	-14.955	-13.2025	-12.4102	-14.0703	0.00699038	0.0506418	0.292168	0.645189	0.00501144	0.526081
188	-16.4744	-16.4951	-16.6353	-17.1756	-19.9099	0.300462	0.294307	0.255804	0.149032	0.000395406	0.15762
189	-8.55813	-8.57877	-8.71852	-9.25628	-11.9125	0.30027	0.294138	0.255776	0.149387	0.000428543	0.157981
190	-4.2138	-4.23743	-4.39747	-5.01438	-8.14385	0.306867	0.299703	0.255379	0.137805	0.000246264	0.149185
191	-8.22492	-8.24475	-8.37903	-8.89603	-11.5014	0.298487	0.292627	0.255856	0.152569	0.000460487	0.160329
192	-4.2138	-4.23743	-4.39747	-5.01438	-8.14385	0.306867	0.299703	0.255379	0.137805	0.000246264	0.149185
193	-4.11636	-4.14163	-4.31273	-4.97092	-8.26483	0.310282	0.30254	0.254962	0.132016	0.000200147	0.144915
194	-13.4793	-13.5073	-13.6961	-14.4175	-17.8751	0.315516	0.306825	0.254025	0.123475	0.000158928	0.13866
224	-5.04509	-5.06978	-5.23677	-5.87646	-8.99569	0.308887	0.301355	0.255008	0.134507	0.000242843	0.146813
225	-4.28266	-4.3084	-4.48259	-5.15108	-8.45669	0.311175	0.303268	0.254787	0.130573	0.000195658	0.143865
226	-17.9122	-17.9401	-18.129	-18.8508	-22.3097	0.31554	0.306845	0.254022	0.123435	0.000158663	0.13863
227	-5.33274	-5.35609	-5.51415	-6.12122	-9.13415	0.306141	0.299076	0.255351	0.139152	0.000279409	0.15024
228	-8.32051	-8.34367	-8.50055	-9.10475	-12.155	0.305839	0.298837	0.255448	0.139606	0.000270038	0.150538
229	-3.99354	-4.01973	-4.197	-4.87822	-8.28206	0.312162	0.304094	0.254693	0.128876	0.000175044	0.142591
230	-4.69566	-4.71511	-4.84681	-5.35314	-7.89274	0.297594	0.291861	0.255848	0.154199	0.000497047	0.161596
231	-5.46329	-5.48618	-5.641	-6.23401	-9.11925	0.305037	0.298135	0.255372	0.141134	0.000321987	0.151778
232	-18.4137	-18.4351	-18.5797	-19.1359	-21.9136	0.301862	0.295479	0.255677	0.14661	0.000372447	0.155828
233	-26.319	-22.329	-18.6238	-16.2749	-15.9105	3.75579e-05	0.00203032	0.0825418	0.864538	0.0508526	0.809483
234	-7.09803	-7.1242	-7.30125	-7.97999	-11.3177	0.312027	0.303968	0.254646	0.129171	0.000187444	0.142835
235	-12.067	-12.0922	-12.2627	-12.9163	-16.1138	0.310001	0.302285	0.254894	0.132599	0.00022137	0.145387
236	-3.68973	-3.71703	-3.90179	-4.61013	-8.09318	0.314383	0.305914	0.254309	0.125237	0.000157148	0.139927
237	-7.59001	-7.61343	-7.77191	-8.37979	-11.3809	0.30624	0.299152	0.255309	0.139016	0.00028245	0.150149
238	-4.67091	-4.69224	-4.83663	-5.39177	-8.1704	0.301773	0.295405	0.255687	0.146762	0.000372494	0.155936
239	-29.0258	-29.0449	-29.1744	-29.6703	-32.0848	0.29676	0.291132	0.255769	0.15577	0.000569032	0.162936
240	-30.0624	-26.0689	-22.3407	-19.9047	-19.1347	3.29223e-05	0.00178582	0.074293	0.848971	0.074917	0.882712
241	-4.47581	-4.49345	-4.61291	-5.07295	-7.40065	0.293515	0.288383	0.255912	0.161547	0.00064363	0.167256
242	-18.1929	-18.2136	-18.3542	-18.8945	-21.5942	0.300514	0.29434	0.255746	0.148991	0.000409193	0.157631
243	-3.68973	-3.71703	-3.90179	-4.61013	-8.09318	0.314383	0.305914	0.254309	0.125237	0.000157148	0.139927
244	-15.6862	-13.7058	-11.9519	-11.1552	-12.8156	0.00695973	0.0504301	0.291342	0.64625	0.00501787	0.526717
245	-9.90577	-9.92929	-10.0884	-10.6983	-13.6839	0.306423	0.299301	0.255272	0.138718	0.000286263	0.149948
246	-9.23807	-9.25767	-9.39046	-9.90162	-12.4352	0.297981	0.292196	0.255861	0.153465	0.000497683	0.161087
247	-3.63458	-3.67199	-3.92518	-4.8975	-9.71376	0.333998	0.321736	0.24977	0.0944642	3.12493e-05	0.117291
248	-3.54929	-3.57637	-3.75961	-4.46279	-7.94018	0.313949	0.305562	0.2544	0.125931	0.000158916	0.140432
249	-3.692	-3.71945	-3.90515	-4.61716	-8.11925	0.314671	0.306152	0.254266	0.124758	0.000153594	0.139574
250	-4.08396	-4.10937	-4.28137	-4.94278	-8.25343	0.310552	0.302763	0.25492	0.131569	0.000196158	0.144582
251	-6.88266	-6.90869	-7.0848	-7.76094	-11.1146	0.31178	0.303772	0.254719	0.129545	0.000185001	0.143098
252	-10.4112	-10.4339	-10.588	-11.1822	-14.1986	0.304985	0.298125	0.255543	0.141065	0.000282259	0.151615
253	-17.4834	-17.5062	-17.661	-18.2532	-21.1216	0.304995	0.298094	0.255347	0.141236	0.000327711	0.151865
254	-12.2333	-12.2534	-12.3897	-12.9141	-15.5571	0.299134	0.293176	0.255832	0.151418	0.000440145	0.159449
255	-4.67326	-4.69469	-4.83982	-5.39783	-8.19134	0.302014	0.295609	0.255675	0.146336	0.000365924	0.155613
256	-3.54929	-3.57637	-3.75961	-4.46279	-7.94018	0.313949	0.305562	0.2544	0.125931	0.000158916	0.140432
257	-18.8005	-18.8271	-19.0073	-19.6964	-23.0175	0.312917	0.304693	0.254465	0.127737	0.000188478	0.141808
258	-8.32178	-8.34506	-8.50272	-9.10995	-12.176	0.306089	0.299047	0.255427	0.139172	0.000264979	0.150214
259	-32.9603	-28.9715	-25.2751	-22.9595	-22.7521	3.9396e-05	0.00212695	0.085722	0.868454	0.0436578	0.787183
260	-44.8388	-38.845	-33.228	-29.4777	-27.8076	1.7182e-07	6.88935e-05	0.0189498	0.806032	0.174949	1.1991
261	-3.71965	-3.74509	-3.91738	-4.58035	-7.90978	0.31066	0.302856	0.254925	0.131367	0.000192212	0.144428
262	-4.75175	-4.77422	-4.92632	-5.51076	-8.41751	0.30425	0.29749	0.255514	0.142428	0.000318023	0.152689
263	-12.419	-12.4404	-12.5854	-13.1426	-15.9324	0.301953	0.295558	0.255678	0.146443	0.000367562	0.155694
264	-6.67924	-6.70479	-6.87763	-7.54012	-10.798	0.310724	0.302887	0.25481	0.131372	0.000206486	0.144464
265	-12.587	-12.6065	-12.7385	-13.2462	-15.7963	0.2977	0.291953	0.255857	0.153998	0.000491223	0.161436
266	-14.9344	-12.9476	-11.1509	-10.1916	-11.0977	0.00592007	0.0431696	0.260304	0.67939	0.0112159	0.56705
267	-4.28722	-4.30763	-4.44586	-4.97799	-7.66122	0.299788	0.293731	0.255811	0.150251	0.00041952	0.158558
268	-31.5877	-27.6018	-23.9248	-21.6821	-21.7887	4.35525e-05	0.00234459	0.0926784	0.872878	0.0320559	0.75018
269	-11.8662	-11.8851	-12.0129	-12.5027	-14.8883	0.296201	0.290662	0.255806	0.156742	0.000589371	0.163692
270	-3.99588	-4.0222	-4.20039	-4.88511	-8.30723	0.312442	0.304325	0.254656	0.128405	0.000171247	0.142244
271	-46.46	-38.4613	-30.9248	-25.7403	-22.5245	4.95878e-10	1.47636e-06	0.00276847	0.494104	0.503126	2.14286
272	-10.2126	-10.2363	-10.3971	-11.017	-14.16	0.307111	0.299906	0.255354	0.137387	0.000242202	0.148875
273	-16.9977	-15.0124	-13.2258	-12.3066	-13.4421	0.00616725	0.0449054	0.268045	0.672062	0.008821	0.554632
274	-11.6675	-11.6935	-11.8698	-12.545	-15.8444	0.311769	0.303748	0.25465	0.129637	0.00019547	0.143189
275	-59.6474	-49.6409	-40.1664	-33.4784	-28.427	5.84336e-13	1.29538e-08	0.000168708	0.135423	0.864409	3.17347
276	-13.5295	-11.5503	-9.80503	-9.04263	-10.9019	0.00718964	0.05203	0.297994	0.638721	0.00406525	0.519108
277	-24.619	-24.6391	-24.7756	-25.2997	-27.9062	0.299144	0.293174	0.255779	0.151446	0.000456573	0.159519
278	-53.9244	-45.9192	-38.339	-32.988	-28.9991	2.51661e-10	7.5413e-07	0.00147735	0.311458	0.687064	2.66756
279	-10.4379	-10.4575	-10.5898	-11.0984	-13.6474	0.297791	0.292029	0.255841	0.153848	0.000491251	0.161329
280	-20.1236	-20.1473	-20.3076	-20.9217	-23.9061	0.306786	0.299601	0.255218	0.138109	0.00028536	0.149511
281	-4.24787	-4.27223	-4.43726	-5.07265	-8.27355	0.308409	0.300985	0.255197	0.135185	0.000224927	0.147252
282	-8.31884	-8.34486	-8.52104	-9.19802	-12.5555	0.311822	0.303812	0.254738	0.129444	0.000184154	0.143028
283	-4.24787	-4.27223	-4.43726	-5.07265	-8.27355	0.308409	0.300985	0.255197	0.135185	0.000224927	0.147252
284	-7.03286	-7.05817	-7.22949	-7.88756	-11.1642	0.310311	0.302556	0.254919	0.13201	0.000203617	0.144917
285	-21.669	-19.6645	-17.762	-16.5472	-17.3174	0.00436711	0.0324147	0.217264	0.732109	0.0138456	0.606538
286	-4.24787	-4.27223	-4.43726	-5.07265	-8.27355	0.308409	0.300985	0.255197	0.135185	0.000224927	0.147252
287	-17.0133	-17.0393	-17.2155	-17.8932	-21.2832	0.311862	0.303849	0.254752	0.129358	0.000178162	0.142948
288	-11.703	-11.7247	-11.8716	-12.4365	-15.2154	0.302592	0.296097	0.255638	0.145304	0.000368698	0.154897
289	-4.24787	-4.27223	-4.43726	-5.07265	-8.27355	0.308409	0.300985	0.255197	0.135185	0.000224927	0.147252
290	-4.69967	-4.71922	-4.85159	-5.36054	-7.91372	0.297819	0.292053	0.255844	0.153795	0.000489058	0.161284
291	-4.08396	-4.10937	-4.28137	-4.94278	-8.25343	0.310552	0.302763	0.25492	0.131569	0.000196158	0.144582
292	-15.3784	-15.4003	-15.5488	-16.1196	-18.9613	0.303099	0.296522	0.255596	0.144439	0.000344184	0.154199
293	-3.54929	-3.57637	-3.75961	-4.46279	-7.94018	0.313949	0.305562	0.2544	0.125931	0.000158916	0.140432
294	-26.383	-24.4013	-22.6168	-21.3977	-20.3814	0.00466804	0.0338665	0.201733	0.682674	0.0770578	0.793882
295	-3.99861	-4.01542	-4.1293	-4.56837	-6.80169	0.291633	0.286772	0.255906	0.164967	0.000722313	0.169923
296	-4.21502	-4.23876	-4.39962	-5.0197	-8.16568	0.307127	0.29992	0.255355	0.137356	0.000241444	0.148851
297	-24.5125	-20.5199	-16.7981	-14.3856	-13.7191	3.41398e-05	0.00185011	0.0764829	0.853712	0.0679206	0.86154
298	-15.9718	-13.9905	-12.2306	-11.4121	-12.9917	0.00681378	0.0494162	0.287181	0.651108	0.00548143	0.53111
299	-12.8592	-12.8783	-13.0079	-13.5063	-16.0079	0.296901	0.291272	0.255869	0.155437	0.000520462	0.162546
300	-4.96176	-4.98119	-5.11275	-5.6194	-8.17859	0.297589	0.291865	0.255884	0.154174	0.00048732	0.161549
301	-31.364	-27.3774	-23.6956	-21.4365	-21.5112	4.2628e-05	0.00229647	0.0912092	0.873341	0.0331103	0.75402
302	-18.2369	-16.249	-14.4445	-13.4557	-14.2252	0.00574143	0.0419153	0.254718	0.684667	0.0129577	0.576051
303	-7.23719	-7.25507	-7.37613	-7.84073	-10.1099	0.293968	0.288757	0.255834	0.160762	0.000679108	0.166822
304	-9.88971	-9.91515	-10.0874	-10.7502	-14.0774	0.31065	0.302847	0.254924	0.131387	0.000192673	0.144443
305	-4.76079	-4.78506	-4.94942	-5.58169	-8.75363	0.308176	0.300786	0.255198	0.135608	0.000232261	0.147574
306	-18.1521	-18.1739	-18.3215	-18.8884	-21.7179	0.302779	0.296252	0.25562	0.144999	0.000349755	0.154613
307	-12.6373	-12.6616	-12.8258	-13.4549	-16.5229	0.30802	0.300632	0.2551	0.13599	0.000258431	0.147918
308	-15.3933	-13.4123	-11.655	-10.8472	-12.5036	0.00688354	0.0499039	0.28928	0.648874	0.00505852	0.528375
309	-5.33581	-5.35928	-5.51814	-6.12834	-9.15757	0.306399	0.299292	0.255329	0.138705	0.00027401	0.149905
310	-8.2262	-8.24613	-8.3811	-8.90074	-11.5199	0.298715	0.292821	0.25585	0.152162	0.000452967	0.160017
311	-3.71965	-3.74509	-3.91738	-4.58035	-7.90978	0.31066	0.302856	0.254925	0.131367	0.000192212	0.144428
312	-4.24787	-4.27223	-4.43726	-5.07265	-8.27355	0.308409	0.300985	0.255197	0.135185	0.000224927	0.147252
313	-4.88756	-4.91029	-5.06428	-5.65803	-8.67495	0.304946	0.298093	0.25555	0.141129	0.000282247	0.15166
314	-43.9691	-41.9882	-40.2313	-39.4235	-41.0352	0.00688545	0.0499135	0.289201	0.648711	0.00528857	0.529065
315	-9.52907	-9.55614	-9.73935	-10.4423	-13.9176	0.313935	0.30555	0.2544	0.125955	0.000159292	0.140451
316	-43.8886	-37.8778	-32.1491	-28.0159	-24.9665	6.80488e-08	2.77533e-05	0.00853534	0.532411	0.459026	2.01407
317	-18.9142	-16.9309	-15.1576	-14.2885	-15.6456	0.00648436	0.047121	0.277545	0.661889	0.00696088	0.542398
318	-11.6749	-11.7001	-11.8703	-12.5233	-15.7489	0.309933	0.302234	0.254927	0.13269	0.000215386	0.145434
319	-4.04445	-4.06739	-4.22266	-4.81992	-7.81699	0.305295	0.298373	0.25546	0.140585	0.000286797	0.151283
320	-20.1135	-18.1285	-16.3439	-15.4312	-16.5691	0.00620839	0.0451911	0.269211	0.670609	0.00878034	0.553654
321	-4.76079	-4.78506	-4.94942	-5.58169	-8.75363	0.308176	0.300786	0.255198	0.135608	0.000232261	0.147574
322	-4.28722	-4.30763	-4.44586	-4.97799	-7.66122	0.299788	0.293731	0.255811	0.150251	0.00041952	0.158558
323	-5.3669	-5.38585	-5.51421	-6.00843	-8.50124	0.296515	0.290948	0.255899	0.15611	0.000527314	0.163045
324	-12.4147	-12.435	-12.5726	-13.1023	-15.7722	0.299581	0.293555	0.255817	0.15062	0.000426175	0.15884
325	-4.5926	-4.61164	-4.74059	-5.23684	-7.72968	0.2967	0.291104	0.255886	0.155785	0.000526199	0.162812
326	-16.884	-14.8986	-13.1117	-12.1892	-13.2577	0.00614757	0.0447636	0.267291	0.672361	0.0094367	0.556909
327	-26.846	-22.8605	-19.1859	-16.9538	-17.1393	4.42033e-05	0.00237878	0.0937958	0.874114	0.029667	0.742741
328	-9.01477	-9.04221	-9.22785	-9.93952	-13.4377	0.314648	0.306132	0.254266	0.1248	0.00015425	0.139605
329	-17.0546	-15.0745	-13.323	-12.5362	-14.2645	0.00702495	0.050885	0.293266	0.644151	0.00467325	0.524326
330	-25.0875	-25.1121	-25.2785	-25.9173	-29.0813	0.30876	0.301262	0.255083	0.134663	0.00023248	0.146897
331	-9.38747	-9.41371	-9.59135	-10.274	-13.6851	0.312275	0.304187	0.254678	0.128685	0.000173516	0.142451
332	-6.67924	-6.70479	-6.87763	-7.54012	-10.798	0.310724	0.302887	0.25481	0.131372	0.000206486	0.144464
333	-21.9923	-20.0111	-18.2523	-17.4373	-19.0247	0.00683765	0.0495817	0.287848	0.650301	0.0054322	0.530475
334	-10.105	-10.1256	-10.2651	-10.8015	-13.4938	0.300176	0.294056	0.255773	0.149581	0.000413885	0.158064
335	-7.06838	-7.0875	-7.21691	-7.71369	-10.179	0.296794	0.291172	0.255826	0.155667	0.000540502	0.162772
336	-7.58786	-7.61446	-7.79448	-8.4848	-11.8829	0.312945	0.304729	0.254527	0.127624	0.000174342	0.141689
337	-4.69967	-4.71922	-4.85159	-5.36054	-7.91372	0.297819	0.292053	0.255844	0.153795	0.000489058	0.161284
338	-19.2737	-19.299	-19.47	-20.1264	-23.3769	0.310193	0.302454	0.254916	0.132228	0.000209363	0.145089
339	-52.5023	-48.5175	-44.8476	-42.6315	-42.7939	4.50527e-05	0.0024228	0.0950903	0.872153	0.0302885	0.743773
340	-3.99861	-4.01542	-4.1293	-4.56837	-6.80169	0.291633	0.286772	0.255906	0.164967	0.000722313	0.169923
341	-14.4649	-14.4848	-14.6198	-15.1395	-17.7584	0.298721	0.292826	0.255849	0.152151	0.000453068	0.160009
342	-29.5042	-25.5179	-21.8383	-19.5868	-19.6842	4.30652e-05	0.00231928	0.0919165	0.873352	0.0323689	0.751506
343	-27.9501	-23.962	-20.2704	-17.9726	-17.8426	4.0393e-05	0.00217924	0.0874139	0.869892	0.0404748	0.777154
344	-7.89651	-7.91543	-8.04357	-8.5365	-11.0129	0.296419	0.290862	0.255881	0.156301	0.000536678	0.163209
345	-14.7963	-12.8136	-11.0442	-10.1896	-11.606	0.00657814	0.0477749	0.280307	0.65881	0.00652953	0.539145
346	-33.6679	-31.6849	-29.9136	-29.0522	-30.4281	0.00653302	0.0474603	0.278975	0.660218	0.00681398	0.540931
347	-18.714	-16.7315	-14.9636	-14.1134	-15.4938	0.00660663	0.0479702	0.281017	0.657649	0.00675678	0.53925
348	-9.16483	-9.18856	-9.34931	-9.96874	-13.1064	0.307081	0.29988	0.255351	0.137443	0.000243624	0.148919
349	-3.692	-3.71945	-3.90515	-4.61716	-8.11925	0.314671	0.306152	0.254266	0.124758	0.000153594	0.139574
350	-8.58653	-8.61846	-8.83388	-9.64913	-13.4408	0.32307	0.312916	0.252273	0.111638	0.000102886	0.129925
351	-4.51691	-4.54196	-4.71158	-5.3642	-8.63941	0.309827	0.302163	0.255021	0.132784	0.000205111	0.145478
352	-6.01492	-6.03724	-6.18838	-6.76914	-9.66021	0.303941	0.297231	0.255538	0.142966	0.000324269	0.153091
353	-4.04445	-4.06739	-4.22266	-4.81992	-7.81699	0.305295	0.298373	0.25546	0.140585	0.000286797	0.151283
354	-22.3939	-20.412	-18.6491	-17.8198	-19.3785	0.00674198	0.0489186	0.285179	0.653542	0.00561795	0.532985
355	-7.74516	-7.77054	-7.94236	-8.60243	-11.8845	0.310469	0.302688	0.254903	0.131738	0.000202112	0.144718
356	-10.482	-10.4986	-10.6113	-11.0453	-13.226	0.291199	0.286392	0.255862	0.165783	0.000765095	0.170637
357	-4.21502	-4.23876	-4.39962	-5.0197	-8.16568	0.307127	0.29992	0.255355	0.137356	0.000241444	0.148851
358	-23.9789	-24.0049	-24.1808	-24.8554	-28.1886	0.311682	0.303686	0.25471	0.129734	0.000189108	0.143243
359	-14.1342	-12.1546	-10.4067	-9.63456	-11.4681	0.00712307	0.0515688	0.296144	0.640979	0.0041858	0.520826
360	-23.5804	-19.5923	-15.901	-13.6066	-13.5421	4.0635e-05	0.00219221	0.0879006	0.871873	0.0379932	0.76981
361	-3.54929	-3.57637	-3.75961	-4.46279	-7.94018	0.313949	0.305562	0.2544	0.125931	0.000158916	0.140432
362	-3.71965	-3.74509	-3.91738	-4.58035	-7.90978	0.31066	0.302856	0.254925	0.131367	0.000192212	0.144428
363	-3.63458	-3.67199	-3.92518	-4.8975	-9.71376	0.333998	0.321736	0.24977	0.094464	3.12491e-05	0.117291
364	-34.0746	-30.0864	-26.3938	-24.0932	-23.9458	4.02158e-05	0.00216997	0.0871175	0.869508	0.041164	0.779286
365	-11.7178	-11.7434	-11.9166	-12.5805	-15.8426	0.310838	0.302981	0.254792	0.131183	0.000205298	0.144326
366	-13.7496	-11.7631	-9.96824	-9.01647	-9.96488	0.00596615	0.0434936	0.261764	0.678046	0.0107305	0.564615
367	-9.76214	-9.7873	-9.95756	-10.6109	-13.8482	0.309952	0.302252	0.254934	0.132649	0.000212804	0.145398
368	-29.4487	-25.4611	-21.7723	-19.4832	-19.3319	4.08107e-05	0.00220078	0.0880214	0.868462	0.0412748	0.779086
369	-17.4212	-17.4492	-17.6382	-18.3616	-21.865	0.31562	0.306921	0.254058	0.123249	0.000151538	0.138481
370	-9.85964	-9.87712	-9.99543	-10.4504	-12.7336	0.293092	0.288015	0.255878	0.162339	0.000676265	0.16792
371	-12.7734	-10.7929	-9.03854	-8.24179	-9.94979	0.00695757	0.0504186	0.291406	0.646431	0.00478623	0.526031
372	-22.569	-22.5915	-22.7444	-23.3299	-26.1891	0.304407	0.297608	0.255432	0.14222	0.000333038	0.152584
373	-14.8985	-12.9154	-11.1434	-10.2794	-11.6651	0.00651662	0.0473465	0.278517	0.660866	0.00675392	0.5411
374	-4.69157	-4.7115	-4.84645	-5.3659	-7.98095	0.298704	0.29281	0.255843	0.152188	0.000454914	0.160041
375	-3.99861	-4.01542	-4.1293	-4.56837	-6.80169	0.291633	0.286772	0.255906	0.164967	0.000722313	0.169923
376	-4.28518	-4.31105	-4.48613	-5.15807	-8.48163	0.311452	0.303498	0.254753	0.130106	0.000191488	0.143518
377	-3.99588	-4.0222	-4.20039	-4.88511	-8.30723	0.312442	0.304325	0.254656	0.128405	0.000171247	0.142244
378	-4.21502	-4.23876	-4.39962	-5.0197	-8.16568	0.307127	0.29992	0.255355	0.137356	0.000241444	0.148851
379	-6.66438	-6.68426	-6.81877	-7.3351	-9.89903	0.298489	0.292615	0.255787	0.15263	0.000480164	0.16043
380	-9.5408	-9.56161	-9.70257	-10.2458	-12.9965	0.300712	0.294519	0.255795	0.148585	0.000387816	0.15728
381	-4.44958	-4.47175	-4.62182	-5.19895	-8.09044	0.30362	0.296964	0.25558	0.143511	0.000325367	0.153481
382	-8.04233	-8.05845	-8.16757	-8.58669	-10.655	0.289897	0.285262	0.255771	0.168202	0.000868603	0.17268
383	-21.5578	-19.5764	-17.8159	-16.9957	-18.5845	0.00680201	0.0493358	0.286894	0.651534	0.00543444	0.531197
384	-13.9395	-13.9666	-14.1496	-14.8516	-18.3166	0.31387	0.305494	0.254401	0.126074	0.000161086	0.14054
385	-12.9044	-12.9239	-13.0561	-13.5648	-16.1328	0.297778	0.292024	0.255877	0.153838	0.000482015	0.161295
386	-10.2847	-10.3113	-10.4908	-11.1787	-14.551	0.312779	0.304586	0.254525	0.127931	0.000179326	0.141921
387	-13.4995	-13.5246	-13.6949	-14.3484	-17.5917	0.309959	0.30226	0.254949	0.132621	0.000211509	0.145375
388	-46.8812	-40.8835	-35.2403	-31.3874	-29.1276	1.32155e-07	5.31933e-05	0.0150191	0.707855	0.277073	1.49218
389	-7.5327	-7.55439	-7.70121	-8.26558	-11.0863	0.302557	0.296066	0.255637	0.145385	0.000353794	0.1549
390	-12.5068	-10.5259	-8.76949	-7.96432	-9.61907	0.00690198	0.050031	0.289771	0.648234	0.00506213	0.528016
391	-7.72464	-7.74938	-7.91687	-8.56068	-11.7736	0.309136	0.301582	0.255075	0.133986	0.000220277	0.14638
392	-8.45019	-8.4739	-8.63431	-9.24918	-12.2618	0.306834	0.299645	0.255235	0.138009	0.000277196	0.149415
393	-23.9272	-23.9445	-24.062	-24.5128	-26.7296	0.292747	0.28771	0.255824	0.162992	0.00072555	0.168543
394	-12.2423	-12.2656	-12.4235	-13.0304	-16.0585	0.306114	0.299056	0.25537	0.139185	0.000275281	0.150251
395	-4.14061	-4.16601	-4.33791	-4.99819	-8.28045	0.310491	0.302705	0.254895	0.131707	0.000202016	0.144695
396	-13.5522	-13.578	-13.753	-14.4234	-17.7004	0.311366	0.303418	0.254723	0.130292	0.000200884	0.143677
397	-14.357	-12.3688	-10.5636	-9.58497	-10.5943	0.00579261	0.0422995	0.257248	0.684467	0.0101924	0.566492
398	-4.74831	-4.7716	-4.92928	-5.53528	-8.55883	0.306038	0.298993	0.255377	0.139315	0.00027678	0.150348
399	-4.88756	-4.91029	-5.06428	-5.65803	-8.67495	0.304946	0.298093	0.25555	0.141129	0.000282247	0.15166
400	-20.8285	-18.8447	-17.0676	-16.1798	-17.3492	0.00636825	0.0463013	0.27375	0.665141	0.00843941	0.549328
401	-7.8547	-7.87905	-8.04391	-8.67745	-11.8391	0.308306	0.300888	0.255157	0.135414	0.00023433	0.147439
402	-29.6677	-25.6781	-21.9756	-19.6372	-19.3246	3.81345e-05	0.0020607	0.0835581	0.865977	0.048366	0.801823
403	-10.1012	-10.1257	-10.2911	-10.928	-14.1313	0.308541	0.301093	0.255174	0.134969	0.000224034	0.147094
404	-4.14061	-4.16601	-4.33791	-4.99819	-8.28045	0.310491	0.302705	0.254895	0.131707	0.000202016	0.144695
405	-15.7985	-13.8178	-12.0625	-11.2616	-12.9338	0.00693048	0.0502292	0.29059	0.647283	0.00496725	0.527142
406	-8.09753	-8.12034	-8.27481	-8.86923	-11.858	0.305048	0.298169	0.255492	0.141001	0.000290058	0.15159
407	-4.14061	-4.16601	-4.33791	-4.99819	-8.28045	0.310491	0.302705	0.254895	0.131707	0.000202016	0.144695
408	-22.5742	-18.5834	-14.8734	-12.5046	-12.0281	3.64523e-05	0.00197197	0.0805655	0.860789	0.0566373	0.827082
409	-17.375	-15.3926	-13.6263	-12.7852	-14.3204	0.00666369	0.0483755	0.282976	0.65621	0.00577483	0.535064
410	-24.5623	-24.58	-24.6996	-25.1569	-27.3352	0.293382	0.288239	0.255745	0.161885	0.000748928	0.16784
411	-23.0356	-21.0565	-19.3114	-18.5481	-20.3605	0.00718558	0.0519985	0.297761	0.638793	0.00426114	0.519818
412	-7.73957	-7.75942	-7.89384	-8.41121	-11.0157	0.298525	0.292658	0.255849	0.152508	0.000460684	0.160286
413	-4.11817	-4.14357	-4.31554	-4.97713	-8.28868	0.310555	0.302767	0.25493	0.131552	0.000195956	0.144571
414	-6.99166	-7.01764	-7.19343	-7.867	-11.1688	0.311625	0.303632	0.254686	0.129861	0.000195327	0.14335
415	-22.7369	-18.7495	-15.0623	-12.7829	-12.7788	4.14814e-05	0.00223651	0.0893115	0.872611	0.0357995	0.762759
416	-3.99588	-4.0222	-4.20039	-4.88511	-8.30723	0.312442	0.304325	0.254656	0.128405	0.000171247	0.142244
417	-5.33581	-5.35928	-5.51814	-6.12834	-9.15757	0.306399	0.299292	0.255329	0.138705	0.00027401	0.149905
418	-11.8976	-11.9175	-12.0527	-12.5736	-15.218	0.298802	0.292901	0.255878	0.151977	0.000441159	0.15985
419	-4.47921	-4.49694	-4.61701	-5.07941	-7.41943	0.293723	0.288562	0.255914	0.161166	0.000634255	0.166958
420	-3.99588	-4.0222	-4.20039	-4.88511	-8.30723	0.312442	0.304325	0.254656	0.128405	0.000171247	0.142244
421	-6.15204	-6.17394	-6.3221	-6.88995	-9.66491	0.302912	0.296351	0.255541	0.144826	0.000368929	0.154549
422	-4.14061	-4.16601	-4.33791	-4.99819	-8.28045	0.310491	0.302705	0.254895	0.131707	0.000202016	0.144695
423	-6.01492	-6.03724	-6.18838	-6.76914	-9.66021	0.303941	0.297231	0.255538	0.142966	0.000324269	0.153091
424	-3.83791	-3.864	-4.04068	-4.7202	-8.12222	0.312002	0.303966	0.254739	0.129117	0.000175694	0.14277
425	-6.66438	-6.68426	-6.81877	-7.3351	-9.89903	0.298489	0.292615	0.255787	0.15263	0.000480164	0.16043
426	-3.692	-3.71945	-3.90515	-4.61716	-8.11925	0.314671	0.306152	0.254266	0.124758	0.000153594	0.139574
427	-3.63458	-3.67199	-3.92518	-4.8975	-9.71376	0.333998	0.321736	0.24977	0.094464	3.12491e-05	0.117291
428	-4.28518	-4.31105	-4.48613	-5.15807	-8.48163	0.311452	0.303498	0.254753	0.130106	0.000191488	0.143518
429	-3.71965	-3.74509	-3.91738	-4.58035	-7.90978	0.31066	0.302856	0.254925	0.131367	0.000192212	0.144428
430	-5.33581	-5.35928	-5.51814	-6.12834	-9.15757	0.306399	0.299292	0.255329	0.138705	0.00027401	0.149905
431	-9.00115	-9.02072	-9.15319	-9.66271	-12.2209	0.297861	0.29209	0.255851	0.153711	0.000486366	0.161217
432	-12.5438	-12.565	-12.7086	-13.261	-16.0292	0.301529	0.2952	0.255707	0.147187	0.000377478	0.156253
433	-7.65688	-7.68124	-7.84618	-8.47981	-11.6384	0.308321	0.3009	0.255148	0.135396	0.000235019	0.147428
434	-4.69967	-4.71922	-4.85159	-5.36054	-7.91372	0.297819	0.292053	0.255844	0.153795	0.000489058	0.161284
435	-4.39715	-4.42156	-4.58686	-5.22318	-8.42571	0.30849	0.301051	0.255183	0.135052	0.00022434	0.147155
436	-4.14061	-4.16601	-4.33791	-4.99819	-8.28045	0.310491	0.302705	0.254895	0.131707	0.000202016	0.144695
437	-26.324	-26.343	-26.4712	-26.9644	-29.4426	0.296445	0.290885	0.255881	0.156253	0.000535575	0.163172
438	-3.63458	-3.67199	-3.92518	-4.8975	-9.71376	0.333998	0.321736	0.24977	0.094464	3.12491e-05	0.117291
439	-4.69157	-4.7115	-4.84645	-5.3659	-7.98095	0.298704	0.29281	0.255843	0.152188	0.000454914	0.160041
440	-8.02906	-8.05188	-8.20639	-8.80089	-11.7873	0.305058	0.298176	0.255487	0.140988	0.0002907	0.151583
441	-9.0033	-9.02306	-9.15684	-9.67094	-12.2392	0.298274	0.292437	0.25582	0.15299	0.00047921	0.160683
442	-3.83791	-3.864	-4.04068	-4.7202	-8.12222	0.312002	0.303966	0.254739	0.129117	0.000175694	0.14277
443	-15.5281	-15.5483	-15.6854	-16.2137	-18.8832	0.299442	0.293441	0.25584	0.150851	0.000427026	0.159008
444	-29.8779	-25.8619	-21.9953	-19.1751	-17.5814	1.78148e-05	0.000988338	0.0472231	0.792419	0.159351	1.13858
445	-27.5617	-23.5753	-19.8954	-17.6442	-17.7848	4.312e-05	0.00232237	0.0920676	0.874525	0.0310415	0.74764
446	-14.4096	-14.4312	-14.5778	-15.1411	-17.9572	0.30247	0.295993	0.255643	0.145538	0.000355824	0.155015
447	-4.75175	-4.77422	-4.92632	-5.51076	-8.41751	0.30425	0.29749	0.255514	0.142428	0.000318023	0.152689
448	-6.25548	-6.28279	-6.46747	-7.1745	-10.6233	0.31432	0.305854	0.254277	0.125386	0.000162812	0.140047
449	-29.8092	-25.8219	-22.1353	-19.857	-19.8306	4.15157e-05	0.00223815	0.0893262	0.871822	0.0365717	0.76495
450	-6.15204	-6.17394	-6.3221	-6.88995	-9.66491	0.302912	0.296351	0.255541	0.144826	0.000368929	0.154549
451	-12.5373	-12.5607	-12.7195	-13.3296	-16.3582	0.306389	0.299283	0.25533	0.138724	0.000274234	0.149919
452	-3.692	-3.71945	-3.90515	-4.61716	-8.11925	0.314671	0.306152	0.254266	0.124758	0.000153594	0.139574
453	-8.14933	-8.17271	-8.33093	-8.9387	-11.956	0.306197	0.299123	0.255348	0.139054	0.000277987	0.150165
454	-4.08396	-4.10937	-4.28137	-4.94278	-8.25343	0.310552	0.302763	0.25492	0.131569	0.000196158	0.144582
455	-4.69967	-4.71922	-4.85159	-5.36054	-7.91372	0.297819	0.292053	0.255844	0.153795	0.000489058	0.161284
456	-4.39715	-4.42156	-4.58686	-5.22318	-8.42571	0.30849	0.301051	0.255183	0.135052	0.00022434	0.147155
457	-4.71997	-4.7418	-4.88963	-5.45843	-8.31842	0.302908	0.296367	0.255641	0.144745	0.000338668	0.1544
458	-15.0307	-15.0513	-15.1903	-15.7246	-18.3878	0.300007	0.29391	0.255768	0.149887	0.000426978	0.158324
459	-7.40333	-7.4275	-7.59114	-8.22026	-11.3528	0.307932	0.300579	0.255206	0.136041	0.000242368	0.147913
460	-6.67924	-6.70479	-6.87763	-7.54012	-10.798	0.310724	0.302887	0.25481	0.131372	0.000206486	0.144464
461	-6.94762	-6.97313	-7.14579	-7.80791	-11.0714	0.310681	0.302854	0.254829	0.13143	0.000205414	0.144504
462	-8.18741	-8.21114	-8.3717	-8.98708	-12.0019	0.306877	0.299681	0.25523	0.137935	0.000276431	0.14936
463	-4.30553	-4.33811	-4.55864	-5.40584	-9.61829	0.32496	0.314544	0.252293	0.108136	6.54304e-05	0.127349
464	-22.8157	-20.8354	-19.0821	-18.2881	-19.9742	0.0069776	0.0505556	0.291897	0.645683	0.00488674	0.525942
465	-4.21502	-4.23876	-4.39962	-5.0197	-8.16568	0.307127	0.29992	0.255355	0.137356	0.000241444	0.148851
466	-4.92362	-4.94698	-5.1052	-5.71457	-8.79053	0.306265	0.299194	0.255412	0.138866	0.0002618	0.149987
467	-4.67326	-4.69469	-4.83982	-5.39783	-8.19134	0.302014	0.295609	0.255675	0.146336	0.000365924	0.155613
468	-8.09753	-8.12034	-8.27481	-8.86923	-11.858	0.305048	0.298169	0.255492	0.141001	0.000290058	0.15159
469	-7.1804	-7.2049	-7.37072	-8.00745	-11.1714	0.308586	0.301118	0.255106	0.134957	0.000233004	0.147107
470	-4.14061	-4.16601	-4.33791	-4.99819	-8.28045	0.310491	0.302705	0.254895	0.131707	0.000202016	0.144695
471	-3.692	-3.71945	-3.90515	-4.61716	-8.11925	0.314671	0.306152	0.254266	0.124758	0.000153594	0.139574
472	-3.63458	-3.67199	-3.92518	-4.8975	-9.71376	0.333998	0.321736	0.24977	0.094464	3.12491e-05	0.117291
473	-4.88756	-4.91029	-5.06428	-5.65803	-8.67495	0.304946	0.298093	0.25555	0.141129	0.000282247	0.15166
474	-4.69967	-4.71922	-4.85159	-5.36054	-7.91372	0.297819	0.292053	0.255844	0.153795	0.000489058	0.161284
475	-3.692	-3.71945	-3.90515	-4.61716	-8.11925	0.314671	0.306152	0.254266	0.124758	0.000153594	0.139574
476	-9.76038	-9.77519	-9.87549	-10.2613	-12.1987	0.286854	0.282636	0.255664	0.173822	0.00102315	0.177136
477	-4.67326	-4.69469	-4.83982	-5.39783	-8.19134	0.302014	0.295609	0.255675	0.146336	0.000365924	0.155613
478	-4.67326	-4.69469	-4.83982	-5.39783	-8.19134	0.302014	0.295609	0.255675	0.146336	0.000365924	0.155613
479	-6.99166	-7.01764	-7.19343	-7.867	-11.1688	0.311625	0.303632	0.254686	0.129861	0.000195327	0.14335
480	-9.72881	-9.74818	-9.87932	-10.3838	-12.9194	0.297423	0.291719	0.255866	0.154492	0.000500019	0.161814
481	-112.808	-94.7636	-77.4897	-64.6753	-52.4326	1.47155e-25	1.01053e-17	3.21022e-10	0.000117967	0.999882	3.55949
482	-3.99861	-4.01542	-4.1293	-4.56837	-6.80169	0.291633	0.286772	0.255906	0.164967	0.000722313	0.169923
483	-8.10636	-8.13026	-8.2921	-8.91462	-12.0341	0.307379	0.30012	0.255275	0.136978	0.00024725	0.148596
484	-3.692	-3.71945	-3.90515	-4.61716	-8.11925	0.314671	0.306152	0.254266	0.124758	0.000153594	0.139574
485	-22.6297	-20.6483	-18.8877	-18.0651	-19.5699	0.00678777	0.049232	0.286307	0.65176	0.00591317	0.532962
486	-7.1804	-7.2049	-7.37072	-8.00745	-11.1714	0.308586	0.301118	0.255106	0.134957	0.000233004	0.147107
487	-4.69967	-4.71922	-4.85159	-5.36054	-7.91372	0.297819	0.292053	0.255844	0.153795	0.000489058	0.161284
488	-3.692	-3.71945	-3.90515	-4.61716	-8.11925	0.314671	0.306152	0.254266	0.124758	0.000153594	0.139574
489	-4.69967	-4.71922	-4.85159	-5.36054	-7.91372	0.297819	0.292053	0.255844	0.153795	0.000489058	0.161284
490	-27.8756	-27.9003	-28.0675	-28.709	-31.8799	0.308996	0.301455	0.255037	0.134282	0.000230215	0.146615
491	-3.99861	-4.01542	-4.1293	-4.56837	-6.80169	0.291633	0.286772	0.255906	0.164967	0.000722313	0.169923
