Sites	Ll_YN98.omega=0.0551128	Ll_YN98.omega=1	Ll_YN98.omega=1.001	Pr_YN98.omega=0.0551128	Pr_YN98.omega=1	Pr_YN98.omega=1.001	mean
92	-3.72574	-5.36673	-inf	0.945407	0.054593	0	0.106697
93	-4.03939	-4.77797	-inf	0.875369	0.124631	0	0.172875
94	-26.446	-21.5116	-inf	0.0235761	0.976424	0	0.977723
95	-15.9283	-16.8941	-inf	0.898114	0.101886	0	0.151383
96	-56.701	-45.9594	-inf	7.25711e-05	0.999927	0	0.999931
97	-8.87171	-9.85355	-inf	0.899579	0.100421	0	0.149999
98	-30.8706	-22.9633	-inf	0.00123359	0.998766	0	0.998834
99	-27.2153	-22.4328	-inf	0.0273377	0.972662	0	0.974169
100	-8.6774	-9.69204	-inf	0.902504	0.0974965	0	0.147236
101	-25.5903	-20.8167	-inf	0.0275764	0.972424	0	0.973943
102	-15.2267	-13.3855	-inf	0.347402	0.652598	0	0.671744
103	-3.75107	-4.9503	-inf	0.917583	0.0824167	0	0.132987
104	-51.5078	-37.8352	-inf	3.87158e-06	0.999996	0	0.999996
105	-10.781	-11.6367	-inf	0.887595	0.112405	0	0.161323
106	-8.17258	-9.22153	-inf	0.905481	0.094519	0	0.144423
107	-34.3792	-23.2821	-inf	5.08611e-05	0.999949	0	0.999952
108	-25.6318	-20.856	-inf	0.0275143	0.972486	0	0.974002
109	-24.1331	-19.4349	-inf	0.0296687	0.970331	0	0.971966
110	-45.2099	-40.1689	-inf	0.0212435	0.978756	0	0.979927
111	-8.59984	-9.5615	-inf	0.897742	0.102258	0	0.151735
112	-9.34054	-10.1837	-inf	0.886341	0.113659	0	0.162508
113	-18.6805	-13.7386	-inf	0.023405	0.976595	0	0.977885
114	-17.2506	-15.3359	-inf	0.330927	0.669073	0	0.687311
115	-7.7341	-8.58213	-inf	0.886829	0.113171	0	0.162047
116	-4.03939	-4.77797	-inf	0.875369	0.124631	0	0.172875
117	-20.7984	-16.1222	-inf	0.0303102	0.96969	0	0.97136
118	-20.0081	-18.1201	-inf	0.336875	0.663125	0	0.681692
119	-11.7379	-12.6018	-inf	0.888414	0.111586	0	0.160549
120	-8.3823	-9.40233	-inf	0.902977	0.0970232	0	0.146789
121	-48.9905	-41.2757	-inf	0.00149501	0.998505	0	0.998587
122	-4.73122	-5.58917	-inf	0.887821	0.112179	0	0.16111
123	-29.0778	-21.1834	-inf	0.00124961	0.99875	0	0.998819
124	-23.2991	-21.3102	-inf	0.314709	0.685291	0	0.702636
125	-4.03939	-4.77797	-inf	0.875369	0.124631	0	0.172875
126	-18.5718	-19.4211	-inf	0.886965	0.113035	0	0.161918
127	-15.0491	-10.3889	-inf	0.0307851	0.969215	0	0.970912
128	-11.208	-9.42638	-inf	0.36102	0.63898	0	0.658877
129	-34.8547	-27.1553	-inf	0.00151817	0.998482	0	0.998565
131	-11.3256	-9.13743	-inf	0.273392	0.726608	0	0.741675
132	-20.3666	-18.296	-inf	0.297365	0.702635	0	0.719024
133	-32.5526	-24.7427	-inf	0.00135968	0.99864	0	0.998715
134	-25.7789	-23.8336	-inf	0.324191	0.675809	0	0.693676
135	-34.1119	-26.4713	-inf	0.00161007	0.99839	0	0.998479
136	-30.3272	-22.6958	-inf	0.00162479	0.998375	0	0.998465
137	-21.3024	-16.6396	-inf	0.0307084	0.969292	0	0.970984
138	-55.1395	-38.776	-inf	2.62546e-07	1	0	1
148	-11.8285	-9.9256	-inf	0.333552	0.666448	0	0.684831
149	-18.3942	-13.5104	-inf	0.0247681	0.975232	0	0.976597
150	-22.3231	-17.3255	-inf	0.0221626	0.977837	0	0.979059
151	-12.2557	-10.1794	-inf	0.296171	0.703829	0	0.720152
152	-28.4331	-23.5888	-inf	0.0257432	0.974257	0	0.975676
153	-71.4596	-57.4055	-inf	2.64356e-06	0.999997	0	0.999998
154	-16.4209	-11.6088	-inf	0.026561	0.973439	0	0.974903
155	-12.4976	-10.7722	-inf	0.374084	0.625916	0	0.646533
156	-6.04129	-7.18173	-inf	0.913027	0.0869732	0	0.137293
157	-45.3705	-33.9936	-inf	3.84476e-05	0.999962	0	0.999964
158	-23.9203	-19.2692	-inf	0.0310559	0.968944	0	0.970656
159	-27.4295	-19.6341	-inf	0.00137955	0.99862	0	0.998696
160	-32.2622	-21.7054	-inf	8.72953e-05	0.999913	0	0.999918
161	-21.4012	-19.6751	-inf	0.373938	0.626062	0	0.646671
162	-21.0957	-19.3325	-inf	0.365311	0.634689	0	0.654822
164	-15.8191	-11.0909	-inf	0.0288184	0.971182	0	0.97277
165	-9.40246	-7.66509	-inf	0.3713	0.6287	0	0.649164
166	-3.77565	-4.89234	-inf	0.911121	0.0888785	0	0.139093
167	-22.5581	-17.7371	-inf	0.0263335	0.973667	0	0.975118
168	-30.9567	-22.9494	-inf	0.00111637	0.998884	0	0.998945
169	-35.179	-27.3483	-inf	0.00133168	0.998668	0	0.998742
170	-33.0755	-25.3065	-inf	0.0014164	0.998584	0	0.998662
171	-12.9158	-11.0957	-inf	0.352209	0.647791	0	0.667203
172	-13.4671	-11.6474	-inf	0.352305	0.647695	0	0.667111
173	-13.874	-14.8986	-inf	0.90337	0.0966302	0	0.146417
174	-5.2418	-6.32241	-inf	0.908156	0.0918435	0	0.141895
175	-9.66206	-10.7322	-inf	0.907278	0.0927222	0	0.142725
176	-4.09009	-5.09897	-inf	0.901996	0.0980043	0	0.147716
177	-3.89497	-5.03904	-inf	0.913314	0.0866857	0	0.137021
178	-8.38091	-9.23186	-inf	0.887121	0.112879	0	0.161771
179	-7.26262	-8.37026	-inf	0.910387	0.0896134	0	0.139787
180	-4.26867	-5.31478	-inf	0.905238	0.0947623	0	0.144653
181	-9.88249	-10.9267	-inf	0.905078	0.0949219	0	0.144803
182	-10.6293	-11.5054	-inf	0.889618	0.110382	0	0.159412
183	-4.04835	-4.92113	-inf	0.889289	0.110711	0	0.159722
184	-4.41302	-5.33031	-inf	0.893596	0.106404	0	0.155652
185	-6.67286	-7.80893	-inf	0.912679	0.0873214	0	0.137622
186	-6.83943	-7.69613	-inf	0.887696	0.112304	0	0.161227
187	-14.1816	-12.4156	-inf	0.364641	0.635359	0	0.655455
188	-16.548	-17.4643	-inf	0.893496	0.106504	0	0.155747
189	-8.63	-9.54199	-inf	0.89309	0.10691	0	0.156131
190	-4.26867	-5.31478	-inf	0.905238	0.0947623	0	0.144653
191	-8.28349	-9.16009	-inf	0.889665	0.110335	0	0.159367
192	-4.26867	-5.31478	-inf	0.905238	0.0947623	0	0.144653
193	-4.17372	-5.28752	-inf	0.910888	0.0891123	0	0.139314
194	-13.561	-14.7822	-inf	0.919233	0.0807668	0	0.131428
224	-5.09325	-6.17744	-inf	0.908454	0.0915457	0	0.141613
225	-4.33958	-5.47168	-inf	0.912362	0.087638	0	0.137921
226	-18.0068	-19.2286	-inf	0.919273	0.0807271	0	0.131391
227	-5.37892	-6.40811	-inf	0.903776	0.0962235	0	0.146033
228	-8.38755	-9.41187	-inf	0.903352	0.0966476	0	0.146434
229	-4.0499	-5.2061	-inf	0.91427	0.0857301	0	0.136118
230	-4.73122	-5.58917	-inf	0.887821	0.112179	0	0.16111
231	-5.50631	-6.51048	-inf	0.901578	0.0984216	0	0.14811
232	-18.5139	-19.4575	-inf	0.896068	0.103932	0	0.153317
233	-20.7352	-15.9097	-inf	0.0262188	0.973781	0	0.975226
234	-7.17061	-8.3201	-inf	0.913742	0.0862582	0	0.136617
235	-12.1605	-13.268	-inf	0.910378	0.0896215	0	0.139795
236	-3.75107	-4.9503	-inf	0.917583	0.0824166	0	0.132987
237	-7.65376	-8.68428	-inf	0.903892	0.0961081	0	0.145924
238	-4.71547	-5.6579	-inf	0.895962	0.104038	0	0.153417
239	-29.1437	-29.983	-inf	0.885955	0.114045	0	0.162872
240	-24.4953	-19.5235	-inf	0.0227296	0.97727	0	0.978523
241	-4.51064	-5.29009	-inf	0.879761	0.120239	0	0.168725
242	-18.3089	-19.2255	-inf	0.893526	0.106474	0	0.155719
243	-3.75107	-4.9503	-inf	0.917583	0.0824166	0	0.132987
244	-12.9349	-11.1619	-inf	0.363019	0.636981	0	0.656988
245	-9.96376	-10.9976	-inf	0.90418	0.0958199	0	0.145652
246	-9.30727	-10.1743	-inf	0.888722	0.111278	0	0.160258
247	-3.72624	-5.37571	-inf	0.945843	0.0541568	0	0.106285
248	-3.61055	-4.80168	-inf	0.916969	0.0830315	0	0.133568
249	-3.75366	-4.95911	-inf	0.918052	0.0819478	0	0.132544
250	-4.13993	-5.26184	-inf	0.911543	0.0884566	0	0.138694
251	-6.9548	-8.09859	-inf	0.913292	0.0867085	0	0.137043
252	-10.4767	-11.4842	-inf	0.901876	0.098124	0	0.147829
253	-17.5678	-18.5721	-inf	0.901588	0.0984121	0	0.148101
254	-12.3016	-13.1914	-inf	0.890957	0.109043	0	0.158146
255	-4.71805	-5.66534	-inf	0.896415	0.103585	0	0.152989
256	-3.61055	-4.80168	-inf	0.916969	0.0830315	0	0.133568
257	-18.8944	-20.0614	-inf	0.915109	0.0848907	0	0.135325
258	-8.38909	-9.41856	-inf	0.903801	0.096199	0	0.14601
259	-27.4063	-22.6384	-inf	0.0277297	0.97227	0	0.973799
260	-36.4816	-28.8576	-inf	0.0016371	0.998363	0	0.998453
261	-3.77766	-4.90011	-inf	0.911587	0.0884133	0	0.138653
262	-4.79631	-5.78805	-inf	0.90047	0.0995296	0	0.149157
263	-12.492	-13.4381	-inf	0.896299	0.103701	0	0.153098
264	-6.74949	-7.87144	-inf	0.911547	0.0884527	0	0.138691
265	-12.6568	-13.5177	-inf	0.888117	0.111883	0	0.160829
266	-12.1613	-10.1134	-inf	0.30212	0.69788	0	0.714531
267	-4.32951	-5.23234	-inf	0.892214	0.107786	0	0.156959
268	-26.0266	-21.3801	-inf	0.0311932	0.968807	0	0.970526
269	-11.9286	-12.7577	-inf	0.884914	0.115086	0	0.163856
270	-4.05253	-5.2147	-inf	0.914737	0.0852631	0	0.135677
271	-35.249	-24.7728	-inf	9.46273e-05	0.999905	0	0.999911
272	-10.2807	-11.3317	-inf	0.905663	0.0943368	0	0.14425
273	-14.2368	-12.2576	-inf	0.316816	0.683184	0	0.700645
274	-11.7514	-12.8942	-inf	0.913213	0.0867869	0	0.137117
275	-45.6234	-32.1778	-inf	4.85772e-06	0.999995	0	0.999995
276	-10.7823	-9.06779	-inf	0.376641	0.623359	0	0.644116
277	-24.7413	-25.6294	-inf	0.890789	0.109211	0	0.158304
278	-42.6814	-31.9212	-inf	7.12344e-05	0.999929	0	0.999933
279	-10.4866	-11.3484	-inf	0.888197	0.111803	0	0.160754
280	-20.2409	-21.2807	-inf	0.904699	0.0953008	0	0.145161
281	-4.3037	-5.38	-inf	0.907796	0.092204	0	0.142235
282	-8.40377	-9.55265	-inf	0.913694	0.0863061	0	0.136662
283	-4.3037	-5.38	-inf	0.907796	0.092204	0	0.142235
284	-7.10166	-8.21761	-inf	0.911062	0.0889382	0	0.139149
285	-18.8538	-16.3901	-inf	0.222181	0.777819	0	0.790064
286	-4.3037	-5.38	-inf	0.907796	0.092204	0	0.142235
287	-17.0983	-18.2452	-inf	0.913536	0.0864642	0	0.136812
288	-11.7917	-12.7503	-inf	0.897459	0.102541	0	0.152003
289	-4.3037	-5.38	-inf	0.907796	0.092204	0	0.142235
290	-4.73541	-5.59779	-inf	0.888261	0.111739	0	0.160694
291	-4.13993	-5.26184	-inf	0.911543	0.0884566	0	0.138694
292	-15.4478	-16.4163	-inf	0.898365	0.101635	0	0.151147
293	-3.61055	-4.80168	-inf	0.916969	0.0830315	0	0.133568
294	-23.6807	-21.1358	-inf	0.208471	0.791529	0	0.803018
295	-4.03962	-4.78199	-inf	0.875783	0.124217	0	0.172484
296	-4.27016	-5.32165	-inf	0.905698	0.0943018	0	0.144217
297	-18.9064	-13.9704	-inf	0.0235387	0.976461	0	0.977759
298	-13.2168	-11.4055	-inf	0.354223	0.645777	0	0.665299
299	-12.9284	-13.7736	-inf	0.886545	0.113455	0	0.162315
300	-5.00146	-5.86112	-inf	0.887991	0.112009	0	0.160949
301	-25.7865	-21.1134	-inf	0.0304019	0.969598	0	0.971274
302	-15.4831	-13.3856	-inf	0.291788	0.708212	0	0.724293
303	-7.28528	-8.07155	-inf	0.880481	0.119519	0	0.168044
304	-9.96066	-11.0828	-inf	0.911564	0.0884364	0	0.138675
305	-4.81378	-5.88632	-inf	0.907481	0.0925191	0	0.142533
306	-18.2674	-19.2292	-inf	0.897758	0.102242	0	0.15172
307	-12.7112	-13.7774	-inf	0.906948	0.093052	0	0.143036
308	-12.6243	-10.8342	-inf	0.359063	0.640937	0	0.660726
309	-5.38223	-6.41674	-inf	0.904238	0.0957618	0	0.145597
310	-8.285	-9.1661	-inf	0.890105	0.109895	0	0.158951
311	-3.77766	-4.90011	-inf	0.911587	0.0884133	0	0.138653
312	-4.3037	-5.38	-inf	0.907796	0.092204	0	0.142235
313	-4.94007	-5.94692	-inf	0.901816	0.0981837	0	0.147885
314	-41.2964	-39.5033	-inf	0.358395	0.641605	0	0.661357
315	-9.60326	-10.794	-inf	0.916942	0.083058	0	0.133593
316	-35.5003	-27.2324	-inf	0.000860441	0.99914	0	0.999187
317	-16.151	-14.2578	-inf	0.335714	0.664286	0	0.682788
318	-11.7578	-12.8621	-inf	0.910114	0.0898857	0	0.140045
319	-4.09264	-5.10673	-inf	0.902455	0.097545	0	0.147282
320	-17.3611	-15.3934	-inf	0.319317	0.680683	0	0.698282
321	-4.81378	-5.88632	-inf	0.907481	0.0925191	0	0.142533
322	-4.32951	-5.23234	-inf	0.892214	0.107786	0	0.156959
323	-5.40496	-6.2431	-inf	0.885832	0.114168	0	0.162989
324	-12.4828	-13.3815	-inf	0.891815	0.108185	0	0.157335
325	-4.63313	-5.47112	-inf	0.885817	0.114183	0	0.163002
326	-14.1311	-12.1467	-inf	0.315678	0.684322	0	0.701719
327	-21.2736	-16.6454	-inf	0.031754	0.968246	0	0.969996
328	-9.08934	-10.2942	-inf	0.918007	0.081993	0	0.132587
329	-14.3025	-12.5448	-inf	0.36656	0.63344	0	0.653642
330	-25.1957	-26.2762	-inf	0.908143	0.0918575	0	0.141908
331	-9.45688	-10.6155	-inf	0.914459	0.0855414	0	0.13594
332	-6.74949	-7.87144	-inf	0.911547	0.0884527	0	0.138691
333	-19.2679	-17.4624	-inf	0.355539	0.644461	0	0.664056
334	-10.1755	-11.0855	-inf	0.892898	0.107102	0	0.156312
335	-7.12239	-7.96076	-inf	0.885855	0.114145	0	0.162967
336	-7.66115	-8.82997	-inf	0.915253	0.0847465	0	0.135189
337	-4.73541	-5.59779	-inf	0.888261	0.111739	0	0.160694
338	-19.3713	-20.4839	-inf	0.910786	0.0892139	0	0.13941
339	-47.0184	-42.4177	-inf	0.0326097	0.96739	0	0.969188
340	-4.03962	-4.78199	-inf	0.875783	0.124217	0	0.172484
341	-14.5366	-15.4178	-inf	0.890116	0.109884	0	0.158941
342	-23.9256	-19.2657	-inf	0.0307942	0.969206	0	0.970903
343	-22.3695	-17.6294	-inf	0.0284865	0.971514	0	0.973083
344	-7.95336	-8.78928	-inf	0.885608	0.114392	0	0.163201
345	-12.0227	-10.1532	-inf	0.341022	0.658978	0	0.677773
346	-30.9605	-29.0802	-inf	0.338586	0.661414	0	0.680074
347	-15.9503	-14.0875	-inf	0.342525	0.657475	0	0.676353
348	-9.23288	-10.2832	-inf	0.905598	0.094402	0	0.144312
349	-3.75366	-4.95911	-inf	0.918052	0.0819478	0	0.132544
350	-8.6891	-10.0681	-inf	0.930199	0.0698015	0	0.121067
351	-4.57334	-5.67785	-inf	0.91013	0.0898699	0	0.14003
352	-6.0583	-7.04302	-inf	0.89984	0.10016	0	0.149753
353	-4.09264	-5.10673	-inf	0.902455	0.097545	0	0.147282
354	-19.6357	-17.8092	-inf	0.350746	0.649254	0	0.668585
355	-7.8174	-8.93413	-inf	0.911125	0.0888752	0	0.13909
356	-10.5421	-11.2778	-inf	0.875052	0.124948	0	0.173175
357	-4.27016	-5.32165	-inf	0.905698	0.0943018	0	0.144217
358	-24.0897	-25.2307	-inf	0.913075	0.0869253	0	0.137247
359	-11.3673	-9.63845	-inf	0.373283	0.626717	0	0.64729
360	-18.0019	-13.2697	-inf	0.0287082	0.971292	0	0.972874
361	-3.61055	-4.80168	-inf	0.916969	0.0830315	0	0.133568
362	-3.77766	-4.90011	-inf	0.911587	0.0884133	0	0.138653
363	-3.72624	-5.37571	-inf	0.945843	0.0541567	0	0.106285
364	-28.5347	-23.7904	-inf	0.0283709	0.971629	0	0.973193
365	-11.8012	-12.9254	-inf	0.911731	0.0882692	0	0.138517
366	-10.9832	-8.94489	-inf	0.304148	0.695852	0	0.712615
367	-9.84358	-10.9512	-inf	0.910384	0.0896162	0	0.13979
368	-23.8954	-19.1698	-inf	0.0288902	0.97111	0	0.972702
369	-17.5175	-18.7429	-inf	0.91954	0.08046	0	0.131138
370	-9.90399	-10.675	-inf	0.87887	0.12113	0	0.169567
371	-10.0073	-8.23317	-inf	0.362766	0.637234	0	0.657227
372	-22.6643	-23.656	-inf	0.900468	0.0995316	0	0.149159
373	-12.1227	-10.2381	-inf	0.33764	0.66236	0	0.680968
374	-4.73221	-5.61306	-inf	0.890081	0.109919	0	0.158974
375	-4.03962	-4.78199	-inf	0.875783	0.124217	0	0.172484
376	-4.34238	-5.48034	-inf	0.912829	0.0871707	0	0.137479
377	-4.05253	-5.2147	-inf	0.914737	0.0852631	0	0.135677
378	-4.27016	-5.32165	-inf	0.905698	0.0943018	0	0.144217
379	-6.72051	-7.59169	-inf	0.889132	0.110868	0	0.159871
380	-9.6017	-10.523	-inf	0.893976	0.106024	0	0.155294
381	-4.49541	-5.47476	-inf	0.899354	0.100646	0	0.150212
382	-8.08663	-8.79686	-inf	0.872245	0.127755	0	0.175827
383	-18.8024	-16.9911	-inf	0.35421	0.64579	0	0.665312
384	-14.0266	-15.2157	-inf	0.916815	0.0831848	0	0.133713
385	-12.9708	-13.834	-inf	0.88835	0.11165	0	0.160609
386	-10.3711	-11.536	-inf	0.914947	0.0850535	0	0.135479
387	-13.5827	-14.6882	-inf	0.910218	0.0897824	0	0.139947
388	-38.539	-30.7426	-inf	0.00137805	0.998622	0	0.998698
389	-7.59138	-8.54935	-inf	0.897402	0.102598	0	0.152056
390	-9.73886	-7.95204	-inf	0.35983	0.64017	0	0.660002
391	-7.79557	-8.88527	-inf	0.908912	0.091088	0	0.141181
392	-8.50948	-9.55178	-inf	0.904911	0.0950891	0	0.144961
393	-24.0128	-24.7763	-inf	0.878055	0.121945	0	0.170337
394	-12.3056	-13.335	-inf	0.903793	0.0962069	0	0.146017
395	-4.19721	-5.31596	-inf	0.911288	0.0887117	0	0.138935
396	-13.663	-14.7991	-inf	0.912676	0.087324	0	0.137624
397	-11.5704	-9.4934	-inf	0.296021	0.703979	0	0.720294
398	-4.79867	-5.82652	-inf	0.903659	0.0963406	0	0.146144
399	-4.94007	-5.94692	-inf	0.901816	0.0981837	0	0.147885
400	-18.0939	-16.1673	-inf	0.328287	0.671713	0	0.689806
401	-7.92141	-8.99584	-inf	0.90764	0.0923601	0	0.142383
402	-24.0844	-19.2767	-inf	0.0266745	0.973326	0	0.974796
403	-10.1697	-11.248	-inf	0.907964	0.0920359	0	0.142076
404	-4.19721	-5.31596	-inf	0.911288	0.0887117	0	0.138935
405	-13.0466	-11.267	-inf	0.361497	0.638503	0	0.658426
406	-8.16325	-9.17079	-inf	0.901877	0.0981232	0	0.147828
407	-4.19721	-5.31596	-inf	0.911288	0.0887117	0	0.138935
408	-16.9713	-12.1131	-inf	0.0253949	0.974605	0	0.976005
409	-14.606	-12.7591	-inf	0.346106	0.653894	0	0.672968
410	-24.6617	-25.4351	-inf	0.879117	0.120883	0	0.169333
411	-20.2985	-18.5819	-inf	0.37616	0.62384	0	0.644572
412	-7.79314	-8.67048	-inf	0.889736	0.110264	0	0.1593
413	-4.17582	-5.29537	-inf	0.911353	0.088647	0	0.138874
414	-7.06274	-8.20301	-inf	0.913013	0.0869871	0	0.137306
415	-17.1598	-12.4529	-inf	0.029421	0.970579	0	0.9722
416	-4.05253	-5.2147	-inf	0.914737	0.0852631	0	0.135677
417	-5.38223	-6.41674	-inf	0.904238	0.0957618	0	0.145597
418	-11.9566	-12.8402	-inf	0.890352	0.109648	0	0.158718
419	-4.51421	-5.29767	-inf	0.880185	0.119815	0	0.168325
420	-4.05253	-5.2147	-inf	0.914737	0.0852631	0	0.135677
421	-6.19226	-7.15399	-inf	0.897748	0.102252	0	0.15173
422	-4.19721	-5.31596	-inf	0.911288	0.0887117	0	0.138935
423	-6.0583	-7.04302	-inf	0.89984	0.10016	0	0.149753
424	-3.89713	-5.04711	-inf	0.913781	0.0862194	0	0.13658
425	-6.72051	-7.59169	-inf	0.889132	0.110868	0	0.159871
426	-3.75366	-4.95911	-inf	0.918052	0.0819478	0	0.132544
427	-3.72624	-5.37571	-inf	0.945843	0.0541567	0	0.106285
428	-4.34238	-5.48034	-inf	0.912829	0.0871707	0	0.137479
429	-3.77766	-4.90011	-inf	0.911587	0.0884133	0	0.138653
430	-5.38223	-6.41674	-inf	0.904238	0.0957618	0	0.145597
431	-9.05807	-9.92211	-inf	0.888425	0.111575	0	0.160538
432	-12.6134	-13.5507	-inf	0.895482	0.104518	0	0.153871
433	-7.72322	-8.79776	-inf	0.907649	0.0923513	0	0.142374
434	-4.73541	-5.59779	-inf	0.888261	0.111739	0	0.160694
435	-4.45242	-5.52977	-inf	0.907884	0.092116	0	0.142152
436	-4.19721	-5.31596	-inf	0.911288	0.0887117	0	0.138935
437	-26.4313	-27.2678	-inf	0.885661	0.114339	0	0.16315
438	-3.72624	-5.37571	-inf	0.945843	0.0541567	0	0.106285
439	-4.73221	-5.61306	-inf	0.890081	0.109919	0	0.158974
440	-8.09494	-9.10256	-inf	0.901884	0.0981158	0	0.147821
441	-9.06883	-9.93992	-inf	0.889123	0.110877	0	0.159879
442	-3.89713	-5.04711	-inf	0.913781	0.0862194	0	0.13658
443	-15.6018	-16.4977	-inf	0.891539	0.108461	0	0.157596
444	-24.2571	-18.648	-inf	0.0121476	0.987852	0	0.988522
445	-22.0025	-17.3424	-inf	0.0307846	0.969215	0	0.970912
446	-14.4964	-15.4526	-inf	0.897241	0.102759	0	0.152208
447	-4.79631	-5.78805	-inf	0.90047	0.0995296	0	0.149157
448	-6.32979	-7.5264	-inf	0.917384	0.0826157	0	0.133175
449	-24.2643	-19.5576	-inf	0.0294249	0.970575	0	0.972197
450	-6.19226	-7.15399	-inf	0.897748	0.102252	0	0.15173
451	-12.612	-13.6463	-inf	0.90422	0.0957801	0	0.145614
452	-3.75366	-4.95911	-inf	0.918052	0.0819478	0	0.132544
453	-8.20872	-9.2391	-inf	0.90388	0.0961202	0	0.145936
454	-4.13993	-5.26184	-inf	0.911543	0.0884566	0	0.138694
455	-4.73541	-5.59779	-inf	0.888261	0.111739	0	0.160694
456	-4.45242	-5.52977	-inf	0.907884	0.092116	0	0.142152
457	-4.76527	-5.73113	-inf	0.898126	0.101874	0	0.151372
458	-15.1151	-16.0219	-inf	0.892591	0.107409	0	0.156602
459	-7.46744	-8.53509	-inf	0.90707	0.0929299	0	0.142921
460	-6.74949	-7.87144	-inf	0.911547	0.0884527	0	0.138691
461	-7.01804	-8.13949	-inf	0.911506	0.0884936	0	0.138729
462	-8.24645	-9.28962	-inf	0.904986	0.095014	0	0.14489
463	-4.38116	-5.82009	-inf	0.93399	0.0660102	0	0.117485
464	-20.0768	-18.3084	-inf	0.364081	0.635919	0	0.655984
465	-4.27016	-5.32165	-inf	0.905698	0.0943018	0	0.144217
466	-4.9768	-6.00905	-inf	0.904042	0.0959576	0	0.145782
467	-4.71805	-5.66534	-inf	0.896415	0.103585	0	0.152989
468	-8.16325	-9.17079	-inf	0.901877	0.0981232	0	0.147828
469	-7.24913	-8.32656	-inf	0.907891	0.0921093	0	0.142146
470	-4.19721	-5.31596	-inf	0.911288	0.0887117	0	0.138935
471	-3.75366	-4.95911	-inf	0.918052	0.0819478	0	0.132544
472	-3.72624	-5.37571	-inf	0.945843	0.0541567	0	0.106285
473	-4.94007	-5.94692	-inf	0.901816	0.0981837	0	0.147885
474	-4.73541	-5.59779	-inf	0.888261	0.111739	0	0.160694
475	-3.75366	-4.95911	-inf	0.918052	0.0819478	0	0.132544
476	-9.79906	-10.4529	-inf	0.865825	0.134175	0	0.181893
477	-4.71805	-5.66534	-inf	0.896415	0.103585	0	0.152989
478	-4.71805	-5.66534	-inf	0.896415	0.103585	0	0.152989
479	-7.06274	-8.20301	-inf	0.913013	0.0869871	0	0.137306
480	-9.79826	-10.6538	-inf	0.887584	0.112416	0	0.161333
481	-87.4651	-61.9569	-inf	2.80394e-11	1	0	1
482	-4.03962	-4.78199	-inf	0.875783	0.124217	0	0.172484
483	-8.17446	-9.2287	-inf	0.905933	0.0940673	0	0.143996
484	-3.75366	-4.95911	-inf	0.918052	0.0819478	0	0.132544
485	-19.9	-18.0838	-inf	0.353084	0.646916	0	0.666376
486	-7.24913	-8.32656	-inf	0.907891	0.0921093	0	0.142146
487	-4.73541	-5.59779	-inf	0.888261	0.111739	0	0.160694
488	-3.75366	-4.95911	-inf	0.918052	0.0819478	0	0.132544
489	-4.73541	-5.59779	-inf	0.888261	0.111739	0	0.160694
490	-27.9987	-29.0839	-inf	0.908541	0.0914593	0	0.141532
491	-4.03962	-4.78199	-inf	0.875783	0.124217	0	0.172484
