
Analysis Description
--------------------
MEME (Mixed Effects Model of Evolution) estimates a site-wise synonymous
(&alpha;) and a two-category mixture of non-synonymous (&beta;-, with
proportion p-, and &beta;+ with proportion [1-p-]) rates, and uses a
likelihood ratio test to determine if &beta;+ > &alpha; at a site. The
estimates aggregate information over a proportion of branches at a site,
so the signal is derived from episodic diversification, which is a
combination of strength of selection [effect size] and the proportion of
the tree affected. A subset of branches can be selected for testing as
well, in which case an additional (nuisance) parameter will be inferred
-- the non-synonymous rate on branches NOT selected for testing.
Multiple partitions within a NEXUS file are also supported for
recombination - aware analysis. 

- __Requirements__: in-frame codon alignment and a phylogenetic tree

- __Citation__: Detecting Individual Sites Subject to Episodic Diversifying Selection.
_PLoS Genet_ 8(7): e1002764.

- __Written by__: Sergei L. Kosakovsky Pond, Steven Weaver

- __Contact Information__: spond@temple.edu

- __Analysis Version__: 2.0.1


>Loaded a multiple sequence alignment with **82** sequences, **741** codons, and **1** partitions from `/home/lpicard/2019_validation/20191211/21genes_SAMHD1_CCDS_results_201912111901/SAMHD1_sequences_filtered_longestORFs_prank_mincov_prank.best.fas`

>Select the p-value threshold to use when testing for selection (permissible range = [0,1], default value = 0.1): 0.1


### Branches to include in the MEME analysis
Selected 161 branches to include in the MEME analysis: `manLeu_SAMHD1_JQ231131, manSph_SAMHD1_JN936897, Node11, manSph_SAMHD1_JQ231130, Node10, cerChr_SAMHD1_JN936898, cerChr_SAMHD1_JN936899, Node16, cerTor_SAMHD1_JQ231133, Node15, Node9, papHam_SAMHD1_JN936890, papAnu_SAMHD1_XM_021944145, papAnu_SAMHD1_XM_021944146, Node24, papAnu_SAMHD1_JQ231134, Node23, Node21, theGel_SAMHD1_XM_025399036, theGel_SAMHD1_JN936896, Node28, Node20, Node8, macMul_SAMHD1_XM_028827318, macMul_SAMHD1_JQ231135, macMul_SAMHD1_JN936895, macMul_SAMHD1_JN936894, Node36, Node34, Node32, macFas_SAMHD1_JN936893, Node31, Node7, cerWol_SAMHD1_JQ231140, cerDia_SAMHD1_JN936902, cerNeg_SAMHD1_JQ231141, Node44, Node42, allNig_SAMHD1_JQ231142, allNig_SAMHD1_JN936900, Node47, Node41, eryPat_SAMHD1_JQ231138, chlSab_SAMHD1_XM_007964147, chlSab_SAMHD1_KF741043, chlAet_SAMHD1_KF741045, Node55, chlAet_SAMHD1_KF741046, chlAet_SAMHD1_KF741041, Node58, Node54, Node52, Node50, Node40, Node6, rhiRox_SAMHD1_XM_030914206, rhiRox_SAMHD1_XM_010355318, Node65, rhiBie_SAMHD1_XM_017859095, Node64, nasLar_SAMHD1_JQ231144, pygNemNem_SAMHD1_JN936903, Node70, traFra_SAMHD1_JN936904, traFra_SAMHD1_JQ231143, Node73, Node69, Node63, colAngPal_SAMHD1_JN936905, colGue_SAMHD1_JQ231145, Node76, Node62, pilTep_SAMHD1_XM_026455277, Node61, Node5, nomLeu_SAMHD1_XM_030825201, nomLeu_SAMHD1_XM_030825200, nomLeu_SAMHD1_JQ231129, Node84, Node82, symSyn_SAMHD1_JQ231128, hylAgi_SAMHD1_JQ231127, hylLar_SAMHD1_JN936889, Node89, Node87, Node81, ponPyg_SAMHD1_JN936888, ponPyg_SAMHD1_JQ231126, ponAbe_SAMHD1_XM_002830274, Node95, Node93, homSap_SAMHD1_AB208944, homSap_SAMHD1_AF228421, homSap_SAMHD1_BC036450, homSap_SAMHD1_AK304187, Node108, homSap_SAMHD1_CCDS13288, Node107, homSap_SAMHD1_NM_001363729, Node106, Node104, homSap_SAMHD1_NM_001363733, Node103, homSap_potSAMHD1_AK315169, Node102, Node100, panTro_SAMHD1_XM_016937135, panPan_SAMHD1_XM_014343008, panTro_SAMHD1_XM_016937134, panPan_SAMHD1_JQ231124, panTro_SAMHD1_JQ085409, panTro_SAMHD1_JN936887, Node123, Node121, Node119, Node117, Node115, Node99, gorGor_SAMHD1_JQ231125, Node98, Node92, Node80, Node4, aloPal_SAMHD1_JN936912, lagLag_SAMHD1_JQ231150, ateGeo_SAMHD1_JN936911, ateGeo_SAMHD1_JQ231149, Node133, Node131, Node129, sagLab_SAMHD1_JQ231147, sagOed_SAMHD1_JN936908, Node138, calJac_SAMHD1_JN936906, calJac_SAMHD1_XM_008995428, calJac_SAMHD1_XR_619632, Node143, Node141, Node137, aotTri_SAMHD1_JQ231148, aotTri_SAMHD1_JN936907, Node148, aotNan_SAMHD1_XM_021665753, Node147, cebCapImi_SAMHD1_XM_017511281, saiSci_SAMHD1_JN936909, saiBolBol_SAMHD1_XM_010342629, Node154, Node152, Node146, Node136, Node128, pitPit_SAMHD1_JQ231151, Node127, Node3, carSyr_SAMHD1_XM_021708371, Node2, varVarVar_SAMHD1_JN936913, Node1, micMur_SAMHD1_XM_012754872, micMur_SAMHD1_JN936914`


### Obtaining branch lengths and nucleotide substitution biases under the nucleotide GTR model
* Log(L) = -8477.41, AIC-c = 17293.13 (169 estimated parameters)

### Obtaining the global omega estimate based on relative GTR branch lengths and nucleotide substitution biases
* Log(L) = -8278.06, AIC-c = 16909.15 (176 estimated parameters)
* non-synonymous/synonymous rate ratio for *test* =   0.3739

### Improving branch lengths, nucleotide substitution biases, and global dN/dS ratios under a full codon model
* Log(L) = -8278.06
* non-synonymous/synonymous rate ratio for *test* =   0.3741

### For partition 1 these sites are significant at p <=0.1

|   Codon    | Partition  |   alpha    |   beta+    |     p+     |    LRT     |Episodic selection detected?| # branches |
|:----------:|:----------:|:----------:|:----------:|:----------:|:----------:|:--------------------------:|:----------:|
|     33     |     1      |    0.000   |   72.908   |    0.118   |   24.366   |      Yes, p =  0.0000      |     0      |
|     37     |     1      |    0.000   |   18.578   |    0.178   |   24.711   |      Yes, p =  0.0000      |     1      |
|     60     |     1      |    0.000   |   28.636   |    0.134   |   24.268   |      Yes, p =  0.0000      |     0      |
|     68     |     1      |    1.379   |   46.975   |    0.220   |    5.154   |      Yes, p =  0.0348      |     5      |
|     79     |     1      |    0.000   |   25.707   |    0.075   |    5.712   |      Yes, p =  0.0261      |     2      |
|     97     |     1      |    0.000   |  469.414   |    0.012   |    3.425   |      Yes, p =  0.0854      |     1      |
|     98     |     1      |    0.000   |   19.392   |    0.113   |    4.615   |      Yes, p =  0.0460      |     2      |
|    100     |     1      |    0.000   |    3.010   |    1.000   |    4.936   |      Yes, p =  0.0390      |     2      |
|    127     |     1      |    0.000   |    3.158   |    0.981   |    4.521   |      Yes, p =  0.0483      |     1      |
|    133     |     1      |    0.000   |   81.507   |    0.116   |    9.556   |      Yes, p =  0.0037      |     5      |
|    176     |     1      |    0.000   |   15.332   |    0.316   |    3.623   |      Yes, p =  0.0770      |     3      |
|    180     |     1      |    0.000   |  631.641   |    0.011   |    3.604   |      Yes, p =  0.0778      |     1      |
|    317     |     1      |    0.000   |  101.033   |    0.039   |    4.418   |      Yes, p =  0.0509      |     2      |
|    320     |     1      |    0.000   |    4.695   |    1.000   |    5.077   |      Yes, p =  0.0362      |     2      |
|    346     |     1      |    0.000   |   21.069   |    0.176   |    3.896   |      Yes, p =  0.0668      |     2      |
|    348     |     1      |    1.370   |   56.467   |    0.059   |    4.926   |      Yes, p =  0.0392      |     2      |
|    460     |     1      |    0.000   |   12.078   |    0.330   |    6.634   |      Yes, p =  0.0163      |     3      |
|    473     |     1      |    0.000   |    5.288   |    1.000   |    6.940   |      Yes, p =  0.0139      |     3      |
|    497     |     1      |    0.000   |  529.755   |    0.011   |    3.392   |      Yes, p =  0.0869      |     1      |
|    507     |     1      |    0.787   |   44.251   |    0.169   |    5.821   |      Yes, p =  0.0247      |     4      |
|    692     |     1      |    0.000   |    2.978   |    1.000   |    4.344   |      Yes, p =  0.0529      |     1      |
|    698     |     1      |    0.000   |   12.743   |    0.051   |    5.105   |      Yes, p =  0.0357      |     1      |
|    700     |     1      |    0.000   |   10.388   |    0.417   |    5.585   |      Yes, p =  0.0279      |     1      |
|    708     |     1      |    1.206   |   66.528   |    0.243   |    8.472   |      Yes, p =  0.0064      |     0      |

### ** Found _24_ sites under episodic diversifying positive selection at p <= 0.1**
