Sites	Ll_YN98.omega=0.00318794	Ll_YN98.omega=0.0174018	Ll_YN98.omega=0.0745796	Ll_YN98.omega=0.336647	Ll_YN98.omega=2.37214	Pr_YN98.omega=0.00318794	Pr_YN98.omega=0.0174018	Pr_YN98.omega=0.0745796	Pr_YN98.omega=0.336647	Pr_YN98.omega=2.37214	mean
74	-24.2875	-22.5838	-21.1057	-19.5454	-18.232	0.00652036	0.0358241	0.157086	0.747733	0.0528364	0.389417
297	-14.1039	-12.4162	-10.999	-9.66619	-9.05354	0.00860102	0.0465072	0.191868	0.727515	0.0255087	0.320572
320	-4.07956	-4.09152	-4.13961	-4.35972	-6.05016	0.27114	0.267916	0.255336	0.20489	0.000718033	0.0952484
321	-5.10654	-5.1184	-5.16613	-5.3844	-7.05256	0.270969	0.267771	0.255292	0.205232	0.000735436	0.0953985
322	-7.02379	-7.0374	-7.0921	-7.34193	-9.23307	0.273969	0.270266	0.25588	0.199313	0.000571476	0.0931138
323	-7.74664	-7.7571	-7.79917	-7.9914	-9.45139	0.268474	0.265679	0.254735	0.210185	0.000927495	0.0974356
324	-4.67156	-4.67832	-4.70549	-4.82988	-5.78707	0.261799	0.260037	0.253066	0.223468	0.00163036	0.103331
325	-28.5687	-25.1887	-22.336	-19.586	-17.6698	0.000104913	0.00308135	0.0534123	0.835532	0.107869	0.541198
326	-13.6144	-11.9345	-10.5488	-9.35938	-9.7942	0.0100872	0.0541166	0.216332	0.710722	0.00874241	0.277109
327	-4.94601	-4.95563	-4.99432	-5.17096	-6.50463	0.266965	0.264408	0.254374	0.213186	0.0010674	0.0987238
328	-3.60566	-3.61755	-3.66534	-3.88386	-5.55142	0.270994	0.267792	0.255295	0.205183	0.000735704	0.0953833
329	-20.4547	-18.7659	-17.3443	-15.9914	-15.2039	0.00838643	0.0453958	0.188099	0.72773	0.0303891	0.33192
330	-4.40733	-4.4154	-4.44784	-4.59626	-5.73507	0.26419	0.262068	0.253703	0.218708	0.00133065	0.101108
331	-4.09507	-4.10415	-4.14069	-4.30781	-5.58847	0.266028	0.263622	0.254166	0.215048	0.00113534	0.0994797
332	-9.54939	-9.56045	-9.60492	-9.80832	-11.3651	0.269545	0.26658	0.254986	0.208056	0.000833404	0.0965334
333	-19.3075	-17.6225	-16.2162	-14.9332	-14.6914	0.00911575	0.0491565	0.200593	0.723623	0.0175118	0.300991
334	-11.1075	-11.1181	-11.1608	-11.356	-12.8471	0.268759	0.265921	0.254807	0.209617	0.00089668	0.0971816
335	-26.5603	-23.1761	-20.3067	-17.4804	-15.0011	8.83606e-05	0.002606	0.0459337	0.775527	0.175845	0.681679
336	-7.71006	-7.72053	-7.76261	-7.95513	-9.42832	0.268495	0.2657	0.254751	0.210139	0.000915124	0.0973922
337	-3.05498	-3.069	-3.12537	-3.383	-5.34139	0.274697	0.270872	0.256024	0.197877	0.000530458	0.0925565
338	-3.05498	-3.069	-3.12537	-3.383	-5.34139	0.274697	0.270872	0.256024	0.197877	0.000530458	0.0925565
339	-19.188	-17.5037	-16.1003	-14.8291	-14.6211	0.00923218	0.0497489	0.20244	0.721695	0.0168832	0.298999
340	-4.40733	-4.4154	-4.44784	-4.59626	-5.73507	0.26419	0.262068	0.253703	0.218708	0.00133065	0.101108
341	-5.06004	-5.07859	-5.1531	-5.49272	-8.02062	0.282285	0.277098	0.257202	0.183138	0.00027778	0.0872156
342	-9.27729	-9.29215	-9.35189	-9.62473	-11.6852	0.276123	0.27205	0.256276	0.195079	0.000472189	0.0915204
343	-8.88391	-8.8962	-8.94561	-9.17148	-10.8924	0.271697	0.268378	0.255439	0.203794	0.000692775	0.0948368
344	-9.03641	-9.04495	-9.07924	-9.23522	-10.3797	0.264955	0.262702	0.253845	0.217184	0.00131389	0.100579
345	-3.16356	-3.17853	-3.23869	-3.51344	-5.59069	0.276302	0.272198	0.256305	0.194731	0.000463521	0.091388
346	-14.7899	-14.8032	-14.8568	-15.1016	-16.9432	0.273497	0.269874	0.255787	0.200238	0.000603293	0.0934854
347	-4.43749	-4.45032	-4.50187	-4.73726	-6.51493	0.272607	0.269133	0.25561	0.202	0.000648773	0.0941576
348	-8.53803	-8.54938	-8.595	-8.80365	-10.3987	0.270049	0.267002	0.255095	0.207055	0.000798246	0.0961302
349	-19.0449	-19.0522	-19.0811	-19.2139	-20.2346	0.262632	0.260745	0.253293	0.221811	0.00151858	0.10254
350	-3.16356	-3.17853	-3.23869	-3.51344	-5.59069	0.276302	0.272198	0.256305	0.194731	0.000463521	0.091388
351	-4.25581	-4.26824	-4.31825	-4.54686	-6.28853	0.271956	0.268594	0.255492	0.203281	0.000676819	0.094635
352	-4.67156	-4.67832	-4.70549	-4.82988	-5.78707	0.261799	0.260037	0.253066	0.223468	0.00163036	0.103331
353	-24.097	-20.7156	-17.8574	-15.0823	-12.9987	9.97891e-05	0.00293492	0.0511583	0.820562	0.125245	0.577204
367	-3.47767	-3.49105	-3.54481	-3.79062	-5.66298	0.273582	0.269948	0.255817	0.200069	0.000584512	0.0933875
368	-19.7846	-19.7936	-19.8297	-19.9951	-21.2576	0.26586	0.263479	0.25412	0.215383	0.00115792	0.0996395
369	-4.05242	-4.06251	-4.1031	-4.28885	-5.7146	0.26784	0.265149	0.254602	0.211443	0.000965541	0.0979282
370	-4.07641	-4.09183	-4.15381	-4.43709	-6.59209	0.277088	0.272849	0.256452	0.193186	0.000425448	0.0908023
371	-3.33356	-3.34939	-3.41301	-3.70383	-5.91701	0.277785	0.273423	0.256569	0.191825	0.000398571	0.0903012
372	-4.07952	-4.0913	-4.13867	-4.35549	-6.02043	0.270826	0.267654	0.255269	0.205512	0.000738813	0.0954964
373	-4.56228	-4.57335	-4.61787	-4.82146	-6.37656	0.269564	0.266596	0.254987	0.208018	0.00083465	0.0965241
374	-8.23181	-8.23959	-8.27091	-8.41417	-9.51158	0.26368	0.261635	0.253568	0.219723	0.00139332	0.101579
375	-4.61464	-4.63189	-4.70123	-5.01784	-7.40566	0.280168	0.275376	0.256927	0.187202	0.000326639	0.0886426
376	-9.28574	-9.2995	-9.35481	-9.60712	-11.4976	0.274212	0.270464	0.25591	0.198844	0.000570503	0.09296
377	-4.07641	-4.09183	-4.15381	-4.43709	-6.59209	0.277088	0.272849	0.256452	0.193186	0.000425448	0.0908023
378	-10.7437	-10.7525	-10.7878	-10.9491	-12.1798	0.265458	0.26314	0.25402	0.216182	0.00119979	0.0999933
379	-30.4843	-27.0997	-24.2284	-21.3932	-18.847	8.63584e-05	0.0025482	0.0450037	0.766526	0.185836	0.702278
380	-13.8045	-12.122	-10.7258	-9.48851	-9.57518	0.00958748	0.0515708	0.208336	0.717995	0.0125099	0.287852
381	-11.7433	-11.7513	-11.7835	-11.9306	-13.058	0.264062	0.261958	0.253668	0.218964	0.0013475	0.101229
382	-3.16056	-3.17531	-3.23457	-3.5052	-5.55064	0.275919	0.271881	0.256237	0.195483	0.000480353	0.091669
383	-4.49259	-4.50643	-4.56207	-4.81592	-6.72185	0.274356	0.270583	0.25594	0.19856	0.000560959	0.0928465
384	-5.92148	-5.93248	-5.97668	-6.17864	-7.71203	0.269412	0.266466	0.254945	0.208322	0.000854217	0.0966669
385	-5.10308	-5.11477	-5.16178	-5.37678	-7.01966	0.270657	0.267511	0.255226	0.20585	0.000756538	0.0956459
386	-9.88611	-9.89639	-9.93775	-10.1269	-11.5707	0.268169	0.265425	0.254671	0.21079	0.000945295	0.0976713
387	-5.05548	-5.07374	-5.14714	-5.48167	-7.97024	0.281823	0.276721	0.257138	0.184028	0.000290325	0.0875323
388	-7.85327	-7.87103	-7.94243	-8.26851	-10.7328	0.281031	0.276082	0.257057	0.18553	0.000299879	0.088041
389	-3.43157	-3.44838	-3.51597	-3.8247	-6.16401	0.279441	0.274782	0.256825	0.188607	0.000345447	0.0891399
499	-44.4607	-37.6794	-31.8885	-25.9983	-19.2524	5.58777e-10	4.9239e-07	0.000161167	0.0582605	0.941578	2.25318
500	-3.6756	-3.68833	-3.73949	-3.97333	-5.7517	0.272454	0.269009	0.255591	0.202297	0.000649275	0.0942546
501	-4.05242	-4.06251	-4.10311	-4.28885	-5.71461	0.26784	0.26515	0.254602	0.211443	0.000965537	0.0979282
502	-4.17592	-4.18677	-4.23042	-4.43007	-5.95894	0.269184	0.266278	0.254906	0.208772	0.000859933	0.096825
503	-5.05548	-5.07374	-5.14714	-5.48167	-7.97025	0.281823	0.276721	0.257138	0.184028	0.000290323	0.0875323
504	-19.6499	-17.9628	-16.5483	-15.2274	-14.6803	0.00872076	0.0471226	0.193881	0.726419	0.0238564	0.316445
505	-5.15396	-5.15806	-5.17455	-5.25002	-5.83167	0.256832	0.255782	0.2516	0.233308	0.00247799	0.108455
506	-3.60213	-3.61384	-3.66092	-3.87617	-5.51842	0.270682	0.267531	0.255229	0.205801	0.000756835	0.095631
507	-12.1716	-12.1826	-12.2271	-12.4306	-13.9845	0.26955	0.266584	0.254984	0.208047	0.000835732	0.0965358
508	-3.33356	-3.34939	-3.41301	-3.70383	-5.91702	0.277785	0.273423	0.256569	0.191825	0.000398568	0.0903011
509	-3.05257	-3.06639	-3.12192	-3.37569	-5.30425	0.274335	0.270572	0.255956	0.198588	0.000548489	0.0928273
510	-8.45722	-8.47508	-8.54683	-8.87382	-11.3048	0.281138	0.276162	0.257041	0.18535	0.000309749	0.0880042
511	-14.3966	-14.4076	-14.4518	-14.6523	-16.1098	0.269311	0.266365	0.25486	0.208541	0.00092258	0.0968944
512	-12.3823	-10.6997	-9.30289	-8.06285	-8.12174	0.00955849	0.051422	0.207854	0.718298	0.0128677	0.288764
513	-4.08977	-4.09872	-4.13471	-4.29933	-5.56065	0.265784	0.263416	0.254105	0.215534	0.00116014	0.0996933
514	-16.4628	-16.4707	-16.5021	-16.6456	-17.7156	0.263709	0.261652	0.253549	0.219659	0.00143163	0.101647
515	-25.8725	-22.4849	-19.6017	-16.7127	-13.7689	7.40942e-05	0.00219277	0.0391874	0.704396	0.25415	0.842972
516	-17.8551	-16.1683	-14.7549	-13.4391	-12.9362	0.00877416	0.0473985	0.194805	0.726206	0.0228164	0.31398
517	-7.49051	-7.49764	-7.52628	-7.65717	-8.64751	0.262452	0.260588	0.253229	0.222163	0.001568	0.102767
518	-4.08977	-4.09872	-4.13471	-4.29934	-5.56065	0.265784	0.263416	0.254105	0.215534	0.00116013	0.0996933
519	-12.0369	-10.3535	-8.95389	-7.7012	-7.68347	0.00942878	0.0507603	0.205763	0.72012	0.0139277	0.291724
520	-14.1091	-14.1222	-14.1748	-14.415	-16.2291	0.273065	0.269514	0.255701	0.201097	0.00062278	0.0938068
521	-20.7037	-20.7198	-20.7842	-21.0781	-23.2664	0.278097	0.273669	0.25658	0.191246	0.000407387	0.0901334
522	-23.9702	-23.9807	-24.0232	-24.2173	-25.6873	0.268653	0.265828	0.254771	0.209832	0.000916734	0.0972969
523	-10.8377	-10.8491	-10.8947	-11.1033	-12.6967	0.270047	0.267	0.255093	0.20706	0.000799567	0.0961348
524	-3.6756	-3.68833	-3.73949	-3.97334	-5.75173	0.272454	0.269009	0.255591	0.202296	0.000649258	0.0942544
525	-3.05258	-3.06639	-3.12192	-3.3757	-5.30428	0.274336	0.270572	0.255956	0.198587	0.000548474	0.0928271
526	-12.5024	-10.8169	-9.40867	-8.11674	-7.80544	0.0090232	0.048681	0.199039	0.724464	0.0187927	0.304188
527	-3.33356	-3.34939	-3.41302	-3.70383	-5.91705	0.277785	0.273423	0.256569	0.191824	0.000398556	0.0903009
528	-9.76255	-9.77459	-9.823	-10.0443	-11.7316	0.27126	0.268014	0.25535	0.204656	0.000719462	0.0951762
529	-23.3892	-20.006	-17.1408	-14.3337	-12.0058	9.27481e-05	0.0027326	0.0479662	0.794397	0.154811	0.63829
530	-4.25198	-4.26423	-4.31349	-4.53868	-6.2539	0.271631	0.268323	0.255425	0.203923	0.000697158	0.0948887
531	-18.2614	-16.5758	-15.1672	-13.873	-13.5355	0.00899854	0.0485534	0.19861	0.724546	0.0192921	0.305366
532	-3.51877	-3.52941	-3.57221	-3.76798	-5.26619	0.26881	0.265964	0.254821	0.209515	0.000889864	0.0971333
533	-3.05258	-3.06639	-3.12192	-3.3757	-5.30428	0.274336	0.270572	0.255956	0.198587	0.000548474	0.0928271
534	-15.0266	-13.3375	-11.9147	-10.5564	-9.74695	0.00833474	0.0451298	0.187224	0.728224	0.0310877	0.333674
535	-8.88018	-8.88919	-8.92546	-9.09131	-10.36	0.265905	0.263518	0.254133	0.215294	0.00115029	0.0995933
536	-7.24764	-7.25768	-7.29802	-7.48224	-8.87627	0.267701	0.265028	0.25455	0.211722	0.000997982	0.0980927
537	-10.2839	-10.2959	-10.3444	-10.5658	-12.2546	0.271277	0.268028	0.255353	0.204624	0.000718297	0.0951631
538	-20.2136	-18.5319	-17.1388	-15.9153	-16.0764	0.00972921	0.0522919	0.210586	0.715815	0.0115777	0.285087
539	-4.07956	-4.09152	-4.13961	-4.35972	-6.05018	0.27114	0.267917	0.255336	0.20489	0.00071802	0.0952482
544	-8.09684	-8.10526	-8.13907	-8.29375	-9.47656	0.264807	0.26259	0.253858	0.217479	0.0012662	0.100564
545	-34.3402	-30.8724	-27.7356	-24.2231	-20.6411	2.35589e-05	0.00075543	0.0173983	0.58338	0.398443	1.14286
546	-5.41072	-5.41914	-5.45299	-5.60787	-6.79474	0.264827	0.262607	0.253865	0.217441	0.00126085	0.100539
555	-7.18635	-7.20244	-7.26712	-7.56195	-9.76208	0.278183	0.273741	0.256597	0.191077	0.000402235	0.0900669
556	-20.0527	-18.3673	-16.9597	-15.6703	-15.3751	0.00904896	0.0488131	0.199467	0.724186	0.0184848	0.303398
557	-3.16356	-3.17853	-3.23869	-3.51344	-5.59072	0.276303	0.272198	0.256305	0.194731	0.00046351	0.0913878
558	-4.94601	-4.95563	-4.99432	-5.17097	-6.50465	0.266965	0.264408	0.254374	0.213185	0.00106738	0.0987236
559	-3.98136	-3.9998	-4.07393	-4.41262	-6.98111	0.282171	0.277015	0.257223	0.183325	0.000267001	0.0872528
560	-14.9548	-13.2719	-11.8741	-10.6293	-10.6634	0.00951011	0.0511757	0.207082	0.719027	0.0132045	0.289746
561	-4.95391	-4.96013	-4.98514	-5.09965	-5.98071	0.260808	0.259191	0.252788	0.225439	0.00177485	0.104298
562	-4.25581	-4.26825	-4.31826	-4.54686	-6.28855	0.271956	0.268594	0.255492	0.203281	0.000676805	0.0946348
563	-3.60567	-3.61755	-3.66534	-3.88386	-5.55144	0.270994	0.267792	0.255295	0.205183	0.000735691	0.0953832
564	-21.7622	-20.0782	-18.676	-17.4115	-17.3015	0.00930584	0.0501306	0.203736	0.721523	0.0153041	0.295299
565	-3.78352	-3.79443	-3.83826	-4.03867	-5.56611	0.26926	0.26634	0.254917	0.208623	0.000860552	0.0967785
566	-15.0841	-13.3983	-11.9887	-10.6904	-10.3326	0.00895783	0.0483451	0.197942	0.725052	0.0197031	0.306457
567	-8.85586	-8.86383	-8.89588	-9.04225	-10.1506	0.263993	0.261896	0.253637	0.2191	0.00137426	0.101335
568	-5.10654	-5.11841	-5.16613	-5.3844	-7.05258	0.270969	0.267772	0.255292	0.205232	0.000735422	0.0953984
569	-3.16356	-3.17853	-3.23869	-3.51344	-5.59072	0.276303	0.272198	0.256305	0.194731	0.00046351	0.0913878
570	-23.9158	-20.5328	-17.668	-14.8627	-12.5552	9.32457e-05	0.002747	0.0482007	0.79681	0.152149	0.632805
571	-7.58835	-7.60314	-7.66258	-7.93394	-9.98061	0.27599	0.271938	0.256246	0.195347	0.000479427	0.0916231
572	-4.25581	-4.26825	-4.31826	-4.54686	-6.28855	0.271956	0.268594	0.255492	0.203281	0.000676805	0.0946348
573	-3.16356	-3.17853	-3.23869	-3.51344	-5.59072	0.276303	0.272198	0.256305	0.194731	0.00046351	0.0913878
574	-3.05498	-3.069	-3.12537	-3.38301	-5.34141	0.274697	0.270872	0.256024	0.197876	0.000530447	0.0925563
575	-3.67936	-3.69228	-3.74422	-3.98161	-5.78749	0.27279	0.269289	0.255659	0.201633	0.000629581	0.0939952
576	-4.32841	-4.33466	-4.3598	-4.47488	-5.36087	0.260866	0.259241	0.252805	0.225323	0.00176522	0.104239
577	-4.4581	-4.4687	-4.51131	-4.70625	-6.19975	0.26873	0.265897	0.254805	0.209674	0.000894751	0.0971955
578	-3.05498	-3.069	-3.12537	-3.38301	-5.34141	0.274697	0.270872	0.256024	0.197876	0.000530447	0.0925563
579	-5.14095	-5.15461	-5.20949	-5.46034	-7.36915	0.274059	0.270343	0.255906	0.19913	0.000560955	0.0930307
580	-7.61771	-7.63071	-7.68298	-7.9218	-9.73355	0.272927	0.269401	0.255682	0.201365	0.000625065	0.0938985
581	-3.60567	-3.61755	-3.66534	-3.88386	-5.55144	0.270994	0.267792	0.255295	0.205183	0.000735691	0.0953832
582	-4.07956	-4.09152	-4.13961	-4.35972	-6.05018	0.27114	0.267917	0.255336	0.20489	0.00071802	0.0952482
583	-4.96963	-4.97718	-5.00755	-5.14654	-6.21361	0.263255	0.261275	0.253458	0.22057	0.00144177	0.101963
584	-22.9168	-21.2303	-19.8179	-18.5067	-18.0341	0.00882139	0.0476413	0.195601	0.725813	0.0221228	0.312266
585	-3.05498	-3.069	-3.12537	-3.38301	-5.34141	0.274697	0.270872	0.256024	0.197876	0.000530447	0.0925563
586	-22.6433	-20.9585	-19.5532	-18.2741	-18.0448	0.00915433	0.0493532	0.201212	0.723002	0.0172781	0.300277
587	-3.70625	-3.72274	-3.78899	-4.09095	-6.34112	0.278843	0.274282	0.2567	0.189795	0.000380037	0.089602
588	-7.41956	-7.42835	-7.46368	-7.62522	-8.85648	0.265484	0.26316	0.254024	0.216133	0.00119885	0.0999752
589	-23.0924	-19.7148	-16.872	-14.1675	-12.6134	0.000114608	0.00335782	0.057632	0.861456	0.0774393	0.47806
590	-8.15066	-8.16102	-8.20266	-8.39303	-9.84347	0.268292	0.265527	0.254697	0.210546	0.000938006	0.097576
591	-7.72971	-7.7432	-7.79742	-8.04509	-9.92125	0.273764	0.270096	0.255843	0.199716	0.000581273	0.0932661
592	-3.31691	-3.33118	-3.38858	-3.65097	-5.64992	0.27514	0.27124	0.25611	0.197003	0.000507122	0.0922212
593	-4.05587	-4.06394	-4.09641	-4.24493	-5.38368	0.2642	0.262076	0.253705	0.218688	0.0013306	0.101101
594	-4.92977	-4.93648	-4.96347	-5.08699	-6.03573	0.261713	0.259963	0.25304	0.223639	0.00164546	0.10342
595	-7.61686	-7.62624	-7.66393	-7.83613	-9.14082	0.26653	0.264042	0.254274	0.214051	0.00110324	0.099085
596	-17.9655	-16.2775	-14.8595	-13.5228	-12.862	0.00855664	0.0462762	0.191066	0.727341	0.0267595	0.323417
597	-28.9899	-27.3053	-25.9009	-24.6264	-24.4444	0.00920284	0.049603	0.202036	0.722685	0.016473	0.298326
598	-18.8048	-17.1228	-15.7286	-14.5006	-14.6521	0.0096837	0.0520617	0.209889	0.716663	0.0117026	0.285613
599	-26.8958	-25.2067	-23.7836	-22.4235	-21.5877	0.00831367	0.0450192	0.186826	0.727934	0.0319063	0.335487
600	-19.9662	-19.9729	-19.9997	-20.1225	-21.0648	0.261642	0.259902	0.253019	0.223779	0.00165716	0.103493
601	-15.0973	-13.4055	-11.9719	-10.5639	-9.37635	0.00780796	0.0423919	0.177787	0.726735	0.0452781	0.366081
602	-4.77777	-4.7867	-4.82259	-4.98687	-6.24841	0.265748	0.263387	0.2541	0.215605	0.00116025	0.0997163
603	-3.46556	-3.47762	-3.52613	-3.7479	-5.43893	0.271305	0.268051	0.25536	0.204568	0.000716485	0.0951409
604	-7.72971	-7.7432	-7.79742	-8.04509	-9.92125	0.273764	0.270096	0.255843	0.199716	0.000581273	0.0932661
605	-14.9315	-14.938	-14.9641	-15.0836	-15.9908	0.261306	0.259613	0.252915	0.224444	0.00172137	0.103855
606	-4.51672	-4.52711	-4.56887	-4.75989	-6.22016	0.268352	0.265579	0.254715	0.210426	0.000928286	0.0975148
607	-12.8589	-12.8707	-12.918	-13.1343	-14.7689	0.270783	0.267613	0.255239	0.205604	0.000761924	0.0955791
608	-26.7684	-26.7761	-26.8071	-26.9491	-28.0327	0.26355	0.261523	0.25353	0.219982	0.00141437	0.101711
609	-15.5132	-15.5255	-15.5747	-15.7995	-17.5008	0.271606	0.2683	0.25541	0.203977	0.000707157	0.0949288
610	-8.9878	-9.00052	-9.05164	-9.28535	-11.0658	0.27244	0.268997	0.255591	0.202324	0.000647977	0.0942602
611	-14.5293	-14.5389	-14.5773	-14.753	-16.0975	0.266862	0.264326	0.254367	0.213388	0.00105687	0.0987646
612	-16.2799	-16.2863	-16.3121	-16.4301	-17.334	0.261162	0.259492	0.252883	0.224733	0.00172937	0.103966
613	-11.6827	-11.6908	-11.7235	-11.8726	-13.0025	0.26426	0.262123	0.253707	0.218569	0.00134159	0.101088
614	-9.2909	-9.29864	-9.32973	-9.47201	-10.5644	0.263582	0.261552	0.253545	0.219919	0.00140165	0.101661
615	-13.2765	-11.5902	-10.1786	-8.87125	-8.42816	0.00886134	0.0478471	0.196281	0.725539	0.0214717	0.310684
616	-9.6392	-9.64726	-9.67969	-9.8281	-10.9676	0.264188	0.262066	0.253704	0.218712	0.00132977	0.101107
617	-19.3016	-17.6176	-16.2155	-14.9513	-14.837	0.00930799	0.0501414	0.203766	0.721419	0.0153664	0.295414
618	-8.32612	-8.33568	-8.37413	-8.54982	-9.88556	0.266869	0.264329	0.25436	0.213376	0.00106614	0.0987821
619	-4.51672	-4.52711	-4.56887	-4.75989	-6.22016	0.268352	0.265579	0.254715	0.210426	0.000928286	0.0975148
620	-8.98275	-8.99588	-9.04868	-9.28987	-11.1176	0.273153	0.269589	0.255724	0.200921	0.000613799	0.0937294
621	-8.28942	-8.29984	-8.34174	-8.53334	-9.9965	0.268409	0.265627	0.254727	0.210312	0.00092512	0.097471
622	-3.67583	-3.69049	-3.74936	-4.01777	-6.02105	0.275727	0.271716	0.256181	0.195874	0.000502042	0.0918447
623	-12.3331	-10.6521	-9.26165	-8.05077	-8.34287	0.0098634	0.052979	0.212795	0.714229	0.0101334	0.281305
624	-16.6185	-16.6285	-16.6687	-16.8525	-18.2591	0.267657	0.264995	0.254555	0.211807	0.000985942	0.0980922
625	-3.41118	-3.42635	-3.48732	-3.76588	-5.87929	0.276653	0.272489	0.256372	0.19404	0.000445476	0.0911237
626	-7.62351	-7.63032	-7.65773	-7.78314	-8.74529	0.261903	0.260124	0.253091	0.22326	0.0016208	0.103242
627	-3.14155	-3.15485	-3.20831	-3.45251	-5.3007	0.273438	0.269825	0.255778	0.20036	0.000599689	0.0935161
628	-12.6171	-12.6271	-12.6676	-12.8528	-14.2679	0.267789	0.265105	0.254584	0.211545	0.000976335	0.0979859
629	-14.1976	-14.2036	-14.228	-14.3394	-15.1943	0.260498	0.258926	0.252698	0.226052	0.00182676	0.104615
630	-5.81973	-5.82691	-5.85578	-5.98791	-7.00192	0.262573	0.260694	0.253275	0.221928	0.00152969	0.102603
631	-7.60319	-7.61549	-7.66494	-7.89102	-9.61523	0.271715	0.268394	0.255445	0.203756	0.00069035	0.0948192
632	-8.34336	-8.35461	-8.39984	-8.6067	-10.1875	0.269878	0.266859	0.255057	0.207396	0.000811041	0.0962693
633	-4.07926	-4.08988	-4.13262	-4.32823	-5.8312	0.268792	0.26595	0.254823	0.20955	0.000885785	0.097135
634	-3.31691	-3.33118	-3.38858	-3.65097	-5.64992	0.27514	0.27124	0.25611	0.197003	0.000507122	0.0922212
635	-25.2504	-25.2637	-25.317	-25.5608	-27.4046	0.273394	0.269788	0.255769	0.200446	0.000602554	0.0935505
636	-3.31691	-3.33118	-3.38858	-3.65097	-5.64992	0.27514	0.27124	0.25611	0.197003	0.000507122	0.0922212
637	-3.03729	-3.04975	-3.09984	-3.32882	-5.07084	0.271992	0.268623	0.255498	0.203211	0.000676347	0.0946112
638	-14.2978	-12.6133	-11.2091	-9.93517	-9.7443	0.00920777	0.0496272	0.202098	0.722453	0.0166141	0.298588
639	-19.2231	-19.2306	-19.2607	-19.3985	-20.4523	0.263135	0.261172	0.253422	0.220808	0.00146268	0.102088
640	-30.7042	-27.3158	-24.4295	-21.5261	-18.4616	7.04907e-05	0.00208775	0.0374278	0.682573	0.277841	0.89169
641	-22.0929	-20.4021	-18.9725	-17.583	-16.5349	0.00800505	0.0434183	0.181358	0.727779	0.0394396	0.352868
642	-14.0312	-12.3473	-10.9454	-9.68228	-9.57665	0.00931961	0.0502007	0.203955	0.721293	0.0152321	0.295068
643	-4.40242	-4.41382	-4.45963	-4.66884	-6.25058	0.270112	0.267051	0.255092	0.206937	0.000808487	0.0961156
644	-4.0579	-4.0718	-4.12771	-4.38331	-6.32973	0.274504	0.270712	0.255992	0.198254	0.000537869	0.0926954
645	-3.14155	-3.15485	-3.20831	-3.45251	-5.30069	0.273437	0.269825	0.255778	0.20036	0.000599692	0.0935162
646	-4.40242	-4.41382	-4.45963	-4.66884	-6.25058	0.270112	0.267051	0.255092	0.206937	0.000808487	0.0961156
647	-3.03729	-3.04975	-3.09984	-3.32881	-5.07083	0.271992	0.268623	0.255498	0.203211	0.000676351	0.0946112
648	-4.45382	-4.46019	-4.48579	-4.60294	-5.50173	0.261075	0.259418	0.25286	0.224907	0.00173956	0.104046
649	-3.65165	-3.66313	-3.70929	-3.92027	-5.52655	0.270276	0.267191	0.255138	0.206607	0.000787628	0.0959615
650	-3.96044	-3.97683	-4.04271	-4.34372	-6.62863	0.278728	0.274198	0.256717	0.189989	0.000367433	0.0896368
651	-3.49686	-3.50646	-3.54507	-3.72169	-5.07441	0.266955	0.264404	0.25439	0.213204	0.00104735	0.0986835
652	-4.0579	-4.0718	-4.12771	-4.38331	-6.32973	0.274504	0.270712	0.255992	0.198254	0.000537869	0.0926954
653	-4.14241	-4.15221	-4.19158	-4.37171	-5.75207	0.267296	0.264691	0.254472	0.212526	0.00101555	0.0983919
654	-8.03001	-8.0432	-8.0962	-8.33826	-10.167	0.273238	0.269658	0.255736	0.200755	0.000612681	0.0936734
655	-3.96044	-3.97683	-4.04271	-4.34372	-6.62863	0.278728	0.274198	0.256717	0.189989	0.000367433	0.0896368
656	-3.31691	-3.33118	-3.38858	-3.65097	-5.64991	0.27514	0.27124	0.25611	0.197003	0.000507125	0.0922212
657	-4.60413	-4.61744	-4.67097	-4.91548	-6.76839	0.273467	0.269849	0.255785	0.200302	0.000596694	0.0934905
658	-5.20595	-5.21226	-5.23762	-5.35372	-6.24693	0.260969	0.259328	0.252833	0.225119	0.00175094	0.10414
659	-4.89969	-4.90521	-4.92744	-5.0292	-5.81247	0.25952	0.25809	0.252416	0.227995	0.00197938	0.105593
660	-32.7268	-29.336	-26.4398	-23.4946	-20.2136	6.26699e-05	0.00186076	0.0336887	0.640602	0.323786	0.986265
661	-3.41118	-3.42635	-3.48732	-3.76588	-5.87928	0.276653	0.272489	0.256372	0.19404	0.000445479	0.0911237
662	-4.53717	-4.54715	-4.58732	-4.771	-6.17526	0.267642	0.264982	0.254551	0.211837	0.000988357	0.0981075
663	-17.4174	-15.7248	-14.2885	-12.8777	-11.951	0.00784661	0.0426351	0.179281	0.734962	0.0352753	0.345238
664	-6.97255	-6.98669	-7.04352	-7.3027	-9.24351	0.274859	0.270999	0.256029	0.197573	0.000539041	0.0924779
665	-9.50132	-9.51165	-9.55318	-9.74289	-11.181	0.268231	0.265475	0.254677	0.210667	0.00095017	0.0976431
666	-3.41118	-3.42635	-3.48732	-3.76588	-5.87928	0.276653	0.272489	0.256372	0.19404	0.000445479	0.0911237
667	-3.76434	-3.77403	-3.81299	-3.9911	-5.34959	0.267102	0.264526	0.25442	0.212912	0.00103989	0.0985722
668	-18.4051	-18.4115	-18.4372	-18.5547	-19.4562	0.261111	0.259448	0.25287	0.224837	0.00173427	0.104011
669	-3.14155	-3.15485	-3.20831	-3.45251	-5.30069	0.273437	0.269825	0.255778	0.20036	0.000599692	0.0935162
670	-7.07084	-7.08038	-7.11874	-7.29401	-8.62644	0.266828	0.264295	0.25435	0.213457	0.00107008	0.0988173
671	-12.7018	-12.7164	-12.7754	-13.0445	-15.0754	0.275781	0.271766	0.256209	0.195755	0.000488087	0.0917747
672	-8.60812	-8.62082	-8.67188	-8.90521	-10.6794	0.272406	0.268968	0.255581	0.202392	0.000652316	0.0942922
673	-4.14241	-4.15221	-4.19158	-4.37171	-5.75207	0.267296	0.264691	0.254472	0.212526	0.00101555	0.0983919
674	-3.46556	-3.47762	-3.52613	-3.7479	-5.43892	0.271305	0.268051	0.25536	0.204568	0.000716489	0.0951409
675	-3.65165	-3.66313	-3.70929	-3.92027	-5.52655	0.270276	0.267191	0.255138	0.206607	0.000787628	0.0959615
676	-13.8274	-13.8347	-13.864	-13.9979	-15.0095	0.262757	0.260847	0.253307	0.221559	0.00153088	0.102487
677	-5.10452	-5.10822	-5.12309	-5.19118	-5.71613	0.256069	0.255123	0.251357	0.234811	0.00263944	0.109312
678	-4.40242	-4.41382	-4.45963	-4.66884	-6.25058	0.270112	0.267051	0.255092	0.206937	0.000808487	0.0961156
679	-12.0945	-12.1044	-12.1445	-12.3278	-13.7207	0.267608	0.264951	0.254534	0.211906	0.000999994	0.0981566
680	-10.4055	-10.4136	-10.4462	-10.5952	-11.7382	0.264245	0.262114	0.253717	0.218599	0.00132437	0.101058
681	-3.76434	-3.77403	-3.81299	-3.9911	-5.34959	0.267102	0.264526	0.25442	0.212912	0.00103989	0.0985722
682	-4.40242	-4.41382	-4.45963	-4.66884	-6.25058	0.270112	0.267051	0.255092	0.206937	0.000808487	0.0961156
683	-4.02515	-4.03425	-4.07087	-4.23845	-5.52553	0.266071	0.263659	0.254179	0.214962	0.00112763	0.0994344
684	-3.92686	-3.93408	-3.96313	-4.09587	-5.10377	0.262638	0.260747	0.253281	0.221797	0.00153818	0.10258
685	-4.46285	-4.47534	-4.52554	-4.7546	-6.4774	0.272011	0.268635	0.255484	0.20318	0.000689373	0.0946311
686	-4.07926	-4.08988	-4.13262	-4.32823	-5.8312	0.268792	0.26595	0.254823	0.20955	0.00088579	0.097135
687	-8.52513	-8.53417	-8.57049	-8.7367	-10.0112	0.265938	0.263547	0.254145	0.215227	0.00114328	0.0995557
688	-3.31691	-3.33118	-3.38858	-3.65097	-5.64991	0.27514	0.27124	0.25611	0.197003	0.000507125	0.0922212
689	-8.33167	-8.34279	-8.38749	-8.59164	-10.1367	0.269625	0.266644	0.254987	0.207901	0.000842596	0.0965045
690	-13.2788	-13.2869	-13.3195	-13.4684	-14.6074	0.264242	0.26211	0.253713	0.218605	0.00132977	0.101073
691	-5.20595	-5.21226	-5.23762	-5.35372	-6.24693	0.260969	0.259328	0.252833	0.225119	0.00175094	0.10414
692	-3.41118	-3.42635	-3.48732	-3.76588	-5.87928	0.276653	0.272489	0.256372	0.19404	0.000445479	0.0911237
693	-3.57952	-3.59009	-3.63255	-3.82676	-5.30982	0.268661	0.265838	0.254784	0.209812	0.000904733	0.0972631
694	-13.2515	-13.2617	-13.3026	-13.4897	-14.9037	0.267974	0.265257	0.254613	0.211181	0.000975743	0.0978672
695	-4.67689	-4.687	-4.72764	-4.9136	-6.33943	0.267861	0.265167	0.254606	0.211402	0.000965276	0.0979142
696	-3.65165	-3.66313	-3.70929	-3.92027	-5.52655	0.270276	0.267191	0.255138	0.206607	0.000787628	0.0959615
697	-10.2807	-10.2847	-10.3006	-10.3734	-10.9336	0.256562	0.255548	0.251513	0.23384	0.0025375	0.108763
698	-3.14155	-3.15485	-3.20831	-3.45251	-5.30069	0.273437	0.269825	0.255778	0.20036	0.000599692	0.0935162
699	-7.37032	-7.38144	-7.42614	-7.63042	-9.18426	0.269634	0.266653	0.254997	0.207881	0.000835156	0.0964811
700	-4.40242	-4.41382	-4.45963	-4.66884	-6.25058	0.270112	0.267051	0.255092	0.206937	0.000808487	0.0961156
701	-8.71466	-8.72924	-8.78779	-9.05474	-11.0468	0.27559	0.271603	0.256156	0.196143	0.000508373	0.0919458
702	-9.23454	-9.24081	-9.26605	-9.38152	-10.2674	0.260906	0.259274	0.252813	0.225243	0.00176475	0.104212
703	-3.41118	-3.42635	-3.48732	-3.76588	-5.87928	0.276653	0.272489	0.256372	0.19404	0.000445479	0.0911237
704	-3.31691	-3.33118	-3.38858	-3.65097	-5.64991	0.27514	0.27124	0.25611	0.197003	0.000507125	0.0922212
705	-8.05159	-8.06377	-8.11269	-8.33577	-10.0043	0.271447	0.268162	0.255359	0.2043	0.000731818	0.0950893
706	-4.29382	-4.29938	-4.32172	-4.42399	-5.21163	0.259572	0.258134	0.252432	0.227892	0.00196986	0.105538
707	-7.099	-7.11284	-7.16848	-7.42269	-9.35118	0.274378	0.270607	0.255961	0.198506	0.000548297	0.0928002
708	-3.92351	-3.93105	-3.96135	-4.10005	-5.16577	0.263226	0.26125	0.253452	0.220629	0.0014441	0.101987
709	-4.22747	-4.23852	-4.28296	-4.48613	-6.03523	0.269526	0.266563	0.254976	0.208096	0.00083999	0.0965613
710	-3.92686	-3.93408	-3.96314	-4.09587	-5.10377	0.262638	0.260747	0.253281	0.221797	0.00153817	0.10258
711	-3.03729	-3.04975	-3.09984	-3.32882	-5.07084	0.271992	0.268623	0.255498	0.203211	0.000676347	0.0946112
712	-4.05587	-4.06394	-4.09641	-4.24493	-5.38368	0.2642	0.262076	0.253705	0.218688	0.0013306	0.101101
713	-7.19514	-7.20435	-7.24134	-7.41028	-8.68974	0.266213	0.263774	0.254196	0.214682	0.00113477	0.0993607
714	-4.07926	-4.08988	-4.13262	-4.32823	-5.8312	0.268792	0.26595	0.254823	0.20955	0.000885785	0.097135
715	-15.1016	-13.4136	-11.995	-10.656	-9.99506	0.00853666	0.0461746	0.190752	0.727756	0.0267802	0.32358
716	-5.10722	-5.11935	-5.16812	-5.39107	-7.08888	0.271418	0.268145	0.255381	0.204345	0.000710866	0.0950562
717	-10.6671	-10.6808	-10.7361	-10.9883	-12.8694	0.274202	0.270453	0.255901	0.198868	0.000575911	0.0929801
718	-3.31691	-3.33118	-3.38858	-3.65097	-5.64992	0.27514	0.27124	0.25611	0.197003	0.000507122	0.0922212
719	-3.65165	-3.66313	-3.70929	-3.92027	-5.52656	0.270276	0.267191	0.255138	0.206607	0.000787624	0.0959614
720	-3.57952	-3.59009	-3.63256	-3.82676	-5.30982	0.268661	0.265838	0.254784	0.209812	0.000904729	0.0972631
721	-7.24209	-7.24924	-7.27799	-7.40922	-8.39495	0.262489	0.260617	0.253231	0.222088	0.00157471	0.102759
722	-7.75813	-7.76747	-7.80505	-7.97698	-9.29334	0.266497	0.264018	0.25428	0.214115	0.00109077	0.0990767
723	-3.76434	-3.77403	-3.81299	-3.9911	-5.34959	0.267102	0.264526	0.25442	0.212912	0.00103988	0.0985722
724	-3.31691	-3.33118	-3.38858	-3.65097	-5.64992	0.27514	0.27124	0.25611	0.197003	0.000507122	0.0922212
725	-3.03729	-3.04975	-3.09984	-3.32882	-5.07084	0.271992	0.268623	0.255498	0.203211	0.000676347	0.0946112
726	-9.68453	-9.69331	-9.72858	-9.88968	-11.1061	0.265443	0.263124	0.254005	0.216211	0.0012172	0.100043
727	-14.8085	-14.8143	-14.8377	-14.9447	-15.7641	0.260053	0.258545	0.252567	0.226935	0.00190039	0.10507
728	-7.61929	-7.62912	-7.66865	-7.84945	-9.23165	0.267362	0.264746	0.254484	0.212395	0.00101306	0.0983439
729	-17.6913	-16.0035	-14.5859	-13.2512	-12.6183	0.00858024	0.0463994	0.191498	0.727492	0.0260295	0.32177
730	-20.0448	-18.354	-16.9241	-15.5334	-14.4765	0.0079925	0.043353	0.181132	0.727733	0.0397894	0.353664
731	-4.14242	-4.15221	-4.19158	-4.37171	-5.75207	0.267296	0.264691	0.254472	0.212526	0.00101555	0.0983919
732	-10.8734	-10.8854	-10.9338	-11.155	-12.8397	0.271256	0.26801	0.255347	0.204665	0.00072138	0.0951834
733	-3.65165	-3.66313	-3.70929	-3.92027	-5.52656	0.270276	0.267191	0.255138	0.206607	0.000787624	0.0959614
734	-3.92686	-3.93408	-3.96314	-4.09587	-5.10377	0.262638	0.260747	0.253281	0.221797	0.00153817	0.10258
735	-4.63765	-4.64365	-4.6678	-4.77833	-5.6293	0.260408	0.258849	0.252674	0.226233	0.00183553	0.104694
736	-4.05587	-4.06394	-4.09641	-4.24493	-5.38368	0.2642	0.262076	0.253705	0.218688	0.0013306	0.101101
737	-3.65165	-3.66313	-3.70929	-3.92027	-5.52656	0.270276	0.267191	0.255138	0.206607	0.000787624	0.0959614
738	-14.6234	-14.6308	-14.6605	-14.7967	-15.8383	0.262972	0.261033	0.253379	0.221134	0.00148268	0.102239
