Sites	Ll_YN98.omega=0.0739084	Ll_YN98.omega=1	Pr_YN98.omega=0.0739084	Pr_YN98.omega=1	mean
74	-21.1414	-18.5549	0.567528	0.432472	0.474417
297	-11.0154	-9.01723	0.702706	0.297294	0.34923
320	-4.13829	-4.9042	0.974024	0.0259763	0.0979648
321	-5.1619	-5.92063	0.973841	0.0261586	0.0981336
322	-7.09783	-7.9642	0.976448	0.023552	0.0957197
323	-7.80393	-8.4698	0.971369	0.028631	0.100423
324	-4.7021	-5.13413	0.964097	0.0359027	0.107158
325	-22.3764	-18.0814	0.192059	0.807941	0.822136
326	-10.5624	-9.05548	0.794366	0.205634	0.264344
327	-4.98977	-5.60277	0.969861	0.0301388	0.10182
328	-3.66121	-4.42022	0.973849	0.0261513	0.0981269
329	-17.3741	-15.3039	0.687431	0.312569	0.363376
330	-4.44317	-4.95913	0.966892	0.0331082	0.10457
331	-4.1367	-4.7176	0.968909	0.0310912	0.102702
332	-9.60928	-10.3158	0.972478	0.0275224	0.0993966
333	-16.2485	-14.4224	0.737355	0.262645	0.317142
334	-11.175	-11.8529	0.971702	0.028298	0.100115
335	-20.356	-15.7953	0.154155	0.845845	0.857239
336	-7.76711	-8.43621	0.971459	0.0285412	0.10034
337	-3.12256	-4.01706	0.977086	0.0229135	0.0951284
338	-3.12256	-4.01706	0.977086	0.0229135	0.0951284
339	-16.1431	-14.3501	0.743716	0.256284	0.311251
340	-4.44317	-4.95913	0.966892	0.0331082	0.10457
341	-5.14863	-6.32096	0.982548	0.0174523	0.0900708
342	-9.3651	-10.3109	0.978208	0.0217924	0.0940902
343	-8.94974	-9.73403	0.974485	0.0255152	0.0975378
344	-9.09355	-9.62882	0.967504	0.0324957	0.104002
345	-3.23543	-4.18769	0.978344	0.0216555	0.0939634
346	-14.8892	-15.7381	0.976042	0.0239579	0.0960956
347	-4.49653	-5.31298	0.975272	0.0247277	0.0968085
348	-8.59968	-9.32482	0.972972	0.027028	0.0989388
349	-19.1043	-19.5663	0.965121	0.0348787	0.106209
350	-3.23543	-4.18769	0.978344	0.0216555	0.0939634
351	-4.31383	-5.10759	0.974719	0.0252808	0.0973207
352	-4.7021	-5.13413	0.964097	0.0359027	0.107158
353	-17.8888	-13.5096	0.179333	0.820667	0.833922
367	-3.54111	-4.39454	0.976149	0.0238512	0.0959967
368	-19.8509	-20.4251	0.968709	0.031291	0.102887
369	-4.09962	-4.74551	0.970808	0.0291919	0.100943
370	-4.15044	-5.13241	0.978965	0.0210349	0.0933886
371	-3.40984	-4.419	0.979518	0.0204822	0.0928768
372	-4.13737	-4.8918	0.973732	0.0262683	0.0982352
373	-4.61334	-5.32027	0.972489	0.0275107	0.0993859
374	-8.27484	-8.77302	0.966318	0.033682	0.105101
375	-4.6972	-5.79263	0.981179	0.0188211	0.0913384
376	-9.35841	-10.2309	0.976589	0.023411	0.0955892
377	-4.15044	-5.13241	0.978965	0.0210349	0.0933886
378	-10.8017	-11.3626	0.9683	0.0317004	0.103266
379	-24.267	-19.679	0.150623	0.849377	0.860509
380	-10.7402	-9.07043	0.76649	0.23351	0.29016
381	-11.7962	-12.308	0.966759	0.0332411	0.104693
382	-3.23136	-4.16926	0.978038	0.0219617	0.0942469
383	-4.55713	-5.43551	0.976723	0.0232774	0.0954654
384	-5.97108	-6.67168	0.972319	0.027681	0.0995435
385	-5.15761	-5.90495	0.97355	0.0264503	0.0984038
386	-9.94181	-10.5984	0.97111	0.0288896	0.100663
387	-5.14274	-6.29731	0.98224	0.0177596	0.0903554
388	-7.94756	-9.07779	0.981811	0.0181891	0.0907532
389	-3.51234	-4.58213	0.980699	0.0193006	0.0917825
499	-31.9645	-22.0263	0.000841172	0.999159	0.999221
500	-3.73536	-4.5464	0.975142	0.0248585	0.0969296
501	-4.09962	-4.74552	0.970808	0.0291918	0.100943
502	-4.22629	-4.91988	0.97213	0.0278703	0.0997189
503	-5.14274	-6.29731	0.98224	0.0177596	0.0903554
504	-16.5837	-14.6237	0.710606	0.289394	0.341914
505	-5.16871	-5.43107	0.957739	0.0422612	0.113046
506	-3.65685	-4.40446	0.973557	0.0264432	0.0983972
507	-12.2311	-12.9376	0.972475	0.0275247	0.0993988
508	-3.40984	-4.419	0.979518	0.0204822	0.0928768
509	-3.11915	-4.0002	0.976783	0.0232167	0.0954092
510	-8.5509	-9.67925	0.981777	0.0182227	0.0907842
511	-14.473	-15.1608	0.971972	0.028028	0.0998649
512	-9.31731	-7.63714	0.76462	0.23538	0.291892
513	-4.13078	-4.70298	0.968645	0.0313546	0.102946
514	-16.5233	-17.0184	0.966217	0.0337828	0.105194
515	-19.6427	-14.8678	0.128248	0.871752	0.881231
516	-14.7885	-12.8458	0.714152	0.285848	0.33863
517	-7.52819	-7.98097	0.964808	0.0351916	0.106499
518	-4.13078	-4.70298	0.968646	0.0313545	0.102946
519	-8.96868	-7.24736	0.757132	0.242868	0.298826
520	-14.1911	-15.0233	0.975649	0.024351	0.0964596
521	-20.8059	-21.8208	0.979632	0.0203683	0.0927713
522	-24.054	-24.7273	0.971573	0.0284266	0.100234
523	-10.9096	-11.6345	0.972965	0.0270354	0.0989456
524	-3.73536	-4.54641	0.975142	0.0248582	0.0969294
525	-3.11915	-4.00021	0.976784	0.0232164	0.0954089
526	-9.42219	-7.56471	0.731228	0.268772	0.322816
527	-3.40984	-4.41901	0.979518	0.0204819	0.0928765
528	-9.83776	-10.6064	0.974093	0.0259065	0.0979002
529	-17.1821	-12.6915	0.163517	0.836483	0.848568
530	-4.30914	-5.09098	0.974424	0.0255762	0.0975943
531	-15.199	-13.3322	0.729399	0.270601	0.32451
532	-3.56816	-4.24845	0.971767	0.0282327	0.100054
533	-3.11915	-4.00021	0.976784	0.0232164	0.0954089
534	-11.9393	-9.85218	0.683796	0.316204	0.366743
535	-8.93008	-9.5063	0.968767	0.0312328	0.102833
536	-7.30145	-7.94036	0.970609	0.0293906	0.101127
537	-10.3591	-11.1284	0.974109	0.0258915	0.0978862
538	-17.1695	-15.5441	0.774329	0.225671	0.2829
539	-4.13829	-4.90421	0.974024	0.0259761	0.0979646
544	-8.14351	-8.68098	0.967574	0.0324263	0.103938
545	-27.7895	-21.8637	0.0444675	0.955533	0.958819
546	-5.45193	-5.98882	0.967555	0.0324446	0.103955
555	-7.27174	-8.29048	0.979709	0.020291	0.0926997
556	-16.9915	-15.1422	0.732824	0.267176	0.321338
557	-3.23543	-4.1877	0.978345	0.0216553	0.0939632
558	-4.98978	-5.60278	0.969861	0.0301386	0.10182
559	-4.07039	-5.24544	0.982594	0.0174058	0.0900278
560	-11.8961	-10.2009	0.761891	0.238109	0.294419
561	-4.98026	-5.37786	0.962886	0.0371139	0.108279
562	-4.31383	-5.1076	0.974719	0.0252806	0.0973205
563	-3.66121	-4.42023	0.973849	0.0261511	0.0981267
564	-18.7095	-16.9465	0.749385	0.250615	0.306001
565	-3.83554	-4.53037	0.972164	0.0278365	0.0996875
566	-12.0125	-10.1332	0.726918	0.273082	0.326807
567	-8.89982	-9.40668	0.966599	0.0334009	0.104841
568	-5.1619	-5.92064	0.973842	0.0261584	0.0981334
569	-3.23543	-4.1877	0.978345	0.0216553	0.0939632
570	-17.7094	-13.2259	0.164506	0.835494	0.847652
571	-7.66784	-8.60771	0.97808	0.0219196	0.0942079
572	-4.31383	-5.1076	0.974719	0.0252806	0.0973205
573	-3.23543	-4.1877	0.978345	0.0216553	0.0939632
574	-3.12256	-4.01707	0.977087	0.0229133	0.0951282
575	-3.74002	-4.56345	0.97544	0.0245599	0.0966531
576	-4.35548	-4.75615	0.962996	0.0370043	0.108178
577	-4.50742	-5.18511	0.971696	0.028304	0.10012
578	-3.12256	-4.01707	0.977087	0.0229133	0.0951282
579	-5.20418	-6.07442	0.976537	0.023463	0.0956373
580	-7.68825	-8.51616	0.975547	0.0244529	0.096554
581	-3.66121	-4.42023	0.973849	0.0261511	0.0981267
582	-4.13829	-4.90421	0.974024	0.0259761	0.0979646
583	-5.00277	-5.4864	0.965841	0.0341591	0.105543
584	-19.8489	-17.9225	0.717473	0.282527	0.335554
585	-3.12256	-4.01707	0.977087	0.0229133	0.0951282
586	-19.593	-17.7797	0.739821	0.260179	0.314858
587	-3.78499	-4.82798	0.980186	0.0198144	0.0922584
588	-7.46897	-8.02986	0.9683	0.0316997	0.103265
589	-16.9139	-12.778	0.217972	0.782028	0.798138
590	-8.20739	-8.86737	0.971205	0.0287953	0.100575
591	-7.80293	-8.66045	0.976244	0.0237563	0.0959089
592	-3.38571	-4.2965	0.977448	0.0225517	0.0947933
593	-4.09286	-4.6092	0.966904	0.0330963	0.104559
594	-4.95922	-5.38907	0.964022	0.0359784	0.107228
595	-7.67005	-8.26601	0.969359	0.0306408	0.102285
596	-14.8934	-12.8784	0.699155	0.300845	0.352518
597	-25.9409	-24.1437	0.742914	0.257086	0.311993
598	-15.7511	-14.1119	0.7719	0.2281	0.28515
599	-23.8331	-21.7381	0.682096	0.317904	0.368317
600	-20.032	-20.4593	0.963933	0.0360674	0.10731
601	-11.9958	-9.7363	0.645387	0.354613	0.402312
602	-4.81918	-5.38994	0.968602	0.0313983	0.102986
603	-3.52278	-4.29301	0.974133	0.0258672	0.0978638
604	-7.80293	-8.66045	0.976244	0.0237563	0.0959089
605	-14.9792	-15.3939	0.963496	0.0365044	0.107715
606	-4.56539	-5.22925	0.971313	0.0286871	0.100475
607	-12.9414	-13.6915	0.973621	0.026379	0.0983378
608	-26.8373	-27.33	0.96614	0.03386	0.105266
609	-15.5871	-16.3666	0.974365	0.0256352	0.097649
610	-9.05954	-9.87075	0.975146	0.0248544	0.0969258
611	-14.6113	-15.2218	0.969789	0.0302112	0.101887
612	-16.3232	-16.7327	0.963309	0.0366912	0.107888
613	-11.7377	-12.2546	0.966921	0.0330795	0.104543
614	-9.33538	-9.83041	0.966215	0.0337846	0.105196
615	-10.1925	-8.27943	0.720159	0.279841	0.333066
616	-9.68449	-10.2005	0.966894	0.0331061	0.104568
617	-16.2569	-14.4945	0.749504	0.250496	0.305891
618	-8.38023	-8.98894	0.969736	0.0302643	0.101936
619	-4.56539	-5.22925	0.971313	0.0286871	0.100475
620	-9.05214	-9.88856	0.975749	0.0242505	0.0963666
621	-8.34662	-9.01227	0.971363	0.0286373	0.100429
622	-3.7458	-4.67332	0.977814	0.022186	0.0944547
623	-9.27606	-7.69888	0.782648	0.217352	0.275196
624	-16.6923	-17.3315	0.970619	0.0293809	0.101118
625	-3.48404	-4.44965	0.978625	0.0213745	0.0937031
626	-7.66241	-8.09867	0.964243	0.0357569	0.107023
627	-3.20541	-4.05203	0.975989	0.0240105	0.0961443
628	-12.6811	-13.3246	0.97074	0.0292598	0.101006
629	-14.2515	-14.6392	0.962531	0.0374695	0.108609
630	-5.85074	-6.31025	0.965036	0.0349638	0.106288
631	-7.67006	-8.45473	0.974494	0.0255058	0.0975291
632	-8.40523	-9.12307	0.972779	0.0272205	0.0991171
633	-4.13145	-4.8122	0.97178	0.0282202	0.100043
634	-3.38571	-4.2965	0.977448	0.0225517	0.0947933
635	-25.3482	-26.1918	0.975918	0.024082	0.0962105
636	-3.38571	-4.2965	0.977448	0.0225517	0.0947933
637	-3.09734	-3.89254	0.974755	0.0252455	0.097288
638	-11.2332	-9.43598	0.742903	0.257097	0.312004
639	-19.2913	-19.7703	0.965691	0.0343091	0.105682
640	-24.471	-19.6454	0.122686	0.877314	0.886382
641	-19.0046	-16.8091	0.659896	0.340104	0.388876
642	-10.9601	-9.2012	0.750154	0.249846	0.305288
643	-4.45488	-5.18077	0.972992	0.0270082	0.0989205
644	-4.12467	-5.01092	0.976901	0.023099	0.0953002
645	-3.20541	-4.05203	0.975989	0.0240106	0.0961444
646	-4.45488	-5.18077	0.972992	0.0270082	0.0989205
647	-3.09734	-3.89253	0.974754	0.0252455	0.0972881
648	-4.4796	-4.88624	0.963208	0.0367922	0.107981
649	-3.70555	-4.43754	0.973152	0.0268484	0.0987724
650	-4.03956	-5.08418	0.980217	0.0197828	0.0922291
651	-3.54141	-4.1553	0.969887	0.0301127	0.101795
652	-4.12467	-5.01092	0.976901	0.023099	0.0953002
653	-4.18786	-4.81374	0.970236	0.0297644	0.101473
654	-8.10184	-8.94063	0.975805	0.0241946	0.0963148
655	-4.03956	-5.08418	0.980217	0.0197828	0.0922291
656	-3.38571	-4.2965	0.977448	0.0225518	0.0947934
657	-4.66587	-5.51382	0.976021	0.0239793	0.0961154
658	-5.23391	-5.63812	0.963122	0.0368784	0.108061
659	-4.9231	-5.27648	0.961273	0.038727	0.109773
660	-26.4895	-21.5354	0.109503	0.890497	0.89859
661	-3.48404	-4.44965	0.978625	0.0213746	0.0937032
662	-4.58322	-5.2212	0.970583	0.0294172	0.101151
663	-14.3226	-12.0989	0.653539	0.346461	0.394763
664	-7.04848	-7.9449	0.977129	0.0228708	0.0950889
665	-9.56103	-10.218	0.97112	0.0288797	0.100654
666	-3.48404	-4.44965	0.978625	0.0213746	0.0937032
667	-3.81056	-4.42822	0.969997	0.030003	0.101694
668	-18.4584	-18.8664	0.963254	0.0367457	0.107938
669	-3.20541	-4.05203	0.975989	0.0240106	0.0961444
670	-7.12418	-7.73204	0.969711	0.0302892	0.101959
671	-12.7892	-13.7207	0.9779	0.0221	0.094375
672	-8.67654	-9.48548	0.975091	0.0249095	0.0969768
673	-4.18786	-4.81374	0.970236	0.0297644	0.101473
674	-3.52278	-4.29301	0.974133	0.0258672	0.0978638
675	-3.70555	-4.43754	0.973152	0.0268484	0.0987724
676	-13.8869	-14.3504	0.96517	0.0348304	0.106165
677	-5.11782	-5.35454	0.956689	0.0433114	0.114019
678	-4.45488	-5.18077	0.972992	0.0270082	0.0989205
679	-12.1586	-12.7942	0.970516	0.0294842	0.101213
680	-10.4498	-10.9679	0.966959	0.0330408	0.104507
681	-3.81056	-4.42822	0.969997	0.030003	0.101694
682	-4.45488	-5.18077	0.972992	0.0270082	0.0989205
683	-4.06772	-4.65054	0.968966	0.0310336	0.102648
684	-3.95932	-4.4194	0.965055	0.0349445	0.10627
685	-4.52108	-5.31408	0.974701	0.0252995	0.097338
686	-4.13145	-4.8122	0.97178	0.0282202	0.100043
687	-8.57563	-9.15359	0.96882	0.0311801	0.102784
688	-3.38571	-4.2965	0.977448	0.0225518	0.0947934
689	-8.39138	-9.09988	0.972531	0.0274689	0.0993471
690	-13.333	-13.8505	0.966942	0.0330581	0.104523
691	-5.23391	-5.63812	0.963122	0.0368784	0.108061
692	-3.48404	-4.44965	0.978625	0.0213746	0.0937032
693	-3.62888	-4.30358	0.971613	0.0283866	0.100197
694	-13.3172	-13.9654	0.970875	0.0291252	0.100881
695	-4.72423	-5.37098	0.970832	0.0291677	0.10092
696	-3.70555	-4.43754	0.973152	0.0268484	0.0987724
697	-10.3144	-10.5676	0.957365	0.0426347	0.113392
698	-3.20541	-4.05203	0.975989	0.0240106	0.0961444
699	-7.43099	-8.13954	0.972532	0.0274678	0.0993461
700	-4.45488	-5.18077	0.972992	0.0270082	0.0989205
701	-8.79277	-9.71519	0.977703	0.0222968	0.0945572
702	-9.26847	-9.66928	0.963001	0.0369992	0.108173
703	-3.48404	-4.44965	0.978625	0.0213746	0.0937032
704	-3.38571	-4.2965	0.977448	0.0225518	0.0947934
705	-8.11679	-8.8878	0.974152	0.0258475	0.0978456
706	-4.31788	-4.67399	0.961374	0.0386257	0.109679
707	-7.17418	-8.05553	0.97679	0.0232099	0.0954029
708	-3.95844	-4.44108	0.965808	0.0341916	0.105573
709	-4.27903	-4.98464	0.972454	0.0275463	0.0994188
710	-3.95932	-4.4194	0.965056	0.0349445	0.10627
711	-3.09734	-3.89254	0.974755	0.0252455	0.097288
712	-4.09286	-4.6092	0.966904	0.0330963	0.104559
713	-7.2453	-7.83136	0.969064	0.0309362	0.102558
714	-4.13145	-4.8122	0.97178	0.0282202	0.100043
715	-12.0094	-9.98935	0.698103	0.301897	0.353492
716	-5.1634	-5.93701	0.974218	0.0257822	0.0977851
717	-10.7418	-11.613	0.97656	0.0234405	0.0956164
718	-3.38571	-4.2965	0.977448	0.0225517	0.0947933
719	-3.70555	-4.43755	0.973152	0.0268483	0.0987724
720	-3.62888	-4.30358	0.971613	0.0283865	0.100197
721	-7.28257	-7.73621	0.964838	0.0351623	0.106472
722	-7.81002	-8.40762	0.969408	0.0305923	0.10224
723	-3.81056	-4.42822	0.969997	0.030003	0.101694
724	-3.38571	-4.2965	0.977448	0.0225517	0.0947933
725	-3.09734	-3.89254	0.974755	0.0252455	0.097288
726	-9.74341	-10.3026	0.968247	0.0317531	0.103315
727	-14.8508	-15.2221	0.961934	0.0380663	0.109161
728	-7.67454	-8.30307	0.970312	0.0296881	0.101402
729	-14.6084	-12.6028	0.701136	0.298864	0.350684
730	-16.9465	-14.747	0.659	0.341	0.389705
731	-4.18786	-4.81374	0.970236	0.0297644	0.101473
732	-10.9376	-11.7053	0.974069	0.0259311	0.097923
733	-3.70555	-4.43755	0.973152	0.0268483	0.0987724
734	-3.95932	-4.4194	0.965056	0.0349445	0.10627
735	-4.66478	-5.04876	0.962396	0.0376035	0.108733
736	-4.09286	-4.6092	0.966904	0.0330963	0.104559
737	-3.70555	-4.43755	0.973152	0.0268483	0.0987724
738	-14.6811	-15.1534	0.965463	0.0345365	0.105892
