Sites	Ll_YN98.omega=0.00253406	Ll_YN98.omega=0.0129356	Ll_YN98.omega=0.0661171	Ll_YN98.omega=0.384169	Pr_YN98.omega=0.00253406	Pr_YN98.omega=0.0129356	Pr_YN98.omega=0.0661171	Pr_YN98.omega=0.384169	mean
74	-24.5057	-22.8708	-21.2178	-19.4007	0.00505675	0.0259361	0.135458	0.83355	0.329528
297	-14.3299	-12.7068	-11.1109	-9.56391	0.00673282	0.0341304	0.168345	0.790791	0.315387
320	-4.07902	-4.08781	-4.13278	-4.40123	0.272968	0.270577	0.258679	0.197776	0.0972744
321	-5.10726	-5.11599	-5.16061	-5.42676	0.272786	0.270415	0.258616	0.198184	0.0974241
322	-7.02048	-7.03049	-7.08162	-7.38615	0.275902	0.273155	0.25954	0.191403	0.0949238
323	-7.74393	-7.75163	-7.791	-8.02559	0.270206	0.268133	0.257783	0.203878	0.0995208
324	-4.67223	-4.6772	-4.70264	-4.85453	0.263267	0.26196	0.255381	0.219393	0.105225
325	-29.0181	-25.7684	-22.5597	-19.3626	6.14493e-05	0.00158436	0.0392098	0.959144	0.371087
326	-13.8407	-12.2233	-10.657	-9.28485	0.00797647	0.0402017	0.192525	0.759297	0.304968
327	-4.94711	-4.95418	-4.99031	-5.20546	0.268602	0.266709	0.257243	0.207447	0.100833
328	-3.60632	-3.61506	-3.65975	-3.92623	0.272815	0.27044	0.258622	0.198122	0.0974014
329	-20.6746	-19.0506	-17.4507	-15.8791	0.00657174	0.0333402	0.165118	0.79497	0.316768
330	-4.40848	-4.41442	-4.44476	-4.62585	0.265739	0.264166	0.256272	0.213823	0.103179
331	-4.09578	-4.10246	-4.13663	-4.3405	0.267649	0.265866	0.256936	0.209548	0.101607
332	-9.54679	-9.55493	-9.59652	-9.84469	0.271315	0.269116	0.258152	0.201417	0.0986152
333	-19.526	-17.9048	-16.3192	-14.8328	0.00714536	0.0361492	0.17649	0.780215	0.311889
334	-11.1	-11.1078	-11.1477	-11.3859	0.270494	0.268388	0.257884	0.203234	0.0992841
335	-27.0054	-23.7526	-20.5283	-17.2385	5.51762e-05	0.00142696	0.0358685	0.962649	0.37221
336	-7.70762	-7.71532	-7.75467	-7.9895	0.270217	0.268144	0.257797	0.203841	0.0995077
337	-3.05484	-3.06515	-3.11784	-3.43189	0.276659	0.273821	0.259766	0.189754	0.0943158
338	-3.05484	-3.06515	-3.11784	-3.43189	0.276659	0.273821	0.259766	0.189754	0.0943158
339	-19.401	-17.7803	-16.1973	-14.7254	0.00724807	0.0366495	0.178459	0.777644	0.311038
340	-4.40848	-4.41442	-4.44476	-4.62585	0.265739	0.264166	0.256272	0.213823	0.103179
341	-5.06014	-5.07377	-5.14343	-5.55734	0.284515	0.280661	0.261775	0.173049	0.0881395
342	-9.2698	-9.28073	-9.33657	-9.66919	0.278143	0.27512	0.260178	0.186558	0.0931358
343	-8.88144	-8.89048	-8.93668	-9.21211	0.273545	0.271084	0.258845	0.196526	0.0968131
344	-9.02894	-9.03522	-9.06731	-9.25746	0.266539	0.264869	0.256505	0.212087	0.102538
345	-3.1635	-3.17451	-3.23075	-3.56569	0.278329	0.275282	0.260227	0.186161	0.0929891
346	-14.7738	-14.7836	-14.8337	-15.1321	0.275406	0.272719	0.259394	0.192481	0.0953212
347	-4.43864	-4.44807	-4.49624	-4.78301	0.274475	0.2719	0.259114	0.194511	0.0960697
348	-8.53542	-8.54376	-8.58642	-8.84087	0.271831	0.269572	0.258315	0.200283	0.0981973
349	-19.0343	-19.0396	-19.0667	-19.2286	0.264114	0.262717	0.255691	0.217478	0.104522
350	-3.1635	-3.17451	-3.23075	-3.56569	0.278329	0.275282	0.260227	0.186161	0.0929891
351	-4.25654	-4.26569	-4.31244	-4.5912	0.273815	0.271321	0.258928	0.195936	0.0965957
352	-4.67223	-4.6772	-4.70264	-4.85453	0.263267	0.26196	0.255381	0.219393	0.105225
353	-24.5501	-21.2994	-18.0854	-14.8579	5.93116e-05	0.00153081	0.038082	0.960328	0.371466
367	-3.4781	-3.48793	-3.53821	-3.83795	0.275509	0.272811	0.259436	0.192244	0.0952346
368	-19.776	-19.7827	-19.8165	-20.0182	0.267475	0.26571	0.256873	0.209943	0.101752
369	-4.05285	-4.06027	-4.09824	-4.32484	0.269536	0.267541	0.257575	0.205348	0.100062
370	-4.07631	-4.08766	-4.14565	-4.49133	0.279169	0.276019	0.260469	0.184344	0.0923185
371	-3.33338	-3.34502	-3.40452	-3.7592	0.279877	0.276638	0.260659	0.182826	0.0917578
372	-4.07898	-4.08765	-4.13195	-4.39639	0.272641	0.270289	0.258577	0.198493	0.0975385
373	-4.56319	-4.57134	-4.61298	-4.86133	0.271332	0.269131	0.258155	0.201382	0.0986021
374	-8.22981	-8.23553	-8.26481	-8.43952	0.265203	0.263688	0.256079	0.21503	0.103622
375	-4.61464	-4.62733	-4.6922	-5.07838	0.282352	0.27879	0.26128	0.177579	0.0898171
376	-9.28336	-9.29348	-9.34519	-9.65268	0.276153	0.273372	0.259596	0.190878	0.0947294
377	-4.07631	-4.08766	-4.14565	-4.49133	0.279169	0.276019	0.260469	0.184344	0.0923185
378	-10.7365	-10.7429	-10.7759	-10.9725	0.267044	0.265327	0.256724	0.210906	0.102106
379	-30.9349	-27.6818	-24.4555	-21.1547	5.44683e-05	0.00140918	0.0354892	0.963047	0.372338
380	-14.0308	-12.4115	-10.8353	-9.40459	0.00754143	0.0380827	0.184188	0.770187	0.308572
381	-11.7366	-11.7425	-11.7726	-11.952	0.265597	0.264039	0.25622	0.214144	0.103297
382	-3.1605	-3.17135	-3.22675	-3.55667	0.277931	0.274934	0.260116	0.187018	0.0933055
383	-4.49341	-4.50359	-4.55559	-4.86498	0.276302	0.273504	0.259643	0.190551	0.0946087
384	-5.92264	-5.93073	-5.97205	-6.21832	0.271168	0.268983	0.258094	0.201755	0.098739
385	-5.10379	-5.11239	-5.15634	-5.41851	0.272462	0.270129	0.258514	0.198896	0.0976866
386	-9.88386	-9.89143	-9.93011	-10.1608	0.269879	0.267844	0.257682	0.204595	0.099785
387	-5.05557	-5.069	-5.13762	-5.54531	0.284038	0.280247	0.261662	0.174053	0.0885111
388	-7.84983	-7.86289	-7.92964	-8.32714	0.283225	0.279549	0.261499	0.175727	0.0891324
389	-3.43146	-3.44384	-3.50704	-3.88359	0.281596	0.278134	0.261098	0.179172	0.0904067
499	-45.3619	-38.8468	-32.3493	-25.4796	2.31617e-09	1.56404e-06	0.0010377	0.998961	0.383838
500	-3.67614	-3.68551	-3.73336	-4.0186	0.274342	0.271784	0.259085	0.194789	0.0961727
501	-4.05285	-4.06028	-4.09824	-4.32484	0.269536	0.267541	0.257575	0.205348	0.100062
502	-4.17651	-4.1845	-4.22533	-4.46893	0.270939	0.268784	0.258032	0.202245	0.0989202
503	-5.05557	-5.069	-5.13762	-5.54531	0.284038	0.280247	0.261662	0.174053	0.088511
504	-19.8672	-18.2445	-16.6512	-15.1187	0.00683049	0.0346081	0.170268	0.788293	0.31456
505	-5.15596	-5.15897	-5.1744	-5.26656	0.258131	0.257353	0.253413	0.231103	0.109521
506	-3.60278	-3.61139	-3.65541	-3.91791	0.272491	0.270154	0.25852	0.198835	0.0976641
507	-12.1693	-12.1774	-12.219	-12.4672	0.271317	0.269118	0.25815	0.201415	0.0986143
508	-3.33338	-3.34502	-3.40452	-3.7592	0.279877	0.276638	0.260659	0.182826	0.0917578
509	-3.05244	-3.0626	-3.1145	-3.42385	0.276283	0.273491	0.259657	0.190569	0.0946163
510	-8.45417	-8.46731	-8.53439	-8.9329	0.283331	0.279634	0.261491	0.175544	0.0890629
511	-14.3865	-14.3946	-14.4358	-14.6801	0.271053	0.268869	0.257998	0.20208	0.0988557
512	-12.6086	-10.9891	-9.41241	-7.97838	0.00751735	0.037965	0.183717	0.770801	0.308775
513	-4.09047	-4.09705	-4.13071	-4.33153	0.267395	0.26564	0.256849	0.210116	0.101816
514	-16.4542	-16.46	-16.4894	-16.6644	0.265244	0.26372	0.256072	0.214963	0.103597
515	-26.3209	-23.0656	-19.8284	-16.4622	5.04722e-05	0.00130862	0.0333218	0.965319	0.373066
516	-18.0731	-16.4506	-14.8583	-13.3322	0.00687283	0.0348156	0.171111	0.7872	0.314199
517	-7.48932	-7.49456	-7.52138	-7.68114	0.263945	0.262564	0.255616	0.217874	0.104667
518	-4.09047	-4.09705	-4.13071	-4.33154	0.267395	0.26564	0.256849	0.210116	0.101816
519	-12.2631	-10.6431	-9.06369	-7.61425	0.00740567	0.0374206	0.181566	0.773607	0.309703
520	-14.1019	-14.1115	-14.1607	-14.4536	0.274967	0.272332	0.259261	0.19344	0.0956749
521	-20.6942	-20.706	-20.7663	-21.1244	0.280178	0.276891	0.260697	0.182234	0.0915371
522	-23.9577	-23.9655	-24.0052	-24.2417	0.270368	0.268275	0.257832	0.203525	0.0993906
523	-10.8298	-10.8381	-10.8808	-11.1352	0.271829	0.269569	0.258313	0.200289	0.0981996
524	-3.67614	-3.68551	-3.73336	-4.01861	0.274342	0.271785	0.259085	0.194788	0.0961725
525	-3.05244	-3.0626	-3.1145	-3.42386	0.276283	0.273491	0.259658	0.190568	0.094616
526	-12.7294	-11.1078	-9.52039	-8.02322	0.00707017	0.0357815	0.175012	0.782136	0.312524
527	-3.33338	-3.34503	-3.40452	-3.7592	0.279878	0.276638	0.260659	0.182825	0.0917575
528	-9.75464	-9.7635	-9.80875	-10.0786	0.273091	0.270683	0.258707	0.19752	0.0971795
529	-23.8372	-20.5852	-17.3647	-14.0982	5.66836e-05	0.00146485	0.0366805	0.961798	0.371937
530	-4.2527	-4.26171	-4.30777	-4.58236	0.273477	0.271023	0.258824	0.196676	0.0968682
531	-18.4801	-16.8585	-15.2706	-13.7707	0.00705162	0.0356905	0.174641	0.782617	0.312683
532	-3.51952	-3.52735	-3.56737	-3.80616	0.270544	0.268434	0.257903	0.203119	0.0992417
533	-3.05244	-3.0626	-3.1145	-3.42386	0.276283	0.273491	0.259658	0.190568	0.094616
534	-15.2482	-13.624	-12.0229	-10.4449	0.00652968	0.0331343	0.164284	0.796052	0.317126
535	-8.87766	-8.88429	-8.91821	-9.12052	0.267521	0.265751	0.25689	0.209838	0.101714
536	-7.24551	-7.25289	-7.29059	-7.51512	0.269378	0.267398	0.257505	0.205719	0.100198
537	-10.276	-10.2848	-10.3301	-10.6002	0.273108	0.270698	0.258712	0.197483	0.0971657
538	-20.4337	-18.8149	-17.2417	-15.8276	0.00766411	0.0386798	0.18653	0.767126	0.307559
539	-4.07902	-4.08781	-4.13278	-4.40124	0.272968	0.270577	0.258679	0.197776	0.0972742
544	-8.09461	-8.10079	-8.13242	-8.32107	0.266377	0.264734	0.256494	0.212395	0.102654
545	-34.7731	-31.473	-27.9911	-23.9011	1.86615e-05	0.000506002	0.0164552	0.98302	0.37874
546	-5.41034	-5.41655	-5.44825	-5.63745	0.266421	0.264774	0.256511	0.212294	0.102617
555	-7.18325	-7.19509	-7.25554	-7.61477	0.280267	0.27697	0.260724	0.182039	0.0914652
556	-20.2713	-18.6499	-17.063	-15.569	0.00709189	0.0358877	0.175438	0.781583	0.312342
557	-3.1635	-3.17451	-3.23075	-3.5657	0.278329	0.275282	0.260227	0.186161	0.0929889
558	-4.94711	-4.95418	-4.99032	-5.20547	0.268602	0.266709	0.257243	0.207446	0.100833
559	-3.98112	-3.99468	-4.06397	-4.47685	0.284403	0.280572	0.261789	0.173236	0.0882107
560	-15.177	-13.5573	-11.9796	-10.5399	0.00747559	0.0377616	0.182917	0.771845	0.30912
561	-4.95518	-4.95976	-4.98318	-5.12303	0.26224	0.261041	0.254999	0.22172	0.106079
562	-4.25654	-4.26569	-4.31245	-4.59121	0.273815	0.271321	0.258928	0.195936	0.0965955
563	-3.60632	-3.61507	-3.65975	-3.92624	0.272816	0.270441	0.258622	0.198122	0.0974012
564	-21.98	-20.3596	-18.7777	-17.3139	0.0073033	0.0369207	0.179572	0.776204	0.310562
565	-3.78357	-3.7916	-3.83262	-4.07721	0.271026	0.268859	0.258054	0.202062	0.0988523
566	-15.3058	-13.684	-12.0953	-10.5904	0.00701708	0.0355219	0.173969	0.783492	0.312973
567	-8.85371	-8.85958	-8.88956	-9.06813	0.265537	0.263983	0.256187	0.214293	0.103351
568	-5.10726	-5.11599	-5.16061	-5.42676	0.272786	0.270415	0.258616	0.198183	0.097424
569	-3.1635	-3.17451	-3.23075	-3.5657	0.278329	0.275282	0.260227	0.186161	0.0929889
570	-24.3639	-21.1119	-17.8918	-14.6275	5.68312e-05	0.00146857	0.0367604	0.961714	0.37191
571	-7.58511	-7.59599	-7.65155	-7.98235	0.278004	0.274997	0.260133	0.186866	0.0932492
572	-4.25654	-4.26569	-4.31245	-4.59121	0.273815	0.271321	0.258928	0.195936	0.0965955
573	-3.1635	-3.17451	-3.23075	-3.5657	0.278329	0.275282	0.260227	0.186161	0.0929889
574	-3.05484	-3.06515	-3.11784	-3.4319	0.276659	0.273821	0.259766	0.189754	0.0943156
575	-3.67991	-3.68941	-3.73799	-4.02757	0.274692	0.272093	0.259191	0.194025	0.0958911
576	-4.32964	-4.33424	-4.35775	-4.49812	0.262285	0.261081	0.255016	0.221618	0.106042
577	-4.45879	-4.46658	-4.50643	-4.74421	0.27046	0.26836	0.257877	0.203303	0.0993095
578	-3.05484	-3.06515	-3.11784	-3.4319	0.276659	0.273821	0.259766	0.189754	0.0943156
579	-5.14195	-5.152	-5.20332	-5.5093	0.276011	0.273252	0.259581	0.191156	0.094833
580	-7.61461	-7.62417	-7.67306	-7.96432	0.274831	0.272214	0.259228	0.193727	0.0957809
581	-3.60632	-3.61507	-3.65975	-3.92624	0.272816	0.270441	0.258622	0.198122	0.0974012
582	-4.07902	-4.08781	-4.13278	-4.40124	0.272968	0.270577	0.258679	0.197776	0.0972742
583	-4.97092	-4.97647	-5.00487	-5.17437	0.264761	0.263294	0.255923	0.216021	0.103986
584	-23.1373	-21.515	-19.9236	-18.4029	0.00690985	0.0349967	0.17184	0.786253	0.313886
585	-3.05484	-3.06515	-3.11784	-3.4319	0.276659	0.273821	0.259766	0.189754	0.0943156
586	-22.859	-21.238	-19.6532	-18.1715	0.00717791	0.036308	0.177119	0.779395	0.311618
587	-3.70636	-3.71848	-3.7804	-4.14832	0.28095	0.277564	0.260899	0.180587	0.0909283
588	-7.41682	-7.42328	-7.45632	-7.65331	0.267079	0.265357	0.256734	0.21083	0.102078
589	-23.5396	-20.2917	-17.0922	-13.9507	6.55347e-05	0.00168664	0.041356	0.956892	0.370365
590	-8.14797	-8.1556	-8.19456	-8.4269	0.270016	0.267965	0.257725	0.204293	0.0996738
591	-7.72645	-7.73638	-7.78711	-8.0893	0.275713	0.272989	0.259487	0.19181	0.0950741
592	-3.31674	-3.32725	-3.38092	-3.70093	0.277132	0.274236	0.259905	0.188727	0.0939369
593	-4.0565	-4.06244	-4.0928	-4.27399	0.265748	0.264174	0.256274	0.213804	0.103172
594	-4.93092	-4.93585	-4.96109	-5.11172	0.263161	0.261865	0.25534	0.219634	0.105313
595	-7.61373	-7.62063	-7.65591	-7.86605	0.268182	0.266337	0.257105	0.208376	0.101176
596	-18.1834	-16.5601	-14.9635	-13.4118	0.00670233	0.0339804	0.167725	0.791592	0.315651
597	-29.2067	-27.5859	-26.002	-24.526	0.00721744	0.0365014	0.177898	0.778383	0.311283
598	-19.0279	-17.409	-15.8347	-14.4155	0.00762545	0.0384922	0.185806	0.768076	0.307873
599	-27.1082	-25.4839	-23.8826	-22.3024	0.00651643	0.0330689	0.164008	0.796406	0.317243
600	-19.9521	-19.9571	-19.9821	-20.1319	0.263087	0.261799	0.255312	0.219801	0.105375
601	-15.3194	-13.6932	-12.0821	-10.4434	0.00614781	0.0312586	0.156566	0.806027	0.320422
602	-4.77826	-4.78483	-4.81842	-5.01894	0.267367	0.265616	0.256842	0.210175	0.101838
603	-3.46594	-3.47481	-3.52017	-3.79061	0.273138	0.270725	0.258722	0.197415	0.0971407
604	-7.72645	-7.73638	-7.78711	-8.0893	0.275713	0.272989	0.259487	0.19181	0.0950741
605	-14.9255	-14.9303	-14.9547	-15.1002	0.262735	0.261482	0.255173	0.22061	0.105671
606	-4.51724	-4.52488	-4.56393	-4.79687	0.270063	0.268008	0.257744	0.204185	0.0996339
607	-12.8478	-12.8565	-12.9007	-13.1643	0.272586	0.270235	0.25854	0.198639	0.0975914
608	-26.7565	-26.7622	-26.7912	-26.9644	0.265074	0.263573	0.25603	0.215322	0.103729
609	-15.5077	-15.5167	-15.5627	-15.8368	0.273448	0.270995	0.258805	0.196752	0.0968958
610	-8.98373	-8.99309	-9.04089	-9.32594	0.274324	0.271769	0.259082	0.194824	0.096186
611	-14.513	-14.52	-14.5559	-14.7702	0.268516	0.266636	0.257231	0.207618	0.100897
612	-16.2753	-16.28	-16.3042	-16.4483	0.262605	0.261367	0.255131	0.220897	0.105777
613	-11.6767	-11.6827	-11.7132	-11.8949	0.265806	0.264224	0.256283	0.213687	0.103128
614	-9.28812	-9.29381	-9.32288	-9.49641	0.265102	0.263598	0.256045	0.215255	0.103705
615	-13.5034	-11.8812	-10.2907	-8.77468	0.00694184	0.0351533	0.172473	0.785432	0.313614
616	-9.63679	-9.64272	-9.67305	-9.85413	0.265737	0.264164	0.256272	0.213827	0.10318
617	-19.5151	-17.8947	-16.313	-14.8494	0.00730562	0.036932	0.179616	0.776147	0.310543
618	-8.32298	-8.33002	-8.36599	-8.58042	0.268535	0.266651	0.257229	0.207585	0.100885
619	-4.51724	-4.52488	-4.56393	-4.79687	0.270063	0.268008	0.257744	0.204185	0.0996339
620	-8.9805	-8.99016	-9.03952	-9.33356	0.275057	0.272413	0.259293	0.193237	0.0956002
621	-8.28681	-8.29447	-8.33365	-8.56731	0.270124	0.268061	0.257763	0.204053	0.0995853
622	-3.67593	-3.6867	-3.74173	-4.06877	0.277721	0.274745	0.260035	0.187499	0.0934818
623	-12.5593	-10.941	-9.37019	-7.97172	0.00777799	0.0392359	0.188748	0.764239	0.306603
624	-16.6075	-16.6148	-16.6524	-16.8766	0.269338	0.267365	0.257506	0.205791	0.100225
625	-3.41109	-3.42225	-3.47927	-3.81903	0.278706	0.275613	0.260337	0.185344	0.0926875
626	-7.62128	-7.62629	-7.65192	-7.80488	0.263359	0.262042	0.255412	0.219186	0.105149
627	-3.1415	-3.15128	-3.20126	-3.49896	0.275353	0.272672	0.259379	0.192595	0.0953635
628	-12.6113	-12.6187	-12.6565	-12.8824	0.269478	0.267489	0.25755	0.205483	0.100112
629	-14.1869	-14.1913	-14.2141	-14.35	0.261904	0.260741	0.254872	0.222483	0.106359
630	-5.82117	-5.82645	-5.85345	-6.01462	0.264056	0.262665	0.255668	0.217612	0.104571
631	-7.6002	-7.60925	-7.6555	-7.93129	0.273573	0.271109	0.258855	0.196463	0.0967898
632	-8.34035	-8.34863	-8.39095	-8.6434	0.271668	0.269427	0.258263	0.200642	0.0983297
633	-4.07878	-4.0866	-4.12656	-4.36513	0.270522	0.268415	0.257901	0.203161	0.0992576
634	-3.31674	-3.32725	-3.38092	-3.70093	0.277132	0.274236	0.259905	0.188727	0.0939369
635	-25.2375	-25.2473	-25.2972	-25.5946	0.275328	0.27265	0.259372	0.19265	0.0953837
636	-3.31674	-3.32725	-3.38092	-3.70093	0.277132	0.274236	0.259905	0.188727	0.0939369
637	-3.03716	-3.04633	-3.09315	-3.37227	0.273846	0.271348	0.258935	0.195871	0.0965715
638	-14.5191	-12.8983	-11.3147	-9.83951	0.00722384	0.0365323	0.178015	0.778229	0.311232
639	-19.2098	-19.2153	-19.2434	-19.4114	0.264634	0.26318	0.255874	0.216312	0.104093
640	-31.1542	-27.8983	-24.6581	-21.274	4.94375e-05	0.00128253	0.0327541	0.965914	0.373257
641	-22.3119	-20.6865	-19.0791	-17.4629	0.00628735	0.0319445	0.159399	0.802369	0.319214
642	-14.2575	-12.6371	-11.0556	-9.59345	0.00731535	0.0369794	0.179803	0.775903	0.310463
643	-4.40344	-4.41182	-4.45462	-4.70952	0.27188	0.269612	0.258315	0.200194	0.0981638
644	-4.05781	-4.06804	-4.12035	-4.43225	0.276483	0.273668	0.25972	0.190129	0.0944544
645	-3.1415	-3.15128	-3.20126	-3.49896	0.275353	0.272672	0.259379	0.192595	0.0953636
646	-4.40344	-4.41182	-4.45462	-4.70952	0.27188	0.269612	0.258315	0.200194	0.0981638
647	-3.03716	-3.04633	-3.09315	-3.37227	0.273846	0.271348	0.258935	0.195871	0.0965716
648	-4.45572	-4.46041	-4.48438	-4.62741	0.262514	0.261286	0.255099	0.2211	0.105851
649	-3.65214	-3.66058	-3.70375	-3.96112	0.272074	0.269785	0.258386	0.199755	0.0980027
650	-3.96022	-3.97228	-4.03385	-4.40082	0.280844	0.27748	0.260909	0.180767	0.0909967
651	-3.49754	-3.5046	-3.5407	-3.75614	0.268612	0.266722	0.257264	0.207403	0.100818
652	-4.05781	-4.06804	-4.12035	-4.43225	0.276483	0.273668	0.25972	0.190129	0.0944544
653	-4.14295	-4.15016	-4.18699	-4.40677	0.268972	0.267041	0.257385	0.206602	0.100524
654	-8.02677	-8.03647	-8.08602	-8.38111	0.275145	0.272489	0.259315	0.193051	0.0955313
655	-3.96022	-3.97228	-4.03385	-4.40082	0.280844	0.27748	0.260909	0.180767	0.0909967
656	-3.31674	-3.32724	-3.38092	-3.70093	0.277132	0.274236	0.259905	0.188727	0.0939369
657	-4.60508	-4.61487	-4.66491	-4.96301	0.275384	0.2727	0.25939	0.192527	0.0953383
658	-5.20692	-5.21155	-5.23527	-5.37687	0.26239	0.261175	0.255055	0.22138	0.105954
659	-4.90082	-4.90489	-4.9257	-5.04998	0.260906	0.259846	0.254495	0.224753	0.107192
660	-33.1723	-29.9146	-26.6652	-23.2309	4.65755e-05	0.00121049	0.0312002	0.967543	0.373779
661	-3.41109	-3.42225	-3.47927	-3.81903	0.278706	0.275613	0.260337	0.185344	0.0926875
662	-4.53799	-4.54534	-4.5829	-4.80698	0.26933	0.267358	0.257502	0.205809	0.100232
663	-17.6356	-16.0088	-14.3952	-12.7548	0.00612156	0.0311426	0.156367	0.806369	0.320539
664	-6.9695	-6.97989	-7.03301	-7.34882	0.276821	0.273957	0.259787	0.189435	0.0941967
665	-9.49746	-9.50506	-9.54392	-9.77542	0.269952	0.267907	0.257698	0.204442	0.0997282
666	-3.41109	-3.42225	-3.47927	-3.81903	0.278706	0.275613	0.260337	0.185344	0.0926875
667	-3.76439	-3.77152	-3.80797	-4.02535	0.268777	0.266867	0.257315	0.207041	0.100685
668	-18.3952	-18.3999	-18.4239	-18.5674	0.26255	0.261318	0.255112	0.221019	0.105822
669	-3.1415	-3.15128	-3.20126	-3.49896	0.275353	0.272672	0.259379	0.192595	0.0953636
670	-7.06797	-7.07499	-7.11086	-7.32465	0.268482	0.266604	0.257211	0.207703	0.100928
671	-12.6953	-12.7061	-12.7612	-13.0895	0.277799	0.274818	0.260076	0.187307	0.0934119
672	-8.60526	-8.61461	-8.66236	-8.94703	0.274296	0.271744	0.259071	0.194889	0.0962097
673	-4.14295	-4.15016	-4.18699	-4.40677	0.268972	0.267041	0.257385	0.206602	0.100524
674	-3.46594	-3.47481	-3.52017	-3.79061	0.273138	0.270725	0.258722	0.197415	0.0971408
675	-3.65214	-3.66058	-3.70375	-3.96112	0.272074	0.269785	0.258386	0.199755	0.0980027
676	-13.8168	-13.8222	-13.8496	-14.013	0.264251	0.262836	0.255723	0.21719	0.104415
677	-5.10632	-5.10904	-5.12296	-5.2061	0.257346	0.256647	0.253099	0.232908	0.110182
678	-4.40344	-4.41182	-4.45462	-4.70952	0.27188	0.269612	0.258315	0.200194	0.0981638
679	-12.0883	-12.0957	-12.1332	-12.3567	0.269294	0.267324	0.257482	0.2059	0.100265
680	-10.4036	-10.4096	-10.44	-10.6218	0.265793	0.264215	0.256291	0.213701	0.103134
681	-3.76439	-3.77152	-3.80797	-4.02535	0.268777	0.266867	0.257315	0.207041	0.100685
682	-4.40344	-4.41182	-4.45462	-4.70952	0.27188	0.269612	0.258315	0.200194	0.0981638
683	-4.02553	-4.03223	-4.06648	-4.27092	0.267694	0.265907	0.256955	0.209445	0.101569
684	-3.92766	-3.93298	-3.96015	-4.12207	0.264128	0.262727	0.255684	0.217462	0.104515
685	-4.46359	-4.47278	-4.51969	-4.79888	0.273865	0.271362	0.258924	0.195849	0.0965627
686	-4.07878	-4.0866	-4.12656	-4.36513	0.270522	0.268415	0.257901	0.203161	0.0992576
687	-8.52254	-8.52919	-8.56316	-8.76589	0.267553	0.265781	0.256904	0.209761	0.101686
688	-3.31674	-3.32724	-3.38092	-3.70093	0.277132	0.274236	0.259905	0.188727	0.0939369
689	-8.32947	-8.33764	-8.3794	-8.62814	0.271374	0.269165	0.258155	0.201305	0.0985731
690	-13.2732	-13.2792	-13.3096	-13.4913	0.265789	0.264211	0.256287	0.213713	0.103138
691	-5.20692	-5.21155	-5.23527	-5.37687	0.26239	0.261175	0.255055	0.22138	0.105954
692	-3.41109	-3.42225	-3.47927	-3.81903	0.278706	0.275613	0.260337	0.185344	0.0926875
693	-3.58011	-3.58788	-3.62759	-3.86442	0.270386	0.268293	0.257848	0.203473	0.099372
694	-13.2452	-13.2527	-13.291	-13.519	0.269666	0.267653	0.257599	0.205082	0.0999634
695	-4.6773	-4.68473	-4.72274	-4.94954	0.269553	0.267556	0.25758	0.205311	0.100049
696	-3.65214	-3.66058	-3.70375	-3.96112	0.272074	0.269785	0.258386	0.199755	0.0980027
697	-10.2738	-10.2767	-10.2916	-10.3806	0.257852	0.257102	0.253301	0.231745	0.109756
698	-3.1415	-3.15128	-3.20126	-3.49896	0.275353	0.272672	0.259379	0.192595	0.0953636
699	-7.36762	-7.3758	-7.41761	-7.66679	0.271405	0.269194	0.258172	0.201228	0.0985453
700	-4.40344	-4.41182	-4.45462	-4.70952	0.27188	0.269612	0.258315	0.200194	0.0981638
701	-8.71157	-8.72228	-8.77701	-9.10227	0.277579	0.274621	0.259995	0.187805	0.0935948
702	-9.23322	-9.23784	-9.26146	-9.40245	0.262339	0.26113	0.255034	0.221497	0.105997
703	-3.41109	-3.42225	-3.47927	-3.81903	0.278706	0.275613	0.260337	0.185344	0.0926875
704	-3.31674	-3.32724	-3.38092	-3.70093	0.277132	0.274236	0.259905	0.188727	0.0939369
705	-8.04914	-8.05809	-8.10383	-8.37571	0.273279	0.270843	0.258736	0.197143	0.097039
706	-4.29492	-4.29901	-4.3199	-4.44464	0.260946	0.259882	0.25451	0.224662	0.107158
707	-7.09567	-7.10585	-7.15788	-7.4679	0.276339	0.273539	0.259671	0.190451	0.0945728
708	-3.92396	-3.9295	-3.95784	-4.127	0.264732	0.263268	0.255913	0.216087	0.10401
709	-4.22812	-4.23625	-4.2778	-4.52555	0.271285	0.269088	0.258137	0.20149	0.0986417
710	-3.92766	-3.93298	-3.96015	-4.12207	0.264128	0.262727	0.255684	0.217462	0.104515
711	-3.03716	-3.04633	-3.09315	-3.37227	0.273846	0.271348	0.258935	0.195871	0.0965715
712	-4.0565	-4.06244	-4.0928	-4.27399	0.265748	0.264174	0.256274	0.213804	0.103172
713	-7.19288	-7.19965	-7.23422	-7.44013	0.26783	0.266024	0.256985	0.209161	0.101464
714	-4.07878	-4.0866	-4.12656	-4.36513	0.270522	0.268415	0.257901	0.203161	0.0992576
715	-15.3284	-13.7049	-12.1079	-10.5534	0.00668357	0.0338889	0.167363	0.792065	0.315808
716	-5.10811	-5.11703	-5.16264	-5.43459	0.273262	0.270834	0.258758	0.197147	0.097042
717	-10.6638	-10.6739	-10.7256	-11.0328	0.276138	0.273357	0.259585	0.190921	0.0947446
718	-3.31674	-3.32725	-3.38092	-3.70093	0.277132	0.274236	0.259905	0.188727	0.0939369
719	-3.65214	-3.66059	-3.70375	-3.96112	0.272074	0.269785	0.258386	0.199755	0.0980026
720	-3.58011	-3.58788	-3.62759	-3.86443	0.270386	0.268293	0.257848	0.203473	0.0993719
721	-7.23976	-7.24503	-7.27192	-7.43198	0.263976	0.26259	0.255621	0.217813	0.104644
722	-7.75559	-7.76246	-7.79761	-8.00732	0.268136	0.266298	0.257103	0.208463	0.101208
723	-3.76439	-3.77152	-3.80797	-4.02535	0.268777	0.266867	0.257315	0.207041	0.100685
724	-3.31674	-3.32725	-3.38092	-3.70093	0.277132	0.274236	0.259905	0.188727	0.0939369
725	-3.03716	-3.04633	-3.09315	-3.37227	0.273846	0.271348	0.258935	0.195871	0.0965715
726	-9.67694	-9.68339	-9.71634	-9.91258	0.267022	0.265306	0.256707	0.210965	0.102128
727	-14.8031	-14.8073	-14.8292	-14.9599	0.261456	0.260338	0.2547	0.223505	0.106734
728	-7.61624	-7.62347	-7.66043	-7.88087	0.26903	0.267091	0.257401	0.206478	0.100478
729	-17.9151	-16.2919	-14.6957	-13.1463	0.00671779	0.0340565	0.168042	0.791184	0.315516
730	-20.2689	-18.6434	-17.0358	-15.4181	0.0062782	0.0318995	0.159214	0.802609	0.319293
731	-4.14295	-4.15016	-4.18699	-4.40677	0.268972	0.267041	0.257385	0.206602	0.100524
732	-10.871	-10.8799	-10.9252	-11.195	0.273094	0.270685	0.258705	0.197516	0.0971778
733	-3.65214	-3.66059	-3.70375	-3.96112	0.272074	0.269785	0.258386	0.199755	0.0980026
734	-3.92766	-3.93298	-3.96015	-4.12207	0.264128	0.262727	0.255684	0.217462	0.104515
735	-4.63824	-4.64266	-4.66526	-4.80025	0.261824	0.260669	0.254843	0.222664	0.106425
736	-4.0565	-4.06244	-4.0928	-4.27399	0.265748	0.264174	0.256274	0.213804	0.103172
737	-3.65214	-3.66059	-3.70375	-3.96112	0.272074	0.269785	0.258386	0.199755	0.0980026
738	-14.6137	-14.6191	-14.647	-14.8132	0.264482	0.263045	0.255819	0.216654	0.104219
