Sites	Ll_YN98.omega=0.0738848	Ll_YN98.omega=1	Ll_YN98.omega=1.001	Pr_YN98.omega=0.0738848	Pr_YN98.omega=1	Pr_YN98.omega=1.001	mean
74	-21.1416	-18.5548	-inf	0.567698	0.432302	0	0.474246
297	-11.0155	-9.01714	-inf	0.702852	0.297148	0	0.349078
320	-4.13828	-4.90429	-inf	0.97405	0.0259499	0	0.0979174
321	-5.16191	-5.92075	-inf	0.973868	0.026132	0	0.098086
322	-7.09768	-7.96418	-inf	0.976472	0.0235275	0	0.095674
323	-7.8038	-8.46975	-inf	0.971397	0.0286028	0	0.100374
324	-4.70214	-5.13422	-inf	0.964131	0.0358688	0	0.107103
325	-22.3766	-18.081	-inf	0.192126	0.807874	0	0.82207
326	-10.5626	-9.05548	-inf	0.79449	0.20551	0	0.26421
327	-4.9898	-5.60289	-inf	0.969891	0.0301086	0	0.101769
328	-3.66122	-4.42034	-inf	0.973875	0.0261248	0	0.0980794
329	-17.3742	-15.3038	-inf	0.687579	0.312421	0	0.363223
330	-4.44321	-4.95924	-inf	0.966924	0.0330762	0	0.104517
331	-4.13675	-4.71773	-inf	0.968939	0.0310608	0	0.102651
332	-9.60916	-10.3158	-inf	0.972505	0.0274949	0	0.0993482
333	-16.2486	-14.4223	-inf	0.737495	0.262505	0	0.316994
334	-11.1749	-11.853	-inf	0.97173	0.0282699	0	0.100066
335	-20.3563	-15.7951	-inf	0.154208	0.845792	0	0.857185
336	-7.76696	-8.43616	-inf	0.971487	0.0285127	0	0.100291
337	-3.12257	-4.01721	-inf	0.97711	0.0228897	0	0.0950832
338	-3.12257	-4.01721	-inf	0.97711	0.0228897	0	0.0950832
339	-16.1433	-14.3501	-inf	0.743854	0.256146	0	0.311106
340	-4.44321	-4.95924	-inf	0.966924	0.0330762	0	0.104517
341	-5.14866	-6.32116	-inf	0.982567	0.0174334	0	0.0900301
342	-9.36508	-10.311	-inf	0.97823	0.0217696	0	0.0940459
343	-8.94959	-9.734	-inf	0.974511	0.0254892	0	0.0974907
344	-9.09355	-9.62889	-inf	0.967536	0.0324642	0	0.10395
345	-3.23544	-4.18784	-inf	0.978367	0.0216328	0	0.0939193
346	-14.8892	-15.7382	-inf	0.976067	0.023933	0	0.0960495
347	-4.49655	-5.31313	-inf	0.975298	0.0247021	0	0.0967618
348	-8.59953	-9.32477	-inf	0.972999	0.0270008	0	0.0988906
349	-19.1041	-19.5662	-inf	0.965155	0.0348451	0	0.106155
350	-3.23544	-4.18784	-inf	0.978367	0.0216328	0	0.0939193
351	-4.31385	-5.10772	-inf	0.974745	0.025255	0	0.0972738
352	-4.70214	-5.13422	-inf	0.964131	0.0358688	0	0.107103
353	-17.8891	-13.5094	-inf	0.179393	0.820607	0	0.833861
367	-3.5411	-4.39466	-inf	0.976173	0.0238266	0	0.095951
368	-19.8504	-20.4248	-inf	0.96874	0.0312604	0	0.102836
369	-4.09965	-4.74564	-inf	0.970837	0.029163	0	0.100893
370	-4.15045	-5.13254	-inf	0.978987	0.0210131	0	0.0933454
371	-3.40985	-4.41915	-inf	0.979539	0.0204607	0	0.0928338
372	-4.13736	-4.8919	-inf	0.973758	0.0262417	0	0.0981876
373	-4.61335	-5.32038	-inf	0.972517	0.0274833	0	0.0993374
374	-8.27471	-8.77297	-inf	0.966351	0.0336493	0	0.105048
375	-4.69722	-5.7928	-inf	0.981199	0.0188012	0	0.0912968
376	-9.35827	-10.2309	-inf	0.976613	0.0233868	0	0.0955436
377	-4.15045	-5.13254	-inf	0.978987	0.0210131	0	0.0933454
378	-10.8017	-11.3626	-inf	0.968331	0.0316691	0	0.103214
379	-24.2672	-19.6786	-inf	0.150673	0.849327	0	0.86046
380	-10.7404	-9.07042	-inf	0.766624	0.233376	0	0.290018
381	-11.7962	-12.3081	-inf	0.966791	0.0332087	0	0.10464
382	-3.23137	-4.16941	-inf	0.978061	0.0219387	0	0.0942026
383	-4.55716	-5.43566	-inf	0.976747	0.0232532	0	0.0954199
384	-5.97115	-6.67185	-inf	0.972347	0.0276532	0	0.0994948
385	-5.15762	-5.90507	-inf	0.973577	0.0264235	0	0.0983559
386	-9.94167	-10.5984	-inf	0.971139	0.028861	0	0.100613
387	-5.14277	-6.2975	-inf	0.98226	0.0177404	0	0.0903145
388	-7.9474	-9.0778	-inf	0.98183	0.0181695	0	0.0907118
389	-3.51236	-4.58229	-inf	0.98072	0.0192802	0	0.0917404
499	-31.9653	-22.0259	-inf	0.000840936	0.999159	0	0.999221
500	-3.73537	-4.54652	-inf	0.975167	0.0248332	0	0.0968832
501	-4.09965	-4.74564	-inf	0.970837	0.0291629	0	0.100893
502	-4.22634	-4.92001	-inf	0.972157	0.0278426	0	0.0996702
503	-5.14277	-6.29751	-inf	0.98226	0.0177404	0	0.0903144
504	-16.5838	-14.6236	-inf	0.71075	0.28925	0	0.341763
505	-5.16877	-5.43116	-inf	0.957778	0.0422222	0	0.112987
506	-3.65686	-4.40458	-inf	0.973584	0.0264165	0	0.0983495
507	-12.231	-12.9375	-inf	0.972503	0.0274972	0	0.0993503
508	-3.40985	-4.41915	-inf	0.979539	0.0204607	0	0.0928337
509	-3.11916	-4.00034	-inf	0.976807	0.0231925	0	0.0953637
510	-8.55077	-9.67929	-inf	0.981797	0.018203	0	0.0907429
511	-14.4728	-15.1607	-inf	0.972	0.0279998	0	0.0998158
512	-9.31748	-7.63713	-inf	0.764754	0.235246	0	0.291749
513	-4.13083	-4.7031	-inf	0.968676	0.0313239	0	0.102894
514	-16.5229	-17.018	-inf	0.96625	0.0337502	0	0.105141
515	-19.6432	-14.8677	-inf	0.128286	0.871714	0	0.881192
516	-14.7887	-12.8457	-inf	0.714294	0.285706	0	0.338481
517	-7.52809	-7.98093	-inf	0.964842	0.0351581	0	0.106445
518	-4.13083	-4.7031	-inf	0.968676	0.0313238	0	0.102894
519	-8.96885	-7.24734	-inf	0.75727	0.24273	0	0.298681
520	-14.1908	-15.0231	-inf	0.975674	0.024326	0	0.0964134
521	-20.8054	-21.8204	-inf	0.979653	0.0203466	0	0.0927281
522	-24.0534	-24.7267	-inf	0.971602	0.0283981	0	0.100185
523	-10.9096	-11.6345	-inf	0.972992	0.0270081	0	0.0988974
524	-3.73538	-4.54654	-inf	0.975167	0.024833	0	0.096883
525	-3.11916	-4.00035	-inf	0.976808	0.0231923	0	0.0953635
526	-9.42236	-7.56467	-inf	0.731369	0.268631	0	0.322668
527	-3.40985	-4.41916	-inf	0.97954	0.0204604	0	0.0928335
528	-9.83773	-10.6065	-inf	0.97412	0.0258802	0	0.0978528
529	-17.1825	-12.6914	-inf	0.163571	0.836429	0	0.848514
530	-4.30915	-5.09111	-inf	0.97445	0.0255502	0	0.0975472
531	-15.1991	-13.3322	-inf	0.72954	0.27046	0	0.324362
532	-3.56817	-4.24856	-inf	0.971795	0.0282046	0	0.100005
533	-3.11916	-4.00035	-inf	0.976808	0.0231923	0	0.0953635
534	-11.9396	-9.85225	-inf	0.683944	0.316056	0	0.366589
535	-8.92997	-9.50626	-inf	0.968798	0.0312022	0	0.102782
536	-7.30136	-7.94036	-inf	0.970639	0.0293613	0	0.101077
537	-10.3591	-11.1285	-inf	0.974135	0.0258652	0	0.0978389
538	-17.1694	-15.5438	-inf	0.774462	0.225538	0	0.282759
539	-4.13828	-4.9043	-inf	0.97405	0.0259498	0	0.0979172
544	-8.14336	-8.68092	-inf	0.967605	0.0323947	0	0.103886
545	-27.7899	-21.8635	-inf	0.0444809	0.955519	0	0.958806
546	-5.45192	-5.98887	-inf	0.967586	0.0324136	0	0.103903
555	-7.27161	-8.2905	-inf	0.979731	0.0202694	0	0.0926566
556	-16.9916	-15.1421	-inf	0.732965	0.267035	0	0.32119
557	-3.23545	-4.18785	-inf	0.978367	0.0216326	0	0.0939191
558	-4.9898	-5.6029	-inf	0.969892	0.0301084	0	0.101769
559	-4.0704	-5.24562	-inf	0.982613	0.0173869	0	0.0899871
560	-11.8964	-10.201	-inf	0.762026	0.237974	0	0.294276
561	-4.98033	-5.37798	-inf	0.962921	0.037079	0	0.108224
562	-4.31385	-5.10773	-inf	0.974745	0.0252548	0	0.0972737
563	-3.66122	-4.42035	-inf	0.973875	0.0261246	0	0.0980792
564	-18.7096	-16.9464	-inf	0.749523	0.250477	0	0.305855
565	-3.83555	-4.53047	-inf	0.972191	0.027809	0	0.0996391
566	-12.0128	-10.1333	-inf	0.72706	0.27294	0	0.326659
567	-8.89971	-9.40664	-inf	0.966631	0.0333687	0	0.104788
568	-5.16191	-5.92076	-inf	0.973868	0.0261318	0	0.0980858
569	-3.23545	-4.18785	-inf	0.978367	0.0216326	0	0.0939191
570	-17.7098	-13.2259	-inf	0.16456	0.83544	0	0.847598
571	-7.6677	-8.6077	-inf	0.978103	0.0218967	0	0.0941636
572	-4.31385	-5.10773	-inf	0.974745	0.0252548	0	0.0972737
573	-3.23545	-4.18785	-inf	0.978367	0.0216326	0	0.0939191
574	-3.12257	-4.01722	-inf	0.977111	0.0228895	0	0.0950831
575	-3.74004	-4.56358	-inf	0.975465	0.0245349	0	0.0966069
576	-4.35551	-4.75624	-inf	0.963031	0.0369691	0	0.108122
577	-4.50743	-5.18522	-inf	0.971724	0.0282758	0	0.100071
578	-3.12257	-4.01722	-inf	0.977111	0.0228895	0	0.0950831
579	-5.2042	-6.07456	-inf	0.976561	0.023439	0	0.095592
580	-7.68811	-8.51613	-inf	0.975572	0.0244279	0	0.0965079
581	-3.66122	-4.42035	-inf	0.973875	0.0261246	0	0.0980792
582	-4.13828	-4.9043	-inf	0.97405	0.0259498	0	0.0979172
583	-5.00281	-5.48651	-inf	0.965874	0.0341261	0	0.105489
584	-19.8488	-17.9222	-inf	0.717617	0.282383	0	0.335404
585	-3.12257	-4.01722	-inf	0.977111	0.0228895	0	0.0950831
586	-19.593	-17.7795	-inf	0.739963	0.260037	0	0.314709
587	-3.78502	-4.82817	-inf	0.980207	0.0197932	0	0.0922156
588	-7.46884	-8.02981	-inf	0.968331	0.0316686	0	0.103214
589	-16.9144	-12.778	-inf	0.218047	0.781953	0	0.798063
590	-8.20726	-8.86733	-inf	0.971233	0.0287669	0	0.100526
591	-7.80278	-8.66041	-inf	0.976268	0.0237322	0	0.0958635
592	-3.38572	-4.29664	-inf	0.977472	0.0225284	0	0.0947487
593	-4.09291	-4.60931	-inf	0.966936	0.0330642	0	0.104506
594	-4.95926	-5.38917	-inf	0.964056	0.0359439	0	0.107173
595	-7.6699	-8.26593	-inf	0.969389	0.0306109	0	0.102234
596	-14.8936	-12.8782	-inf	0.699299	0.300701	0	0.352368
597	-25.9406	-24.1432	-inf	0.743054	0.256946	0	0.311846
598	-15.7511	-14.1117	-inf	0.772031	0.227969	0	0.285011
599	-23.8329	-21.7377	-inf	0.682244	0.317756	0	0.368163
600	-20.0317	-20.459	-inf	0.963967	0.0360328	0	0.107255
601	-11.9961	-9.73634	-inf	0.645538	0.354462	0	0.402157
602	-4.81921	-5.39004	-inf	0.968632	0.0313678	0	0.102935
603	-3.52277	-4.29311	-inf	0.974159	0.0258409	0	0.0978164
604	-7.80278	-8.66041	-inf	0.976268	0.0237322	0	0.0958635
605	-14.9788	-15.3937	-inf	0.963531	0.0364694	0	0.10766
606	-4.5654	-5.22935	-inf	0.971341	0.0286585	0	0.100426
607	-12.9412	-13.6914	-inf	0.973648	0.0263522	0	0.0982899
608	-26.8367	-27.3295	-inf	0.966173	0.0338273	0	0.105213
609	-15.5868	-16.3664	-inf	0.974391	0.0256091	0	0.0976018
610	-9.05934	-9.87067	-inf	0.975171	0.0248291	0	0.0968793
611	-14.6112	-15.2218	-inf	0.969819	0.0301814	0	0.101836
612	-16.323	-16.7325	-inf	0.963343	0.0366566	0	0.107833
613	-11.7374	-12.2544	-inf	0.966953	0.0330473	0	0.10449
614	-9.33524	-9.83035	-inf	0.966248	0.0337519	0	0.105143
615	-10.1927	-8.27937	-inf	0.720302	0.279698	0	0.332917
616	-9.68435	-10.2005	-inf	0.966926	0.033074	0	0.104515
617	-16.2572	-14.4946	-inf	0.749642	0.250358	0	0.305745
618	-8.38008	-8.98887	-inf	0.969765	0.0302348	0	0.101886
619	-4.5654	-5.22935	-inf	0.971341	0.0286585	0	0.100426
620	-9.052	-9.88854	-inf	0.975774	0.0242256	0	0.0963205
621	-8.34647	-9.01221	-inf	0.971391	0.0286087	0	0.10038
622	-3.74583	-4.67348	-inf	0.977837	0.0221627	0	0.09441
623	-9.27623	-7.69888	-inf	0.782778	0.217222	0	0.275057
624	-16.6921	-17.3314	-inf	0.970648	0.0293517	0	0.101068
625	-3.48406	-4.4498	-inf	0.978648	0.0213523	0	0.0936594
626	-7.66228	-8.0986	-inf	0.964277	0.0357226	0	0.106968
627	-3.20543	-4.05217	-inf	0.976014	0.0239858	0	0.0960984
628	-12.6808	-13.3244	-inf	0.970769	0.0292307	0	0.100956
629	-14.2514	-14.6391	-inf	0.962566	0.0374339	0	0.108553
630	-5.85078	-6.31035	-inf	0.96507	0.0349302	0	0.106234
631	-7.66993	-8.4547	-inf	0.97452	0.02548	0	0.0974822
632	-8.40509	-9.12302	-inf	0.972807	0.0271934	0	0.099069
633	-4.13144	-4.81228	-inf	0.971808	0.0281919	0	0.0999938
634	-3.38572	-4.29664	-inf	0.977472	0.0225284	0	0.0947487
635	-25.3476	-26.1913	-inf	0.975942	0.0240576	0	0.0961649
636	-3.38572	-4.29664	-inf	0.977472	0.0225284	0	0.0947487
637	-3.09735	-3.89267	-inf	0.97478	0.0252196	0	0.097241
638	-11.2335	-9.43607	-inf	0.743041	0.256959	0	0.311859
639	-19.2909	-19.7701	-inf	0.965724	0.0342758	0	0.105628
640	-24.4711	-19.645	-inf	0.122723	0.877277	0	0.886344
641	-19.0048	-16.809	-inf	0.660046	0.339954	0	0.388721
642	-10.9603	-9.20117	-inf	0.750292	0.249708	0	0.305143
643	-4.4549	-5.18091	-inf	0.973019	0.0269807	0	0.098872
644	-4.12468	-5.01105	-inf	0.976925	0.0230755	0	0.0952553
645	-3.20543	-4.05217	-inf	0.976014	0.0239858	0	0.0960984
646	-4.4549	-5.18091	-inf	0.973019	0.0269807	0	0.098872
647	-3.09735	-3.89266	-inf	0.97478	0.0252196	0	0.0972411
648	-4.47967	-4.88636	-inf	0.963243	0.0367575	0	0.107926
649	-3.70557	-4.43766	-inf	0.973179	0.0268214	0	0.0987245
650	-4.03957	-5.08434	-inf	0.980238	0.0197618	0	0.0921864
651	-3.54142	-4.1554	-inf	0.969917	0.030083	0	0.101745
652	-4.12468	-5.01105	-inf	0.976925	0.0230755	0	0.0952553
653	-4.1879	-4.81386	-inf	0.970265	0.0297351	0	0.101423
654	-8.10169	-8.9406	-inf	0.97583	0.0241697	0	0.0962687
655	-4.03957	-5.08434	-inf	0.980238	0.0197618	0	0.0921864
656	-3.38572	-4.29664	-inf	0.977472	0.0225284	0	0.0947487
657	-4.66589	-5.51396	-inf	0.976045	0.0239546	0	0.0960695
658	-5.23394	-5.63821	-inf	0.963157	0.0368433	0	0.108006
659	-4.92317	-5.27658	-inf	0.961309	0.0386909	0	0.109717
660	-26.4899	-21.5351	-inf	0.109534	0.890466	0	0.898559
661	-3.48406	-4.44979	-inf	0.978648	0.0213523	0	0.0936595
662	-4.58324	-5.2213	-inf	0.970612	0.0293881	0	0.101102
663	-14.3227	-12.0988	-inf	0.653701	0.346299	0	0.394598
664	-7.04835	-7.9449	-inf	0.977153	0.022847	0	0.0950437
665	-9.56085	-10.2179	-inf	0.971149	0.0288513	0	0.100604
666	-3.48406	-4.44979	-inf	0.978648	0.0213523	0	0.0936595
667	-3.81058	-4.42831	-inf	0.970026	0.0299737	0	0.101644
668	-18.4583	-18.8663	-inf	0.963289	0.036711	0	0.107883
669	-3.20543	-4.05217	-inf	0.976014	0.0239858	0	0.0960984
670	-7.12404	-7.73199	-inf	0.969741	0.0302593	0	0.101908
671	-12.7889	-13.7205	-inf	0.977923	0.0220771	0	0.0943307
672	-8.67641	-9.48545	-inf	0.975116	0.0248842	0	0.0969305
673	-4.1879	-4.81386	-inf	0.970265	0.0297351	0	0.101423
674	-3.52277	-4.29311	-inf	0.974159	0.025841	0	0.0978165
675	-3.70557	-4.43766	-inf	0.973179	0.0268214	0	0.0987245
676	-13.8867	-14.3503	-inf	0.965203	0.034797	0	0.106111
677	-5.11788	-5.35462	-inf	0.956728	0.0432717	0	0.113959
678	-4.4549	-5.18091	-inf	0.973019	0.0269807	0	0.098872
679	-12.1583	-12.794	-inf	0.970545	0.029455	0	0.101164
680	-10.4497	-10.9678	-inf	0.966991	0.0330087	0	0.104455
681	-3.81058	-4.42831	-inf	0.970026	0.0299737	0	0.101644
682	-4.4549	-5.18091	-inf	0.973019	0.0269807	0	0.098872
683	-4.06775	-4.65065	-inf	0.968997	0.0310032	0	0.102597
684	-3.95937	-4.41951	-inf	0.965089	0.034911	0	0.106216
685	-4.5211	-5.31422	-inf	0.974726	0.0252736	0	0.097291
686	-4.13144	-4.81228	-inf	0.971808	0.028192	0	0.0999938
687	-8.57548	-9.15352	-inf	0.968851	0.0311495	0	0.102733
688	-3.38572	-4.29664	-inf	0.977472	0.0225284	0	0.0947487
689	-8.39123	-9.09985	-inf	0.972559	0.0274409	0	0.0992982
690	-13.3327	-13.8503	-inf	0.966974	0.033026	0	0.104471
691	-5.23394	-5.63821	-inf	0.963157	0.0368433	0	0.108006
692	-3.48406	-4.44979	-inf	0.978648	0.0213523	0	0.0936595
693	-3.62889	-4.30369	-inf	0.971642	0.0283582	0	0.100148
694	-13.3168	-13.9652	-inf	0.970904	0.0290961	0	0.100831
695	-4.72426	-5.3711	-inf	0.970861	0.0291387	0	0.100871
696	-3.70557	-4.43766	-inf	0.973179	0.0268214	0	0.0987245
697	-10.3144	-10.5676	-inf	0.957405	0.0425953	0	0.113333
698	-3.20543	-4.05217	-inf	0.976014	0.0239858	0	0.0960984
699	-7.43084	-8.13949	-inf	0.97256	0.0274403	0	0.0992977
700	-4.4549	-5.18091	-inf	0.973019	0.0269807	0	0.098872
701	-8.79263	-9.71519	-inf	0.977727	0.0222734	0	0.0945125
702	-9.26837	-9.66923	-inf	0.963036	0.0369643	0	0.108118
703	-3.48406	-4.44979	-inf	0.978648	0.0213523	0	0.0936595
704	-3.38572	-4.29664	-inf	0.977472	0.0225284	0	0.0947487
705	-8.11665	-8.88777	-inf	0.974179	0.0258212	0	0.0977981
706	-4.31791	-4.67406	-inf	0.961411	0.0385892	0	0.109623
707	-7.17402	-8.0555	-inf	0.976814	0.023186	0	0.0953577
708	-3.95847	-4.44118	-inf	0.965841	0.0341586	0	0.10552
709	-4.27904	-4.98476	-inf	0.972481	0.0275186	0	0.0993702
710	-3.95937	-4.41951	-inf	0.965089	0.034911	0	0.106216
711	-3.09735	-3.89267	-inf	0.97478	0.0252196	0	0.097241
712	-4.09291	-4.60931	-inf	0.966936	0.0330642	0	0.104506
713	-7.24519	-7.83134	-inf	0.969094	0.0309056	0	0.102507
714	-4.13144	-4.81228	-inf	0.971808	0.0281919	0	0.0999938
715	-12.0096	-9.9893	-inf	0.698249	0.301751	0	0.353341
716	-5.16342	-5.93713	-inf	0.974244	0.0257562	0	0.097738
717	-10.7417	-11.613	-inf	0.976584	0.0234161	0	0.0955708
718	-3.38572	-4.29664	-inf	0.977472	0.0225284	0	0.0947487
719	-3.70557	-4.43766	-inf	0.973179	0.0268214	0	0.0987245
720	-3.6289	-4.30369	-inf	0.971642	0.0283582	0	0.100148
721	-7.28245	-7.73615	-inf	0.964871	0.0351286	0	0.106418
722	-7.80987	-8.40755	-inf	0.969438	0.0305622	0	0.102189
723	-3.81058	-4.42831	-inf	0.970026	0.0299736	0	0.101644
724	-3.38572	-4.29664	-inf	0.977472	0.0225284	0	0.0947487
725	-3.09735	-3.89267	-inf	0.97478	0.0252196	0	0.097241
726	-9.74338	-10.3026	-inf	0.968278	0.0317217	0	0.103263
727	-14.8506	-15.2219	-inf	0.961969	0.0380306	0	0.109105
728	-7.67439	-8.30302	-inf	0.970341	0.0296585	0	0.101352
729	-14.6084	-12.6025	-inf	0.701282	0.298718	0	0.350532
730	-16.9465	-14.7468	-inf	0.659151	0.340849	0	0.38955
731	-4.1879	-4.81386	-inf	0.970265	0.0297351	0	0.101423
732	-10.9375	-11.7053	-inf	0.974095	0.0259049	0	0.0978757
733	-3.70557	-4.43766	-inf	0.973179	0.0268214	0	0.0987245
734	-3.95937	-4.41951	-inf	0.965089	0.034911	0	0.106216
735	-4.66482	-5.04884	-inf	0.962432	0.0375682	0	0.108677
736	-4.09291	-4.60931	-inf	0.966936	0.0330642	0	0.104506
737	-3.70557	-4.43766	-inf	0.973179	0.0268214	0	0.0987245
738	-14.681	-15.1533	-inf	0.965496	0.0345036	0	0.105839
