Sites	Ll_YN98.omega=0.0555945	Ll_YN98.omega=1	Pr_YN98.omega=0.0555945	Pr_YN98.omega=1	mean
118	-3.72884	-5.46285	0.97026	0.0297403	0.0836813
119	-10.1799	-11.1395	0.937653	0.0623474	0.114476
120	-9.60769	-11.3486	0.970458	0.0295423	0.0834944
121	-16.312	-12.6247	0.126068	0.873932	0.880941
122	-5.86405	-6.84424	0.938846	0.0611545	0.113349
123	-10.4226	-8.95601	0.570645	0.429355	0.46108
124	-19.1061	-17.2654	0.477618	0.522382	0.548935
125	-3.61809	-4.83042	0.950892	0.0491076	0.101972
126	-7.82193	-9.46379	0.967483	0.0325174	0.0863041
127	-11.0683	-9.84225	0.628315	0.371685	0.406616
128	-6.97547	-8.99025	0.977375	0.0226248	0.0769614
129	-15.7644	-17.2128	0.960816	0.0391836	0.0925997
130	-3.47394	-5.3113	0.973101	0.0268985	0.0809976
131	-3.72884	-5.46285	0.97026	0.0297403	0.0836813
132	-3.61809	-4.83042	0.950892	0.0491076	0.101972
133	-14.0012	-15.3788	0.958058	0.0419418	0.0952045
134	-17.9814	-16.2706	0.510054	0.489946	0.518302
135	-7.49681	-9.05472	0.964735	0.035265	0.088899
136	-14.2319	-12.8123	0.582112	0.417888	0.45025
137	-26.5692	-19.8383	0.00682844	0.993172	0.993551
138	-7.5393	-8.88473	0.956748	0.0432523	0.0964422
139	-19.4986	-18.4173	0.661468	0.338532	0.375306
140	-17.052	-19.1378	0.978893	0.0211074	0.0755284
141	-8.64023	-10.2908	0.967755	0.0322449	0.0860468
142	-3.99669	-5.15878	0.948492	0.0515076	0.104239
143	-9.92513	-10.9117	0.939211	0.0607887	0.113004
144	-12.2601	-13.233	0.938426	0.0615743	0.113746
145	-4.4682	-6.22313	0.970858	0.0291424	0.0831167
146	-4.22885	-6.3782	0.980168	0.0198325	0.0743244
147	-18.7841	-17.2868	0.563105	0.436895	0.468201
148	-3.61809	-4.83042	0.950892	0.0491076	0.101972
149	-9.4516	-11.7111	0.982199	0.0178009	0.0724058
150	-33.472	-23.1915	0.000197541	0.999802	0.999813
151	-37.5629	-33.39	0.0815261	0.918474	0.923006
152	-10.0166	-11.2139	0.950184	0.0498155	0.102641
153	-30.7678	-22.0998	0.000989938	0.99901	0.999065
154	-8.60194	-9.78347	0.949434	0.0505657	0.103349
155	-22.4411	-23.8573	0.959586	0.0404143	0.093762
156	-8.84748	-10.5503	0.969345	0.0306548	0.084545
157	-3.64939	-5.78633	0.979925	0.020075	0.0745534
158	-7.10413	-8.91324	0.972352	0.0276481	0.0817055
159	-4.27951	-5.58328	0.95499	0.0450096	0.0981018
160	-3.94333	-5.70525	0.971055	0.0289454	0.0829307
161	-12.6165	-11.1375	0.567596	0.432404	0.463959
162	-17.2195	-18.3507	0.946962	0.053038	0.105684
163	-3.47394	-5.3113	0.973101	0.0268985	0.0809976
164	-7.80614	-9.06898	0.953198	0.0468019	0.0997945
165	-15.199	-14.1587	0.67058	0.32942	0.366701
166	-3.94333	-5.70525	0.971055	0.0289454	0.0829307
167	-14.88	-16.4959	0.966653	0.0333469	0.0870875
168	-9.0029	-10.3108	0.955168	0.0448316	0.0979337
169	-4.20886	-5.92545	0.969753	0.0302471	0.08416
170	-8.27583	-9.38323	0.945754	0.0542459	0.106825
171	-11.2709	-12.9156	0.967573	0.032427	0.0862187
172	-4.44693	-5.85757	0.959367	0.040633	0.0939685
173	-3.60245	-5.04394	0.960553	0.0394472	0.0928487
174	-7.45342	-9.48168	0.977671	0.0223285	0.0766817
175	-4.00348	-5.54266	0.964092	0.0359079	0.0895061
176	-3.60245	-5.04394	0.960553	0.0394472	0.0928487
177	-5.0665	-6.78336	0.969761	0.0302392	0.0841525
178	-9.90076	-10.8185	0.935158	0.0648419	0.116832
179	-18.4927	-13.7163	0.0462904	0.95371	0.956283
180	-3.88548	-6.041	0.980287	0.0197129	0.0742115
181	-3.72884	-5.46285	0.97026	0.0297401	0.0836812
182	-3.61809	-4.83042	0.950893	0.0491074	0.101972
183	-13.0162	-11.57	0.575642	0.424358	0.45636
184	-4.54004	-6.28568	0.970594	0.0294063	0.083366
185	-12.6988	-13.4933	0.92727	0.0727301	0.124281
186	-15.088	-13.1223	0.446548	0.553452	0.578278
187	-8.98007	-9.76994	0.926962	0.0730382	0.124572
188	-25.8119	-27.2368	0.959919	0.0400814	0.0934476
189	-3.61809	-4.83042	0.950893	0.0491074	0.101972
190	-4.54004	-6.28568	0.970594	0.0294063	0.083366
191	-12.7804	-14.5573	0.971474	0.0285258	0.0825344
192	-36.0291	-33.8143	0.386109	0.613891	0.635357
193	-3.47394	-5.31131	0.973102	0.0268984	0.0809975
311	-3.94333	-5.70526	0.971055	0.028945	0.0829303
312	-3.9967	-5.1588	0.948493	0.0515072	0.104238
313	-3.70043	-5.20444	0.962855	0.0371453	0.0906747
314	-3.82539	-5.37915	0.964594	0.0354063	0.0890323
315	-3.9967	-5.1588	0.948493	0.0515072	0.104238
316	-11.235	-9.51756	0.508413	0.491587	0.519851
317	-3.98483	-5.76889	0.97167	0.0283295	0.0823491
318	-3.94819	-5.86258	0.975046	0.0249541	0.0791613
319	-3.9967	-5.1588	0.948493	0.0515072	0.104238
320	-3.61809	-4.83043	0.950893	0.0491071	0.101972
321	-3.61809	-4.83043	0.950893	0.0491071	0.101972
322	-8.08003	-9.12654	0.942544	0.0574561	0.109856
323	-7.40859	-8.80278	0.958721	0.0412791	0.0945787
324	-9.53073	-11.6154	0.978871	0.0211288	0.0755486
325	-3.9967	-5.1588	0.948493	0.0515072	0.104238
326	-3.94819	-5.86258	0.975046	0.0249541	0.0791613
327	-6.62041	-8.70225	0.978812	0.0211882	0.0756048
328	-3.64939	-5.78635	0.979925	0.0200747	0.0745531
329	-4.27951	-5.58329	0.954991	0.0450092	0.0981014
330	-34.698	-22.9322	4.47336e-05	0.999955	0.999958
331	-13.4713	-14.7843	0.955384	0.0446156	0.0977297
332	-3.9967	-5.1588	0.948493	0.0515072	0.104238
333	-6.64939	-7.93757	0.954315	0.0456846	0.0987392
334	-3.47394	-5.31132	0.973102	0.0268981	0.0809972
335	-8.8339	-8.07657	0.729823	0.270177	0.310751
336	-3.72884	-5.46286	0.97026	0.0297399	0.083681
337	-26.1104	-19.979	0.0123656	0.987634	0.988322
338	-17.3461	-13.3678	0.0973298	0.90267	0.908081
339	-7.40012	-9.05717	0.967957	0.032043	0.0858561
340	-25.5804	-21.2714	0.0719001	0.9281	0.932097
341	-3.94333	-5.70526	0.971055	0.028945	0.0829303
342	-13.4025	-14.6466	0.952351	0.0476491	0.100595
343	-3.64939	-5.78635	0.979925	0.0200747	0.0745531
344	-10.3491	-11.8137	0.961419	0.0385811	0.0920306
345	-5.21873	-6.8764	0.967976	0.032024	0.0858381
346	-45.3003	-37.4949	0.00234229	0.997658	0.997788
347	-9.45348	-11.5837	0.979793	0.0202072	0.0746782
348	-20.7397	-16.6602	0.0887985	0.911201	0.916138
349	-19.4083	-17.6686	0.502826	0.497174	0.525128
350	-10.8158	-11.9478	0.947002	0.0529976	0.105646
351	-12.6599	-10.8396	0.482702	0.517298	0.544133
352	-13.1563	-11.8909	0.619077	0.380923	0.415341
353	-3.47394	-5.31132	0.973102	0.0268981	0.0809972
354	-4.54004	-6.2857	0.970594	0.029406	0.0833657
355	-6.76425	-8.61413	0.973427	0.0265727	0.0806899
356	-8.09079	-9.17743	0.944679	0.0553212	0.10784
357	-8.89056	-8.07338	0.717861	0.282139	0.322048
358	-9.72048	-8.66345	0.66686	0.33314	0.370214
359	-12.7673	-14.4465	0.968637	0.0313632	0.085214
360	-21.6612	-19.4754	0.393004	0.606996	0.628845
361	-14.8294	-16.479	0.967722	0.0322776	0.0860776
362	-9.59817	-8.17869	0.582143	0.417857	0.450221
363	-5.21873	-6.8764	0.967976	0.032024	0.0858381
364	-3.9967	-5.1588	0.948493	0.0515072	0.104238
365	-14.5635	-15.9232	0.957337	0.042663	0.0958857
366	-7.96122	-9.09516	0.9471	0.0529003	0.105554
367	-11.247	-12.4105	0.948558	0.0514418	0.104176
368	-29.3164	-25.2308	0.0882983	0.911702	0.916611
369	-17.8624	-16.6044	0.620847	0.379153	0.413669
370	-4.25923	-6.0347	0.971433	0.0285668	0.0825731
371	-3.82539	-5.37915	0.964594	0.0354063	0.0890323
372	-11.5965	-12.7557	0.948356	0.0516444	0.104368
373	-3.88549	-6.04102	0.980287	0.0197126	0.0742112
374	-18.9151	-14.9927	0.102351	0.897649	0.903339
375	-13.4435	-9.82023	0.133287	0.866713	0.874123
376	-3.94333	-5.70526	0.971055	0.028945	0.0829303
377	-3.70043	-5.20444	0.962855	0.0371453	0.0906747
378	-4.08308	-6.29692	0.981383	0.0186169	0.0731764
379	-4.21773	-6.31916	0.979214	0.0207857	0.0752246
380	-21.7099	-15.9542	0.0179057	0.982094	0.98309
381	-23.8999	-19.0171	0.0418179	0.958182	0.960507
382	-8.14591	-9.01486	0.932138	0.067862	0.119684
383	-3.87314	-5.98045	0.979334	0.0206663	0.0751118
384	-4.21773	-6.31916	0.979214	0.0207857	0.0752246
385	-16.9661	-18.2403	0.953699	0.0463013	0.0993217
386	-3.61115	-4.79698	0.94964	0.0503603	0.103155
387	-7.72645	-9.03037	0.954997	0.0450034	0.0980959
388	-7.33039	-8.66628	0.956351	0.0436492	0.096817
389	-15.1063	-16.6392	0.963873	0.0361266	0.0897126
390	-23.9972	-17.1032	0.00580609	0.994194	0.994517
391	-13.83	-14.894	0.943483	0.0565166	0.108969
392	-21.8324	-23.2052	0.957866	0.0421338	0.0953858
393	-3.7266	-5.42258	0.969143	0.0308574	0.0847364
394	-3.46521	-5.2618	0.972013	0.0279865	0.0820251
395	-11.6422	-13.0202	0.958073	0.041927	0.0951906
396	-9.78531	-11.4358	0.967753	0.0322472	0.0860489
397	-20.6875	-15.3525	0.0270143	0.972986	0.974488
398	-12.4157	-10.9561	0.572343	0.427657	0.459476
399	-5.20677	-6.82783	0.966822	0.0331783	0.0869282
400	-10.7015	-9.13962	0.547145	0.452855	0.483273
401	-12.702	-13.4949	0.927162	0.0728384	0.124383
402	-7.43327	-9.09707	0.968165	0.0318346	0.0856592
403	-8.58021	-9.41057	0.929656	0.0703439	0.122028
404	-32.1247	-19.2486	1.47379e-05	0.999985	0.999986
405	-4.24357	-5.97948	0.970315	0.0296855	0.0836296
406	-11.6204	-9.13265	0.323725	0.676275	0.694272
407	-3.8016	-4.78335	0.938934	0.0610655	0.113265
408	-3.80017	-4.54563	0.923897	0.0761034	0.127467
409	-24.0043	-16.3158	0.00263181	0.997368	0.997515
410	-8.38834	-9.49842	0.945892	0.0541081	0.106694
411	-3.80017	-4.54563	0.923897	0.0761034	0.127467
412	-12.7124	-13.331	0.91448	0.0855203	0.13636
413	-19.6636	-14.5382	0.0331068	0.966893	0.968734
414	-19.9074	-17.4168	0.323093	0.676907	0.694869
415	-53.2844	-40.2263	1.22855e-05	0.999988	0.999988
