Sites	Ll_YN98.omega=0.0555902	Ll_YN98.omega=1	Ll_YN98.omega=1.001	Pr_YN98.omega=0.0555902	Pr_YN98.omega=1	Pr_YN98.omega=1.001	mean
118	-3.72883	-5.46286	-inf	0.97026	0.02974	0	0.0836769
119	-10.1799	-11.1395	-inf	0.937653	0.0623473	0	0.114472
120	-9.60769	-11.3486	-inf	0.970458	0.029542	0	0.08349
121	-16.3121	-12.6247	-inf	0.126052	0.873948	0	0.880955
122	-5.86405	-6.84425	-inf	0.938846	0.0611543	0	0.113345
123	-10.4226	-8.95601	-inf	0.570628	0.429372	0	0.461093
124	-19.1061	-17.2654	-inf	0.4776	0.5224	0	0.54895
125	-3.61808	-4.83043	-inf	0.950893	0.0491073	0	0.101968
126	-7.82192	-9.4638	-inf	0.967483	0.0325171	0	0.0862997
127	-11.0684	-9.84226	-inf	0.628299	0.371701	0	0.406628
128	-6.97546	-8.99025	-inf	0.977375	0.0226245	0	0.076957
129	-15.7643	-17.2128	-inf	0.960817	0.0391833	0	0.0925953
130	-3.47393	-5.31131	-inf	0.973102	0.0268982	0	0.0809932
131	-3.72883	-5.46286	-inf	0.97026	0.02974	0	0.0836769
132	-3.61808	-4.83043	-inf	0.950893	0.0491073	0	0.101968
133	-14.0012	-15.3788	-inf	0.958058	0.0419415	0	0.0952002
134	-17.9815	-16.2706	-inf	0.510036	0.489964	0	0.518317
135	-7.4968	-9.05473	-inf	0.964735	0.0352647	0	0.0888946
136	-14.232	-12.8123	-inf	0.582095	0.417905	0	0.450263
137	-26.5694	-19.8383	-inf	0.00682696	0.993173	0	0.993553
138	-7.53929	-8.88474	-inf	0.956748	0.043252	0	0.0964378
139	-19.4986	-18.4173	-inf	0.661454	0.338546	0	0.375317
140	-17.052	-19.1378	-inf	0.978893	0.0211072	0	0.075524
141	-8.64022	-10.2908	-inf	0.967755	0.0322446	0	0.0860424
142	-3.99669	-5.15879	-inf	0.948493	0.0515074	0	0.104234
143	-9.92513	-10.9117	-inf	0.939211	0.0607886	0	0.113
144	-12.2601	-13.233	-inf	0.938426	0.0615742	0	0.113741
145	-4.4682	-6.22314	-inf	0.970858	0.0291421	0	0.0831123
146	-4.22884	-6.37821	-inf	0.980168	0.0198322	0	0.07432
147	-18.7842	-17.2868	-inf	0.563087	0.436913	0	0.468215
148	-3.61808	-4.83043	-inf	0.950893	0.0491073	0	0.101968
149	-9.45159	-11.7111	-inf	0.982199	0.0178007	0	0.0724014
150	-33.4722	-23.1915	-inf	0.000197481	0.999803	0	0.999813
151	-37.563	-33.39	-inf	0.0815153	0.918485	0	0.923016
152	-10.0166	-11.2139	-inf	0.950185	0.0498153	0	0.102636
153	-30.768	-22.0998	-inf	0.000989706	0.99901	0	0.999065
154	-8.60193	-9.78348	-inf	0.949435	0.0505655	0	0.103345
155	-22.441	-23.8573	-inf	0.959586	0.0404141	0	0.0937577
156	-8.84746	-10.5503	-inf	0.969346	0.0306545	0	0.0845406
157	-3.64938	-5.78634	-inf	0.979925	0.0200748	0	0.074549
158	-7.10412	-8.91324	-inf	0.972352	0.0276478	0	0.0817011
159	-4.27951	-5.58329	-inf	0.954991	0.0450094	0	0.0980975
160	-3.94333	-5.70526	-inf	0.971055	0.0289451	0	0.0829263
161	-12.6165	-11.1375	-inf	0.56758	0.43242	0	0.463972
162	-17.2195	-18.3507	-inf	0.946962	0.0530378	0	0.10568
163	-3.47393	-5.31131	-inf	0.973102	0.0268982	0	0.0809932
164	-7.80613	-9.06898	-inf	0.953198	0.0468016	0	0.0997901
165	-15.199	-14.1587	-inf	0.670565	0.329435	0	0.366712
166	-3.94333	-5.70526	-inf	0.971055	0.0289451	0	0.0829263
167	-14.88	-16.4959	-inf	0.966653	0.0333466	0	0.0870831
168	-9.00289	-10.3108	-inf	0.955169	0.0448313	0	0.0979294
169	-4.20886	-5.92546	-inf	0.969753	0.0302468	0	0.0841556
170	-8.27582	-9.38323	-inf	0.945754	0.0542457	0	0.10682
171	-11.2709	-12.9156	-inf	0.967573	0.0324267	0	0.0862143
172	-4.44693	-5.85758	-inf	0.959367	0.0406327	0	0.0939642
173	-3.60245	-5.04395	-inf	0.960553	0.0394469	0	0.0928443
174	-7.45341	-9.48168	-inf	0.977672	0.0223283	0	0.0766773
175	-4.00348	-5.54267	-inf	0.964092	0.0359076	0	0.0895017
176	-3.60245	-5.04395	-inf	0.960553	0.0394469	0	0.0928443
177	-5.06649	-6.78337	-inf	0.969761	0.0302389	0	0.0841481
178	-9.90076	-10.8185	-inf	0.935158	0.0648418	0	0.116827
179	-18.4929	-13.7163	-inf	0.0462838	0.953716	0	0.956289
180	-3.88547	-6.04101	-inf	0.980287	0.0197127	0	0.0742071
181	-3.72883	-5.46286	-inf	0.97026	0.0297398	0	0.0836768
182	-3.61808	-4.83043	-inf	0.950893	0.0491072	0	0.101968
183	-13.0162	-11.57	-inf	0.575625	0.424375	0	0.456374
184	-4.54003	-6.28569	-inf	0.970594	0.029406	0	0.0833616
185	-12.6988	-13.4933	-inf	0.92727	0.07273	0	0.124277
186	-15.088	-13.1223	-inf	0.446529	0.553471	0	0.578293
187	-8.98006	-9.76994	-inf	0.926962	0.0730382	0	0.124568
188	-25.8119	-27.2367	-inf	0.959919	0.0400811	0	0.0934432
189	-3.61808	-4.83043	-inf	0.950893	0.0491072	0	0.101968
190	-4.54003	-6.28569	-inf	0.970594	0.029406	0	0.0833616
191	-12.7804	-14.5573	-inf	0.971474	0.0285255	0	0.08253
192	-36.0291	-33.8143	-inf	0.386091	0.613909	0	0.635372
193	-3.47393	-5.31132	-inf	0.973102	0.0268981	0	0.0809931
311	-3.94333	-5.70527	-inf	0.971055	0.0289447	0	0.0829259
312	-3.99669	-5.1588	-inf	0.948493	0.051507	0	0.104234
313	-3.70042	-5.20445	-inf	0.962855	0.0371451	0	0.0906704
314	-3.82538	-5.37916	-inf	0.964594	0.035406	0	0.089028
315	-3.99669	-5.1588	-inf	0.948493	0.051507	0	0.104234
316	-11.235	-9.51756	-inf	0.508395	0.491605	0	0.519866
317	-3.98483	-5.7689	-inf	0.971671	0.0283292	0	0.0823446
318	-3.94818	-5.86259	-inf	0.975046	0.0249538	0	0.0791569
319	-3.99669	-5.1588	-inf	0.948493	0.051507	0	0.104234
320	-3.61808	-4.83044	-inf	0.950893	0.0491069	0	0.101967
321	-3.61808	-4.83044	-inf	0.950893	0.0491069	0	0.101967
322	-8.08003	-9.12654	-inf	0.942544	0.0574559	0	0.109852
323	-7.40858	-8.80279	-inf	0.958721	0.0412789	0	0.0945744
324	-9.53072	-11.6154	-inf	0.978872	0.0211285	0	0.0755442
325	-3.99669	-5.1588	-inf	0.948493	0.051507	0	0.104234
326	-3.94818	-5.86259	-inf	0.975046	0.0249538	0	0.0791569
327	-6.6204	-8.70225	-inf	0.978812	0.021188	0	0.0756004
328	-3.64938	-5.78637	-inf	0.979926	0.0200744	0	0.0745487
329	-4.27951	-5.5833	-inf	0.954991	0.0450089	0	0.0980971
330	-34.6983	-22.9322	-inf	4.47193e-05	0.999955	0	0.999958
331	-13.4713	-14.7843	-inf	0.955385	0.0446153	0	0.0977254
332	-3.99669	-5.1588	-inf	0.948493	0.051507	0	0.104234
333	-6.64938	-7.93757	-inf	0.954316	0.0456843	0	0.098735
334	-3.47394	-5.31133	-inf	0.973102	0.0268979	0	0.0809928
335	-8.83396	-8.07657	-inf	0.72981	0.27019	0	0.31076
336	-3.72883	-5.46287	-inf	0.97026	0.0297396	0	0.0836766
337	-26.1106	-19.979	-inf	0.0123635	0.987636	0	0.988324
338	-17.3463	-13.3678	-inf	0.0973173	0.902683	0	0.908093
339	-7.4001	-9.05717	-inf	0.967957	0.0320427	0	0.0858517
340	-25.5805	-21.2714	-inf	0.0718903	0.92811	0	0.932106
341	-3.94333	-5.70527	-inf	0.971055	0.0289447	0	0.0829259
342	-13.4025	-14.6465	-inf	0.952351	0.0476489	0	0.10059
343	-3.64938	-5.78637	-inf	0.979926	0.0200744	0	0.0745487
344	-10.3491	-11.8137	-inf	0.961419	0.0385808	0	0.0920263
345	-5.21873	-6.87641	-inf	0.967976	0.0320237	0	0.0858338
346	-45.3005	-37.4949	-inf	0.00234176	0.997658	0	0.997788
347	-9.45347	-11.5837	-inf	0.979793	0.0202069	0	0.0746738
348	-20.7398	-16.6602	-inf	0.0887869	0.911213	0	0.916149
349	-19.4084	-17.6686	-inf	0.502808	0.497192	0	0.525143
350	-10.8158	-11.9478	-inf	0.947003	0.0529974	0	0.105641
351	-12.6599	-10.8396	-inf	0.482684	0.517316	0	0.544148
352	-13.1564	-11.8909	-inf	0.61906	0.38094	0	0.415353
353	-3.47394	-5.31133	-inf	0.973102	0.0268979	0	0.0809928
354	-4.54004	-6.28571	-inf	0.970594	0.0294057	0	0.0833613
355	-6.76424	-8.61414	-inf	0.973428	0.0265724	0	0.0806855
356	-8.09078	-9.17743	-inf	0.944679	0.055321	0	0.107836
357	-8.89062	-8.07339	-inf	0.717848	0.282152	0	0.322058
358	-9.72055	-8.66345	-inf	0.666845	0.333155	0	0.370225
359	-12.7673	-14.4465	-inf	0.968637	0.0313629	0	0.0852097
360	-21.6613	-19.4754	-inf	0.392986	0.607014	0	0.62886
361	-14.8294	-16.479	-inf	0.967723	0.0322773	0	0.0860732
362	-9.59824	-8.1787	-inf	0.582126	0.417874	0	0.450234
363	-5.21873	-6.87641	-inf	0.967976	0.0320237	0	0.0858338
364	-3.99669	-5.1588	-inf	0.948493	0.051507	0	0.104234
365	-14.5634	-15.9232	-inf	0.957337	0.0426627	0	0.0958813
366	-7.96121	-9.09516	-inf	0.9471	0.0529001	0	0.10555
367	-11.247	-12.4105	-inf	0.948558	0.0514416	0	0.104172
368	-29.3165	-25.2308	-inf	0.0882867	0.911713	0	0.916621
369	-17.8624	-16.6044	-inf	0.620831	0.379169	0	0.413681
370	-4.25922	-6.03471	-inf	0.971433	0.0285665	0	0.0825687
371	-3.82538	-5.37916	-inf	0.964594	0.035406	0	0.089028
372	-11.5964	-12.7557	-inf	0.948356	0.0516442	0	0.104364
373	-3.88548	-6.04103	-inf	0.980288	0.0197123	0	0.0742068
374	-18.9153	-14.9927	-inf	0.102338	0.897662	0	0.903351
375	-13.4436	-9.82023	-inf	0.133271	0.866729	0	0.874138
376	-3.94333	-5.70527	-inf	0.971055	0.0289447	0	0.0829259
377	-3.70042	-5.20445	-inf	0.962855	0.0371451	0	0.0906704
378	-4.08307	-6.29693	-inf	0.981383	0.0186166	0	0.073172
379	-4.21772	-6.31917	-inf	0.979215	0.0207854	0	0.0752201
380	-21.71	-15.9542	-inf	0.017903	0.982097	0	0.983092
381	-23.9	-19.0171	-inf	0.0418119	0.958188	0	0.960512
382	-8.1459	-9.01486	-inf	0.932138	0.0678619	0	0.11968
383	-3.87313	-5.98046	-inf	0.979334	0.020666	0	0.0751074
384	-4.21772	-6.31917	-inf	0.979215	0.0207854	0	0.0752201
385	-16.9661	-18.2403	-inf	0.953699	0.0463011	0	0.0993174
386	-3.61115	-4.79699	-inf	0.94964	0.05036	0	0.103151
387	-7.72644	-9.03037	-inf	0.954997	0.0450032	0	0.0980916
388	-7.33038	-8.66628	-inf	0.956351	0.0436489	0	0.0968127
389	-15.1063	-16.6392	-inf	0.963874	0.0361263	0	0.0897083
390	-23.9975	-17.1032	-inf	0.00580483	0.994195	0	0.994518
391	-13.83	-14.894	-inf	0.943484	0.0565164	0	0.108965
392	-21.8324	-23.2052	-inf	0.957866	0.0421335	0	0.0953815
393	-3.72659	-5.42259	-inf	0.969143	0.0308571	0	0.084732
394	-3.4652	-5.26181	-inf	0.972014	0.0279862	0	0.0820207
395	-11.6422	-13.0202	-inf	0.958073	0.0419268	0	0.0951863
396	-9.78529	-11.4358	-inf	0.967753	0.0322469	0	0.0860445
397	-20.6877	-15.3524	-inf	0.0270103	0.97299	0	0.974491
398	-12.4158	-10.9561	-inf	0.572326	0.427674	0	0.45949
399	-5.20676	-6.82784	-inf	0.966822	0.033178	0	0.0869238
400	-10.7016	-9.13962	-inf	0.547127	0.452873	0	0.483288
401	-12.702	-13.4948	-inf	0.927162	0.0728383	0	0.124379
402	-7.43326	-9.09707	-inf	0.968166	0.0318343	0	0.0856548
403	-8.5802	-9.41057	-inf	0.929656	0.0703438	0	0.122024
404	-32.125	-19.2485	-inf	1.47324e-05	0.999985	0	0.999986
405	-4.24357	-5.97949	-inf	0.970315	0.0296852	0	0.0836252
406	-11.6205	-9.13265	-inf	0.323708	0.676292	0	0.694287
407	-3.8016	-4.78335	-inf	0.938935	0.0610653	0	0.113261
408	-3.80017	-4.54563	-inf	0.923897	0.0761034	0	0.127463
409	-24.0045	-16.3158	-inf	0.00263122	0.997369	0	0.997515
410	-8.38833	-9.49843	-inf	0.945892	0.0541079	0	0.10669
411	-3.80017	-4.54563	-inf	0.923897	0.0761034	0	0.127463
412	-12.7124	-13.331	-inf	0.91448	0.0855203	0	0.136356
413	-19.6638	-14.5382	-inf	0.0331019	0.966898	0	0.968738
414	-19.9075	-17.4168	-inf	0.323076	0.676924	0	0.694884
415	-53.2848	-40.2263	-inf	1.22808e-05	0.999988	0	0.999988
