Sites	Ll_YN98.omega=0.00285853	Ll_YN98.omega=0.017745	Ll_YN98.omega=0.107816	Ll_YN98.omega=0.562886	Pr_YN98.omega=0.00285853	Pr_YN98.omega=0.017745	Pr_YN98.omega=0.107816	Pr_YN98.omega=0.562886	mean
118	-3.63089	-3.65987	-3.83495	-4.71274	0.319916	0.310778	0.260864	0.108442	0.0955948
119	-10.0862	-10.1023	-10.1994	-10.6855	0.291866	0.287212	0.260634	0.160289	0.124256
120	-9.45783	-9.48717	-9.66421	-10.5459	0.320363	0.3111	0.260622	0.107915	0.0952795
121	-22.0591	-18.4432	-15.0497	-12.812	8.68133e-05	0.00322816	0.0961012	0.900584	0.517344
122	-5.84362	-5.86004	-5.95918	-6.45543	0.292658	0.287893	0.26072	0.158729	0.123401
123	-13.2425	-11.4409	-9.78211	-8.85319	0.00836994	0.0507193	0.266412	0.674499	0.409313
124	-21.9092	-20.1011	-18.4037	-17.2841	0.00702207	0.0428253	0.233808	0.716344	0.429208
125	-3.56229	-3.58243	-3.70415	-4.3155	0.301327	0.295319	0.261474	0.14188	0.114155
126	-7.72794	-7.75578	-7.92375	-8.75915	0.317331	0.308617	0.260898	0.113153	0.0982047
127	-13.8713	-12.0733	-10.4368	-9.62615	0.00927512	0.0559994	0.287656	0.647069	0.39626
128	-6.84275	-6.87705	-7.08389	-8.11106	0.329671	0.318557	0.259033	0.0927387	0.0867244
129	-15.6102	-15.6347	-15.7823	-16.5176	0.310441	0.302935	0.261344	0.12528	0.104959
130	-3.37598	-3.40708	-3.59472	-4.52872	0.323764	0.31385	0.260152	0.102234	0.0920896
131	-3.63089	-3.65987	-3.83495	-4.71274	0.319916	0.310778	0.260864	0.108442	0.0955948
132	-3.56229	-3.58243	-3.70415	-4.3155	0.301327	0.295319	0.261474	0.14188	0.114155
133	-13.8462	-13.8693	-14.0088	-14.7054	0.307636	0.300611	0.261472	0.13028	0.107738
134	-20.7584	-18.9523	-17.2671	-16.2119	0.00745039	0.0453475	0.244597	0.702605	0.422684
135	-7.35876	-7.38492	-7.54288	-8.33133	0.314058	0.305948	0.261245	0.118749	0.101335
136	-17.0508	-15.2502	-13.5975	-12.6985	0.00859716	0.0520437	0.271713	0.667646	0.406051
137	-35.2018	-29.7576	-24.545	-20.5801	4.38221e-07	0.000101405	0.0186154	0.981283	0.554359
138	-7.47682	-7.49953	-7.63651	-8.31768	0.306626	0.299742	0.261372	0.13226	0.108823
139	-22.2732	-20.478	-18.8584	-18.1253	0.00992813	0.0597722	0.301896	0.628404	0.387358
140	-16.8881	-16.9237	-17.1383	-18.2031	0.331986	0.320379	0.258498	0.0891368	0.0846782
141	-8.49527	-8.52303	-8.69063	-9.52637	0.317282	0.308594	0.260977	0.113147	0.0982095
142	-3.95128	-3.97071	-4.08813	-4.6773	0.299698	0.29393	0.261368	0.145004	0.115873
143	-9.87737	-9.8939	-9.99371	-10.4934	0.292924	0.288123	0.260753	0.1582	0.123112
144	-12.114	-12.1304	-12.2294	-12.7232	0.292521	0.287763	0.26064	0.159076	0.123585
145	-4.37396	-4.4034	-4.58115	-5.46973	0.320705	0.311402	0.260688	0.107205	0.0948933
146	-4.11452	-4.15115	-4.37208	-5.46874	0.333877	0.321867	0.258066	0.0861901	0.0830048
147	-21.5177	-19.7153	-18.0524	-17.1061	0.00823373	0.0499298	0.26337	0.678466	0.411204
148	-3.56229	-3.58243	-3.70415	-4.3155	0.301327	0.295319	0.261474	0.14188	0.114155
149	-9.3059	-9.34475	-9.57894	-10.7374	0.33762	0.324753	0.256949	0.0806776	0.0798434
150	-45.0387	-37.7571	-30.67	-24.7091	1.47864e-09	2.14891e-06	0.00257088	0.997427	0.561715
151	-43.2595	-39.6349	-36.1893	-33.6992	6.49105e-05	0.00243477	0.0763635	0.921137	0.526771
152	-9.92031	-9.94058	-10.0628	-10.6699	0.301232	0.295189	0.26123	0.142349	0.11439
153	-39.4554	-33.9547	-28.4361	-23.3979	1.05568e-07	2.58495e-05	0.00644354	0.993531	0.559939
154	-8.47632	-8.49595	-8.61461	-9.21053	0.300184	0.294348	0.261413	0.144054	0.115352
155	-22.2082	-22.232	-22.3754	-23.0934	0.309105	0.301848	0.261502	0.127546	0.106228
156	-8.73097	-8.75974	-8.93331	-9.79744	0.319215	0.310163	0.260742	0.109881	0.0963787
157	-3.53532	-3.57161	-3.79055	-4.87924	0.333343	0.321462	0.258253	0.0869427	0.0834398
158	-6.98402	-7.01512	-7.20253	-8.12913	0.32349	0.313584	0.259994	0.102931	0.0924593
159	-4.20908	-4.23076	-4.36181	-5.02075	0.304782	0.298246	0.261614	0.135359	0.110561
160	-3.8522	-3.88173	-4.06005	-4.95256	0.320925	0.311589	0.260697	0.106789	0.0946638
161	-15.5193	-13.7173	-12.0566	-11.1183	0.00829912	0.0503063	0.264753	0.676641	0.410333
162	-17.0989	-17.1184	-17.2355	-17.8155	0.299259	0.293502	0.261072	0.146168	0.116487
163	-3.37598	-3.40708	-3.59472	-4.52872	0.323764	0.31385	0.260152	0.102234	0.0920896
164	-7.73157	-7.75281	-7.88096	-8.51961	0.303494	0.297117	0.26138	0.138009	0.112004
165	-17.9698	-16.1754	-14.56	-13.8477	0.0101041	0.0607894	0.305751	0.623355	0.38495
166	-3.8522	-3.88173	-4.06005	-4.95256	0.320925	0.311589	0.260697	0.106789	0.0946638
167	-14.6511	-14.6788	-14.8456	-15.6725	0.316847	0.308202	0.260852	0.114099	0.0987234
168	-8.91863	-8.94059	-9.07324	-9.73755	0.305257	0.298626	0.261527	0.13459	0.110127
169	-4.11759	-4.14659	-4.32154	-5.19264	0.319672	0.310536	0.260694	0.109098	0.0959411
170	-8.20766	-8.22636	-8.33926	-8.9023	0.297848	0.292329	0.261121	0.148701	0.117894
171	-11.1402	-11.1686	-11.3394	-12.1832	0.31809	0.309194	0.260626	0.11209	0.0975892
172	-4.40814	-4.43195	-4.5756	-5.28985	0.30899	0.301719	0.261347	0.127944	0.106432
173	-3.53259	-3.55659	-3.70156	-4.4288	0.309699	0.302357	0.261551	0.126393	0.105595
174	-7.32053	-7.35516	-7.56397	-8.59937	0.330224	0.318983	0.258872	0.0919212	0.086256
175	-3.93924	-3.96504	-4.12081	-4.89867	0.313323	0.305342	0.261297	0.120037	0.102053
176	-3.53259	-3.55659	-3.70156	-4.4288	0.309699	0.302357	0.261551	0.126393	0.105595
177	-5.00224	-5.03179	-5.2099	-6.09012	0.320484	0.31115	0.260387	0.10798	0.0952917
178	-9.81823	-9.83375	-9.92746	-10.3958	0.290495	0.286022	0.260435	0.163048	0.125763
179	-24.2413	-20.607	-17.1021	-14.3107	4.57678e-05	0.00173358	0.0576888	0.940532	0.535663
180	-3.77162	-3.8086	-4.03154	-5.1364	0.33442	0.32228	0.257876	0.0854234	0.0825616
181	-3.63089	-3.65987	-3.83495	-4.71274	0.319916	0.310778	0.260864	0.108441	0.0955947
182	-3.56229	-3.58243	-3.70415	-4.3155	0.301327	0.295319	0.261474	0.14188	0.114155
183	-15.8712	-14.0696	-12.4116	-11.4888	0.00841108	0.0509633	0.267503	0.673123	0.408661
184	-4.46624	-4.49592	-4.67489	-5.56397	0.320917	0.311534	0.260482	0.107067	0.094796
185	-12.6309	-12.6443	-12.7249	-13.1288	0.285321	0.281536	0.259719	0.173424	0.131431
186	-17.9753	-16.1654	-14.4569	-13.2781	0.0066451	0.0406006	0.224156	0.728599	0.435025
187	-8.91444	-8.9276	-9.00713	-9.40675	0.284931	0.281207	0.259709	0.174153	0.131834
188	-25.5825	-25.6067	-25.7529	-26.4785	0.309828	0.302408	0.261287	0.126477	0.105615
189	-3.56229	-3.58243	-3.70415	-4.3155	0.301327	0.295319	0.261474	0.14188	0.114155
190	-4.46624	-4.49592	-4.67489	-5.56397	0.320917	0.311534	0.260482	0.107067	0.094796
191	-12.6453	-12.6755	-12.8574	-13.7616	0.321889	0.312324	0.260368	0.105419	0.0938732
192	-38.8045	-36.99	-35.2537	-33.9436	0.00584404	0.0358721	0.203613	0.754671	0.447399
193	-3.37598	-3.40708	-3.59472	-4.52873	0.323764	0.31385	0.260152	0.102234	0.0920894
311	-3.8522	-3.88173	-4.06005	-4.95257	0.320926	0.311589	0.260697	0.106788	0.0946634
312	-3.95129	-3.97072	-4.08813	-4.67731	0.299698	0.293931	0.261368	0.145003	0.115873
313	-3.62366	-3.64941	-3.80479	-4.57874	0.313117	0.305158	0.261243	0.120482	0.102294
314	-3.75197	-3.77798	-3.93506	-4.72168	0.313851	0.305795	0.261343	0.119011	0.10149
315	-3.95129	-3.97072	-4.08813	-4.67731	0.299698	0.293931	0.261368	0.145003	0.115873
316	-14.1308	-12.3247	-10.6397	-9.58396	0.00744913	0.0453382	0.244504	0.702709	0.422732
317	-3.90429	-3.93434	-4.1157	-5.01915	0.321772	0.312245	0.260455	0.105528	0.0939421
318	-3.84732	-3.88014	-4.07799	-5.05778	0.326821	0.316269	0.259497	0.0974125	0.0893565
319	-3.95129	-3.97072	-4.08813	-4.67731	0.299698	0.293931	0.261368	0.145003	0.115873
320	-3.56229	-3.58243	-3.70415	-4.31551	0.301327	0.295319	0.261474	0.14188	0.114155
321	-3.56229	-3.58243	-3.70415	-4.31551	0.301327	0.295319	0.261474	0.14188	0.114155
322	-8.02117	-8.03864	-8.14414	-8.67229	0.295121	0.290011	0.260973	0.153894	0.120752
323	-7.32138	-7.34519	-7.48887	-8.20316	0.308996	0.301723	0.261343	0.127938	0.106429
324	-9.39127	-9.42671	-9.64045	-10.7029	0.331783	0.320232	0.258606	0.089379	0.084823
325	-3.95129	-3.97072	-4.08813	-4.67731	0.299698	0.293931	0.261368	0.145003	0.115873
326	-3.84732	-3.88014	-4.07799	-5.05778	0.326821	0.316269	0.259497	0.0974125	0.0893565
327	-6.48417	-6.51998	-6.73581	-7.80379	0.332272	0.320584	0.258349	0.0887949	0.0844741
328	-3.53532	-3.57162	-3.79056	-4.87926	0.333343	0.321462	0.258253	0.0869419	0.0834394
329	-4.20908	-4.23076	-4.36181	-5.02076	0.304782	0.298246	0.261614	0.135358	0.110561
330	-46.5075	-39.144	-31.6756	-24.832	3.85465e-10	6.07998e-07	0.00106508	0.998934	0.562401
331	-13.3254	-13.3476	-13.4818	-14.1496	0.305644	0.298922	0.261391	0.134043	0.109811
332	-3.95129	-3.97072	-4.08813	-4.67731	0.299698	0.293931	0.261368	0.145003	0.115873
333	-6.56813	-6.59018	-6.72314	-7.38273	0.305118	0.298463	0.261307	0.135112	0.110394
334	-3.37598	-3.40708	-3.59473	-4.52874	0.323764	0.31385	0.260152	0.102233	0.0920891
335	-11.6622	-9.87264	-8.28668	-7.72008	0.011395	0.0682226	0.333199	0.587184	0.367685
336	-3.63089	-3.65987	-3.83495	-4.71275	0.319916	0.310779	0.260864	0.108441	0.0955944
337	-32.2396	-28.4647	-24.4109	-20.7557	1.00303e-05	0.000437289	0.0251947	0.974358	0.551176
338	-23.102	-19.4808	-16.0554	-13.6629	7.26859e-05	0.00271721	0.0835107	0.913699	0.523361
339	-7.28617	-7.31415	-7.48297	-8.32368	0.317652	0.308888	0.260905	0.112555	0.0978748
340	-31.2921	-27.6657	-24.2091	-21.6562	6.04802e-05	0.0022726	0.0720625	0.925604	0.528819
341	-3.8522	-3.88173	-4.06005	-4.95257	0.320926	0.311589	0.260697	0.106788	0.0946634
342	-13.2779	-13.2989	-13.426	-14.0574	0.303021	0.296706	0.261308	0.138965	0.112526
343	-3.53532	-3.57162	-3.79056	-4.87926	0.333343	0.321462	0.258253	0.0869419	0.0834394
344	-10.2775	-10.3025	-10.4534	-11.2025	0.311485	0.303785	0.261223	0.123506	0.103965
345	-5.14493	-5.17287	-5.34156	-6.18401	0.31769	0.308937	0.260981	0.112392	0.0977921
346	-53.9307	-48.4628	-43.1135	-38.5752	2.12123e-07	5.02602e-05	0.0105781	0.989371	0.558044
347	-9.31373	-9.34992	-9.56822	-10.6536	0.33315	0.32131	0.258295	0.0872454	0.0836115
348	-26.4492	-22.8266	-19.3924	-16.9537	6.89678e-05	0.00258194	0.0800531	0.917296	0.52501
349	-22.2335	-20.4269	-18.7387	-17.6688	0.00734949	0.0447549	0.242103	0.705792	0.424198
350	-10.7447	-10.7636	-10.878	-11.4521	0.298567	0.292967	0.261291	0.147175	0.117066
351	-15.5437	-13.7359	-12.0402	-10.9328	0.00709672	0.0432695	0.235835	0.713798	0.428002
352	-15.9917	-14.1948	-12.5642	-11.7554	0.00934752	0.0563732	0.287902	0.646377	0.395904
353	-3.37598	-3.40708	-3.59473	-4.52874	0.323764	0.31385	0.260152	0.102233	0.0920891
354	-4.46625	-4.49592	-4.6749	-5.56398	0.320917	0.311534	0.260482	0.107066	0.0947957
355	-6.64052	-6.67234	-6.86408	-7.81183	0.324854	0.31468	0.259774	0.100692	0.0911985
356	-8.02292	-8.0411	-8.15093	-8.70194	0.296829	0.291482	0.261162	0.150527	0.118908
357	-11.7228	-9.93232	-8.3407	-7.74439	0.0111284	0.0666878	0.327549	0.594635	0.371242
358	-12.5651	-10.7705	-9.15446	-8.43593	0.0100574	0.0605144	0.304588	0.62484	0.385656
359	-12.625	-12.6533	-12.8236	-13.6744	0.318248	0.309392	0.260925	0.111435	0.097257
360	-24.488	-22.6662	-20.8954	-19.5663	0.00553274	0.0342092	0.200997	0.759261	0.449671
361	-14.7087	-14.7368	-14.9062	-15.7464	0.317725	0.308923	0.260788	0.112564	0.0978678
362	-12.4678	-10.6666	-9.01048	-8.10036	0.00850095	0.0514924	0.269758	0.670248	0.407296
363	-5.14493	-5.17287	-5.34156	-6.18401	0.31769	0.308937	0.260981	0.112392	0.0977921
364	-3.95129	-3.97072	-4.08813	-4.67731	0.299698	0.293931	0.261368	0.145003	0.115873
365	-14.3497	-14.3734	-14.5164	-15.2149	0.308273	0.301031	0.26093	0.129766	0.107399
366	-7.88346	-7.9023	-8.01619	-8.58812	0.29839	0.29282	0.261302	0.147488	0.11724
367	-11.1307	-11.1501	-11.2677	-11.8575	0.299748	0.293973	0.261371	0.144908	0.11582
368	-34.9672	-31.3447	-27.9113	-25.4727	6.90351e-05	0.00258408	0.0800606	0.917286	0.525005
369	-20.6215	-18.8235	-17.1867	-16.3662	0.00921322	0.0556256	0.285822	0.649339	0.397333
370	-4.18424	-4.21442	-4.39639	-5.30008	0.321879	0.312311	0.260349	0.105461	0.0938943
371	-3.75197	-3.77798	-3.93506	-4.72168	0.313851	0.305795	0.261343	0.119011	0.10149
372	-11.5251	-11.5445	-11.6616	-12.2494	0.299592	0.293841	0.261361	0.145205	0.115984
373	-3.77162	-3.8086	-4.03155	-5.13641	0.334421	0.322281	0.257876	0.0854226	0.0825611
374	-24.6796	-21.0595	-17.6409	-15.2811	7.54816e-05	0.00281856	0.0860433	0.911063	0.522151
375	-19.2131	-15.5982	-12.2106	-10.0045	8.99277e-05	0.0033407	0.0988589	0.89771	0.516026
376	-3.8522	-3.88173	-4.06005	-4.95257	0.320926	0.311589	0.260697	0.106788	0.0946634
377	-3.62366	-3.64941	-3.80479	-4.57874	0.313117	0.305158	0.261243	0.120482	0.102294
378	-3.96573	-4.00382	-4.23336	-5.36857	0.33628	0.323712	0.257318	0.0826905	0.0809938
379	-4.10586	-4.1417	-4.35782	-5.43028	0.332444	0.32074	0.2584	0.0884156	0.0842695
380	-27.5389	-23.8777	-20.2227	-16.8818	2.27068e-05	0.000883481	0.0341605	0.964933	0.546846
381	-29.6343	-25.9978	-22.48	-19.6301	4.26662e-05	0.00161963	0.0545969	0.943741	0.537133
382	-8.0506	-8.06515	-8.15302	-8.59197	0.288172	0.284009	0.260118	0.167701	0.128305
383	-3.76173	-3.79791	-4.016	-5.09644	0.332979	0.321149	0.25822	0.087652	0.0838289
384	-4.10586	-4.1417	-4.35782	-5.43028	0.332444	0.32074	0.2584	0.0884156	0.0842695
385	-16.7819	-16.8035	-16.9337	-17.5816	0.3042	0.297706	0.261362	0.136733	0.111296
386	-3.55656	-3.57627	-3.69535	-4.29337	0.300341	0.294481	0.261422	0.143755	0.115187
387	-7.62419	-7.6465	-7.78097	-8.44666	0.305606	0.298864	0.261263	0.134267	0.109922
388	-7.24264	-7.26528	-7.40188	-8.08246	0.306542	0.299681	0.261416	0.132361	0.108883
389	-14.9257	-14.9517	-15.1089	-15.8896	0.313652	0.305583	0.261135	0.11963	0.101811
390	-32.7383	-27.2911	-22.0603	-18.0063	3.9308e-07	9.12349e-05	0.0170564	0.982852	0.555074
391	-13.6271	-13.6453	-13.7551	-14.2983	0.296478	0.291127	0.260862	0.151532	0.119434
392	-21.6348	-21.6583	-21.7998	-22.502	0.30819	0.301039	0.261299	0.129472	0.107273
393	-3.63077	-3.65912	-3.8304	-4.68903	0.31866	0.309753	0.260993	0.110594	0.0967986
394	-3.36936	-3.39979	-3.58336	-4.49681	0.322451	0.312788	0.260332	0.104429	0.0933216
395	-11.4787	-11.5018	-11.6414	-12.3396	0.307707	0.300678	0.261512	0.130103	0.107643
396	-9.67176	-9.69966	-9.86802	-10.7059	0.317478	0.308741	0.260903	0.112878	0.098053
397	-26.4823	-22.8352	-19.2567	-16.1636	3.154e-05	0.00120998	0.0433403	0.955418	0.542486
398	-15.2427	-13.4407	-11.7804	-10.8497	0.00834508	0.0505835	0.266108	0.674963	0.409539
399	-5.13455	-5.16189	-5.32691	-6.15089	0.316459	0.307926	0.261082	0.114533	0.0989864
400	-13.5326	-11.7296	-10.0627	-9.09448	0.00807623	0.0490062	0.259525	0.683392	0.413545
401	-12.5922	-12.6056	-12.687	-13.091	0.285438	0.281614	0.259613	0.173334	0.131371
402	-7.32113	-7.34906	-7.51774	-8.36108	0.317719	0.308967	0.261009	0.112305	0.0977469
403	-8.53395	-8.54812	-8.63351	-9.05568	0.286972	0.282934	0.259778	0.170316	0.129718
404	-46.677	-37.5748	-28.7145	-21.2529	9.08261e-12	8.15176e-08	0.000574392	0.999426	0.562624
405	-4.17019	-4.19971	-4.37773	-5.26147	0.320587	0.311262	0.260503	0.107649	0.09512
406	-14.5179	-12.6988	-10.9353	-9.48611	0.00509334	0.0314052	0.183193	0.780309	0.459548
407	-3.75987	-3.77655	-3.87707	-4.37548	0.292981	0.288137	0.260581	0.158301	0.123151
408	-3.77066	-3.78322	-3.85905	-4.23801	0.283319	0.279783	0.259352	0.177545	0.133675
409	-32.7466	-27.2859	-21.9737	-17.5164	2.40191e-07	5.6507e-05	0.01146	0.988483	0.55764
410	-8.31413	-8.33338	-8.44921	-9.01819	0.298582	0.292891	0.260856	0.147672	0.117298
411	-3.77066	-3.78322	-3.85905	-4.23801	0.283319	0.279783	0.259352	0.177545	0.133675
412	-12.5972	-12.6077	-12.6709	-12.9857	0.278045	0.275145	0.25828	0.188531	0.139645
413	-25.4717	-21.831	-18.2882	-15.3135	3.68209e-05	0.00140356	0.0485138	0.950046	0.540023
414	-22.7733	-20.9542	-19.1901	-17.739	0.00508269	0.0313423	0.182916	0.780659	0.459714
415	-67.7323	-58.6271	-49.7491	-42.1963	8.12202e-12	7.31096e-08	0.000524371	0.999476	0.562647
