Sites	Ll_YN98.omega=0.00285849	Ll_YN98.omega=0.0177443	Ll_YN98.omega=0.10781	Ll_YN98.omega=0.562865	Ll_YN98.omega=3.06323	Pr_YN98.omega=0.00285849	Pr_YN98.omega=0.0177443	Pr_YN98.omega=0.10781	Pr_YN98.omega=0.562865	Pr_YN98.omega=3.06323	mean
118	-3.63089	-3.65987	-3.83494	-4.71271	-inf	0.319914	0.310777	0.260865	0.108444	0	0.0955923
119	-10.0862	-10.1023	-10.1994	-10.6855	-inf	0.291865	0.287211	0.260634	0.16029	0	0.124252
120	-9.45785	-9.48719	-9.66422	-10.5459	-inf	0.320361	0.311098	0.260623	0.107918	0	0.0952768
121	-22.059	-18.4432	-15.0497	-12.812	-inf	8.68141e-05	0.00322805	0.0960956	0.90059	0	0.517328
122	-5.84364	-5.86005	-5.95919	-6.45543	-inf	0.292657	0.287892	0.260721	0.158731	0	0.123397
123	-13.2425	-11.4409	-9.78219	-8.85322	-inf	0.00837001	0.0507185	0.266405	0.674506	0	0.409301
124	-21.9092	-20.1011	-18.4037	-17.2841	-inf	0.00702215	0.0428248	0.233803	0.71635	0	0.429195
125	-3.56229	-3.58243	-3.70414	-4.31548	-inf	0.301325	0.295318	0.261475	0.141882	0	0.114152
126	-7.72792	-7.75576	-7.92372	-8.7591	-inf	0.317329	0.308616	0.260899	0.113155	0	0.0982021
127	-13.8713	-12.0733	-10.4369	-9.62617	-inf	0.00927517	0.0559985	0.287649	0.647077	0	0.396249
128	-6.84273	-6.87703	-7.08386	-8.11101	-inf	0.329669	0.318555	0.259035	0.0927413	0	0.0867223
129	-15.6101	-15.6346	-15.7822	-16.5175	-inf	0.310439	0.302933	0.261345	0.125283	0	0.104956
130	-3.37598	-3.40708	-3.59472	-4.5287	-inf	0.323762	0.313848	0.260153	0.102237	0	0.0920872
131	-3.63089	-3.65987	-3.83494	-4.71271	-inf	0.319914	0.310777	0.260865	0.108444	0	0.0955923
132	-3.56229	-3.58243	-3.70414	-4.31548	-inf	0.301325	0.295318	0.261475	0.141882	0	0.114152
133	-13.8462	-13.8693	-14.0088	-14.7054	-inf	0.307635	0.30061	0.261473	0.130282	0	0.107734
134	-20.7585	-18.9524	-17.2672	-16.2119	-inf	0.00745045	0.0453469	0.244591	0.702612	0	0.422671
135	-7.35878	-7.38494	-7.54289	-8.33132	-inf	0.314057	0.305947	0.261245	0.118751	0	0.101332
136	-17.0508	-15.2502	-13.5976	-12.6985	-inf	0.00859718	0.0520426	0.271706	0.667655	0	0.40604
137	-35.2018	-29.7578	-24.5452	-20.5802	-inf	4.38232e-07	0.0001014	0.0186138	0.981284	0	0.55434
138	-7.47679	-7.4995	-7.63647	-8.31764	-inf	0.306625	0.299741	0.261373	0.132261	0	0.108819
139	-22.2732	-20.478	-18.8585	-18.1254	-inf	0.00992818	0.0597711	0.301888	0.628412	0	0.387347
140	-16.8881	-16.9237	-17.1383	-18.203	-inf	0.331984	0.320377	0.2585	0.0891395	0	0.0846762
141	-8.49529	-8.52305	-8.69064	-9.52637	-inf	0.31728	0.308592	0.260978	0.11315	0	0.0982067
142	-3.95129	-3.97072	-4.08813	-4.67728	-inf	0.299696	0.293929	0.261368	0.145006	0	0.11587
143	-9.87736	-9.89388	-9.99369	-10.4934	-inf	0.292923	0.288122	0.260753	0.158202	0	0.123108
144	-12.1141	-12.1305	-12.2294	-12.7232	-inf	0.29252	0.287762	0.260641	0.159077	0	0.123581
145	-4.37396	-4.4034	-4.58115	-5.46971	-inf	0.320703	0.3114	0.260689	0.107208	0	0.0948907
146	-4.11453	-4.15116	-4.37208	-5.46871	-inf	0.333875	0.321865	0.258067	0.0861928	0	0.0830029
147	-21.5177	-19.7154	-18.0524	-17.1061	-inf	0.00823379	0.049929	0.263363	0.678474	0	0.411192
148	-3.56229	-3.58243	-3.70414	-4.31548	-inf	0.301325	0.295318	0.261475	0.141882	0	0.114152
149	-9.30588	-9.34474	-9.57891	-10.7373	-inf	0.337617	0.324751	0.256951	0.0806805	0	0.0798417
150	-45.0387	-37.7572	-30.6703	-24.7092	-inf	1.47872e-09	2.14884e-06	0.00257063	0.997427	0	0.561694
151	-43.2594	-39.6348	-36.1892	-33.6991	-inf	6.49116e-05	0.0024347	0.0763594	0.921141	0	0.526754
152	-9.92026	-9.94053	-10.0627	-10.6698	-inf	0.301231	0.295188	0.261231	0.142351	0	0.114387
153	-39.4555	-33.9548	-28.4364	-23.3981	-inf	1.05574e-07	2.58492e-05	0.00644311	0.993531	0	0.559919
154	-8.47634	-8.49597	-8.61463	-9.21053	-inf	0.300183	0.294347	0.261414	0.144056	0	0.115348
155	-22.2082	-22.232	-22.3754	-23.0934	-inf	0.309103	0.301846	0.261503	0.127548	0	0.106225
156	-8.73095	-8.75972	-8.93328	-9.7974	-inf	0.319213	0.310161	0.260743	0.109883	0	0.096376
157	-3.53533	-3.57162	-3.79055	-4.87921	-inf	0.33334	0.32146	0.258254	0.0869454	0	0.0834379
158	-6.984	-7.0151	-7.2025	-8.12908	-inf	0.323488	0.313583	0.259995	0.102934	0	0.092457
159	-4.20908	-4.23076	-4.3618	-5.02073	-inf	0.30478	0.298244	0.261615	0.135361	0	0.110558
160	-3.85221	-3.88173	-4.06005	-4.95253	-inf	0.320923	0.311587	0.260698	0.106791	0	0.0946613
161	-15.5193	-13.7173	-12.0566	-11.1183	-inf	0.00829921	0.0503057	0.264747	0.676648	0	0.41032
162	-17.0989	-17.1183	-17.2354	-17.8154	-inf	0.299257	0.2935	0.261072	0.14617	0	0.116484
163	-3.37598	-3.40708	-3.59472	-4.5287	-inf	0.323762	0.313848	0.260153	0.102237	0	0.0920872
164	-7.73154	-7.75278	-7.88093	-8.51957	-inf	0.303493	0.297116	0.26138	0.138011	0	0.112001
165	-17.9698	-16.1754	-14.56	-13.8477	-inf	0.0101042	0.0607883	0.305743	0.623364	0	0.38494
166	-3.85221	-3.88173	-4.06005	-4.95253	-inf	0.320923	0.311587	0.260698	0.106791	0	0.0946613
167	-14.6511	-14.6788	-14.8456	-15.6725	-inf	0.316845	0.3082	0.260853	0.114102	0	0.0987209
168	-8.91862	-8.94058	-9.07322	-9.73751	-inf	0.305255	0.298625	0.261528	0.134592	0	0.110124
169	-4.1176	-4.1466	-4.32154	-5.19262	-inf	0.31967	0.310534	0.260695	0.109101	0	0.0959385
170	-8.20764	-8.22635	-8.33923	-8.90227	-inf	0.297847	0.292328	0.261122	0.148704	0	0.11789
171	-11.1402	-11.1686	-11.3395	-12.1832	-inf	0.318088	0.309193	0.260627	0.112092	0	0.0975868
172	-4.40813	-4.43195	-4.57559	-5.28983	-inf	0.308989	0.301718	0.261348	0.127946	0	0.106429
173	-3.53259	-3.55659	-3.70156	-4.42878	-inf	0.309698	0.302355	0.261551	0.126395	0	0.105592
174	-7.32052	-7.35515	-7.56394	-8.59932	-inf	0.330221	0.318982	0.258873	0.0919239	0	0.086254
175	-3.93924	-3.96504	-4.12081	-4.89865	-inf	0.313322	0.305341	0.261298	0.12004	0	0.10205
176	-3.53259	-3.55659	-3.70156	-4.42878	-inf	0.309698	0.302355	0.261551	0.126395	0	0.105592
177	-5.00224	-5.0318	-5.2099	-6.0901	-inf	0.320482	0.311148	0.260388	0.107983	0	0.0952894
178	-9.81826	-9.83378	-9.92749	-10.3958	-inf	0.290494	0.28602	0.260435	0.163051	0	0.125759
179	-24.2414	-20.6071	-17.1022	-14.3108	-inf	4.57689e-05	0.00173355	0.0576858	0.940535	0	0.535645
180	-3.77163	-3.80861	-4.03154	-5.13637	-inf	0.334418	0.322278	0.257877	0.0854264	0	0.0825599
181	-3.63089	-3.65987	-3.83494	-4.71271	-inf	0.319914	0.310777	0.260865	0.108444	0	0.0955922
182	-3.56229	-3.58243	-3.70414	-4.31548	-inf	0.301325	0.295318	0.261475	0.141882	0	0.114152
183	-15.8711	-14.0696	-12.4116	-11.4888	-inf	0.00841117	0.0509627	0.267497	0.673129	0	0.408648
184	-4.46625	-4.49592	-4.67489	-5.56395	-inf	0.320915	0.311533	0.260483	0.107069	0	0.0947936
185	-12.6309	-12.6443	-12.725	-13.1288	-inf	0.28532	0.281535	0.259719	0.173426	0	0.131427
186	-17.9753	-16.1654	-14.4569	-13.278	-inf	0.00664516	0.0406001	0.22415	0.728605	0	0.435011
187	-8.91442	-8.92758	-9.0071	-9.40672	-inf	0.28493	0.281206	0.259709	0.174155	0	0.131829
188	-25.5824	-25.6067	-25.7528	-26.4784	-inf	0.309826	0.302407	0.261288	0.126479	0	0.105612
189	-3.56229	-3.58243	-3.70414	-4.31548	-inf	0.301325	0.295318	0.261475	0.141882	0	0.114152
190	-4.46625	-4.49592	-4.67489	-5.56395	-inf	0.320915	0.311533	0.260483	0.107069	0	0.0947936
191	-12.6453	-12.6754	-12.8574	-13.7615	-inf	0.321887	0.312322	0.260369	0.105422	0	0.0938707
192	-38.8044	-36.9899	-35.2537	-33.9436	-inf	0.00584412	0.0358718	0.203608	0.754676	0	0.447385
193	-3.37598	-3.40708	-3.59472	-4.5287	-inf	0.323762	0.313848	0.260153	0.102237	0	0.092087
311	-3.85221	-3.88173	-4.06005	-4.95254	-inf	0.320924	0.311587	0.260698	0.106791	0	0.0946609
312	-3.95129	-3.97072	-4.08813	-4.67729	-inf	0.299696	0.293929	0.261368	0.145006	0	0.115869
313	-3.62367	-3.64942	-3.80479	-4.57871	-inf	0.313115	0.305156	0.261244	0.120486	0	0.102292
314	-3.75198	-3.77798	-3.93505	-4.72165	-inf	0.31385	0.305793	0.261344	0.119013	0	0.101487
315	-3.95129	-3.97072	-4.08813	-4.67729	-inf	0.299696	0.293929	0.261368	0.145006	0	0.115869
316	-14.1308	-12.3248	-10.6397	-9.58396	-inf	0.00744918	0.0453375	0.244497	0.702716	0	0.42272
317	-3.90429	-3.93434	-4.11569	-5.01913	-inf	0.32177	0.312244	0.260456	0.10553	0	0.0939394
318	-3.84733	-3.88015	-4.07799	-5.05775	-inf	0.326819	0.316267	0.259498	0.0974153	0	0.0893544
319	-3.95129	-3.97072	-4.08813	-4.67729	-inf	0.299696	0.293929	0.261368	0.145006	0	0.115869
320	-3.56229	-3.58243	-3.70414	-4.31549	-inf	0.301326	0.295318	0.261475	0.141882	0	0.114151
321	-3.56229	-3.58243	-3.70414	-4.31549	-inf	0.301326	0.295318	0.261475	0.141882	0	0.114151
322	-8.02115	-8.03862	-8.14411	-8.67226	-inf	0.29512	0.29001	0.260974	0.153896	0	0.120748
323	-7.32137	-7.34518	-7.48885	-8.20312	-inf	0.308994	0.301721	0.261344	0.127941	0	0.106426
324	-9.39125	-9.42669	-9.64042	-10.7028	-inf	0.331781	0.320231	0.258607	0.0893817	0	0.084821
325	-3.95129	-3.97072	-4.08813	-4.67729	-inf	0.299696	0.293929	0.261368	0.145006	0	0.115869
326	-3.84733	-3.88015	-4.07799	-5.05775	-inf	0.326819	0.316267	0.259498	0.0974153	0	0.0893544
327	-6.48415	-6.51996	-6.73578	-7.80374	-inf	0.33227	0.320582	0.25835	0.0887979	0	0.0844723
328	-3.53533	-3.57162	-3.79055	-4.87923	-inf	0.333341	0.32146	0.258254	0.0869446	0	0.0834374
329	-4.20909	-4.23076	-4.36181	-5.02074	-inf	0.304781	0.298245	0.261615	0.13536	0	0.110558
330	-46.5076	-39.1442	-31.6759	-24.8322	-inf	3.85494e-10	6.07986e-07	0.00106498	0.998934	0	0.56238
331	-13.3253	-13.3476	-13.4817	-14.1496	-inf	0.305642	0.298921	0.261391	0.134045	0	0.109808
332	-3.95129	-3.97072	-4.08813	-4.67729	-inf	0.299696	0.293929	0.261368	0.145006	0	0.115869
333	-6.56813	-6.59018	-6.72312	-7.38269	-inf	0.305116	0.298462	0.261307	0.135115	0	0.110391
334	-3.37599	-3.40709	-3.59472	-4.52871	-inf	0.323762	0.313848	0.260153	0.102236	0	0.0920867
335	-11.6622	-9.87266	-8.2867	-7.72006	-inf	0.0113951	0.0682212	0.33319	0.587194	0	0.367676
336	-3.63089	-3.65987	-3.83494	-4.71272	-inf	0.319914	0.310777	0.260865	0.108443	0	0.0955919
337	-32.2396	-28.4646	-24.4109	-20.7557	-inf	1.00307e-05	0.000437286	0.0251932	0.974359	0	0.551157
338	-23.102	-19.4808	-16.0555	-13.6629	-inf	7.26873e-05	0.00271714	0.0835062	0.913704	0	0.523344
339	-7.28615	-7.31413	-7.48294	-8.32364	-inf	0.31765	0.308886	0.260906	0.112558	0	0.0978721
340	-31.2921	-27.6658	-24.2092	-21.6562	-inf	6.04814e-05	0.00227254	0.0720586	0.925608	0	0.528802
341	-3.85221	-3.88173	-4.06005	-4.95254	-inf	0.320924	0.311587	0.260698	0.106791	0	0.0946609
342	-13.2778	-13.2989	-13.4259	-14.0574	-inf	0.30302	0.296704	0.261308	0.138967	0	0.112523
343	-3.53533	-3.57162	-3.79055	-4.87923	-inf	0.333341	0.32146	0.258254	0.0869446	0	0.0834374
344	-10.2774	-10.3025	-10.4534	-11.2025	-inf	0.311483	0.303784	0.261224	0.123509	0	0.103962
345	-5.14493	-5.17287	-5.34155	-6.18399	-inf	0.317688	0.308935	0.260982	0.112395	0	0.0977896
346	-53.9306	-48.4629	-43.1136	-38.5752	-inf	2.12132e-07	5.02591e-05	0.0105773	0.989372	0	0.558025
347	-9.31371	-9.3499	-9.56819	-10.6535	-inf	0.333148	0.321308	0.258297	0.087248	0	0.0836096
348	-26.4493	-22.8267	-19.3926	-16.9538	-inf	6.8969e-05	0.00258187	0.0800487	0.9173	0	0.524993
349	-22.2335	-20.4269	-18.7388	-17.6688	-inf	0.00734955	0.0447543	0.242097	0.705799	0	0.424185
350	-10.7447	-10.7636	-10.878	-11.452	-inf	0.298566	0.292965	0.261292	0.147177	0	0.117063
351	-15.5437	-13.7359	-12.0402	-10.9327	-inf	0.00709677	0.0432688	0.235829	0.713805	0	0.427989
352	-15.9917	-14.1948	-12.5642	-11.7554	-inf	0.00934754	0.0563721	0.287894	0.646386	0	0.395893
353	-3.37599	-3.40709	-3.59472	-4.52871	-inf	0.323762	0.313848	0.260153	0.102236	0	0.0920867
354	-4.46625	-4.49592	-4.67489	-5.56396	-inf	0.320915	0.311533	0.260483	0.107069	0	0.0947932
355	-6.6405	-6.67232	-6.86406	-7.81178	-inf	0.324852	0.314678	0.259775	0.100695	0	0.0911964
356	-8.0229	-8.04108	-8.15091	-8.7019	-inf	0.296828	0.291481	0.261163	0.150529	0	0.118904
357	-11.7228	-9.93234	-8.34073	-7.74437	-inf	0.0111284	0.0666865	0.327541	0.594645	0	0.371232
358	-12.5651	-10.7706	-9.15449	-8.43591	-inf	0.0100574	0.0605133	0.30458	0.624849	0	0.385645
359	-12.625	-12.6532	-12.8236	-13.6744	-inf	0.318246	0.309391	0.260926	0.111437	0	0.0972543
360	-24.4879	-22.6661	-20.8954	-19.5663	-inf	0.00553283	0.034209	0.200992	0.759266	0	0.449656
361	-14.7087	-14.7368	-14.9061	-15.7463	-inf	0.317723	0.308922	0.260789	0.112566	0	0.0978652
362	-12.4678	-10.6666	-9.0105	-8.10035	-inf	0.00850103	0.0514917	0.269752	0.670256	0	0.407284
363	-5.14493	-5.17287	-5.34155	-6.18399	-inf	0.317688	0.308935	0.260982	0.112395	0	0.0977896
364	-3.95129	-3.97072	-4.08813	-4.67729	-inf	0.299696	0.293929	0.261368	0.145006	0	0.115869
365	-14.3497	-14.3734	-14.5164	-15.2149	-inf	0.308272	0.30103	0.260931	0.129768	0	0.107395
366	-7.88343	-7.90228	-8.01615	-8.58807	-inf	0.298389	0.292819	0.261302	0.14749	0	0.117237
367	-11.1307	-11.1501	-11.2677	-11.8575	-inf	0.299746	0.293972	0.261371	0.144911	0	0.115817
368	-34.9672	-31.3448	-27.9114	-25.4727	-inf	6.9036e-05	0.002584	0.080056	0.917291	0	0.524988
369	-20.6215	-18.8235	-17.1868	-16.3661	-inf	0.00921327	0.0556246	0.285814	0.649348	0	0.397322
370	-4.18425	-4.21442	-4.39639	-5.30005	-inf	0.321877	0.31231	0.26035	0.105463	0	0.0938918
371	-3.75198	-3.77798	-3.93505	-4.72165	-inf	0.31385	0.305793	0.261344	0.119013	0	0.101487
372	-11.5251	-11.5445	-11.6616	-12.2493	-inf	0.299591	0.29384	0.261362	0.145208	0	0.11598
373	-3.77164	-3.80861	-4.03154	-5.13638	-inf	0.334418	0.322279	0.257877	0.0854256	0	0.0825594
374	-24.6795	-21.0595	-17.6409	-15.2811	-inf	7.54826e-05	0.00281847	0.0860384	0.911068	0	0.522135
375	-19.2131	-15.5982	-12.2107	-10.0045	-inf	8.99285e-05	0.00334058	0.098853	0.897716	0	0.51601
376	-3.85221	-3.88173	-4.06005	-4.95254	-inf	0.320924	0.311587	0.260698	0.106791	0	0.0946609
377	-3.62367	-3.64942	-3.80479	-4.57871	-inf	0.313115	0.305156	0.261244	0.120486	0	0.102292
378	-3.96574	-4.00383	-4.23336	-5.36854	-inf	0.336277	0.32371	0.257319	0.0826934	0	0.0809921
379	-4.10587	-4.14171	-4.35782	-5.43026	-inf	0.332441	0.320738	0.258402	0.0884183	0	0.0842675
380	-27.5389	-23.8778	-20.2229	-16.8818	-inf	2.27079e-05	0.000883479	0.0341591	0.964935	0	0.546827
381	-29.6344	-25.9979	-22.4801	-19.6302	-inf	4.26673e-05	0.0016196	0.0545942	0.943743	0	0.537115
382	-8.05062	-8.06517	-8.15304	-8.59199	-inf	0.288171	0.284008	0.260118	0.167702	0	0.1283
383	-3.76174	-3.79791	-4.016	-5.0964	-inf	0.332977	0.321147	0.258221	0.0876551	0	0.0838272
384	-4.10587	-4.14171	-4.35782	-5.43026	-inf	0.332441	0.320738	0.258402	0.0884183	0	0.0842675
385	-16.7819	-16.8035	-16.9337	-17.5815	-inf	0.304198	0.297704	0.261363	0.136735	0	0.111293
386	-3.55656	-3.57627	-3.69534	-4.29335	-inf	0.30034	0.29448	0.261423	0.143757	0	0.115184
387	-7.62417	-7.64647	-7.78093	-8.44661	-inf	0.305605	0.298863	0.261263	0.134269	0	0.109919
388	-7.24263	-7.26527	-7.40186	-8.08243	-inf	0.30654	0.299679	0.261417	0.132364	0	0.10888
389	-14.9257	-14.9517	-15.1089	-15.8895	-inf	0.31365	0.305582	0.261136	0.119632	0	0.101809
390	-32.7383	-27.2911	-22.0603	-18.0063	-inf	3.93093e-07	9.12316e-05	0.0170551	0.982853	0	0.555054
391	-13.6271	-13.6453	-13.7551	-14.2983	-inf	0.296477	0.291126	0.260863	0.151535	0	0.119431
392	-21.6347	-21.6582	-21.7998	-22.5019	-inf	0.308188	0.301037	0.2613	0.129475	0	0.10727
393	-3.63077	-3.65912	-3.83039	-4.689	-inf	0.318658	0.309751	0.260994	0.110597	0	0.0967961
394	-3.36937	-3.3998	-3.58336	-4.49679	-inf	0.322449	0.312787	0.260333	0.104431	0	0.0933191
395	-11.4787	-11.5018	-11.6414	-12.3395	-inf	0.307706	0.300677	0.261512	0.130105	0	0.10764
396	-9.67174	-9.69964	-9.86799	-10.7058	-inf	0.317476	0.30874	0.260904	0.11288	0	0.0980503
397	-26.4823	-22.8352	-19.2567	-16.1636	-inf	3.15411e-05	0.00120997	0.0433384	0.95542	0	0.542467
398	-15.2427	-13.4408	-11.7805	-10.8497	-inf	0.00834516	0.0505828	0.266102	0.67497	0	0.409527
399	-5.13456	-5.16189	-5.32691	-6.15086	-inf	0.316457	0.307924	0.261083	0.114535	0	0.0989838
400	-13.5327	-11.7297	-10.0628	-9.09451	-inf	0.00807622	0.0490051	0.259517	0.683402	0	0.413534
401	-12.5922	-12.6056	-12.687	-13.0909	-inf	0.285437	0.281613	0.259614	0.173336	0	0.131367
402	-7.32111	-7.34904	-7.51771	-8.36103	-inf	0.317717	0.308965	0.26101	0.112308	0	0.0977442
403	-8.53392	-8.54808	-8.63347	-9.05563	-inf	0.286971	0.282933	0.259778	0.170318	0	0.129714
404	-46.677	-37.5749	-28.7148	-21.253	-inf	9.08328e-12	8.15142e-08	0.000574323	0.999426	0	0.562604
405	-4.1702	-4.19972	-4.37773	-5.26145	-inf	0.320585	0.31126	0.260504	0.107651	0	0.0951175
406	-14.5179	-12.6989	-10.9353	-9.48616	-inf	0.00509343	0.0314051	0.183189	0.780312	0	0.459532
407	-3.75987	-3.77655	-3.87707	-4.37547	-inf	0.29298	0.288136	0.260581	0.158303	0	0.123147
408	-3.77066	-3.78322	-3.85905	-4.238	-inf	0.283318	0.279783	0.259352	0.177547	0	0.13367
409	-32.7466	-27.286	-21.9738	-17.5164	-inf	2.40202e-07	5.65056e-05	0.0114591	0.988484	0	0.55762
410	-8.31411	-8.33336	-8.44918	-9.01815	-inf	0.298581	0.292889	0.260856	0.147674	0	0.117294
411	-3.77066	-3.78322	-3.85905	-4.238	-inf	0.283318	0.279783	0.259352	0.177547	0	0.13367
412	-12.5972	-12.6077	-12.6709	-12.9857	-inf	0.278044	0.275144	0.25828	0.188532	0	0.13964
413	-25.4717	-21.8311	-18.2883	-15.3136	-inf	3.68221e-05	0.00140354	0.0485116	0.950048	0	0.540004
414	-22.7733	-20.9542	-19.1902	-17.739	-inf	0.00508279	0.0313422	0.182913	0.780662	0	0.459698
415	-67.7323	-58.6273	-49.7494	-42.1965	-inf	8.12256e-12	7.31068e-08	0.00052431	0.999476	0	0.562627
