Sites	Ll_YN98.omega=0.00171127	Ll_YN98.omega=0.00470758	Ll_YN98.omega=0.0138873	Ll_YN98.omega=0.0647444	Ll_YN98.omega=1	Pr_YN98.omega=0.00171127	Pr_YN98.omega=0.00470758	Pr_YN98.omega=0.0138873	Pr_YN98.omega=0.0647444	Pr_YN98.omega=1	mean
1	-3.4844	-3.49613	-3.53207	-3.73093	-7.30589	0.268392	0.265261	0.255897	0.20975	0.000700562	0.0195425
2	-9.83623	-9.84284	-9.86308	-9.97464	-11.8861	0.259537	0.257827	0.252662	0.225991	0.00398382	0.0237821
3	-12.0199	-12.0298	-12.0598	-12.2261	-15.2069	0.265266	0.262675	0.254898	0.215855	0.00130596	0.0205117
4	-20.5807	-20.5875	-20.6081	-20.722	-22.7243	0.259836	0.258093	0.252828	0.225612	0.0036315	0.0234094
5	-7.86542	-7.87035	-7.88545	-7.96907	-9.48528	0.256386	0.255124	0.251299	0.231141	0.00604959	0.0261443
6	-4.48185	-4.49615	-4.53994	-4.78199	-9.05456	0.272382	0.268515	0.257011	0.201757	0.000335433	0.0186975
7	-8.09899	-8.10916	-8.14029	-8.31194	-11.1977	0.265746	0.263057	0.254994	0.214775	0.00142907	0.0205688
8	-3.74452	-3.76005	-3.80761	-4.07052	-8.72332	0.274267	0.270041	0.2575	0.197967	0.000225029	0.0183589
9	-3.49417	-3.51139	-3.56411	-3.85556	-8.99558	0.276811	0.272086	0.258112	0.192857	0.000134674	0.0179602
10	-13.5826	-13.5954	-13.6345	-13.8508	-17.6752	0.270016	0.266588	0.25636	0.206499	0.000537403	0.0191843
11	-7.37468	-7.38294	-7.40824	-7.54822	-10.0565	0.262632	0.260471	0.253963	0.22079	0.00214284	0.0216403
12	-4.46368	-4.48128	-4.53517	-4.83282	-9.9789	0.277365	0.272525	0.258226	0.19175	0.000133092	0.0178915
13	-3.49417	-3.51139	-3.56411	-3.85556	-8.99558	0.276811	0.272086	0.258112	0.192857	0.000134674	0.0179602
14	-4.69871	-4.71579	-4.7681	-5.05665	-9.91656	0.276566	0.27188	0.258024	0.193351	0.000178668	0.0180335
15	-13.1295	-13.1435	-13.1864	-13.4235	-17.6074	0.27193	0.268148	0.25689	0.202664	0.000368174	0.0187847
16	-11.8156	-11.8274	-11.8636	-12.0634	-15.4929	0.268466	0.26531	0.255879	0.209535	0.000809425	0.0196375
17	-10.8509	-10.8597	-10.8866	-11.0355	-13.6419	0.263515	0.261207	0.254262	0.219089	0.00192764	0.021324
18	-21.3469	-21.3604	-21.4018	-21.6302	-25.6548	0.271143	0.267507	0.256673	0.204242	0.000435126	0.0189465
19	-4.05413	-4.06181	-4.08533	-4.2155	-6.57122	0.261627	0.259626	0.253591	0.222639	0.00251684	0.0221231
20	-8.7612	-8.76841	-8.79047	-8.91257	-11.1212	0.260772	0.2589	0.253251	0.224142	0.00293522	0.0226292
21	-12.2127	-12.2256	-12.2651	-12.4839	-16.3788	0.270244	0.266777	0.25643	0.206049	0.000499741	0.0191197
22	-4.50276	-4.51842	-4.56637	-4.83127	-9.43185	0.274448	0.270183	0.257532	0.1976	0.000236653	0.0183482
23	-4.46368	-4.48128	-4.53517	-4.83282	-9.9789	0.277365	0.272525	0.258226	0.19175	0.000133092	0.0178915
24	-8.04401	-8.06106	-8.11328	-8.40196	-13.4911	0.276566	0.271889	0.258054	0.193349	0.000142064	0.0179972
25	-3.93743	-3.94386	-3.96354	-4.07254	-6.05409	0.25935	0.257688	0.252665	0.226573	0.00372361	0.0235587
26	-8.38591	-8.39882	-8.43833	-8.65676	-12.5198	0.270215	0.266751	0.256416	0.206102	0.000516059	0.0191391
27	-14.6241	-14.6321	-14.6565	-14.7917	-17.211	0.262131	0.260049	0.253773	0.221696	0.00235161	0.0219022
28	-4.27478	-4.27878	-4.29102	-4.35884	-5.59761	0.254386	0.253371	0.250287	0.233877	0.00807837	0.0283245
29	-3.5773	-3.59032	-3.63019	-3.85063	-7.75024	0.270401	0.266903	0.256469	0.20573	0.000496654	0.0190974
30	-3.5773	-3.59032	-3.63019	-3.85063	-7.75024	0.270401	0.266903	0.256469	0.20573	0.000496654	0.0190974
31	-5.01923	-5.02364	-5.03715	-5.11193	-6.4718	0.255284	0.254161	0.250751	0.232684	0.00712054	0.0273011
32	-33.927	-33.9396	-33.9782	-34.191	-37.8254	0.269694	0.266313	0.256227	0.207114	0.000651824	0.0193348
33	-3.93743	-3.94386	-3.96354	-4.07254	-6.05409	0.25935	0.257688	0.252665	0.226573	0.00372361	0.0235587
34	-7.21096	-7.21541	-7.22905	-7.30457	-8.67565	0.255374	0.25424	0.250795	0.232553	0.00703721	0.0272105
35	-4.49817	-4.50391	-4.52147	-4.61872	-6.38363	0.258013	0.256538	0.25207	0.228711	0.00466798	0.0246255
36	-4.27478	-4.27878	-4.29102	-4.35884	-5.59761	0.254386	0.253371	0.250287	0.233877	0.00807837	0.0283245
37	-3.49417	-3.51139	-3.56411	-3.85556	-8.99558	0.276811	0.272086	0.258112	0.192857	0.000134674	0.0179602
38	-4.69871	-4.71579	-4.7681	-5.05665	-9.91656	0.276566	0.27188	0.258024	0.193351	0.000178668	0.0180335
39	-3.4844	-3.49613	-3.53207	-3.73093	-7.30589	0.268392	0.265261	0.255897	0.20975	0.000700562	0.0195425
40	-5.01923	-5.02364	-5.03715	-5.11193	-6.4718	0.255284	0.254161	0.250751	0.232684	0.00712054	0.0273011
41	-4.28543	-4.30566	-4.36759	-4.70924	-10.4868	0.281223	0.275591	0.259043	0.184075	6.79483e-05	0.0173618
42	-4.28543	-4.30566	-4.36759	-4.70924	-10.4868	0.281223	0.275591	0.259043	0.184075	6.79483e-05	0.0173618
43	-3.5773	-3.59032	-3.63019	-3.85063	-7.75024	0.270401	0.266903	0.256469	0.20573	0.000496654	0.0190974
44	-3.4844	-3.49613	-3.53207	-3.73093	-7.30589	0.268392	0.265261	0.255897	0.20975	0.000700562	0.0195425
45	-8.35212	-8.36889	-8.42023	-8.70402	-13.7038	0.276133	0.271542	0.257952	0.194218	0.000156041	0.0180637
46	-15.4348	-14.4289	-13.3655	-11.9282	-11.0213	0.0182382	0.0498703	0.144427	0.607971	0.179494	0.221129
47	-8.91293	-8.91973	-8.94055	-9.05569	-11.1103	0.259998	0.258236	0.252915	0.225408	0.00344348	0.0232103
48	-13.2867	-13.3052	-13.3619	-13.6751	-19.0947	0.278733	0.273618	0.258533	0.189016	9.9807e-05	0.0176929
49	-4.05413	-4.06181	-4.08533	-4.2155	-6.57122	0.261627	0.259626	0.253591	0.222639	0.00251684	0.0221231
50	-15.1785	-15.1851	-15.2055	-15.318	-17.3166	0.259703	0.257982	0.252785	0.225881	0.00364947	0.0234434
51	-4.48185	-4.49615	-4.53994	-4.78199	-9.05456	0.272382	0.268515	0.257011	0.201757	0.000335433	0.0186975
52	-3.49417	-3.51139	-3.56411	-3.85556	-8.99558	0.276811	0.272086	0.258112	0.192857	0.000134674	0.0179602
53	-8.23647	-8.2538	-8.30688	-8.60001	-13.6661	0.276966	0.272206	0.258134	0.192549	0.000144777	0.0179514
54	-3.54322	-3.56317	-3.62424	-3.96155	-9.81254	0.280836	0.27529	0.258981	0.184831	6.33946e-05	0.0174032
55	-3.74452	-3.76005	-3.80761	-4.07052	-8.72332	0.274267	0.270041	0.2575	0.197967	0.000225029	0.0183589
56	-3.49417	-3.51139	-3.56411	-3.85556	-8.99558	0.276811	0.272086	0.258112	0.192857	0.000134674	0.0179602
57	-3.67672	-3.69099	-3.7347	-3.97643	-8.29569	0.272352	0.268493	0.257011	0.201823	0.000320236	0.0186864
58	-14.4739	-14.4828	-14.5101	-14.6608	-17.2991	0.2637	0.261361	0.254328	0.218747	0.00186415	0.0212404
59	-3.67672	-3.69099	-3.7347	-3.97643	-8.29569	0.272352	0.268493	0.257011	0.201823	0.000320236	0.0186864
60	-19.746	-19.7588	-19.7978	-20.0135	-23.8273	0.269961	0.266543	0.256344	0.206609	0.000543456	0.0191969
61	-10.8935	-10.9078	-10.9516	-11.1934	-15.4383	0.272368	0.268501	0.256999	0.201786	0.000344896	0.0187086
62	-9.30891	-9.32756	-9.38465	-9.699	-14.792	0.278857	0.273703	0.258516	0.188785	0.000138172	0.0177167
63	-3.41872	-3.43553	-3.487	-3.77157	-8.81322	0.276201	0.271597	0.257971	0.194081	0.00014954	0.018049
64	-4.27478	-4.27878	-4.29102	-4.35884	-5.59761	0.254386	0.253371	0.250287	0.233877	0.00807837	0.0283245
65	-3.86177	-3.87395	-3.91126	-4.11772	-7.83647	0.269105	0.265847	0.256111	0.208335	0.000602648	0.0193599
66	-4.12868	-4.13626	-4.15946	-4.28787	-6.61065	0.261441	0.259469	0.253518	0.222967	0.00260494	0.0222304
67	-4.12868	-4.13626	-4.15946	-4.28787	-6.61065	0.261441	0.259469	0.253518	0.222967	0.00260494	0.0222304
68	-11.0081	-11.0125	-11.026	-11.1006	-12.4571	0.255261	0.25414	0.250739	0.232715	0.00714501	0.0273273
69	-4.72506	-4.73801	-4.77769	-4.99713	-8.90507	0.270308	0.266829	0.256449	0.205921	0.000492984	0.0191053
70	-10.3279	-10.3367	-10.3636	-10.5127	-13.1213	0.26353	0.261219	0.254267	0.21906	0.00192296	0.0213177
71	-11.8576	-11.8643	-11.8847	-11.9976	-13.9506	0.259692	0.257964	0.252744	0.225782	0.00381791	0.0236048
72	-3.67672	-3.69099	-3.7347	-3.97643	-8.29569	0.272352	0.268493	0.257011	0.201823	0.000320236	0.0186864
73	-3.74452	-3.76005	-3.80761	-4.07052	-8.72332	0.274267	0.270041	0.2575	0.197967	0.000225029	0.0183589
74	-13.0101	-13.0223	-13.0599	-13.2674	-16.9398	0.269202	0.265922	0.256124	0.208121	0.000630551	0.0193746
75	-3.54322	-3.56317	-3.62424	-3.96155	-9.81254	0.280836	0.27529	0.258981	0.184831	6.33946e-05	0.0174032
76	-5.01923	-5.02364	-5.03715	-5.11193	-6.4718	0.255284	0.254161	0.250751	0.232684	0.00712054	0.0273011
77	-3.67672	-3.69099	-3.7347	-3.97643	-8.29569	0.272352	0.268493	0.257011	0.201823	0.000320236	0.0186864
78	-3.74452	-3.76005	-3.80761	-4.07052	-8.72332	0.274267	0.270041	0.2575	0.197967	0.000225029	0.0183589
79	-12.5328	-12.5361	-12.5462	-12.602	-13.6142	0.252711	0.251882	0.249357	0.235832	0.0102175	0.0305674
80	-19.9046	-19.9239	-19.9831	-20.3093	-25.8118	0.279884	0.274528	0.258764	0.186733	9.07479e-05	0.0175455
81	-4.05413	-4.06181	-4.08533	-4.2155	-6.57122	0.261627	0.259626	0.253591	0.222639	0.00251684	0.0221231
82	-16.1236	-16.1408	-16.1936	-16.4843	-21.3027	0.276768	0.272038	0.258059	0.192949	0.000185852	0.0180162
83	-3.55846	-3.5719	-3.61307	-3.84083	-7.92359	0.271075	0.267456	0.256668	0.20439	0.000410835	0.0189313
84	-3.67672	-3.69099	-3.7347	-3.97643	-8.29569	0.272352	0.268493	0.257011	0.201823	0.000320236	0.0186864
85	-3.49417	-3.51139	-3.56411	-3.85556	-8.99558	0.276811	0.272086	0.258112	0.192857	0.000134674	0.0179602
86	-3.4844	-3.49613	-3.53207	-3.73093	-7.30589	0.268392	0.265261	0.255897	0.20975	0.000700562	0.0195425
87	-3.41872	-3.43553	-3.487	-3.77157	-8.81322	0.276201	0.271597	0.257971	0.194081	0.00014954	0.018049
88	-20.231	-19.2344	-18.1994	-16.9185	-18.7108	0.0254226	0.0688749	0.193891	0.697951	0.0138605	0.0621094
89	-11.7149	-11.7187	-11.7304	-11.7948	-12.965	0.253919	0.252956	0.250029	0.234424	0.008672	0.0289472
90	-4.48185	-4.49615	-4.53994	-4.78199	-9.05456	0.272382	0.268515	0.257011	0.201757	0.000335433	0.0186975
91	-3.49417	-3.51139	-3.56411	-3.85556	-8.99558	0.276811	0.272086	0.258112	0.192857	0.000134674	0.0179602
92	-16.5413	-15.5459	-14.5147	-13.2536	-15.1007	0.0259208	0.0701372	0.196702	0.69419	0.0130502	0.0611013
93	-35.3873	-32.3676	-29.1715	-24.8249	-21.0889	4.30314e-06	8.81482e-05	0.00215399	0.166331	0.831423	0.842222
94	-12.3449	-12.3636	-12.4206	-12.7344	-17.8262	0.278813	0.273668	0.258508	0.188873	0.000138403	0.0177223
95	-7.94424	-7.95785	-7.99952	-8.22999	-12.3446	0.271325	0.267658	0.256733	0.203888	0.000396989	0.0188872
96	-3.5773	-3.59032	-3.63019	-3.85063	-7.75024	0.270401	0.266903	0.256469	0.20573	0.000496654	0.0190974
97	-11.249	-11.268	-11.3261	-11.646	-16.8384	0.27934	0.274088	0.258622	0.187826	0.000124465	0.017645
98	-8.60597	-8.61051	-8.62442	-8.70135	-10.0847	0.255532	0.254375	0.250862	0.232287	0.00694356	0.0271014
99	-5.01923	-5.02364	-5.03715	-5.11193	-6.4718	0.255284	0.254161	0.250751	0.232684	0.00712054	0.0273011
100	-10.7524	-10.7572	-10.7721	-10.8543	-12.286	0.256125	0.254882	0.251113	0.231292	0.00658782	0.0266882
101	-7.01719	-7.02035	-7.03003	-7.08363	-8.05973	0.252408	0.251611	0.249188	0.236184	0.0106088	0.0309774
102	-3.5773	-3.59032	-3.63019	-3.85063	-7.75024	0.270401	0.266903	0.256469	0.20573	0.000496654	0.0190974
103	-3.49417	-3.51139	-3.56411	-3.85556	-8.99558	0.276811	0.272086	0.258112	0.192857	0.000134674	0.0179602
104	-12.2102	-11.2151	-10.1849	-8.93061	-11.2437	0.0262035	0.0708798	0.198583	0.696121	0.00821203	0.0564183
105	-3.49417	-3.51139	-3.56411	-3.85556	-8.99558	0.276811	0.272086	0.258112	0.192857	0.000134674	0.0179602
106	-11.5657	-11.5722	-11.5923	-11.7031	-13.7058	0.259542	0.257851	0.25274	0.226227	0.00364006	0.0234549
107	-8.75908	-8.77652	-8.82993	-9.12486	-14.222	0.277125	0.272334	0.258171	0.19223	0.000140122	0.0179275
108	-9.94219	-9.94704	-9.96188	-10.044	-11.5107	0.256165	0.254927	0.251171	0.231375	0.00636279	0.0264696
109	-17.3363	-17.3398	-17.3503	-17.4086	-18.4682	0.253073	0.252205	0.249563	0.23543	0.00972842	0.0300573
110	-4.46891	-4.48288	-4.52568	-4.76216	-8.8923	0.271873	0.268099	0.256867	0.202772	0.000388724	0.0188116
111	-10.7954	-10.801	-10.8182	-10.913	-12.608	0.257697	0.256259	0.251904	0.229125	0.00501509	0.0249953
112	-56.4393	-52.397	-48.0862	-42.0192	-32.6831	4.03798e-10	2.30008e-08	1.71351e-06	0.000739164	0.999259	0.999307
113	-7.36943	-7.37567	-7.39478	-7.50061	-9.42212	0.258993	0.257382	0.252509	0.227152	0.00396412	0.0238325
114	-4.48185	-4.49615	-4.53994	-4.78199	-9.05456	0.272382	0.268515	0.257011	0.201757	0.000335433	0.0186975
115	-3.49417	-3.51139	-3.56411	-3.85556	-8.99558	0.276811	0.272086	0.258112	0.192857	0.000134674	0.0179602
116	-7.61943	-7.62532	-7.64337	-7.74322	-9.53381	0.258291	0.256773	0.25218	0.228216	0.00453981	0.0244684
117	-4.28543	-4.30566	-4.36759	-4.70924	-10.4868	0.281223	0.275591	0.259043	0.184075	6.79483e-05	0.0173618
118	-10.1369	-10.1539	-10.2057	-10.4909	-15.211	0.276286	0.271648	0.257936	0.193923	0.000206089	0.0180952
119	-5.01923	-5.02364	-5.03715	-5.11193	-6.4718	0.255284	0.254161	0.250751	0.232684	0.00712054	0.0273011
120	-11.5804	-11.5944	-11.6372	-11.8741	-16.0527	0.271913	0.268134	0.256885	0.202698	0.000370203	0.0187888
121	-7.27052	-7.27431	-7.2859	-7.3501	-8.51872	0.253892	0.252933	0.250017	0.234471	0.00868747	0.0289654
122	-5.82861	-5.83231	-5.84367	-5.90656	-7.05691	0.253725	0.252787	0.249933	0.234699	0.00885627	0.0291468
123	-10.9514	-10.9598	-10.9857	-11.1287	-13.6863	0.262937	0.260727	0.254073	0.220228	0.00203429	0.0214986
124	-4.28543	-4.30566	-4.36759	-4.70924	-10.4868	0.281223	0.275591	0.259043	0.184075	6.79483e-05	0.0173618
125	-5.01923	-5.02364	-5.03715	-5.11193	-6.4718	0.255284	0.254161	0.250751	0.232684	0.00712054	0.0273011
126	-4.49817	-4.50391	-4.52147	-4.61872	-6.38363	0.258013	0.256538	0.25207	0.228711	0.00466798	0.0246255
127	-4.69871	-4.71579	-4.7681	-5.05665	-9.91656	0.276566	0.27188	0.258024	0.193351	0.000178668	0.0180335
128	-7.1082	-7.11537	-7.13735	-7.25899	-9.45335	0.260718	0.258853	0.253226	0.224224	0.00297861	0.0226772
129	-4.05413	-4.06181	-4.08533	-4.2155	-6.57122	0.261627	0.259626	0.253591	0.222639	0.00251684	0.0221231
130	-8.1935	-8.20944	-8.25827	-8.52821	-13.3137	0.274897	0.270549	0.257656	0.196701	0.000195802	0.0182533
131	-5.01923	-5.02364	-5.03715	-5.11193	-6.4718	0.255284	0.254161	0.250751	0.232684	0.00712054	0.0273011
132	-4.28543	-4.30566	-4.36759	-4.70924	-10.4868	0.281223	0.275591	0.259043	0.184075	6.79483e-05	0.0173618
133	-9.44342	-9.46333	-9.52428	-9.86095	-15.7	0.280779	0.275245	0.258969	0.184942	6.41974e-05	0.0174108
134	-8.7809	-8.78695	-8.80548	-8.90805	-10.771	0.258626	0.257066	0.252347	0.227747	0.00421404	0.0241166
135	-5.57028	-5.57559	-5.59185	-5.68184	-7.31156	0.257155	0.255794	0.251669	0.230008	0.00537398	0.025405
136	-12.7986	-12.8057	-12.8274	-12.9476	-15.0736	0.260535	0.258691	0.253123	0.224458	0.00319281	0.0229041
137	-4.05413	-4.06181	-4.08533	-4.2155	-6.57122	0.261627	0.259626	0.253591	0.222639	0.00251684	0.0221231
138	-4.05413	-4.06181	-4.08533	-4.2155	-6.57122	0.261627	0.259626	0.253591	0.222639	0.00251684	0.0221231
139	-4.05413	-4.06181	-4.08533	-4.2155	-6.57122	0.261627	0.259626	0.253591	0.222639	0.00251684	0.0221231
140	-7.74508	-7.74905	-7.76121	-7.82856	-9.05416	0.254315	0.253307	0.250245	0.233945	0.00818797	0.0284375
141	-4.12868	-4.13626	-4.15946	-4.28787	-6.61065	0.261441	0.259469	0.253518	0.222967	0.00260494	0.0222304
142	-4.46368	-4.48128	-4.53517	-4.83282	-9.9789	0.277365	0.272525	0.258226	0.19175	0.000133092	0.0178915
143	-3.4844	-3.49613	-3.53207	-3.73093	-7.30589	0.268392	0.265261	0.255897	0.20975	0.000700562	0.0195425
144	-4.50276	-4.51842	-4.56637	-4.83127	-9.43185	0.274448	0.270183	0.257532	0.1976	0.000236653	0.0183482
145	-3.74452	-3.76005	-3.80761	-4.07052	-8.72332	0.274267	0.270041	0.2575	0.197967	0.000225029	0.0183589
146	-3.49417	-3.51139	-3.56411	-3.85556	-8.99558	0.276811	0.272086	0.258112	0.192857	0.000134674	0.0179602
147	-13.7167	-13.7287	-13.7654	-13.9681	-17.5754	0.268752	0.265554	0.255995	0.209023	0.000675909	0.0194741
148	-19.9309	-19.9463	-19.9934	-20.2533	-24.758	0.274	0.269821	0.257418	0.198499	0.000261654	0.0184273
149	-9.82862	-9.8353	-9.85575	-9.96893	-12.0139	0.259802	0.258074	0.252849	0.225792	0.00348279	0.0232725
150	-3.93743	-3.94386	-3.96354	-4.07254	-6.05409	0.25935	0.257688	0.252665	0.226573	0.00372361	0.0235587
151	-3.74452	-3.76005	-3.80761	-4.07052	-8.72332	0.274267	0.270041	0.2575	0.197967	0.000225029	0.0183589
152	-6.13691	-6.14024	-6.15044	-6.20692	-7.24046	0.252833	0.251993	0.249436	0.23574	0.00999776	0.0303435
153	-4.28543	-4.30566	-4.36759	-4.70924	-10.4868	0.281223	0.275591	0.259043	0.184075	6.79483e-05	0.0173618
154	-3.54322	-3.56317	-3.62424	-3.96155	-9.81254	0.280836	0.27529	0.258981	0.184831	6.33946e-05	0.0174032
155	-3.4844	-3.49613	-3.53207	-3.73093	-7.30589	0.268392	0.265261	0.255897	0.20975	0.000700562	0.0195425
156	-4.48185	-4.49615	-4.53994	-4.78199	-9.05456	0.272382	0.268515	0.257011	0.201757	0.000335433	0.0186975
157	-17.5546	-16.5518	-15.4978	-14.112	-14.031	0.0213409	0.0581758	0.166908	0.667308	0.086267	0.1321
158	-21.1765	-19.1706	-17.0621	-14.2878	-14.1002	0.000839057	0.00623625	0.0513587	0.823175	0.118391	0.172431
159	-3.49417	-3.51139	-3.56411	-3.85556	-8.99558	0.276811	0.272086	0.258112	0.192857	0.000134674	0.0179602
160	-12.7631	-12.7817	-12.8389	-13.1537	-18.2607	0.278898	0.273736	0.258526	0.188703	0.000136205	0.0177098
161	-4.49817	-4.50391	-4.52147	-4.61872	-6.38363	0.258013	0.256538	0.25207	0.228711	0.00466798	0.0246255
162	-11.9528	-10.9575	-9.92652	-8.66812	-10.8861	0.0260832	0.0705714	0.197865	0.696444	0.00903576	0.0572513
163	-3.4844	-3.49613	-3.53207	-3.73093	-7.30589	0.268392	0.265261	0.255897	0.20975	0.000700562	0.0195425
164	-21.3028	-21.3119	-21.34	-21.4949	-24.2492	0.264141	0.261735	0.254502	0.217968	0.0016541	0.0209848
165	-9.25091	-9.25535	-9.26894	-9.34421	-10.7124	0.255346	0.254215	0.250782	0.232599	0.00705869	0.0272345
166	-4.28543	-4.30566	-4.36759	-4.70924	-10.4868	0.281223	0.275591	0.259043	0.184075	6.79483e-05	0.0173618
167	-19.7255	-19.7349	-19.7638	-19.9238	-22.7905	0.264646	0.262159	0.254686	0.217037	0.00147193	0.0207478
168	-14.2776	-14.2961	-14.3527	-14.6649	-19.9534	0.278655	0.273551	0.258499	0.189181	0.000113879	0.0177168
169	-9.4744	-9.47947	-9.49501	-9.58097	-11.1306	0.25666	0.255362	0.251425	0.230713	0.00583988	0.0259103
170	-15.8284	-15.8444	-15.8933	-16.1638	-20.831	0.274947	0.270584	0.257652	0.196597	0.000220284	0.0182712
171	-14.2143	-14.2309	-14.2817	-14.5622	-19.3882	0.275847	0.271306	0.257865	0.194795	0.000186204	0.0181284
172	-8.21524	-8.22709	-8.26339	-8.46415	-12.0611	0.268571	0.265407	0.255947	0.209391	0.000684168	0.0195045
173	-34.5354	-31.5163	-28.3223	-23.9876	-20.7476	6.46974e-06	0.000132445	0.00322995	0.246436	0.750195	0.766196
174	-4.48185	-4.49615	-4.53994	-4.78199	-9.05456	0.272382	0.268515	0.257011	0.201757	0.000335433	0.0186975
175	-4.49817	-4.50391	-4.52147	-4.61872	-6.38363	0.258013	0.256538	0.25207	0.228711	0.00466798	0.0246255
176	-4.69871	-4.71579	-4.7681	-5.05665	-9.91656	0.276566	0.27188	0.258024	0.193351	0.000178668	0.0180335
177	-10.0215	-10.0295	-10.0539	-10.1889	-12.6164	0.262127	0.260046	0.253776	0.221718	0.0023328	0.0218849
178	-3.5773	-3.59032	-3.63019	-3.85063	-7.75024	0.270401	0.266903	0.256469	0.20573	0.000496654	0.0190974
179	-6.25013	-6.26895	-6.32659	-6.6449	-12.1626	0.279182	0.273976	0.25863	0.188122	9.00471e-05	0.0176291
180	-21.8679	-20.8728	-19.8426	-18.588	-20.7635	0.026167	0.0707804	0.198303	0.695336	0.00941331	0.0575643
181	-3.93743	-3.94386	-3.96354	-4.07254	-6.05409	0.25935	0.257688	0.252665	0.226573	0.00372361	0.0235587
182	-7.90421	-7.91768	-7.95895	-8.18701	-12.207	0.271103	0.267475	0.256663	0.204322	0.000437287	0.0189534
183	-34.8715	-32.8563	-30.719	-27.7857	-24.9017	0.000262126	0.00196667	0.0166701	0.313228	0.667873	0.688394
184	-4.27478	-4.27878	-4.29102	-4.35884	-5.59761	0.254386	0.253371	0.250287	0.233877	0.00807837	0.0283245
185	-4.46891	-4.48288	-4.52568	-4.76216	-8.8923	0.271873	0.268099	0.256867	0.202772	0.000388724	0.0188116
186	-11.0723	-11.0787	-11.0983	-11.2064	-13.1154	0.259203	0.257553	0.252563	0.226675	0.00400585	0.0238453
187	-18.2223	-18.2327	-18.2648	-18.4416	-21.4982	0.266276	0.263503	0.255192	0.21383	0.00119932	0.0202837
188	-8.68825	-8.69292	-8.70725	-8.78654	-10.2148	0.255834	0.25464	0.251017	0.231883	0.00662666	0.0267623
189	-20.5339	-20.5537	-20.614	-20.9474	-26.7267	0.280497	0.275021	0.25891	0.185503	6.83588e-05	0.0174489
190	-3.55846	-3.5719	-3.61307	-3.84083	-7.92359	0.271075	0.267456	0.256668	0.20439	0.000410835	0.0189313
191	-3.5773	-3.59032	-3.63019	-3.85063	-7.75024	0.270401	0.266903	0.256469	0.20573	0.000496654	0.0190974
192	-6.69767	-6.70996	-6.74758	-6.95556	-10.6361	0.269243	0.265956	0.256136	0.208039	0.000625261	0.0193645
193	-14.0054	-14.0145	-14.0423	-14.1956	-16.8409	0.263951	0.261567	0.2544	0.218235	0.00184677	0.0211923
194	-8.12952	-8.14358	-8.18662	-8.42468	-12.6774	0.272019	0.268222	0.256922	0.202494	0.000343425	0.0187499
195	-4.12868	-4.13626	-4.15946	-4.28787	-6.61065	0.261441	0.259469	0.253518	0.222967	0.00260494	0.0222304
196	-17.6303	-17.6362	-17.6541	-17.7536	-19.5419	0.258249	0.256738	0.252165	0.228296	0.00455156	0.0244849
197	-3.93743	-3.94386	-3.96354	-4.07254	-6.05409	0.25935	0.257688	0.252665	0.226573	0.00372361	0.0235587
198	-3.41872	-3.43553	-3.487	-3.77157	-8.81322	0.276201	0.271597	0.257971	0.194081	0.00014954	0.018049
199	-3.74452	-3.76005	-3.80761	-4.07052	-8.72332	0.274267	0.270041	0.2575	0.197967	0.000225029	0.0183589
200	-11.2951	-11.3096	-11.3538	-11.5984	-15.9151	0.272612	0.268701	0.257071	0.201296	0.00032022	0.0186545
201	-3.93743	-3.94386	-3.96354	-4.07254	-6.05409	0.25935	0.257688	0.252665	0.226573	0.00372361	0.0235587
202	-8.89072	-8.90733	-8.95819	-9.23867	-13.9521	0.275849	0.271304	0.257852	0.194787	0.00020839	0.0181499
203	-12.8311	-12.8396	-12.8658	-13.0103	-15.5478	0.263077	0.260839	0.254104	0.219907	0.00207276	0.0215174
204	-8.01342	-8.0285	-8.07469	-8.33	-12.8371	0.273584	0.269488	0.257323	0.199342	0.000262124	0.0184788
205	-3.54322	-3.56317	-3.62424	-3.96155	-9.81254	0.280836	0.27529	0.258981	0.184831	6.33946e-05	0.0174032
206	-3.5773	-3.59032	-3.63019	-3.85063	-7.75024	0.270401	0.266903	0.256469	0.20573	0.000496654	0.0190974
207	-3.4844	-3.49613	-3.53207	-3.73093	-7.30589	0.268392	0.265261	0.255897	0.20975	0.000700562	0.0195425
208	-12.1293	-12.1455	-12.1952	-12.47	-17.3092	0.275335	0.2709	0.257759	0.195821	0.00018474	0.0181891
209	-4.05413	-4.06181	-4.08533	-4.2155	-6.57122	0.261627	0.259626	0.253591	0.222639	0.00251684	0.0221231
210	-3.41872	-3.43553	-3.487	-3.77157	-8.81322	0.276201	0.271597	0.257971	0.194081	0.00014954	0.018049
211	-3.86177	-3.87395	-3.91126	-4.11772	-7.83647	0.269105	0.265847	0.256111	0.208335	0.000602648	0.0193599
212	-3.49417	-3.51139	-3.56411	-3.85556	-8.99558	0.276811	0.272086	0.258112	0.192857	0.000134674	0.0179602
213	-24.7275	-22.7195	-20.6044	-17.7933	-16.9052	0.000717138	0.00534158	0.0442819	0.736304	0.213356	0.261669
214	-3.54322	-3.56317	-3.62424	-3.96155	-9.81254	0.280836	0.27529	0.258981	0.184831	6.33946e-05	0.0174032
215	-4.46368	-4.48128	-4.53517	-4.83282	-9.9789	0.277365	0.272525	0.258226	0.19175	0.000133092	0.0178915
216	-23.8134	-21.8	-19.6688	-16.7686	-14.4851	0.000390653	0.00292525	0.0246472	0.448021	0.524016	0.55338
217	-27.9933	-25.9756	-23.8309	-20.8564	-17.2041	0.00014061	0.00105752	0.0090307	0.176834	0.812937	0.824517
218	-40.4045	-36.3738	-32.0988	-26.2297	-20.3841	1.65384e-08	9.31102e-07	6.69267e-05	0.0236885	0.976244	0.977778
219	-8.73918	-8.75904	-8.81988	-9.15588	-14.9828	0.280722	0.2752	0.258957	0.185056	6.50171e-05	0.0174185
220	-17.9027	-17.9168	-17.96	-18.1984	-22.272	0.272053	0.26824	0.256896	0.2024	0.000410577	0.0188108
221	-6.92576	-6.94202	-6.99182	-7.26705	-12.1076	0.275371	0.270929	0.257767	0.195748	0.000184426	0.0181844
222	-4.46891	-4.48288	-4.52568	-4.76216	-8.8923	0.271873	0.268099	0.256867	0.202772	0.000388724	0.0188116
223	-10.9759	-10.9812	-10.9976	-11.0884	-12.7202	0.257228	0.255855	0.251693	0.229864	0.00535939	0.0253818
224	-8.16591	-8.17223	-8.19161	-8.29885	-10.2378	0.259144	0.25751	0.252569	0.226886	0.00389098	0.0237438
225	-4.27478	-4.27878	-4.29102	-4.35884	-5.59761	0.254386	0.253371	0.250287	0.233877	0.00807837	0.0283245
226	-12.8301	-12.84	-12.8706	-13.0394	-16.0548	0.265516	0.262882	0.254978	0.215365	0.00125877	0.0204353
227	-3.41872	-3.43553	-3.487	-3.77157	-8.81322	0.276201	0.271597	0.257971	0.194081	0.00014954	0.018049
228	-3.49417	-3.51139	-3.56411	-3.85556	-8.99558	0.276811	0.272086	0.258112	0.192857	0.000134674	0.0179602
229	-20.5401	-20.558	-20.6126	-20.9133	-25.8259	0.277658	0.272747	0.258251	0.191175	0.000167604	0.0178907
230	-6.92305	-6.9391	-6.98827	-7.26003	-12.0485	0.275061	0.27068	0.257692	0.196372	0.000194899	0.0182325
231	-4.12868	-4.13626	-4.15946	-4.28787	-6.61065	0.261441	0.259469	0.253518	0.222967	0.00260494	0.0222304
232	-3.93743	-3.94386	-3.96354	-4.07254	-6.05409	0.25935	0.257688	0.252665	0.226573	0.00372361	0.0235587
233	-14.75	-14.7669	-14.8185	-15.1035	-19.9881	0.276247	0.271627	0.257957	0.193994	0.000174888	0.0180687
234	-40.4973	-38.4842	-36.3536	-33.4569	-31.0464	0.00036636	0.00274266	0.0230918	0.418307	0.555492	0.58291
235	-4.28543	-4.30566	-4.36759	-4.70924	-10.4868	0.281223	0.275591	0.259043	0.184075	6.79483e-05	0.0173618
236	-4.27478	-4.27878	-4.29102	-4.35884	-5.59761	0.254386	0.253371	0.250287	0.233877	0.00807837	0.0283245
237	-9.02372	-9.02761	-9.03952	-9.10545	-10.3078	0.25413	0.253145	0.250148	0.234188	0.00838895	0.0286518
238	-4.27478	-4.27878	-4.29102	-4.35884	-5.59761	0.254386	0.253371	0.250287	0.233877	0.00807837	0.0283245
239	-3.93743	-3.94386	-3.96354	-4.07254	-6.05409	0.25935	0.257688	0.252665	0.226573	0.00372361	0.0235587
240	-32.8054	-32.8117	-32.8309	-32.9374	-34.8193	0.259012	0.257389	0.252482	0.226995	0.00412115	0.0239791
241	-4.28543	-4.30566	-4.36759	-4.70924	-10.4868	0.281223	0.275591	0.259043	0.184075	6.79483e-05	0.0173618
242	-4.77415	-4.7932	-4.85146	-5.17234	-10.3833	0.27943	0.274159	0.258642	0.187647	0.000122061	0.0176318
243	-8.11076	-8.11535	-8.12941	-8.2072	-9.60315	0.255636	0.254465	0.250912	0.232135	0.00685202	0.0270013
244	-4.27478	-4.27878	-4.29102	-4.35884	-5.59761	0.254386	0.253371	0.250287	0.233877	0.00807837	0.0283245
245	-4.12868	-4.13626	-4.15946	-4.28787	-6.61065	0.261441	0.259469	0.253518	0.222967	0.00260494	0.0222304
246	-10.0742	-10.0791	-10.0943	-10.1781	-11.6934	0.256401	0.255137	0.251304	0.231104	0.00605407	0.0261465
247	-3.93743	-3.94386	-3.96354	-4.07254	-6.05409	0.25935	0.257688	0.252665	0.226573	0.00372361	0.0235587
248	-10.7431	-10.7499	-10.7707	-10.8856	-12.9563	0.259989	0.258232	0.252924	0.225466	0.00338944	0.0231601
249	-3.93743	-3.94386	-3.96354	-4.07254	-6.05409	0.25935	0.257688	0.252665	0.226573	0.00372361	0.0235587
250	-3.41872	-3.43553	-3.487	-3.77157	-8.81322	0.276201	0.271597	0.257971	0.194081	0.00014954	0.018049
251	-14.9128	-14.9291	-14.9791	-15.2544	-19.7158	0.275394	0.270929	0.257712	0.195696	0.000269385	0.0182653
252	-13.799	-13.8098	-13.8431	-14.0273	-17.2966	0.266992	0.264104	0.255453	0.212487	0.000963445	0.0199685
253	-3.4844	-3.49613	-3.53207	-3.73093	-7.30589	0.268392	0.265261	0.255897	0.20975	0.000700562	0.0195425
254	-3.41872	-3.43553	-3.487	-3.77157	-8.81322	0.276201	0.271597	0.257971	0.194081	0.00014954	0.018049
255	-3.54322	-3.56317	-3.62424	-3.96155	-9.81254	0.280836	0.27529	0.258981	0.184831	6.33946e-05	0.0174032
256	-3.54322	-3.56317	-3.62424	-3.96155	-9.81254	0.280836	0.27529	0.258981	0.184831	6.33946e-05	0.0174032
257	-3.4844	-3.49613	-3.53207	-3.73093	-7.30589	0.268392	0.265261	0.255897	0.20975	0.000700562	0.0195425
258	-3.41872	-3.43553	-3.487	-3.77157	-8.81322	0.276201	0.271597	0.257971	0.194081	0.00014954	0.018049
259	-3.54322	-3.56317	-3.62424	-3.96155	-9.81254	0.280836	0.27529	0.258981	0.184831	6.33946e-05	0.0174032
260	-10.7441	-10.7542	-10.7854	-10.9571	-13.7965	0.265738	0.263045	0.254971	0.214749	0.00149665	0.0206344
261	-3.49417	-3.51139	-3.56411	-3.85556	-8.99558	0.276811	0.272086	0.258112	0.192857	0.000134674	0.0179602
262	-5.01923	-5.02364	-5.03715	-5.11193	-6.4718	0.255284	0.254161	0.250751	0.232684	0.00712054	0.0273011
263	-3.54322	-3.56317	-3.62424	-3.96155	-9.81254	0.280836	0.27529	0.258981	0.184831	6.33946e-05	0.0174032
264	-9.76552	-9.77664	-9.81069	-9.99863	-13.2615	0.267347	0.26439	0.255539	0.211757	0.00096628	0.0199273
265	-4.49817	-4.50391	-4.52147	-4.61872	-6.38363	0.258013	0.256538	0.25207	0.228711	0.00466798	0.0246255
266	-25.4625	-23.4457	-21.3037	-18.3444	-15.0289	0.000186651	0.00140256	0.0119446	0.230341	0.756126	0.771212
267	-4.46368	-4.48128	-4.53517	-4.83282	-9.9789	0.277365	0.272525	0.258226	0.19175	0.000133092	0.0178915
268	-13.3052	-13.3154	-13.3469	-13.5206	-16.5563	0.265979	0.263261	0.25511	0.214421	0.00122809	0.020348
269	-9.05874	-9.07496	-9.12462	-9.39819	-14.012	0.275244	0.270813	0.257693	0.196018	0.000231669	0.0182473
270	-29.223	-27.2124	-25.0894	-22.235	-20.7492	0.000579644	0.00432872	0.0361719	0.628091	0.330829	0.372018
271	-4.05413	-4.06181	-4.08533	-4.2155	-6.57122	0.261627	0.259626	0.253591	0.222639	0.00251684	0.0221231
272	-14.5568	-14.5619	-14.5775	-14.6639	-16.2205	0.256709	0.255404	0.251448	0.230641	0.0057973	0.0258636
273	-3.49417	-3.51139	-3.56411	-3.85556	-8.99558	0.276811	0.272086	0.258112	0.192857	0.000134674	0.0179602
274	-3.5773	-3.59032	-3.63019	-3.85063	-7.75024	0.270401	0.266903	0.256469	0.20573	0.000496654	0.0190974
275	-3.54322	-3.56317	-3.62424	-3.96155	-9.81254	0.280836	0.27529	0.258981	0.184831	6.33946e-05	0.0174032
276	-3.49417	-3.51139	-3.56411	-3.85556	-8.99558	0.276811	0.272086	0.258112	0.192857	0.000134674	0.0179602
277	-9.86626	-9.88273	-9.93314	-10.2106	-14.6787	0.275589	0.271086	0.25776	0.195298	0.000267036	0.0182388
278	-3.86177	-3.87395	-3.91126	-4.11772	-7.83647	0.269105	0.265847	0.256111	0.208335	0.000602648	0.0193599
279	-4.27478	-4.27878	-4.29102	-4.35884	-5.59761	0.254386	0.253371	0.250287	0.233877	0.00807837	0.0283245
280	-4.48185	-4.49615	-4.53994	-4.78199	-9.05456	0.272382	0.268515	0.257011	0.201757	0.000335433	0.0186975
281	-4.69871	-4.71579	-4.7681	-5.05665	-9.91656	0.276566	0.27188	0.258024	0.193351	0.000178668	0.0180335
282	-3.74452	-3.76005	-3.80761	-4.07052	-8.72332	0.274267	0.270041	0.2575	0.197967	0.000225029	0.0183589
283	-10.5394	-10.5554	-10.6045	-10.876	-15.6531	0.27503	0.270655	0.257684	0.196434	0.000197174	0.0182385
284	-9.30689	-9.31118	-9.32432	-9.39702	-10.7053	0.254992	0.2539	0.250585	0.233014	0.00750841	0.0277064
285	-4.46368	-4.48128	-4.53517	-4.83282	-9.9789	0.277365	0.272525	0.258226	0.19175	0.000133092	0.0178915
286	-15.2981	-14.3049	-13.2805	-12.0578	-14.7978	0.0270572	0.0730505	0.203484	0.691089	0.00531966	0.0532799
287	-3.49417	-3.51139	-3.56411	-3.85556	-8.99558	0.276811	0.272086	0.258112	0.192857	0.000134674	0.0179602
288	-3.4844	-3.49613	-3.53207	-3.73093	-7.30589	0.268392	0.265261	0.255897	0.20975	0.000700562	0.0195425
289	-4.77415	-4.7932	-4.85146	-5.17234	-10.3833	0.27943	0.274159	0.258642	0.187647	0.000122061	0.0176318
290	-26.3715	-24.364	-22.2504	-19.4479	-18.8579	0.00076654	0.00570687	0.0472411	0.778798	0.167487	0.218595
291	-11.6605	-11.6668	-11.6863	-11.7941	-13.718	0.259183	0.257539	0.252569	0.226762	0.00394763	0.0237926
292	-19.3304	-19.3362	-19.3538	-19.4516	-21.22	0.258066	0.256582	0.25209	0.228613	0.00464958	0.0246013
293	-3.49417	-3.51139	-3.56411	-3.85556	-8.99558	0.276811	0.272086	0.258112	0.192857	0.000134674	0.0179602
294	-8.89752	-8.9047	-8.92666	-9.04825	-11.2495	0.260718	0.258855	0.25323	0.224238	0.00295847	0.0226581
295	-4.28543	-4.30566	-4.36759	-4.70924	-10.4868	0.281223	0.275591	0.259043	0.184075	6.79483e-05	0.0173618
296	-4.12868	-4.13626	-4.15946	-4.28787	-6.61065	0.261441	0.259469	0.253518	0.222967	0.00260494	0.0222304
297	-26.085	-25.0873	-24.0491	-22.7502	-24.0395	0.024773	0.067184	0.189731	0.695474	0.0228375	0.0708591
298	-4.28543	-4.30566	-4.36759	-4.70924	-10.4868	0.281223	0.275591	0.259043	0.184075	6.79483e-05	0.0173618
299	-36.568	-33.5495	-30.3568	-26.0288	-22.6339	5.79655e-06	0.00011861	0.00288864	0.218934	0.778053	0.792269
300	-6.73813	-6.75692	-6.81445	-7.1321	-12.6262	0.279125	0.27393	0.258617	0.188235	9.22561e-05	0.0176382
301	-3.5773	-3.59032	-3.63019	-3.85063	-7.75024	0.270401	0.266903	0.256469	0.20573	0.000496654	0.0190974
302	-9.26487	-9.28034	-9.32773	-9.58972	-14.2253	0.274184	0.269974	0.257479	0.198135	0.000229121	0.0183731
303	-9.35232	-9.35772	-9.37424	-9.4656	-11.0914	0.257282	0.255898	0.251704	0.229728	0.00538847	0.0254025
304	-3.41872	-3.43553	-3.487	-3.77157	-8.81322	0.276201	0.271597	0.257971	0.194081	0.00014954	0.018049
305	-3.54322	-3.56317	-3.62424	-3.96155	-9.81254	0.280836	0.27529	0.258981	0.184831	6.33946e-05	0.0174032
306	-9.34526	-9.34878	-9.35958	-9.41936	-10.5082	0.253286	0.252395	0.249684	0.235197	0.00943849	0.0297552
307	-7.85848	-7.87824	-7.93872	-8.27277	-14.0643	0.280553	0.275065	0.258922	0.185392	6.7482e-05	0.0174413
308	-3.4844	-3.49613	-3.53207	-3.73093	-7.30589	0.268392	0.265261	0.255897	0.20975	0.000700562	0.0195425
309	-3.4844	-3.49613	-3.53207	-3.73093	-7.30589	0.268392	0.265261	0.255897	0.20975	0.000700562	0.0195425
310	-7.18356	-7.19824	-7.24317	-7.49158	-11.8781	0.272959	0.268983	0.257163	0.200598	0.000297597	0.0185899
311	-4.12868	-4.13626	-4.15946	-4.28787	-6.61065	0.261441	0.259469	0.253518	0.222967	0.00260494	0.0222304
312	-4.27478	-4.27878	-4.29102	-4.35884	-5.59761	0.254386	0.253371	0.250287	0.233877	0.00807837	0.0283245
313	-3.49417	-3.51139	-3.56411	-3.85556	-8.99558	0.276811	0.272086	0.258112	0.192857	0.000134674	0.0179602
314	-5.57028	-5.57559	-5.59185	-5.68184	-7.31156	0.257155	0.255794	0.251669	0.230008	0.00537398	0.025405
315	-14.2036	-13.2078	-12.1755	-10.9083	-12.5162	0.0256845	0.0695214	0.19518	0.693063	0.0165516	0.0645053
316	-4.46891	-4.48288	-4.52568	-4.76216	-8.8923	0.271873	0.268099	0.256867	0.202772	0.000388724	0.0188116
317	-3.4844	-3.49613	-3.53207	-3.73093	-7.30589	0.268392	0.265261	0.255897	0.20975	0.000700562	0.0195425
318	-24.5222	-22.513	-20.3944	-17.5639	-16.4123	0.000658349	0.00490943	0.0408448	0.692464	0.261124	0.306548
319	-4.77415	-4.7932	-4.85146	-5.17234	-10.3833	0.27943	0.274159	0.258642	0.187647	0.000122061	0.0176318
320	-4.77415	-4.7932	-4.85146	-5.17234	-10.3833	0.27943	0.274159	0.258642	0.187647	0.000122061	0.0176318
321	-13.4568	-12.4628	-11.4361	-10.2004	-12.7248	0.0267036	0.0721509	0.201449	0.693077	0.00661917	0.054675
322	-4.46891	-4.48288	-4.52568	-4.76216	-8.8923	0.271873	0.268099	0.256867	0.202772	0.000388724	0.0188116
323	-15.8526	-15.8636	-15.8972	-16.083	-19.3505	0.267147	0.264229	0.255492	0.212168	0.000963728	0.0199496
324	-4.48185	-4.49615	-4.53994	-4.78199	-9.05456	0.272382	0.268515	0.257011	0.201757	0.000335433	0.0186975
325	-14.0023	-12.9979	-11.9393	-10.5281	-10.1112	0.0201173	0.0549239	0.158313	0.649216	0.11743	0.161954
326	-3.74452	-3.76005	-3.80761	-4.07052	-8.72332	0.274267	0.270041	0.2575	0.197967	0.000225029	0.0183589
327	-16.6387	-16.6445	-16.6624	-16.7614	-18.5513	0.258206	0.256703	0.252153	0.228393	0.00454628	0.0244855
328	-5.01923	-5.02364	-5.03715	-5.11193	-6.4718	0.255284	0.254161	0.250751	0.232684	0.00712054	0.0273011
329	-7.27052	-7.27431	-7.2859	-7.3501	-8.51872	0.253892	0.252933	0.250017	0.234471	0.00868747	0.0289654
330	-3.55846	-3.5719	-3.61307	-3.84083	-7.92359	0.271075	0.267456	0.256668	0.20439	0.000410835	0.0189313
331	-24.4671	-23.4599	-22.3926	-20.9334	-19.6432	0.0164523	0.0450448	0.130966	0.563447	0.24409	0.282629
332	-3.93743	-3.94386	-3.96354	-4.07254	-6.05409	0.25935	0.257688	0.252665	0.226573	0.00372361	0.0235587
333	-7.88912	-7.90904	-7.97002	-8.30645	-13.9919	0.28077	0.275232	0.25895	0.184973	7.48626e-05	0.0174231
334	-19.9627	-19.9731	-20.005	-20.1803	-23.0392	0.266087	0.26333	0.25507	0.214051	0.00146301	0.0205588
335	-16.4796	-15.4836	-14.4505	-13.1794	-14.9172	0.025639	0.0694166	0.195041	0.695323	0.0145808	0.0626784
336	-15.9376	-15.9541	-16.0046	-16.2825	-20.8902	0.275635	0.271126	0.257783	0.195224	0.00023216	0.0181998
337	-16.9494	-15.949	-14.9024	-13.5571	-14.1838	0.0232054	0.0631072	0.179732	0.689997	0.0439581	0.0914644
338	-4.69871	-4.71579	-4.7681	-5.05665	-9.91656	0.276566	0.27188	0.258024	0.193351	0.000178668	0.0180335
339	-4.12868	-4.13626	-4.15946	-4.28787	-6.61065	0.261441	0.259469	0.253518	0.222967	0.00260494	0.0222304
340	-7.82902	-7.83851	-7.86755	-8.02791	-10.7964	0.264653	0.262154	0.254649	0.21692	0.00162289	0.0208907
341	-3.93743	-3.94386	-3.96354	-4.07254	-6.05409	0.25935	0.257688	0.252665	0.226573	0.00372361	0.0235587
342	-20.3001	-20.317	-20.3688	-20.6535	-25.2138	0.276235	0.271604	0.25791	0.194009	0.000241892	0.0181359
343	-4.50276	-4.51842	-4.56637	-4.83127	-9.43185	0.274448	0.270183	0.257532	0.1976	0.000236653	0.0183482
344	-4.27478	-4.27878	-4.29102	-4.35884	-5.59761	0.254386	0.253371	0.250287	0.233877	0.00807837	0.0283245
345	-4.05413	-4.06181	-4.08533	-4.2155	-6.57122	0.261627	0.259626	0.253591	0.222639	0.00251684	0.0221231
346	-8.91332	-8.93332	-8.99457	-9.33248	-15.045	0.280898	0.275334	0.258977	0.184718	7.27642e-05	0.0174056
347	-15.0159	-15.0243	-15.0502	-15.1931	-17.7539	0.262936	0.260727	0.254076	0.220232	0.00202811	0.0214927
348	-7.88912	-7.90904	-7.97002	-8.30645	-13.9919	0.28077	0.275232	0.25895	0.184973	7.48626e-05	0.0174231
