Sites	Ll_YN98.omega=0.00194736	Ll_YN98.omega=0.00662988	Ll_YN98.omega=0.0238812	Ll_YN98.omega=0.130885	Pr_YN98.omega=0.00194736	Pr_YN98.omega=0.00662988	Pr_YN98.omega=0.0238812	Pr_YN98.omega=0.130885	mean
1	-3.48552	-3.50434	-3.57365	-4.00235	0.286253	0.280916	0.262107	0.170724	0.0310244
2	-9.81779	-9.8284	-9.86745	-10.1072	0.271024	0.268162	0.257893	0.202921	0.0350237
3	-11.9853	-12.0011	-12.059	-12.4174	0.280704	0.27632	0.260758	0.182218	0.0324553
4	-20.5232	-20.534	-20.5737	-20.8187	0.271432	0.268519	0.258062	0.201987	0.0349087
5	-7.84869	-7.8566	-7.88574	-8.06614	0.265935	0.263839	0.256263	0.213963	0.0363914
6	-4.49872	-4.52165	-4.60608	-5.12724	0.29335	0.286698	0.263487	0.156466	0.0292434
7	-8.11284	-8.12914	-8.18907	-8.55704	0.28155	0.276998	0.260883	0.180569	0.0322486
8	-3.75514	-3.78005	-3.87177	-4.43812	0.296699	0.289398	0.264037	0.149866	0.0284171
9	-3.50501	-3.53262	-3.63427	-4.2617	0.301138	0.292937	0.264625	0.141299	0.027342
10	-13.5421	-13.5626	-13.638	-14.1038	0.289146	0.283281	0.262696	0.164878	0.0302946
11	-7.36224	-7.37548	-7.42425	-7.72582	0.276099	0.272466	0.259496	0.191938	0.0336629
12	-4.48617	-4.5144	-4.61828	-5.25827	0.302074	0.293666	0.26469	0.139571	0.027124
13	-3.50501	-3.53262	-3.63427	-4.2617	0.301138	0.292937	0.264625	0.141299	0.027342
14	-4.73016	-4.75757	-4.85839	-5.47788	0.300656	0.292527	0.264473	0.142344	0.0274714
15	-13.0935	-13.116	-13.1987	-13.7093	0.292555	0.286055	0.263347	0.158042	0.0294406
16	-11.7898	-11.8088	-11.8785	-12.3077	0.286358	0.280981	0.262054	0.170607	0.0310085
17	-10.8738	-10.888	-10.9399	-11.2602	0.277658	0.273767	0.259909	0.188667	0.0332562
18	-21.279	-21.3007	-21.3804	-21.8722	0.291142	0.284906	0.263081	0.160872	0.0297942
19	-4.07214	-4.08445	-4.12979	-4.41043	0.274368	0.271011	0.258999	0.195622	0.0341202
20	-8.75506	-8.7666	-8.80913	-9.07236	0.272927	0.269793	0.25856	0.19872	0.0345043
21	-12.1963	-12.217	-12.2933	-12.7646	0.289556	0.283619	0.262791	0.164033	0.0301894
22	-4.51709	-4.54223	-4.63471	-5.20474	0.297002	0.289631	0.264046	0.149321	0.0283481
23	-4.48617	-4.5144	-4.61828	-5.25827	0.302074	0.293666	0.26469	0.139571	0.027124
24	-8.03001	-8.05736	-8.15804	-8.7795	0.300711	0.292597	0.264573	0.142119	0.027445
25	-3.9441	-3.95441	-3.99239	-4.2276	0.270581	0.267806	0.257826	0.203787	0.0351322
26	-8.37019	-8.39089	-8.46708	-8.9375	0.289501	0.283571	0.262768	0.164161	0.0302051
27	-14.5993	-14.6121	-14.6592	-14.9504	0.275251	0.271752	0.259249	0.193748	0.0338874
28	-4.28012	-4.28654	-4.31019	-4.45673	0.263013	0.26133	0.255223	0.220434	0.0371912
29	-3.58627	-3.60716	-3.68405	-4.15881	0.289833	0.283842	0.262834	0.163491	0.0301215
30	-3.58627	-3.60716	-3.68405	-4.15881	0.289833	0.283842	0.262834	0.163491	0.0301215
31	-5.05193	-5.059	-5.08506	-5.24643	0.264298	0.262435	0.255686	0.217581	0.0368387
32	-33.7609	-33.7812	-33.8555	-34.3118	0.288503	0.282727	0.262465	0.166305	0.0304711
33	-3.9441	-3.95441	-3.99239	-4.2276	0.270581	0.267806	0.257826	0.203787	0.0351322
34	-7.2512	-7.25834	-7.28465	-7.44757	0.264432	0.26255	0.255733	0.217286	0.0368022
35	-4.49873	-4.50794	-4.54188	-4.75203	0.268469	0.266007	0.257131	0.208394	0.0357025
36	-4.28012	-4.28654	-4.31019	-4.45673	0.263013	0.26133	0.255223	0.220434	0.0371912
37	-3.50501	-3.53262	-3.63427	-4.2617	0.301138	0.292937	0.264625	0.141299	0.027342
38	-4.73016	-4.75757	-4.85839	-5.47788	0.300656	0.292527	0.264473	0.142344	0.0274714
39	-3.48552	-3.50434	-3.57365	-4.00235	0.286253	0.280916	0.262107	0.170724	0.0310244
40	-5.05193	-5.059	-5.08506	-5.24643	0.264298	0.262435	0.255686	0.217581	0.0368387
41	-4.31212	-4.34455	-4.46385	-5.19724	0.308644	0.298795	0.265194	0.127366	0.0255855
42	-4.31212	-4.34455	-4.46385	-5.19724	0.308644	0.298795	0.265194	0.127366	0.0255855
43	-3.58627	-3.60716	-3.68405	-4.15881	0.289833	0.283842	0.262834	0.163491	0.0301215
44	-3.48552	-3.50434	-3.57365	-4.00235	0.286253	0.280916	0.262107	0.170724	0.0310244
45	-8.33886	-8.36575	-8.46473	-9.07564	0.299954	0.291996	0.264478	0.143573	0.0276275
46	-15.3006	-14.0852	-12.8393	-11.3582	0.0147847	0.0498512	0.173287	0.762077	0.104242
47	-8.91007	-8.92098	-8.96112	-9.20917	0.271674	0.268728	0.258154	0.201443	0.0348415
48	-13.2517	-13.2814	-13.3907	-14.0639	0.304427	0.29552	0.264928	0.135125	0.0265647
49	-4.07214	-4.08445	-4.12979	-4.41043	0.274368	0.271011	0.258999	0.195622	0.0341202
50	-15.1485	-15.1592	-15.1984	-15.4407	0.271193	0.268318	0.257997	0.202492	0.0349714
51	-4.49872	-4.52165	-4.60608	-5.12724	0.29335	0.286698	0.263487	0.156466	0.0292434
52	-3.50501	-3.53262	-3.63427	-4.2617	0.301138	0.292937	0.264625	0.141299	0.027342
53	-8.23477	-8.26257	-8.36488	-8.99515	0.301381	0.293117	0.264611	0.140891	0.02729
54	-3.559	-3.59098	-3.70867	-4.43388	0.30803	0.298335	0.265213	0.128421	0.0257198
55	-3.75514	-3.78005	-3.87177	-4.43812	0.296699	0.289398	0.264037	0.149866	0.0284171
56	-3.50501	-3.53262	-3.63427	-4.2617	0.301138	0.292937	0.264625	0.141299	0.027342
57	-3.6891	-3.71199	-3.79624	-4.31696	0.293297	0.286661	0.263499	0.156542	0.0292534
58	-14.4687	-14.483	-14.5356	-14.8599	0.277978	0.274035	0.259998	0.187988	0.033172
59	-3.6891	-3.71199	-3.79624	-4.31696	0.293297	0.286661	0.263499	0.156542	0.0292534
60	-19.6809	-19.7013	-19.7766	-20.2411	0.289048	0.283201	0.262676	0.165075	0.0303193
61	-10.849	-10.8719	-10.9563	-11.4764	0.293291	0.286644	0.263453	0.156613	0.0292614
62	-9.32114	-9.35105	-9.46099	-10.134	0.304541	0.295568	0.264796	0.135095	0.0265581
63	-3.43363	-3.46058	-3.55978	-4.1723	0.300062	0.292084	0.2645	0.143354	0.0276003
64	-4.28012	-4.28654	-4.31019	-4.45673	0.263013	0.26133	0.255223	0.220434	0.0371912
65	-3.86827	-3.88781	-3.95977	-4.40496	0.287531	0.281967	0.26239	0.168112	0.0306988
66	-4.1383	-4.15046	-4.19522	-4.4723	0.274074	0.270763	0.25891	0.196253	0.0341985
67	-4.1383	-4.15046	-4.19522	-4.4723	0.274074	0.270763	0.25891	0.196253	0.0341985
68	-11.0159	-11.0229	-11.0489	-11.2099	0.264265	0.262406	0.255674	0.217655	0.0368479
69	-4.73915	-4.75994	-4.83646	-5.30927	0.289673	0.283714	0.262815	0.163798	0.0301601
70	-10.3524	-10.3666	-10.4186	-10.7393	0.277686	0.27379	0.259917	0.188607	0.0332489
71	-11.8542	-11.8649	-11.9043	-12.1469	0.271248	0.268357	0.257982	0.202413	0.0349611
72	-3.6891	-3.71199	-3.79624	-4.31696	0.293297	0.286661	0.263499	0.156542	0.0292534
73	-3.75514	-3.78005	-3.87177	-4.43812	0.296699	0.289398	0.264037	0.149866	0.0284171
74	-12.9695	-12.9891	-13.0615	-13.5084	0.287689	0.282087	0.262391	0.167832	0.0306633
75	-3.559	-3.59098	-3.70867	-4.43388	0.30803	0.298335	0.265213	0.128421	0.0257198
76	-5.05193	-5.059	-5.08506	-5.24643	0.264298	0.262435	0.255686	0.217581	0.0368387
77	-3.6891	-3.71199	-3.79624	-4.31696	0.293297	0.286661	0.263499	0.156542	0.0292534
78	-3.75514	-3.78005	-3.87177	-4.43812	0.296699	0.289398	0.264037	0.149866	0.0284171
79	-12.5122	-12.5174	-12.5369	-12.6572	0.260732	0.25936	0.25437	0.225538	0.0378213
80	-19.8471	-19.878	-19.992	-20.6921	0.306358	0.297015	0.265035	0.131591	0.0261184
81	-4.07214	-4.08445	-4.12979	-4.41043	0.274368	0.271011	0.258999	0.195622	0.0341202
82	-16.0733	-16.1009	-16.2024	-16.8252	0.300929	0.292734	0.264469	0.141868	0.027411
83	-3.56618	-3.58774	-3.66714	-4.15808	0.291044	0.284835	0.263094	0.161027	0.0298142
84	-3.6891	-3.71199	-3.79624	-4.31696	0.293297	0.286661	0.263499	0.156542	0.0292534
85	-3.50501	-3.53262	-3.63427	-4.2617	0.301138	0.292937	0.264625	0.141299	0.027342
86	-3.48552	-3.50434	-3.57365	-4.00235	0.286253	0.280916	0.262107	0.170724	0.0310244
87	-3.43363	-3.46058	-3.55978	-4.1723	0.300062	0.292084	0.2645	0.143354	0.0276003
88	-20.0608	-18.8602	-17.6689	-16.5242	0.0201589	0.0669703	0.22042	0.69245	0.0963782
89	-11.7255	-11.7316	-11.754	-11.8931	0.262371	0.260776	0.254983	0.22187	0.0373685
90	-4.49872	-4.52165	-4.60608	-5.12724	0.29335	0.286698	0.263487	0.156466	0.0292434
91	-3.50501	-3.53262	-3.63427	-4.2617	0.301138	0.292937	0.264625	0.141299	0.027342
92	-16.3963	-15.1977	-14.0136	-12.9084	0.0208904	0.0692631	0.226341	0.683506	0.0953656
93	-34.9376	-31.2881	-27.5387	-23.017	6.57891e-06	0.000252988	0.0107512	0.988989	0.129702
94	-12.3317	-12.3615	-12.4713	-13.1432	0.304465	0.295509	0.264792	0.135233	0.0265755
95	-7.9278	-7.94962	-8.02994	-8.52635	0.291467	0.285177	0.263165	0.160192	0.0297096
96	-3.58627	-3.60716	-3.68405	-4.15881	0.289833	0.283842	0.262834	0.163491	0.0301215
97	-11.2556	-11.286	-11.3979	-12.0827	0.305371	0.296219	0.264871	0.133539	0.0263622
98	-8.6928	-8.70009	-8.72693	-8.89291	0.264702	0.26278	0.255822	0.216696	0.0367292
99	-5.05193	-5.059	-5.08506	-5.24643	0.264298	0.262435	0.255686	0.217581	0.0368387
100	-10.7204	-10.7283	-10.757	-10.9338	0.265663	0.263596	0.256129	0.214612	0.036471
101	-7.04626	-7.05132	-7.06999	-7.18561	0.260321	0.259005	0.254216	0.226458	0.0379349
102	-3.58627	-3.60716	-3.68405	-4.15881	0.289833	0.283842	0.262834	0.163491	0.0301215
103	-3.50501	-3.53262	-3.63427	-4.2617	0.301138	0.292937	0.264625	0.141299	0.027342
104	-12.0711	-10.873	-9.69087	-8.60342	0.0211942	0.0702343	0.229049	0.679522	0.0949159
105	-3.50501	-3.53262	-3.63427	-4.2617	0.301138	0.292937	0.264625	0.141299	0.027342
106	-11.5576	-11.5681	-11.6067	-11.8457	0.270906	0.26808	0.257924	0.20309	0.0350458
107	-8.75684	-8.78482	-8.88776	-9.52189	0.301657	0.293336	0.264643	0.140365	0.0272238
108	-9.98291	-9.99068	-10.0193	-10.1963	0.265655	0.263596	0.256153	0.214596	0.0364695
109	-17.2882	-17.2938	-17.3141	-17.4398	0.261211	0.259774	0.254551	0.224464	0.0376888
110	-4.48099	-4.50341	-4.58596	-5.09499	0.292453	0.285967	0.263311	0.158269	0.0294686
111	-10.7803	-10.7893	-10.8224	-11.0268	0.267994	0.265597	0.256956	0.209454	0.0358334
112	-55.7926	-50.9008	-45.8065	-39.1975	6.19822e-08	8.25589e-06	0.00134644	0.998645	0.130739
113	-7.35089	-7.3609	-7.39777	-7.62611	0.270004	0.267315	0.257638	0.205043	0.0352877
114	-4.49872	-4.52165	-4.60608	-5.12724	0.29335	0.286698	0.263487	0.156466	0.0292434
115	-3.50501	-3.53262	-3.63427	-4.2617	0.301138	0.292937	0.264625	0.141299	0.027342
116	-7.62987	-7.63932	-7.67415	-7.88946	0.268916	0.266384	0.257267	0.207433	0.0355834
117	-4.31212	-4.34455	-4.46385	-5.19724	0.308644	0.298795	0.265194	0.127366	0.0255855
118	-10.1169	-10.144	-10.2438	-10.8544	0.300085	0.292053	0.264334	0.143528	0.0276189
119	-5.05193	-5.059	-5.08506	-5.24643	0.264298	0.262435	0.255686	0.217581	0.0368387
120	-11.5684	-11.5908	-11.6735	-12.1835	0.292517	0.286023	0.263337	0.158122	0.0294505
121	-7.31493	-7.32101	-7.34337	-7.48192	0.262321	0.260733	0.254966	0.221979	0.037382
122	-5.84109	-5.84703	-5.86894	-6.00475	0.262081	0.260526	0.25488	0.222513	0.0374479
123	-10.9429	-10.9564	-11.0063	-11.3145	0.276648	0.272925	0.259646	0.190781	0.0335191
124	-4.31212	-4.34455	-4.46385	-5.19724	0.308644	0.298795	0.265194	0.127366	0.0255855
125	-5.05193	-5.059	-5.08506	-5.24643	0.264298	0.262435	0.255686	0.217581	0.0368387
126	-4.49873	-4.50794	-4.54188	-4.75203	0.268469	0.266007	0.257131	0.208394	0.0357025
127	-4.73016	-4.75757	-4.85839	-5.47788	0.300656	0.292527	0.264473	0.142344	0.0274714
128	-7.10452	-7.11603	-7.15843	-7.42079	0.272856	0.269733	0.258537	0.198874	0.0345234
129	-4.07214	-4.08445	-4.12979	-4.41043	0.274368	0.271011	0.258999	0.195622	0.0341202
130	-8.17803	-8.20359	-8.29768	-8.87867	0.297773	0.290259	0.264193	0.147775	0.0281549
131	-5.05193	-5.059	-5.08506	-5.24643	0.264298	0.262435	0.255686	0.217581	0.0368387
132	-4.31212	-4.34455	-4.46385	-5.19724	0.308644	0.298795	0.265194	0.127366	0.0255855
133	-9.43439	-9.46631	-9.58376	-10.3076	0.307934	0.298261	0.265207	0.128598	0.0257421
134	-8.76341	-8.77311	-8.80885	-9.03018	0.269413	0.266812	0.257445	0.20633	0.0354471
135	-5.59368	-5.60219	-5.63354	-5.82763	0.267105	0.264841	0.256667	0.211387	0.0360728
136	-12.7621	-12.7735	-12.8155	-13.0745	0.272609	0.269514	0.258425	0.199452	0.0345944
137	-4.07214	-4.08445	-4.12979	-4.41043	0.274368	0.271011	0.258999	0.195622	0.0341202
138	-4.07214	-4.08445	-4.12979	-4.41043	0.274368	0.271011	0.258999	0.195622	0.0341202
139	-4.07214	-4.08445	-4.12979	-4.41043	0.274368	0.271011	0.258999	0.195622	0.0341202
140	-7.79538	-7.80176	-7.82525	-7.97072	0.262923	0.261252	0.255188	0.220638	0.0372164
141	-4.1383	-4.15046	-4.19522	-4.4723	0.274074	0.270763	0.25891	0.196253	0.0341985
142	-4.48617	-4.5144	-4.61828	-5.25827	0.302074	0.293666	0.26469	0.139571	0.027124
143	-3.48552	-3.50434	-3.57365	-4.00235	0.286253	0.280916	0.262107	0.170724	0.0310244
144	-4.51709	-4.54223	-4.63471	-5.20474	0.297002	0.289631	0.264046	0.149321	0.0283481
145	-3.75514	-3.78005	-3.87177	-4.43812	0.296699	0.289398	0.264037	0.149866	0.0284171
146	-3.50501	-3.53262	-3.63427	-4.2617	0.301138	0.292937	0.264625	0.141299	0.027342
147	-13.6765	-13.6957	-13.7664	-14.2031	0.286888	0.281433	0.262228	0.169451	0.0308654
148	-19.8378	-19.8625	-19.9531	-20.5116	0.296154	0.28895	0.263913	0.150983	0.0285563
149	-9.82037	-9.83108	-9.87052	-10.1146	0.271332	0.268441	0.25806	0.202167	0.0349314
150	-3.9441	-3.95441	-3.99239	-4.2276	0.270581	0.267806	0.257826	0.203787	0.0351322
151	-3.75514	-3.78005	-3.87177	-4.43812	0.296699	0.289398	0.264037	0.149866	0.0284171
152	-6.15812	-6.16346	-6.18314	-6.30511	0.260874	0.259484	0.254428	0.225214	0.0377814
153	-4.31212	-4.34455	-4.46385	-5.19724	0.308644	0.298795	0.265194	0.127366	0.0255855
154	-3.559	-3.59098	-3.70867	-4.43388	0.30803	0.298335	0.265213	0.128421	0.0257198
155	-3.48552	-3.50434	-3.57365	-4.00235	0.286253	0.280916	0.262107	0.170724	0.0310244
156	-4.49872	-4.52165	-4.60608	-5.12724	0.29335	0.286698	0.263487	0.156466	0.0292434
157	-17.3953	-16.1848	-14.9569	-13.5856	0.0164071	0.0550511	0.18795	0.740592	0.101817
158	-20.8923	-18.4709	-16.0142	-13.2666	0.000455816	0.00513295	0.059884	0.934527	0.12378
159	-3.50501	-3.53262	-3.63427	-4.2617	0.301138	0.292937	0.264625	0.141299	0.027342
160	-12.7496	-12.7795	-12.8896	-13.5636	0.304612	0.295624	0.264805	0.134959	0.0265411
161	-4.49873	-4.50794	-4.54188	-4.75203	0.268469	0.266007	0.257131	0.208394	0.0357025
162	-11.8137	-10.6152	-9.43172	-8.33546	0.0210326	0.0697256	0.227712	0.68153	0.095143
163	-3.48552	-3.50434	-3.57365	-4.00235	0.286253	0.280916	0.262107	0.170724	0.0310244
164	-21.2317	-21.2464	-21.3004	-21.6341	0.278723	0.274663	0.260221	0.186393	0.0329741
165	-9.25863	-9.26575	-9.29198	-9.45441	0.264389	0.262513	0.255718	0.217379	0.0368137
166	-4.31212	-4.34455	-4.46385	-5.19724	0.308644	0.298795	0.265194	0.127366	0.0255855
167	-19.6777	-19.6929	-19.7487	-20.0938	0.279637	0.275429	0.260475	0.184459	0.0327339
168	-14.2313	-14.2609	-14.3699	-15.0397	0.304237	0.295355	0.264855	0.135553	0.0266175
169	-9.49513	-9.50327	-9.53323	-9.71864	0.266367	0.264208	0.256408	0.213016	0.0362742
170	-15.7972	-15.8229	-15.9173	-16.4987	0.29785	0.290307	0.264157	0.147687	0.028143
171	-14.1794	-14.206	-14.3039	-14.9064	0.299393	0.291533	0.26435	0.144723	0.0277709
172	-8.20184	-8.22085	-8.29081	-8.72337	0.28656	0.281166	0.262167	0.170107	0.0309474
173	-34.0607	-30.4122	-26.6666	-22.1732	6.79848e-06	0.000261166	0.0110559	0.988676	0.129668
174	-4.49872	-4.52165	-4.60608	-5.12724	0.29335	0.286698	0.263487	0.156466	0.0292434
175	-4.49873	-4.50794	-4.54188	-4.75203	0.268469	0.266007	0.257131	0.208394	0.0357025
176	-4.73016	-4.75757	-4.85839	-5.47788	0.300656	0.292527	0.264473	0.142344	0.0274714
177	-10.0141	-10.0269	-10.074	-10.3653	0.275257	0.271759	0.259255	0.193729	0.0338852
178	-3.58627	-3.60716	-3.68405	-4.15881	0.289833	0.283842	0.262834	0.163491	0.0301215
179	-6.24128	-6.27146	-6.3825	-7.06657	0.305187	0.296115	0.264993	0.133705	0.0263858
180	-21.6831	-20.485	-19.3029	-18.2141	0.021175	0.0701694	0.228832	0.679823	0.0949496
181	-3.9441	-3.95441	-3.99239	-4.2276	0.270581	0.267806	0.257826	0.203787	0.0351322
182	-7.8959	-7.9175	-7.99704	-8.48789	0.291066	0.284844	0.263066	0.161024	0.0298132
183	-34.5177	-32.0813	-29.569	-26.4804	0.0003079	0.00351998	0.0434099	0.952762	0.125762
184	-4.28012	-4.28654	-4.31019	-4.45673	0.263013	0.26133	0.255223	0.220434	0.0371912
185	-4.48099	-4.50341	-4.58596	-5.09499	0.292453	0.285967	0.263311	0.158269	0.0294686
186	-11.0658	-11.076	-11.1137	-11.3465	0.270401	0.267645	0.257739	0.204216	0.0351848
187	-18.1451	-18.1619	-18.2237	-18.604	0.282514	0.277805	0.261147	0.178533	0.0319958
188	-8.6863	-8.6938	-8.72143	-8.89233	0.265124	0.263143	0.255973	0.215761	0.0366136
189	-20.4756	-20.5072	-20.6235	-21.3403	0.307452	0.297886	0.265174	0.129489	0.0258544
190	-3.56618	-3.58774	-3.66714	-4.15808	0.291044	0.284835	0.263094	0.161027	0.0298142
191	-3.58627	-3.60716	-3.68405	-4.15881	0.289833	0.283842	0.262834	0.163491	0.0301215
192	-6.68189	-6.7016	-6.77413	-7.22195	0.287762	0.282147	0.262407	0.167684	0.0306448
193	-13.9663	-13.9808	-14.0344	-14.3638	0.278417	0.274396	0.260093	0.187094	0.0330605
194	-8.11737	-8.13991	-8.22288	-8.7357	0.292704	0.286181	0.263394	0.157722	0.0294008
195	-4.1383	-4.15046	-4.19522	-4.4723	0.274074	0.270763	0.25891	0.196253	0.0341985
196	-17.586	-17.5954	-17.63	-17.8445	0.268837	0.266318	0.257244	0.207601	0.0356042
197	-3.9441	-3.95441	-3.99239	-4.2276	0.270581	0.267806	0.257826	0.203787	0.0351322
198	-3.43363	-3.46058	-3.55978	-4.1723	0.300062	0.292084	0.2645	0.143354	0.0276003
199	-3.75514	-3.78005	-3.87177	-4.43812	0.296699	0.289398	0.264037	0.149866	0.0284171
200	-11.2563	-11.2794	-11.3647	-11.8913	0.293757	0.287027	0.263556	0.15566	0.0291425
201	-3.9441	-3.95441	-3.99239	-4.2276	0.270581	0.267806	0.257826	0.203787	0.0351322
202	-8.89855	-8.9252	-9.0232	-9.62527	0.299401	0.291528	0.264313	0.144758	0.0277746
203	-12.7924	-12.8061	-12.8565	-13.1675	0.276893	0.273125	0.259694	0.190287	0.0334574
204	-8.00622	-8.0304	-8.11941	-8.66879	0.295455	0.288396	0.263835	0.152314	0.0287237
205	-3.559	-3.59098	-3.70867	-4.43388	0.30803	0.298335	0.265213	0.128421	0.0257198
206	-3.58627	-3.60716	-3.68405	-4.15881	0.289833	0.283842	0.262834	0.163491	0.0301215
207	-3.48552	-3.50434	-3.57365	-4.00235	0.286253	0.280916	0.262107	0.170724	0.0310244
208	-12.0904	-12.1165	-12.2123	-12.8037	0.298545	0.290872	0.264289	0.146293	0.0279689
209	-4.07214	-4.08445	-4.12979	-4.41043	0.274368	0.271011	0.258999	0.195622	0.0341202
210	-3.43363	-3.46058	-3.55978	-4.1723	0.300062	0.292084	0.2645	0.143354	0.0276003
211	-3.86827	-3.88781	-3.95977	-4.40496	0.287531	0.281967	0.26239	0.168112	0.0306988
212	-3.50501	-3.53262	-3.63427	-4.2617	0.301138	0.292937	0.264625	0.141299	0.027342
213	-24.4155	-21.9907	-19.5212	-16.694	0.000416303	0.00470417	0.0555841	0.939295	0.124299
214	-3.559	-3.59098	-3.70867	-4.43388	0.30803	0.298335	0.265213	0.128421	0.0257198
215	-4.48617	-4.5144	-4.61828	-5.25827	0.302074	0.293666	0.26469	0.139571	0.027124
216	-23.501	-21.0677	-18.567	-15.5498	0.000334417	0.00381115	0.0464608	0.949394	0.125396
217	-27.6955	-25.2552	-22.7288	-19.5513	0.000277829	0.00318847	0.0398846	0.956649	0.126185
218	-39.8034	-34.9303	-29.9049	-23.7215	1.03472e-07	1.35266e-05	0.00205907	0.997927	0.130663
219	-8.73027	-8.76213	-8.87935	-9.60175	0.307837	0.298185	0.2652	0.128778	0.0257648
220	-17.812	-17.8346	-17.9178	-18.4292	0.292682	0.286138	0.263299	0.157882	0.0294192
221	-6.91148	-6.93756	-7.03354	-7.62578	0.298607	0.290921	0.264295	0.146178	0.0279544
222	-4.48099	-4.50341	-4.58596	-5.09499	0.292453	0.285967	0.263311	0.158269	0.0294686
223	-10.957	-10.9656	-10.9972	-11.1929	0.267246	0.26496	0.256708	0.211087	0.0360356
224	-8.16148	-8.17162	-8.20899	-8.44026	0.270255	0.267527	0.257715	0.204503	0.0352208
225	-4.28012	-4.28654	-4.31019	-4.45673	0.263013	0.26133	0.255223	0.220434	0.0371912
226	-12.7943	-12.8103	-12.8691	-13.2328	0.28113	0.276673	0.260862	0.181335	0.0323455
227	-3.43363	-3.46058	-3.55978	-4.1723	0.300062	0.292084	0.2645	0.143354	0.0276003
228	-3.50501	-3.53262	-3.63427	-4.2617	0.301138	0.292937	0.264625	0.141299	0.027342
229	-20.4684	-20.497	-20.6021	-21.2458	0.302456	0.293929	0.264599	0.139016	0.0270517
230	-6.91032	-6.93605	-7.03077	-7.61521	0.298038	0.290466	0.264217	0.147279	0.0280925
231	-4.1383	-4.15046	-4.19522	-4.4723	0.274074	0.270763	0.25891	0.196253	0.0341985
232	-3.9441	-3.95441	-3.99239	-4.2276	0.270581	0.267806	0.257826	0.203787	0.0351322
233	-14.6973	-14.7243	-14.8238	-15.4357	0.300087	0.292082	0.264427	0.143404	0.0276051
234	-40.1547	-37.7218	-35.2225	-32.2107	0.000336742	0.00383613	0.0467015	0.949126	0.125367
235	-4.31212	-4.34455	-4.46385	-5.19724	0.308644	0.298795	0.265194	0.127366	0.0255855
236	-4.28012	-4.28654	-4.31019	-4.45673	0.263013	0.26133	0.255223	0.220434	0.0371912
237	-9.00386	-9.0101	-9.03309	-9.17554	0.262659	0.261025	0.255092	0.221224	0.0372888
238	-4.28012	-4.28654	-4.31019	-4.45673	0.263013	0.26133	0.255223	0.220434	0.0371912
239	-3.9441	-3.95441	-3.99239	-4.2276	0.270581	0.267806	0.257826	0.203787	0.0351322
240	-32.6707	-32.6808	-32.7179	-32.9471	0.270095	0.267385	0.25764	0.204879	0.035267
241	-4.31212	-4.34455	-4.46385	-5.19724	0.308644	0.298795	0.265194	0.127366	0.0255855
242	-4.80987	-4.8404	-4.95261	-5.63968	0.305525	0.29634	0.264884	0.13325	0.0263258
243	-8.18142	-8.18878	-8.2159	-8.38359	0.26485	0.262907	0.255873	0.216369	0.0366888
244	-4.28012	-4.28654	-4.31019	-4.45673	0.263013	0.26133	0.255223	0.220434	0.0371912
245	-4.1383	-4.15046	-4.19522	-4.4723	0.274074	0.270763	0.25891	0.196253	0.0341985
246	-10.0977	-10.1056	-10.1348	-10.3155	0.265962	0.263862	0.256271	0.213905	0.0363842
247	-3.9441	-3.95441	-3.99239	-4.2276	0.270581	0.267806	0.257826	0.203787	0.0351322
248	-10.7043	-10.7152	-10.7552	-11.0031	0.271654	0.268714	0.258158	0.201475	0.0348456
249	-3.9441	-3.95441	-3.99239	-4.2276	0.270581	0.267806	0.257826	0.203787	0.0351322
250	-3.43363	-3.46058	-3.55978	-4.1723	0.300062	0.292084	0.2645	0.143354	0.0276003
251	-14.8804	-14.9066	-15.0029	-15.5916	0.298511	0.290794	0.264105	0.146589	0.0280027
252	-13.76	-13.7775	-13.8417	-14.2383	0.283754	0.278848	0.261506	0.175892	0.0316679
253	-3.48552	-3.50434	-3.57365	-4.00235	0.286253	0.280916	0.262107	0.170724	0.0310244
254	-3.43363	-3.46058	-3.55978	-4.1723	0.300062	0.292084	0.2645	0.143354	0.0276003
255	-3.559	-3.59098	-3.70867	-4.43388	0.30803	0.298335	0.265213	0.128421	0.0257198
256	-3.559	-3.59098	-3.70867	-4.43388	0.30803	0.298335	0.265213	0.128421	0.0257198
257	-3.48552	-3.50434	-3.57365	-4.00235	0.286253	0.280916	0.262107	0.170724	0.0310244
258	-3.43363	-3.46058	-3.55978	-4.1723	0.300062	0.292084	0.2645	0.143354	0.0276003
259	-3.559	-3.59098	-3.70867	-4.43388	0.30803	0.298335	0.265213	0.128421	0.0257198
260	-10.7417	-10.758	-10.8181	-11.1857	0.281553	0.276992	0.260851	0.180604	0.0322525
261	-3.50501	-3.53262	-3.63427	-4.2617	0.301138	0.292937	0.264625	0.141299	0.027342
262	-5.05193	-5.059	-5.08506	-5.24643	0.264298	0.262435	0.255686	0.217581	0.0368387
263	-3.559	-3.59098	-3.70867	-4.43388	0.30803	0.298335	0.265213	0.128421	0.0257198
264	-9.73699	-9.75485	-9.82056	-10.2249	0.284413	0.279379	0.261611	0.174597	0.0315058
265	-4.49873	-4.50794	-4.54188	-4.75203	0.268469	0.266007	0.257131	0.208394	0.0357025
266	-25.1618	-22.7229	-20.2016	-17.0571	0.000288575	0.00330723	0.0411587	0.955245	0.126032
267	-4.48617	-4.5144	-4.61828	-5.25827	0.302074	0.293666	0.26469	0.139571	0.027124
268	-13.2653	-13.2817	-13.3423	-13.7159	0.281951	0.277347	0.26104	0.179663	0.0321368
269	-9.04625	-9.07229	-9.16802	-9.75477	0.298329	0.29066	0.264124	0.146888	0.0280409
270	-28.8756	-26.4467	-23.9621	-21.0444	0.000375031	0.00425535	0.0510471	0.944323	0.124845
271	-4.07214	-4.08445	-4.12979	-4.41043	0.274368	0.271011	0.258999	0.195622	0.0341202
272	-14.5472	-14.5553	-14.5854	-14.7717	0.266443	0.264273	0.256434	0.21285	0.0362537
273	-3.50501	-3.53262	-3.63427	-4.2617	0.301138	0.292937	0.264625	0.141299	0.027342
274	-3.58627	-3.60716	-3.68405	-4.15881	0.289833	0.283842	0.262834	0.163491	0.0301215
275	-3.559	-3.59098	-3.70867	-4.43388	0.30803	0.298335	0.265213	0.128421	0.0257198
276	-3.50501	-3.53262	-3.63427	-4.2617	0.301138	0.292937	0.264625	0.141299	0.027342
277	-9.87689	-9.90329	-10.0004	-10.5942	0.298878	0.291089	0.264163	0.14587	0.0279125
278	-3.86827	-3.88781	-3.95977	-4.40496	0.287531	0.281967	0.26239	0.168112	0.0306988
279	-4.28012	-4.28654	-4.31019	-4.45673	0.263013	0.26133	0.255223	0.220434	0.0371912
280	-4.49872	-4.52165	-4.60608	-5.12724	0.29335	0.286698	0.263487	0.156466	0.0292434
281	-4.73016	-4.75757	-4.85839	-5.47788	0.300656	0.292527	0.264473	0.142344	0.0274714
282	-3.75514	-3.78005	-3.87177	-4.43812	0.296699	0.289398	0.264037	0.149866	0.0284171
283	-10.501	-10.5267	-10.6214	-11.2054	0.29801	0.290444	0.264214	0.147333	0.0280993
284	-9.32342	-9.3303	-9.35567	-9.51251	0.263915	0.262103	0.255539	0.218444	0.0369451
285	-4.48617	-4.5144	-4.61828	-5.25827	0.302074	0.293666	0.26469	0.139571	0.027124
286	-15.1352	-13.9401	-12.7691	-11.7485	0.0224593	0.0742015	0.239313	0.664026	0.0931616
287	-3.50501	-3.53262	-3.63427	-4.2617	0.301138	0.292937	0.264625	0.141299	0.027342
288	-3.48552	-3.50434	-3.57365	-4.00235	0.286253	0.280916	0.262107	0.170724	0.0310244
289	-4.80987	-4.8404	-4.95261	-5.63968	0.305525	0.29634	0.264884	0.13325	0.0263258
290	-26.0694	-23.6453	-21.1787	-18.3713	0.000425627	0.00480592	0.0566258	0.938143	0.124173
291	-11.642	-11.6522	-11.6898	-11.922	0.27034	0.267596	0.257731	0.204333	0.0351996
292	-19.2965	-19.3057	-19.3398	-19.5506	0.268529	0.266057	0.257148	0.208266	0.0356866
293	-3.50501	-3.53262	-3.63427	-4.2617	0.301138	0.292937	0.264625	0.141299	0.027342
294	-8.9056	-8.9171	-8.95947	-9.22178	0.272849	0.269728	0.258537	0.198887	0.034525
295	-4.31212	-4.34455	-4.46385	-5.19724	0.308644	0.298795	0.265194	0.127366	0.0255855
296	-4.1383	-4.15046	-4.19522	-4.4723	0.274074	0.270763	0.25891	0.196253	0.0341985
297	-25.8644	-24.6622	-23.4647	-22.2793	0.0194534	0.0647331	0.21437	0.701444	0.0973946
298	-4.31212	-4.34455	-4.46385	-5.19724	0.308644	0.298795	0.265194	0.127366	0.0255855
299	-36.1223	-32.4746	-28.7317	-24.2504	6.90358e-06	0.000265008	0.0111895	0.988539	0.129653
300	-6.72896	-6.75907	-6.86989	-7.55244	0.305084	0.296033	0.26498	0.133902	0.0264105
301	-3.58627	-3.60716	-3.68405	-4.15881	0.289833	0.283842	0.262834	0.163491	0.0301215
302	-9.2507	-9.27552	-9.36691	-9.93126	0.296552	0.28928	0.264015	0.150154	0.0284532
303	-9.38396	-9.39263	-9.42454	-9.62152	0.267368	0.265061	0.256738	0.210833	0.036004
304	-3.43363	-3.46058	-3.55978	-4.1723	0.300062	0.292084	0.2645	0.143354	0.0276003
305	-3.559	-3.59098	-3.70867	-4.43388	0.30803	0.298335	0.265213	0.128421	0.0257198
306	-9.35733	-9.36299	-9.38381	-9.51285	0.261493	0.260018	0.254658	0.223831	0.0376107
307	-7.84943	-7.8811	-7.99764	-8.71582	0.307547	0.29796	0.26518	0.129313	0.0258322
308	-3.48552	-3.50434	-3.57365	-4.00235	0.286253	0.280916	0.262107	0.170724	0.0310244
309	-3.48552	-3.50434	-3.57365	-4.00235	0.286253	0.280916	0.262107	0.170724	0.0310244
310	-7.16907	-7.19261	-7.27925	-7.81411	0.294373	0.287525	0.263661	0.154441	0.02899
311	-4.1383	-4.15046	-4.19522	-4.4723	0.274074	0.270763	0.25891	0.196253	0.0341985
312	-4.28012	-4.28654	-4.31019	-4.45673	0.263013	0.26133	0.255223	0.220434	0.0371912
313	-3.50501	-3.53262	-3.63427	-4.2617	0.301138	0.292937	0.264625	0.141299	0.027342
314	-5.59368	-5.60219	-5.63354	-5.82763	0.267105	0.264841	0.256667	0.211387	0.0360728
315	-14.0658	-12.8666	-11.6805	-10.561	0.0206381	0.0684635	0.224182	0.686716	0.0957284
316	-4.48099	-4.50341	-4.58596	-5.09499	0.292453	0.285967	0.263311	0.158269	0.0294686
317	-3.48552	-3.50434	-3.57365	-4.00235	0.286253	0.280916	0.262107	0.170724	0.0310244
318	-24.1988	-21.7721	-19.2958	-16.4275	0.000397033	0.00449489	0.0534783	0.94163	0.124553
319	-4.80987	-4.8404	-4.95261	-5.63968	0.305525	0.29634	0.264884	0.13325	0.0263258
320	-4.80987	-4.8404	-4.95261	-5.63968	0.305525	0.29634	0.264884	0.13325	0.0263258
321	-13.3137	-12.1174	-10.942	-9.89383	0.0219345	0.0725561	0.235057	0.670452	0.093889
322	-4.48099	-4.50341	-4.58596	-5.09499	0.292453	0.285967	0.263311	0.158269	0.0294686
323	-15.7964	-15.814	-15.8788	-16.2789	0.28404	0.27908	0.261556	0.175324	0.0315969
324	-4.49872	-4.52165	-4.60608	-5.12724	0.29335	0.286698	0.263487	0.156466	0.0292434
325	-13.8579	-12.6449	-11.4081	-9.98372	0.0156024	0.0524783	0.180763	0.751156	0.10301
326	-3.75514	-3.78005	-3.87177	-4.43812	0.296699	0.289398	0.264037	0.149866	0.0284171
327	-16.5987	-16.6081	-16.6426	-16.856	0.268754	0.266249	0.257222	0.207776	0.035626
328	-5.05193	-5.059	-5.08506	-5.24643	0.264298	0.262435	0.255686	0.217581	0.0368387
329	-7.31493	-7.32101	-7.34337	-7.48192	0.262321	0.260733	0.254966	0.221979	0.037382
330	-3.56618	-3.58774	-3.66714	-4.15808	0.291044	0.284835	0.263094	0.161027	0.0298142
331	-24.2778	-23.0603	-21.8068	-20.279	0.0141352	0.047759	0.167274	0.770832	0.105229
332	-3.9441	-3.95441	-3.99239	-4.2276	0.270581	0.267806	0.257826	0.203787	0.0351322
333	-7.89118	-7.92311	-8.04059	-8.76272	0.307873	0.298196	0.265145	0.128785	0.0257645
334	-19.8789	-19.8956	-19.9569	-20.3315	0.282131	0.277464	0.260967	0.179438	0.0321068
335	-16.3354	-15.1358	-13.9481	-12.8213	0.020498	0.0680279	0.223097	0.688377	0.0959167
336	-15.8951	-15.9215	-16.0187	-16.6139	0.298958	0.291159	0.264197	0.145685	0.0278898
337	-16.7833	-15.5766	-14.3629	-13.0791	0.0177903	0.0594629	0.200157	0.72259	0.0997847
338	-4.73016	-4.75757	-4.85839	-5.47788	0.300656	0.292527	0.264473	0.142344	0.0274714
339	-4.1383	-4.15046	-4.19522	-4.4723	0.274074	0.270763	0.25891	0.196253	0.0341985
340	-7.84497	-7.86019	-7.91618	-8.26086	0.279648	0.275425	0.260428	0.1845	0.0327381
341	-3.9441	-3.95441	-3.99239	-4.2276	0.270581	0.267806	0.257826	0.203787	0.0351322
342	-20.2599	-20.287	-20.3865	-20.9954	0.299982	0.291963	0.264288	0.143767	0.0276483
343	-4.51709	-4.54223	-4.63471	-5.20474	0.297002	0.289631	0.264046	0.149321	0.0283481
344	-4.28012	-4.28654	-4.31019	-4.45673	0.263013	0.26133	0.255223	0.220434	0.0371912
345	-4.07214	-4.08445	-4.12979	-4.41043	0.274368	0.271011	0.258999	0.195622	0.0341202
346	-8.91035	-8.94243	-9.06042	-9.78576	0.308093	0.298367	0.26516	0.12838	0.0257133
347	-14.9951	-15.0086	-15.0584	-15.3665	0.276633	0.272915	0.25965	0.190803	0.033522
348	-7.89118	-7.92311	-8.04059	-8.76272	0.307873	0.298196	0.265145	0.128785	0.0257645
