Sites	Ll_YN98.omega=0.0129834	Ll_YN98.omega=1	Pr_YN98.omega=0.0129834	Pr_YN98.omega=1	mean
1	-3.5271	-7.20065	0.998748	0.00125245	0.0142196
2	-9.88201	-11.8506	0.993149	0.00685137	0.0197458
3	-12.0951	-15.158	0.997696	0.00230393	0.0152574
4	-20.6706	-22.7328	0.993758	0.00624234	0.0191447
5	-7.90245	-9.45904	0.989692	0.0103082	0.0231578
6	-4.51734	-8.9143	0.999392	0.000607948	0.0135835
7	-8.12307	-11.1087	0.997511	0.00248867	0.0154398
8	-3.79123	-8.57732	0.999588	0.000412051	0.0133901
9	-3.54698	-8.83764	0.999751	0.000248825	0.013229
10	-13.675	-17.6098	0.999035	0.000964803	0.0139357
11	-7.41964	-9.99872	0.996268	0.00373249	0.0166675
12	-4.50551	-9.81169	0.999755	0.000244992	0.0132252
13	-3.54698	-8.83764	0.999751	0.000248825	0.013229
14	-4.72899	-9.75117	0.999675	0.000325431	0.0133046
15	-13.2218	-17.5269	0.999334	0.000666409	0.0136412
16	-11.8889	-15.4288	0.998569	0.0014312	0.014396
17	-10.8601	-13.5447	0.99664	0.00336007	0.0162999
18	-21.472	-25.6151	0.999216	0.00078352	0.0137568
19	-4.06371	-6.48401	0.995628	0.004372	0.0172987
20	-8.79552	-11.0648	0.994919	0.00508093	0.0179984
21	-12.2791	-16.2843	0.999101	0.00089927	0.013871
22	-4.54593	-9.28529	0.999568	0.000431757	0.0134096
23	-4.50551	-9.81169	0.999755	0.000244992	0.0132252
24	-8.12345	-13.362	0.999738	0.000262143	0.0132422
25	-3.95434	-5.98823	0.993579	0.00642098	0.019321
26	-8.45166	-12.4261	0.999073	0.000927353	0.0138987
27	-14.682	-17.169	0.995909	0.00409088	0.0170212
28	-4.284	-5.55367	0.986313	0.013687	0.0264927
29	-3.61639	-7.62825	0.999107	0.000893283	0.0138651
30	-3.61639	-7.62825	0.999107	0.000893283	0.0138651
31	-5.00083	-6.39652	0.987914	0.0120861	0.0249126
32	-34.1567	-37.908	0.998841	0.00115893	0.0141273
33	-3.95434	-5.98823	0.993579	0.00642098	0.019321
34	-7.18473	-8.59246	0.988057	0.0119432	0.0247716
35	-4.519	-6.32786	0.991972	0.00802834	0.0209075
36	-4.284	-5.55367	0.986313	0.013687	0.0264927
37	-3.54698	-8.83764	0.999751	0.000248825	0.013229
38	-4.72899	-9.75117	0.999675	0.000325431	0.0133046
39	-3.5271	-7.20065	0.998748	0.00125245	0.0142196
40	-5.00083	-6.39652	0.987914	0.0120861	0.0249126
41	-4.3326	-10.3037	0.999874	0.000126014	0.0131078
42	-4.3326	-10.3037	0.999874	0.000126014	0.0131078
43	-3.61639	-7.62825	0.999107	0.000893283	0.0138651
44	-3.5271	-7.20065	0.998748	0.00125245	0.0142196
45	-8.42971	-13.5765	0.999713	0.000287309	0.013267
46	-13.4369	-10.9739	0.632956	0.367044	0.375262
47	-8.94211	-11.0548	0.994063	0.00593722	0.0188436
48	-13.3948	-18.9844	0.999815	0.00018455	0.0131656
49	-4.06371	-6.48401	0.995628	0.004372	0.0172987
50	-15.2367	-17.2936	0.993724	0.00627597	0.0191779
51	-4.51734	-8.9143	0.999392	0.000607948	0.0135835
52	-3.54698	-8.83764	0.999751	0.000248825	0.013229
53	-8.30386	-13.5278	0.999734	0.000265999	0.013246
54	-3.60097	-9.63399	0.999882	0.000118452	0.0131003
55	-3.79123	-8.57732	0.999588	0.000412051	0.0133901
56	-3.54698	-8.83764	0.999751	0.000248825	0.013229
57	-3.71693	-8.15863	0.999419	0.00058136	0.0135572
58	-14.5143	-17.2316	0.996748	0.00325225	0.0161934
59	-3.71693	-8.15863	0.999419	0.00058136	0.0135572
60	-19.8653	-23.7891	0.999025	0.000975473	0.0139462
61	-10.9959	-15.3679	0.999377	0.000623344	0.0135987
62	-9.36624	-14.6499	0.999749	0.000250584	0.0132308
63	-3.46573	-8.65502	0.999725	0.000275364	0.0132552
64	-4.284	-5.55367	0.986313	0.013687	0.0264927
65	-3.9004	-7.72053	0.998918	0.00108186	0.0140512
66	-4.14672	-6.53115	0.995469	0.00453091	0.0174555
67	-4.14672	-6.53115	0.995469	0.00453091	0.0174555
68	-11.017	-12.4093	0.987873	0.0121265	0.0249525
69	-4.75849	-8.7767	0.999112	0.000887624	0.0138595
70	-10.3354	-13.0222	0.996647	0.00335262	0.0162925
71	-11.8876	-13.8991	0.993434	0.00656561	0.0194638
72	-3.71693	-8.15863	0.999419	0.00058136	0.0135572
73	-3.79123	-8.57732	0.999588	0.000412051	0.0133901
74	-13.1007	-16.8797	0.998873	0.00112719	0.014096
75	-3.60097	-9.63399	0.999882	0.000118452	0.0131003
76	-5.00083	-6.39652	0.987914	0.0120861	0.0249126
77	-3.71693	-8.15863	0.999419	0.00058136	0.0135572
78	-3.79123	-8.57732	0.999588	0.000412051	0.0133901
79	-12.5687	-13.6079	0.982826	0.0171736	0.029934
80	-20.0404	-25.729	0.999833	0.000167147	0.0131484
81	-4.06371	-6.48401	0.995628	0.004372	0.0172987
82	-16.244	-21.2385	0.999665	0.000334563	0.0133136
83	-3.6005	-7.79625	0.999257	0.000743346	0.0137171
84	-3.71693	-8.15863	0.999419	0.00058136	0.0135572
85	-3.54698	-8.83764	0.999751	0.000248825	0.013229
86	-3.5271	-7.20065	0.998748	0.00125245	0.0142196
87	-3.46573	-8.65502	0.999725	0.000275364	0.0132552
88	-18.3069	-18.628	0.96541	0.0345903	0.0471246
89	-11.7185	-12.9194	0.985352	0.014648	0.0274412
90	-4.51734	-8.9143	0.999392	0.000607948	0.0135835
91	-3.54698	-8.83764	0.999751	0.000248825	0.013229
92	-14.5949	-14.9983	0.968051	0.0319485	0.0445171
93	-29.4364	-21.0371	0.00453465	0.995465	0.995524
94	-12.4301	-17.712	0.999749	0.000251021	0.0132312
95	-8.01342	-12.2452	0.999283	0.000717083	0.0136912
96	-3.61639	-7.62825	0.999107	0.000893283	0.0138651
97	-11.3136	-16.6993	0.999774	0.000226278	0.0132068
98	-8.53009	-9.95047	0.988205	0.0117948	0.0246251
99	-5.00083	-6.39652	0.987914	0.0120861	0.0249126
100	-10.8061	-12.2794	0.988807	0.011193	0.0240311
101	-6.99805	-8.00018	0.982189	0.0178108	0.0305629
102	-3.61639	-7.62825	0.999107	0.000893283	0.0138651
103	-3.54698	-8.83764	0.999751	0.000248825	0.013229
104	-10.2582	-11.1125	0.979411	0.0205888	0.0333049
105	-3.54698	-8.83764	0.999751	0.000248825	0.013229
106	-11.5996	-13.6564	0.993724	0.00627611	0.019178
107	-8.82744	-14.0834	0.999742	0.000257609	0.0132377
108	-9.91765	-11.4246	0.989172	0.0108276	0.0236705
109	-17.4028	-18.4905	0.983625	0.0163747	0.0291455
110	-4.50822	-8.76091	0.999298	0.000702228	0.0136765
111	-10.8339	-12.5747	0.991411	0.00858931	0.0214612
112	-48.4966	-32.777	3.01568e-06	0.999997	0.999997
113	-7.41329	-9.38577	0.993175	0.00682487	0.0197197
114	-4.51734	-8.9143	0.999392	0.000607948	0.0135835
115	-3.54698	-8.83764	0.999751	0.000248825	0.013229
116	-7.63098	-9.47016	0.99221	0.00779049	0.0206728
117	-4.3326	-10.3037	0.999874	0.000126014	0.0131078
118	-10.2231	-15.1099	0.999627	0.000372613	0.0133512
119	-5.00083	-6.39652	0.987914	0.0120861	0.0249126
120	-11.6463	-15.9468	0.999331	0.000669442	0.0136442
121	-7.23724	-8.43663	0.985331	0.014669	0.027462
122	-5.82913	-7.00892	0.985045	0.014955	0.0277442
123	-10.9934	-13.6212	0.996444	0.00355577	0.016493
124	-4.3326	-10.3037	0.999874	0.000126014	0.0131078
125	-5.00083	-6.39652	0.987914	0.0120861	0.0249126
126	-4.519	-6.32786	0.991972	0.00802834	0.0209075
127	-4.72899	-9.75117	0.999675	0.000325431	0.0133046
128	-7.13965	-9.39327	0.994839	0.00516089	0.0180773
129	-4.06371	-6.48401	0.995628	0.004372	0.0172987
130	-8.27041	-13.1963	0.999642	0.000358314	0.0133371
131	-5.00083	-6.39652	0.987914	0.0120861	0.0249126
132	-4.3326	-10.3037	0.999874	0.000126014	0.0131078
133	-9.52826	-15.549	0.99988	0.000119917	0.0131018
134	-8.82292	-10.7352	0.992755	0.00724529	0.0201346
135	-5.56527	-7.23922	0.990823	0.00917735	0.0220416
136	-12.8656	-15.0495	0.994469	0.0055312	0.0184428
137	-4.06371	-6.48401	0.995628	0.004372	0.0172987
138	-4.06371	-6.48401	0.995628	0.004372	0.0172987
139	-4.06371	-6.48401	0.995628	0.004372	0.0172987
140	-7.70609	-8.96291	0.986139	0.0138615	0.0266649
141	-4.14672	-6.53115	0.995469	0.00453091	0.0174555
142	-4.50551	-9.81169	0.999755	0.000244992	0.0132252
143	-3.5271	-7.20065	0.998748	0.00125245	0.0142196
144	-4.54593	-9.28529	0.999568	0.000431757	0.0134096
145	-3.79123	-8.57732	0.999588	0.000412051	0.0133901
146	-3.54698	-8.83764	0.999751	0.000248825	0.013229
147	-13.8059	-17.5162	0.998793	0.00120736	0.0141751
148	-20.0908	-24.7414	0.999528	0.00047182	0.0134491
149	-9.86318	-11.9635	0.993989	0.006011	0.0189164
150	-3.95434	-5.98823	0.993579	0.00642098	0.019321
151	-3.79123	-8.57732	0.999588	0.000412051	0.0133901
152	-6.12669	-7.18666	0.983173	0.0168266	0.0295916
153	-4.3326	-10.3037	0.999874	0.000126014	0.0131078
154	-3.60097	-9.63399	0.999882	0.000118452	0.0131003
155	-3.5271	-7.20065	0.998748	0.00125245	0.0142196
156	-4.51734	-8.9143	0.999392	0.000607948	0.0135835
157	-15.5957	-13.9935	0.803069	0.196931	0.207358
158	-17.2199	-13.9825	0.442861	0.557139	0.562889
159	-3.54698	-8.83764	0.999751	0.000248825	0.013229
160	-12.8487	-18.1464	0.999753	0.000247087	0.0132273
161	-4.519	-6.32786	0.991972	0.00802834	0.0209075
162	-9.99977	-10.7582	0.977384	0.0226158	0.0353056
163	-3.5271	-7.20065	0.998748	0.00125245	0.0142196
164	-21.4159	-24.2498	0.997105	0.00289529	0.0158411
165	-9.26001	-10.6643	0.988016	0.0119837	0.0248115
166	-4.3326	-10.3037	0.999874	0.000126014	0.0131078
167	-19.8139	-22.7572	0.997404	0.00259594	0.0155457
168	-14.3986	-19.8652	0.999791	0.000208683	0.0131894
169	-9.47205	-11.0637	0.990043	0.00995654	0.0228107
170	-15.9229	-20.7363	0.999599	0.000400961	0.0133792
171	-14.315	-19.2961	0.999661	0.000339076	0.0133181
172	-8.2746	-11.9728	0.998778	0.00122198	0.0141895
173	-28.6146	-20.7062	0.00738748	0.992613	0.992708
174	-4.51734	-8.9143	0.999392	0.000607948	0.0135835
175	-4.519	-6.32786	0.991972	0.00802834	0.0209075
176	-4.72899	-9.75117	0.999675	0.000325431	0.0133046
177	-10.0599	-12.5523	0.995931	0.00406901	0.0169996
178	-3.61639	-7.62825	0.999107	0.000893283	0.0138651
179	-6.33075	-12.0219	0.999833	0.000166728	0.013148
180	-19.966	-20.6893	0.976594	0.0234063	0.0360858
181	-3.95434	-5.98823	0.993579	0.00642098	0.019321
182	-7.96427	-12.1031	0.999213	0.000786829	0.01376
183	-30.9555	-24.9314	0.0466955	0.953304	0.953911
184	-4.284	-5.55367	0.986313	0.013687	0.0264927
185	-4.50822	-8.76091	0.999298	0.000702228	0.0136765
186	-11.1048	-13.0698	0.993124	0.00687583	0.01977
187	-18.3466	-21.4937	0.997881	0.00211853	0.0150744
188	-8.70864	-10.1765	0.988746	0.0112537	0.024091
189	-20.6722	-26.6316	0.999872	0.000127502	0.0131093
190	-3.6005	-7.79625	0.999257	0.000743346	0.0137171
191	-3.61639	-7.62825	0.999107	0.000893283	0.0138651
192	-6.76121	-10.5485	0.998882	0.00111795	0.0140869
193	-14.0835	-16.8119	0.996783	0.0032166	0.0161583
194	-8.19584	-12.5692	0.999378	0.000622484	0.0135978
195	-4.14672	-6.53115	0.995469	0.00453091	0.0174555
196	-17.7018	-19.539	0.992194	0.00780586	0.0206879
197	-3.95434	-5.98823	0.993579	0.00642098	0.019321
198	-3.46573	-8.65502	0.999725	0.000275364	0.0132552
199	-3.79123	-8.57732	0.999588	0.000412051	0.0133901
200	-11.3921	-15.8347	0.999419	0.000580831	0.0135567
201	-3.95434	-5.98823	0.993579	0.00642098	0.019321
202	-8.94516	-13.8172	0.999622	0.000378122	0.0133566
203	-12.9061	-15.5194	0.996393	0.00360742	0.016544
204	-8.0783	-12.7191	0.999524	0.000476478	0.0134537
205	-3.60097	-9.63399	0.999882	0.000118452	0.0131003
206	-3.61639	-7.62825	0.999107	0.000893283	0.0138651
207	-3.5271	-7.20065	0.998748	0.00125245	0.0142196
208	-12.2329	-17.2158	0.999662	0.000338472	0.0133175
209	-4.06371	-6.48401	0.995628	0.004372	0.0172987
210	-3.46573	-8.65502	0.999725	0.000275364	0.0132552
211	-3.9004	-7.72053	0.998918	0.00108186	0.0140512
212	-3.54698	-8.83764	0.999751	0.000248825	0.013229
213	-20.7932	-16.8374	0.279288	0.720712	0.724338
214	-3.60097	-9.63399	0.999882	0.000118452	0.0131003
215	-4.50551	-9.81169	0.999755	0.000244992	0.0132252
216	-19.8589	-14.4511	0.0831761	0.916824	0.917904
217	-24.0074	-17.1912	0.021703	0.978297	0.978579
218	-32.4553	-20.3328	0.000110027	0.99989	0.999891
219	-8.82373	-14.8321	0.999879	0.000121413	0.0131033
220	-18.0554	-22.2659	0.999268	0.00073243	0.0137063
221	-7.00258	-11.9876	0.999662	0.000337747	0.0133168
222	-4.50822	-8.76091	0.999298	0.000702228	0.0136765
223	-11.0175	-12.6932	0.990839	0.00916128	0.0220258
224	-8.19512	-10.1866	0.993303	0.0066972	0.0195937
225	-4.284	-5.55367	0.986313	0.013687	0.0264927
226	-12.907	-16.0087	0.997783	0.00221664	0.0151713
227	-3.46573	-8.65502	0.999725	0.000275364	0.0132552
228	-3.54698	-8.83764	0.999751	0.000248825	0.013229
229	-20.6863	-25.7806	0.999697	0.000302786	0.0132823
230	-6.99754	-11.9312	0.999644	0.000355551	0.0133344
231	-4.14672	-6.53115	0.995469	0.00453091	0.0174555
232	-3.95434	-5.98823	0.993579	0.00642098	0.019321
233	-14.8716	-19.9141	0.999681	0.000318908	0.0132982
234	-36.5782	-31.0572	0.074943	0.925057	0.92603
235	-4.3326	-10.3037	0.999874	0.000126014	0.0131078
236	-4.284	-5.55367	0.986313	0.013687	0.0264927
237	-9.06018	-10.2927	0.985802	0.0141976	0.0269967
238	-4.284	-5.55367	0.986313	0.013687	0.0264927
239	-3.95434	-5.98823	0.993579	0.00642098	0.019321
240	-32.9779	-34.9138	0.992923	0.00707724	0.0199688
241	-4.3326	-10.3037	0.999874	0.000126014	0.0131078
242	-4.80713	-10.2119	0.999778	0.000222007	0.0132026
243	-8.05259	-9.48698	0.988367	0.0116326	0.024465
244	-4.284	-5.55367	0.986313	0.013687	0.0264927
245	-4.14672	-6.53115	0.995469	0.00453091	0.0174555
246	-10.0685	-11.625	0.989691	0.0103093	0.0231589
247	-3.95434	-5.98823	0.993579	0.00642098	0.019321
248	-10.8115	-12.9373	0.99414	0.00586037	0.0187677
249	-3.95434	-5.98823	0.993579	0.00642098	0.019321
250	-3.46573	-8.65502	0.999725	0.000275364	0.0132552
251	-15.0107	-19.6408	0.999518	0.000481608	0.0134588
252	-13.8827	-17.2464	0.998293	0.00170658	0.0146679
253	-3.5271	-7.20065	0.998748	0.00125245	0.0142196
254	-3.46573	-8.65502	0.999725	0.000275364	0.0132552
255	-3.60097	-9.63399	0.999882	0.000118452	0.0131003
256	-3.60097	-9.63399	0.999882	0.000118452	0.0131003
257	-3.5271	-7.20065	0.998748	0.00125245	0.0142196
258	-3.46573	-8.65502	0.999725	0.000275364	0.0132552
259	-3.60097	-9.63399	0.999882	0.000118452	0.0131003
260	-10.7861	-13.7257	0.997394	0.00260573	0.0155553
261	-3.54698	-8.83764	0.999751	0.000248825	0.013229
262	-5.00083	-6.39652	0.987914	0.0120861	0.0249126
263	-3.60097	-9.63399	0.999882	0.000118452	0.0131003
264	-9.8389	-13.1965	0.998283	0.00171701	0.0146781
265	-4.519	-6.32786	0.991972	0.00802834	0.0209075
266	-21.4826	-15.0132	0.0304286	0.969571	0.969966
267	-4.50551	-9.81169	0.999755	0.000244992	0.0132252
268	-13.3877	-16.5171	0.997844	0.00215616	0.0151116
269	-9.13412	-13.896	0.999578	0.000422139	0.0134001
270	-25.3174	-20.7246	0.170088	0.829912	0.83212
271	-4.06371	-6.48401	0.995628	0.004372	0.0172987
272	-14.5877	-16.1865	0.990113	0.0098865	0.0227416
273	-3.54698	-8.83764	0.999751	0.000248825	0.013229
274	-3.61639	-7.62825	0.999107	0.000893283	0.0138651
275	-3.60097	-9.63399	0.999882	0.000118452	0.0131003
276	-3.54698	-8.83764	0.999751	0.000248825	0.013229
277	-9.91714	-14.5555	0.999522	0.000477605	0.0134548
278	-3.9004	-7.72053	0.998918	0.00108186	0.0140512
279	-4.284	-5.55367	0.986313	0.013687	0.0264927
280	-4.51734	-8.9143	0.999392	0.000607948	0.0135835
281	-4.72899	-9.75117	0.999675	0.000325431	0.0133046
282	-3.79123	-8.57732	0.999588	0.000412051	0.0133901
283	-10.6418	-15.561	0.999639	0.000360718	0.0133395
284	-9.30598	-10.6491	0.98727	0.0127301	0.0255482
285	-4.50551	-9.81169	0.999755	0.000244992	0.0132252
286	-13.3792	-14.6863	0.986809	0.0131911	0.0260033
287	-3.54698	-8.83764	0.999751	0.000248825	0.013229
288	-3.5271	-7.20065	0.998748	0.00125245	0.0142196
289	-4.80713	-10.2119	0.999778	0.000222007	0.0132026
290	-22.4278	-18.7677	0.342499	0.657501	0.661948
291	-11.7055	-13.6844	0.993219	0.00678139	0.0196768
292	-19.3905	-21.2068	0.992031	0.00796938	0.0208493
293	-3.54698	-8.83764	0.999751	0.000248825	0.013229
294	-8.9164	-11.1765	0.994872	0.00512784	0.0180447
295	-4.3326	-10.3037	0.999874	0.000126014	0.0131078
296	-4.14672	-6.53115	0.995469	0.00453091	0.0174555
297	-24.2122	-24.0298	0.944038	0.055962	0.0682188
298	-4.3326	-10.3037	0.999874	0.000126014	0.0131078
299	-30.6171	-22.5694	0.00643276	0.993567	0.993651
300	-6.81898	-12.4872	0.999829	0.000170584	0.0131518
301	-3.61639	-7.62825	0.999107	0.000893283	0.0138651
302	-9.33857	-14.1071	0.999581	0.000419366	0.0133973
303	-9.33934	-11.0094	0.990787	0.00921252	0.0220763
304	-3.46573	-8.65502	0.999725	0.000275364	0.0132552
305	-3.60097	-9.63399	0.999882	0.000118452	0.0131003
306	-9.34622	-10.4634	0.984094	0.0159056	0.0286825
307	-7.94277	-13.9148	0.999874	0.000125897	0.0131077
308	-3.5271	-7.20065	0.998748	0.00125245	0.0142196
309	-3.5271	-7.20065	0.998748	0.00125245	0.0142196
310	-7.25465	-11.7689	0.999459	0.000540699	0.0135171
311	-4.14672	-6.53115	0.995469	0.00453091	0.0174555
312	-4.284	-5.55367	0.986313	0.013687	0.0264927
313	-3.54698	-8.83764	0.999751	0.000248825	0.013229
314	-5.56527	-7.23922	0.990823	0.00917735	0.0220416
315	-12.2474	-12.4143	0.959876	0.040124	0.0525864
316	-4.50822	-8.76091	0.999298	0.000702228	0.0136765
317	-3.5271	-7.20065	0.998748	0.00125245	0.0142196
318	-20.5957	-16.3644	0.227319	0.772681	0.775632
319	-4.80713	-10.2119	0.999778	0.000222007	0.0132026
320	-4.80713	-10.2119	0.999778	0.000222007	0.0132026
321	-11.5131	-12.5946	0.983527	0.0164732	0.0292427
322	-4.50822	-8.76091	0.999298	0.000702228	0.0136765
323	-15.9559	-19.3186	0.998292	0.00170832	0.0146696
324	-4.51734	-8.9143	0.999392	0.000607948	0.0135835
325	-12.021	-10.0589	0.739959	0.260041	0.269648
326	-3.79123	-8.57732	0.999588	0.000412051	0.0133901
327	-16.7055	-18.5436	0.992201	0.00779896	0.0206811
328	-5.00083	-6.39652	0.987914	0.0120861	0.0249126
329	-7.23724	-8.43663	0.985331	0.014669	0.027462
330	-3.6005	-7.79625	0.999257	0.000743346	0.0137171
331	-22.5246	-19.6653	0.537078	0.462922	0.469895
332	-3.95434	-5.98823	0.993579	0.00642098	0.019321
333	-7.96217	-13.8387	0.999861	0.000138515	0.0131201
334	-20.0948	-23.061	0.997463	0.00253746	0.0154879
335	-14.5302	-14.8154	0.964192	0.0358083	0.0483268
336	-16.047	-20.8167	0.999581	0.000418847	0.0133968
337	-15.0068	-14.1329	0.89416	0.10584	0.117449
338	-4.72899	-9.75117	0.999675	0.000325431	0.0133046
339	-4.14672	-6.53115	0.995469	0.00453091	0.0174555
340	-7.84827	-10.7029	0.997164	0.00283619	0.0157828
341	-3.95434	-5.98823	0.993579	0.00642098	0.019321
342	-20.4084	-25.1461	0.999568	0.000432461	0.0134103
343	-4.54593	-9.28529	0.999568	0.000431757	0.0134096
344	-4.284	-5.55367	0.986313	0.013687	0.0264927
345	-4.06371	-6.48401	0.995628	0.004372	0.0172987
346	-8.99201	-14.8962	0.999865	0.000134736	0.0131164
347	-15.0713	-17.7035	0.99646	0.00353983	0.0164773
348	-7.96217	-13.8387	0.999861	0.000138515	0.0131201
