Sites	Ll_YN98.omega=0.00197485	Ll_YN98.omega=0.0068784	Ll_YN98.omega=0.0253055	Ll_YN98.omega=0.140586	Ll_YN98.omega=1	Pr_YN98.omega=0.00197485	Pr_YN98.omega=0.0068784	Pr_YN98.omega=0.0253055	Pr_YN98.omega=0.140586	Pr_YN98.omega=1	mean
1	-3.70018	-3.71074	-3.7504	-3.99818	-5.82642	0.271041	0.268195	0.257766	0.201194	0.00180315	0.0389912
2	-9.40669	-9.41689	-9.4552	-9.69409	-11.4307	0.270264	0.267522	0.257467	0.202755	0.0019916	0.0393854
3	-14.5234	-13.2844	-12.0149	-10.507	-10.0687	0.0129801	0.0448126	0.159492	0.720435	0.0622807	0.167934
4	-4.42617	-4.43451	-4.46585	-4.66167	-6.10852	0.266429	0.264216	0.256065	0.210527	0.00276285	0.0411834
5	-11.2426	-11.2524	-11.2891	-11.5182	-13.1906	0.2694	0.266779	0.257162	0.204517	0.00214202	0.0397689
6	-4.70429	-4.71342	-4.74772	-4.96176	-6.52619	0.268066	0.265629	0.256672	0.207215	0.00241774	0.040401
7	-3.76194	-3.77286	-3.81388	-4.06998	-5.94993	0.271764	0.268812	0.258009	0.199715	0.0016997	0.0386916
8	-4.52064	-4.52989	-4.56462	-4.78152	-6.37808	0.268323	0.265853	0.256779	0.206709	0.00233557	0.0402525
9	-4.0624	-4.07149	-4.10567	-4.31903	-5.88385	0.268006	0.265579	0.256655	0.207342	0.00241828	0.0404186
10	-8.66732	-8.67637	-8.71034	-8.92251	-10.4836	0.2679	0.265488	0.25662	0.207562	0.0024299	0.0404593
11	-3.76194	-3.77286	-3.81388	-4.06998	-5.94993	0.271764	0.268812	0.258009	0.199715	0.0016997	0.0386916
12	-4.44377	-4.45385	-4.49171	-4.72828	-6.47382	0.270061	0.267353	0.257419	0.203189	0.00197802	0.03943
13	-6.95998	-6.96898	-7.00277	-7.21364	-8.75535	0.267783	0.265384	0.256566	0.207787	0.00248012	0.0405389
14	-6.71806	-6.72618	-6.75667	-6.94703	-8.34404	0.265931	0.263781	0.25586	0.21151	0.00291761	0.0414673
15	-3.82268	-3.83171	-3.86565	-4.07763	-5.63923	0.267883	0.265474	0.256616	0.207598	0.00242907	0.0404634
16	-4.99176	-4.99813	-5.02207	-5.17166	-6.27594	0.262152	0.260487	0.254324	0.218989	0.00404812	0.0435803
17	-8.66732	-8.67637	-8.71034	-8.92251	-10.4836	0.2679	0.265488	0.25662	0.207562	0.0024299	0.0404593
18	-5.69376	-5.69816	-5.71469	-5.81797	-6.58115	0.257662	0.256531	0.252325	0.227566	0.0059166	0.0465678
19	-11.5219	-11.5298	-11.5596	-11.7456	-13.1011	0.265528	0.263429	0.255691	0.2123	0.00305254	0.0417057
20	-4.0624	-4.07149	-4.10567	-4.31903	-5.88385	0.268006	0.265579	0.256655	0.207342	0.00241828	0.0404186
21	-9.4816	-9.48907	-9.51712	-9.69238	-10.9832	0.264548	0.26258	0.255315	0.21427	0.00328684	0.0421997
22	-4.31665	-4.3263	-4.36257	-4.58914	-6.25911	0.269181	0.266595	0.257098	0.204975	0.00215205	0.03984
23	-4.31665	-4.3263	-4.36257	-4.58914	-6.25911	0.269181	0.266595	0.257098	0.204975	0.00215205	0.03984
24	-4.52064	-4.52989	-4.56462	-4.78152	-6.37808	0.268323	0.265853	0.256779	0.206709	0.00233557	0.0402525
25	-4.0624	-4.07149	-4.10567	-4.31903	-5.88385	0.268006	0.265579	0.256655	0.207342	0.00241828	0.0404186
26	-4.31665	-4.3263	-4.36257	-4.58914	-6.25911	0.269181	0.266595	0.257098	0.204975	0.00215205	0.03984
27	-14.3778	-14.3835	-14.4051	-14.5398	-15.5307	0.260732	0.259239	0.253707	0.221731	0.00459071	0.0444813
28	-14.9368	-13.6986	-12.4326	-10.9461	-10.6459	0.01336	0.0460818	0.163442	0.722701	0.0544157	0.160497
29	-3.75504	-3.76406	-3.79794	-4.00944	-5.56171	0.267839	0.265435	0.256594	0.207679	0.00245278	0.0404976
30	-3.9397	-3.94754	-3.97701	-4.16115	-5.52025	0.265365	0.263292	0.255645	0.212652	0.00304669	0.0417469
31	-4.49769	-4.50558	-4.53522	-4.72042	-6.08732	0.265462	0.263376	0.255684	0.212457	0.00302028	0.0416949
32	-8.30403	-8.31048	-8.33473	-8.48622	-9.60482	0.262332	0.260645	0.254401	0.218638	0.00398415	0.0434703
33	-7.18534	-7.19365	-7.22488	-7.41974	-8.84627	0.26634	0.264135	0.256016	0.210687	0.00282173	0.0412628
34	-18.4696	-17.229	-15.954	-14.4113	-13.7216	0.0123245	0.0426126	0.15251	0.713264	0.0792892	0.183741
35	-4.85901	-4.86938	-4.90834	-5.1513	-6.91784	0.27062	0.267827	0.257594	0.202033	0.00192589	0.0392241
36	-7.856	-7.86586	-7.90289	-8.1342	-9.83726	0.269599	0.266954	0.257248	0.204125	0.00207337	0.039649
37	-12.9923	-13.0012	-13.0349	-13.2451	-14.7817	0.267723	0.265332	0.256544	0.207907	0.00249434	0.040569
38	-5.10286	-5.10996	-5.13665	-5.30344	-6.53851	0.263767	0.2619	0.255004	0.215828	0.00350054	0.0426183
39	-14.874	-14.8787	-14.8961	-15.0051	-15.8094	0.258229	0.257032	0.252586	0.226501	0.00565175	0.0461644
40	-7.57092	-7.58038	-7.6159	-7.83761	-9.45871	0.268749	0.266219	0.256927	0.205837	0.00226934	0.0400707
41	-11.6097	-11.6163	-11.6412	-11.7966	-12.9306	0.262694	0.260957	0.254537	0.217902	0.00391005	0.043299
42	-4.0624	-4.07149	-4.10567	-4.31903	-5.88385	0.268006	0.265579	0.256655	0.207342	0.00241828	0.0404186
43	-7.44419	-7.45125	-7.47774	-7.64314	-8.85725	0.263633	0.26178	0.254936	0.216072	0.00357873	0.0427281
44	-10.8743	-10.8844	-10.9224	-11.1596	-12.884	0.270115	0.267393	0.257414	0.203058	0.002019	0.0394529
45	-7.15441	-7.16332	-7.19678	-7.40562	-8.93208	0.2676	0.265226	0.256497	0.208154	0.00252268	0.0406298
46	-17.4168	-16.1751	-14.8958	-13.3263	-12.4245	0.0117806	0.040778	0.146567	0.704114	0.0967607	0.199762
47	-4.39063	-4.39821	-4.42669	-4.60462	-5.91792	0.264796	0.262796	0.255417	0.213784	0.00320647	0.0420556
48	-4.65781	-4.66463	-4.69026	-4.85042	-6.03492	0.263148	0.261359	0.254746	0.217045	0.00370287	0.0429803
49	-5.29455	-5.30481	-5.34332	-5.58351	-7.32956	0.270378	0.267619	0.257507	0.202525	0.00197055	0.0393339
50	-8.53062	-8.54007	-8.57558	-8.79737	-10.4299	0.268757	0.266229	0.25694	0.20583	0.00224341	0.0400443
51	-13.297	-13.3059	-13.3395	-13.5492	-15.0944	0.26768	0.265298	0.25654	0.208008	0.00247408	0.0405625
52	-3.9397	-3.94754	-3.97701	-4.16115	-5.52025	0.265365	0.263292	0.255645	0.212652	0.00304669	0.0417469
53	-4.56409	-4.57449	-4.61356	-4.85719	-6.63064	0.270679	0.267879	0.257617	0.201914	0.0019115	0.0391941
54	-10.7392	-10.7503	-10.7918	-11.0509	-12.9514	0.272023	0.269034	0.258097	0.199186	0.00166066	0.0385825
55	-3.70025	-3.71098	-3.75127	-4.00303	-5.86086	0.271387	0.268492	0.257887	0.20049	0.00174446	0.0388392
56	-3.76885	-3.77994	-3.82162	-4.08183	-5.99235	0.272119	0.269117	0.258132	0.19899	0.00164253	0.0385384
57	-13.5006	-13.5079	-13.5355	-13.7073	-14.9677	0.264231	0.262302	0.25518	0.214888	0.0033983	0.0423921
58	-7.18048	-7.18834	-7.2179	-7.40255	-8.76536	0.265412	0.263332	0.255664	0.212558	0.00303408	0.0417219
59	-8.83662	-8.84496	-8.87632	-9.07225	-10.517	0.266438	0.264223	0.256065	0.210506	0.00276834	0.041186
60	-28.2254	-28.2337	-28.2647	-28.4582	-29.8756	0.266218	0.26403	0.255969	0.210933	0.00285089	0.0413244
61	-9.10381	-9.11109	-9.13847	-9.30956	-10.5752	0.264165	0.262247	0.255165	0.215039	0.00338277	0.0423969
62	-3.76283	-3.77199	-3.80641	-4.02131	-5.59883	0.268143	0.265697	0.256708	0.207067	0.00238459	0.0403486
63	-3.70025	-3.71098	-3.75127	-4.00303	-5.86086	0.271387	0.268492	0.257887	0.20049	0.00174446	0.0388392
64	-5.36872	-5.37635	-5.40502	-5.58398	-6.89774	0.264888	0.262875	0.255447	0.213588	0.00320206	0.0420251
65	-21.8609	-21.869	-21.8991	-22.0871	-23.4646	0.265717	0.263595	0.255773	0.211935	0.00298106	0.0415865
66	-7.9827	-7.99075	-8.02099	-8.20989	-9.60286	0.2658	0.263669	0.255816	0.211782	0.0029332	0.0415189
67	-3.70025	-3.71098	-3.75127	-4.00303	-5.86086	0.271387	0.268492	0.257887	0.20049	0.00174446	0.0388392
68	-6.13281	-6.13921	-6.16323	-6.31308	-7.40658	0.26217	0.260499	0.254316	0.218924	0.00409077	0.0436137
69	-4.53762	-4.54484	-4.57198	-4.74149	-5.99041	0.264017	0.262117	0.255099	0.215323	0.00344433	0.0424955
70	-4.46349	-4.47532	-4.51977	-4.7972	-6.83016	0.273597	0.270379	0.258625	0.195968	0.00143117	0.0379263
71	-10.1411	-10.1497	-10.1824	-10.3863	-11.8789	0.267156	0.264843	0.25633	0.20905	0.00262092	0.0408463
72	-15.0624	-13.825	-12.5621	-11.0954	-10.9642	0.0137339	0.0473323	0.167354	0.725448	0.0461313	0.152707
73	-5.10913	-5.11635	-5.14346	-5.31294	-6.56792	0.264016	0.262117	0.255106	0.215337	0.00342372	0.0424771
74	-10.2227	-10.2304	-10.2594	-10.44	-11.7651	0.26504	0.263006	0.255506	0.213286	0.00316151	0.0419448
75	-7.95747	-7.9652	-7.99424	-8.1755	-9.50556	0.265099	0.263058	0.25553	0.213168	0.00314407	0.0419118
76	-4.66624	-4.67317	-4.69921	-4.86194	-6.06557	0.263388	0.261569	0.254846	0.216573	0.00362484	0.0428403
77	-8.89823	-8.90707	-8.94026	-9.14756	-10.675	0.267464	0.265112	0.256458	0.208442	0.00252378	0.0406694
78	-10.7458	-10.7549	-10.7891	-11.0029	-12.5649	0.268042	0.265608	0.256662	0.207263	0.00242428	0.0404139
79	-11.1617	-11.1711	-11.2065	-11.4272	-13.0398	0.268659	0.266141	0.256893	0.206016	0.00229062	0.0401157
80	-4.47014	-4.47942	-4.51428	-4.73175	-6.31962	0.268372	0.265893	0.256784	0.206596	0.00235467	0.0402562
81	-15.3991	-14.1612	-12.8964	-11.4168	-11.149	0.0134745	0.046462	0.164597	0.722779	0.0526872	0.158811
82	-10.4787	-10.4852	-10.5095	-10.6613	-11.782	0.26236	0.260669	0.254413	0.218583	0.00397482	0.0434537
83	-4.5078	-4.51581	-4.54593	-4.7341	-6.1231	0.265734	0.263612	0.255791	0.211916	0.00294672	0.0415501
84	-3.76885	-3.77994	-3.82162	-4.08183	-5.99234	0.272119	0.269117	0.258132	0.19899	0.00164255	0.0385384
85	-4.5699	-4.57577	-4.59782	-4.73562	-5.75528	0.261032	0.259505	0.253846	0.221168	0.0044494	0.0442667
86	-4.07061	-4.07986	-4.11458	-4.33137	-5.92165	0.268312	0.265843	0.25677	0.206725	0.00235047	0.0402693
87	-9.01528	-9.02452	-9.05925	-9.27616	-10.8725	0.268323	0.265854	0.256779	0.206708	0.00233604	0.0402528
88	-5.10913	-5.11635	-5.14346	-5.31294	-6.56792	0.264016	0.262117	0.255106	0.215337	0.00342372	0.0424771
89	-12.6485	-12.6589	-12.6982	-12.9431	-14.7264	0.270789	0.267973	0.257656	0.201691	0.00189066	0.0391437
90	-32.5575	-30.0681	-27.4869	-24.2075	-21.379	0.000119134	0.00143602	0.018974	0.503947	0.475524	0.546862
91	-4.78785	-4.79599	-4.82656	-5.01758	-6.42697	0.265993	0.263837	0.255892	0.211398	0.00288019	0.0414154
92	-4.46349	-4.47532	-4.51977	-4.7972	-6.83016	0.273597	0.270379	0.258625	0.195968	0.00143118	0.0379263
93	-18.8728	-17.6325	-16.3584	-14.8219	-14.1655	0.0124317	0.0429717	0.15364	0.714174	0.076783	0.181394
94	-4.41551	-4.4233	-4.45256	-4.63535	-5.98169	0.265241	0.263183	0.255593	0.212894	0.00308934	0.0418213
95	-4.80459	-4.81438	-4.85118	-5.08101	-6.77379	0.269468	0.266842	0.257202	0.204391	0.00209751	0.0397082
96	-5.006	-5.01247	-5.0368	-5.18879	-6.31092	0.262379	0.260685	0.25442	0.218547	0.00396844	0.0434427
97	-4.53762	-4.54484	-4.57198	-4.74149	-5.9904	0.264017	0.262117	0.255099	0.215323	0.00344434	0.0424955
98	-25.4248	-24.1872	-22.9234	-21.451	-21.2627	0.0136224	0.0469587	0.166178	0.724464	0.048777	0.155182
99	-26.819	-24.3297	-21.7491	-18.4734	-15.6876	0.000122074	0.00147124	0.0194286	0.514114	0.464864	0.537644
100	-8.06098	-8.06997	-8.10372	-8.3144	-9.85987	0.267767	0.265372	0.256565	0.207825	0.00247127	0.0405353
101	-8.25836	-8.2663	-8.29611	-8.48239	-9.85745	0.265562	0.263462	0.255723	0.21226	0.00299295	0.0416416
102	-5.00135	-5.00835	-5.03467	-5.19917	-6.41647	0.263552	0.261713	0.254914	0.21625	0.00357024	0.0427434
103	-22.1395	-22.1469	-22.1748	-22.3488	-23.6198	0.264427	0.262471	0.255253	0.214493	0.00335624	0.0422978
104	-4.26457	-4.27316	-4.30544	-4.50707	-5.99311	0.266954	0.26467	0.256263	0.20947	0.00264333	0.0409245
105	-8.10384	-8.11099	-8.13788	-8.30583	-9.54499	0.263873	0.261991	0.255042	0.215612	0.00348274	0.0425719
106	-4.39918	-4.40688	-4.43582	-4.61661	-5.95116	0.265059	0.263025	0.255523	0.213262	0.0031314	0.0419119
107	-4.53762	-4.54484	-4.57198	-4.74149	-5.99041	0.264017	0.262117	0.255099	0.215323	0.00344433	0.0424955
108	-16.0169	-16.0278	-16.0687	-16.3245	-18.194	0.271732	0.268783	0.257991	0.199776	0.00171799	0.0387178
109	-4.5078	-4.51581	-4.54593	-4.7341	-6.12311	0.265734	0.263612	0.255791	0.211916	0.0029467	0.0415501
110	-9.08196	-9.08844	-9.11277	-9.26477	-10.3856	0.26238	0.260686	0.254419	0.218542	0.00397336	0.0434468
111	-7.19235	-7.20021	-7.22977	-7.41431	-8.76879	0.2654	0.26332	0.25565	0.212571	0.00305964	0.0417488
112	-4.07062	-4.07986	-4.11459	-4.33138	-5.92166	0.268312	0.265843	0.25677	0.206725	0.00235046	0.0402693
113	-3.70025	-3.71098	-3.75127	-4.00303	-5.86086	0.271387	0.268492	0.257887	0.20049	0.00174446	0.0388392
114	-16.3653	-15.1276	-13.8635	-12.3891	-12.1748	0.0135778	0.0468087	0.165698	0.723897	0.0500186	0.15633
115	-17.1603	-17.1701	-17.2066	-17.4349	-19.1169	0.269329	0.266722	0.257152	0.204674	0.00212315	0.0397714
116	-31.0915	-28.6055	-26.0368	-22.8356	-20.5936	0.000165527	0.0019886	0.0259489	0.637342	0.334555	0.424827
117	-9.32251	-9.32899	-9.35336	-9.50557	-10.6283	0.262399	0.260703	0.254428	0.218505	0.0039653	0.0434339
118	-25.8624	-23.375	-20.8012	-17.5681	-15.0916	0.000146474	0.0017621	0.0231111	0.586047	0.388934	0.471921
119	-13.9275	-13.9351	-13.9634	-14.1405	-15.4398	0.264712	0.262721	0.255375	0.213938	0.00325391	0.0421229
120	-25.2918	-24.0516	-22.7778	-21.2432	-20.6103	0.0124762	0.0431224	0.154137	0.715162	0.075102	0.179866
121	-6.11429	-6.1224	-6.15287	-6.34307	-7.73645	0.265916	0.263767	0.255851	0.211537	0.0029286	0.0414817
122	-15.4677	-14.227	-12.9514	-11.4055	-10.6882	0.012258	0.0423885	0.151786	0.712188	0.0813796	0.18566
123	-24.8265	-22.3368	-19.7544	-16.4677	-13.6012	0.000115964	0.00139826	0.0184976	0.494907	0.485081	0.555136
124	-8.33353	-8.34276	-8.37742	-8.59375	-10.1795	0.268271	0.265807	0.256753	0.206807	0.00236206	0.0402916
125	-8.35518	-8.36256	-8.39027	-8.56341	-9.84192	0.264355	0.262412	0.25524	0.21466	0.00333362	0.0422979
126	-4.66625	-4.67318	-4.69922	-4.86195	-6.06557	0.263388	0.261569	0.254846	0.216573	0.00362482	0.0428403
127	-4.80459	-4.81439	-4.85118	-5.08101	-6.7738	0.269468	0.266842	0.257202	0.20439	0.0020975	0.0397082
128	-5.006	-5.01248	-5.0368	-5.18879	-6.31093	0.262379	0.260685	0.25442	0.218547	0.00396842	0.0434426
129	-4.5078	-4.51581	-4.54593	-4.7341	-6.12311	0.265734	0.263612	0.255791	0.211916	0.0029467	0.0415501
130	-3.94765	-3.95562	-3.98557	-4.17266	-5.55375	0.265635	0.263527	0.255752	0.212113	0.00297288	0.0416022
131	-12.604	-12.6136	-12.6498	-12.8757	-14.5263	0.269115	0.266534	0.25706	0.205096	0.00219537	0.0398988
132	-7.42083	-7.42979	-7.46344	-7.67348	-9.2124	0.267709	0.265321	0.256542	0.20794	0.00248889	0.0405679
133	-8.91502	-8.92269	-8.95151	-9.13157	-10.4607	0.264992	0.262967	0.255496	0.213395	0.00315039	0.0419484
134	-5.36568	-5.37195	-5.39551	-5.54264	-6.62552	0.261918	0.26028	0.25422	0.219438	0.00414413	0.0437348
135	-10.0041	-10.011	-10.0368	-10.1975	-11.3684	0.263196	0.261396	0.254744	0.216912	0.00375153	0.0430106
136	-7.16502	-7.17317	-7.20381	-7.39503	-8.79627	0.266009	0.263849	0.255888	0.211351	0.0029031	0.0414316
137	-5.21709	-5.22551	-5.25716	-5.4549	-6.91307	0.266603	0.264366	0.256129	0.210175	0.0027272	0.0411013
138	-5.10913	-5.11635	-5.14346	-5.31294	-6.56793	0.264016	0.262117	0.255106	0.215337	0.0034237	0.0424771
139	-8.82656	-8.8345	-8.86436	-9.05088	-10.4277	0.265583	0.263481	0.255732	0.212217	0.00298705	0.0416301
140	-10.0755	-10.0834	-10.1132	-10.2989	-11.6585	0.265508	0.263413	0.255689	0.212349	0.00304103	0.0417009
141	-7.75844	-7.76847	-7.80614	-8.04142	-9.77409	0.269948	0.267255	0.257375	0.203416	0.00200589	0.0394878
142	-3.94765	-3.95562	-3.98557	-4.17266	-5.55375	0.265635	0.263527	0.255752	0.212113	0.00297288	0.0416022
143	-4.72595	-4.73383	-4.76346	-4.94848	-6.31047	0.265445	0.26336	0.255673	0.212487	0.00303554	0.0417139
144	-14.8805	-14.8898	-14.9248	-15.1434	-16.7524	0.268472	0.265983	0.256835	0.206408	0.00230326	0.0401804
145	-3.83031	-3.83949	-3.87397	-4.08935	-5.67626	0.268187	0.265737	0.25673	0.206985	0.00236137	0.0403148
146	-5.64825	-5.65427	-5.67685	-5.81798	-6.86144	0.261349	0.259783	0.253982	0.220553	0.00433266	0.0440695
147	-4.57949	-4.59005	-4.62974	-4.87729	-6.67981	0.271021	0.268172	0.257737	0.201219	0.00185035	0.0390409
148	-14.0398	-12.7995	-11.5254	-9.98916	-9.34033	0.0124413	0.0430048	0.153755	0.714551	0.0762473	0.180915
149	-5.10913	-5.11635	-5.14346	-5.31294	-6.56793	0.264016	0.262117	0.255106	0.215337	0.0034237	0.0424771
150	-14.1257	-14.1332	-14.1615	-14.3379	-15.6286	0.264647	0.262664	0.255345	0.214061	0.00328386	0.0421688
151	-15.718	-14.4779	-13.2045	-11.6726	-11.058	0.0125272	0.0432936	0.15468	0.715695	0.0738037	0.178657
152	-9.52933	-9.54113	-9.58549	-9.86237	-11.8906	0.273549	0.270338	0.258609	0.196064	0.00143867	0.0379466
153	-12.6773	-12.6877	-12.7268	-12.9706	-14.7438	0.270695	0.267892	0.257621	0.20188	0.00191178	0.0391898
154	-4.66625	-4.67318	-4.69922	-4.86195	-6.06557	0.263388	0.261569	0.254846	0.216573	0.00362482	0.0428403
155	-3.70025	-3.71098	-3.75127	-4.00303	-5.86086	0.271387	0.268492	0.257887	0.20049	0.00174446	0.0388392
156	-5.36872	-5.37635	-5.40502	-5.58398	-6.89774	0.264888	0.262875	0.255447	0.213588	0.00320206	0.0420251
157	-8.87441	-8.88208	-8.9109	-9.09093	-10.4198	0.264989	0.262964	0.255495	0.213401	0.00315121	0.04195
158	-6.91751	-6.92851	-6.96982	-7.22767	-9.11483	0.271915	0.268941	0.258056	0.199404	0.00168485	0.0386354
159	-3.94765	-3.95562	-3.98557	-4.17266	-5.55375	0.265635	0.263527	0.255752	0.212113	0.00297288	0.0416022
160	-7.50253	-7.51042	-7.54007	-7.72527	-9.09217	0.265462	0.263376	0.255684	0.212458	0.00302025	0.0416949
161	-11.0772	-11.0852	-11.115	-11.3009	-12.661	0.265529	0.263431	0.255696	0.212305	0.00303885	0.0416929
162	-4.84862	-4.8545	-4.8766	-5.01465	-6.03464	0.261055	0.259524	0.253853	0.22112	0.00444696	0.044258
163	-7.19506	-7.20349	-7.23518	-7.43293	-8.88094	0.266602	0.264363	0.256118	0.210163	0.00275491	0.041127
164	-3.70025	-3.71098	-3.75127	-4.00303	-5.86086	0.271387	0.268492	0.257887	0.20049	0.00174446	0.0388392
165	-7.53725	-7.54384	-7.5686	-7.72335	-8.86681	0.262639	0.260914	0.254532	0.21804	0.0038757	0.0432835
166	-11.284	-11.2919	-11.3215	-11.5065	-12.8629	0.265437	0.263352	0.255664	0.212494	0.00305261	0.0417317
167	-11.7327	-11.7417	-11.7757	-11.9879	-13.54	0.267898	0.265484	0.25661	0.207555	0.00245167	0.0404799
168	-5.20784	-5.21424	-5.23826	-5.38837	-6.49808	0.262203	0.260531	0.254348	0.218894	0.00402443	0.0435442
169	-8.44372	-8.45072	-8.47705	-8.64158	-9.8575	0.263555	0.261714	0.254913	0.216243	0.00357506	0.0427472
170	-9.78693	-9.79335	-9.81746	-9.96811	-11.0806	0.262252	0.260575	0.254367	0.218795	0.00401127	0.0435179
171	-14.3074	-14.3174	-14.3547	-14.5874	-16.2874	0.269724	0.267059	0.257281	0.203859	0.00207697	0.0396169
172	-4.84862	-4.8545	-4.8766	-5.01465	-6.03464	0.261055	0.259524	0.253853	0.22112	0.00444696	0.044258
173	-5.36872	-5.37635	-5.40502	-5.58398	-6.89774	0.264888	0.262875	0.255447	0.213588	0.00320206	0.0420251
174	-7.91396	-7.92205	-7.95247	-8.14246	-9.54255	0.265899	0.263755	0.255854	0.211583	0.00290964	0.0414691
175	-3.99035	-4.00027	-4.03754	-4.27034	-5.98524	0.26973	0.267067	0.257297	0.20386	0.0020463	0.0395869
176	-17.7279	-16.4897	-15.2234	-13.7355	-13.4429	0.0133471	0.0460405	0.163339	0.72323	0.0540435	0.160196
177	-4.72595	-4.73383	-4.76346	-4.94848	-6.31047	0.265445	0.26336	0.255673	0.212487	0.00303554	0.0417139
178	-3.94765	-3.95562	-3.98557	-4.17266	-5.55375	0.265635	0.263527	0.255752	0.212113	0.00297288	0.0416022
179	-7.83331	-7.83932	-7.86189	-8.00293	-9.04419	0.26134	0.259774	0.253976	0.220568	0.00434248	0.0440812
180	-16.5838	-15.3423	-14.0637	-12.4991	-11.6458	0.0118916	0.0411543	0.147809	0.706635	0.0925101	0.1959
181	-4.84862	-4.8545	-4.8766	-5.01465	-6.03464	0.261055	0.259524	0.253853	0.22112	0.00444696	0.044258
182	-6.11429	-6.1224	-6.15287	-6.34307	-7.73645	0.265916	0.263767	0.255851	0.211537	0.0029286	0.0414817
183	-11.0054	-11.0113	-11.0332	-11.1704	-12.1851	0.260971	0.259451	0.253818	0.221287	0.00447387	0.0443067
184	-14.7052	-14.7133	-14.7437	-14.9333	-16.3169	0.265861	0.263718	0.255823	0.211639	0.00295879	0.041525
185	-3.94765	-3.95562	-3.98556	-4.17265	-5.55374	0.265635	0.263527	0.255752	0.212113	0.00297289	0.0416022
186	-10.9731	-10.9822	-11.0163	-11.2289	-12.7903	0.26794	0.265522	0.256632	0.207478	0.00242814	0.0404464
187	-4.87517	-4.88571	-4.92529	-5.17215	-6.96768	0.270961	0.26812	0.257715	0.201339	0.00186445	0.0390709
188	-9.66549	-9.67601	-9.71551	-9.96182	-11.7534	0.270914	0.26808	0.257698	0.201436	0.00187266	0.0390919
189	-4.96512	-4.97402	-5.00746	-5.2163	-6.75417	0.267603	0.265231	0.256509	0.208163	0.00249416	0.0406029
190	-4.87517	-4.88571	-4.92529	-5.17215	-6.96768	0.270961	0.26812	0.257715	0.201339	0.00186445	0.0390709
191	-4.07061	-4.07986	-4.11458	-4.33137	-5.92165	0.268312	0.265843	0.25677	0.206725	0.00235047	0.0402693
192	-17.2513	-17.2602	-17.2936	-17.5023	-19.0249	0.267581	0.265209	0.256488	0.208189	0.00253276	0.0406445
193	-12.3989	-12.4049	-12.4275	-12.5682	-13.6075	0.261314	0.259752	0.253965	0.220616	0.00435218	0.0440972
194	-9.48167	-9.48957	-9.51925	-9.70468	-11.0734	0.265484	0.263395	0.255692	0.212415	0.00301408	0.0416832
195	-10.4405	-10.4488	-10.4802	-10.6763	-12.1208	0.266447	0.264231	0.256068	0.210486	0.00276875	0.0411837
196	-4.47014	-4.47942	-4.51428	-4.73175	-6.31963	0.268372	0.265893	0.256784	0.206596	0.00235466	0.0402562
197	-5.31104	-5.32146	-5.3606	-5.60464	-7.37935	0.270716	0.26791	0.257628	0.201839	0.0019084	0.039181
198	-4.53762	-4.54484	-4.57198	-4.74149	-5.9904	0.264017	0.262117	0.255099	0.215323	0.00344434	0.0424955
199	-5.006	-5.01247	-5.0368	-5.18879	-6.31092	0.262379	0.260685	0.25442	0.218547	0.00396843	0.0434426
200	-12.2071	-12.2146	-12.2428	-12.4186	-13.7153	0.264602	0.262627	0.255338	0.214168	0.00326612	0.0421656
201	-10.6306	-10.6391	-10.6707	-10.8682	-12.3184	0.266577	0.264342	0.256113	0.210219	0.00274944	0.0411291
202	-8.42825	-8.4371	-8.47034	-8.67799	-10.2089	0.267495	0.265139	0.256471	0.208381	0.00251426	0.0406518
203	-15.2633	-15.272	-15.3046	-15.508	-17.003	0.267117	0.26481	0.256321	0.209136	0.00261548	0.0408524
204	-3.76283	-3.77199	-3.80641	-4.02131	-5.59882	0.268143	0.265697	0.256708	0.207067	0.0023846	0.0403486
205	-19.0677	-19.077	-19.1117	-19.3284	-20.9222	0.268304	0.265838	0.256771	0.206745	0.00234228	0.0402638
206	-29.0792	-29.0872	-29.1175	-29.3063	-30.6891	0.265792	0.26366	0.255802	0.211783	0.00296325	0.0415487
207	-3.76885	-3.77994	-3.82162	-4.08183	-5.99235	0.272119	0.269117	0.258132	0.19899	0.00164254	0.0385384
208	-12.2312	-12.2391	-12.2689	-12.4549	-13.8207	0.265536	0.263438	0.255705	0.2123	0.00302148	0.041675
209	-8.23547	-8.24583	-8.28474	-8.52747	-10.2974	0.270601	0.267812	0.257592	0.202076	0.00191989	0.039224
210	-29.4918	-29.5022	-29.541	-29.7832	-31.5456	0.270557	0.267773	0.257571	0.202163	0.00193524	0.0392507
211	-4.26457	-4.27316	-4.30544	-4.50706	-5.99311	0.266954	0.26467	0.256263	0.20947	0.00264334	0.0409245
212	-5.006	-5.01247	-5.0368	-5.18879	-6.31092	0.262379	0.260685	0.25442	0.218547	0.00396843	0.0434426
213	-15.2408	-14.0018	-12.7328	-11.2277	-10.8037	0.0130273	0.0449701	0.159978	0.720615	0.0614097	0.167102
214	-9.16391	-9.17207	-9.20272	-9.39423	-10.8077	0.266038	0.263876	0.25591	0.211308	0.00286733	0.0413908
215	-4.46349	-4.47532	-4.51977	-4.7972	-6.83016	0.273597	0.270379	0.258625	0.195968	0.00143117	0.0379263
216	-3.99035	-4.00027	-4.03754	-4.27034	-5.98524	0.26973	0.267067	0.257297	0.20386	0.00204631	0.0395869
217	-3.99035	-4.00027	-4.03754	-4.27034	-5.98524	0.26973	0.267067	0.257297	0.20386	0.00204631	0.0395869
218	-6.22633	-6.23363	-6.26106	-6.43228	-7.69032	0.264174	0.262253	0.255159	0.215005	0.00340801	0.0424173
219	-4.5078	-4.51581	-4.54593	-4.7341	-6.12311	0.265734	0.263612	0.255791	0.211916	0.00294671	0.0415501
220	-4.84862	-4.8545	-4.87659	-5.01464	-6.03463	0.261055	0.259524	0.253853	0.22112	0.00444697	0.044258
221	-4.26457	-4.27316	-4.30544	-4.50706	-5.99311	0.266954	0.26467	0.256263	0.20947	0.00264334	0.0409245
222	-14.5984	-14.6078	-14.6428	-14.8613	-16.4689	0.268471	0.265981	0.256833	0.206409	0.00230655	0.0401838
223	-18.8842	-18.893	-18.9262	-19.1334	-20.6497	0.267449	0.265096	0.256442	0.20846	0.00255208	0.0406997
224	-5.52761	-5.53427	-5.55931	-5.71582	-6.87374	0.262805	0.26106	0.254603	0.217718	0.00381442	0.04318
225	-9.73854	-9.74667	-9.77724	-9.96801	-11.3656	0.265968	0.263813	0.255872	0.211433	0.00291488	0.0414542
226	-8.54053	-8.54736	-8.57302	-8.73336	-9.91844	0.263164	0.261373	0.254752	0.217011	0.00370012	0.042973
227	-8.55914	-8.56719	-8.59747	-8.7866	-10.1815	0.265821	0.263687	0.255824	0.211741	0.00292693	0.0415072
228	-3.83031	-3.83949	-3.87397	-4.08935	-5.67625	0.268187	0.265737	0.25673	0.206985	0.00236138	0.0403148
229	-4.57948	-4.59005	-4.62974	-4.87729	-6.67981	0.271021	0.268172	0.257737	0.201219	0.00185036	0.039041
230	-4.72595	-4.73383	-4.76346	-4.94847	-6.31047	0.265445	0.26336	0.255673	0.212487	0.00303555	0.0417139
231	-9.64326	-9.65348	-9.69184	-9.93111	-11.6724	0.270297	0.267551	0.257481	0.20269	0.00198154	0.0393667
232	-5.10913	-5.11635	-5.14346	-5.31294	-6.56792	0.264016	0.262117	0.255106	0.215337	0.00342371	0.0424771
316	-4.84862	-4.8545	-4.8766	-5.01465	-6.03464	0.261055	0.259524	0.253853	0.22112	0.00444696	0.044258
317	-5.38757	-5.39477	-5.4218	-5.59058	-6.82931	0.263947	0.262055	0.255065	0.215452	0.00348169	0.0425495
318	-9.22594	-9.23185	-9.25406	-9.39283	-10.4182	0.261125	0.259585	0.253884	0.220986	0.00442047	0.0442139
319	-19.743	-19.7513	-19.7825	-19.9776	-21.4073	0.26636	0.264153	0.256025	0.210649	0.00281237	0.0412485
320	-6.9282	-6.93644	-6.96738	-7.16056	-8.57896	0.266188	0.264005	0.255961	0.210998	0.00284895	0.0413311
321	-7.82146	-7.8289	-7.85683	-8.03133	-9.31783	0.264479	0.26252	0.255288	0.21441	0.00330324	0.0422346
322	-9.38892	-9.39808	-9.43248	-9.64735	-11.2304	0.268142	0.265698	0.256713	0.207076	0.00237145	0.0403369
323	-3.70025	-3.71098	-3.75127	-4.00303	-5.86085	0.271387	0.268492	0.257887	0.20049	0.00174446	0.0388393
324	-5.006	-5.01248	-5.0368	-5.18879	-6.31092	0.262379	0.260685	0.25442	0.218547	0.00396843	0.0434426
325	-4.84862	-4.8545	-4.87659	-5.01465	-6.03464	0.261055	0.259524	0.253853	0.22112	0.00444696	0.044258
326	-9.48749	-9.4947	-9.52179	-9.69104	-10.9398	0.263993	0.262096	0.255091	0.215374	0.00344575	0.0425037
327	-3.70025	-3.71098	-3.75127	-4.00303	-5.86085	0.271387	0.268492	0.257887	0.20049	0.00174446	0.0388393
328	-5.10913	-5.11635	-5.14346	-5.31294	-6.56792	0.264016	0.262117	0.255106	0.215337	0.00342371	0.0424771
329	-18.9503	-18.9582	-18.988	-19.1737	-20.5265	0.265505	0.263409	0.255681	0.212344	0.00306146	0.0417204
330	-8.25591	-8.26306	-8.2899	-8.45757	-9.69218	0.263846	0.261967	0.255028	0.215659	0.00349944	0.0425948
331	-8.55303	-8.56154	-8.59353	-8.79328	-10.2637	0.266784	0.264522	0.256196	0.209808	0.00268924	0.0410149
332	-20.1934	-20.2029	-20.2387	-20.462	-22.0856	0.268886	0.266335	0.256969	0.20555	0.00226043	0.0400237
333	-6.80519	-6.81398	-6.84701	-7.05318	-8.56473	0.267361	0.265021	0.256411	0.208641	0.00256656	0.0407381
334	-8.63604	-8.64287	-8.66854	-8.82892	-10.0128	0.263167	0.261375	0.254751	0.217002	0.00370456	0.0429762
335	-11.0109	-11.0184	-11.0467	-11.2231	-12.5164	0.264656	0.262672	0.255351	0.214047	0.00327522	0.0421584
336	-4.84862	-4.8545	-4.87659	-5.01465	-6.03464	0.261055	0.259524	0.253853	0.22112	0.00444696	0.044258
337	-7.16502	-7.17317	-7.20381	-7.39503	-8.79627	0.266009	0.263849	0.255888	0.211351	0.00290311	0.0414317
338	-14.842	-13.6015	-12.3264	-10.7839	-10.0925	0.0123243	0.0426117	0.152503	0.713157	0.0794044	0.183841
339	-21.9282	-20.6874	-19.4116	-17.8645	-17.1384	0.012234	0.0423075	0.151526	0.711869	0.0820631	0.186292
340	-3.76283	-3.77199	-3.80641	-4.02131	-5.59883	0.268143	0.265697	0.256708	0.207067	0.00238459	0.0403486
341	-4.56609	-4.57449	-4.60607	-4.80334	-6.25936	0.266561	0.26433	0.256114	0.210262	0.00273419	0.0411197
342	-11.9579	-11.969	-12.0106	-12.2708	-14.176	0.272116	0.269113	0.258126	0.198994	0.00165135	0.0385476
343	-7.51587	-7.52188	-7.54447	-7.68562	-8.72765	0.26135	0.259784	0.25398	0.220547	0.00433875	0.0440747
344	-26.7191	-24.2304	-21.6517	-18.388	-15.6849	0.000128569	0.00154872	0.0204119	0.533662	0.444249	0.519802
345	-4.07062	-4.07986	-4.11459	-4.33137	-5.92166	0.268312	0.265843	0.25677	0.206725	0.00235046	0.0402693
346	-9.06088	-9.06997	-9.10415	-9.31761	-10.8888	0.268015	0.265588	0.256664	0.207331	0.00240271	0.0404017
347	-20.2751	-19.0356	-17.7645	-16.2462	-15.7247	0.0127801	0.0441415	0.157362	0.718234	0.0674824	0.172767
348	-20.6549	-20.6639	-20.6978	-20.9092	-22.4659	0.267838	0.265435	0.256598	0.207687	0.00244215	0.0404881
349	-9.14334	-9.15353	-9.19181	-9.43094	-11.1947	0.270286	0.267546	0.257499	0.202731	0.00193789	0.0393292
350	-9.61618	-9.62475	-9.65696	-9.85799	-11.3292	0.266898	0.264619	0.25623	0.209569	0.00268415	0.0409779
351	-11.5132	-11.5208	-11.5495	-11.7285	-13.0482	0.264891	0.262879	0.255455	0.213591	0.00318287	0.0420066
352	-3.70025	-3.71098	-3.75127	-4.00303	-5.86085	0.271387	0.268492	0.257887	0.20049	0.00174446	0.0388393
353	-4.32157	-4.33137	-4.36823	-4.59844	-6.29545	0.269502	0.266871	0.257215	0.204324	0.00208797	0.0396899
354	-16.3811	-16.3885	-16.4161	-16.5885	-17.8498	0.264281	0.262344	0.255196	0.214785	0.00339354	0.0423736
355	-25.1812	-22.6954	-20.1274	-16.9306	-14.7203	0.000168143	0.00201965	0.0263354	0.643985	0.327492	0.418708
356	-18.5701	-18.5795	-18.6148	-18.8353	-20.4462	0.268643	0.266128	0.256886	0.206048	0.00229496	0.0401241
357	-4.57949	-4.59005	-4.62974	-4.87729	-6.67981	0.271021	0.268172	0.257737	0.201219	0.00185035	0.039041
358	-3.70025	-3.71098	-3.75127	-4.00303	-5.86085	0.271387	0.268492	0.257887	0.20049	0.00174446	0.0388393
359	-16.2028	-14.9637	-13.6942	-12.1864	-11.7427	0.0129769	0.0448012	0.159447	0.72018	0.0625953	0.168211
360	-4.07062	-4.07986	-4.11459	-4.33137	-5.92166	0.268312	0.265843	0.25677	0.206725	0.00235046	0.0402693
361	-20.8147	-20.8264	-20.8704	-21.1446	-23.1518	0.273328	0.270149	0.258534	0.196517	0.00147265	0.0380406
362	-26.0862	-26.0946	-26.1259	-26.3216	-27.7526	0.266412	0.264198	0.256042	0.21054	0.00280732	0.041229
363	-4.84862	-4.8545	-4.87659	-5.01465	-6.03464	0.261055	0.259524	0.253853	0.22112	0.00444696	0.044258
364	-8.15955	-8.16553	-8.18799	-8.32834	-9.36485	0.261274	0.259717	0.253948	0.220696	0.0043657	0.0441211
365	-19.2528	-19.2603	-19.2885	-19.4644	-20.7578	0.264608	0.262631	0.255336	0.214148	0.00327646	0.0421731
366	-17.6388	-17.6461	-17.6737	-17.8457	-19.1083	0.264248	0.262317	0.255188	0.214857	0.00339018	0.04238
367	-28.2757	-25.7891	-23.2183	-20.0042	-17.6621	0.000157485	0.00189302	0.0247527	0.615885	0.357312	0.444536
368	-52.1536	-47.1712	-41.9952	-35.3516	-29.0778	1.64982e-09	2.40579e-07	4.25755e-05	0.0326924	0.967265	0.971862
369	-18.3939	-18.4003	-18.4245	-18.5759	-19.6936	0.262317	0.260631	0.254395	0.218669	0.00398802	0.0434782
370	-4.54824	-4.55847	-4.59689	-4.83649	-6.58	0.270327	0.267576	0.257491	0.20263	0.0019766	0.0393538
371	-9.73547	-9.74319	-9.7722	-9.95333	-11.2831	0.265087	0.263048	0.255526	0.213193	0.00314543	0.0419165
372	-13.1939	-13.2025	-13.2345	-13.4346	-14.8934	0.266811	0.264542	0.256191	0.209736	0.00271986	0.0410355
373	-10.0587	-10.0644	-10.0858	-10.2196	-11.2086	0.260642	0.259162	0.253674	0.221919	0.00460316	0.0445186
374	-4.05393	-4.06288	-4.0965	-4.30634	-5.84494	0.267691	0.265306	0.256536	0.207977	0.00249011	0.0405741
375	-5.65518	-5.66213	-5.68823	-5.85117	-7.04559	0.263403	0.261579	0.254839	0.216522	0.00365749	0.0428657
376	-3.93152	-3.93923	-3.96822	-4.14932	-5.48581	0.265087	0.263049	0.255534	0.213205	0.00312448	0.0418975
377	-4.39579	-4.40333	-4.43166	-4.6086	-5.91137	0.264703	0.262714	0.255376	0.213963	0.00324311	0.0421156
378	-17.6983	-17.7059	-17.7345	-17.9129	-19.2283	0.264839	0.262833	0.255433	0.213696	0.00319832	0.0420358
379	-9.78723	-9.79423	-9.82054	-9.98474	-11.1877	0.26352	0.261681	0.254887	0.21629	0.00362267	0.0428004
380	-4.4543	-4.46328	-4.49702	-4.70751	-6.24355	0.267748	0.265354	0.25655	0.207852	0.00249502	0.0405623
381	-14.019	-12.7784	-11.5034	-9.96121	-9.26828	0.0123265	0.0426187	0.152519	0.713021	0.0795145	0.183932
382	-10.3946	-10.4007	-10.4236	-10.5669	-11.6226	0.261552	0.25996	0.254065	0.220152	0.00427212	0.0439563
383	-18.9868	-18.9953	-19.0272	-19.2263	-20.6759	0.266717	0.26446	0.256153	0.209922	0.00274738	0.0410875
384	-8.22306	-8.23007	-8.25638	-8.42083	-9.63667	0.263548	0.261708	0.254911	0.216257	0.00357562	0.0427496
385	-8.89739	-8.90523	-8.93471	-9.11858	-10.4603	0.265337	0.263263	0.255616	0.212683	0.00310054	0.0418042
386	-14.1887	-12.9513	-11.6879	-10.2178	-10.0435	0.0136628	0.0470932	0.166589	0.724551	0.048104	0.154532
387	-10.5122	-10.5204	-10.5511	-10.7425	-12.135	0.266028	0.263862	0.255884	0.211298	0.00292786	0.0414491
388	-7.55627	-7.56507	-7.59809	-7.80441	-9.3245	0.267375	0.265035	0.256424	0.208621	0.00254448	0.0407137
389	-10.8177	-10.8239	-10.8475	-10.9946	-12.0803	0.261918	0.260282	0.254224	0.219443	0.00413255	0.0437241
390	-4.48729	-4.49505	-4.5242	-4.70635	-6.0505	0.265183	0.263133	0.255572	0.213014	0.00309785	0.0418457
391	-4.64913	-4.65584	-4.68105	-4.83857	-6.00341	0.2629	0.261142	0.254642	0.21753	0.00378485	0.0431259
392	-12.8069	-12.8157	-12.8488	-13.0556	-14.5765	0.267416	0.26507	0.256437	0.208535	0.00254121	0.040699
393	-7.86967	-7.87664	-7.9028	-8.06626	-9.27308	0.263455	0.261627	0.254871	0.216437	0.00361099	0.0428085
394	-4.82979	-4.83548	-4.85687	-4.9905	-5.97758	0.260631	0.259151	0.253668	0.221937	0.00461271	0.0445305
395	-4.97711	-4.98338	-5.00693	-5.15405	-6.23995	0.261918	0.260282	0.254224	0.219444	0.00413173	0.0437234
396	-8.70361	-8.71168	-8.742	-8.93055	-10.2759	0.265756	0.263619	0.255749	0.211799	0.00307653	0.0416625
397	-8.94386	-8.95268	-8.98581	-9.19264	-10.7109	0.267421	0.265073	0.256435	0.208522	0.00254807	0.040704
398	-17.7333	-17.7428	-17.7785	-18.0009	-19.6176	0.268811	0.26627	0.25694	0.2057	0.00227793	0.040061
399	-4.79497	-4.80445	-4.84007	-5.06253	-6.70054	0.268817	0.26628	0.256963	0.20571	0.00222992	0.0400149
400	-4.84237	-4.85257	-4.89088	-5.12982	-6.8665	0.270268	0.267525	0.257468	0.202747	0.00199129	0.039384
401	-7.52406	-7.53222	-7.5629	-7.75439	-9.15705	0.266034	0.26387	0.255897	0.211302	0.00289832	0.0414204
402	-3.93152	-3.93923	-3.96822	-4.14932	-5.48581	0.265087	0.263049	0.255534	0.213205	0.00312448	0.0418975
403	-7.507	-7.51433	-7.54186	-7.71385	-8.98294	0.264247	0.262318	0.255195	0.214871	0.00336846	0.0423604
404	-8.47521	-8.48538	-8.52358	-8.76184	-10.4955	0.270209	0.267474	0.257449	0.202869	0.00199851	0.0394075
405	-4.54824	-4.55847	-4.59689	-4.83649	-6.58	0.270327	0.267576	0.257491	0.20263	0.0019766	0.0393538
406	-4.70513	-4.71276	-4.74144	-4.92053	-6.23842	0.264901	0.262887	0.255455	0.213568	0.00318855	0.0420091
407	-4.51223	-4.52132	-4.55548	-4.76881	-6.33873	0.268003	0.265578	0.256659	0.207354	0.0024061	0.0404081
408	-7.74968	-7.75799	-7.78919	-7.984	-9.41363	0.266336	0.264132	0.256018	0.210701	0.00281316	0.0412563
409	-3.74702	-3.75589	-3.78921	-3.99722	-5.52351	0.267527	0.265164	0.256475	0.208309	0.00252498	0.0406528
410	-4.51223	-4.52132	-4.55548	-4.76881	-6.33873	0.268003	0.265578	0.256659	0.207354	0.0024061	0.0404081
411	-4.31158	-4.32108	-4.35675	-4.57959	-6.22173	0.26885	0.266309	0.256976	0.205645	0.00222001	0.0399964
412	-9.08445	-9.09252	-9.12282	-9.31125	-10.6536	0.265744	0.263608	0.255741	0.21182	0.00308607	0.0416747
413	-4.55136	-4.5595	-4.59006	-4.78101	-6.19001	0.265987	0.263832	0.25589	0.211409	0.00288148	0.0414182
414	-11.9576	-11.9657	-11.9959	-12.1849	-13.5698	0.265804	0.263671	0.255808	0.211761	0.00295665	0.0415392
415	-9.80153	-9.81043	-9.84388	-10.0525	-11.5757	0.267585	0.265213	0.256489	0.208182	0.00253147	0.0406423
416	-4.43934	-4.44925	-4.4865	-4.71916	-6.43565	0.269718	0.267058	0.257295	0.203885	0.00204331	0.0395873
417	-3.97771	-3.98731	-4.02339	-4.24873	-5.90814	0.269072	0.2665	0.257057	0.205194	0.00217723	0.0398941
418	-5.19729	-5.20457	-5.23192	-5.40279	-6.66161	0.264142	0.262226	0.25515	0.215075	0.00340646	0.0424251
419	-7.97102	-7.97882	-8.00811	-8.19112	-9.54	0.265261	0.2632	0.255602	0.212857	0.00308095	0.041808
420	-4.84237	-4.85257	-4.89088	-5.12982	-6.8665	0.270268	0.267525	0.257468	0.202747	0.00199129	0.039384
421	-7.47919	-7.48593	-7.51124	-7.66928	-8.83005	0.262946	0.26118	0.254652	0.217424	0.00379842	0.0431251
422	-7.38899	-7.39591	-7.42191	-7.58422	-8.77432	0.263344	0.261527	0.254815	0.216639	0.00367529	0.0428989
423	-8.55313	-8.56453	-8.60732	-8.8744	-10.8289	0.27271	0.269621	0.258327	0.197779	0.00156233	0.0382975
424	-4.0239	-4.03477	-4.0756	-4.33052	-6.20006	0.271661	0.268724	0.257972	0.199923	0.00171926	0.0387387
425	-28.9373	-27.6989	-26.4316	-24.9375	-24.581	0.01322	0.0456136	0.161978	0.721699	0.0574886	0.163388
426	-14.3319	-13.0915	-11.8169	-10.2771	-9.60546	0.0123766	0.0427875	0.153065	0.713844	0.0779266	0.182475
427	-4.43934	-4.44925	-4.4865	-4.71916	-6.43565	0.269718	0.267058	0.257295	0.203885	0.00204331	0.0395873
428	-4.31158	-4.32108	-4.35675	-4.57959	-6.22173	0.26885	0.266309	0.256976	0.205645	0.00222001	0.0399964
