Sites	Ll_YN98.omega=0.002083	Ll_YN98.omega=0.00790706	Ll_YN98.omega=0.0314923	Ll_YN98.omega=0.18263	Pr_YN98.omega=0.002083	Pr_YN98.omega=0.00790706	Pr_YN98.omega=0.0314923	Pr_YN98.omega=0.18263	mean
1	-3.70042	-3.71298	-3.76383	-4.0891	0.277467	0.274004	0.260419	0.18811	0.0453002
2	-9.40793	-9.42006	-9.46918	-9.78261	0.276547	0.273211	0.260115	0.190127	0.0456509
3	-14.4704	-13.147	-11.8075	-10.3214	0.0121259	0.0455492	0.173868	0.768457	0.146204
4	-4.42711	-4.43703	-4.4772	-4.73421	0.271972	0.269287	0.258684	0.200056	0.0473787
5	-11.2413	-11.2529	-11.3	-11.6007	0.275519	0.272333	0.259807	0.192342	0.0460365
6	-4.70641	-4.71727	-4.76126	-5.04215	0.273925	0.270965	0.259306	0.195804	0.0466389
7	-3.76255	-3.77555	-3.82816	-4.16441	0.278345	0.274751	0.26067	0.186234	0.0449734
8	-4.52181	-4.53281	-4.57733	-4.862	0.274221	0.271222	0.259412	0.195145	0.0465246
9	-4.06304	-4.07386	-4.11769	-4.39778	0.273856	0.270906	0.259289	0.195949	0.0466643
10	-8.66503	-8.67579	-8.71934	-8.9978	0.27372	0.270791	0.25925	0.196239	0.0467149
11	-3.76255	-3.77555	-3.82816	-4.16441	0.278345	0.274751	0.26067	0.186234	0.0449734
12	-4.44422	-4.45622	-4.50477	-4.81536	0.276298	0.273004	0.260065	0.190633	0.0457395
13	-6.95972	-6.97043	-7.01376	-7.29054	0.273592	0.270678	0.259199	0.19653	0.0467653
14	-6.71788	-6.72754	-6.76665	-7.01659	0.271403	0.268793	0.258484	0.20132	0.0475981
15	-3.82378	-3.83453	-3.87803	-4.15624	0.273698	0.270773	0.259245	0.196284	0.0467227
16	-4.99324	-5.00082	-5.03152	-5.22792	0.266972	0.264955	0.256944	0.211128	0.0493013
17	-8.66503	-8.67579	-8.71934	-8.9978	0.27372	0.270791	0.25925	0.196239	0.0467149
18	-5.69532	-5.70056	-5.72175	-5.85736	0.261842	0.260474	0.255012	0.222672	0.0513026
19	-11.5222	-11.5316	-11.5699	-11.8139	0.270926	0.268379	0.258314	0.202381	0.0477822
20	-4.06304	-4.07386	-4.11769	-4.39778	0.273856	0.270906	0.259289	0.195949	0.0466643
21	-9.47971	-9.48859	-9.52456	-9.75459	0.269763	0.267377	0.257931	0.204929	0.0482252
22	-4.31713	-4.32862	-4.37513	-4.67261	0.27525	0.272106	0.259739	0.192904	0.0461349
23	-4.31713	-4.32862	-4.37513	-4.67261	0.27525	0.272106	0.259739	0.192904	0.0461349
24	-4.52181	-4.53281	-4.57733	-4.862	0.274221	0.271222	0.259412	0.195145	0.0465246
25	-4.06304	-4.07386	-4.11769	-4.39778	0.273856	0.270906	0.259289	0.195949	0.0466643
26	-4.31713	-4.32862	-4.37513	-4.67261	0.27525	0.272106	0.259739	0.192904	0.0461349
27	-14.3723	-14.3791	-14.4068	-14.5836	0.265337	0.26353	0.256341	0.214791	0.0499366
28	-14.8821	-13.5597	-12.2247	-10.7665	0.0124529	0.0467263	0.177571	0.76325	0.14538
29	-3.75566	-3.76639	-3.80983	-4.08748	0.273657	0.270736	0.259226	0.196381	0.0467395
30	-3.94083	-3.95016	-3.98795	-4.22965	0.270721	0.268206	0.258262	0.202811	0.0478572
31	-4.49841	-4.5078	-4.54582	-4.78906	0.270847	0.268315	0.258305	0.202533	0.047809
32	-8.30431	-8.31199	-8.34308	-8.54193	0.267177	0.265134	0.257019	0.21067	0.0492218
33	-7.185	-7.19489	-7.23493	-7.49071	0.271883	0.269207	0.258641	0.200269	0.0474153
34	-18.4156	-17.0904	-15.7437	-14.2121	0.0116072	0.0436781	0.167922	0.776792	0.147524
35	-4.86111	-4.87346	-4.92341	-5.24216	0.276971	0.273573	0.260244	0.189212	0.0454915
36	-7.85556	-7.86729	-7.91478	-8.21843	0.275747	0.272531	0.259892	0.191831	0.045948
37	-12.9901	-13.0007	-13.0439	-13.3198	0.273518	0.270615	0.259175	0.196691	0.0467933
38	-5.10336	-5.11181	-5.14603	-5.36506	0.26885	0.266587	0.257619	0.206944	0.0485752
39	-14.8713	-14.8768	-14.8992	-15.0423	0.262482	0.261035	0.25526	0.221223	0.0510515
40	-7.5706	-7.58186	-7.62743	-7.91848	0.274744	0.271668	0.259567	0.19402	0.0463287
41	-11.6071	-11.615	-11.6469	-11.8508	0.267606	0.265503	0.257159	0.209731	0.0490586
42	-4.06304	-4.07386	-4.11769	-4.39778	0.273856	0.270906	0.259289	0.195949	0.0466643
43	-7.44385	-7.45225	-7.48624	-7.70352	0.268714	0.266466	0.257559	0.20726	0.0486298
44	-10.8753	-10.8873	-10.9361	-11.2473	0.276368	0.273058	0.260061	0.190514	0.0457182
45	-7.15411	-7.16471	-7.20762	-7.48168	0.273372	0.270489	0.259127	0.197012	0.0468491
46	-17.3622	-16.0357	-14.6835	-13.1165	0.0112179	0.0422702	0.163401	0.783111	0.148523
47	-4.3918	-4.40082	-4.43734	-4.67092	0.270054	0.26763	0.258033	0.204283	0.0481129
48	-4.65865	-4.66676	-4.69962	-4.9099	0.268126	0.265958	0.257361	0.208555	0.0488548
49	-5.29669	-5.30889	-5.35827	-5.6734	0.276682	0.273326	0.260156	0.189835	0.0456001
50	-8.53051	-8.54176	-8.58729	-8.8784	0.274741	0.271668	0.259576	0.194015	0.0463281
51	-13.2959	-13.3066	-13.3496	-13.6249	0.27346	0.270567	0.259168	0.196805	0.0468133
52	-3.94083	-3.95016	-3.98795	-4.22965	0.270721	0.268206	0.258262	0.202811	0.0478572
53	-4.56611	-4.57848	-4.62857	-4.94822	0.277041	0.273633	0.260267	0.189059	0.0454649
54	-10.739	-10.7521	-10.8054	-11.1455	0.278656	0.275016	0.260759	0.185568	0.0448573
55	-3.70049	-3.71326	-3.76492	-4.09541	0.277881	0.274357	0.260543	0.187219	0.045145
56	-3.76947	-3.78267	-3.83613	-4.17778	0.278772	0.275114	0.260795	0.185319	0.044814
57	-13.5011	-13.5098	-13.5451	-13.7707	0.269399	0.26706	0.257798	0.205742	0.0483662
58	-7.1807	-7.19006	-7.22795	-7.47033	0.270777	0.268254	0.258281	0.202688	0.047836
59	-8.83423	-8.84417	-8.88438	-9.14158	0.27199	0.269302	0.258688	0.200021	0.0473725
60	-28.2228	-28.2326	-28.2724	-28.5263	0.271737	0.269081	0.258593	0.200589	0.047471
61	-9.10343	-9.1121	-9.14721	-9.37187	0.269316	0.266991	0.257781	0.205912	0.0483959
62	-3.76346	-3.77436	-3.8185	-4.1006	0.274018	0.271046	0.259342	0.195595	0.0466027
63	-3.70049	-3.71326	-3.76492	-4.09541	0.277881	0.274357	0.260543	0.187219	0.045145
64	-5.37097	-5.38005	-5.4168	-5.65172	0.270169	0.267727	0.258066	0.204037	0.0480702
65	-21.8594	-21.8689	-21.9076	-22.1543	0.271144	0.268569	0.258394	0.201893	0.0476975
66	-7.98038	-7.98996	-8.02872	-8.27667	0.271234	0.268649	0.258435	0.201682	0.0476611
67	-3.70049	-3.71326	-3.76492	-4.09541	0.277881	0.274357	0.260543	0.187219	0.045145
68	-6.13499	-6.14259	-6.17338	-6.36996	0.266998	0.264974	0.256941	0.211087	0.0492939
69	-4.53823	-4.54684	-4.58166	-4.80438	0.26916	0.266855	0.257721	0.206264	0.048457
70	-4.46416	-4.47824	-4.53524	-4.89943	0.280545	0.276622	0.261296	0.181537	0.0441546
71	-10.1396	-10.1499	-10.1918	-10.4594	0.272843	0.270034	0.258958	0.198165	0.0470496
72	-15.0059	-13.6845	-12.3535	-10.9215	0.0127639	0.0478461	0.181101	0.758289	0.144595
73	-5.10964	-5.11823	-5.153	-5.37554	0.26914	0.266839	0.257721	0.2063	0.0484633
74	-10.2242	-10.2334	-10.2705	-10.5075	0.270348	0.267882	0.258126	0.203644	0.0480017
75	-7.95872	-7.96792	-8.00515	-8.24307	0.270418	0.267942	0.25815	0.20349	0.0479751
76	-4.66709	-4.67534	-4.70873	-4.92238	0.268406	0.266201	0.25746	0.207933	0.0487468
77	-8.89811	-8.90863	-8.9512	-9.22343	0.273213	0.270356	0.259089	0.197342	0.0469068
78	-10.7446	-10.7555	-10.7994	-11.08	0.2739	0.270943	0.259297	0.19586	0.0466486
79	-11.1606	-11.1718	-11.2171	-11.5069	0.274637	0.271576	0.259532	0.194255	0.0463695
80	-4.47077	-4.48181	-4.5265	-4.81187	0.274289	0.271277	0.25942	0.195015	0.0465017
81	-15.3445	-14.0226	-12.689	-11.2397	0.0125602	0.0471112	0.178766	0.761563	0.145113
82	-10.4793	-10.487	-10.5182	-10.7175	0.267214	0.265165	0.257032	0.210589	0.0492077
83	-4.50853	-4.51807	-4.5567	-4.80384	0.271167	0.268591	0.258413	0.201829	0.0476866
84	-3.76947	-3.78267	-3.83613	-4.17778	0.278771	0.275114	0.260795	0.18532	0.044814
85	-4.57004	-4.57703	-4.60532	-4.78639	0.265687	0.263837	0.256477	0.213999	0.0497993
86	-4.07126	-4.08227	-4.1268	-4.41139	0.274219	0.271219	0.259405	0.195157	0.0465265
87	-9.01298	-9.02397	-9.0685	-9.35318	0.274222	0.271223	0.259412	0.195144	0.0465244
88	-5.10964	-5.11823	-5.153	-5.37554	0.26914	0.266839	0.257721	0.2063	0.0484633
89	-12.6462	-12.6586	-12.709	-13.0303	0.277172	0.273746	0.260307	0.188774	0.0454155
90	-32.4454	-29.7851	-27.052	-23.7337	0.000158512	0.00226673	0.0348634	0.962711	0.176936
91	-4.78861	-4.7983	-4.83752	-5.08839	0.271473	0.268856	0.258515	0.201156	0.0475698
92	-4.46416	-4.47824	-4.53523	-4.89943	0.280545	0.276622	0.261296	0.181537	0.0441546
93	-18.8175	-17.4926	-16.1473	-14.6235	0.0116969	0.0440015	0.168947	0.775354	0.147296
94	-4.41621	-4.42548	-4.46301	-4.70302	0.270584	0.268087	0.258212	0.203116	0.0479103
95	-4.80507	-4.81672	-4.8639	-5.16559	0.275589	0.272396	0.259844	0.192171	0.0460072
96	-5.0075	-5.0152	-5.0464	-5.24595	0.267235	0.265184	0.25704	0.210541	0.0491995
97	-4.53823	-4.54684	-4.58166	-4.80438	0.26916	0.266855	0.257721	0.206264	0.048457
98	-25.3667	-24.0451	-22.7129	-21.2734	0.0126751	0.047526	0.180088	0.759711	0.14482
99	-26.7117	-24.0516	-21.3192	-18.0058	0.0001594	0.00227905	0.0350283	0.962533	0.176909
100	-8.06208	-8.07277	-8.11604	-8.39257	0.273567	0.270658	0.259196	0.196579	0.0467738
101	-8.25862	-8.26806	-8.30628	-8.55081	0.270952	0.268406	0.25834	0.202301	0.0477687
102	-5.0019	-5.01024	-5.044	-5.26003	0.268602	0.266372	0.257531	0.207495	0.0486709
103	-22.1326	-22.1415	-22.1772	-22.4055	0.269627	0.267256	0.257872	0.205244	0.0482796
104	-4.26572	-4.27595	-4.31733	-4.58201	0.2726	0.269827	0.258888	0.198684	0.0471401
105	-8.10347	-8.11199	-8.14646	-8.367	0.268978	0.266697	0.257659	0.206665	0.0485267
106	-4.40037	-4.40954	-4.44664	-4.68398	0.270363	0.267896	0.258139	0.203601	0.0479946
107	-4.53823	-4.54684	-4.58166	-4.80438	0.26916	0.266855	0.257721	0.206264	0.048457
108	-16.0148	-16.0278	-16.0804	-16.4161	0.278308	0.274717	0.260651	0.186323	0.0449887
109	-4.50853	-4.51807	-4.55671	-4.80385	0.271167	0.268592	0.258413	0.201829	0.0476866
110	-9.08256	-9.09026	-9.12147	-9.32103	0.267237	0.265186	0.257039	0.210538	0.0491988
111	-7.1921	-7.20147	-7.23938	-7.48163	0.270773	0.26825	0.258271	0.202706	0.0478388
112	-4.07127	-4.08227	-4.1268	-4.41139	0.274219	0.271219	0.259405	0.195157	0.0465265
113	-3.70049	-3.71326	-3.76492	-4.09541	0.277881	0.274357	0.260543	0.187219	0.045145
114	-16.3104	-14.9886	-13.656	-12.2136	0.0126409	0.0474024	0.179693	0.760263	0.144907
115	-17.159	-17.1706	-17.2175	-17.5171	0.275427	0.272257	0.259794	0.192522	0.0460682
116	-30.9831	-28.3268	-25.6097	-22.394	0.00017847	0.00254206	0.038477	0.958802	0.176339
117	-9.32303	-9.33075	-9.36199	-9.56182	0.26726	0.265205	0.257047	0.210488	0.0491902
118	-25.7521	-23.0942	-20.3706	-17.1132	0.000170065	0.00242627	0.0369652	0.960438	0.176589
119	-13.9253	-13.9343	-13.9706	-14.203	0.269962	0.267547	0.257994	0.204497	0.04815
120	-25.2345	-23.9097	-22.5647	-21.0434	0.011724	0.0440998	0.169267	0.774909	0.147226
121	-6.11669	-6.12634	-6.16541	-6.41502	0.271378	0.268771	0.258474	0.201377	0.047608
122	-15.4116	-14.0862	-12.7389	-11.2031	0.0115617	0.0435135	0.167394	0.777531	0.14764
123	-24.7192	-22.0585	-19.3239	-15.996	0.000156754	0.00224246	0.0345442	0.963057	0.176989
124	-8.3333	-8.34428	-8.38872	-8.6727	0.274171	0.271177	0.259389	0.195264	0.0465451
125	-8.35477	-8.36355	-8.39909	-8.62642	0.269539	0.267184	0.257856	0.205421	0.0483107
126	-4.6671	-4.67534	-4.70873	-4.92238	0.268406	0.266201	0.25746	0.207932	0.0487467
127	-4.80507	-4.81672	-4.8639	-5.1656	0.275589	0.272396	0.259844	0.192171	0.0460072
128	-5.0075	-5.01521	-5.0464	-5.24595	0.267235	0.265184	0.25704	0.210541	0.0491994
129	-4.50853	-4.51807	-4.55671	-4.80385	0.271167	0.268592	0.258413	0.201829	0.0476866
130	-3.9488	-3.95829	-3.99668	-4.24226	0.271039	0.268481	0.25837	0.20211	0.0477354
131	-12.6016	-12.6131	-12.6595	-12.9558	0.275172	0.272035	0.2597	0.193093	0.0461674
132	-7.42057	-7.43124	-7.4744	-7.75017	0.273507	0.270606	0.259175	0.196711	0.0467968
133	-8.91532	-8.92445	-8.9614	-9.19778	0.270284	0.267828	0.258112	0.203775	0.0480247
134	-5.36649	-5.37395	-5.40416	-5.5973	0.266703	0.264721	0.256844	0.211732	0.049406
135	-10.0044	-10.0126	-10.0456	-10.2565	0.268191	0.266011	0.257365	0.208433	0.0488332
136	-7.16471	-7.17442	-7.21371	-7.46472	0.271492	0.26887	0.258512	0.201126	0.0475642
137	-5.21787	-5.2279	-5.2685	-5.52818	0.272193	0.269477	0.258755	0.199576	0.0472951
138	-5.10964	-5.11823	-5.153	-5.37555	0.26914	0.266839	0.257721	0.2063	0.0484633
139	-8.82682	-8.83627	-8.87455	-9.11938	0.270978	0.268428	0.258349	0.202245	0.047759
140	-10.0744	-10.0839	-10.122	-10.3658	0.270903	0.26836	0.258311	0.202426	0.0477902
141	-7.75801	-7.76994	-7.81824	-8.12711	0.276164	0.272888	0.260021	0.190928	0.0457908
142	-3.9488	-3.95829	-3.99668	-4.24226	0.271039	0.268481	0.25837	0.20211	0.0477354
143	-4.72668	-4.73607	-4.77406	-5.01699	0.270825	0.268295	0.258293	0.202586	0.0478181
144	-14.8799	-14.891	-14.9358	-15.2227	0.274399	0.271375	0.259468	0.194758	0.0464573
145	-3.83143	-3.84235	-3.88655	-4.16923	0.274059	0.271083	0.259361	0.195496	0.0465857
146	-5.64955	-5.6567	-5.68566	-5.87095	0.266042	0.264146	0.256607	0.213205	0.0496616
147	-4.58154	-4.59411	-4.64499	-4.96979	0.27745	0.273983	0.26039	0.188177	0.0453115
148	-13.9863	-12.6614	-11.3161	-9.79275	0.0117009	0.044016	0.168997	0.775286	0.147285
149	-5.10964	-5.11823	-5.153	-5.37555	0.26914	0.266839	0.257721	0.2063	0.0484633
150	-14.1253	-14.1342	-14.1705	-14.4019	0.269888	0.267483	0.257965	0.204664	0.0481789
151	-15.6619	-14.3373	-12.9928	-11.4753	0.0117659	0.044251	0.169747	0.774236	0.147119
152	-9.52911	-9.54316	-9.60005	-9.96351	0.280488	0.276574	0.26128	0.181659	0.0441758
153	-12.6777	-12.69	-12.7402	-13.0601	0.277061	0.27365	0.260271	0.189017	0.0454577
154	-4.6671	-4.67534	-4.70873	-4.92238	0.268406	0.266201	0.25746	0.207932	0.0487467
155	-3.70049	-3.71326	-3.76492	-4.09541	0.277881	0.274357	0.260543	0.187219	0.045145
156	-5.37097	-5.38005	-5.4168	-5.65172	0.270169	0.267727	0.258066	0.204037	0.0480702
157	-8.87471	-8.88384	-8.92078	-9.15712	0.270281	0.267825	0.258111	0.203782	0.0480261
158	-6.91725	-6.93034	-6.98333	-7.32183	0.278528	0.274905	0.260717	0.18585	0.0449063
159	-3.9488	-3.95829	-3.99668	-4.24226	0.271039	0.268481	0.25837	0.20211	0.0477354
160	-7.50274	-7.51213	-7.55013	-7.79323	0.270836	0.268305	0.258301	0.202558	0.0478134
161	-11.0746	-11.0841	-11.1223	-11.3663	0.270926	0.26838	0.258318	0.202377	0.0477815
162	-4.84982	-4.85681	-4.88514	-5.06635	0.265701	0.263848	0.25648	0.213971	0.0497944
163	-7.19473	-7.20476	-7.2454	-7.50497	0.272193	0.269474	0.258744	0.19959	0.0472973
164	-3.70049	-3.71326	-3.76492	-4.09541	0.277881	0.274357	0.260543	0.187219	0.045145
165	-7.5375	-7.54534	-7.57709	-7.78023	0.267533	0.265444	0.257148	0.209875	0.0490838
166	-11.2829	-11.2922	-11.3302	-11.573	0.270818	0.268288	0.258285	0.202609	0.047822
167	-11.7315	-11.7423	-11.7859	-12.0643	0.273728	0.270796	0.259243	0.196233	0.0467136
168	-5.20909	-5.2167	-5.24749	-5.44455	0.267026	0.265002	0.256966	0.211006	0.0492801
169	-8.44368	-8.45202	-8.48577	-8.70177	0.268601	0.26637	0.257528	0.2075	0.0486717
170	-9.7847	-9.79234	-9.82325	-10.021	0.267085	0.265054	0.256986	0.210874	0.0492573
171	-14.3069	-14.3187	-14.3666	-14.672	0.2759	0.272659	0.259925	0.191517	0.045893
172	-4.84982	-4.85681	-4.88514	-5.06635	0.265701	0.263848	0.25648	0.213971	0.0497944
173	-5.37097	-5.38005	-5.4168	-5.65172	0.270169	0.267727	0.258066	0.204037	0.0480702
174	-7.9138	-7.92344	-7.96245	-8.21196	0.271362	0.26876	0.258476	0.201401	0.0476124
175	-3.99114	-4.00295	-4.05073	-4.3563	0.2759	0.272662	0.25994	0.191498	0.0458901
176	-17.6736	-16.3512	-15.0158	-13.5559	0.0124317	0.0466507	0.177345	0.763573	0.145431
177	-4.72668	-4.73607	-4.77406	-5.01699	0.270825	0.268295	0.258293	0.202586	0.0478181
178	-3.9488	-3.95829	-3.99668	-4.24226	0.271039	0.268481	0.25837	0.20211	0.0477354
179	-7.83358	-7.84073	-7.86966	-8.05479	0.266029	0.264135	0.256601	0.213235	0.0496668
180	-16.5298	-15.2035	-13.8523	-12.2918	0.0112881	0.0425245	0.164226	0.781961	0.148341
181	-4.84982	-4.85681	-4.88514	-5.06635	0.265701	0.263848	0.25648	0.213971	0.0497944
182	-6.11669	-6.12634	-6.16541	-6.41502	0.271378	0.268771	0.258474	0.201377	0.047608
183	-11.0058	-11.0127	-11.0409	-11.2209	0.265605	0.263765	0.256446	0.214184	0.0498313
184	-14.7022	-14.7119	-14.7508	-14.9996	0.271317	0.268717	0.258446	0.20152	0.0476326
185	-3.9488	-3.95828	-3.99667	-4.24226	0.271039	0.268481	0.25837	0.20211	0.0477355
186	-10.9718	-10.9826	-11.0263	-11.3054	0.273772	0.270834	0.259263	0.196131	0.046696
187	-4.87731	-4.88985	-4.9406	-5.26448	0.277379	0.273922	0.260367	0.188332	0.0453384
188	-9.66419	-9.6767	-9.72734	-10.0505	0.277322	0.273874	0.26035	0.188454	0.0453596
189	-4.96635	-4.97694	-5.01981	-5.29395	0.273369	0.270489	0.259138	0.197003	0.0468478
190	-4.87731	-4.88985	-4.9406	-5.26448	0.277379	0.273922	0.260367	0.188332	0.0453384
191	-4.07126	-4.08227	-4.1268	-4.41139	0.274219	0.271219	0.259405	0.195157	0.0465265
192	-17.2481	-17.2587	-17.3016	-17.5754	0.273351	0.270471	0.259119	0.197059	0.0468571
193	-12.3957	-12.4028	-12.4317	-12.6165	0.266001	0.26411	0.256591	0.213298	0.0496777
194	-9.48193	-9.49133	-9.52938	-9.77279	0.270861	0.268327	0.258309	0.202503	0.0478038
195	-10.4382	-10.4481	-10.4884	-10.7457	0.272001	0.269311	0.25869	0.199998	0.0473685
196	-4.47077	-4.48181	-4.5265	-4.81187	0.274289	0.271277	0.25942	0.195015	0.0465017
197	-5.31322	-5.32561	-5.37579	-5.69599	0.277086	0.273672	0.260279	0.188964	0.0454483
198	-4.53823	-4.54684	-4.58166	-4.80438	0.26916	0.266855	0.257721	0.206264	0.048457
199	-5.0075	-5.01521	-5.0464	-5.24595	0.267235	0.265184	0.25704	0.210541	0.0491995
200	-12.2059	-12.2148	-12.2509	-12.4818	0.269832	0.267437	0.257956	0.204775	0.0481985
201	-10.6293	-10.6393	-10.6799	-10.9391	0.272158	0.269445	0.258737	0.199659	0.0473094
202	-8.42583	-8.43636	-8.47897	-8.75152	0.273238	0.270377	0.259098	0.197287	0.0468972
203	-15.2617	-15.2721	-15.3138	-15.5809	0.272794	0.269993	0.258947	0.198266	0.0470672
204	-3.76346	-3.77436	-3.8185	-4.1006	0.274017	0.271046	0.259342	0.195595	0.0466027
205	-19.0655	-19.0765	-19.121	-19.4055	0.274204	0.271207	0.259405	0.195184	0.0465314
206	-29.0703	-29.0799	-29.1187	-29.3665	0.271233	0.268646	0.258424	0.201697	0.0476634
207	-3.76947	-3.78267	-3.83613	-4.17778	0.278771	0.275114	0.260795	0.18532	0.044814
208	-12.2316	-12.2411	-12.2793	-12.5235	0.27093	0.268385	0.258325	0.202359	0.0477787
209	-8.23398	-8.2463	-8.29619	-8.61469	0.276946	0.273554	0.260241	0.189258	0.0454998
210	-29.4872	-29.4995	-29.5493	-29.8671	0.276901	0.273514	0.260222	0.189363	0.0455179
211	-4.26572	-4.27595	-4.31733	-4.58201	0.2726	0.269827	0.258888	0.198685	0.0471401
212	-5.0075	-5.01521	-5.0464	-5.24595	0.267235	0.265184	0.25704	0.210541	0.0491995
213	-15.1847	-13.8614	-12.5225	-11.0401	0.0121692	0.045705	0.174357	0.767769	0.146095
214	-9.16155	-9.17126	-9.21056	-9.46198	0.271516	0.268893	0.258531	0.201059	0.047553
215	-4.46416	-4.47824	-4.53524	-4.89943	0.280545	0.276622	0.261296	0.181537	0.0441546
216	-3.99114	-4.00295	-4.05073	-4.3563	0.2759	0.272662	0.25994	0.191498	0.0458901
217	-3.99114	-4.00295	-4.05073	-4.3563	0.2759	0.272662	0.25994	0.191498	0.0458901
218	-6.22872	-6.2374	-6.27257	-6.49732	0.269331	0.267002	0.257777	0.20589	0.0483919
219	-4.50853	-4.51807	-4.5567	-4.80384	0.271167	0.268592	0.258413	0.201829	0.0476866
220	-4.84982	-4.85681	-4.88513	-5.06635	0.265701	0.263848	0.25648	0.213971	0.0497944
221	-4.26572	-4.27595	-4.31733	-4.58201	0.2726	0.269827	0.258888	0.198685	0.0471401
222	-14.5971	-14.6082	-14.6531	-14.94	0.274402	0.271377	0.259468	0.194754	0.0464566
223	-18.8827	-18.8933	-18.9358	-19.2077	0.273194	0.270336	0.259072	0.197398	0.0469162
224	-5.52815	-5.53608	-5.56819	-5.7737	0.267729	0.265614	0.25722	0.209438	0.049008
225	-9.74004	-9.74972	-9.7889	-10.0393	0.271439	0.268824	0.258494	0.201242	0.0475845
226	-8.54076	-8.54888	-8.58178	-8.79228	0.268145	0.265975	0.257367	0.208514	0.0488477
227	-8.55898	-8.56857	-8.60741	-8.85579	0.27127	0.26868	0.258446	0.201604	0.0476475
228	-3.83143	-3.84235	-3.88655	-4.16923	0.274059	0.271083	0.259361	0.195496	0.0465858
229	-4.58153	-4.59411	-4.64499	-4.96979	0.27745	0.273983	0.26039	0.188178	0.0453115
230	-4.72668	-4.73606	-4.77406	-5.01699	0.270825	0.268295	0.258293	0.202586	0.0478181
231	-9.64189	-9.65405	-9.70323	-10.0172	0.276585	0.273244	0.260129	0.190043	0.0456363
232	-5.10964	-5.11823	-5.153	-5.37555	0.26914	0.266839	0.257721	0.2063	0.0484633
316	-4.84982	-4.85681	-4.88514	-5.06635	0.265701	0.263848	0.25648	0.213971	0.0497944
317	-5.38979	-5.39836	-5.43302	-5.65455	0.269066	0.266772	0.257683	0.206479	0.0484943
318	-9.22624	-9.23327	-9.26174	-9.44391	0.265781	0.263918	0.25651	0.213791	0.0497633
319	-19.736	-19.7459	-19.786	-20.042	0.271904	0.269225	0.258649	0.200222	0.0474072
320	-6.92802	-6.93782	-6.97751	-7.23116	0.271706	0.269055	0.258586	0.200654	0.0474823
321	-7.82107	-7.82992	-7.86574	-8.09484	0.269686	0.26731	0.257905	0.205099	0.0482546
322	-9.38661	-9.3975	-9.4416	-9.72362	0.274005	0.271037	0.259344	0.195614	0.0466062
323	-3.70049	-3.71326	-3.76492	-4.09541	0.277881	0.274357	0.260543	0.187219	0.045145
324	-5.0075	-5.01521	-5.0464	-5.24595	0.267235	0.265184	0.25704	0.210541	0.0491994
325	-4.84982	-4.85681	-4.88513	-5.06635	0.265701	0.263848	0.25648	0.213971	0.0497944
326	-9.48775	-9.49633	-9.53106	-9.75323	0.269113	0.266814	0.257706	0.206366	0.0484747
327	-3.70049	-3.71326	-3.76492	-4.09541	0.277881	0.274357	0.260543	0.187219	0.045145
328	-5.10964	-5.11823	-5.153	-5.37555	0.26914	0.266839	0.257721	0.2063	0.0484633
329	-18.9487	-18.9581	-18.9963	-19.2399	0.270895	0.268352	0.258302	0.202451	0.0477943
330	-8.25611	-8.26462	-8.29904	-8.51913	0.268944	0.266667	0.257644	0.206745	0.0485404
331	-8.55292	-8.56306	-8.60408	-8.86638	0.272408	0.269662	0.258823	0.199107	0.0472135
332	-20.1891	-20.2004	-20.2463	-20.5393	0.274903	0.271802	0.259608	0.193687	0.0462706
333	-6.80485	-6.81532	-6.85767	-7.1283	0.27309	0.270248	0.259041	0.197621	0.0469551
334	-8.63566	-8.64379	-8.67671	-8.88727	0.268151	0.26598	0.257368	0.208501	0.0488453
335	-11.0082	-11.0171	-11.0534	-11.2849	0.269896	0.267491	0.25797	0.204643	0.0481753
336	-4.84982	-4.85681	-4.88513	-5.06635	0.265701	0.263848	0.25648	0.213971	0.0497944
337	-7.16471	-7.17442	-7.2137	-7.46472	0.271492	0.26887	0.258512	0.201126	0.0475642
338	-14.7865	-13.4613	-12.1147	-10.5831	0.0116084	0.0436822	0.167934	0.776776	0.147521
339	-21.8714	-20.546	-19.1984	-17.6607	0.011541	0.0434387	0.167155	0.777865	0.147693
340	-3.76346	-3.77436	-3.8185	-4.1006	0.274018	0.271046	0.259342	0.195595	0.0466027
341	-4.56697	-4.57698	-4.61746	-4.87646	0.272136	0.269428	0.258737	0.199699	0.0473166
342	-11.9567	-11.97	-12.0234	-12.365	0.278769	0.275111	0.260789	0.185332	0.0448161
343	-7.51614	-7.52329	-7.55226	-7.73753	0.266042	0.264145	0.256605	0.213208	0.049662
344	-26.6111	-23.9517	-21.2218	-17.9242	0.000162353	0.00231982	0.0355658	0.961952	0.17682
345	-4.07126	-4.08227	-4.1268	-4.41139	0.274219	0.271219	0.259405	0.195157	0.0465265
346	-9.05861	-9.06943	-9.11325	-9.3934	0.273856	0.270908	0.259295	0.195941	0.0466631
347	-20.2181	-18.8941	-17.5525	-16.0528	0.0119695	0.0449853	0.172077	0.770969	0.146602
348	-20.6483	-20.6591	-20.7025	-20.98	0.273646	0.270727	0.259227	0.196399	0.0467428
349	-9.14292	-9.15505	-9.20413	-9.51808	0.276567	0.273234	0.260147	0.190052	0.0456384
350	-9.61504	-9.62524	-9.66654	-9.93036	0.272539	0.269772	0.258857	0.198832	0.0471655
351	-11.51	-11.519	-11.5558	-11.7907	0.270168	0.267728	0.258073	0.204032	0.0480694
352	-3.70049	-3.71326	-3.76492	-4.09541	0.277881	0.274357	0.260543	0.187219	0.045145
353	-4.32205	-4.33373	-4.38099	-4.68325	0.275633	0.272434	0.259859	0.192073	0.0459903
354	-16.3752	-16.3839	-16.4193	-16.6456	0.269458	0.26711	0.257815	0.205617	0.0483443
355	-25.0683	-22.4122	-19.6961	-16.4864	0.00017969	0.00255885	0.0386953	0.958566	0.176302
356	-18.5654	-18.5766	-18.6219	-18.9113	0.274613	0.271555	0.259524	0.194309	0.0463789
357	-4.58153	-4.59411	-4.64499	-4.96979	0.27745	0.273983	0.26039	0.188177	0.0453115
358	-3.70049	-3.71326	-3.76492	-4.09541	0.277881	0.274357	0.260543	0.187219	0.045145
359	-16.1466	-14.8232	-13.4837	-11.9978	0.0121276	0.045555	0.173883	0.768435	0.146201
360	-4.07126	-4.08227	-4.1268	-4.41139	0.274219	0.271219	0.259405	0.195157	0.0465265
361	-20.8127	-20.8266	-20.883	-21.243	0.280222	0.276347	0.261203	0.182229	0.0442751
362	-26.0757	-26.0857	-26.1259	-26.3826	0.271966	0.269278	0.258667	0.200088	0.0473839
363	-4.84982	-4.85681	-4.88513	-5.06635	0.265701	0.263848	0.25648	0.213971	0.0497944
364	-8.15981	-8.16692	-8.19572	-8.37994	0.265954	0.264069	0.256573	0.213405	0.0496962
365	-19.2459	-19.2548	-19.2909	-19.5218	0.269834	0.267438	0.257952	0.204776	0.0481984
366	-17.6331	-17.6418	-17.6772	-17.903	0.269418	0.267077	0.257806	0.2057	0.0483589
367	-28.1628	-25.5059	-22.7861	-19.5536	0.000175017	0.0024945	0.0378566	0.959474	0.176441
368	-51.9323	-46.6075	-41.1238	-34.3759	2.37031e-08	4.86805e-06	0.00117185	0.998823	0.182452
369	-18.3929	-18.4006	-18.4316	-18.6303	0.267162	0.26512	0.257014	0.210704	0.0492277
370	-4.55022	-4.56239	-4.61165	-4.92601	0.27662	0.273273	0.260139	0.189968	0.0456232
371	-9.73682	-9.74601	-9.78321	-10.021	0.270402	0.267929	0.258146	0.203523	0.0479808
372	-13.1919	-13.202	-13.2432	-13.5057	0.272442	0.269687	0.258819	0.199053	0.0472038
373	-10.0565	-10.0632	-10.0907	-10.2663	0.265228	0.263436	0.256306	0.21503	0.0499781
374	-4.05456	-4.06521	-4.10832	-4.38378	0.273482	0.270585	0.259168	0.196766	0.0468064
375	-5.65743	-5.6657	-5.69916	-5.91302	0.268432	0.266221	0.257459	0.207889	0.0487389
376	-3.93263	-3.94181	-3.97897	-4.21669	0.270394	0.267923	0.25815	0.203533	0.0479826
377	-4.39647	-4.40545	-4.44178	-4.67409	0.269952	0.26754	0.257995	0.204512	0.0481528
378	-17.6912	-17.7003	-17.7369	-17.9711	0.270104	0.267672	0.258049	0.204174	0.0480941
379	-9.78592	-9.79426	-9.82799	-10.0435	0.268569	0.266341	0.257506	0.207584	0.0486859
380	-4.4549	-4.46559	-4.50885	-4.78506	0.273549	0.27064	0.259182	0.196629	0.0467824
381	-13.9655	-12.6403	-11.2937	-9.76261	0.0116136	0.0437008	0.167991	0.776695	0.147508
382	-10.3939	-10.4012	-10.4306	-10.6186	0.266276	0.264349	0.256689	0.212686	0.0495715
383	-18.9839	-18.994	-19.035	-19.2962	0.272335	0.269594	0.258782	0.199288	0.0472447
384	-8.22324	-8.23157	-8.26531	-8.48119	0.268591	0.266362	0.257525	0.207522	0.0486755
385	-8.89624	-8.90558	-8.94338	-9.18469	0.270703	0.268187	0.258239	0.202871	0.0478674
386	-14.1326	-12.8111	-11.4794	-10.043	0.0127124	0.04766	0.180505	0.759122	0.144727
387	-10.5097	-10.5194	-10.5588	-10.81	0.271516	0.268888	0.258509	0.201087	0.0475574
388	-7.55609	-7.56656	-7.6089	-7.87971	0.273099	0.270257	0.259051	0.197594	0.0469505
389	-10.8182	-10.8257	-10.8559	-11.049	0.266702	0.26472	0.256846	0.211732	0.0494059
390	-4.48799	-4.49723	-4.53463	-4.77385	0.270518	0.268031	0.258192	0.203259	0.0479351
391	-4.64996	-4.65794	-4.69026	-4.89707	0.267838	0.265708	0.257258	0.209196	0.048966
392	-12.8037	-12.8141	-12.8566	-13.128	0.273146	0.270297	0.259064	0.197492	0.0469328
393	-7.86986	-7.87814	-7.91169	-8.12626	0.268484	0.266269	0.257486	0.207761	0.0487168
394	-4.83095	-4.83772	-4.86513	-5.04054	0.265213	0.263423	0.256299	0.215064	0.0499841
395	-4.97856	-4.98602	-5.01622	-5.20937	0.266702	0.26472	0.256846	0.211732	0.049406
396	-8.70108	-8.71069	-8.74955	-8.99672	0.271209	0.268616	0.258379	0.201796	0.0476798
397	-8.94506	-8.95555	-8.99803	-9.26952	0.273158	0.270306	0.259064	0.197471	0.0469291
398	-17.7274	-17.7387	-17.7845	-18.0763	0.274814	0.271726	0.259579	0.193881	0.0463043
399	-4.79543	-4.80671	-4.85238	-5.14441	0.274813	0.27173	0.2596	0.193856	0.0463004
400	-4.84443	-4.85657	-4.9057	-5.21918	0.276551	0.273214	0.260116	0.190119	0.0456495
401	-7.52372	-7.53344	-7.57277	-7.82409	0.271518	0.268892	0.258519	0.201071	0.0475547
402	-3.93263	-3.94181	-3.97897	-4.21669	0.270394	0.267923	0.25815	0.203533	0.0479826
403	-7.50723	-7.51594	-7.55124	-7.77702	0.269411	0.267073	0.25781	0.205706	0.0483601
404	-8.47629	-8.48839	-8.53737	-8.84997	0.276479	0.273153	0.260096	0.190272	0.0456762
405	-4.55022	-4.56239	-4.61165	-4.92601	0.27662	0.273273	0.260139	0.189968	0.0456232
406	-4.70584	-4.71492	-4.7517	-4.98684	0.270186	0.267743	0.258075	0.203997	0.0480632
407	-4.51338	-4.5242	-4.56798	-4.84796	0.273842	0.270896	0.25929	0.195972	0.0466685
408	-7.74936	-7.75925	-7.79927	-8.05501	0.271877	0.269203	0.258643	0.200278	0.0474169
409	-3.74763	-3.75818	-3.80091	-4.07397	0.273286	0.270416	0.259106	0.197192	0.0468805
410	-4.51338	-4.5242	-4.56798	-4.84796	0.273842	0.270896	0.25929	0.195972	0.0466685
411	-4.31205	-4.32336	-4.3691	-4.66168	0.274856	0.271768	0.259615	0.193761	0.0462839
412	-9.08193	-9.09153	-9.13037	-9.37735	0.271196	0.268604	0.258372	0.201829	0.0476855
413	-4.55222	-4.5619	-4.60109	-4.85179	0.271459	0.268843	0.258511	0.201187	0.0475752
414	-11.9553	-11.9649	-12.0037	-12.2517	0.271248	0.268659	0.25843	0.201664	0.0476577
415	-9.8028	-9.8134	-9.85629	-10.1301	0.273356	0.270474	0.25912	0.19705	0.0468556
416	-4.43979	-4.45159	-4.49934	-4.8048	0.275889	0.272653	0.259939	0.191519	0.0458938
417	-3.97848	-3.9899	-4.03616	-4.33194	0.275115	0.271989	0.259695	0.193201	0.0461864
418	-5.19889	-5.20756	-5.24262	-5.46687	0.269287	0.266964	0.257765	0.205984	0.0484083
419	-7.96867	-7.97794	-8.0155	-8.2557	0.270599	0.268101	0.258219	0.203081	0.0479042
420	-4.84443	-4.85657	-4.9057	-5.21918	0.276551	0.273214	0.260116	0.190119	0.0456495
421	-7.47882	-7.48684	-7.51933	-7.72695	0.267912	0.265771	0.257276	0.209041	0.0489389
422	-7.38869	-7.39693	-7.4303	-7.6435	0.268377	0.266174	0.257439	0.20801	0.0487599
423	-8.55289	-8.56645	-8.62133	-8.97191	0.27948	0.275716	0.260993	0.183811	0.044551
424	-4.02452	-4.03746	-4.08983	-4.42452	0.278223	0.274646	0.260632	0.186498	0.0450193
425	-28.8748	-27.5521	-26.2154	-24.7472	0.0123355	0.0463034	0.176239	0.765123	0.145677
426	-14.2763	-12.9512	-11.6051	-10.0771	0.0116483	0.0438263	0.168394	0.776132	0.147419
427	-4.43979	-4.45159	-4.49934	-4.8048	0.275889	0.272653	0.259939	0.191519	0.0458938
428	-4.31205	-4.32336	-4.3691	-4.66168	0.274856	0.271768	0.259615	0.193761	0.0462839
