Sites	Ll_YN98.omega=0.0316112	Ll_YN98.omega=1	Pr_YN98.omega=0.0316112	Pr_YN98.omega=1	mean
1	-3.76315	-5.80113	0.995712	0.00428807	0.0357637
2	-9.46398	-11.4022	0.995264	0.00473572	0.0361972
3	-11.8053	-10.0495	0.839412	0.160588	0.187123
4	-4.47205	-6.08596	0.993462	0.00653802	0.0379425
5	-11.3162	-13.1801	0.994901	0.00509898	0.036549
6	-4.74644	-6.49141	0.99426	0.00573955	0.0371693
7	-3.8234	-5.91713	0.995944	0.00405646	0.0355394
8	-4.56959	-6.35036	0.994461	0.00553883	0.0369749
9	-4.11234	-5.856	0.994253	0.00574704	0.0371766
10	-8.7335	-10.4747	0.994239	0.00576095	0.03719
11	-3.8234	-5.91713	0.995944	0.00405646	0.0355394
12	-4.50161	-6.44645	0.995295	0.00470465	0.0361671
13	-7.01822	-8.73683	0.994108	0.00589197	0.0373169
14	-6.77011	-8.32567	0.993072	0.00692813	0.0383203
15	-3.87078	-5.6125	0.994242	0.00575815	0.0371873
16	-5.02011	-6.25029	0.990433	0.00956702	0.0408758
17	-8.7335	-10.4747	0.994239	0.00576095	0.03719
18	-5.71076	-6.56079	0.98607	0.0139301	0.0451009
19	-11.5743	-13.0867	0.992769	0.00723108	0.0386137
20	-4.11234	-5.856	0.994253	0.00574704	0.0371766
21	-9.53599	-10.9758	0.992228	0.00777192	0.0391374
22	-4.37161	-6.23165	0.994881	0.00511886	0.0365682
23	-4.37161	-6.23165	0.994881	0.00511886	0.0365682
24	-4.56959	-6.35036	0.994461	0.00553883	0.0369749
25	-4.11234	-5.856	0.994253	0.00574704	0.0371766
26	-4.37161	-6.23165	0.994881	0.00511886	0.0365682
27	-14.4406	-15.5451	0.989166	0.0108343	0.042103
28	-12.2284	-10.6285	0.859334	0.140666	0.16783
29	-3.80473	-5.53447	0.994173	0.0058271	0.0372541
30	-3.98035	-5.49568	0.99279	0.00721047	0.0385937
31	-4.53934	-6.06025	0.992829	0.00717067	0.0385552
32	-8.34435	-9.5915	0.990593	0.00940749	0.0407213
33	-7.24018	-8.83027	0.993305	0.00669461	0.0380942
34	-15.7518	-13.715	0.797845	0.202155	0.227376
35	-4.90875	-6.8806	0.99542	0.00457984	0.0360462
36	-7.92135	-9.81938	0.995071	0.00492901	0.0363844
37	-13.0603	-14.7741	0.994079	0.00592057	0.0373446
38	-5.14186	-6.51709	0.991714	0.00828595	0.0396352
39	-14.9198	-15.8159	0.986688	0.0133116	0.044502
40	-7.63252	-9.43859	0.994599	0.00540121	0.0368416
41	-11.665	-12.9313	0.99077	0.00923029	0.0405497
42	-4.11234	-5.856	0.994253	0.00574704	0.0371766
43	-7.49117	-8.84064	0.9915	0.00850031	0.0398428
44	-10.9335	-12.8584	0.995201	0.00479929	0.0362588
45	-7.21252	-8.91527	0.994014	0.00598552	0.0374075
46	-14.6854	-12.4153	0.757589	0.242411	0.266359
47	-4.42931	-5.89302	0.99241	0.0075896	0.0389609
48	-4.69317	-6.01295	0.991246	0.00875419	0.0400886
49	-5.34334	-7.29214	0.995314	0.00468613	0.0361492
50	-8.59158	-10.4119	0.994675	0.00532512	0.036768
51	-13.3642	-15.0869	0.994132	0.00586811	0.0372938
52	-3.98035	-5.49568	0.99279	0.00721047	0.0385937
53	-4.61455	-6.594	0.995455	0.00454536	0.0360129
54	-10.8101	-12.9267	0.996035	0.00396496	0.0354508
55	-3.76423	-5.83515	0.99585	0.00414968	0.0356297
56	-3.83128	-5.95901	0.996079	0.00392141	0.0354086
57	-13.5473	-14.9526	0.991958	0.0080424	0.0393993
58	-7.23021	-8.74969	0.992819	0.00718085	0.038565
59	-8.89906	-10.5093	0.993438	0.00656181	0.0379656
60	-28.3097	-29.8899	0.993239	0.00676068	0.0381581
61	-9.15266	-10.5621	0.991991	0.00800947	0.0393675
62	-3.81331	-5.57115	0.994333	0.00566662	0.0370987
63	-3.76423	-5.83515	0.99585	0.00414968	0.0356297
64	-5.40047	-6.86489	0.992416	0.00758421	0.0389556
65	-21.9317	-23.4678	0.992937	0.0070628	0.0384507
66	-8.04311	-9.5964	0.993056	0.00694384	0.0383355
67	-3.76423	-5.83515	0.99585	0.00414968	0.0356297
68	-6.15723	-7.37862	0.990349	0.00965062	0.0409567
69	-4.57612	-5.9636	0.991814	0.00818589	0.0395383
70	-4.53009	-6.79534	0.996581	0.00341929	0.0349224
71	-10.1995	-11.8646	0.993786	0.00621413	0.0376289
72	-12.3704	-10.9568	0.880388	0.119612	0.147442
73	-5.14876	-6.54615	0.991894	0.00810581	0.0394608
74	-10.2632	-11.7402	0.99251	0.00748981	0.0388642
75	-7.99951	-9.48217	0.992552	0.00744822	0.0388239
76	-4.70217	-6.04324	0.991429	0.00857138	0.0399116
77	-8.95408	-10.6543	0.993999	0.00600091	0.0374224
78	-10.8136	-12.5549	0.99424	0.00576042	0.0371895
79	-11.2312	-13.0283	0.994551	0.00544942	0.0368883
80	-4.52139	-6.29285	0.99441	0.00559035	0.0370248
81	-12.6917	-11.1306	0.863959	0.136041	0.163352
82	-10.5163	-11.7647	0.990605	0.00939547	0.0407096
83	-4.55011	-6.09559	0.993002	0.00699783	0.0383878
84	-3.83128	-5.959	0.996079	0.00392144	0.0354087
85	-4.6048	-5.73763	0.989465	0.0105348	0.041813
86	-4.12136	-5.89334	0.994413	0.00558744	0.037022
87	-9.08269	-10.8632	0.99446	0.00554005	0.0369761
88	-5.14876	-6.54615	0.991894	0.00810581	0.0394608
89	-12.7263	-14.7167	0.995504	0.00449628	0.0359653
90	-27.0807	-21.3936	0.09301	0.90699	0.90993
91	-4.83062	-6.39871	0.993158	0.00684249	0.0382374
92	-4.53009	-6.79533	0.996581	0.0034193	0.0349224
93	-16.1575	-14.1592	0.803984	0.196016	0.221431
94	-4.45673	-5.95613	0.992674	0.0073255	0.0387051
95	-4.86048	-6.74738	0.995016	0.00498389	0.0364375
96	-5.0348	-6.28485	0.990619	0.00938052	0.0406952
97	-4.57612	-5.96359	0.991814	0.00818591	0.0395383
98	-22.747	-21.2692	0.873463	0.126537	0.154148
99	-21.3229	-15.6831	0.0970717	0.902928	0.905997
100	-8.11175	-9.83497	0.994135	0.00586501	0.0372908
101	-8.30827	-9.84138	0.992916	0.00708436	0.0384716
102	-5.03921	-6.39407	0.991545	0.00845495	0.0397989
103	-22.2282	-23.6471	0.992065	0.00793511	0.0392954
104	-4.30962	-5.96593	0.993732	0.00626833	0.0376814
105	-8.15178	-9.53149	0.991751	0.00824916	0.0395996
106	-4.43848	-5.92585	0.992587	0.00741347	0.0387903
107	-4.57612	-5.9636	0.991814	0.00818588	0.0395383
108	-16.1046	-18.1876	0.9959	0.00409987	0.0355815
109	-4.55011	-6.0956	0.993002	0.00699779	0.0383878
110	-9.11965	-10.3685	0.990608	0.00939174	0.040706
111	-7.24343	-8.75255	0.992745	0.00725504	0.0386369
112	-4.12136	-5.89335	0.994413	0.0055874	0.037022
113	-3.76423	-5.83515	0.99585	0.00414968	0.0356297
114	-13.6611	-12.1575	0.870571	0.129429	0.156949
115	-17.2336	-19.1071	0.994949	0.00505071	0.0365022
116	-25.6256	-20.5924	0.164723	0.835277	0.840485
117	-9.36064	-10.6115	0.990627	0.00937292	0.0406878
118	-20.3884	-15.0917	0.131579	0.868421	0.872581
119	-13.9864	-15.4352	0.992297	0.00770334	0.039071
120	-22.5941	-20.6217	0.808026	0.191974	0.217517
121	-6.14796	-7.7021	0.993062	0.00693795	0.0383298
122	-12.7512	-10.6797	0.792186	0.207814	0.232856
123	-19.3278	-13.5976	0.0894421	0.910558	0.913385
124	-8.39294	-10.16	0.994385	0.0056146	0.0370483
125	-8.4049	-9.82899	0.992106	0.00789392	0.0392556
126	-4.70217	-6.04325	0.991429	0.00857134	0.0399116
127	-4.86048	-6.74739	0.995016	0.00498386	0.0364375
128	-5.03481	-6.28486	0.99062	0.00938047	0.0406951
129	-4.55011	-6.0956	0.993002	0.00699779	0.0383878
130	-3.98895	-5.52878	0.992963	0.00703725	0.038426
131	-12.6775	-14.5189	0.994785	0.00521467	0.036661
132	-7.4788	-9.19271	0.99408	0.00591955	0.0373436
133	-8.96295	-10.4443	0.992542	0.00745795	0.0388334
134	-5.39646	-6.60332	0.99021	0.00979049	0.0410922
135	-10.05	-11.3579	0.991142	0.008858	0.0401892
136	-7.2185	-8.78014	0.993114	0.00688648	0.03828
137	-5.26146	-6.88428	0.99352	0.00648043	0.0378868
138	-5.14876	-6.54615	0.991894	0.00810577	0.0394607
139	-8.87653	-10.4116	0.992929	0.00707051	0.0384582
140	-10.1354	-11.6507	0.992789	0.00721066	0.0385939
141	-7.82485	-9.75584	0.99523	0.00476997	0.0362304
142	-3.98895	-5.52878	0.992963	0.00703725	0.038426
143	-4.76746	-6.28421	0.9928	0.00720034	0.0385839
144	-14.9474	-16.742	0.994537	0.00546284	0.0369013
145	-3.87918	-5.64909	0.994401	0.00559896	0.0370332
146	-5.67616	-6.83871	0.989771	0.0102294	0.0415172
147	-4.63075	-6.64256	0.995599	0.00440122	0.0358733
148	-11.3154	-9.32365	0.805004	0.194996	0.220443
149	-5.14876	-6.54615	0.991894	0.00810577	0.0394607
150	-14.1827	-15.6221	0.992225	0.00777516	0.0391406
151	-13.0046	-11.0508	0.810891	0.189109	0.214742
152	-9.60455	-11.8646	0.996563	0.003437	0.0349395
153	-12.7448	-14.7239	0.995453	0.00454656	0.036014
154	-4.70217	-6.04325	0.991429	0.00857134	0.0399116
155	-3.76423	-5.83515	0.99585	0.00414968	0.0356297
156	-5.40047	-6.86489	0.992416	0.00758421	0.0389556
157	-8.92235	-10.4034	0.99254	0.00745989	0.0388353
158	-6.98805	-9.09041	0.995978	0.00402176	0.0355058
159	-3.98895	-5.52878	0.992963	0.00703725	0.038426
160	-7.55259	-9.07664	0.992852	0.00714832	0.0385335
161	-11.1402	-12.6569	0.992799	0.00720056	0.0385841
162	-4.87666	-6.01391	0.989511	0.0104889	0.0417685
163	-7.25055	-8.86452	0.993462	0.0065376	0.0379421
164	-3.76423	-5.83515	0.99585	0.00414968	0.0356297
165	-7.5788	-8.85346	0.990845	0.00915462	0.0404764
166	-11.344	-12.8554	0.992762	0.00723834	0.0386207
167	-11.8001	-13.5304	0.994176	0.00582386	0.0372509
168	-5.23841	-6.4755	0.990498	0.00950169	0.0408125
169	-8.48893	-9.84385	0.991546	0.00845449	0.0397984
170	-9.83604	-11.0761	0.990527	0.00947349	0.0407852
171	-14.3808	-16.2772	0.995063	0.00493709	0.0363922
172	-4.87666	-6.01391	0.989511	0.0104889	0.0417685
173	-5.40047	-6.86489	0.992416	0.00758421	0.0389556
174	-7.96557	-9.52374	0.99309	0.00691026	0.038303
175	-4.04535	-5.95734	0.995139	0.00486104	0.0363186
176	-15.0261	-13.4334	0.860199	0.139801	0.166992
177	-4.76746	-6.28421	0.9928	0.00720034	0.0385839
178	-3.98895	-5.52878	0.992963	0.00703725	0.038426
179	-7.87122	-9.03223	0.989755	0.0102451	0.0415325
180	-13.8599	-11.6418	0.767022	0.232978	0.257225
181	-4.87666	-6.01391	0.989511	0.0104889	0.0417685
182	-6.14796	-7.7021	0.993062	0.00693795	0.0383298
183	-11.0417	-12.1721	0.989441	0.0105595	0.0418369
184	-14.7762	-16.3198	0.992989	0.00701068	0.0384002
185	-3.98895	-5.52877	0.992963	0.00703727	0.038426
186	-11.0422	-12.7832	0.994238	0.00576207	0.0371911
187	-4.9257	-6.92982	0.995565	0.00443504	0.035906
188	-9.73423	-11.734	0.995546	0.0044544	0.0359248
189	-5.01156	-6.72586	0.994083	0.00591722	0.0373414
190	-4.9257	-6.92982	0.995565	0.00443504	0.035906
191	-4.12136	-5.89334	0.994413	0.00558743	0.037022
192	-17.3291	-19.0276	0.993989	0.00601055	0.0374317
193	-12.4559	-13.6146	0.989731	0.0102687	0.0415553
194	-9.53133	-11.0574	0.992866	0.00713397	0.0385196
195	-10.5025	-12.1126	0.993437	0.0065627	0.0379664
196	-4.52139	-6.29285	0.99441	0.00559034	0.0370248
197	-5.3606	-7.34131	0.99546	0.00453967	0.0360073
198	-4.57612	-5.96359	0.991814	0.00818591	0.0395383
199	-5.03481	-6.28485	0.990619	0.0093805	0.0406952
200	-12.266	-13.7099	0.99226	0.00774045	0.0391069
201	-10.6864	-12.303	0.99348	0.00652045	0.0379255
202	-8.49398	-10.2012	0.994041	0.00595878	0.0373816
203	-15.3339	-17.0013	0.993801	0.00619913	0.0376143
204	-3.81331	-5.57114	0.994333	0.00566664	0.0370987
205	-19.1466	-20.9235	0.99444	0.00556019	0.0369956
206	-29.1888	-30.7309	0.992979	0.00702135	0.0384106
207	-3.83128	-5.95901	0.996079	0.00392143	0.0354086
208	-12.2825	-13.8051	0.992841	0.00715923	0.0385441
209	-8.3046	-10.2797	0.995435	0.00456526	0.0360321
210	-29.6021	-31.5673	0.99539	0.00461035	0.0360758
211	-4.30961	-5.96592	0.993732	0.00626835	0.0376814
212	-5.03481	-6.28485	0.990619	0.0093805	0.0406952
213	-12.5348	-10.7939	0.841406	0.158594	0.185192
214	-9.22498	-10.8002	0.993206	0.00679426	0.0381907
215	-4.53009	-6.79534	0.996581	0.00341929	0.0349224
216	-4.04535	-5.95733	0.995139	0.00486106	0.0363186
217	-4.04535	-5.95733	0.995139	0.00486106	0.0363186
218	-6.25504	-7.65743	0.991934	0.00806571	0.0394219
219	-4.55011	-6.0956	0.993002	0.00699782	0.0383878
220	-4.87666	-6.0139	0.989511	0.0104889	0.0417685
221	-4.30961	-5.96592	0.993732	0.00626835	0.0376814
222	-14.6696	-16.4618	0.994524	0.00547595	0.036914
223	-18.9597	-20.6506	0.993943	0.00605683	0.0374765
224	-5.56348	-6.85312	0.99098	0.00901967	0.0403457
225	-9.78123	-11.34	0.993094	0.00690577	0.0382987
226	-8.5839	-9.90474	0.991255	0.00874505	0.0400798
227	-8.61051	-10.1627	0.993049	0.00695111	0.0383426
228	-3.87918	-5.64909	0.994401	0.00559899	0.0370332
229	-4.63075	-6.64256	0.995599	0.00440124	0.0358733
230	-4.76746	-6.28421	0.9928	0.00720037	0.0385839
231	-9.71056	-11.6541	0.995289	0.00471059	0.0361729
232	-5.14876	-6.54615	0.991894	0.0081058	0.0394607
316	-4.87666	-6.01391	0.989511	0.0104889	0.0417685
317	-5.41633	-6.79751	0.991763	0.00823712	0.0395879
318	-9.26299	-10.4062	0.989573	0.0104271	0.0417087
319	-19.8364	-21.4304	0.993332	0.00666815	0.0380685
320	-6.98096	-8.56024	0.993233	0.00676689	0.0381642
321	-7.87134	-9.30463	0.992178	0.00782218	0.0391861
322	-9.45591	-11.2216	0.994377	0.00562268	0.0370561
323	-3.76423	-5.83515	0.99585	0.00414969	0.0356297
324	-5.03481	-6.28486	0.99062	0.00938049	0.0406951
325	-4.87666	-6.01391	0.989511	0.0104889	0.0417685
326	-9.533	-10.925	0.991851	0.00814939	0.039503
327	-3.76423	-5.83515	0.99585	0.00414969	0.0356297
328	-5.14876	-6.54615	0.991894	0.00810578	0.0394607
329	-19.0211	-20.532	0.992757	0.00724258	0.0386248
330	-8.30135	-9.67764	0.991723	0.00827717	0.0396267
331	-8.60676	-10.2436	0.993609	0.00639063	0.0377998
332	-20.2844	-22.0966	0.994632	0.00536843	0.0368099
333	-6.86295	-8.5475	0.993905	0.00609481	0.0375133
334	-8.6821	-10.001	0.991238	0.00876186	0.0400961
335	-11.0717	-12.5139	0.992247	0.00775323	0.0391193
336	-4.87666	-6.01391	0.989511	0.0104889	0.0417685
337	-7.2185	-8.78014	0.993114	0.00688649	0.03828
338	-12.1239	-10.0863	0.79771	0.20229	0.227507
339	-19.2195	-17.1429	0.791333	0.208667	0.233682
340	-3.81331	-5.57114	0.994333	0.00566663	0.0370987
341	-4.61119	-6.2333	0.993515	0.006485	0.0378912
342	-12.0376	-14.1599	0.996057	0.00394277	0.0354293
343	-7.55374	-8.71561	0.989764	0.0102364	0.041524
344	-21.2339	-15.6857	0.105404	0.894596	0.897928
345	-4.12136	-5.89335	0.994413	0.00558741	0.037022
346	-9.12724	-10.8797	0.994303	0.00569708	0.0371282
347	-17.5751	-15.7259	0.826416	0.173584	0.199708
348	-20.7475	-22.4838	0.99421	0.00578974	0.0372179
349	-9.21057	-11.1758	0.99539	0.00460999	0.0360754
350	-9.68058	-11.3214	0.993634	0.00636565	0.0377756
351	-11.58	-13.0511	0.992466	0.00753364	0.0389067
352	-3.76423	-5.83515	0.99585	0.00414969	0.0356297
353	-4.37741	-6.26755	0.995032	0.00496786	0.036422
354	-16.4591	-17.8662	0.991972	0.00802821	0.0393856
355	-19.7272	-14.727	0.1693	0.8307	0.836051
356	-18.65	-20.4468	0.994549	0.00545113	0.03689
357	-4.63075	-6.64256	0.995599	0.00440123	0.0358733
358	-3.76423	-5.83515	0.99585	0.00414969	0.0356297
359	-13.4965	-11.734	0.838504	0.161496	0.188002
360	-4.12136	-5.89335	0.994413	0.00558741	0.037022
361	-20.907	-23.1439	0.996483	0.0035173	0.0350173
362	-26.2	-27.7961	0.993345	0.00665464	0.0380555
363	-4.87666	-6.01391	0.989511	0.0104889	0.0417685
364	-8.19743	-9.35309	0.989701	0.0102995	0.0415851
365	-19.3389	-20.7821	0.992254	0.00774598	0.0391123
366	-17.715	-19.1227	0.991977	0.00802304	0.0393806
367	-22.8167	-17.6708	0.149792	0.850208	0.854944
368	-41.1661	-29.105	0.000174839	0.999825	0.999831
369	-18.4449	-19.6904	0.990577	0.00942281	0.0407361
370	-4.59788	-6.54398	0.995301	0.00469872	0.0361614
371	-9.7767	-11.2591	0.99255	0.00744983	0.0388255
372	-13.2673	-14.8942	0.993546	0.0064542	0.0378614
373	-10.1039	-11.2058	0.989138	0.0108616	0.0421294
374	-4.10306	-5.81756	0.994084	0.00591606	0.0373402
375	-5.68226	-7.01413	0.99135	0.00864987	0.0399876
376	-3.9715	-5.46165	0.992607	0.00739301	0.0387705
377	-4.43571	-5.88664	0.992314	0.00768642	0.0390546
378	-17.7847	-19.2515	0.992434	0.00756647	0.0389385
379	-9.83384	-11.1751	0.99143	0.00856982	0.0399101
380	-4.50391	-6.21766	0.99408	0.00592047	0.0373445
381	-11.2933	-9.25246	0.79719	0.20281	0.22801
382	-10.4423	-11.6196	0.989919	0.0100813	0.0413738
383	-19.0681	-20.6839	0.993474	0.00652605	0.0379309
384	-8.26791	-9.62318	0.991548	0.0084516	0.0397956
385	-8.95733	-10.4534	0.99265	0.00734957	0.0387284
386	-11.4923	-10.0299	0.875144	0.124856	0.152521
387	-10.5767	-12.131	0.993063	0.0069368	0.0383287
388	-7.61385	-9.30855	0.993966	0.00603365	0.0374541
389	-10.8544	-12.0639	0.990235	0.00976454	0.0410671
390	-4.52825	-6.02389	0.992647	0.00735286	0.0387316
391	-4.68391	-5.9818	0.991054	0.00894621	0.0402746
392	-12.8806	-14.5771	0.993977	0.00602262	0.0374434
393	-7.91421	-9.25935	0.991463	0.00853688	0.0398782
394	-4.85694	-5.95753	0.989124	0.0108763	0.0421436
395	-5.005	-6.21473	0.990237	0.00976267	0.0410652
396	-8.76487	-10.2694	0.992712	0.00728796	0.0386688
397	-8.99326	-10.6857	0.993953	0.00604711	0.0374671
398	-17.8248	-19.6293	0.994591	0.00540936	0.0368495
399	-4.84907	-6.67498	0.994704	0.00529565	0.0367394
400	-4.89129	-6.8299	0.995266	0.00473392	0.0361955
401	-7.578	-9.1422	0.993131	0.00686899	0.038263
402	-3.9715	-5.46165	0.992607	0.00739301	0.0387705
403	-7.55336	-8.96789	0.992031	0.00796911	0.0393284
404	-8.53331	-10.4684	0.99525	0.00475035	0.0362114
405	-4.59788	-6.54398	0.995301	0.00469872	0.0361614
406	-4.74532	-6.21302	0.99244	0.00755956	0.0389318
407	-4.56037	-6.31147	0.994295	0.0057047	0.0371355
408	-7.80423	-9.39703	0.993323	0.00667661	0.0380767
409	-3.7959	-5.49674	0.994003	0.00599695	0.0374186
410	-4.56037	-6.31147	0.994295	0.0057047	0.0371355
411	-4.36564	-6.19473	0.994721	0.00527895	0.0367233
412	-9.14562	-10.6471	0.99269	0.00731039	0.0386905
413	-4.59502	-6.1648	0.993169	0.00683105	0.0382263
414	-12.0207	-13.5649	0.992993	0.00700726	0.0383969
415	-9.85081	-11.5498	0.993992	0.00600775	0.037429
416	-4.49623	-6.40874	0.995141	0.0048585	0.0363161
417	-4.03096	-5.88114	0.994831	0.00516931	0.0366171
418	-5.23184	-6.63594	0.991948	0.00805197	0.0394086
419	-8.0301	-9.53431	0.992709	0.00729055	0.0386713
420	-4.89129	-6.8299	0.995266	0.00473392	0.0361955
421	-7.52447	-8.81455	0.990984	0.00901576	0.0403419
422	-7.43475	-8.7577	0.991273	0.00872676	0.0400621
423	-8.62602	-10.8042	0.996271	0.00372928	0.0352226
424	-4.08495	-6.16713	0.995897	0.0041034	0.0355849
425	-26.2728	-24.6101	0.851568	0.148432	0.175351
426	-11.6155	-9.59996	0.801255	0.198745	0.224074
427	-4.49623	-6.40874	0.995141	0.0048585	0.0363161
428	-4.36564	-6.19473	0.994721	0.00527895	0.0367233
