Sites	Ll_YN98.omega=0.0316276	Ll_YN98.omega=1	Ll_YN98.omega=1.001	Pr_YN98.omega=0.0316276	Pr_YN98.omega=1	Pr_YN98.omega=1.001	mean
1	-3.76319	-5.80117	-inf	0.995716	0.00428427	0	0.0357764
2	-9.46402	-11.4023	-inf	0.995268	0.00473152	0	0.0362095
3	-11.8048	-10.0496	-inf	0.839602	0.160398	0	0.186953
4	-4.47208	-6.086	-inf	0.993468	0.00653225	0	0.0379532
5	-11.3162	-13.1801	-inf	0.994906	0.00509444	0	0.0365609
6	-4.74649	-6.49147	-inf	0.994266	0.00573446	0	0.0371807
7	-3.82344	-5.91719	-inf	0.995947	0.00405284	0	0.0355522
8	-4.56963	-6.35041	-inf	0.994466	0.00553393	0	0.0369865
9	-4.11238	-5.85605	-inf	0.994258	0.00574194	0	0.0371879
10	-8.73351	-10.4747	-inf	0.994244	0.00575586	0	0.0372014
11	-3.82344	-5.91719	-inf	0.995947	0.00405284	0	0.0355522
12	-4.50165	-6.4465	-inf	0.9953	0.00470047	0	0.0361794
13	-7.01824	-8.73686	-inf	0.994113	0.00588674	0	0.0373281
14	-6.77013	-8.3257	-inf	0.993078	0.00692198	0	0.0383306
15	-3.87082	-5.61254	-inf	0.994247	0.00575306	0	0.0371987
16	-5.02015	-6.25033	-inf	0.990441	0.00955859	0	0.0408839
17	-8.73351	-10.4747	-inf	0.994244	0.00575586	0	0.0372014
18	-5.7108	-6.56083	-inf	0.986082	0.0139179	0	0.0451053
19	-11.5743	-13.0867	-inf	0.992775	0.00722469	0	0.0386238
20	-4.11238	-5.85605	-inf	0.994258	0.00574194	0	0.0371879
21	-9.536	-10.9758	-inf	0.992235	0.00776508	0	0.0391471
22	-4.37165	-6.2317	-inf	0.994886	0.00511431	0	0.0365801
23	-4.37165	-6.2317	-inf	0.994886	0.00511431	0	0.0365801
24	-4.56963	-6.35041	-inf	0.994466	0.00553393	0	0.0369865
25	-4.11238	-5.85605	-inf	0.994258	0.00574194	0	0.0371879
26	-4.37165	-6.2317	-inf	0.994886	0.00511431	0	0.0365801
27	-14.4406	-15.5451	-inf	0.989175	0.0108248	0	0.04211
28	-12.2279	-10.6286	-inf	0.859505	0.140495	0	0.167679
29	-3.80477	-5.53452	-inf	0.994178	0.00582193	0	0.0372654
30	-3.98038	-5.49573	-inf	0.992796	0.00720411	0	0.0386038
31	-4.53938	-6.0603	-inf	0.992836	0.00716431	0	0.0385653
32	-8.34437	-9.59152	-inf	0.990601	0.00939922	0	0.0407295
33	-7.2402	-8.8303	-inf	0.993311	0.00668867	0	0.0381047
34	-15.7513	-13.7151	-inf	0.798072	0.201928	0	0.227169
35	-4.9088	-6.88067	-inf	0.995424	0.00457577	0	0.0360586
36	-7.92137	-9.81941	-inf	0.995075	0.00492464	0	0.0363965
37	-13.0603	-14.7741	-inf	0.994085	0.00591532	0	0.0373558
38	-5.14189	-6.51713	-inf	0.991721	0.00827863	0	0.0396444
39	-14.9198	-15.8159	-inf	0.9867	0.0133	0	0.0445069
40	-7.63254	-9.43862	-inf	0.994604	0.0053964	0	0.0368533
41	-11.665	-12.9313	-inf	0.990778	0.00922218	0	0.0405581
42	-4.11238	-5.85605	-inf	0.994258	0.00574194	0	0.0371879
43	-7.49119	-8.84067	-inf	0.991507	0.00849275	0	0.0398517
44	-10.9336	-12.8584	-inf	0.995205	0.00479503	0	0.036271
45	-7.21254	-8.91531	-inf	0.99402	0.00598022	0	0.0374187
46	-14.6849	-12.4153	-inf	0.757847	0.242153	0	0.266122
47	-4.42935	-5.89307	-inf	0.992417	0.0075829	0	0.0389707
48	-4.6932	-6.01299	-inf	0.991254	0.00874648	0	0.0400974
49	-5.34339	-7.29221	-inf	0.995318	0.00468197	0	0.0361615
50	-8.5916	-10.4119	-inf	0.99468	0.00532041	0	0.0367797
51	-13.3642	-15.0869	-inf	0.994137	0.00586291	0	0.0373051
52	-3.98038	-5.49573	-inf	0.992796	0.00720411	0	0.0386038
53	-4.61461	-6.59406	-inf	0.995459	0.00454132	0	0.0360253
54	-10.8101	-12.9267	-inf	0.996039	0.00396142	0	0.0354637
55	-3.76427	-5.8352	-inf	0.995854	0.00414599	0	0.0356424
56	-3.83133	-5.95907	-inf	0.996082	0.0039179	0	0.0354216
57	-13.5473	-14.9526	-inf	0.991965	0.0080353	0	0.0394087
58	-7.23023	-8.74972	-inf	0.992825	0.00717451	0	0.0385752
59	-8.89906	-10.5093	-inf	0.993444	0.006556	0	0.0379762
60	-28.3096	-29.8898	-inf	0.993245	0.00675469	0	0.0381686
61	-9.15268	-10.5621	-inf	0.991998	0.00800239	0	0.0393769
62	-3.81335	-5.5712	-inf	0.994338	0.00566159	0	0.0371101
63	-3.76427	-5.8352	-inf	0.995854	0.00414599	0	0.0356424
64	-5.40052	-6.86495	-inf	0.992422	0.00757751	0	0.0389654
65	-21.9317	-23.4678	-inf	0.992943	0.00705656	0	0.038461
66	-8.04312	-9.59641	-inf	0.993062	0.00693771	0	0.0383459
67	-3.76427	-5.8352	-inf	0.995854	0.00414599	0	0.0356424
68	-6.15728	-7.37867	-inf	0.990358	0.00964215	0	0.0409648
69	-4.57615	-5.96364	-inf	0.991821	0.00817861	0	0.0395475
70	-4.53014	-6.7954	-inf	0.996584	0.00341623	0	0.0349358
71	-10.1995	-11.8646	-inf	0.993791	0.00620864	0	0.0376399
72	-12.3699	-10.9569	-inf	0.880537	0.119463	0	0.147312
73	-5.14879	-6.54619	-inf	0.991901	0.00809865	0	0.0394701
74	-10.2632	-11.7402	-inf	0.992517	0.00748319	0	0.0388741
75	-7.99955	-9.48221	-inf	0.992558	0.00744163	0	0.0388339
76	-4.7022	-6.04328	-inf	0.991436	0.00856382	0	0.0399206
77	-8.9541	-10.6543	-inf	0.994004	0.00599557	0	0.0374335
78	-10.8136	-12.5549	-inf	0.994245	0.0057553	0	0.0372009
79	-11.2312	-13.0283	-inf	0.994555	0.00544457	0	0.0369
80	-4.52143	-6.2929	-inf	0.994415	0.0055854	0	0.0370363
81	-12.6912	-11.1306	-inf	0.864125	0.135875	0	0.163205
82	-10.5163	-11.7647	-inf	0.990613	0.00938719	0	0.0407179
83	-4.55015	-6.09564	-inf	0.993008	0.00699162	0	0.0383981
84	-3.83133	-5.95906	-inf	0.996082	0.00391793	0	0.0354216
85	-4.60482	-5.73766	-inf	0.989474	0.0105255	0	0.0418202
86	-4.1214	-5.89339	-inf	0.994418	0.00558247	0	0.0370335
87	-9.0827	-10.8633	-inf	0.994465	0.00553515	0	0.0369877
88	-5.14879	-6.54619	-inf	0.991901	0.00809865	0	0.0394701
89	-12.7263	-14.7167	-inf	0.995508	0.00449229	0	0.0359778
90	-27.0796	-21.3936	-inf	0.0931728	0.906827	0	0.909774
91	-4.83066	-6.39876	-inf	0.993164	0.00683641	0	0.0382478
92	-4.53014	-6.7954	-inf	0.996584	0.00341624	0	0.0349358
93	-16.157	-14.1593	-inf	0.804206	0.195794	0	0.221229
94	-4.45677	-5.95617	-inf	0.992681	0.00731902	0	0.0387151
95	-4.86052	-6.74743	-inf	0.995021	0.00497947	0	0.0364496
96	-5.03484	-6.2849	-inf	0.990628	0.00937225	0	0.0407034
97	-4.57615	-5.96364	-inf	0.991821	0.00817862	0	0.0395475
98	-22.7464	-21.2692	-inf	0.873619	0.126381	0	0.154011
99	-21.3219	-15.6831	-inf	0.0972406	0.902759	0	0.905835
100	-8.11178	-9.83502	-inf	0.99414	0.00585981	0	0.0373021
101	-8.30829	-9.84141	-inf	0.992922	0.00707811	0	0.0384818
102	-5.03924	-6.39411	-inf	0.991553	0.00844748	0	0.0398079
103	-22.2282	-23.647	-inf	0.992072	0.00792812	0	0.039305
104	-4.30966	-5.96597	-inf	0.993737	0.00626278	0	0.0376923
105	-8.1518	-9.53152	-inf	0.991758	0.00824187	0	0.0396088
106	-4.43852	-5.9259	-inf	0.992593	0.00740693	0	0.0388002
107	-4.57616	-5.96365	-inf	0.991821	0.0081786	0	0.0395475
108	-16.1046	-18.1876	-inf	0.995904	0.00409621	0	0.0355942
109	-4.55015	-6.09565	-inf	0.993008	0.00699158	0	0.038398
110	-9.11968	-10.3685	-inf	0.990617	0.00938347	0	0.0407143
111	-7.24344	-8.75258	-inf	0.992751	0.00724861	0	0.0386469
112	-4.1214	-5.8934	-inf	0.994418	0.00558244	0	0.0370335
113	-3.76427	-5.8352	-inf	0.995854	0.00414599	0	0.0356424
114	-13.6606	-12.1575	-inf	0.87073	0.12927	0	0.156809
115	-17.2336	-19.1071	-inf	0.994954	0.00504622	0	0.0365142
116	-25.6245	-20.5924	-inf	0.164988	0.835012	0	0.84023
117	-9.36066	-10.6115	-inf	0.990635	0.00936466	0	0.0406961
118	-20.3874	-15.0917	-inf	0.131799	0.868201	0	0.872369
119	-13.9864	-15.4352	-inf	0.992303	0.00769654	0	0.0390807
120	-22.5935	-20.6217	-inf	0.808244	0.191756	0	0.217319
121	-6.14801	-7.70216	-inf	0.993068	0.00693182	0	0.0383402
122	-12.7507	-10.6797	-inf	0.792419	0.207581	0	0.232644
123	-19.3267	-13.5977	-inf	0.0895991	0.910401	0	0.913235
124	-8.39297	-10.1601	-inf	0.99439	0.00560961	0	0.0370598
125	-8.40491	-9.82901	-inf	0.992113	0.00788695	0	0.0392651
126	-4.70221	-6.04329	-inf	0.991436	0.00856378	0	0.0399205
127	-4.86052	-6.74743	-inf	0.995021	0.00497944	0	0.0364495
128	-5.03485	-6.28491	-inf	0.990628	0.00937221	0	0.0407034
129	-4.55015	-6.09565	-inf	0.993008	0.00699158	0	0.038398
130	-3.98899	-5.52882	-inf	0.992969	0.00703104	0	0.0384362
131	-12.6775	-14.519	-inf	0.99479	0.00521005	0	0.0366729
132	-7.47883	-9.19275	-inf	0.994086	0.00591428	0	0.0373548
133	-8.96297	-10.4443	-inf	0.992549	0.00745137	0	0.0388433
134	-5.39649	-6.60336	-inf	0.990218	0.00978187	0	0.0411001
135	-10.05	-11.3579	-inf	0.99115	0.00885022	0	0.0401979
136	-7.21852	-8.78017	-inf	0.99312	0.00688038	0	0.0382904
137	-5.2615	-6.88433	-inf	0.993525	0.00647467	0	0.0378975
138	-5.14879	-6.54619	-inf	0.991901	0.00809861	0	0.0394701
139	-8.87655	-10.4116	-inf	0.992936	0.00706427	0	0.0384684
140	-10.1354	-11.6507	-inf	0.992796	0.00720427	0	0.038604
141	-7.82488	-9.75587	-inf	0.995234	0.00476573	0	0.0362426
142	-3.98899	-5.52882	-inf	0.992969	0.00703104	0	0.0384362
143	-4.7675	-6.28426	-inf	0.992806	0.00719396	0	0.038594
144	-14.9474	-16.742	-inf	0.994542	0.00545801	0	0.036913
145	-3.87922	-5.64914	-inf	0.994406	0.00559401	0	0.0370447
146	-5.67619	-6.83875	-inf	0.98978	0.0102204	0	0.0415248
147	-4.63081	-6.64263	-inf	0.995603	0.00439731	0	0.0358858
148	-11.3149	-9.32368	-inf	0.805226	0.194774	0	0.220242
149	-5.14879	-6.54619	-inf	0.991901	0.00809861	0	0.0394701
150	-14.1828	-15.6221	-inf	0.992232	0.0077683	0	0.0391502
151	-13.0041	-11.0508	-inf	0.811107	0.188893	0	0.214546
152	-9.60459	-11.8647	-inf	0.996566	0.00343392	0	0.0349529
153	-12.7448	-14.724	-inf	0.995457	0.00454252	0	0.0360264
154	-4.70221	-6.04329	-inf	0.991436	0.00856378	0	0.0399205
155	-3.76427	-5.8352	-inf	0.995854	0.00414599	0	0.0356424
156	-5.40052	-6.86495	-inf	0.992422	0.00757751	0	0.0389654
157	-8.92237	-10.4035	-inf	0.992547	0.0074533	0	0.0388452
158	-6.98808	-9.09045	-inf	0.995982	0.00401817	0	0.0355187
159	-3.98899	-5.52882	-inf	0.992969	0.00703104	0	0.0384362
160	-7.55261	-9.07667	-inf	0.992858	0.00714202	0	0.0385437
161	-11.1402	-12.6569	-inf	0.992806	0.00719419	0	0.0385942
162	-4.8767	-6.01395	-inf	0.98952	0.0104797	0	0.0417758
163	-7.25056	-8.86455	-inf	0.993468	0.00653181	0	0.0379528
164	-3.76427	-5.8352	-inf	0.995854	0.00414599	0	0.0356424
165	-7.57882	-8.85348	-inf	0.990853	0.00914657	0	0.0404849
166	-11.344	-12.8554	-inf	0.992768	0.00723193	0	0.0386308
167	-11.8001	-13.5305	-inf	0.994181	0.00581869	0	0.0372622
168	-5.23844	-6.47554	-inf	0.990507	0.00949334	0	0.0408207
169	-8.48895	-9.84388	-inf	0.991553	0.00844703	0	0.0398075
170	-9.83604	-11.0761	-inf	0.990535	0.00946516	0	0.0407934
171	-14.3809	-16.2772	-inf	0.995067	0.00493271	0	0.0364043
172	-4.8767	-6.01395	-inf	0.98952	0.0104797	0	0.0417758
173	-5.40052	-6.86495	-inf	0.992422	0.00757751	0	0.0389654
174	-7.96559	-9.52377	-inf	0.993096	0.00690413	0	0.0383133
175	-4.0454	-5.95739	-inf	0.995143	0.00485673	0	0.0363307
176	-15.0256	-13.4334	-inf	0.860369	0.139631	0	0.166842
177	-4.7675	-6.28426	-inf	0.992806	0.00719396	0	0.038594
178	-3.98899	-5.52882	-inf	0.992969	0.00703104	0	0.0384362
179	-7.87124	-9.03225	-inf	0.989764	0.0102361	0	0.04154
180	-13.8593	-11.6418	-inf	0.767273	0.232727	0	0.256994
181	-4.8767	-6.01395	-inf	0.98952	0.0104797	0	0.0417758
182	-6.14801	-7.70216	-inf	0.993068	0.00693182	0	0.0383402
183	-11.0417	-12.1722	-inf	0.98945	0.0105502	0	0.0418441
184	-14.7762	-16.3198	-inf	0.992996	0.00700448	0	0.0384105
185	-3.98899	-5.52882	-inf	0.992969	0.00703106	0	0.0384363
186	-11.0422	-12.7832	-inf	0.994243	0.00575697	0	0.0372025
187	-4.92576	-6.92989	-inf	0.995569	0.00443111	0	0.0359185
188	-9.73426	-11.734	-inf	0.99555	0.00445045	0	0.0359373
189	-5.0116	-6.72591	-inf	0.994088	0.00591198	0	0.0373526
190	-4.92576	-6.92989	-inf	0.995569	0.00443111	0	0.0359185
191	-4.1214	-5.89339	-inf	0.994418	0.00558246	0	0.0370335
192	-17.329	-19.0276	-inf	0.993995	0.00600522	0	0.0374429
193	-12.4559	-13.6146	-inf	0.98974	0.0102597	0	0.0415628
194	-9.53135	-11.0574	-inf	0.992872	0.00712767	0	0.0385298
195	-10.5025	-12.1127	-inf	0.993443	0.00655689	0	0.0379771
196	-4.52143	-6.2929	-inf	0.994415	0.00558539	0	0.0370363
197	-5.36066	-7.34138	-inf	0.995464	0.00453564	0	0.0360198
198	-4.57615	-5.96364	-inf	0.991821	0.00817862	0	0.0395475
199	-5.03485	-6.2849	-inf	0.990628	0.00937224	0	0.0407034
200	-12.266	-13.7099	-inf	0.992266	0.0077336	0	0.0391166
201	-10.6864	-12.303	-inf	0.993485	0.00651468	0	0.0379362
202	-8.49399	-10.2013	-inf	0.994046	0.00595351	0	0.0373928
203	-15.3339	-17.0013	-inf	0.993806	0.00619365	0	0.0376253
204	-3.81335	-5.57119	-inf	0.994338	0.00566161	0	0.0371101
205	-19.1466	-20.9235	-inf	0.994445	0.00555527	0	0.0370072
206	-29.1887	-30.7308	-inf	0.992985	0.00701514	0	0.0384209
207	-3.83133	-5.95907	-inf	0.996082	0.00391792	0	0.0354216
208	-12.2826	-13.8051	-inf	0.992847	0.0071529	0	0.0385543
209	-8.30463	-10.2797	-inf	0.995439	0.00456121	0	0.0360445
210	-29.602	-31.5672	-inf	0.995394	0.00460625	0	0.0360881
211	-4.30966	-5.96597	-inf	0.993737	0.00626281	0	0.0376923
212	-5.03485	-6.2849	-inf	0.990628	0.00937224	0	0.0407034
213	-12.5343	-10.7939	-inf	0.841594	0.158406	0	0.185023
214	-9.22498	-10.8002	-inf	0.993212	0.00678826	0	0.0382011
215	-4.53014	-6.7954	-inf	0.996584	0.00341623	0	0.0349358
216	-4.04539	-5.95738	-inf	0.995143	0.00485675	0	0.0363307
217	-4.04539	-5.95738	-inf	0.995143	0.00485675	0	0.0363307
218	-6.2551	-7.65749	-inf	0.991941	0.00805859	0	0.0394313
219	-4.55015	-6.09565	-inf	0.993008	0.0069916	0	0.0383981
220	-4.87669	-6.01394	-inf	0.98952	0.0104797	0	0.0417759
221	-4.30966	-5.96597	-inf	0.993737	0.00626281	0	0.0376923
222	-14.6696	-16.4618	-inf	0.994529	0.0054711	0	0.0369256
223	-18.9597	-20.6505	-inf	0.993949	0.00605147	0	0.0374877
224	-5.56351	-6.85316	-inf	0.990988	0.00901172	0	0.0403543
225	-9.78127	-11.3401	-inf	0.9931	0.00689967	0	0.038309
226	-8.58392	-9.90476	-inf	0.991263	0.00873735	0	0.0400886
227	-8.61053	-10.1628	-inf	0.993055	0.00694493	0	0.0383529
228	-3.87922	-5.64914	-inf	0.994406	0.00559404	0	0.0370447
229	-4.63081	-6.64262	-inf	0.995603	0.00439734	0	0.0358858
230	-4.76749	-6.28425	-inf	0.992806	0.00719399	0	0.038594
231	-9.71059	-11.6542	-inf	0.995294	0.00470641	0	0.0361851
232	-5.14879	-6.54619	-inf	0.991901	0.00809864	0	0.0394701
316	-4.8767	-6.01395	-inf	0.98952	0.0104797	0	0.0417758
317	-5.41638	-6.79757	-inf	0.99177	0.00822985	0	0.0395971
318	-9.263	-10.4062	-inf	0.989582	0.010418	0	0.041716
319	-19.8363	-21.4304	-inf	0.993338	0.00666225	0	0.0380791
320	-6.98098	-8.56027	-inf	0.993239	0.00676088	0	0.0381746
321	-7.87136	-9.30466	-inf	0.992185	0.00781527	0	0.0391957
322	-9.45592	-11.2216	-inf	0.994382	0.00561771	0	0.0370676
323	-3.76427	-5.83519	-inf	0.995854	0.004146	0	0.0356425
324	-5.03485	-6.2849	-inf	0.990628	0.00937222	0	0.0407034
325	-4.8767	-6.01394	-inf	0.98952	0.0104797	0	0.0417758
326	-9.53302	-10.925	-inf	0.991858	0.00814221	0	0.0395123
327	-3.76427	-5.83519	-inf	0.995854	0.004146	0	0.0356425
328	-5.14879	-6.54619	-inf	0.991901	0.00809862	0	0.0394701
329	-19.0211	-20.532	-inf	0.992764	0.00723619	0	0.0386349
330	-8.30137	-9.67767	-inf	0.99173	0.00826987	0	0.0396359
331	-8.60678	-10.2437	-inf	0.993615	0.00638496	0	0.0378106
332	-20.2844	-22.0966	-inf	0.994636	0.00536367	0	0.0368216
333	-6.86297	-8.54753	-inf	0.993911	0.00608941	0	0.0375244
334	-8.68211	-10.001	-inf	0.991246	0.00875414	0	0.0401048
335	-11.0717	-12.5139	-inf	0.992254	0.00774638	0	0.039129
336	-4.8767	-6.01394	-inf	0.98952	0.0104797	0	0.0417758
337	-7.21852	-8.78017	-inf	0.99312	0.00688039	0	0.0382904
338	-12.1234	-10.0863	-inf	0.797937	0.202063	0	0.2273
339	-19.219	-17.1429	-inf	0.791565	0.208435	0	0.23347
340	-3.81335	-5.57119	-inf	0.994338	0.0056616	0	0.0371101
341	-4.61123	-6.23335	-inf	0.993521	0.00647925	0	0.0379019
342	-12.0376	-14.1599	-inf	0.996061	0.00393924	0	0.0354422
343	-7.55376	-8.71564	-inf	0.989773	0.0102274	0	0.0415315
344	-21.2328	-15.6857	-inf	0.105586	0.894414	0	0.897753
345	-4.1214	-5.8934	-inf	0.994418	0.00558245	0	0.0370335
346	-9.12725	-10.8797	-inf	0.994308	0.00569204	0	0.0371396
347	-17.5746	-15.7259	-inf	0.826618	0.173382	0	0.199526
348	-20.7475	-22.4837	-inf	0.994215	0.00578462	0	0.0372293
349	-9.21059	-11.1759	-inf	0.995394	0.00460589	0	0.0360878
350	-9.68058	-11.3214	-inf	0.99364	0.00636001	0	0.0377864
351	-11.58	-13.0511	-inf	0.992473	0.00752699	0	0.0389165
352	-3.76427	-5.83519	-inf	0.995854	0.004146	0	0.0356425
353	-4.37745	-6.2676	-inf	0.995037	0.00496344	0	0.036434
354	-16.459	-17.8661	-inf	0.991979	0.00802113	0	0.039395
355	-19.7262	-14.727	-inf	0.169573	0.830427	0	0.835791
356	-18.65	-20.4468	-inf	0.994554	0.0054463	0	0.0369016
357	-4.63081	-6.64263	-inf	0.995603	0.00439732	0	0.0358858
358	-3.76427	-5.83519	-inf	0.995854	0.004146	0	0.0356425
359	-13.4959	-11.734	-inf	0.838696	0.161304	0	0.18783
360	-4.1214	-5.8934	-inf	0.994418	0.00558245	0	0.0370335
361	-20.907	-23.1439	-inf	0.996486	0.00351416	0	0.0350306
362	-26.1999	-27.796	-inf	0.993351	0.00664875	0	0.0380661
363	-4.8767	-6.01394	-inf	0.98952	0.0104797	0	0.0417758
364	-8.19745	-9.35311	-inf	0.98971	0.0102904	0	0.0415925
365	-19.3389	-20.7821	-inf	0.992261	0.00773916	0	0.039122
366	-17.715	-19.1227	-inf	0.991984	0.00801596	0	0.03939
367	-22.8156	-17.6708	-inf	0.150038	0.849962	0	0.854708
368	-41.164	-29.105	-inf	0.000175358	0.999825	0	0.99983
369	-18.4449	-19.6904	-inf	0.990585	0.00941452	0	0.0407443
370	-4.59793	-6.54405	-inf	0.995305	0.00469455	0	0.0361737
371	-9.77673	-11.2592	-inf	0.992557	0.00744325	0	0.0388354
372	-13.2672	-14.8942	-inf	0.993552	0.00644848	0	0.0378721
373	-10.1039	-11.2058	-inf	0.989148	0.010852	0	0.0421364
374	-4.1031	-5.81761	-inf	0.994089	0.00591081	0	0.0373514
375	-5.68231	-7.01419	-inf	0.991358	0.00864224	0	0.0399965
376	-3.97154	-5.4617	-inf	0.992614	0.00738649	0	0.0387805
377	-4.43574	-5.88669	-inf	0.99232	0.00767962	0	0.0390643
378	-17.7846	-19.2514	-inf	0.99244	0.0075598	0	0.0389483
379	-9.83386	-11.1751	-inf	0.991438	0.00856226	0	0.039919
380	-4.50395	-6.21771	-inf	0.994085	0.00591523	0	0.0373557
381	-11.2928	-9.25249	-inf	0.797418	0.202582	0	0.227802
382	-10.4423	-11.6196	-inf	0.989928	0.0100725	0	0.0413815
383	-19.0681	-20.6839	-inf	0.99348	0.00652026	0	0.0379416
384	-8.26793	-9.6232	-inf	0.991556	0.00844416	0	0.0398047
385	-8.95734	-10.4534	-inf	0.992657	0.00734306	0	0.0387384
386	-11.4918	-10.0299	-inf	0.875298	0.124702	0	0.152385
387	-10.5767	-12.131	-inf	0.993069	0.00693067	0	0.0383391
388	-7.61387	-9.30858	-inf	0.993972	0.00602831	0	0.0374652
389	-10.8544	-12.0639	-inf	0.990244	0.00975595	0	0.041075
390	-4.52829	-6.02394	-inf	0.992654	0.00734634	0	0.0387416
391	-4.68394	-5.98184	-inf	0.991062	0.00893833	0	0.0402832
392	-12.8806	-14.5771	-inf	0.993983	0.0060173	0	0.0374546
393	-7.91423	-9.25938	-inf	0.991471	0.00852936	0	0.0398872
394	-4.85697	-5.95756	-inf	0.989133	0.0108667	0	0.0421506
395	-5.00504	-6.21478	-inf	0.990246	0.00975407	0	0.0410732
396	-8.76487	-10.2694	-inf	0.992718	0.00728152	0	0.0386788
397	-8.9933	-10.6858	-inf	0.993958	0.00604176	0	0.0374783
398	-17.8248	-19.6293	-inf	0.994595	0.00540457	0	0.0368612
399	-4.84911	-6.67503	-inf	0.994709	0.00529095	0	0.0367512
400	-4.89135	-6.82996	-inf	0.99527	0.00472972	0	0.0362077
401	-7.57802	-9.14223	-inf	0.993137	0.00686292	0	0.0382734
402	-3.97154	-5.4617	-inf	0.992614	0.00738649	0	0.0387805
403	-7.55338	-8.96792	-inf	0.992038	0.00796209	0	0.0393378
404	-8.53335	-10.4685	-inf	0.995254	0.00474614	0	0.0362236
405	-4.59793	-6.54405	-inf	0.995305	0.00469455	0	0.0361737
406	-4.74535	-6.21307	-inf	0.992447	0.00755287	0	0.0389416
407	-4.56041	-6.31152	-inf	0.9943	0.00569966	0	0.037147
408	-7.80425	-9.39705	-inf	0.993329	0.00667069	0	0.0380873
409	-3.79593	-5.49679	-inf	0.994008	0.00599163	0	0.0374297
410	-4.56041	-6.31152	-inf	0.9943	0.00569966	0	0.037147
411	-4.36568	-6.19478	-inf	0.994726	0.00527426	0	0.036735
412	-9.14562	-10.6471	-inf	0.992696	0.00730393	0	0.0387005
413	-4.59506	-6.16484	-inf	0.993175	0.00682501	0	0.0382367
414	-12.0207	-13.5649	-inf	0.992999	0.00700107	0	0.0384072
415	-9.85085	-11.5499	-inf	0.993998	0.00600243	0	0.0374402
416	-4.49627	-6.40879	-inf	0.995146	0.00485419	0	0.0363282
417	-4.031	-5.88119	-inf	0.994835	0.00516473	0	0.036629
418	-5.23188	-6.63599	-inf	0.991955	0.00804488	0	0.039418
419	-8.0301	-9.53432	-inf	0.992716	0.00728412	0	0.0386813
420	-4.89135	-6.82996	-inf	0.99527	0.00472972	0	0.0362077
421	-7.52449	-8.81458	-inf	0.990992	0.00900776	0	0.0403504
422	-7.43477	-8.75773	-inf	0.991281	0.00871901	0	0.0400708
423	-8.62605	-10.8042	-inf	0.996274	0.00372595	0	0.0352357
424	-4.08499	-6.16718	-inf	0.9959	0.00409973	0	0.0355977
425	-26.2722	-24.6101	-inf	0.851746	0.148254	0	0.175193
426	-11.6149	-9.59997	-inf	0.801479	0.198521	0	0.22387
427	-4.49627	-6.40879	-inf	0.995146	0.00485419	0	0.0363282
428	-4.36568	-6.19478	-inf	0.994726	0.00527426	0	0.036735
